[
  <<|java+class:///net/sourceforge/jsxe/gui/GlobalOptionsDialog|,|java+class:///net/sourceforge/jsxe/gui/OptionsDialog|>,<|project://jsXe-04_beta/src/net/sourceforge/jsxe/gui/GlobalOptionsDialog.java|(2303,19,<69,12>,<69,31>),|java+method:///net/sourceforge/jsxe/gui/OptionsDialog/addOptionPane(net.sourceforge.jsxe.options.OptionPane)|,|java+method:///net/sourceforge/jsxe/gui/GlobalOptionsDialog/getDefaultGroup()|>>,
  <<|java+class:///net/sourceforge/jsxe/gui/GlobalOptionsDialog|,|java+class:///net/sourceforge/jsxe/gui/OptionsDialog|>,<|project://jsXe-04_beta/src/net/sourceforge/jsxe/gui/GlobalOptionsDialog.java|(2626,19,<77,16>,<77,35>),|java+method:///net/sourceforge/jsxe/gui/OptionsDialog/addOptionPane(net.sourceforge.jsxe.options.OptionPane)|,|java+method:///net/sourceforge/jsxe/gui/GlobalOptionsDialog/getDefaultGroup()|>>,
  <<|java+class:///net/sourceforge/jsxe/gui/GlobalOptionsDialog|,|java+class:///net/sourceforge/jsxe/gui/OptionsDialog|>,<|project://jsXe-04_beta/src/net/sourceforge/jsxe/gui/GlobalOptionsDialog.java|(2761,19,<83,12>,<83,31>),|java+method:///net/sourceforge/jsxe/gui/OptionsDialog/addOptionPane(net.sourceforge.jsxe.options.OptionPane)|,|java+method:///net/sourceforge/jsxe/gui/GlobalOptionsDialog/getDefaultGroup()|>>,
  <<|java+class:///net/sourceforge/jsxe/DocumentBuffer|,|java+class:///net/sourceforge/jsxe/dom/XMLDocument|>,<|project://jsXe-04_beta/jars/treeview/src/treeview/action/AddDocTypeAction.java|(10524,43,<282,28>,<282,71>),|java+method:///net/sourceforge/jsxe/dom/XMLDocument/insertText(int,java.lang.String)|,|java+method:///net/sourceforge/jsxe/DocumentBuffer/fireStructureChanged(net.sourceforge.jsxe.dom.AdapterNode)|>>,
  <<|java+class:///gnu/regexp/RETokenBackRef|,|java+class:///gnu/regexp/REToken|>,<|java+project:///|,|java+method:///gnu/regexp/REToken/dumpAll(java.lang.StringBuffer)|,|java+method:///gnu/regexp/RETokenBackRef/dump(java.lang.StringBuffer)|>>,
  <<|java+class:///gnu/regexp/RETokenPOSIX|,|java+class:///gnu/regexp/REToken|>,<|java+project:///|,|java+method:///gnu/regexp/REToken/dumpAll(java.lang.StringBuffer)|,|java+method:///gnu/regexp/RETokenPOSIX/dump(java.lang.StringBuffer)|>>,
  <<|java+class:///net/sourceforge/jsxe/gui/GlobalOptionsDialog|,|java+class:///net/sourceforge/jsxe/gui/OptionsDialog|>,<|java+project:///|,|java+method:///net/sourceforge/jsxe/gui/OptionsDialog/addOptionGroup(net.sourceforge.jsxe.options.OptionGroup)|,|java+method:///net/sourceforge/jsxe/gui/GlobalOptionsDialog/getDefaultGroup()|>>,
  <<|java+class:///gnu/regexp/RE|,|java+class:///gnu/regexp/REToken|>,<|java+project:///|,|java+method:///gnu/regexp/REToken/dumpAll(java.lang.StringBuffer)|,|java+method:///gnu/regexp/RE/dump(java.lang.StringBuffer)|>>,
  <<|java+class:///gnu/regexp/RETokenOneOf|,|java+class:///gnu/regexp/REToken|>,<|java+project:///|,|java+method:///gnu/regexp/REToken/dumpAll(java.lang.StringBuffer)|,|java+method:///gnu/regexp/RETokenOneOf/dump(java.lang.StringBuffer)|>>,
  <<|java+class:///org/syntax/jedit/tokenmarker/XMLTokenMarker|,|java+class:///org/syntax/jedit/tokenmarker/TokenMarker|>,<|java+project:///|,|java+method:///org/syntax/jedit/tokenmarker/TokenMarker/markTokens(javax.swing.text.Segment,int)|,|java+method:///org/syntax/jedit/tokenmarker/XMLTokenMarker/markTokensImpl(byte,javax.swing.text.Segment,int)|>>,
  <<|java+class:///gnu/regexp/RETokenChar|,|java+class:///gnu/regexp/REToken|>,<|java+project:///|,|java+method:///gnu/regexp/REToken/dumpAll(java.lang.StringBuffer)|,|java+method:///gnu/regexp/RETokenChar/dump(java.lang.StringBuffer)|>>,
  <<|java+class:///net/sourceforge/jsxe/DocumentBuffer/DocumentBufferOptionsPanel|,|java+class:///net/sourceforge/jsxe/gui/OptionsPanel|>,<|java+project:///|,|java+method:///net/sourceforge/jsxe/gui/OptionsPanel/toString()|,|java+method:///net/sourceforge/jsxe/DocumentBuffer/DocumentBufferOptionsPanel/getTitle()|>>,
  <<|java+class:///net/sourceforge/jsxe/DocumentBuffer|,|java+class:///net/sourceforge/jsxe/dom/XMLDocument|>,<|java+project:///|,|java+method:///net/sourceforge/jsxe/dom/XMLDocument/syncContentWithDOM()|,|java+method:///net/sourceforge/jsxe/DocumentBuffer/fireStructureChanged(net.sourceforge.jsxe.dom.AdapterNode)|>>,
  <<|java+class:///gnu/regexp/RETokenWordBoundary|,|java+class:///gnu/regexp/REToken|>,<|java+project:///|,|java+method:///gnu/regexp/REToken/dumpAll(java.lang.StringBuffer)|,|java+method:///gnu/regexp/RETokenWordBoundary/dump(java.lang.StringBuffer)|>>,
  <<|java+class:///gnu/regexp/RETokenEndSub|,|java+class:///gnu/regexp/REToken|>,<|java+project:///|,|java+method:///gnu/regexp/REToken/dumpAll(java.lang.StringBuffer)|,|java+method:///gnu/regexp/RETokenEndSub/dump(java.lang.StringBuffer)|>>,
  <<|java+class:///net/sourceforge/jsxe/gui/GlobalOptionsDialog|,|java+class:///net/sourceforge/jsxe/gui/OptionsDialog|>,<|java+project:///|,|java+method:///net/sourceforge/jsxe/gui/OptionsDialog/addOptionPane(net.sourceforge.jsxe.options.OptionPane)|,|java+method:///net/sourceforge/jsxe/gui/GlobalOptionsDialog/getDefaultGroup()|>>,
  <<|java+class:///gnu/regexp/RETokenEnd|,|java+class:///gnu/regexp/REToken|>,<|java+project:///|,|java+method:///gnu/regexp/REToken/dumpAll(java.lang.StringBuffer)|,|java+method:///gnu/regexp/RETokenEnd/dump(java.lang.StringBuffer)|>>,
  <<|java+class:///net/sourceforge/jsxe/gui/GlobalOptionsDialog|,|java+class:///net/sourceforge/jsxe/gui/OptionsDialog|>,<|java+project:///|,|java+method:///net/sourceforge/jsxe/gui/OptionsDialog/init(java.lang.String,java.lang.String)|,|java+method:///net/sourceforge/jsxe/gui/GlobalOptionsDialog/createOptionTreeModel()|>>,
  <<|java+class:///gnu/regexp/RETokenRepeated|,|java+class:///gnu/regexp/REToken|>,<|java+project:///|,|java+method:///gnu/regexp/REToken/dumpAll(java.lang.StringBuffer)|,|java+method:///gnu/regexp/RETokenRepeated/dump(java.lang.StringBuffer)|>>,
  <<|java+class:///gnu/regexp/RETokenLookAhead|,|java+class:///gnu/regexp/REToken|>,<|java+project:///|,|java+method:///gnu/regexp/REToken/dumpAll(java.lang.StringBuffer)|,|java+method:///gnu/regexp/RETokenLookAhead/dump(java.lang.StringBuffer)|>>,
  <<|java+class:///treeview/DefaultViewOptionsPanel|,|java+class:///net/sourceforge/jsxe/gui/OptionsPanel|>,<|java+project:///|,|java+method:///net/sourceforge/jsxe/gui/OptionsPanel/toString()|,|java+method:///treeview/DefaultViewOptionsPanel/getTitle()|>>,
  <<|java+class:///gnu/regexp/RETokenStart|,|java+class:///gnu/regexp/REToken|>,<|java+project:///|,|java+method:///gnu/regexp/REToken/dumpAll(java.lang.StringBuffer)|,|java+method:///gnu/regexp/RETokenStart/dump(java.lang.StringBuffer)|>>,
  <<|java+class:///net/sourceforge/jsxe/DocumentBuffer|,|java+class:///net/sourceforge/jsxe/dom/XMLDocument|>,<|java+project:///|,|java+method:///net/sourceforge/jsxe/dom/XMLDocument/removeText(int,int)|,|java+method:///net/sourceforge/jsxe/DocumentBuffer/fireStructureChanged(net.sourceforge.jsxe.dom.AdapterNode)|>>,
  <<|java+class:///net/sourceforge/jsxe/DocumentBuffer|,|java+class:///net/sourceforge/jsxe/dom/XMLDocument|>,<|java+project:///|,|java+method:///net/sourceforge/jsxe/dom/XMLDocument/insertText(int,java.lang.String)|,|java+method:///net/sourceforge/jsxe/DocumentBuffer/fireStructureChanged(net.sourceforge.jsxe.dom.AdapterNode)|>>,
  <<|java+class:///sourceview/SourceViewOptionsPanel|,|java+class:///net/sourceforge/jsxe/gui/OptionsPanel|>,<|java+project:///|,|java+method:///net/sourceforge/jsxe/gui/OptionsPanel/toString()|,|java+method:///sourceview/SourceViewOptionsPanel/getTitle()|>>,
  <<|java+class:///gnu/regexp/RETokenAny|,|java+class:///gnu/regexp/REToken|>,<|java+project:///|,|java+method:///gnu/regexp/REToken/dumpAll(java.lang.StringBuffer)|,|java+method:///gnu/regexp/RETokenAny/dump(java.lang.StringBuffer)|>>,
  <<|java+class:///gnu/regexp/RETokenRange|,|java+class:///gnu/regexp/REToken|>,<|java+project:///|,|java+method:///gnu/regexp/REToken/dumpAll(java.lang.StringBuffer)|,|java+method:///gnu/regexp/RETokenRange/dump(java.lang.StringBuffer)|>>
]