[
  <<|java+class:///treeview/DefaultViewTree|,|java+class:///javax/swing/JTree|>,211,|project://jsXe-04_beta/jars/treeview/src/treeview/action/RenameNodeAction.java|(2315,27,<62,40>,<62,67>),|java+method:///javax/swing/JTree/getLeadSelectionPath()|>,
  <<|java+class:///net/sourceforge/jsxe/dom/DOMSerializerException|,|java+class:///java/lang/Exception|>,211,|project://jsXe-04_beta/src/net/sourceforge/jsxe/dom/DOMSerializer.java|(9877,16,<254,67>,<254,83>),|java+method:///java/lang/Throwable/getMessage()|>,
  <<|java+class:///treeview/DefaultViewTree|,|java+class:///javax/swing/JTree|>,211,|project://jsXe-04_beta/jars/treeview/src/treeview/action/RemoveNodeAction.java|(2416,15,<67,20>,<67,35>),|java+method:///javax/swing/JTree/updateUI()|>,
  <<|java+class:///net/sourceforge/jsxe/UnrecognizedPluginException|,|java+class:///java/lang/RuntimeException|>,211,|project://jsXe-04_beta/src/net/sourceforge/jsxe/gui/TabbedView.java|(17876,14,<512,37>,<512,51>),|java+method:///java/lang/Throwable/getMessage()|>,
  <<|java+class:///treeview/EditTagDialog|,|java+class:///net/sourceforge/jsxe/gui/EnhancedDialog|>,211,|project://jsXe-04_beta/jars/treeview/src/treeview/action/AddNodeAction.java|(4246,13,<112,24>,<112,37>),|java+method:///java/awt/Dialog/show()|>,
  <<|java+class:///treeview/DefaultViewTree|,|java+class:///javax/swing/JTree|>,211,|project://jsXe-04_beta/jars/treeview/src/treeview/action/AddNodeAction.java|(4654,27,<118,36>,<118,63>),|java+method:///javax/swing/JTree/getLeadSelectionPath()|>,
  <<|java+class:///treeview/DefaultViewTree|,|java+class:///javax/swing/JTree|>,211,|project://jsXe-04_beta/jars/treeview/src/treeview/action/AddNodeAction.java|(4638,44,<118,20>,<118,64>),|java+method:///javax/swing/JTree/expandPath(javax.swing.tree.TreePath)|>,
  <<|java+class:///treeview/DefaultViewTree|,|java+class:///javax/swing/JTree|>,211,|project://jsXe-04_beta/jars/treeview/src/treeview/action/AddNodeAction.java|(4791,15,<120,20>,<120,35>),|java+method:///javax/swing/JTree/updateUI()|>,
  <<|java+class:///net/sourceforge/jsxe/gui/OptionsDialog/PaneNameRenderer|,|java+class:///javax/swing/tree/DefaultTreeCellRenderer|>,211,|project://jsXe-04_beta/src/net/sourceforge/jsxe/gui/OptionsDialog.java|(12565,23,<417,16>,<417,39>),|java+method:///javax/swing/tree/DefaultTreeCellRenderer/setFont(java.awt.Font)|>,
  <<|java+class:///net/sourceforge/jsxe/gui/OptionsDialog/PaneNameRenderer|,|java+class:///javax/swing/tree/DefaultTreeCellRenderer|>,211,|project://jsXe-04_beta/src/net/sourceforge/jsxe/gui/OptionsDialog.java|(12819,22,<424,16>,<424,38>),|java+method:///javax/swing/tree/DefaultTreeCellRenderer/setFont(java.awt.Font)|>,
  <<|java+class:///treeview/EditTagDialog|,|java+class:///net/sourceforge/jsxe/gui/EnhancedDialog|>,211,|project://jsXe-04_beta/jars/treeview/src/treeview/action/EditNodeAction.java|(3627,13,<99,24>,<99,37>),|java+method:///java/awt/Dialog/show()|>,
  <<|java+class:///treeview/DefaultViewTree|,|java+class:///javax/swing/JTree|>,211,|project://jsXe-04_beta/jars/treeview/src/treeview/action/EditNodeAction.java|(3757,15,<101,24>,<101,39>),|java+method:///javax/swing/JTree/updateUI()|>,
  <<|java+class:///net/sourceforge/jsxe/DocumentBuffer|,|java+class:///net/sourceforge/jsxe/dom/XMLDocument|>,210,|project://jsXe-04_beta/src/net/sourceforge/jsxe/action/ValidationErrorsAction.java|(2721,20,<93,23>,<93,43>),|java+method:///net/sourceforge/jsxe/dom/XMLDocument/getErrors()|>,
  <<|java+class:///net/sourceforge/jsxe/DocumentBuffer|,|java+class:///net/sourceforge/jsxe/dom/XMLDocument|>,210,|project://jsXe-04_beta/src/net/sourceforge/jsxe/BufferHistory.java|(4024,22,<123,41>,<123,63>),|java+method:///net/sourceforge/jsxe/dom/XMLDocument/getProperties()|>,
  <<|java+class:///net/sourceforge/jsxe/DocumentBuffer|,|java+class:///net/sourceforge/jsxe/dom/XMLDocument|>,210,|project://jsXe-04_beta/src/net/sourceforge/jsxe/BufferHistory.java|(17357,14,<476,41>,<476,55>),|java+field:///net/sourceforge/jsxe/dom/XMLDocument/LINE_SEPARATOR|>,
  <<|java+class:///org/syntax/jedit/JEditTextArea|,|java+class:///javax/swing/JComponent|>,211,|project://jsXe-04_beta/jars/sourceview/src/sourceview/SourceView.java|(5408,36,<137,8>,<137,44>),|java+method:///java/awt/Component/setName(java.lang.String)|>,
  <<|java+class:///org/syntax/jedit/JEditTextArea|,|java+class:///javax/swing/JComponent|>,211,|project://jsXe-04_beta/jars/sourceview/src/sourceview/SourceView.java|(5463,80,<139,8>,<139,88>),|java+method:///javax/swing/JComponent/putClientProperty(java.lang.Object,java.lang.Object)|>,
  <<|java+class:///org/syntax/jedit/JEditTextArea|,|java+class:///javax/swing/JComponent|>,211,|project://jsXe-04_beta/jars/sourceview/src/sourceview/SourceView.java|(7821,25,<198,16>,<198,41>),|java+method:///javax/swing/JComponent/requestFocus()|>,
  <<|java+class:///net/sourceforge/jsxe/DocumentBuffer|,|java+class:///net/sourceforge/jsxe/dom/XMLDocument|>,210,|project://jsXe-04_beta/jars/sourceview/src/sourceview/SourceView.java|(8459,49,<227,8>,<227,57>),|java+method:///net/sourceforge/jsxe/dom/XMLDocument/removeXMLDocumentListener(net.sourceforge.jsxe.dom.XMLDocumentListener)|>,
  <<|java+class:///net/sourceforge/jsxe/DocumentBuffer|,|java+class:///net/sourceforge/jsxe/dom/XMLDocument|>,210,|project://jsXe-04_beta/jars/sourceview/src/sourceview/SourceView.java|(9229,49,<261,12>,<261,61>),|java+method:///net/sourceforge/jsxe/dom/XMLDocument/removeXMLDocumentListener(net.sourceforge.jsxe.dom.XMLDocumentListener)|>,
  <<|java+class:///net/sourceforge/jsxe/DocumentBuffer|,|java+class:///net/sourceforge/jsxe/dom/XMLDocument|>,210,|project://jsXe-04_beta/jars/sourceview/src/sourceview/SourceView.java|(9613,45,<270,97>,<270,142>),|java+method:///net/sourceforge/jsxe/dom/XMLDocument/getProperty(java.lang.String,java.lang.String)|>,
  <<|java+class:///org/syntax/jedit/SyntaxDocument|,|java+class:///javax/swing/text/PlainDocument|>,211,|project://jsXe-04_beta/jars/sourceview/src/sourceview/SourceView.java|(9528,132,<270,12>,<270,144>),|java+method:///javax/swing/text/AbstractDocument/putProperty(java.lang.Object,java.lang.Object)|>,
  <<|java+class:///net/sourceforge/jsxe/DocumentBuffer|,|java+class:///net/sourceforge/jsxe/dom/XMLDocument|>,210,|project://jsXe-04_beta/jars/sourceview/src/sourceview/SourceView.java|(9780,46,<274,8>,<274,54>),|java+method:///net/sourceforge/jsxe/dom/XMLDocument/addXMLDocumentListener(net.sourceforge.jsxe.dom.XMLDocumentListener)|>,
  <<|java+class:///org/syntax/jedit/SyntaxDocument|,|java+class:///javax/swing/text/PlainDocument|>,211,|project://jsXe-04_beta/jars/sourceview/src/sourceview/SourceView.java|(11666,130,<342,20>,<342,150>),|java+method:///javax/swing/text/AbstractDocument/putProperty(java.lang.Object,java.lang.Object)|>,
  <<|java+class:///org/syntax/jedit/JEditTextArea|,|java+class:///javax/swing/JComponent|>,211,|project://jsXe-04_beta/jars/sourceview/src/sourceview/SourceView.java|(11818,21,<343,20>,<343,41>),|java+method:///javax/swing/JComponent/updateUI()|>,
  <<|java+class:///org/syntax/jedit/JEditTextArea|,|java+class:///javax/swing/JComponent|>,211,|project://jsXe-04_beta/jars/sourceview/src/sourceview/SourceView.java|(12436,23,<365,16>,<365,39>),|java+method:///java/awt/Component/getToolkit()|>,
  <<|java+class:///net/sourceforge/jsxe/DocumentBuffer|,|java+class:///net/sourceforge/jsxe/dom/XMLDocument|>,210,|project://jsXe-04_beta/jars/sourceview/src/sourceview/SourceView.java|(12732,63,<375,47>,<375,110>),|java+method:///net/sourceforge/jsxe/dom/XMLDocument/getProperty(java.lang.String,java.lang.String)|>,
  <<|java+class:///net/sourceforge/jsxe/DocumentBuffer|,|java+class:///net/sourceforge/jsxe/dom/XMLDocument|>,210,|project://jsXe-04_beta/jars/sourceview/src/sourceview/SourceView.java|(12857,42,<376,44>,<376,86>),|java+method:///net/sourceforge/jsxe/dom/XMLDocument/getProperty(java.lang.String)|>,
  <<|java+class:///org/syntax/jedit/JEditTextArea|,|java+class:///javax/swing/JComponent|>,211,|project://jsXe-04_beta/jars/sourceview/src/sourceview/SourceView.java|(13953,23,<408,16>,<408,39>),|java+method:///java/awt/Component/getToolkit()|>,
  <<|java+class:///net/sourceforge/jsxe/DocumentBuffer|,|java+class:///net/sourceforge/jsxe/dom/XMLDocument|>,210,|project://jsXe-04_beta/jars/sourceview/src/sourceview/SourceView.java|(14096,63,<413,47>,<413,110>),|java+method:///net/sourceforge/jsxe/dom/XMLDocument/getProperty(java.lang.String,java.lang.String)|>,
  <<|java+class:///net/sourceforge/jsxe/DocumentBuffer|,|java+class:///net/sourceforge/jsxe/dom/XMLDocument|>,210,|project://jsXe-04_beta/jars/sourceview/src/sourceview/SourceView.java|(14277,42,<416,50>,<416,92>),|java+method:///net/sourceforge/jsxe/dom/XMLDocument/getProperty(java.lang.String)|>,
  <<|java+class:///treeview/DefaultViewTree|,|java+class:///javax/swing/JTree|>,211,|project://jsXe-04_beta/jars/treeview/src/treeview/NodeTransferHandler.java|(4024,22,<121,24>,<121,46>),|java+method:///javax/swing/JTree/getSelectionPath()|>,
  <<|java+class:///treeview/DefaultViewTree|,|java+class:///javax/swing/JTree|>,211,|project://jsXe-04_beta/jars/treeview/src/treeview/NodeTransferHandler.java|(5842,22,<170,24>,<170,46>),|java+method:///javax/swing/JTree/getSelectionPath()|>,
  <<|java+class:///treeview/DefaultViewTree|,|java+class:///javax/swing/JTree|>,211,|project://jsXe-04_beta/jars/treeview/src/treeview/NodeTransferHandler.java|(6689,21,<186,9>,<186,30>),|java+method:///javax/swing/JTree/makeVisible(javax.swing.tree.TreePath)|>,
  <<|java+class:///treeview/DefaultViewTree|,|java+class:///javax/swing/JTree|>,211,|project://jsXe-04_beta/jars/treeview/src/treeview/NodeTransferHandler.java|(6847,61,<190,9>,<190,70>),|java+method:///javax/swing/JTree/addSelectionPath(javax.swing.tree.TreePath)|>,
  <<|java+class:///org/syntax/jedit/TextAreaPainter|,|java+class:///javax/swing/JComponent|>,211,|project://jsXe-04_beta/jars/sourceview/src/org/syntax/jedit/JEditTextArea.java|(4181,52,<120,8>,<120,60>),|java+method:///java/awt/Component/addComponentListener(java.awt.event.ComponentListener)|>,
  <<|java+class:///org/syntax/jedit/TextAreaPainter|,|java+class:///javax/swing/JComponent|>,211,|project://jsXe-04_beta/jars/sourceview/src/org/syntax/jedit/JEditTextArea.java|(4243,44,<121,8>,<121,52>),|java+method:///java/awt/Component/addMouseListener(java.awt.event.MouseListener)|>,
  <<|java+class:///org/syntax/jedit/TextAreaPainter|,|java+class:///javax/swing/JComponent|>,211,|project://jsXe-04_beta/jars/sourceview/src/org/syntax/jedit/JEditTextArea.java|(4297,49,<122,8>,<122,57>),|java+method:///java/awt/Component/addMouseMotionListener(java.awt.event.MouseMotionListener)|>,
  <<|java+class:///org/syntax/jedit/TextAreaPainter|,|java+class:///javax/swing/JComponent|>,211,|project://jsXe-04_beta/jars/sourceview/src/org/syntax/jedit/JEditTextArea.java|(7892,18,<264,20>,<264,38>),|java+method:///javax/swing/JComponent/getWidth()|>,
  <<|java+class:///org/syntax/jedit/TextAreaPainter|,|java+class:///javax/swing/JComponent|>,211,|project://jsXe-04_beta/jars/sourceview/src/org/syntax/jedit/JEditTextArea.java|(8747,17,<294,8>,<294,25>),|java+method:///java/awt/Component/repaint()|>,
  <<|java+class:///org/syntax/jedit/TextAreaPainter|,|java+class:///javax/swing/JComponent|>,211,|project://jsXe-04_beta/jars/sourceview/src/org/syntax/jedit/JEditTextArea.java|(9163,19,<313,21>,<313,40>),|java+method:///javax/swing/JComponent/getHeight()|>,
  <<|java+class:///org/syntax/jedit/TextAreaPainter|,|java+class:///javax/swing/JComponent|>,211,|project://jsXe-04_beta/jars/sourceview/src/org/syntax/jedit/JEditTextArea.java|(9999,17,<340,8>,<340,25>),|java+method:///java/awt/Component/repaint()|>,
  <<|java+class:///org/syntax/jedit/TextAreaPainter|,|java+class:///javax/swing/JComponent|>,211,|project://jsXe-04_beta/jars/sourceview/src/org/syntax/jedit/JEditTextArea.java|(10801,17,<370,12>,<370,29>),|java+method:///java/awt/Component/repaint()|>,
  <<|java+class:///org/syntax/jedit/TextAreaPainter|,|java+class:///javax/swing/JComponent|>,211,|project://jsXe-04_beta/jars/sourceview/src/org/syntax/jedit/JEditTextArea.java|(12865,18,<435,29>,<435,47>),|java+method:///javax/swing/JComponent/getWidth()|>,
  <<|java+class:///org/syntax/jedit/TextAreaPainter|,|java+class:///javax/swing/JComponent|>,211,|project://jsXe-04_beta/jars/sourceview/src/org/syntax/jedit/JEditTextArea.java|(12965,18,<438,17>,<438,35>),|java+method:///javax/swing/JComponent/getWidth()|>,
  <<|java+class:///org/syntax/jedit/TextAreaPainter|,|java+class:///javax/swing/JComponent|>,211,|project://jsXe-04_beta/jars/sourceview/src/org/syntax/jedit/JEditTextArea.java|(15527,20,<521,30>,<521,50>),|java+method:///java/awt/Component/getToolkit()|>,
  <<|java+class:///org/syntax/jedit/TextAreaPainter|,|java+class:///javax/swing/JComponent|>,211,|project://jsXe-04_beta/jars/sourceview/src/org/syntax/jedit/JEditTextArea.java|(15580,17,<522,31>,<522,48>),|java+method:///java/awt/Component/getFont()|>,
  <<|java+class:///org/syntax/jedit/TextAreaPainter|,|java+class:///javax/swing/JComponent|>,211,|project://jsXe-04_beta/jars/sourceview/src/org/syntax/jedit/JEditTextArea.java|(18494,20,<612,30>,<612,50>),|java+method:///java/awt/Component/getToolkit()|>,
  <<|java+class:///org/syntax/jedit/TextAreaPainter|,|java+class:///javax/swing/JComponent|>,211,|project://jsXe-04_beta/jars/sourceview/src/org/syntax/jedit/JEditTextArea.java|(18547,17,<613,31>,<613,48>),|java+method:///java/awt/Component/getFont()|>,
  <<|java+class:///org/syntax/jedit/SyntaxDocument|,|java+class:///javax/swing/text/PlainDocument|>,211,|project://jsXe-04_beta/jars/sourceview/src/org/syntax/jedit/JEditTextArea.java|(20768,53,<687,12>,<687,65>),|java+method:///javax/swing/text/AbstractDocument/removeDocumentListener(javax.swing.event.DocumentListener)|>,
  <<|java+class:///org/syntax/jedit/SyntaxDocument|,|java+class:///javax/swing/text/PlainDocument|>,211,|project://jsXe-04_beta/jars/sourceview/src/org/syntax/jedit/JEditTextArea.java|(20866,45,<690,8>,<690,53>),|java+method:///javax/swing/text/AbstractDocument/addDocumentListener(javax.swing.event.DocumentListener)|>,
  <<|java+class:///org/syntax/jedit/TextAreaPainter|,|java+class:///javax/swing/JComponent|>,211,|project://jsXe-04_beta/jars/sourceview/src/org/syntax/jedit/JEditTextArea.java|(20971,17,<694,8>,<694,25>),|java+method:///java/awt/Component/repaint()|>,
  <<|java+class:///org/syntax/jedit/SyntaxDocument|,|java+class:///javax/swing/text/PlainDocument|>,211,|project://jsXe-04_beta/jars/sourceview/src/org/syntax/jedit/JEditTextArea.java|(21716,20,<722,15>,<722,35>),|java+method:///javax/swing/text/AbstractDocument/getLength()|>,
  <<|java+class:///org/syntax/jedit/SyntaxDocument|,|java+class:///javax/swing/text/PlainDocument|>,211,|project://jsXe-04_beta/jars/sourceview/src/org/syntax/jedit/JEditTextArea.java|(21870,32,<730,15>,<730,47>),|java+method:///javax/swing/text/PlainDocument/getDefaultRootElement()|>,
  <<|java+class:///org/syntax/jedit/SyntaxDocument|,|java+class:///javax/swing/text/PlainDocument|>,211,|project://jsXe-04_beta/jars/sourceview/src/org/syntax/jedit/JEditTextArea.java|(22104,32,<739,15>,<739,47>),|java+method:///javax/swing/text/PlainDocument/getDefaultRootElement()|>,
  <<|java+class:///org/syntax/jedit/SyntaxDocument|,|java+class:///javax/swing/text/PlainDocument|>,211,|project://jsXe-04_beta/jars/sourceview/src/org/syntax/jedit/JEditTextArea.java|(22439,32,<750,30>,<750,62>),|java+method:///javax/swing/text/PlainDocument/getDefaultRootElement()|>,
  <<|java+class:///org/syntax/jedit/SyntaxDocument|,|java+class:///javax/swing/text/PlainDocument|>,211,|project://jsXe-04_beta/jars/sourceview/src/org/syntax/jedit/JEditTextArea.java|(22892,32,<766,30>,<766,62>),|java+method:///javax/swing/text/PlainDocument/getDefaultRootElement()|>,
  <<|java+class:///org/syntax/jedit/SyntaxDocument|,|java+class:///javax/swing/text/PlainDocument|>,211,|project://jsXe-04_beta/jars/sourceview/src/org/syntax/jedit/JEditTextArea.java|(23246,32,<780,30>,<780,62>),|java+method:///javax/swing/text/PlainDocument/getDefaultRootElement()|>,
  <<|java+class:///org/syntax/jedit/SyntaxDocument|,|java+class:///javax/swing/text/PlainDocument|>,211,|project://jsXe-04_beta/jars/sourceview/src/org/syntax/jedit/JEditTextArea.java|(23643,20,<796,38>,<796,58>),|java+method:///javax/swing/text/AbstractDocument/getLength()|>,
  <<|java+class:///org/syntax/jedit/SyntaxDocument|,|java+class:///javax/swing/text/PlainDocument|>,211,|project://jsXe-04_beta/jars/sourceview/src/org/syntax/jedit/JEditTextArea.java|(23624,40,<796,19>,<796,59>),|java+method:///javax/swing/text/AbstractDocument/getText(int,int)|>,
  <<|java+class:///org/syntax/jedit/SyntaxDocument|,|java+class:///javax/swing/text/PlainDocument|>,211,|project://jsXe-04_beta/jars/sourceview/src/org/syntax/jedit/JEditTextArea.java|(24001,20,<813,30>,<813,50>),|java+method:///javax/swing/text/AbstractDocument/getLength()|>,
  <<|java+class:///org/syntax/jedit/SyntaxDocument|,|java+class:///javax/swing/text/PlainDocument|>,211,|project://jsXe-04_beta/jars/sourceview/src/org/syntax/jedit/JEditTextArea.java|(23983,39,<813,12>,<813,51>),|java+method:///javax/swing/text/AbstractDocument/remove(int,int)|>,
  <<|java+class:///org/syntax/jedit/SyntaxDocument|,|java+class:///javax/swing/text/PlainDocument|>,211,|project://jsXe-04_beta/jars/sourceview/src/org/syntax/jedit/JEditTextArea.java|(24036,34,<814,12>,<814,46>),|java+method:///javax/swing/text/PlainDocument/insertString(int,java.lang.String,javax.swing.text.AttributeSet)|>,
  <<|java+class:///org/syntax/jedit/SyntaxDocument|,|java+class:///javax/swing/text/PlainDocument|>,211,|project://jsXe-04_beta/jars/sourceview/src/org/syntax/jedit/JEditTextArea.java|(24577,27,<836,19>,<836,46>),|java+method:///javax/swing/text/AbstractDocument/getText(int,int)|>,
  <<|java+class:///org/syntax/jedit/SyntaxDocument|,|java+class:///javax/swing/text/PlainDocument|>,211,|project://jsXe-04_beta/jars/sourceview/src/org/syntax/jedit/JEditTextArea.java|(25126,35,<856,12>,<856,47>),|java+method:///javax/swing/text/AbstractDocument/getText(int,int,javax.swing.text.Segment)|>,
  <<|java+class:///org/syntax/jedit/SyntaxDocument|,|java+class:///javax/swing/text/PlainDocument|>,211,|project://jsXe-04_beta/jars/sourceview/src/org/syntax/jedit/JEditTextArea.java|(26472,32,<905,26>,<905,58>),|java+method:///javax/swing/text/PlainDocument/getDefaultRootElement()|>,
  <<|java+class:///org/syntax/jedit/SyntaxDocument|,|java+class:///javax/swing/text/PlainDocument|>,211,|project://jsXe-04_beta/jars/sourceview/src/org/syntax/jedit/JEditTextArea.java|(27816,32,<955,26>,<955,58>),|java+method:///javax/swing/text/PlainDocument/getDefaultRootElement()|>,
  <<|java+class:///org/syntax/jedit/SyntaxDocument|,|java+class:///javax/swing/text/PlainDocument|>,211,|project://jsXe-04_beta/jars/sourceview/src/org/syntax/jedit/JEditTextArea.java|(32993,32,<1139,26>,<1139,58>),|java+method:///javax/swing/text/PlainDocument/getDefaultRootElement()|>,
  <<|java+class:///org/syntax/jedit/SyntaxDocument|,|java+class:///javax/swing/text/PlainDocument|>,211,|project://jsXe-04_beta/jars/sourceview/src/org/syntax/jedit/JEditTextArea.java|(34835,32,<1201,30>,<1201,62>),|java+method:///javax/swing/text/PlainDocument/getDefaultRootElement()|>,
  <<|java+class:///org/syntax/jedit/SyntaxDocument|,|java+class:///javax/swing/text/PlainDocument|>,211,|project://jsXe-04_beta/jars/sourceview/src/org/syntax/jedit/JEditTextArea.java|(35793,93,<1226,20>,<1227,37>),|java+method:///javax/swing/text/AbstractDocument/remove(int,int)|>,
  <<|java+class:///org/syntax/jedit/SyntaxDocument|,|java+class:///javax/swing/text/PlainDocument|>,211,|project://jsXe-04_beta/jars/sourceview/src/org/syntax/jedit/JEditTextArea.java|(36167,110,<1236,20>,<1237,65>),|java+method:///javax/swing/text/PlainDocument/insertString(int,java.lang.String,javax.swing.text.AttributeSet)|>,
  <<|java+class:///org/syntax/jedit/SyntaxDocument|,|java+class:///javax/swing/text/PlainDocument|>,211,|project://jsXe-04_beta/jars/sourceview/src/org/syntax/jedit/JEditTextArea.java|(36657,39,<1248,20>,<1248,59>),|java+method:///javax/swing/text/PlainDocument/insertString(int,java.lang.String,javax.swing.text.AttributeSet)|>,
  <<|java+class:///org/syntax/jedit/SyntaxDocument|,|java+class:///javax/swing/text/PlainDocument|>,211,|project://jsXe-04_beta/jars/sourceview/src/org/syntax/jedit/JEditTextArea.java|(36718,103,<1249,20>,<1250,57>),|java+method:///javax/swing/text/PlainDocument/insertString(int,java.lang.String,javax.swing.text.AttributeSet)|>,
  <<|java+class:///org/syntax/jedit/SyntaxDocument|,|java+class:///javax/swing/text/PlainDocument|>,211,|project://jsXe-04_beta/jars/sourceview/src/org/syntax/jedit/JEditTextArea.java|(36902,82,<1255,16>,<1256,50>),|java+method:///javax/swing/text/AbstractDocument/remove(int,int)|>,
  <<|java+class:///org/syntax/jedit/SyntaxDocument|,|java+class:///javax/swing/text/PlainDocument|>,211,|project://jsXe-04_beta/jars/sourceview/src/org/syntax/jedit/JEditTextArea.java|(37065,80,<1259,20>,<1260,42>),|java+method:///javax/swing/text/PlainDocument/insertString(int,java.lang.String,javax.swing.text.AttributeSet)|>,
  <<|java+class:///org/syntax/jedit/SyntaxDocument|,|java+class:///javax/swing/text/PlainDocument|>,211,|project://jsXe-04_beta/jars/sourceview/src/org/syntax/jedit/JEditTextArea.java|(39726,35,<1364,12>,<1364,47>),|java+method:///javax/swing/text/AbstractDocument/remove(int,int)|>,
  <<|java+class:///org/syntax/jedit/SyntaxDocument|,|java+class:///javax/swing/text/PlainDocument|>,211,|project://jsXe-04_beta/jars/sourceview/src/org/syntax/jedit/JEditTextArea.java|(39775,37,<1365,12>,<1365,49>),|java+method:///javax/swing/text/PlainDocument/insertString(int,java.lang.String,javax.swing.text.AttributeSet)|>,
  <<|java+class:///org/syntax/jedit/InputHandler|,|java+class:///java/awt/event/KeyAdapter|>,211,|project://jsXe-04_beta/jars/sourceview/src/org/syntax/jedit/JEditTextArea.java|(44427,26,<1541,12>,<1541,38>),|java+method:///java/awt/event/KeyAdapter/keyTyped(java.awt.event.KeyEvent)|>,
  <<|java+class:///org/syntax/jedit/InputHandler|,|java+class:///java/awt/event/KeyAdapter|>,211,|project://jsXe-04_beta/jars/sourceview/src/org/syntax/jedit/JEditTextArea.java|(44522,28,<1544,12>,<1544,40>),|java+method:///java/awt/event/KeyAdapter/keyPressed(java.awt.event.KeyEvent)|>,
  <<|java+class:///org/syntax/jedit/InputHandler|,|java+class:///java/awt/event/KeyAdapter|>,211,|project://jsXe-04_beta/jars/sourceview/src/org/syntax/jedit/JEditTextArea.java|(44620,29,<1547,12>,<1547,41>),|java+method:///java/awt/event/KeyAdapter/keyReleased(java.awt.event.KeyEvent)|>,
  <<|java+class:///org/syntax/jedit/SyntaxDocument|,|java+class:///javax/swing/text/PlainDocument|>,211,|project://jsXe-04_beta/jars/sourceview/src/org/syntax/jedit/JEditTextArea.java|(47404,32,<1650,12>,<1650,44>),|java+method:///javax/swing/text/PlainDocument/getDefaultRootElement()|>,
  <<|java+class:///org/syntax/jedit/JEditTextArea|,|java+class:///javax/swing/JComponent|>,211,|project://jsXe-04_beta/jars/sourceview/src/org/syntax/jedit/JEditTextArea.java|(52083,27,<1797,19>,<1797,46>),|java+method:///java/awt/Component/hasFocus()|>,
  <<|java+class:///org/syntax/jedit/SyntaxDocument|,|java+class:///javax/swing/text/PlainDocument|>,211,|project://jsXe-04_beta/jars/sourceview/src/org/syntax/jedit/JEditTextArea.java|(58684,33,<2027,39>,<2027,72>),|java+method:///javax/swing/text/AbstractDocument/getProperty(java.lang.Object)|>,
  <<|java+class:///org/syntax/jedit/JEditTextArea/CaretUndo|,|java+class:///javax/swing/undo/AbstractUndoableEdit|>,211,|project://jsXe-04_beta/jars/sourceview/src/org/syntax/jedit/JEditTextArea.java|(61526,11,<2127,16>,<2127,27>),|java+method:///javax/swing/undo/AbstractUndoableEdit/die()|>,
  <<|java+class:///net/sourceforge/jsxe/DocumentBuffer|,|java+class:///net/sourceforge/jsxe/dom/XMLDocument|>,210,|project://jsXe-04_beta/jars/treeview/src/treeview/action/AddDocTypeAction.java|(9512,20,<265,72>,<265,92>),|java+method:///net/sourceforge/jsxe/dom/XMLDocument/getLength()|>,
  <<|java+class:///net/sourceforge/jsxe/DocumentBuffer|,|java+class:///net/sourceforge/jsxe/dom/XMLDocument|>,210,|project://jsXe-04_beta/jars/treeview/src/treeview/action/AddDocTypeAction.java|(9478,58,<265,38>,<265,96>),|java+method:///net/sourceforge/jsxe/dom/XMLDocument/getText(int,int)|>,
  <<|java+class:///net/sourceforge/jsxe/DocumentBuffer|,|java+class:///net/sourceforge/jsxe/dom/XMLDocument|>,210,|project://jsXe-04_beta/jars/treeview/src/treeview/action/AddDocTypeAction.java|(10524,43,<282,28>,<282,71>),|java+method:///net/sourceforge/jsxe/dom/XMLDocument/insertText(int,java.lang.String)|>,
  <<|java+class:///treeview/DefaultViewTree|,|java+class:///javax/swing/JTree|>,211,|project://jsXe-04_beta/jars/treeview/src/treeview/action/AddDocTypeAction.java|(10637,17,<285,20>,<285,37>),|java+method:///javax/swing/JTree/updateUI()|>,
  <<|java+class:///org/syntax/jedit/SyntaxDocument|,|java+class:///javax/swing/text/PlainDocument|>,211,|project://jsXe-04_beta/jars/sourceview/src/org/syntax/jedit/TextAreaPainter.java|(8838,74,<369,42>,<371,34>),|java+method:///javax/swing/text/AbstractDocument/getProperty(java.lang.Object)|>,
  <<|java+class:///sourceview/SourceViewOptionsPanel/ColorWellButton|,|java+class:///javax/swing/JButton|>,211,|project://jsXe-04_beta/jars/sourceview/src/sourceview/SourceViewOptionsPanel.java|(12869,30,<349,12>,<349,42>),|java+method:///javax/swing/AbstractButton/setEnabled(boolean)|>,
  <<|java+class:///sourceview/SourceViewOptionsPanel/ColorWellButton|,|java+class:///javax/swing/JButton|>,211,|project://jsXe-04_beta/jars/sourceview/src/sourceview/SourceViewOptionsPanel.java|(14041,48,<382,16>,<382,64>),|java+method:///javax/swing/AbstractButton/setEnabled(boolean)|>,
  <<|java+class:///net/sourceforge/jsxe/gui/ActivityLogDialog|,|java+class:///net/sourceforge/jsxe/gui/EnhancedDialog|>,211,|project://jsXe-04_beta/src/net/sourceforge/jsxe/action/ActivityLogAction.java|(2548,13,<83,8>,<83,21>),|java+method:///java/awt/Dialog/show()|>,
  <<|java+class:///net/sourceforge/jsxe/DocumentBuffer|,|java+class:///net/sourceforge/jsxe/dom/XMLDocument|>,210,|project://jsXe-04_beta/src/net/sourceforge/jsxe/CatalogManager.java|(5088,15,<135,74>,<135,89>),|java+method:///net/sourceforge/jsxe/dom/XMLDocument/getLength()|>,
  <<|java+class:///net/sourceforge/jsxe/DocumentBuffer|,|java+class:///net/sourceforge/jsxe/dom/XMLDocument|>,210,|project://jsXe-04_beta/src/net/sourceforge/jsxe/CatalogManager.java|(5073,31,<135,59>,<135,90>),|java+method:///net/sourceforge/jsxe/dom/XMLDocument/getText(int,int)|>,
  <<|java+class:///treeview/DefaultView/DefaultViewTable|,|java+class:///javax/swing/JTable|>,211,|project://jsXe-04_beta/jars/treeview/src/treeview/DefaultView.java|(4476,50,<126,8>,<126,58>),|java+method:///java/awt/Component/setName(java.lang.String)|>,
  <<|java+class:///treeview/DefaultView/DefaultViewTable|,|java+class:///javax/swing/JTable|>,211,|project://jsXe-04_beta/jars/treeview/src/treeview/DefaultView.java|(4536,48,<127,8>,<127,56>),|java+method:///javax/swing/JTable/setColumnSelectionAllowed(boolean)|>,
  <<|java+class:///treeview/DefaultView/DefaultViewTable|,|java+class:///javax/swing/JTable|>,211,|project://jsXe-04_beta/jars/treeview/src/treeview/DefaultView.java|(4594,45,<128,8>,<128,53>),|java+method:///javax/swing/JTable/setRowSelectionAllowed(boolean)|>,
  <<|java+class:///treeview/DefaultView/DefaultViewTable|,|java+class:///javax/swing/JTable|>,211,|project://jsXe-04_beta/jars/treeview/src/treeview/DefaultView.java|(4649,58,<129,8>,<129,66>),|java+method:///java/awt/Component/addMouseListener(java.awt.event.MouseListener)|>,
  <<|java+class:///treeview/DefaultView/DefaultViewTable|,|java+class:///javax/swing/JTable|>,211,|project://jsXe-04_beta/jars/treeview/src/treeview/DefaultView.java|(4717,115,<130,8>,<131,43>),|java+method:///javax/swing/JTable/setRowHeight(int)|>,
  <<|java+class:///treeview/DefaultViewTree|,|java+class:///javax/swing/JTree|>,211,|project://jsXe-04_beta/jars/treeview/src/treeview/DefaultView.java|(4889,28,<135,8>,<135,36>),|java+method:///java/awt/Component/setName(java.lang.String)|>,
  <<|java+class:///treeview/DefaultViewTree|,|java+class:///javax/swing/JTree|>,211,|project://jsXe-04_beta/jars/treeview/src/treeview/DefaultView.java|(4981,69,<137,8>,<137,77>),|java+method:///javax/swing/JTree/addTreeSelectionListener(javax.swing.event.TreeSelectionListener)|>,
  <<|java+class:///treeview/DefaultViewTree|,|java+class:///javax/swing/JTree|>,211,|project://jsXe-04_beta/jars/treeview/src/treeview/DefaultView.java|(7702,19,<202,16>,<202,35>),|java+method:///javax/swing/JComponent/requestFocus()|>,
  <<|java+class:///net/sourceforge/jsxe/DocumentBuffer|,|java+class:///net/sourceforge/jsxe/dom/XMLDocument|>,210,|project://jsXe-04_beta/jars/treeview/src/treeview/DefaultView.java|(7920,43,<206,56>,<206,99>),|java+method:///net/sourceforge/jsxe/dom/XMLDocument/getProperty(java.lang.String)|>,
  <<|java+class:///net/sourceforge/jsxe/DocumentBuffer|,|java+class:///net/sourceforge/jsxe/dom/XMLDocument|>,210,|project://jsXe-04_beta/jars/treeview/src/treeview/DefaultView.java|(8036,44,<207,57>,<207,101>),|java+method:///net/sourceforge/jsxe/dom/XMLDocument/getProperty(java.lang.String)|>,
  <<|java+class:///net/sourceforge/jsxe/DocumentBuffer|,|java+class:///net/sourceforge/jsxe/dom/XMLDocument|>,210,|project://jsXe-04_beta/jars/treeview/src/treeview/DefaultView.java|(9269,48,<239,16>,<239,64>),|java+method:///net/sourceforge/jsxe/dom/XMLDocument/setProperty(java.lang.String,java.lang.String)|>,
  <<|java+class:///net/sourceforge/jsxe/DocumentBuffer|,|java+class:///net/sourceforge/jsxe/dom/XMLDocument|>,210,|project://jsXe-04_beta/jars/treeview/src/treeview/DefaultView.java|(9335,50,<240,16>,<240,66>),|java+method:///net/sourceforge/jsxe/dom/XMLDocument/setProperty(java.lang.String,java.lang.String)|>,
  <<|java+class:///net/sourceforge/jsxe/DocumentBuffer|,|java+class:///net/sourceforge/jsxe/dom/XMLDocument|>,210,|project://jsXe-04_beta/jars/treeview/src/treeview/DefaultView.java|(9420,56,<242,16>,<242,72>),|java+method:///net/sourceforge/jsxe/dom/XMLDocument/removeXMLDocumentListener(net.sourceforge.jsxe.dom.XMLDocumentListener)|>,
  <<|java+class:///net/sourceforge/jsxe/DocumentBuffer|,|java+class:///net/sourceforge/jsxe/dom/XMLDocument|>,210,|project://jsXe-04_beta/jars/treeview/src/treeview/DefaultView.java|(10172,30,<278,12>,<278,42>),|java+method:///net/sourceforge/jsxe/dom/XMLDocument/checkWellFormedness()|>,
  <<|java+class:///net/sourceforge/jsxe/DocumentBuffer|,|java+class:///net/sourceforge/jsxe/dom/XMLDocument|>,210,|project://jsXe-04_beta/jars/treeview/src/treeview/DefaultView.java|(10599,25,<289,30>,<289,55>),|java+method:///net/sourceforge/jsxe/dom/XMLDocument/getAdapterNode()|>,
  <<|java+class:///treeview/DefaultViewTree|,|java+class:///javax/swing/JTree|>,211,|project://jsXe-04_beta/jars/treeview/src/treeview/DefaultView.java|(11045,24,<298,8>,<298,32>),|java+method:///javax/swing/JTree/setModel(javax.swing.tree.TreeModel)|>,
  <<|java+class:///treeview/DefaultView/DefaultViewTable|,|java+class:///javax/swing/JTable|>,211,|project://jsXe-04_beta/jars/treeview/src/treeview/DefaultView.java|(11079,36,<299,8>,<299,44>),|java+method:///javax/swing/JTable/setModel(javax.swing.table.TableModel)|>,
  <<|java+class:///treeview/DefaultViewDocument|,|java+class:///javax/swing/text/DefaultStyledDocument|>,211,|project://jsXe-04_beta/jars/treeview/src/treeview/DefaultView.java|(11293,42,<304,8>,<304,50>),|java+method:///javax/swing/text/DefaultStyledDocument/addDocumentListener(javax.swing.event.DocumentListener)|>,
  <<|java+class:///net/sourceforge/jsxe/DocumentBuffer|,|java+class:///net/sourceforge/jsxe/dom/XMLDocument|>,210,|project://jsXe-04_beta/jars/treeview/src/treeview/DefaultView.java|(11430,39,<307,41>,<307,80>),|java+method:///net/sourceforge/jsxe/dom/XMLDocument/getProperty(java.lang.String)|>,
  <<|java+class:///treeview/DefaultView/DefaultViewTable|,|java+class:///javax/swing/JTable|>,211,|project://jsXe-04_beta/jars/treeview/src/treeview/DefaultView.java|(11677,26,<313,8>,<313,34>),|java+method:///javax/swing/JTable/updateUI()|>,
  <<|java+class:///treeview/DefaultViewTree|,|java+class:///javax/swing/JTree|>,211,|project://jsXe-04_beta/jars/treeview/src/treeview/DefaultView.java|(11713,15,<314,8>,<314,23>),|java+method:///javax/swing/JTree/updateUI()|>,
  <<|java+class:///net/sourceforge/jsxe/DocumentBuffer|,|java+class:///net/sourceforge/jsxe/dom/XMLDocument|>,210,|project://jsXe-04_beta/jars/treeview/src/treeview/DefaultView.java|(11973,53,<322,8>,<322,61>),|java+method:///net/sourceforge/jsxe/dom/XMLDocument/addXMLDocumentListener(net.sourceforge.jsxe.dom.XMLDocumentListener)|>,
  <<|java+class:///treeview/DefaultView/DefaultViewTable|,|java+class:///javax/swing/JTable|>,211,|project://jsXe-04_beta/jars/treeview/src/treeview/DefaultView.java|(14682,33,<401,22>,<401,55>),|java+method:///javax/swing/JTable/rowAtPoint(java.awt.Point)|>,
  <<|java+class:///treeview/DefaultView/DefaultViewTable|,|java+class:///javax/swing/JTable|>,211,|project://jsXe-04_beta/jars/treeview/src/treeview/DefaultView.java|(14742,36,<402,25>,<402,61>),|java+method:///javax/swing/JTable/columnAtPoint(java.awt.Point)|>,
  <<|java+class:///treeview/DefaultView/DefaultViewTable|,|java+class:///javax/swing/JTable|>,211,|project://jsXe-04_beta/jars/treeview/src/treeview/DefaultView.java|(14805,58,<404,12>,<404,70>),|java+method:///javax/swing/JTable/setColumnSelectionInterval(int,int)|>,
  <<|java+class:///treeview/DefaultView/DefaultViewTable|,|java+class:///javax/swing/JTable|>,211,|project://jsXe-04_beta/jars/treeview/src/treeview/DefaultView.java|(14877,49,<405,12>,<405,61>),|java+method:///javax/swing/JTable/setRowSelectionInterval(int,int)|>,
  <<|java+class:///treeview/DefaultView/DefaultViewTable|,|java+class:///javax/swing/JTable|>,211,|project://jsXe-04_beta/jars/treeview/src/treeview/DefaultView.java|(15078,26,<409,69>,<409,95>),|java+method:///javax/swing/JTable/getModel()|>,
  <<|java+class:///treeview/DefaultView/DefaultViewTable|,|java+class:///javax/swing/JTable|>,211,|project://jsXe-04_beta/jars/treeview/src/treeview/DefaultView.java|(15458,29,<417,27>,<417,56>),|java+method:///javax/swing/JTable/getRowCount()|>,
  <<|java+class:///treeview/DefaultView/DefaultViewTable|,|java+class:///javax/swing/JTable|>,211,|project://jsXe-04_beta/jars/treeview/src/treeview/DefaultView.java|(16679,27,<449,20>,<449,47>),|java+method:///javax/swing/JTable/isEditing()|>,
  <<|java+class:///treeview/DefaultView/DefaultViewTable|,|java+class:///javax/swing/JTable|>,211,|project://jsXe-04_beta/jars/treeview/src/treeview/DefaultView.java|(16740,31,<450,30>,<450,61>),|java+method:///javax/swing/JTable/getEditingRow()|>,
  <<|java+class:///treeview/DefaultView/DefaultViewTable|,|java+class:///javax/swing/JTable|>,211,|project://jsXe-04_beta/jars/treeview/src/treeview/DefaultView.java|(16806,34,<451,33>,<451,67>),|java+method:///javax/swing/JTable/getEditingColumn()|>,
  <<|java+class:///treeview/DefaultView/DefaultViewTable|,|java+class:///javax/swing/JTable|>,211,|project://jsXe-04_beta/jars/treeview/src/treeview/DefaultView.java|(17070,26,<456,40>,<456,66>),|java+method:///javax/swing/JTable/getModel()|>,
  <<|java+class:///treeview/DefaultViewDocument|,|java+class:///javax/swing/text/DefaultStyledDocument|>,211,|project://jsXe-04_beta/jars/treeview/src/treeview/DefaultView.java|(17365,42,<461,16>,<461,58>),|java+method:///javax/swing/text/DefaultStyledDocument/addDocumentListener(javax.swing.event.DocumentListener)|>,
  <<|java+class:///treeview/DefaultView/DefaultViewTable|,|java+class:///javax/swing/JTable|>,211,|project://jsXe-04_beta/jars/treeview/src/treeview/DefaultView.java|(19988,26,<541,11>,<541,37>),|java+method:///javax/swing/JTable/updateUI()|>,
  <<|java+class:///treeview/DefaultViewTree|,|java+class:///javax/swing/JTree|>,211,|project://jsXe-04_beta/jars/treeview/src/treeview/DefaultView.java|(20366,15,<553,12>,<553,27>),|java+method:///javax/swing/JTree/updateUI()|>,
  <<|java+class:///treeview/DefaultViewTree|,|java+class:///javax/swing/JTree|>,211,|project://jsXe-04_beta/jars/treeview/src/treeview/DefaultView.java|(20496,15,<557,12>,<557,27>),|java+method:///javax/swing/JTree/updateUI()|>,
  <<|java+class:///treeview/DefaultViewTree|,|java+class:///javax/swing/JTree|>,211,|project://jsXe-04_beta/jars/treeview/src/treeview/DefaultView.java|(20630,15,<561,12>,<561,27>),|java+method:///javax/swing/JTree/updateUI()|>,
  <<|java+class:///treeview/DefaultViewTree|,|java+class:///javax/swing/JTree|>,211,|project://jsXe-04_beta/jars/treeview/src/treeview/DefaultView.java|(21688,15,<589,16>,<589,31>),|java+method:///javax/swing/JTree/updateUI()|>,
  <<|java+class:///treeview/DefaultViewTree|,|java+class:///javax/swing/JTree|>,211,|project://jsXe-04_beta/jars/treeview/src/treeview/DefaultView.java|(22021,15,<600,12>,<600,27>),|java+method:///javax/swing/JTree/updateUI()|>,
  <<|java+class:///treeview/DefaultView/DefaultViewTable|,|java+class:///javax/swing/JTable|>,211,|project://jsXe-04_beta/jars/treeview/src/treeview/DefaultView.java|(22137,26,<602,36>,<602,62>),|java+method:///javax/swing/JTable/getModel()|>,
  <<|java+class:///treeview/DefaultView/DefaultViewTable|,|java+class:///javax/swing/JTable|>,211,|project://jsXe-04_beta/jars/treeview/src/treeview/DefaultView.java|(22192,26,<603,12>,<603,38>),|java+method:///javax/swing/JTable/updateUI()|>,
  <<|java+class:///net/sourceforge/jsxe/gui/ProgressSplashScreenWindow|,|java+class:///javax/swing/JWindow|>,211,|project://jsXe-04_beta/src/net/sourceforge/jsxe/jsXe.java|(6284,24,<179,20>,<179,44>),|java+method:///java/awt/Component/getSize()|>,
  <<|java+class:///net/sourceforge/jsxe/gui/ProgressSplashScreenWindow|,|java+class:///javax/swing/JWindow|>,211,|project://jsXe-04_beta/src/net/sourceforge/jsxe/jsXe.java|(6336,24,<180,20>,<180,44>),|java+method:///java/awt/Component/getSize()|>,
  <<|java+class:///net/sourceforge/jsxe/gui/ProgressSplashScreenWindow|,|java+class:///javax/swing/JWindow|>,211,|project://jsXe-04_beta/src/net/sourceforge/jsxe/jsXe.java|(6529,32,<184,12>,<184,44>),|java+method:///java/awt/Window/setLocation(int,int)|>,
  <<|java+class:///net/sourceforge/jsxe/gui/ProgressSplashScreenWindow|,|java+class:///javax/swing/JWindow|>,211,|project://jsXe-04_beta/src/net/sourceforge/jsxe/jsXe.java|(6575,31,<185,12>,<185,43>),|java+method:///java/awt/Window/setVisible(boolean)|>,
  <<|java+class:///net/sourceforge/jsxe/PluginLoadException|,|java+class:///java/lang/RuntimeException|>,211,|project://jsXe-04_beta/src/net/sourceforge/jsxe/jsXe.java|(10486,41,<258,61>,<258,102>),|java+method:///java/lang/Throwable/getMessage()|>,
  <<|java+class:///net/sourceforge/jsxe/UnrecognizedPluginException|,|java+class:///java/lang/RuntimeException|>,211,|project://jsXe-04_beta/src/net/sourceforge/jsxe/jsXe.java|(13140,14,<316,55>,<316,69>),|java+method:///java/lang/Throwable/getMessage()|>,
  <<|java+class:///net/sourceforge/jsxe/gui/TabbedView|,|java+class:///javax/swing/JFrame|>,211,|project://jsXe-04_beta/src/net/sourceforge/jsxe/jsXe.java|(14311,27,<344,12>,<344,39>),|java+method:///java/awt/Window/setVisible(boolean)|>,
  <<|java+class:///net/sourceforge/jsxe/gui/ProgressSplashScreenWindow|,|java+class:///javax/swing/JWindow|>,211,|project://jsXe-04_beta/src/net/sourceforge/jsxe/jsXe.java|(14365,24,<346,12>,<346,36>),|java+method:///java/awt/Window/dispose()|>,
  <<|java+class:///net/sourceforge/jsxe/gui/DirtyFilesDialog|,|java+class:///net/sourceforge/jsxe/gui/EnhancedDialog|>,211,|project://jsXe-04_beta/src/net/sourceforge/jsxe/jsXe.java|(30375,29,<744,16>,<744,45>),|java+method:///java/awt/Window/setSize(int,int)|>,
  <<|java+class:///net/sourceforge/jsxe/gui/DirtyFilesDialog|,|java+class:///net/sourceforge/jsxe/gui/EnhancedDialog|>,211,|project://jsXe-04_beta/src/net/sourceforge/jsxe/jsXe.java|(30422,30,<745,16>,<745,46>),|java+method:///java/awt/Dialog/setResizable(boolean)|>,
  <<|java+class:///org/syntax/jedit/JEditTextArea|,|java+class:///javax/swing/JComponent|>,211,|project://jsXe-04_beta/jars/sourceview/src/org/syntax/jedit/InputHandler.java|(14547,21,<417,16>,<417,37>),|java+method:///java/awt/Component/getToolkit()|>,
  <<|java+class:///org/syntax/jedit/JEditTextArea|,|java+class:///javax/swing/JComponent|>,211,|project://jsXe-04_beta/jars/sourceview/src/org/syntax/jedit/InputHandler.java|(14937,21,<431,20>,<431,41>),|java+method:///java/awt/Component/getToolkit()|>,
  <<|java+class:///org/syntax/jedit/SyntaxDocument|,|java+class:///javax/swing/text/PlainDocument|>,211,|project://jsXe-04_beta/jars/sourceview/src/org/syntax/jedit/InputHandler.java|(15071,42,<436,20>,<436,62>),|java+method:///javax/swing/text/AbstractDocument/remove(int,int)|>,
  <<|java+class:///org/syntax/jedit/JEditTextArea|,|java+class:///javax/swing/JComponent|>,211,|project://jsXe-04_beta/jars/sourceview/src/org/syntax/jedit/InputHandler.java|(16023,21,<468,20>,<468,41>),|java+method:///java/awt/Component/getToolkit()|>,
  <<|java+class:///org/syntax/jedit/SyntaxDocument|,|java+class:///javax/swing/text/PlainDocument|>,211,|project://jsXe-04_beta/jars/sourceview/src/org/syntax/jedit/InputHandler.java|(16212,47,<475,43>,<475,90>),|java+method:///javax/swing/text/AbstractDocument/getProperty(java.lang.Object)|>,
  <<|java+class:///org/syntax/jedit/SyntaxDocument|,|java+class:///javax/swing/text/PlainDocument|>,211,|project://jsXe-04_beta/jars/sourceview/src/org/syntax/jedit/InputHandler.java|(16401,126,<481,16>,<483,52>),|java+method:///javax/swing/text/AbstractDocument/remove(int,int)|>,
  <<|java+class:///org/syntax/jedit/JEditTextArea|,|java+class:///javax/swing/JComponent|>,211,|project://jsXe-04_beta/jars/sourceview/src/org/syntax/jedit/InputHandler.java|(16920,21,<500,16>,<500,37>),|java+method:///java/awt/Component/getToolkit()|>,
  <<|java+class:///org/syntax/jedit/JEditTextArea|,|java+class:///javax/swing/JComponent|>,211,|project://jsXe-04_beta/jars/sourceview/src/org/syntax/jedit/InputHandler.java|(17337,21,<514,20>,<514,41>),|java+method:///java/awt/Component/getToolkit()|>,
  <<|java+class:///org/syntax/jedit/SyntaxDocument|,|java+class:///javax/swing/text/PlainDocument|>,211,|project://jsXe-04_beta/jars/sourceview/src/org/syntax/jedit/InputHandler.java|(17471,38,<519,20>,<519,58>),|java+method:///javax/swing/text/AbstractDocument/remove(int,int)|>,
  <<|java+class:///org/syntax/jedit/JEditTextArea|,|java+class:///javax/swing/JComponent|>,211,|project://jsXe-04_beta/jars/sourceview/src/org/syntax/jedit/InputHandler.java|(18467,21,<551,20>,<551,41>),|java+method:///java/awt/Component/getToolkit()|>,
  <<|java+class:///org/syntax/jedit/SyntaxDocument|,|java+class:///javax/swing/text/PlainDocument|>,211,|project://jsXe-04_beta/jars/sourceview/src/org/syntax/jedit/InputHandler.java|(18656,47,<558,43>,<558,90>),|java+method:///javax/swing/text/AbstractDocument/getProperty(java.lang.Object)|>,
  <<|java+class:///org/syntax/jedit/SyntaxDocument|,|java+class:///javax/swing/text/PlainDocument|>,211,|project://jsXe-04_beta/jars/sourceview/src/org/syntax/jedit/InputHandler.java|(18843,85,<564,16>,<565,48>),|java+method:///javax/swing/text/AbstractDocument/remove(int,int)|>,
  <<|java+class:///org/syntax/jedit/JEditTextArea|,|java+class:///javax/swing/JComponent|>,211,|project://jsXe-04_beta/jars/sourceview/src/org/syntax/jedit/InputHandler.java|(20115,21,<605,16>,<605,37>),|java+method:///java/awt/Component/getToolkit()|>,
  <<|java+class:///org/syntax/jedit/JEditTextArea|,|java+class:///javax/swing/JComponent|>,211,|project://jsXe-04_beta/jars/sourceview/src/org/syntax/jedit/InputHandler.java|(20231,51,<608,41>,<608,92>),|java+method:///javax/swing/JComponent/getClientProperty(java.lang.Object)|>,
  <<|java+class:///org/syntax/jedit/JEditTextArea|,|java+class:///javax/swing/JComponent|>,211,|project://jsXe-04_beta/jars/sourceview/src/org/syntax/jedit/InputHandler.java|(22781,21,<688,16>,<688,37>),|java+method:///java/awt/Component/getToolkit()|>,
  <<|java+class:///org/syntax/jedit/JEditTextArea|,|java+class:///javax/swing/JComponent|>,211,|project://jsXe-04_beta/jars/sourceview/src/org/syntax/jedit/InputHandler.java|(22897,51,<691,41>,<691,92>),|java+method:///javax/swing/JComponent/getClientProperty(java.lang.Object)|>,
  <<|java+class:///org/syntax/jedit/JEditTextArea|,|java+class:///javax/swing/JComponent|>,211,|project://jsXe-04_beta/jars/sourceview/src/org/syntax/jedit/InputHandler.java|(24597,21,<744,16>,<744,37>),|java+method:///java/awt/Component/getToolkit()|>,
  <<|java+class:///org/syntax/jedit/JEditTextArea|,|java+class:///javax/swing/JComponent|>,211,|project://jsXe-04_beta/jars/sourceview/src/org/syntax/jedit/InputHandler.java|(24982,21,<760,16>,<760,37>),|java+method:///java/awt/Component/getToolkit()|>,
  <<|java+class:///org/syntax/jedit/JEditTextArea|,|java+class:///javax/swing/JComponent|>,211,|project://jsXe-04_beta/jars/sourceview/src/org/syntax/jedit/InputHandler.java|(25571,21,<783,16>,<783,37>),|java+method:///java/awt/Component/getToolkit()|>,
  <<|java+class:///org/syntax/jedit/JEditTextArea|,|java+class:///javax/swing/JComponent|>,211,|project://jsXe-04_beta/jars/sourceview/src/org/syntax/jedit/InputHandler.java|(26340,21,<812,16>,<812,37>),|java+method:///java/awt/Component/getToolkit()|>,
  <<|java+class:///org/syntax/jedit/JEditTextArea|,|java+class:///javax/swing/JComponent|>,211,|project://jsXe-04_beta/jars/sourceview/src/org/syntax/jedit/InputHandler.java|(28791,21,<891,20>,<891,41>),|java+method:///java/awt/Component/getToolkit()|>,
  <<|java+class:///org/syntax/jedit/SyntaxDocument|,|java+class:///javax/swing/text/PlainDocument|>,211,|project://jsXe-04_beta/jars/sourceview/src/org/syntax/jedit/InputHandler.java|(28980,47,<898,43>,<898,90>),|java+method:///javax/swing/text/AbstractDocument/getProperty(java.lang.Object)|>,
  <<|java+class:///org/syntax/jedit/JEditTextArea|,|java+class:///javax/swing/JComponent|>,211,|project://jsXe-04_beta/jars/sourceview/src/org/syntax/jedit/InputHandler.java|(30055,21,<935,16>,<935,37>),|java+method:///java/awt/Component/getToolkit()|>,
  <<|java+class:///org/syntax/jedit/JEditTextArea|,|java+class:///javax/swing/JComponent|>,211,|project://jsXe-04_beta/jars/sourceview/src/org/syntax/jedit/InputHandler.java|(30798,21,<964,16>,<964,37>),|java+method:///java/awt/Component/getToolkit()|>,
  <<|java+class:///org/syntax/jedit/JEditTextArea|,|java+class:///javax/swing/JComponent|>,211,|project://jsXe-04_beta/jars/sourceview/src/org/syntax/jedit/InputHandler.java|(33048,21,<1039,20>,<1039,41>),|java+method:///java/awt/Component/getToolkit()|>,
  <<|java+class:///org/syntax/jedit/SyntaxDocument|,|java+class:///javax/swing/text/PlainDocument|>,211,|project://jsXe-04_beta/jars/sourceview/src/org/syntax/jedit/InputHandler.java|(33237,47,<1046,43>,<1046,90>),|java+method:///javax/swing/text/AbstractDocument/getProperty(java.lang.Object)|>,
  <<|java+class:///org/syntax/jedit/JEditTextArea|,|java+class:///javax/swing/JComponent|>,211,|project://jsXe-04_beta/jars/sourceview/src/org/syntax/jedit/InputHandler.java|(35108,21,<1102,16>,<1102,37>),|java+method:///java/awt/Component/getToolkit()|>,
  <<|java+class:///net/sourceforge/jsxe/DocumentBuffer|,|java+class:///net/sourceforge/jsxe/dom/XMLDocument|>,210,|project://jsXe-04_beta/jars/treeview/src/treeview/DefaultViewOptionsPanel.java|(2065,58,<74,51>,<74,109>),|java+method:///net/sourceforge/jsxe/dom/XMLDocument/getProperty(java.lang.String,java.lang.String)|>,
  <<|java+class:///net/sourceforge/jsxe/DocumentBuffer|,|java+class:///net/sourceforge/jsxe/dom/XMLDocument|>,210,|project://jsXe-04_beta/jars/treeview/src/treeview/DefaultViewOptionsPanel.java|(2310,62,<76,51>,<76,113>),|java+method:///net/sourceforge/jsxe/dom/XMLDocument/getProperty(java.lang.String,java.lang.String)|>,
  <<|java+class:///net/sourceforge/jsxe/DocumentBuffer|,|java+class:///net/sourceforge/jsxe/dom/XMLDocument|>,210,|project://jsXe-04_beta/jars/treeview/src/treeview/DefaultViewOptionsPanel.java|(2417,62,<77,27>,<77,89>),|java+method:///net/sourceforge/jsxe/dom/XMLDocument/getProperty(java.lang.String,java.lang.String)|>,
  <<|java+class:///net/sourceforge/jsxe/DocumentBuffer|,|java+class:///net/sourceforge/jsxe/dom/XMLDocument|>,210,|project://jsXe-04_beta/jars/treeview/src/treeview/DefaultViewOptionsPanel.java|(5610,99,<150,8>,<150,107>),|java+method:///net/sourceforge/jsxe/dom/XMLDocument/setProperty(java.lang.String,java.lang.String)|>,
  <<|java+class:///net/sourceforge/jsxe/DocumentBuffer|,|java+class:///net/sourceforge/jsxe/dom/XMLDocument|>,210,|project://jsXe-04_beta/jars/treeview/src/treeview/DefaultViewOptionsPanel.java|(5833,107,<152,8>,<152,115>),|java+method:///net/sourceforge/jsxe/dom/XMLDocument/setProperty(java.lang.String,java.lang.String)|>,
  <<|java+class:///net/sourceforge/jsxe/DocumentBuffer|,|java+class:///net/sourceforge/jsxe/dom/XMLDocument|>,210,|project://jsXe-04_beta/jars/treeview/src/treeview/DefaultViewOptionsPanel.java|(5950,101,<153,8>,<153,109>),|java+method:///net/sourceforge/jsxe/dom/XMLDocument/setProperty(java.lang.String,java.lang.String)|>,
  <<|java+class:///sourceview/SourceView|,|java+class:///javax/swing/JPanel|>,211,|project://jsXe-04_beta/jars/sourceview/src/sourceview/SourceViewSearchDialog.java|(2674,16,<95,31>,<95,47>),|java+method:///java/awt/Component/getParent()|>,
  <<|java+class:///sourceview/SourceViewSearchDialog|,|java+class:///net/sourceforge/jsxe/gui/EnhancedDialog|>,211,|project://jsXe-04_beta/jars/sourceview/src/sourceview/SourceViewSearchDialog.java|(2957,25,<103,8>,<103,33>),|java+method:///java/awt/Dialog/setVisible(boolean)|>,
  <<|java+class:///net/sourceforge/jsxe/DocumentBuffer|,|java+class:///net/sourceforge/jsxe/dom/XMLDocument|>,210,|project://jsXe-04_beta/jars/sourceview/src/sourceview/SourceViewSearchDialog.java|(10563,18,<324,47>,<324,65>),|java+method:///net/sourceforge/jsxe/dom/XMLDocument/getLength()|>,
  <<|java+class:///net/sourceforge/jsxe/DocumentBuffer|,|java+class:///net/sourceforge/jsxe/dom/XMLDocument|>,210,|project://jsXe-04_beta/jars/sourceview/src/sourceview/SourceViewSearchDialog.java|(10542,40,<324,26>,<324,66>),|java+method:///net/sourceforge/jsxe/dom/XMLDocument/getSegment(int,int)|>,
  <<|java+class:///net/sourceforge/jsxe/DocumentBuffer|,|java+class:///net/sourceforge/jsxe/dom/XMLDocument|>,210,|project://jsXe-04_beta/jars/sourceview/src/sourceview/SourceViewSearchDialog.java|(10831,55,<330,12>,<330,67>),|java+method:///net/sourceforge/jsxe/dom/XMLDocument/setProperty(java.lang.String,java.lang.String)|>
]