[
  <<|java+class:///net/sourceforge/jsxe/gui/DirtyFilesDialog|,|java+class:///net/sourceforge/jsxe/gui/EnhancedDialog|>,220,<|java+method:///net/sourceforge/jsxe/gui/EnhancedDialog/loadGeometry(java.awt.Window,java.lang.String)|,|java+constructor:///net/sourceforge/jsxe/gui/DirtyFilesDialog/DirtyFilesDialog(net.sourceforge.jsxe.gui.TabbedView,java.util.ArrayList)|>>,
  <<|java+class:///net/sourceforge/jsxe/gui/DirtyFilesDialog|,|java+class:///net/sourceforge/jsxe/gui/EnhancedDialog|>,220,<|java+method:///net/sourceforge/jsxe/gui/EnhancedDialog/saveGeometry(java.awt.Window,java.lang.String)|,|java+method:///net/sourceforge/jsxe/gui/DirtyFilesDialog/cancel()|>>,
  <<|java+class:///net/sourceforge/jsxe/gui/PluginManagerDialog|,|java+class:///net/sourceforge/jsxe/gui/EnhancedDialog|>,220,<|java+method:///net/sourceforge/jsxe/gui/EnhancedDialog/loadGeometry(java.awt.Window,java.lang.String)|,|java+constructor:///net/sourceforge/jsxe/gui/PluginManagerDialog/PluginManagerDialog(net.sourceforge.jsxe.gui.TabbedView)|>>,
  <<|java+class:///net/sourceforge/jsxe/gui/PluginManagerDialog|,|java+class:///net/sourceforge/jsxe/gui/EnhancedDialog|>,220,<|java+method:///net/sourceforge/jsxe/gui/EnhancedDialog/saveGeometry(java.awt.Window,java.lang.String)|,|java+method:///net/sourceforge/jsxe/gui/PluginManagerDialog/cancel()|>>,
  <<|java+class:///net/sourceforge/jsxe/gui/GlobalOptionsDialog|,|java+class:///net/sourceforge/jsxe/gui/OptionsDialog|>,220,<|java+method:///net/sourceforge/jsxe/gui/OptionsDialog/addOptionGroup(net.sourceforge.jsxe.options.OptionGroup,net.sourceforge.jsxe.options.OptionGroup)|,|java+method:///net/sourceforge/jsxe/gui/GlobalOptionsDialog/createOptionTreeModel()|>>,
  <<|java+class:///net/sourceforge/jsxe/gui/GlobalOptionsDialog|,|java+class:///net/sourceforge/jsxe/gui/OptionsDialog|>,220,<|java+method:///net/sourceforge/jsxe/gui/OptionsDialog/addOptionPane(net.sourceforge.jsxe.options.OptionPane)|,|java+method:///net/sourceforge/jsxe/gui/GlobalOptionsDialog/createOptionTreeModel()|>>,
  <<|java+class:///net/sourceforge/jsxe/gui/OptionsDialog|,|java+class:///net/sourceforge/jsxe/gui/EnhancedDialog|>,220,<|java+method:///net/sourceforge/jsxe/gui/EnhancedDialog/saveGeometry(java.awt.Window,java.lang.String)|,|java+method:///net/sourceforge/jsxe/gui/OptionsDialog/ok(boolean)|>>,
  <<|java+class:///net/sourceforge/jsxe/gui/OptionsDialog|,|java+class:///net/sourceforge/jsxe/gui/EnhancedDialog|>,220,<|java+method:///net/sourceforge/jsxe/gui/EnhancedDialog/saveGeometry(java.awt.Window,java.lang.String)|,|java+method:///net/sourceforge/jsxe/gui/OptionsDialog/cancel()|>>,
  <<|java+class:///net/sourceforge/jsxe/gui/OptionsDialog|,|java+class:///net/sourceforge/jsxe/gui/EnhancedDialog|>,220,<|java+method:///net/sourceforge/jsxe/gui/EnhancedDialog/loadGeometry(java.awt.Window,java.lang.String)|,|java+method:///net/sourceforge/jsxe/gui/OptionsDialog/init(java.lang.String,java.lang.String)|>>,
  <<|java+class:///gnu/regexp/RE|,|java+class:///gnu/regexp/REToken|>,220,<|java+method:///gnu/regexp/REToken/chain(gnu.regexp.REToken)|,|java+method:///gnu/regexp/RE/chain(gnu.regexp.REToken)|>>,
  <<|java+class:///gnu/regexp/RE|,|java+class:///gnu/regexp/REToken|>,220,<|java+method:///gnu/regexp/REToken/getMinimumLength()|,|java+method:///gnu/regexp/RE/addToken(gnu.regexp.REToken)|>>,
  <<|java+class:///gnu/regexp/RE|,|java+class:///gnu/regexp/REToken|>,220,<|java+method:///gnu/regexp/REToken/chain(gnu.regexp.REToken)|,|java+method:///gnu/regexp/RE/addToken(gnu.regexp.REToken)|>>,
  <<|java+class:///gnu/regexp/RE|,|java+class:///gnu/regexp/REToken|>,220,<|java+field:///gnu/regexp/REToken/subIndex|,|java+method:///gnu/regexp/RE/dump(java.lang.StringBuffer)|>>,
  <<|java+class:///gnu/regexp/RE|,|java+class:///gnu/regexp/REToken|>,220,<|java+method:///gnu/regexp/REToken/dumpAll(java.lang.StringBuffer)|,|java+method:///gnu/regexp/RE/dump(java.lang.StringBuffer)|>>,
  <<|java+class:///gnu/regexp/RE|,|java+class:///gnu/regexp/REToken|>,220,<|java+method:///gnu/regexp/REToken/match(gnu.regexp.CharIndexed,gnu.regexp.REMatch)|,|java+method:///gnu/regexp/RE/isMatchImpl(gnu.regexp.CharIndexed,int,int)|>>,
  <<|java+class:///gnu/regexp/RE|,|java+class:///gnu/regexp/REToken|>,220,<|java+method:///gnu/regexp/REToken/setUncle(gnu.regexp.REToken)|,|java+method:///gnu/regexp/RE/setUncle(gnu.regexp.REToken)|>>,
  <<|java+class:///gnu/regexp/RE|,|java+class:///gnu/regexp/REToken|>,220,<|java+field:///gnu/regexp/REToken/subIndex|,|java+method:///gnu/regexp/RE/initialize(java.lang.Object,int,gnu.regexp.RESyntax,int,int)|>>,
  <<|java+class:///gnu/regexp/RE|,|java+class:///gnu/regexp/REToken|>,220,<|java+method:///gnu/regexp/REToken/getMinimumLength()|,|java+method:///gnu/regexp/RE/initialize(java.lang.Object,int,gnu.regexp.RESyntax,int,int)|>>,
  <<|java+class:///gnu/regexp/RE|,|java+class:///gnu/regexp/REToken|>,220,<|java+field:///gnu/regexp/REToken/subIndex|,|java+method:///gnu/regexp/RE/setRepeated(gnu.regexp.REToken,int,int,int)|>>,
  <<|java+class:///gnu/regexp/RE|,|java+class:///gnu/regexp/REToken|>,220,<|java+field:///gnu/regexp/REToken/subIndex|,|java+method:///gnu/regexp/RE/match(gnu.regexp.CharIndexed,gnu.regexp.REMatch)|>>,
  <<|java+class:///gnu/regexp/RE|,|java+class:///gnu/regexp/REToken|>,220,<|java+method:///gnu/regexp/REToken/next(gnu.regexp.CharIndexed,gnu.regexp.REMatch)|,|java+method:///gnu/regexp/RE/match(gnu.regexp.CharIndexed,gnu.regexp.REMatch)|>>,
  <<|java+class:///gnu/regexp/RE|,|java+class:///gnu/regexp/REToken|>,220,<|java+method:///gnu/regexp/REToken/match(gnu.regexp.CharIndexed,gnu.regexp.REMatch)|,|java+method:///gnu/regexp/RE/match(gnu.regexp.CharIndexed,gnu.regexp.REMatch)|>>,
  <<|java+class:///gnu/regexp/RETokenRepeated|,|java+class:///gnu/regexp/REToken|>,220,<|java+method:///gnu/regexp/REToken/next(gnu.regexp.CharIndexed,gnu.regexp.REMatch)|,|java+method:///gnu/regexp/RETokenRepeated/matchRest(gnu.regexp.CharIndexed,gnu.regexp.REMatch)|>>,
  <<|java+class:///gnu/regexp/RETokenRepeated|,|java+class:///gnu/regexp/REToken|>,220,<|java+method:///gnu/regexp/REToken/getMinimumLength()|,|java+method:///gnu/regexp/RETokenRepeated/getMinimumLength()|>>,
  <<|java+class:///gnu/regexp/RETokenRepeated|,|java+class:///gnu/regexp/REToken|>,220,<|java+method:///gnu/regexp/REToken/match(gnu.regexp.CharIndexed,gnu.regexp.REMatch)|,|java+method:///gnu/regexp/RETokenRepeated/match(gnu.regexp.CharIndexed,gnu.regexp.REMatch)|>>,
  <<|java+class:///gnu/regexp/RETokenRepeated|,|java+class:///gnu/regexp/REToken|>,220,<|java+method:///gnu/regexp/REToken/dumpAll(java.lang.StringBuffer)|,|java+method:///gnu/regexp/RETokenRepeated/dump(java.lang.StringBuffer)|>>,
  <<|java+class:///gnu/regexp/RETokenStart|,|java+class:///gnu/regexp/REToken|>,220,<|java+method:///gnu/regexp/REToken/next(gnu.regexp.CharIndexed,gnu.regexp.REMatch)|,|java+method:///gnu/regexp/RETokenStart/match(gnu.regexp.CharIndexed,gnu.regexp.REMatch)|>>,
  <<|java+class:///gnu/regexp/RETokenLookAhead|,|java+class:///gnu/regexp/REToken|>,220,<|java+method:///gnu/regexp/REToken/next(gnu.regexp.CharIndexed,gnu.regexp.REMatch)|,|java+method:///gnu/regexp/RETokenLookAhead/match(gnu.regexp.CharIndexed,gnu.regexp.REMatch)|>>,
  <<|java+class:///gnu/regexp/RETokenLookAhead|,|java+class:///gnu/regexp/REToken|>,220,<|java+method:///gnu/regexp/REToken/match(gnu.regexp.CharIndexed,gnu.regexp.REMatch)|,|java+method:///gnu/regexp/RETokenLookAhead/match(gnu.regexp.CharIndexed,gnu.regexp.REMatch)|>>,
  <<|java+class:///gnu/regexp/RETokenLookAhead|,|java+class:///gnu/regexp/REToken|>,220,<|java+method:///gnu/regexp/REToken/dumpAll(java.lang.StringBuffer)|,|java+method:///gnu/regexp/RETokenLookAhead/dump(java.lang.StringBuffer)|>>,
  <<|java+class:///treeview/TreeViewPlugin|,|java+class:///net/sourceforge/jsxe/ActionPlugin|>,220,<|java+method:///net/sourceforge/jsxe/ActionPlugin/addAction(java.lang.String,javax.swing.Action)|,|java+constructor:///treeview/TreeViewPlugin/TreeViewPlugin()|>>,
  <<|java+class:///sourceview/SourceViewPlugin|,|java+class:///net/sourceforge/jsxe/ActionPlugin|>,220,<|java+method:///net/sourceforge/jsxe/ActionPlugin/addAction(java.lang.String,javax.swing.Action)|,|java+constructor:///sourceview/SourceViewPlugin/SourceViewPlugin()|>>,
  <<|java+class:///gnu/regexp/RETokenPOSIX|,|java+class:///gnu/regexp/REToken|>,220,<|java+method:///gnu/regexp/REToken/next(gnu.regexp.CharIndexed,gnu.regexp.REMatch)|,|java+method:///gnu/regexp/RETokenPOSIX/match(gnu.regexp.CharIndexed,gnu.regexp.REMatch)|>>,
  <<|java+class:///net/sourceforge/jsxe/gui/ActivityLogDialog|,|java+class:///net/sourceforge/jsxe/gui/EnhancedDialog|>,220,<|java+method:///net/sourceforge/jsxe/gui/EnhancedDialog/loadGeometry(java.awt.Window,java.lang.String)|,|java+constructor:///net/sourceforge/jsxe/gui/ActivityLogDialog/ActivityLogDialog(net.sourceforge.jsxe.gui.TabbedView)|>>,
  <<|java+class:///net/sourceforge/jsxe/gui/ActivityLogDialog|,|java+class:///net/sourceforge/jsxe/gui/EnhancedDialog|>,220,<|java+method:///net/sourceforge/jsxe/gui/EnhancedDialog/saveGeometry(java.awt.Window,java.lang.String)|,|java+method:///net/sourceforge/jsxe/gui/ActivityLogDialog/cancel()|>>,
  <<|java+class:///org/syntax/jedit/DefaultInputHandler|,|java+class:///org/syntax/jedit/InputHandler|>,220,<|java+field:///org/syntax/jedit/InputHandler/repeatCount|,|java+method:///org/syntax/jedit/DefaultInputHandler/keyTyped(java.awt.event.KeyEvent)|>>,
  <<|java+class:///org/syntax/jedit/DefaultInputHandler|,|java+class:///org/syntax/jedit/InputHandler|>,220,<|java+method:///org/syntax/jedit/InputHandler/handleGrabAction(java.awt.event.KeyEvent)|,|java+method:///org/syntax/jedit/DefaultInputHandler/keyTyped(java.awt.event.KeyEvent)|>>,
  <<|java+class:///org/syntax/jedit/DefaultInputHandler|,|java+class:///org/syntax/jedit/InputHandler|>,220,<|java+method:///org/syntax/jedit/InputHandler/executeAction(java.awt.event.ActionListener,java.lang.Object,java.lang.String)|,|java+method:///org/syntax/jedit/DefaultInputHandler/keyTyped(java.awt.event.KeyEvent)|>>,
  <<|java+class:///org/syntax/jedit/DefaultInputHandler|,|java+class:///org/syntax/jedit/InputHandler|>,220,<|java+field:///org/syntax/jedit/InputHandler/INSERT_CHAR|,|java+method:///org/syntax/jedit/DefaultInputHandler/keyTyped(java.awt.event.KeyEvent)|>>,
  <<|java+class:///org/syntax/jedit/DefaultInputHandler|,|java+class:///org/syntax/jedit/InputHandler|>,220,<|java+field:///org/syntax/jedit/InputHandler/repeat|,|java+method:///org/syntax/jedit/DefaultInputHandler/keyTyped(java.awt.event.KeyEvent)|>>,
  <<|java+class:///org/syntax/jedit/DefaultInputHandler|,|java+class:///org/syntax/jedit/InputHandler|>,220,<|java+field:///org/syntax/jedit/InputHandler/grabAction|,|java+method:///org/syntax/jedit/DefaultInputHandler/keyTyped(java.awt.event.KeyEvent)|>>,
  <<|java+class:///org/syntax/jedit/DefaultInputHandler|,|java+class:///org/syntax/jedit/InputHandler|>,220,<|java+field:///org/syntax/jedit/InputHandler/INSERT_TAB|,|java+method:///org/syntax/jedit/DefaultInputHandler/addDefaultKeyBindings()|>>,
  <<|java+class:///org/syntax/jedit/DefaultInputHandler|,|java+class:///org/syntax/jedit/InputHandler|>,220,<|java+field:///org/syntax/jedit/InputHandler/SELECT_DOC_END|,|java+method:///org/syntax/jedit/DefaultInputHandler/addDefaultKeyBindings()|>>,
  <<|java+class:///org/syntax/jedit/DefaultInputHandler|,|java+class:///org/syntax/jedit/InputHandler|>,220,<|java+field:///org/syntax/jedit/InputHandler/INSERT_BREAK|,|java+method:///org/syntax/jedit/DefaultInputHandler/addDefaultKeyBindings()|>>,
  <<|java+class:///org/syntax/jedit/DefaultInputHandler|,|java+class:///org/syntax/jedit/InputHandler|>,220,<|java+field:///org/syntax/jedit/InputHandler/DELETE_WORD|,|java+method:///org/syntax/jedit/DefaultInputHandler/addDefaultKeyBindings()|>>,
  <<|java+class:///org/syntax/jedit/DefaultInputHandler|,|java+class:///org/syntax/jedit/InputHandler|>,220,<|java+field:///org/syntax/jedit/InputHandler/CLIP_COPY|,|java+method:///org/syntax/jedit/DefaultInputHandler/addDefaultKeyBindings()|>>,
  <<|java+class:///org/syntax/jedit/DefaultInputHandler|,|java+class:///org/syntax/jedit/InputHandler|>,220,<|java+field:///org/syntax/jedit/InputHandler/CLIP_PASTE|,|java+method:///org/syntax/jedit/DefaultInputHandler/addDefaultKeyBindings()|>>,
  <<|java+class:///org/syntax/jedit/DefaultInputHandler|,|java+class:///org/syntax/jedit/InputHandler|>,220,<|java+field:///org/syntax/jedit/InputHandler/SELECT_DOC_HOME|,|java+method:///org/syntax/jedit/DefaultInputHandler/addDefaultKeyBindings()|>>,
  <<|java+class:///org/syntax/jedit/DefaultInputHandler|,|java+class:///org/syntax/jedit/InputHandler|>,220,<|java+field:///org/syntax/jedit/InputHandler/OVERWRITE|,|java+method:///org/syntax/jedit/DefaultInputHandler/addDefaultKeyBindings()|>>,
  <<|java+class:///org/syntax/jedit/DefaultInputHandler|,|java+class:///org/syntax/jedit/InputHandler|>,220,<|java+field:///org/syntax/jedit/InputHandler/BACKSPACE_WORD|,|java+method:///org/syntax/jedit/DefaultInputHandler/addDefaultKeyBindings()|>>,
  <<|java+class:///org/syntax/jedit/DefaultInputHandler|,|java+class:///org/syntax/jedit/InputHandler|>,220,<|java+field:///org/syntax/jedit/InputHandler/NEXT_WORD|,|java+method:///org/syntax/jedit/DefaultInputHandler/addDefaultKeyBindings()|>>,
  <<|java+class:///org/syntax/jedit/DefaultInputHandler|,|java+class:///org/syntax/jedit/InputHandler|>,220,<|java+field:///org/syntax/jedit/InputHandler/PREV_WORD|,|java+method:///org/syntax/jedit/DefaultInputHandler/addDefaultKeyBindings()|>>,
  <<|java+class:///org/syntax/jedit/DefaultInputHandler|,|java+class:///org/syntax/jedit/InputHandler|>,220,<|java+field:///org/syntax/jedit/InputHandler/SELECT_NEXT_WORD|,|java+method:///org/syntax/jedit/DefaultInputHandler/addDefaultKeyBindings()|>>,
  <<|java+class:///org/syntax/jedit/DefaultInputHandler|,|java+class:///org/syntax/jedit/InputHandler|>,220,<|java+field:///org/syntax/jedit/InputHandler/SELECT_PREV_WORD|,|java+method:///org/syntax/jedit/DefaultInputHandler/addDefaultKeyBindings()|>>,
  <<|java+class:///org/syntax/jedit/DefaultInputHandler|,|java+class:///org/syntax/jedit/InputHandler|>,220,<|java+field:///org/syntax/jedit/InputHandler/CLIP_CUT|,|java+method:///org/syntax/jedit/DefaultInputHandler/addDefaultKeyBindings()|>>,
  <<|java+class:///org/syntax/jedit/DefaultInputHandler|,|java+class:///org/syntax/jedit/InputHandler|>,220,<|java+field:///org/syntax/jedit/InputHandler/DOCUMENT_END|,|java+method:///org/syntax/jedit/DefaultInputHandler/addDefaultKeyBindings()|>>,
  <<|java+class:///org/syntax/jedit/DefaultInputHandler|,|java+class:///org/syntax/jedit/InputHandler|>,220,<|java+field:///org/syntax/jedit/InputHandler/END|,|java+method:///org/syntax/jedit/DefaultInputHandler/addDefaultKeyBindings()|>>,
  <<|java+class:///org/syntax/jedit/DefaultInputHandler|,|java+class:///org/syntax/jedit/InputHandler|>,220,<|java+field:///org/syntax/jedit/InputHandler/NEXT_PAGE|,|java+method:///org/syntax/jedit/DefaultInputHandler/addDefaultKeyBindings()|>>,
  <<|java+class:///org/syntax/jedit/DefaultInputHandler|,|java+class:///org/syntax/jedit/InputHandler|>,220,<|java+field:///org/syntax/jedit/InputHandler/PREV_PAGE|,|java+method:///org/syntax/jedit/DefaultInputHandler/addDefaultKeyBindings()|>>,
  <<|java+class:///org/syntax/jedit/DefaultInputHandler|,|java+class:///org/syntax/jedit/InputHandler|>,220,<|java+field:///org/syntax/jedit/InputHandler/SELECT_END|,|java+method:///org/syntax/jedit/DefaultInputHandler/addDefaultKeyBindings()|>>,
  <<|java+class:///org/syntax/jedit/DefaultInputHandler|,|java+class:///org/syntax/jedit/InputHandler|>,220,<|java+field:///org/syntax/jedit/InputHandler/SELECT_NEXT_PAGE|,|java+method:///org/syntax/jedit/DefaultInputHandler/addDefaultKeyBindings()|>>,
  <<|java+class:///org/syntax/jedit/DefaultInputHandler|,|java+class:///org/syntax/jedit/InputHandler|>,220,<|java+field:///org/syntax/jedit/InputHandler/SELECT_PREV_PAGE|,|java+method:///org/syntax/jedit/DefaultInputHandler/addDefaultKeyBindings()|>>,
  <<|java+class:///org/syntax/jedit/DefaultInputHandler|,|java+class:///org/syntax/jedit/InputHandler|>,220,<|java+field:///org/syntax/jedit/InputHandler/REPEAT|,|java+method:///org/syntax/jedit/DefaultInputHandler/addDefaultKeyBindings()|>>,
  <<|java+class:///org/syntax/jedit/DefaultInputHandler|,|java+class:///org/syntax/jedit/InputHandler|>,220,<|java+field:///org/syntax/jedit/InputHandler/BACKSPACE|,|java+method:///org/syntax/jedit/DefaultInputHandler/addDefaultKeyBindings()|>>,
  <<|java+class:///org/syntax/jedit/DefaultInputHandler|,|java+class:///org/syntax/jedit/InputHandler|>,220,<|java+field:///org/syntax/jedit/InputHandler/PREV_LINE|,|java+method:///org/syntax/jedit/DefaultInputHandler/addDefaultKeyBindings()|>>,
  <<|java+class:///org/syntax/jedit/DefaultInputHandler|,|java+class:///org/syntax/jedit/InputHandler|>,220,<|java+field:///org/syntax/jedit/InputHandler/NEXT_LINE|,|java+method:///org/syntax/jedit/DefaultInputHandler/addDefaultKeyBindings()|>>,
  <<|java+class:///org/syntax/jedit/DefaultInputHandler|,|java+class:///org/syntax/jedit/InputHandler|>,220,<|java+field:///org/syntax/jedit/InputHandler/SELECT_NEXT_LINE|,|java+method:///org/syntax/jedit/DefaultInputHandler/addDefaultKeyBindings()|>>,
  <<|java+class:///org/syntax/jedit/DefaultInputHandler|,|java+class:///org/syntax/jedit/InputHandler|>,220,<|java+field:///org/syntax/jedit/InputHandler/SELECT_PREV_LINE|,|java+method:///org/syntax/jedit/DefaultInputHandler/addDefaultKeyBindings()|>>,
  <<|java+class:///org/syntax/jedit/DefaultInputHandler|,|java+class:///org/syntax/jedit/InputHandler|>,220,<|java+field:///org/syntax/jedit/InputHandler/PREV_CHAR|,|java+method:///org/syntax/jedit/DefaultInputHandler/addDefaultKeyBindings()|>>,
  <<|java+class:///org/syntax/jedit/DefaultInputHandler|,|java+class:///org/syntax/jedit/InputHandler|>,220,<|java+field:///org/syntax/jedit/InputHandler/SELECT_HOME|,|java+method:///org/syntax/jedit/DefaultInputHandler/addDefaultKeyBindings()|>>,
  <<|java+class:///org/syntax/jedit/DefaultInputHandler|,|java+class:///org/syntax/jedit/InputHandler|>,220,<|java+field:///org/syntax/jedit/InputHandler/SELECT_ALL|,|java+method:///org/syntax/jedit/DefaultInputHandler/addDefaultKeyBindings()|>>,
  <<|java+class:///org/syntax/jedit/DefaultInputHandler|,|java+class:///org/syntax/jedit/InputHandler|>,220,<|java+field:///org/syntax/jedit/InputHandler/NEXT_CHAR|,|java+method:///org/syntax/jedit/DefaultInputHandler/addDefaultKeyBindings()|>>,
  <<|java+class:///org/syntax/jedit/DefaultInputHandler|,|java+class:///org/syntax/jedit/InputHandler|>,220,<|java+field:///org/syntax/jedit/InputHandler/HOME|,|java+method:///org/syntax/jedit/DefaultInputHandler/addDefaultKeyBindings()|>>,
  <<|java+class:///org/syntax/jedit/DefaultInputHandler|,|java+class:///org/syntax/jedit/InputHandler|>,220,<|java+field:///org/syntax/jedit/InputHandler/DOCUMENT_HOME|,|java+method:///org/syntax/jedit/DefaultInputHandler/addDefaultKeyBindings()|>>,
  <<|java+class:///org/syntax/jedit/DefaultInputHandler|,|java+class:///org/syntax/jedit/InputHandler|>,220,<|java+field:///org/syntax/jedit/InputHandler/SELECT_NEXT_CHAR|,|java+method:///org/syntax/jedit/DefaultInputHandler/addDefaultKeyBindings()|>>,
  <<|java+class:///org/syntax/jedit/DefaultInputHandler|,|java+class:///org/syntax/jedit/InputHandler|>,220,<|java+field:///org/syntax/jedit/InputHandler/SELECT_PREV_CHAR|,|java+method:///org/syntax/jedit/DefaultInputHandler/addDefaultKeyBindings()|>>,
  <<|java+class:///org/syntax/jedit/DefaultInputHandler|,|java+class:///org/syntax/jedit/InputHandler|>,220,<|java+field:///org/syntax/jedit/InputHandler/DELETE|,|java+method:///org/syntax/jedit/DefaultInputHandler/addDefaultKeyBindings()|>>,
  <<|java+class:///org/syntax/jedit/DefaultInputHandler|,|java+class:///org/syntax/jedit/InputHandler|>,220,<|java+field:///org/syntax/jedit/InputHandler/TOGGLE_RECT|,|java+method:///org/syntax/jedit/DefaultInputHandler/addDefaultKeyBindings()|>>,
  <<|java+class:///org/syntax/jedit/DefaultInputHandler|,|java+class:///org/syntax/jedit/InputHandler|>,220,<|java+field:///org/syntax/jedit/InputHandler/repeatCount|,|java+method:///org/syntax/jedit/DefaultInputHandler/keyPressed(java.awt.event.KeyEvent)|>>,
  <<|java+class:///org/syntax/jedit/DefaultInputHandler|,|java+class:///org/syntax/jedit/InputHandler|>,220,<|java+method:///org/syntax/jedit/InputHandler/handleGrabAction(java.awt.event.KeyEvent)|,|java+method:///org/syntax/jedit/DefaultInputHandler/keyPressed(java.awt.event.KeyEvent)|>>,
  <<|java+class:///org/syntax/jedit/DefaultInputHandler|,|java+class:///org/syntax/jedit/InputHandler|>,220,<|java+method:///org/syntax/jedit/InputHandler/executeAction(java.awt.event.ActionListener,java.lang.Object,java.lang.String)|,|java+method:///org/syntax/jedit/DefaultInputHandler/keyPressed(java.awt.event.KeyEvent)|>>,
  <<|java+class:///org/syntax/jedit/DefaultInputHandler|,|java+class:///org/syntax/jedit/InputHandler|>,220,<|java+field:///org/syntax/jedit/InputHandler/repeat|,|java+method:///org/syntax/jedit/DefaultInputHandler/keyPressed(java.awt.event.KeyEvent)|>>,
  <<|java+class:///org/syntax/jedit/DefaultInputHandler|,|java+class:///org/syntax/jedit/InputHandler|>,220,<|java+field:///org/syntax/jedit/InputHandler/grabAction|,|java+method:///org/syntax/jedit/DefaultInputHandler/keyPressed(java.awt.event.KeyEvent)|>>,
  <<|java+class:///gnu/regexp/RETokenEndSub|,|java+class:///gnu/regexp/REToken|>,220,<|java+field:///gnu/regexp/REToken/subIndex|,|java+method:///gnu/regexp/RETokenEndSub/match(gnu.regexp.CharIndexed,gnu.regexp.REMatch)|>>,
  <<|java+class:///gnu/regexp/RETokenEndSub|,|java+class:///gnu/regexp/REToken|>,220,<|java+method:///gnu/regexp/REToken/next(gnu.regexp.CharIndexed,gnu.regexp.REMatch)|,|java+method:///gnu/regexp/RETokenEndSub/match(gnu.regexp.CharIndexed,gnu.regexp.REMatch)|>>,
  <<|java+class:///gnu/regexp/RETokenAny|,|java+class:///gnu/regexp/REToken|>,220,<|java+method:///gnu/regexp/REToken/next(gnu.regexp.CharIndexed,gnu.regexp.REMatch)|,|java+method:///gnu/regexp/RETokenAny/match(gnu.regexp.CharIndexed,gnu.regexp.REMatch)|>>,
  <<|java+class:///gnu/regexp/RETokenBackRef|,|java+class:///gnu/regexp/REToken|>,220,<|java+method:///gnu/regexp/REToken/next(gnu.regexp.CharIndexed,gnu.regexp.REMatch)|,|java+method:///gnu/regexp/RETokenBackRef/match(gnu.regexp.CharIndexed,gnu.regexp.REMatch)|>>,
  <<|java+class:///gnu/regexp/RETokenWordBoundary|,|java+class:///gnu/regexp/REToken|>,220,<|java+method:///gnu/regexp/REToken/next(gnu.regexp.CharIndexed,gnu.regexp.REMatch)|,|java+method:///gnu/regexp/RETokenWordBoundary/match(gnu.regexp.CharIndexed,gnu.regexp.REMatch)|>>,
  <<|java+class:///treeview/action/AddDocTypeAction/EditDocTypeDialog|,|java+class:///net/sourceforge/jsxe/gui/EnhancedDialog|>,220,<|java+method:///net/sourceforge/jsxe/gui/EnhancedDialog/loadGeometry(java.awt.Window,java.lang.String)|,|java+constructor:///treeview/action/AddDocTypeAction/EditDocTypeDialog/EditDocTypeDialog(net.sourceforge.jsxe.gui.TabbedView,java.lang.String,java.lang.String,java.lang.String)|>>,
  <<|java+class:///treeview/action/AddDocTypeAction/EditDocTypeDialog|,|java+class:///net/sourceforge/jsxe/gui/EnhancedDialog|>,220,<|java+method:///net/sourceforge/jsxe/gui/EnhancedDialog/saveGeometry(java.awt.Window,java.lang.String)|,|java+method:///treeview/action/AddDocTypeAction/EditDocTypeDialog/cancel()|>>,
  <<|java+class:///org/syntax/jedit/tokenmarker/XMLTokenMarker|,|java+class:///org/syntax/jedit/tokenmarker/TokenMarker|>,220,<|java+method:///org/syntax/jedit/tokenmarker/TokenMarker/addToken(int,byte)|,|java+method:///org/syntax/jedit/tokenmarker/XMLTokenMarker/markTokensImpl(byte,javax.swing.text.Segment,int)|>>,
  <<|java+class:///gnu/regexp/RETokenChar|,|java+class:///gnu/regexp/REToken|>,220,<|java+method:///gnu/regexp/REToken/chain(gnu.regexp.REToken)|,|java+method:///gnu/regexp/RETokenChar/chain(gnu.regexp.REToken)|>>,
  <<|java+class:///gnu/regexp/RETokenChar|,|java+class:///gnu/regexp/REToken|>,220,<|java+method:///gnu/regexp/REToken/next(gnu.regexp.CharIndexed,gnu.regexp.REMatch)|,|java+method:///gnu/regexp/RETokenChar/match(gnu.regexp.CharIndexed,gnu.regexp.REMatch)|>>,
  <<|java+class:///gnu/regexp/UncheckedRE|,|java+class:///gnu/regexp/RE|>,220,<|java+method:///gnu/regexp/RE/initialize(java.lang.Object,int,gnu.regexp.RESyntax,int,int)|,|java+constructor:///gnu/regexp/UncheckedRE/UncheckedRE(java.lang.Object,int,gnu.regexp.RESyntax)|>>,
  <<|java+class:///gnu/regexp/RETokenEnd|,|java+class:///gnu/regexp/REToken|>,220,<|java+method:///gnu/regexp/REToken/next(gnu.regexp.CharIndexed,gnu.regexp.REMatch)|,|java+method:///gnu/regexp/RETokenEnd/match(gnu.regexp.CharIndexed,gnu.regexp.REMatch)|>>,
  <<|java+class:///gnu/regexp/RETokenRange|,|java+class:///gnu/regexp/REToken|>,220,<|java+method:///gnu/regexp/REToken/next(gnu.regexp.CharIndexed,gnu.regexp.REMatch)|,|java+method:///gnu/regexp/RETokenRange/match(gnu.regexp.CharIndexed,gnu.regexp.REMatch)|>>,
  <<|java+class:///gnu/regexp/RETokenOneOf|,|java+class:///gnu/regexp/REToken|>,220,<|java+method:///gnu/regexp/REToken/getMinimumLength()|,|java+method:///gnu/regexp/RETokenOneOf/getMinimumLength()|>>,
  <<|java+class:///gnu/regexp/RETokenOneOf|,|java+class:///gnu/regexp/REToken|>,220,<|java+method:///gnu/regexp/REToken/next(gnu.regexp.CharIndexed,gnu.regexp.REMatch)|,|java+method:///gnu/regexp/RETokenOneOf/match(gnu.regexp.CharIndexed,gnu.regexp.REMatch)|>>,
  <<|java+class:///gnu/regexp/RETokenOneOf|,|java+class:///gnu/regexp/REToken|>,220,<|java+method:///gnu/regexp/REToken/match(gnu.regexp.CharIndexed,gnu.regexp.REMatch)|,|java+method:///gnu/regexp/RETokenOneOf/match(gnu.regexp.CharIndexed,gnu.regexp.REMatch)|>>,
  <<|java+class:///gnu/regexp/RETokenOneOf|,|java+class:///gnu/regexp/REToken|>,220,<|java+method:///gnu/regexp/REToken/dumpAll(java.lang.StringBuffer)|,|java+method:///gnu/regexp/RETokenOneOf/dump(java.lang.StringBuffer)|>>,
  <<|java+class:///net/sourceforge/jsxe/DocumentBuffer|,|java+class:///net/sourceforge/jsxe/dom/XMLDocument|>,220,<|java+method:///net/sourceforge/jsxe/dom/XMLDocument/setEntityResolver(org.xml.sax.EntityResolver)|,|java+constructor:///net/sourceforge/jsxe/DocumentBuffer/DocumentBuffer(java.io.File,java.util.Properties)|>>,
  <<|java+class:///net/sourceforge/jsxe/DocumentBuffer|,|java+class:///net/sourceforge/jsxe/dom/XMLDocument|>,220,<|java+method:///net/sourceforge/jsxe/dom/XMLDocument/fireStructureChanged(net.sourceforge.jsxe.dom.AdapterNode)|,|java+method:///net/sourceforge/jsxe/DocumentBuffer/fireStructureChanged(net.sourceforge.jsxe.dom.AdapterNode)|>>,
  <<|java+class:///net/sourceforge/jsxe/DocumentBuffer|,|java+class:///net/sourceforge/jsxe/dom/XMLDocument|>,220,<|java+method:///net/sourceforge/jsxe/dom/XMLDocument/setEntityResolver(org.xml.sax.EntityResolver)|,|java+constructor:///net/sourceforge/jsxe/DocumentBuffer/DocumentBuffer(java.io.File)|>>,
  <<|java+class:///net/sourceforge/jsxe/DocumentBuffer|,|java+class:///net/sourceforge/jsxe/dom/XMLDocument|>,220,<|java+method:///net/sourceforge/jsxe/dom/XMLDocument/setModel(java.io.InputStream)|,|java+method:///net/sourceforge/jsxe/DocumentBuffer/reload(net.sourceforge.jsxe.gui.TabbedView)|>>,
  <<|java+class:///net/sourceforge/jsxe/DocumentBuffer|,|java+class:///net/sourceforge/jsxe/dom/XMLDocument|>,220,<|java+method:///net/sourceforge/jsxe/dom/XMLDocument/setEntityResolver(org.xml.sax.EntityResolver)|,|java+constructor:///net/sourceforge/jsxe/DocumentBuffer/DocumentBuffer(java.io.InputStream)|>>,
  <<|java+class:///net/sourceforge/jsxe/DocumentBuffer|,|java+class:///net/sourceforge/jsxe/dom/XMLDocument|>,220,<|java+method:///net/sourceforge/jsxe/dom/XMLDocument/setURI(java.net.URI)|,|java+method:///net/sourceforge/jsxe/DocumentBuffer/saveAs(net.sourceforge.jsxe.gui.TabbedView,java.io.File)|>>,
  <<|java+class:///net/sourceforge/jsxe/DocumentBuffer|,|java+class:///net/sourceforge/jsxe/dom/XMLDocument|>,220,<|java+method:///net/sourceforge/jsxe/dom/XMLDocument/serialize(java.io.OutputStream)|,|java+method:///net/sourceforge/jsxe/DocumentBuffer/saveAs(net.sourceforge.jsxe.gui.TabbedView,java.io.File)|>>
]