[
  <<|java+class:///weka/classifiers/trees/FT|,|java+interface:///weka/core/AdditionalMeasureProducer|>,|java+class:///weka/experiment/RandomSplitResultProducer|>,
  <<|java+class:///weka/clusterers/EM|,|java+interface:///weka/clusterers/NumberOfClustersRequestable|>,|java+class:///weka/clusterers/SimpleKMeans|>,
  <<|java+class:///weka/filters/unsupervised/attribute/Add|,|java+interface:///weka/core/OptionHandler|>,|java+class:///weka/experiment/RandomSplitResultProducer|>,
  <<|java+class:///weka/gui/WekaTaskMonitor|,|java+interface:///weka/gui/TaskLogger|>,|java+class:///weka/gui/LogPanel|>,
  <<|java+class:///weka/core/ListOptions|,|java+interface:///weka/core/OptionHandler|>,|java+class:///weka/experiment/RandomSplitResultProducer|>,
  <<|java+class:///weka/experiment/ClassifierSplitEvaluator|,|java+interface:///weka/core/OptionHandler|>,|java+class:///weka/experiment/RandomSplitResultProducer|>,
  <<|java+class:///weka/filters/unsupervised/attribute/MakeIndicator|,|java+interface:///weka/core/OptionHandler|>,|java+class:///weka/experiment/RandomSplitResultProducer|>,
  <<|java+class:///weka/classifiers/rules/DecisionTable|,|java+interface:///weka/core/AdditionalMeasureProducer|>,|java+class:///weka/experiment/RandomSplitResultProducer|>,
  <<|java+class:///weka/attributeSelection/HoldOutSubsetEvaluator|,|java+interface:///weka/attributeSelection/SubsetEvaluator|>,|java+class:///weka/attributeSelection/CfsSubsetEval|>,
  <<|java+class:///weka/classifiers/meta/FilteredClassifier|,|java+interface:///weka/core/Drawable|>,|java+class:///weka/clusterers/Cobweb|>,
  <<|java+class:///weka/classifiers/trees/J48graft|,|java+interface:///weka/core/Drawable|>,|java+class:///weka/clusterers/Cobweb|>,
  <<|java+class:///weka/filters/unsupervised/attribute/MergeTwoValues|,|java+interface:///weka/core/OptionHandler|>,|java+class:///weka/experiment/RandomSplitResultProducer|>,
  <<|java+class:///weka/classifiers/mi/MIOptimalBall|,|java+interface:///weka/core/OptionHandler|>,|java+class:///weka/experiment/RandomSplitResultProducer|>,
  <<|java+class:///weka/attributeSelection/CfsSubsetEval|,|java+interface:///weka/core/OptionHandler|>,|java+class:///weka/experiment/RandomSplitResultProducer|>,
  <<|java+class:///weka/gui/beans/AbstractEvaluator|,|java+interface:///weka/gui/beans/Visible|>,|java+class:///weka/gui/beans/MetaBean|>,
  <<|java+class:///weka/classifiers/bayes/DMNBtext|,|java+interface:///weka/core/OptionHandler|>,|java+class:///weka/experiment/RandomSplitResultProducer|>,
  <<|java+class:///weka/classifiers/mi/CitationKNN|,|java+interface:///weka/core/OptionHandler|>,|java+class:///weka/experiment/RandomSplitResultProducer|>,
  <<|java+class:///weka/filters/supervised/attribute/NominalToBinary|,|java+interface:///weka/core/OptionHandler|>,|java+class:///weka/experiment/RandomSplitResultProducer|>,
  <<|java+class:///weka/classifiers/CheckSource|,|java+interface:///weka/core/OptionHandler|>,|java+class:///weka/experiment/RandomSplitResultProducer|>,
  <<|java+class:///weka/attributeSelection/ReliefFAttributeEval|,|java+interface:///weka/attributeSelection/AttributeEvaluator|>,|java+class:///weka/attributeSelection/OneRAttributeEval|>,
  <<|java+class:///weka/filters/unsupervised/attribute/ChangeDateFormat|,|java+interface:///weka/core/OptionHandler|>,|java+class:///weka/experiment/RandomSplitResultProducer|>,
  <<|java+class:///weka/filters/unsupervised/attribute/SwapValues|,|java+interface:///weka/core/OptionHandler|>,|java+class:///weka/experiment/RandomSplitResultProducer|>,
  <<|java+class:///weka/classifiers/rules/PART|,|java+interface:///weka/core/AdditionalMeasureProducer|>,|java+class:///weka/experiment/RandomSplitResultProducer|>,
  <<|java+class:///weka/classifiers/bayes/ComplementNaiveBayes|,|java+interface:///weka/core/OptionHandler|>,|java+class:///weka/experiment/RandomSplitResultProducer|>,
  <<|java+class:///weka/attributeSelection/BestFirst|,|java+interface:///weka/core/OptionHandler|>,|java+class:///weka/experiment/RandomSplitResultProducer|>,
  <<|java+class:///weka/classifiers/trees/J48graft|,|java+interface:///weka/core/OptionHandler|>,|java+class:///weka/experiment/RandomSplitResultProducer|>,
  <<|java+class:///weka/gui/Main|,|java+interface:///weka/core/OptionHandler|>,|java+class:///weka/experiment/RandomSplitResultProducer|>,
  <<|java+class:///weka/classifiers/trees/NBTree|,|java+interface:///weka/core/AdditionalMeasureProducer|>,|java+class:///weka/experiment/RandomSplitResultProducer|>,
  <<|java+class:///weka/classifiers/trees/SimpleCart|,|java+interface:///weka/core/AdditionalMeasureProducer|>,|java+class:///weka/experiment/RandomSplitResultProducer|>,
  <<|java+class:///weka/classifiers/lazy/IBk|,|java+interface:///weka/core/OptionHandler|>,|java+class:///weka/experiment/RandomSplitResultProducer|>,
  <<|java+class:///weka/gui/explorer/VisualizePanel|,|java+interface:///weka/gui/explorer/Explorer/ExplorerPanel|>,|java+class:///weka/gui/explorer/ClustererPanel|>,
  <<|java+class:///weka/classifiers/misc/VFI|,|java+interface:///weka/core/OptionHandler|>,|java+class:///weka/experiment/RandomSplitResultProducer|>,
  <<|java+class:///weka/gui/explorer/ClassifierPanel|,|java+interface:///weka/gui/explorer/Explorer/LogHandler|>,|java+class:///weka/gui/explorer/AssociationsPanel|>,
  <<|java+class:///weka/classifiers/bayes/AODE|,|java+interface:///weka/core/OptionHandler|>,|java+class:///weka/experiment/RandomSplitResultProducer|>,
  <<|java+class:///weka/attributeSelection/LinearForwardSelection|,|java+interface:///weka/core/OptionHandler|>,|java+class:///weka/experiment/RandomSplitResultProducer|>,
  <<|java+class:///weka/filters/unsupervised/attribute/PrincipalComponents|,|java+interface:///weka/core/OptionHandler|>,|java+class:///weka/experiment/RandomSplitResultProducer|>,
  <<|java+class:///weka/classifiers/bayes/BayesianLogisticRegression|,|java+interface:///weka/core/OptionHandler|>,|java+class:///weka/experiment/RandomSplitResultProducer|>,
  <<|java+class:///weka/attributeSelection/GainRatioAttributeEval|,|java+interface:///weka/core/OptionHandler|>,|java+class:///weka/experiment/RandomSplitResultProducer|>,
  <<|java+class:///weka/classifiers/rules/NNge|,|java+interface:///weka/core/OptionHandler|>,|java+class:///weka/experiment/RandomSplitResultProducer|>,
  <<|java+class:///weka/classifiers/rules/DTNB/EvalWithDelete|,|java+interface:///weka/attributeSelection/SubsetEvaluator|>,|java+class:///weka/attributeSelection/CfsSubsetEval|>,
  <<|java+class:///weka/attributeSelection/RandomSearch|,|java+interface:///weka/core/OptionHandler|>,|java+class:///weka/experiment/RandomSplitResultProducer|>,
  <<|java+class:///weka/attributeSelection/WrapperSubsetEval|,|java+interface:///weka/core/OptionHandler|>,|java+class:///weka/experiment/RandomSplitResultProducer|>,
  <<|java+class:///weka/classifiers/meta/AttributeSelectedClassifier|,|java+interface:///weka/core/AdditionalMeasureProducer|>,|java+class:///weka/experiment/RandomSplitResultProducer|>,
  <<|java+class:///weka/filters/unsupervised/instance/RemoveMisclassified|,|java+interface:///weka/core/OptionHandler|>,|java+class:///weka/experiment/RandomSplitResultProducer|>,
  <<|java+class:///weka/filters/unsupervised/attribute/AddCluster|,|java+interface:///weka/core/OptionHandler|>,|java+class:///weka/experiment/RandomSplitResultProducer|>,
  <<|java+class:///weka/classifiers/mi/MINND|,|java+interface:///weka/core/OptionHandler|>,|java+class:///weka/experiment/RandomSplitResultProducer|>,
  <<|java+class:///weka/filters/unsupervised/attribute/StringToWordVector|,|java+interface:///weka/core/OptionHandler|>,|java+class:///weka/experiment/RandomSplitResultProducer|>,
  <<|java+class:///weka/classifiers/functions/LeastMedSq|,|java+interface:///weka/core/OptionHandler|>,|java+class:///weka/experiment/RandomSplitResultProducer|>,
  <<|java+class:///weka/filters/unsupervised/attribute/AddNoise|,|java+interface:///weka/core/OptionHandler|>,|java+class:///weka/experiment/RandomSplitResultProducer|>,
  <<|java+class:///weka/filters/unsupervised/attribute/AddValues|,|java+interface:///weka/core/OptionHandler|>,|java+class:///weka/experiment/RandomSplitResultProducer|>,
  <<|java+class:///weka/classifiers/bayes/AODEsr|,|java+interface:///weka/core/OptionHandler|>,|java+class:///weka/experiment/RandomSplitResultProducer|>,
  <<|java+class:///weka/classifiers/functions/Logistic|,|java+interface:///weka/core/OptionHandler|>,|java+class:///weka/experiment/RandomSplitResultProducer|>,
  <<|java+class:///weka/classifiers/mi/MIBoost|,|java+interface:///weka/core/OptionHandler|>,|java+class:///weka/experiment/RandomSplitResultProducer|>,
  <<|java+class:///weka/filters/unsupervised/attribute/MultiInstanceToPropositional|,|java+interface:///weka/core/OptionHandler|>,|java+class:///weka/experiment/RandomSplitResultProducer|>,
  <<|java+class:///weka/classifiers/trees/REPTree|,|java+interface:///weka/core/AdditionalMeasureProducer|>,|java+class:///weka/experiment/RandomSplitResultProducer|>,
  <<|java+class:///weka/attributeSelection/SubsetSizeForwardSelection|,|java+interface:///weka/core/OptionHandler|>,|java+class:///weka/experiment/RandomSplitResultProducer|>,
  <<|java+class:///weka/clusterers/MakeDensityBasedClusterer|,|java+interface:///weka/clusterers/NumberOfClustersRequestable|>,|java+class:///weka/clusterers/SimpleKMeans|>,
  <<|java+class:///weka/experiment/PairedTTester|,|java+interface:///weka/core/OptionHandler|>,|java+class:///weka/experiment/RandomSplitResultProducer|>,
  <<|java+class:///weka/classifiers/trees/J48graft|,|java+interface:///weka/core/AdditionalMeasureProducer|>,|java+class:///weka/experiment/RandomSplitResultProducer|>,
  <<|java+class:///weka/gui/explorer/ClassifierPanel|,|java+interface:///weka/gui/explorer/Explorer/ExplorerPanel|>,|java+class:///weka/gui/explorer/ClustererPanel|>,
  <<|java+class:///weka/filters/unsupervised/attribute/AddExpression|,|java+interface:///weka/core/OptionHandler|>,|java+class:///weka/experiment/RandomSplitResultProducer|>,
  <<|java+class:///weka/classifiers/rules/PART|,|java+interface:///weka/core/OptionHandler|>,|java+class:///weka/experiment/RandomSplitResultProducer|>,
  <<|java+class:///weka/classifiers/bayes/NaiveBayes|,|java+interface:///weka/core/OptionHandler|>,|java+class:///weka/experiment/RandomSplitResultProducer|>,
  <<|java+class:///weka/filters/unsupervised/attribute/NominalToBinary|,|java+interface:///weka/core/OptionHandler|>,|java+class:///weka/experiment/RandomSplitResultProducer|>,
  <<|java+class:///weka/attributeSelection/GainRatioAttributeEval|,|java+interface:///weka/attributeSelection/AttributeEvaluator|>,|java+class:///weka/attributeSelection/OneRAttributeEval|>,
  <<|java+class:///weka/classifiers/trees/FT|,|java+interface:///weka/core/Drawable|>,|java+class:///weka/clusterers/Cobweb|>,
  <<|java+class:///weka/core/Javadoc|,|java+interface:///weka/core/OptionHandler|>,|java+class:///weka/experiment/RandomSplitResultProducer|>,
  <<|java+class:///weka/classifiers/functions/SPegasos|,|java+interface:///weka/core/OptionHandler|>,|java+class:///weka/experiment/RandomSplitResultProducer|>,
  <<|java+class:///weka/core/converters/ArffLoader|,|java+interface:///weka/core/converters/URLSourcedLoader|>,|java+class:///weka/core/converters/SVMLightLoader|>,
  <<|java+class:///weka/attributeSelection/ClassifierSubsetEval|,|java+interface:///weka/core/OptionHandler|>,|java+class:///weka/experiment/RandomSplitResultProducer|>,
  <<|java+class:///weka/attributeSelection/PrincipalComponents|,|java+interface:///weka/core/OptionHandler|>,|java+class:///weka/experiment/RandomSplitResultProducer|>,
  <<|java+class:///weka/classifiers/functions/PaceRegression|,|java+interface:///weka/core/OptionHandler|>,|java+class:///weka/experiment/RandomSplitResultProducer|>,
  <<|java+class:///weka/classifiers/rules/DecisionTable|,|java+interface:///weka/core/OptionHandler|>,|java+class:///weka/experiment/RandomSplitResultProducer|>,
  <<|java+class:///weka/experiment/RegressionSplitEvaluator|,|java+interface:///weka/core/AdditionalMeasureProducer|>,|java+class:///weka/experiment/RandomSplitResultProducer|>,
  <<|java+class:///weka/filters/unsupervised/instance/ReservoirSample|,|java+interface:///weka/core/OptionHandler|>,|java+class:///weka/experiment/RandomSplitResultProducer|>,
  <<|java+class:///weka/experiment/CSVResultListener|,|java+interface:///weka/core/OptionHandler|>,|java+class:///weka/experiment/RandomSplitResultProducer|>,
  <<|java+class:///weka/classifiers/trees/FT|,|java+interface:///weka/core/OptionHandler|>,|java+class:///weka/experiment/RandomSplitResultProducer|>,
  <<|java+class:///weka/filters/unsupervised/instance/RemoveRange|,|java+interface:///weka/core/OptionHandler|>,|java+class:///weka/experiment/RandomSplitResultProducer|>,
  <<|java+class:///weka/classifiers/functions/SMOreg|,|java+interface:///weka/core/AdditionalMeasureProducer|>,|java+class:///weka/experiment/RandomSplitResultProducer|>,
  <<|java+class:///weka/gui/beans/AbstractDataSink|,|java+interface:///weka/gui/beans/Visible|>,|java+class:///weka/gui/beans/MetaBean|>,
  <<|java+class:///weka/attributeSelection/UnsupervisedSubsetEvaluator|,|java+interface:///weka/attributeSelection/SubsetEvaluator|>,|java+class:///weka/attributeSelection/CfsSubsetEval|>,
  <<|java+class:///weka/core/neighboursearch/PerformanceStats|,|java+interface:///weka/core/AdditionalMeasureProducer|>,|java+class:///weka/experiment/RandomSplitResultProducer|>,
  <<|java+class:///weka/classifiers/trees/m5/M5Base|,|java+interface:///weka/core/AdditionalMeasureProducer|>,|java+class:///weka/experiment/RandomSplitResultProducer|>,
  <<|java+class:///weka/classifiers/mi/SimpleMI|,|java+interface:///weka/core/OptionHandler|>,|java+class:///weka/experiment/RandomSplitResultProducer|>,
  <<|java+class:///weka/filters/supervised/instance/StratifiedRemoveFolds|,|java+interface:///weka/core/OptionHandler|>,|java+class:///weka/experiment/RandomSplitResultProducer|>,
  <<|java+class:///weka/attributeSelection/InfoGainAttributeEval|,|java+interface:///weka/core/OptionHandler|>,|java+class:///weka/experiment/RandomSplitResultProducer|>,
  <<|java+class:///weka/classifiers/trees/REPTree|,|java+interface:///weka/core/OptionHandler|>,|java+class:///weka/experiment/RandomSplitResultProducer|>,
  <<|java+class:///weka/attributeSelection/WrapperSubsetEval|,|java+interface:///weka/attributeSelection/SubsetEvaluator|>,|java+class:///weka/attributeSelection/CfsSubsetEval|>,
  <<|java+class:///weka/filters/unsupervised/attribute/PropositionalToMultiInstance|,|java+interface:///weka/core/OptionHandler|>,|java+class:///weka/experiment/RandomSplitResultProducer|>,
  <<|java+class:///weka/gui/beans/ClassValuePicker|,|java+interface:///weka/gui/beans/BeanCommon|>,|java+class:///weka/gui/beans/Loader|>,
  <<|java+class:///weka/filters/unsupervised/attribute/RandomProjection|,|java+interface:///weka/core/OptionHandler|>,|java+class:///weka/experiment/RandomSplitResultProducer|>,
  <<|java+class:///weka/filters/unsupervised/attribute/AddID|,|java+interface:///weka/core/OptionHandler|>,|java+class:///weka/experiment/RandomSplitResultProducer|>,
  <<|java+class:///weka/classifiers/trees/NBTree|,|java+interface:///weka/core/Drawable|>,|java+class:///weka/clusterers/Cobweb|>,
  <<|java+class:///weka/filters/supervised/instance/SMOTE|,|java+interface:///weka/core/OptionHandler|>,|java+class:///weka/experiment/RandomSplitResultProducer|>,
  <<|java+class:///weka/classifiers/meta/AttributeSelectedClassifier|,|java+interface:///weka/core/OptionHandler|>,|java+class:///weka/experiment/RandomSplitResultProducer|>,
  <<|java+class:///weka/filters/unsupervised/attribute/Reorder|,|java+interface:///weka/core/OptionHandler|>,|java+class:///weka/experiment/RandomSplitResultProducer|>,
  <<|java+class:///weka/classifiers/trees/REPTree|,|java+interface:///weka/core/Drawable|>,|java+class:///weka/clusterers/Cobweb|>,
  <<|java+class:///weka/classifiers/meta/CVParameterSelection|,|java+interface:///weka/core/Drawable|>,|java+class:///weka/clusterers/Cobweb|>,
  <<|java+class:///weka/classifiers/functions/RBFNetwork|,|java+interface:///weka/core/OptionHandler|>,|java+class:///weka/experiment/RandomSplitResultProducer|>,
  <<|java+interface:///weka/associations/CARuleMiner|,|java+interface:///weka/core/OptionHandler|>,|java+class:///weka/experiment/RandomSplitResultProducer|>,
  <<|java+class:///weka/classifiers/meta/AttributeSelectedClassifier|,|java+interface:///weka/core/Drawable|>,|java+class:///weka/clusterers/Cobweb|>,
  <<|java+class:///weka/classifiers/lazy/IBk|,|java+interface:///weka/core/AdditionalMeasureProducer|>,|java+class:///weka/experiment/RandomSplitResultProducer|>,
  <<|java+class:///weka/gui/explorer/PreprocessPanel|,|java+interface:///weka/gui/explorer/Explorer/LogHandler|>,|java+class:///weka/gui/explorer/AssociationsPanel|>,
  <<|java+class:///weka/attributeSelection/Ranker|,|java+interface:///weka/core/OptionHandler|>,|java+class:///weka/experiment/RandomSplitResultProducer|>,
  <<|java+class:///weka/classifiers/trees/LADTree|,|java+interface:///weka/core/Drawable|>,|java+class:///weka/clusterers/Cobweb|>,
  <<|java+class:///weka/classifiers/BVDecomposeSegCVSub|,|java+interface:///weka/core/OptionHandler|>,|java+class:///weka/experiment/RandomSplitResultProducer|>,
  <<|java+class:///weka/attributeSelection/SymmetricalUncertAttributeEval|,|java+interface:///weka/core/OptionHandler|>,|java+class:///weka/experiment/RandomSplitResultProducer|>,
  <<|java+class:///weka/classifiers/mi/MILR|,|java+interface:///weka/core/OptionHandler|>,|java+class:///weka/experiment/RandomSplitResultProducer|>,
  <<|java+class:///weka/filters/supervised/instance/Resample|,|java+interface:///weka/core/OptionHandler|>,|java+class:///weka/experiment/RandomSplitResultProducer|>,
  <<|java+class:///weka/attributeSelection/RaceSearch|,|java+interface:///weka/core/OptionHandler|>,|java+class:///weka/experiment/RandomSplitResultProducer|>,
  <<|java+class:///weka/filters/unsupervised/attribute/ClusterMembership|,|java+interface:///weka/core/OptionHandler|>,|java+class:///weka/experiment/RandomSplitResultProducer|>,
  <<|java+class:///weka/filters/unsupervised/attribute/AbstractTimeSeries|,|java+interface:///weka/core/OptionHandler|>,|java+class:///weka/experiment/RandomSplitResultProducer|>,
  <<|java+class:///weka/classifiers/meta/Bagging|,|java+interface:///weka/core/AdditionalMeasureProducer|>,|java+class:///weka/experiment/RandomSplitResultProducer|>,
  <<|java+class:///weka/classifiers/trees/J48|,|java+interface:///weka/core/OptionHandler|>,|java+class:///weka/experiment/RandomSplitResultProducer|>,
  <<|java+class:///weka/classifiers/functions/VotedPerceptron|,|java+interface:///weka/core/OptionHandler|>,|java+class:///weka/experiment/RandomSplitResultProducer|>,
  <<|java+class:///weka/classifiers/meta/CostSensitiveClassifier|,|java+interface:///weka/core/Drawable|>,|java+class:///weka/clusterers/Cobweb|>,
  <<|java+class:///weka/core/NormalizableDistance|,|java+interface:///weka/core/OptionHandler|>,|java+class:///weka/experiment/RandomSplitResultProducer|>,
  <<|java+class:///weka/classifiers/meta/ThresholdSelector|,|java+interface:///weka/core/Drawable|>,|java+class:///weka/clusterers/Cobweb|>,
  <<|java+class:///weka/filters/unsupervised/attribute/StringToNominal|,|java+interface:///weka/core/OptionHandler|>,|java+class:///weka/experiment/RandomSplitResultProducer|>,
  <<|java+class:///weka/attributeSelection/ConsistencySubsetEval|,|java+interface:///weka/attributeSelection/SubsetEvaluator|>,|java+class:///weka/attributeSelection/CfsSubsetEval|>,
  <<|java+class:///weka/classifiers/rules/DecisionTable/DummySubsetEvaluator|,|java+interface:///weka/attributeSelection/SubsetEvaluator|>,|java+class:///weka/attributeSelection/CfsSubsetEval|>,
  <<|java+class:///weka/filters/SimpleFilter|,|java+interface:///weka/core/OptionHandler|>,|java+class:///weka/experiment/RandomSplitResultProducer|>,
  <<|java+class:///weka/experiment/AveragingResultProducer|,|java+interface:///weka/core/AdditionalMeasureProducer|>,|java+class:///weka/experiment/RandomSplitResultProducer|>,
  <<|java+class:///weka/core/neighboursearch/balltrees/MedianOfWidestDimension|,|java+interface:///weka/core/OptionHandler|>,|java+class:///weka/experiment/RandomSplitResultProducer|>,
  <<|java+class:///weka/classifiers/trees/RandomForest|,|java+interface:///weka/core/AdditionalMeasureProducer|>,|java+class:///weka/experiment/RandomSplitResultProducer|>,
  <<|java+class:///weka/classifiers/meta/ThresholdSelector|,|java+interface:///weka/core/OptionHandler|>,|java+class:///weka/experiment/RandomSplitResultProducer|>,
  <<|java+class:///weka/filters/unsupervised/attribute/Remove|,|java+interface:///weka/core/OptionHandler|>,|java+class:///weka/experiment/RandomSplitResultProducer|>,
  <<|java+class:///weka/core/converters/C45Saver|,|java+interface:///weka/core/OptionHandler|>,|java+class:///weka/experiment/RandomSplitResultProducer|>,
  <<|java+class:///weka/classifiers/meta/CostSensitiveClassifier|,|java+interface:///weka/core/OptionHandler|>,|java+class:///weka/experiment/RandomSplitResultProducer|>,
  <<|java+class:///weka/attributeSelection/ExhaustiveSearch|,|java+interface:///weka/core/OptionHandler|>,|java+class:///weka/experiment/RandomSplitResultProducer|>,
  <<|java+class:///weka/classifiers/meta/OrdinalClassClassifier|,|java+interface:///weka/core/OptionHandler|>,|java+class:///weka/experiment/RandomSplitResultProducer|>,
  <<|java+class:///weka/filters/unsupervised/instance/Randomize|,|java+interface:///weka/core/OptionHandler|>,|java+class:///weka/experiment/RandomSplitResultProducer|>,
  <<|java+class:///weka/classifiers/trees/J48|,|java+interface:///weka/core/Drawable|>,|java+class:///weka/clusterers/Cobweb|>,
  <<|java+class:///weka/classifiers/bayes/BayesNet|,|java+interface:///weka/core/AdditionalMeasureProducer|>,|java+class:///weka/experiment/RandomSplitResultProducer|>,
  <<|java+class:///weka/classifiers/trees/LMT|,|java+interface:///weka/core/OptionHandler|>,|java+class:///weka/experiment/RandomSplitResultProducer|>,
  <<|java+class:///weka/gui/explorer/AttributeSelectionPanel|,|java+interface:///weka/gui/explorer/Explorer/LogHandler|>,|java+class:///weka/gui/explorer/AssociationsPanel|>,
  <<|java+class:///weka/classifiers/trees/BFTree|,|java+interface:///weka/core/AdditionalMeasureProducer|>,|java+class:///weka/experiment/RandomSplitResultProducer|>,
  <<|java+class:///weka/core/converters/XRFFLoader|,|java+interface:///weka/core/converters/URLSourcedLoader|>,|java+class:///weka/core/converters/SVMLightLoader|>,
  <<|java+class:///weka/classifiers/functions/SimpleLogistic|,|java+interface:///weka/core/OptionHandler|>,|java+class:///weka/experiment/RandomSplitResultProducer|>,
  <<|java+class:///weka/attributeSelection/UnsupervisedAttributeEvaluator|,|java+interface:///weka/attributeSelection/AttributeEvaluator|>,|java+class:///weka/attributeSelection/OneRAttributeEval|>,
  <<|java+class:///weka/attributeSelection/CostSensitiveAttributeEval|,|java+interface:///weka/attributeSelection/AttributeEvaluator|>,|java+class:///weka/attributeSelection/OneRAttributeEval|>,
  <<|java+class:///weka/classifiers/trees/LMT|,|java+interface:///weka/core/Drawable|>,|java+class:///weka/clusterers/Cobweb|>,
  <<|java+class:///weka/attributeSelection/GeneticSearch|,|java+interface:///weka/core/OptionHandler|>,|java+class:///weka/experiment/RandomSplitResultProducer|>,
  <<|java+class:///weka/classifiers/meta/AdditiveRegression|,|java+interface:///weka/core/OptionHandler|>,|java+class:///weka/experiment/RandomSplitResultProducer|>,
  <<|java+class:///weka/attributeSelection/ScatterSearchV1|,|java+interface:///weka/core/OptionHandler|>,|java+class:///weka/experiment/RandomSplitResultProducer|>,
  <<|java+class:///weka/attributeSelection/ChiSquaredAttributeEval|,|java+interface:///weka/attributeSelection/AttributeEvaluator|>,|java+class:///weka/attributeSelection/OneRAttributeEval|>,
  <<|java+class:///weka/classifiers/mi/MIEMDD|,|java+interface:///weka/core/OptionHandler|>,|java+class:///weka/experiment/RandomSplitResultProducer|>,
  <<|java+class:///weka/attributeSelection/FilteredAttributeEval|,|java+interface:///weka/core/OptionHandler|>,|java+class:///weka/experiment/RandomSplitResultProducer|>,
  <<|java+class:///weka/classifiers/mi/MIWrapper|,|java+interface:///weka/core/OptionHandler|>,|java+class:///weka/experiment/RandomSplitResultProducer|>,
  <<|java+class:///weka/attributeSelection/FilteredSubsetEval|,|java+interface:///weka/attributeSelection/SubsetEvaluator|>,|java+class:///weka/attributeSelection/CfsSubsetEval|>,
  <<|java+class:///weka/experiment/InstanceQuery|,|java+interface:///weka/core/OptionHandler|>,|java+class:///weka/experiment/RandomSplitResultProducer|>,
  <<|java+class:///weka/attributeSelection/SVMAttributeEval|,|java+interface:///weka/attributeSelection/AttributeEvaluator|>,|java+class:///weka/attributeSelection/OneRAttributeEval|>,
  <<|java+class:///weka/classifiers/trees/UserClassifier|,|java+interface:///weka/core/Drawable|>,|java+class:///weka/clusterers/Cobweb|>,
  <<|java+class:///weka/classifiers/mi/MISVM|,|java+interface:///weka/core/OptionHandler|>,|java+class:///weka/experiment/RandomSplitResultProducer|>,
  <<|java+class:///weka/classifiers/trees/ADTree|,|java+interface:///weka/core/OptionHandler|>,|java+class:///weka/experiment/RandomSplitResultProducer|>,
  <<|java+class:///weka/filters/unsupervised/attribute/NumericTransform|,|java+interface:///weka/core/OptionHandler|>,|java+class:///weka/experiment/RandomSplitResultProducer|>,
  <<|java+class:///weka/classifiers/trees/RandomTree|,|java+interface:///weka/core/OptionHandler|>,|java+class:///weka/experiment/RandomSplitResultProducer|>,
  <<|java+class:///weka/core/Check|,|java+interface:///weka/core/OptionHandler|>,|java+class:///weka/experiment/RandomSplitResultProducer|>,
  <<|java+class:///weka/gui/beans/ClassAssigner|,|java+interface:///weka/gui/beans/BeanCommon|>,|java+class:///weka/gui/beans/Loader|>,
  <<|java+class:///weka/attributeSelection/CostSensitiveASEvaluation|,|java+interface:///weka/core/OptionHandler|>,|java+class:///weka/experiment/RandomSplitResultProducer|>,
  <<|java+class:///weka/attributeSelection/GreedyStepwise|,|java+interface:///weka/core/OptionHandler|>,|java+class:///weka/experiment/RandomSplitResultProducer|>,
  <<|java+class:///weka/filters/unsupervised/attribute/FirstOrder|,|java+interface:///weka/core/OptionHandler|>,|java+class:///weka/experiment/RandomSplitResultProducer|>,
  <<|java+class:///weka/associations/Tertius|,|java+interface:///weka/core/OptionHandler|>,|java+class:///weka/experiment/RandomSplitResultProducer|>,
  <<|java+class:///weka/filters/unsupervised/attribute/RemoveType|,|java+interface:///weka/core/OptionHandler|>,|java+class:///weka/experiment/RandomSplitResultProducer|>,
  <<|java+class:///weka/filters/unsupervised/attribute/NominalToString|,|java+interface:///weka/core/OptionHandler|>,|java+class:///weka/experiment/RandomSplitResultProducer|>,
  <<|java+class:///weka/classifiers/trees/RandomForest|,|java+interface:///weka/core/OptionHandler|>,|java+class:///weka/experiment/RandomSplitResultProducer|>,
  <<|java+class:///weka/classifiers/functions/MultilayerPerceptron|,|java+interface:///weka/core/OptionHandler|>,|java+class:///weka/experiment/RandomSplitResultProducer|>,
  <<|java+class:///weka/gui/explorer/AttributeSelectionPanel|,|java+interface:///weka/gui/explorer/Explorer/ExplorerPanel|>,|java+class:///weka/gui/explorer/ClustererPanel|>,
  <<|java+class:///weka/classifiers/trees/LADTree|,|java+interface:///weka/core/AdditionalMeasureProducer|>,|java+class:///weka/experiment/RandomSplitResultProducer|>,
  <<|java+class:///weka/classifiers/mi/MDD|,|java+interface:///weka/core/OptionHandler|>,|java+class:///weka/experiment/RandomSplitResultProducer|>,
  <<|java+class:///weka/filters/CheckSource|,|java+interface:///weka/core/OptionHandler|>,|java+class:///weka/experiment/RandomSplitResultProducer|>,
  <<|java+class:///weka/attributeSelection/FilteredAttributeEval|,|java+interface:///weka/attributeSelection/AttributeEvaluator|>,|java+class:///weka/attributeSelection/OneRAttributeEval|>,
  <<|java+class:///weka/classifiers/trees/ADTree|,|java+interface:///weka/core/Drawable|>,|java+class:///weka/clusterers/Cobweb|>,
  <<|java+class:///weka/core/converters/DatabaseSaver|,|java+interface:///weka/core/OptionHandler|>,|java+class:///weka/experiment/RandomSplitResultProducer|>,
  <<|java+class:///weka/classifiers/trees/RandomTree|,|java+interface:///weka/core/Drawable|>,|java+class:///weka/clusterers/Cobweb|>,
  <<|java+class:///weka/classifiers/trees/J48|,|java+interface:///weka/core/AdditionalMeasureProducer|>,|java+class:///weka/experiment/RandomSplitResultProducer|>,
  <<|java+class:///weka/attributeSelection/CostSensitiveAttributeEval|,|java+interface:///weka/core/OptionHandler|>,|java+class:///weka/experiment/RandomSplitResultProducer|>,
  <<|java+class:///weka/associations/FPGrowth|,|java+interface:///weka/core/OptionHandler|>,|java+class:///weka/experiment/RandomSplitResultProducer|>,
  <<|java+class:///weka/attributeSelection/SVMAttributeEval|,|java+interface:///weka/core/OptionHandler|>,|java+class:///weka/experiment/RandomSplitResultProducer|>,
  <<|java+class:///weka/classifiers/trees/j48/ClassifierTree|,|java+interface:///weka/core/Drawable|>,|java+class:///weka/clusterers/Cobweb|>,
  <<|java+class:///weka/classifiers/rules/ConjunctiveRule|,|java+interface:///weka/core/OptionHandler|>,|java+class:///weka/experiment/RandomSplitResultProducer|>,
  <<|java+class:///weka/core/neighboursearch/kdtrees/KDTreeNodeSplitter|,|java+interface:///weka/core/OptionHandler|>,|java+class:///weka/experiment/RandomSplitResultProducer|>,
  <<|java+class:///weka/classifiers/meta/MultiClassClassifier|,|java+interface:///weka/core/OptionHandler|>,|java+class:///weka/experiment/RandomSplitResultProducer|>,
  <<|java+class:///weka/core/converters/CSVLoader|,|java+interface:///weka/core/OptionHandler|>,|java+class:///weka/experiment/RandomSplitResultProducer|>,
  <<|java+class:///weka/attributeSelection/LatentSemanticAnalysis|,|java+interface:///weka/core/OptionHandler|>,|java+class:///weka/experiment/RandomSplitResultProducer|>,
  <<|java+class:///weka/gui/explorer/ClustererPanel|,|java+interface:///weka/gui/explorer/Explorer/LogHandler|>,|java+class:///weka/gui/explorer/AssociationsPanel|>,
  <<|java+class:///weka/filters/unsupervised/attribute/PotentialClassIgnorer|,|java+interface:///weka/core/OptionHandler|>,|java+class:///weka/experiment/RandomSplitResultProducer|>,
  <<|java+class:///weka/estimators/CheckEstimator|,|java+interface:///weka/core/OptionHandler|>,|java+class:///weka/experiment/RandomSplitResultProducer|>,
  <<|java+class:///weka/classifiers/meta/StackingC|,|java+interface:///weka/core/OptionHandler|>,|java+class:///weka/experiment/RandomSplitResultProducer|>,
  <<|java+class:///weka/attributeSelection/FilteredSubsetEval|,|java+interface:///weka/core/OptionHandler|>,|java+class:///weka/experiment/RandomSplitResultProducer|>,
  <<|java+class:///weka/core/TestInstances|,|java+interface:///weka/core/OptionHandler|>,|java+class:///weka/experiment/RandomSplitResultProducer|>,
  <<|java+class:///weka/attributeSelection/SymmetricalUncertAttributeEval|,|java+interface:///weka/attributeSelection/AttributeEvaluator|>,|java+class:///weka/attributeSelection/OneRAttributeEval|>,
  <<|java+class:///weka/filters/unsupervised/attribute/Normalize|,|java+interface:///weka/core/OptionHandler|>,|java+class:///weka/experiment/RandomSplitResultProducer|>,
  <<|java+class:///weka/gui/beans/Filter|,|java+interface:///weka/gui/beans/BeanCommon|>,|java+class:///weka/gui/beans/Loader|>,
  <<|java+class:///weka/clusterers/HierarchicalClusterer|,|java+interface:///weka/core/OptionHandler|>,|java+class:///weka/experiment/RandomSplitResultProducer|>,
  <<|java+class:///weka/classifiers/meta/AdditiveRegression|,|java+interface:///weka/core/AdditionalMeasureProducer|>,|java+class:///weka/experiment/RandomSplitResultProducer|>,
  <<|java+class:///weka/gui/explorer/PreprocessPanel|,|java+interface:///weka/gui/explorer/Explorer/ExplorerPanel|>,|java+class:///weka/gui/explorer/ClustererPanel|>,
  <<|java+class:///weka/classifiers/trees/M5P|,|java+interface:///weka/core/Drawable|>,|java+class:///weka/clusterers/Cobweb|>,
  <<|java+class:///weka/attributeSelection/RankSearch|,|java+interface:///weka/core/OptionHandler|>,|java+class:///weka/experiment/RandomSplitResultProducer|>,
  <<|java+class:///weka/classifiers/bayes/BayesNet|,|java+interface:///weka/core/Drawable|>,|java+class:///weka/clusterers/Cobweb|>,
  <<|java+class:///weka/filters/unsupervised/instance/RemovePercentage|,|java+interface:///weka/core/OptionHandler|>,|java+class:///weka/experiment/RandomSplitResultProducer|>,
  <<|java+class:///weka/classifiers/rules/Ridor|,|java+interface:///weka/core/AdditionalMeasureProducer|>,|java+class:///weka/experiment/RandomSplitResultProducer|>,
  <<|java+class:///weka/classifiers/functions/SimpleLogistic|,|java+interface:///weka/core/AdditionalMeasureProducer|>,|java+class:///weka/experiment/RandomSplitResultProducer|>,
  <<|java+class:///weka/classifiers/bayes/net/estimate/BayesNetEstimator|,|java+interface:///weka/core/OptionHandler|>,|java+class:///weka/experiment/RandomSplitResultProducer|>,
  <<|java+class:///weka/filters/supervised/attribute/Discretize|,|java+interface:///weka/core/OptionHandler|>,|java+class:///weka/experiment/RandomSplitResultProducer|>,
  <<|java+class:///weka/classifiers/meta/GridSearch|,|java+interface:///weka/core/AdditionalMeasureProducer|>,|java+class:///weka/experiment/RandomSplitResultProducer|>,
  <<|java+class:///weka/classifiers/mi/MIDD|,|java+interface:///weka/core/OptionHandler|>,|java+class:///weka/experiment/RandomSplitResultProducer|>,
  <<|java+class:///weka/filters/unsupervised/instance/RemoveFolds|,|java+interface:///weka/core/OptionHandler|>,|java+class:///weka/experiment/RandomSplitResultProducer|>,
  <<|java+class:///weka/classifiers/bayes/BayesNet|,|java+interface:///weka/core/OptionHandler|>,|java+class:///weka/experiment/RandomSplitResultProducer|>,
  <<|java+class:///weka/filters/unsupervised/instance/Normalize|,|java+interface:///weka/core/OptionHandler|>,|java+class:///weka/experiment/RandomSplitResultProducer|>,
  <<|java+class:///weka/gui/beans/MetaBean|,|java+interface:///weka/gui/beans/BeanCommon|>,|java+class:///weka/gui/beans/Loader|>,
  <<|java+class:///weka/classifiers/rules/JRip|,|java+interface:///weka/core/AdditionalMeasureProducer|>,|java+class:///weka/experiment/RandomSplitResultProducer|>,
  <<|java+class:///weka/classifiers/trees/LMT|,|java+interface:///weka/core/AdditionalMeasureProducer|>,|java+class:///weka/experiment/RandomSplitResultProducer|>,
  <<|java+class:///weka/classifiers/functions/GaussianProcesses|,|java+interface:///weka/core/OptionHandler|>,|java+class:///weka/experiment/RandomSplitResultProducer|>
]