{
  <<|java+class:///weka/associations/tertius/IndividualInstances|,|java+class:///weka/core/Instances|>,<|java+method:///weka/core/Instances/stringFreeStructure()|,|project://weka-3-6-9/weka-src/src/main/java/weka/core/Instances.java|(10279,22,<299,23>,<299,45>)>>,
  <<|java+class:///weka/associations/TertiusTest/TertiusT|,|java+class:///weka/associations/Tertius|>,<|java+method:///weka/associations/Tertius/beginSearch()|,|project://weka-3-6-9/weka-src/src/main/java/weka/associations/Tertius.java|(49662,16,<1837,20>,<1837,36>)>>,
  <<|java+class:///weka/core/xml/XMLBasicSerialization|,|java+class:///weka/core/xml/XMLSerialization|>,<|java+method:///weka/core/xml/XMLSerialization/invokeReadFromXML(org.w3c.dom.Element)|,|project://weka-3-6-9/weka-src/src/main/java/weka/core/xml/XMLSerialization.java|(52553,31,<1517,19>,<1517,50>)>>,
  <<|java+class:///weka/gui/visualize/ThresholdVisualizePanel|,|java+class:///weka/gui/visualize/VisualizePanel|>,<|java+method:///weka/gui/visualize/VisualizePanel/openVisibleInstances()|,|project://weka-3-6-9/weka-src/src/main/java/weka/gui/visualize/VisualizePanel.java|(69187,34,<2132,22>,<2132,56>)>>,
  <<|java+class:///weka/core/neighboursearch/balltrees/MiddleOutConstructor/MyIdxList|,|java+class:///weka/core/FastVector|>,<|java+method:///weka/core/FastVector/elements()|,|project://weka-3-6-9/weka-src/src/main/java/weka/core/FastVector.java|(6931,31,<264,11>,<264,42>)>>,
  <<|java+class:///weka/classifiers/functions/pace/PaceMatrix|,|java+class:///weka/core/matrix/Matrix|>,<|java+method:///weka/core/matrix/Matrix/svd()|,|project://weka-3-6-9/weka-src/src/main/java/weka/core/matrix/Matrix.java|(23426,36,<913,11>,<913,47>)>>,
  <<|java+class:///weka/classifiers/trees/lmt/LogisticBase|,|java+class:///weka/classifiers/Classifier|>,<|java+method:///weka/classifiers/Classifier/getCapabilities()|,|project://weka-3-6-9/weka-src/src/main/java/weka/classifiers/Classifier.java|(8929,22,<289,26>,<289,48>)>>,
  <<|java+class:///weka/classifiers/functions/supportVector/CachedKernel|,|java+class:///weka/classifiers/functions/supportVector/Kernel|>,<|java+method:///weka/classifiers/functions/supportVector/Kernel/getCapabilities()|,|project://weka-3-6-9/weka-src/src/main/java/weka/classifiers/functions/supportVector/Kernel.java|(6535,22,<238,26>,<238,48>)>>,
  <<|java+class:///weka/classifiers/trees/adtree/ReferenceInstances|,|java+class:///weka/core/Instances|>,<|java+method:///weka/core/Instances/resampleWithWeights(java.util.Random,double%5B%5D,boolean%5B%5D)|,|project://weka-3-6-9/weka-src/src/main/java/weka/core/Instances.java|(34484,35,<1109,24>,<1109,59>)>>,
  <<|java+class:///weka/classifiers/pmml/consumer/Regression|,|java+class:///weka/classifiers/Classifier|>,<|java+method:///weka/classifiers/Classifier/getCapabilities()|,|project://weka-3-6-9/weka-src/src/main/java/weka/classifiers/Classifier.java|(8929,22,<289,26>,<289,48>)>>,
  <<|java+class:///weka/associations/tertius/IndividualInstances|,|java+class:///weka/core/Instances|>,<|java+method:///weka/core/Instances/stringFreeStructure()|,|project://weka-3-6-9/weka-src/src/main/java/weka/core/Instances.java|(10016,22,<292,13>,<292,35>)>>,
  <<|java+class:///weka/associations/tertius/IndividualInstances|,|java+class:///weka/core/Instances|>,<|java+method:///weka/core/Instances/trainCV(int,int)|,|project://weka-3-6-9/weka-src/src/main/java/weka/core/Instances.java|(43509,52,<1418,12>,<1418,64>)>>,
  <<|java+class:///weka/classifiers/bayes/net/EditableBayesNet|,|java+class:///weka/classifiers/bayes/BayesNet|>,<|java+method:///weka/classifiers/bayes/BayesNet/measureExtraArcs()|,|project://weka-3-6-9/weka-src/src/main/java/weka/classifiers/bayes/BayesNet.java|(33179,31,<1033,13>,<1033,44>)>>,
  <<|java+class:///weka/associations/tertius/IndividualInstances|,|java+class:///weka/core/Instances|>,<|java+method:///weka/core/Instances/readInstance(java.io.Reader)|,|project://weka-3-6-9/weka-src/src/main/java/weka/core/Instances.java|(28507,40,<917,22>,<917,62>)>>,
  <<|java+class:///weka/classifiers/trees/m5/PreConstructedLinearModel|,|java+class:///weka/classifiers/Classifier|>,<|java+method:///weka/classifiers/Classifier/getCapabilities()|,|project://weka-3-6-9/weka-src/src/main/java/weka/classifiers/Classifier.java|(8929,22,<289,26>,<289,48>)>>,
  <<|java+class:///weka/classifiers/meta/RandomSubSpace|,|java+class:///weka/classifiers/SingleClassifierEnhancer|>,<|java+method:///weka/classifiers/SingleClassifierEnhancer/getCapabilities()|,|project://weka-3-6-9/weka-src/src/main/java/weka/classifiers/SingleClassifierEnhancer.java|(5417,21,<185,4>,<185,25>)>>,
  <<|java+class:///weka/classifiers/bayes/net/BayesNetGenerator|,|java+class:///weka/classifiers/bayes/BayesNet|>,<|java+method:///weka/classifiers/bayes/BayesNet/measureExtraArcs()|,|project://weka-3-6-9/weka-src/src/main/java/weka/classifiers/bayes/BayesNet.java|(33179,31,<1033,13>,<1033,44>)>>,
  <<|java+class:///weka/classifiers/trees/ft/FTNode|,|java+class:///weka/classifiers/Classifier|>,<|java+method:///weka/classifiers/Classifier/getCapabilities()|,|project://weka-3-6-9/weka-src/src/main/java/weka/classifiers/Classifier.java|(8929,22,<289,26>,<289,48>)>>,
  <<|java+class:///weka/classifiers/functions/pace/PaceMatrix|,|java+class:///weka/core/matrix/Matrix|>,<|java+method:///weka/core/matrix/Matrix/norm2()|,|project://weka-3-6-9/weka-src/src/main/java/weka/core/matrix/Matrix.java|(16862,36,<613,12>,<613,48>)>>,
  <<|java+class:///weka/attributeSelection/BestFirst/LinkedList2|,|java+class:///weka/core/FastVector|>,<|java+method:///weka/core/FastVector/elements()|,|project://weka-3-6-9/weka-src/src/main/java/weka/core/FastVector.java|(6931,31,<264,11>,<264,42>)>>,
  <<|java+class:///weka/classifiers/bayes/net/BIFReader|,|java+class:///weka/classifiers/bayes/BayesNet|>,<|java+method:///weka/classifiers/bayes/BayesNet/toString()|,|project://weka-3-6-9/weka-src/src/main/java/weka/classifiers/bayes/BayesNet.java|(22544,34,<722,7>,<722,41>)>>,
  <<|java+class:///weka/classifiers/rules/NNge/Exemplar|,|java+class:///weka/core/Instances|>,<|java+constructor:///weka/core/Instances/Instances(java.io.Reader)|,|project://weka-3-6-9/weka-src/src/main/java/weka/core/Instances.java|(4419,54,<136,4>,<136,58>)>>,
  <<|java+class:///weka/classifiers/bayes/net/estimate/DiscreteEstimatorFullBayes|,|java+class:///weka/estimators/Estimator|>,<|java+method:///weka/estimators/Estimator/getCapabilities()|,|project://weka-3-6-9/weka-src/src/main/java/weka/estimators/Estimator.java|(20931,22,<679,26>,<679,48>)>>,
  <<|java+class:///weka/classifiers/trees/j48/NBTreeSplit|,|java+class:///weka/classifiers/trees/j48/ClassifierSplitModel|>,<|java+method:///weka/classifiers/trees/j48/ClassifierSplitModel/resetDistribution(weka.core.Instances)|,|project://weka-3-6-9/weka-src/src/main/java/weka/classifiers/trees/j48/ClassifierSplitModel.java|(5985,28,<235,21>,<235,49>)>>,
  <<|java+class:///weka/associations/tertius/IndividualInstances|,|java+class:///weka/core/Instances|>,<|java+method:///weka/core/Instances/resampleWithWeights(java.util.Random,double%5B%5D,boolean%5B%5D)|,|project://weka-3-6-9/weka-src/src/main/java/weka/core/Instances.java|(34484,35,<1109,24>,<1109,59>)>>,
  <<|java+class:///weka/clusterers/AbstractDensityBasedClusterer|,|java+class:///weka/clusterers/AbstractClusterer|>,<|java+method:///weka/clusterers/AbstractClusterer/getCapabilities()|,|project://weka-3-6-9/weka-src/src/main/java/weka/clusterers/AbstractClusterer.java|(5891,22,<180,13>,<180,35>)>>,
  <<|java+class:///weka/classifiers/trees/adtree/ReferenceInstances|,|java+class:///weka/core/Instances|>,<|java+method:///weka/core/Instances/stringFreeStructure()|,|project://weka-3-6-9/weka-src/src/main/java/weka/core/Instances.java|(10016,22,<292,13>,<292,35>)>>,
  <<|java+class:///weka/gui/beans/ScatterPlotMatrix|,|java+class:///weka/gui/beans/DataVisualizer|>,<|java+method:///weka/gui/beans/DataVisualizer/acceptTestSet(weka.gui.beans.TestSetEvent)|,|project://weka-3-6-9/weka-src/src/main/java/weka/gui/beans/DataVisualizer.java|(4172,31,<151,23>,<151,54>)>>,
  <<|java+class:///weka/gui/boundaryvisualizer/BoundaryPanelDistributed|,|java+class:///weka/gui/boundaryvisualizer/BoundaryPanel|>,<|java+class:///weka/gui/boundaryvisualizer/BoundaryPanel|,|project://weka-3-6-9/weka-src/src/main/java/weka/gui/boundaryvisualizer/BoundaryPanel.java|(16372,28,<549,24>,<549,52>)>>,
  <<|java+class:///weka/classifiers/functions/pace/PaceMatrix|,|java+class:///weka/core/matrix/Matrix|>,<|java+method:///weka/core/matrix/Matrix/regression(weka.core.matrix.Matrix,double%5B%5D,double)|,|project://weka-3-6-9/weka-src/src/main/java/weka/core/matrix/Matrix.java|(28367,39,<1090,11>,<1090,50>)>>,
  <<|java+class:///weka/classifiers/meta/Bagging|,|java+class:///weka/classifiers/SingleClassifierEnhancer|>,<|java+method:///weka/classifiers/SingleClassifierEnhancer/getCapabilities()|,|project://weka-3-6-9/weka-src/src/main/java/weka/classifiers/SingleClassifierEnhancer.java|(5240,22,<177,15>,<177,37>)>>,
  <<|java+class:///weka/classifiers/trees/ft/FTInnerNode|,|java+class:///weka/classifiers/Classifier|>,<|java+method:///weka/classifiers/Classifier/getCapabilities()|,|project://weka-3-6-9/weka-src/src/main/java/weka/classifiers/Classifier.java|(8929,22,<289,26>,<289,48>)>>,
  <<|java+class:///weka/classifiers/pmml/consumer/PMMLClassifier|,|java+class:///weka/classifiers/Classifier|>,<|java+method:///weka/classifiers/Classifier/getCapabilities()|,|project://weka-3-6-9/weka-src/src/main/java/weka/classifiers/Classifier.java|(8929,22,<289,26>,<289,48>)>>,
  <<|java+class:///weka/filters/unsupervised/attribute/PotentialClassIgnorer|,|java+class:///weka/filters/Filter|>,<|java+method:///weka/filters/Filter/getCapabilities()|,|project://weka-3-6-9/weka-src/src/main/java/weka/filters/Filter.java|(4832,22,<148,13>,<148,35>)>>,
  <<|java+class:///weka/classifiers/trees/adtree/ReferenceInstances|,|java+class:///weka/core/Instances|>,<|java+method:///weka/core/Instances/stringFreeStructure()|,|project://weka-3-6-9/weka-src/src/main/java/weka/core/Instances.java|(10279,22,<299,23>,<299,45>)>>,
  <<|java+class:///weka/classifiers/trees/j48/NBTreeNoSplit|,|java+class:///weka/classifiers/trees/j48/ClassifierSplitModel|>,<|java+method:///weka/classifiers/trees/j48/ClassifierSplitModel/resetDistribution(weka.core.Instances)|,|project://weka-3-6-9/weka-src/src/main/java/weka/classifiers/trees/j48/ClassifierSplitModel.java|(5985,28,<235,21>,<235,49>)>>,
  <<|java+class:///weka/classifiers/bayes/net/EditableBayesNet|,|java+class:///weka/classifiers/bayes/BayesNet|>,<|java+method:///weka/classifiers/bayes/BayesNet/toString()|,|project://weka-3-6-9/weka-src/src/main/java/weka/classifiers/bayes/BayesNet.java|(22544,34,<722,7>,<722,41>)>>,
  <<|java+class:///weka/classifiers/functions/neural/NeuralNode|,|java+class:///weka/classifiers/functions/neural/NeuralConnection|>,<|java+method:///weka/classifiers/functions/neural/NeuralConnection/removeAllOutputs()|,|project://weka-3-6-9/weka-src/src/main/java/weka/classifiers/functions/neural/NeuralConnection.java|(16401,43,<599,6>,<599,49>)>>,
  <<|java+class:///weka/classifiers/trees/lmt/LMTNode|,|java+class:///weka/classifiers/trees/lmt/LogisticBase|>,<|java+method:///weka/classifiers/trees/lmt/LogisticBase/getErrorRate(weka.core.Instances)|,|project://weka-3-6-9/weka-src/src/main/java/weka/classifiers/trees/lmt/LogisticBase.java|(14550,29,<418,1>,<418,30>)>>,
  <<|java+class:///weka/attributeSelection/CostSensitiveAttributeEval|,|java+class:///weka/attributeSelection/CostSensitiveASEvaluation|>,<|java+method:///weka/attributeSelection/CostSensitiveASEvaluation/getCapabilities()|,|project://weka-3-6-9/weka-src/src/main/java/weka/attributeSelection/CostSensitiveASEvaluation.java|(14987,22,<481,15>,<481,37>)>>,
  <<|java+class:///weka/classifiers/trees/ft/FTtree|,|java+class:///weka/classifiers/Classifier|>,<|java+method:///weka/classifiers/Classifier/getCapabilities()|,|project://weka-3-6-9/weka-src/src/main/java/weka/classifiers/Classifier.java|(8929,22,<289,26>,<289,48>)>>,
  <<|java+class:///weka/clusterers/RandomizableClusterer|,|java+class:///weka/clusterers/AbstractClusterer|>,<|java+method:///weka/clusterers/AbstractClusterer/getCapabilities()|,|project://weka-3-6-9/weka-src/src/main/java/weka/clusterers/AbstractClusterer.java|(5891,22,<180,13>,<180,35>)>>,
  <<|java+class:///weka/classifiers/meta/Dagging|,|java+class:///weka/classifiers/SingleClassifierEnhancer|>,<|java+method:///weka/classifiers/SingleClassifierEnhancer/getCapabilities()|,|project://weka-3-6-9/weka-src/src/main/java/weka/classifiers/SingleClassifierEnhancer.java|(5240,22,<177,15>,<177,37>)>>,
  <<|java+class:///weka/classifiers/bayes/net/BIFReader|,|java+class:///weka/classifiers/bayes/BayesNet|>,<|java+method:///weka/classifiers/bayes/BayesNet/measureExtraArcs()|,|project://weka-3-6-9/weka-src/src/main/java/weka/classifiers/bayes/BayesNet.java|(33179,31,<1033,13>,<1033,44>)>>,
  <<|java+class:///weka/classifiers/RandomizableSingleClassifierEnhancer|,|java+class:///weka/classifiers/SingleClassifierEnhancer|>,<|java+method:///weka/classifiers/SingleClassifierEnhancer/getCapabilities()|,|project://weka-3-6-9/weka-src/src/main/java/weka/classifiers/SingleClassifierEnhancer.java|(5240,22,<177,15>,<177,37>)>>,
  <<|java+class:///weka/classifiers/RandomizableIteratedSingleClassifierEnhancer|,|java+class:///weka/classifiers/SingleClassifierEnhancer|>,<|java+method:///weka/classifiers/SingleClassifierEnhancer/getCapabilities()|,|project://weka-3-6-9/weka-src/src/main/java/weka/classifiers/SingleClassifierEnhancer.java|(5417,21,<185,4>,<185,25>)>>,
  <<|java+class:///weka/gui/beans/xml/XMLBeans|,|java+class:///weka/core/xml/XMLSerialization|>,<|java+method:///weka/core/xml/XMLSerialization/invokeWriteToXML(org.w3c.dom.Element,java.lang.Object,java.lang.String)|,|project://weka-3-6-9/weka-src/src/main/java/weka/core/xml/XMLSerialization.java|(34366,31,<947,30>,<947,61>)>>,
  <<|java+class:///weka/classifiers/trees/adtree/ReferenceInstances|,|java+class:///weka/core/Instances|>,<|java+method:///weka/core/Instances/readInstance(java.io.Reader)|,|project://weka-3-6-9/weka-src/src/main/java/weka/core/Instances.java|(28507,40,<917,22>,<917,62>)>>,
  <<|java+class:///weka/classifiers/functions/pace/PaceMatrix|,|java+class:///weka/core/matrix/Matrix|>,<|java+method:///weka/core/matrix/Matrix/cond()|,|project://weka-3-6-9/weka-src/src/main/java/weka/core/matrix/Matrix.java|(28869,36,<1114,11>,<1114,47>)>>,
  <<|java+class:///weka/classifiers/trees/adtree/ReferenceInstances|,|java+class:///weka/core/Instances|>,<|java+method:///weka/core/Instances/trainCV(int,int)|,|project://weka-3-6-9/weka-src/src/main/java/weka/core/Instances.java|(43509,52,<1418,12>,<1418,64>)>>,
  <<|java+class:///weka/classifiers/trees/ft/FTLeavesNode|,|java+class:///weka/classifiers/Classifier|>,<|java+method:///weka/classifiers/Classifier/getCapabilities()|,|project://weka-3-6-9/weka-src/src/main/java/weka/classifiers/Classifier.java|(8929,22,<289,26>,<289,48>)>>,
  <<|java+class:///weka/attributeSelection/LFSMethods/LinkedList2|,|java+class:///weka/core/FastVector|>,<|java+method:///weka/core/FastVector/elements(int)|,|project://weka-3-6-9/weka-src/src/main/java/weka/core/FastVector.java|(7278,38,<277,11>,<277,49>)>>,
  <<|java+class:///weka/classifiers/trees/ft/FTNode|,|java+class:///weka/classifiers/trees/lmt/LogisticBase|>,<|java+method:///weka/classifiers/trees/lmt/LogisticBase/getMeanAbsoluteError(weka.core.Instances)|,|project://weka-3-6-9/weka-src/src/main/java/weka/classifiers/trees/lmt/LogisticBase.java|(14962,29,<430,1>,<430,30>)>>,
  <<|java+class:///weka/classifiers/trees/adtree/ReferenceInstances|,|java+class:///weka/core/Instances|>,<|java+constructor:///weka/core/Instances/Instances(java.io.Reader)|,|project://weka-3-6-9/weka-src/src/main/java/weka/core/Instances.java|(4419,54,<136,4>,<136,58>)>>,
  <<|java+class:///weka/classifiers/RandomizableSingleClassifierEnhancer|,|java+class:///weka/classifiers/SingleClassifierEnhancer|>,<|java+method:///weka/classifiers/SingleClassifierEnhancer/getCapabilities()|,|project://weka-3-6-9/weka-src/src/main/java/weka/classifiers/SingleClassifierEnhancer.java|(5417,21,<185,4>,<185,25>)>>,
  <<|java+class:///weka/classifiers/RandomizableIteratedSingleClassifierEnhancer|,|java+class:///weka/classifiers/SingleClassifierEnhancer|>,<|java+method:///weka/classifiers/SingleClassifierEnhancer/getCapabilities()|,|project://weka-3-6-9/weka-src/src/main/java/weka/classifiers/SingleClassifierEnhancer.java|(5240,22,<177,15>,<177,37>)>>,
  <<|java+class:///weka/experiment/xml/XMLExperiment|,|java+class:///weka/core/xml/XMLSerialization|>,<|java+method:///weka/core/xml/XMLSerialization/invokeReadFromXML(org.w3c.dom.Element)|,|project://weka-3-6-9/weka-src/src/main/java/weka/core/xml/XMLSerialization.java|(52553,31,<1517,19>,<1517,50>)>>,
  <<|java+class:///weka/classifiers/meta/Dagging|,|java+class:///weka/classifiers/SingleClassifierEnhancer|>,<|java+method:///weka/classifiers/SingleClassifierEnhancer/getCapabilities()|,|project://weka-3-6-9/weka-src/src/main/java/weka/classifiers/SingleClassifierEnhancer.java|(5417,21,<185,4>,<185,25>)>>,
  <<|java+class:///weka/filters/unsupervised/attribute/PartitionedMultiFilter|,|java+class:///weka/filters/Filter|>,<|java+method:///weka/filters/Filter/getCapabilities()|,|project://weka-3-6-9/weka-src/src/main/java/weka/filters/Filter.java|(4832,22,<148,13>,<148,35>)>>,
  <<|java+class:///weka/classifiers/bayes/net/BIFReader|,|java+class:///weka/classifiers/bayes/BayesNet|>,<|java+method:///weka/classifiers/bayes/BayesNet/measureMDLScore()|,|project://weka-3-6-9/weka-src/src/main/java/weka/classifiers/bayes/BayesNet.java|(34211,48,<1070,34>,<1070,82>)>>,
  <<|java+class:///weka/classifiers/bayes/net/BIFReader|,|java+class:///weka/classifiers/bayes/BayesNet|>,<|java+method:///weka/classifiers/bayes/BayesNet/measureBDeuScore()|,|project://weka-3-6-9/weka-src/src/main/java/weka/classifiers/bayes/BayesNet.java|(34027,48,<1065,34>,<1065,82>)>>,
  <<|java+class:///weka/classifiers/meta/MultiScheme|,|java+class:///weka/classifiers/MultipleClassifiersCombiner|>,<|java+method:///weka/classifiers/MultipleClassifiersCombiner/getCapabilities()|,|project://weka-3-6-9/weka-src/src/main/java/weka/classifiers/MultipleClassifiersCombiner.java|(6267,22,<203,15>,<203,37>)>>,
  <<|java+class:///weka/gui/beans/ScatterPlotMatrix|,|java+class:///weka/gui/beans/DataVisualizer|>,<|java+class:///weka/gui/beans/DataVisualizer|,|project://weka-3-6-9/weka-src/src/main/java/weka/gui/beans/DataVisualizer.java|(2489,33,<85,4>,<85,37>)>>,
  <<|java+class:///weka/classifiers/bayes/net/BayesNetGenerator|,|java+class:///weka/classifiers/bayes/BayesNet|>,<|java+method:///weka/classifiers/bayes/BayesNet/measureReversedArcs()|,|project://weka-3-6-9/weka-src/src/main/java/weka/classifiers/bayes/BayesNet.java|(33516,34,<1047,13>,<1047,47>)>>,
  <<|java+class:///weka/classifiers/bayes/net/BIFReader|,|java+class:///weka/classifiers/bayes/BayesNet|>,<|java+method:///weka/classifiers/bayes/BayesNet/measureMissingArcs()|,|project://weka-3-6-9/weka-src/src/main/java/weka/classifiers/bayes/BayesNet.java|(33345,33,<1040,13>,<1040,46>)>>,
  <<|java+class:///weka/gui/beans/Loader|,|java+class:///weka/gui/beans/AbstractDataSource|>,<|java+class:///weka/gui/beans/AbstractDataSource|,|project://weka-3-6-9/weka-src/src/main/java/weka/gui/beans/AbstractDataSource.java|(2023,33,<67,4>,<67,37>)>>,
  <<|java+class:///weka/classifiers/xml/XMLClassifier|,|java+class:///weka/core/xml/XMLSerialization|>,<|java+method:///weka/core/xml/XMLSerialization/invokeReadFromXML(org.w3c.dom.Element)|,|project://weka-3-6-9/weka-src/src/main/java/weka/core/xml/XMLSerialization.java|(52553,31,<1517,19>,<1517,50>)>>,
  <<|java+class:///weka/classifiers/trees/ft/FTNode|,|java+class:///weka/classifiers/trees/ft/FTtree|>,<|java+method:///weka/classifiers/trees/ft/FTtree/getNodes(java.util.Vector)|,|project://weka-3-6-9/weka-src/src/main/java/weka/classifiers/trees/ft/FTtree.java|(9745,18,<322,6>,<322,24>)>>,
  <<|java+class:///weka/classifiers/bayes/net/EditableBayesNet|,|java+class:///weka/classifiers/bayes/BayesNet|>,<|java+method:///weka/classifiers/bayes/BayesNet/measureReversedArcs()|,|project://weka-3-6-9/weka-src/src/main/java/weka/classifiers/bayes/BayesNet.java|(33516,34,<1047,13>,<1047,47>)>>,
  <<|java+class:///weka/classifiers/meta/Bagging|,|java+class:///weka/classifiers/SingleClassifierEnhancer|>,<|java+method:///weka/classifiers/SingleClassifierEnhancer/getCapabilities()|,|project://weka-3-6-9/weka-src/src/main/java/weka/classifiers/SingleClassifierEnhancer.java|(5417,21,<185,4>,<185,25>)>>,
  <<|java+class:///weka/classifiers/bayes/net/BIFReader|,|java+class:///weka/classifiers/bayes/BayesNet|>,<|java+method:///weka/classifiers/bayes/BayesNet/measureEntropyScore()|,|project://weka-3-6-9/weka-src/src/main/java/weka/classifiers/bayes/BayesNet.java|(34579,48,<1080,34>,<1080,82>)>>,
  <<|java+class:///weka/classifiers/rules/NNge/Exemplar|,|java+class:///weka/core/Instances|>,<|java+method:///weka/core/Instances/resampleWithWeights(java.util.Random,double%5B%5D,boolean%5B%5D)|,|project://weka-3-6-9/weka-src/src/main/java/weka/core/Instances.java|(34484,35,<1109,24>,<1109,59>)>>,
  <<|java+class:///weka/classifiers/RandomizableMultipleClassifiersCombiner|,|java+class:///weka/classifiers/MultipleClassifiersCombiner|>,<|java+method:///weka/classifiers/MultipleClassifiersCombiner/getCapabilities()|,|project://weka-3-6-9/weka-src/src/main/java/weka/classifiers/MultipleClassifiersCombiner.java|(6267,22,<203,15>,<203,37>)>>,
  <<|java+class:///weka/filters/SimpleFilter|,|java+class:///weka/filters/Filter|>,<|java+method:///weka/filters/Filter/getCapabilities()|,|project://weka-3-6-9/weka-src/src/main/java/weka/filters/Filter.java|(4832,22,<148,13>,<148,35>)>>,
  <<|java+class:///weka/classifiers/trees/ft/FTLeavesNode|,|java+class:///weka/classifiers/trees/lmt/LogisticBase|>,<|java+method:///weka/classifiers/trees/lmt/LogisticBase/getMeanAbsoluteError(weka.core.Instances)|,|project://weka-3-6-9/weka-src/src/main/java/weka/classifiers/trees/lmt/LogisticBase.java|(14962,29,<430,1>,<430,30>)>>,
  <<|java+class:///weka/classifiers/bayes/net/EditableBayesNet|,|java+class:///weka/classifiers/bayes/BayesNet|>,<|java+method:///weka/classifiers/bayes/BayesNet/measureMDLScore()|,|project://weka-3-6-9/weka-src/src/main/java/weka/classifiers/bayes/BayesNet.java|(34211,48,<1070,34>,<1070,82>)>>,
  <<|java+class:///weka/classifiers/trees/ft/FTtree|,|java+class:///weka/classifiers/trees/lmt/LogisticBase|>,<|java+method:///weka/classifiers/trees/lmt/LogisticBase/getMeanAbsoluteError(weka.core.Instances)|,|project://weka-3-6-9/weka-src/src/main/java/weka/classifiers/trees/lmt/LogisticBase.java|(14962,29,<430,1>,<430,30>)>>,
  <<|java+class:///weka/gui/hierarchyvisualizer/HierarchyVisualizer|,|java+class:///weka/gui/visualize/PrintablePanel|>,<|java+constructor:///weka/gui/visualize/PrintablePanel/PrintablePanel()|,|project://weka-3-6-9/weka-src/src/main/java/weka/gui/visualize/PrintablePanel.java|(1761,28,<55,16>,<55,44>)>>,
  <<|java+class:///weka/associations/tertius/IndividualInstances|,|java+class:///weka/core/Instances|>,<|java+constructor:///weka/core/Instances/Instances(java.io.Reader)|,|project://weka-3-6-9/weka-src/src/main/java/weka/core/Instances.java|(4419,54,<136,4>,<136,58>)>>,
  <<|java+class:///weka/classifiers/trees/ft/FTInnerNode|,|java+class:///weka/classifiers/trees/ft/FTtree|>,<|java+method:///weka/classifiers/trees/ft/FTtree/getNodes(java.util.Vector)|,|project://weka-3-6-9/weka-src/src/main/java/weka/classifiers/trees/ft/FTtree.java|(9745,18,<322,6>,<322,24>)>>,
  <<|java+class:///weka/filters/SimpleStreamFilter|,|java+class:///weka/filters/Filter|>,<|java+method:///weka/filters/Filter/getCapabilities()|,|project://weka-3-6-9/weka-src/src/main/java/weka/filters/Filter.java|(4832,22,<148,13>,<148,35>)>>,
  <<|java+class:///weka/gui/visualize/ThresholdVisualizePanel|,|java+class:///weka/gui/visualize/VisualizePanel|>,<|java+class:///weka/gui/visualize/VisualizePanel|,|project://weka-3-6-9/weka-src/src/main/java/weka/gui/visualize/VisualizePanel.java|(4919,31,<144,6>,<144,37>)>>,
  <<|java+class:///weka/classifiers/rules/DecisionTable/DummySubsetEvaluator|,|java+class:///weka/attributeSelection/ASEvaluation|>,<|java+method:///weka/attributeSelection/ASEvaluation/getCapabilities()|,|project://weka-3-6-9/weka-src/src/main/java/weka/attributeSelection/ASEvaluation.java|(4302,22,<128,26>,<128,48>)>>,
  <<|java+class:///weka/classifiers/rules/NNge/Exemplar|,|java+class:///weka/core/Instances|>,<|java+method:///weka/core/Instances/readInstance(java.io.Reader)|,|project://weka-3-6-9/weka-src/src/main/java/weka/core/Instances.java|(28507,40,<917,22>,<917,62>)>>,
  <<|java+class:///weka/attributeSelection/UnsupervisedAttributeEvaluator|,|java+class:///weka/attributeSelection/ASEvaluation|>,<|java+method:///weka/attributeSelection/ASEvaluation/getCapabilities()|,|project://weka-3-6-9/weka-src/src/main/java/weka/attributeSelection/ASEvaluation.java|(4302,22,<128,26>,<128,48>)>>,
  <<|java+class:///weka/classifiers/meta/RandomSubSpace|,|java+class:///weka/classifiers/SingleClassifierEnhancer|>,<|java+method:///weka/classifiers/SingleClassifierEnhancer/getCapabilities()|,|project://weka-3-6-9/weka-src/src/main/java/weka/classifiers/SingleClassifierEnhancer.java|(5240,22,<177,15>,<177,37>)>>,
  <<|java+class:///weka/classifiers/bayes/net/BayesNetGenerator|,|java+class:///weka/classifiers/bayes/BayesNet|>,<|java+method:///weka/classifiers/bayes/BayesNet/measureMDLScore()|,|project://weka-3-6-9/weka-src/src/main/java/weka/classifiers/bayes/BayesNet.java|(34211,48,<1070,34>,<1070,82>)>>,
  <<|java+class:///weka/classifiers/rules/NNge/Exemplar|,|java+class:///weka/core/Instances|>,<|java+method:///weka/core/Instances/trainCV(int,int)|,|project://weka-3-6-9/weka-src/src/main/java/weka/core/Instances.java|(43509,52,<1418,12>,<1418,64>)>>,
  <<|java+class:///weka/gui/beans/ScatterPlotMatrix|,|java+class:///weka/gui/beans/DataVisualizer|>,<|java+method:///weka/gui/beans/DataVisualizer/acceptTrainingSet(weka.gui.beans.TrainingSetEvent)|,|project://weka-3-6-9/weka-src/src/main/java/weka/gui/beans/DataVisualizer.java|(3909,35,<140,23>,<140,58>)>>,
  <<|java+class:///weka/classifiers/bayes/net/BayesNetGenerator|,|java+class:///weka/classifiers/bayes/BayesNet|>,<|java+method:///weka/classifiers/bayes/BayesNet/measureBDeuScore()|,|project://weka-3-6-9/weka-src/src/main/java/weka/classifiers/bayes/BayesNet.java|(34027,48,<1065,34>,<1065,82>)>>,
  <<|java+class:///weka/classifiers/bayes/net/BayesNetGenerator|,|java+class:///weka/classifiers/bayes/BayesNet|>,<|java+method:///weka/classifiers/bayes/BayesNet/measureMissingArcs()|,|project://weka-3-6-9/weka-src/src/main/java/weka/classifiers/bayes/BayesNet.java|(33345,33,<1040,13>,<1040,46>)>>,
  <<|java+class:///weka/classifiers/rules/NNge/Exemplar|,|java+class:///weka/core/Instances|>,<|java+method:///weka/core/Instances/stringFreeStructure()|,|project://weka-3-6-9/weka-src/src/main/java/weka/core/Instances.java|(10016,22,<292,13>,<292,35>)>>,
  <<|java+class:///weka/classifiers/trees/ft/FTLeavesNode|,|java+class:///weka/classifiers/trees/ft/FTtree|>,<|java+method:///weka/classifiers/trees/ft/FTtree/getNodes(java.util.Vector)|,|project://weka-3-6-9/weka-src/src/main/java/weka/classifiers/trees/ft/FTtree.java|(9745,18,<322,6>,<322,24>)>>,
  <<|java+class:///weka/classifiers/trees/ft/FTInnerNode|,|java+class:///weka/classifiers/trees/lmt/LogisticBase|>,<|java+method:///weka/classifiers/trees/lmt/LogisticBase/getMeanAbsoluteError(weka.core.Instances)|,|project://weka-3-6-9/weka-src/src/main/java/weka/classifiers/trees/lmt/LogisticBase.java|(14962,29,<430,1>,<430,30>)>>,
  <<|java+class:///weka/core/converters/AbstractFileSaver|,|java+class:///weka/core/converters/AbstractSaver|>,<|java+method:///weka/core/converters/AbstractSaver/getCapabilities()|,|project://weka-3-6-9/weka-src/src/main/java/weka/core/converters/AbstractSaver.java|(4098,22,<184,26>,<184,48>)>>,
  <<|java+class:///weka/classifiers/bayes/net/EditableBayesNet|,|java+class:///weka/classifiers/bayes/BayesNet|>,<|java+method:///weka/classifiers/bayes/BayesNet/measureEntropyScore()|,|project://weka-3-6-9/weka-src/src/main/java/weka/classifiers/bayes/BayesNet.java|(34579,48,<1080,34>,<1080,82>)>>,
  <<|java+class:///weka/classifiers/bayes/net/BIFReader|,|java+class:///weka/classifiers/bayes/BayesNet|>,<|java+method:///weka/classifiers/bayes/BayesNet/measureReversedArcs()|,|project://weka-3-6-9/weka-src/src/main/java/weka/classifiers/bayes/BayesNet.java|(33516,34,<1047,13>,<1047,47>)>>,
  <<|java+class:///weka/gui/boundaryvisualizer/BoundaryPanelDistributed|,|java+class:///weka/gui/boundaryvisualizer/BoundaryPanel|>,<|java+class:///weka/gui/boundaryvisualizer/BoundaryPanel|,|project://weka-3-6-9/weka-src/src/main/java/weka/gui/boundaryvisualizer/BoundaryPanel.java|(4535,27,<155,1>,<155,28>)>>,
  <<|java+class:///weka/filters/unsupervised/attribute/AbstractTimeSeries|,|java+class:///weka/filters/Filter|>,<|java+method:///weka/filters/Filter/getCapabilities()|,|project://weka-3-6-9/weka-src/src/main/java/weka/filters/Filter.java|(4832,22,<148,13>,<148,35>)>>,
  <<|java+class:///weka/classifiers/rules/NNge/Exemplar|,|java+class:///weka/core/Instances|>,<|java+method:///weka/core/Instances/stringFreeStructure()|,|project://weka-3-6-9/weka-src/src/main/java/weka/core/Instances.java|(10279,22,<299,23>,<299,45>)>>,
  <<|java+class:///weka/classifiers/bayes/net/EditableBayesNet|,|java+class:///weka/classifiers/bayes/BayesNet|>,<|java+method:///weka/classifiers/bayes/BayesNet/measureMissingArcs()|,|project://weka-3-6-9/weka-src/src/main/java/weka/classifiers/bayes/BayesNet.java|(33345,33,<1040,13>,<1040,46>)>>,
  <<|java+class:///weka/classifiers/bayes/net/EditableBayesNet|,|java+class:///weka/classifiers/bayes/BayesNet|>,<|java+method:///weka/classifiers/bayes/BayesNet/measureBDeuScore()|,|project://weka-3-6-9/weka-src/src/main/java/weka/classifiers/bayes/BayesNet.java|(34027,48,<1065,34>,<1065,82>)>>,
  <<|java+class:///weka/classifiers/trees/m5/RuleNode|,|java+class:///weka/classifiers/Classifier|>,<|java+method:///weka/classifiers/Classifier/getCapabilities()|,|project://weka-3-6-9/weka-src/src/main/java/weka/classifiers/Classifier.java|(8929,22,<289,26>,<289,48>)>>,
  <<|java+class:///weka/classifiers/bayes/net/BayesNetGenerator|,|java+class:///weka/classifiers/bayes/BayesNet|>,<|java+method:///weka/classifiers/bayes/BayesNet/measureEntropyScore()|,|project://weka-3-6-9/weka-src/src/main/java/weka/classifiers/bayes/BayesNet.java|(34579,48,<1080,34>,<1080,82>)>>,
  <<|java+class:///weka/attributeSelection/LFSMethods/LinkedList2|,|java+class:///weka/core/FastVector|>,<|java+method:///weka/core/FastVector/elements()|,|project://weka-3-6-9/weka-src/src/main/java/weka/core/FastVector.java|(6931,31,<264,11>,<264,42>)>>,
  <<|java+class:///weka/classifiers/trees/lmt/LMTNode|,|java+class:///weka/classifiers/trees/lmt/LogisticBase|>,<|java+method:///weka/classifiers/trees/lmt/LogisticBase/getMeanAbsoluteError(weka.core.Instances)|,|project://weka-3-6-9/weka-src/src/main/java/weka/classifiers/trees/lmt/LogisticBase.java|(14962,29,<430,1>,<430,30>)>>,
  <<|java+class:///weka/clusterers/RandomizableDensityBasedClusterer|,|java+class:///weka/clusterers/AbstractClusterer|>,<|java+method:///weka/clusterers/AbstractClusterer/getCapabilities()|,|project://weka-3-6-9/weka-src/src/main/java/weka/clusterers/AbstractClusterer.java|(5891,22,<180,13>,<180,35>)>>,
  <<|java+class:///weka/classifiers/bayes/net/BIFReader|,|java+class:///weka/classifiers/bayes/BayesNet|>,<|java+method:///weka/classifiers/bayes/BayesNet/measureDivergence()|,|project://weka-3-6-9/weka-src/src/main/java/weka/classifiers/bayes/BayesNet.java|(33687,32,<1054,13>,<1054,45>)>>,
  <<|java+class:///weka/associations/tertius/IndividualInstances|,|java+class:///weka/core/Instances|>,<|java+method:///weka/core/Instances/add(weka.core.Instance)|,|project://weka-3-6-9/weka-src/src/main/java/weka/core/Instances.java|(10823,28,<316,4>,<316,32>)>>,
  <<|java+class:///weka/classifiers/bayes/net/estimate/DiscreteEstimatorBayes|,|java+class:///weka/estimators/Estimator|>,<|java+method:///weka/estimators/Estimator/getCapabilities()|,|project://weka-3-6-9/weka-src/src/main/java/weka/estimators/Estimator.java|(20931,22,<679,26>,<679,48>)>>,
  <<|java+class:///weka/classifiers/bayes/net/EditableBayesNet|,|java+class:///weka/classifiers/bayes/BayesNet|>,<|java+method:///weka/classifiers/bayes/BayesNet/estimateCPTs()|,|project://weka-3-6-9/weka-src/src/main/java/weka/classifiers/bayes/BayesNet.java|(11426,38,<352,4>,<352,42>)>>,
  <<|java+class:///weka/classifiers/bayes/net/BayesNetGenerator|,|java+class:///weka/classifiers/bayes/BayesNet|>,<|java+method:///weka/classifiers/bayes/BayesNet/estimateCPTs()|,|project://weka-3-6-9/weka-src/src/main/java/weka/classifiers/bayes/BayesNet.java|(11426,38,<352,4>,<352,42>)>>,
  <<|java+class:///weka/classifiers/meta/RotationForest|,|java+class:///weka/classifiers/SingleClassifierEnhancer|>,<|java+method:///weka/classifiers/SingleClassifierEnhancer/getCapabilities()|,|project://weka-3-6-9/weka-src/src/main/java/weka/classifiers/SingleClassifierEnhancer.java|(5417,21,<185,4>,<185,25>)>>,
  <<|java+class:///weka/classifiers/rules/NNge/Exemplar|,|java+class:///weka/core/Instances|>,<|java+constructor:///weka/core/Instances/Instances(weka.core.Instances,int,int)|,|project://weka-3-6-9/weka-src/src/main/java/weka/core/Instances.java|(7801,41,<232,4>,<232,45>)>>,
  <<|java+class:///weka/classifiers/pmml/consumer/NeuralNetwork|,|java+class:///weka/classifiers/Classifier|>,<|java+method:///weka/classifiers/Classifier/getCapabilities()|,|project://weka-3-6-9/weka-src/src/main/java/weka/classifiers/Classifier.java|(8929,22,<289,26>,<289,48>)>>,
  <<|java+class:///weka/classifiers/bayes/net/BIFReader|,|java+class:///weka/classifiers/bayes/BayesNet|>,<|java+method:///weka/classifiers/bayes/BayesNet/measureBayesScore()|,|project://weka-3-6-9/weka-src/src/main/java/weka/classifiers/bayes/BayesNet.java|(33840,48,<1060,34>,<1060,82>)>>,
  <<|java+class:///weka/classifiers/mi/MISVM/SVM|,|java+class:///weka/classifiers/functions/SMO|>,<|java+method:///weka/classifiers/functions/SMO/getCapabilities()|,|project://weka-3-6-9/weka-src/src/main/java/weka/classifiers/functions/SMO.java|(37875,21,<1221,4>,<1221,25>)>>,
  <<|java+class:///weka/associations/tertius/IndividualInstances|,|java+class:///weka/core/Instances|>,<|java+method:///weka/core/Instances/testCV(int,int)|,|project://weka-3-6-9/weka-src/src/main/java/weka/core/Instances.java|(41072,35,<1340,11>,<1340,46>)>>,
  <<|java+class:///weka/classifiers/functions/pace/PaceMatrix|,|java+class:///weka/core/matrix/Matrix|>,<|java+method:///weka/core/matrix/Matrix/lu()|,|project://weka-3-6-9/weka-src/src/main/java/weka/core/matrix/Matrix.java|(22841,25,<886,11>,<886,36>)>>,
  <<|java+class:///weka/classifiers/bayes/net/BayesNetGenerator|,|java+class:///weka/classifiers/bayes/BayesNet|>,<|java+method:///weka/classifiers/bayes/BayesNet/initCPTs()|,|project://weka-3-6-9/weka-src/src/main/java/weka/classifiers/bayes/BayesNet.java|(11643,34,<361,4>,<361,38>)>>,
  <<|java+class:///weka/classifiers/bayes/net/EditableBayesNet|,|java+class:///weka/classifiers/bayes/BayesNet|>,<|java+method:///weka/classifiers/bayes/BayesNet/toString()|,|project://weka-3-6-9/weka-src/src/main/java/weka/classifiers/bayes/BayesNet.java|(22623,32,<724,30>,<724,62>)>>,
  <<|java+class:///weka/core/pmml/PMMLFactory/PMMLClassifierRunner|,|java+class:///weka/classifiers/Classifier|>,<|java+method:///weka/classifiers/Classifier/getCapabilities()|,|project://weka-3-6-9/weka-src/src/main/java/weka/classifiers/Classifier.java|(8929,22,<289,26>,<289,48>)>>,
  <<|java+class:///weka/classifiers/meta/RandomCommittee|,|java+class:///weka/classifiers/SingleClassifierEnhancer|>,<|java+method:///weka/classifiers/SingleClassifierEnhancer/getCapabilities()|,|project://weka-3-6-9/weka-src/src/main/java/weka/classifiers/SingleClassifierEnhancer.java|(5417,21,<185,4>,<185,25>)>>,
  <<|java+class:///weka/classifiers/bayes/net/EditableBayesNet|,|java+class:///weka/classifiers/bayes/BayesNet|>,<|java+method:///weka/classifiers/bayes/BayesNet/toString()|,|project://weka-3-6-9/weka-src/src/main/java/weka/classifiers/bayes/BayesNet.java|(22484,31,<720,7>,<720,38>)>>,
  <<|java+class:///weka/classifiers/functions/pace/PaceMatrix|,|java+class:///weka/core/matrix/Matrix|>,<|java+method:///weka/core/matrix/Matrix/solve(weka.core.matrix.Matrix)|,|project://weka-3-6-9/weka-src/src/main/java/weka/core/matrix/Matrix.java|(23875,25,<931,22>,<931,47>)>>,
  <<|java+class:///weka/classifiers/trees/lmt/ResidualSplit|,|java+class:///weka/classifiers/trees/j48/ClassifierSplitModel|>,<|java+method:///weka/classifiers/trees/j48/ClassifierSplitModel/resetDistribution(weka.core.Instances)|,|project://weka-3-6-9/weka-src/src/main/java/weka/classifiers/trees/j48/ClassifierSplitModel.java|(5985,28,<235,21>,<235,49>)>>,
  <<|java+class:///weka/classifiers/bayes/net/BayesNetGenerator|,|java+class:///weka/classifiers/bayes/BayesNet|>,<|java+method:///weka/classifiers/bayes/BayesNet/distributionForInstance(weka.core.Instance)|,|project://weka-3-6-9/weka-src/src/main/java/weka/classifiers/bayes/BayesNet.java|(12536,59,<386,11>,<386,70>)>>,
  <<|java+class:///weka/classifiers/trees/adtree/ReferenceInstances|,|java+class:///weka/core/Instances|>,<|java+method:///weka/core/Instances/resample(java.util.Random)|,|project://weka-3-6-9/weka-src/src/main/java/weka/core/Instances.java|(31460,35,<1028,24>,<1028,59>)>>,
  <<|java+class:///weka/classifiers/trees/j48/NoSplit|,|java+class:///weka/classifiers/trees/j48/ClassifierSplitModel|>,<|java+method:///weka/classifiers/trees/j48/ClassifierSplitModel/resetDistribution(weka.core.Instances)|,|project://weka-3-6-9/weka-src/src/main/java/weka/classifiers/trees/j48/ClassifierSplitModel.java|(5985,28,<235,21>,<235,49>)>>,
  <<|java+class:///weka/gui/beans/xml/XMLBeans|,|java+class:///weka/core/xml/XMLSerialization|>,<|java+method:///weka/core/xml/XMLSerialization/invokeReadFromXML(org.w3c.dom.Element)|,|project://weka-3-6-9/weka-src/src/main/java/weka/core/xml/XMLSerialization.java|(52553,31,<1517,19>,<1517,50>)>>,
  <<|java+class:///weka/classifiers/bayes/net/EditableBayesNet|,|java+class:///weka/classifiers/bayes/BayesNet|>,<|java+method:///weka/classifiers/bayes/BayesNet/initCPTs()|,|project://weka-3-6-9/weka-src/src/main/java/weka/classifiers/bayes/BayesNet.java|(11643,34,<361,4>,<361,38>)>>,
  <<|java+class:///weka/attributeSelection/UnsupervisedSubsetEvaluator|,|java+class:///weka/attributeSelection/ASEvaluation|>,<|java+method:///weka/attributeSelection/ASEvaluation/getCapabilities()|,|project://weka-3-6-9/weka-src/src/main/java/weka/attributeSelection/ASEvaluation.java|(4302,22,<128,26>,<128,48>)>>,
  <<|java+class:///weka/classifiers/bayes/net/EditableBayesNet|,|java+class:///weka/classifiers/bayes/BayesNet|>,<|java+method:///weka/classifiers/bayes/BayesNet/distributionForInstance(weka.core.Instance)|,|project://weka-3-6-9/weka-src/src/main/java/weka/classifiers/bayes/BayesNet.java|(12536,59,<386,11>,<386,70>)>>,
  <<|java+class:///weka/classifiers/functions/pace/PaceMatrix|,|java+class:///weka/core/matrix/Matrix|>,<|java+method:///weka/core/matrix/Matrix/solve(weka.core.matrix.Matrix)|,|project://weka-3-6-9/weka-src/src/main/java/weka/core/matrix/Matrix.java|(23922,25,<932,9>,<932,34>)>>,
  <<|java+class:///weka/gui/treevisualizer/TreeVisualizer|,|java+class:///weka/gui/visualize/PrintablePanel|>,<|java+constructor:///weka/gui/visualize/PrintablePanel/PrintablePanel()|,|project://weka-3-6-9/weka-src/src/main/java/weka/gui/visualize/PrintablePanel.java|(1761,28,<55,16>,<55,44>)>>,
  <<|java+class:///weka/classifiers/functions/pace/PaceMatrix|,|java+class:///weka/core/matrix/Matrix|>,<|java+method:///weka/core/matrix/Matrix/det()|,|project://weka-3-6-9/weka-src/src/main/java/weka/core/matrix/Matrix.java|(28514,25,<1098,11>,<1098,36>)>>,
  <<|java+class:///weka/classifiers/bayes/net/BayesNetGenerator|,|java+class:///weka/classifiers/bayes/BayesNet|>,<|java+method:///weka/classifiers/bayes/BayesNet/measureDivergence()|,|project://weka-3-6-9/weka-src/src/main/java/weka/classifiers/bayes/BayesNet.java|(33687,32,<1054,13>,<1054,45>)>>,
  <<|java+class:///weka/classifiers/bayes/net/EditableBayesNet|,|java+class:///weka/classifiers/bayes/BayesNet|>,<|java+method:///weka/classifiers/bayes/BayesNet/measureBayesScore()|,|project://weka-3-6-9/weka-src/src/main/java/weka/classifiers/bayes/BayesNet.java|(33840,48,<1060,34>,<1060,82>)>>,
  <<|java+class:///weka/attributeSelection/CostSensitiveSubsetEval|,|java+class:///weka/attributeSelection/CostSensitiveASEvaluation|>,<|java+method:///weka/attributeSelection/CostSensitiveASEvaluation/getCapabilities()|,|project://weka-3-6-9/weka-src/src/main/java/weka/attributeSelection/CostSensitiveASEvaluation.java|(14987,22,<481,15>,<481,37>)>>,
  <<|java+class:///weka/core/xml/XMLBasicSerialization|,|java+class:///weka/core/xml/XMLSerialization|>,<|java+method:///weka/core/xml/XMLSerialization/invokeWriteToXML(org.w3c.dom.Element,java.lang.Object,java.lang.String)|,|project://weka-3-6-9/weka-src/src/main/java/weka/core/xml/XMLSerialization.java|(34366,31,<947,30>,<947,61>)>>,
  <<|java+class:///weka/classifiers/rules/NNge/Exemplar|,|java+class:///weka/core/Instances|>,<|java+constructor:///weka/core/Instances/Instances(weka.core.Instances)|,|project://weka-3-6-9/weka-src/src/main/java/weka/core/Instances.java|(5887,54,<178,4>,<178,58>)>>,
  <<|java+class:///weka/classifiers/trees/adtree/ReferenceInstances|,|java+class:///weka/core/Instances|>,<|java+method:///weka/core/Instances/add(weka.core.Instance)|,|project://weka-3-6-9/weka-src/src/main/java/weka/core/Instances.java|(10823,28,<316,4>,<316,32>)>>,
  <<|java+class:///weka/classifiers/bayes/net/BayesNetGenerator|,|java+class:///weka/classifiers/bayes/BayesNet|>,<|java+method:///weka/classifiers/bayes/BayesNet/measureBayesScore()|,|project://weka-3-6-9/weka-src/src/main/java/weka/classifiers/bayes/BayesNet.java|(33840,48,<1060,34>,<1060,82>)>>,
  <<|java+class:///weka/classifiers/bayes/net/EditableBayesNet|,|java+class:///weka/classifiers/bayes/BayesNet|>,<|java+method:///weka/classifiers/bayes/BayesNet/measureDivergence()|,|project://weka-3-6-9/weka-src/src/main/java/weka/classifiers/bayes/BayesNet.java|(33687,32,<1054,13>,<1054,45>)>>,
  <<|java+class:///weka/classifiers/IteratedSingleClassifierEnhancer|,|java+class:///weka/classifiers/SingleClassifierEnhancer|>,<|java+method:///weka/classifiers/SingleClassifierEnhancer/getCapabilities()|,|project://weka-3-6-9/weka-src/src/main/java/weka/classifiers/SingleClassifierEnhancer.java|(5417,21,<185,4>,<185,25>)>>,
  <<|java+class:///weka/classifiers/bayes/net/BIFReader|,|java+class:///weka/classifiers/bayes/BayesNet|>,<|java+method:///weka/classifiers/bayes/BayesNet/estimateCPTs()|,|project://weka-3-6-9/weka-src/src/main/java/weka/classifiers/bayes/BayesNet.java|(11426,38,<352,4>,<352,42>)>>,
  <<|java+class:///weka/classifiers/bayes/net/BIFReader|,|java+class:///weka/classifiers/bayes/BayesNet|>,<|java+method:///weka/classifiers/bayes/BayesNet/initCPTs()|,|project://weka-3-6-9/weka-src/src/main/java/weka/classifiers/bayes/BayesNet.java|(11643,34,<361,4>,<361,38>)>>,
  <<|java+class:///weka/associations/tertius/IndividualInstances|,|java+class:///weka/core/Instances|>,<|java+method:///weka/core/Instances/resample(java.util.Random)|,|project://weka-3-6-9/weka-src/src/main/java/weka/core/Instances.java|(31460,35,<1028,24>,<1028,59>)>>,
  <<|java+class:///weka/classifiers/bayes/net/BIFReader|,|java+class:///weka/classifiers/bayes/BayesNet|>,<|java+method:///weka/classifiers/bayes/BayesNet/distributionForInstance(weka.core.Instance)|,|project://weka-3-6-9/weka-src/src/main/java/weka/classifiers/bayes/BayesNet.java|(12536,59,<386,11>,<386,70>)>>,
  <<|java+class:///weka/classifiers/functions/pace/PaceMatrix|,|java+class:///weka/core/matrix/Matrix|>,<|java+method:///weka/core/matrix/Matrix/chol()|,|project://weka-3-6-9/weka-src/src/main/java/weka/core/matrix/Matrix.java|(23205,31,<904,11>,<904,42>)>>,
  <<|java+class:///weka/classifiers/pmml/consumer/GeneralRegression|,|java+class:///weka/classifiers/Classifier|>,<|java+method:///weka/classifiers/Classifier/getCapabilities()|,|project://weka-3-6-9/weka-src/src/main/java/weka/classifiers/Classifier.java|(8929,22,<289,26>,<289,48>)>>,
  <<|java+class:///weka/classifiers/bayes/net/BIFReader|,|java+class:///weka/classifiers/bayes/BayesNet|>,<|java+method:///weka/classifiers/bayes/BayesNet/toString()|,|project://weka-3-6-9/weka-src/src/main/java/weka/classifiers/bayes/BayesNet.java|(22484,31,<720,7>,<720,38>)>>,
  <<|java+class:///weka/classifiers/bayes/net/BIFReader|,|java+class:///weka/classifiers/bayes/BayesNet|>,<|java+method:///weka/classifiers/bayes/BayesNet/toString()|,|project://weka-3-6-9/weka-src/src/main/java/weka/classifiers/bayes/BayesNet.java|(22623,32,<724,30>,<724,62>)>>,
  <<|java+class:///weka/classifiers/trees/adtree/ReferenceInstances|,|java+class:///weka/core/Instances|>,<|java+method:///weka/core/Instances/testCV(int,int)|,|project://weka-3-6-9/weka-src/src/main/java/weka/core/Instances.java|(41072,35,<1340,11>,<1340,46>)>>,
  <<|java+class:///weka/classifiers/functions/pace/PaceMatrix|,|java+class:///weka/core/matrix/Matrix|>,<|java+method:///weka/core/matrix/Matrix/regression(weka.core.matrix.Matrix,double)|,|project://weka-3-6-9/weka-src/src/main/java/weka/core/matrix/Matrix.java|(27829,36,<1075,11>,<1075,47>)>>,
  <<|java+class:///weka/gui/beans/AttributeSummarizer|,|java+class:///weka/gui/beans/DataVisualizer|>,<|java+method:///weka/gui/beans/DataVisualizer/acceptTestSet(weka.gui.beans.TestSetEvent)|,|project://weka-3-6-9/weka-src/src/main/java/weka/gui/beans/DataVisualizer.java|(4172,31,<151,23>,<151,54>)>>,
  <<|java+class:///weka/classifiers/bayes/net/BayesNetGenerator|,|java+class:///weka/classifiers/bayes/BayesNet|>,<|java+method:///weka/classifiers/bayes/BayesNet/buildStructure()|,|project://weka-3-6-9/weka-src/src/main/java/weka/classifiers/bayes/BayesNet.java|(11122,51,<342,4>,<342,55>)>>,
  <<|java+class:///weka/classifiers/trees/ft/FTInnerNode|,|java+class:///weka/classifiers/trees/lmt/LogisticBase|>,<|java+method:///weka/classifiers/trees/lmt/LogisticBase/getErrorRate(weka.core.Instances)|,|project://weka-3-6-9/weka-src/src/main/java/weka/classifiers/trees/lmt/LogisticBase.java|(14550,29,<418,1>,<418,30>)>>,
  <<|java+class:///weka/classifiers/bayes/net/BIFReader|,|java+class:///weka/classifiers/bayes/BayesNet|>,<|java+method:///weka/classifiers/bayes/BayesNet/measureAICScore()|,|project://weka-3-6-9/weka-src/src/main/java/weka/classifiers/bayes/BayesNet.java|(34393,48,<1075,34>,<1075,82>)>>,
  <<|java+class:///weka/classifiers/bayes/net/EditableBayesNet|,|java+class:///weka/classifiers/bayes/BayesNet|>,<|java+method:///weka/classifiers/bayes/BayesNet/updateClassifier(weka.core.Instance)|,|project://weka-3-6-9/weka-src/src/main/java/weka/classifiers/bayes/BayesNet.java|(12043,52,<373,4>,<373,56>)>>,
  <<|java+class:///weka/classifiers/RandomizableMultipleClassifiersCombiner|,|java+class:///weka/classifiers/MultipleClassifiersCombiner|>,<|java+method:///weka/classifiers/MultipleClassifiersCombiner/getCapabilities()|,|project://weka-3-6-9/weka-src/src/main/java/weka/classifiers/MultipleClassifiersCombiner.java|(6639,21,<216,4>,<216,25>)>>,
  <<|java+class:///weka/core/neighboursearch/balltrees/MiddleOutConstructor/MyIdxList|,|java+class:///weka/core/FastVector|>,<|java+method:///weka/core/FastVector/elements(int)|,|project://weka-3-6-9/weka-src/src/main/java/weka/core/FastVector.java|(7278,38,<277,11>,<277,49>)>>,
  <<|java+class:///weka/classifiers/functions/pace/PaceMatrix|,|java+class:///weka/core/matrix/Matrix|>,<|java+method:///weka/core/matrix/Matrix/rank()|,|project://weka-3-6-9/weka-src/src/main/java/weka/core/matrix/Matrix.java|(28677,36,<1106,11>,<1106,47>)>>,
  <<|java+class:///weka/classifiers/RandomizableClassifier|,|java+class:///weka/classifiers/Classifier|>,<|java+method:///weka/classifiers/Classifier/getCapabilities()|,|project://weka-3-6-9/weka-src/src/main/java/weka/classifiers/Classifier.java|(8929,22,<289,26>,<289,48>)>>,
  <<|java+class:///weka/classifiers/rules/NNge/Exemplar|,|java+class:///weka/core/Instances|>,<|java+method:///weka/core/Instances/resample(java.util.Random)|,|project://weka-3-6-9/weka-src/src/main/java/weka/core/Instances.java|(31460,35,<1028,24>,<1028,59>)>>,
  <<|java+class:///weka/classifiers/rules/DTNB/EvalWithDelete|,|java+class:///weka/attributeSelection/ASEvaluation|>,<|java+method:///weka/attributeSelection/ASEvaluation/getCapabilities()|,|project://weka-3-6-9/weka-src/src/main/java/weka/attributeSelection/ASEvaluation.java|(4302,22,<128,26>,<128,48>)>>,
  <<|java+class:///weka/classifiers/bayes/net/BayesNetGenerator|,|java+class:///weka/classifiers/bayes/BayesNet|>,<|java+method:///weka/classifiers/bayes/BayesNet/updateClassifier(weka.core.Instance)|,|project://weka-3-6-9/weka-src/src/main/java/weka/classifiers/bayes/BayesNet.java|(12043,52,<373,4>,<373,56>)>>,
  <<|java+class:///weka/classifiers/meta/MultiScheme|,|java+class:///weka/classifiers/MultipleClassifiersCombiner|>,<|java+method:///weka/classifiers/MultipleClassifiersCombiner/getCapabilities()|,|project://weka-3-6-9/weka-src/src/main/java/weka/classifiers/MultipleClassifiersCombiner.java|(6639,21,<216,4>,<216,25>)>>,
  <<|java+class:///weka/classifiers/bayes/net/EditableBayesNet|,|java+class:///weka/classifiers/bayes/BayesNet|>,<|java+method:///weka/classifiers/bayes/BayesNet/buildStructure()|,|project://weka-3-6-9/weka-src/src/main/java/weka/classifiers/bayes/BayesNet.java|(11122,51,<342,4>,<342,55>)>>,
  <<|java+class:///weka/gui/visualize/ThresholdVisualizePanel|,|java+class:///weka/gui/visualize/VisualizePanel|>,<|java+method:///weka/gui/visualize/VisualizePanel/openVisibleInstances()|,|project://weka-3-6-9/weka-src/src/main/java/weka/gui/visualize/VisualizePanel.java|(69736,203,<2146,6>,<2150,29>)>>,
  <<|java+class:///weka/classifiers/functions/MultilayerPerceptron/NeuralEnd|,|java+class:///weka/classifiers/functions/neural/NeuralConnection|>,<|java+method:///weka/classifiers/functions/neural/NeuralConnection/removeAllInputs()|,|project://weka-3-6-9/weka-src/src/main/java/weka/classifiers/functions/neural/NeuralConnection.java|(14324,43,<522,6>,<522,49>)>>,
  <<|java+class:///weka/gui/beans/AttributeSummarizer|,|java+class:///weka/gui/beans/DataVisualizer|>,<|java+class:///weka/gui/beans/DataVisualizer|,|project://weka-3-6-9/weka-src/src/main/java/weka/gui/beans/DataVisualizer.java|(2489,33,<85,4>,<85,37>)>>,
  <<|java+class:///weka/classifiers/functions/MultilayerPerceptron/NeuralEnd|,|java+class:///weka/classifiers/functions/neural/NeuralConnection|>,<|java+method:///weka/classifiers/functions/neural/NeuralConnection/removeAllOutputs()|,|project://weka-3-6-9/weka-src/src/main/java/weka/classifiers/functions/neural/NeuralConnection.java|(16401,43,<599,6>,<599,49>)>>,
  <<|java+class:///weka/associations/FPGrowth/FPTreeRoot|,|java+class:///weka/associations/FPGrowth/FPTreeNode|>,<|java+method:///weka/associations/FPGrowth/FPTreeNode/addItemSet(java.util.Collection,java.util.Map,int)|,|project://weka-3-6-9/weka-src/src/main/java/weka/associations/FPGrowth.java|(19569,27,<670,19>,<670,46>)>>,
  <<|java+class:///weka/classifiers/trees/ft/FTLeavesNode|,|java+class:///weka/classifiers/trees/lmt/LogisticBase|>,<|java+method:///weka/classifiers/trees/lmt/LogisticBase/getErrorRate(weka.core.Instances)|,|project://weka-3-6-9/weka-src/src/main/java/weka/classifiers/trees/lmt/LogisticBase.java|(14550,29,<418,1>,<418,30>)>>,
  <<|java+class:///weka/classifiers/trees/ft/FTtree|,|java+class:///weka/classifiers/trees/lmt/LogisticBase|>,<|java+method:///weka/classifiers/trees/lmt/LogisticBase/getErrorRate(weka.core.Instances)|,|project://weka-3-6-9/weka-src/src/main/java/weka/classifiers/trees/lmt/LogisticBase.java|(14550,29,<418,1>,<418,30>)>>,
  <<|java+class:///weka/gui/explorer/VisualizePanel|,|java+class:///weka/gui/visualize/MatrixPanel|>,<|java+class:///weka/gui/visualize/MatrixPanel|,|project://weka-3-6-9/weka-src/src/main/java/weka/gui/visualize/MatrixPanel.java|(29802,29,<768,6>,<768,35>)>>,
  <<|java+class:///weka/filters/SimpleBatchFilter|,|java+class:///weka/filters/Filter|>,<|java+method:///weka/filters/Filter/getCapabilities()|,|project://weka-3-6-9/weka-src/src/main/java/weka/filters/Filter.java|(4832,22,<148,13>,<148,35>)>>,
  <<|java+class:///weka/attributeSelection/AttributeSetEvaluator|,|java+class:///weka/attributeSelection/ASEvaluation|>,<|java+method:///weka/attributeSelection/ASEvaluation/getCapabilities()|,|project://weka-3-6-9/weka-src/src/main/java/weka/attributeSelection/ASEvaluation.java|(4302,22,<128,26>,<128,48>)>>,
  <<|java+class:///weka/gui/explorer/VisualizePanel|,|java+class:///weka/gui/visualize/MatrixPanel|>,<|java+class:///weka/gui/visualize/MatrixPanel|,|project://weka-3-6-9/weka-src/src/main/java/weka/gui/visualize/MatrixPanel.java|(29759,35,<767,6>,<767,41>)>>,
  <<|java+class:///weka/classifiers/trees/adtree/ReferenceInstances|,|java+class:///weka/core/Instances|>,<|java+constructor:///weka/core/Instances/Instances(weka.core.Instances,int,int)|,|project://weka-3-6-9/weka-src/src/main/java/weka/core/Instances.java|(7801,41,<232,4>,<232,45>)>>,
  <<|java+class:///weka/gui/visualize/ThresholdVisualizePanel|,|java+class:///weka/gui/visualize/VisualizePanel|>,<|java+method:///weka/gui/visualize/VisualizePanel/saveVisibleInstances()|,|project://weka-3-6-9/weka-src/src/main/java/weka/gui/visualize/VisualizePanel.java|(70545,34,<2170,17>,<2170,51>)>>,
  <<|java+class:///weka/associations/tertius/IndividualInstances|,|java+class:///weka/core/Instances|>,<|java+constructor:///weka/core/Instances/Instances(weka.core.Instances)|,|project://weka-3-6-9/weka-src/src/main/java/weka/core/Instances.java|(5887,54,<178,4>,<178,58>)>>,
  <<|java+class:///weka/classifiers/IteratedSingleClassifierEnhancer|,|java+class:///weka/classifiers/SingleClassifierEnhancer|>,<|java+method:///weka/classifiers/SingleClassifierEnhancer/getCapabilities()|,|project://weka-3-6-9/weka-src/src/main/java/weka/classifiers/SingleClassifierEnhancer.java|(5240,22,<177,15>,<177,37>)>>,
  <<|java+class:///weka/classifiers/trees/lmt/LMTNode|,|java+class:///weka/classifiers/Classifier|>,<|java+method:///weka/classifiers/Classifier/getCapabilities()|,|project://weka-3-6-9/weka-src/src/main/java/weka/classifiers/Classifier.java|(8929,22,<289,26>,<289,48>)>>,
  <<|java+class:///weka/clusterers/RandomizableSingleClustererEnhancer|,|java+class:///weka/clusterers/AbstractClusterer|>,<|java+method:///weka/clusterers/AbstractClusterer/getCapabilities()|,|project://weka-3-6-9/weka-src/src/main/java/weka/clusterers/AbstractClusterer.java|(5891,22,<180,13>,<180,35>)>>,
  <<|java+class:///weka/classifiers/bayes/net/EditableBayesNet|,|java+class:///weka/classifiers/bayes/BayesNet|>,<|java+method:///weka/classifiers/bayes/BayesNet/toString()|,|project://weka-3-6-9/weka-src/src/main/java/weka/classifiers/bayes/BayesNet.java|(22425,33,<718,7>,<718,40>)>>,
  <<|java+class:///weka/attributeSelection/BestFirst/LinkedList2|,|java+class:///weka/core/FastVector|>,<|java+method:///weka/core/FastVector/elements(int)|,|project://weka-3-6-9/weka-src/src/main/java/weka/core/FastVector.java|(7278,38,<277,11>,<277,49>)>>,
  <<|java+class:///weka/gui/arffviewer/ArffSortedTableModel|,|java+class:///weka/gui/SortedTableModel|>,<|java+method:///weka/gui/SortedTableModel/setModel(javax.swing.table.TableModel)|,|project://weka-3-6-9/weka-src/src/main/java/weka/gui/SortedTableModel.java|(5179,34,<191,6>,<191,40>)>>,
  <<|java+class:///weka/classifiers/bayes/net/BIFReader|,|java+class:///weka/classifiers/bayes/BayesNet|>,<|java+method:///weka/classifiers/bayes/BayesNet/buildStructure()|,|project://weka-3-6-9/weka-src/src/main/java/weka/classifiers/bayes/BayesNet.java|(11122,51,<342,4>,<342,55>)>>,
  <<|java+class:///weka/classifiers/meta/RandomCommittee|,|java+class:///weka/classifiers/SingleClassifierEnhancer|>,<|java+method:///weka/classifiers/SingleClassifierEnhancer/getCapabilities()|,|project://weka-3-6-9/weka-src/src/main/java/weka/classifiers/SingleClassifierEnhancer.java|(5240,22,<177,15>,<177,37>)>>,
  <<|java+class:///weka/classifiers/bayes/net/BayesNetGenerator|,|java+class:///weka/classifiers/bayes/BayesNet|>,<|java+method:///weka/classifiers/bayes/BayesNet/measureAICScore()|,|project://weka-3-6-9/weka-src/src/main/java/weka/classifiers/bayes/BayesNet.java|(34393,48,<1075,34>,<1075,82>)>>,
  <<|java+class:///weka/classifiers/functions/pace/PaceMatrix|,|java+class:///weka/core/matrix/Matrix|>,<|java+method:///weka/core/matrix/Matrix/qr()|,|project://weka-3-6-9/weka-src/src/main/java/weka/core/matrix/Matrix.java|(23010,25,<895,11>,<895,36>)>>,
  <<|java+class:///weka/classifiers/bayes/net/EditableBayesNet|,|java+class:///weka/classifiers/bayes/BayesNet|>,<|java+method:///weka/classifiers/bayes/BayesNet/measureAICScore()|,|project://weka-3-6-9/weka-src/src/main/java/weka/classifiers/bayes/BayesNet.java|(34393,48,<1075,34>,<1075,82>)>>,
  <<|java+class:///weka/experiment/xml/XMLExperiment|,|java+class:///weka/core/xml/XMLSerialization|>,<|java+method:///weka/core/xml/XMLSerialization/invokeWriteToXML(org.w3c.dom.Element,java.lang.Object,java.lang.String)|,|project://weka-3-6-9/weka-src/src/main/java/weka/core/xml/XMLSerialization.java|(34366,31,<947,30>,<947,61>)>>,
  <<|java+class:///weka/gui/beans/KnowledgeFlowApp/BeanLayout|,|java+class:///weka/gui/visualize/PrintablePanel|>,<|java+constructor:///weka/gui/visualize/PrintablePanel/PrintablePanel()|,|project://weka-3-6-9/weka-src/src/main/java/weka/gui/visualize/PrintablePanel.java|(1761,28,<55,16>,<55,44>)>>,
  <<|java+class:///weka/classifiers/rules/NNge/Exemplar|,|java+class:///weka/core/Instances|>,<|java+method:///weka/core/Instances/testCV(int,int)|,|project://weka-3-6-9/weka-src/src/main/java/weka/core/Instances.java|(41072,35,<1340,11>,<1340,46>)>>,
  <<|java+class:///weka/classifiers/bayes/net/BIFReader|,|java+class:///weka/classifiers/bayes/BayesNet|>,<|java+method:///weka/classifiers/bayes/BayesNet/updateClassifier(weka.core.Instance)|,|project://weka-3-6-9/weka-src/src/main/java/weka/classifiers/bayes/BayesNet.java|(12043,52,<373,4>,<373,56>)>>,
  <<|java+class:///weka/classifiers/trees/ft/FTNode|,|java+class:///weka/classifiers/trees/lmt/LogisticBase|>,<|java+method:///weka/classifiers/trees/lmt/LogisticBase/getErrorRate(weka.core.Instances)|,|project://weka-3-6-9/weka-src/src/main/java/weka/classifiers/trees/lmt/LogisticBase.java|(14550,29,<418,1>,<418,30>)>>,
  <<|java+class:///weka/classifiers/bayes/net/BIFReader|,|java+class:///weka/classifiers/bayes/BayesNet|>,<|java+method:///weka/classifiers/bayes/BayesNet/toString()|,|project://weka-3-6-9/weka-src/src/main/java/weka/classifiers/bayes/BayesNet.java|(22425,33,<718,7>,<718,40>)>>,
  <<|java+class:///weka/classifiers/trees/j48/GraftSplit|,|java+class:///weka/classifiers/trees/j48/ClassifierSplitModel|>,<|java+method:///weka/classifiers/trees/j48/ClassifierSplitModel/resetDistribution(weka.core.Instances)|,|project://weka-3-6-9/weka-src/src/main/java/weka/classifiers/trees/j48/ClassifierSplitModel.java|(5985,28,<235,21>,<235,49>)>>,
  <<|java+class:///weka/classifiers/xml/XMLClassifier|,|java+class:///weka/core/xml/XMLSerialization|>,<|java+method:///weka/core/xml/XMLSerialization/invokeWriteToXML(org.w3c.dom.Element,java.lang.Object,java.lang.String)|,|project://weka-3-6-9/weka-src/src/main/java/weka/core/xml/XMLSerialization.java|(34366,31,<947,30>,<947,61>)>>,
  <<|java+class:///weka/gui/beans/AttributeSummarizer|,|java+class:///weka/gui/beans/DataVisualizer|>,<|java+method:///weka/gui/beans/DataVisualizer/acceptTrainingSet(weka.gui.beans.TrainingSetEvent)|,|project://weka-3-6-9/weka-src/src/main/java/weka/gui/beans/DataVisualizer.java|(3909,35,<140,23>,<140,58>)>>,
  <<|java+class:///weka/associations/tertius/IndividualInstances|,|java+class:///weka/core/Instances|>,<|java+constructor:///weka/core/Instances/Instances(weka.core.Instances,int,int)|,|project://weka-3-6-9/weka-src/src/main/java/weka/core/Instances.java|(7801,41,<232,4>,<232,45>)>>,
  <<|java+class:///weka/classifiers/trees/adtree/ReferenceInstances|,|java+class:///weka/core/Instances|>,<|java+constructor:///weka/core/Instances/Instances(weka.core.Instances)|,|project://weka-3-6-9/weka-src/src/main/java/weka/core/Instances.java|(5887,54,<178,4>,<178,58>)>>,
  <<|java+class:///weka/gui/arffviewer/ArffSortedTableModel|,|java+class:///weka/gui/SortedTableModel|>,<|java+method:///weka/gui/SortedTableModel/addMouseListenerToHeader(javax.swing.JTable)|,|project://weka-3-6-9/weka-src/src/main/java/weka/gui/SortedTableModel.java|(11298,17,<426,27>,<426,44>)>>,
  <<|java+class:///weka/attributeSelection/HoldOutSubsetEvaluator|,|java+class:///weka/attributeSelection/ASEvaluation|>,<|java+method:///weka/attributeSelection/ASEvaluation/getCapabilities()|,|project://weka-3-6-9/weka-src/src/main/java/weka/attributeSelection/ASEvaluation.java|(4302,22,<128,26>,<128,48>)>>,
  <<|java+class:///weka/classifiers/functions/pace/PaceMatrix|,|java+class:///weka/core/matrix/Matrix|>,<|java+method:///weka/core/matrix/Matrix/eig()|,|project://weka-3-6-9/weka-src/src/main/java/weka/core/matrix/Matrix.java|(23639,33,<922,11>,<922,44>)>>,
  <<|java+class:///weka/classifiers/rules/NNge/Exemplar|,|java+class:///weka/core/Instances|>,<|java+method:///weka/core/Instances/add(weka.core.Instance)|,|project://weka-3-6-9/weka-src/src/main/java/weka/core/Instances.java|(10823,28,<316,4>,<316,32>)>>,
  <<|java+class:///weka/classifiers/meta/RotationForest|,|java+class:///weka/classifiers/SingleClassifierEnhancer|>,<|java+method:///weka/classifiers/SingleClassifierEnhancer/getCapabilities()|,|project://weka-3-6-9/weka-src/src/main/java/weka/classifiers/SingleClassifierEnhancer.java|(5240,22,<177,15>,<177,37>)>>
}