{
  <<|java+class:///marauroa/common/game/RPObjectTest/SubRPObject|,|java+class:///marauroa/common/game/RPObject|>,<|java+method:///marauroa/common/game/RPObject/readObject(marauroa.common.net.InputSerializer)|,|project://marauroa-3.8.1/src/marauroa/common/game/RPObject.java|(24721,19,<1029,3>,<1029,22>)>>,
  <<|java+class:///marauroa/common/game/RPObjectTest/SubRPObject|,|java+class:///marauroa/common/game/RPObject|>,<|java+method:///marauroa/common/game/RPObject/addLink(java.lang.String,marauroa.common.game.RPObject)|,|project://marauroa-3.8.1/src/marauroa/common/game/RPObject.java|(12184,19,<522,2>,<522,21>)>>,
  <<|java+class:///marauroa/common/game/SlotOwner|,|java+class:///marauroa/common/game/Attributes|>,<|java+method:///marauroa/common/game/Attributes/writeObject(marauroa.common.net.OutputSerializer,marauroa.common.game.DetailLevel)|,|project://marauroa-3.8.1/src/marauroa/common/game/Attributes.java|(13670,17,<527,5>,<527,22>)>>,
  <<|java+class:///marauroa/common/game/RPEvent|,|java+class:///marauroa/common/game/SlotOwner|>,<|java+method:///marauroa/common/game/SlotOwner/deserializeRPSlots(marauroa.common.net.InputSerializer)|,|project://marauroa-3.8.1/src/marauroa/common/game/SlotOwner.java|(6441,19,<276,3>,<276,22>)>>,
  <<|java+class:///marauroa/common/game/RPObjectTest/SubRPObject|,|java+class:///marauroa/common/game/RPObject|>,<|java+method:///marauroa/common/game/RPObject/fill(marauroa.common.game.RPObject)|,|project://marauroa-3.8.1/src/marauroa/common/game/RPObject.java|(4601,20,<166,3>,<166,23>)>>,
  <<|java+class:///marauroa/common/game/RPObjectTest/SubRPObject|,|java+class:///marauroa/common/game/RPObject|>,<|java+method:///marauroa/common/game/RPObject/writeObject(marauroa.common.net.OutputSerializer)|,|project://marauroa-3.8.1/src/marauroa/common/game/RPObject.java|(21282,19,<889,3>,<889,22>)>>,
  <<|java+class:///marauroa/common/game/RPObjectTest/SubRPObject|,|java+class:///marauroa/common/game/RPObject|>,<|java+method:///marauroa/common/game/RPObject/getDifferences(marauroa.common.game.RPObject,marauroa.common.game.RPObject)|,|project://marauroa-3.8.1/src/marauroa/common/game/RPObject.java|(34623,41,<1465,2>,<1465,43>)>>,
  <<|java+class:///marauroa/common/game/RPObjectTest/SubRPObject|,|java+class:///marauroa/common/game/RPObject|>,<|java+method:///marauroa/common/game/RPObject/getDifferences(marauroa.common.game.RPObject,marauroa.common.game.RPObject)|,|project://marauroa-3.8.1/src/marauroa/common/game/RPObject.java|(35674,37,<1511,2>,<1511,39>)>>,
  <<|java+class:///marauroa/common/game/DefaultRPClass|,|java+class:///marauroa/common/game/RPClass|>,<|java+method:///marauroa/common/game/RPClass/readObject(marauroa.common.net.InputSerializer)|,|project://marauroa-3.8.1/src/marauroa/common/game/RPClass.java|(19203,27,<732,2>,<732,29>)>>,
  <<|java+class:///marauroa/common/game/RPObjectTest/SubRPObject|,|java+class:///marauroa/common/game/RPObject|>,<|java+method:///marauroa/common/game/RPObject/getDifferences(marauroa.common.game.RPObject,marauroa.common.game.RPObject)|,|project://marauroa-3.8.1/src/marauroa/common/game/RPObject.java|(35637,33,<1510,2>,<1510,35>)>>,
  <<|java+class:///marauroa/common/game/RPObjectTest/SubRPObject|,|java+class:///marauroa/common/game/SlotOwner|>,<|java+method:///marauroa/common/game/SlotOwner/fill(marauroa.common.game.Attributes)|,|project://marauroa-3.8.1/src/marauroa/common/game/SlotOwner.java|(1309,20,<54,4>,<54,24>)>>,
  <<|java+class:///marauroa/common/game/RPObject|,|java+class:///marauroa/common/game/SlotOwner|>,<|java+method:///marauroa/common/game/SlotOwner/fill(marauroa.common.game.Attributes)|,|project://marauroa-3.8.1/src/marauroa/common/game/SlotOwner.java|(1309,20,<54,4>,<54,24>)>>,
  <<|java+class:///marauroa/common/game/RPObjectTest/SubRPObject|,|java+class:///marauroa/common/game/RPObject|>,<|java+method:///marauroa/common/game/RPObject/fill(marauroa.common.game.RPObject)|,|project://marauroa-3.8.1/src/marauroa/common/game/RPObject.java|(4731,20,<172,3>,<172,23>)>>,
  <<|java+class:///marauroa/common/game/RPObjectTest/SubRPObject|,|java+class:///marauroa/common/game/RPObject|>,<|java+method:///marauroa/common/game/RPObject/addLink(marauroa.common.game.RPLink)|,|project://marauroa-3.8.1/src/marauroa/common/game/RPObject.java|(12484,19,<538,2>,<538,21>)>>,
  <<|java+class:///marauroa/common/game/RPObject|,|java+class:///marauroa/common/game/SlotOwner|>,<|java+method:///marauroa/common/game/SlotOwner/deserializeRPSlots(marauroa.common.net.InputSerializer)|,|project://marauroa-3.8.1/src/marauroa/common/game/SlotOwner.java|(6441,19,<276,3>,<276,22>)>>,
  <<|java+class:///marauroa/common/game/RPObjectTest/SubRPObject|,|java+class:///marauroa/common/game/SlotOwner|>,<|java+method:///marauroa/common/game/SlotOwner/deserializeRPSlots(marauroa.common.net.InputSerializer)|,|project://marauroa-3.8.1/src/marauroa/common/game/SlotOwner.java|(6441,19,<276,3>,<276,22>)>>,
  <<|java+class:///marauroa/common/game/RPEvent|,|java+class:///marauroa/common/game/SlotOwner|>,<|java+method:///marauroa/common/game/SlotOwner/addSlot(java.lang.String)|,|project://marauroa-3.8.1/src/marauroa/common/game/SlotOwner.java|(2360,19,<103,2>,<103,21>)>>,
  <<|java+class:///marauroa/common/game/DefaultRPClass|,|java+class:///marauroa/common/game/RPClass|>,<|java+constructor:///marauroa/common/game/RPClass/RPClass(java.lang.String)|,|project://marauroa-3.8.1/src/marauroa/common/game/RPClass.java|(4393,27,<137,2>,<137,29>)>>,
  <<|java+class:///marauroa/common/game/RPObjectTest/SubRPObject|,|java+class:///marauroa/common/game/RPObject|>,<|java+method:///marauroa/common/game/RPObject/readObject(marauroa.common.net.InputSerializer)|,|project://marauroa-3.8.1/src/marauroa/common/game/RPObject.java|(25686,20,<1061,3>,<1061,23>)>>,
  <<|java+class:///marauroa/common/game/RPAction|,|java+class:///marauroa/common/game/Attributes|>,<|java+method:///marauroa/common/game/Attributes/writeObject(marauroa.common.net.OutputSerializer,marauroa.common.game.DetailLevel)|,|project://marauroa-3.8.1/src/marauroa/common/game/Attributes.java|(13670,17,<527,5>,<527,22>)>>,
  <<|java+class:///marauroa/common/game/RPEvent|,|java+class:///marauroa/common/game/SlotOwner|>,<|java+method:///marauroa/common/game/SlotOwner/addSlot(marauroa.common.game.RPSlot)|,|project://marauroa-3.8.1/src/marauroa/common/game/SlotOwner.java|(3017,31,<127,3>,<127,34>)>>,
  <<|java+class:///marauroa/common/game/RPObjectTest/SubRPObject|,|java+class:///marauroa/common/game/RPObject|>,<|java+method:///marauroa/common/game/RPObject/getID()|,|project://marauroa-3.8.1/src/marauroa/common/game/RPObject.java|(5721,12,<226,9>,<226,21>)>>,
  <<|java+class:///marauroa/common/game/RPEvent|,|java+class:///marauroa/common/game/SlotOwner|>,<|java+method:///marauroa/common/game/SlotOwner/fill(marauroa.common.game.Attributes)|,|project://marauroa-3.8.1/src/marauroa/common/game/SlotOwner.java|(1309,20,<54,4>,<54,24>)>>,
  <<|java+class:///marauroa/common/game/RPObjectTest/SubRPObject|,|java+class:///marauroa/common/game/RPObject|>,<|java+method:///marauroa/common/game/RPObject/clone()|,|project://marauroa-3.8.1/src/marauroa/common/game/RPObject.java|(28981,19,<1205,3>,<1205,22>)>>,
  <<|java+class:///marauroa/common/game/RPObjectTest/SubRPObject|,|java+class:///marauroa/common/game/RPObject|>,<|java+method:///marauroa/common/game/RPObject/getDifferences(marauroa.common.game.RPObject,marauroa.common.game.RPObject)|,|project://marauroa-3.8.1/src/marauroa/common/game/RPObject.java|(38994,31,<1622,2>,<1622,33>)>>,
  <<|java+class:///marauroa/common/game/RPEvent|,|java+class:///marauroa/common/game/SlotOwner|>,<|java+method:///marauroa/common/game/SlotOwner/addSlot(marauroa.common.game.RPSlot)|,|project://marauroa-3.8.1/src/marauroa/common/game/SlotOwner.java|(2837,19,<121,2>,<121,21>)>>,
  <<|java+class:///marauroa/common/game/RPObjectTest/SubRPObject|,|java+class:///marauroa/common/game/RPObject|>,<|java+method:///marauroa/common/game/RPObject/addEvent(marauroa.common.game.RPEvent)|,|project://marauroa-3.8.1/src/marauroa/common/game/RPObject.java|(11365,20,<482,2>,<482,22>)>>,
  <<|java+class:///marauroa/common/game/RPObjectTest/SubRPObject|,|java+class:///marauroa/common/game/RPObject|>,<|java+method:///marauroa/common/game/RPObject/getDifferences(marauroa.common.game.RPObject,marauroa.common.game.RPObject)|,|project://marauroa-3.8.1/src/marauroa/common/game/RPObject.java|(39029,35,<1623,2>,<1623,37>)>>,
  <<|java+class:///marauroa/common/game/RPObjectTest/SubRPObject|,|java+class:///marauroa/common/game/RPObject|>,<|java+method:///marauroa/common/game/RPObject/getDifferences(marauroa.common.game.RPObject,marauroa.common.game.RPObject)|,|project://marauroa-3.8.1/src/marauroa/common/game/RPObject.java|(34582,37,<1464,2>,<1464,39>)>>
}