{
  <<|java+class:///javax/faces/component/html/HtmlMessages|,|java+class:///javax/faces/component/UIMessages|>,2,|java+class:///javax/faces/component/UIComponent|>,
  <<|java+class:///javax/faces/component/UISelectMany|,|java+class:///javax/faces/component/UIInput|>,2,|java+class:///javax/faces/component/UIComponentBase|>,
  <<|java+class:///javax/faces/model/ResultSetDataModel/WrapResultSetMap|,|java+class:///java/util/TreeMap|>,2,|java+interface:///java/util/Map|>,
  <<|java+class:///javax/faces/component/html/HtmlCommandButton|,|java+class:///javax/faces/component/UICommand|>,2,|java+class:///javax/faces/component/UIComponent|>,
  <<|java+class:///javax/faces/component/behavior/_DeltaStateHelper/InternalDeltaListMap|,|java+class:///javax/faces/component/behavior/_DeltaStateHelper/InternalMap|>,2,|java+interface:///java/util/Map|>,
  <<|java+class:///javax/faces/component/_ArrayMap|,|java+class:///java/util/AbstractMap|>,2,|java+interface:///java/util/Map|>,
  <<|java+class:///javax/faces/component/_DeltaStateHelper/InternalMap|,|java+class:///java/util/HashMap|>,2,|java+interface:///java/util/Map|>,
  <<|java+class:///javax/faces/component/UIInput|,|java+class:///javax/faces/component/UIOutput|>,2,|java+class:///javax/faces/component/UIComponent|>,
  <<|java+class:///javax/faces/el/EvaluationException|,|java+class:///javax/faces/FacesException|>,2,|java+class:///java/lang/Throwable|>,
  <<|java+class:///javax/faces/component/html/_HtmlMessages|,|java+class:///javax/faces/component/UIMessages|>,2,|java+interface:///javax/faces/component/PartialStateHolder|>,
  <<|java+class:///javax/faces/convert/NumberConverter|,|java+interface:///javax/faces/component/PartialStateHolder|>,2,|java+interface:///javax/faces/component/StateHolder|>,
  <<|java+class:///javax/faces/component/UIMessage|,|java+class:///javax/faces/component/UIComponentBase|>,2,|java+class:///javax/faces/component/UIComponent|>,
  <<|java+class:///javax/faces/component/UIInput|,|java+class:///javax/faces/component/UIOutput|>,2,|java+class:///java/lang/Object|>,
  <<|java+class:///javax/faces/component/html/HtmlOutcomeTargetLink|,|java+class:///javax/faces/component/UIOutcomeTarget|>,2,|java+class:///javax/faces/component/UIComponent|>,
  <<|java+class:///javax/faces/component/UIPanel|,|java+class:///javax/faces/component/UIComponentBase|>,2,|java+class:///javax/faces/component/UIComponent|>,
  <<|java+class:///javax/faces/component/UISelectItems|,|java+class:///javax/faces/component/UIComponentBase|>,2,|java+class:///javax/faces/component/UIComponent|>,
  <<|java+class:///javax/faces/event/ExceptionQueuedEvent|,|java+class:///javax/faces/event/SystemEvent|>,2,|java+class:///java/lang/Object|>,
  <<|java+class:///javax/faces/component/UIOutput|,|java+class:///javax/faces/component/UIComponentBase|>,2,|java+class:///javax/faces/component/UIComponentBase|>,
  <<|java+interface:///javax/faces/event/FacesListener|,|java+interface:///java/util/EventListener|>,2,|java+class:///java/lang/Object|>,
  <<|java+interface:///javax/faces/event/FacesListener|,|java+interface:///java/util/EventListener|>,2,|java+class:///javax/faces/render/Renderer|>,
  <<|java+interface:///javax/faces/validator/Validator|,|java+interface:///java/util/EventListener|>,2,|java+class:///java/lang/Object|>,
  <<|java+interface:///javax/faces/event/AjaxBehaviorListener|,|java+interface:///javax/faces/event/BehaviorListener|>,2,|java+interface:///javax/faces/event/FacesListener|>,
  <<|java+class:///javax/faces/component/html/HtmlSelectBooleanCheckbox|,|java+class:///javax/faces/component/UISelectBoolean|>,2,|java+class:///javax/faces/component/UIComponent|>,
  <<|java+class:///javax/faces/event/SystemEvent|,|java+class:///java/util/EventObject|>,2,|java+class:///java/lang/Object|>,
  <<|java+class:///javax/faces/event/PhaseEvent|,|java+class:///java/util/EventObject|>,2,|java+class:///java/lang/Object|>,
  <<|java+class:///javax/faces/component/UIForm|,|java+class:///javax/faces/component/UIComponentBase|>,2,|java+interface:///javax/faces/event/ComponentSystemEventListener|>,
  <<|java+class:///javax/faces/component/html/HtmlOutputLabel|,|java+class:///javax/faces/component/UIOutput|>,2,|java+interface:///javax/faces/event/ComponentSystemEventListener|>,
  <<|java+class:///javax/faces/component/behavior/_AjaxBehaviorDeltaStateHelper/InternalList|,|java+class:///java/util/ArrayList|>,2,|java+interface:///java/util/List|>,
  <<|java+class:///javax/faces/component/html/HtmlGraphicImage|,|java+class:///javax/faces/component/UIGraphic|>,2,|java+class:///javax/faces/component/UIComponent|>,
  <<|java+class:///javax/faces/component/_MethodBindingToMethodExpression|,|java+class:///javax/el/MethodExpression|>,2,|java+class:///java/lang/Object|>,
  <<|java+class:///javax/faces/component/UIForm|,|java+class:///javax/faces/component/UIComponentBase|>,2,|java+interface:///javax/faces/component/StateHolder|>,
  <<|java+class:///javax/faces/component/behavior/_AjaxBehaviorDeltaStateHelper/InternalDeltaListMap|,|java+class:///javax/faces/component/behavior/_AjaxBehaviorDeltaStateHelper/InternalMap|>,2,|java+interface:///java/util/Map|>,
  <<|java+class:///javax/faces/component/UIMessages|,|java+class:///javax/faces/component/UIComponentBase|>,2,|java+interface:///javax/faces/component/PartialStateHolder|>,
  <<|java+class:///javax/faces/component/UIOutput|,|java+class:///javax/faces/component/UIComponentBase|>,2,|java+interface:///javax/faces/event/ComponentSystemEventListener|>,
  <<|java+class:///javax/faces/component/html/HtmlCommandLink|,|java+class:///javax/faces/component/UICommand|>,2,|java+class:///javax/faces/component/UIComponent|>,
  <<|java+class:///javax/faces/component/_ComponentChildrenList|,|java+class:///java/util/AbstractList|>,2,|java+interface:///java/util/List|>,
  <<|java+class:///javax/faces/event/FacesEvent|,|java+class:///java/util/EventObject|>,2,|java+class:///java/lang/Object|>,
  <<|java+class:///javax/faces/component/UISelectBoolean|,|java+class:///javax/faces/component/UIInput|>,2,|java+class:///javax/faces/component/UIComponent|>,
  <<|java+class:///javax/faces/component/behavior/_DeltaStateHelper/InternalMap|,|java+class:///java/util/HashMap|>,2,|java+interface:///java/util/Map|>,
  <<|java+class:///javax/faces/component/html/_HtmlOutputLabel|,|java+class:///javax/faces/component/UIOutput|>,2,|java+interface:///javax/faces/component/StateHolder|>,
  <<|java+class:///javax/faces/component/UIComponentBase|,|java+class:///javax/faces/component/UIComponent|>,2,|java+class:///java/lang/Object|>,
  <<|java+interface:///javax/faces/event/BehaviorListener|,|java+interface:///javax/faces/event/FacesListener|>,2,|java+class:///java/lang/Object|>,
  <<|java+class:///javax/faces/component/html/_HtmlOutputLabel|,|java+class:///javax/faces/component/UIOutput|>,2,|java+interface:///javax/faces/event/ComponentSystemEventListener|>,
  <<|java+class:///javax/faces/component/html/HtmlInputTextarea|,|java+class:///javax/faces/component/UIInput|>,2,|java+class:///javax/faces/component/UIComponent|>,
  <<|java+class:///javax/faces/component/UpdateModelException|,|java+class:///javax/faces/FacesException|>,2,|java+class:///java/lang/Throwable|>,
  <<|java+class:///javax/faces/webapp/UIComponentTagBase|,|java+class:///java/lang/Object|>,2,|java+class:///java/lang/Object|>,
  <<|java+class:///javax/faces/event/AbortProcessingException|,|java+class:///javax/faces/FacesException|>,2,|java+class:///java/lang/Throwable|>,
  <<|java+class:///javax/faces/component/UIComponentBase|,|java+class:///javax/faces/component/UIComponent|>,2,|java+class:///javax/faces/component/UIComponent|>,
  <<|java+class:///javax/faces/component/_ArrayMap|,|java+class:///java/util/AbstractMap|>,2,|java+class:///java/lang/Object|>,
  <<|java+class:///javax/faces/component/html/HtmlPanelGrid|,|java+class:///javax/faces/component/UIPanel|>,2,|java+class:///javax/faces/component/UIComponent|>,
  <<|java+class:///javax/faces/component/html/HtmlOutputText|,|java+class:///javax/faces/component/UIOutput|>,2,|java+class:///javax/faces/component/UIComponent|>,
  <<|java+class:///javax/faces/component/UISelectItem|,|java+class:///javax/faces/component/UIComponentBase|>,2,|java+class:///javax/faces/component/UIComponent|>,
  <<|java+class:///javax/faces/component/UIViewParameter|,|java+class:///javax/faces/component/UIInput|>,2,|java+class:///javax/faces/component/UIComponentBase|>,
  <<|java+class:///javax/faces/component/UIOutput|,|java+class:///javax/faces/component/UIComponentBase|>,2,|java+interface:///javax/faces/component/StateHolder|>,
  <<|java+class:///javax/faces/component/_DeltaStateHelper/InternalList|,|java+class:///java/util/ArrayList|>,2,|java+interface:///java/util/List|>,
  <<|java+class:///javax/faces/component/UIComponent|,|java+interface:///javax/faces/component/PartialStateHolder|>,2,|java+interface:///javax/faces/component/StateHolder|>,
  <<|java+class:///javax/faces/component/UIMessages|,|java+class:///javax/faces/component/UIComponentBase|>,2,|java+class:///javax/faces/component/UIComponent|>,
  <<|java+class:///javax/faces/component/UISelectMany|,|java+class:///javax/faces/component/UIInput|>,2,|java+class:///javax/faces/component/UIComponent|>,
  <<|java+class:///javax/faces/model/ResultSetDataModel/WrapResultSetEntries|,|java+class:///java/util/AbstractSet|>,2,|java+interface:///java/util/Set|>,
  <<|java+class:///javax/faces/component/_ComponentFacetMap/ComponentFacetValueCollection|,|java+class:///java/util/AbstractCollection|>,2,|java+interface:///java/util/Collection|>,
  <<|java+class:///javax/faces/component/_ComponentFacetMap/ComponentFacetEntrySet|,|java+class:///java/util/AbstractSet|>,2,|java+interface:///java/util/Set|>,
  <<|java+interface:///javax/faces/component/PartialStateHolder|,|java+interface:///javax/faces/component/StateHolder|>,2,|java+class:///java/lang/Object|>,
  <<|java+class:///javax/faces/component/html/HtmlForm|,|java+class:///javax/faces/component/UIForm|>,2,|java+interface:///javax/faces/event/ComponentSystemEventListener|>,
  <<|java+class:///javax/faces/el/MethodNotFoundException|,|java+class:///javax/faces/el/EvaluationException|>,2,|java+class:///java/lang/Throwable|>,
  <<|java+class:///javax/faces/component/html/HtmlMessage|,|java+class:///javax/faces/component/UIMessage|>,2,|java+class:///javax/faces/component/UIComponent|>,
  <<|java+class:///javax/faces/component/html/HtmlForm|,|java+class:///javax/faces/component/UIForm|>,2,|java+interface:///javax/faces/component/StateHolder|>,
  <<|java+class:///javax/faces/FacesException|,|java+class:///java/lang/RuntimeException|>,2,|java+class:///java/lang/Exception|>,
  <<|java+interface:///javax/faces/event/ComponentSystemEventListener|,|java+interface:///javax/faces/event/FacesListener|>,2,|java+class:///javax/faces/render/Renderer|>,
  <<|java+interface:///javax/faces/event/ComponentSystemEventListener|,|java+interface:///javax/faces/event/FacesListener|>,2,|java+class:///java/lang/Object|>,
  <<|java+class:///javax/faces/component/UIData|,|java+class:///javax/faces/component/UIComponentBase|>,2,|java+class:///javax/faces/component/UIComponent|>,
  <<|java+class:///javax/faces/component/html/HtmlSelectOneListbox|,|java+class:///javax/faces/component/UISelectOne|>,2,|java+class:///javax/faces/component/UIComponent|>,
  <<|java+class:///javax/faces/component/UISelectItem|,|java+class:///javax/faces/component/UIComponentBase|>,2,|java+interface:///javax/faces/component/PartialStateHolder|>,
  <<|java+class:///javax/faces/model/ResultSetDataModel/WrapResultSetKeys|,|java+class:///java/util/AbstractSet|>,2,|java+interface:///java/util/Set|>,
  <<|java+class:///javax/faces/component/UIViewRoot/ViewScope|,|java+class:///java/util/HashMap|>,2,|java+interface:///java/util/Map|>,
  <<|java+class:///javax/faces/component/UIComponentBase|,|java+class:///javax/faces/component/UIComponent|>,2,|java+interface:///javax/faces/component/PartialStateHolder|>,
  <<|java+class:///javax/faces/component/UISelectOne|,|java+class:///javax/faces/component/UIInput|>,2,|java+class:///javax/faces/component/UIComponent|>,
  <<|java+class:///javax/faces/component/UINamingContainer|,|java+class:///javax/faces/component/UIComponentBase|>,2,|java+class:///javax/faces/component/UIComponent|>,
  <<|java+class:///javax/faces/component/UIData|,|java+class:///javax/faces/component/UIComponentBase|>,2,|java+class:///java/lang/Object|>,
  <<|java+class:///javax/faces/component/UIComponent|,|java+interface:///javax/faces/event/ComponentSystemEventListener|>,2,|java+interface:///javax/faces/event/ComponentSystemEventListener|>,
  <<|java+class:///javax/faces/component/_DeltaStateHelper/InternalDeltaListMap|,|java+class:///javax/faces/component/_DeltaStateHelper/InternalMap|>,2,|java+interface:///java/util/Map|>,
  <<|java+class:///javax/faces/component/behavior/_DeltaStateHelper/InternalList|,|java+class:///java/util/ArrayList|>,2,|java+interface:///java/util/List|>,
  <<|java+class:///javax/faces/component/UIPanel|,|java+class:///javax/faces/component/UIComponentBase|>,2,|java+interface:///javax/faces/component/StateHolder|>,
  <<|java+class:///javax/faces/component/_DeltaList|,|java+interface:///javax/faces/component/PartialStateHolder|>,2,|java+interface:///javax/faces/component/StateHolder|>,
  <<|java+class:///javax/faces/component/html/HtmlOutputLabel|,|java+class:///javax/faces/component/UIOutput|>,2,|java+interface:///javax/faces/component/PartialStateHolder|>,
  <<|java+class:///javax/faces/component/html/HtmlInputSecret|,|java+class:///javax/faces/component/UIInput|>,2,|java+class:///javax/faces/component/UIComponent|>,
  <<|java+class:///javax/faces/component/html/HtmlPanelGroup|,|java+class:///javax/faces/component/UIPanel|>,2,|java+class:///javax/faces/component/UIComponent|>,
  <<|java+class:///javax/faces/component/html/HtmlOutputFormat|,|java+class:///javax/faces/component/UIOutput|>,2,|java+class:///javax/faces/component/UIComponent|>,
  <<|java+class:///javax/faces/event/AbortProcessingException|,|java+class:///javax/faces/FacesException|>,2,|java+class:///java/lang/Exception|>,
  <<|java+class:///javax/faces/component/UIViewParameter|,|java+class:///javax/faces/component/UIInput|>,2,|java+class:///javax/faces/component/UIComponent|>,
  <<|java+class:///javax/faces/validator/ValidatorException|,|java+class:///javax/faces/FacesException|>,2,|java+class:///java/lang/Throwable|>,
  <<|java+class:///javax/faces/component/UIViewRoot|,|java+class:///javax/faces/component/UIComponentBase|>,2,|java+class:///java/lang/Object|>,
  <<|java+interface:///javax/faces/component/EditableValueHolder|,|java+interface:///javax/faces/component/ValueHolder|>,2,|java+class:///javax/faces/component/UIComponent|>,
  <<|java+class:///javax/faces/component/UIPanel|,|java+class:///javax/faces/component/UIComponentBase|>,2,|java+interface:///javax/faces/event/ComponentSystemEventListener|>,
  <<|java+class:///javax/faces/component/UIViewRoot|,|java+class:///javax/faces/component/UIComponentBase|>,2,|java+class:///javax/faces/component/UIComponent|>,
  <<|java+class:///javax/faces/component/html/HtmlSelectManyMenu|,|java+class:///javax/faces/component/UISelectMany|>,2,|java+class:///javax/faces/component/UIComponent|>,
  <<|java+class:///javax/faces/component/html/HtmlOutputLink|,|java+class:///javax/faces/component/UIOutput|>,2,|java+class:///javax/faces/component/UIComponent|>,
  <<|java+class:///javax/faces/component/html/HtmlSelectManyListbox|,|java+class:///javax/faces/component/UISelectMany|>,2,|java+class:///javax/faces/component/UIComponent|>,
  <<|java+class:///javax/faces/component/UIForm|,|java+class:///javax/faces/component/UIComponentBase|>,2,|java+class:///javax/faces/component/UIComponent|>,
  <<|java+class:///javax/faces/component/html/HtmlOutputLabel|,|java+class:///javax/faces/component/UIOutput|>,2,|java+class:///javax/faces/component/UIComponent|>,
  <<|java+class:///javax/faces/component/UIForm|,|java+class:///javax/faces/component/UIComponentBase|>,2,|java+class:///java/lang/Object|>,
  <<|java+class:///javax/faces/component/html/_HtmlMessages|,|java+class:///javax/faces/component/UIMessages|>,2,|java+interface:///javax/faces/event/ComponentSystemEventListener|>,
  <<|java+class:///javax/faces/FacesException|,|java+class:///java/lang/RuntimeException|>,2,|java+class:///java/lang/Throwable|>,
  <<|java+class:///javax/faces/component/_ValueExpressionToValueBinding|,|java+class:///javax/faces/el/ValueBinding|>,2,|java+class:///java/lang/Object|>,
  <<|java+class:///javax/faces/component/html/HtmlInputText|,|java+class:///javax/faces/component/UIInput|>,2,|java+class:///javax/faces/component/UIComponent|>,
  <<|java+class:///javax/faces/component/html/HtmlDataTable|,|java+class:///javax/faces/component/UIData|>,2,|java+class:///javax/faces/component/UIComponent|>,
  <<|java+class:///javax/faces/component/html/HtmlSelectManyCheckbox|,|java+class:///javax/faces/component/UISelectMany|>,2,|java+class:///javax/faces/component/UIComponent|>,
  <<|java+class:///javax/faces/model/ResultSetDataModel/WrapResultSetValues|,|java+class:///java/util/AbstractCollection|>,2,|java+interface:///java/util/Collection|>,
  <<|java+class:///javax/faces/component/_ValueBindingToValueExpression|,|java+class:///javax/el/ValueExpression|>,2,|java+class:///java/lang/Object|>,
  <<|java+class:///javax/faces/component/UIOutput|,|java+class:///javax/faces/component/UIComponentBase|>,2,|java+class:///java/lang/Object|>,
  <<|java+class:///javax/faces/component/html/HtmlPanelGrid|,|java+class:///javax/faces/component/UIPanel|>,2,|java+interface:///javax/faces/component/StateHolder|>,
  <<|java+class:///javax/faces/el/PropertyNotFoundException|,|java+class:///javax/faces/el/EvaluationException|>,2,|java+class:///java/lang/Throwable|>,
  <<|java+class:///javax/faces/component/UISelectItem|,|java+class:///javax/faces/component/UIComponentBase|>,2,|java+interface:///javax/faces/component/StateHolder|>,
  <<|java+class:///javax/faces/component/UIOutput|,|java+class:///javax/faces/component/UIComponentBase|>,2,|java+class:///javax/faces/component/UIComponent|>,
  <<|java+class:///javax/faces/component/behavior/_DeltaList|,|java+interface:///javax/faces/component/PartialStateHolder|>,2,|java+interface:///javax/faces/component/StateHolder|>,
  <<|java+class:///javax/faces/component/html/HtmlOutcomeTargetButton|,|java+class:///javax/faces/component/UIOutcomeTarget|>,2,|java+class:///javax/faces/component/UIComponent|>,
  <<|java+class:///javax/faces/component/UIComponentBase|,|java+class:///javax/faces/component/UIComponent|>,2,|java+interface:///javax/faces/component/StateHolder|>,
  <<|java+class:///javax/faces/component/UIOutcomeTarget|,|java+class:///javax/faces/component/UIOutput|>,2,|java+class:///javax/faces/component/UIComponent|>,
  <<|java+class:///javax/faces/component/html/HtmlHead|,|java+class:///javax/faces/component/UIOutput|>,2,|java+class:///javax/faces/component/UIComponent|>,
  <<|java+class:///javax/faces/component/UIComponentBase|,|java+class:///javax/faces/component/UIComponent|>,2,|java+interface:///javax/faces/event/ComponentSystemEventListener|>,
  <<|java+class:///javax/faces/component/UISelectItem|,|java+class:///javax/faces/component/UIComponentBase|>,2,|java+interface:///javax/faces/event/ComponentSystemEventListener|>,
  <<|java+class:///javax/faces/component/_ComponentFacetMap/ComponentFacetKeySet|,|java+class:///java/util/AbstractSet|>,2,|java+interface:///java/util/Set|>,
  <<|java+interface:///javax/faces/validator/Validator|,|java+interface:///java/util/EventListener|>,2,|java+class:///|>,
  <<|java+class:///javax/faces/component/html/HtmlPanelGrid|,|java+class:///javax/faces/component/UIPanel|>,2,|java+interface:///javax/faces/event/ComponentSystemEventListener|>,
  <<|java+class:///javax/faces/component/UIInput|,|java+class:///javax/faces/component/UIOutput|>,2,|java+class:///javax/faces/component/UIComponentBase|>,
  <<|java+class:///javax/faces/component/UIComponent|,|java+interface:///javax/faces/component/PartialStateHolder|>,2,|java+interface:///javax/faces/component/PartialStateHolder|>,
  <<|java+class:///javax/faces/component/html/HtmlForm|,|java+class:///javax/faces/component/UIForm|>,2,|java+class:///javax/faces/component/UIComponent|>,
  <<|java+interface:///javax/faces/model/DataModelListener|,|java+interface:///java/util/EventListener|>,2,|java+class:///java/lang/Object|>,
  <<|java+class:///javax/faces/component/UIMessages|,|java+class:///javax/faces/component/UIComponentBase|>,2,|java+interface:///javax/faces/event/ComponentSystemEventListener|>,
  <<|java+class:///javax/faces/component/UICommand|,|java+class:///javax/faces/component/UIComponentBase|>,2,|java+class:///javax/faces/component/UIComponent|>,
  <<|java+class:///javax/faces/component/html/HtmlSelectOneMenu|,|java+class:///javax/faces/component/UISelectOne|>,2,|java+class:///javax/faces/component/UIComponent|>,
  <<|java+class:///javax/faces/webapp/FacetTag|,|java+class:///javax/servlet/jsp/tagext/TagSupport|>,2,|java+interface:///javax/servlet/jsp/tagext/Tag|>,
  <<|java+class:///javax/faces/component/html/HtmlSelectOneRadio|,|java+class:///javax/faces/component/UISelectOne|>,2,|java+class:///javax/faces/component/UIComponent|>,
  <<|java+class:///javax/faces/component/UIOutput|,|java+class:///javax/faces/component/UIComponentBase|>,2,|java+interface:///javax/faces/component/PartialStateHolder|>,
  <<|java+interface:///javax/faces/event/BehaviorListener|,|java+interface:///javax/faces/event/FacesListener|>,2,|java+interface:///javax/faces/event/FacesListener|>,
  <<|java+class:///javax/faces/webapp/UIComponentClassicTagBase|,|java+class:///javax/faces/webapp/UIComponentTagBase|>,2,|java+class:///java/lang/Object|>,
  <<|java+class:///javax/faces/convert/DateTimeConverter|,|java+interface:///javax/faces/component/PartialStateHolder|>,2,|java+interface:///javax/faces/component/StateHolder|>,
  <<|java+class:///javax/faces/component/UIGraphic|,|java+class:///javax/faces/component/UIComponentBase|>,2,|java+class:///javax/faces/component/UIComponent|>,
  <<|java+interface:///javax/faces/component/PartialStateHolder|,|java+interface:///javax/faces/component/StateHolder|>,2,|java+interface:///javax/faces/component/StateHolder|>,
  <<|java+class:///javax/faces/component/html/HtmlBody|,|java+class:///javax/faces/component/UIOutput|>,2,|java+class:///javax/faces/component/UIComponent|>,
  <<|java+interface:///javax/faces/event/SystemEventListener|,|java+interface:///javax/faces/event/FacesListener|>,2,|java+class:///java/lang/Object|>,
  <<|java+class:///javax/faces/component/behavior/_AjaxBehaviorDeltaStateHelper/InternalMap|,|java+class:///java/util/HashMap|>,2,|java+interface:///java/util/Map|>
}