[
  <<|java+class:///javax/faces/component/html/_HtmlOutputFormat|,|java+class:///javax/faces/component/UIOutput|>,|java+class:///javax/faces/component/UIInput|>,
  <<|java+class:///javax/faces/component/html/_HtmlOutputLabel|,|java+class:///javax/faces/component/UIOutput|>,|java+class:///javax/faces/component/UIInput|>,
  <<|java+class:///javax/faces/component/html/_HtmlInputSecret|,|java+class:///javax/faces/component/UIInput|>,|java+class:///javax/faces/component/UISelectMany|>,
  <<|java+class:///javax/faces/component/html/_HtmlInputText|,|java+class:///javax/faces/component/UIInput|>,|java+class:///javax/faces/component/UISelectMany|>,
  <<|java+class:///javax/faces/component/html/HtmlInputSecret|,|java+class:///javax/faces/component/UIInput|>,|java+class:///javax/faces/component/UISelectMany|>,
  <<|java+class:///javax/faces/component/html/_HtmlOutputLink|,|java+class:///javax/faces/component/UIOutput|>,|java+class:///javax/faces/component/UIInput|>,
  <<|java+class:///javax/faces/component/html/HtmlOutputFormat|,|java+class:///javax/faces/component/UIOutput|>,|java+class:///javax/faces/component/UIInput|>,
  <<|java+class:///javax/faces/component/html/HtmlDoctype|,|java+class:///javax/faces/component/UIOutput|>,|java+class:///javax/faces/component/UIInput|>,
  <<|java+class:///javax/faces/component/html/HtmlInputText|,|java+class:///javax/faces/component/UIInput|>,|java+class:///javax/faces/component/UISelectMany|>,
  <<|java+class:///javax/faces/component/html/HtmlOutputLink|,|java+class:///javax/faces/component/UIOutput|>,|java+class:///javax/faces/component/UIInput|>,
  <<|java+class:///javax/faces/component/html/HtmlOutputLabel|,|java+class:///javax/faces/component/UIOutput|>,|java+class:///javax/faces/component/UIInput|>,
  <<|java+class:///javax/faces/component/_UIMessages|,|java+class:///javax/faces/component/UIComponentBase|>,|java+class:///javax/faces/component/UIColumn|>,
  <<|java+class:///javax/faces/component/html/_HtmlDoctype|,|java+class:///javax/faces/component/UIOutput|>,|java+class:///javax/faces/component/UIInput|>,
  <<|java+class:///javax/faces/component/html/HtmlInputHidden|,|java+class:///javax/faces/component/UIInput|>,|java+class:///javax/faces/component/UISelectMany|>,
  <<|java+class:///javax/faces/component/_UIMessage|,|java+class:///javax/faces/component/UIComponentBase|>,|java+class:///javax/faces/component/UIColumn|>,
  <<|java+class:///javax/faces/component/html/HtmlHead|,|java+class:///javax/faces/component/UIOutput|>,|java+class:///javax/faces/component/UIInput|>,
  <<|java+class:///javax/faces/component/html/HtmlBody|,|java+class:///javax/faces/component/UIOutput|>,|java+class:///javax/faces/component/UIInput|>,
  <<|java+class:///javax/faces/component/html/_HtmlInputTextarea|,|java+class:///javax/faces/component/UIInput|>,|java+class:///javax/faces/component/UISelectMany|>,
  <<|java+class:///javax/faces/component/html/_HtmlOutputText|,|java+class:///javax/faces/component/UIOutput|>,|java+class:///javax/faces/component/UIInput|>,
  <<|java+class:///javax/faces/component/html/HtmlInputTextarea|,|java+class:///javax/faces/component/UIInput|>,|java+class:///javax/faces/component/UISelectMany|>,
  <<|java+class:///javax/faces/component/html/HtmlOutputText|,|java+class:///javax/faces/component/UIOutput|>,|java+class:///javax/faces/component/UIInput|>,
  <<|java+class:///javax/faces/convert/IntegerConverter|,|java+interface:///javax/faces/convert/Converter|>,|java+class:///javax/faces/convert/DateTimeConverter|>,
  <<|java+class:///javax/faces/component/UIComponent/EventListenerWrapper|,|java+interface:///javax/faces/component/PartialStateHolder|>,|java+class:///javax/faces/component/_DeltaList|>,
  <<|java+class:///javax/faces/convert/ByteConverter|,|java+interface:///javax/faces/convert/Converter|>,|java+class:///javax/faces/convert/DateTimeConverter|>,
  <<|java+class:///javax/faces/component/behavior/_AjaxBehaviorDeltaStateHelper|,|java+interface:///javax/faces/component/StateHelper|>,|java+class:///javax/faces/component/behavior/_DeltaStateHelper|>,
  <<|java+class:///javax/faces/convert/BooleanConverter|,|java+interface:///javax/faces/convert/Converter|>,|java+class:///javax/faces/convert/DateTimeConverter|>,
  <<|java+class:///javax/faces/convert/CharacterConverter|,|java+interface:///javax/faces/convert/Converter|>,|java+class:///javax/faces/convert/DateTimeConverter|>,
  <<|java+class:///javax/faces/convert/BigDecimalConverter|,|java+interface:///javax/faces/convert/Converter|>,|java+class:///javax/faces/convert/DateTimeConverter|>,
  <<|java+class:///javax/faces/convert/DoubleConverter|,|java+interface:///javax/faces/convert/Converter|>,|java+class:///javax/faces/convert/DateTimeConverter|>,
  <<|java+class:///javax/faces/validator/RegexValidator|,|java+interface:///javax/faces/component/PartialStateHolder|>,|java+class:///javax/faces/component/_DeltaList|>,
  <<|java+class:///javax/faces/validator/LengthValidator|,|java+interface:///javax/faces/component/PartialStateHolder|>,|java+class:///javax/faces/component/_DeltaList|>,
  <<|java+class:///javax/faces/validator/LongRangeValidator|,|java+interface:///javax/faces/component/PartialStateHolder|>,|java+class:///javax/faces/component/_DeltaList|>,
  <<|java+class:///javax/faces/convert/LongConverter|,|java+interface:///javax/faces/convert/Converter|>,|java+class:///javax/faces/convert/DateTimeConverter|>,
  <<|java+class:///javax/faces/convert/EnumConverter|,|java+interface:///javax/faces/component/PartialStateHolder|>,|java+class:///javax/faces/component/_DeltaList|>,
  <<|java+class:///javax/faces/validator/BeanValidator|,|java+interface:///javax/faces/component/PartialStateHolder|>,|java+class:///javax/faces/component/_DeltaList|>,
  <<|java+class:///javax/faces/convert/BigIntegerConverter|,|java+interface:///javax/faces/convert/Converter|>,|java+class:///javax/faces/convert/DateTimeConverter|>,
  <<|java+interface:///javax/faces/event/ViewMapListener|,|java+interface:///javax/faces/event/SystemEventListener|>,|java+class:///javax/faces/component/UIComponent/EventListenerWrapper|>,
  <<|java+class:///javax/faces/convert/ShortConverter|,|java+interface:///javax/faces/convert/Converter|>,|java+class:///javax/faces/convert/DateTimeConverter|>,
  <<|java+class:///javax/faces/convert/FloatConverter|,|java+interface:///javax/faces/convert/Converter|>,|java+class:///javax/faces/convert/DateTimeConverter|>
]