RESULTS LOG: 
INTERNAL REUSE TOTAL: 64 
<|java+class:///javax/faces/application/ApplicationWrapper|,|java+class:///javax/faces/application/Application|> 
<|java+class:///javax/faces/application/ConfigurableNavigationHandler|,|java+class:///javax/faces/application/NavigationHandler|> 
<|java+class:///javax/faces/application/ResourceHandlerWrapper|,|java+class:///javax/faces/application/ResourceHandler|> 
<|java+class:///javax/faces/application/ResourceWrapper|,|java+class:///javax/faces/application/Resource|> 
<|java+class:///javax/faces/application/StateManagerWrapper|,|java+class:///javax/faces/application/StateManager|> 
<|java+class:///javax/faces/application/ViewHandlerWrapper|,|java+class:///javax/faces/application/ViewHandler|> 
<|java+class:///javax/faces/component/UIColumn|,|java+class:///javax/faces/component/UIComponentBase|> 
<|java+class:///javax/faces/component/UICommand|,|java+class:///javax/faces/component/UIComponentBase|> 
<|java+class:///javax/faces/component/UIComponentBase|,|java+class:///javax/faces/component/UIComponent|> 
<|java+class:///javax/faces/component/UIData|,|java+class:///javax/faces/component/UIComponentBase|> 
<|java+class:///javax/faces/component/UIData/FacesEventWrapper|,|java+class:///javax/faces/event/FacesEvent|> 
<|java+class:///javax/faces/component/UIForm|,|java+class:///javax/faces/component/UIComponentBase|> 
<|java+class:///javax/faces/component/UIGraphic|,|java+class:///javax/faces/component/UIComponentBase|> 
<|java+class:///javax/faces/component/UIInput|,|java+class:///javax/faces/component/UIOutput|> 
<|java+class:///javax/faces/component/UIMessage|,|java+class:///javax/faces/component/UIComponentBase|> 
<|java+class:///javax/faces/component/UIMessages|,|java+class:///javax/faces/component/UIComponentBase|> 
<|java+class:///javax/faces/component/UINamingContainer|,|java+class:///javax/faces/component/UIComponentBase|> 
<|java+class:///javax/faces/component/UIOutput|,|java+class:///javax/faces/component/UIComponentBase|> 
<|java+class:///javax/faces/component/UIPanel|,|java+class:///javax/faces/component/UIComponentBase|> 
<|java+class:///javax/faces/component/UIParameter|,|java+class:///javax/faces/component/UIComponentBase|> 
<|java+class:///javax/faces/component/UISelectBoolean|,|java+class:///javax/faces/component/UIInput|> 
<|java+class:///javax/faces/component/UISelectItem|,|java+class:///javax/faces/component/UIComponentBase|> 
<|java+class:///javax/faces/component/UISelectItems|,|java+class:///javax/faces/component/UIComponentBase|> 
<|java+class:///javax/faces/component/UISelectMany|,|java+class:///javax/faces/component/UIInput|> 
<|java+class:///javax/faces/component/UISelectOne|,|java+class:///javax/faces/component/UIInput|> 
<|java+class:///javax/faces/component/UIViewParameter|,|java+class:///javax/faces/component/UIInput|> 
<|java+class:///javax/faces/component/UIViewRoot|,|java+class:///javax/faces/component/UIComponentBase|> 
<|java+class:///javax/faces/component/_LabeledFacesMessage|,|java+class:///javax/faces/application/FacesMessage|> 
<|java+class:///javax/faces/component/_MethodBindingToActionListener|,|java+class:///javax/faces/component/_MethodBindingToListener|> 
<|java+class:///javax/faces/component/_MethodBindingToValueChangeListener|,|java+class:///javax/faces/component/_MethodBindingToListener|> 
<|java+class:///javax/faces/component/_ParametrizableFacesMessage|,|java+class:///javax/faces/application/FacesMessage|> 
<|java+class:///javax/faces/component/_UIParameter|,|java+class:///javax/faces/component/UIComponentBase|> 
<|java+class:///javax/faces/component/_UISelectItem|,|java+class:///javax/faces/component/UIComponentBase|> 
<|java+class:///javax/faces/component/_UISelectItems|,|java+class:///javax/faces/component/UIComponentBase|> 
<|java+class:///javax/faces/component/html/HtmlDataTable|,|java+class:///javax/faces/component/UIData|> 
<|java+class:///javax/faces/component/html/HtmlGraphicImage|,|java+class:///javax/faces/component/UIGraphic|> 
<|java+class:///javax/faces/component/html/HtmlSelectBooleanCheckbox|,|java+class:///javax/faces/component/UISelectBoolean|> 
<|java+class:///javax/faces/component/html/HtmlSelectManyCheckbox|,|java+class:///javax/faces/component/UISelectMany|> 
<|java+class:///javax/faces/component/html/HtmlSelectManyListbox|,|java+class:///javax/faces/component/UISelectMany|> 
<|java+class:///javax/faces/component/html/HtmlSelectManyMenu|,|java+class:///javax/faces/component/UISelectMany|> 
<|java+class:///javax/faces/component/html/_HtmlBody|,|java+class:///javax/faces/component/UIOutput|> 
<|java+class:///javax/faces/component/html/_HtmlHead|,|java+class:///javax/faces/component/UIOutput|> 
<|java+class:///javax/faces/component/visit/VisitContextWrapper|,|java+class:///javax/faces/component/visit/VisitContext|> 
<|java+class:///javax/faces/context/ExceptionHandlerWrapper|,|java+class:///javax/faces/context/ExceptionHandler|> 
<|java+class:///javax/faces/context/ExternalContextWrapper|,|java+class:///javax/faces/context/ExternalContext|> 
<|java+class:///javax/faces/context/FacesContextWrapper|,|java+class:///javax/faces/context/FacesContext|> 
<|java+class:///javax/faces/context/PartialViewContextWrapper|,|java+class:///javax/faces/context/PartialViewContext|> 
<|java+class:///javax/faces/context/ResponseWriterWrapper|,|java+class:///javax/faces/context/ResponseWriter|> 
<|java+class:///javax/faces/convert/_LabeledFacesMessage|,|java+class:///javax/faces/application/FacesMessage|> 
<|java+class:///javax/faces/convert/_ParametrizableFacesMessage|,|java+class:///javax/faces/application/FacesMessage|> 
<|java+class:///javax/faces/model/ArrayDataModel|,|java+class:///javax/faces/model/DataModel|> 
<|java+class:///javax/faces/model/ListDataModel|,|java+class:///javax/faces/model/DataModel|> 
<|java+class:///javax/faces/model/ResultDataModel|,|java+class:///javax/faces/model/DataModel|> 
<|java+class:///javax/faces/model/ResultSetDataModel|,|java+class:///javax/faces/model/DataModel|> 
<|java+class:///javax/faces/model/ScalarDataModel|,|java+class:///javax/faces/model/DataModel|> 
<|java+class:///javax/faces/render/RenderKitWrapper|,|java+class:///javax/faces/render/RenderKit|> 
<|java+class:///javax/faces/validator/_LabeledFacesMessage|,|java+class:///javax/faces/application/FacesMessage|> 
<|java+class:///javax/faces/validator/_ParametrizableFacesMessage|,|java+class:///javax/faces/application/FacesMessage|> 
<|java+class:///javax/faces/view/facelets/ComponentHandler|,|java+class:///javax/faces/view/facelets/DelegatingMetaTagHandler|> 
<|java+class:///javax/faces/view/facelets/DelegatingMetaTagHandler|,|java+class:///javax/faces/view/facelets/MetaTagHandler|> 
<|java+class:///javax/faces/view/facelets/FaceletsAttachedObjectHandler|,|java+class:///javax/faces/view/facelets/DelegatingMetaTagHandler|> 
<|java+class:///javax/faces/webapp/UIComponentClassicTagBase|,|java+class:///javax/faces/webapp/UIComponentTagBase|> 
<|java+class:///javax/faces/webapp/UIComponentELTag|,|java+class:///javax/faces/webapp/UIComponentClassicTagBase|> 
<|java+class:///javax/faces/webapp/UIComponentTag|,|java+class:///javax/faces/webapp/UIComponentClassicTagBase|> 

EXTERNAL REUSE TOTAL: 15 
<|java+class:///javax/faces/component/UIComponentBase|,|java+class:///javax/faces/component/UIComponent|> 
<|java+class:///javax/faces/component/UIInput|,|java+class:///javax/faces/component/UIOutput|> 
<|java+class:///javax/faces/component/UIOutput|,|java+class:///javax/faces/component/UIComponentBase|> 
<|java+class:///javax/faces/component/UISelectItem|,|java+class:///javax/faces/component/UIComponentBase|> 
<|java+class:///javax/faces/component/UISelectItems|,|java+class:///javax/faces/component/UIComponentBase|> 
<|java+class:///javax/faces/component/UISelectMany|,|java+class:///javax/faces/component/UIInput|> 
<|java+class:///javax/faces/component/UIViewParameter|,|java+class:///javax/faces/component/UIInput|> 
<|java+class:///javax/faces/component/UIViewRoot|,|java+class:///javax/faces/component/UIComponentBase|> 
<|java+class:///javax/faces/el/EvaluationException|,|java+class:///javax/faces/FacesException|> 
<|java+class:///javax/faces/el/MethodNotFoundException|,|java+class:///javax/faces/el/EvaluationException|> 
<|java+class:///javax/faces/el/PropertyNotFoundException|,|java+class:///javax/faces/el/EvaluationException|> 
<|java+class:///javax/faces/event/BehaviorEvent|,|java+class:///javax/faces/event/FacesEvent|> 
<|java+class:///javax/faces/webapp/UIComponentClassicTagBase|,|java+class:///javax/faces/webapp/UIComponentTagBase|> 
<|java+class:///javax/faces/webapp/UIComponentELTag|,|java+class:///javax/faces/webapp/UIComponentClassicTagBase|> 
<|java+class:///javax/faces/webapp/UIComponentTag|,|java+class:///javax/faces/webapp/UIComponentClassicTagBase|> 

SUBTYPE TOTAL: 79 
<|java+class:///javax/faces/component/UIColumn|,|java+class:///javax/faces/component/UIComponentBase|> 
<|java+class:///javax/faces/component/UICommand|,|java+class:///javax/faces/component/UIComponentBase|> 
<|java+class:///javax/faces/component/UIComponentBase|,|java+class:///javax/faces/component/UIComponent|> 
<|java+class:///javax/faces/component/UIData|,|java+class:///javax/faces/component/UIComponentBase|> 
<|java+class:///javax/faces/component/UIData/FacesEventWrapper|,|java+class:///javax/faces/event/FacesEvent|> 
<|java+class:///javax/faces/component/UIForm|,|java+class:///javax/faces/component/UIComponentBase|> 
<|java+class:///javax/faces/component/UIGraphic|,|java+class:///javax/faces/component/UIComponentBase|> 
<|java+class:///javax/faces/component/UIInput|,|java+class:///javax/faces/component/UIOutput|> 
<|java+class:///javax/faces/component/UIMessage|,|java+class:///javax/faces/component/UIComponentBase|> 
<|java+class:///javax/faces/component/UIMessages|,|java+class:///javax/faces/component/UIComponentBase|> 
<|java+class:///javax/faces/component/UINamingContainer|,|java+class:///javax/faces/component/UIComponentBase|> 
<|java+class:///javax/faces/component/UIOutcomeTarget|,|java+class:///javax/faces/component/UIOutput|> 
<|java+class:///javax/faces/component/UIOutput|,|java+class:///javax/faces/component/UIComponentBase|> 
<|java+class:///javax/faces/component/UIPanel|,|java+class:///javax/faces/component/UIComponentBase|> 
<|java+class:///javax/faces/component/UISelectBoolean|,|java+class:///javax/faces/component/UIInput|> 
<|java+class:///javax/faces/component/UISelectItem|,|java+class:///javax/faces/component/UIComponentBase|> 
<|java+class:///javax/faces/component/UISelectItems|,|java+class:///javax/faces/component/UIComponentBase|> 
<|java+class:///javax/faces/component/UISelectMany|,|java+class:///javax/faces/component/UIInput|> 
<|java+class:///javax/faces/component/UISelectOne|,|java+class:///javax/faces/component/UIInput|> 
<|java+class:///javax/faces/component/UIViewParameter|,|java+class:///javax/faces/component/UIInput|> 
<|java+class:///javax/faces/component/UIViewRoot|,|java+class:///javax/faces/component/UIComponentBase|> 
<|java+class:///javax/faces/component/UpdateModelException|,|java+class:///javax/faces/FacesException|> 
<|java+class:///javax/faces/component/_DeltaStateHelper/InternalDeltaListMap|,|java+class:///javax/faces/component/_DeltaStateHelper/InternalMap|> 
<|java+class:///javax/faces/component/_MethodExpressionToMethodBinding|,|java+class:///javax/faces/el/MethodBinding|> 
<|java+class:///javax/faces/component/_ParametrizableFacesMessage|,|java+class:///javax/faces/application/FacesMessage|> 
<|java+class:///javax/faces/component/_ValueExpressionToValueBinding|,|java+class:///javax/faces/el/ValueBinding|> 
<|java+class:///javax/faces/component/behavior/ClientBehaviorContext/ClientBehaviorContextImpl|,|java+class:///javax/faces/component/behavior/ClientBehaviorContext|> 
<|java+class:///javax/faces/component/behavior/_AjaxBehaviorDeltaStateHelper/InternalDeltaListMap|,|java+class:///javax/faces/component/behavior/_AjaxBehaviorDeltaStateHelper/InternalMap|> 
<|java+class:///javax/faces/component/behavior/_DeltaStateHelper/InternalDeltaListMap|,|java+class:///javax/faces/component/behavior/_DeltaStateHelper/InternalMap|> 
<|java+class:///javax/faces/component/html/HtmlBody|,|java+class:///javax/faces/component/UIOutput|> 
<|java+class:///javax/faces/component/html/HtmlCommandButton|,|java+class:///javax/faces/component/UICommand|> 
<|java+class:///javax/faces/component/html/HtmlCommandLink|,|java+class:///javax/faces/component/UICommand|> 
<|java+class:///javax/faces/component/html/HtmlDataTable|,|java+class:///javax/faces/component/UIData|> 
<|java+class:///javax/faces/component/html/HtmlForm|,|java+class:///javax/faces/component/UIForm|> 
<|java+class:///javax/faces/component/html/HtmlGraphicImage|,|java+class:///javax/faces/component/UIGraphic|> 
<|java+class:///javax/faces/component/html/HtmlHead|,|java+class:///javax/faces/component/UIOutput|> 
<|java+class:///javax/faces/component/html/HtmlInputSecret|,|java+class:///javax/faces/component/UIInput|> 
<|java+class:///javax/faces/component/html/HtmlInputText|,|java+class:///javax/faces/component/UIInput|> 
<|java+class:///javax/faces/component/html/HtmlInputTextarea|,|java+class:///javax/faces/component/UIInput|> 
<|java+class:///javax/faces/component/html/HtmlMessage|,|java+class:///javax/faces/component/UIMessage|> 
<|java+class:///javax/faces/component/html/HtmlMessages|,|java+class:///javax/faces/component/UIMessages|> 
<|java+class:///javax/faces/component/html/HtmlOutcomeTargetButton|,|java+class:///javax/faces/component/UIOutcomeTarget|> 
<|java+class:///javax/faces/component/html/HtmlOutcomeTargetLink|,|java+class:///javax/faces/component/UIOutcomeTarget|> 
<|java+class:///javax/faces/component/html/HtmlOutputFormat|,|java+class:///javax/faces/component/UIOutput|> 
<|java+class:///javax/faces/component/html/HtmlOutputLabel|,|java+class:///javax/faces/component/UIOutput|> 
<|java+class:///javax/faces/component/html/HtmlOutputLink|,|java+class:///javax/faces/component/UIOutput|> 
<|java+class:///javax/faces/component/html/HtmlOutputText|,|java+class:///javax/faces/component/UIOutput|> 
<|java+class:///javax/faces/component/html/HtmlPanelGrid|,|java+class:///javax/faces/component/UIPanel|> 
<|java+class:///javax/faces/component/html/HtmlPanelGroup|,|java+class:///javax/faces/component/UIPanel|> 
<|java+class:///javax/faces/component/html/HtmlSelectBooleanCheckbox|,|java+class:///javax/faces/component/UISelectBoolean|> 
<|java+class:///javax/faces/component/html/HtmlSelectManyCheckbox|,|java+class:///javax/faces/component/UISelectMany|> 
<|java+class:///javax/faces/component/html/HtmlSelectManyListbox|,|java+class:///javax/faces/component/UISelectMany|> 
<|java+class:///javax/faces/component/html/HtmlSelectManyMenu|,|java+class:///javax/faces/component/UISelectMany|> 
<|java+class:///javax/faces/component/html/HtmlSelectOneListbox|,|java+class:///javax/faces/component/UISelectOne|> 
<|java+class:///javax/faces/component/html/HtmlSelectOneMenu|,|java+class:///javax/faces/component/UISelectOne|> 
<|java+class:///javax/faces/component/html/HtmlSelectOneRadio|,|java+class:///javax/faces/component/UISelectOne|> 
<|java+class:///javax/faces/component/html/_HtmlMessages|,|java+class:///javax/faces/component/UIMessages|> 
<|java+class:///javax/faces/component/html/_HtmlOutputLabel|,|java+class:///javax/faces/component/UIOutput|> 
<|java+class:///javax/faces/convert/_ParametrizableFacesMessage|,|java+class:///javax/faces/application/FacesMessage|> 
<|java+class:///javax/faces/el/EvaluationException|,|java+class:///javax/faces/FacesException|> 
<|java+class:///javax/faces/el/MethodNotFoundException|,|java+class:///javax/faces/el/EvaluationException|> 
<|java+class:///javax/faces/el/PropertyNotFoundException|,|java+class:///javax/faces/el/EvaluationException|> 
<|java+class:///javax/faces/event/AbortProcessingException|,|java+class:///javax/faces/FacesException|> 
<|java+class:///javax/faces/event/ActionEvent|,|java+class:///javax/faces/event/FacesEvent|> 
<|java+class:///javax/faces/event/BehaviorEvent|,|java+class:///javax/faces/event/FacesEvent|> 
<|java+class:///javax/faces/event/ComponentSystemEvent|,|java+class:///javax/faces/event/SystemEvent|> 
<|java+class:///javax/faces/event/ExceptionQueuedEvent|,|java+class:///javax/faces/event/SystemEvent|> 
<|java+class:///javax/faces/event/ValueChangeEvent|,|java+class:///javax/faces/event/FacesEvent|> 
<|java+class:///javax/faces/model/ArrayDataModel|,|java+class:///javax/faces/model/DataModel|> 
<|java+class:///javax/faces/model/ListDataModel|,|java+class:///javax/faces/model/DataModel|> 
<|java+class:///javax/faces/model/ResultDataModel|,|java+class:///javax/faces/model/DataModel|> 
<|java+class:///javax/faces/model/ResultSetDataModel|,|java+class:///javax/faces/model/DataModel|> 
<|java+class:///javax/faces/model/ScalarDataModel|,|java+class:///javax/faces/model/DataModel|> 
<|java+class:///javax/faces/model/SelectItemGroup|,|java+class:///javax/faces/model/SelectItem|> 
<|java+class:///javax/faces/validator/ValidatorException|,|java+class:///javax/faces/FacesException|> 
<|java+class:///javax/faces/validator/_ParametrizableFacesMessage|,|java+class:///javax/faces/application/FacesMessage|> 
<|java+class:///javax/faces/webapp/PreJsf2ExceptionHandlerFactory/PreJsf2ExceptionHandlerImpl|,|java+class:///javax/faces/context/ExceptionHandler|> 
<|java+class:///javax/faces/webapp/UIComponentClassicTagBase|,|java+class:///javax/faces/webapp/UIComponentTagBase|> 
<|java+class:///javax/faces/webapp/UIComponentTag|,|java+class:///javax/faces/webapp/UIComponentClassicTagBase|> 

DOWNCALL ACTUAL TOTAL: 0 

DOWNCALL CANDIDATE TOTAL: 0 

CONSTANT TOTAL: 0 

MARKER TOTAL: 0 

SUPER TOTAL: 58 
<|java+class:///javax/faces/application/ViewExpiredException|,|java+class:///javax/faces/FacesException|> 
<|java+class:///javax/faces/component/UIData/FacesEventWrapper|,|java+class:///javax/faces/event/FacesEvent|> 
<|java+class:///javax/faces/component/UIOutcomeTarget|,|java+class:///javax/faces/component/UIOutput|> 
<|java+class:///javax/faces/component/UpdateModelException|,|java+class:///javax/faces/FacesException|> 
<|java+class:///javax/faces/component/_DeltaStateHelper/InternalDeltaListMap|,|java+class:///javax/faces/component/_DeltaStateHelper/InternalMap|> 
<|java+class:///javax/faces/component/_LabeledFacesMessage|,|java+class:///javax/faces/application/FacesMessage|> 
<|java+class:///javax/faces/component/_MethodBindingToActionListener|,|java+class:///javax/faces/component/_MethodBindingToListener|> 
<|java+class:///javax/faces/component/_MethodBindingToValueChangeListener|,|java+class:///javax/faces/component/_MethodBindingToListener|> 
<|java+class:///javax/faces/component/_ParametrizableFacesMessage|,|java+class:///javax/faces/application/FacesMessage|> 
<|java+class:///javax/faces/component/behavior/AjaxBehavior|,|java+class:///javax/faces/component/behavior/ClientBehaviorBase|> 
<|java+class:///javax/faces/component/behavior/_AjaxBehaviorDeltaStateHelper/InternalDeltaListMap|,|java+class:///javax/faces/component/behavior/_AjaxBehaviorDeltaStateHelper/InternalMap|> 
<|java+class:///javax/faces/component/behavior/_DeltaStateHelper/InternalDeltaListMap|,|java+class:///javax/faces/component/behavior/_DeltaStateHelper/InternalMap|> 
<|java+class:///javax/faces/convert/ConverterException|,|java+class:///javax/faces/FacesException|> 
<|java+class:///javax/faces/convert/_LabeledFacesMessage|,|java+class:///javax/faces/application/FacesMessage|> 
<|java+class:///javax/faces/convert/_ParametrizableFacesMessage|,|java+class:///javax/faces/application/FacesMessage|> 
<|java+class:///javax/faces/el/EvaluationException|,|java+class:///javax/faces/FacesException|> 
<|java+class:///javax/faces/el/MethodNotFoundException|,|java+class:///javax/faces/el/EvaluationException|> 
<|java+class:///javax/faces/el/PropertyNotFoundException|,|java+class:///javax/faces/el/EvaluationException|> 
<|java+class:///javax/faces/el/ReferenceSyntaxException|,|java+class:///javax/faces/el/EvaluationException|> 
<|java+class:///javax/faces/event/AbortProcessingException|,|java+class:///javax/faces/FacesException|> 
<|java+class:///javax/faces/event/ActionEvent|,|java+class:///javax/faces/event/FacesEvent|> 
<|java+class:///javax/faces/event/AjaxBehaviorEvent|,|java+class:///javax/faces/event/BehaviorEvent|> 
<|java+class:///javax/faces/event/BehaviorEvent|,|java+class:///javax/faces/event/FacesEvent|> 
<|java+class:///javax/faces/event/ComponentSystemEvent|,|java+class:///javax/faces/event/SystemEvent|> 
<|java+class:///javax/faces/event/ExceptionQueuedEvent|,|java+class:///javax/faces/event/SystemEvent|> 
<|java+class:///javax/faces/event/PostAddToViewEvent|,|java+class:///javax/faces/event/ComponentSystemEvent|> 
<|java+class:///javax/faces/event/PostConstructApplicationEvent|,|java+class:///javax/faces/event/SystemEvent|> 
<|java+class:///javax/faces/event/PostConstructCustomScopeEvent|,|java+class:///javax/faces/event/SystemEvent|> 
<|java+class:///javax/faces/event/PostConstructViewMapEvent|,|java+class:///javax/faces/event/ComponentSystemEvent|> 
<|java+class:///javax/faces/event/PostRestoreStateEvent|,|java+class:///javax/faces/event/ComponentSystemEvent|> 
<|java+class:///javax/faces/event/PostValidateEvent|,|java+class:///javax/faces/event/ComponentSystemEvent|> 
<|java+class:///javax/faces/event/PreDestroyApplicationEvent|,|java+class:///javax/faces/event/SystemEvent|> 
<|java+class:///javax/faces/event/PreDestroyCustomScopeEvent|,|java+class:///javax/faces/event/SystemEvent|> 
<|java+class:///javax/faces/event/PreDestroyViewMapEvent|,|java+class:///javax/faces/event/ComponentSystemEvent|> 
<|java+class:///javax/faces/event/PreRemoveFromViewEvent|,|java+class:///javax/faces/event/ComponentSystemEvent|> 
<|java+class:///javax/faces/event/PreRenderComponentEvent|,|java+class:///javax/faces/event/ComponentSystemEvent|> 
<|java+class:///javax/faces/event/PreRenderViewEvent|,|java+class:///javax/faces/event/ComponentSystemEvent|> 
<|java+class:///javax/faces/event/PreValidateEvent|,|java+class:///javax/faces/event/ComponentSystemEvent|> 
<|java+class:///javax/faces/event/ValueChangeEvent|,|java+class:///javax/faces/event/FacesEvent|> 
<|java+class:///javax/faces/model/ArrayDataModel|,|java+class:///javax/faces/model/DataModel|> 
<|java+class:///javax/faces/model/ListDataModel|,|java+class:///javax/faces/model/DataModel|> 
<|java+class:///javax/faces/model/ResultDataModel|,|java+class:///javax/faces/model/DataModel|> 
<|java+class:///javax/faces/model/ResultSetDataModel|,|java+class:///javax/faces/model/DataModel|> 
<|java+class:///javax/faces/model/ScalarDataModel|,|java+class:///javax/faces/model/DataModel|> 
<|java+class:///javax/faces/model/SelectItemGroup|,|java+class:///javax/faces/model/SelectItem|> 
<|java+class:///javax/faces/validator/ValidatorException|,|java+class:///javax/faces/FacesException|> 
<|java+class:///javax/faces/validator/_LabeledFacesMessage|,|java+class:///javax/faces/application/FacesMessage|> 
<|java+class:///javax/faces/validator/_ParametrizableFacesMessage|,|java+class:///javax/faces/application/FacesMessage|> 
<|java+class:///javax/faces/view/facelets/BehaviorHandler|,|java+class:///javax/faces/view/facelets/FaceletsAttachedObjectHandler|> 
<|java+class:///javax/faces/view/facelets/ComponentHandler|,|java+class:///javax/faces/view/facelets/DelegatingMetaTagHandler|> 
<|java+class:///javax/faces/view/facelets/ConverterHandler|,|java+class:///javax/faces/view/facelets/FaceletsAttachedObjectHandler|> 
<|java+class:///javax/faces/view/facelets/DelegatingMetaTagHandler|,|java+class:///javax/faces/view/facelets/MetaTagHandler|> 
<|java+class:///javax/faces/view/facelets/FaceletException|,|java+class:///javax/faces/FacesException|> 
<|java+class:///javax/faces/view/facelets/FaceletsAttachedObjectHandler|,|java+class:///javax/faces/view/facelets/DelegatingMetaTagHandler|> 
<|java+class:///javax/faces/view/facelets/MetaTagHandler|,|java+class:///javax/faces/view/facelets/TagHandler|> 
<|java+class:///javax/faces/view/facelets/TagAttributeException|,|java+class:///javax/faces/view/facelets/FaceletException|> 
<|java+class:///javax/faces/view/facelets/TagException|,|java+class:///javax/faces/view/facelets/FaceletException|> 
<|java+class:///javax/faces/view/facelets/ValidatorHandler|,|java+class:///javax/faces/view/facelets/FaceletsAttachedObjectHandler|> 

GENERIC TOTAL: 5 
<|java+class:///javax/faces/application/ApplicationWrapper|,|java+class:///javax/faces/application/Application|> 
<|java+class:///javax/faces/application/ResourceWrapper|,|java+class:///javax/faces/application/Resource|> 
<|java+class:///javax/faces/component/_MethodExpressionToMethodBinding|,|java+class:///javax/faces/el/MethodBinding|> 
<|java+class:///javax/faces/component/_ValueExpressionToValueBinding|,|java+class:///javax/faces/el/ValueBinding|> 
<|java+class:///javax/faces/context/FacesContextWrapper|,|java+class:///javax/faces/context/FacesContext|> 

CATEGORY TOTAL: 21 
<|java+class:///javax/faces/component/_UIMessage|,|java+class:///javax/faces/component/UIComponentBase|> 
<|java+class:///javax/faces/component/_UIMessages|,|java+class:///javax/faces/component/UIComponentBase|> 
<|java+class:///javax/faces/component/html/HtmlBody|,|java+class:///javax/faces/component/UIOutput|> 
<|java+class:///javax/faces/component/html/HtmlDoctype|,|java+class:///javax/faces/component/UIOutput|> 
<|java+class:///javax/faces/component/html/HtmlHead|,|java+class:///javax/faces/component/UIOutput|> 
<|java+class:///javax/faces/component/html/HtmlInputHidden|,|java+class:///javax/faces/component/UIInput|> 
<|java+class:///javax/faces/component/html/HtmlInputSecret|,|java+class:///javax/faces/component/UIInput|> 
<|java+class:///javax/faces/component/html/HtmlInputText|,|java+class:///javax/faces/component/UIInput|> 
<|java+class:///javax/faces/component/html/HtmlInputTextarea|,|java+class:///javax/faces/component/UIInput|> 
<|java+class:///javax/faces/component/html/HtmlOutputFormat|,|java+class:///javax/faces/component/UIOutput|> 
<|java+class:///javax/faces/component/html/HtmlOutputLabel|,|java+class:///javax/faces/component/UIOutput|> 
<|java+class:///javax/faces/component/html/HtmlOutputLink|,|java+class:///javax/faces/component/UIOutput|> 
<|java+class:///javax/faces/component/html/HtmlOutputText|,|java+class:///javax/faces/component/UIOutput|> 
<|java+class:///javax/faces/component/html/_HtmlDoctype|,|java+class:///javax/faces/component/UIOutput|> 
<|java+class:///javax/faces/component/html/_HtmlInputSecret|,|java+class:///javax/faces/component/UIInput|> 
<|java+class:///javax/faces/component/html/_HtmlInputText|,|java+class:///javax/faces/component/UIInput|> 
<|java+class:///javax/faces/component/html/_HtmlInputTextarea|,|java+class:///javax/faces/component/UIInput|> 
<|java+class:///javax/faces/component/html/_HtmlOutputFormat|,|java+class:///javax/faces/component/UIOutput|> 
<|java+class:///javax/faces/component/html/_HtmlOutputLabel|,|java+class:///javax/faces/component/UIOutput|> 
<|java+class:///javax/faces/component/html/_HtmlOutputLink|,|java+class:///javax/faces/component/UIOutput|> 
<|java+class:///javax/faces/component/html/_HtmlOutputText|,|java+class:///javax/faces/component/UIOutput|> 

FRAMEWORK TOTAL: 36 
<|java+class:///javax/faces/application/ViewExpiredException|,|java+class:///javax/faces/FacesException|> 
<|java+class:///javax/faces/component/UIData/FacesEventWrapper|,|java+class:///javax/faces/event/FacesEvent|> 
<|java+class:///javax/faces/component/UpdateModelException|,|java+class:///javax/faces/FacesException|> 
<|java+class:///javax/faces/component/_DeltaStateHelper/InternalDeltaListMap|,|java+class:///javax/faces/component/_DeltaStateHelper/InternalMap|> 
<|java+class:///javax/faces/component/_LabeledFacesMessage|,|java+class:///javax/faces/application/FacesMessage|> 
<|java+class:///javax/faces/component/_ParametrizableFacesMessage|,|java+class:///javax/faces/application/FacesMessage|> 
<|java+class:///javax/faces/component/behavior/_AjaxBehaviorDeltaStateHelper/InternalDeltaListMap|,|java+class:///javax/faces/component/behavior/_AjaxBehaviorDeltaStateHelper/InternalMap|> 
<|java+class:///javax/faces/component/behavior/_DeltaStateHelper/InternalDeltaListMap|,|java+class:///javax/faces/component/behavior/_DeltaStateHelper/InternalMap|> 
<|java+class:///javax/faces/context/ResponseWriterWrapper|,|java+class:///javax/faces/context/ResponseWriter|> 
<|java+class:///javax/faces/convert/ConverterException|,|java+class:///javax/faces/FacesException|> 
<|java+class:///javax/faces/convert/_LabeledFacesMessage|,|java+class:///javax/faces/application/FacesMessage|> 
<|java+class:///javax/faces/convert/_ParametrizableFacesMessage|,|java+class:///javax/faces/application/FacesMessage|> 
<|java+class:///javax/faces/el/EvaluationException|,|java+class:///javax/faces/FacesException|> 
<|java+class:///javax/faces/event/AbortProcessingException|,|java+class:///javax/faces/FacesException|> 
<|java+class:///javax/faces/event/ActionEvent|,|java+class:///javax/faces/event/FacesEvent|> 
<|java+class:///javax/faces/event/BehaviorEvent|,|java+class:///javax/faces/event/FacesEvent|> 
<|java+class:///javax/faces/event/ComponentSystemEvent|,|java+class:///javax/faces/event/SystemEvent|> 
<|java+class:///javax/faces/event/ExceptionQueuedEvent|,|java+class:///javax/faces/event/SystemEvent|> 
<|java+class:///javax/faces/event/PostConstructApplicationEvent|,|java+class:///javax/faces/event/SystemEvent|> 
<|java+class:///javax/faces/event/PostConstructCustomScopeEvent|,|java+class:///javax/faces/event/SystemEvent|> 
<|java+class:///javax/faces/event/PreDestroyApplicationEvent|,|java+class:///javax/faces/event/SystemEvent|> 
<|java+class:///javax/faces/event/PreDestroyCustomScopeEvent|,|java+class:///javax/faces/event/SystemEvent|> 
<|java+class:///javax/faces/event/ValueChangeEvent|,|java+class:///javax/faces/event/FacesEvent|> 
<|java+class:///javax/faces/model/ArrayDataModel|,|java+class:///javax/faces/model/DataModel|> 
<|java+class:///javax/faces/model/ListDataModel|,|java+class:///javax/faces/model/DataModel|> 
<|java+class:///javax/faces/model/ResultDataModel|,|java+class:///javax/faces/model/DataModel|> 
<|java+class:///javax/faces/model/ResultSetDataModel|,|java+class:///javax/faces/model/DataModel|> 
<|java+class:///javax/faces/model/ScalarDataModel|,|java+class:///javax/faces/model/DataModel|> 
<|java+class:///javax/faces/model/SelectItemGroup|,|java+class:///javax/faces/model/SelectItem|> 
<|java+class:///javax/faces/validator/ValidatorException|,|java+class:///javax/faces/FacesException|> 
<|java+class:///javax/faces/validator/_LabeledFacesMessage|,|java+class:///javax/faces/application/FacesMessage|> 
<|java+class:///javax/faces/validator/_ParametrizableFacesMessage|,|java+class:///javax/faces/application/FacesMessage|> 
<|java+class:///javax/faces/view/facelets/FaceletException|,|java+class:///javax/faces/FacesException|> 
<|java+class:///javax/faces/webapp/UIComponentClassicTagBase|,|java+class:///javax/faces/webapp/UIComponentTagBase|> 
<|java+class:///javax/faces/webapp/UIComponentELTag|,|java+class:///javax/faces/webapp/UIComponentClassicTagBase|> 
<|java+class:///javax/faces/webapp/UIComponentTag|,|java+class:///javax/faces/webapp/UIComponentClassicTagBase|> 

DOWNCALL TOTAL: 24 
<|java+class:///javax/faces/application/ResourceWrapper|,|java+class:///javax/faces/application/Resource|> 
<|java+class:///javax/faces/component/UIColumn|,|java+class:///javax/faces/component/UIComponentBase|> 
<|java+class:///javax/faces/component/UIComponentBase|,|java+class:///javax/faces/component/UIComponent|> 
<|java+class:///javax/faces/component/UIData|,|java+class:///javax/faces/component/UIComponentBase|> 
<|java+class:///javax/faces/component/UIForm|,|java+class:///javax/faces/component/UIComponentBase|> 
<|java+class:///javax/faces/component/UINamingContainer|,|java+class:///javax/faces/component/UIComponentBase|> 
<|java+class:///javax/faces/component/UIOutput|,|java+class:///javax/faces/component/UIComponentBase|> 
<|java+class:///javax/faces/component/UIParameter|,|java+class:///javax/faces/component/UIComponentBase|> 
<|java+class:///javax/faces/component/UISelectBoolean|,|java+class:///javax/faces/component/UIInput|> 
<|java+class:///javax/faces/component/UISelectItem|,|java+class:///javax/faces/component/UIComponentBase|> 
<|java+class:///javax/faces/component/UISelectItems|,|java+class:///javax/faces/component/UIComponentBase|> 
<|java+class:///javax/faces/component/UISelectMany|,|java+class:///javax/faces/component/UIInput|> 
<|java+class:///javax/faces/component/UISelectOne|,|java+class:///javax/faces/component/UIInput|> 
<|java+class:///javax/faces/component/UIViewParameter|,|java+class:///javax/faces/component/UIInput|> 
<|java+class:///javax/faces/component/UIViewRoot|,|java+class:///javax/faces/component/UIComponentBase|> 
<|java+class:///javax/faces/component/_UIParameter|,|java+class:///javax/faces/component/UIComponentBase|> 
<|java+class:///javax/faces/component/_UISelectItem|,|java+class:///javax/faces/component/UIComponentBase|> 
<|java+class:///javax/faces/component/_UISelectItems|,|java+class:///javax/faces/component/UIComponentBase|> 
<|java+class:///javax/faces/component/behavior/AjaxBehavior|,|java+class:///javax/faces/component/behavior/ClientBehaviorBase|> 
<|java+class:///javax/faces/context/PartialResponseWriter|,|java+class:///javax/faces/context/ResponseWriterWrapper|> 
<|java+class:///javax/faces/view/facelets/ComponentHandler|,|java+class:///javax/faces/view/facelets/DelegatingMetaTagHandler|> 
<|java+class:///javax/faces/webapp/UIComponentClassicTagBase|,|java+class:///javax/faces/webapp/UIComponentTagBase|> 
<|java+class:///javax/faces/webapp/UIComponentELTag|,|java+class:///javax/faces/webapp/UIComponentClassicTagBase|> 
<|java+class:///javax/faces/webapp/UIComponentTag|,|java+class:///javax/faces/webapp/UIComponentClassicTagBase|> 




INTERNAL REUSE TOTAL: 0 

EXTERNAL REUSE TOTAL: 6 
<|java+class:///javax/faces/component/UIComponent|,|java+interface:///javax/faces/component/PartialStateHolder|> 
<|java+class:///javax/faces/component/UIComponent|,|java+interface:///javax/faces/component/TransientStateHolder|> 
<|java+class:///javax/faces/component/UIComponent|,|java+interface:///javax/faces/event/ComponentSystemEventListener|> 
<|java+class:///javax/faces/component/UIComponent|,|java+interface:///javax/faces/event/SystemEventListenerHolder|> 
<|java+class:///javax/faces/component/_DeltaList|,|java+interface:///javax/faces/component/PartialStateHolder|> 
<|java+class:///javax/faces/component/behavior/_DeltaList|,|java+interface:///javax/faces/component/PartialStateHolder|> 

SUBTYPE TOTAL: 17 
<|java+class:///javax/faces/component/UIComponent|,|java+interface:///javax/faces/component/PartialStateHolder|> 
<|java+class:///javax/faces/component/UIComponent|,|java+interface:///javax/faces/event/ComponentSystemEventListener|> 
<|java+class:///javax/faces/component/UIComponent/EventListenerWrapper|,|java+interface:///javax/faces/event/SystemEventListener|> 
<|java+class:///javax/faces/component/UIViewRoot/ApplyRequestValuesPhaseProcessor|,|java+interface:///javax/faces/component/UIViewRoot/PhaseProcessor|> 
<|java+class:///javax/faces/component/UIViewRoot/ProcessValidatorPhaseProcessor|,|java+interface:///javax/faces/component/UIViewRoot/PhaseProcessor|> 
<|java+class:///javax/faces/component/UIViewRoot/UpdateModelPhaseProcessor|,|java+interface:///javax/faces/component/UIViewRoot/PhaseProcessor|> 
<|java+class:///javax/faces/component/_DeltaList|,|java+interface:///javax/faces/component/PartialStateHolder|> 
<|java+class:///javax/faces/component/_DeltaStateHelper|,|java+interface:///javax/faces/component/StateHelper|> 
<|java+class:///javax/faces/component/_DeltaStateHelper|,|java+interface:///javax/faces/component/TransientStateHelper|> 
<|java+class:///javax/faces/component/behavior/ClientBehaviorBase|,|java+interface:///javax/faces/component/behavior/ClientBehavior|> 
<|java+class:///javax/faces/component/behavior/_DeltaList|,|java+interface:///javax/faces/component/PartialStateHolder|> 
<|java+class:///javax/faces/component/behavior/_DeltaStateHelper|,|java+interface:///javax/faces/component/StateHelper|> 
<|java+class:///javax/faces/context/ExceptionHandler|,|java+interface:///javax/faces/event/SystemEventListener|> 
<|java+class:///javax/faces/convert/DateTimeConverter|,|java+interface:///javax/faces/component/PartialStateHolder|> 
<|java+class:///javax/faces/convert/DateTimeConverter|,|java+interface:///javax/faces/convert/Converter|> 
<|java+class:///javax/faces/convert/NumberConverter|,|java+interface:///javax/faces/component/PartialStateHolder|> 
<|java+class:///javax/faces/convert/NumberConverter|,|java+interface:///javax/faces/convert/Converter|> 

DOWNCALL ACTUAL TOTAL: 0 

DOWNCALL CANDIDATE TOTAL: 0 

CONSTANT TOTAL: 3 
<|java+class:///javax/faces/component/UIData|,|java+interface:///javax/faces/component/NamingContainer|> 
<|java+class:///javax/faces/component/UIForm|,|java+interface:///javax/faces/component/NamingContainer|> 
<|java+class:///javax/faces/component/UINamingContainer|,|java+interface:///javax/faces/component/NamingContainer|> 

MARKER TOTAL: 0 

SUPER TOTAL: 0 

GENERIC TOTAL: 10 
<|java+class:///javax/faces/component/UIComponent|,|java+interface:///javax/faces/event/ComponentSystemEventListener|> 
<|java+class:///javax/faces/component/_DeltaStateHelper/InternalList|,|java+interface:///javax/faces/component/StateHolder|> 
<|java+class:///javax/faces/component/_MethodExpressionToMethodBinding|,|java+interface:///javax/faces/component/StateHolder|> 
<|java+class:///javax/faces/component/_ValueBindingToValueExpression|,|java+interface:///javax/faces/component/StateHolder|> 
<|java+class:///javax/faces/component/_ValueExpressionToValueBinding|,|java+interface:///javax/faces/component/StateHolder|> 
<|java+class:///javax/faces/component/behavior/BehaviorBase|,|java+interface:///javax/faces/component/PartialStateHolder|> 
<|java+class:///javax/faces/convert/DateTimeConverter|,|java+interface:///javax/faces/convert/Converter|> 
<|java+class:///javax/faces/convert/EnumConverter|,|java+interface:///javax/faces/convert/Converter|> 
<|java+class:///javax/faces/validator/DoubleRangeValidator|,|java+interface:///javax/faces/component/PartialStateHolder|> 
<|java+class:///javax/faces/validator/LongRangeValidator|,|java+interface:///javax/faces/validator/Validator|> 

CATEGORY TOTAL: 17 
<|java+class:///javax/faces/component/UIComponent/EventListenerWrapper|,|java+interface:///javax/faces/component/PartialStateHolder|> 
<|java+class:///javax/faces/component/behavior/_AjaxBehaviorDeltaStateHelper|,|java+interface:///javax/faces/component/StateHelper|> 
<|java+class:///javax/faces/convert/BigDecimalConverter|,|java+interface:///javax/faces/convert/Converter|> 
<|java+class:///javax/faces/convert/BigIntegerConverter|,|java+interface:///javax/faces/convert/Converter|> 
<|java+class:///javax/faces/convert/BooleanConverter|,|java+interface:///javax/faces/convert/Converter|> 
<|java+class:///javax/faces/convert/ByteConverter|,|java+interface:///javax/faces/convert/Converter|> 
<|java+class:///javax/faces/convert/CharacterConverter|,|java+interface:///javax/faces/convert/Converter|> 
<|java+class:///javax/faces/convert/DoubleConverter|,|java+interface:///javax/faces/convert/Converter|> 
<|java+class:///javax/faces/convert/EnumConverter|,|java+interface:///javax/faces/component/PartialStateHolder|> 
<|java+class:///javax/faces/convert/FloatConverter|,|java+interface:///javax/faces/convert/Converter|> 
<|java+class:///javax/faces/convert/IntegerConverter|,|java+interface:///javax/faces/convert/Converter|> 
<|java+class:///javax/faces/convert/LongConverter|,|java+interface:///javax/faces/convert/Converter|> 
<|java+class:///javax/faces/convert/ShortConverter|,|java+interface:///javax/faces/convert/Converter|> 
<|java+class:///javax/faces/validator/BeanValidator|,|java+interface:///javax/faces/component/PartialStateHolder|> 
<|java+class:///javax/faces/validator/LengthValidator|,|java+interface:///javax/faces/component/PartialStateHolder|> 
<|java+class:///javax/faces/validator/LongRangeValidator|,|java+interface:///javax/faces/component/PartialStateHolder|> 
<|java+class:///javax/faces/validator/RegexValidator|,|java+interface:///javax/faces/component/PartialStateHolder|> 

FRAMEWORK TOTAL: 7 
<|java+class:///javax/faces/validator/BeanValidator|,|java+interface:///javax/faces/validator/Validator|> 
<|java+class:///javax/faces/validator/DoubleRangeValidator|,|java+interface:///javax/faces/validator/Validator|> 
<|java+class:///javax/faces/validator/LengthValidator|,|java+interface:///javax/faces/validator/Validator|> 
<|java+class:///javax/faces/validator/LongRangeValidator|,|java+interface:///javax/faces/validator/Validator|> 
<|java+class:///javax/faces/validator/MethodExpressionValidator|,|java+interface:///javax/faces/validator/Validator|> 
<|java+class:///javax/faces/validator/RegexValidator|,|java+interface:///javax/faces/validator/Validator|> 
<|java+class:///javax/faces/validator/RequiredValidator|,|java+interface:///javax/faces/validator/Validator|> 

DOWNCALL TOTAL: 0 




INTERNAL REUSE TOTAL: 0 

EXTERNAL REUSE TOTAL: 5 
<|java+interface:///javax/faces/component/EditableValueHolder|,|java+interface:///javax/faces/component/ValueHolder|> 
<|java+interface:///javax/faces/component/PartialStateHolder|,|java+interface:///javax/faces/component/StateHolder|> 
<|java+interface:///javax/faces/component/StateHelper|,|java+interface:///javax/faces/component/StateHolder|> 
<|java+interface:///javax/faces/component/TransientStateHelper|,|java+interface:///javax/faces/component/TransientStateHolder|> 
<|java+interface:///javax/faces/event/ComponentSystemEventListener|,|java+interface:///javax/faces/event/FacesListener|> 

SUBTYPE TOTAL: 12 
<|java+interface:///javax/faces/component/EditableValueHolder|,|java+interface:///javax/faces/component/ValueHolder|> 
<|java+interface:///javax/faces/component/PartialStateHolder|,|java+interface:///javax/faces/component/StateHolder|> 
<|java+interface:///javax/faces/event/ActionListener|,|java+interface:///javax/faces/event/FacesListener|> 
<|java+interface:///javax/faces/event/AjaxBehaviorListener|,|java+interface:///javax/faces/event/BehaviorListener|> 
<|java+interface:///javax/faces/event/BehaviorListener|,|java+interface:///javax/faces/event/FacesListener|> 
<|java+interface:///javax/faces/event/ComponentSystemEventListener|,|java+interface:///javax/faces/event/FacesListener|> 
<|java+interface:///javax/faces/event/SystemEventListener|,|java+interface:///javax/faces/event/FacesListener|> 
<|java+interface:///javax/faces/event/ValueChangeListener|,|java+interface:///javax/faces/event/FacesListener|> 
<|java+interface:///javax/faces/view/facelets/BehaviorConfig|,|java+interface:///javax/faces/view/facelets/TagConfig|> 
<|java+interface:///javax/faces/view/facelets/ComponentConfig|,|java+interface:///javax/faces/view/facelets/TagConfig|> 
<|java+interface:///javax/faces/view/facelets/ConverterConfig|,|java+interface:///javax/faces/view/facelets/TagConfig|> 
<|java+interface:///javax/faces/view/facelets/ValidatorConfig|,|java+interface:///javax/faces/view/facelets/TagConfig|> 

DOWNCALL ACTUAL TOTAL: 0 

DOWNCALL CANDIDATE TOTAL: 0 

CONSTANT TOTAL: 0 

MARKER TOTAL: 6 
<|java+interface:///javax/faces/event/ActionListener|,|java+interface:///javax/faces/event/FacesListener|> 
<|java+interface:///javax/faces/event/AjaxBehaviorListener|,|java+interface:///javax/faces/event/BehaviorListener|> 
<|java+interface:///javax/faces/event/BehaviorListener|,|java+interface:///javax/faces/event/FacesListener|> 
<|java+interface:///javax/faces/event/ComponentSystemEventListener|,|java+interface:///javax/faces/event/FacesListener|> 
<|java+interface:///javax/faces/event/SystemEventListener|,|java+interface:///javax/faces/event/FacesListener|> 
<|java+interface:///javax/faces/event/ValueChangeListener|,|java+interface:///javax/faces/event/FacesListener|> 

SUPER TOTAL: 0 

GENERIC TOTAL: 0 

CATEGORY TOTAL: 1 
<|java+interface:///javax/faces/event/ViewMapListener|,|java+interface:///javax/faces/event/SystemEventListener|> 

FRAMEWORK TOTAL: 5 
<|java+interface:///javax/faces/event/ActionListener|,|java+interface:///javax/faces/event/FacesListener|> 
<|java+interface:///javax/faces/event/BehaviorListener|,|java+interface:///javax/faces/event/FacesListener|> 
<|java+interface:///javax/faces/event/ComponentSystemEventListener|,|java+interface:///javax/faces/event/FacesListener|> 
<|java+interface:///javax/faces/event/SystemEventListener|,|java+interface:///javax/faces/event/FacesListener|> 
<|java+interface:///javax/faces/event/ValueChangeListener|,|java+interface:///javax/faces/event/FacesListener|> 

DOWNCALL TOTAL: 0 




