{
  <<|java+class:///org/gjt/sp/jedit/indent/CloseBracketIndentRule|,|java+class:///org/gjt/sp/jedit/indent/BracketIndentRule|>,2,|java+interface:///org/gjt/sp/jedit/indent/IndentRule|>,
  <<|java+class:///org/gjt/sp/jedit/gui/TipOfTheDay|,|java+class:///org/gjt/sp/jedit/gui/EnhancedDialog|>,2,|java+class:///java/lang/Object|>,
  <<|java+class:///org/gjt/sp/jedit/EditPane|,|java+class:///javax/swing/JPanel|>,2,|java+class:///java/lang/Object|>,
  <<|java+class:///org/gjt/sp/jedit/help/HelpSearchPanel/MouseHandler|,|java+class:///java/awt/event/MouseAdapter|>,2,|java+interface:///java/awt/event/MouseListener|>,
  <<|java+class:///org/gjt/sp/jedit/browser/VFSBrowser/BrowserActionContext|,|java+class:///org/gjt/sp/jedit/ActionContext|>,2,|java+class:///java/lang/Object|>,
  <<|java+class:///org/gjt/sp/jedit/pluginmgr/InstallPanel/SizeLabel|,|java+class:///javax/swing/JLabel|>,2,|java+class:///java/awt/Component|>,
  <<|java+class:///org/gjt/sp/jedit/gui/JCheckBoxList/LabelRenderer|,|java+class:///javax/swing/table/DefaultTableCellRenderer|>,2,|java+interface:///javax/swing/table/TableCellRenderer|>,
  <<|java+class:///org/gjt/sp/jedit/gui/EnhancedDialog/WindowHandler|,|java+class:///java/awt/event/WindowAdapter|>,2,|java+interface:///java/awt/event/WindowListener|>,
  <<|java+class:///org/gjt/sp/jedit/gui/DockableWindowManager|,|java+class:///javax/swing/JPanel|>,2,|java+class:///java/lang/Object|>,
  <<|java+class:///org/gjt/sp/jedit/pluginmgr/ManagePanel/KeyboardAction|,|java+class:///javax/swing/AbstractAction|>,2,|java+interface:///javax/swing/Action|>,
  <<|java+class:///org/gjt/sp/jedit/options/AbbrevsOptionPane/Renderer|,|java+class:///javax/swing/table/DefaultTableCellRenderer|>,2,|java+interface:///javax/swing/table/TableCellRenderer|>,
  <<|java+class:///org/gjt/sp/jedit/gui/FloatingWindowContainer/MouseHandler|,|java+class:///java/awt/event/MouseAdapter|>,2,|java+interface:///java/awt/event/MouseListener|>,
  <<|java+class:///org/gjt/sp/jedit/browser/VFSBrowser/PluginsMenuButton/MouseHandler|,|java+class:///java/awt/event/MouseAdapter|>,2,|java+interface:///java/awt/event/MouseListener|>,
  <<|java+class:///org/gjt/sp/jedit/options/ToolBarOptionPane/ButtonCellRenderer|,|java+class:///javax/swing/DefaultListCellRenderer|>,2,|java+class:///java/awt/Component|>,
  <<|java+class:///org/gjt/sp/jedit/pluginmgr/PluginListHandler|,|java+class:///org/xml/sax/helpers/DefaultHandler|>,2,|java+class:///java/lang/Object|>,
  <<|java+class:///org/gjt/sp/jedit/browser/VFSBrowser/VFSFileFilterRenderer|,|java+class:///javax/swing/DefaultListCellRenderer|>,2,|java+interface:///javax/swing/ListCellRenderer|>,
  <<|java+class:///org/gjt/sp/jedit/gui/HistoryTextField|,|java+class:///javax/swing/JTextField|>,2,|java+class:///javax/swing/JComponent|>,
  <<|java+class:///org/gjt/sp/jedit/menu/EnhancedMenuItem/MouseHandler|,|java+class:///java/awt/event/MouseAdapter|>,2,|java+interface:///java/awt/event/MouseListener|>,
  <<|java+class:///org/gjt/sp/jedit/gui/RegisterViewer/Renderer|,|java+class:///javax/swing/DefaultListCellRenderer|>,2,|java+class:///java/awt/Component|>,
  <<|java+class:///org/gjt/sp/jedit/gui/FloatingWindowContainer|,|java+class:///javax/swing/JFrame|>,2,|java+class:///java/awt/Component|>,
  <<|java+class:///org/gjt/sp/jedit/bsh/classpath/BshClassPath/DirClassSource|,|java+class:///org/gjt/sp/jedit/bsh/classpath/BshClassPath/ClassSource|>,2,|java+class:///java/lang/Object|>,
  <<|java+class:///org/gjt/sp/jedit/browser/VFSBrowser/CommandsMenuButton|,|java+class:///org/gjt/sp/jedit/gui/RolloverButton|>,2,|java+class:///java/awt/Component|>,
  <<|java+class:///org/gjt/sp/jedit/gui/OptionsDialog|,|java+class:///org/gjt/sp/jedit/gui/EnhancedDialog|>,2,|java+class:///java/awt/Window|>,
  <<|java+class:///org/gjt/sp/jedit/JEditKillRing/KillRingHandler|,|java+class:///org/xml/sax/helpers/DefaultHandler|>,2,|java+class:///java/lang/Object|>,
  <<|java+class:///org/gjt/sp/jedit/gui/JCheckBoxList/LabelRenderer|,|java+class:///javax/swing/table/DefaultTableCellRenderer|>,2,|java+class:///java/awt/Component|>,
  <<|java+class:///org/gjt/sp/jedit/search/BufferListSet|,|java+interface:///org/gjt/sp/jedit/search/SearchFileSet|>,2,|java+interface:///org/gjt/sp/jedit/search/SearchFileSet|>,
  <<|java+class:///org/gjt/sp/jedit/pluginmgr/InstallPanel|,|java+class:///javax/swing/JPanel|>,2,|java+class:///java/lang/Object|>,
  <<|java+class:///org/gjt/sp/jedit/ActionSet|,|java+class:///org/gjt/sp/jedit/JEditActionSet|>,2,|java+class:///java/lang/Object|>,
  <<|java+class:///org/gjt/sp/jedit/search/SearchBar/KeyHandler|,|java+class:///java/awt/event/KeyAdapter|>,2,|java+interface:///java/awt/event/KeyListener|>,
  <<|java+class:///org/gjt/sp/jedit/EditPane|,|java+class:///javax/swing/JPanel|>,2,|java+class:///java/awt/Component|>,
  <<|java+class:///org/gjt/sp/jedit/gui/DockableWindowManager|,|java+class:///javax/swing/JPanel|>,2,|java+class:///java/awt/Component|>,
  <<|java+class:///org/gjt/sp/jedit/bsh/BSHUnaryExpression|,|java+class:///org/gjt/sp/jedit/bsh/SimpleNode|>,2,|java+interface:///org/gjt/sp/jedit/bsh/Node|>,
  <<|java+class:///org/gjt/sp/jedit/gui/FontSelector|,|java+class:///javax/swing/JButton|>,2,|java+class:///java/awt/Component|>,
  <<|java+class:///org/gjt/sp/jedit/options/BrowserColorsOptionPane|,|java+class:///org/gjt/sp/jedit/AbstractOptionPane|>,2,|java+class:///java/awt/Component|>,
  <<|java+class:///org/gjt/sp/jedit/gui/CompletionPopup/CandidateListModel|,|java+class:///javax/swing/AbstractListModel|>,2,|java+interface:///javax/swing/ListModel|>,
  <<|java+class:///de/masters_of_disaster/ant/tasks/ar/ArOutputStream|,|java+class:///java/io/FilterOutputStream|>,2,|java+class:///java/io/OutputStream|>,
  <<|java+class:///org/gjt/sp/jedit/gui/FilePropertiesDialog|,|java+class:///org/gjt/sp/jedit/gui/EnhancedDialog|>,2,|java+class:///java/awt/Window|>,
  <<|java+class:///org/gjt/sp/jedit/gui/RolloverButton/MouseOverHandler|,|java+class:///java/awt/event/MouseAdapter|>,2,|java+interface:///java/awt/event/MouseListener|>,
  <<|java+class:///org/gjt/sp/jedit/gui/EnhancedDialog|,|java+class:///javax/swing/JDialog|>,2,|java+class:///java/awt/Window|>,
  <<|java+class:///macosx/MacOSXPlugin|,|java+class:///org/gjt/sp/jedit/EBPlugin|>,2,|java+class:///java/lang/Object|>,
  <<|java+class:///org/gjt/sp/jedit/browser/VFSFileChooserDialog|,|java+class:///org/gjt/sp/jedit/gui/EnhancedDialog|>,2,|java+class:///java/awt/Window|>,
  <<|java+class:///org/gjt/sp/jedit/View/SetCursorVisitor|,|java+class:///org/gjt/sp/jedit/visitors/JEditVisitorAdapter|>,2,|java+interface:///org/gjt/sp/jedit/visitors/JEditVisitor|>,
  <<|java+class:///org/gjt/sp/jedit/io/UrlVFS|,|java+class:///org/gjt/sp/jedit/io/VFS|>,2,|java+class:///java/lang/Object|>,
  <<|java+class:///org/gjt/sp/jedit/bsh/BSHPackageDeclaration|,|java+class:///org/gjt/sp/jedit/bsh/SimpleNode|>,2,|java+interface:///org/gjt/sp/jedit/bsh/Node|>,
  <<|java+class:///org/gjt/sp/jedit/gui/OptionsDialog/PaneNameRenderer|,|java+class:///javax/swing/tree/DefaultTreeCellRenderer|>,2,|java+class:///java/awt/Component|>,
  <<|java+class:///org/gjt/sp/jedit/browser/VFSDirectoryEntryTable/MouseHandler|,|java+class:///javax/swing/event/MouseInputAdapter|>,2,|java+class:///java/lang/Object|>,
  <<|java+class:///org/gjt/sp/jedit/bsh/BSHTypedVariableDeclaration|,|java+class:///org/gjt/sp/jedit/bsh/SimpleNode|>,2,|java+interface:///org/gjt/sp/jedit/bsh/Node|>,
  <<|java+class:///org/gjt/sp/jedit/View/FocusHandler|,|java+class:///java/awt/event/FocusAdapter|>,2,|java+interface:///java/awt/event/FocusListener|>,
  <<|java+class:///org/gjt/sp/jedit/pluginmgr/InstallPanel|,|java+class:///javax/swing/JPanel|>,2,|java+class:///java/awt/Component|>,
  <<|java+class:///org/gjt/sp/jedit/gui/EnhancedDialog|,|java+class:///javax/swing/JDialog|>,2,|java+class:///java/awt/Dialog|>,
  <<|java+class:///org/gjt/sp/jedit/pluginmgr/PluginManagerProgress/WindowHandler|,|java+class:///java/awt/event/WindowAdapter|>,2,|java+interface:///java/awt/event/WindowListener|>,
  <<|java+class:///org/gjt/sp/jedit/gui/BufferSwitcher/BufferCellRenderer|,|java+class:///javax/swing/DefaultListCellRenderer|>,2,|java+interface:///javax/swing/ListCellRenderer|>,
  <<|java+class:///org/gjt/sp/jedit/bsh/BSHTryStatement|,|java+class:///org/gjt/sp/jedit/bsh/SimpleNode|>,2,|java+interface:///org/gjt/sp/jedit/bsh/Node|>,
  <<|java+class:///org/gjt/sp/jedit/gui/IOProgressMonitor/ThreadProgress|,|java+class:///javax/swing/JPanel|>,2,|java+class:///java/awt/Component|>,
  <<|java+class:///org/gjt/sp/jedit/bsh/BSHStatementExpressionList|,|java+class:///org/gjt/sp/jedit/bsh/SimpleNode|>,2,|java+interface:///org/gjt/sp/jedit/bsh/Node|>,
  <<|java+class:///org/gjt/sp/jedit/gui/PasteFromListDialog|,|java+class:///org/gjt/sp/jedit/gui/EnhancedDialog|>,2,|java+class:///java/awt/Window|>,
  <<|java+class:///org/gjt/sp/jedit/bsh/BSHAmbiguousName|,|java+class:///org/gjt/sp/jedit/bsh/SimpleNode|>,2,|java+class:///java/lang/Object|>,
  <<|java+interface:///org/gjt/sp/jedit/bsh/Node|,|java+interface:///java/io/Serializable|>,2,|java+class:///java/lang/Object|>,
  <<|java+class:///org/gjt/sp/jedit/textarea/Gutter/MouseHandler|,|java+class:///javax/swing/event/MouseInputAdapter|>,2,|java+interface:///java/awt/event/MouseMotionListener|>,
  <<|java+class:///net/sourceforge/jarbundler/HelpBook|,|java+class:///org/apache/tools/ant/taskdefs/MatchingTask|>,2,|java+class:///java/lang/Object|>,
  <<|java+class:///org/gjt/sp/jedit/bsh/BSHMethodInvocation|,|java+class:///org/gjt/sp/jedit/bsh/SimpleNode|>,2,|java+interface:///org/gjt/sp/jedit/bsh/Node|>,
  <<|java+class:///org/gjt/sp/jedit/gui/RolloverButton|,|java+class:///javax/swing/JButton|>,2,|java+class:///javax/swing/AbstractButton|>,
  <<|java+class:///org/gjt/sp/jedit/browser/VFSBrowser|,|java+class:///javax/swing/JPanel|>,2,|java+class:///java/awt/Component|>,
  <<|java+class:///org/gjt/sp/jedit/gui/DockableWindowManagerImpl|,|java+class:///org/gjt/sp/jedit/gui/DockableWindowManager|>,2,|java+class:///java/awt/Component|>,
  <<|java+class:///org/gjt/sp/jedit/gui/RegisterViewer/MouseHandler|,|java+class:///java/awt/event/MouseAdapter|>,2,|java+interface:///java/awt/event/MouseListener|>,
  <<|java+class:///org/gjt/sp/jedit/bufferio/BufferSaveRequest|,|java+class:///org/gjt/sp/jedit/bufferio/BufferIORequest|>,2,|java+class:///java/lang/Object|>,
  <<|java+class:///org/gjt/sp/jedit/gui/FloatingWindowContainer|,|java+class:///javax/swing/JFrame|>,2,|java+class:///java/awt/Frame|>,
  <<|java+class:///org/gjt/sp/jedit/bsh/BSHArrayDimensions|,|java+class:///org/gjt/sp/jedit/bsh/SimpleNode|>,2,|java+interface:///org/gjt/sp/jedit/bsh/Node|>,
  <<|java+class:///org/gjt/sp/jedit/browser/VFSBrowser/PluginsMenuButton|,|java+class:///org/gjt/sp/jedit/gui/RolloverButton|>,2,|java+class:///java/awt/Component|>,
  <<|java+class:///org/gjt/sp/jedit/gui/ActionBar/CompletionPopup/CompletionList|,|java+class:///javax/swing/JList|>,2,|java+class:///java/awt/Component|>,
  <<|java+class:///org/gjt/sp/jedit/View|,|java+class:///javax/swing/JFrame|>,2,|java+class:///java/awt/Container|>,
  <<|java+class:///org/gjt/sp/jedit/help/HelpSearchPanel|,|java+class:///javax/swing/JPanel|>,2,|java+class:///java/awt/Component|>,
  <<|java+class:///org/gjt/sp/jedit/browser/BrowserView/TableMouseHandler|,|java+class:///java/awt/event/MouseAdapter|>,2,|java+interface:///java/awt/event/MouseListener|>,
  <<|java+class:///org/gjt/sp/jedit/gui/PasteFromListDialog/Renderer|,|java+class:///javax/swing/DefaultListCellRenderer|>,2,|java+class:///java/awt/Component|>,
  <<|java+class:///org/gjt/sp/jedit/gui/AddAbbrevDialog|,|java+class:///javax/swing/JDialog|>,2,|java+class:///java/awt/Window|>,
  <<|java+class:///org/gjt/sp/jedit/bsh/classpath/BshClassLoader|,|java+class:///java/net/URLClassLoader|>,2,|java+class:///java/lang/ClassLoader|>,
  <<|java+class:///org/gjt/sp/jedit/ActionContext|,|java+class:///org/gjt/sp/jedit/JEditActionContext|>,2,|java+class:///java/lang/Object|>,
  <<|java+class:///org/gjt/sp/jedit/browser/VFSDirectoryEntryTable|,|java+class:///javax/swing/JTable|>,2,|java+class:///javax/swing/JComponent|>,
  <<|java+class:///org/gjt/sp/jedit/help/HelpSearchPanel/ResultRenderer|,|java+class:///javax/swing/DefaultListCellRenderer|>,2,|java+interface:///javax/swing/ListCellRenderer|>,
  <<|java+class:///org/gjt/sp/jedit/search/HyperSearchRequest|,|java+class:///org/gjt/sp/util/WorkRequest|>,2,|java+class:///java/lang/Object|>,
  <<|java+class:///org/gjt/sp/jedit/syntax/DefaultTokenHandler|,|java+interface:///org/gjt/sp/jedit/syntax/TokenHandler|>,2,|java+interface:///org/gjt/sp/jedit/syntax/TokenHandler|>,
  <<|java+class:///org/gjt/sp/jedit/bufferio/MarkersSaveRequest|,|java+class:///org/gjt/sp/util/WorkRequest|>,2,|java+class:///java/lang/Object|>,
  <<|java+class:///org/gjt/sp/jedit/options/PluginManagerOptionPane/MirrorModel|,|java+class:///javax/swing/AbstractListModel|>,2,|java+interface:///javax/swing/ListModel|>,
  <<|java+class:///org/gjt/sp/jedit/gui/ActionBar/CompletionPopup/KeyHandler|,|java+class:///java/awt/event/KeyAdapter|>,2,|java+interface:///java/awt/event/KeyListener|>,
  <<|java+class:///org/gjt/sp/jedit/browser/VFSBrowser|,|java+class:///javax/swing/JPanel|>,2,|java+class:///java/lang/Object|>,
  <<|java+class:///org/gjt/sp/jedit/options/BrowserColorsModel/ColorRenderer|,|java+class:///javax/swing/JLabel|>,2,|java+class:///java/awt/Component|>,
  <<|java+class:///org/gjt/sp/jedit/gui/RolloverButton|,|java+class:///javax/swing/JButton|>,2,|java+class:///javax/swing/JButton|>,
  <<|java+class:///org/gjt/sp/jedit/gui/DockableWindowManagerImpl|,|java+class:///org/gjt/sp/jedit/gui/DockableWindowManager|>,2,|java+class:///java/lang/Object|>,
  <<|java+class:///org/gjt/sp/jedit/gui/FilteredListModel|,|java+class:///javax/swing/AbstractListModel|>,2,|java+interface:///javax/swing/ListModel|>,
  <<|java+class:///org/gjt/sp/jedit/search/DirectoryListSet|,|java+class:///org/gjt/sp/jedit/search/BufferListSet|>,2,|java+class:///java/lang/Object|>,
  <<|java+class:///org/gjt/sp/jedit/bsh/BSHFormalParameter|,|java+class:///org/gjt/sp/jedit/bsh/SimpleNode|>,2,|java+class:///java/lang/Object|>,
  <<|java+class:///org/gjt/sp/jedit/help/HelpViewer|,|java+class:///javax/swing/JFrame|>,2,|java+class:///java/awt/Window|>,
  <<|java+class:///org/gjt/sp/jedit/visitors/SaveCaretInfoVisitor|,|java+class:///org/gjt/sp/jedit/visitors/JEditVisitorAdapter|>,2,|java+interface:///org/gjt/sp/jedit/visitors/JEditVisitor|>,
  <<|java+class:///org/gjt/sp/jedit/search/HyperSearchResults/KeyHandler|,|java+class:///java/awt/event/KeyAdapter|>,2,|java+interface:///java/awt/event/KeyListener|>,
  <<|java+class:///org/gjt/sp/jedit/gui/FilesChangedDialog/Renderer|,|java+class:///javax/swing/tree/DefaultTreeCellRenderer|>,2,|java+class:///java/awt/Component|>,
  <<|java+class:///org/gjt/sp/jedit/options/PluginOptions|,|java+class:///org/gjt/sp/jedit/gui/OptionsDialog|>,2,|java+class:///org/gjt/sp/jedit/gui/EnhancedDialog|>,
  <<|java+class:///org/gjt/sp/jedit/textarea/TextAreaTransferHandler/TextAreaSelection|,|java+class:///java/awt/datatransfer/StringSelection|>,2,|java+interface:///java/awt/datatransfer/Transferable|>,
  <<|java+class:///org/gjt/sp/jedit/gui/CompletionPopup|,|java+class:///javax/swing/JWindow|>,2,|java+class:///java/awt/Window|>,
  <<|java+class:///org/gjt/sp/jedit/help/HelpSearchPanel|,|java+class:///javax/swing/JPanel|>,2,|java+class:///java/lang/Object|>,
  <<|java+class:///org/gjt/sp/jedit/bsh/BSHAssignment|,|java+class:///org/gjt/sp/jedit/bsh/SimpleNode|>,2,|java+interface:///org/gjt/sp/jedit/bsh/Node|>,
  <<|java+class:///org/gjt/sp/jedit/gui/DockablePanel/ResizeMouseHandler|,|java+class:///java/awt/event/MouseAdapter|>,2,|java+interface:///java/awt/event/MouseListener|>,
  <<|java+class:///org/gjt/sp/jedit/bsh/BSHPrimitiveType|,|java+class:///org/gjt/sp/jedit/bsh/SimpleNode|>,2,|java+interface:///org/gjt/sp/jedit/bsh/Node|>,
  <<|java+class:///org/gjt/sp/jedit/gui/PasteFromListDialog/MouseHandler|,|java+class:///java/awt/event/MouseAdapter|>,2,|java+interface:///java/awt/event/MouseListener|>,
  <<|java+class:///org/gjt/sp/jedit/search/HyperSearchRequest|,|java+class:///org/gjt/sp/util/WorkRequest|>,2,|java+interface:///java/lang/Runnable|>,
  <<|java+class:///org/gjt/sp/jedit/gui/TextAreaDialog|,|java+class:///org/gjt/sp/jedit/gui/EnhancedDialog|>,2,|java+class:///org/gjt/sp/jedit/gui/EnhancedDialog|>,
  <<|java+class:///org/gjt/sp/jedit/options/ToolBarOptionPane/IconCellRenderer|,|java+class:///javax/swing/DefaultListCellRenderer|>,2,|java+class:///java/awt/Component|>,
  <<|java+class:///org/gjt/sp/jedit/browser/VFSBrowser/FavoritesMenuButton/MouseHandler|,|java+class:///java/awt/event/MouseAdapter|>,2,|java+interface:///java/awt/event/MouseListener|>,
  <<|java+class:///org/gjt/sp/jedit/gui/HistoryTextField|,|java+class:///javax/swing/JTextField|>,2,|java+class:///java/awt/Component|>,
  <<|java+class:///org/gjt/sp/jedit/bufferio/MarkersSaveRequest|,|java+class:///org/gjt/sp/util/WorkRequest|>,2,|java+interface:///java/lang/Runnable|>,
  <<|java+class:///org/gjt/sp/jedit/help/HistoryButton/HistoryListActionHandler|,|java+class:///javax/swing/AbstractAction|>,2,|java+interface:///javax/swing/Action|>,
  <<|java+class:///org/gjt/sp/jedit/pluginmgr/InstallPanel/KeyboardAction|,|java+class:///javax/swing/AbstractAction|>,2,|java+interface:///javax/swing/Action|>,
  <<|java+class:///org/gjt/sp/jedit/io/CopyFileWorker|,|java+class:///org/gjt/sp/util/WorkRequest|>,2,|java+class:///java/lang/Object|>,
  <<|java+class:///org/gjt/sp/jedit/gui/LogViewer/ColorizerCellRenderer|,|java+class:///javax/swing/JLabel|>,2,|java+class:///java/awt/Component|>,
  <<|java+class:///org/gjt/sp/jedit/options/AppearanceOptionPane|,|java+class:///org/gjt/sp/jedit/AbstractOptionPane|>,2,|java+class:///java/lang/Object|>,
  <<|java+class:///org/gjt/sp/jedit/browser/VFSDirectoryEntryTable/MainMouseHandler|,|java+class:///javax/swing/event/MouseInputAdapter|>,2,|java+interface:///java/awt/event/MouseListener|>,
  <<|java+class:///org/gjt/sp/jedit/bsh/BSHVariableDeclarator|,|java+class:///org/gjt/sp/jedit/bsh/SimpleNode|>,2,|java+interface:///org/gjt/sp/jedit/bsh/Node|>,
  <<|java+class:///org/gjt/sp/jedit/help/HistoryButton|,|java+class:///javax/swing/JPanel|>,2,|java+class:///java/awt/Component|>,
  <<|java+class:///org/gjt/sp/jedit/textarea/TextAreaBorder|,|java+class:///javax/swing/border/AbstractBorder|>,2,|java+interface:///javax/swing/border/Border|>,
  <<|java+class:///org/gjt/sp/jedit/search/HyperSearchResults/NewSearchAction|,|java+class:///javax/swing/AbstractAction|>,2,|java+interface:///javax/swing/Action|>,
  <<|java+class:///org/gjt/sp/jedit/menu/EnhancedCheckBoxMenuItem|,|java+class:///javax/swing/JCheckBoxMenuItem|>,2,|java+class:///java/awt/Component|>,
  <<|java+class:///org/gjt/sp/jedit/options/AbbrevsOptionPane/HeaderMouseHandler|,|java+class:///java/awt/event/MouseAdapter|>,2,|java+interface:///java/awt/event/MouseListener|>,
  <<|java+class:///org/gjt/sp/jedit/help/HelpViewer|,|java+class:///javax/swing/JFrame|>,2,|java+class:///java/lang/Object|>,
  <<|java+class:///org/gjt/sp/jedit/pluginmgr/InstallPanel/HeaderMouseHandler|,|java+class:///java/awt/event/MouseAdapter|>,2,|java+interface:///java/awt/event/MouseListener|>,
  <<|java+class:///org/gjt/sp/util/SegmentBuffer|,|java+class:///javax/swing/text/Segment|>,2,|java+class:///java/lang/Object|>,
  <<|java+class:///org/gjt/sp/jedit/msg/PositionChanging|,|java+class:///org/gjt/sp/jedit/msg/EditPaneUpdate|>,2,|java+class:///org/gjt/sp/jedit/EBMessage|>,
  <<|java+class:///org/gjt/sp/jedit/gui/DockablePanel|,|java+class:///javax/swing/JPanel|>,2,|java+class:///java/awt/Component|>,
  <<|java+class:///org/gjt/sp/jedit/gui/StatusBar/MouseHandler|,|java+class:///java/awt/event/MouseAdapter|>,2,|java+interface:///java/awt/event/MouseListener|>,
  <<|java+class:///org/gjt/sp/jedit/bufferio/BufferSaveRequest|,|java+class:///org/gjt/sp/jedit/bufferio/BufferIORequest|>,2,|java+interface:///java/lang/Runnable|>,
  <<|java+class:///org/gjt/sp/jedit/search/HyperSearchResults/ExpandChildTreeNodesAction|,|java+class:///javax/swing/AbstractAction|>,2,|java+interface:///javax/swing/Action|>,
  <<|java+class:///org/gjt/sp/jedit/GUIUtilities/UnixWorkaround/WindowHandler|,|java+class:///java/awt/event/WindowAdapter|>,2,|java+interface:///java/awt/event/WindowListener|>,
  <<|java+class:///org/gjt/sp/jedit/gui/HistoryTextField|,|java+class:///javax/swing/JTextField|>,2,|java+class:///javax/swing/text/JTextComponent|>,
  <<|java+class:///de/masters_of_disaster/ant/tasks/ar/Ar/ArFileSet|,|java+class:///org/apache/tools/ant/types/FileSet|>,2,|java+class:///java/lang/Object|>,
  <<|java+class:///org/gjt/sp/jedit/bsh/BSHBlock|,|java+class:///org/gjt/sp/jedit/bsh/SimpleNode|>,2,|java+class:///java/lang/Object|>,
  <<|java+class:///org/gjt/sp/jedit/bsh/BSHReturnStatement|,|java+class:///org/gjt/sp/jedit/bsh/SimpleNode|>,2,|java+interface:///org/gjt/sp/jedit/bsh/Node|>,
  <<|java+class:///org/gjt/sp/jedit/gui/DockableWindowFactory/DockableListHandler|,|java+class:///org/xml/sax/helpers/DefaultHandler|>,2,|java+class:///java/lang/Object|>,
  <<|java+class:///org/gjt/sp/jedit/bsh/BSHType|,|java+class:///org/gjt/sp/jedit/bsh/SimpleNode|>,2,|java+class:///java/lang/Object|>,
  <<|java+class:///org/gjt/sp/jedit/bsh/BSHSwitchLabel|,|java+class:///org/gjt/sp/jedit/bsh/SimpleNode|>,2,|java+interface:///org/gjt/sp/jedit/bsh/Node|>,
  <<|java+class:///org/gjt/sp/jedit/options/AbbrevsOptionPane|,|java+class:///org/gjt/sp/jedit/AbstractOptionPane|>,2,|java+class:///java/awt/Component|>,
  <<|java+class:///org/gjt/sp/jedit/gui/CloseDialog|,|java+class:///org/gjt/sp/jedit/gui/EnhancedDialog|>,2,|java+class:///java/awt/Window|>,
  <<|java+class:///org/gjt/sp/jedit/search/HyperSearchResults/CopyToClipboardAction|,|java+class:///javax/swing/AbstractAction|>,2,|java+interface:///javax/swing/Action|>,
  <<|java+class:///org/gjt/sp/jedit/input/TextAreaInputHandler|,|java+class:///org/gjt/sp/jedit/input/AbstractInputHandler|>,2,|java+class:///java/lang/Object|>,
  <<|java+class:///org/gjt/sp/jedit/help/HelpViewer|,|java+class:///javax/swing/JFrame|>,2,|java+class:///java/awt/Component|>,
  <<|java+class:///org/gjt/sp/jedit/browser/VFSDirectoryEntryTableModel|,|java+class:///javax/swing/table/AbstractTableModel|>,2,|java+interface:///javax/swing/table/TableModel|>,
  <<|java+class:///org/gjt/sp/jedit/msg/PositionChanging|,|java+class:///org/gjt/sp/jedit/msg/EditPaneUpdate|>,2,|java+class:///java/lang/Object|>,
  <<|java+class:///org/gjt/sp/jedit/search/HyperSearchResults/TreeDisplayAction|,|java+class:///javax/swing/AbstractAction|>,2,|java+interface:///java/awt/event/ActionListener|>,
  <<|java+class:///QuickNotepadToolPanel|,|java+class:///javax/swing/JPanel|>,2,|java+class:///java/awt/Component|>,
  <<|java+class:///org/gjt/sp/jedit/gui/EnhancedDialog|,|java+class:///javax/swing/JDialog|>,2,|java+class:///java/lang/Object|>,
  <<|java+class:///org/gjt/sp/jedit/gui/JCheckBoxList|,|java+class:///javax/swing/JTable|>,2,|java+class:///java/awt/Component|>,
  <<|java+class:///org/gjt/sp/jedit/bsh/DelayedEvalBshMethod|,|java+class:///org/gjt/sp/jedit/bsh/BshMethod|>,2,|java+class:///java/lang/Object|>,
  <<|java+class:///installer/SwingInstall/WindowHandler|,|java+class:///java/awt/event/WindowAdapter|>,2,|java+interface:///java/awt/event/WindowListener|>,
  <<|java+class:///org/gjt/sp/jedit/bsh/BSHArrayInitializer|,|java+class:///org/gjt/sp/jedit/bsh/SimpleNode|>,2,|java+interface:///org/gjt/sp/jedit/bsh/Node|>,
  <<|java+class:///org/gjt/sp/jedit/gui/statusbar/ToolTipLabel|,|java+class:///javax/swing/JLabel|>,2,|java+class:///java/awt/Component|>,
  <<|java+class:///org/gjt/sp/jedit/bsh/BSHThrowStatement|,|java+class:///org/gjt/sp/jedit/bsh/SimpleNode|>,2,|java+interface:///org/gjt/sp/jedit/bsh/Node|>,
  <<|java+class:///org/gjt/sp/jedit/browser/VFSDirectoryEntryTable|,|java+class:///javax/swing/JTable|>,2,|java+class:///java/awt/Component|>,
  <<|java+class:///org/gjt/sp/jedit/gui/AbstractContextOptionPane|,|java+class:///org/gjt/sp/jedit/AbstractOptionPane|>,2,|java+class:///java/awt/Component|>,
  <<|java+class:///QuickNotepadTextArea|,|java+class:///javax/swing/JTextArea|>,2,|java+class:///java/awt/Component|>,
  <<|java+class:///org/gjt/sp/jedit/gui/FloatingWindowContainer|,|java+class:///javax/swing/JFrame|>,2,|java+class:///java/awt/Window|>,
  <<|java+class:///org/gjt/sp/jedit/JEditRegisterSaver/RegistersHandler|,|java+class:///org/xml/sax/helpers/DefaultHandler|>,2,|java+class:///java/lang/Object|>,
  <<|java+class:///org/gjt/sp/jedit/gui/PanelWindowContainer/MenuMouseHandler|,|java+class:///java/awt/event/MouseAdapter|>,2,|java+interface:///java/awt/event/MouseListener|>,
  <<|java+class:///org/gjt/sp/jedit/gui/FontSelectorDialog|,|java+class:///org/gjt/sp/jedit/gui/EnhancedDialog|>,2,|java+class:///java/lang/Object|>,
  <<|java+class:///org/gjt/sp/jedit/browser/BrowserView/ParentDirectoryRenderer|,|java+class:///javax/swing/DefaultListCellRenderer|>,2,|java+interface:///javax/swing/ListCellRenderer|>,
  <<|java+class:///org/gjt/sp/jedit/options/ShortcutsOptionPane|,|java+class:///org/gjt/sp/jedit/AbstractOptionPane|>,2,|java+class:///java/lang/Object|>,
  <<|java+class:///org/gjt/sp/jedit/bufferio/BufferLoadRequest|,|java+class:///org/gjt/sp/jedit/bufferio/BufferIORequest|>,2,|java+class:///java/lang/Object|>,
  <<|java+class:///org/gjt/sp/jedit/options/ShortcutsOptionPane/HeaderMouseHandler|,|java+class:///java/awt/event/MouseAdapter|>,2,|java+interface:///java/awt/event/MouseListener|>,
  <<|java+class:///org/gjt/sp/jedit/gui/ColorWellButton/ColorPickerDialog|,|java+class:///org/gjt/sp/jedit/gui/EnhancedDialog|>,2,|java+class:///javax/swing/JDialog|>,
  <<|java+class:///org/gjt/sp/jedit/browser/VFSBrowser|,|java+class:///javax/swing/JPanel|>,2,|java+class:///javax/swing/JComponent|>,
  <<|java+class:///org/gjt/sp/jedit/bsh/BSHReturnType|,|java+class:///org/gjt/sp/jedit/bsh/SimpleNode|>,2,|java+interface:///org/gjt/sp/jedit/bsh/Node|>,
  <<|java+class:///org/gjt/sp/jedit/gui/HistoryTextField/MouseHandler|,|java+class:///javax/swing/event/MouseInputAdapter|>,2,|java+interface:///java/awt/event/MouseMotionListener|>,
  <<|java+class:///org/gjt/sp/jedit/gui/ColorWellButton|,|java+class:///javax/swing/JButton|>,2,|java+class:///java/awt/Component|>,
  <<|java+class:///org/gjt/sp/jedit/menu/EnhancedCheckBoxMenuItem/Model|,|java+class:///javax/swing/DefaultButtonModel|>,2,|java+class:///java/lang/Object|>,
  <<|java+class:///org/gjt/sp/jedit/options/BufferOptionPane|,|java+class:///org/gjt/sp/jedit/AbstractOptionPane|>,2,|java+class:///java/awt/Component|>,
  <<|java+class:///org/gjt/sp/jedit/bsh/BSHSwitchStatement|,|java+class:///org/gjt/sp/jedit/bsh/SimpleNode|>,2,|java+interface:///org/gjt/sp/jedit/bsh/Node|>,
  <<|java+class:///org/gjt/sp/jedit/gui/EnhancedButton|,|java+class:///org/gjt/sp/jedit/gui/RolloverButton|>,2,|java+class:///javax/swing/JButton|>,
  <<|java+class:///org/gjt/sp/jedit/gui/MarkerViewer/Renderer|,|java+class:///javax/swing/DefaultListCellRenderer|>,2,|java+class:///java/awt/Component|>,
  <<|java+class:///org/gjt/sp/jedit/search/AllBufferSet|,|java+class:///org/gjt/sp/jedit/search/BufferListSet|>,2,|java+interface:///org/gjt/sp/jedit/search/SearchFileSet|>,
  <<|java+class:///org/gjt/sp/jedit/gui/EnhancedDialog|,|java+class:///javax/swing/JDialog|>,2,|java+class:///java/awt/Component|>,
  <<|java+class:///org/gjt/sp/jedit/search/HyperSearchResults/MouseHandler|,|java+class:///java/awt/event/MouseAdapter|>,2,|java+interface:///java/awt/event/MouseListener|>,
  <<|java+class:///org/gjt/sp/jedit/browser/VFSFileChooserDialog|,|java+class:///org/gjt/sp/jedit/gui/EnhancedDialog|>,2,|java+class:///java/awt/Component|>,
  <<|java+class:///org/gjt/sp/jedit/pluginmgr/InstallPanel/ClearPluginSet|,|java+class:///org/gjt/sp/jedit/gui/RolloverButton|>,2,|java+class:///java/awt/Component|>,
  <<|java+class:///org/gjt/sp/jedit/pluginmgr/Roster/Remove|,|java+class:///org/gjt/sp/jedit/pluginmgr/Roster/Operation|>,2,|java+class:///java/lang/Object|>,
  <<|java+class:///org/gjt/sp/jedit/options/ShortcutsOptionPane/ShortcutsModel|,|java+class:///javax/swing/table/AbstractTableModel|>,2,|java+class:///java/lang/Object|>,
  <<|java+class:///org/gjt/sp/jedit/bsh/classpath/BshClassPath/JarClassSource|,|java+class:///org/gjt/sp/jedit/bsh/classpath/BshClassPath/ClassSource|>,2,|java+class:///java/lang/Object|>,
  <<|java+class:///org/gjt/sp/jedit/browser/VFSDirectoryEntryTableModel|,|java+class:///javax/swing/table/AbstractTableModel|>,2,|java+class:///java/lang/Object|>,
  <<|java+class:///org/gjt/sp/jedit/gui/OptionsDialog|,|java+class:///org/gjt/sp/jedit/gui/EnhancedDialog|>,2,|java+class:///java/lang/Object|>,
  <<|java+class:///org/gjt/sp/jedit/options/SyntaxHiliteOptionPane/MouseHandler|,|java+class:///java/awt/event/MouseAdapter|>,2,|java+interface:///java/awt/event/MouseListener|>,
  <<|java+class:///org/gjt/sp/jedit/help/HelpViewer|,|java+class:///javax/swing/JFrame|>,2,|java+class:///java/awt/Frame|>,
  <<|java+class:///org/gjt/sp/jedit/gui/statusbar/ClockWidgetFactory/Clock|,|java+class:///javax/swing/JLabel|>,2,|java+class:///javax/swing/JComponent|>,
  <<|java+class:///org/gjt/sp/jedit/gui/BeanShellErrorDialog|,|java+class:///org/gjt/sp/jedit/gui/TextAreaDialog|>,2,|java+class:///org/gjt/sp/jedit/gui/EnhancedDialog|>,
  <<|java+class:///org/gjt/sp/jedit/help/HelpViewer/KeyHandler|,|java+class:///java/awt/event/KeyAdapter|>,2,|java+interface:///java/awt/event/KeyListener|>,
  <<|java+class:///org/gjt/sp/jedit/options/PluginManagerOptionPane/UpdateMirrorsThread|,|java+class:///org/gjt/sp/util/WorkRequest|>,2,|java+interface:///org/gjt/sp/util/ProgressObserver|>,
  <<|java+class:///org/gjt/sp/jedit/gui/ActionBar/CompletionPopup/MouseHandler|,|java+class:///java/awt/event/MouseAdapter|>,2,|java+interface:///java/awt/event/MouseListener|>,
  <<|java+class:///org/gjt/sp/jedit/gui/MarkerViewer/MouseHandler|,|java+class:///java/awt/event/MouseAdapter|>,2,|java+interface:///java/awt/event/MouseListener|>,
  <<|java+class:///org/gjt/sp/jedit/options/ShortcutsOptionPane|,|java+class:///org/gjt/sp/jedit/AbstractOptionPane|>,2,|java+class:///java/awt/Component|>,
  <<|java+class:///org/gjt/sp/jedit/ModeCatalogHandler|,|java+class:///org/xml/sax/helpers/DefaultHandler|>,2,|java+class:///java/lang/Object|>,
  <<|java+class:///org/gjt/sp/jedit/gui/DockableWindowManager/KeyHandler|,|java+class:///java/awt/event/KeyAdapter|>,2,|java+interface:///java/awt/event/KeyListener|>,
  <<|java+class:///org/gjt/sp/jedit/options/ToolBarOptionPane/IconCellRenderer|,|java+class:///javax/swing/DefaultListCellRenderer|>,2,|java+interface:///javax/swing/ListCellRenderer|>,
  <<|java+class:///org/gjt/sp/jedit/gui/FilesChangedDialog|,|java+class:///org/gjt/sp/jedit/gui/EnhancedDialog|>,2,|java+class:///java/awt/Window|>,
  <<|java+class:///org/gjt/sp/jedit/gui/CompletionPopup/KeyHandler|,|java+class:///java/awt/event/KeyAdapter|>,2,|java+interface:///java/awt/event/KeyListener|>,
  <<|java+class:///org/gjt/sp/jedit/bufferio/BufferIORequest|,|java+class:///org/gjt/sp/util/WorkRequest|>,2,|java+interface:///java/lang/Runnable|>,
  <<|java+class:///org/gjt/sp/jedit/browser/VFSBrowser/HistoryComboBoxEditor|,|java+class:///org/gjt/sp/jedit/gui/HistoryTextField|>,2,|java+class:///java/awt/Component|>,
  <<|java+class:///installer/TarInputStream|,|java+class:///java/io/FilterInputStream|>,2,|java+class:///java/io/InputStream|>,
  <<|java+class:///org/gjt/sp/jedit/gui/InputHandler|,|java+class:///org/gjt/sp/jedit/input/AbstractInputHandler|>,2,|java+class:///java/lang/Object|>,
  <<|java+class:///org/gjt/sp/jedit/pluginmgr/ManagePanel/RemoveButton|,|java+class:///javax/swing/JButton|>,2,|java+class:///java/awt/Component|>,
  <<|java+class:///org/gjt/sp/jedit/gui/EnhancedDialog/KeyHandler|,|java+class:///java/awt/event/KeyAdapter|>,2,|java+interface:///java/awt/event/KeyListener|>,
  <<|java+class:///org/gjt/sp/jedit/options/GeneralOptionPane|,|java+class:///org/gjt/sp/jedit/AbstractOptionPane|>,2,|java+class:///java/lang/Object|>,
  <<|java+interface:///org/gjt/sp/jedit/browser/BrowserListener|,|java+interface:///java/util/EventListener|>,2,|java+class:///java/lang/Object|>,
  <<|java+class:///org/gjt/sp/jedit/search/SearchDialog|,|java+class:///org/gjt/sp/jedit/gui/EnhancedDialog|>,2,|java+class:///java/awt/Component|>,
  <<|java+class:///org/gjt/sp/jedit/bsh/BSHMethodDeclaration|,|java+class:///org/gjt/sp/jedit/bsh/SimpleNode|>,2,|java+interface:///org/gjt/sp/jedit/bsh/Node|>,
  <<|java+class:///org/gjt/sp/jedit/bsh/BSHPrimaryExpression|,|java+class:///org/gjt/sp/jedit/bsh/SimpleNode|>,2,|java+interface:///org/gjt/sp/jedit/bsh/Node|>,
  <<|java+class:///org/gjt/sp/jedit/bsh/BSHFormalParameter|,|java+class:///org/gjt/sp/jedit/bsh/SimpleNode|>,2,|java+interface:///org/gjt/sp/jedit/bsh/Node|>,
  <<|java+class:///org/gjt/sp/jedit/pluginmgr/ManagePanel/HeaderMouseHandler|,|java+class:///java/awt/event/MouseAdapter|>,2,|java+interface:///java/awt/event/MouseListener|>,
  <<|java+interface:///org/gjt/sp/jedit/textarea/ScrollListener|,|java+interface:///java/util/EventListener|>,2,|java+class:///java/lang/Object|>,
  <<|java+class:///org/gjt/sp/jedit/EBPlugin|,|java+class:///org/gjt/sp/jedit/EditPlugin|>,2,|java+class:///java/lang/Object|>,
  <<|java+class:///org/gjt/sp/jedit/textarea/MouseHandler|,|java+class:///org/gjt/sp/jedit/textarea/TextAreaMouseHandler|>,2,|java+class:///javax/swing/event/MouseInputAdapter|>,
  <<|java+class:///org/gjt/sp/jedit/help/HelpTOCPanel|,|java+class:///javax/swing/JPanel|>,2,|java+class:///java/awt/Component|>,
  <<|java+class:///org/gjt/sp/jedit/gui/StatusBar|,|java+class:///javax/swing/JPanel|>,2,|java+class:///java/lang/Object|>,
  <<|java+class:///org/gjt/sp/jedit/pluginmgr/InstallPanel/InstallButton|,|java+class:///javax/swing/JButton|>,2,|java+class:///java/awt/Component|>,
  <<|java+class:///org/gjt/sp/jedit/bsh/BSHForStatement|,|java+class:///org/gjt/sp/jedit/bsh/SimpleNode|>,2,|java+interface:///org/gjt/sp/jedit/bsh/Node|>,
  <<|java+class:///org/gjt/sp/jedit/gui/EnhancedDialog|,|java+class:///javax/swing/JDialog|>,2,|java+class:///javax/swing/JDialog|>,
  <<|java+class:///org/gjt/sp/jedit/pluginmgr/ManagePanel/PluginTableModel|,|java+class:///javax/swing/table/AbstractTableModel|>,2,|java+interface:///javax/swing/table/TableModel|>,
  <<|java+class:///installer/SwingInstall|,|java+class:///javax/swing/JFrame|>,2,|java+class:///java/awt/Component|>,
  <<|java+class:///org/gjt/sp/jedit/pluginmgr/Roster/Install|,|java+class:///org/gjt/sp/jedit/pluginmgr/Roster/Operation|>,2,|java+class:///java/lang/Object|>,
  <<|java+class:///org/gjt/sp/jedit/options/DockingOptionPane/DockPositionCellRenderer|,|java+class:///javax/swing/JComboBox|>,2,|java+class:///java/awt/Component|>,
  <<|java+class:///org/gjt/sp/jedit/bsh/BSHAmbiguousName|,|java+class:///org/gjt/sp/jedit/bsh/SimpleNode|>,2,|java+interface:///org/gjt/sp/jedit/bsh/Node|>,
  <<|java+class:///org/gjt/sp/jedit/help/HelpTOCPanel/TOCTree|,|java+class:///javax/swing/JTree|>,2,|java+class:///javax/swing/JComponent|>,
  <<|java+class:///org/gjt/sp/jedit/textarea/ScrollLineCount|,|java+class:///org/gjt/sp/jedit/textarea/Anchor|>,2,|java+class:///java/lang/Object|>,
  <<|java+class:///org/gjt/sp/jedit/gui/BufferSwitcher|,|java+class:///javax/swing/JComboBox|>,2,|java+class:///java/awt/Component|>,
  <<|java+class:///org/gjt/sp/jedit/indent/OpenBracketIndentRule|,|java+class:///org/gjt/sp/jedit/indent/BracketIndentRule|>,2,|java+interface:///org/gjt/sp/jedit/indent/IndentRule|>,
  <<|java+class:///org/gjt/sp/jedit/AbstractOptionPane|,|java+interface:///org/gjt/sp/jedit/OptionPane|>,2,|java+interface:///org/gjt/sp/jedit/OptionPane|>,
  <<|java+class:///org/gjt/sp/jedit/pluginmgr/ManagePanel/RemoveButton|,|java+class:///javax/swing/JButton|>,2,|java+class:///java/lang/Object|>,
  <<|java+class:///org/gjt/sp/jedit/options/PluginManagerOptionPane/UpdateMirrorsThread|,|java+class:///org/gjt/sp/util/WorkRequest|>,2,|java+interface:///java/lang/Runnable|>,
  <<|java+class:///org/gjt/sp/jedit/gui/CheckBoxListModel|,|java+class:///javax/swing/table/AbstractTableModel|>,2,|java+interface:///javax/swing/table/TableModel|>,
  <<|java+class:///org/gjt/sp/jedit/help/HelpTOCPanel|,|java+class:///javax/swing/JPanel|>,2,|java+class:///java/lang/Object|>,
  <<|java+class:///org/gjt/sp/jedit/gui/HistoryTextField/MouseHandler|,|java+class:///javax/swing/event/MouseInputAdapter|>,2,|java+interface:///java/awt/event/MouseListener|>,
  <<|java+class:///org/gjt/sp/jedit/browser/VFSDirectoryEntryTable/MouseHandler|,|java+class:///javax/swing/event/MouseInputAdapter|>,2,|java+interface:///java/awt/event/MouseListener|>,
  <<|java+class:///org/gjt/sp/jedit/gui/StatusBar|,|java+class:///javax/swing/JPanel|>,2,|java+class:///java/awt/Component|>,
  <<|java+class:///org/gjt/sp/jedit/gui/ActionBar|,|java+class:///javax/swing/JToolBar|>,2,|java+class:///java/awt/Component|>,
  <<|java+class:///org/gjt/sp/jedit/gui/AbbrevEditor|,|java+class:///javax/swing/JPanel|>,2,|java+class:///java/awt/Component|>,
  <<|java+class:///org/gjt/sp/jedit/gui/EnhancedButton/MouseHandler|,|java+class:///java/awt/event/MouseAdapter|>,2,|java+interface:///java/awt/event/MouseListener|>,
  <<|java+class:///org/gjt/sp/util/WorkThread/Abort|,|java+class:///java/lang/Error|>,2,|java+class:///java/lang/Throwable|>,
  <<|java+class:///org/gjt/sp/jedit/options/AbbrevsOptionPane/AbbrevsModel|,|java+class:///javax/swing/table/AbstractTableModel|>,2,|java+interface:///javax/swing/table/TableModel|>,
  <<|java+class:///org/gjt/sp/jedit/textarea/TextAreaMouseHandler|,|java+class:///javax/swing/event/MouseInputAdapter|>,2,|java+class:///javax/swing/event/MouseInputAdapter|>,
  <<|java+class:///org/gjt/sp/jedit/search/DirectoryListSet|,|java+class:///org/gjt/sp/jedit/search/BufferListSet|>,2,|java+interface:///org/gjt/sp/jedit/search/SearchFileSet|>,
  <<|java+class:///org/gjt/sp/jedit/GUIUtilities/UnixWorkaround/ComponentHandler|,|java+class:///java/awt/event/ComponentAdapter|>,2,|java+interface:///java/awt/event/ComponentListener|>,
  <<|java+class:///org/gjt/sp/jedit/gui/HistoryTextArea|,|java+class:///javax/swing/JTextArea|>,2,|java+class:///java/awt/Component|>,
  <<|java+class:///org/gjt/sp/jedit/browser/FileCellRenderer|,|java+class:///javax/swing/table/DefaultTableCellRenderer|>,2,|java+class:///java/awt/Component|>,
  <<|java+class:///org/gjt/sp/jedit/textarea/TextAreaPainter|,|java+class:///javax/swing/JComponent|>,2,|java+class:///java/awt/Component|>,
  <<|java+class:///org/gjt/sp/jedit/gui/EnhancedDialog/ContainerHandler|,|java+class:///java/awt/event/ContainerAdapter|>,2,|java+interface:///java/awt/event/ContainerListener|>,
  <<|java+class:///org/gjt/sp/jedit/JEditKillRing|,|java+class:///org/gjt/sp/jedit/buffer/KillRing|>,2,|java+class:///java/lang/Object|>,
  <<|java+class:///org/gjt/sp/jedit/browser/VFSFileNameField|,|java+class:///org/gjt/sp/jedit/gui/HistoryTextField|>,2,|java+class:///java/awt/Component|>,
  <<|java+class:///org/gjt/sp/jedit/gui/statusbar/ErrorsWidgetFactory/ErrorHighlight|,|java+class:///javax/swing/JLabel|>,2,|java+class:///javax/swing/JComponent|>,
  <<|java+class:///org/gjt/sp/jedit/gui/EditAbbrevDialog|,|java+class:///javax/swing/JDialog|>,2,|java+class:///java/awt/Component|>,
  <<|java+class:///org/gjt/sp/jedit/gui/JCheckBoxList/DummyRenderer|,|java+class:///javax/swing/table/DefaultTableCellRenderer|>,2,|java+interface:///javax/swing/table/TableCellRenderer|>,
  <<|java+class:///org/gjt/sp/jedit/bsh/BSHImportDeclaration|,|java+class:///org/gjt/sp/jedit/bsh/SimpleNode|>,2,|java+interface:///org/gjt/sp/jedit/bsh/Node|>,
  <<|java+class:///org/gjt/sp/jedit/browser/BrowserView|,|java+class:///javax/swing/JPanel|>,2,|java+class:///java/awt/Component|>,
  <<|java+class:///org/gjt/sp/jedit/textarea/TextArea|,|java+class:///javax/swing/JComponent|>,2,|java+class:///javax/swing/JComponent|>,
  <<|java+class:///org/gjt/sp/jedit/browser/BrowserView/ParentDirectoryRenderer|,|java+class:///javax/swing/DefaultListCellRenderer|>,2,|java+class:///java/awt/Component|>,
  <<|java+class:///org/gjt/sp/jedit/gui/AddAbbrevDialog/KeyHandler|,|java+class:///java/awt/event/KeyAdapter|>,2,|java+interface:///java/awt/event/KeyListener|>,
  <<|java+class:///org/gjt/sp/jedit/View/WindowHandler|,|java+class:///java/awt/event/WindowAdapter|>,2,|java+interface:///java/awt/event/WindowListener|>,
  <<|java+class:///org/gjt/sp/jedit/bsh/BSHClassDeclaration|,|java+class:///org/gjt/sp/jedit/bsh/SimpleNode|>,2,|java+interface:///org/gjt/sp/jedit/bsh/Node|>,
  <<|java+class:///org/gjt/sp/jedit/pluginmgr/MirrorListHandler|,|java+class:///org/xml/sax/helpers/DefaultHandler|>,2,|java+class:///java/lang/Object|>,
  <<|java+class:///org/gjt/sp/jedit/textarea/JEditTextArea|,|java+class:///org/gjt/sp/jedit/textarea/TextArea|>,2,|java+class:///java/awt/Component|>,
  <<|java+class:///org/gjt/sp/jedit/options/ToolBarEditDialog|,|java+class:///org/gjt/sp/jedit/gui/EnhancedDialog|>,2,|java+class:///java/lang/Object|>,
  <<|java+class:///org/gjt/sp/jedit/AbstractOptionPane|,|java+class:///javax/swing/JPanel|>,2,|java+class:///java/lang/Object|>,
  <<|java+class:///org/gjt/sp/jedit/browser/FileCellRenderer|,|java+class:///javax/swing/table/DefaultTableCellRenderer|>,2,|java+interface:///javax/swing/table/TableCellRenderer|>,
  <<|java+class:///org/gjt/sp/jedit/options/BrowserColorsOptionPane/MouseHandler|,|java+class:///java/awt/event/MouseAdapter|>,2,|java+interface:///java/awt/event/MouseListener|>,
  <<|java+class:///org/gjt/sp/jedit/browser/VFSDirectoryEntryTable/HeaderRenderer|,|java+class:///javax/swing/table/DefaultTableCellRenderer|>,2,|java+interface:///javax/swing/table/TableCellRenderer|>,
  <<|java+class:///org/gjt/sp/jedit/gui/DockablePanel|,|java+class:///javax/swing/JPanel|>,2,|java+class:///java/awt/Container|>,
  <<|java+class:///org/gjt/sp/jedit/pluginmgr/ManagePanel/HelpButton|,|java+class:///javax/swing/JButton|>,2,|java+class:///java/awt/Component|>,
  <<|java+class:///org/gjt/sp/jedit/gui/ErrorListDialog|,|java+class:///org/gjt/sp/jedit/gui/EnhancedDialog|>,2,|java+class:///java/awt/Component|>,
  <<|java+class:///org/gjt/sp/jedit/pluginmgr/ManagePanel/TableFocusHandler|,|java+class:///java/awt/event/FocusAdapter|>,2,|java+interface:///java/awt/event/FocusListener|>,
  <<|java+class:///org/gjt/sp/jedit/View|,|java+class:///javax/swing/JFrame|>,2,|java+class:///java/awt/Window|>,
  <<|java+class:///org/gjt/sp/jedit/gui/ActionBar/CompletionPopup|,|java+class:///javax/swing/JWindow|>,2,|java+class:///java/awt/Window|>,
  <<|java+class:///org/gjt/sp/jedit/bsh/BSHArguments|,|java+class:///org/gjt/sp/jedit/bsh/SimpleNode|>,2,|java+interface:///org/gjt/sp/jedit/bsh/Node|>,
  <<|java+class:///org/gjt/sp/jedit/menu/EnhancedMenu|,|java+class:///javax/swing/JMenu|>,2,|java+class:///javax/swing/JMenuItem|>,
  <<|java+class:///org/gjt/sp/jedit/GUIUtilities/SizeSaver|,|java+class:///java/awt/event/ComponentAdapter|>,2,|java+interface:///java/awt/event/ComponentListener|>,
  <<|java+class:///org/gjt/sp/jedit/browser/BrowserIORequest|,|java+class:///org/gjt/sp/util/WorkRequest|>,2,|java+class:///java/lang/Object|>,
  <<|java+class:///org/gjt/sp/jedit/indent/BracketIndentRule|,|java+interface:///org/gjt/sp/jedit/indent/IndentRule|>,2,|java+interface:///org/gjt/sp/jedit/indent/IndentRule|>,
  <<|java+class:///org/gjt/sp/jedit/options/ShortcutsOptionPane/TableMouseHandler|,|java+class:///java/awt/event/MouseAdapter|>,2,|java+interface:///java/awt/event/MouseListener|>,
  <<|java+class:///org/gjt/sp/jedit/options/PluginManagerOptionPane/SingleSelectionModel|,|java+class:///javax/swing/DefaultListSelectionModel|>,2,|java+interface:///javax/swing/ListSelectionModel|>,
  <<|java+class:///org/gjt/sp/jedit/gui/statusbar/SelectionLengthWidgetFactory/SelectionLengthWidget/SelectionLength|,|java+class:///javax/swing/JLabel|>,2,|java+class:///javax/swing/JComponent|>,
  <<|java+class:///org/gjt/sp/jedit/browser/BrowserView|,|java+class:///javax/swing/JPanel|>,2,|java+class:///java/lang/Object|>,
  <<|java+class:///org/gjt/sp/jedit/io/FileVFS|,|java+class:///org/gjt/sp/jedit/io/VFS|>,2,|java+class:///java/lang/Object|>,
  <<|java+class:///org/gjt/sp/jedit/bufferio/BufferInsertRequest|,|java+class:///org/gjt/sp/jedit/bufferio/BufferIORequest|>,2,|java+interface:///java/lang/Runnable|>,
  <<|java+class:///org/gjt/sp/jedit/pluginmgr/PluginManager|,|java+class:///javax/swing/JFrame|>,2,|java+class:///java/awt/Window|>,
  <<|java+class:///org/gjt/sp/jedit/bsh/BSHPrimarySuffix|,|java+class:///org/gjt/sp/jedit/bsh/SimpleNode|>,2,|java+interface:///org/gjt/sp/jedit/bsh/Node|>,
  <<|java+class:///org/gjt/sp/jedit/textarea/TextAreaPainter|,|java+class:///javax/swing/JComponent|>,2,|java+class:///java/lang/Object|>,
  <<|java+class:///org/gjt/sp/jedit/EditServer|,|java+class:///java/lang/Thread|>,2,|java+class:///java/lang/Object|>,
  <<|java+class:///org/gjt/sp/jedit/gui/MarkerViewer/Renderer|,|java+class:///javax/swing/DefaultListCellRenderer|>,2,|java+interface:///javax/swing/ListCellRenderer|>,
  <<|java+class:///org/gjt/sp/jedit/bsh/BSHTernaryExpression|,|java+class:///org/gjt/sp/jedit/bsh/SimpleNode|>,2,|java+interface:///org/gjt/sp/jedit/bsh/Node|>,
  <<|java+class:///org/gjt/sp/jedit/gui/HistoryTextArea|,|java+class:///javax/swing/JTextArea|>,2,|java+class:///javax/swing/text/JTextComponent|>,
  <<|java+interface:///org/gjt/sp/jedit/textarea/StatusListener|,|java+interface:///java/util/EventListener|>,2,|java+class:///java/lang/Object|>,
  <<|java+class:///org/gjt/sp/jedit/gui/DockableWindowManagerImpl/DockableWindowConfig|,|java+class:///org/gjt/sp/jedit/gui/DockableWindowManager/DockingLayout|>,2,|java+class:///java/lang/Object|>,
  <<|java+class:///org/gjt/sp/jedit/textarea/JEditTextArea|,|java+class:///org/gjt/sp/jedit/textarea/TextArea|>,2,|java+class:///java/lang/Object|>,
  <<|java+class:///org/gjt/sp/jedit/pluginmgr/ManagePanel/HelpButton|,|java+class:///javax/swing/JButton|>,2,|java+class:///java/lang/Object|>,
  <<|java+class:///org/gjt/sp/jedit/pluginmgr/ManagePanel/TextRenderer|,|java+class:///javax/swing/table/DefaultTableCellRenderer|>,2,|java+interface:///javax/swing/table/TableCellRenderer|>,
  <<|java+class:///org/gjt/sp/jedit/bufferio/BufferAutosaveRequest|,|java+class:///org/gjt/sp/jedit/bufferio/BufferIORequest|>,2,|java+class:///java/lang/Object|>,
  <<|java+class:///org/gjt/sp/jedit/gui/FilteredTableModel|,|java+class:///javax/swing/table/AbstractTableModel|>,2,|java+interface:///javax/swing/table/TableModel|>,
  <<|java+class:///org/gjt/sp/jedit/options/PluginOptions/NoPluginsPane|,|java+class:///org/gjt/sp/jedit/AbstractOptionPane|>,2,|java+interface:///org/gjt/sp/jedit/OptionPane|>,
  <<|java+class:///org/gjt/sp/jedit/visitors/JEditVisitorAdapter|,|java+interface:///org/gjt/sp/jedit/visitors/JEditVisitor|>,2,|java+interface:///org/gjt/sp/jedit/visitors/JEditVisitor|>,
  <<|java+class:///org/gjt/sp/jedit/JEditBeanShellAction/MyBeanShellFacade|,|java+class:///org/gjt/sp/jedit/BeanShellFacade|>,2,|java+class:///java/lang/Object|>,
  <<|java+class:///org/gjt/sp/jedit/pluginmgr/ManagePanel/RestoreButton|,|java+class:///org/gjt/sp/jedit/gui/RolloverButton|>,2,|java+class:///java/awt/Component|>,
  <<|java+class:///org/gjt/sp/jedit/pluginmgr/InstallPanel/ChoosePluginSet|,|java+class:///org/gjt/sp/jedit/gui/RolloverButton|>,2,|java+class:///java/awt/Component|>,
  <<|java+class:///org/gjt/sp/jedit/AbstractOptionPane|,|java+class:///javax/swing/JPanel|>,2,|java+class:///java/awt/Component|>,
  <<|java+class:///org/gjt/sp/jedit/options/GlobalOptions|,|java+class:///org/gjt/sp/jedit/gui/OptionsDialog|>,2,|java+class:///org/gjt/sp/jedit/gui/EnhancedDialog|>,
  <<|java+class:///org/gjt/sp/jedit/help/HelpTOCPanel/TOCCellRenderer|,|java+class:///javax/swing/tree/DefaultTreeCellRenderer|>,2,|java+class:///java/awt/Component|>,
  <<|java+class:///org/gjt/sp/jedit/bufferio/BufferInsertRequest|,|java+class:///org/gjt/sp/jedit/bufferio/BufferIORequest|>,2,|java+class:///java/lang/Object|>,
  <<|java+class:///org/gjt/sp/jedit/JEditBeanShellAction|,|java+class:///org/gjt/sp/jedit/JEditAbstractEditAction|>,2,|java+class:///java/lang/Object|>,
  <<|java+class:///installer/OperatingSystem/MacOS|,|java+class:///installer/OperatingSystem/Unix|>,2,|java+class:///installer/OperatingSystem|>,
  <<|java+class:///org/gjt/sp/jedit/search/HyperSearchResults/ResultCellRenderer|,|java+class:///javax/swing/tree/DefaultTreeCellRenderer|>,2,|java+class:///java/awt/Component|>,
  <<|java+class:///org/gjt/sp/jedit/search/SearchBar|,|java+class:///javax/swing/JToolBar|>,2,|java+class:///java/awt/Component|>,
  <<|java+class:///org/gjt/sp/jedit/browser/BrowserIORequest|,|java+class:///org/gjt/sp/util/WorkRequest|>,2,|java+interface:///java/lang/Runnable|>,
  <<|java+class:///org/gjt/sp/jedit/pluginmgr/ManagePanel/SaveButton|,|java+class:///org/gjt/sp/jedit/gui/RolloverButton|>,2,|java+class:///java/lang/Object|>,
  <<|java+class:///org/gjt/sp/jedit/ActionListHandler|,|java+class:///org/xml/sax/helpers/DefaultHandler|>,2,|java+class:///java/lang/Object|>,
  <<|java+class:///org/gjt/sp/jedit/options/SyntaxHiliteOptionPane|,|java+class:///org/gjt/sp/jedit/AbstractOptionPane|>,2,|java+class:///java/awt/Component|>,
  <<|java+class:///org/gjt/sp/jedit/browser/VFSBrowser/VFSFileFilterRenderer|,|java+class:///javax/swing/DefaultListCellRenderer|>,2,|java+class:///java/awt/Component|>,
  <<|java+class:///org/gjt/sp/jedit/bufferio/BufferAutosaveRequest|,|java+class:///org/gjt/sp/jedit/bufferio/BufferIORequest|>,2,|java+interface:///java/lang/Runnable|>,
  <<|java+class:///org/gjt/sp/jedit/bsh/BSHIfStatement|,|java+class:///org/gjt/sp/jedit/bsh/SimpleNode|>,2,|java+interface:///org/gjt/sp/jedit/bsh/Node|>,
  <<|java+class:///org/gjt/sp/jedit/options/ToolBarOptionPane/ButtonCellRenderer|,|java+class:///javax/swing/DefaultListCellRenderer|>,2,|java+interface:///javax/swing/ListCellRenderer|>,
  <<|java+class:///org/gjt/sp/jedit/syntax/DisplayTokenHandler|,|java+class:///org/gjt/sp/jedit/syntax/DefaultTokenHandler|>,2,|java+interface:///org/gjt/sp/jedit/syntax/TokenHandler|>,
  <<|java+class:///org/gjt/sp/jedit/textarea/TextAreaTransferHandler|,|java+class:///javax/swing/TransferHandler|>,2,|java+class:///java/lang/Object|>,
  <<|java+class:///org/gjt/sp/jedit/bsh/BSHWhileStatement|,|java+class:///org/gjt/sp/jedit/bsh/SimpleNode|>,2,|java+interface:///org/gjt/sp/jedit/bsh/Node|>,
  <<|java+class:///org/gjt/sp/jedit/gui/statusbar/ErrorsWidgetFactory/ErrorDialog|,|java+class:///org/gjt/sp/jedit/gui/EnhancedDialog|>,2,|java+class:///java/awt/Window|>,
  <<|java+class:///org/gjt/sp/jedit/gui/GrabKeyDialog|,|java+class:///javax/swing/JDialog|>,2,|java+class:///java/awt/Component|>,
  <<|java+class:///org/gjt/sp/jedit/gui/RegisterViewer/Renderer|,|java+class:///javax/swing/DefaultListCellRenderer|>,2,|java+interface:///javax/swing/ListCellRenderer|>,
  <<|java+class:///org/gjt/sp/jedit/pluginmgr/InstallPanel/PluginTableModel|,|java+class:///javax/swing/table/AbstractTableModel|>,2,|java+interface:///javax/swing/table/TableModel|>,
  <<|java+class:///org/gjt/sp/jedit/msg/BufferChanging|,|java+class:///org/gjt/sp/jedit/msg/PositionChanging|>,2,|java+class:///org/gjt/sp/jedit/EBMessage|>,
  <<|java+class:///org/gjt/sp/jedit/View|,|java+class:///javax/swing/JFrame|>,2,|java+class:///java/awt/Component|>,
  <<|java+class:///org/gjt/sp/jedit/pluginmgr/ManagePanel/FindOrphan|,|java+class:///javax/swing/JButton|>,2,|java+class:///java/lang/Object|>,
  <<|java+class:///org/gjt/sp/jedit/pluginmgr/ManagePanel|,|java+class:///javax/swing/JPanel|>,2,|java+class:///java/lang/Object|>,
  <<|java+class:///org/gjt/sp/jedit/msg/EditPaneUpdate|,|java+class:///org/gjt/sp/jedit/EBMessage|>,2,|java+class:///org/gjt/sp/jedit/EBMessage|>,
  <<|java+class:///org/gjt/sp/jedit/bsh/classpath/DiscreteFilesClassLoader|,|java+class:///org/gjt/sp/jedit/bsh/classpath/BshClassLoader|>,2,|java+class:///java/lang/ClassLoader|>,
  <<|java+class:///org/gjt/sp/jedit/gui/IOProgressMonitor|,|java+class:///javax/swing/JPanel|>,2,|java+class:///java/awt/Component|>,
  <<|java+class:///org/gjt/sp/jedit/bsh/BSHLiteral|,|java+class:///org/gjt/sp/jedit/bsh/SimpleNode|>,2,|java+interface:///org/gjt/sp/jedit/bsh/Node|>,
  <<|java+class:///org/gjt/sp/util/WorkThread|,|java+class:///java/lang/Thread|>,2,|java+class:///java/lang/Object|>,
  <<|java+class:///org/gjt/sp/jedit/textarea/Gutter/MouseHandler|,|java+class:///javax/swing/event/MouseInputAdapter|>,2,|java+interface:///java/awt/event/MouseListener|>,
  <<|java+class:///org/gjt/sp/jedit/options/AbbrevsOptionPane/TableMouseHandler|,|java+class:///java/awt/event/MouseAdapter|>,2,|java+interface:///java/awt/event/MouseListener|>,
  <<|java+class:///org/gjt/sp/jedit/search/SearchBar|,|java+class:///javax/swing/JToolBar|>,2,|java+class:///java/lang/Object|>,
  <<|java+class:///org/gjt/sp/util/WorkRequest|,|java+interface:///java/lang/Runnable|>,2,|java+interface:///java/lang/Runnable|>,
  <<|java+class:///org/gjt/sp/jedit/pluginmgr/ManagePanel/SaveButton|,|java+class:///org/gjt/sp/jedit/gui/RolloverButton|>,2,|java+class:///java/awt/Component|>,
  <<|java+class:///org/gjt/sp/jedit/bufferset/BufferSetAdapter|,|java+interface:///org/gjt/sp/jedit/bufferset/BufferSetListener|>,2,|java+interface:///org/gjt/sp/jedit/bufferset/BufferSetListener|>,
  <<|java+class:///org/gjt/sp/jedit/EditAction|,|java+class:///org/gjt/sp/jedit/JEditAbstractEditAction|>,2,|java+class:///java/lang/Object|>,
  <<|java+class:///org/gjt/sp/jedit/bsh/SimpleNode|,|java+interface:///org/gjt/sp/jedit/bsh/Node|>,2,|java+interface:///org/gjt/sp/jedit/bsh/Node|>,
  <<|java+class:///org/gjt/sp/jedit/pluginmgr/PluginManager|,|java+class:///javax/swing/JFrame|>,2,|java+class:///java/awt/Component|>,
  <<|java+class:///org/gjt/sp/jedit/msg/BufferChanging|,|java+class:///org/gjt/sp/jedit/msg/PositionChanging|>,2,|java+class:///java/lang/Object|>,
  <<|java+class:///org/gjt/sp/jedit/bsh/CommandLineReader|,|java+class:///java/io/FilterReader|>,2,|java+class:///java/io/Reader|>,
  <<|java+class:///org/gjt/sp/jedit/bsh/BSHReturnType|,|java+class:///org/gjt/sp/jedit/bsh/SimpleNode|>,2,|java+class:///java/lang/Object|>,
  <<|java+class:///org/gjt/sp/jedit/gui/BufferSwitcher/BufferCellRenderer|,|java+class:///javax/swing/DefaultListCellRenderer|>,2,|java+class:///java/awt/Component|>,
  <<|java+class:///org/gjt/sp/jedit/bsh/BSHFormalComment|,|java+class:///org/gjt/sp/jedit/bsh/SimpleNode|>,2,|java+interface:///org/gjt/sp/jedit/bsh/Node|>,
  <<|java+class:///org/gjt/sp/jedit/pluginmgr/ManagePanel|,|java+class:///javax/swing/JPanel|>,2,|java+class:///java/awt/Component|>,
  <<|java+class:///org/gjt/sp/jedit/options/BrowserColorsModel|,|java+class:///javax/swing/table/AbstractTableModel|>,2,|java+interface:///javax/swing/table/TableModel|>,
  <<|java+class:///org/gjt/sp/jedit/msg/EditPaneUpdate|,|java+class:///org/gjt/sp/jedit/EBMessage|>,2,|java+class:///java/lang/Object|>,
  <<|java+class:///org/gjt/sp/jedit/options/StatusBarOptionPane|,|java+class:///org/gjt/sp/jedit/AbstractOptionPane|>,2,|java+class:///java/awt/Component|>,
  <<|java+class:///org/gjt/sp/jedit/io/CopyFileWorker|,|java+class:///org/gjt/sp/util/WorkRequest|>,2,|java+interface:///org/gjt/sp/util/ProgressObserver|>,
  <<|java+class:///org/gjt/sp/jedit/bufferset/BufferSetManager/BufferSetClosed|,|java+class:///org/gjt/sp/jedit/bufferset/BufferSetAdapter|>,2,|java+class:///java/lang/Object|>,
  <<|java+class:///de/masters_of_disaster/ant/tasks/deb/Deb|,|java+class:///org/apache/tools/ant/taskdefs/MatchingTask|>,2,|java+class:///org/apache/tools/ant/Task|>,
  <<|java+class:///org/gjt/sp/jedit/View|,|java+class:///javax/swing/JFrame|>,2,|java+class:///java/lang/Object|>,
  <<|java+class:///org/gjt/sp/jedit/bsh/BSHEnhancedForStatement|,|java+class:///org/gjt/sp/jedit/bsh/SimpleNode|>,2,|java+interface:///org/gjt/sp/jedit/bsh/Node|>,
  <<|java+class:///org/gjt/sp/jedit/pluginmgr/ManagePanel/FindOrphan|,|java+class:///javax/swing/JButton|>,2,|java+class:///java/awt/Component|>,
  <<|java+class:///org/gjt/sp/jedit/textarea/FirstLine|,|java+class:///org/gjt/sp/jedit/textarea/Anchor|>,2,|java+class:///java/lang/Object|>,
  <<|java+class:///org/gjt/sp/jedit/gui/statusbar/ErrorsWidgetFactory/ErrorHighlight/MyMouseAdapter|,|java+class:///java/awt/event/MouseAdapter|>,2,|java+interface:///java/awt/event/MouseListener|>,
  <<|java+class:///org/gjt/sp/jedit/search/SearchDialog|,|java+class:///org/gjt/sp/jedit/gui/EnhancedDialog|>,2,|java+class:///java/awt/Window|>,
  <<|java+class:///org/gjt/sp/jedit/options/PluginManagerOptionPane|,|java+class:///org/gjt/sp/jedit/AbstractOptionPane|>,2,|java+class:///java/awt/Component|>,
  <<|java+class:///org/gjt/sp/jedit/gui/statusbar/MemoryStatusWidgetFactory/MemoryStatus/MouseHandler|,|java+class:///java/awt/event/MouseAdapter|>,2,|java+interface:///java/awt/event/MouseListener|>,
  <<|java+class:///org/gjt/sp/jedit/bsh/BSHFormalParameters|,|java+class:///org/gjt/sp/jedit/bsh/SimpleNode|>,2,|java+interface:///org/gjt/sp/jedit/bsh/Node|>,
  <<|java+class:///org/gjt/sp/jedit/options/SyntaxHiliteOptionPane/StyleTableModel|,|java+class:///javax/swing/table/AbstractTableModel|>,2,|java+interface:///javax/swing/table/TableModel|>,
  <<|java+class:///org/gjt/sp/jedit/textarea/Gutter|,|java+class:///javax/swing/JComponent|>,2,|java+class:///java/lang/Object|>,
  <<|java+class:///org/gjt/sp/jedit/pluginmgr/InstallPanel/SelectallButton|,|java+class:///javax/swing/JCheckBox|>,2,|java+class:///java/awt/Component|>,
  <<|java+class:///org/gjt/sp/jedit/bsh/BSHBlock|,|java+class:///org/gjt/sp/jedit/bsh/SimpleNode|>,2,|java+interface:///org/gjt/sp/jedit/bsh/Node|>,
  <<|java+class:///org/gjt/sp/jedit/textarea/JEditTextArea|,|java+class:///org/gjt/sp/jedit/textarea/TextArea|>,2,|java+class:///javax/swing/JComponent|>,
  <<|java+class:///org/gjt/sp/jedit/pluginmgr/InstallPanel/PluginInfoBox|,|java+class:///javax/swing/JTextPane|>,2,|java+class:///java/awt/Component|>,
  <<|java+class:///org/gjt/sp/jedit/bsh/BSHBinaryExpression|,|java+class:///org/gjt/sp/jedit/bsh/SimpleNode|>,2,|java+interface:///org/gjt/sp/jedit/bsh/Node|>,
  <<|java+class:///org/gjt/sp/jedit/options/PluginManagerOptionPane/UpdateMirrorsThread|,|java+class:///org/gjt/sp/util/WorkRequest|>,2,|java+class:///java/lang/Object|>,
  <<|java+class:///org/gjt/sp/jedit/menu/EnhancedCheckBoxMenuItem/MouseHandler|,|java+class:///java/awt/event/MouseAdapter|>,2,|java+interface:///java/awt/event/MouseListener|>,
  <<|java+class:///org/gjt/sp/jedit/Buffer|,|java+class:///org/gjt/sp/jedit/buffer/JEditBuffer|>,2,|java+class:///java/lang/Object|>,
  <<|java+class:///org/gjt/sp/jedit/options/SyntaxHiliteOptionPane/StyleTableModel/StyleRenderer|,|java+class:///javax/swing/JLabel|>,2,|java+class:///java/awt/Component|>,
  <<|java+class:///org/gjt/sp/jedit/pluginmgr/InstallPanel/TableFocusHandler|,|java+class:///java/awt/event/FocusAdapter|>,2,|java+interface:///java/awt/event/FocusListener|>,
  <<|java+class:///org/gjt/sp/jedit/syntax/XModeHandler|,|java+class:///org/xml/sax/helpers/DefaultHandler|>,2,|java+class:///java/lang/Object|>,
  <<|java+class:///org/gjt/sp/jedit/browser/VFSFileNameField|,|java+class:///org/gjt/sp/jedit/gui/HistoryTextField|>,2,|java+class:///javax/swing/JComponent|>,
  <<|java+class:///org/gjt/sp/jedit/gui/SplashScreen|,|java+class:///javax/swing/JComponent|>,2,|java+class:///java/lang/Object|>,
  <<|java+class:///org/gjt/sp/jedit/gui/AboutDialog/AboutPanel|,|java+class:///javax/swing/JComponent|>,2,|java+class:///java/awt/Component|>,
  <<|java+class:///org/gjt/sp/jedit/options/WindowTableModel|,|java+class:///javax/swing/table/AbstractTableModel|>,2,|java+interface:///javax/swing/table/TableModel|>,
  <<|java+class:///org/gjt/sp/jedit/textarea/TextArea|,|java+class:///javax/swing/JComponent|>,2,|java+class:///java/awt/Component|>,
  <<|java+class:///org/gjt/sp/jedit/textarea/TextAreaTransferHandler/DraggedURLLoader|,|java+class:///org/gjt/sp/util/WorkRequest|>,2,|java+interface:///java/lang/Runnable|>,
  <<|java+class:///org/gjt/sp/jedit/bsh/BSHType|,|java+class:///org/gjt/sp/jedit/bsh/SimpleNode|>,2,|java+interface:///org/gjt/sp/jedit/bsh/Node|>,
  <<|java+class:///org/gjt/sp/jedit/gui/GrabKeyDialog/InputPane|,|java+class:///javax/swing/JTextField|>,2,|java+class:///java/awt/Component|>,
  <<|java+class:///org/gjt/sp/jedit/options/ToolBarOptionPane|,|java+class:///org/gjt/sp/jedit/AbstractOptionPane|>,2,|java+class:///java/awt/Component|>,
  <<|java+class:///org/gjt/sp/jedit/browser/BrowserView/ParentMouseHandler|,|java+class:///java/awt/event/MouseAdapter|>,2,|java+interface:///java/awt/event/MouseListener|>,
  <<|java+class:///org/gjt/sp/jedit/gui/statusbar/ErrorsWidgetFactory/ErrorHighlight|,|java+class:///javax/swing/JLabel|>,2,|java+class:///java/awt/Component|>,
  <<|java+class:///org/gjt/sp/jedit/gui/CompletionPopup/MouseHandler|,|java+class:///java/awt/event/MouseAdapter|>,2,|java+interface:///java/awt/event/MouseListener|>,
  <<|java+class:///org/gjt/sp/jedit/search/HyperSearchResults/RedoSearchAction|,|java+class:///javax/swing/AbstractAction|>,2,|java+interface:///javax/swing/Action|>,
  <<|java+class:///org/gjt/sp/jedit/gui/RolloverButton|,|java+class:///javax/swing/JButton|>,2,|java+class:///java/lang/Object|>,
  <<|java+class:///org/gjt/sp/jedit/gui/PasteFromListDialog/Renderer|,|java+class:///javax/swing/DefaultListCellRenderer|>,2,|java+interface:///javax/swing/ListCellRenderer|>,
  <<|java+class:///org/gjt/sp/jedit/browser/VFSBrowser/CommandsMenuButton/MouseHandler|,|java+class:///java/awt/event/MouseAdapter|>,2,|java+interface:///java/awt/event/MouseListener|>,
  <<|java+class:///org/gjt/sp/jedit/search/SearchDialog|,|java+class:///org/gjt/sp/jedit/gui/EnhancedDialog|>,2,|java+class:///java/awt/Dialog|>,
  <<|java+class:///org/gjt/sp/jedit/search/AllBufferSet|,|java+class:///org/gjt/sp/jedit/search/BufferListSet|>,2,|java+class:///java/lang/Object|>,
  <<|java+class:///org/gjt/sp/jedit/jEdit/MyFocusManager|,|java+class:///java/awt/DefaultKeyboardFocusManager|>,2,|java+class:///java/awt/KeyboardFocusManager|>,
  <<|java+class:///org/gjt/sp/jedit/View|,|java+class:///javax/swing/JFrame|>,2,|java+class:///java/awt/Frame|>,
  <<|java+class:///installer/OperatingSystem/Unix|,|java+class:///installer/OperatingSystem|>,2,|java+class:///installer/OperatingSystem|>,
  <<|java+class:///org/gjt/sp/jedit/bsh/BSHSwitchLabel|,|java+class:///org/gjt/sp/jedit/bsh/SimpleNode|>,2,|java+class:///java/lang/Object|>,
  <<|java+class:///org/gjt/sp/jedit/bufferset/BufferSetManager/BufferSetClosed|,|java+class:///org/gjt/sp/jedit/bufferset/BufferSetAdapter|>,2,|java+interface:///org/gjt/sp/jedit/bufferset/BufferSetListener|>,
  <<|java+class:///org/gjt/sp/jedit/gui/EditAbbrevDialog/KeyHandler|,|java+class:///java/awt/event/KeyAdapter|>,2,|java+interface:///java/awt/event/KeyListener|>,
  <<|java+class:///org/gjt/sp/jedit/help/HelpSearchPanel/ResultRenderer|,|java+class:///javax/swing/DefaultListCellRenderer|>,2,|java+class:///java/awt/Component|>,
  <<|java+class:///org/gjt/sp/jedit/menu/EnhancedCheckBoxMenuItem|,|java+class:///javax/swing/JCheckBoxMenuItem|>,2,|java+class:///javax/swing/JMenuItem|>,
  <<|java+class:///org/gjt/sp/util/WorkRequest|,|java+interface:///org/gjt/sp/util/ProgressObserver|>,2,|java+interface:///org/gjt/sp/util/ProgressObserver|>,
  <<|java+class:///org/gjt/sp/jedit/gui/SelectLineRange|,|java+class:///org/gjt/sp/jedit/gui/EnhancedDialog|>,2,|java+class:///java/awt/Window|>,
  <<|java+class:///org/gjt/sp/jedit/search/HyperSearchResults|,|java+class:///javax/swing/JPanel|>,2,|java+class:///javax/swing/JComponent|>,
  <<|java+class:///org/gjt/sp/jedit/Buffer/TokenList|,|java+class:///org/gjt/sp/jedit/syntax/DefaultTokenHandler|>,2,|java+interface:///org/gjt/sp/jedit/syntax/TokenHandler|>,
  <<|java+class:///org/gjt/sp/jedit/bsh/BSHCastExpression|,|java+class:///org/gjt/sp/jedit/bsh/SimpleNode|>,2,|java+interface:///org/gjt/sp/jedit/bsh/Node|>,
  <<|java+class:///org/gjt/sp/jedit/textarea/TextAreaDropHandler|,|java+class:///java/awt/dnd/DropTargetAdapter|>,2,|java+class:///java/lang/Object|>,
  <<|java+class:///org/gjt/sp/jedit/browser/VFSBrowser/FavoritesMenuButton|,|java+class:///org/gjt/sp/jedit/gui/RolloverButton|>,2,|java+class:///java/awt/Component|>,
  <<|java+class:///org/gjt/sp/jedit/pluginmgr/PluginManager|,|java+class:///javax/swing/JFrame|>,2,|java+class:///java/awt/Frame|>,
  <<|java+class:///org/gjt/sp/jedit/gui/OptionsDialog|,|java+class:///org/gjt/sp/jedit/gui/EnhancedDialog|>,2,|java+class:///org/gjt/sp/jedit/gui/EnhancedDialog|>,
  <<|java+class:///org/gjt/sp/jedit/EditPane|,|java+class:///javax/swing/JPanel|>,2,|java+class:///java/awt/Container|>,
  <<|java+class:///org/gjt/sp/jedit/search/HyperSearchResults/GoToNodeAction|,|java+class:///javax/swing/AbstractAction|>,2,|java+interface:///javax/swing/Action|>,
  <<|java+class:///org/gjt/sp/jedit/textarea/Gutter|,|java+class:///javax/swing/JComponent|>,2,|java+class:///java/awt/Component|>,
  <<|java+class:///org/gjt/sp/jedit/JARClassLoader|,|java+class:///java/lang/ClassLoader|>,2,|java+class:///java/lang/Object|>,
  <<|java+class:///org/gjt/sp/jedit/bufferio/BufferIORequest|,|java+class:///org/gjt/sp/util/WorkRequest|>,2,|java+class:///java/lang/Object|>,
  <<|java+class:///org/gjt/sp/jedit/JEditMode|,|java+class:///org/gjt/sp/jedit/Mode|>,2,|java+class:///java/lang/Object|>,
  <<|java+class:///org/gjt/sp/jedit/search/HyperSearchResults/RemoveTreeNodeAction|,|java+class:///javax/swing/AbstractAction|>,2,|java+interface:///javax/swing/Action|>,
  <<|java+class:///org/gjt/sp/jedit/gui/AboutDialog/AboutPanel|,|java+class:///javax/swing/JComponent|>,2,|java+class:///java/lang/Object|>,
  <<|java+class:///org/gjt/sp/jedit/gui/RolloverButton|,|java+class:///javax/swing/JButton|>,2,|java+class:///java/awt/Component|>,
  <<|java+class:///org/gjt/sp/jedit/search/HyperSearchResults/CollapseChildTreeNodesAction|,|java+class:///javax/swing/AbstractAction|>,2,|java+interface:///javax/swing/Action|>,
  <<|java+class:///org/gjt/sp/jedit/pluginmgr/InstallPanel/HeaderRenderer|,|java+class:///javax/swing/table/DefaultTableCellRenderer|>,2,|java+interface:///javax/swing/table/TableCellRenderer|>,
  <<|java+class:///org/gjt/sp/jedit/textarea/TextArea|,|java+class:///javax/swing/JComponent|>,2,|java+class:///java/lang/Object|>,
  <<|java+class:///org/gjt/sp/jedit/pluginmgr/InstallPanel/TextRenderer|,|java+class:///javax/swing/table/DefaultTableCellRenderer|>,2,|java+interface:///javax/swing/table/TableCellRenderer|>,
  <<|java+class:///org/gjt/sp/jedit/BeanShellAction|,|java+class:///org/gjt/sp/jedit/EditAction|>,2,|java+class:///java/lang/Object|>,
  <<|java+class:///de/masters_of_disaster/ant/tasks/ar/Ar|,|java+class:///org/apache/tools/ant/taskdefs/MatchingTask|>,2,|java+class:///org/apache/tools/ant/Task|>,
  <<|java+interface:///org/gjt/sp/util/WorkThreadProgressListener|,|java+interface:///java/util/EventListener|>,2,|java+class:///java/lang/Object|>,
  <<|java+class:///org/gjt/sp/jedit/SettingsXML/Saver|,|java+class:///java/io/BufferedWriter|>,2,|java+class:///java/io/Writer|>,
  <<|java+class:///org/gjt/sp/jedit/gui/SplashScreen|,|java+class:///javax/swing/JComponent|>,2,|java+class:///java/awt/Component|>,
  <<|java+class:///org/gjt/sp/jedit/bsh/BSHAllocationExpression|,|java+class:///org/gjt/sp/jedit/bsh/SimpleNode|>,2,|java+interface:///org/gjt/sp/jedit/bsh/Node|>,
  <<|java+class:///org/gjt/sp/jedit/gui/HistoryTextField/HistoryBorder|,|java+class:///javax/swing/border/AbstractBorder|>,2,|java+interface:///javax/swing/border/Border|>
}