{
  <<|java+class:///jparse/stmt/EmptyAST|,|java+class:///jparse/stmt/StatementAST|>,2,|java+interface:///antlr/collections/AST|>,
  <<|java+class:///jparse/expr/ListAST|,|java+class:///jparse/expr/ExpressionAST|>,2,|java+interface:///antlr/collections/AST|>,
  <<|java+class:///jparse/expr/ParenthesizedAST|,|java+class:///jparse/expr/ExpressionAST|>,2,|java+interface:///antlr/collections/AST|>,
  <<|java+class:///jparse/expr/ExpressionAST|,|java+class:///jparse/JavaAST|>,2,|java+class:///java/lang/Object|>,
  <<|java+class:///jparse/stmt/ContinueAST|,|java+class:///jparse/stmt/StatementAST|>,2,|java+interface:///antlr/collections/AST|>,
  <<|java+class:///jparse/expr/IndexAST|,|java+class:///jparse/expr/ExpressionAST|>,2,|java+interface:///antlr/collections/AST|>,
  <<|java+class:///jparse/expr/BooleanLiteralAST|,|java+class:///jparse/expr/ExpressionAST|>,2,|java+interface:///antlr/collections/AST|>,
  <<|java+class:///jparse/expr/ArrayInitAST|,|java+class:///jparse/expr/ExpressionAST|>,2,|java+interface:///antlr/collections/AST|>,
  <<|java+class:///jparse/stmt/DeclarationAST|,|java+class:///jparse/stmt/StatementAST|>,2,|java+interface:///jparse/HasExceptions|>,
  <<|java+class:///jparse/ParameterAST|,|java+class:///jparse/JavaAST|>,2,|java+interface:///antlr/collections/AST|>,
  <<|java+class:///jparse/expr/ShiftAST|,|java+class:///jparse/expr/ExpressionAST|>,2,|java+interface:///antlr/collections/AST|>,
  <<|java+class:///jparse/expr/InitializerAST|,|java+class:///jparse/expr/ExpressionAST|>,2,|java+interface:///antlr/collections/AST|>,
  <<|java+class:///jparse/TypeAST|,|java+class:///jparse/JavaAST|>,2,|java+interface:///antlr/collections/AST|>,
  <<|java+class:///jparse/expr/UnaryArithAST|,|java+class:///jparse/expr/ExpressionAST|>,2,|java+interface:///antlr/collections/AST|>,
  <<|java+class:///jparse/stmt/CompoundAST|,|java+class:///jparse/stmt/StatementAST|>,2,|java+interface:///antlr/collections/AST|>,
  <<|java+class:///jparse/ModifierAST|,|java+class:///jparse/JavaAST|>,2,|java+interface:///antlr/collections/AST|>,
  <<|java+class:///jparse/SourceType|,|java+class:///jparse/Type|>,2,|java+class:///java/lang/Object|>,
  <<|java+class:///jparse/expr/StringLiteralAST|,|java+class:///jparse/expr/ExpressionAST|>,2,|java+interface:///antlr/collections/AST|>,
  <<|java+class:///jparse/stmt/ReturnAST|,|java+class:///jparse/stmt/StatementAST|>,2,|java+interface:///antlr/collections/AST|>,
  <<|java+class:///jparse/FileAST|,|java+class:///jparse/JavaAST|>,2,|java+class:///java/lang/Object|>,
  <<|java+class:///jparse/stmt/WhileAST|,|java+class:///jparse/stmt/StatementAST|>,2,|java+interface:///antlr/collections/AST|>,
  <<|java+class:///jparse/expr/ThisLiteralAST|,|java+class:///jparse/expr/IdentifierAST|>,2,|java+interface:///antlr/collections/AST|>,
  <<|java+class:///jparse/JavaAST|,|java+class:///antlr/CommonASTWithHiddenTokens|>,2,|java+interface:///antlr/collections/AST|>,
  <<|java+class:///jparse/expr/NewAST|,|java+class:///jparse/expr/ExpressionAST|>,2,|java+interface:///antlr/collections/AST|>,
  <<|java+class:///jparse/stmt/SwitchAST|,|java+class:///jparse/stmt/StatementAST|>,2,|java+class:///jparse/JavaAST|>,
  <<|java+class:///jparse/stmt/CaseGroupAST|,|java+class:///jparse/stmt/StatementAST|>,2,|java+interface:///antlr/collections/AST|>,
  <<|java+class:///jparse/expr/TypecastAST|,|java+class:///jparse/expr/ExpressionAST|>,2,|java+interface:///antlr/collections/AST|>,
  <<|java+class:///jparse/stmt/StatementAST|,|java+class:///jparse/JavaAST|>,2,|java+class:///java/lang/Object|>,
  <<|java+class:///jparse/expr/IdentifierAST|,|java+class:///jparse/expr/ExpressionAST|>,2,|java+class:///jparse/JavaAST|>,
  <<|java+class:///jparse/expr/FloatLiteralAST|,|java+class:///jparse/expr/ExpressionAST|>,2,|java+interface:///antlr/collections/AST|>,
  <<|java+class:///jparse/expr/ExpressionAST|,|java+class:///jparse/JavaAST|>,2,|java+class:///jparse/JavaAST|>,
  <<|java+class:///jparse/expr/CharLiteralAST|,|java+class:///jparse/expr/ExpressionAST|>,2,|java+interface:///antlr/collections/AST|>,
  <<|java+class:///jparse/expr/VarAST|,|java+class:///jparse/expr/IdentifierAST|>,2,|java+interface:///antlr/collections/AST|>,
  <<|java+class:///jparse/ConstrAST|,|java+class:///jparse/JavaAST|>,2,|java+interface:///antlr/collections/AST|>,
  <<|java+class:///jparse/expr/ListAST|,|java+class:///jparse/expr/ExpressionAST|>,2,|java+interface:///jparse/HasExceptions|>,
  <<|java+class:///jparse/expr/TypeAST|,|java+class:///jparse/expr/IdentifierAST|>,2,|java+class:///jparse/JavaAST|>,
  <<|java+class:///jparse/stmt/StatementAST|,|java+class:///jparse/JavaAST|>,2,|java+class:///jparse/JavaAST|>,
  <<|java+class:///jparse/expr/AssignAST|,|java+class:///jparse/expr/ExpressionAST|>,2,|java+interface:///antlr/collections/AST|>,
  <<|java+class:///jparse/expr/IdentifierAST|,|java+class:///jparse/expr/ExpressionAST|>,2,|java+class:///java/lang/Object|>,
  <<|java+class:///jparse/stmt/ForAST|,|java+class:///jparse/stmt/StatementAST|>,2,|java+interface:///antlr/collections/AST|>,
  <<|java+class:///jparse/stmt/ThrowAST|,|java+class:///jparse/stmt/StatementAST|>,2,|java+interface:///antlr/collections/AST|>,
  <<|java+class:///jparse/stmt/AssertAST|,|java+class:///jparse/stmt/StatementAST|>,2,|java+interface:///antlr/collections/AST|>,
  <<|java+class:///jparse/MethAST|,|java+class:///jparse/JavaAST|>,2,|java+interface:///antlr/collections/AST|>,
  <<|java+class:///jparse/stmt/DoWhileAST|,|java+class:///jparse/stmt/StatementAST|>,2,|java+interface:///antlr/collections/AST|>,
  <<|java+class:///jparse/expr/VarAST|,|java+class:///jparse/expr/IdentifierAST|>,2,|java+class:///java/lang/Object|>,
  <<|java+class:///jparse/expr/BitwiseAST|,|java+class:///jparse/expr/ExpressionAST|>,2,|java+interface:///antlr/collections/AST|>,
  <<|java+class:///jparse/stmt/DoWhileAST|,|java+class:///jparse/stmt/StatementAST|>,2,|java+class:///jparse/JavaAST|>,
  <<|java+class:///jparse/stmt/ForAST|,|java+class:///jparse/stmt/StatementAST|>,2,|java+class:///jparse/JavaAST|>,
  <<|java+class:///jparse/expr/TypeAST|,|java+class:///jparse/expr/IdentifierAST|>,2,|java+interface:///antlr/collections/AST|>,
  <<|java+class:///jparse/stmt/StatementAST|,|java+class:///jparse/JavaAST|>,2,|java+interface:///antlr/collections/AST|>,
  <<|java+class:///jparse/stmt/DeclarationAST|,|java+class:///jparse/stmt/StatementAST|>,2,|java+interface:///antlr/collections/AST|>,
  <<|java+interface:///jparse/Method|,|java+interface:///jparse/HasExceptions|>,2,|java+class:///java/lang/Object|>,
  <<|java+class:///jparse/stmt/TryAST|,|java+class:///jparse/stmt/StatementAST|>,2,|java+interface:///antlr/collections/AST|>,
  <<|java+class:///jparse/stmt/CatchAST|,|java+class:///jparse/stmt/StatementAST|>,2,|java+interface:///antlr/collections/AST|>,
  <<|java+class:///jparse/expr/ExpressionAST|,|java+class:///jparse/JavaAST|>,2,|java+interface:///antlr/collections/AST|>,
  <<|java+class:///jparse/expr/ArithmeticAST|,|java+class:///jparse/expr/ExpressionAST|>,2,|java+interface:///antlr/collections/AST|>,
  <<|java+class:///jparse/expr/NumLiteralAST|,|java+class:///jparse/expr/ExpressionAST|>,2,|java+interface:///antlr/collections/AST|>,
  <<|java+class:///jparse/expr/IdentifierAST|,|java+class:///jparse/expr/ExpressionAST|>,2,|java+interface:///antlr/collections/AST|>,
  <<|java+class:///jparse/stmt/BreakAST|,|java+class:///jparse/stmt/StatementAST|>,2,|java+interface:///antlr/collections/AST|>,
  <<|java+class:///jparse/stmt/SwitchAST|,|java+class:///jparse/stmt/StatementAST|>,2,|java+interface:///antlr/collections/AST|>,
  <<|java+class:///jparse/stmt/SynchronizedAST|,|java+class:///jparse/stmt/StatementAST|>,2,|java+interface:///antlr/collections/AST|>,
  <<|java+class:///jparse/stmt/LabelAST|,|java+class:///jparse/stmt/StatementAST|>,2,|java+interface:///antlr/collections/AST|>,
  <<|java+class:///jparse/stmt/StatementAST|,|java+interface:///jparse/HasExceptions|>,2,|java+interface:///jparse/HasExceptions|>,
  <<|java+class:///jparse/stmt/WhileAST|,|java+class:///jparse/stmt/StatementAST|>,2,|java+class:///jparse/JavaAST|>,
  <<|java+class:///jparse/stmt/ClassAST|,|java+class:///jparse/stmt/StatementAST|>,2,|java+interface:///antlr/collections/AST|>,
  <<|java+class:///jparse/expr/ConditionalAST|,|java+class:///jparse/expr/ExpressionAST|>,2,|java+interface:///antlr/collections/AST|>,
  <<|java+class:///jparse/stmt/CompoundAST|,|java+class:///jparse/stmt/StatementAST|>,2,|java+class:///jparse/JavaAST|>,
  <<|java+class:///jparse/stmt/ExpressionAST|,|java+class:///jparse/stmt/StatementAST|>,2,|java+interface:///antlr/collections/AST|>,
  <<|java+class:///jparse/JavaAST|,|java+class:///antlr/CommonASTWithHiddenTokens|>,2,|java+class:///java/lang/Object|>,
  <<|java+class:///jparse/stmt/CaseGroupAST|,|java+class:///jparse/stmt/StatementAST|>,2,|java+class:///java/lang/Object|>,
  <<|java+class:///jparse/expr/MethodCallAST|,|java+class:///jparse/expr/ExpressionAST|>,2,|java+interface:///antlr/collections/AST|>,
  <<|java+class:///jparse/expr/BooleanAST|,|java+class:///jparse/expr/ExpressionAST|>,2,|java+interface:///antlr/collections/AST|>,
  <<|java+class:///jparse/stmt/IfElseAST|,|java+class:///jparse/stmt/StatementAST|>,2,|java+interface:///antlr/collections/AST|>,
  <<|java+class:///jparse/expr/ExpressionAST|,|java+interface:///jparse/HasExceptions|>,2,|java+interface:///jparse/HasExceptions|>,
  <<|java+class:///jparse/FileAST|,|java+class:///jparse/JavaAST|>,2,|java+interface:///antlr/collections/AST|>,
  <<|java+class:///jparse/expr/NullLiteralAST|,|java+class:///jparse/expr/ExpressionAST|>,2,|java+interface:///antlr/collections/AST|>
}