[
  <<|java+class:///jparse/TypeAST|,|java+class:///jparse/JavaAST|>,220,<|java+field:///jparse/JavaAST/symTable|,|java+constructor:///jparse/TypeAST/TypeAST(java.lang.String)|>>,
  <<|java+class:///jparse/TypeAST|,|java+class:///jparse/JavaAST|>,220,<|java+method:///jparse/JavaAST/parseComplete()|,|java+method:///jparse/TypeAST/parseComplete()|>>,
  <<|java+class:///jparse/TypeAST|,|java+class:///jparse/JavaAST|>,220,<|java+field:///jparse/JavaAST/context|,|java+method:///jparse/TypeAST/parseComplete()|>>,
  <<|java+class:///jparse/TypeAST|,|java+class:///jparse/JavaAST|>,220,<|java+field:///jparse/JavaAST/symTable|,|java+constructor:///jparse/TypeAST/TypeAST(antlr.Token)|>>,
  <<|java+class:///jparse/expr/ArithmeticAST|,|java+class:///jparse/expr/ExpressionAST|>,220,<|java+method:///jparse/expr/ExpressionAST/retrieveType()|,|java+method:///jparse/expr/ArithmeticAST/computeType()|>>,
  <<|java+class:///jparse/expr/ArithmeticAST|,|java+class:///jparse/expr/ExpressionAST|>,220,<|java+method:///jparse/expr/ExpressionAST/getVarList()|,|java+method:///jparse/expr/ArithmeticAST/getVarList()|>>,
  <<|java+class:///jparse/expr/ArithmeticAST|,|java+class:///jparse/JavaAST|>,220,<|java+method:///jparse/JavaAST/parseComplete()|,|java+method:///jparse/expr/ArithmeticAST/parseComplete()|>>,
  <<|java+class:///jparse/expr/ArithmeticAST|,|java+class:///jparse/JavaAST|>,220,<|java+field:///jparse/JavaAST/context|,|java+method:///jparse/expr/ArithmeticAST/parseComplete()|>>,
  <<|java+class:///jparse/expr/ArithmeticAST|,|java+class:///jparse/expr/ExpressionAST|>,220,<|java+method:///jparse/expr/ExpressionAST/retrieveType()|,|java+method:///jparse/expr/ArithmeticAST/computeValue()|>>,
  <<|java+class:///jparse/expr/ArithmeticAST|,|java+class:///jparse/expr/ExpressionAST|>,220,<|java+method:///jparse/expr/ExpressionAST/getValue()|,|java+method:///jparse/expr/ArithmeticAST/computeValue()|>>,
  <<|java+class:///jparse/expr/ArithmeticAST|,|java+class:///jparse/expr/ExpressionAST|>,220,<|java+field:///jparse/expr/ExpressionAST/nonconstant|,|java+method:///jparse/expr/ArithmeticAST/computeValue()|>>,
  <<|java+class:///jparse/expr/ArithmeticAST|,|java+class:///jparse/expr/ExpressionAST|>,220,<|java+method:///jparse/expr/ExpressionAST/getExceptionTypes()|,|java+method:///jparse/expr/ArithmeticAST/computeExceptions()|>>,
  <<|java+class:///jparse/expr/MethodCallAST|,|java+class:///jparse/JavaAST|>,220,<|java+method:///jparse/JavaAST/parseComplete()|,|java+method:///jparse/expr/MethodCallAST/parseComplete()|>>,
  <<|java+class:///jparse/expr/MethodCallAST|,|java+class:///jparse/expr/ExpressionAST|>,220,<|java+method:///jparse/expr/ExpressionAST/getVarList()|,|java+method:///jparse/expr/MethodCallAST/getVarList()|>>,
  <<|java+class:///jparse/expr/MethodCallAST|,|java+class:///jparse/expr/ExpressionAST|>,220,<|java+method:///jparse/expr/ExpressionAST/retrieveType()|,|java+method:///jparse/expr/MethodCallAST/computeType()|>>,
  <<|java+class:///jparse/expr/MethodCallAST|,|java+class:///jparse/JavaAST|>,220,<|java+field:///jparse/JavaAST/typeAST|,|java+method:///jparse/expr/MethodCallAST/computeType()|>>,
  <<|java+class:///jparse/expr/MethodCallAST|,|java+class:///jparse/expr/ExpressionAST|>,220,<|java+method:///jparse/expr/ExpressionAST/retrieveType()|,|java+method:///jparse/expr/MethodCallAST/getMethod()|>>,
  <<|java+class:///jparse/expr/MethodCallAST|,|java+class:///jparse/expr/ExpressionAST|>,220,<|java+field:///jparse/expr/ExpressionAST/nonconstant|,|java+method:///jparse/expr/MethodCallAST/computeValue()|>>,
  <<|java+class:///jparse/expr/MethodCallAST|,|java+class:///jparse/expr/ExpressionAST|>,220,<|java+method:///jparse/expr/ExpressionAST/getExceptionTypes()|,|java+method:///jparse/expr/MethodCallAST/computeExceptions()|>>,
  <<|java+class:///jparse/expr/MethodCallAST|,|java+class:///jparse/expr/ExpressionAST|>,220,<|java+method:///jparse/expr/ExpressionAST/retrieveType()|,|java+method:///jparse/expr/MethodCallAST/computeExceptions()|>>,
  <<|java+class:///jparse/expr/MethodCallAST|,|java+class:///jparse/expr/ExpressionAST|>,220,<|java+method:///jparse/expr/ExpressionAST/retrieveType()|,|java+method:///jparse/expr/MethodCallAST/getConstructor()|>>,
  <<|java+class:///jparse/expr/TypecastAST|,|java+class:///jparse/expr/ExpressionAST|>,220,<|java+method:///jparse/expr/ExpressionAST/getVarList()|,|java+method:///jparse/expr/TypecastAST/getVarList()|>>,
  <<|java+class:///jparse/expr/TypecastAST|,|java+class:///jparse/expr/ExpressionAST|>,220,<|java+method:///jparse/expr/ExpressionAST/retrieveType()|,|java+method:///jparse/expr/TypecastAST/computeType()|>>,
  <<|java+class:///jparse/expr/TypecastAST|,|java+class:///jparse/JavaAST|>,220,<|java+method:///jparse/JavaAST/parseComplete()|,|java+method:///jparse/expr/TypecastAST/parseComplete()|>>,
  <<|java+class:///jparse/expr/TypecastAST|,|java+class:///jparse/JavaAST|>,220,<|java+field:///jparse/JavaAST/context|,|java+method:///jparse/expr/TypecastAST/parseComplete()|>>,
  <<|java+class:///jparse/expr/TypecastAST|,|java+class:///jparse/expr/ExpressionAST|>,220,<|java+method:///jparse/expr/ExpressionAST/retrieveType()|,|java+method:///jparse/expr/TypecastAST/computeValue()|>>,
  <<|java+class:///jparse/expr/TypecastAST|,|java+class:///jparse/expr/ExpressionAST|>,220,<|java+method:///jparse/expr/ExpressionAST/getValue()|,|java+method:///jparse/expr/TypecastAST/computeValue()|>>,
  <<|java+class:///jparse/expr/TypecastAST|,|java+class:///jparse/expr/ExpressionAST|>,220,<|java+method:///jparse/expr/ExpressionAST/getExceptionTypes()|,|java+method:///jparse/expr/TypecastAST/computeExceptions()|>>,
  <<|java+class:///jparse/stmt/ContinueAST|,|java+class:///jparse/JavaAST|>,220,<|java+field:///jparse/JavaAST/noTypes|,|java+method:///jparse/stmt/ContinueAST/computeExceptions()|>>,
  <<|java+class:///jparse/stmt/ContinueAST|,|java+class:///jparse/JavaAST|>,220,<|java+field:///jparse/JavaAST/symTable|,|java+method:///jparse/stmt/ContinueAST/computeControl()|>>,
  <<|java+class:///jparse/stmt/ContinueAST|,|java+class:///jparse/stmt/StatementAST|>,220,<|java+field:///jparse/stmt/StatementAST/control|,|java+method:///jparse/stmt/ContinueAST/parseComplete()|>>,
  <<|java+class:///jparse/stmt/ContinueAST|,|java+class:///jparse/stmt/StatementAST|>,220,<|java+method:///jparse/stmt/StatementAST/parseComplete()|,|java+method:///jparse/stmt/ContinueAST/parseComplete()|>>,
  <<|java+class:///jparse/stmt/ContinueAST|,|java+class:///jparse/JavaAST|>,220,<|java+field:///jparse/JavaAST/context|,|java+method:///jparse/stmt/ContinueAST/parseComplete()|>>,
  <<|java+class:///jparse/stmt/BreakAST|,|java+class:///jparse/JavaAST|>,220,<|java+field:///jparse/JavaAST/noTypes|,|java+method:///jparse/stmt/BreakAST/computeExceptions()|>>,
  <<|java+class:///jparse/stmt/BreakAST|,|java+class:///jparse/JavaAST|>,220,<|java+field:///jparse/JavaAST/symTable|,|java+method:///jparse/stmt/BreakAST/computeControl()|>>,
  <<|java+class:///jparse/stmt/BreakAST|,|java+class:///jparse/stmt/StatementAST|>,220,<|java+field:///jparse/stmt/StatementAST/control|,|java+method:///jparse/stmt/BreakAST/parseComplete()|>>,
  <<|java+class:///jparse/stmt/BreakAST|,|java+class:///jparse/stmt/StatementAST|>,220,<|java+method:///jparse/stmt/StatementAST/parseComplete()|,|java+method:///jparse/stmt/BreakAST/parseComplete()|>>,
  <<|java+class:///jparse/stmt/BreakAST|,|java+class:///jparse/stmt/StatementAST|>,220,<|java+field:///jparse/stmt/StatementAST/next|,|java+method:///jparse/stmt/BreakAST/parseComplete()|>>,
  <<|java+class:///jparse/stmt/BreakAST|,|java+class:///jparse/JavaAST|>,220,<|java+field:///jparse/JavaAST/context|,|java+method:///jparse/stmt/BreakAST/parseComplete()|>>,
  <<|java+class:///jparse/expr/IndexAST|,|java+class:///jparse/expr/ExpressionAST|>,220,<|java+method:///jparse/expr/ExpressionAST/retrieveType()|,|java+method:///jparse/expr/IndexAST/computeType()|>>,
  <<|java+class:///jparse/expr/IndexAST|,|java+class:///jparse/expr/ExpressionAST|>,220,<|java+field:///jparse/expr/ExpressionAST/nonconstant|,|java+method:///jparse/expr/IndexAST/computeValue()|>>,
  <<|java+class:///jparse/expr/IndexAST|,|java+class:///jparse/expr/ExpressionAST|>,220,<|java+method:///jparse/expr/ExpressionAST/getExceptionTypes()|,|java+method:///jparse/expr/IndexAST/computeExceptions()|>>,
  <<|java+class:///jparse/expr/IndexAST|,|java+class:///jparse/JavaAST|>,220,<|java+method:///jparse/JavaAST/parseComplete()|,|java+method:///jparse/expr/IndexAST/parseComplete()|>>,
  <<|java+class:///jparse/expr/IndexAST|,|java+class:///jparse/expr/ExpressionAST|>,220,<|java+method:///jparse/expr/ExpressionAST/getVarList()|,|java+method:///jparse/expr/IndexAST/getVarList()|>>,
  <<|java+class:///jparse/expr/BitwiseAST|,|java+class:///jparse/expr/ExpressionAST|>,220,<|java+method:///jparse/expr/ExpressionAST/retrieveType()|,|java+method:///jparse/expr/BitwiseAST/computeValue()|>>,
  <<|java+class:///jparse/expr/BitwiseAST|,|java+class:///jparse/expr/ExpressionAST|>,220,<|java+method:///jparse/expr/ExpressionAST/getValue()|,|java+method:///jparse/expr/BitwiseAST/computeValue()|>>,
  <<|java+class:///jparse/expr/BitwiseAST|,|java+class:///jparse/expr/ExpressionAST|>,220,<|java+field:///jparse/expr/ExpressionAST/nonconstant|,|java+method:///jparse/expr/BitwiseAST/computeValue()|>>,
  <<|java+class:///jparse/expr/BitwiseAST|,|java+class:///jparse/expr/ExpressionAST|>,220,<|java+method:///jparse/expr/ExpressionAST/retrieveType()|,|java+method:///jparse/expr/BitwiseAST/computeType()|>>,
  <<|java+class:///jparse/expr/BitwiseAST|,|java+class:///jparse/expr/ExpressionAST|>,220,<|java+method:///jparse/expr/ExpressionAST/getExceptionTypes()|,|java+method:///jparse/expr/BitwiseAST/computeExceptions()|>>,
  <<|java+class:///jparse/expr/BitwiseAST|,|java+class:///jparse/expr/ExpressionAST|>,220,<|java+method:///jparse/expr/ExpressionAST/getVarList()|,|java+method:///jparse/expr/BitwiseAST/getVarList()|>>,
  <<|java+class:///jparse/expr/BitwiseAST|,|java+class:///jparse/JavaAST|>,220,<|java+method:///jparse/JavaAST/parseComplete()|,|java+method:///jparse/expr/BitwiseAST/parseComplete()|>>,
  <<|java+class:///jparse/expr/ThisLiteralAST|,|java+class:///jparse/expr/ExpressionAST|>,220,<|java+field:///jparse/expr/ExpressionAST/nonconstant|,|java+method:///jparse/expr/ThisLiteralAST/computeValue()|>>,
  <<|java+class:///jparse/expr/ThisLiteralAST|,|java+class:///jparse/JavaAST|>,220,<|java+field:///jparse/JavaAST/typeAST|,|java+method:///jparse/expr/ThisLiteralAST/computeType()|>>,
  <<|java+class:///jparse/expr/ThisLiteralAST|,|java+class:///jparse/JavaAST|>,220,<|java+field:///jparse/JavaAST/noTypes|,|java+method:///jparse/expr/ThisLiteralAST/computeExceptions()|>>,
  <<|java+class:///jparse/expr/IdentifierAST|,|java+class:///jparse/JavaAST|>,220,<|java+field:///jparse/JavaAST/topLevel|,|java+method:///jparse/expr/IdentifierAST/computeType()|>>,
  <<|java+class:///jparse/expr/IdentifierAST|,|java+class:///jparse/expr/ExpressionAST|>,220,<|java+method:///jparse/expr/ExpressionAST/retrieveType()|,|java+method:///jparse/expr/IdentifierAST/computeType()|>>,
  <<|java+class:///jparse/expr/IdentifierAST|,|java+class:///jparse/JavaAST|>,220,<|java+field:///jparse/JavaAST/typeAST|,|java+method:///jparse/expr/IdentifierAST/computeType()|>>,
  <<|java+class:///jparse/expr/IdentifierAST|,|java+class:///jparse/JavaAST|>,220,<|java+field:///jparse/JavaAST/symTable|,|java+method:///jparse/expr/IdentifierAST/computeType()|>>,
  <<|java+class:///jparse/expr/IdentifierAST|,|java+class:///jparse/JavaAST|>,220,<|java+field:///jparse/JavaAST/noTypes|,|java+method:///jparse/expr/IdentifierAST/computeExceptions()|>>,
  <<|java+class:///jparse/expr/IdentifierAST|,|java+class:///jparse/expr/ExpressionAST|>,220,<|java+method:///jparse/expr/ExpressionAST/getValue()|,|java+method:///jparse/expr/IdentifierAST/computeValue()|>>,
  <<|java+class:///jparse/expr/IdentifierAST|,|java+class:///jparse/expr/ExpressionAST|>,220,<|java+field:///jparse/expr/ExpressionAST/nonconstant|,|java+method:///jparse/expr/IdentifierAST/computeValue()|>>,
  <<|java+class:///jparse/expr/IdentifierAST|,|java+class:///jparse/JavaAST|>,220,<|java+field:///jparse/JavaAST/symTable|,|java+method:///jparse/expr/IdentifierAST/computeValue()|>>,
  <<|java+class:///jparse/expr/IdentifierAST|,|java+class:///jparse/JavaAST|>,220,<|java+field:///jparse/JavaAST/symTable|,|java+method:///jparse/expr/IdentifierAST/getVarList()|>>,
  <<|java+class:///jparse/expr/NumLiteralAST|,|java+class:///jparse/expr/ExpressionAST|>,220,<|java+field:///jparse/expr/ExpressionAST/type|,|java+method:///jparse/expr/NumLiteralAST/computeType()|>>,
  <<|java+class:///jparse/expr/NumLiteralAST|,|java+class:///jparse/JavaAST|>,220,<|java+field:///jparse/JavaAST/noTypes|,|java+method:///jparse/expr/NumLiteralAST/computeExceptions()|>>,
  <<|java+class:///jparse/expr/NumLiteralAST|,|java+class:///jparse/expr/ExpressionAST|>,220,<|java+field:///jparse/expr/ExpressionAST/type|,|java+method:///jparse/expr/NumLiteralAST/parseComplete()|>>,
  <<|java+class:///jparse/expr/NumLiteralAST|,|java+class:///jparse/JavaAST|>,220,<|java+field:///jparse/JavaAST/context|,|java+method:///jparse/expr/NumLiteralAST/parseComplete()|>>,
  <<|java+class:///jparse/expr/NumLiteralAST|,|java+class:///jparse/expr/ExpressionAST|>,220,<|java+field:///jparse/expr/ExpressionAST/value|,|java+method:///jparse/expr/NumLiteralAST/parseComplete()|>>,
  <<|java+class:///jparse/expr/NumLiteralAST|,|java+class:///jparse/expr/ExpressionAST|>,220,<|java+field:///jparse/expr/ExpressionAST/value|,|java+method:///jparse/expr/NumLiteralAST/computeValue()|>>,
  <<|java+class:///jparse/stmt/CatchAST|,|java+class:///jparse/stmt/StatementAST|>,220,<|java+method:///jparse/stmt/StatementAST/nextControlPoints()|,|java+method:///jparse/stmt/CatchAST/computeControl()|>>,
  <<|java+class:///jparse/stmt/CatchAST|,|java+class:///jparse/stmt/StatementAST|>,220,<|java+method:///jparse/stmt/StatementAST/getExceptionTypes()|,|java+method:///jparse/stmt/CatchAST/computeExceptions()|>>,
  <<|java+class:///jparse/stmt/CatchAST|,|java+class:///jparse/stmt/StatementAST|>,220,<|java+method:///jparse/stmt/StatementAST/parseComplete()|,|java+method:///jparse/stmt/CatchAST/parseComplete()|>>,
  <<|java+class:///jparse/stmt/CatchAST|,|java+class:///jparse/JavaAST|>,220,<|java+field:///jparse/JavaAST/context|,|java+method:///jparse/stmt/CatchAST/parseComplete()|>>,
  <<|java+class:///jparse/stmt/TryAST|,|java+class:///jparse/stmt/StatementAST|>,220,<|java+method:///jparse/stmt/StatementAST/nextControlPoints()|,|java+method:///jparse/stmt/TryAST/computeControl()|>>,
  <<|java+class:///jparse/stmt/TryAST|,|java+class:///jparse/stmt/StatementAST|>,220,<|java+method:///jparse/stmt/StatementAST/getExceptionTypes()|,|java+method:///jparse/stmt/TryAST/computeExceptions()|>>,
  <<|java+class:///jparse/stmt/TryAST|,|java+class:///jparse/stmt/StatementAST|>,220,<|java+method:///jparse/stmt/StatementAST/parseComplete()|,|java+method:///jparse/stmt/TryAST/parseComplete()|>>,
  <<|java+class:///jparse/stmt/DeclarationAST|,|java+class:///jparse/stmt/StatementAST|>,220,<|java+method:///jparse/stmt/StatementAST/parseComplete()|,|java+method:///jparse/stmt/DeclarationAST/parseComplete()|>>,
  <<|java+class:///jparse/stmt/DeclarationAST|,|java+class:///jparse/JavaAST|>,220,<|java+field:///jparse/JavaAST/context|,|java+method:///jparse/stmt/DeclarationAST/parseComplete()|>>,
  <<|java+class:///jparse/stmt/DeclarationAST|,|java+class:///jparse/stmt/StatementAST|>,220,<|java+field:///jparse/stmt/StatementAST/next|,|java+method:///jparse/stmt/DeclarationAST/computeControl()|>>,
  <<|java+class:///jparse/stmt/DeclarationAST|,|java+class:///jparse/JavaAST|>,220,<|java+field:///jparse/JavaAST/noTypes|,|java+method:///jparse/stmt/DeclarationAST/computeExceptions()|>>,
  <<|java+class:///jparse/expr/BooleanLiteralAST|,|java+class:///jparse/expr/ExpressionAST|>,220,<|java+field:///jparse/expr/ExpressionAST/type|,|java+method:///jparse/expr/BooleanLiteralAST/computeType()|>>,
  <<|java+class:///jparse/expr/BooleanLiteralAST|,|java+class:///jparse/expr/ExpressionAST|>,220,<|java+field:///jparse/expr/ExpressionAST/type|,|java+constructor:///jparse/expr/BooleanLiteralAST/BooleanLiteralAST(antlr.Token)|>>,
  <<|java+class:///jparse/expr/BooleanLiteralAST|,|java+class:///jparse/expr/ExpressionAST|>,220,<|java+field:///jparse/expr/ExpressionAST/value|,|java+constructor:///jparse/expr/BooleanLiteralAST/BooleanLiteralAST(antlr.Token)|>>,
  <<|java+class:///jparse/expr/BooleanLiteralAST|,|java+class:///jparse/JavaAST|>,220,<|java+field:///jparse/JavaAST/noTypes|,|java+method:///jparse/expr/BooleanLiteralAST/computeExceptions()|>>,
  <<|java+class:///jparse/expr/BooleanLiteralAST|,|java+class:///jparse/expr/ExpressionAST|>,220,<|java+field:///jparse/expr/ExpressionAST/value|,|java+method:///jparse/expr/BooleanLiteralAST/computeValue()|>>,
  <<|java+class:///jparse/stmt/ClassAST|,|java+class:///jparse/stmt/StatementAST|>,220,<|java+method:///jparse/stmt/StatementAST/parseComplete()|,|java+method:///jparse/stmt/ClassAST/parseComplete()|>>,
  <<|java+class:///jparse/stmt/ClassAST|,|java+class:///jparse/stmt/StatementAST|>,220,<|java+field:///jparse/stmt/StatementAST/next|,|java+method:///jparse/stmt/ClassAST/computeControl()|>>,
  <<|java+class:///jparse/stmt/ClassAST|,|java+class:///jparse/JavaAST|>,220,<|java+field:///jparse/JavaAST/noTypes|,|java+method:///jparse/stmt/ClassAST/computeExceptions()|>>,
  <<|java+class:///jparse/stmt/ExpressionAST|,|java+class:///jparse/stmt/StatementAST|>,220,<|java+method:///jparse/stmt/StatementAST/parseComplete()|,|java+method:///jparse/stmt/ExpressionAST/parseComplete()|>>,
  <<|java+class:///jparse/stmt/ExpressionAST|,|java+class:///jparse/JavaAST|>,220,<|java+method:///jparse/JavaAST/parseComplete()|,|java+method:///jparse/stmt/ExpressionAST/parseComplete()|>>,
  <<|java+class:///jparse/stmt/ExpressionAST|,|java+class:///jparse/stmt/StatementAST|>,220,<|java+field:///jparse/stmt/StatementAST/next|,|java+method:///jparse/stmt/ExpressionAST/computeControl()|>>,
  <<|java+class:///jparse/expr/ArrayInitAST|,|java+class:///jparse/JavaAST|>,220,<|java+method:///jparse/JavaAST/parseComplete()|,|java+method:///jparse/expr/ArrayInitAST/parseComplete()|>>,
  <<|java+class:///jparse/expr/ArrayInitAST|,|java+class:///jparse/JavaAST|>,220,<|java+field:///jparse/JavaAST/context|,|java+method:///jparse/expr/ArrayInitAST/parseComplete()|>>,
  <<|java+class:///jparse/expr/ArrayInitAST|,|java+class:///jparse/expr/ExpressionAST|>,220,<|java+method:///jparse/expr/ExpressionAST/retrieveType()|,|java+method:///jparse/expr/ArrayInitAST/computeType()|>>,
  <<|java+class:///jparse/expr/ArrayInitAST|,|java+class:///jparse/expr/ExpressionAST|>,220,<|java+method:///jparse/expr/ExpressionAST/getVarList()|,|java+method:///jparse/expr/ArrayInitAST/getVarList()|>>,
  <<|java+class:///jparse/expr/ArrayInitAST|,|java+class:///jparse/expr/ExpressionAST|>,220,<|java+method:///jparse/expr/ExpressionAST/getExceptionTypes()|,|java+method:///jparse/expr/ArrayInitAST/computeExceptions()|>>,
  <<|java+class:///jparse/expr/ArrayInitAST|,|java+class:///jparse/JavaAST|>,220,<|java+field:///jparse/JavaAST/noTypes|,|java+method:///jparse/expr/ArrayInitAST/computeExceptions()|>>,
  <<|java+class:///jparse/expr/ArrayInitAST|,|java+class:///jparse/expr/ExpressionAST|>,220,<|java+field:///jparse/expr/ExpressionAST/nonconstant|,|java+method:///jparse/expr/ArrayInitAST/computeValue()|>>,
  <<|java+class:///jparse/stmt/IfElseAST|,|java+class:///jparse/stmt/StatementAST|>,220,<|java+method:///jparse/stmt/StatementAST/getVarList()|,|java+method:///jparse/stmt/IfElseAST/getVarList()|>>,
  <<|java+class:///jparse/stmt/IfElseAST|,|java+class:///jparse/stmt/StatementAST|>,220,<|java+method:///jparse/stmt/StatementAST/getExceptionTypes()|,|java+method:///jparse/stmt/IfElseAST/computeExceptions()|>>,
  <<|java+class:///jparse/stmt/IfElseAST|,|java+class:///jparse/stmt/StatementAST|>,220,<|java+method:///jparse/stmt/StatementAST/nextControlPoints()|,|java+method:///jparse/stmt/IfElseAST/computeControl()|>>,
  <<|java+class:///jparse/stmt/IfElseAST|,|java+class:///jparse/stmt/StatementAST|>,220,<|java+method:///jparse/stmt/StatementAST/parseComplete()|,|java+method:///jparse/stmt/IfElseAST/parseComplete()|>>,
  <<|java+class:///jparse/stmt/IfElseAST|,|java+class:///jparse/JavaAST|>,220,<|java+method:///jparse/JavaAST/parseComplete()|,|java+method:///jparse/stmt/IfElseAST/parseComplete()|>>,
  <<|java+class:///jparse/ConstrAST|,|java+class:///jparse/JavaAST|>,220,<|java+field:///jparse/JavaAST/typeAST|,|java+method:///jparse/ConstrAST/toString()|>>,
  <<|java+class:///jparse/ConstrAST|,|java+class:///jparse/JavaAST|>,220,<|java+field:///jparse/JavaAST/topLevel|,|java+method:///jparse/ConstrAST/computeExceptions()|>>,
  <<|java+class:///jparse/ConstrAST|,|java+class:///jparse/JavaAST|>,220,<|java+field:///jparse/JavaAST/typeAST|,|java+method:///jparse/ConstrAST/getParameterTypes()|>>,
  <<|java+class:///jparse/ConstrAST|,|java+class:///jparse/JavaAST|>,220,<|java+field:///jparse/JavaAST/typeAST|,|java+method:///jparse/ConstrAST/getDeclaringClass()|>>,
  <<|java+class:///jparse/ConstrAST|,|java+class:///jparse/JavaAST|>,220,<|java+field:///jparse/JavaAST/context|,|java+method:///jparse/ConstrAST/parseComplete()|>>,
  <<|java+class:///jparse/expr/NullLiteralAST|,|java+class:///jparse/expr/ExpressionAST|>,220,<|java+field:///jparse/expr/ExpressionAST/type|,|java+method:///jparse/expr/NullLiteralAST/computeType()|>>,
  <<|java+class:///jparse/expr/NullLiteralAST|,|java+class:///jparse/JavaAST|>,220,<|java+field:///jparse/JavaAST/noTypes|,|java+method:///jparse/expr/NullLiteralAST/computeExceptions()|>>,
  <<|java+class:///jparse/expr/BooleanAST|,|java+class:///jparse/JavaAST|>,220,<|java+method:///jparse/JavaAST/parseComplete()|,|java+method:///jparse/expr/BooleanAST/parseComplete()|>>,
  <<|java+class:///jparse/expr/BooleanAST|,|java+class:///jparse/expr/ExpressionAST|>,220,<|java+method:///jparse/expr/ExpressionAST/getVarList()|,|java+method:///jparse/expr/BooleanAST/getVarList()|>>,
  <<|java+class:///jparse/expr/BooleanAST|,|java+class:///jparse/expr/ExpressionAST|>,220,<|java+method:///jparse/expr/ExpressionAST/getExceptionTypes()|,|java+method:///jparse/expr/BooleanAST/computeExceptions()|>>,
  <<|java+class:///jparse/expr/BooleanAST|,|java+class:///jparse/expr/ExpressionAST|>,220,<|java+method:///jparse/expr/ExpressionAST/retrieveType()|,|java+method:///jparse/expr/BooleanAST/computeValue()|>>,
  <<|java+class:///jparse/expr/BooleanAST|,|java+class:///jparse/expr/ExpressionAST|>,220,<|java+method:///jparse/expr/ExpressionAST/getValue()|,|java+method:///jparse/expr/BooleanAST/computeValue()|>>,
  <<|java+class:///jparse/expr/BooleanAST|,|java+class:///jparse/expr/ExpressionAST|>,220,<|java+field:///jparse/expr/ExpressionAST/nonconstant|,|java+method:///jparse/expr/BooleanAST/computeValue()|>>,
  <<|java+class:///jparse/stmt/SynchronizedAST|,|java+class:///jparse/stmt/StatementAST|>,220,<|java+method:///jparse/stmt/StatementAST/nextControlPoints()|,|java+method:///jparse/stmt/SynchronizedAST/computeControl()|>>,
  <<|java+class:///jparse/stmt/SynchronizedAST|,|java+class:///jparse/stmt/StatementAST|>,220,<|java+method:///jparse/stmt/StatementAST/parseComplete()|,|java+method:///jparse/stmt/SynchronizedAST/parseComplete()|>>,
  <<|java+class:///jparse/stmt/SynchronizedAST|,|java+class:///jparse/JavaAST|>,220,<|java+method:///jparse/JavaAST/parseComplete()|,|java+method:///jparse/stmt/SynchronizedAST/parseComplete()|>>,
  <<|java+class:///jparse/stmt/SynchronizedAST|,|java+class:///jparse/stmt/StatementAST|>,220,<|java+method:///jparse/stmt/StatementAST/getExceptionTypes()|,|java+method:///jparse/stmt/SynchronizedAST/computeExceptions()|>>,
  <<|java+class:///jparse/stmt/LabelAST|,|java+class:///jparse/stmt/StatementAST|>,220,<|java+method:///jparse/stmt/StatementAST/nextControlPoints()|,|java+method:///jparse/stmt/LabelAST/computeControl()|>>,
  <<|java+class:///jparse/stmt/LabelAST|,|java+class:///jparse/stmt/StatementAST|>,220,<|java+method:///jparse/stmt/StatementAST/parseComplete()|,|java+method:///jparse/stmt/LabelAST/parseComplete()|>>,
  <<|java+class:///jparse/stmt/LabelAST|,|java+class:///jparse/stmt/StatementAST|>,220,<|java+method:///jparse/stmt/StatementAST/getVarList()|,|java+method:///jparse/stmt/LabelAST/getVarList()|>>,
  <<|java+class:///jparse/stmt/LabelAST|,|java+class:///jparse/stmt/StatementAST|>,220,<|java+method:///jparse/stmt/StatementAST/getExceptionTypes()|,|java+method:///jparse/stmt/LabelAST/computeExceptions()|>>,
  <<|java+class:///jparse/expr/VarAST|,|java+class:///jparse/JavaAST|>,220,<|java+field:///jparse/JavaAST/context|,|java+method:///jparse/expr/VarAST/parseComplete()|>>,
  <<|java+class:///jparse/expr/VarAST|,|java+class:///jparse/expr/ExpressionAST|>,220,<|java+method:///jparse/expr/ExpressionAST/getValue()|,|java+method:///jparse/expr/VarAST/computeValue()|>>,
  <<|java+class:///jparse/expr/VarAST|,|java+class:///jparse/expr/ExpressionAST|>,220,<|java+field:///jparse/expr/ExpressionAST/nonconstant|,|java+method:///jparse/expr/VarAST/computeValue()|>>,
  <<|java+class:///jparse/expr/VarAST|,|java+class:///jparse/JavaAST|>,220,<|java+field:///jparse/JavaAST/symTable|,|java+constructor:///jparse/expr/VarAST/VarAST(antlr.Token)|>>,
  <<|java+class:///jparse/expr/VarAST|,|java+class:///jparse/expr/IdentifierAST|>,220,<|java+method:///jparse/expr/IdentifierAST/toString()|,|java+method:///jparse/expr/VarAST/toString()|>>,
  <<|java+class:///jparse/expr/VarAST|,|java+class:///jparse/expr/ExpressionAST|>,220,<|java+method:///jparse/expr/ExpressionAST/retrieveType()|,|java+method:///jparse/expr/VarAST/computeType()|>>,
  <<|java+class:///jparse/expr/VarAST|,|java+class:///jparse/expr/ExpressionAST|>,220,<|java+method:///jparse/expr/ExpressionAST/getExceptionTypes()|,|java+method:///jparse/expr/VarAST/computeExceptions()|>>,
  <<|java+class:///jparse/expr/VarAST|,|java+class:///jparse/JavaAST|>,220,<|java+field:///jparse/JavaAST/noTypes|,|java+method:///jparse/expr/VarAST/computeExceptions()|>>,
  <<|java+class:///jparse/stmt/SwitchAST|,|java+class:///jparse/stmt/StatementAST|>,220,<|java+method:///jparse/stmt/StatementAST/nextControlPoints()|,|java+method:///jparse/stmt/SwitchAST/computeControl()|>>,
  <<|java+class:///jparse/stmt/SwitchAST|,|java+class:///jparse/stmt/StatementAST|>,220,<|java+method:///jparse/stmt/StatementAST/parseComplete()|,|java+method:///jparse/stmt/SwitchAST/parseComplete()|>>,
  <<|java+class:///jparse/stmt/SwitchAST|,|java+class:///jparse/JavaAST|>,220,<|java+method:///jparse/JavaAST/parseComplete()|,|java+method:///jparse/stmt/SwitchAST/parseComplete()|>>,
  <<|java+class:///jparse/stmt/SwitchAST|,|java+class:///jparse/JavaAST|>,220,<|java+field:///jparse/JavaAST/context|,|java+method:///jparse/stmt/SwitchAST/parseComplete()|>>,
  <<|java+class:///jparse/stmt/SwitchAST|,|java+class:///jparse/stmt/StatementAST|>,220,<|java+method:///jparse/stmt/StatementAST/getExceptionTypes()|,|java+method:///jparse/stmt/SwitchAST/computeExceptions()|>>,
  <<|java+class:///jparse/expr/ConditionalAST|,|java+class:///jparse/JavaAST|>,220,<|java+method:///jparse/JavaAST/parseComplete()|,|java+method:///jparse/expr/ConditionalAST/parseComplete()|>>,
  <<|java+class:///jparse/expr/ConditionalAST|,|java+class:///jparse/expr/ExpressionAST|>,220,<|java+method:///jparse/expr/ExpressionAST/retrieveType()|,|java+method:///jparse/expr/ConditionalAST/computeType()|>>,
  <<|java+class:///jparse/expr/ConditionalAST|,|java+class:///jparse/expr/ExpressionAST|>,220,<|java+method:///jparse/expr/ExpressionAST/getValue()|,|java+method:///jparse/expr/ConditionalAST/computeValue()|>>,
  <<|java+class:///jparse/expr/ConditionalAST|,|java+class:///jparse/expr/ExpressionAST|>,220,<|java+field:///jparse/expr/ExpressionAST/nonconstant|,|java+method:///jparse/expr/ConditionalAST/computeValue()|>>,
  <<|java+class:///jparse/expr/ConditionalAST|,|java+class:///jparse/expr/ExpressionAST|>,220,<|java+method:///jparse/expr/ExpressionAST/getExceptionTypes()|,|java+method:///jparse/expr/ConditionalAST/computeExceptions()|>>,
  <<|java+class:///jparse/expr/ConditionalAST|,|java+class:///jparse/expr/ExpressionAST|>,220,<|java+method:///jparse/expr/ExpressionAST/getVarList()|,|java+method:///jparse/expr/ConditionalAST/getVarList()|>>,
  <<|java+class:///jparse/MethAST|,|java+class:///jparse/JavaAST|>,220,<|java+field:///jparse/JavaAST/typeAST|,|java+method:///jparse/MethAST/getDeclaringClass()|>>,
  <<|java+class:///jparse/MethAST|,|java+class:///jparse/JavaAST|>,220,<|java+field:///jparse/JavaAST/topLevel|,|java+method:///jparse/MethAST/computeExceptions()|>>,
  <<|java+class:///jparse/MethAST|,|java+class:///jparse/JavaAST|>,220,<|java+field:///jparse/JavaAST/context|,|java+method:///jparse/MethAST/parseComplete()|>>,
  <<|java+class:///jparse/MethAST|,|java+class:///jparse/JavaAST|>,220,<|java+field:///jparse/JavaAST/typeAST|,|java+method:///jparse/MethAST/toString()|>>,
  <<|java+class:///jparse/MethAST|,|java+class:///jparse/JavaAST|>,220,<|java+field:///jparse/JavaAST/symTable|,|java+constructor:///jparse/MethAST/MethAST(jparse.ModifierAST,jparse.expr.TypeAST,jparse.expr.IdentifierAST,jparse.JavaAST,jparse.JavaAST,jparse.JavaAST,jparse.stmt.CompoundAST)|>>,
  <<|java+class:///jparse/stmt/WhileAST|,|java+class:///jparse/stmt/StatementAST|>,220,<|java+method:///jparse/stmt/StatementAST/getVarList()|,|java+method:///jparse/stmt/WhileAST/getVarList()|>>,
  <<|java+class:///jparse/stmt/WhileAST|,|java+class:///jparse/stmt/StatementAST|>,220,<|java+method:///jparse/stmt/StatementAST/parseComplete()|,|java+method:///jparse/stmt/WhileAST/parseComplete()|>>,
  <<|java+class:///jparse/stmt/WhileAST|,|java+class:///jparse/JavaAST|>,220,<|java+method:///jparse/JavaAST/parseComplete()|,|java+method:///jparse/stmt/WhileAST/parseComplete()|>>,
  <<|java+class:///jparse/stmt/WhileAST|,|java+class:///jparse/JavaAST|>,220,<|java+field:///jparse/JavaAST/context|,|java+method:///jparse/stmt/WhileAST/parseComplete()|>>,
  <<|java+class:///jparse/stmt/WhileAST|,|java+class:///jparse/stmt/StatementAST|>,220,<|java+method:///jparse/stmt/StatementAST/getExceptionTypes()|,|java+method:///jparse/stmt/WhileAST/computeExceptions()|>>,
  <<|java+class:///jparse/stmt/WhileAST|,|java+class:///jparse/stmt/StatementAST|>,220,<|java+method:///jparse/stmt/StatementAST/nextControlPoints()|,|java+method:///jparse/stmt/WhileAST/computeControl()|>>,
  <<|java+class:///jparse/expr/ListAST|,|java+class:///jparse/expr/ExpressionAST|>,220,<|java+method:///jparse/expr/ExpressionAST/getVarList()|,|java+method:///jparse/expr/ListAST/getVarList()|>>,
  <<|java+class:///jparse/expr/ListAST|,|java+class:///jparse/JavaAST|>,220,<|java+method:///jparse/JavaAST/parseComplete()|,|java+method:///jparse/expr/ListAST/parseComplete()|>>,
  <<|java+class:///jparse/expr/ListAST|,|java+class:///jparse/expr/ExpressionAST|>,220,<|java+method:///jparse/expr/ExpressionAST/retrieveType()|,|java+method:///jparse/expr/ListAST/computeType()|>>,
  <<|java+class:///jparse/expr/ListAST|,|java+class:///jparse/expr/ExpressionAST|>,220,<|java+method:///jparse/expr/ExpressionAST/getValue()|,|java+method:///jparse/expr/ListAST/computeValue()|>>,
  <<|java+class:///jparse/expr/ListAST|,|java+class:///jparse/expr/ExpressionAST|>,220,<|java+field:///jparse/expr/ExpressionAST/nonconstant|,|java+method:///jparse/expr/ListAST/computeValue()|>>,
  <<|java+class:///jparse/expr/ListAST|,|java+class:///jparse/expr/ExpressionAST|>,220,<|java+method:///jparse/expr/ExpressionAST/getExceptionTypes()|,|java+method:///jparse/expr/ListAST/computeExceptions()|>>,
  <<|java+class:///jparse/expr/ListAST|,|java+class:///jparse/JavaAST|>,220,<|java+field:///jparse/JavaAST/noTypes|,|java+method:///jparse/expr/ListAST/computeExceptions()|>>,
  <<|java+class:///jparse/expr/ListAST|,|java+class:///jparse/expr/ExpressionAST|>,220,<|java+method:///jparse/expr/ExpressionAST/retrieveType()|,|java+method:///jparse/expr/ListAST/getTypes()|>>,
  <<|java+class:///jparse/expr/UnaryArithAST|,|java+class:///jparse/expr/ExpressionAST|>,220,<|java+method:///jparse/expr/ExpressionAST/getVarList()|,|java+method:///jparse/expr/UnaryArithAST/getVarList()|>>,
  <<|java+class:///jparse/expr/UnaryArithAST|,|java+class:///jparse/JavaAST|>,220,<|java+method:///jparse/JavaAST/parseComplete()|,|java+method:///jparse/expr/UnaryArithAST/parseComplete()|>>,
  <<|java+class:///jparse/expr/UnaryArithAST|,|java+class:///jparse/JavaAST|>,220,<|java+field:///jparse/JavaAST/context|,|java+method:///jparse/expr/UnaryArithAST/parseComplete()|>>,
  <<|java+class:///jparse/expr/UnaryArithAST|,|java+class:///jparse/expr/ExpressionAST|>,220,<|java+method:///jparse/expr/ExpressionAST/retrieveType()|,|java+method:///jparse/expr/UnaryArithAST/computeType()|>>,
  <<|java+class:///jparse/expr/UnaryArithAST|,|java+class:///jparse/expr/ExpressionAST|>,220,<|java+method:///jparse/expr/ExpressionAST/getExceptionTypes()|,|java+method:///jparse/expr/UnaryArithAST/computeExceptions()|>>,
  <<|java+class:///jparse/expr/UnaryArithAST|,|java+class:///jparse/expr/ExpressionAST|>,220,<|java+method:///jparse/expr/ExpressionAST/retrieveType()|,|java+method:///jparse/expr/UnaryArithAST/computeValue()|>>,
  <<|java+class:///jparse/expr/UnaryArithAST|,|java+class:///jparse/expr/ExpressionAST|>,220,<|java+method:///jparse/expr/ExpressionAST/getValue()|,|java+method:///jparse/expr/UnaryArithAST/computeValue()|>>,
  <<|java+class:///jparse/expr/UnaryArithAST|,|java+class:///jparse/expr/ExpressionAST|>,220,<|java+field:///jparse/expr/ExpressionAST/nonconstant|,|java+method:///jparse/expr/UnaryArithAST/computeValue()|>>,
  <<|java+class:///jparse/CompiledType|,|java+class:///jparse/Type|>,220,<|java+method:///jparse/Type/forClass(java.lang.Class)|,|java+method:///jparse/CompiledType/getDeclaringClass()|>>,
  <<|java+class:///jparse/CompiledType|,|java+class:///jparse/Type|>,220,<|java+method:///jparse/Type/forName(java.lang.String)|,|java+method:///jparse/CompiledType/getInterfaces()|>>,
  <<|java+class:///jparse/CompiledType|,|java+class:///jparse/Type|>,220,<|java+method:///jparse/Type/forClass(java.lang.Class)|,|java+method:///jparse/CompiledType/getSuperclass()|>>,
  <<|java+class:///jparse/CompiledType|,|java+class:///jparse/Type|>,220,<|java+method:///jparse/Type/isAssignableFrom(jparse.Type)|,|java+method:///jparse/CompiledType/isAssignableFrom(jparse.Type)|>>,
  <<|java+class:///jparse/CompiledType|,|java+class:///jparse/Type|>,220,<|java+method:///jparse/Type/superInterfaceOf(jparse.Type)|,|java+method:///jparse/CompiledType/isAssignableFrom(jparse.Type)|>>,
  <<|java+class:///jparse/CompiledType|,|java+class:///jparse/Type|>,220,<|java+method:///jparse/Type/implementsInterface(jparse.Type)|,|java+method:///jparse/CompiledType/isAssignableFrom(jparse.Type)|>>,
  <<|java+class:///jparse/CompiledType|,|java+class:///jparse/Type|>,220,<|java+method:///jparse/Type/getComponentType()|,|java+method:///jparse/CompiledType/isAssignableFrom(jparse.Type)|>>,
  <<|java+class:///jparse/CompiledType|,|java+class:///jparse/Type|>,220,<|java+method:///jparse/Type/isPrimitive()|,|java+method:///jparse/CompiledType/isAssignableFrom(jparse.Type)|>>,
  <<|java+class:///jparse/CompiledType|,|java+class:///jparse/Type|>,220,<|java+method:///jparse/Type/superClassOf(jparse.Type)|,|java+method:///jparse/CompiledType/isAssignableFrom(jparse.Type)|>>,
  <<|java+class:///jparse/CompiledType|,|java+class:///jparse/Type|>,220,<|java+method:///jparse/Type/isInterface()|,|java+method:///jparse/CompiledType/isAssignableFrom(jparse.Type)|>>,
  <<|java+class:///jparse/CompiledType|,|java+class:///jparse/Type|>,220,<|java+method:///jparse/Type/isArray()|,|java+method:///jparse/CompiledType/isAssignableFrom(jparse.Type)|>>,
  <<|java+class:///jparse/CompiledType|,|java+class:///jparse/Type|>,220,<|java+method:///jparse/Type/getName()|,|java+method:///jparse/CompiledType/getInner(java.lang.String)|>>,
  <<|java+class:///jparse/CompiledType|,|java+class:///jparse/Type|>,220,<|java+method:///jparse/Type/getMethods()|,|java+method:///jparse/CompiledType/getMethods()|>>,
  <<|java+class:///jparse/CompiledType|,|java+class:///jparse/Type|>,220,<|java+method:///jparse/Type/forClass(java.lang.Class)|,|java+method:///jparse/CompiledType/getArrayType()|>>,
  <<|java+class:///jparse/CompiledType|,|java+class:///jparse/Type|>,220,<|java+method:///jparse/Type/getConstructor(jparse.Type%5B%5D,jparse.Type)|,|java+method:///jparse/CompiledType/getConstructor(jparse.Type%5B%5D,jparse.Type)|>>,
  <<|java+class:///jparse/CompiledType|,|java+class:///jparse/Type|>,220,<|java+method:///jparse/Type/forClass(java.lang.Class)|,|java+method:///jparse/CompiledType/getComponentType()|>>,
  <<|java+class:///jparse/CompiledType|,|java+class:///jparse/Type|>,220,<|java+method:///jparse/Type/varType(java.lang.String)|,|java+method:///jparse/CompiledType/varType(java.lang.String)|>>,
  <<|java+class:///jparse/CompiledType|,|java+class:///jparse/Type|>,220,<|java+method:///jparse/Type/forClass(java.lang.Class)|,|java+method:///jparse/CompiledType/varType(java.lang.String)|>>,
  <<|java+class:///jparse/CompiledType|,|java+class:///jparse/Type|>,220,<|java+method:///jparse/Type/getMeths(java.lang.String,jparse.Type%5B%5D,jparse.Type)|,|java+method:///jparse/CompiledType/getMeths(java.lang.String,jparse.Type%5B%5D,jparse.Type)|>>,
  <<|java+class:///jparse/CompiledType|,|java+class:///jparse/Type|>,220,<|java+method:///jparse/Type/demangle(java.lang.String)|,|java+method:///jparse/CompiledType/getName()|>>,
  <<|java+class:///jparse/CompiledType|,|java+class:///jparse/Type|>,220,<|java+field:///jparse/Type/objectType|,|java+method:///jparse/CompiledType/getMethod(java.lang.String,jparse.Type%5B%5D,jparse.Type)|>>,
  <<|java+class:///jparse/CompiledType|,|java+class:///jparse/Type|>,220,<|java+method:///jparse/Type/getMeths(java.lang.String,jparse.Type%5B%5D,jparse.Type)|,|java+method:///jparse/CompiledType/getMethod(java.lang.String,jparse.Type%5B%5D,jparse.Type)|>>,
  <<|java+class:///jparse/CompiledType|,|java+class:///jparse/Type|>,220,<|java+method:///jparse/Type/forClass(java.lang.Class)|,|java+method:///jparse/CompiledType/getClasses()|>>,
  <<|java+class:///jparse/CompiledType|,|java+class:///jparse/Type|>,220,<|java+method:///jparse/Type/getClasses()|,|java+method:///jparse/CompiledType/getClasses()|>>,
  <<|java+class:///jparse/stmt/ReturnAST|,|java+class:///jparse/stmt/StatementAST|>,220,<|java+method:///jparse/stmt/StatementAST/parseComplete()|,|java+method:///jparse/stmt/ReturnAST/parseComplete()|>>,
  <<|java+class:///jparse/stmt/ReturnAST|,|java+class:///jparse/JavaAST|>,220,<|java+method:///jparse/JavaAST/parseComplete()|,|java+method:///jparse/stmt/ReturnAST/parseComplete()|>>,
  <<|java+class:///jparse/stmt/ReturnAST|,|java+class:///jparse/JavaAST|>,220,<|java+field:///jparse/JavaAST/noTypes|,|java+method:///jparse/stmt/ReturnAST/computeExceptions()|>>,
  <<|java+class:///jparse/stmt/ReturnAST|,|java+class:///jparse/stmt/StatementAST|>,220,<|java+field:///jparse/stmt/StatementAST/nonlocal|,|java+method:///jparse/stmt/ReturnAST/computeControl()|>>,
  <<|java+class:///jparse/expr/InitializerAST|,|java+class:///jparse/expr/ExpressionAST|>,220,<|java+method:///jparse/expr/ExpressionAST/getVarList()|,|java+method:///jparse/expr/InitializerAST/getVarList()|>>,
  <<|java+class:///jparse/expr/InitializerAST|,|java+class:///jparse/JavaAST|>,220,<|java+method:///jparse/JavaAST/parseComplete()|,|java+method:///jparse/expr/InitializerAST/parseComplete()|>>,
  <<|java+class:///jparse/expr/InitializerAST|,|java+class:///jparse/expr/ExpressionAST|>,220,<|java+method:///jparse/expr/ExpressionAST/retrieveType()|,|java+method:///jparse/expr/InitializerAST/computeType()|>>,
  <<|java+class:///jparse/expr/InitializerAST|,|java+class:///jparse/expr/ExpressionAST|>,220,<|java+method:///jparse/expr/ExpressionAST/getValue()|,|java+method:///jparse/expr/InitializerAST/computeValue()|>>,
  <<|java+class:///jparse/expr/InitializerAST|,|java+class:///jparse/expr/ExpressionAST|>,220,<|java+method:///jparse/expr/ExpressionAST/getExceptionTypes()|,|java+method:///jparse/expr/InitializerAST/computeExceptions()|>>,
  <<|java+class:///jparse/stmt/StatementAST|,|java+class:///jparse/JavaAST|>,220,<|java+field:///jparse/JavaAST/context|,|java+method:///jparse/stmt/StatementAST/parseComplete()|>>,
  <<|java+class:///jparse/stmt/CaseGroupAST|,|java+class:///jparse/stmt/StatementAST|>,220,<|java+method:///jparse/stmt/StatementAST/getVarList()|,|java+method:///jparse/stmt/CaseGroupAST/getVarList()|>>,
  <<|java+class:///jparse/stmt/CaseGroupAST|,|java+class:///jparse/stmt/StatementAST|>,220,<|java+method:///jparse/stmt/StatementAST/parseComplete()|,|java+method:///jparse/stmt/CaseGroupAST/parseComplete()|>>,
  <<|java+class:///jparse/stmt/CaseGroupAST|,|java+class:///jparse/JavaAST|>,220,<|java+method:///jparse/JavaAST/parseComplete()|,|java+method:///jparse/stmt/CaseGroupAST/parseComplete()|>>,
  <<|java+class:///jparse/stmt/CaseGroupAST|,|java+class:///jparse/JavaAST|>,220,<|java+field:///jparse/JavaAST/context|,|java+method:///jparse/stmt/CaseGroupAST/parseComplete()|>>,
  <<|java+class:///jparse/stmt/CaseGroupAST|,|java+class:///jparse/JavaAST|>,220,<|java+field:///jparse/JavaAST/noTypes|,|java+method:///jparse/stmt/CaseGroupAST/computeExceptions()|>>,
  <<|java+class:///jparse/stmt/CaseGroupAST|,|java+class:///jparse/stmt/StatementAST|>,220,<|java+method:///jparse/stmt/StatementAST/getExceptionTypes()|,|java+method:///jparse/stmt/CaseGroupAST/computeExceptions()|>>,
  <<|java+class:///jparse/stmt/CaseGroupAST|,|java+class:///jparse/stmt/StatementAST|>,220,<|java+method:///jparse/stmt/StatementAST/nextControlPoints()|,|java+method:///jparse/stmt/CaseGroupAST/computeControl()|>>,
  <<|java+class:///jparse/stmt/CaseGroupAST|,|java+class:///jparse/stmt/StatementAST|>,220,<|java+field:///jparse/stmt/StatementAST/next|,|java+method:///jparse/stmt/CaseGroupAST/computeControl()|>>,
  <<|java+class:///jparse/expr/ShiftAST|,|java+class:///jparse/expr/ExpressionAST|>,220,<|java+method:///jparse/expr/ExpressionAST/getVarList()|,|java+method:///jparse/expr/ShiftAST/getVarList()|>>,
  <<|java+class:///jparse/expr/ShiftAST|,|java+class:///jparse/JavaAST|>,220,<|java+method:///jparse/JavaAST/parseComplete()|,|java+method:///jparse/expr/ShiftAST/parseComplete()|>>,
  <<|java+class:///jparse/expr/ShiftAST|,|java+class:///jparse/expr/ExpressionAST|>,220,<|java+method:///jparse/expr/ExpressionAST/retrieveType()|,|java+method:///jparse/expr/ShiftAST/computeType()|>>,
  <<|java+class:///jparse/expr/ShiftAST|,|java+class:///jparse/expr/ExpressionAST|>,220,<|java+method:///jparse/expr/ExpressionAST/retrieveType()|,|java+method:///jparse/expr/ShiftAST/computeValue()|>>,
  <<|java+class:///jparse/expr/ShiftAST|,|java+class:///jparse/expr/ExpressionAST|>,220,<|java+method:///jparse/expr/ExpressionAST/getValue()|,|java+method:///jparse/expr/ShiftAST/computeValue()|>>,
  <<|java+class:///jparse/expr/ShiftAST|,|java+class:///jparse/expr/ExpressionAST|>,220,<|java+field:///jparse/expr/ExpressionAST/nonconstant|,|java+method:///jparse/expr/ShiftAST/computeValue()|>>,
  <<|java+class:///jparse/expr/ShiftAST|,|java+class:///jparse/JavaAST|>,220,<|java+field:///jparse/JavaAST/noTypes|,|java+method:///jparse/expr/ShiftAST/computeExceptions()|>>,
  <<|java+class:///jparse/expr/TypeAST|,|java+class:///jparse/expr/IdentifierAST|>,220,<|java+method:///jparse/expr/IdentifierAST/setName(java.lang.String)|,|java+constructor:///jparse/expr/TypeAST/TypeAST(java.lang.String)|>>,
  <<|java+class:///jparse/expr/TypeAST|,|java+class:///jparse/expr/ExpressionAST|>,220,<|java+field:///jparse/expr/ExpressionAST/nonconstant|,|java+method:///jparse/expr/TypeAST/computeValue()|>>,
  <<|java+class:///jparse/expr/TypeAST|,|java+class:///jparse/JavaAST|>,220,<|java+field:///jparse/JavaAST/topLevel|,|java+method:///jparse/expr/TypeAST/computeType()|>>,
  <<|java+class:///jparse/expr/TypeAST|,|java+class:///jparse/expr/IdentifierAST|>,220,<|java+method:///jparse/expr/IdentifierAST/getName()|,|java+method:///jparse/expr/TypeAST/computeType()|>>,
  <<|java+class:///jparse/expr/TypeAST|,|java+class:///jparse/JavaAST|>,220,<|java+field:///jparse/JavaAST/noTypes|,|java+method:///jparse/expr/TypeAST/computeExceptions()|>>,
  <<|java+class:///jparse/expr/NewAST|,|java+class:///jparse/JavaAST|>,220,<|java+method:///jparse/JavaAST/parseComplete()|,|java+method:///jparse/expr/NewAST/parseComplete()|>>,
  <<|java+class:///jparse/expr/NewAST|,|java+class:///jparse/JavaAST|>,220,<|java+field:///jparse/JavaAST/context|,|java+method:///jparse/expr/NewAST/parseComplete()|>>,
  <<|java+class:///jparse/expr/NewAST|,|java+class:///jparse/expr/ExpressionAST|>,220,<|java+field:///jparse/expr/ExpressionAST/nonconstant|,|java+method:///jparse/expr/NewAST/computeValue()|>>,
  <<|java+class:///jparse/expr/NewAST|,|java+class:///jparse/JavaAST|>,220,<|java+field:///jparse/JavaAST/topLevel|,|java+method:///jparse/expr/NewAST/computeType()|>>,
  <<|java+class:///jparse/expr/NewAST|,|java+class:///jparse/expr/ExpressionAST|>,220,<|java+method:///jparse/expr/ExpressionAST/retrieveType()|,|java+method:///jparse/expr/NewAST/computeType()|>>,
  <<|java+class:///jparse/expr/NewAST|,|java+class:///jparse/JavaAST|>,220,<|java+field:///jparse/JavaAST/typeAST|,|java+method:///jparse/expr/NewAST/computeType()|>>,
  <<|java+class:///jparse/expr/NewAST|,|java+class:///jparse/expr/ExpressionAST|>,220,<|java+method:///jparse/expr/ExpressionAST/retrieveType()|,|java+method:///jparse/expr/NewAST/computeExceptions()|>>,
  <<|java+class:///jparse/expr/NewAST|,|java+class:///jparse/expr/ExpressionAST|>,220,<|java+method:///jparse/expr/ExpressionAST/getExceptionTypes()|,|java+method:///jparse/expr/NewAST/computeExceptions()|>>,
  <<|java+class:///jparse/expr/NewAST|,|java+class:///jparse/JavaAST|>,220,<|java+field:///jparse/JavaAST/noTypes|,|java+method:///jparse/expr/NewAST/computeExceptions()|>>,
  <<|java+class:///jparse/stmt/EmptyAST|,|java+class:///jparse/stmt/StatementAST|>,220,<|java+field:///jparse/stmt/StatementAST/next|,|java+method:///jparse/stmt/EmptyAST/computeControl()|>>,
  <<|java+class:///jparse/stmt/EmptyAST|,|java+class:///jparse/JavaAST|>,220,<|java+field:///jparse/JavaAST/noTypes|,|java+method:///jparse/stmt/EmptyAST/computeExceptions()|>>,
  <<|java+class:///jparse/stmt/CompoundAST|,|java+class:///jparse/stmt/StatementAST|>,220,<|java+method:///jparse/stmt/StatementAST/getVarList()|,|java+method:///jparse/stmt/CompoundAST/getVarList()|>>,
  <<|java+class:///jparse/stmt/CompoundAST|,|java+class:///jparse/stmt/StatementAST|>,220,<|java+method:///jparse/stmt/StatementAST/parseComplete()|,|java+method:///jparse/stmt/CompoundAST/parseComplete()|>>,
  <<|java+class:///jparse/stmt/CompoundAST|,|java+class:///jparse/JavaAST|>,220,<|java+field:///jparse/JavaAST/context|,|java+method:///jparse/stmt/CompoundAST/parseComplete()|>>,
  <<|java+class:///jparse/stmt/CompoundAST|,|java+class:///jparse/stmt/StatementAST|>,220,<|java+method:///jparse/stmt/StatementAST/nextControlPoints()|,|java+method:///jparse/stmt/CompoundAST/computeControl()|>>,
  <<|java+class:///jparse/stmt/CompoundAST|,|java+class:///jparse/stmt/StatementAST|>,220,<|java+field:///jparse/stmt/StatementAST/next|,|java+method:///jparse/stmt/CompoundAST/computeControl()|>>,
  <<|java+class:///jparse/stmt/CompoundAST|,|java+class:///jparse/JavaAST|>,220,<|java+field:///jparse/JavaAST/noTypes|,|java+method:///jparse/stmt/CompoundAST/computeExceptions()|>>,
  <<|java+class:///jparse/stmt/CompoundAST|,|java+class:///jparse/stmt/StatementAST|>,220,<|java+method:///jparse/stmt/StatementAST/getExceptionTypes()|,|java+method:///jparse/stmt/CompoundAST/computeExceptions()|>>,
  <<|java+class:///jparse/expr/StringLiteralAST|,|java+class:///jparse/expr/ExpressionAST|>,220,<|java+field:///jparse/expr/ExpressionAST/value|,|java+method:///jparse/expr/StringLiteralAST/computeValue()|>>,
  <<|java+class:///jparse/expr/StringLiteralAST|,|java+class:///jparse/expr/ExpressionAST|>,220,<|java+field:///jparse/expr/ExpressionAST/type|,|java+method:///jparse/expr/StringLiteralAST/computeType()|>>,
  <<|java+class:///jparse/expr/StringLiteralAST|,|java+class:///jparse/JavaAST|>,220,<|java+field:///jparse/JavaAST/noTypes|,|java+method:///jparse/expr/StringLiteralAST/computeExceptions()|>>,
  <<|java+class:///jparse/expr/StringLiteralAST|,|java+class:///jparse/expr/ExpressionAST|>,220,<|java+field:///jparse/expr/ExpressionAST/type|,|java+constructor:///jparse/expr/StringLiteralAST/StringLiteralAST(antlr.Token)|>>,
  <<|java+class:///jparse/expr/StringLiteralAST|,|java+class:///jparse/expr/ExpressionAST|>,220,<|java+field:///jparse/expr/ExpressionAST/value|,|java+constructor:///jparse/expr/StringLiteralAST/StringLiteralAST(antlr.Token)|>>,
  <<|java+class:///jparse/expr/ParenthesizedAST|,|java+class:///jparse/expr/ExpressionAST|>,220,<|java+method:///jparse/expr/ExpressionAST/getValue()|,|java+method:///jparse/expr/ParenthesizedAST/computeValue()|>>,
  <<|java+class:///jparse/expr/ParenthesizedAST|,|java+class:///jparse/JavaAST|>,220,<|java+method:///jparse/JavaAST/parseComplete()|,|java+method:///jparse/expr/ParenthesizedAST/parseComplete()|>>,
  <<|java+class:///jparse/expr/ParenthesizedAST|,|java+class:///jparse/expr/ExpressionAST|>,220,<|java+method:///jparse/expr/ExpressionAST/retrieveType()|,|java+method:///jparse/expr/ParenthesizedAST/computeType()|>>,
  <<|java+class:///jparse/expr/ParenthesizedAST|,|java+class:///jparse/expr/ExpressionAST|>,220,<|java+method:///jparse/expr/ExpressionAST/getExceptionTypes()|,|java+method:///jparse/expr/ParenthesizedAST/computeExceptions()|>>,
  <<|java+class:///jparse/expr/ParenthesizedAST|,|java+class:///jparse/expr/ExpressionAST|>,220,<|java+method:///jparse/expr/ExpressionAST/getVarList()|,|java+method:///jparse/expr/ParenthesizedAST/getVarList()|>>,
  <<|java+class:///jparse/stmt/ForAST|,|java+class:///jparse/stmt/StatementAST|>,220,<|java+method:///jparse/stmt/StatementAST/parseComplete()|,|java+method:///jparse/stmt/ForAST/parseComplete()|>>,
  <<|java+class:///jparse/stmt/ForAST|,|java+class:///jparse/JavaAST|>,220,<|java+method:///jparse/JavaAST/parseComplete()|,|java+method:///jparse/stmt/ForAST/parseComplete()|>>,
  <<|java+class:///jparse/stmt/ForAST|,|java+class:///jparse/JavaAST|>,220,<|java+field:///jparse/JavaAST/context|,|java+method:///jparse/stmt/ForAST/parseComplete()|>>,
  <<|java+class:///jparse/stmt/ForAST|,|java+class:///jparse/stmt/StatementAST|>,220,<|java+method:///jparse/stmt/StatementAST/nextControlPoints()|,|java+method:///jparse/stmt/ForAST/computeControl()|>>,
  <<|java+class:///jparse/stmt/ForAST|,|java+class:///jparse/stmt/StatementAST|>,220,<|java+method:///jparse/stmt/StatementAST/getExceptionTypes()|,|java+method:///jparse/stmt/ForAST/computeExceptions()|>>,
  <<|java+class:///jparse/stmt/ForAST|,|java+class:///jparse/stmt/StatementAST|>,220,<|java+method:///jparse/stmt/StatementAST/getVarList()|,|java+method:///jparse/stmt/ForAST/getVarList()|>>,
  <<|java+class:///jparse/expr/CharLiteralAST|,|java+class:///jparse/JavaAST|>,220,<|java+field:///jparse/JavaAST/noTypes|,|java+method:///jparse/expr/CharLiteralAST/computeExceptions()|>>,
  <<|java+class:///jparse/expr/CharLiteralAST|,|java+class:///jparse/expr/ExpressionAST|>,220,<|java+field:///jparse/expr/ExpressionAST/value|,|java+method:///jparse/expr/CharLiteralAST/computeValue()|>>,
  <<|java+class:///jparse/expr/CharLiteralAST|,|java+class:///jparse/expr/ExpressionAST|>,220,<|java+field:///jparse/expr/ExpressionAST/type|,|java+method:///jparse/expr/CharLiteralAST/computeType()|>>,
  <<|java+class:///jparse/expr/CharLiteralAST|,|java+class:///jparse/expr/ExpressionAST|>,220,<|java+field:///jparse/expr/ExpressionAST/type|,|java+constructor:///jparse/expr/CharLiteralAST/CharLiteralAST(antlr.Token)|>>,
  <<|java+class:///jparse/expr/CharLiteralAST|,|java+class:///jparse/expr/ExpressionAST|>,220,<|java+field:///jparse/expr/ExpressionAST/value|,|java+constructor:///jparse/expr/CharLiteralAST/CharLiteralAST(antlr.Token)|>>,
  <<|java+class:///jparse/stmt/ThrowAST|,|java+class:///jparse/stmt/StatementAST|>,220,<|java+field:///jparse/stmt/StatementAST/nonlocal|,|java+method:///jparse/stmt/ThrowAST/computeControl()|>>,
  <<|java+class:///jparse/stmt/ThrowAST|,|java+class:///jparse/stmt/StatementAST|>,220,<|java+method:///jparse/stmt/StatementAST/parseComplete()|,|java+method:///jparse/stmt/ThrowAST/parseComplete()|>>,
  <<|java+class:///jparse/stmt/ThrowAST|,|java+class:///jparse/JavaAST|>,220,<|java+method:///jparse/JavaAST/parseComplete()|,|java+method:///jparse/stmt/ThrowAST/parseComplete()|>>,
  <<|java+class:///jparse/stmt/AssertAST|,|java+class:///jparse/stmt/StatementAST|>,220,<|java+method:///jparse/stmt/StatementAST/parseComplete()|,|java+method:///jparse/stmt/AssertAST/parseComplete()|>>,
  <<|java+class:///jparse/stmt/AssertAST|,|java+class:///jparse/JavaAST|>,220,<|java+method:///jparse/JavaAST/parseComplete()|,|java+method:///jparse/stmt/AssertAST/parseComplete()|>>,
  <<|java+class:///jparse/stmt/AssertAST|,|java+class:///jparse/stmt/StatementAST|>,220,<|java+field:///jparse/stmt/StatementAST/next|,|java+method:///jparse/stmt/AssertAST/computeControl()|>>,
  <<|java+class:///jparse/stmt/DoWhileAST|,|java+class:///jparse/stmt/StatementAST|>,220,<|java+method:///jparse/stmt/StatementAST/getExceptionTypes()|,|java+method:///jparse/stmt/DoWhileAST/computeExceptions()|>>,
  <<|java+class:///jparse/stmt/DoWhileAST|,|java+class:///jparse/stmt/StatementAST|>,220,<|java+method:///jparse/stmt/StatementAST/getVarList()|,|java+method:///jparse/stmt/DoWhileAST/getVarList()|>>,
  <<|java+class:///jparse/stmt/DoWhileAST|,|java+class:///jparse/stmt/StatementAST|>,220,<|java+method:///jparse/stmt/StatementAST/parseComplete()|,|java+method:///jparse/stmt/DoWhileAST/parseComplete()|>>,
  <<|java+class:///jparse/stmt/DoWhileAST|,|java+class:///jparse/JavaAST|>,220,<|java+method:///jparse/JavaAST/parseComplete()|,|java+method:///jparse/stmt/DoWhileAST/parseComplete()|>>,
  <<|java+class:///jparse/stmt/DoWhileAST|,|java+class:///jparse/JavaAST|>,220,<|java+field:///jparse/JavaAST/context|,|java+method:///jparse/stmt/DoWhileAST/parseComplete()|>>,
  <<|java+class:///jparse/stmt/DoWhileAST|,|java+class:///jparse/stmt/StatementAST|>,220,<|java+method:///jparse/stmt/StatementAST/nextControlPoints()|,|java+method:///jparse/stmt/DoWhileAST/computeControl()|>>,
  <<|java+class:///jparse/expr/FloatLiteralAST|,|java+class:///jparse/JavaAST|>,220,<|java+field:///jparse/JavaAST/noTypes|,|java+method:///jparse/expr/FloatLiteralAST/computeExceptions()|>>,
  <<|java+class:///jparse/expr/FloatLiteralAST|,|java+class:///jparse/expr/ExpressionAST|>,220,<|java+field:///jparse/expr/ExpressionAST/value|,|java+method:///jparse/expr/FloatLiteralAST/computeValue()|>>,
  <<|java+class:///jparse/expr/FloatLiteralAST|,|java+class:///jparse/expr/ExpressionAST|>,220,<|java+field:///jparse/expr/ExpressionAST/type|,|java+method:///jparse/expr/FloatLiteralAST/parseComplete()|>>,
  <<|java+class:///jparse/expr/FloatLiteralAST|,|java+class:///jparse/JavaAST|>,220,<|java+field:///jparse/JavaAST/context|,|java+method:///jparse/expr/FloatLiteralAST/parseComplete()|>>,
  <<|java+class:///jparse/expr/FloatLiteralAST|,|java+class:///jparse/expr/ExpressionAST|>,220,<|java+field:///jparse/expr/ExpressionAST/value|,|java+method:///jparse/expr/FloatLiteralAST/parseComplete()|>>,
  <<|java+class:///jparse/expr/FloatLiteralAST|,|java+class:///jparse/expr/ExpressionAST|>,220,<|java+field:///jparse/expr/ExpressionAST/type|,|java+method:///jparse/expr/FloatLiteralAST/computeType()|>>,
  <<|java+class:///jparse/SourceType|,|java+class:///jparse/Type|>,220,<|java+method:///jparse/Type/getConstructor(jparse.Type%5B%5D,jparse.Type)|,|java+method:///jparse/SourceType/getConstructor(jparse.Type%5B%5D,jparse.Type)|>>,
  <<|java+class:///jparse/SourceType|,|java+class:///jparse/Type|>,220,<|java+method:///jparse/Type/varType(java.lang.String)|,|java+method:///jparse/SourceType/varType(java.lang.String)|>>,
  <<|java+class:///jparse/SourceType|,|java+class:///jparse/Type|>,220,<|java+method:///jparse/Type/getMethods()|,|java+method:///jparse/SourceType/getMethods()|>>,
  <<|java+class:///jparse/SourceType|,|java+class:///jparse/Type|>,220,<|java+method:///jparse/Type/forName(java.lang.String)|,|java+method:///jparse/SourceType/getArrayType()|>>,
  <<|java+class:///jparse/SourceType|,|java+class:///jparse/Type|>,220,<|java+method:///jparse/Type/forClass(java.lang.Class)|,|java+method:///jparse/SourceType/getSuperclass()|>>,
  <<|java+class:///jparse/SourceType|,|java+class:///jparse/Type|>,220,<|java+method:///jparse/Type/isAssignableFrom(jparse.Type)|,|java+method:///jparse/SourceType/isAssignableFrom(jparse.Type)|>>,
  <<|java+class:///jparse/SourceType|,|java+class:///jparse/Type|>,220,<|java+method:///jparse/Type/superInterfaceOf(jparse.Type)|,|java+method:///jparse/SourceType/isAssignableFrom(jparse.Type)|>>,
  <<|java+class:///jparse/SourceType|,|java+class:///jparse/Type|>,220,<|java+method:///jparse/Type/implementsInterface(jparse.Type)|,|java+method:///jparse/SourceType/isAssignableFrom(jparse.Type)|>>,
  <<|java+class:///jparse/SourceType|,|java+class:///jparse/Type|>,220,<|java+method:///jparse/Type/getComponentType()|,|java+method:///jparse/SourceType/isAssignableFrom(jparse.Type)|>>,
  <<|java+class:///jparse/SourceType|,|java+class:///jparse/Type|>,220,<|java+method:///jparse/Type/isPrimitive()|,|java+method:///jparse/SourceType/isAssignableFrom(jparse.Type)|>>,
  <<|java+class:///jparse/SourceType|,|java+class:///jparse/Type|>,220,<|java+method:///jparse/Type/superClassOf(jparse.Type)|,|java+method:///jparse/SourceType/isAssignableFrom(jparse.Type)|>>,
  <<|java+class:///jparse/SourceType|,|java+class:///jparse/Type|>,220,<|java+method:///jparse/Type/isInterface()|,|java+method:///jparse/SourceType/isAssignableFrom(jparse.Type)|>>,
  <<|java+class:///jparse/SourceType|,|java+class:///jparse/Type|>,220,<|java+method:///jparse/Type/isArray()|,|java+method:///jparse/SourceType/isAssignableFrom(jparse.Type)|>>,
  <<|java+class:///jparse/SourceType|,|java+class:///jparse/Type|>,220,<|java+method:///jparse/Type/getName()|,|java+method:///jparse/SourceType/getInner(java.lang.String)|>>,
  <<|java+class:///jparse/SourceType|,|java+class:///jparse/Type|>,220,<|java+field:///jparse/Type/objectType|,|java+method:///jparse/SourceType/anonCheckSuper()|>>,
  <<|java+class:///jparse/SourceType|,|java+class:///jparse/Type|>,220,<|java+method:///jparse/Type/isInterface()|,|java+method:///jparse/SourceType/anonCheckSuper()|>>,
  <<|java+class:///jparse/SourceType|,|java+class:///jparse/Type|>,220,<|java+method:///jparse/Type/forName(java.lang.String)|,|java+method:///jparse/SourceType/getComponentType()|>>,
  <<|java+class:///jparse/SourceType|,|java+class:///jparse/Type|>,220,<|java+method:///jparse/Type/mergeTypeLists(jparse.Type%5B%5D,jparse.Type%5B%5D)|,|java+method:///jparse/SourceType/getClasses()|>>,
  <<|java+class:///jparse/SourceType|,|java+class:///jparse/Type|>,220,<|java+method:///jparse/Type/getClasses()|,|java+method:///jparse/SourceType/getClasses()|>>,
  <<|java+class:///jparse/expr/AssignAST|,|java+class:///jparse/expr/ExpressionAST|>,220,<|java+method:///jparse/expr/ExpressionAST/getValue()|,|java+method:///jparse/expr/AssignAST/computeValue()|>>,
  <<|java+class:///jparse/expr/AssignAST|,|java+class:///jparse/expr/ExpressionAST|>,220,<|java+method:///jparse/expr/ExpressionAST/getExceptionTypes()|,|java+method:///jparse/expr/AssignAST/computeExceptions()|>>,
  <<|java+class:///jparse/expr/AssignAST|,|java+class:///jparse/JavaAST|>,220,<|java+method:///jparse/JavaAST/parseComplete()|,|java+method:///jparse/expr/AssignAST/parseComplete()|>>,
  <<|java+class:///jparse/expr/AssignAST|,|java+class:///jparse/expr/ExpressionAST|>,220,<|java+method:///jparse/expr/ExpressionAST/getVarList()|,|java+method:///jparse/expr/AssignAST/getVarList()|>>,
  <<|java+class:///jparse/expr/AssignAST|,|java+class:///jparse/expr/ExpressionAST|>,220,<|java+method:///jparse/expr/ExpressionAST/retrieveType()|,|java+method:///jparse/expr/AssignAST/computeType()|>>,
  <<|java+class:///jparse/ParameterAST|,|java+class:///jparse/JavaAST|>,220,<|java+field:///jparse/JavaAST/context|,|java+method:///jparse/ParameterAST/parseComplete()|>>
]