RESULTS LOG: 
INTERNAL REUSE TOTAL: 51 
<|java+class:///jparse/CompiledType|,|java+class:///jparse/Type|> 
<|java+class:///jparse/ConstrAST|,|java+class:///jparse/JavaAST|> 
<|java+class:///jparse/MethAST|,|java+class:///jparse/JavaAST|> 
<|java+class:///jparse/ParameterAST|,|java+class:///jparse/JavaAST|> 
<|java+class:///jparse/SourceType|,|java+class:///jparse/Type|> 
<|java+class:///jparse/TypeAST|,|java+class:///jparse/JavaAST|> 
<|java+class:///jparse/expr/ArithmeticAST|,|java+class:///jparse/expr/ExpressionAST|> 
<|java+class:///jparse/expr/ArrayInitAST|,|java+class:///jparse/expr/ExpressionAST|> 
<|java+class:///jparse/expr/AssignAST|,|java+class:///jparse/expr/ExpressionAST|> 
<|java+class:///jparse/expr/BitwiseAST|,|java+class:///jparse/expr/ExpressionAST|> 
<|java+class:///jparse/expr/BooleanAST|,|java+class:///jparse/expr/ExpressionAST|> 
<|java+class:///jparse/expr/BooleanLiteralAST|,|java+class:///jparse/expr/ExpressionAST|> 
<|java+class:///jparse/expr/CharLiteralAST|,|java+class:///jparse/expr/ExpressionAST|> 
<|java+class:///jparse/expr/ConditionalAST|,|java+class:///jparse/expr/ExpressionAST|> 
<|java+class:///jparse/expr/FloatLiteralAST|,|java+class:///jparse/expr/ExpressionAST|> 
<|java+class:///jparse/expr/IdentifierAST|,|java+class:///jparse/expr/ExpressionAST|> 
<|java+class:///jparse/expr/IndexAST|,|java+class:///jparse/expr/ExpressionAST|> 
<|java+class:///jparse/expr/InitializerAST|,|java+class:///jparse/expr/ExpressionAST|> 
<|java+class:///jparse/expr/ListAST|,|java+class:///jparse/expr/ExpressionAST|> 
<|java+class:///jparse/expr/MethodCallAST|,|java+class:///jparse/expr/ExpressionAST|> 
<|java+class:///jparse/expr/NewAST|,|java+class:///jparse/expr/ExpressionAST|> 
<|java+class:///jparse/expr/NullLiteralAST|,|java+class:///jparse/expr/ExpressionAST|> 
<|java+class:///jparse/expr/NumLiteralAST|,|java+class:///jparse/expr/ExpressionAST|> 
<|java+class:///jparse/expr/ParenthesizedAST|,|java+class:///jparse/expr/ExpressionAST|> 
<|java+class:///jparse/expr/ShiftAST|,|java+class:///jparse/expr/ExpressionAST|> 
<|java+class:///jparse/expr/StringLiteralAST|,|java+class:///jparse/expr/ExpressionAST|> 
<|java+class:///jparse/expr/TypeAST|,|java+class:///jparse/expr/IdentifierAST|> 
<|java+class:///jparse/expr/TypecastAST|,|java+class:///jparse/expr/ExpressionAST|> 
<|java+class:///jparse/expr/UnaryArithAST|,|java+class:///jparse/expr/ExpressionAST|> 
<|java+class:///jparse/expr/VarAST|,|java+class:///jparse/expr/IdentifierAST|> 
<|java+class:///jparse/stmt/AssertAST|,|java+class:///jparse/stmt/StatementAST|> 
<|java+class:///jparse/stmt/BreakAST|,|java+class:///jparse/stmt/StatementAST|> 
<|java+class:///jparse/stmt/CaseGroupAST|,|java+class:///jparse/stmt/StatementAST|> 
<|java+class:///jparse/stmt/CatchAST|,|java+class:///jparse/stmt/StatementAST|> 
<|java+class:///jparse/stmt/ClassAST|,|java+class:///jparse/stmt/StatementAST|> 
<|java+class:///jparse/stmt/CompoundAST|,|java+class:///jparse/stmt/StatementAST|> 
<|java+class:///jparse/stmt/ContinueAST|,|java+class:///jparse/stmt/StatementAST|> 
<|java+class:///jparse/stmt/DeclarationAST|,|java+class:///jparse/stmt/StatementAST|> 
<|java+class:///jparse/stmt/DoWhileAST|,|java+class:///jparse/stmt/StatementAST|> 
<|java+class:///jparse/stmt/EmptyAST|,|java+class:///jparse/stmt/StatementAST|> 
<|java+class:///jparse/stmt/ExpressionAST|,|java+class:///jparse/stmt/StatementAST|> 
<|java+class:///jparse/stmt/ForAST|,|java+class:///jparse/stmt/StatementAST|> 
<|java+class:///jparse/stmt/IfElseAST|,|java+class:///jparse/stmt/StatementAST|> 
<|java+class:///jparse/stmt/LabelAST|,|java+class:///jparse/stmt/StatementAST|> 
<|java+class:///jparse/stmt/ReturnAST|,|java+class:///jparse/stmt/StatementAST|> 
<|java+class:///jparse/stmt/StatementAST|,|java+class:///jparse/JavaAST|> 
<|java+class:///jparse/stmt/SwitchAST|,|java+class:///jparse/stmt/StatementAST|> 
<|java+class:///jparse/stmt/SynchronizedAST|,|java+class:///jparse/stmt/StatementAST|> 
<|java+class:///jparse/stmt/ThrowAST|,|java+class:///jparse/stmt/StatementAST|> 
<|java+class:///jparse/stmt/TryAST|,|java+class:///jparse/stmt/StatementAST|> 
<|java+class:///jparse/stmt/WhileAST|,|java+class:///jparse/stmt/StatementAST|> 

EXTERNAL REUSE TOTAL: 15 
<|java+class:///jparse/ModifierAST|,|java+class:///jparse/JavaAST|> 
<|java+class:///jparse/TypeAST|,|java+class:///jparse/JavaAST|> 
<|java+class:///jparse/expr/ExpressionAST|,|java+class:///jparse/JavaAST|> 
<|java+class:///jparse/expr/IdentifierAST|,|java+class:///jparse/expr/ExpressionAST|> 
<|java+class:///jparse/expr/InitializerAST|,|java+class:///jparse/expr/ExpressionAST|> 
<|java+class:///jparse/expr/ListAST|,|java+class:///jparse/expr/ExpressionAST|> 
<|java+class:///jparse/expr/MethodCallAST|,|java+class:///jparse/expr/ExpressionAST|> 
<|java+class:///jparse/expr/TypeAST|,|java+class:///jparse/expr/IdentifierAST|> 
<|java+class:///jparse/expr/UnaryArithAST|,|java+class:///jparse/expr/ExpressionAST|> 
<|java+class:///jparse/expr/VarAST|,|java+class:///jparse/expr/IdentifierAST|> 
<|java+class:///jparse/stmt/CaseGroupAST|,|java+class:///jparse/stmt/StatementAST|> 
<|java+class:///jparse/stmt/CatchAST|,|java+class:///jparse/stmt/StatementAST|> 
<|java+class:///jparse/stmt/CompoundAST|,|java+class:///jparse/stmt/StatementAST|> 
<|java+class:///jparse/stmt/LabelAST|,|java+class:///jparse/stmt/StatementAST|> 
<|java+class:///jparse/stmt/StatementAST|,|java+class:///jparse/JavaAST|> 

SUBTYPE TOTAL: 55 
<|java+class:///jparse/CompiledType|,|java+class:///jparse/Type|> 
<|java+class:///jparse/ConstrAST|,|java+class:///jparse/JavaAST|> 
<|java+class:///jparse/FileAST|,|java+class:///jparse/JavaAST|> 
<|java+class:///jparse/MethAST|,|java+class:///jparse/JavaAST|> 
<|java+class:///jparse/ModifierAST|,|java+class:///jparse/JavaAST|> 
<|java+class:///jparse/ParameterAST|,|java+class:///jparse/JavaAST|> 
<|java+class:///jparse/SourceType|,|java+class:///jparse/Type|> 
<|java+class:///jparse/TypeAST|,|java+class:///jparse/JavaAST|> 
<|java+class:///jparse/expr/ArithmeticAST|,|java+class:///jparse/expr/ExpressionAST|> 
<|java+class:///jparse/expr/ArrayInitAST|,|java+class:///jparse/expr/ExpressionAST|> 
<|java+class:///jparse/expr/AssignAST|,|java+class:///jparse/expr/ExpressionAST|> 
<|java+class:///jparse/expr/BitwiseAST|,|java+class:///jparse/expr/ExpressionAST|> 
<|java+class:///jparse/expr/BooleanAST|,|java+class:///jparse/expr/ExpressionAST|> 
<|java+class:///jparse/expr/BooleanLiteralAST|,|java+class:///jparse/expr/ExpressionAST|> 
<|java+class:///jparse/expr/CharLiteralAST|,|java+class:///jparse/expr/ExpressionAST|> 
<|java+class:///jparse/expr/ConditionalAST|,|java+class:///jparse/expr/ExpressionAST|> 
<|java+class:///jparse/expr/ExpressionAST|,|java+class:///jparse/JavaAST|> 
<|java+class:///jparse/expr/FloatLiteralAST|,|java+class:///jparse/expr/ExpressionAST|> 
<|java+class:///jparse/expr/IdentifierAST|,|java+class:///jparse/expr/ExpressionAST|> 
<|java+class:///jparse/expr/IndexAST|,|java+class:///jparse/expr/ExpressionAST|> 
<|java+class:///jparse/expr/InitializerAST|,|java+class:///jparse/expr/ExpressionAST|> 
<|java+class:///jparse/expr/ListAST|,|java+class:///jparse/expr/ExpressionAST|> 
<|java+class:///jparse/expr/MethodCallAST|,|java+class:///jparse/expr/ExpressionAST|> 
<|java+class:///jparse/expr/NewAST|,|java+class:///jparse/expr/ExpressionAST|> 
<|java+class:///jparse/expr/NullLiteralAST|,|java+class:///jparse/expr/ExpressionAST|> 
<|java+class:///jparse/expr/NumLiteralAST|,|java+class:///jparse/expr/ExpressionAST|> 
<|java+class:///jparse/expr/ParenthesizedAST|,|java+class:///jparse/expr/ExpressionAST|> 
<|java+class:///jparse/expr/ShiftAST|,|java+class:///jparse/expr/ExpressionAST|> 
<|java+class:///jparse/expr/StringLiteralAST|,|java+class:///jparse/expr/ExpressionAST|> 
<|java+class:///jparse/expr/ThisLiteralAST|,|java+class:///jparse/expr/IdentifierAST|> 
<|java+class:///jparse/expr/TypeAST|,|java+class:///jparse/expr/IdentifierAST|> 
<|java+class:///jparse/expr/TypecastAST|,|java+class:///jparse/expr/ExpressionAST|> 
<|java+class:///jparse/expr/UnaryArithAST|,|java+class:///jparse/expr/ExpressionAST|> 
<|java+class:///jparse/expr/VarAST|,|java+class:///jparse/expr/IdentifierAST|> 
<|java+class:///jparse/stmt/AssertAST|,|java+class:///jparse/stmt/StatementAST|> 
<|java+class:///jparse/stmt/BreakAST|,|java+class:///jparse/stmt/StatementAST|> 
<|java+class:///jparse/stmt/CaseGroupAST|,|java+class:///jparse/stmt/StatementAST|> 
<|java+class:///jparse/stmt/CatchAST|,|java+class:///jparse/stmt/StatementAST|> 
<|java+class:///jparse/stmt/ClassAST|,|java+class:///jparse/stmt/StatementAST|> 
<|java+class:///jparse/stmt/CompoundAST|,|java+class:///jparse/stmt/StatementAST|> 
<|java+class:///jparse/stmt/ContinueAST|,|java+class:///jparse/stmt/StatementAST|> 
<|java+class:///jparse/stmt/DeclarationAST|,|java+class:///jparse/stmt/StatementAST|> 
<|java+class:///jparse/stmt/DoWhileAST|,|java+class:///jparse/stmt/StatementAST|> 
<|java+class:///jparse/stmt/EmptyAST|,|java+class:///jparse/stmt/StatementAST|> 
<|java+class:///jparse/stmt/ExpressionAST|,|java+class:///jparse/stmt/StatementAST|> 
<|java+class:///jparse/stmt/ForAST|,|java+class:///jparse/stmt/StatementAST|> 
<|java+class:///jparse/stmt/IfElseAST|,|java+class:///jparse/stmt/StatementAST|> 
<|java+class:///jparse/stmt/LabelAST|,|java+class:///jparse/stmt/StatementAST|> 
<|java+class:///jparse/stmt/ReturnAST|,|java+class:///jparse/stmt/StatementAST|> 
<|java+class:///jparse/stmt/StatementAST|,|java+class:///jparse/JavaAST|> 
<|java+class:///jparse/stmt/SwitchAST|,|java+class:///jparse/stmt/StatementAST|> 
<|java+class:///jparse/stmt/SynchronizedAST|,|java+class:///jparse/stmt/StatementAST|> 
<|java+class:///jparse/stmt/ThrowAST|,|java+class:///jparse/stmt/StatementAST|> 
<|java+class:///jparse/stmt/TryAST|,|java+class:///jparse/stmt/StatementAST|> 
<|java+class:///jparse/stmt/WhileAST|,|java+class:///jparse/stmt/StatementAST|> 

DOWNCALL ACTUAL TOTAL: 0 

DOWNCALL CANDIDATE TOTAL: 0 

CONSTANT TOTAL: 0 

MARKER TOTAL: 0 

SUPER TOTAL: 49 
<|java+class:///jparse/FileAST|,|java+class:///jparse/JavaAST|> 
<|java+class:///jparse/ModifierAST|,|java+class:///jparse/JavaAST|> 
<|java+class:///jparse/TypeAST|,|java+class:///jparse/JavaAST|> 
<|java+class:///jparse/expr/ArithmeticAST|,|java+class:///jparse/expr/ExpressionAST|> 
<|java+class:///jparse/expr/ArrayInitAST|,|java+class:///jparse/expr/ExpressionAST|> 
<|java+class:///jparse/expr/AssignAST|,|java+class:///jparse/expr/ExpressionAST|> 
<|java+class:///jparse/expr/BitwiseAST|,|java+class:///jparse/expr/ExpressionAST|> 
<|java+class:///jparse/expr/BooleanAST|,|java+class:///jparse/expr/ExpressionAST|> 
<|java+class:///jparse/expr/BooleanLiteralAST|,|java+class:///jparse/expr/ExpressionAST|> 
<|java+class:///jparse/expr/CharLiteralAST|,|java+class:///jparse/expr/ExpressionAST|> 
<|java+class:///jparse/expr/ConditionalAST|,|java+class:///jparse/expr/ExpressionAST|> 
<|java+class:///jparse/expr/ExpressionAST|,|java+class:///jparse/JavaAST|> 
<|java+class:///jparse/expr/FloatLiteralAST|,|java+class:///jparse/expr/ExpressionAST|> 
<|java+class:///jparse/expr/IdentifierAST|,|java+class:///jparse/expr/ExpressionAST|> 
<|java+class:///jparse/expr/IndexAST|,|java+class:///jparse/expr/ExpressionAST|> 
<|java+class:///jparse/expr/InitializerAST|,|java+class:///jparse/expr/ExpressionAST|> 
<|java+class:///jparse/expr/ListAST|,|java+class:///jparse/expr/ExpressionAST|> 
<|java+class:///jparse/expr/MethodCallAST|,|java+class:///jparse/expr/ExpressionAST|> 
<|java+class:///jparse/expr/NewAST|,|java+class:///jparse/expr/ExpressionAST|> 
<|java+class:///jparse/expr/NullLiteralAST|,|java+class:///jparse/expr/ExpressionAST|> 
<|java+class:///jparse/expr/NumLiteralAST|,|java+class:///jparse/expr/ExpressionAST|> 
<|java+class:///jparse/expr/ParenthesizedAST|,|java+class:///jparse/expr/ExpressionAST|> 
<|java+class:///jparse/expr/ShiftAST|,|java+class:///jparse/expr/ExpressionAST|> 
<|java+class:///jparse/expr/StringLiteralAST|,|java+class:///jparse/expr/ExpressionAST|> 
<|java+class:///jparse/expr/ThisLiteralAST|,|java+class:///jparse/expr/IdentifierAST|> 
<|java+class:///jparse/expr/TypeAST|,|java+class:///jparse/expr/IdentifierAST|> 
<|java+class:///jparse/expr/TypecastAST|,|java+class:///jparse/expr/ExpressionAST|> 
<|java+class:///jparse/expr/UnaryArithAST|,|java+class:///jparse/expr/ExpressionAST|> 
<|java+class:///jparse/expr/VarAST|,|java+class:///jparse/expr/IdentifierAST|> 
<|java+class:///jparse/stmt/AssertAST|,|java+class:///jparse/stmt/StatementAST|> 
<|java+class:///jparse/stmt/BreakAST|,|java+class:///jparse/stmt/StatementAST|> 
<|java+class:///jparse/stmt/CaseGroupAST|,|java+class:///jparse/stmt/StatementAST|> 
<|java+class:///jparse/stmt/CatchAST|,|java+class:///jparse/stmt/StatementAST|> 
<|java+class:///jparse/stmt/ClassAST|,|java+class:///jparse/stmt/StatementAST|> 
<|java+class:///jparse/stmt/CompoundAST|,|java+class:///jparse/stmt/StatementAST|> 
<|java+class:///jparse/stmt/ContinueAST|,|java+class:///jparse/stmt/StatementAST|> 
<|java+class:///jparse/stmt/DoWhileAST|,|java+class:///jparse/stmt/StatementAST|> 
<|java+class:///jparse/stmt/EmptyAST|,|java+class:///jparse/stmt/StatementAST|> 
<|java+class:///jparse/stmt/ExpressionAST|,|java+class:///jparse/stmt/StatementAST|> 
<|java+class:///jparse/stmt/ForAST|,|java+class:///jparse/stmt/StatementAST|> 
<|java+class:///jparse/stmt/IfElseAST|,|java+class:///jparse/stmt/StatementAST|> 
<|java+class:///jparse/stmt/LabelAST|,|java+class:///jparse/stmt/StatementAST|> 
<|java+class:///jparse/stmt/ReturnAST|,|java+class:///jparse/stmt/StatementAST|> 
<|java+class:///jparse/stmt/StatementAST|,|java+class:///jparse/JavaAST|> 
<|java+class:///jparse/stmt/SwitchAST|,|java+class:///jparse/stmt/StatementAST|> 
<|java+class:///jparse/stmt/SynchronizedAST|,|java+class:///jparse/stmt/StatementAST|> 
<|java+class:///jparse/stmt/ThrowAST|,|java+class:///jparse/stmt/StatementAST|> 
<|java+class:///jparse/stmt/TryAST|,|java+class:///jparse/stmt/StatementAST|> 
<|java+class:///jparse/stmt/WhileAST|,|java+class:///jparse/stmt/StatementAST|> 

GENERIC TOTAL: 3 
<|java+class:///jparse/stmt/ClassAST|,|java+class:///jparse/stmt/StatementAST|> 
<|java+class:///jparse/stmt/CompoundAST|,|java+class:///jparse/stmt/StatementAST|> 
<|java+class:///jparse/stmt/EmptyAST|,|java+class:///jparse/stmt/StatementAST|> 

CATEGORY TOTAL: 0 

FRAMEWORK TOTAL: 8 
<|java+class:///jparse/ConstrAST|,|java+class:///jparse/JavaAST|> 
<|java+class:///jparse/FileAST|,|java+class:///jparse/JavaAST|> 
<|java+class:///jparse/MethAST|,|java+class:///jparse/JavaAST|> 
<|java+class:///jparse/ModifierAST|,|java+class:///jparse/JavaAST|> 
<|java+class:///jparse/ParameterAST|,|java+class:///jparse/JavaAST|> 
<|java+class:///jparse/TypeAST|,|java+class:///jparse/JavaAST|> 
<|java+class:///jparse/expr/ExpressionAST|,|java+class:///jparse/JavaAST|> 
<|java+class:///jparse/stmt/StatementAST|,|java+class:///jparse/JavaAST|> 

DOWNCALL TOTAL: 44 
<|java+class:///jparse/CompiledType|,|java+class:///jparse/Type|> 
<|java+class:///jparse/SourceType|,|java+class:///jparse/Type|> 
<|java+class:///jparse/expr/ArithmeticAST|,|java+class:///jparse/expr/ExpressionAST|> 
<|java+class:///jparse/expr/ArrayInitAST|,|java+class:///jparse/expr/ExpressionAST|> 
<|java+class:///jparse/expr/AssignAST|,|java+class:///jparse/expr/ExpressionAST|> 
<|java+class:///jparse/expr/BitwiseAST|,|java+class:///jparse/expr/ExpressionAST|> 
<|java+class:///jparse/expr/BooleanAST|,|java+class:///jparse/expr/ExpressionAST|> 
<|java+class:///jparse/expr/BooleanLiteralAST|,|java+class:///jparse/expr/ExpressionAST|> 
<|java+class:///jparse/expr/CharLiteralAST|,|java+class:///jparse/expr/ExpressionAST|> 
<|java+class:///jparse/expr/ConditionalAST|,|java+class:///jparse/expr/ExpressionAST|> 
<|java+class:///jparse/expr/FloatLiteralAST|,|java+class:///jparse/expr/ExpressionAST|> 
<|java+class:///jparse/expr/IdentifierAST|,|java+class:///jparse/expr/ExpressionAST|> 
<|java+class:///jparse/expr/IndexAST|,|java+class:///jparse/expr/ExpressionAST|> 
<|java+class:///jparse/expr/InitializerAST|,|java+class:///jparse/expr/ExpressionAST|> 
<|java+class:///jparse/expr/ListAST|,|java+class:///jparse/expr/ExpressionAST|> 
<|java+class:///jparse/expr/MethodCallAST|,|java+class:///jparse/expr/ExpressionAST|> 
<|java+class:///jparse/expr/NewAST|,|java+class:///jparse/expr/ExpressionAST|> 
<|java+class:///jparse/expr/NullLiteralAST|,|java+class:///jparse/expr/ExpressionAST|> 
<|java+class:///jparse/expr/NumLiteralAST|,|java+class:///jparse/expr/ExpressionAST|> 
<|java+class:///jparse/expr/ParenthesizedAST|,|java+class:///jparse/expr/ExpressionAST|> 
<|java+class:///jparse/expr/ShiftAST|,|java+class:///jparse/expr/ExpressionAST|> 
<|java+class:///jparse/expr/StringLiteralAST|,|java+class:///jparse/expr/ExpressionAST|> 
<|java+class:///jparse/expr/TypecastAST|,|java+class:///jparse/expr/ExpressionAST|> 
<|java+class:///jparse/expr/UnaryArithAST|,|java+class:///jparse/expr/ExpressionAST|> 
<|java+class:///jparse/stmt/AssertAST|,|java+class:///jparse/stmt/StatementAST|> 
<|java+class:///jparse/stmt/BreakAST|,|java+class:///jparse/stmt/StatementAST|> 
<|java+class:///jparse/stmt/CaseGroupAST|,|java+class:///jparse/stmt/StatementAST|> 
<|java+class:///jparse/stmt/CatchAST|,|java+class:///jparse/stmt/StatementAST|> 
<|java+class:///jparse/stmt/ClassAST|,|java+class:///jparse/stmt/StatementAST|> 
<|java+class:///jparse/stmt/CompoundAST|,|java+class:///jparse/stmt/StatementAST|> 
<|java+class:///jparse/stmt/ContinueAST|,|java+class:///jparse/stmt/StatementAST|> 
<|java+class:///jparse/stmt/DeclarationAST|,|java+class:///jparse/stmt/StatementAST|> 
<|java+class:///jparse/stmt/DoWhileAST|,|java+class:///jparse/stmt/StatementAST|> 
<|java+class:///jparse/stmt/EmptyAST|,|java+class:///jparse/stmt/StatementAST|> 
<|java+class:///jparse/stmt/ExpressionAST|,|java+class:///jparse/stmt/StatementAST|> 
<|java+class:///jparse/stmt/ForAST|,|java+class:///jparse/stmt/StatementAST|> 
<|java+class:///jparse/stmt/IfElseAST|,|java+class:///jparse/stmt/StatementAST|> 
<|java+class:///jparse/stmt/LabelAST|,|java+class:///jparse/stmt/StatementAST|> 
<|java+class:///jparse/stmt/ReturnAST|,|java+class:///jparse/stmt/StatementAST|> 
<|java+class:///jparse/stmt/SwitchAST|,|java+class:///jparse/stmt/StatementAST|> 
<|java+class:///jparse/stmt/SynchronizedAST|,|java+class:///jparse/stmt/StatementAST|> 
<|java+class:///jparse/stmt/ThrowAST|,|java+class:///jparse/stmt/StatementAST|> 
<|java+class:///jparse/stmt/TryAST|,|java+class:///jparse/stmt/StatementAST|> 
<|java+class:///jparse/stmt/WhileAST|,|java+class:///jparse/stmt/StatementAST|> 




INTERNAL REUSE TOTAL: 0 

EXTERNAL REUSE TOTAL: 1 
<|java+class:///jparse/JavaLexer|,|java+interface:///jparse/JavaTokenTypes|> 

SUBTYPE TOTAL: 6 
<|java+class:///jparse/CompiledConstructor|,|java+interface:///jparse/Constructor|> 
<|java+class:///jparse/CompiledMethod|,|java+interface:///jparse/Method|> 
<|java+class:///jparse/ConstrAST|,|java+interface:///jparse/Constructor|> 
<|java+class:///jparse/MethAST|,|java+interface:///jparse/Method|> 
<|java+class:///jparse/expr/ExpressionAST|,|java+interface:///jparse/HasExceptions|> 
<|java+class:///jparse/stmt/StatementAST|,|java+interface:///jparse/HasExceptions|> 

DOWNCALL ACTUAL TOTAL: 0 

DOWNCALL CANDIDATE TOTAL: 0 

CONSTANT TOTAL: 35 
<|java+class:///jparse/ConstrAST|,|java+interface:///jparse/JavaTokenTypes|> 
<|java+class:///jparse/FileAST|,|java+interface:///jparse/JavaTokenTypes|> 
<|java+class:///jparse/JavaLexer|,|java+interface:///jparse/JavaTokenTypes|> 
<|java+class:///jparse/JavaParser|,|java+interface:///jparse/JavaTokenTypes|> 
<|java+class:///jparse/MethAST|,|java+interface:///jparse/JavaTokenTypes|> 
<|java+class:///jparse/ModifierAST|,|java+interface:///jparse/JavaTokenTypes|> 
<|java+class:///jparse/ParameterAST|,|java+interface:///jparse/JavaTokenTypes|> 
<|java+class:///jparse/TypeAST|,|java+interface:///jparse/JavaTokenTypes|> 
<|java+class:///jparse/expr/ArithmeticAST|,|java+interface:///jparse/JavaTokenTypes|> 
<|java+class:///jparse/expr/ArrayInitAST|,|java+interface:///jparse/JavaTokenTypes|> 
<|java+class:///jparse/expr/AssignAST|,|java+interface:///jparse/JavaTokenTypes|> 
<|java+class:///jparse/expr/BitwiseAST|,|java+interface:///jparse/JavaTokenTypes|> 
<|java+class:///jparse/expr/BooleanAST|,|java+interface:///jparse/JavaTokenTypes|> 
<|java+class:///jparse/expr/IdentifierAST|,|java+interface:///jparse/JavaTokenTypes|> 
<|java+class:///jparse/expr/IndexAST|,|java+interface:///jparse/JavaTokenTypes|> 
<|java+class:///jparse/expr/ListAST|,|java+interface:///jparse/JavaTokenTypes|> 
<|java+class:///jparse/expr/MethodCallAST|,|java+interface:///jparse/JavaTokenTypes|> 
<|java+class:///jparse/expr/NewAST|,|java+interface:///jparse/JavaTokenTypes|> 
<|java+class:///jparse/expr/ParenthesizedAST|,|java+interface:///jparse/JavaTokenTypes|> 
<|java+class:///jparse/expr/ShiftAST|,|java+interface:///jparse/JavaTokenTypes|> 
<|java+class:///jparse/expr/TypeAST|,|java+interface:///jparse/JavaTokenTypes|> 
<|java+class:///jparse/expr/TypecastAST|,|java+interface:///jparse/JavaTokenTypes|> 
<|java+class:///jparse/expr/UnaryArithAST|,|java+interface:///jparse/JavaTokenTypes|> 
<|java+class:///jparse/expr/VarAST|,|java+interface:///jparse/JavaTokenTypes|> 
<|java+class:///jparse/stmt/CaseGroupAST|,|java+interface:///jparse/JavaTokenTypes|> 
<|java+class:///jparse/stmt/ClassAST|,|java+interface:///jparse/JavaTokenTypes|> 
<|java+class:///jparse/stmt/CompoundAST|,|java+interface:///jparse/JavaTokenTypes|> 
<|java+class:///jparse/stmt/DeclarationAST|,|java+interface:///jparse/JavaTokenTypes|> 
<|java+class:///jparse/stmt/EmptyAST|,|java+interface:///jparse/JavaTokenTypes|> 
<|java+class:///jparse/stmt/ExpressionAST|,|java+interface:///jparse/JavaTokenTypes|> 
<|java+class:///jparse/stmt/ForAST|,|java+interface:///jparse/JavaTokenTypes|> 
<|java+class:///jparse/stmt/LabelAST|,|java+interface:///jparse/JavaTokenTypes|> 
<|java+class:///jparse/stmt/ReturnAST|,|java+interface:///jparse/JavaTokenTypes|> 
<|java+class:///jparse/stmt/SwitchAST|,|java+interface:///jparse/JavaTokenTypes|> 
<|java+class:///jparse/stmt/TryAST|,|java+interface:///jparse/JavaTokenTypes|> 

MARKER TOTAL: 0 

SUPER TOTAL: 0 

GENERIC TOTAL: 1 
<|java+class:///jparse/MethAST|,|java+interface:///jparse/Method|> 

CATEGORY TOTAL: 0 

FRAMEWORK TOTAL: 0 

DOWNCALL TOTAL: 0 




INTERNAL REUSE TOTAL: 0 

EXTERNAL REUSE TOTAL: 2 
<|java+interface:///jparse/Constructor|,|java+interface:///jparse/HasExceptions|> 
<|java+interface:///jparse/Method|,|java+interface:///jparse/HasExceptions|> 

SUBTYPE TOTAL: 1 
<|java+interface:///jparse/Method|,|java+interface:///jparse/HasExceptions|> 

DOWNCALL ACTUAL TOTAL: 0 

DOWNCALL CANDIDATE TOTAL: 0 

CONSTANT TOTAL: 0 

MARKER TOTAL: 0 

SUPER TOTAL: 0 

GENERIC TOTAL: 0 

CATEGORY TOTAL: 0 

FRAMEWORK TOTAL: 0 

DOWNCALL TOTAL: 0 




