{
  <<|java+class:///org/sablecc/sablecc/node/PAstAlt|,|java+class:///org/sablecc/sablecc/node/Node|>,2,|java+class:///java/lang/Object|>,
  <<|java+class:///org/sablecc/sablecc/analysis/ReversedDepthFirstAdapter|,|java+class:///org/sablecc/sablecc/analysis/AnalysisAdapter|>,2,|java+interface:///org/sablecc/sablecc/node/Switch|>,
  <<|java+class:///org/sablecc/sablecc/node/TTokens|,|java+class:///org/sablecc/sablecc/node/Token|>,2,|java+class:///org/sablecc/sablecc/node/Node|>,
  <<|java+class:///org/sablecc/sablecc/node/AOperationSet|,|java+class:///org/sablecc/sablecc/node/PSet|>,2,|java+class:///org/sablecc/sablecc/node/Node|>,
  <<|java+class:///org/sablecc/sablecc/node/TPlus|,|java+class:///org/sablecc/sablecc/node/Token|>,2,|java+class:///org/sablecc/sablecc/node/Node|>,
  <<|java+class:///org/sablecc/sablecc/node/PSpecifier|,|java+class:///org/sablecc/sablecc/node/Node|>,2,|java+class:///org/sablecc/sablecc/node/Node|>,
  <<|java+class:///org/sablecc/sablecc/node/PAlt|,|java+class:///org/sablecc/sablecc/node/Node|>,2,|java+class:///java/lang/Object|>,
  <<|java+class:///org/sablecc/sablecc/parser/TokenIndex|,|java+class:///org/sablecc/sablecc/analysis/AnalysisAdapter|>,2,|java+interface:///org/sablecc/sablecc/node/Switch|>,
  <<|java+class:///org/sablecc/sablecc/node/APlusBinOp|,|java+class:///org/sablecc/sablecc/node/PBinOp|>,2,|java+class:///org/sablecc/sablecc/node/Node|>,
  <<|java+class:///org/sablecc/sablecc/node/TRBrace|,|java+class:///org/sablecc/sablecc/node/Token|>,2,|java+class:///java/lang/Object|>,
  <<|java+class:///org/sablecc/sablecc/node/TProductionSpecifier|,|java+class:///org/sablecc/sablecc/node/Token|>,2,|java+class:///org/sablecc/sablecc/node/Node|>,
  <<|java+class:///org/sablecc/sablecc/node/TId|,|java+class:///org/sablecc/sablecc/node/Token|>,2,|java+class:///org/sablecc/sablecc/node/Node|>,
  <<|java+class:///org/sablecc/sablecc/AlternativeElementTypes|,|java+class:///org/sablecc/sablecc/analysis/DepthFirstAdapter|>,2,|java+interface:///org/sablecc/sablecc/node/Switch|>,
  <<|java+class:///org/sablecc/sablecc/node/AQMarkUnOp|,|java+class:///org/sablecc/sablecc/node/PUnOp|>,2,|java+class:///org/sablecc/sablecc/node/Node|>,
  <<|java+class:///org/sablecc/sablecc/node/PStateListTail|,|java+class:///org/sablecc/sablecc/node/Node|>,2,|java+class:///org/sablecc/sablecc/node/Node|>,
  <<|java+class:///org/sablecc/sablecc/node/THelpers|,|java+class:///org/sablecc/sablecc/node/Token|>,2,|java+class:///org/sablecc/sablecc/node/Node|>,
  <<|java+class:///org/sablecc/sablecc/node/PBinOp|,|java+class:///org/sablecc/sablecc/node/Node|>,2,|java+class:///java/lang/Object|>,
  <<|java+class:///org/sablecc/sablecc/GenTokens|,|java+class:///org/sablecc/sablecc/analysis/DepthFirstAdapter|>,2,|java+interface:///org/sablecc/sablecc/node/Switch|>,
  <<|java+class:///org/sablecc/sablecc/node/AStateList|,|java+class:///org/sablecc/sablecc/node/PStateList|>,2,|java+class:///java/lang/Object|>,
  <<|java+class:///org/sablecc/sablecc/node/AProd|,|java+class:///org/sablecc/sablecc/node/PProd|>,2,|java+class:///java/lang/Object|>,
  <<|java+class:///org/sablecc/sablecc/node/AAst|,|java+class:///org/sablecc/sablecc/node/PAst|>,2,|java+class:///org/sablecc/sablecc/node/Node|>,
  <<|java+class:///org/sablecc/sablecc/node/APlusUnOp|,|java+class:///org/sablecc/sablecc/node/PUnOp|>,2,|java+class:///org/sablecc/sablecc/node/Node|>,
  <<|java+class:///org/sablecc/sablecc/node/TSyntax|,|java+class:///org/sablecc/sablecc/node/Token|>,2,|java+class:///java/lang/Object|>,
  <<|java+class:///org/sablecc/sablecc/node/AStarUnOp|,|java+class:///org/sablecc/sablecc/node/PUnOp|>,2,|java+class:///java/lang/Object|>,
  <<|java+class:///org/sablecc/sablecc/node/PGrammar|,|java+class:///org/sablecc/sablecc/node/Node|>,2,|java+class:///java/lang/Object|>,
  <<|java+class:///org/sablecc/sablecc/node/TypedLinkedList|,|java+class:///java/util/LinkedList|>,2,|java+interface:///java/util/List|>,
  <<|java+class:///org/sablecc/sablecc/node/TRBkt|,|java+class:///org/sablecc/sablecc/node/Token|>,2,|java+class:///org/sablecc/sablecc/node/Node|>,
  <<|java+class:///org/sablecc/sablecc/node/AGrammar|,|java+class:///org/sablecc/sablecc/node/PGrammar|>,2,|java+class:///java/lang/Object|>,
  <<|java+class:///org/sablecc/sablecc/node/TStates|,|java+class:///org/sablecc/sablecc/node/Token|>,2,|java+class:///java/lang/Object|>,
  <<|java+class:///org/sablecc/sablecc/node/ASimpleTerm|,|java+class:///org/sablecc/sablecc/node/PTerm|>,2,|java+class:///org/sablecc/sablecc/node/Node|>,
  <<|java+class:///org/sablecc/sablecc/GenProds|,|java+class:///org/sablecc/sablecc/analysis/DepthFirstAdapter|>,2,|java+interface:///org/sablecc/sablecc/node/Switch|>,
  <<|java+class:///org/sablecc/sablecc/node/AProductionSpecifier|,|java+class:///org/sablecc/sablecc/node/PSpecifier|>,2,|java+class:///java/lang/Object|>,
  <<|java+class:///org/sablecc/sablecc/TypedTreeMap/EntrySet|,|java+class:///java/util/AbstractSet|>,2,|java+interface:///java/util/Set|>,
  <<|java+class:///org/sablecc/sablecc/node/TAbstract|,|java+class:///org/sablecc/sablecc/node/Token|>,2,|java+class:///java/lang/Object|>,
  <<|java+class:///org/sablecc/sablecc/node/AProdName|,|java+class:///org/sablecc/sablecc/node/PProdName|>,2,|java+class:///java/lang/Object|>,
  <<|java+class:///org/sablecc/sablecc/ResolveIds|,|java+class:///org/sablecc/sablecc/analysis/DepthFirstAdapter|>,2,|java+interface:///org/sablecc/sablecc/node/Switch|>,
  <<|java+class:///org/sablecc/sablecc/TypedHashMap|,|java+class:///java/util/HashMap|>,2,|java+interface:///java/util/Map|>,
  <<|java+class:///org/sablecc/sablecc/node/TChar|,|java+class:///org/sablecc/sablecc/node/Token|>,2,|java+class:///org/sablecc/sablecc/node/Node|>,
  <<|java+class:///org/sablecc/sablecc/node/TNew|,|java+class:///org/sablecc/sablecc/node/Token|>,2,|java+class:///org/sablecc/sablecc/node/Node|>,
  <<|java+class:///org/sablecc/sablecc/node/PProductions|,|java+class:///org/sablecc/sablecc/node/Node|>,2,|java+class:///org/sablecc/sablecc/node/Node|>,
  <<|java+class:///org/sablecc/sablecc/node/PHelpers|,|java+class:///org/sablecc/sablecc/node/Node|>,2,|java+class:///java/lang/Object|>,
  <<|java+class:///org/sablecc/sablecc/node/ADecChar|,|java+class:///org/sablecc/sablecc/node/PChar|>,2,|java+class:///org/sablecc/sablecc/node/Node|>,
  <<|java+class:///org/sablecc/sablecc/node/PAltTransform|,|java+class:///org/sablecc/sablecc/node/Node|>,2,|java+class:///java/lang/Object|>,
  <<|java+class:///org/sablecc/sablecc/node/ATokens|,|java+class:///org/sablecc/sablecc/node/PTokens|>,2,|java+class:///org/sablecc/sablecc/node/Node|>,
  <<|java+class:///org/sablecc/sablecc/TypedTreeMap|,|java+class:///java/util/TreeMap|>,2,|java+interface:///java/util/Map|>,
  <<|java+class:///org/sablecc/sablecc/node/AHelperDef|,|java+class:///org/sablecc/sablecc/node/PHelperDef|>,2,|java+class:///java/lang/Object|>,
  <<|java+class:///org/sablecc/sablecc/node/TPkgId|,|java+class:///org/sablecc/sablecc/node/Token|>,2,|java+class:///java/lang/Object|>,
  <<|java+class:///org/sablecc/sablecc/node/AHexChar|,|java+class:///org/sablecc/sablecc/node/PChar|>,2,|java+class:///java/lang/Object|>,
  <<|java+class:///org/sablecc/sablecc/ConstructNFA|,|java+class:///org/sablecc/sablecc/analysis/DepthFirstAdapter|>,2,|java+interface:///org/sablecc/sablecc/node/Switch|>,
  <<|java+class:///org/sablecc/sablecc/node/PProdName|,|java+class:///org/sablecc/sablecc/node/Node|>,2,|java+class:///java/lang/Object|>,
  <<|java+class:///org/sablecc/sablecc/node/AAlt|,|java+class:///org/sablecc/sablecc/node/PAlt|>,2,|java+class:///java/lang/Object|>,
  <<|java+class:///org/sablecc/sablecc/node/PUnExp|,|java+class:///org/sablecc/sablecc/node/Node|>,2,|java+class:///java/lang/Object|>,
  <<|java+class:///org/sablecc/sablecc/node/AStringBasic|,|java+class:///org/sablecc/sablecc/node/PBasic|>,2,|java+class:///java/lang/Object|>,
  <<|java+class:///org/sablecc/sablecc/node/TPackage|,|java+class:///org/sablecc/sablecc/node/Token|>,2,|java+class:///java/lang/Object|>,
  <<|java+class:///org/sablecc/sablecc/node/PStates|,|java+class:///org/sablecc/sablecc/node/Node|>,2,|java+class:///java/lang/Object|>,
  <<|java+class:///org/sablecc/sablecc/node/TQMark|,|java+class:///org/sablecc/sablecc/node/Token|>,2,|java+class:///org/sablecc/sablecc/node/Node|>,
  <<|java+class:///org/sablecc/sablecc/analysis/DepthFirstAdapter|,|java+class:///org/sablecc/sablecc/analysis/AnalysisAdapter|>,2,|java+interface:///org/sablecc/sablecc/node/Switch|>,
  <<|java+class:///org/sablecc/sablecc/node/AIntervalSet|,|java+class:///org/sablecc/sablecc/node/PSet|>,2,|java+class:///org/sablecc/sablecc/node/Node|>,
  <<|java+class:///org/sablecc/sablecc/node/PUnOp|,|java+class:///org/sablecc/sablecc/node/Node|>,2,|java+class:///org/sablecc/sablecc/node/Node|>,
  <<|java+class:///org/sablecc/sablecc/node/PTokens|,|java+class:///org/sablecc/sablecc/node/Node|>,2,|java+class:///org/sablecc/sablecc/node/Node|>,
  <<|java+class:///org/sablecc/sablecc/node/TLBkt|,|java+class:///org/sablecc/sablecc/node/Token|>,2,|java+class:///java/lang/Object|>,
  <<|java+class:///org/sablecc/sablecc/node/ARegExpBasic|,|java+class:///org/sablecc/sablecc/node/PBasic|>,2,|java+class:///org/sablecc/sablecc/node/Node|>,
  <<|java+class:///org/sablecc/sablecc/node/TDot|,|java+class:///org/sablecc/sablecc/node/Token|>,2,|java+class:///java/lang/Object|>,
  <<|java+class:///org/sablecc/sablecc/node/TArrow|,|java+class:///org/sablecc/sablecc/node/Token|>,2,|java+class:///java/lang/Object|>,
  <<|java+class:///org/sablecc/sablecc/node/ATransition|,|java+class:///org/sablecc/sablecc/node/PTransition|>,2,|java+class:///org/sablecc/sablecc/node/Node|>,
  <<|java+class:///org/sablecc/sablecc/node/ATokenSpecifier|,|java+class:///org/sablecc/sablecc/node/PSpecifier|>,2,|java+class:///java/lang/Object|>,
  <<|java+class:///org/sablecc/sablecc/node/TLPar|,|java+class:///org/sablecc/sablecc/node/Token|>,2,|java+class:///org/sablecc/sablecc/node/Node|>,
  <<|java+class:///org/sablecc/sablecc/node/TComment|,|java+class:///org/sablecc/sablecc/node/Token|>,2,|java+class:///org/sablecc/sablecc/node/Node|>,
  <<|java+class:///org/sablecc/sablecc/AltTransformAdapter|,|java+class:///org/sablecc/sablecc/analysis/DepthFirstAdapter|>,2,|java+interface:///org/sablecc/sablecc/node/Switch|>,
  <<|java+class:///org/sablecc/sablecc/node/TColon|,|java+class:///org/sablecc/sablecc/node/Token|>,2,|java+class:///org/sablecc/sablecc/node/Node|>,
  <<|java+class:///org/sablecc/sablecc/node/TTree|,|java+class:///org/sablecc/sablecc/node/Token|>,2,|java+class:///java/lang/Object|>,
  <<|java+class:///org/sablecc/sablecc/node/PSet|,|java+class:///org/sablecc/sablecc/node/Node|>,2,|java+class:///java/lang/Object|>,
  <<|java+class:///org/sablecc/sablecc/node/PAst|,|java+class:///org/sablecc/sablecc/node/Node|>,2,|java+class:///java/lang/Object|>,
  <<|java+class:///org/sablecc/sablecc/node/ACharChar|,|java+class:///org/sablecc/sablecc/node/PChar|>,2,|java+class:///java/lang/Object|>,
  <<|java+class:///org/sablecc/sablecc/node/TBar|,|java+class:///org/sablecc/sablecc/node/Token|>,2,|java+class:///java/lang/Object|>,
  <<|java+class:///org/sablecc/sablecc/node/PElem|,|java+class:///org/sablecc/sablecc/node/Node|>,2,|java+class:///java/lang/Object|>,
  <<|java+class:///org/sablecc/sablecc/node/ARegExp|,|java+class:///org/sablecc/sablecc/node/PRegExp|>,2,|java+class:///java/lang/Object|>,
  <<|java+class:///org/sablecc/sablecc/node/ANullTerm|,|java+class:///org/sablecc/sablecc/node/PTerm|>,2,|java+class:///org/sablecc/sablecc/node/Node|>,
  <<|java+class:///org/sablecc/sablecc/node/AHelpers|,|java+class:///org/sablecc/sablecc/node/PHelpers|>,2,|java+class:///java/lang/Object|>,
  <<|java+class:///org/sablecc/sablecc/TypedHashMap|,|java+class:///java/util/HashMap|>,2,|java+class:///java/lang/Object|>,
  <<|java+class:///org/sablecc/sablecc/node/PConcat|,|java+class:///org/sablecc/sablecc/node/Node|>,2,|java+class:///org/sablecc/sablecc/node/Node|>,
  <<|java+class:///org/sablecc/sablecc/node/AProductions|,|java+class:///org/sablecc/sablecc/node/PProductions|>,2,|java+class:///org/sablecc/sablecc/node/Node|>,
  <<|java+class:///org/sablecc/sablecc/node/TStar|,|java+class:///org/sablecc/sablecc/node/Token|>,2,|java+class:///org/sablecc/sablecc/node/Node|>,
  <<|java+class:///org/sablecc/sablecc/node/ANewListTerm|,|java+class:///org/sablecc/sablecc/node/PListTerm|>,2,|java+class:///org/sablecc/sablecc/node/Node|>,
  <<|java+class:///org/sablecc/sablecc/node/AConcat|,|java+class:///org/sablecc/sablecc/node/PConcat|>,2,|java+class:///java/lang/Object|>,
  <<|java+class:///org/sablecc/sablecc/node/ASimpleListTerm|,|java+class:///org/sablecc/sablecc/node/PListTerm|>,2,|java+class:///java/lang/Object|>,
  <<|java+class:///org/sablecc/sablecc/node/TSlash|,|java+class:///org/sablecc/sablecc/node/Token|>,2,|java+class:///org/sablecc/sablecc/node/Node|>,
  <<|java+class:///org/sablecc/sablecc/node/AAstAlt|,|java+class:///org/sablecc/sablecc/node/PAstAlt|>,2,|java+class:///java/lang/Object|>,
  <<|java+class:///org/sablecc/sablecc/node/AElem|,|java+class:///org/sablecc/sablecc/node/PElem|>,2,|java+class:///java/lang/Object|>,
  <<|java+class:///org/sablecc/sablecc/node/PTransition|,|java+class:///org/sablecc/sablecc/node/Node|>,2,|java+class:///org/sablecc/sablecc/node/Node|>,
  <<|java+class:///org/sablecc/sablecc/node/TIgnored|,|java+class:///org/sablecc/sablecc/node/Token|>,2,|java+class:///java/lang/Object|>,
  <<|java+class:///org/sablecc/sablecc/node/EOF|,|java+class:///org/sablecc/sablecc/node/Token|>,2,|java+class:///java/lang/Object|>,
  <<|java+class:///org/sablecc/sablecc/node/ASetBasic|,|java+class:///org/sablecc/sablecc/node/PBasic|>,2,|java+class:///org/sablecc/sablecc/node/Node|>,
  <<|java+class:///org/sablecc/sablecc/node/AMinusBinOp|,|java+class:///org/sablecc/sablecc/node/PBinOp|>,2,|java+class:///java/lang/Object|>,
  <<|java+class:///org/sablecc/sablecc/ResolveAstIds|,|java+class:///org/sablecc/sablecc/analysis/DepthFirstAdapter|>,2,|java+interface:///org/sablecc/sablecc/node/Switch|>,
  <<|java+class:///org/sablecc/sablecc/node/PHelperDef|,|java+class:///org/sablecc/sablecc/node/Node|>,2,|java+class:///org/sablecc/sablecc/node/Node|>,
  <<|java+class:///org/sablecc/sablecc/node/TProductions|,|java+class:///org/sablecc/sablecc/node/Token|>,2,|java+class:///org/sablecc/sablecc/node/Node|>,
  <<|java+class:///org/sablecc/sablecc/node/ACharBasic|,|java+class:///org/sablecc/sablecc/node/PBasic|>,2,|java+class:///java/lang/Object|>,
  <<|java+class:///org/sablecc/sablecc/GenerateAlternativeCodeForParser|,|java+class:///org/sablecc/sablecc/analysis/DepthFirstAdapter|>,2,|java+interface:///org/sablecc/sablecc/node/Switch|>,
  <<|java+class:///org/sablecc/sablecc/node/PChar|,|java+class:///org/sablecc/sablecc/node/Node|>,2,|java+class:///org/sablecc/sablecc/node/Node|>,
  <<|java+class:///org/sablecc/sablecc/node/PStateList|,|java+class:///org/sablecc/sablecc/node/Node|>,2,|java+class:///java/lang/Object|>,
  <<|java+class:///org/sablecc/sablecc/node/TComma|,|java+class:///org/sablecc/sablecc/node/Token|>,2,|java+class:///java/lang/Object|>,
  <<|java+class:///org/sablecc/sablecc/node/AIgnTokens|,|java+class:///org/sablecc/sablecc/node/PIgnTokens|>,2,|java+class:///org/sablecc/sablecc/node/Node|>,
  <<|java+class:///org/sablecc/sablecc/node/AAltTransform|,|java+class:///org/sablecc/sablecc/node/PAltTransform|>,2,|java+class:///java/lang/Object|>,
  <<|java+class:///org/sablecc/sablecc/node/PAstProd|,|java+class:///org/sablecc/sablecc/node/Node|>,2,|java+class:///org/sablecc/sablecc/node/Node|>,
  <<|java+class:///org/sablecc/sablecc/node/AStateListTail|,|java+class:///org/sablecc/sablecc/node/PStateListTail|>,2,|java+class:///org/sablecc/sablecc/node/Node|>,
  <<|java+class:///org/sablecc/sablecc/node/PBasic|,|java+class:///org/sablecc/sablecc/node/Node|>,2,|java+class:///java/lang/Object|>,
  <<|java+class:///org/sablecc/sablecc/node/TBlank|,|java+class:///org/sablecc/sablecc/node/Token|>,2,|java+class:///java/lang/Object|>,
  <<|java+class:///org/sablecc/sablecc/node/TString|,|java+class:///org/sablecc/sablecc/node/Token|>,2,|java+class:///org/sablecc/sablecc/node/Node|>,
  <<|java+class:///org/sablecc/sablecc/node/PTokenDef|,|java+class:///org/sablecc/sablecc/node/Node|>,2,|java+class:///java/lang/Object|>,
  <<|java+class:///org/sablecc/sablecc/node/TEqual|,|java+class:///org/sablecc/sablecc/node/Token|>,2,|java+class:///java/lang/Object|>,
  <<|java+class:///org/sablecc/sablecc/node/TypedLinkedList|,|java+class:///java/util/LinkedList|>,2,|java+interface:///java/util/Collection|>,
  <<|java+class:///org/sablecc/sablecc/node/PTerm|,|java+class:///org/sablecc/sablecc/node/Node|>,2,|java+class:///java/lang/Object|>,
  <<|java+class:///org/sablecc/sablecc/node/AUnExp|,|java+class:///org/sablecc/sablecc/node/PUnExp|>,2,|java+class:///org/sablecc/sablecc/node/Node|>,
  <<|java+class:///org/sablecc/sablecc/node/PProd|,|java+class:///org/sablecc/sablecc/node/Node|>,2,|java+class:///org/sablecc/sablecc/node/Node|>,
  <<|java+class:///org/sablecc/sablecc/node/ATokenDef|,|java+class:///org/sablecc/sablecc/node/PTokenDef|>,2,|java+class:///org/sablecc/sablecc/node/Node|>,
  <<|java+class:///org/sablecc/sablecc/node/AStates|,|java+class:///org/sablecc/sablecc/node/PStates|>,2,|java+class:///org/sablecc/sablecc/node/Node|>,
  <<|java+class:///org/sablecc/sablecc/node/TDecChar|,|java+class:///org/sablecc/sablecc/node/Token|>,2,|java+class:///org/sablecc/sablecc/node/Node|>,
  <<|java+class:///org/sablecc/sablecc/node/AListTerm|,|java+class:///org/sablecc/sablecc/node/PTerm|>,2,|java+class:///java/lang/Object|>,
  <<|java+class:///org/sablecc/sablecc/node/TDDot|,|java+class:///org/sablecc/sablecc/node/Token|>,2,|java+class:///java/lang/Object|>,
  <<|java+class:///org/sablecc/sablecc/node/TTokenSpecifier|,|java+class:///org/sablecc/sablecc/node/Token|>,2,|java+class:///java/lang/Object|>,
  <<|java+class:///org/sablecc/sablecc/AddProdTransformAndAltTransform|,|java+class:///org/sablecc/sablecc/analysis/DepthFirstAdapter|>,2,|java+interface:///org/sablecc/sablecc/node/Switch|>,
  <<|java+class:///org/sablecc/sablecc/node/PListTerm|,|java+class:///org/sablecc/sablecc/node/Node|>,2,|java+class:///java/lang/Object|>,
  <<|java+class:///org/sablecc/sablecc/node/TRPar|,|java+class:///org/sablecc/sablecc/node/Token|>,2,|java+class:///org/sablecc/sablecc/node/Node|>,
  <<|java+class:///org/sablecc/sablecc/AcceptStates|,|java+class:///org/sablecc/sablecc/analysis/DepthFirstAdapter|>,2,|java+interface:///org/sablecc/sablecc/node/Switch|>,
  <<|java+class:///org/sablecc/sablecc/node/ANewTerm|,|java+class:///org/sablecc/sablecc/node/PTerm|>,2,|java+class:///java/lang/Object|>,
  <<|java+class:///org/sablecc/sablecc/node/TNull|,|java+class:///org/sablecc/sablecc/node/Token|>,2,|java+class:///java/lang/Object|>,
  <<|java+class:///org/sablecc/sablecc/node/THexChar|,|java+class:///org/sablecc/sablecc/node/Token|>,2,|java+class:///java/lang/Object|>,
  <<|java+class:///org/sablecc/sablecc/node/Token|,|java+class:///org/sablecc/sablecc/node/Node|>,2,|java+class:///java/lang/Object|>,
  <<|java+class:///org/sablecc/sablecc/node/TLBrace|,|java+class:///org/sablecc/sablecc/node/Token|>,2,|java+class:///java/lang/Object|>,
  <<|java+class:///org/sablecc/sablecc/node/TSemicolon|,|java+class:///org/sablecc/sablecc/node/Token|>,2,|java+class:///java/lang/Object|>,
  <<|java+class:///org/sablecc/sablecc/node/PRegExp|,|java+class:///org/sablecc/sablecc/node/Node|>,2,|java+class:///java/lang/Object|>,
  <<|java+class:///org/sablecc/sablecc/node/AAstProd|,|java+class:///org/sablecc/sablecc/node/PAstProd|>,2,|java+class:///org/sablecc/sablecc/node/Node|>,
  <<|java+interface:///org/sablecc/sablecc/analysis/Analysis|,|java+interface:///org/sablecc/sablecc/node/Switch|>,2,|java+interface:///org/sablecc/sablecc/node/Switch|>,
  <<|java+class:///org/sablecc/sablecc/TypedTreeMap|,|java+class:///java/util/TreeMap|>,2,|java+class:///java/lang/Object|>,
  <<|java+class:///org/sablecc/sablecc/node/PIgnTokens|,|java+class:///org/sablecc/sablecc/node/Node|>,2,|java+class:///java/lang/Object|>,
  <<|java+class:///org/sablecc/sablecc/node/AIdBasic|,|java+class:///org/sablecc/sablecc/node/PBasic|>,2,|java+class:///java/lang/Object|>,
  <<|java+class:///org/sablecc/sablecc/PrettyPrinter|,|java+class:///org/sablecc/sablecc/analysis/DepthFirstAdapter|>,2,|java+interface:///org/sablecc/sablecc/node/Switch|>,
  <<|java+class:///org/sablecc/sablecc/node/TMinus|,|java+class:///org/sablecc/sablecc/node/Token|>,2,|java+class:///java/lang/Object|>,
  <<|java+class:///org/sablecc/sablecc/node/PBasic|,|java+class:///org/sablecc/sablecc/node/Node|>,2,|java+class:///org/sablecc/sablecc/node/Node|>,
  <<|java+class:///org/sablecc/sablecc/node/TEqual|,|java+class:///org/sablecc/sablecc/node/Token|>,2,|java+class:///org/sablecc/sablecc/node/Node|>,
  <<|java+class:///org/sablecc/sablecc/AddAstProductions|,|java+class:///org/sablecc/sablecc/analysis/DepthFirstAdapter|>,2,|java+interface:///org/sablecc/sablecc/node/Switch|>,
  <<|java+class:///org/sablecc/sablecc/node/PTokenDef|,|java+class:///org/sablecc/sablecc/node/Node|>,2,|java+class:///org/sablecc/sablecc/node/Node|>,
  <<|java+class:///org/sablecc/sablecc/node/TBlank|,|java+class:///org/sablecc/sablecc/node/Token|>,2,|java+class:///org/sablecc/sablecc/node/Node|>,
  <<|java+class:///org/sablecc/sablecc/node/TString|,|java+class:///org/sablecc/sablecc/node/Token|>,2,|java+class:///java/lang/Object|>,
  <<|java+class:///org/sablecc/sablecc/node/AStateListTail|,|java+class:///org/sablecc/sablecc/node/PStateListTail|>,2,|java+class:///java/lang/Object|>,
  <<|java+class:///org/sablecc/sablecc/node/PAstProd|,|java+class:///org/sablecc/sablecc/node/Node|>,2,|java+class:///java/lang/Object|>,
  <<|java+class:///org/sablecc/sablecc/node/AUnExp|,|java+class:///org/sablecc/sablecc/node/PUnExp|>,2,|java+class:///java/lang/Object|>,
  <<|java+class:///org/sablecc/sablecc/node/PTerm|,|java+class:///org/sablecc/sablecc/node/Node|>,2,|java+class:///org/sablecc/sablecc/node/Node|>,
  <<|java+class:///org/sablecc/sablecc/node/PProd|,|java+class:///org/sablecc/sablecc/node/Node|>,2,|java+class:///java/lang/Object|>,
  <<|java+class:///org/sablecc/sablecc/node/ATokenDef|,|java+class:///org/sablecc/sablecc/node/PTokenDef|>,2,|java+class:///java/lang/Object|>,
  <<|java+class:///org/sablecc/sablecc/node/PChar|,|java+class:///org/sablecc/sablecc/node/Node|>,2,|java+class:///java/lang/Object|>,
  <<|java+class:///org/sablecc/sablecc/node/PStateList|,|java+class:///org/sablecc/sablecc/node/Node|>,2,|java+class:///org/sablecc/sablecc/node/Node|>,
  <<|java+class:///org/sablecc/sablecc/node/TComma|,|java+class:///org/sablecc/sablecc/node/Token|>,2,|java+class:///org/sablecc/sablecc/node/Node|>,
  <<|java+class:///org/sablecc/sablecc/node/AAltTransform|,|java+class:///org/sablecc/sablecc/node/PAltTransform|>,2,|java+class:///org/sablecc/sablecc/node/Node|>,
  <<|java+class:///org/sablecc/sablecc/TypedLinkedList|,|java+class:///java/util/LinkedList|>,2,|java+interface:///java/util/List|>,
  <<|java+class:///org/sablecc/sablecc/node/ACharBasic|,|java+class:///org/sablecc/sablecc/node/PBasic|>,2,|java+class:///org/sablecc/sablecc/node/Node|>,
  <<|java+class:///org/sablecc/sablecc/node/TProductions|,|java+class:///org/sablecc/sablecc/node/Token|>,2,|java+class:///java/lang/Object|>,
  <<|java+class:///org/sablecc/sablecc/GenAlts|,|java+class:///org/sablecc/sablecc/analysis/DepthFirstAdapter|>,2,|java+interface:///org/sablecc/sablecc/node/Switch|>,
  <<|java+class:///org/sablecc/sablecc/node/AIgnTokens|,|java+class:///org/sablecc/sablecc/node/PIgnTokens|>,2,|java+class:///java/lang/Object|>,
  <<|java+class:///org/sablecc/sablecc/node/PHelperDef|,|java+class:///org/sablecc/sablecc/node/Node|>,2,|java+class:///java/lang/Object|>,
  <<|java+class:///org/sablecc/sablecc/node/Node|,|java+interface:///org/sablecc/sablecc/node/Switchable|>,2,|java+interface:///org/sablecc/sablecc/node/Switchable|>,
  <<|java+class:///org/sablecc/sablecc/node/ASimpleListTerm|,|java+class:///org/sablecc/sablecc/node/PListTerm|>,2,|java+class:///org/sablecc/sablecc/node/Node|>,
  <<|java+class:///org/sablecc/sablecc/node/TSlash|,|java+class:///org/sablecc/sablecc/node/Token|>,2,|java+class:///java/lang/Object|>,
  <<|java+class:///org/sablecc/sablecc/node/ASetBasic|,|java+class:///org/sablecc/sablecc/node/PBasic|>,2,|java+class:///java/lang/Object|>,
  <<|java+class:///org/sablecc/sablecc/node/AMinusBinOp|,|java+class:///org/sablecc/sablecc/node/PBinOp|>,2,|java+class:///org/sablecc/sablecc/node/Node|>,
  <<|java+class:///org/sablecc/sablecc/node/AElem|,|java+class:///org/sablecc/sablecc/node/PElem|>,2,|java+class:///org/sablecc/sablecc/node/Node|>,
  <<|java+class:///org/sablecc/sablecc/node/PTransition|,|java+class:///org/sablecc/sablecc/node/Node|>,2,|java+class:///java/lang/Object|>,
  <<|java+class:///org/sablecc/sablecc/node/AAstAlt|,|java+class:///org/sablecc/sablecc/node/PAstAlt|>,2,|java+class:///org/sablecc/sablecc/node/Node|>,
  <<|java+class:///org/sablecc/sablecc/node/EOF|,|java+class:///org/sablecc/sablecc/node/Token|>,2,|java+class:///org/sablecc/sablecc/node/Node|>,
  <<|java+class:///org/sablecc/sablecc/ConstructParserGenerationDatas|,|java+class:///org/sablecc/sablecc/analysis/DepthFirstAdapter|>,2,|java+interface:///org/sablecc/sablecc/node/Switch|>,
  <<|java+class:///org/sablecc/sablecc/node/TIgnored|,|java+class:///org/sablecc/sablecc/node/Token|>,2,|java+class:///org/sablecc/sablecc/node/Node|>,
  <<|java+class:///org/sablecc/sablecc/ConstructProdsMap|,|java+class:///org/sablecc/sablecc/analysis/DepthFirstAdapter|>,2,|java+interface:///org/sablecc/sablecc/node/Switch|>,
  <<|java+class:///org/sablecc/sablecc/node/TStar|,|java+class:///org/sablecc/sablecc/node/Token|>,2,|java+class:///java/lang/Object|>,
  <<|java+class:///org/sablecc/sablecc/node/TBar|,|java+class:///org/sablecc/sablecc/node/Token|>,2,|java+class:///org/sablecc/sablecc/node/Node|>,
  <<|java+class:///org/sablecc/sablecc/ResolveTransformIds|,|java+class:///org/sablecc/sablecc/analysis/DepthFirstAdapter|>,2,|java+interface:///org/sablecc/sablecc/node/Switch|>,
  <<|java+class:///org/sablecc/sablecc/node/ANullTerm|,|java+class:///org/sablecc/sablecc/node/PTerm|>,2,|java+class:///java/lang/Object|>,
  <<|java+class:///org/sablecc/sablecc/node/AHelpers|,|java+class:///org/sablecc/sablecc/node/PHelpers|>,2,|java+class:///org/sablecc/sablecc/node/Node|>,
  <<|java+class:///org/sablecc/sablecc/node/PElem|,|java+class:///org/sablecc/sablecc/node/Node|>,2,|java+class:///org/sablecc/sablecc/node/Node|>,
  <<|java+class:///org/sablecc/sablecc/node/ARegExp|,|java+class:///org/sablecc/sablecc/node/PRegExp|>,2,|java+class:///org/sablecc/sablecc/node/Node|>,
  <<|java+class:///org/sablecc/sablecc/node/AProductions|,|java+class:///org/sablecc/sablecc/node/PProductions|>,2,|java+class:///java/lang/Object|>,
  <<|java+class:///org/sablecc/sablecc/node/PConcat|,|java+class:///org/sablecc/sablecc/node/Node|>,2,|java+class:///java/lang/Object|>,
  <<|java+class:///org/sablecc/sablecc/TypedHashMap/EntrySet|,|java+class:///java/util/AbstractSet|>,2,|java+interface:///java/util/Set|>,
  <<|java+class:///org/sablecc/sablecc/node/ANewListTerm|,|java+class:///org/sablecc/sablecc/node/PListTerm|>,2,|java+class:///java/lang/Object|>,
  <<|java+class:///org/sablecc/sablecc/GenLexer|,|java+class:///org/sablecc/sablecc/analysis/AnalysisAdapter|>,2,|java+interface:///org/sablecc/sablecc/node/Switch|>,
  <<|java+class:///org/sablecc/sablecc/node/AConcat|,|java+class:///org/sablecc/sablecc/node/PConcat|>,2,|java+class:///org/sablecc/sablecc/node/Node|>,
  <<|java+class:///org/sablecc/sablecc/GenUtils|,|java+class:///org/sablecc/sablecc/analysis/DepthFirstAdapter|>,2,|java+interface:///org/sablecc/sablecc/node/Switch|>,
  <<|java+class:///org/sablecc/sablecc/node/AIdBasic|,|java+class:///org/sablecc/sablecc/node/PBasic|>,2,|java+class:///org/sablecc/sablecc/node/Node|>,
  <<|java+class:///org/sablecc/sablecc/analysis/AnalysisAdapter|,|java+interface:///org/sablecc/sablecc/analysis/Analysis|>,2,|java+interface:///org/sablecc/sablecc/node/Switch|>,
  <<|java+class:///org/sablecc/sablecc/node/TMinus|,|java+class:///org/sablecc/sablecc/node/Token|>,2,|java+class:///org/sablecc/sablecc/node/Node|>,
  <<|java+class:///org/sablecc/sablecc/node/PIgnTokens|,|java+class:///org/sablecc/sablecc/node/Node|>,2,|java+class:///org/sablecc/sablecc/node/Node|>,
  <<|java+class:///org/sablecc/sablecc/node/Token|,|java+class:///org/sablecc/sablecc/node/Node|>,2,|java+class:///org/sablecc/sablecc/node/Node|>,
  <<|java+class:///org/sablecc/sablecc/node/AAstProd|,|java+class:///org/sablecc/sablecc/node/PAstProd|>,2,|java+class:///java/lang/Object|>,
  <<|java+class:///org/sablecc/sablecc/node/PRegExp|,|java+class:///org/sablecc/sablecc/node/Node|>,2,|java+class:///org/sablecc/sablecc/node/Node|>,
  <<|java+class:///org/sablecc/sablecc/node/Token|,|java+class:///org/sablecc/sablecc/node/Node|>,2,|java+interface:///org/sablecc/sablecc/node/Switchable|>,
  <<|java+class:///org/sablecc/sablecc/node/THexChar|,|java+class:///org/sablecc/sablecc/node/Token|>,2,|java+class:///org/sablecc/sablecc/node/Node|>,
  <<|java+class:///org/sablecc/sablecc/node/Start|,|java+class:///org/sablecc/sablecc/node/Node|>,2,|java+class:///java/lang/Object|>,
  <<|java+class:///org/sablecc/sablecc/node/TSemicolon|,|java+class:///org/sablecc/sablecc/node/Token|>,2,|java+class:///org/sablecc/sablecc/node/Node|>,
  <<|java+class:///org/sablecc/sablecc/node/TLBrace|,|java+class:///org/sablecc/sablecc/node/Token|>,2,|java+class:///org/sablecc/sablecc/node/Node|>,
  <<|java+class:///org/sablecc/sablecc/ComputeSimpleTermPosition|,|java+class:///org/sablecc/sablecc/analysis/DepthFirstAdapter|>,2,|java+interface:///org/sablecc/sablecc/node/Switch|>,
  <<|java+class:///org/sablecc/sablecc/node/TNull|,|java+class:///org/sablecc/sablecc/node/Token|>,2,|java+class:///org/sablecc/sablecc/node/Node|>,
  <<|java+class:///org/sablecc/sablecc/node/ANewTerm|,|java+class:///org/sablecc/sablecc/node/PTerm|>,2,|java+class:///org/sablecc/sablecc/node/Node|>,
  <<|java+class:///org/sablecc/sablecc/Transitions|,|java+class:///org/sablecc/sablecc/analysis/DepthFirstAdapter|>,2,|java+interface:///org/sablecc/sablecc/node/Switch|>,
  <<|java+class:///org/sablecc/sablecc/node/TRPar|,|java+class:///org/sablecc/sablecc/node/Token|>,2,|java+class:///java/lang/Object|>,
  <<|java+class:///org/sablecc/sablecc/ResolveAltIds|,|java+class:///org/sablecc/sablecc/analysis/DepthFirstAdapter|>,2,|java+interface:///org/sablecc/sablecc/node/Switch|>,
  <<|java+class:///org/sablecc/sablecc/InternalTransformationsToGrammar|,|java+class:///org/sablecc/sablecc/analysis/DepthFirstAdapter|>,2,|java+interface:///org/sablecc/sablecc/node/Switch|>,
  <<|java+class:///org/sablecc/sablecc/node/PListTerm|,|java+class:///org/sablecc/sablecc/node/Node|>,2,|java+class:///org/sablecc/sablecc/node/Node|>,
  <<|java+class:///org/sablecc/sablecc/node/TDDot|,|java+class:///org/sablecc/sablecc/node/Token|>,2,|java+class:///org/sablecc/sablecc/node/Node|>,
  <<|java+class:///org/sablecc/sablecc/node/TDecChar|,|java+class:///org/sablecc/sablecc/node/Token|>,2,|java+class:///java/lang/Object|>,
  <<|java+class:///org/sablecc/sablecc/node/AStates|,|java+class:///org/sablecc/sablecc/node/PStates|>,2,|java+class:///java/lang/Object|>,
  <<|java+class:///org/sablecc/sablecc/node/AListTerm|,|java+class:///org/sablecc/sablecc/node/PTerm|>,2,|java+class:///org/sablecc/sablecc/node/Node|>,
  <<|java+class:///org/sablecc/sablecc/node/TTokenSpecifier|,|java+class:///org/sablecc/sablecc/node/Token|>,2,|java+class:///org/sablecc/sablecc/node/Node|>,
  <<|java+class:///org/sablecc/sablecc/node/TRBkt|,|java+class:///org/sablecc/sablecc/node/Token|>,2,|java+class:///java/lang/Object|>,
  <<|java+class:///org/sablecc/sablecc/node/AProductionSpecifier|,|java+class:///org/sablecc/sablecc/node/PSpecifier|>,2,|java+class:///org/sablecc/sablecc/node/Node|>,
  <<|java+class:///org/sablecc/sablecc/node/TStates|,|java+class:///org/sablecc/sablecc/node/Token|>,2,|java+class:///org/sablecc/sablecc/node/Node|>,
  <<|java+class:///org/sablecc/sablecc/node/AGrammar|,|java+class:///org/sablecc/sablecc/node/PGrammar|>,2,|java+class:///org/sablecc/sablecc/node/Node|>,
  <<|java+class:///org/sablecc/sablecc/node/ASimpleTerm|,|java+class:///org/sablecc/sablecc/node/PTerm|>,2,|java+class:///java/lang/Object|>,
  <<|java+class:///org/sablecc/sablecc/node/TAbstract|,|java+class:///org/sablecc/sablecc/node/Token|>,2,|java+class:///org/sablecc/sablecc/node/Node|>,
  <<|java+class:///org/sablecc/sablecc/node/AProdName|,|java+class:///org/sablecc/sablecc/node/PProdName|>,2,|java+class:///org/sablecc/sablecc/node/Node|>,
  <<|java+class:///org/sablecc/sablecc/node/TSyntax|,|java+class:///org/sablecc/sablecc/node/Token|>,2,|java+class:///org/sablecc/sablecc/node/Node|>,
  <<|java+class:///org/sablecc/sablecc/node/AStarUnOp|,|java+class:///org/sablecc/sablecc/node/PUnOp|>,2,|java+class:///org/sablecc/sablecc/node/Node|>,
  <<|java+class:///org/sablecc/sablecc/node/PGrammar|,|java+class:///org/sablecc/sablecc/node/Node|>,2,|java+class:///org/sablecc/sablecc/node/Node|>,
  <<|java+class:///org/sablecc/sablecc/ComputeCGNomenclature|,|java+class:///org/sablecc/sablecc/analysis/DepthFirstAdapter|>,2,|java+interface:///org/sablecc/sablecc/node/Switch|>,
  <<|java+class:///org/sablecc/sablecc/RecursiveProductionsDetections|,|java+class:///org/sablecc/sablecc/analysis/DepthFirstAdapter|>,2,|java+interface:///org/sablecc/sablecc/node/Switch|>,
  <<|java+class:///org/sablecc/sablecc/node/AStateList|,|java+class:///org/sablecc/sablecc/node/PStateList|>,2,|java+class:///org/sablecc/sablecc/node/Node|>,
  <<|java+class:///org/sablecc/sablecc/GenParser|,|java+class:///org/sablecc/sablecc/analysis/DepthFirstAdapter|>,2,|java+interface:///org/sablecc/sablecc/node/Switch|>,
  <<|java+class:///org/sablecc/sablecc/node/TProductionSpecifier|,|java+class:///org/sablecc/sablecc/node/Token|>,2,|java+class:///java/lang/Object|>,
  <<|java+class:///org/sablecc/sablecc/node/TId|,|java+class:///org/sablecc/sablecc/node/Token|>,2,|java+class:///java/lang/Object|>,
  <<|java+class:///org/sablecc/sablecc/node/AProd|,|java+class:///org/sablecc/sablecc/node/PProd|>,2,|java+class:///org/sablecc/sablecc/node/Node|>,
  <<|java+class:///org/sablecc/sablecc/node/AQMarkUnOp|,|java+class:///org/sablecc/sablecc/node/PUnOp|>,2,|java+class:///java/lang/Object|>,
  <<|java+class:///org/sablecc/sablecc/node/THelpers|,|java+class:///org/sablecc/sablecc/node/Token|>,2,|java+class:///java/lang/Object|>,
  <<|java+class:///org/sablecc/sablecc/node/PBinOp|,|java+class:///org/sablecc/sablecc/node/Node|>,2,|java+class:///org/sablecc/sablecc/node/Node|>,
  <<|java+class:///org/sablecc/sablecc/node/PStateListTail|,|java+class:///org/sablecc/sablecc/node/Node|>,2,|java+class:///java/lang/Object|>,
  <<|java+class:///org/sablecc/sablecc/node/AAst|,|java+class:///org/sablecc/sablecc/node/PAst|>,2,|java+class:///java/lang/Object|>,
  <<|java+class:///org/sablecc/sablecc/ResolveProdTransformIds|,|java+class:///org/sablecc/sablecc/analysis/DepthFirstAdapter|>,2,|java+interface:///org/sablecc/sablecc/node/Switch|>,
  <<|java+class:///org/sablecc/sablecc/node/APlusUnOp|,|java+class:///org/sablecc/sablecc/node/PUnOp|>,2,|java+class:///java/lang/Object|>,
  <<|java+class:///org/sablecc/sablecc/node/PAlt|,|java+class:///org/sablecc/sablecc/node/Node|>,2,|java+class:///org/sablecc/sablecc/node/Node|>,
  <<|java+class:///org/sablecc/sablecc/GenAnalyses|,|java+class:///org/sablecc/sablecc/analysis/DepthFirstAdapter|>,2,|java+interface:///org/sablecc/sablecc/node/Switch|>,
  <<|java+class:///org/sablecc/sablecc/AddEventualEmptyTransformationToProductions|,|java+class:///org/sablecc/sablecc/analysis/DepthFirstAdapter|>,2,|java+interface:///org/sablecc/sablecc/node/Switch|>,
  <<|java+class:///org/sablecc/sablecc/node/AOperationSet|,|java+class:///org/sablecc/sablecc/node/PSet|>,2,|java+class:///java/lang/Object|>,
  <<|java+class:///org/sablecc/sablecc/node/PAstAlt|,|java+class:///org/sablecc/sablecc/node/Node|>,2,|java+class:///org/sablecc/sablecc/node/Node|>,
  <<|java+class:///org/sablecc/sablecc/node/TTokens|,|java+class:///org/sablecc/sablecc/node/Token|>,2,|java+class:///java/lang/Object|>,
  <<|java+class:///org/sablecc/sablecc/node/TPlus|,|java+class:///org/sablecc/sablecc/node/Token|>,2,|java+class:///java/lang/Object|>,
  <<|java+class:///org/sablecc/sablecc/node/PSpecifier|,|java+class:///org/sablecc/sablecc/node/Node|>,2,|java+class:///java/lang/Object|>,
  <<|java+class:///org/sablecc/sablecc/node/APlusBinOp|,|java+class:///org/sablecc/sablecc/node/PBinOp|>,2,|java+class:///java/lang/Object|>,
  <<|java+class:///org/sablecc/sablecc/node/TRBrace|,|java+class:///org/sablecc/sablecc/node/Token|>,2,|java+class:///org/sablecc/sablecc/node/Node|>,
  <<|java+class:///org/sablecc/sablecc/node/ATransition|,|java+class:///org/sablecc/sablecc/node/PTransition|>,2,|java+class:///java/lang/Object|>,
  <<|java+class:///org/sablecc/sablecc/node/TLPar|,|java+class:///org/sablecc/sablecc/node/Token|>,2,|java+class:///java/lang/Object|>,
  <<|java+class:///org/sablecc/sablecc/node/TComment|,|java+class:///org/sablecc/sablecc/node/Token|>,2,|java+class:///java/lang/Object|>,
  <<|java+class:///org/sablecc/sablecc/node/ATokenSpecifier|,|java+class:///org/sablecc/sablecc/node/PSpecifier|>,2,|java+class:///org/sablecc/sablecc/node/Node|>,
  <<|java+class:///org/sablecc/sablecc/node/TypedLinkedList|,|java+class:///java/util/LinkedList|>,2,|java+class:///java/lang/Object|>,
  <<|java+class:///org/sablecc/sablecc/node/TColon|,|java+class:///org/sablecc/sablecc/node/Token|>,2,|java+class:///java/lang/Object|>,
  <<|java+class:///org/sablecc/sablecc/node/TTree|,|java+class:///org/sablecc/sablecc/node/Token|>,2,|java+class:///org/sablecc/sablecc/node/Node|>,
  <<|java+class:///org/sablecc/sablecc/node/PSet|,|java+class:///org/sablecc/sablecc/node/Node|>,2,|java+class:///org/sablecc/sablecc/node/Node|>,
  <<|java+class:///org/sablecc/sablecc/node/PAst|,|java+class:///org/sablecc/sablecc/node/Node|>,2,|java+class:///org/sablecc/sablecc/node/Node|>,
  <<|java+class:///org/sablecc/sablecc/node/ACharChar|,|java+class:///org/sablecc/sablecc/node/PChar|>,2,|java+class:///org/sablecc/sablecc/node/Node|>,
  <<|java+class:///org/sablecc/sablecc/node/PUnOp|,|java+class:///org/sablecc/sablecc/node/Node|>,2,|java+class:///java/lang/Object|>,
  <<|java+class:///org/sablecc/sablecc/TypedTreeMap|,|java+class:///java/util/TreeMap|>,2,|java+interface:///java/util/SortedMap|>,
  <<|java+class:///org/sablecc/sablecc/node/PTokens|,|java+class:///org/sablecc/sablecc/node/Node|>,2,|java+class:///java/lang/Object|>,
  <<|java+class:///org/sablecc/sablecc/node/AIntervalSet|,|java+class:///org/sablecc/sablecc/node/PSet|>,2,|java+class:///java/lang/Object|>,
  <<|java+class:///org/sablecc/sablecc/node/TQMark|,|java+class:///org/sablecc/sablecc/node/Token|>,2,|java+class:///java/lang/Object|>,
  <<|java+class:///org/sablecc/sablecc/node/TLBkt|,|java+class:///org/sablecc/sablecc/node/Token|>,2,|java+class:///org/sablecc/sablecc/node/Node|>,
  <<|java+class:///org/sablecc/sablecc/node/ARegExpBasic|,|java+class:///org/sablecc/sablecc/node/PBasic|>,2,|java+class:///java/lang/Object|>,
  <<|java+class:///org/sablecc/sablecc/node/TArrow|,|java+class:///org/sablecc/sablecc/node/Token|>,2,|java+class:///org/sablecc/sablecc/node/Node|>,
  <<|java+class:///org/sablecc/sablecc/node/TDot|,|java+class:///org/sablecc/sablecc/node/Token|>,2,|java+class:///org/sablecc/sablecc/node/Node|>,
  <<|java+class:///org/sablecc/sablecc/node/PUnExp|,|java+class:///org/sablecc/sablecc/node/Node|>,2,|java+class:///org/sablecc/sablecc/node/Node|>,
  <<|java+class:///org/sablecc/sablecc/node/AAlt|,|java+class:///org/sablecc/sablecc/node/PAlt|>,2,|java+class:///org/sablecc/sablecc/node/Node|>,
  <<|java+class:///org/sablecc/sablecc/node/PProdName|,|java+class:///org/sablecc/sablecc/node/Node|>,2,|java+class:///org/sablecc/sablecc/node/Node|>,
  <<|java+class:///org/sablecc/sablecc/node/TPackage|,|java+class:///org/sablecc/sablecc/node/Token|>,2,|java+class:///org/sablecc/sablecc/node/Node|>,
  <<|java+class:///org/sablecc/sablecc/node/PStates|,|java+class:///org/sablecc/sablecc/node/Node|>,2,|java+class:///org/sablecc/sablecc/node/Node|>,
  <<|java+class:///org/sablecc/sablecc/node/AStringBasic|,|java+class:///org/sablecc/sablecc/node/PBasic|>,2,|java+class:///org/sablecc/sablecc/node/Node|>,
  <<|java+class:///org/sablecc/sablecc/node/AHelperDef|,|java+class:///org/sablecc/sablecc/node/PHelperDef|>,2,|java+class:///org/sablecc/sablecc/node/Node|>,
  <<|java+class:///org/sablecc/sablecc/node/TChar|,|java+class:///org/sablecc/sablecc/node/Token|>,2,|java+class:///java/lang/Object|>,
  <<|java+class:///org/sablecc/sablecc/node/PProductions|,|java+class:///org/sablecc/sablecc/node/Node|>,2,|java+class:///java/lang/Object|>,
  <<|java+class:///org/sablecc/sablecc/node/TNew|,|java+class:///org/sablecc/sablecc/node/Token|>,2,|java+class:///java/lang/Object|>,
  <<|java+class:///org/sablecc/sablecc/node/PHelpers|,|java+class:///org/sablecc/sablecc/node/Node|>,2,|java+class:///org/sablecc/sablecc/node/Node|>,
  <<|java+class:///org/sablecc/sablecc/node/ATokens|,|java+class:///org/sablecc/sablecc/node/PTokens|>,2,|java+class:///java/lang/Object|>,
  <<|java+class:///org/sablecc/sablecc/node/ADecChar|,|java+class:///org/sablecc/sablecc/node/PChar|>,2,|java+class:///java/lang/Object|>,
  <<|java+class:///org/sablecc/sablecc/node/PAltTransform|,|java+class:///org/sablecc/sablecc/node/Node|>,2,|java+class:///org/sablecc/sablecc/node/Node|>,
  <<|java+class:///org/sablecc/sablecc/node/AHexChar|,|java+class:///org/sablecc/sablecc/node/PChar|>,2,|java+class:///org/sablecc/sablecc/node/Node|>,
  <<|java+class:///org/sablecc/sablecc/node/TPkgId|,|java+class:///org/sablecc/sablecc/node/Token|>,2,|java+class:///org/sablecc/sablecc/node/Node|>
}