[
  <<|java+class:///org/sablecc/sablecc/TypedTreeMap|,|java+class:///java/util/TreeMap|>,|project://sablecc-3.2/src/org/sablecc/sablecc/TypedTreeMap.java|(581,8,<20,4>,<20,12>)>,
  <<|java+class:///org/sablecc/sablecc/TypedTreeMap|,|java+class:///java/util/TreeMap|>,|project://sablecc-3.2/src/org/sablecc/sablecc/TypedTreeMap.java|(1783,8,<84,4>,<84,12>)>,
  <<|java+class:///org/sablecc/sablecc/TypedTreeMap|,|java+class:///java/util/TreeMap|>,|project://sablecc-3.2/src/org/sablecc/sablecc/TypedTreeMap.java|(1941,18,<92,4>,<92,22>)>,
  <<|java+class:///org/sablecc/sablecc/TypedTreeMap|,|java+class:///java/util/TreeMap|>,|project://sablecc-3.2/src/org/sablecc/sablecc/TypedTreeMap.java|(713,18,<28,4>,<28,22>)>,
  <<|java+class:///org/sablecc/sablecc/TypedTreeMap|,|java+class:///java/util/TreeMap|>,|project://sablecc-3.2/src/org/sablecc/sablecc/TypedTreeMap.java|(1292,25,<60,4>,<60,29>)>,
  <<|java+class:///org/sablecc/sablecc/TypedTreeMap|,|java+class:///java/util/TreeMap|>,|project://sablecc-3.2/src/org/sablecc/sablecc/TypedTreeMap.java|(2699,25,<130,4>,<130,29>)>,
  <<|java+class:///org/sablecc/sablecc/TypedTreeMap|,|java+class:///java/util/TreeMap|>,|project://sablecc-3.2/src/org/sablecc/sablecc/TypedTreeMap.java|(2183,8,<105,4>,<105,12>)>,
  <<|java+class:///org/sablecc/sablecc/TypedTreeMap|,|java+class:///java/util/TreeMap|>,|project://sablecc-3.2/src/org/sablecc/sablecc/TypedTreeMap.java|(841,8,<36,4>,<36,12>)>,
  <<|java+class:///org/sablecc/sablecc/node/TypedLinkedList|,|java+class:///java/util/LinkedList|>,|project://sablecc-3.2/src/org/sablecc/sablecc/node/TypedLinkedList.java|(497,9,<34,4>,<34,13>)>,
  <<|java+class:///org/sablecc/sablecc/node/TypedLinkedList|,|java+class:///java/util/LinkedList|>,|project://sablecc-3.2/src/org/sablecc/sablecc/node/TypedLinkedList.java|(224,8,<13,4>,<13,12>)>,
  <<|java+class:///org/sablecc/sablecc/node/TypedLinkedList|,|java+class:///java/util/LinkedList|>,|project://sablecc-3.2/src/org/sablecc/sablecc/node/TypedLinkedList.java|(314,9,<20,4>,<20,13>)>,
  <<|java+class:///org/sablecc/sablecc/node/TypedLinkedList|,|java+class:///java/util/LinkedList|>,|project://sablecc-3.2/src/org/sablecc/sablecc/node/TypedLinkedList.java|(402,8,<27,4>,<27,12>)>,
  <<|java+class:///org/sablecc/sablecc/parser/ParserException|,|java+class:///java/lang/Exception|>,|project://sablecc-3.2/src/org/sablecc/sablecc/parser/ParserException.java|(270,15,<13,4>,<13,19>)>,
  <<|java+class:///org/sablecc/sablecc/ConflictException|,|java+class:///java/lang/Exception|>,|project://sablecc-3.2/src/org/sablecc/sablecc/ConflictException.java|(637,15,<19,4>,<19,19>)>,
  <<|java+class:///org/sablecc/sablecc/TypedHashMap|,|java+class:///java/util/HashMap|>,|project://sablecc-3.2/src/org/sablecc/sablecc/TypedHashMap.java|(741,23,<28,4>,<28,27>)>,
  <<|java+class:///org/sablecc/sablecc/TypedHashMap|,|java+class:///java/util/HashMap|>,|project://sablecc-3.2/src/org/sablecc/sablecc/TypedHashMap.java|(581,8,<20,4>,<20,12>)>,
  <<|java+class:///org/sablecc/sablecc/TypedHashMap|,|java+class:///java/util/HashMap|>,|project://sablecc-3.2/src/org/sablecc/sablecc/TypedHashMap.java|(1208,8,<51,4>,<51,12>)>,
  <<|java+class:///org/sablecc/sablecc/TypedHashMap|,|java+class:///java/util/HashMap|>,|project://sablecc-3.2/src/org/sablecc/sablecc/TypedHashMap.java|(1440,8,<64,4>,<64,12>)>,
  <<|java+class:///org/sablecc/sablecc/TypedHashMap|,|java+class:///java/util/HashMap|>,|project://sablecc-3.2/src/org/sablecc/sablecc/TypedHashMap.java|(870,8,<36,4>,<36,12>)>,
  <<|java+class:///org/sablecc/sablecc/TypedLinkedList|,|java+class:///java/util/LinkedList|>,|project://sablecc-3.2/src/org/sablecc/sablecc/TypedLinkedList.java|(530,8,<18,4>,<18,12>)>,
  <<|java+class:///org/sablecc/sablecc/TypedLinkedList|,|java+class:///java/util/LinkedList|>,|project://sablecc-3.2/src/org/sablecc/sablecc/TypedLinkedList.java|(620,9,<25,4>,<25,13>)>,
  <<|java+class:///org/sablecc/sablecc/TypedLinkedList|,|java+class:///java/util/LinkedList|>,|project://sablecc-3.2/src/org/sablecc/sablecc/TypedLinkedList.java|(803,9,<39,4>,<39,13>)>,
  <<|java+class:///org/sablecc/sablecc/TypedLinkedList|,|java+class:///java/util/LinkedList|>,|project://sablecc-3.2/src/org/sablecc/sablecc/TypedLinkedList.java|(708,8,<32,4>,<32,12>)>,
  <<|java+class:///org/sablecc/sablecc/lexer/LexerException|,|java+class:///java/lang/Exception|>,|project://sablecc-3.2/src/org/sablecc/sablecc/lexer/LexerException.java|(201,15,<9,4>,<9,19>)>
]