[
  <<|java+class:///org/axiondb/engine/rowiterators/AbstractFilteringRowIterator|,|java+class:///org/axiondb/engine/rowiterators/DelegatingRowIterator|>,|project://axion-1.0-M2/src/org/axiondb/engine/rowiterators/AbstractFilteringRowIterator.java|(2480,16,<57,8>,<57,24>)>,
  <<|java+class:///org/axiondb/engine/rowiterators/RebindableIndexedRowIterator|,|java+class:///org/axiondb/engine/rowiterators/DelegatingRowIterator|>,|project://axion-1.0-M2/src/org/axiondb/engine/rowiterators/RebindableIndexedRowIterator.java|(2857,12,<64,8>,<64,20>)>,
  <<|java+class:///org/axiondb/constraints/CheckConstraint|,|java+class:///org/axiondb/constraints/BaseConstraint|>,|project://axion-1.0-M2/src/org/axiondb/constraints/CheckConstraint.java|(2626,20,<62,8>,<62,28>)>,
  <<|java+class:///org/axiondb/parser/ParseException|,|java+class:///java/lang/Exception|>,|project://axion-1.0-M2/src/org/axiondb/parser/ParseException.java|(2025,15,<55,4>,<55,19>)>,
  <<|java+class:///org/axiondb/parser/ParseException|,|java+class:///java/lang/Exception|>,|project://axion-1.0-M2/src/org/axiondb/parser/ParseException.java|(1933,8,<50,4>,<50,12>)>,
  <<|java+class:///org/axiondb/parser/ParseException|,|java+class:///java/lang/Exception|>,|project://axion-1.0-M2/src/org/axiondb/parser/ParseException.java|(1295,10,<32,4>,<32,14>)>,
  <<|java+class:///org/axiondb/functions/RowNumFunction|,|java+class:///org/axiondb/functions/BaseFunction|>,|project://axion-1.0-M2/src/org/axiondb/functions/RowNumFunction.java|(2702,16,<62,8>,<62,24>)>,
  <<|java+class:///org/axiondb/BindVariable|,|java+class:///org/axiondb/Literal|>,|project://axion-1.0-M2/src/org/axiondb/BindVariable.java|(2352,24,<54,8>,<54,32>)>,
  <<|java+class:///org/axiondb/parser/TokenMgrError|,|java+class:///java/lang/Error|>,|project://axion-1.0-M2/src/org/axiondb/parser/TokenMgrError.java|(3926,15,<126,6>,<126,21>)>,
  <<|java+class:///org/axiondb/engine/IntArrayIndex|,|java+class:///org/axiondb/engine/BaseArrayIndex|>,|project://axion-1.0-M2/src/org/axiondb/engine/IntArrayIndex.java|(2834,33,<65,8>,<65,41>)>,
  <<|java+class:///org/axiondb/engine/IntArrayIndex|,|java+class:///org/axiondb/engine/BaseArrayIndex|>,|project://axion-1.0-M2/src/org/axiondb/engine/IntArrayIndex.java|(2655,26,<60,8>,<60,34>)>,
  <<|java+class:///org/axiondb/util/BufferedRandomAccessFile|,|java+class:///java/io/RandomAccessFile|>,|project://axion-1.0-M2/src/org/axiondb/util/BufferedRandomAccessFile.java|(2910,17,<69,8>,<69,25>)>,
  <<|java+class:///org/axiondb/util/BufferedRandomAccessFile|,|java+class:///java/io/RandomAccessFile|>,|project://axion-1.0-M2/src/org/axiondb/util/BufferedRandomAccessFile.java|(3456,21,<85,8>,<85,29>)>,
  <<|java+class:///org/axiondb/engine/rowiterators/ChangingIndexedRowIterator|,|java+class:///org/axiondb/engine/rowiterators/DelegatingRowIterator|>,|project://axion-1.0-M2/src/org/axiondb/engine/rowiterators/ChangingIndexedRowIterator.java|(2794,12,<63,8>,<63,20>)>,
  <<|java+class:///org/axiondb/engine/TransactableTableImpl/TransactableTableRowIterator|,|java+class:///org/axiondb/engine/rowiterators/DelegatingRowIterator|>,|project://axion-1.0-M2/src/org/axiondb/engine/TransactableTableImpl.java|(20546,12,<560,12>,<560,24>)>,
  <<|java+class:///org/axiondb/engine/BaseBTreeIndex|,|java+class:///org/axiondb/engine/BaseIndex|>,|project://axion-1.0-M2/src/org/axiondb/engine/BaseBTreeIndex.java|(2535,28,<59,8>,<59,36>)>,
  <<|java+class:///org/axiondb/constraints/BaseSelectableBasedConstraint|,|java+class:///org/axiondb/constraints/BaseConstraint|>,|project://axion-1.0-M2/src/org/axiondb/constraints/BaseSelectableBasedConstraint.java|(3121,17,<71,8>,<71,25>)>,
  <<|java+class:///org/axiondb/event/RowInsertedEvent|,|java+class:///org/axiondb/event/RowEvent|>,|project://axion-1.0-M2/src/org/axiondb/event/RowInsertedEvent.java|(2440,29,<56,8>,<56,37>)>,
  <<|java+class:///org/axiondb/constraints/NullConstraint|,|java+class:///org/axiondb/constraints/BaseSelectableBasedConstraint|>,|project://axion-1.0-M2/src/org/axiondb/constraints/NullConstraint.java|(2491,19,<59,8>,<59,27>)>,
  <<|java+class:///org/axiondb/engine/TransactableTableImpl/ExcludeDeleted|,|java+class:///org/axiondb/engine/rowiterators/AbstractAcceptingRowIterator|>,|project://axion-1.0-M2/src/org/axiondb/engine/TransactableTableImpl.java|(21005,12,<577,12>,<577,24>)>,
  <<|java+class:///org/axiondb/AxionException|,|java+class:///java/lang/Exception|>,|project://axion-1.0-M2/src/org/axiondb/AxionException.java|(3180,170,<72,8>,<74,85>)>,
  <<|java+class:///org/axiondb/jdbc/AxionStatement|,|java+class:///org/axiondb/jdbc/BaseAxionStatement|>,|project://axion-1.0-M2/src/org/axiondb/jdbc/AxionStatement.java|(2784,12,<68,8>,<68,20>)>,
  <<|java+class:///org/axiondb/engine/TransactableTableImpl/InsertedRowIterator|,|java+class:///org/axiondb/engine/rowiterators/ListIteratorRowIterator|>,|project://axion-1.0-M2/src/org/axiondb/engine/TransactableTableImpl.java|(23131,12,<646,12>,<646,24>)>,
  <<|java+class:///org/axiondb/functions/CountFunction|,|java+class:///org/axiondb/functions/BaseFunction|>,|project://axion-1.0-M2/src/org/axiondb/functions/CountFunction.java|(2607,15,<61,8>,<61,23>)>,
  <<|java+class:///org/axiondb/engine/TransactableTableImpl/ExcludeUpdated|,|java+class:///org/axiondb/engine/rowiterators/AbstractAcceptingRowIterator|>,|project://axion-1.0-M2/src/org/axiondb/engine/TransactableTableImpl.java|(21421,12,<590,12>,<590,24>)>,
  <<|java+class:///org/axiondb/TransactionConflictException|,|java+class:///org/axiondb/AxionException|>,|project://axion-1.0-M2/src/org/axiondb/TransactionConflictException.java|(2464,22,<55,8>,<55,30>)>,
  <<|java+class:///org/axiondb/functions/ConcatFunction|,|java+class:///org/axiondb/functions/BaseFunction|>,|project://axion-1.0-M2/src/org/axiondb/functions/ConcatFunction.java|(2666,16,<63,8>,<63,24>)>,
  <<|java+class:///org/axiondb/engine/rowiterators/UnmodifiableRowIterator|,|java+class:///org/axiondb/engine/rowiterators/DelegatingRowIterator|>,|project://axion-1.0-M2/src/org/axiondb/engine/rowiterators/UnmodifiableRowIterator.java|(2396,12,<53,8>,<53,20>)>,
  <<|java+class:///org/axiondb/engine/MemoryTable|,|java+class:///org/axiondb/engine/BaseTable|>,|project://axion-1.0-M2/src/org/axiondb/engine/MemoryTable.java|(2787,12,<66,8>,<66,20>)>,
  <<|java+class:///org/axiondb/Sequence|,|java+class:///org/axiondb/Literal|>,|project://axion-1.0-M2/src/org/axiondb/Sequence.java|(2813,25,<74,8>,<74,33>)>,
  <<|java+class:///org/axiondb/jdbc/AxionPreparedStatement|,|java+class:///org/axiondb/jdbc/AxionStatement|>,|project://axion-1.0-M2/src/org/axiondb/jdbc/AxionPreparedStatement.java|(3370,12,<85,8>,<85,20>)>,
  <<|java+class:///org/axiondb/engine/rowiterators/DistinctRowIterator|,|java+class:///org/axiondb/engine/rowiterators/AbstractAcceptingRowIterator|>,|project://axion-1.0-M2/src/org/axiondb/engine/rowiterators/DistinctRowIterator.java|(2662,12,<62,8>,<62,20>)>,
  <<|java+class:///org/axiondb/functions/CharFunction|,|java+class:///org/axiondb/functions/BaseFunction|>,|project://axion-1.0-M2/src/org/axiondb/functions/CharFunction.java|(2585,14,<60,8>,<60,22>)>,
  <<|java+class:///org/axiondb/functions/MinFunction|,|java+class:///org/axiondb/functions/BaseFunction|>,|project://axion-1.0-M2/src/org/axiondb/functions/MinFunction.java|(2663,13,<62,8>,<62,21>)>,
  <<|java+class:///org/axiondb/engine/BaseArrayIndex|,|java+class:///org/axiondb/engine/BaseIndex|>,|project://axion-1.0-M2/src/org/axiondb/engine/BaseArrayIndex.java|(3794,28,<85,8>,<85,36>)>,
  <<|java+class:///org/axiondb/engine/BaseArrayIndex|,|java+class:///org/axiondb/engine/BaseIndex|>,|project://axion-1.0-M2/src/org/axiondb/engine/BaseArrayIndex.java|(3926,28,<89,8>,<89,36>)>,
  <<|java+class:///org/axiondb/functions/MatchesFunction|,|java+class:///org/axiondb/functions/BaseFunction|>,|project://axion-1.0-M2/src/org/axiondb/functions/MatchesFunction.java|(2895,17,<68,8>,<68,25>)>,
  <<|java+class:///org/axiondb/engine/DiskTable|,|java+class:///org/axiondb/engine/BaseDiskTable|>,|project://axion-1.0-M2/src/org/axiondb/engine/DiskTable.java|(3754,12,<90,8>,<90,20>)>,
  <<|java+class:///org/axiondb/functions/IfThenFunction|,|java+class:///org/axiondb/functions/BaseFunction|>,|project://axion-1.0-M2/src/org/axiondb/functions/IfThenFunction.java|(2610,16,<61,8>,<61,24>)>,
  <<|java+class:///org/axiondb/functions/NowFunction|,|java+class:///org/axiondb/functions/BaseFunction|>,|project://axion-1.0-M2/src/org/axiondb/functions/NowFunction.java|(2437,13,<57,8>,<57,21>)>,
  <<|java+class:///org/axiondb/functions/LikeToRegexpFunction|,|java+class:///org/axiondb/functions/BaseFunction|>,|project://axion-1.0-M2/src/org/axiondb/functions/LikeToRegexpFunction.java|(2833,24,<66,8>,<66,32>)>,
  <<|java+class:///org/axiondb/ConstraintViolationException|,|java+class:///org/axiondb/AxionException|>,|project://axion-1.0-M2/src/org/axiondb/ConstraintViolationException.java|(2498,22,<55,8>,<55,30>)>,
  <<|java+class:///org/axiondb/engine/rowiterators/TransformingRowIterator|,|java+class:///org/axiondb/engine/rowiterators/DelegatingRowIterator|>,|project://axion-1.0-M2/src/org/axiondb/engine/rowiterators/TransformingRowIterator.java|(2477,12,<57,8>,<57,20>)>,
  <<|java+class:///org/axiondb/engine/rowiterators/AbstractAcceptingRowIterator|,|java+class:///org/axiondb/engine/rowiterators/AbstractFilteringRowIterator|>,|project://axion-1.0-M2/src/org/axiondb/engine/rowiterators/AbstractAcceptingRowIterator.java|(2790,16,<63,8>,<63,24>)>,
  <<|java+class:///org/axiondb/constraints/UniqueConstraint|,|java+class:///org/axiondb/constraints/BaseSelectableBasedConstraint|>,|project://axion-1.0-M2/src/org/axiondb/constraints/UniqueConstraint.java|(2750,17,<68,8>,<68,25>)>,
  <<|java+class:///org/axiondb/functions/Base64DecodeFunction|,|java+class:///org/axiondb/functions/BaseFunction|>,|project://axion-1.0-M2/src/org/axiondb/functions/Base64DecodeFunction.java|(2679,22,<61,8>,<61,30>)>,
  <<|java+class:///org/axiondb/engine/ObjectBTreeIndex|,|java+class:///org/axiondb/engine/BaseBTreeIndex|>,|project://axion-1.0-M2/src/org/axiondb/engine/ObjectBTreeIndex.java|(3440,28,<77,8>,<77,36>)>,
  <<|java+class:///org/axiondb/constraints/NotNullConstraint|,|java+class:///org/axiondb/constraints/BaseSelectableBasedConstraint|>,|project://axion-1.0-M2/src/org/axiondb/constraints/NotNullConstraint.java|(2617,23,<62,8>,<62,31>)>,
  <<|java+class:///org/axiondb/constraints/NotNullConstraint|,|java+class:///org/axiondb/constraints/BaseSelectableBasedConstraint|>,|project://axion-1.0-M2/src/org/axiondb/constraints/NotNullConstraint.java|(2534,23,<58,8>,<58,31>)>,
  <<|java+class:///org/axiondb/functions/ContainsFunction|,|java+class:///org/axiondb/functions/BaseFunction|>,|project://axion-1.0-M2/src/org/axiondb/functions/ContainsFunction.java|(2626,18,<61,8>,<61,26>)>,
  <<|java+class:///org/axiondb/engine/TransactableTableImpl/TransformUpdated|,|java+class:///org/axiondb/engine/rowiterators/TransformingRowIterator|>,|project://axion-1.0-M2/src/org/axiondb/engine/TransactableTableImpl.java|(21855,12,<603,12>,<603,24>)>,
  <<|java+class:///org/axiondb/event/RowUpdatedEvent|,|java+class:///org/axiondb/event/RowEvent|>,|project://axion-1.0-M2/src/org/axiondb/event/RowUpdatedEvent.java|(2436,29,<56,8>,<56,37>)>,
  <<|java+class:///org/axiondb/engine/ObjectArrayIndex|,|java+class:///org/axiondb/engine/BaseArrayIndex|>,|project://axion-1.0-M2/src/org/axiondb/engine/ObjectArrayIndex.java|(2564,26,<59,8>,<59,34>)>,
  <<|java+class:///org/axiondb/engine/ObjectArrayIndex|,|java+class:///org/axiondb/engine/BaseArrayIndex|>,|project://axion-1.0-M2/src/org/axiondb/engine/ObjectArrayIndex.java|(2745,33,<64,8>,<64,41>)>,
  <<|java+class:///org/axiondb/engine/DiskDatabase|,|java+class:///org/axiondb/engine/BaseDatabase|>,|project://axion-1.0-M2/src/org/axiondb/engine/DiskDatabase.java|(3328,12,<86,8>,<86,20>)>,
  <<|java+class:///org/axiondb/functions/Base64EncodeFunction|,|java+class:///org/axiondb/functions/BaseFunction|>,|project://axion-1.0-M2/src/org/axiondb/functions/Base64EncodeFunction.java|(2797,22,<67,8>,<67,30>)>,
  <<|java+class:///org/axiondb/functions/LowerFunction|,|java+class:///org/axiondb/functions/BaseFunction|>,|project://axion-1.0-M2/src/org/axiondb/functions/LowerFunction.java|(2580,15,<59,8>,<59,23>)>,
  <<|java+class:///org/axiondb/functions/UpperFunction|,|java+class:///org/axiondb/functions/BaseFunction|>,|project://axion-1.0-M2/src/org/axiondb/functions/UpperFunction.java|(2582,15,<59,8>,<59,23>)>,
  <<|java+class:///org/axiondb/event/RowDeletedEvent|,|java+class:///org/axiondb/event/RowEvent|>,|project://axion-1.0-M2/src/org/axiondb/event/RowDeletedEvent.java|(2436,29,<56,8>,<56,37>)>,
  <<|java+class:///org/axiondb/functions/CoalesceFunction|,|java+class:///org/axiondb/functions/BaseFunction|>,|project://axion-1.0-M2/src/org/axiondb/functions/CoalesceFunction.java|(2526,18,<59,8>,<59,26>)>,
  <<|java+class:///org/axiondb/constraints/PrimaryKeyConstraint|,|java+class:///org/axiondb/constraints/UniqueConstraint|>,|project://axion-1.0-M2/src/org/axiondb/constraints/PrimaryKeyConstraint.java|(2677,26,<61,8>,<61,34>)>,
  <<|java+class:///org/axiondb/engine/BaseDiskTable|,|java+class:///org/axiondb/engine/BaseTable|>,|project://axion-1.0-M2/src/org/axiondb/engine/BaseDiskTable.java|(3479,12,<84,8>,<84,20>)>,
  <<|java+class:///org/axiondb/engine/IntBTreeIndex|,|java+class:///org/axiondb/engine/BaseBTreeIndex|>,|project://axion-1.0-M2/src/org/axiondb/engine/IntBTreeIndex.java|(3332,28,<77,8>,<77,36>)>,
  <<|java+class:///org/axiondb/functions/MaxFunction|,|java+class:///org/axiondb/functions/BaseFunction|>,|project://axion-1.0-M2/src/org/axiondb/functions/MaxFunction.java|(2666,13,<62,8>,<62,21>)>,
  <<|java+class:///org/axiondb/engine/MemoryDatabase|,|java+class:///org/axiondb/engine/BaseDatabase|>,|project://axion-1.0-M2/src/org/axiondb/engine/MemoryDatabase.java|(2771,12,<71,8>,<71,20>)>,
  <<|java+class:///org/axiondb/engine/DiskSystemTable|,|java+class:///org/axiondb/engine/MemoryTable|>,|project://axion-1.0-M2/src/org/axiondb/engine/DiskSystemTable.java|(3085,12,<74,8>,<74,20>)>,
  <<|java+class:///org/axiondb/engine/rowiterators/FilteringRowIterator|,|java+class:///org/axiondb/engine/rowiterators/AbstractAcceptingRowIterator|>,|project://axion-1.0-M2/src/org/axiondb/engine/rowiterators/FilteringRowIterator.java|(2576,16,<58,8>,<58,24>)>,
  <<|java+class:///org/axiondb/engine/rowiterators/LimitingRowIterator|,|java+class:///org/axiondb/engine/rowiterators/AbstractFilteringRowIterator|>,|project://axion-1.0-M2/src/org/axiondb/engine/rowiterators/LimitingRowIterator.java|(2484,12,<55,8>,<55,20>)>
]