{
  <<|java+class:///org/springframework/jdbc/core/SqlOutParameter|,|java+class:///org/springframework/jdbc/core/ResultSetSupportingSqlParameter|>,2,|java+class:///org/springframework/jdbc/core/SqlParameter|>,
  <<|java+class:///org/springframework/jdbc/support/MetaDataAccessException|,|java+class:///org/springframework/core/NestedCheckedException|>,2,|java+class:///java/lang/Throwable|>,
  <<|java+class:///org/springframework/jdbc/core/namedparam/MapSqlParameterSource|,|java+class:///org/springframework/jdbc/core/namedparam/AbstractSqlParameterSource|>,2,|java+interface:///org/springframework/jdbc/core/namedparam/SqlParameterSource|>,
  <<|java+class:///org/springframework/jdbc/core/metadata/Db2CallMetaDataProvider|,|java+class:///org/springframework/jdbc/core/metadata/GenericCallMetaDataProvider|>,2,|java+interface:///org/springframework/jdbc/core/metadata/CallMetaDataProvider|>,
  <<|java+class:///org/springframework/jdbc/datasource/lookup/AbstractRoutingDataSource|,|java+class:///org/springframework/jdbc/datasource/AbstractDataSource|>,2,|java+interface:///javax/sql/DataSource|>,
  <<|java+class:///org/springframework/jdbc/core/SqlReturnUpdateCount|,|java+class:///org/springframework/jdbc/core/SqlParameter|>,2,|java+class:///java/lang/Object|>,
  <<|java+class:///org/springframework/jdbc/object/SqlOperation|,|java+class:///org/springframework/jdbc/object/RdbmsOperation|>,2,|java+class:///java/lang/Object|>,
  <<|java+class:///org/springframework/jdbc/datasource/TransactionAwareDataSourceProxy|,|java+class:///org/springframework/jdbc/datasource/DelegatingDataSource|>,2,|java+interface:///javax/sql/DataSource|>,
  <<|java+class:///org/springframework/jdbc/datasource/lookup/AbstractRoutingDataSource|,|java+class:///org/springframework/jdbc/datasource/AbstractDataSource|>,2,|java+class:///java/lang/Object|>,
  <<|java+class:///org/springframework/jdbc/object/StoredProcedureTests/CustomDataException|,|java+class:///org/springframework/dao/DataAccessException|>,2,|java+class:///|>,
  <<|java+class:///org/springframework/jdbc/core/metadata/DerbyTableMetaDataProvider|,|java+class:///org/springframework/jdbc/core/metadata/GenericTableMetaDataProvider|>,2,|java+interface:///org/springframework/jdbc/core/metadata/TableMetaDataProvider|>,
  <<|java+class:///org/springframework/jdbc/core/JdbcTemplateTests/PlainNativeJdbcExtractor|,|java+class:///org/springframework/jdbc/support/nativejdbc/NativeJdbcExtractorAdapter|>,2,|java+interface:///org/springframework/jdbc/support/nativejdbc/NativeJdbcExtractor|>,
  <<|java+class:///org/springframework/jdbc/core/SqlReturnResultSet|,|java+class:///org/springframework/jdbc/core/ResultSetSupportingSqlParameter|>,2,|java+class:///java/lang/Object|>,
  <<|java+class:///org/springframework/jdbc/object/SqlCall|,|java+class:///org/springframework/jdbc/object/RdbmsOperation|>,2,|java+class:///java/lang/Object|>,
  <<|java+class:///org/springframework/jdbc/support/SQLExceptionSubclassTranslator|,|java+class:///org/springframework/jdbc/support/AbstractFallbackSQLExceptionTranslator|>,2,|java+interface:///org/springframework/jdbc/support/SQLExceptionTranslator|>,
  <<|java+class:///org/springframework/jdbc/datasource/lookup/IsolationLevelDataSourceRouter|,|java+class:///org/springframework/jdbc/datasource/lookup/AbstractRoutingDataSource|>,2,|java+interface:///javax/sql/DataSource|>,
  <<|java+class:///org/springframework/jdbc/datasource/embedded/H2EmbeddedDatabaseConfigurer|,|java+class:///org/springframework/jdbc/datasource/embedded/AbstractEmbeddedDatabaseConfigurer|>,2,|java+interface:///org/springframework/jdbc/datasource/embedded/EmbeddedDatabaseConfigurer|>,
  <<|java+class:///org/springframework/jdbc/core/metadata/GenericTableMetaDataProvider|,|java+interface:///org/springframework/jdbc/core/metadata/TableMetaDataProvider|>,2,|java+interface:///org/springframework/jdbc/core/metadata/TableMetaDataProvider|>,
  <<|java+class:///org/springframework/jdbc/core/metadata/OracleCallMetaDataProvider|,|java+class:///org/springframework/jdbc/core/metadata/GenericCallMetaDataProvider|>,2,|java+interface:///org/springframework/jdbc/core/metadata/CallMetaDataProvider|>,
  <<|java+class:///org/springframework/jdbc/datasource/lookup/IsolationLevelDataSourceRouter|,|java+class:///org/springframework/jdbc/datasource/lookup/AbstractRoutingDataSource|>,2,|java+class:///java/lang/Object|>,
  <<|java+class:///org/springframework/jdbc/core/metadata/HsqlTableMetaDataProvider|,|java+class:///org/springframework/jdbc/core/metadata/GenericTableMetaDataProvider|>,2,|java+interface:///org/springframework/jdbc/core/metadata/TableMetaDataProvider|>,
  <<|java+class:///org/springframework/jdbc/core/JdbcTemplate|,|java+class:///org/springframework/jdbc/support/JdbcAccessor|>,2,|java+class:///java/lang/Object|>,
  <<|java+class:///org/springframework/jdbc/datasource/DriverManagerDataSource|,|java+class:///org/springframework/jdbc/datasource/AbstractDriverBasedDataSource|>,2,|java+interface:///javax/sql/DataSource|>,
  <<|java+interface:///org/springframework/jdbc/datasource/SmartDataSource|,|java+interface:///javax/sql/DataSource|>,2,|java+interface:///javax/sql/DataSource|>,
  <<|java+class:///org/springframework/jdbc/datasource/TestDataSourceWrapper|,|java+class:///org/springframework/jdbc/datasource/AbstractDataSource|>,2,|java+class:///java/lang/Object|>,
  <<|java+class:///org/springframework/jdbc/core/test/ConcretePerson|,|java+class:///org/springframework/jdbc/core/test/AbstractPerson|>,2,|java+class:///java/lang/Object|>,
  <<|java+class:///org/springframework/jdbc/core/metadata/SqlServerCallMetaDataProvider|,|java+class:///org/springframework/jdbc/core/metadata/GenericCallMetaDataProvider|>,2,|java+interface:///org/springframework/jdbc/core/metadata/CallMetaDataProvider|>,
  <<|java+class:///org/springframework/jdbc/core/SqlParameterValue|,|java+class:///org/springframework/jdbc/core/SqlParameter|>,2,|java+class:///java/lang/Object|>,
  <<|java+class:///org/springframework/jdbc/support/nativejdbc/NativeJdbcExtractorAdapter|,|java+interface:///org/springframework/jdbc/support/nativejdbc/NativeJdbcExtractor|>,2,|java+interface:///org/springframework/jdbc/support/nativejdbc/NativeJdbcExtractor|>,
  <<|java+class:///org/springframework/jdbc/core/metadata/PostgresCallMetaDataProvider|,|java+class:///org/springframework/jdbc/core/metadata/GenericCallMetaDataProvider|>,2,|java+interface:///org/springframework/jdbc/core/metadata/CallMetaDataProvider|>,
  <<|java+interface:///org/springframework/jdbc/core/simple/ParameterizedRowMapper|,|java+interface:///org/springframework/jdbc/core/RowMapper|>,2,|java+class:///java/lang/Object|>,
  <<|java+class:///org/springframework/jdbc/core/metadata/SybaseCallMetaDataProvider|,|java+class:///org/springframework/jdbc/core/metadata/GenericCallMetaDataProvider|>,2,|java+interface:///org/springframework/jdbc/core/metadata/CallMetaDataProvider|>,
  <<|java+class:///org/springframework/jdbc/core/SqlReturnResultSet|,|java+class:///org/springframework/jdbc/core/ResultSetSupportingSqlParameter|>,2,|java+class:///org/springframework/jdbc/core/SqlParameter|>,
  <<|java+class:///org/springframework/jdbc/core/namedparam/BeanPropertySqlParameterSource|,|java+class:///org/springframework/jdbc/core/namedparam/AbstractSqlParameterSource|>,2,|java+interface:///org/springframework/jdbc/core/namedparam/SqlParameterSource|>,
  <<|java+interface:///org/springframework/jdbc/core/DisposableSqlTypeValue|,|java+interface:///org/springframework/jdbc/core/SqlTypeValue|>,2,|java+class:///java/lang/Object|>,
  <<|java+class:///org/springframework/jdbc/support/lob/DefaultLobHandler|,|java+class:///org/springframework/jdbc/support/lob/AbstractLobHandler|>,2,|java+interface:///org/springframework/jdbc/support/lob/LobHandler|>,
  <<|java+class:///org/springframework/jdbc/datasource/AbstractDriverBasedDataSource|,|java+class:///org/springframework/jdbc/datasource/AbstractDataSource|>,2,|java+interface:///javax/sql/DataSource|>,
  <<|java+class:///org/springframework/jdbc/datasource/SingleConnectionDataSource|,|java+interface:///org/springframework/jdbc/datasource/SmartDataSource|>,2,|java+interface:///javax/sql/DataSource|>,
  <<|java+class:///org/springframework/jdbc/core/test/ExtendedPerson|,|java+class:///org/springframework/jdbc/core/test/ConcretePerson|>,2,|java+class:///java/lang/Object|>,
  <<|java+class:///org/springframework/jdbc/support/lob/SpringLobCreatorSynchronization|,|java+class:///org/springframework/transaction/support/TransactionSynchronizationAdapter|>,2,|java+interface:///org/springframework/transaction/support/TransactionSynchronization|>,
  <<|java+class:///org/springframework/jdbc/datasource/DataSourceTransactionManager/DataSourceTransactionObject|,|java+class:///org/springframework/jdbc/datasource/JdbcTransactionObjectSupport|>,2,|java+class:///java/lang/Object|>,
  <<|java+class:///org/springframework/jdbc/support/SQLStateSQLExceptionTranslator|,|java+class:///org/springframework/jdbc/support/AbstractFallbackSQLExceptionTranslator|>,2,|java+interface:///org/springframework/jdbc/support/SQLExceptionTranslator|>,
  <<|java+class:///org/springframework/jdbc/core/metadata/OracleTableMetaDataProvider|,|java+class:///org/springframework/jdbc/core/metadata/GenericTableMetaDataProvider|>,2,|java+interface:///org/springframework/jdbc/core/metadata/TableMetaDataProvider|>,
  <<|java+class:///org/springframework/jdbc/datasource/LazyConnectionDataSourceProxy|,|java+class:///org/springframework/jdbc/datasource/DelegatingDataSource|>,2,|java+interface:///javax/sql/DataSource|>,
  <<|java+class:///org/springframework/jdbc/core/ResultSetSupportingSqlParameter|,|java+class:///org/springframework/jdbc/core/SqlParameter|>,2,|java+class:///java/lang/Object|>,
  <<|java+class:///org/springframework/jdbc/UncategorizedSQLException|,|java+class:///org/springframework/dao/UncategorizedDataAccessException|>,2,|java+class:///org/springframework/dao/DataAccessException|>,
  <<|java+class:///org/springframework/jdbc/InvalidResultSetAccessException|,|java+class:///org/springframework/dao/InvalidDataAccessResourceUsageException|>,2,|java+class:///org/springframework/dao/DataAccessException|>,
  <<|java+class:///org/springframework/jdbc/core/namedparam/AbstractSqlParameterSource|,|java+interface:///org/springframework/jdbc/core/namedparam/SqlParameterSource|>,2,|java+interface:///org/springframework/jdbc/core/namedparam/SqlParameterSource|>,
  <<|java+class:///org/springframework/jdbc/datasource/UserCredentialsDataSourceAdapter|,|java+class:///org/springframework/jdbc/datasource/DelegatingDataSource|>,2,|java+class:///java/lang/Object|>,
  <<|java+class:///org/springframework/jdbc/support/SQLErrorCodeSQLExceptionTranslator|,|java+class:///org/springframework/jdbc/support/AbstractFallbackSQLExceptionTranslator|>,2,|java+interface:///org/springframework/jdbc/support/SQLExceptionTranslator|>,
  <<|java+class:///org/springframework/jdbc/core/simple/ParameterizedBeanPropertyRowMapper|,|java+class:///org/springframework/jdbc/core/BeanPropertyRowMapper|>,2,|java+class:///java/lang/Object|>,
  <<|java+class:///org/springframework/jdbc/support/lob/AbstractLobHandler|,|java+interface:///org/springframework/jdbc/support/lob/LobHandler|>,2,|java+interface:///org/springframework/jdbc/support/lob/LobHandler|>,
  <<|java+class:///org/springframework/jdbc/datasource/IsolationLevelDataSourceAdapter|,|java+class:///org/springframework/jdbc/datasource/UserCredentialsDataSourceAdapter|>,2,|java+interface:///javax/sql/DataSource|>,
  <<|java+class:///org/springframework/jdbc/core/metadata/DerbyCallMetaDataProvider|,|java+class:///org/springframework/jdbc/core/metadata/GenericCallMetaDataProvider|>,2,|java+interface:///org/springframework/jdbc/core/metadata/CallMetaDataProvider|>,
  <<|java+class:///org/springframework/jdbc/datasource/lookup/StubDataSource|,|java+class:///org/springframework/jdbc/datasource/AbstractDataSource|>,2,|java+interface:///javax/sql/DataSource|>,
  <<|java+class:///org/springframework/jdbc/datasource/DataSourceTransactionManager|,|java+class:///org/springframework/transaction/support/AbstractPlatformTransactionManager|>,2,|java+interface:///org/springframework/transaction/PlatformTransactionManager|>,
  <<|java+class:///org/springframework/jdbc/datasource/lookup/StubDataSource|,|java+class:///org/springframework/jdbc/datasource/AbstractDataSource|>,2,|java+class:///java/lang/Object|>,
  <<|java+class:///org/springframework/jdbc/datasource/DataSourceUtils/ConnectionSynchronization|,|java+class:///org/springframework/transaction/support/TransactionSynchronizationAdapter|>,2,|java+interface:///org/springframework/transaction/support/TransactionSynchronization|>,
  <<|java+class:///org/springframework/jdbc/core/ResultSetSupportingSqlParameter|,|java+class:///org/springframework/jdbc/core/SqlParameter|>,2,|java+class:///org/springframework/jdbc/core/SqlParameter|>,
  <<|java+class:///org/springframework/jdbc/datasource/IsolationLevelDataSourceAdapter|,|java+class:///org/springframework/jdbc/datasource/UserCredentialsDataSourceAdapter|>,2,|java+class:///java/lang/Object|>,
  <<|java+class:///org/springframework/jdbc/object/SqlQuery|,|java+class:///org/springframework/jdbc/object/SqlOperation|>,2,|java+class:///java/lang/Object|>,
  <<|java+class:///org/springframework/jdbc/CannotGetJdbcConnectionException|,|java+class:///org/springframework/dao/DataAccessResourceFailureException|>,2,|java+class:///java/lang/Throwable|>,
  <<|java+class:///org/springframework/jdbc/core/metadata/PostgresTableMetaDataProvider|,|java+class:///org/springframework/jdbc/core/metadata/GenericTableMetaDataProvider|>,2,|java+interface:///org/springframework/jdbc/core/metadata/TableMetaDataProvider|>,
  <<|java+class:///org/springframework/jdbc/datasource/ConnectionHolder|,|java+class:///org/springframework/transaction/support/ResourceHolderSupport|>,2,|java+class:///java/lang/Object|>,
  <<|java+class:///org/springframework/jdbc/datasource/embedded/HsqlEmbeddedDatabaseConfigurer|,|java+class:///org/springframework/jdbc/datasource/embedded/AbstractEmbeddedDatabaseConfigurer|>,2,|java+interface:///org/springframework/jdbc/datasource/embedded/EmbeddedDatabaseConfigurer|>,
  <<|java+class:///org/springframework/jdbc/support/AbstractFallbackSQLExceptionTranslator|,|java+interface:///org/springframework/jdbc/support/SQLExceptionTranslator|>,2,|java+interface:///org/springframework/jdbc/support/SQLExceptionTranslator|>,
  <<|java+class:///org/springframework/jdbc/object/StoredProcedure|,|java+class:///org/springframework/jdbc/object/SqlCall|>,2,|java+class:///java/lang/Object|>,
  <<|java+class:///org/springframework/jdbc/datasource/UserCredentialsDataSourceAdapter|,|java+class:///org/springframework/jdbc/datasource/DelegatingDataSource|>,2,|java+interface:///javax/sql/DataSource|>,
  <<|java+class:///org/springframework/jdbc/datasource/SimpleDriverDataSource|,|java+class:///org/springframework/jdbc/datasource/AbstractDriverBasedDataSource|>,2,|java+interface:///javax/sql/DataSource|>,
  <<|java+class:///org/springframework/jdbc/core/metadata/GenericCallMetaDataProvider|,|java+interface:///org/springframework/jdbc/core/metadata/CallMetaDataProvider|>,2,|java+interface:///org/springframework/jdbc/core/metadata/CallMetaDataProvider|>,
  <<|java+class:///org/springframework/jdbc/BadSqlGrammarException|,|java+class:///org/springframework/dao/InvalidDataAccessResourceUsageException|>,2,|java+class:///org/springframework/dao/DataAccessException|>,
  <<|java+class:///org/springframework/jdbc/datasource/embedded/AbstractEmbeddedDatabaseConfigurer|,|java+interface:///org/springframework/jdbc/datasource/embedded/EmbeddedDatabaseConfigurer|>,2,|java+interface:///org/springframework/jdbc/datasource/embedded/EmbeddedDatabaseConfigurer|>,
  <<|java+class:///org/springframework/jdbc/datasource/DelegatingDataSource|,|java+interface:///javax/sql/DataSource|>,2,|java+interface:///javax/sql/DataSource|>,
  <<|java+class:///org/springframework/jdbc/datasource/AbstractDataSource|,|java+interface:///javax/sql/DataSource|>,2,|java+interface:///javax/sql/DataSource|>,
  <<|java+class:///org/springframework/jdbc/core/SqlInOutParameter|,|java+class:///org/springframework/jdbc/core/SqlOutParameter|>,2,|java+class:///org/springframework/jdbc/core/SqlParameter|>
}