RESULTS LOG: 
INTERNAL REUSE TOTAL: 86 
<|java+class:///org/springframework/jdbc/core/BeanPropertyRowMapperTests|,|java+class:///org/springframework/jdbc/core/AbstractRowMapperTests|> 
<|java+class:///org/springframework/jdbc/core/JdbcTemplate|,|java+class:///org/springframework/jdbc/support/JdbcAccessor|> 
<|java+class:///org/springframework/jdbc/core/JdbcTemplateQueryTests|,|java+class:///org/springframework/jdbc/AbstractJdbcTests|> 
<|java+class:///org/springframework/jdbc/core/JdbcTemplateTests|,|java+class:///org/springframework/jdbc/AbstractJdbcTests|> 
<|java+class:///org/springframework/jdbc/core/metadata/Db2CallMetaDataProvider|,|java+class:///org/springframework/jdbc/core/metadata/GenericCallMetaDataProvider|> 
<|java+class:///org/springframework/jdbc/core/metadata/DerbyCallMetaDataProvider|,|java+class:///org/springframework/jdbc/core/metadata/GenericCallMetaDataProvider|> 
<|java+class:///org/springframework/jdbc/core/metadata/DerbyTableMetaDataProvider|,|java+class:///org/springframework/jdbc/core/metadata/GenericTableMetaDataProvider|> 
<|java+class:///org/springframework/jdbc/core/metadata/OracleCallMetaDataProvider|,|java+class:///org/springframework/jdbc/core/metadata/GenericCallMetaDataProvider|> 
<|java+class:///org/springframework/jdbc/core/metadata/OracleTableMetaDataProvider|,|java+class:///org/springframework/jdbc/core/metadata/GenericTableMetaDataProvider|> 
<|java+class:///org/springframework/jdbc/core/metadata/PostgresCallMetaDataProvider|,|java+class:///org/springframework/jdbc/core/metadata/GenericCallMetaDataProvider|> 
<|java+class:///org/springframework/jdbc/core/metadata/PostgresTableMetaDataProvider|,|java+class:///org/springframework/jdbc/core/metadata/GenericTableMetaDataProvider|> 
<|java+class:///org/springframework/jdbc/core/metadata/SqlServerCallMetaDataProvider|,|java+class:///org/springframework/jdbc/core/metadata/GenericCallMetaDataProvider|> 
<|java+class:///org/springframework/jdbc/core/metadata/SybaseCallMetaDataProvider|,|java+class:///org/springframework/jdbc/core/metadata/GenericCallMetaDataProvider|> 
<|java+class:///org/springframework/jdbc/core/namedparam/BeanPropertySqlParameterSource|,|java+class:///org/springframework/jdbc/core/namedparam/AbstractSqlParameterSource|> 
<|java+class:///org/springframework/jdbc/core/namedparam/MapSqlParameterSource|,|java+class:///org/springframework/jdbc/core/namedparam/AbstractSqlParameterSource|> 
<|java+class:///org/springframework/jdbc/core/namedparam/NamedParameterJdbcDaoSupport|,|java+class:///org/springframework/jdbc/core/support/JdbcDaoSupport|> 
<|java+class:///org/springframework/jdbc/core/namedparam/NamedParameterJdbcTemplateTests|,|java+class:///org/springframework/jdbc/AbstractJdbcTests|> 
<|java+class:///org/springframework/jdbc/core/namedparam/NamedParameterQueryTests|,|java+class:///org/springframework/jdbc/AbstractJdbcTests|> 
<|java+class:///org/springframework/jdbc/core/simple/ParameterizedBeanPropertyRowMapper|,|java+class:///org/springframework/jdbc/core/BeanPropertyRowMapper|> 
<|java+class:///org/springframework/jdbc/core/simple/ParameterizedBeanPropertyRowMapperTests|,|java+class:///org/springframework/jdbc/core/AbstractRowMapperTests|> 
<|java+class:///org/springframework/jdbc/core/simple/ParameterizedSingleColumnRowMapper|,|java+class:///org/springframework/jdbc/core/SingleColumnRowMapper|> 
<|java+class:///org/springframework/jdbc/core/simple/SimpleJdbcCall|,|java+class:///org/springframework/jdbc/core/simple/AbstractJdbcCall|> 
<|java+class:///org/springframework/jdbc/core/simple/SimpleJdbcDaoSupport|,|java+class:///org/springframework/jdbc/core/support/JdbcDaoSupport|> 
<|java+class:///org/springframework/jdbc/core/simple/SimpleJdbcInsert|,|java+class:///org/springframework/jdbc/core/simple/AbstractJdbcInsert|> 
<|java+class:///org/springframework/jdbc/core/support/JdbcBeanDefinitionReaderTests|,|java+class:///org/springframework/jdbc/AbstractJdbcTests|> 
<|java+class:///org/springframework/jdbc/datasource/DataSourceTransactionManager/DataSourceTransactionObject|,|java+class:///org/springframework/jdbc/datasource/JdbcTransactionObjectSupport|> 
<|java+class:///org/springframework/jdbc/datasource/DriverManagerDataSource|,|java+class:///org/springframework/jdbc/datasource/AbstractDriverBasedDataSource|> 
<|java+class:///org/springframework/jdbc/datasource/IsolationLevelDataSourceAdapter|,|java+class:///org/springframework/jdbc/datasource/UserCredentialsDataSourceAdapter|> 
<|java+class:///org/springframework/jdbc/datasource/LazyConnectionDataSourceProxy|,|java+class:///org/springframework/jdbc/datasource/DelegatingDataSource|> 
<|java+class:///org/springframework/jdbc/datasource/SimpleDriverDataSource|,|java+class:///org/springframework/jdbc/datasource/AbstractDriverBasedDataSource|> 
<|java+class:///org/springframework/jdbc/datasource/TransactionAwareDataSourceProxy|,|java+class:///org/springframework/jdbc/datasource/DelegatingDataSource|> 
<|java+class:///org/springframework/jdbc/datasource/UserCredentialsDataSourceAdapter|,|java+class:///org/springframework/jdbc/datasource/DelegatingDataSource|> 
<|java+class:///org/springframework/jdbc/datasource/WebSphereDataSourceAdapter|,|java+class:///org/springframework/jdbc/datasource/IsolationLevelDataSourceAdapter|> 
<|java+class:///org/springframework/jdbc/datasource/embedded/EmbeddedDatabaseFactoryBean|,|java+class:///org/springframework/jdbc/datasource/embedded/EmbeddedDatabaseFactory|> 
<|java+class:///org/springframework/jdbc/object/BatchSqlUpdate|,|java+class:///org/springframework/jdbc/object/SqlUpdate|> 
<|java+class:///org/springframework/jdbc/object/BatchSqlUpdateTests|,|java+class:///org/springframework/jdbc/AbstractJdbcTests|> 
<|java+class:///org/springframework/jdbc/object/GenericSqlQueryTests|,|java+class:///org/springframework/jdbc/AbstractJdbcTests|> 
<|java+class:///org/springframework/jdbc/object/GenericStoredProcedureTests|,|java+class:///org/springframework/jdbc/AbstractJdbcTests|> 
<|java+class:///org/springframework/jdbc/object/SqlCall|,|java+class:///org/springframework/jdbc/object/RdbmsOperation|> 
<|java+class:///org/springframework/jdbc/object/SqlOperation|,|java+class:///org/springframework/jdbc/object/RdbmsOperation|> 
<|java+class:///org/springframework/jdbc/object/SqlQuery|,|java+class:///org/springframework/jdbc/object/SqlOperation|> 
<|java+class:///org/springframework/jdbc/object/SqlQueryTests|,|java+class:///org/springframework/jdbc/AbstractJdbcTests|> 
<|java+class:///org/springframework/jdbc/object/SqlUpdate|,|java+class:///org/springframework/jdbc/object/SqlOperation|> 
<|java+class:///org/springframework/jdbc/object/SqlUpdateTests|,|java+class:///org/springframework/jdbc/AbstractJdbcTests|> 
<|java+class:///org/springframework/jdbc/object/SqlUpdateTests/ConstructorUpdater|,|java+class:///org/springframework/jdbc/object/SqlUpdate|> 
<|java+class:///org/springframework/jdbc/object/SqlUpdateTests/GeneratedKeysUpdater|,|java+class:///org/springframework/jdbc/object/SqlUpdate|> 
<|java+class:///org/springframework/jdbc/object/SqlUpdateTests/IntIntUpdater|,|java+class:///org/springframework/jdbc/object/SqlUpdate|> 
<|java+class:///org/springframework/jdbc/object/SqlUpdateTests/IntUpdater|,|java+class:///org/springframework/jdbc/object/SqlUpdate|> 
<|java+class:///org/springframework/jdbc/object/SqlUpdateTests/MaxRowsUpdater|,|java+class:///org/springframework/jdbc/object/SqlUpdate|> 
<|java+class:///org/springframework/jdbc/object/SqlUpdateTests/MixedUpdater|,|java+class:///org/springframework/jdbc/object/SqlUpdate|> 
<|java+class:///org/springframework/jdbc/object/SqlUpdateTests/RequiredRowsUpdater|,|java+class:///org/springframework/jdbc/object/SqlUpdate|> 
<|java+class:///org/springframework/jdbc/object/SqlUpdateTests/StringUpdater|,|java+class:///org/springframework/jdbc/object/SqlUpdate|> 
<|java+class:///org/springframework/jdbc/object/SqlUpdateTests/Updater|,|java+class:///org/springframework/jdbc/object/SqlUpdate|> 
<|java+class:///org/springframework/jdbc/object/SqlUpdateTests/doTestNamedParameterUpdate(boolean)/NamedParameterUpdater|,|java+class:///org/springframework/jdbc/object/SqlUpdate|> 
<|java+class:///org/springframework/jdbc/object/StoredProcedure|,|java+class:///org/springframework/jdbc/object/SqlCall|> 
<|java+class:///org/springframework/jdbc/object/StoredProcedureTests|,|java+class:///org/springframework/jdbc/AbstractJdbcTests|> 
<|java+class:///org/springframework/jdbc/object/StoredProcedureTests/AddInvoice|,|java+class:///org/springframework/jdbc/object/StoredProcedure|> 
<|java+class:///org/springframework/jdbc/object/StoredProcedureTests/AddInvoiceUsingObjectArray|,|java+class:///org/springframework/jdbc/object/StoredProcedure|> 
<|java+class:///org/springframework/jdbc/object/StoredProcedureTests/MissingParameterStoredProcedure|,|java+class:///org/springframework/jdbc/object/StoredProcedure|> 
<|java+class:///org/springframework/jdbc/object/StoredProcedureTests/NoSuchStoredProcedure|,|java+class:///org/springframework/jdbc/object/StoredProcedure|> 
<|java+class:///org/springframework/jdbc/object/StoredProcedureTests/NullArg|,|java+class:///org/springframework/jdbc/object/StoredProcedure|> 
<|java+class:///org/springframework/jdbc/object/StoredProcedureTests/NumericWithScaleStoredProcedure|,|java+class:///org/springframework/jdbc/object/StoredProcedure|> 
<|java+class:///org/springframework/jdbc/object/StoredProcedureTests/ParameterMapperStoredProcedure|,|java+class:///org/springframework/jdbc/object/StoredProcedure|> 
<|java+class:///org/springframework/jdbc/object/StoredProcedureTests/SqlTypeValueStoredProcedure|,|java+class:///org/springframework/jdbc/object/StoredProcedure|> 
<|java+class:///org/springframework/jdbc/object/StoredProcedureTests/StoredProcedureConfiguredViaJdbcTemplate|,|java+class:///org/springframework/jdbc/object/StoredProcedure|> 
<|java+class:///org/springframework/jdbc/object/StoredProcedureTests/StoredProcedureExceptionTranslator|,|java+class:///org/springframework/jdbc/object/StoredProcedure|> 
<|java+class:///org/springframework/jdbc/object/StoredProcedureTests/StoredProcedureWithResultSet|,|java+class:///org/springframework/jdbc/object/StoredProcedure|> 
<|java+class:///org/springframework/jdbc/object/StoredProcedureTests/StoredProcedureWithResultSetMapped|,|java+class:///org/springframework/jdbc/object/StoredProcedure|> 
<|java+class:///org/springframework/jdbc/object/StoredProcedureTests/UnnamedParameterStoredProcedure|,|java+class:///org/springframework/jdbc/object/StoredProcedure|> 
<|java+class:///org/springframework/jdbc/object/StoredProcedureTests/testStoredProcedureConfiguredViaJdbcTemplateWithCustomExceptionTranslator()/TestJdbcTemplate|,|java+class:///org/springframework/jdbc/core/JdbcTemplate|> 
<|java+class:///org/springframework/jdbc/support/SQLErrorCodeSQLExceptionTranslator|,|java+class:///org/springframework/jdbc/support/AbstractFallbackSQLExceptionTranslator|> 
<|java+class:///org/springframework/jdbc/support/SQLErrorCodesFactoryTests/testFindCustomCodes()/TestSQLErrorCodesFactory|,|java+class:///org/springframework/jdbc/support/SQLErrorCodesFactory|> 
<|java+class:///org/springframework/jdbc/support/SQLErrorCodesFactoryTests/testFindUserDefinedCodes()/TestSQLErrorCodesFactory|,|java+class:///org/springframework/jdbc/support/SQLErrorCodesFactory|> 
<|java+class:///org/springframework/jdbc/support/SQLErrorCodesFactoryTests/testInvalidUserDefinedCodeFormat()/TestSQLErrorCodesFactory|,|java+class:///org/springframework/jdbc/support/SQLErrorCodesFactory|> 
<|java+class:///org/springframework/jdbc/support/SQLErrorCodesFactoryTests/testLookupOrder()/TestSQLErrorCodesFactory|,|java+class:///org/springframework/jdbc/support/SQLErrorCodesFactory|> 
<|java+class:///org/springframework/jdbc/support/SQLErrorCodesFactoryTests/testWildCardNameRecognized()/WildcardSQLErrorCodesFactory|,|java+class:///org/springframework/jdbc/support/SQLErrorCodesFactory|> 
<|java+class:///org/springframework/jdbc/support/SQLExceptionSubclassTranslator|,|java+class:///org/springframework/jdbc/support/AbstractFallbackSQLExceptionTranslator|> 
<|java+class:///org/springframework/jdbc/support/SQLStateSQLExceptionTranslator|,|java+class:///org/springframework/jdbc/support/AbstractFallbackSQLExceptionTranslator|> 
<|java+class:///org/springframework/jdbc/support/incrementer/AbstractColumnMaxValueIncrementer|,|java+class:///org/springframework/jdbc/support/incrementer/AbstractDataFieldMaxValueIncrementer|> 
<|java+class:///org/springframework/jdbc/support/incrementer/AbstractSequenceMaxValueIncrementer|,|java+class:///org/springframework/jdbc/support/incrementer/AbstractDataFieldMaxValueIncrementer|> 
<|java+class:///org/springframework/jdbc/support/incrementer/DerbyMaxValueIncrementer|,|java+class:///org/springframework/jdbc/support/incrementer/AbstractColumnMaxValueIncrementer|> 
<|java+class:///org/springframework/jdbc/support/incrementer/HsqlMaxValueIncrementer|,|java+class:///org/springframework/jdbc/support/incrementer/AbstractColumnMaxValueIncrementer|> 
<|java+class:///org/springframework/jdbc/support/incrementer/MySQLMaxValueIncrementer|,|java+class:///org/springframework/jdbc/support/incrementer/AbstractColumnMaxValueIncrementer|> 
<|java+class:///org/springframework/jdbc/support/incrementer/SqlServerMaxValueIncrementer|,|java+class:///org/springframework/jdbc/support/incrementer/AbstractColumnMaxValueIncrementer|> 
<|java+class:///org/springframework/jdbc/support/incrementer/SybaseMaxValueIncrementer|,|java+class:///org/springframework/jdbc/support/incrementer/AbstractColumnMaxValueIncrementer|> 
<|java+class:///org/springframework/jdbc/support/nativejdbc/OracleJdbc4NativeJdbcExtractor|,|java+class:///org/springframework/jdbc/support/nativejdbc/Jdbc4NativeJdbcExtractor|> 

EXTERNAL REUSE TOTAL: 46 
<|java+class:///org/springframework/jdbc/core/JdbcTemplate|,|java+class:///org/springframework/jdbc/support/JdbcAccessor|> 
<|java+class:///org/springframework/jdbc/core/JdbcTemplateTests/PlainNativeJdbcExtractor|,|java+class:///org/springframework/jdbc/support/nativejdbc/NativeJdbcExtractorAdapter|> 
<|java+class:///org/springframework/jdbc/core/ResultSetSupportingSqlParameter|,|java+class:///org/springframework/jdbc/core/SqlParameter|> 
<|java+class:///org/springframework/jdbc/core/SqlOutParameter|,|java+class:///org/springframework/jdbc/core/ResultSetSupportingSqlParameter|> 
<|java+class:///org/springframework/jdbc/core/SqlParameterValue|,|java+class:///org/springframework/jdbc/core/SqlParameter|> 
<|java+class:///org/springframework/jdbc/core/SqlReturnUpdateCount|,|java+class:///org/springframework/jdbc/core/SqlParameter|> 
<|java+class:///org/springframework/jdbc/core/namedparam/BeanPropertySqlParameterSource|,|java+class:///org/springframework/jdbc/core/namedparam/AbstractSqlParameterSource|> 
<|java+class:///org/springframework/jdbc/core/namedparam/MapSqlParameterSource|,|java+class:///org/springframework/jdbc/core/namedparam/AbstractSqlParameterSource|> 
<|java+class:///org/springframework/jdbc/core/simple/ParameterizedBeanPropertyRowMapper|,|java+class:///org/springframework/jdbc/core/BeanPropertyRowMapper|> 
<|java+class:///org/springframework/jdbc/core/simple/SimpleJdbcCall|,|java+class:///org/springframework/jdbc/core/simple/AbstractJdbcCall|> 
<|java+class:///org/springframework/jdbc/core/test/ConcretePerson|,|java+class:///org/springframework/jdbc/core/test/AbstractPerson|> 
<|java+class:///org/springframework/jdbc/datasource/DataSourceTransactionManager/DataSourceTransactionObject|,|java+class:///org/springframework/jdbc/datasource/JdbcTransactionObjectSupport|> 
<|java+class:///org/springframework/jdbc/datasource/DriverManagerDataSource|,|java+class:///org/springframework/jdbc/datasource/AbstractDriverBasedDataSource|> 
<|java+class:///org/springframework/jdbc/datasource/IsolationLevelDataSourceAdapter|,|java+class:///org/springframework/jdbc/datasource/UserCredentialsDataSourceAdapter|> 
<|java+class:///org/springframework/jdbc/datasource/SimpleDriverDataSource|,|java+class:///org/springframework/jdbc/datasource/AbstractDriverBasedDataSource|> 
<|java+class:///org/springframework/jdbc/datasource/TransactionAwareDataSourceProxy|,|java+class:///org/springframework/jdbc/datasource/DelegatingDataSource|> 
<|java+class:///org/springframework/jdbc/datasource/UserCredentialsDataSourceAdapter|,|java+class:///org/springframework/jdbc/datasource/DelegatingDataSource|> 
<|java+class:///org/springframework/jdbc/datasource/embedded/EmbeddedDatabaseFactoryBean|,|java+class:///org/springframework/jdbc/datasource/embedded/EmbeddedDatabaseFactory|> 
<|java+class:///org/springframework/jdbc/datasource/lookup/IsolationLevelDataSourceRouter|,|java+class:///org/springframework/jdbc/datasource/lookup/AbstractRoutingDataSource|> 
<|java+class:///org/springframework/jdbc/object/BatchSqlUpdate|,|java+class:///org/springframework/jdbc/object/SqlUpdate|> 
<|java+class:///org/springframework/jdbc/object/MappingSqlQuery|,|java+class:///org/springframework/jdbc/object/MappingSqlQueryWithParameters|> 
<|java+class:///org/springframework/jdbc/object/MappingSqlQueryWithParameters|,|java+class:///org/springframework/jdbc/object/SqlQuery|> 
<|java+class:///org/springframework/jdbc/object/RdbmsOperationTests/TestRdbmsOperation|,|java+class:///org/springframework/jdbc/object/RdbmsOperation|> 
<|java+class:///org/springframework/jdbc/object/SqlOperation|,|java+class:///org/springframework/jdbc/object/RdbmsOperation|> 
<|java+class:///org/springframework/jdbc/object/SqlQuery|,|java+class:///org/springframework/jdbc/object/SqlOperation|> 
<|java+class:///org/springframework/jdbc/object/SqlQueryTests/StringQuery|,|java+class:///org/springframework/jdbc/object/MappingSqlQuery|> 
<|java+class:///org/springframework/jdbc/object/SqlQueryTests/testListCustomersIntInt()/CustomerQuery|,|java+class:///org/springframework/jdbc/object/MappingSqlQuery|> 
<|java+class:///org/springframework/jdbc/object/SqlQueryTests/testListCustomersString()/CustomerQuery|,|java+class:///org/springframework/jdbc/object/MappingSqlQuery|> 
<|java+class:///org/springframework/jdbc/object/SqlQueryTests/testUpdateCustomers()/CustomerUpdateQuery|,|java+class:///org/springframework/jdbc/object/UpdatableSqlQuery|> 
<|java+class:///org/springframework/jdbc/object/SqlUpdate|,|java+class:///org/springframework/jdbc/object/SqlOperation|> 
<|java+class:///org/springframework/jdbc/object/StoredProcedureTests/testStoredProcedureConfiguredViaJdbcTemplateWithCustomExceptionTranslator()/TestJdbcTemplate|,|java+class:///org/springframework/jdbc/core/JdbcTemplate|> 
<|java+class:///org/springframework/jdbc/object/UpdatableSqlQuery|,|java+class:///org/springframework/jdbc/object/SqlQuery|> 
<|java+class:///org/springframework/jdbc/support/SQLErrorCodeSQLExceptionTranslator|,|java+class:///org/springframework/jdbc/support/AbstractFallbackSQLExceptionTranslator|> 
<|java+class:///org/springframework/jdbc/support/SQLErrorCodesFactoryTests/testFindCustomCodes()/TestSQLErrorCodesFactory|,|java+class:///org/springframework/jdbc/support/SQLErrorCodesFactory|> 
<|java+class:///org/springframework/jdbc/support/SQLErrorCodesFactoryTests/testFindUserDefinedCodes()/TestSQLErrorCodesFactory|,|java+class:///org/springframework/jdbc/support/SQLErrorCodesFactory|> 
<|java+class:///org/springframework/jdbc/support/SQLErrorCodesFactoryTests/testInvalidUserDefinedCodeFormat()/TestSQLErrorCodesFactory|,|java+class:///org/springframework/jdbc/support/SQLErrorCodesFactory|> 
<|java+class:///org/springframework/jdbc/support/SQLErrorCodesFactoryTests/testLookupOrder()/TestSQLErrorCodesFactory|,|java+class:///org/springframework/jdbc/support/SQLErrorCodesFactory|> 
<|java+class:///org/springframework/jdbc/support/SQLStateSQLExceptionTranslator|,|java+class:///org/springframework/jdbc/support/AbstractFallbackSQLExceptionTranslator|> 
<|java+class:///org/springframework/jdbc/support/incrementer/AbstractColumnMaxValueIncrementer|,|java+class:///org/springframework/jdbc/support/incrementer/AbstractDataFieldMaxValueIncrementer|> 
<|java+class:///org/springframework/jdbc/support/incrementer/AbstractSequenceMaxValueIncrementer|,|java+class:///org/springframework/jdbc/support/incrementer/AbstractDataFieldMaxValueIncrementer|> 
<|java+class:///org/springframework/jdbc/support/incrementer/HsqlMaxValueIncrementer|,|java+class:///org/springframework/jdbc/support/incrementer/AbstractColumnMaxValueIncrementer|> 
<|java+class:///org/springframework/jdbc/support/incrementer/MySQLMaxValueIncrementer|,|java+class:///org/springframework/jdbc/support/incrementer/AbstractColumnMaxValueIncrementer|> 
<|java+class:///org/springframework/jdbc/support/incrementer/OracleSequenceMaxValueIncrementer|,|java+class:///org/springframework/jdbc/support/incrementer/AbstractSequenceMaxValueIncrementer|> 
<|java+class:///org/springframework/jdbc/support/incrementer/PostgreSQLSequenceMaxValueIncrementer|,|java+class:///org/springframework/jdbc/support/incrementer/AbstractSequenceMaxValueIncrementer|> 
<|java+class:///org/springframework/jdbc/support/nativejdbc/CommonsDbcpNativeJdbcExtractor|,|java+class:///org/springframework/jdbc/support/nativejdbc/NativeJdbcExtractorAdapter|> 
<|java+class:///org/springframework/jdbc/support/nativejdbc/SimpleNativeJdbcExtractor|,|java+class:///org/springframework/jdbc/support/nativejdbc/NativeJdbcExtractorAdapter|> 

SUBTYPE TOTAL: 50 
<|java+class:///org/springframework/jdbc/core/JdbcTemplate|,|java+class:///org/springframework/jdbc/support/JdbcAccessor|> 
<|java+class:///org/springframework/jdbc/core/JdbcTemplateTests/PlainNativeJdbcExtractor|,|java+class:///org/springframework/jdbc/support/nativejdbc/NativeJdbcExtractorAdapter|> 
<|java+class:///org/springframework/jdbc/core/ResultSetSupportingSqlParameter|,|java+class:///org/springframework/jdbc/core/SqlParameter|> 
<|java+class:///org/springframework/jdbc/core/SqlInOutParameter|,|java+class:///org/springframework/jdbc/core/SqlOutParameter|> 
<|java+class:///org/springframework/jdbc/core/SqlOutParameter|,|java+class:///org/springframework/jdbc/core/ResultSetSupportingSqlParameter|> 
<|java+class:///org/springframework/jdbc/core/SqlParameterValue|,|java+class:///org/springframework/jdbc/core/SqlParameter|> 
<|java+class:///org/springframework/jdbc/core/SqlReturnResultSet|,|java+class:///org/springframework/jdbc/core/ResultSetSupportingSqlParameter|> 
<|java+class:///org/springframework/jdbc/core/SqlReturnUpdateCount|,|java+class:///org/springframework/jdbc/core/SqlParameter|> 
<|java+class:///org/springframework/jdbc/core/metadata/Db2CallMetaDataProvider|,|java+class:///org/springframework/jdbc/core/metadata/GenericCallMetaDataProvider|> 
<|java+class:///org/springframework/jdbc/core/metadata/DerbyCallMetaDataProvider|,|java+class:///org/springframework/jdbc/core/metadata/GenericCallMetaDataProvider|> 
<|java+class:///org/springframework/jdbc/core/metadata/DerbyTableMetaDataProvider|,|java+class:///org/springframework/jdbc/core/metadata/GenericTableMetaDataProvider|> 
<|java+class:///org/springframework/jdbc/core/metadata/HsqlTableMetaDataProvider|,|java+class:///org/springframework/jdbc/core/metadata/GenericTableMetaDataProvider|> 
<|java+class:///org/springframework/jdbc/core/metadata/OracleCallMetaDataProvider|,|java+class:///org/springframework/jdbc/core/metadata/GenericCallMetaDataProvider|> 
<|java+class:///org/springframework/jdbc/core/metadata/OracleTableMetaDataProvider|,|java+class:///org/springframework/jdbc/core/metadata/GenericTableMetaDataProvider|> 
<|java+class:///org/springframework/jdbc/core/metadata/PostgresCallMetaDataProvider|,|java+class:///org/springframework/jdbc/core/metadata/GenericCallMetaDataProvider|> 
<|java+class:///org/springframework/jdbc/core/metadata/PostgresTableMetaDataProvider|,|java+class:///org/springframework/jdbc/core/metadata/GenericTableMetaDataProvider|> 
<|java+class:///org/springframework/jdbc/core/metadata/SqlServerCallMetaDataProvider|,|java+class:///org/springframework/jdbc/core/metadata/GenericCallMetaDataProvider|> 
<|java+class:///org/springframework/jdbc/core/metadata/SybaseCallMetaDataProvider|,|java+class:///org/springframework/jdbc/core/metadata/GenericCallMetaDataProvider|> 
<|java+class:///org/springframework/jdbc/core/namedparam/BeanPropertySqlParameterSource|,|java+class:///org/springframework/jdbc/core/namedparam/AbstractSqlParameterSource|> 
<|java+class:///org/springframework/jdbc/core/namedparam/MapSqlParameterSource|,|java+class:///org/springframework/jdbc/core/namedparam/AbstractSqlParameterSource|> 
<|java+class:///org/springframework/jdbc/core/simple/ParameterizedBeanPropertyRowMapper|,|java+class:///org/springframework/jdbc/core/BeanPropertyRowMapper|> 
<|java+class:///org/springframework/jdbc/core/test/ConcretePerson|,|java+class:///org/springframework/jdbc/core/test/AbstractPerson|> 
<|java+class:///org/springframework/jdbc/core/test/ExtendedPerson|,|java+class:///org/springframework/jdbc/core/test/ConcretePerson|> 
<|java+class:///org/springframework/jdbc/datasource/AbstractDriverBasedDataSource|,|java+class:///org/springframework/jdbc/datasource/AbstractDataSource|> 
<|java+class:///org/springframework/jdbc/datasource/DataSourceTransactionManager/DataSourceTransactionObject|,|java+class:///org/springframework/jdbc/datasource/JdbcTransactionObjectSupport|> 
<|java+class:///org/springframework/jdbc/datasource/DriverManagerDataSource|,|java+class:///org/springframework/jdbc/datasource/AbstractDriverBasedDataSource|> 
<|java+class:///org/springframework/jdbc/datasource/DriverManagerDataSourceTests/testStandardUsage()/TestDriverManagerDataSource|,|java+class:///org/springframework/jdbc/datasource/DriverManagerDataSource|> 
<|java+class:///org/springframework/jdbc/datasource/DriverManagerDataSourceTests/testUsageWithConnectionProperties()/TestDriverManagerDataSource|,|java+class:///org/springframework/jdbc/datasource/DriverManagerDataSource|> 
<|java+class:///org/springframework/jdbc/datasource/DriverManagerDataSourceTests/testUsageWithConnectionPropertiesAndUserCredentials()/TestDriverManagerDataSource|,|java+class:///org/springframework/jdbc/datasource/DriverManagerDataSource|> 
<|java+class:///org/springframework/jdbc/datasource/IsolationLevelDataSourceAdapter|,|java+class:///org/springframework/jdbc/datasource/UserCredentialsDataSourceAdapter|> 
<|java+class:///org/springframework/jdbc/datasource/LazyConnectionDataSourceProxy|,|java+class:///org/springframework/jdbc/datasource/DelegatingDataSource|> 
<|java+class:///org/springframework/jdbc/datasource/SimpleDriverDataSource|,|java+class:///org/springframework/jdbc/datasource/AbstractDriverBasedDataSource|> 
<|java+class:///org/springframework/jdbc/datasource/TestDataSourceWrapper|,|java+class:///org/springframework/jdbc/datasource/AbstractDataSource|> 
<|java+class:///org/springframework/jdbc/datasource/TransactionAwareDataSourceProxy|,|java+class:///org/springframework/jdbc/datasource/DelegatingDataSource|> 
<|java+class:///org/springframework/jdbc/datasource/UserCredentialsDataSourceAdapter|,|java+class:///org/springframework/jdbc/datasource/DelegatingDataSource|> 
<|java+class:///org/springframework/jdbc/datasource/embedded/H2EmbeddedDatabaseConfigurer|,|java+class:///org/springframework/jdbc/datasource/embedded/AbstractEmbeddedDatabaseConfigurer|> 
<|java+class:///org/springframework/jdbc/datasource/embedded/HsqlEmbeddedDatabaseConfigurer|,|java+class:///org/springframework/jdbc/datasource/embedded/AbstractEmbeddedDatabaseConfigurer|> 
<|java+class:///org/springframework/jdbc/datasource/lookup/AbstractRoutingDataSource|,|java+class:///org/springframework/jdbc/datasource/AbstractDataSource|> 
<|java+class:///org/springframework/jdbc/datasource/lookup/IsolationLevelDataSourceRouter|,|java+class:///org/springframework/jdbc/datasource/lookup/AbstractRoutingDataSource|> 
<|java+class:///org/springframework/jdbc/datasource/lookup/StubDataSource|,|java+class:///org/springframework/jdbc/datasource/AbstractDataSource|> 
<|java+class:///org/springframework/jdbc/object/SqlCall|,|java+class:///org/springframework/jdbc/object/RdbmsOperation|> 
<|java+class:///org/springframework/jdbc/object/SqlOperation|,|java+class:///org/springframework/jdbc/object/RdbmsOperation|> 
<|java+class:///org/springframework/jdbc/object/SqlQuery|,|java+class:///org/springframework/jdbc/object/SqlOperation|> 
<|java+class:///org/springframework/jdbc/object/StoredProcedure|,|java+class:///org/springframework/jdbc/object/SqlCall|> 
<|java+class:///org/springframework/jdbc/object/StoredProcedureTests/testStoredProcedureConfiguredViaJdbcTemplateWithCustomExceptionTranslator()/TestJdbcTemplate|,|java+class:///org/springframework/jdbc/core/JdbcTemplate|> 
<|java+class:///org/springframework/jdbc/support/SQLErrorCodeSQLExceptionTranslator|,|java+class:///org/springframework/jdbc/support/AbstractFallbackSQLExceptionTranslator|> 
<|java+class:///org/springframework/jdbc/support/SQLErrorCodesFactoryTests/testWildCardNameRecognized()/WildcardSQLErrorCodesFactory|,|java+class:///org/springframework/jdbc/support/SQLErrorCodesFactory|> 
<|java+class:///org/springframework/jdbc/support/SQLExceptionSubclassTranslator|,|java+class:///org/springframework/jdbc/support/AbstractFallbackSQLExceptionTranslator|> 
<|java+class:///org/springframework/jdbc/support/SQLStateSQLExceptionTranslator|,|java+class:///org/springframework/jdbc/support/AbstractFallbackSQLExceptionTranslator|> 
<|java+class:///org/springframework/jdbc/support/lob/DefaultLobHandler|,|java+class:///org/springframework/jdbc/support/lob/AbstractLobHandler|> 

DOWNCALL ACTUAL TOTAL: 0 

DOWNCALL CANDIDATE TOTAL: 0 

CONSTANT TOTAL: 0 

MARKER TOTAL: 0 

SUPER TOTAL: 54 
<|java+class:///org/springframework/jdbc/core/ResultSetSupportingSqlParameter|,|java+class:///org/springframework/jdbc/core/SqlParameter|> 
<|java+class:///org/springframework/jdbc/core/SqlInOutParameter|,|java+class:///org/springframework/jdbc/core/SqlOutParameter|> 
<|java+class:///org/springframework/jdbc/core/SqlOutParameter|,|java+class:///org/springframework/jdbc/core/ResultSetSupportingSqlParameter|> 
<|java+class:///org/springframework/jdbc/core/SqlParameterValue|,|java+class:///org/springframework/jdbc/core/SqlParameter|> 
<|java+class:///org/springframework/jdbc/core/SqlReturnResultSet|,|java+class:///org/springframework/jdbc/core/ResultSetSupportingSqlParameter|> 
<|java+class:///org/springframework/jdbc/core/SqlReturnUpdateCount|,|java+class:///org/springframework/jdbc/core/SqlParameter|> 
<|java+class:///org/springframework/jdbc/core/metadata/Db2CallMetaDataProvider|,|java+class:///org/springframework/jdbc/core/metadata/GenericCallMetaDataProvider|> 
<|java+class:///org/springframework/jdbc/core/metadata/DerbyCallMetaDataProvider|,|java+class:///org/springframework/jdbc/core/metadata/GenericCallMetaDataProvider|> 
<|java+class:///org/springframework/jdbc/core/metadata/DerbyTableMetaDataProvider|,|java+class:///org/springframework/jdbc/core/metadata/GenericTableMetaDataProvider|> 
<|java+class:///org/springframework/jdbc/core/metadata/HsqlTableMetaDataProvider|,|java+class:///org/springframework/jdbc/core/metadata/GenericTableMetaDataProvider|> 
<|java+class:///org/springframework/jdbc/core/metadata/OracleCallMetaDataProvider|,|java+class:///org/springframework/jdbc/core/metadata/GenericCallMetaDataProvider|> 
<|java+class:///org/springframework/jdbc/core/metadata/OracleTableMetaDataProvider|,|java+class:///org/springframework/jdbc/core/metadata/GenericTableMetaDataProvider|> 
<|java+class:///org/springframework/jdbc/core/metadata/PostgresCallMetaDataProvider|,|java+class:///org/springframework/jdbc/core/metadata/GenericCallMetaDataProvider|> 
<|java+class:///org/springframework/jdbc/core/metadata/PostgresTableMetaDataProvider|,|java+class:///org/springframework/jdbc/core/metadata/GenericTableMetaDataProvider|> 
<|java+class:///org/springframework/jdbc/core/metadata/SqlServerCallMetaDataProvider|,|java+class:///org/springframework/jdbc/core/metadata/GenericCallMetaDataProvider|> 
<|java+class:///org/springframework/jdbc/core/metadata/SybaseCallMetaDataProvider|,|java+class:///org/springframework/jdbc/core/metadata/GenericCallMetaDataProvider|> 
<|java+class:///org/springframework/jdbc/core/simple/SimpleJdbcCall|,|java+class:///org/springframework/jdbc/core/simple/AbstractJdbcCall|> 
<|java+class:///org/springframework/jdbc/core/simple/SimpleJdbcInsert|,|java+class:///org/springframework/jdbc/core/simple/AbstractJdbcInsert|> 
<|java+class:///org/springframework/jdbc/datasource/SingleConnectionDataSource|,|java+class:///org/springframework/jdbc/datasource/DriverManagerDataSource|> 
<|java+class:///org/springframework/jdbc/datasource/TransactionAwareDataSourceProxy|,|java+class:///org/springframework/jdbc/datasource/DelegatingDataSource|> 
<|java+class:///org/springframework/jdbc/object/BatchSqlUpdate|,|java+class:///org/springframework/jdbc/object/SqlUpdate|> 
<|java+class:///org/springframework/jdbc/object/MappingSqlQuery|,|java+class:///org/springframework/jdbc/object/MappingSqlQueryWithParameters|> 
<|java+class:///org/springframework/jdbc/object/MappingSqlQueryWithParameters|,|java+class:///org/springframework/jdbc/object/SqlQuery|> 
<|java+class:///org/springframework/jdbc/object/SqlQueryTests/StringQuery|,|java+class:///org/springframework/jdbc/object/MappingSqlQuery|> 
<|java+class:///org/springframework/jdbc/object/SqlQueryTests/doTestNamedParameterCustomerQuery(boolean)/CustomerQuery|,|java+class:///org/springframework/jdbc/object/MappingSqlQuery|> 
<|java+class:///org/springframework/jdbc/object/SqlQueryTests/testFancyCustomerQuery()/CustomerQuery|,|java+class:///org/springframework/jdbc/object/MappingSqlQuery|> 
<|java+class:///org/springframework/jdbc/object/SqlQueryTests/testFindCustomerIntInt()/CustomerQuery|,|java+class:///org/springframework/jdbc/object/MappingSqlQuery|> 
<|java+class:///org/springframework/jdbc/object/SqlQueryTests/testFindCustomerMixed()/CustomerQuery|,|java+class:///org/springframework/jdbc/object/MappingSqlQuery|> 
<|java+class:///org/springframework/jdbc/object/SqlQueryTests/testFindCustomerString()/CustomerQuery|,|java+class:///org/springframework/jdbc/object/MappingSqlQuery|> 
<|java+class:///org/springframework/jdbc/object/SqlQueryTests/testFindTooManyCustomers()/CustomerQuery|,|java+class:///org/springframework/jdbc/object/MappingSqlQuery|> 
<|java+class:///org/springframework/jdbc/object/SqlQueryTests/testListCustomersIntInt()/CustomerQuery|,|java+class:///org/springframework/jdbc/object/MappingSqlQuery|> 
<|java+class:///org/springframework/jdbc/object/SqlQueryTests/testListCustomersString()/CustomerQuery|,|java+class:///org/springframework/jdbc/object/MappingSqlQuery|> 
<|java+class:///org/springframework/jdbc/object/SqlQueryTests/testNamedParameterInListQuery()/CustomerQuery|,|java+class:///org/springframework/jdbc/object/MappingSqlQuery|> 
<|java+class:///org/springframework/jdbc/object/SqlQueryTests/testNamedParameterQueryReusingParameter()/CustomerQuery|,|java+class:///org/springframework/jdbc/object/MappingSqlQuery|> 
<|java+class:///org/springframework/jdbc/object/SqlQueryTests/testNamedParameterUsingInvalidQuestionMarkPlaceHolders()/CustomerQuery|,|java+class:///org/springframework/jdbc/object/MappingSqlQuery|> 
<|java+class:///org/springframework/jdbc/object/SqlQueryTests/testUnnamedParameterDeclarationWithNamedParameterQuery()/CustomerQuery|,|java+class:///org/springframework/jdbc/object/MappingSqlQuery|> 
<|java+class:///org/springframework/jdbc/object/SqlQueryTests/testUpdateCustomers()/CustomerUpdateQuery|,|java+class:///org/springframework/jdbc/object/UpdatableSqlQuery|> 
<|java+class:///org/springframework/jdbc/object/SqlUpdateTests/ConstructorUpdater|,|java+class:///org/springframework/jdbc/object/SqlUpdate|> 
<|java+class:///org/springframework/jdbc/object/StoredProcedureTests/UnnamedParameterStoredProcedure|,|java+class:///org/springframework/jdbc/object/StoredProcedure|> 
<|java+class:///org/springframework/jdbc/object/UpdatableSqlQuery|,|java+class:///org/springframework/jdbc/object/SqlQuery|> 
<|java+class:///org/springframework/jdbc/support/incrementer/AbstractColumnMaxValueIncrementer|,|java+class:///org/springframework/jdbc/support/incrementer/AbstractDataFieldMaxValueIncrementer|> 
<|java+class:///org/springframework/jdbc/support/incrementer/AbstractSequenceMaxValueIncrementer|,|java+class:///org/springframework/jdbc/support/incrementer/AbstractDataFieldMaxValueIncrementer|> 
<|java+class:///org/springframework/jdbc/support/incrementer/DB2MainframeSequenceMaxValueIncrementer|,|java+class:///org/springframework/jdbc/support/incrementer/AbstractSequenceMaxValueIncrementer|> 
<|java+class:///org/springframework/jdbc/support/incrementer/DB2SequenceMaxValueIncrementer|,|java+class:///org/springframework/jdbc/support/incrementer/AbstractSequenceMaxValueIncrementer|> 
<|java+class:///org/springframework/jdbc/support/incrementer/DerbyMaxValueIncrementer|,|java+class:///org/springframework/jdbc/support/incrementer/AbstractColumnMaxValueIncrementer|> 
<|java+class:///org/springframework/jdbc/support/incrementer/H2SequenceMaxValueIncrementer|,|java+class:///org/springframework/jdbc/support/incrementer/AbstractSequenceMaxValueIncrementer|> 
<|java+class:///org/springframework/jdbc/support/incrementer/HsqlMaxValueIncrementer|,|java+class:///org/springframework/jdbc/support/incrementer/AbstractColumnMaxValueIncrementer|> 
<|java+class:///org/springframework/jdbc/support/incrementer/HsqlSequenceMaxValueIncrementer|,|java+class:///org/springframework/jdbc/support/incrementer/AbstractSequenceMaxValueIncrementer|> 
<|java+class:///org/springframework/jdbc/support/incrementer/MySQLMaxValueIncrementer|,|java+class:///org/springframework/jdbc/support/incrementer/AbstractColumnMaxValueIncrementer|> 
<|java+class:///org/springframework/jdbc/support/incrementer/OracleSequenceMaxValueIncrementer|,|java+class:///org/springframework/jdbc/support/incrementer/AbstractSequenceMaxValueIncrementer|> 
<|java+class:///org/springframework/jdbc/support/incrementer/PostgreSQLSequenceMaxValueIncrementer|,|java+class:///org/springframework/jdbc/support/incrementer/AbstractSequenceMaxValueIncrementer|> 
<|java+class:///org/springframework/jdbc/support/incrementer/SqlServerMaxValueIncrementer|,|java+class:///org/springframework/jdbc/support/incrementer/AbstractColumnMaxValueIncrementer|> 
<|java+class:///org/springframework/jdbc/support/incrementer/SybaseAnywhereMaxValueIncrementer|,|java+class:///org/springframework/jdbc/support/incrementer/SybaseMaxValueIncrementer|> 
<|java+class:///org/springframework/jdbc/support/incrementer/SybaseMaxValueIncrementer|,|java+class:///org/springframework/jdbc/support/incrementer/AbstractColumnMaxValueIncrementer|> 

GENERIC TOTAL: 0 

CATEGORY TOTAL: 0 

FRAMEWORK TOTAL: 30 
<|java+class:///org/springframework/jdbc/core/BeanPropertyRowMapperTests|,|java+class:///org/springframework/jdbc/core/AbstractRowMapperTests|> 
<|java+class:///org/springframework/jdbc/core/JdbcTemplate|,|java+class:///org/springframework/jdbc/support/JdbcAccessor|> 
<|java+class:///org/springframework/jdbc/core/JdbcTemplateQueryTests|,|java+class:///org/springframework/jdbc/AbstractJdbcTests|> 
<|java+class:///org/springframework/jdbc/core/JdbcTemplateTests|,|java+class:///org/springframework/jdbc/AbstractJdbcTests|> 
<|java+class:///org/springframework/jdbc/core/namedparam/NamedParameterJdbcDaoSupport|,|java+class:///org/springframework/jdbc/core/support/JdbcDaoSupport|> 
<|java+class:///org/springframework/jdbc/core/namedparam/NamedParameterJdbcTemplateTests|,|java+class:///org/springframework/jdbc/AbstractJdbcTests|> 
<|java+class:///org/springframework/jdbc/core/namedparam/NamedParameterQueryTests|,|java+class:///org/springframework/jdbc/AbstractJdbcTests|> 
<|java+class:///org/springframework/jdbc/core/simple/ParameterizedBeanPropertyRowMapperTests|,|java+class:///org/springframework/jdbc/core/AbstractRowMapperTests|> 
<|java+class:///org/springframework/jdbc/core/simple/SimpleJdbcDaoSupport|,|java+class:///org/springframework/jdbc/core/support/JdbcDaoSupport|> 
<|java+class:///org/springframework/jdbc/core/support/JdbcBeanDefinitionReaderTests|,|java+class:///org/springframework/jdbc/AbstractJdbcTests|> 
<|java+class:///org/springframework/jdbc/datasource/AbstractDriverBasedDataSource|,|java+class:///org/springframework/jdbc/datasource/AbstractDataSource|> 
<|java+class:///org/springframework/jdbc/datasource/DataSourceTransactionManager/DataSourceTransactionObject|,|java+class:///org/springframework/jdbc/datasource/JdbcTransactionObjectSupport|> 
<|java+class:///org/springframework/jdbc/datasource/LazyConnectionDataSourceProxy|,|java+class:///org/springframework/jdbc/datasource/DelegatingDataSource|> 
<|java+class:///org/springframework/jdbc/datasource/TestDataSourceWrapper|,|java+class:///org/springframework/jdbc/datasource/AbstractDataSource|> 
<|java+class:///org/springframework/jdbc/datasource/TransactionAwareDataSourceProxy|,|java+class:///org/springframework/jdbc/datasource/DelegatingDataSource|> 
<|java+class:///org/springframework/jdbc/datasource/UserCredentialsDataSourceAdapter|,|java+class:///org/springframework/jdbc/datasource/DelegatingDataSource|> 
<|java+class:///org/springframework/jdbc/datasource/lookup/AbstractRoutingDataSource|,|java+class:///org/springframework/jdbc/datasource/AbstractDataSource|> 
<|java+class:///org/springframework/jdbc/datasource/lookup/IsolationLevelDataSourceRouter|,|java+class:///org/springframework/jdbc/datasource/lookup/AbstractRoutingDataSource|> 
<|java+class:///org/springframework/jdbc/datasource/lookup/StubDataSource|,|java+class:///org/springframework/jdbc/datasource/AbstractDataSource|> 
<|java+class:///org/springframework/jdbc/object/BatchSqlUpdateTests|,|java+class:///org/springframework/jdbc/AbstractJdbcTests|> 
<|java+class:///org/springframework/jdbc/object/GenericSqlQueryTests|,|java+class:///org/springframework/jdbc/AbstractJdbcTests|> 
<|java+class:///org/springframework/jdbc/object/GenericStoredProcedureTests|,|java+class:///org/springframework/jdbc/AbstractJdbcTests|> 
<|java+class:///org/springframework/jdbc/object/RdbmsOperationTests/TestRdbmsOperation|,|java+class:///org/springframework/jdbc/object/RdbmsOperation|> 
<|java+class:///org/springframework/jdbc/object/SqlCall|,|java+class:///org/springframework/jdbc/object/RdbmsOperation|> 
<|java+class:///org/springframework/jdbc/object/SqlOperation|,|java+class:///org/springframework/jdbc/object/RdbmsOperation|> 
<|java+class:///org/springframework/jdbc/object/SqlQueryTests|,|java+class:///org/springframework/jdbc/AbstractJdbcTests|> 
<|java+class:///org/springframework/jdbc/object/SqlUpdateTests|,|java+class:///org/springframework/jdbc/AbstractJdbcTests|> 
<|java+class:///org/springframework/jdbc/object/StoredProcedureTests|,|java+class:///org/springframework/jdbc/AbstractJdbcTests|> 
<|java+class:///org/springframework/jdbc/support/incrementer/AbstractColumnMaxValueIncrementer|,|java+class:///org/springframework/jdbc/support/incrementer/AbstractDataFieldMaxValueIncrementer|> 
<|java+class:///org/springframework/jdbc/support/incrementer/AbstractSequenceMaxValueIncrementer|,|java+class:///org/springframework/jdbc/support/incrementer/AbstractDataFieldMaxValueIncrementer|> 

DOWNCALL TOTAL: 57 
<|java+class:///org/springframework/jdbc/core/JdbcTemplateTests/PlainNativeJdbcExtractor|,|java+class:///org/springframework/jdbc/support/nativejdbc/NativeJdbcExtractorAdapter|> 
<|java+class:///org/springframework/jdbc/core/metadata/Db2CallMetaDataProvider|,|java+class:///org/springframework/jdbc/core/metadata/GenericCallMetaDataProvider|> 
<|java+class:///org/springframework/jdbc/core/metadata/DerbyCallMetaDataProvider|,|java+class:///org/springframework/jdbc/core/metadata/GenericCallMetaDataProvider|> 
<|java+class:///org/springframework/jdbc/core/metadata/OracleCallMetaDataProvider|,|java+class:///org/springframework/jdbc/core/metadata/GenericCallMetaDataProvider|> 
<|java+class:///org/springframework/jdbc/core/metadata/PostgresCallMetaDataProvider|,|java+class:///org/springframework/jdbc/core/metadata/GenericCallMetaDataProvider|> 
<|java+class:///org/springframework/jdbc/core/namedparam/NamedParameterJdbcDaoSupport|,|java+class:///org/springframework/jdbc/core/support/JdbcDaoSupport|> 
<|java+class:///org/springframework/jdbc/core/simple/SimpleJdbcDaoSupport|,|java+class:///org/springframework/jdbc/core/support/JdbcDaoSupport|> 
<|java+class:///org/springframework/jdbc/datasource/DriverManagerDataSource|,|java+class:///org/springframework/jdbc/datasource/AbstractDriverBasedDataSource|> 
<|java+class:///org/springframework/jdbc/datasource/DriverManagerDataSourceTests/testStandardUsage()/TestDriverManagerDataSource|,|java+class:///org/springframework/jdbc/datasource/DriverManagerDataSource|> 
<|java+class:///org/springframework/jdbc/datasource/DriverManagerDataSourceTests/testUsageWithConnectionProperties()/TestDriverManagerDataSource|,|java+class:///org/springframework/jdbc/datasource/DriverManagerDataSource|> 
<|java+class:///org/springframework/jdbc/datasource/DriverManagerDataSourceTests/testUsageWithConnectionPropertiesAndUserCredentials()/TestDriverManagerDataSource|,|java+class:///org/springframework/jdbc/datasource/DriverManagerDataSource|> 
<|java+class:///org/springframework/jdbc/datasource/IsolationLevelDataSourceAdapter|,|java+class:///org/springframework/jdbc/datasource/UserCredentialsDataSourceAdapter|> 
<|java+class:///org/springframework/jdbc/datasource/SimpleDriverDataSource|,|java+class:///org/springframework/jdbc/datasource/AbstractDriverBasedDataSource|> 
<|java+class:///org/springframework/jdbc/datasource/lookup/IsolationLevelDataSourceRouter|,|java+class:///org/springframework/jdbc/datasource/lookup/AbstractRoutingDataSource|> 
<|java+class:///org/springframework/jdbc/object/BatchSqlUpdate|,|java+class:///org/springframework/jdbc/object/SqlUpdate|> 
<|java+class:///org/springframework/jdbc/object/GenericSqlQuery|,|java+class:///org/springframework/jdbc/object/SqlQuery|> 
<|java+class:///org/springframework/jdbc/object/MappingSqlQueryWithParameters|,|java+class:///org/springframework/jdbc/object/SqlQuery|> 
<|java+class:///org/springframework/jdbc/object/RdbmsOperationTests/TestRdbmsOperation|,|java+class:///org/springframework/jdbc/object/RdbmsOperation|> 
<|java+class:///org/springframework/jdbc/object/SqlCall|,|java+class:///org/springframework/jdbc/object/RdbmsOperation|> 
<|java+class:///org/springframework/jdbc/object/SqlFunction|,|java+class:///org/springframework/jdbc/object/MappingSqlQuery|> 
<|java+class:///org/springframework/jdbc/object/SqlOperation|,|java+class:///org/springframework/jdbc/object/RdbmsOperation|> 
<|java+class:///org/springframework/jdbc/object/SqlQueryTests/StringQuery|,|java+class:///org/springframework/jdbc/object/MappingSqlQuery|> 
<|java+class:///org/springframework/jdbc/object/SqlQueryTests/doTestNamedParameterCustomerQuery(boolean)/CustomerQuery|,|java+class:///org/springframework/jdbc/object/MappingSqlQuery|> 
<|java+class:///org/springframework/jdbc/object/SqlQueryTests/testFancyCustomerQuery()/CustomerQuery|,|java+class:///org/springframework/jdbc/object/MappingSqlQuery|> 
<|java+class:///org/springframework/jdbc/object/SqlQueryTests/testFindCustomerIntInt()/CustomerQuery|,|java+class:///org/springframework/jdbc/object/MappingSqlQuery|> 
<|java+class:///org/springframework/jdbc/object/SqlQueryTests/testFindCustomerMixed()/CustomerQuery|,|java+class:///org/springframework/jdbc/object/MappingSqlQuery|> 
<|java+class:///org/springframework/jdbc/object/SqlQueryTests/testFindCustomerString()/CustomerQuery|,|java+class:///org/springframework/jdbc/object/MappingSqlQuery|> 
<|java+class:///org/springframework/jdbc/object/SqlQueryTests/testFindTooManyCustomers()/CustomerQuery|,|java+class:///org/springframework/jdbc/object/MappingSqlQuery|> 
<|java+class:///org/springframework/jdbc/object/SqlQueryTests/testListCustomersIntInt()/CustomerQuery|,|java+class:///org/springframework/jdbc/object/MappingSqlQuery|> 
<|java+class:///org/springframework/jdbc/object/SqlQueryTests/testListCustomersString()/CustomerQuery|,|java+class:///org/springframework/jdbc/object/MappingSqlQuery|> 
<|java+class:///org/springframework/jdbc/object/SqlQueryTests/testNamedParameterInListQuery()/CustomerQuery|,|java+class:///org/springframework/jdbc/object/MappingSqlQuery|> 
<|java+class:///org/springframework/jdbc/object/SqlQueryTests/testNamedParameterQueryReusingParameter()/CustomerQuery|,|java+class:///org/springframework/jdbc/object/MappingSqlQuery|> 
<|java+class:///org/springframework/jdbc/object/SqlQueryTests/testNamedParameterUsingInvalidQuestionMarkPlaceHolders()/CustomerQuery|,|java+class:///org/springframework/jdbc/object/MappingSqlQuery|> 
<|java+class:///org/springframework/jdbc/object/SqlQueryTests/testUnnamedParameterDeclarationWithNamedParameterQuery()/CustomerQuery|,|java+class:///org/springframework/jdbc/object/MappingSqlQuery|> 
<|java+class:///org/springframework/jdbc/object/UpdatableSqlQuery|,|java+class:///org/springframework/jdbc/object/SqlQuery|> 
<|java+class:///org/springframework/jdbc/support/SQLErrorCodeSQLExceptionTranslator|,|java+class:///org/springframework/jdbc/support/AbstractFallbackSQLExceptionTranslator|> 
<|java+class:///org/springframework/jdbc/support/SQLErrorCodesFactoryTests/testFindCustomCodes()/TestSQLErrorCodesFactory|,|java+class:///org/springframework/jdbc/support/SQLErrorCodesFactory|> 
<|java+class:///org/springframework/jdbc/support/SQLErrorCodesFactoryTests/testFindUserDefinedCodes()/TestSQLErrorCodesFactory|,|java+class:///org/springframework/jdbc/support/SQLErrorCodesFactory|> 
<|java+class:///org/springframework/jdbc/support/SQLErrorCodesFactoryTests/testInvalidUserDefinedCodeFormat()/TestSQLErrorCodesFactory|,|java+class:///org/springframework/jdbc/support/SQLErrorCodesFactory|> 
<|java+class:///org/springframework/jdbc/support/SQLErrorCodesFactoryTests/testLookupOrder()/TestSQLErrorCodesFactory|,|java+class:///org/springframework/jdbc/support/SQLErrorCodesFactory|> 
<|java+class:///org/springframework/jdbc/support/SQLErrorCodesFactoryTests/testWildCardNameRecognized()/WildcardSQLErrorCodesFactory|,|java+class:///org/springframework/jdbc/support/SQLErrorCodesFactory|> 
<|java+class:///org/springframework/jdbc/support/SQLExceptionSubclassTranslator|,|java+class:///org/springframework/jdbc/support/AbstractFallbackSQLExceptionTranslator|> 
<|java+class:///org/springframework/jdbc/support/SQLStateSQLExceptionTranslator|,|java+class:///org/springframework/jdbc/support/AbstractFallbackSQLExceptionTranslator|> 
<|java+class:///org/springframework/jdbc/support/incrementer/AbstractSequenceMaxValueIncrementer|,|java+class:///org/springframework/jdbc/support/incrementer/AbstractDataFieldMaxValueIncrementer|> 
<|java+class:///org/springframework/jdbc/support/incrementer/DB2MainframeSequenceMaxValueIncrementer|,|java+class:///org/springframework/jdbc/support/incrementer/AbstractSequenceMaxValueIncrementer|> 
<|java+class:///org/springframework/jdbc/support/incrementer/DB2SequenceMaxValueIncrementer|,|java+class:///org/springframework/jdbc/support/incrementer/AbstractSequenceMaxValueIncrementer|> 
<|java+class:///org/springframework/jdbc/support/incrementer/H2SequenceMaxValueIncrementer|,|java+class:///org/springframework/jdbc/support/incrementer/AbstractSequenceMaxValueIncrementer|> 
<|java+class:///org/springframework/jdbc/support/incrementer/HsqlSequenceMaxValueIncrementer|,|java+class:///org/springframework/jdbc/support/incrementer/AbstractSequenceMaxValueIncrementer|> 
<|java+class:///org/springframework/jdbc/support/incrementer/OracleSequenceMaxValueIncrementer|,|java+class:///org/springframework/jdbc/support/incrementer/AbstractSequenceMaxValueIncrementer|> 
<|java+class:///org/springframework/jdbc/support/incrementer/PostgreSQLSequenceMaxValueIncrementer|,|java+class:///org/springframework/jdbc/support/incrementer/AbstractSequenceMaxValueIncrementer|> 
<|java+class:///org/springframework/jdbc/support/incrementer/SybaseAnywhereMaxValueIncrementer|,|java+class:///org/springframework/jdbc/support/incrementer/SybaseMaxValueIncrementer|> 
<|java+class:///org/springframework/jdbc/support/nativejdbc/C3P0NativeJdbcExtractor|,|java+class:///org/springframework/jdbc/support/nativejdbc/NativeJdbcExtractorAdapter|> 
<|java+class:///org/springframework/jdbc/support/nativejdbc/CommonsDbcpNativeJdbcExtractor|,|java+class:///org/springframework/jdbc/support/nativejdbc/NativeJdbcExtractorAdapter|> 
<|java+class:///org/springframework/jdbc/support/nativejdbc/JBossNativeJdbcExtractor|,|java+class:///org/springframework/jdbc/support/nativejdbc/NativeJdbcExtractorAdapter|> 
<|java+class:///org/springframework/jdbc/support/nativejdbc/Jdbc4NativeJdbcExtractor|,|java+class:///org/springframework/jdbc/support/nativejdbc/NativeJdbcExtractorAdapter|> 
<|java+class:///org/springframework/jdbc/support/nativejdbc/WebLogicNativeJdbcExtractor|,|java+class:///org/springframework/jdbc/support/nativejdbc/NativeJdbcExtractorAdapter|> 
<|java+class:///org/springframework/jdbc/support/nativejdbc/WebSphereNativeJdbcExtractor|,|java+class:///org/springframework/jdbc/support/nativejdbc/NativeJdbcExtractorAdapter|> 




INTERNAL REUSE TOTAL: 0 

EXTERNAL REUSE TOTAL: 0 

SUBTYPE TOTAL: 52 
<|java+class:///org/springframework/beans/NestedTestBean|,|java+interface:///org/springframework/beans/INestedTestBean|> 
<|java+class:///org/springframework/jdbc/core/ArgPreparedStatementSetter|,|java+interface:///org/springframework/jdbc/core/PreparedStatementSetter|> 
<|java+class:///org/springframework/jdbc/core/ArgTypePreparedStatementSetter|,|java+interface:///org/springframework/jdbc/core/ParameterDisposer|> 
<|java+class:///org/springframework/jdbc/core/ArgTypePreparedStatementSetter|,|java+interface:///org/springframework/jdbc/core/PreparedStatementSetter|> 
<|java+class:///org/springframework/jdbc/core/CallableStatementCreatorFactory/CallableStatementCreatorImpl|,|java+interface:///org/springframework/jdbc/core/CallableStatementCreator|> 
<|java+class:///org/springframework/jdbc/core/CallableStatementCreatorFactory/CallableStatementCreatorImpl|,|java+interface:///org/springframework/jdbc/core/ParameterDisposer|> 
<|java+class:///org/springframework/jdbc/core/ColumnMapRowMapper|,|java+interface:///org/springframework/jdbc/core/RowMapper|> 
<|java+class:///org/springframework/jdbc/core/JdbcTemplate|,|java+interface:///org/springframework/jdbc/core/JdbcOperations|> 
<|java+class:///org/springframework/jdbc/core/JdbcTemplate/RowCallbackHandlerResultSetExtractor|,|java+interface:///org/springframework/jdbc/core/ResultSetExtractor|> 
<|java+class:///org/springframework/jdbc/core/JdbcTemplate/SimpleCallableStatementCreator|,|java+interface:///org/springframework/jdbc/core/CallableStatementCreator|> 
<|java+class:///org/springframework/jdbc/core/JdbcTemplate/SimplePreparedStatementCreator|,|java+interface:///org/springframework/jdbc/core/PreparedStatementCreator|> 
<|java+class:///org/springframework/jdbc/core/JdbcTemplate/batchUpdate(java/lang/String%5B%5D)/BatchUpdateStatementCallback|,|java+interface:///org/springframework/jdbc/core/StatementCallback|> 
<|java+class:///org/springframework/jdbc/core/JdbcTemplate/execute(java/lang/String)/ExecuteStatementCallback|,|java+interface:///org/springframework/jdbc/core/StatementCallback|> 
<|java+class:///org/springframework/jdbc/core/JdbcTemplate/query(java/lang/String,org/springframework/jdbc/core/ResultSetExtractor)/QueryStatementCallback|,|java+interface:///org/springframework/jdbc/core/StatementCallback|> 
<|java+class:///org/springframework/jdbc/core/JdbcTemplate/update(java/lang/String)/UpdateStatementCallback|,|java+interface:///org/springframework/jdbc/core/StatementCallback|> 
<|java+class:///org/springframework/jdbc/core/JdbcTemplateTests/Dispatcher|,|java+interface:///org/springframework/jdbc/core/PreparedStatementCreator|> 
<|java+class:///org/springframework/jdbc/core/JdbcTemplateTests/doTestStrings(org/springframework/jdbc/core/JdbcTemplateTests/JdbcTemplateCallback,boolean,java/lang/Integer,java/lang/Integer,java/lang/Integer,java/lang/Object)/StringHandler|,|java+interface:///org/springframework/jdbc/core/RowCallbackHandler|> 
<|java+class:///org/springframework/jdbc/core/PreparedStatementCreatorFactory/PreparedStatementCreatorImpl|,|java+interface:///org/springframework/jdbc/core/ParameterDisposer|> 
<|java+class:///org/springframework/jdbc/core/PreparedStatementCreatorFactory/PreparedStatementCreatorImpl|,|java+interface:///org/springframework/jdbc/core/PreparedStatementCreator|> 
<|java+class:///org/springframework/jdbc/core/PreparedStatementCreatorFactory/PreparedStatementCreatorImpl|,|java+interface:///org/springframework/jdbc/core/PreparedStatementSetter|> 
<|java+class:///org/springframework/jdbc/core/RowCountCallbackHandler|,|java+interface:///org/springframework/jdbc/core/RowCallbackHandler|> 
<|java+class:///org/springframework/jdbc/core/RowMapperResultSetExtractor|,|java+interface:///org/springframework/jdbc/core/ResultSetExtractor|> 
<|java+class:///org/springframework/jdbc/core/SimpleRowCountCallbackHandler|,|java+interface:///org/springframework/jdbc/core/RowCallbackHandler|> 
<|java+class:///org/springframework/jdbc/core/SingleColumnRowMapper|,|java+interface:///org/springframework/jdbc/core/RowMapper|> 
<|java+class:///org/springframework/jdbc/core/SqlRowSetResultSetExtractor|,|java+interface:///org/springframework/jdbc/core/ResultSetExtractor|> 
<|java+class:///org/springframework/jdbc/core/metadata/GenericCallMetaDataProvider|,|java+interface:///org/springframework/jdbc/core/metadata/CallMetaDataProvider|> 
<|java+class:///org/springframework/jdbc/core/metadata/GenericTableMetaDataProvider|,|java+interface:///org/springframework/jdbc/core/metadata/TableMetaDataProvider|> 
<|java+class:///org/springframework/jdbc/core/namedparam/AbstractSqlParameterSource|,|java+interface:///org/springframework/jdbc/core/namedparam/SqlParameterSource|> 
<|java+class:///org/springframework/jdbc/core/namedparam/NamedParameterJdbcTemplate|,|java+interface:///org/springframework/jdbc/core/namedparam/NamedParameterJdbcOperations|> 
<|java+class:///org/springframework/jdbc/core/simple/SimpleJdbcInsert|,|java+interface:///org/springframework/jdbc/core/simple/SimpleJdbcInsertOperations|> 
<|java+class:///org/springframework/jdbc/datasource/SimpleConnectionHandle|,|java+interface:///org/springframework/jdbc/datasource/ConnectionHandle|> 
<|java+class:///org/springframework/jdbc/datasource/SingleConnectionDataSource|,|java+interface:///org/springframework/jdbc/datasource/SmartDataSource|> 
<|java+class:///org/springframework/jdbc/datasource/embedded/AbstractEmbeddedDatabaseConfigurer|,|java+interface:///org/springframework/jdbc/datasource/embedded/EmbeddedDatabaseConfigurer|> 
<|java+class:///org/springframework/jdbc/datasource/embedded/DerbyEmbeddedDatabaseConfigurer|,|java+interface:///org/springframework/jdbc/datasource/embedded/EmbeddedDatabaseConfigurer|> 
<|java+class:///org/springframework/jdbc/datasource/embedded/EmbeddedDatabaseFactory/EmbeddedDataSourceProxy|,|java+interface:///org/springframework/jdbc/datasource/embedded/EmbeddedDatabase|> 
<|java+class:///org/springframework/jdbc/datasource/embedded/EmbeddedDatabaseFactoryTests/StubDatabasePopulator|,|java+interface:///org/springframework/jdbc/datasource/init/DatabasePopulator|> 
<|java+class:///org/springframework/jdbc/datasource/embedded/SimpleDriverDataSourceFactory|,|java+interface:///org/springframework/jdbc/datasource/embedded/DataSourceFactory|> 
<|java+class:///org/springframework/jdbc/datasource/init/ResourceDatabasePopulator|,|java+interface:///org/springframework/jdbc/datasource/init/DatabasePopulator|> 
<|java+class:///org/springframework/jdbc/datasource/lookup/BeanFactoryDataSourceLookup|,|java+interface:///org/springframework/jdbc/datasource/lookup/DataSourceLookup|> 
<|java+class:///org/springframework/jdbc/datasource/lookup/JndiDataSourceLookup|,|java+interface:///org/springframework/jdbc/datasource/lookup/DataSourceLookup|> 
<|java+class:///org/springframework/jdbc/object/MappingSqlQueryWithParameters/RowMapperImpl|,|java+interface:///org/springframework/jdbc/core/RowMapper|> 
<|java+class:///org/springframework/jdbc/object/StoredProcedureTests/ParameterMapperStoredProcedure/TestParameterMapper|,|java+interface:///org/springframework/jdbc/core/ParameterMapper|> 
<|java+class:///org/springframework/jdbc/object/StoredProcedureTests/StoredProcedureWithResultSetMapped/RowMapperImpl|,|java+interface:///org/springframework/jdbc/core/RowMapper|> 
<|java+class:///org/springframework/jdbc/object/UpdatableSqlQuery/RowMapperImpl|,|java+interface:///org/springframework/jdbc/core/RowMapper|> 
<|java+class:///org/springframework/jdbc/support/AbstractFallbackSQLExceptionTranslator|,|java+interface:///org/springframework/jdbc/support/SQLExceptionTranslator|> 
<|java+class:///org/springframework/jdbc/support/GeneratedKeyHolder|,|java+interface:///org/springframework/jdbc/support/KeyHolder|> 
<|java+class:///org/springframework/jdbc/support/lob/AbstractLobHandler|,|java+interface:///org/springframework/jdbc/support/lob/LobHandler|> 
<|java+class:///org/springframework/jdbc/support/lob/DefaultLobHandler/DefaultLobCreator|,|java+interface:///org/springframework/jdbc/support/lob/LobCreator|> 
<|java+class:///org/springframework/jdbc/support/lob/OracleLobHandler/OracleLobCreator|,|java+interface:///org/springframework/jdbc/support/lob/LobCreator|> 
<|java+class:///org/springframework/jdbc/support/nativejdbc/NativeJdbcExtractorAdapter|,|java+interface:///org/springframework/jdbc/support/nativejdbc/NativeJdbcExtractor|> 
<|java+class:///org/springframework/jdbc/support/rowset/ResultSetWrappingSqlRowSet|,|java+interface:///org/springframework/jdbc/support/rowset/SqlRowSet|> 
<|java+class:///org/springframework/jdbc/support/rowset/ResultSetWrappingSqlRowSetMetaData|,|java+interface:///org/springframework/jdbc/support/rowset/SqlRowSetMetaData|> 

DOWNCALL ACTUAL TOTAL: 0 

DOWNCALL CANDIDATE TOTAL: 0 

CONSTANT TOTAL: 0 

MARKER TOTAL: 0 

SUPER TOTAL: 0 

GENERIC TOTAL: 2 
<|java+class:///org/springframework/jdbc/core/JdbcTemplate|,|java+interface:///org/springframework/jdbc/core/JdbcOperations|> 
<|java+class:///org/springframework/jdbc/core/JdbcTemplate/SimpleCallableStatementCreator|,|java+interface:///org/springframework/jdbc/core/SqlProvider|> 

CATEGORY TOTAL: 14 
<|java+class:///org/springframework/jdbc/core/ArgPreparedStatementSetter|,|java+interface:///org/springframework/jdbc/core/ParameterDisposer|> 
<|java+class:///org/springframework/jdbc/core/BeanPropertyRowMapper|,|java+interface:///org/springframework/jdbc/core/RowMapper|> 
<|java+class:///org/springframework/jdbc/core/RowMapperTests/TestRowMapper|,|java+interface:///org/springframework/jdbc/core/RowMapper|> 
<|java+class:///org/springframework/jdbc/core/simple/ParameterizedBeanPropertyRowMapper|,|java+interface:///org/springframework/jdbc/core/simple/ParameterizedRowMapper|> 
<|java+class:///org/springframework/jdbc/core/simple/ParameterizedSingleColumnRowMapper|,|java+interface:///org/springframework/jdbc/core/simple/ParameterizedRowMapper|> 
<|java+class:///org/springframework/jdbc/core/support/AbstractLobCreatingPreparedStatementCallback|,|java+interface:///org/springframework/jdbc/core/PreparedStatementCallback|> 
<|java+class:///org/springframework/jdbc/core/support/AbstractLobStreamingResultSetExtractor|,|java+interface:///org/springframework/jdbc/core/ResultSetExtractor|> 
<|java+class:///org/springframework/jdbc/datasource/embedded/AbstractEmbeddedDatabaseConfigurer|,|java+interface:///org/springframework/jdbc/datasource/embedded/EmbeddedDatabaseConfigurer|> 
<|java+class:///org/springframework/jdbc/datasource/lookup/MapDataSourceLookup|,|java+interface:///org/springframework/jdbc/datasource/lookup/DataSourceLookup|> 
<|java+class:///org/springframework/jdbc/datasource/lookup/SingleDataSourceLookup|,|java+interface:///org/springframework/jdbc/datasource/lookup/DataSourceLookup|> 
<|java+class:///org/springframework/jdbc/object/CustomerMapper|,|java+interface:///org/springframework/jdbc/core/RowMapper|> 
<|java+class:///org/springframework/jdbc/support/AbstractFallbackSQLExceptionTranslator|,|java+interface:///org/springframework/jdbc/support/SQLExceptionTranslator|> 
<|java+class:///org/springframework/jdbc/support/CustomSqlExceptionTranslator|,|java+interface:///org/springframework/jdbc/support/SQLExceptionTranslator|> 
<|java+class:///org/springframework/jdbc/support/nativejdbc/NativeJdbcExtractorAdapter|,|java+interface:///org/springframework/jdbc/support/nativejdbc/NativeJdbcExtractor|> 

FRAMEWORK TOTAL: 3 
<|java+class:///org/springframework/jdbc/datasource/SingleConnectionDataSource|,|java+interface:///org/springframework/jdbc/datasource/SmartDataSource|> 
<|java+class:///org/springframework/jdbc/datasource/embedded/EmbeddedDatabaseFactory/EmbeddedDataSourceProxy|,|java+interface:///org/springframework/jdbc/datasource/embedded/EmbeddedDatabase|> 
<|java+class:///org/springframework/jdbc/support/rowset/ResultSetWrappingSqlRowSet|,|java+interface:///org/springframework/jdbc/support/rowset/SqlRowSet|> 

DOWNCALL TOTAL: 0 




INTERNAL REUSE TOTAL: 0 

EXTERNAL REUSE TOTAL: 0 

SUBTYPE TOTAL: 3 
<|java+interface:///org/springframework/jdbc/core/DisposableSqlTypeValue|,|java+interface:///org/springframework/jdbc/core/SqlTypeValue|> 
<|java+interface:///org/springframework/jdbc/core/InterruptibleBatchPreparedStatementSetter|,|java+interface:///org/springframework/jdbc/core/BatchPreparedStatementSetter|> 
<|java+interface:///org/springframework/jdbc/core/simple/ParameterizedRowMapper|,|java+interface:///org/springframework/jdbc/core/RowMapper|> 

DOWNCALL ACTUAL TOTAL: 0 

DOWNCALL CANDIDATE TOTAL: 0 

CONSTANT TOTAL: 0 

MARKER TOTAL: 0 

SUPER TOTAL: 0 

GENERIC TOTAL: 0 

CATEGORY TOTAL: 0 

FRAMEWORK TOTAL: 0 

DOWNCALL TOTAL: 0 




