{
  <<|java+interface:///com/ecyrd/jspwiki/workflow/Step|,|java+interface:///java/io/Serializable|>,2,|java+class:///java/lang/Object|>,
  <<|java+class:///com/ecyrd/jspwiki/filters/BasicPageFilter|,|java+interface:///com/ecyrd/jspwiki/filters/PageFilter|>,2,|java+interface:///com/ecyrd/jspwiki/filters/PageFilter|>,
  <<|java+class:///com/ecyrd/jspwiki/ReferenceManager|,|java+class:///com/ecyrd/jspwiki/filters/BasicPageFilter|>,2,|java+class:///java/lang/Object|>,
  <<|java+interface:///com/ecyrd/jspwiki/auth/authorize/WebAuthorizer|,|java+interface:///com/ecyrd/jspwiki/auth/Authorizer|>,2,|java+interface:///com/ecyrd/jspwiki/auth/Authorizer|>,
  <<|java+class:///com/ecyrd/jspwiki/providers/VersioningFileProvider|,|java+class:///com/ecyrd/jspwiki/providers/AbstractFileProvider|>,2,|java+interface:///com/ecyrd/jspwiki/providers/WikiPageProvider|>,
  <<|java+class:///com/ecyrd/jspwiki/util/PriorityList|,|java+class:///java/util/AbstractList|>,2,|java+interface:///java/util/Collection|>,
  <<|java+class:///com/ecyrd/jspwiki/attachment/Attachment|,|java+class:///com/ecyrd/jspwiki/WikiPage|>,2,|java+class:///java/lang/Object|>,
  <<|java+class:///com/ecyrd/jspwiki/ui/PageCommand|,|java+class:///com/ecyrd/jspwiki/ui/AbstractCommand|>,2,|java+interface:///com/ecyrd/jspwiki/ui/Command|>,
  <<|java+class:///com/ecyrd/jspwiki/preferences/Preferences|,|java+class:///java/util/HashMap|>,2,|java+class:///java/lang/Object|>,
  <<|java+class:///com/ecyrd/jspwiki/ui/WikiCommand|,|java+class:///com/ecyrd/jspwiki/ui/AbstractCommand|>,2,|java+interface:///com/ecyrd/jspwiki/ui/Command|>,
  <<|java+class:///com/ecyrd/jspwiki/attachment/DynamicAttachment|,|java+class:///com/ecyrd/jspwiki/attachment/Attachment|>,2,|java+class:///java/lang/Object|>,
  <<|java+class:///com/ecyrd/jspwiki/auth/login/WebContainerLoginModule|,|java+class:///com/ecyrd/jspwiki/auth/login/AbstractLoginModule|>,2,|java+interface:///javax/security/auth/spi/LoginModule|>,
  <<|java+interface:///com/ecyrd/jspwiki/auth/user/UserProfile|,|java+interface:///java/io/Serializable|>,2,|java+class:///java/lang/Object|>,
  <<|java+class:///com/ecyrd/jspwiki/url/ShortViewURLConstructor|,|java+class:///com/ecyrd/jspwiki/url/ShortURLConstructor|>,2,|java+interface:///com/ecyrd/jspwiki/url/URLConstructor|>,
  <<|java+interface:///com/ecyrd/jspwiki/event/WikiEventListener|,|java+interface:///java/util/EventListener|>,2,|java+class:///java/lang/Object|>,
  <<|java+class:///com/ecyrd/jspwiki/auth/permissions/WikiPermission|,|java+class:///java/security/Permission|>,2,|java+class:///java/lang/Object|>,
  <<|java+class:///com/ecyrd/jspwiki/auth/permissions/PagePermission|,|java+class:///java/security/Permission|>,2,|java+class:///java/lang/Object|>,
  <<|java+class:///com/ecyrd/jspwiki/auth/user/JDBCUserDatabase|,|java+class:///com/ecyrd/jspwiki/auth/user/AbstractUserDatabase|>,2,|java+interface:///com/ecyrd/jspwiki/auth/user/UserDatabase|>,
  <<|java+class:///com/ecyrd/jspwiki/dav/RawPagesDavProvider|,|java+class:///com/ecyrd/jspwiki/dav/WikiDavProvider|>,2,|java+interface:///com/ecyrd/jspwiki/dav/DavProvider|>,
  <<|java+class:///com/ecyrd/jspwiki/search/SearchManager|,|java+class:///com/ecyrd/jspwiki/filters/BasicPageFilter|>,2,|java+interface:///com/ecyrd/jspwiki/filters/PageFilter|>,
  <<|java+class:///com/ecyrd/jspwiki/workflow/Task|,|java+class:///com/ecyrd/jspwiki/workflow/AbstractStep|>,2,|java+interface:///com/ecyrd/jspwiki/workflow/Step|>,
  <<|java+class:///com/ecyrd/jspwiki/workflow/Task|,|java+class:///com/ecyrd/jspwiki/workflow/AbstractStep|>,2,|java+class:///java/lang/Object|>,
  <<|java+class:///com/ecyrd/jspwiki/plugin/PluginManager|,|java+class:///com/ecyrd/jspwiki/modules/ModuleManager|>,2,|java+class:///java/lang/Object|>,
  <<|java+class:///com/ecyrd/jspwiki/tags/WikiTagBase|,|java+class:///javax/servlet/jsp/tagext/TagSupport|>,2,|java+interface:///javax/servlet/jsp/tagext/Tag|>,
  <<|java+class:///com/ecyrd/jspwiki/url/ShortURLConstructor|,|java+class:///com/ecyrd/jspwiki/url/DefaultURLConstructor|>,2,|java+interface:///com/ecyrd/jspwiki/url/URLConstructor|>,
  <<|java+class:///com/ecyrd/jspwiki/dav/WikiDavProvider|,|java+interface:///com/ecyrd/jspwiki/dav/DavProvider|>,2,|java+interface:///com/ecyrd/jspwiki/dav/DavProvider|>,
  <<|java+class:///com/ecyrd/jspwiki/ui/admin/beans/PluginBean|,|java+class:///com/ecyrd/jspwiki/ui/admin/SimpleAdminBean|>,2,|java+interface:///com/ecyrd/jspwiki/ui/admin/AdminBean|>,
  <<|java+class:///com/ecyrd/jspwiki/auth/UserManager/DummyUserDatabase|,|java+class:///com/ecyrd/jspwiki/auth/user/AbstractUserDatabase|>,2,|java+interface:///com/ecyrd/jspwiki/auth/user/UserDatabase|>,
  <<|java+class:///com/ecyrd/jspwiki/workflow/TaskTest/NormalTask|,|java+class:///com/ecyrd/jspwiki/workflow/Task|>,2,|java+interface:///com/ecyrd/jspwiki/workflow/Step|>,
  <<|java+interface:///com/ecyrd/jspwiki/ui/admin/AdminBean|,|java+interface:///com/ecyrd/jspwiki/ui/GenericHTTPHandler|>,2,|java+class:///java/lang/Object|>,
  <<|java+class:///com/ecyrd/jspwiki/auth/login/UserDatabaseLoginModule|,|java+class:///com/ecyrd/jspwiki/auth/login/AbstractLoginModule|>,2,|java+interface:///javax/security/auth/spi/LoginModule|>,
  <<|java+class:///com/ecyrd/jspwiki/auth/permissions/GroupPermission|,|java+class:///java/security/Permission|>,2,|java+class:///java/lang/Object|>,
  <<|java+class:///com/ecyrd/jspwiki/ui/AbstractCommand|,|java+interface:///com/ecyrd/jspwiki/ui/Command|>,2,|java+interface:///com/ecyrd/jspwiki/ui/Command|>,
  <<|java+class:///com/ecyrd/jspwiki/ui/EditorManager|,|java+class:///com/ecyrd/jspwiki/modules/ModuleManager|>,2,|java+class:///java/lang/Object|>,
  <<|java+interface:///com/ecyrd/jspwiki/providers/WikiPageProvider|,|java+interface:///com/ecyrd/jspwiki/WikiProvider|>,2,|java+class:///java/lang/Object|>,
  <<|java+class:///com/ecyrd/jspwiki/TestEngine|,|java+class:///com/ecyrd/jspwiki/WikiEngine|>,2,|java+class:///java/lang/Object|>,
  <<|java+class:///com/ecyrd/jspwiki/providers/AbstractFileProvider|,|java+interface:///com/ecyrd/jspwiki/providers/WikiPageProvider|>,2,|java+interface:///com/ecyrd/jspwiki/providers/WikiPageProvider|>,
  <<|java+class:///com/ecyrd/jspwiki/tags/TabbedSectionTag|,|java+class:///javax/servlet/jsp/tagext/BodyTagSupport|>,2,|java+interface:///javax/servlet/jsp/tagext/Tag|>,
  <<|java+class:///com/ecyrd/jspwiki/ui/admin/beans/CoreBean|,|java+class:///com/ecyrd/jspwiki/ui/admin/SimpleAdminBean|>,2,|java+interface:///com/ecyrd/jspwiki/ui/admin/AdminBean|>,
  <<|java+class:///com/ecyrd/jspwiki/event/WikiEvent|,|java+class:///java/util/EventObject|>,2,|java+class:///java/lang/Object|>,
  <<|java+class:///com/ecyrd/jspwiki/util/WikiBackgroundThread|,|java+class:///java/lang/Thread|>,2,|java+class:///java/lang/Thread|>,
  <<|java+class:///com/ecyrd/jspwiki/dav/WikiRootProvider|,|java+class:///com/ecyrd/jspwiki/dav/WikiDavProvider|>,2,|java+interface:///com/ecyrd/jspwiki/dav/DavProvider|>,
  <<|java+class:///com/ecyrd/jspwiki/htmltowiki/ForgetNullValuesLinkedHashMap|,|java+class:///java/util/LinkedHashMap|>,2,|java+interface:///java/util/Map|>,
  <<|java+class:///com/ecyrd/jspwiki/parser/WikiDocument|,|java+class:///org/jdom/Document|>,2,|java+class:///java/lang/Object|>,
  <<|java+class:///com/ecyrd/jspwiki/workflow/Decision|,|java+class:///com/ecyrd/jspwiki/workflow/AbstractStep|>,2,|java+class:///java/lang/Object|>,
  <<|java+class:///com/ecyrd/jspwiki/workflow/Decision|,|java+class:///com/ecyrd/jspwiki/workflow/AbstractStep|>,2,|java+interface:///com/ecyrd/jspwiki/workflow/Step|>,
  <<|java+class:///com/ecyrd/jspwiki/auth/login/AnonymousLoginModule|,|java+class:///com/ecyrd/jspwiki/auth/login/AbstractLoginModule|>,2,|java+interface:///javax/security/auth/spi/LoginModule|>,
  <<|java+class:///com/ecyrd/jspwiki/ReferenceManager|,|java+class:///com/ecyrd/jspwiki/filters/BasicPageFilter|>,2,|java+interface:///com/ecyrd/jspwiki/filters/PageFilter|>,
  <<|java+class:///com/ecyrd/jspwiki/tags/BreadcrumbsTag/FixedQueue|,|java+class:///java/util/LinkedList|>,2,|java+class:///java/lang/Object|>,
  <<|java+class:///com/ecyrd/jspwiki/auth/permissions/AllPermission|,|java+class:///java/security/Permission|>,2,|java+class:///java/lang/Object|>,
  <<|java+class:///com/ecyrd/jspwiki/workflow/SimpleDecision|,|java+class:///com/ecyrd/jspwiki/workflow/Decision|>,2,|java+interface:///com/ecyrd/jspwiki/workflow/Step|>,
  <<|java+class:///com/ecyrd/jspwiki/auth/authorize/WebContainerAuthorizer|,|java+interface:///com/ecyrd/jspwiki/auth/authorize/WebAuthorizer|>,2,|java+interface:///com/ecyrd/jspwiki/auth/Authorizer|>,
  <<|java+class:///com/ecyrd/jspwiki/plugin/PageViewPlugin/CounterSaveThread|,|java+class:///com/ecyrd/jspwiki/util/WikiBackgroundThread|>,2,|java+class:///java/lang/Thread|>,
  <<|java+class:///com/ecyrd/jspwiki/tags/TabTag|,|java+class:///com/ecyrd/jspwiki/tags/WikiTagBase|>,2,|java+interface:///javax/servlet/jsp/tagext/Tag|>,
  <<|java+class:///com/ecyrd/jspwiki/ui/admin/beans/SearchManagerBean|,|java+class:///com/ecyrd/jspwiki/ui/admin/SimpleAdminBean|>,2,|java+interface:///com/ecyrd/jspwiki/ui/admin/AdminBean|>,
  <<|java+class:///com/ecyrd/jspwiki/url/DefaultURLConstructor|,|java+interface:///com/ecyrd/jspwiki/url/URLConstructor|>,2,|java+interface:///com/ecyrd/jspwiki/url/URLConstructor|>,
  <<|java+class:///com/ecyrd/jspwiki/util/PriorityList|,|java+class:///java/util/AbstractList|>,2,|java+interface:///java/util/List|>,
  <<|java+class:///com/ecyrd/jspwiki/workflow/ApprovalWorkflowTest/AbortFilter|,|java+class:///com/ecyrd/jspwiki/filters/BasicPageFilter|>,2,|java+interface:///com/ecyrd/jspwiki/filters/PageFilter|>,
  <<|java+class:///com/ecyrd/jspwiki/dav/items/HTMLPageDavItem|,|java+class:///com/ecyrd/jspwiki/dav/items/PageDavItem|>,2,|java+class:///com/ecyrd/jspwiki/dav/items/DavItem|>,
  <<|java+class:///com/ecyrd/jspwiki/workflow/AbstractStep|,|java+interface:///com/ecyrd/jspwiki/workflow/Step|>,2,|java+interface:///com/ecyrd/jspwiki/workflow/Step|>,
  <<|java+class:///com/ecyrd/jspwiki/parser/VariableContent|,|java+class:///org/jdom/Text|>,2,|java+class:///org/jdom/Content|>,
  <<|java+class:///com/ecyrd/jspwiki/dav/items/DirectoryItem|,|java+class:///com/ecyrd/jspwiki/dav/items/DavItem|>,2,|java+class:///com/ecyrd/jspwiki/dav/items/DavItem|>,
  <<|java+interface:///com/ecyrd/jspwiki/providers/WikiAttachmentProvider|,|java+interface:///com/ecyrd/jspwiki/WikiProvider|>,2,|java+class:///java/lang/Object|>,
  <<|java+class:///com/ecyrd/jspwiki/dav/items/PageDavItem|,|java+class:///com/ecyrd/jspwiki/dav/items/DavItem|>,2,|java+class:///com/ecyrd/jspwiki/dav/items/DavItem|>,
  <<|java+class:///com/ecyrd/jspwiki/dav/items/AttachmentItem|,|java+class:///com/ecyrd/jspwiki/dav/items/PageDavItem|>,2,|java+class:///com/ecyrd/jspwiki/dav/items/DavItem|>,
  <<|java+class:///com/ecyrd/jspwiki/ui/admin/SimpleAdminBean|,|java+interface:///com/ecyrd/jspwiki/ui/admin/AdminBean|>,2,|java+interface:///com/ecyrd/jspwiki/ui/admin/AdminBean|>,
  <<|java+class:///com/ecyrd/jspwiki/PageManager|,|java+class:///com/ecyrd/jspwiki/modules/ModuleManager|>,2,|java+class:///java/lang/Object|>,
  <<|java+class:///com/ecyrd/jspwiki/event/WikiSecurityEvent|,|java+class:///com/ecyrd/jspwiki/event/WikiEvent|>,2,|java+class:///java/lang/Object|>,
  <<|java+interface:///com/ecyrd/jspwiki/search/SearchProvider|,|java+interface:///com/ecyrd/jspwiki/WikiProvider|>,2,|java+class:///java/lang/Object|>,
  <<|java+interface:///com/ecyrd/jspwiki/diff/DiffProvider|,|java+interface:///com/ecyrd/jspwiki/WikiProvider|>,2,|java+class:///java/lang/Object|>,
  <<|java+class:///com/ecyrd/jspwiki/auth/login/AbstractLoginModule|,|java+interface:///javax/security/auth/spi/LoginModule|>,2,|java+interface:///javax/security/auth/spi/LoginModule|>,
  <<|java+class:///com/ecyrd/jspwiki/ui/GroupCommand|,|java+class:///com/ecyrd/jspwiki/ui/AbstractCommand|>,2,|java+interface:///com/ecyrd/jspwiki/ui/Command|>,
  <<|java+class:///com/ecyrd/jspwiki/filters/FilterManager|,|java+class:///com/ecyrd/jspwiki/modules/ModuleManager|>,2,|java+class:///java/lang/Object|>,
  <<|java+class:///com/ecyrd/jspwiki/ui/WikiRequestWrapper|,|java+class:///javax/servlet/http/HttpServletRequestWrapper|>,2,|java+interface:///javax/servlet/http/HttpServletRequest|>,
  <<|java+class:///com/ecyrd/jspwiki/dav/HTMLPagesDavProvider|,|java+class:///com/ecyrd/jspwiki/dav/RawPagesDavProvider|>,2,|java+interface:///com/ecyrd/jspwiki/dav/DavProvider|>,
  <<|java+class:///com/ecyrd/jspwiki/dav/items/TopLevelDavItem|,|java+class:///com/ecyrd/jspwiki/dav/items/DirectoryItem|>,2,|java+class:///com/ecyrd/jspwiki/dav/items/DavItem|>,
  <<|java+class:///com/ecyrd/jspwiki/auth/user/AbstractUserDatabase|,|java+interface:///com/ecyrd/jspwiki/auth/user/UserDatabase|>,2,|java+interface:///com/ecyrd/jspwiki/auth/user/UserDatabase|>,
  <<|java+class:///com/ecyrd/jspwiki/parser/PluginContent|,|java+class:///org/jdom/Text|>,2,|java+class:///org/jdom/Content|>,
  <<|java+class:///com/ecyrd/jspwiki/auth/login/CookieAssertionLoginModule|,|java+class:///com/ecyrd/jspwiki/auth/login/AbstractLoginModule|>,2,|java+interface:///javax/security/auth/spi/LoginModule|>,
  <<|java+class:///com/ecyrd/jspwiki/workflow/SimpleNotification|,|java+class:///com/ecyrd/jspwiki/workflow/Decision|>,2,|java+class:///java/lang/Object|>,
  <<|java+class:///com/ecyrd/jspwiki/workflow/SimpleNotification|,|java+class:///com/ecyrd/jspwiki/workflow/Decision|>,2,|java+interface:///com/ecyrd/jspwiki/workflow/Step|>,
  <<|java+class:///com/ecyrd/jspwiki/filters/SpamFilter|,|java+class:///com/ecyrd/jspwiki/filters/BasicPageFilter|>,2,|java+interface:///com/ecyrd/jspwiki/filters/PageFilter|>,
  <<|java+class:///com/ecyrd/jspwiki/ui/RedirectCommand|,|java+class:///com/ecyrd/jspwiki/ui/AbstractCommand|>,2,|java+interface:///com/ecyrd/jspwiki/ui/Command|>,
  <<|java+class:///com/ecyrd/jspwiki/event/PageEventFilter|,|java+class:///com/ecyrd/jspwiki/filters/BasicPageFilter|>,2,|java+class:///java/lang/Object|>,
  <<|java+class:///com/ecyrd/jspwiki/search/SearchManager|,|java+class:///com/ecyrd/jspwiki/filters/BasicPageFilter|>,2,|java+class:///java/lang/Object|>,
  <<|java+class:///com/ecyrd/jspwiki/ui/admin/beans/UserBean|,|java+class:///com/ecyrd/jspwiki/ui/admin/SimpleAdminBean|>,2,|java+interface:///com/ecyrd/jspwiki/ui/admin/AdminBean|>,
  <<|java+class:///com/ecyrd/jspwiki/filters/TestFilter|,|java+class:///com/ecyrd/jspwiki/filters/BasicPageFilter|>,2,|java+class:///java/lang/Object|>,
  <<|java+class:///com/ecyrd/jspwiki/ui/TemplateManager|,|java+class:///com/ecyrd/jspwiki/modules/ModuleManager|>,2,|java+class:///java/lang/Object|>,
  <<|java+class:///com/ecyrd/jspwiki/auth/user/XMLUserDatabase|,|java+class:///com/ecyrd/jspwiki/auth/user/AbstractUserDatabase|>,2,|java+interface:///com/ecyrd/jspwiki/auth/user/UserDatabase|>
}