{
  <<|java+class:///com/ecyrd/jspwiki/TestEngine|,|java+class:///com/ecyrd/jspwiki/WikiEngine|>,<|project://JSPWiki-2.8/tests/com/ecyrd/jspwiki/providers/RCSFileProviderTest.java|(5500,34,<205,8>,<205,42>),|java+method:///com/ecyrd/jspwiki/WikiEngine/saveText(com.ecyrd.jspwiki.WikiContext,java.lang.String)|>>,
  <<|java+class:///com/ecyrd/jspwiki/TestEngine|,|java+class:///com/ecyrd/jspwiki/WikiEngine|>,<|project://JSPWiki-2.8/tests/com/ecyrd/jspwiki/TestEngine.java|(10273,28,<324,8>,<324,36>),|java+method:///com/ecyrd/jspwiki/WikiEngine/saveText(com.ecyrd.jspwiki.WikiContext,java.lang.String)|>>,
  <<|java+class:///com/ecyrd/jspwiki/auth/user/JDBCUserDatabase|,|java+class:///com/ecyrd/jspwiki/auth/user/AbstractUserDatabase|>,<|project://JSPWiki-2.8/tests/com/ecyrd/jspwiki/auth/user/JDBCUserDatabaseTest.java|(14219,17,<384,34>,<384,51>),|java+method:///com/ecyrd/jspwiki/auth/user/AbstractUserDatabase/newProfile()|>>,
  <<|java+class:///com/ecyrd/jspwiki/TestEngine|,|java+class:///com/ecyrd/jspwiki/WikiEngine|>,<|project://JSPWiki-2.8/tests/com/ecyrd/jspwiki/WikiEngineTest.java|(29162,36,<914,8>,<914,44>),|java+method:///com/ecyrd/jspwiki/WikiEngine/saveText(com.ecyrd.jspwiki.WikiContext,java.lang.String)|>>,
  <<|java+class:///com/ecyrd/jspwiki/TestEngine|,|java+class:///com/ecyrd/jspwiki/WikiEngine|>,<|project://JSPWiki-2.8/tests/com/ecyrd/jspwiki/auth/acl/DefaultAclManagerTest.java|(1618,24,<63,14>,<63,38>),|java+method:///com/ecyrd/jspwiki/WikiEngine/getAclManager()|>>,
  <<|java+class:///com/ecyrd/jspwiki/TestEngine|,|java+class:///com/ecyrd/jspwiki/WikiEngine|>,<|project://JSPWiki-2.8/tests/com/ecyrd/jspwiki/TestEngine.java|(9606,28,<308,8>,<308,36>),|java+method:///com/ecyrd/jspwiki/WikiEngine/saveText(com.ecyrd.jspwiki.WikiContext,java.lang.String)|>>,
  <<|java+class:///com/ecyrd/jspwiki/rss/RSSThread|,|java+class:///com/ecyrd/jspwiki/util/WikiBackgroundThread|>,<|project://JSPWiki-2.8/src/com/ecyrd/jspwiki/rss/RSSThread.java|(2048,29,<65,8>,<65,37>),|java+constructor:///com/ecyrd/jspwiki/util/WikiBackgroundThread/WikiBackgroundThread(com.ecyrd.jspwiki.WikiEngine,int)|>>,
  <<|java+class:///com/ecyrd/jspwiki/auth/user/XMLUserDatabase|,|java+class:///com/ecyrd/jspwiki/auth/user/AbstractUserDatabase|>,<|project://JSPWiki-2.8/tests/com/ecyrd/jspwiki/auth/user/XMLUserDatabaseTest.java|(9581,17,<273,28>,<273,45>),|java+method:///com/ecyrd/jspwiki/auth/user/AbstractUserDatabase/newProfile()|>>,
  <<|java+class:///com/ecyrd/jspwiki/auth/user/JDBCUserDatabase|,|java+class:///com/ecyrd/jspwiki/auth/user/AbstractUserDatabase|>,<|project://JSPWiki-2.8/src/com/ecyrd/jspwiki/auth/user/JDBCUserDatabase.java|(31045,12,<857,26>,<857,38>),|java+method:///com/ecyrd/jspwiki/auth/user/AbstractUserDatabase/newProfile()|>>,
  <<|java+class:///com/ecyrd/jspwiki/dav/HTMLPagesDavProvider|,|java+class:///com/ecyrd/jspwiki/dav/RawPagesDavProvider|>,<|project://JSPWiki-2.8/src/com/ecyrd/jspwiki/dav/HTMLPagesDavProvider.java|(2847,23,<88,28>,<88,51>),|java+method:///com/ecyrd/jspwiki/dav/RawPagesDavProvider/listAlphabeticals(com.ecyrd.jspwiki.dav.DavPath)|>>,
  <<|java+class:///com/ecyrd/jspwiki/ui/admin/SimpleAdminBean|,|java+class:///com/ecyrd/management/SimpleMBean|>,<|project://JSPWiki-2.8/src/com/ecyrd/jspwiki/ui/admin/SimpleAdminBean.java|(2800,39,<85,31>,<85,70>),|java+method:///com/ecyrd/management/SimpleMBean/getAttribute(java.lang.String)|>>,
  <<|java+class:///com/ecyrd/jspwiki/TestEngine|,|java+class:///com/ecyrd/jspwiki/WikiEngine|>,<|project://JSPWiki-2.8/tests/com/ecyrd/jspwiki/providers/RCSFileProviderTest.java|(6081,35,<222,8>,<222,43>),|java+method:///com/ecyrd/jspwiki/WikiEngine/saveText(com.ecyrd.jspwiki.WikiContext,java.lang.String)|>>,
  <<|java+class:///com/ecyrd/jspwiki/TestEngine|,|java+class:///com/ecyrd/jspwiki/WikiEngine|>,<|project://JSPWiki-2.8/tests/com/ecyrd/jspwiki/providers/VersioningFileProviderTest.java|(8074,35,<296,8>,<296,43>),|java+method:///com/ecyrd/jspwiki/WikiEngine/saveText(com.ecyrd.jspwiki.WikiContext,java.lang.String)|>>,
  <<|java+class:///com/ecyrd/jspwiki/TestEngine|,|java+class:///com/ecyrd/jspwiki/WikiEngine|>,<|project://JSPWiki-2.8/tests/com/ecyrd/jspwiki/WikiEngineTest.java|(6638,61,<259,26>,<259,87>),|java+method:///com/ecyrd/jspwiki/WikiEngine/scanWikiLinks(com.ecyrd.jspwiki.WikiPage,java.lang.String)|>>,
  <<|java+class:///com/ecyrd/jspwiki/TestEngine|,|java+class:///com/ecyrd/jspwiki/WikiEngine|>,<|project://JSPWiki-2.8/tests/com/ecyrd/jspwiki/providers/VersioningFileProviderTest.java|(7475,34,<277,8>,<277,42>),|java+method:///com/ecyrd/jspwiki/WikiEngine/saveText(com.ecyrd.jspwiki.WikiContext,java.lang.String)|>>,
  <<|java+class:///com/ecyrd/jspwiki/auth/user/XMLUserDatabase|,|java+class:///com/ecyrd/jspwiki/auth/user/AbstractUserDatabase|>,<|project://JSPWiki-2.8/tests/com/ecyrd/jspwiki/auth/user/XMLUserDatabaseTest.java|(11162,17,<322,32>,<322,49>),|java+method:///com/ecyrd/jspwiki/auth/user/AbstractUserDatabase/newProfile()|>>,
  <<|java+class:///com/ecyrd/jspwiki/auth/user/XMLUserDatabase|,|java+class:///com/ecyrd/jspwiki/auth/user/AbstractUserDatabase|>,<|project://JSPWiki-2.8/tests/com/ecyrd/jspwiki/auth/user/XMLUserDatabaseTest.java|(1425,17,<50,28>,<50,45>),|java+method:///com/ecyrd/jspwiki/auth/user/AbstractUserDatabase/newProfile()|>>,
  <<|java+class:///com/ecyrd/jspwiki/TestEngine|,|java+class:///com/ecyrd/jspwiki/WikiEngine|>,<|project://JSPWiki-2.8/tests/com/ecyrd/jspwiki/auth/acl/DefaultAclManagerTest.java|(1419,24,<58,18>,<58,42>),|java+method:///com/ecyrd/jspwiki/WikiEngine/getAclManager()|>>,
  <<|java+class:///com/ecyrd/jspwiki/workflow/SimpleNotification|,|java+class:///com/ecyrd/jspwiki/workflow/Decision|>,<|project://JSPWiki-2.8/src/com/ecyrd/jspwiki/workflow/SimpleNotification.java|(2449,44,<67,8>,<67,52>),|java+method:///com/ecyrd/jspwiki/workflow/Decision/decide(com.ecyrd.jspwiki.workflow.Outcome)|>>,
  <<|java+class:///com/ecyrd/jspwiki/TestEngine|,|java+class:///com/ecyrd/jspwiki/WikiEngine|>,<|project://JSPWiki-2.8/tests/com/ecyrd/jspwiki/TestEngine.java|(2996,75,<92,8>,<92,83>),|java+constructor:///com/ecyrd/jspwiki/WikiEngine/WikiEngine(javax.servlet.ServletContext,java.lang.String,java.util.Properties)|>>,
  <<|java+class:///com/ecyrd/jspwiki/TestEngine|,|java+class:///com/ecyrd/jspwiki/WikiEngine|>,<|project://JSPWiki-2.8/tests/com/ecyrd/jspwiki/auth/acl/DefaultAclManagerTest.java|(5877,24,<162,18>,<162,42>),|java+method:///com/ecyrd/jspwiki/WikiEngine/getAclManager()|>>,
  <<|java+class:///com/ecyrd/jspwiki/auth/user/JDBCUserDatabase|,|java+class:///com/ecyrd/jspwiki/auth/user/AbstractUserDatabase|>,<|project://JSPWiki-2.8/tests/com/ecyrd/jspwiki/auth/user/JDBCUserDatabaseTest.java|(12513,17,<334,30>,<334,47>),|java+method:///com/ecyrd/jspwiki/auth/user/AbstractUserDatabase/newProfile()|>>,
  <<|java+class:///com/ecyrd/jspwiki/TestEngine|,|java+class:///com/ecyrd/jspwiki/WikiEngine|>,<|project://JSPWiki-2.8/tests/com/ecyrd/jspwiki/providers/VersioningFileProviderTest.java|(7947,34,<293,8>,<293,42>),|java+method:///com/ecyrd/jspwiki/WikiEngine/saveText(com.ecyrd.jspwiki.WikiContext,java.lang.String)|>>,
  <<|java+class:///com/ecyrd/jspwiki/TestEngine|,|java+class:///com/ecyrd/jspwiki/WikiEngine|>,<|project://JSPWiki-2.8/tests/com/ecyrd/jspwiki/search/SearchManagerTest.java|(3198,29,<105,8>,<105,37>),|java+method:///com/ecyrd/jspwiki/WikiEngine/saveText(com.ecyrd.jspwiki.WikiContext,java.lang.String)|>>,
  <<|java+class:///com/ecyrd/jspwiki/TestEngine|,|java+class:///com/ecyrd/jspwiki/WikiEngine|>,<|project://JSPWiki-2.8/tests/stress/MassiveRepositoryTest.java|(3827,51,<133,29>,<133,80>),|java+method:///com/ecyrd/jspwiki/WikiEngine/getHTML(java.lang.String,int)|>>,
  <<|java+class:///com/ecyrd/jspwiki/TestEngine|,|java+class:///com/ecyrd/jspwiki/WikiEngine|>,<|project://JSPWiki-2.8/tests/com/ecyrd/jspwiki/providers/RCSFileProviderTest.java|(5954,34,<219,8>,<219,42>),|java+method:///com/ecyrd/jspwiki/WikiEngine/saveText(com.ecyrd.jspwiki.WikiContext,java.lang.String)|>>,
  <<|java+class:///com/ecyrd/jspwiki/TestEngine|,|java+class:///com/ecyrd/jspwiki/WikiEngine|>,<|project://JSPWiki-2.8/tests/com/ecyrd/jspwiki/providers/VersioningFileProviderTest.java|(8929,36,<324,12>,<324,48>),|java+method:///com/ecyrd/jspwiki/WikiEngine/saveText(com.ecyrd.jspwiki.WikiContext,java.lang.String)|>>,
  <<|java+class:///com/ecyrd/jspwiki/auth/user/XMLUserDatabase|,|java+class:///com/ecyrd/jspwiki/auth/user/AbstractUserDatabase|>,<|project://JSPWiki-2.8/src/com/ecyrd/jspwiki/auth/user/XMLUserDatabase.java|(23584,12,<623,38>,<623,50>),|java+method:///com/ecyrd/jspwiki/auth/user/AbstractUserDatabase/newProfile()|>>,
  <<|java+class:///com/ecyrd/jspwiki/TestEngine|,|java+class:///com/ecyrd/jspwiki/WikiEngine|>,<|project://JSPWiki-2.8/tests/com/ecyrd/jspwiki/providers/VersioningFileProviderTest.java|(8674,34,<315,8>,<315,42>),|java+method:///com/ecyrd/jspwiki/WikiEngine/saveText(com.ecyrd.jspwiki.WikiContext,java.lang.String)|>>,
  <<|java+class:///com/ecyrd/jspwiki/TestEngine|,|java+class:///com/ecyrd/jspwiki/WikiEngine|>,<|project://JSPWiki-2.8/tests/com/ecyrd/jspwiki/search/SearchManagerTest.java|(3238,193,<107,8>,<107,201>),|java+method:///com/ecyrd/jspwiki/WikiEngine/saveText(com.ecyrd.jspwiki.WikiContext,java.lang.String)|>>,
  <<|java+class:///com/ecyrd/jspwiki/TestEngine|,|java+class:///com/ecyrd/jspwiki/WikiEngine|>,<|project://JSPWiki-2.8/tests/com/ecyrd/jspwiki/search/SearchManagerTest.java|(3128,51,<103,26>,<103,77>),|java+method:///com/ecyrd/jspwiki/WikiEngine/createContext(javax.servlet.http.HttpServletRequest,java.lang.String)|>>,
  <<|java+class:///com/ecyrd/jspwiki/auth/user/JDBCUserDatabase|,|java+class:///com/ecyrd/jspwiki/auth/user/AbstractUserDatabase|>,<|project://JSPWiki-2.8/tests/com/ecyrd/jspwiki/auth/user/JDBCUserDatabaseTest.java|(15126,17,<401,22>,<401,39>),|java+method:///com/ecyrd/jspwiki/auth/user/AbstractUserDatabase/newProfile()|>>,
  <<|java+class:///com/ecyrd/jspwiki/auth/user/JDBCUserDatabase|,|java+class:///com/ecyrd/jspwiki/auth/user/AbstractUserDatabase|>,<|project://JSPWiki-2.8/tests/com/ecyrd/jspwiki/auth/user/JDBCUserDatabaseTest.java|(4443,17,<114,30>,<114,47>),|java+method:///com/ecyrd/jspwiki/auth/user/AbstractUserDatabase/newProfile()|>>,
  <<|java+class:///com/ecyrd/jspwiki/TestEngine|,|java+class:///com/ecyrd/jspwiki/WikiEngine|>,<|project://JSPWiki-2.8/tests/com/ecyrd/jspwiki/WikiEngineTest.java|(29421,38,<923,12>,<923,50>),|java+method:///com/ecyrd/jspwiki/WikiEngine/saveText(com.ecyrd.jspwiki.WikiContext,java.lang.String)|>>
}