[
  <<|java+class:///org/apache/james/core/MailHeaders|,|java+class:///javax/mail/internet/InternetHeaders|>,|project://james-2.2.0_src-java/src/org/apache/james/core/MailHeaders.java|(2218,10,<53,8>,<53,18>)>,
  <<|java+class:///org/apache/james/core/MailHeaders|,|java+class:///javax/mail/internet/InternetHeaders|>,|project://james-2.2.0_src-java/src/org/apache/james/core/MailHeaders.java|(1794,8,<40,8>,<40,16>)>,
  <<|java+class:///org/apache/james/util/mail/mdn/TypeDisplayed|,|java+project:///|>,|project://james-2.2.0_src-java/src/org/apache/james/util/mail/mdn/TypeDisplayed.java|(1396,8,<31,8>,<31,16>)>,
  <<|java+class:///org/apache/james/util/thread/WorkerThread|,|java+class:///java/lang/Thread|>,|project://james-2.2.0_src-java/src/org/apache/james/util/thread/WorkerThread.java|(2293,19,<54,11>,<54,30>)>,
  <<|java+class:///org/apache/james/util/mail/mdn/ActionModeManual|,|java+project:///|>,|project://james-2.2.0_src-java/src/org/apache/james/util/mail/mdn/ActionModeManual.java|(1431,8,<33,8>,<33,16>)>,
  <<|java+class:///org/apache/james/fetchmail/FolderProcessor|,|java+class:///org/apache/james/fetchmail/ProcessorAbstract|>,|project://james-2.2.0_src-java/src/org/apache/james/fetchmail/FolderProcessor.java|(2095,15,<53,8>,<53,23>)>,
  <<|java+class:///org/apache/james/util/mail/handlers/message_disposition_notification|,|java+class:///org/apache/james/util/mail/handlers/AbstractDataContentHandler|>,|project://james-2.2.0_src-java/src/org/apache/james/util/mail/handlers/message_disposition_notification.java|(2145,8,<54,8>,<54,16>)>,
  <<|java+class:///org/apache/james/nntpserver/NNTPException|,|java+class:///java/lang/RuntimeException|>,|project://james-2.2.0_src-java/src/org/apache/james/nntpserver/NNTPException.java|(2469,20,<64,8>,<64,28>)>,
  <<|java+class:///org/apache/james/nntpserver/NNTPException|,|java+class:///java/lang/RuntimeException|>,|project://james-2.2.0_src-java/src/org/apache/james/nntpserver/NNTPException.java|(2188,44,<53,8>,<53,52>)>,
  <<|java+class:///org/apache/james/nntpserver/NNTPException|,|java+class:///java/lang/RuntimeException|>,|project://james-2.2.0_src-java/src/org/apache/james/nntpserver/NNTPException.java|(1850,11,<41,8>,<41,19>)>,
  <<|java+class:///org/apache/james/util/ExtraDotOutputStream|,|java+class:///java/io/FilterOutputStream|>,|project://james-2.2.0_src-java/src/org/apache/james/util/ExtraDotOutputStream.java|(2140,11,<51,8>,<51,19>)>,
  <<|java+class:///org/apache/james/fetchmail/ParsedConfiguration|,|java+project:///|>,|project://james-2.2.0_src-java/src/org/apache/james/fetchmail/ParsedConfiguration.java|(9141,8,<308,8>,<308,16>)>,
  <<|java+class:///org/apache/james/userrepository/DefaultJamesUser|,|java+class:///org/apache/james/userrepository/DefaultUser|>,|project://james-2.2.0_src-java/src/org/apache/james/userrepository/DefaultJamesUser.java|(2048,17,<57,8>,<57,25>)>,
  <<|java+class:///org/apache/james/userrepository/DefaultJamesUser|,|java+class:///org/apache/james/userrepository/DefaultUser|>,|project://james-2.2.0_src-java/src/org/apache/james/userrepository/DefaultJamesUser.java|(2161,35,<61,8>,<61,43>)>,
  <<|java+class:///org/apache/james/fetchmail/FetchMail/ParsedDynamicAccountParameters|,|java+project:///|>,|project://james-2.2.0_src-java/src/org/apache/james/fetchmail/FetchMail.java|(6482,8,<188,12>,<188,20>)>,
  <<|java+class:///org/apache/james/util/RFC2980DateFormat|,|java+class:///org/apache/james/util/SynchronizedDateFormat|>,|project://james-2.2.0_src-java/src/org/apache/james/util/RFC2980DateFormat.java|(1534,40,<33,8>,<33,48>)>,
  <<|java+class:///org/apache/james/util/mail/mdn/ModifierExpired|,|java+project:///|>,|project://james-2.2.0_src-java/src/org/apache/james/util/mail/mdn/ModifierExpired.java|(1410,8,<31,8>,<31,16>)>,
  <<|java+class:///org/apache/james/fetchmail/MessageProcessor|,|java+class:///org/apache/james/fetchmail/ProcessorAbstract|>,|project://james-2.2.0_src-java/src/org/apache/james/fetchmail/MessageProcessor.java|(9758,15,<224,8>,<224,23>)>,
  <<|java+class:///org/apache/james/util/mail/mdn/ModifierError|,|java+project:///|>,|project://james-2.2.0_src-java/src/org/apache/james/util/mail/mdn/ModifierError.java|(1400,8,<31,8>,<31,16>)>,
  <<|java+class:///org/apache/james/fetchmail/Account|,|java+project:///|>,|project://james-2.2.0_src-java/src/org/apache/james/fetchmail/Account.java|(2771,8,<85,8>,<85,16>)>,
  <<|java+class:///org/apache/james/util/thread/DefaultThreadPool|,|java+class:///java/lang/ThreadGroup|>,|project://james-2.2.0_src-java/src/org/apache/james/util/thread/DefaultThreadPool.java|(3403,14,<83,11>,<83,25>)>,
  <<|java+class:///org/apache/james/util/thread/DefaultThreadPool|,|java+class:///java/lang/ThreadGroup|>,|project://james-2.2.0_src-java/src/org/apache/james/util/thread/DefaultThreadPool.java|(2775,14,<67,11>,<67,25>)>,
  <<|java+class:///org/apache/james/util/mail/mdn/ActionModeAutomatic|,|java+class:///java/lang/Object|>,|project://james-2.2.0_src-java/src/org/apache/james/util/mail/mdn/ActionModeAutomatic.java|(1455,8,<33,8>,<33,16>)>,
  <<|java+class:///org/apache/james/fetchmail/DynamicAccount|,|java+class:///org/apache/james/fetchmail/Account|>,|project://james-2.2.0_src-java/src/org/apache/james/fetchmail/DynamicAccount.java|(1929,187,<48,8>,<55,21>)>,
  <<|java+class:///org/apache/james/core/MimeMessageWrapper|,|java+class:///javax/mail/internet/MimeMessage|>,|project://james-2.2.0_src-java/src/org/apache/james/core/MimeMessageWrapper.java|(3340,64,<93,8>,<93,72>)>,
  <<|java+class:///org/apache/james/util/mail/mdn/TypeProcessed|,|java+project:///|>,|project://james-2.2.0_src-java/src/org/apache/james/util/mail/mdn/TypeProcessed.java|(1400,8,<31,8>,<31,16>)>,
  <<|java+class:///org/apache/james/fetchmail/StoreProcessor|,|java+class:///org/apache/james/fetchmail/ProcessorAbstract|>,|project://james-2.2.0_src-java/src/org/apache/james/fetchmail/StoreProcessor.java|(1727,15,<39,8>,<39,23>)>,
  <<|java+class:///org/apache/james/fetchmail/FetchMail|,|java+class:///org/apache/avalon/framework/logger/AbstractLogEnabled|>,|project://james-2.2.0_src-java/src/org/apache/james/fetchmail/FetchMail.java|(11574,8,<386,8>,<386,16>)>,
  <<|java+class:///org/apache/james/util/mail/mdn/Disposition|,|java+project:///|>,|project://james-2.2.0_src-java/src/org/apache/james/util/mail/mdn/Disposition.java|(1642,8,<35,8>,<35,16>)>,
  <<|java+class:///org/apache/james/util/mail/mdn/ModifierSuperseded|,|java+project:///|>,|project://james-2.2.0_src-java/src/org/apache/james/util/mail/mdn/ModifierSuperseded.java|(1419,8,<31,8>,<31,16>)>,
  <<|java+class:///org/apache/james/fetchmail/FetchMail/DynamicAccountKey|,|java+project:///|>,|project://james-2.2.0_src-java/src/org/apache/james/fetchmail/FetchMail.java|(4095,8,<94,12>,<94,20>)>,
  <<|java+class:///org/apache/james/util/mail/mdn/SendingModeAutomatic|,|java+project:///|>,|project://james-2.2.0_src-java/src/org/apache/james/util/mail/mdn/SendingModeAutomatic.java|(1424,8,<31,8>,<31,16>)>,
  <<|java+class:///org/apache/james/fetchmail/ProcessorAbstract|,|java+project:///|>,|project://james-2.2.0_src-java/src/org/apache/james/fetchmail/ProcessorAbstract.java|(2532,8,<64,8>,<64,16>)>,
  <<|java+class:///org/apache/james/util/InternetPrintWriter|,|java+class:///java/io/PrintWriter|>,|project://james-2.2.0_src-java/src/org/apache/james/util/InternetPrintWriter.java|(2362,12,<68,8>,<68,20>)>,
  <<|java+class:///org/apache/james/util/InternetPrintWriter|,|java+class:///java/io/PrintWriter|>,|project://james-2.2.0_src-java/src/org/apache/james/util/InternetPrintWriter.java|(2665,23,<79,8>,<79,31>)>,
  <<|java+class:///org/apache/james/util/InternetPrintWriter|,|java+class:///java/io/PrintWriter|>,|project://james-2.2.0_src-java/src/org/apache/james/util/InternetPrintWriter.java|(1830,12,<47,8>,<47,20>)>,
  <<|java+class:///org/apache/james/util/InternetPrintWriter|,|java+class:///java/io/PrintWriter|>,|project://james-2.2.0_src-java/src/org/apache/james/util/InternetPrintWriter.java|(2121,23,<58,8>,<58,31>)>,
  <<|java+class:///org/apache/james/util/mail/handlers/AbstractDataContentHandler|,|java+project:///|>,|project://james-2.2.0_src-java/src/org/apache/james/util/mail/handlers/AbstractDataContentHandler.java|(1804,8,<42,8>,<42,16>)>,
  <<|java+class:///org/apache/mailet/MailetException|,|java+class:///javax/mail/MessagingException|>,|project://james-2.2.0_src-java/src/org/apache/mailet/MailetException.java|(1669,15,<40,8>,<40,23>)>,
  <<|java+class:///org/apache/mailet/MailetException|,|java+class:///javax/mail/MessagingException|>,|project://james-2.2.0_src-java/src/org/apache/mailet/MailetException.java|(1515,8,<33,8>,<33,16>)>,
  <<|java+class:///org/apache/mailet/MailetException|,|java+class:///javax/mail/MessagingException|>,|project://james-2.2.0_src-java/src/org/apache/mailet/MailetException.java|(2011,18,<50,8>,<50,26>)>,
  <<|java+class:///org/apache/james/util/mail/mdn/TypeDispatched|,|java+project:///|>,|project://james-2.2.0_src-java/src/org/apache/james/util/mail/mdn/TypeDispatched.java|(1398,8,<30,8>,<30,16>)>,
  <<|java+class:///org/apache/james/util/mail/mdn/MDNFactory|,|java+project:///|>,|project://james-2.2.0_src-java/src/org/apache/james/util/mail/mdn/MDNFactory.java|(1596,8,<36,8>,<36,16>)>,
  <<|java+class:///org/apache/james/util/mail/mdn/ModifierFailed|,|java+project:///|>,|project://james-2.2.0_src-java/src/org/apache/james/util/mail/mdn/ModifierFailed.java|(1407,8,<31,8>,<31,16>)>,
  <<|java+class:///org/apache/james/util/RFC822DateFormat|,|java+class:///org/apache/james/util/SynchronizedDateFormat|>,|project://james-2.2.0_src-java/src/org/apache/james/util/RFC822DateFormat.java|(2278,28,<57,8>,<57,36>)>,
  <<|java+class:///org/apache/james/util/mail/mdn/TypeDeleted|,|java+project:///|>,|project://james-2.2.0_src-java/src/org/apache/james/util/mail/mdn/TypeDeleted.java|(1390,8,<31,8>,<31,16>)>,
  <<|java+class:///org/apache/james/util/CRLFTerminatedReader|,|java+class:///java/io/BufferedReader|>,|project://james-2.2.0_src-java/src/org/apache/james/util/CRLFTerminatedReader.java|(2509,46,<61,8>,<61,54>)>,
  <<|java+class:///org/apache/mailet/HostAddress|,|java+class:///javax/mail/URLName|>,|project://james-2.2.0_src-java/src/org/apache/mailet/HostAddress.java|(1497,11,<31,8>,<31,19>)>,
  <<|java+class:///org/apache/james/util/mail/mdn/TypeDenied|,|java+project:///|>,|project://james-2.2.0_src-java/src/org/apache/james/util/mail/mdn/TypeDenied.java|(1391,8,<31,8>,<31,16>)>,
  <<|java+class:///org/apache/james/smtpserver/MessageSizeException|,|java+class:///java/io/IOException|>,|project://james-2.2.0_src-java/src/org/apache/james/smtpserver/MessageSizeException.java|(1655,58,<35,8>,<35,66>)>,
  <<|java+class:///org/apache/james/util/mail/mdn/ModifierMailboxTerminated|,|java+project:///|>,|project://james-2.2.0_src-java/src/org/apache/james/util/mail/mdn/ModifierMailboxTerminated.java|(1440,8,<31,8>,<31,16>)>,
  <<|java+class:///org/apache/james/util/mail/mdn/TypeFailed|,|java+project:///|>,|project://james-2.2.0_src-java/src/org/apache/james/util/mail/mdn/TypeFailed.java|(1391,8,<31,8>,<31,16>)>,
  <<|java+class:///org/apache/james/util/DotStuffingInputStream|,|java+class:///java/io/FilterInputStream|>,|project://james-2.2.0_src-java/src/org/apache/james/util/DotStuffingInputStream.java|(1737,10,<37,8>,<37,18>)>,
  <<|java+class:///org/apache/james/util/mail/mdn/SendingModeManual|,|java+project:///|>,|project://james-2.2.0_src-java/src/org/apache/james/util/mail/mdn/SendingModeManual.java|(1415,8,<31,8>,<31,16>)>,
  <<|java+class:///org/apache/james/util/mail/MimeMultipartReport|,|java+class:///javax/mail/internet/MimeMultipart|>,|project://james-2.2.0_src-java/src/org/apache/james/util/mail/MimeMultipartReport.java|(2108,19,<55,8>,<55,27>)>,
  <<|java+class:///org/apache/james/util/mail/MimeMultipartReport|,|java+class:///javax/mail/internet/MimeMultipart|>,|project://james-2.2.0_src-java/src/org/apache/james/util/mail/MimeMultipartReport.java|(1835,15,<45,8>,<45,23>)>,
  <<|java+class:///org/apache/james/util/mail/mdn/ModifierWarning|,|java+project:///|>,|project://james-2.2.0_src-java/src/org/apache/james/util/mail/mdn/ModifierWarning.java|(1410,8,<31,8>,<31,16>)>,
  <<|java+class:///org/apache/james/util/mail/handlers/multipart_report|,|java+class:///org/apache/james/util/mail/handlers/AbstractDataContentHandler|>,|project://james-2.2.0_src-java/src/org/apache/james/util/mail/handlers/multipart_report.java|(1758,8,<42,8>,<42,16>)>,
  <<|java+class:///org/apache/james/util/CRLFTerminatedReader/TerminationException|,|java+class:///java/io/IOException|>,|project://james-2.2.0_src-java/src/org/apache/james/util/CRLFTerminatedReader.java|(1851,8,<37,12>,<37,20>)>,
  <<|java+class:///org/apache/james/util/CRLFTerminatedReader/TerminationException|,|java+class:///java/io/IOException|>,|project://james-2.2.0_src-java/src/org/apache/james/util/CRLFTerminatedReader.java|(1974,9,<42,12>,<42,21>)>
]