{
  <<|java+class:///freecs/commands/CmdChangeBgcolor|,|java+class:///freecs/commands/AbstractCommand|>,2,|java+interface:///freecs/interfaces/ICommand|>,
  <<|java+class:///freecs/commands/CmdChangeBgcolor|,|java+class:///freecs/commands/AbstractCommand|>,2,|java+class:///java/lang/Object|>,
  <<|java+class:///freecs/commands/CmdFriendsOnly|,|java+class:///freecs/commands/AbstractCommand|>,2,|java+class:///java/lang/Object|>,
  <<|java+class:///freecs/commands/CmdSepa|,|java+class:///freecs/commands/AbstractCommand|>,2,|java+interface:///freecs/interfaces/ICommand|>,
  <<|java+class:///freecs/commands/CmdListBan|,|java+class:///freecs/commands/AbstractCommand|>,2,|java+interface:///freecs/interfaces/ICommand|>,
  <<|java+class:///freecs/commands/CmdRespectUser|,|java+class:///freecs/commands/AbstractCommand|>,2,|java+interface:///freecs/interfaces/ICommand|>,
  <<|java+class:///freecs/commands/CmdListAllFriends|,|java+class:///freecs/commands/AbstractCommand|>,2,|java+class:///java/lang/Object|>,
  <<|java+class:///freecs/commands/CmdSu|,|java+class:///freecs/commands/AbstractCommand|>,2,|java+interface:///freecs/interfaces/ICommand|>,
  <<|java+class:///freecs/commands/CmdIgnore|,|java+class:///freecs/commands/AbstractCommand|>,2,|java+class:///java/lang/Object|>,
  <<|java+class:///freecs/external/StaticRequestHandler|,|java+class:///freecs/external/AbstractRequestHandler|>,2,|java+interface:///freecs/external/IRequestHandler|>,
  <<|java+class:///freecs/commands/CmdRemoveFriend|,|java+class:///freecs/commands/AbstractCommand|>,2,|java+interface:///freecs/interfaces/ICommand|>,
  <<|java+class:///freecs/core/RequestMonitor|,|java+class:///java/lang/Thread|>,2,|java+class:///java/lang/Object|>,
  <<|java+class:///freecs/commands/CmdChangeColor|,|java+class:///freecs/commands/AbstractCommand|>,2,|java+interface:///freecs/interfaces/ICommand|>,
  <<|java+class:///freecs/external/StateRequestHandler|,|java+class:///freecs/external/AbstractRequestHandler|>,2,|java+interface:///freecs/external/IRequestHandler|>,
  <<|java+class:///freecs/commands/CmdJoinUser|,|java+class:///freecs/commands/AbstractCommand|>,2,|java+class:///java/lang/Object|>,
  <<|java+class:///freecs/core/Responder|,|java+class:///java/lang/Thread|>,2,|java+class:///java/lang/Object|>,
  <<|java+class:///freecs/core/UserManager|,|java+class:///java/lang/Thread|>,2,|java+class:///java/lang/Object|>,
  <<|java+class:///freecs/commands/CmdPunish|,|java+class:///freecs/commands/AbstractCommand|>,2,|java+class:///java/lang/Object|>,
  <<|java+class:///freecs/util/FileMonitor|,|java+class:///java/lang/Thread|>,2,|java+class:///java/lang/Object|>,
  <<|java+class:///freecs/commands/CmdAct|,|java+class:///freecs/commands/AbstractCommand|>,2,|java+interface:///freecs/interfaces/ICommand|>,
  <<|java+class:///freecs/commands/CmdPrivateMessage|,|java+class:///freecs/commands/AbstractCommand|>,2,|java+interface:///freecs/interfaces/ICommand|>,
  <<|java+class:///freecs/commands/CmdShowIp|,|java+class:///freecs/commands/AbstractCommand|>,2,|java+interface:///freecs/interfaces/ICommand|>,
  <<|java+class:///freecs/commands/CmdListVips|,|java+class:///freecs/commands/AbstractCommand|>,2,|java+class:///java/lang/Object|>,
  <<|java+class:///freecs/commands/CmdThink|,|java+class:///freecs/commands/AbstractCommand|>,2,|java+interface:///freecs/interfaces/ICommand|>,
  <<|java+class:///freecs/commands/CmdUnlock|,|java+class:///freecs/commands/AbstractCommand|>,2,|java+interface:///freecs/interfaces/ICommand|>,
  <<|java+class:///freecs/commands/CmdResetQuestioncounter|,|java+class:///freecs/commands/AbstractCommand|>,2,|java+interface:///freecs/interfaces/ICommand|>,
  <<|java+class:///freecs/commands/CmdSetTheme|,|java+class:///freecs/commands/AbstractCommand|>,2,|java+interface:///freecs/interfaces/ICommand|>,
  <<|java+class:///freecs/commands/CmdQuestion|,|java+class:///freecs/commands/AbstractCommand|>,2,|java+interface:///freecs/interfaces/ICommand|>,
  <<|java+class:///freecs/commands/CmdListOnlineFriends|,|java+class:///freecs/commands/AbstractCommand|>,2,|java+class:///java/lang/Object|>,
  <<|java+class:///freecs/commands/CmdRSu|,|java+class:///freecs/commands/AbstractCommand|>,2,|java+interface:///freecs/interfaces/ICommand|>,
  <<|java+class:///freecs/commands/CmdKick|,|java+class:///freecs/commands/AbstractCommand|>,2,|java+interface:///freecs/interfaces/ICommand|>,
  <<|java+class:///freecs/commands/CmdMyCol|,|java+class:///freecs/commands/AbstractCommand|>,2,|java+interface:///freecs/interfaces/ICommand|>,
  <<|java+class:///freecs/commands/CmdJoinClosed|,|java+class:///freecs/commands/AbstractCommand|>,2,|java+class:///java/lang/Object|>,
  <<|java+class:///freecs/external/UserlistRequestHandler|,|java+class:///freecs/external/AbstractRequestHandler|>,2,|java+class:///java/lang/Object|>,
  <<|java+class:///freecs/external/CmdConfirmHandler|,|java+class:///freecs/external/AbstractRequestHandler|>,2,|java+class:///java/lang/Object|>,
  <<|java+class:///freecs/commands/CmdShowUserDetail|,|java+class:///freecs/commands/AbstractCommand|>,2,|java+class:///java/lang/Object|>,
  <<|java+class:///freecs/commands/CmdInvite|,|java+class:///freecs/commands/AbstractCommand|>,2,|java+interface:///freecs/interfaces/ICommand|>,
  <<|java+class:///freecs/commands/CmdUnBan|,|java+class:///freecs/commands/AbstractCommand|>,2,|java+interface:///freecs/interfaces/ICommand|>,
  <<|java+class:///freecs/commands/CmdAccept|,|java+class:///freecs/commands/AbstractCommand|>,2,|java+interface:///freecs/interfaces/ICommand|>,
  <<|java+class:///freecs/commands/CmdAck|,|java+class:///freecs/commands/AbstractCommand|>,2,|java+interface:///freecs/interfaces/ICommand|>,
  <<|java+class:///freecs/commands/CmdShout|,|java+class:///freecs/commands/AbstractCommand|>,2,|java+class:///java/lang/Object|>,
  <<|java+class:///freecs/core/CleanupClass|,|java+class:///java/lang/Thread|>,2,|java+class:///java/lang/Object|>,
  <<|java+class:///freecs/core/Listener|,|java+class:///java/lang/Thread|>,2,|java+class:///java/lang/Object|>,
  <<|java+class:///freecs/commands/CmdLock|,|java+class:///freecs/commands/AbstractCommand|>,2,|java+class:///java/lang/Object|>,
  <<|java+class:///freecs/commands/CmdInviteAll|,|java+class:///freecs/commands/AbstractCommand|>,2,|java+class:///java/lang/Object|>,
  <<|java+class:///freecs/commands/CmdShowTime|,|java+class:///freecs/commands/AbstractCommand|>,2,|java+class:///java/lang/Object|>,
  <<|java+class:///freecs/commands/CmdJoin|,|java+class:///freecs/commands/AbstractCommand|>,2,|java+class:///java/lang/Object|>,
  <<|java+class:///freecs/commands/CmdReplyMessage|,|java+class:///freecs/commands/AbstractCommand|>,2,|java+interface:///freecs/interfaces/ICommand|>,
  <<|java+class:///freecs/external/UserlistRequestHandler|,|java+class:///freecs/external/AbstractRequestHandler|>,2,|java+interface:///freecs/external/IRequestHandler|>,
  <<|java+class:///freecs/external/CmdConfirmHandler|,|java+class:///freecs/external/AbstractRequestHandler|>,2,|java+interface:///freecs/external/IRequestHandler|>,
  <<|java+class:///freecs/commands/CmdHitDice|,|java+class:///freecs/commands/AbstractCommand|>,2,|java+class:///java/lang/Object|>,
  <<|java+class:///freecs/commands/CmdKickToRoom|,|java+class:///freecs/commands/AbstractCommand|>,2,|java+interface:///freecs/interfaces/ICommand|>,
  <<|java+class:///freecs/commands/CmdListUsers|,|java+class:///freecs/commands/AbstractCommand|>,2,|java+interface:///freecs/interfaces/ICommand|>,
  <<|java+class:///freecs/commands/CmdClear|,|java+class:///freecs/commands/AbstractCommand|>,2,|java+interface:///freecs/interfaces/ICommand|>,
  <<|java+class:///freecs/commands/CmdQuit|,|java+class:///freecs/commands/AbstractCommand|>,2,|java+class:///java/lang/Object|>,
  <<|java+class:///freecs/commands/CmdSys|,|java+class:///freecs/commands/AbstractCommand|>,2,|java+interface:///freecs/interfaces/ICommand|>,
  <<|java+class:///freecs/commands/CmdAway|,|java+class:///freecs/commands/AbstractCommand|>,2,|java+class:///java/lang/Object|>,
  <<|java+class:///freecs/commands/CmdRightChange|,|java+class:///freecs/commands/AbstractCommand|>,2,|java+interface:///freecs/interfaces/ICommand|>,
  <<|java+class:///freecs/commands/CmdRepeatedPrivateMessage|,|java+class:///freecs/commands/AbstractCommand|>,2,|java+interface:///freecs/interfaces/ICommand|>,
  <<|java+class:///freecs/external/StateRequestHandler|,|java+class:///freecs/external/AbstractRequestHandler|>,2,|java+class:///java/lang/Object|>,
  <<|java+class:///freecs/commands/CmdUnPunish|,|java+class:///freecs/commands/AbstractCommand|>,2,|java+class:///java/lang/Object|>,
  <<|java+class:///freecs/commands/CmdLockChangeForeignAction|,|java+class:///freecs/commands/AbstractCommand|>,2,|java+interface:///freecs/interfaces/ICommand|>,
  <<|java+class:///freecs/external/AbstractRequestHandler|,|java+interface:///freecs/external/IRequestHandler|>,2,|java+interface:///freecs/external/IRequestHandler|>,
  <<|java+class:///freecs/commands/CmdFun|,|java+class:///freecs/commands/AbstractCommand|>,2,|java+class:///java/lang/Object|>,
  <<|java+class:///freecs/external/StaticRequestHandler|,|java+class:///freecs/external/AbstractRequestHandler|>,2,|java+class:///java/lang/Object|>,
  <<|java+class:///freecs/commands/CmdBan|,|java+class:///freecs/commands/AbstractCommand|>,2,|java+interface:///freecs/interfaces/ICommand|>,
  <<|java+class:///freecs/commands/CmdAddFriend|,|java+class:///freecs/commands/AbstractCommand|>,2,|java+class:///java/lang/Object|>,
  <<|java+class:///freecs/commands/CmdKickHard|,|java+class:///freecs/commands/AbstractCommand|>,2,|java+class:///java/lang/Object|>,
  <<|java+class:///freecs/commands/CmdCallMemberships|,|java+class:///freecs/commands/AbstractCommand|>,2,|java+class:///java/lang/Object|>,
  <<|java+class:///freecs/commands/CmdRespectUser|,|java+class:///freecs/commands/AbstractCommand|>,2,|java+class:///java/lang/Object|>,
  <<|java+class:///freecs/commands/CmdListBan|,|java+class:///freecs/commands/AbstractCommand|>,2,|java+class:///java/lang/Object|>,
  <<|java+class:///freecs/core/CentralSelector|,|java+class:///java/lang/Thread|>,2,|java+class:///java/lang/Object|>,
  <<|java+class:///freecs/commands/CmdSepa|,|java+class:///freecs/commands/AbstractCommand|>,2,|java+class:///java/lang/Object|>,
  <<|java+class:///freecs/commands/CmdFriendsOnly|,|java+class:///freecs/commands/AbstractCommand|>,2,|java+interface:///freecs/interfaces/ICommand|>,
  <<|java+class:///freecs/util/logger/LogCleaner|,|java+class:///java/lang/Thread|>,2,|java+class:///java/lang/Object|>,
  <<|java+class:///freecs/commands/CmdIgnore|,|java+class:///freecs/commands/AbstractCommand|>,2,|java+interface:///freecs/interfaces/ICommand|>,
  <<|java+class:///freecs/commands/CmdSu|,|java+class:///freecs/commands/AbstractCommand|>,2,|java+class:///java/lang/Object|>,
  <<|java+class:///freecs/commands/CmdListAllFriends|,|java+class:///freecs/commands/AbstractCommand|>,2,|java+interface:///freecs/interfaces/ICommand|>,
  <<|java+class:///freecs/commands/CmdRemoveFriend|,|java+class:///freecs/commands/AbstractCommand|>,2,|java+class:///java/lang/Object|>,
  <<|java+class:///freecs/core/RequestReader|,|java+class:///java/lang/Thread|>,2,|java+class:///java/lang/Object|>,
  <<|java+class:///freecs/commands/CmdJoinUser|,|java+class:///freecs/commands/AbstractCommand|>,2,|java+interface:///freecs/interfaces/ICommand|>,
  <<|java+class:///freecs/util/TrafficMonitor|,|java+class:///java/lang/Thread|>,2,|java+class:///java/lang/Object|>,
  <<|java+class:///freecs/commands/CmdChangeColor|,|java+class:///freecs/commands/AbstractCommand|>,2,|java+class:///java/lang/Object|>,
  <<|java+class:///freecs/commands/CmdPunish|,|java+class:///freecs/commands/AbstractCommand|>,2,|java+interface:///freecs/interfaces/ICommand|>,
  <<|java+class:///freecs/commands/CmdPrivateMessage|,|java+class:///freecs/commands/AbstractCommand|>,2,|java+class:///java/lang/Object|>,
  <<|java+class:///freecs/commands/CmdAct|,|java+class:///freecs/commands/AbstractCommand|>,2,|java+class:///java/lang/Object|>,
  <<|java+class:///freecs/commands/CmdUnlock|,|java+class:///freecs/commands/AbstractCommand|>,2,|java+class:///java/lang/Object|>,
  <<|java+class:///freecs/external/WebadminRequestHandler|,|java+class:///freecs/external/AbstractRequestHandler|>,2,|java+class:///java/lang/Object|>,
  <<|java+class:///freecs/commands/CmdThink|,|java+class:///freecs/commands/AbstractCommand|>,2,|java+class:///java/lang/Object|>,
  <<|java+class:///freecs/auth/XmlRpcAuthenticator|,|java+class:///freecs/auth/AbstractAuthenticator|>,2,|java+class:///java/lang/Object|>,
  <<|java+class:///freecs/commands/CmdShowIp|,|java+class:///freecs/commands/AbstractCommand|>,2,|java+class:///java/lang/Object|>,
  <<|java+class:///freecs/commands/CmdListVips|,|java+class:///freecs/commands/AbstractCommand|>,2,|java+interface:///freecs/interfaces/ICommand|>,
  <<|java+class:///freecs/commands/CmdSetTheme|,|java+class:///freecs/commands/AbstractCommand|>,2,|java+class:///java/lang/Object|>,
  <<|java+class:///freecs/commands/CmdResetQuestioncounter|,|java+class:///freecs/commands/AbstractCommand|>,2,|java+class:///java/lang/Object|>,
  <<|java+class:///freecs/commands/CmdKick|,|java+class:///freecs/commands/AbstractCommand|>,2,|java+class:///java/lang/Object|>,
  <<|java+class:///freecs/commands/CmdRSu|,|java+class:///freecs/commands/AbstractCommand|>,2,|java+class:///java/lang/Object|>,
  <<|java+class:///freecs/commands/CmdListOnlineFriends|,|java+class:///freecs/commands/AbstractCommand|>,2,|java+interface:///freecs/interfaces/ICommand|>,
  <<|java+class:///freecs/commands/CmdQuestion|,|java+class:///freecs/commands/AbstractCommand|>,2,|java+class:///java/lang/Object|>,
  <<|java+class:///freecs/auth/SQLAuthenticator|,|java+class:///freecs/auth/AbstractAuthenticator|>,2,|java+class:///java/lang/Object|>,
  <<|java+class:///freecs/commands/CmdJoinClosed|,|java+class:///freecs/commands/AbstractCommand|>,2,|java+interface:///freecs/interfaces/ICommand|>,
  <<|java+class:///freecs/commands/CmdMyCol|,|java+class:///freecs/commands/AbstractCommand|>,2,|java+class:///java/lang/Object|>,
  <<|java+class:///freecs/commands/CmdInvite|,|java+class:///freecs/commands/AbstractCommand|>,2,|java+class:///java/lang/Object|>,
  <<|java+class:///freecs/commands/CmdShowUserDetail|,|java+class:///freecs/commands/AbstractCommand|>,2,|java+interface:///freecs/interfaces/ICommand|>,
  <<|java+class:///freecs/commands/CmdUnBan|,|java+class:///freecs/commands/AbstractCommand|>,2,|java+class:///java/lang/Object|>,
  <<|java+class:///freecs/commands/CmdAccept|,|java+class:///freecs/commands/AbstractCommand|>,2,|java+class:///java/lang/Object|>,
  <<|java+class:///freecs/commands/CmdLock|,|java+class:///freecs/commands/AbstractCommand|>,2,|java+interface:///freecs/interfaces/ICommand|>,
  <<|java+class:///freecs/commands/CmdShout|,|java+class:///freecs/commands/AbstractCommand|>,2,|java+interface:///freecs/interfaces/ICommand|>,
  <<|java+class:///freecs/commands/CmdAck|,|java+class:///freecs/commands/AbstractCommand|>,2,|java+class:///java/lang/Object|>,
  <<|java+class:///freecs/commands/CmdJoin|,|java+class:///freecs/commands/AbstractCommand|>,2,|java+interface:///freecs/interfaces/ICommand|>,
  <<|java+class:///freecs/commands/CmdShowTime|,|java+class:///freecs/commands/AbstractCommand|>,2,|java+interface:///freecs/interfaces/ICommand|>,
  <<|java+class:///freecs/commands/CmdInviteAll|,|java+class:///freecs/commands/AbstractCommand|>,2,|java+interface:///freecs/interfaces/ICommand|>,
  <<|java+class:///freecs/commands/AbstractCommand|,|java+interface:///freecs/interfaces/ICommand|>,2,|java+interface:///freecs/interfaces/ICommand|>,
  <<|java+class:///freecs/commands/CmdReplyMessage|,|java+class:///freecs/commands/AbstractCommand|>,2,|java+class:///java/lang/Object|>,
  <<|java+class:///freecs/commands/CmdListUsers|,|java+class:///freecs/commands/AbstractCommand|>,2,|java+class:///java/lang/Object|>,
  <<|java+class:///freecs/commands/CmdKickToRoom|,|java+class:///freecs/commands/AbstractCommand|>,2,|java+class:///java/lang/Object|>,
  <<|java+class:///freecs/commands/CmdHitDice|,|java+class:///freecs/commands/AbstractCommand|>,2,|java+interface:///freecs/interfaces/ICommand|>,
  <<|java+class:///freecs/external/WebadminRequestHandler|,|java+class:///freecs/external/AbstractRequestHandler|>,2,|java+interface:///freecs/external/IRequestHandler|>,
  <<|java+class:///freecs/commands/CmdSys|,|java+class:///freecs/commands/AbstractCommand|>,2,|java+class:///java/lang/Object|>,
  <<|java+class:///freecs/commands/CmdQuit|,|java+class:///freecs/commands/AbstractCommand|>,2,|java+interface:///freecs/interfaces/ICommand|>,
  <<|java+class:///freecs/commands/CmdClear|,|java+class:///freecs/commands/AbstractCommand|>,2,|java+class:///java/lang/Object|>,
  <<|java+class:///freecs/commands/CmdRepeatedPrivateMessage|,|java+class:///freecs/commands/AbstractCommand|>,2,|java+class:///java/lang/Object|>,
  <<|java+class:///freecs/commands/CmdRightChange|,|java+class:///freecs/commands/AbstractCommand|>,2,|java+class:///java/lang/Object|>,
  <<|java+class:///freecs/commands/CmdAway|,|java+class:///freecs/commands/AbstractCommand|>,2,|java+interface:///freecs/interfaces/ICommand|>,
  <<|java+class:///freecs/commands/CmdUnPunish|,|java+class:///freecs/commands/AbstractCommand|>,2,|java+interface:///freecs/interfaces/ICommand|>,
  <<|java+class:///freecs/commands/CmdLockChangeForeignAction|,|java+class:///freecs/commands/AbstractCommand|>,2,|java+class:///java/lang/Object|>,
  <<|java+class:///freecs/commands/CmdFun|,|java+class:///freecs/commands/AbstractCommand|>,2,|java+interface:///freecs/interfaces/ICommand|>,
  <<|java+class:///freecs/commands/CmdCallMemberships|,|java+class:///freecs/commands/AbstractCommand|>,2,|java+interface:///freecs/interfaces/ICommand|>,
  <<|java+class:///freecs/commands/CmdKickHard|,|java+class:///freecs/commands/AbstractCommand|>,2,|java+interface:///freecs/interfaces/ICommand|>,
  <<|java+class:///freecs/commands/CmdBan|,|java+class:///freecs/commands/AbstractCommand|>,2,|java+class:///java/lang/Object|>,
  <<|java+class:///freecs/commands/CmdAddFriend|,|java+class:///freecs/commands/AbstractCommand|>,2,|java+interface:///freecs/interfaces/ICommand|>
}