[
  <<|java+class:///org/rssowl/ui/internal/dialogs/StartupErrorDialog|,|java+class:///org/eclipse/jface/dialogs/TitleAreaDialog|>,|project://rssowl-2.0.5/org.rssowl.ui/src/org/rssowl/ui/internal/dialogs/StartupErrorDialog.java|(3685,12,<78,4>,<78,16>)>,
  <<|java+class:///org/rssowl/core/connection/UnknownProtocolException|,|java+class:///org/rssowl/core/connection/ConnectionException|>,|project://rssowl-2.0.5/org.rssowl.core/src/org/rssowl/core/connection/UnknownProtocolException.java|(2560,14,<46,4>,<46,18>)>,
  <<|java+class:///org/rssowl/ui/internal/dialogs/NewsFilterDialog|,|java+class:///org/eclipse/jface/dialogs/TitleAreaDialog|>,|project://rssowl-2.0.5/org.rssowl.ui/src/org/rssowl/ui/internal/dialogs/NewsFilterDialog.java|(6660,19,<142,4>,<142,23>)>,
  <<|java+class:///org/rssowl/ui/internal/dialogs/NewsFilterDialog|,|java+class:///org/eclipse/jface/dialogs/TitleAreaDialog|>,|project://rssowl-2.0.5/org.rssowl.ui/src/org/rssowl/ui/internal/dialogs/NewsFilterDialog.java|(7510,19,<164,4>,<164,23>)>,
  <<|java+class:///org/rssowl/core/util/StreamGobbler|,|java+class:///org/eclipse/core/runtime/jobs/Job|>,|project://rssowl-2.0.5/org.rssowl.core/src/org/rssowl/core/util/StreamGobbler.java|(2843,24,<57,4>,<57,28>)>,
  <<|java+class:///org/rssowl/core/persist/reference/FolderReference|,|java+class:///org/rssowl/core/persist/reference/ModelReference|>,|project://rssowl-2.0.5/org.rssowl.core/src/org/rssowl/core/persist/reference/FolderReference.java|(2547,25,<47,4>,<47,29>)>,
  <<|java+class:///org/rssowl/ui/internal/notifier/NotificationPopup|,|java+class:///org/eclipse/jface/dialogs/PopupDialog|>,|project://rssowl-2.0.5/org.rssowl.ui/src/org/rssowl/ui/internal/notifier/NotificationPopup.java|(8138,156,<199,4>,<199,160>)>,
  <<|java+class:///org/rssowl/ui/internal/actions/ReloadAllAction|,|java+class:///org/eclipse/jface/action/Action|>,|project://rssowl-2.0.5/org.rssowl.ui/src/org/rssowl/ui/internal/actions/ReloadAllAction.java|(3041,114,<67,4>,<67,118>)>,
  <<|java+class:///org/rssowl/ui/internal/dialogs/SearchNewsDialog/ScoredNewsLabelProvider|,|java+class:///org/rssowl/ui/internal/editors/feed/NewsTableLabelProvider|>,|project://rssowl-2.0.5/org.rssowl.ui/src/org/rssowl/ui/internal/dialogs/SearchNewsDialog.java|(16228,13,<407,6>,<407,19>)>,
  <<|java+class:///org/rssowl/core/persist/reference/MarkReference|,|java+class:///org/rssowl/core/persist/reference/ModelReference|>,|project://rssowl-2.0.5/org.rssowl.core/src/org/rssowl/core/persist/reference/MarkReference.java|(2584,21,<47,4>,<47,25>)>,
  <<|java+class:///org/rssowl/core/persist/service/PersistenceException|,|java+class:///java/lang/RuntimeException|>,|project://rssowl-2.0.5/org.rssowl.core/src/org/rssowl/core/persist/service/PersistenceException.java|(2971,13,<68,4>,<68,17>)>,
  <<|java+class:///org/rssowl/core/persist/service/PersistenceException|,|java+class:///java/lang/RuntimeException|>,|project://rssowl-2.0.5/org.rssowl.core/src/org/rssowl/core/persist/service/PersistenceException.java|(2204,8,<38,4>,<38,12>)>,
  <<|java+class:///org/rssowl/core/persist/service/PersistenceException|,|java+class:///java/lang/RuntimeException|>,|project://rssowl-2.0.5/org.rssowl.core/src/org/rssowl/core/persist/service/PersistenceException.java|(2750,28,<59,4>,<59,32>)>,
  <<|java+class:///org/rssowl/core/persist/service/PersistenceException|,|java+class:///java/lang/RuntimeException|>,|project://rssowl-2.0.5/org.rssowl.core/src/org/rssowl/core/persist/service/PersistenceException.java|(2442,21,<48,4>,<48,25>)>,
  <<|java+class:///org/rssowl/core/internal/persist/dao/AttachmentDAOImpl|,|java+class:///org/rssowl/core/internal/persist/dao/AbstractEntityDAO|>,|project://rssowl-2.0.5/org.rssowl.core/src/org/rssowl/core/internal/persist/dao/AttachmentDAOImpl.java|(2651,31,<45,4>,<45,35>)>,
  <<|java+class:///org/rssowl/ui/internal/dialogs/cleanup/CleanUpOptionsPage|,|java+class:///org/eclipse/jface/wizard/WizardPage|>,|project://rssowl-2.0.5/org.rssowl.ui/src/org/rssowl/ui/internal/dialogs/cleanup/CleanUpOptionsPage.java|(3587,98,<71,4>,<71,102>)>,
  <<|java+class:///org/rssowl/core/internal/persist/SearchCondition|,|java+class:///org/rssowl/core/internal/persist/AbstractEntity|>,|project://rssowl-2.0.5/org.rssowl.core/src/org/rssowl/core/internal/persist/SearchCondition.java|(4339,10,<91,4>,<91,14>)>,
  <<|java+class:///org/rssowl/core/internal/persist/SearchCondition|,|java+class:///org/rssowl/core/internal/persist/AbstractEntity|>,|project://rssowl-2.0.5/org.rssowl.core/src/org/rssowl/core/internal/persist/SearchCondition.java|(5085,12,<108,4>,<108,16>)>,
  <<|java+class:///org/rssowl/ui/internal/dialogs/bookmark/BookmarkDefinitionPage|,|java+class:///org/eclipse/jface/wizard/WizardPage|>,|project://rssowl-2.0.5/org.rssowl.ui/src/org/rssowl/ui/internal/dialogs/bookmark/BookmarkDefinitionPage.java|(3832,96,<91,4>,<91,100>)>,
  <<|java+class:///org/rssowl/ui/internal/dialogs/LoginDialog|,|java+class:///org/eclipse/jface/dialogs/TitleAreaDialog|>,|project://rssowl-2.0.5/org.rssowl.ui/src/org/rssowl/ui/internal/dialogs/LoginDialog.java|(3756,19,<82,4>,<82,23>)>,
  <<|java+class:///org/rssowl/ui/internal/dialogs/cleanup/OptimizeSearchTask|,|java+class:///org/rssowl/ui/internal/dialogs/cleanup/CleanUpTask|>,|project://rssowl-2.0.5/org.rssowl.ui/src/org/rssowl/ui/internal/dialogs/cleanup/OptimizeSearchTask.java|(2225,13,<39,4>,<39,17>)>,
  <<|java+class:///org/rssowl/core/internal/persist/dao/DescriptionDAOImpl|,|java+class:///org/rssowl/core/internal/persist/dao/AbstractPersistableDAO|>,|project://rssowl-2.0.5/org.rssowl.core/src/org/rssowl/core/internal/persist/dao/DescriptionDAOImpl.java|(2113,31,<33,4>,<33,35>)>,
  <<|java+class:///org/rssowl/core/internal/persist/News|,|java+class:///org/rssowl/core/internal/persist/AbstractEntity|>,|project://rssowl-2.0.5/org.rssowl.core/src/org/rssowl/core/internal/persist/News.java|(5373,12,<150,4>,<150,16>)>,
  <<|java+class:///org/rssowl/core/internal/persist/News|,|java+class:///org/rssowl/core/internal/persist/AbstractEntity|>,|project://rssowl-2.0.5/org.rssowl.core/src/org/rssowl/core/internal/persist/News.java|(5917,10,<168,4>,<168,14>)>,
  <<|java+class:///org/rssowl/core/internal/persist/News|,|java+class:///org/rssowl/core/internal/persist/AbstractEntity|>,|project://rssowl-2.0.5/org.rssowl.core/src/org/rssowl/core/internal/persist/News.java|(6273,18,<177,4>,<177,22>)>,
  <<|java+class:///org/rssowl/core/connection/AuthenticationRequiredException|,|java+class:///org/rssowl/core/connection/ConnectionException|>,|project://rssowl-2.0.5/org.rssowl.core/src/org/rssowl/core/connection/AuthenticationRequiredException.java|(2622,14,<47,4>,<47,18>)>,
  <<|java+class:///org/rssowl/core/persist/event/runnable/FolderEventRunnable|,|java+class:///org/rssowl/core/persist/event/runnable/EventRunnable|>,|project://rssowl-2.0.5/org.rssowl.core/src/org/rssowl/core/persist/event/runnable/FolderEventRunnable.java|(2236,57,<40,4>,<40,61>)>,
  <<|java+class:///org/rssowl/core/internal/persist/NewsBin|,|java+class:///org/rssowl/core/internal/persist/Mark|>,|project://rssowl-2.0.5/org.rssowl.core/src/org/rssowl/core/internal/persist/NewsBin.java|(3033,8,<60,4>,<60,12>)>,
  <<|java+class:///org/rssowl/core/internal/persist/NewsBin|,|java+class:///org/rssowl/core/internal/persist/Mark|>,|project://rssowl-2.0.5/org.rssowl.core/src/org/rssowl/core/internal/persist/NewsBin.java|(2832,24,<52,4>,<52,28>)>,
  <<|java+class:///org/rssowl/ui/internal/dialogs/cleanup/FeedSelectionPage|,|java+class:///org/eclipse/jface/wizard/WizardPage|>,|project://rssowl-2.0.5/org.rssowl.ui/src/org/rssowl/ui/internal/dialogs/cleanup/FeedSelectionPage.java|(3658,98,<74,4>,<74,102>)>,
  <<|java+class:///org/rssowl/ui/internal/dialogs/StartupProgressDialog|,|java+class:///org/eclipse/jface/dialogs/ProgressMonitorDialog|>,|project://rssowl-2.0.5/org.rssowl.ui/src/org/rssowl/ui/internal/dialogs/StartupProgressDialog.java|(3086,12,<57,4>,<57,16>)>,
  <<|java+class:///org/rssowl/ui/internal/dialogs/AssignLabelsDialog|,|java+class:///org/eclipse/jface/dialogs/Dialog|>,|project://rssowl-2.0.5/org.rssowl.ui/src/org/rssowl/ui/internal/dialogs/AssignLabelsDialog.java|(4053,19,<86,4>,<86,23>)>,
  <<|java+class:///org/rssowl/core/internal/persist/Label|,|java+class:///org/rssowl/core/internal/persist/AbstractEntity|>,|project://rssowl-2.0.5/org.rssowl.core/src/org/rssowl/core/internal/persist/Label.java|(2694,10,<52,4>,<52,14>)>,
  <<|java+class:///org/rssowl/core/internal/persist/Person|,|java+class:///org/rssowl/core/internal/persist/AbstractEntity|>,|project://rssowl-2.0.5/org.rssowl.core/src/org/rssowl/core/internal/persist/Person.java|(2502,10,<50,4>,<50,14>)>,
  <<|java+class:///org/rssowl/core/internal/persist/SearchMark|,|java+class:///org/rssowl/core/internal/persist/Mark|>,|project://rssowl-2.0.5/org.rssowl.core/src/org/rssowl/core/internal/persist/SearchMark.java|(3259,24,<66,4>,<66,28>)>,
  <<|java+class:///org/rssowl/ui/internal/actions/NewNewsBinAction/NewNewsBinDialog|,|java+class:///org/eclipse/jface/dialogs/TitleAreaDialog|>,|project://rssowl-2.0.5/org.rssowl.ui/src/org/rssowl/ui/internal/actions/NewNewsBinAction.java|(3934,13,<80,6>,<80,19>)>,
  <<|java+class:///org/rssowl/core/persist/event/SearchEvent|,|java+class:///org/rssowl/core/persist/event/ModelEvent|>,|project://rssowl-2.0.5/org.rssowl.core/src/org/rssowl/core/persist/event/SearchEvent.java|(2583,22,<49,4>,<49,26>)>,
  <<|java+class:///org/rssowl/core/internal/persist/dao/SearchFilterDAOImpl|,|java+class:///org/rssowl/core/internal/persist/dao/AbstractEntityDAO|>,|project://rssowl-2.0.5/org.rssowl.core/src/org/rssowl/core/internal/persist/dao/SearchFilterDAOImpl.java|(2480,32,<40,4>,<40,36>)>,
  <<|java+class:///org/rssowl/ui/internal/dialogs/ActivityDialog|,|java+class:///org/eclipse/jface/dialogs/TitleAreaDialog|>,|project://rssowl-2.0.5/org.rssowl.ui/src/org/rssowl/ui/internal/dialogs/ActivityDialog.java|(4252,19,<89,4>,<89,23>)>,
  <<|java+class:///org/rssowl/ui/internal/notifier/SearchNotificationItem|,|java+class:///org/rssowl/ui/internal/notifier/NotificationItem|>,|project://rssowl-2.0.5/org.rssowl.ui/src/org/rssowl/ui/internal/notifier/SearchNotificationItem.java|(2969,65,<56,4>,<56,69>)>,
  <<|java+class:///org/rssowl/core/internal/persist/search/NewsDocument|,|java+class:///org/rssowl/core/internal/persist/search/SearchDocument|>,|project://rssowl-2.0.5/org.rssowl.core/src/org/rssowl/core/internal/persist/search/NewsDocument.java|(2584,12,<53,4>,<53,16>)>,
  <<|java+class:///org/rssowl/core/internal/persist/MergeResult|,|java+project:///|>,|project://rssowl-2.0.5/org.rssowl.core/src/org/rssowl/core/internal/persist/MergeResult.java|(2595,8,<54,4>,<54,12>)>,
  <<|java+class:///org/rssowl/ui/internal/editors/feed/NewsTableControl/MarkReadTracker|,|java+class:///org/rssowl/ui/internal/util/JobTracker|>,|project://rssowl-2.0.5/org.rssowl.ui/src/org/rssowl/ui/internal/editors/feed/NewsTableControl.java|(7268,55,<146,6>,<146,61>)>,
  <<|java+class:///org/rssowl/core/internal/persist/BookMark|,|java+class:///org/rssowl/core/internal/persist/Mark|>,|project://rssowl-2.0.5/org.rssowl.core/src/org/rssowl/core/internal/persist/BookMark.java|(3572,24,<69,4>,<69,28>)>,
  <<|java+class:///org/rssowl/ui/internal/FolderNewsMark/FolderNewsMarkReference|,|java+class:///org/rssowl/core/persist/reference/ModelReference|>,|project://rssowl-2.0.5/org.rssowl.ui/src/org/rssowl/ui/internal/FolderNewsMark.java|(3798,32,<78,6>,<78,38>)>,
  <<|java+class:///org/rssowl/core/persist/reference/SearchReference|,|java+class:///org/rssowl/core/persist/reference/ModelReference|>,|project://rssowl-2.0.5/org.rssowl.core/src/org/rssowl/core/persist/reference/SearchReference.java|(2500,25,<47,4>,<47,29>)>,
  <<|java+class:///org/rssowl/core/internal/persist/dao/PreferencesDAOImpl|,|java+class:///org/rssowl/core/internal/persist/dao/AbstractEntityDAO|>,|project://rssowl-2.0.5/org.rssowl.core/src/org/rssowl/core/internal/persist/dao/PreferencesDAOImpl.java|(2688,30,<50,4>,<50,34>)>,
  <<|java+class:///org/rssowl/core/internal/persist/dao/CategoryDAOImpl|,|java+class:///org/rssowl/core/internal/persist/dao/AbstractEntityDAO|>,|project://rssowl-2.0.5/org.rssowl.core/src/org/rssowl/core/internal/persist/dao/CategoryDAOImpl.java|(2573,29,<46,4>,<46,33>)>,
  <<|java+class:///org/rssowl/core/connection/CredentialsException|,|java+class:///org/rssowl/core/connection/ConnectionException|>,|project://rssowl-2.0.5/org.rssowl.core/src/org/rssowl/core/connection/CredentialsException.java|(2442,14,<44,4>,<44,18>)>,
  <<|java+class:///org/rssowl/core/internal/persist/dao/FeedDAOImpl|,|java+class:///org/rssowl/core/internal/persist/dao/AbstractEntityDAO|>,|project://rssowl-2.0.5/org.rssowl.core/src/org/rssowl/core/internal/persist/dao/FeedDAOImpl.java|(2697,25,<50,4>,<50,29>)>,
  <<|java+class:///org/rssowl/core/connection/NotModifiedException|,|java+class:///org/rssowl/core/connection/ConnectionException|>,|project://rssowl-2.0.5/org.rssowl.core/src/org/rssowl/core/connection/NotModifiedException.java|(2524,14,<45,4>,<45,18>)>,
  <<|java+class:///org/rssowl/core/interpreter/InterpreterException|,|java+class:///org/eclipse/core/runtime/CoreException|>,|project://rssowl-2.0.5/org.rssowl.core/src/org/rssowl/core/interpreter/InterpreterException.java|(2432,14,<44,4>,<44,18>)>,
  <<|java+class:///org/rssowl/core/persist/event/runnable/NewsBinEventRunnable|,|java+class:///org/rssowl/core/persist/event/runnable/EventRunnable|>,|project://rssowl-2.0.5/org.rssowl.core/src/org/rssowl/core/persist/event/runnable/NewsBinEventRunnable.java|(2249,59,<41,4>,<41,63>)>,
  <<|java+class:///org/rssowl/ui/internal/dialogs/welcome/TutorialPage|,|java+class:///org/eclipse/jface/wizard/WizardPage|>,|project://rssowl-2.0.5/org.rssowl.ui/src/org/rssowl/ui/internal/dialogs/welcome/TutorialPage.java|(3328,50,<68,4>,<68,54>)>,
  <<|java+class:///org/rssowl/core/persist/event/runnable/LabelEventRunnable|,|java+class:///org/rssowl/core/persist/event/runnable/EventRunnable|>,|project://rssowl-2.0.5/org.rssowl.core/src/org/rssowl/core/persist/event/runnable/LabelEventRunnable.java|(2239,55,<40,4>,<40,59>)>,
  <<|java+class:///org/rssowl/ui/internal/filter/NewsActionItem|,|java+class:///org/eclipse/swt/widgets/Composite|>,|project://rssowl-2.0.5/org.rssowl.ui/src/org/rssowl/ui/internal/filter/NewsActionItem.java|(3575,21,<69,4>,<69,25>)>,
  <<|java+class:///org/rssowl/ui/internal/search/SearchConditionItem|,|java+class:///org/eclipse/swt/widgets/Composite|>,|project://rssowl-2.0.5/org.rssowl.ui/src/org/rssowl/ui/internal/search/SearchConditionItem.java|(6316,21,<150,4>,<150,25>)>,
  <<|java+class:///org/rssowl/core/internal/persist/AbstractLongArrayList|,|java+project:///|>,|project://rssowl-2.0.5/org.rssowl.core/src/org/rssowl/core/internal/persist/AbstractLongArrayList.java|(2114,8,<37,4>,<37,12>)>,
  <<|java+class:///org/rssowl/core/persist/event/runnable/SearchConditionEventRunnable|,|java+class:///org/rssowl/core/persist/event/runnable/EventRunnable|>,|project://rssowl-2.0.5/org.rssowl.core/src/org/rssowl/core/persist/event/runnable/SearchConditionEventRunnable.java|(2294,75,<41,4>,<41,79>)>,
  <<|java+class:///org/rssowl/ui/internal/ApplicationActionBarAdvisor|,|java+class:///org/eclipse/ui/application/ActionBarAdvisor|>,|project://rssowl-2.0.5/org.rssowl.ui/src/org/rssowl/ui/internal/ApplicationActionBarAdvisor.java|(8489,18,<178,4>,<178,22>)>,
  <<|java+class:///org/rssowl/core/internal/persist/service/EventsMap/InternalMap|,|java+class:///java/util/HashMap|>,|project://rssowl-2.0.5/org.rssowl.core/src/org/rssowl/core/internal/persist/service/EventsMap.java|(2437,8,<43,6>,<43,14>)>,
  <<|java+class:///org/rssowl/core/persist/event/AttachmentEvent|,|java+class:///org/rssowl/core/persist/event/ModelEvent|>,|project://rssowl-2.0.5/org.rssowl.core/src/org/rssowl/core/persist/event/AttachmentEvent.java|(2560,18,<49,4>,<49,22>)>,
  <<|java+class:///org/rssowl/core/persist/event/AttachmentEvent|,|java+class:///org/rssowl/core/persist/event/ModelEvent|>,|project://rssowl-2.0.5/org.rssowl.core/src/org/rssowl/core/persist/event/AttachmentEvent.java|(2938,26,<61,4>,<61,30>)>,
  <<|java+class:///org/rssowl/core/interpreter/EncodingException|,|java+class:///org/rssowl/core/interpreter/ParserException|>,|project://rssowl-2.0.5/org.rssowl.core/src/org/rssowl/core/interpreter/EncodingException.java|(2442,14,<44,4>,<44,18>)>,
  <<|java+class:///org/rssowl/ui/internal/dialogs/bookmark/KeywordSubscriptionPage|,|java+class:///org/eclipse/jface/wizard/WizardPage|>,|project://rssowl-2.0.5/org.rssowl.ui/src/org/rssowl/ui/internal/dialogs/bookmark/KeywordSubscriptionPage.java|(4434,96,<108,4>,<108,100>)>,
  <<|java+class:///org/rssowl/ui/internal/util/FolderChooser|,|java+class:///org/eclipse/swt/widgets/Composite|>,|project://rssowl-2.0.5/org.rssowl.ui/src/org/rssowl/ui/internal/util/FolderChooser.java|(6149,21,<147,4>,<147,25>)>,
  <<|java+class:///org/rssowl/core/persist/event/runnable/SearchEventRunnable|,|java+class:///org/rssowl/core/persist/event/runnable/EventRunnable|>,|project://rssowl-2.0.5/org.rssowl.core/src/org/rssowl/core/persist/event/runnable/SearchEventRunnable.java|(2250,57,<41,4>,<41,61>)>,
  <<|java+class:///org/rssowl/ui/internal/dialogs/cleanup/CleanUpSummaryPage|,|java+class:///org/eclipse/jface/wizard/WizardPage|>,|project://rssowl-2.0.5/org.rssowl.ui/src/org/rssowl/ui/internal/dialogs/cleanup/CleanUpSummaryPage.java|(7093,98,<171,4>,<171,102>)>,
  <<|java+class:///org/rssowl/core/internal/persist/dao/CachingBookMarkDAO|,|java+class:///org/rssowl/core/internal/persist/dao/CachingDAO|>,|project://rssowl-2.0.5/org.rssowl.core/src/org/rssowl/core/internal/persist/dao/CachingBookMarkDAO.java|(2686,29,<48,4>,<48,33>)>,
  <<|java+class:///org/rssowl/ui/internal/search/LocationControl|,|java+class:///org/eclipse/swt/widgets/Composite|>,|project://rssowl-2.0.5/org.rssowl.ui/src/org/rssowl/ui/internal/search/LocationControl.java|(22810,21,<604,4>,<604,25>)>,
  <<|java+class:///org/rssowl/core/internal/persist/dao/CachingSearchMarkDAO|,|java+class:///org/rssowl/core/internal/persist/dao/CachingDAO|>,|project://rssowl-2.0.5/org.rssowl.core/src/org/rssowl/core/internal/persist/dao/CachingSearchMarkDAO.java|(2693,31,<48,4>,<48,35>)>,
  <<|java+class:///org/rssowl/ui/internal/dialogs/bookmark/FeedDefinitionPage|,|java+class:///org/eclipse/jface/wizard/WizardPage|>,|project://rssowl-2.0.5/org.rssowl.ui/src/org/rssowl/ui/internal/dialogs/bookmark/FeedDefinitionPage.java|(4440,96,<92,4>,<92,100>)>,
  <<|java+class:///org/rssowl/core/internal/persist/dao/LabelDAOImpl|,|java+class:///org/rssowl/core/internal/persist/dao/AbstractEntityDAO|>,|project://rssowl-2.0.5/org.rssowl.core/src/org/rssowl/core/internal/persist/dao/LabelDAOImpl.java|(2632,26,<49,4>,<49,30>)>,
  <<|java+class:///org/rssowl/core/internal/persist/LongArrayList|,|java+project:///|>,|project://rssowl-2.0.5/org.rssowl.core/src/org/rssowl/core/internal/persist/LongArrayList.java|(2115,8,<39,4>,<39,12>)>,
  <<|java+class:///org/rssowl/ui/internal/dialogs/SearchMarkDialog|,|java+class:///org/eclipse/jface/dialogs/TitleAreaDialog|>,|project://rssowl-2.0.5/org.rssowl.ui/src/org/rssowl/ui/internal/dialogs/SearchMarkDialog.java|(6236,13,<141,4>,<141,17>)>,
  <<|java+class:///org/rssowl/core/internal/persist/dao/NewsBinDaoImpl|,|java+class:///org/rssowl/core/internal/persist/dao/AbstractEntityDAO|>,|project://rssowl-2.0.5/org.rssowl.core/src/org/rssowl/core/internal/persist/dao/NewsBinDaoImpl.java|(2464,27,<42,4>,<42,31>)>,
  <<|java+class:///org/rssowl/ui/internal/dialogs/cleanup/DefragDatabaseTask|,|java+class:///org/rssowl/ui/internal/dialogs/cleanup/CleanUpTask|>,|project://rssowl-2.0.5/org.rssowl.ui/src/org/rssowl/ui/internal/dialogs/cleanup/DefragDatabaseTask.java|(2212,13,<38,4>,<38,17>)>,
  <<|java+class:///org/rssowl/core/internal/persist/dao/SearchConditionDAOImpl|,|java+class:///org/rssowl/core/internal/persist/dao/AbstractEntityDAO|>,|project://rssowl-2.0.5/org.rssowl.core/src/org/rssowl/core/internal/persist/dao/SearchConditionDAOImpl.java|(2567,35,<42,4>,<42,39>)>,
  <<|java+class:///org/rssowl/ui/internal/dialogs/ManageSetsDialog|,|java+class:///org/eclipse/jface/dialogs/TitleAreaDialog|>,|project://rssowl-2.0.5/org.rssowl.ui/src/org/rssowl/ui/internal/dialogs/ManageSetsDialog.java|(5337,19,<112,4>,<112,23>)>,
  <<|java+class:///org/rssowl/core/persist/reference/AttachmentReference|,|java+class:///org/rssowl/core/persist/reference/ModelReference|>,|project://rssowl-2.0.5/org.rssowl.core/src/org/rssowl/core/persist/reference/AttachmentReference.java|(2563,29,<47,4>,<47,33>)>,
  <<|java+class:///org/rssowl/ui/internal/services/FeedReloadService/ReloadJob|,|java+class:///org/eclipse/core/runtime/jobs/Job|>,|project://rssowl-2.0.5/org.rssowl.ui/src/org/rssowl/ui/internal/services/FeedReloadService.java|(4695,12,<98,6>,<98,18>)>,
  <<|java+class:///org/rssowl/ui/internal/dialogs/NewsBinWizard/NewNewsBinWizardPage|,|java+class:///org/eclipse/jface/wizard/WizardPage|>,|project://rssowl-2.0.5/org.rssowl.ui/src/org/rssowl/ui/internal/dialogs/NewsBinWizard.java|(3501,98,<72,6>,<72,104>)>,
  <<|java+class:///org/rssowl/ui/internal/dialogs/AggregateNewsDialog|,|java+class:///org/eclipse/jface/dialogs/TitleAreaDialog|>,|project://rssowl-2.0.5/org.rssowl.ui/src/org/rssowl/ui/internal/dialogs/AggregateNewsDialog.java|(3195,19,<64,4>,<64,23>)>,
  <<|java+class:///org/rssowl/core/internal/persist/Description|,|java+class:///org/rssowl/core/internal/persist/Persistable|>,|project://rssowl-2.0.5/org.rssowl.core/src/org/rssowl/core/internal/persist/Description.java|(2192,8,<38,4>,<38,12>)>,
  <<|java+class:///org/rssowl/core/internal/persist/dao/EntitiesToBeIndexedDAOImpl|,|java+class:///org/rssowl/core/internal/persist/dao/AbstractPersistableDAO|>,|project://rssowl-2.0.5/org.rssowl.core/src/org/rssowl/core/internal/persist/dao/EntitiesToBeIndexedDAOImpl.java|(2335,40,<38,4>,<38,44>)>,
  <<|java+class:///org/rssowl/core/persist/event/SearchFilterEvent|,|java+class:///org/rssowl/core/persist/event/ModelEvent|>,|project://rssowl-2.0.5/org.rssowl.core/src/org/rssowl/core/persist/event/SearchFilterEvent.java|(2701,28,<51,4>,<51,32>)>,
  <<|java+class:///org/rssowl/ui/internal/views/explorer/BookMarkViewer|,|java+class:///org/eclipse/jface/viewers/TreeViewer|>,|project://rssowl-2.0.5/org.rssowl.ui/src/org/rssowl/ui/internal/views/explorer/BookMarkViewer.java|(3257,21,<64,4>,<64,25>)>,
  <<|java+class:///org/rssowl/ui/internal/dialogs/CustomizeToolbarDialog|,|java+class:///org/eclipse/jface/dialogs/Dialog|>,|project://rssowl-2.0.5/org.rssowl.ui/src/org/rssowl/ui/internal/dialogs/CustomizeToolbarDialog.java|(6472,19,<146,4>,<146,23>)>,
  <<|java+class:///org/rssowl/ui/internal/actions/LabelAction|,|java+class:///org/eclipse/jface/action/Action|>,|project://rssowl-2.0.5/org.rssowl.ui/src/org/rssowl/ui/internal/actions/LabelAction.java|(2722,71,<54,4>,<54,75>)>,
  <<|java+class:///org/rssowl/ui/internal/dialogs/properties/EntityPropertyDialog|,|java+class:///org/eclipse/jface/dialogs/Dialog|>,|project://rssowl-2.0.5/org.rssowl.ui/src/org/rssowl/ui/internal/dialogs/properties/EntityPropertyDialog.java|(4306,19,<89,4>,<89,23>)>,
  <<|java+class:///org/rssowl/core/internal/persist/Category|,|java+class:///org/rssowl/core/internal/persist/AbstractEntity|>,|project://rssowl-2.0.5/org.rssowl.core/src/org/rssowl/core/internal/persist/Category.java|(2420,12,<45,4>,<45,16>)>,
  <<|java+class:///org/rssowl/core/internal/persist/Category|,|java+class:///org/rssowl/core/internal/persist/AbstractEntity|>,|project://rssowl-2.0.5/org.rssowl.core/src/org/rssowl/core/internal/persist/Category.java|(2587,10,<54,4>,<54,14>)>,
  <<|java+class:///org/rssowl/core/internal/persist/Feed|,|java+class:///org/rssowl/core/internal/persist/AbstractEntity|>,|project://rssowl-2.0.5/org.rssowl.core/src/org/rssowl/core/internal/persist/Feed.java|(4499,10,<115,4>,<115,14>)>,
  <<|java+class:///org/rssowl/ui/internal/dialogs/SearchMarkWizard/NewSearchMarkWizardPage|,|java+class:///org/eclipse/jface/wizard/WizardPage|>,|project://rssowl-2.0.5/org.rssowl.ui/src/org/rssowl/ui/internal/dialogs/SearchMarkWizard.java|(4721,93,<98,6>,<98,99>)>,
  <<|java+class:///org/rssowl/core/internal/persist/SortedLongArrayList|,|java+class:///org/rssowl/core/internal/persist/LongArrayList|>,|project://rssowl-2.0.5/org.rssowl.core/src/org/rssowl/core/internal/persist/SortedLongArrayList.java|(2176,23,<41,4>,<41,27>)>,
  <<|java+class:///org/rssowl/core/internal/persist/SortedLongArrayList|,|java+class:///org/rssowl/core/internal/persist/LongArrayList|>,|project://rssowl-2.0.5/org.rssowl.core/src/org/rssowl/core/internal/persist/SortedLongArrayList.java|(2105,8,<37,4>,<37,12>)>,
  <<|java+class:///org/rssowl/ui/internal/dialogs/LabelDialog|,|java+class:///org/eclipse/jface/dialogs/Dialog|>,|project://rssowl-2.0.5/org.rssowl.ui/src/org/rssowl/ui/internal/dialogs/LabelDialog.java|(4193,19,<98,4>,<98,23>)>,
  <<|java+class:///org/rssowl/core/persist/reference/SearchFilterReference|,|java+class:///org/rssowl/core/persist/reference/ModelReference|>,|project://rssowl-2.0.5/org.rssowl.core/src/org/rssowl/core/persist/reference/SearchFilterReference.java|(2571,31,<47,4>,<47,35>)>,
  <<|java+class:///org/rssowl/ui/internal/editors/feed/NewsTableViewer|,|java+class:///org/eclipse/jface/viewers/TreeViewer|>,|project://rssowl-2.0.5/org.rssowl.ui/src/org/rssowl/ui/internal/editors/feed/NewsTableViewer.java|(2786,12,<55,4>,<55,16>)>,
  <<|java+class:///org/rssowl/core/persist/event/runnable/AttachmentEventRunnable|,|java+class:///org/rssowl/core/persist/event/runnable/EventRunnable|>,|project://rssowl-2.0.5/org.rssowl.core/src/org/rssowl/core/persist/event/runnable/AttachmentEventRunnable.java|(2261,65,<40,4>,<40,69>)>,
  <<|java+class:///org/rssowl/core/persist/event/FeedEvent|,|java+class:///org/rssowl/core/persist/event/ModelEvent|>,|project://rssowl-2.0.5/org.rssowl.core/src/org/rssowl/core/persist/event/FeedEvent.java|(2611,20,<49,4>,<49,24>)>,
  <<|java+class:///org/rssowl/core/persist/event/CategoryEvent|,|java+class:///org/rssowl/core/persist/event/ModelEvent|>,|project://rssowl-2.0.5/org.rssowl.core/src/org/rssowl/core/persist/event/CategoryEvent.java|(2540,16,<49,4>,<49,20>)>,
  <<|java+class:///org/rssowl/core/persist/event/CategoryEvent|,|java+class:///org/rssowl/core/persist/event/ModelEvent|>,|project://rssowl-2.0.5/org.rssowl.core/src/org/rssowl/core/persist/event/CategoryEvent.java|(2939,24,<62,4>,<62,28>)>,
  <<|java+class:///org/rssowl/core/persist/service/InsufficientFilePermissionException|,|java+class:///org/rssowl/core/persist/service/PersistenceException|>,|project://rssowl-2.0.5/org.rssowl.core/src/org/rssowl/core/persist/service/InsufficientFilePermissionException.java|(2446,22,<40,4>,<40,26>)>,
  <<|java+class:///org/rssowl/core/internal/persist/dao/BookMarkDAOImpl|,|java+class:///org/rssowl/core/internal/persist/dao/AbstractEntityDAO|>,|project://rssowl-2.0.5/org.rssowl.core/src/org/rssowl/core/internal/persist/dao/BookMarkDAOImpl.java|(2756,29,<50,4>,<50,33>)>,
  <<|java+class:///org/rssowl/ui/internal/editors/feed/NewsTableControl/FeedColumnToolTipSupport|,|java+class:///org/eclipse/jface/viewers/ColumnViewerToolTipSupport|>,|project://rssowl-2.0.5/org.rssowl.ui/src/org/rssowl/ui/internal/editors/feed/NewsTableControl.java|(7895,28,<165,6>,<165,34>)>,
  <<|java+class:///org/rssowl/ui/internal/actions/NewFolderAction/NewFolderDialog|,|java+class:///org/eclipse/jface/dialogs/TitleAreaDialog|>,|project://rssowl-2.0.5/org.rssowl.ui/src/org/rssowl/ui/internal/actions/NewFolderAction.java|(3882,13,<79,6>,<79,19>)>,
  <<|java+class:///org/rssowl/core/internal/persist/SearchFilter|,|java+class:///org/rssowl/core/internal/persist/AbstractEntity|>,|project://rssowl-2.0.5/org.rssowl.core/src/org/rssowl/core/internal/persist/SearchFilter.java|(2815,10,<57,4>,<57,14>)>,
  <<|java+class:///org/rssowl/core/connection/HttpConnectionInputStream|,|java+class:///java/io/FilterInputStream|>,|project://rssowl-2.0.5/org.rssowl.core/src/org/rssowl/core/connection/HttpConnectionInputStream.java|(4136,11,<79,4>,<79,15>)>,
  <<|java+class:///org/rssowl/core/internal/persist/dao/CachingLabelDAO|,|java+class:///org/rssowl/core/internal/persist/dao/CachingDAO|>,|project://rssowl-2.0.5/org.rssowl.core/src/org/rssowl/core/internal/persist/dao/CachingLabelDAO.java|(2336,26,<40,4>,<40,30>)>,
  <<|java+class:///org/rssowl/ui/internal/views/explorer/BookMarkSearchbar|,|java+class:///org/eclipse/swt/widgets/Composite|>,|project://rssowl-2.0.5/org.rssowl.ui/src/org/rssowl/ui/internal/views/explorer/BookMarkSearchbar.java|(5356,24,<109,4>,<109,28>)>,
  <<|java+class:///org/rssowl/core/connection/MonitorCanceledException|,|java+class:///java/io/IOException|>,|project://rssowl-2.0.5/org.rssowl.core/src/org/rssowl/core/connection/MonitorCanceledException.java|(2472,9,<46,4>,<46,13>)>,
  <<|java+class:///org/rssowl/ui/internal/dialogs/CleanUpReminderDialog|,|java+class:///org/eclipse/jface/dialogs/TitleAreaDialog|>,|project://rssowl-2.0.5/org.rssowl.ui/src/org/rssowl/ui/internal/dialogs/CleanUpReminderDialog.java|(3360,19,<66,4>,<66,23>)>,
  <<|java+class:///org/rssowl/core/internal/persist/dao/PersonDAOImpl|,|java+class:///org/rssowl/core/internal/persist/dao/AbstractEntityDAO|>,|project://rssowl-2.0.5/org.rssowl.core/src/org/rssowl/core/internal/persist/dao/PersonDAOImpl.java|(2640,27,<49,4>,<49,31>)>,
  <<|java+class:///org/rssowl/core/internal/persist/dao/SearchMarkDAOImpl|,|java+class:///org/rssowl/core/internal/persist/dao/AbstractEntityDAO|>,|project://rssowl-2.0.5/org.rssowl.core/src/org/rssowl/core/internal/persist/dao/SearchMarkDAOImpl.java|(2786,30,<51,4>,<51,34>)>,
  <<|java+class:///org/rssowl/ui/internal/notifier/NewsNotificationItem|,|java+class:///org/rssowl/ui/internal/notifier/NotificationItem|>,|project://rssowl-2.0.5/org.rssowl.ui/src/org/rssowl/ui/internal/notifier/NewsNotificationItem.java|(3771,39,<82,4>,<82,43>)>,
  <<|java+class:///org/rssowl/core/internal/persist/dao/CachingNewsBinDAO|,|java+class:///org/rssowl/core/internal/persist/dao/CachingDAO|>,|project://rssowl-2.0.5/org.rssowl.core/src/org/rssowl/core/internal/persist/dao/CachingNewsBinDAO.java|(2614,28,<47,4>,<47,32>)>,
  <<|java+class:///org/rssowl/ui/internal/util/CCLabel|,|java+class:///org/eclipse/swt/widgets/Canvas|>,|project://rssowl-2.0.5/org.rssowl.ui/src/org/rssowl/ui/internal/util/CCLabel.java|(6083,33,<148,4>,<148,37>)>,
  <<|java+class:///org/rssowl/core/persist/service/DiskFullException|,|java+class:///org/rssowl/core/persist/service/PersistenceException|>,|project://rssowl-2.0.5/org.rssowl.core/src/org/rssowl/core/persist/service/DiskFullException.java|(2507,22,<41,4>,<41,26>)>,
  <<|java+class:///org/rssowl/core/persist/reference/FeedReference|,|java+class:///org/rssowl/core/persist/reference/ModelReference|>,|project://rssowl-2.0.5/org.rssowl.core/src/org/rssowl/core/persist/reference/FeedReference.java|(2539,23,<47,4>,<47,27>)>,
  <<|java+class:///org/rssowl/core/persist/reference/CategoryReference|,|java+class:///org/rssowl/core/persist/reference/ModelReference|>,|project://rssowl-2.0.5/org.rssowl.core/src/org/rssowl/core/persist/reference/CategoryReference.java|(2555,27,<47,4>,<47,31>)>,
  <<|java+class:///org/rssowl/ui/internal/dialogs/SearchNewsDialog|,|java+class:///org/eclipse/jface/dialogs/TitleAreaDialog|>,|project://rssowl-2.0.5/org.rssowl.ui/src/org/rssowl/ui/internal/dialogs/SearchNewsDialog.java|(23294,19,<609,4>,<609,23>)>,
  <<|java+class:///org/rssowl/ui/internal/dialogs/AddCredentialsDialog|,|java+class:///org/eclipse/jface/dialogs/Dialog|>,|project://rssowl-2.0.5/org.rssowl.ui/src/org/rssowl/ui/internal/dialogs/AddCredentialsDialog.java|(3745,19,<79,4>,<79,23>)>,
  <<|java+class:///org/rssowl/ui/internal/dialogs/cleanup/NewsTask|,|java+class:///org/rssowl/ui/internal/dialogs/cleanup/CleanUpTask|>,|project://rssowl-2.0.5/org.rssowl.ui/src/org/rssowl/ui/internal/dialogs/cleanup/NewsTask.java|(2627,13,<49,4>,<49,17>)>,
  <<|java+class:///org/rssowl/core/internal/persist/dao/NewsDAOImpl|,|java+class:///org/rssowl/core/internal/persist/dao/AbstractEntityDAO|>,|project://rssowl-2.0.5/org.rssowl.core/src/org/rssowl/core/internal/persist/dao/NewsDAOImpl.java|(3625,25,<73,4>,<73,29>)>,
  <<|java+class:///org/rssowl/core/internal/persist/service/Counter|,|java+project:///|>,|project://rssowl-2.0.5/org.rssowl.core/src/org/rssowl/core/internal/persist/service/Counter.java|(2019,8,<33,4>,<33,12>)>,
  <<|java+class:///org/rssowl/ui/internal/dialogs/welcome/WelcomeWizard|,|java+class:///org/rssowl/ui/internal/dialogs/importer/ImportWizard|>,|project://rssowl-2.0.5/org.rssowl.ui/src/org/rssowl/ui/internal/dialogs/welcome/WelcomeWizard.java|(2529,12,<44,4>,<44,16>)>,
  <<|java+class:///org/rssowl/core/persist/event/runnable/SearchFilterEventRunnable|,|java+class:///org/rssowl/core/persist/event/runnable/EventRunnable|>,|project://rssowl-2.0.5/org.rssowl.core/src/org/rssowl/core/persist/event/runnable/SearchFilterEventRunnable.java|(2274,69,<41,4>,<41,73>)>,
  <<|java+class:///org/rssowl/core/internal/persist/dao/CachingFolderDAO|,|java+class:///org/rssowl/core/internal/persist/dao/CachingDAO|>,|project://rssowl-2.0.5/org.rssowl.core/src/org/rssowl/core/internal/persist/dao/CachingFolderDAO.java|(2931,27,<55,4>,<55,31>)>,
  <<|java+class:///org/rssowl/ui/internal/dialogs/CustomWizardDialog|,|java+class:///org/eclipse/jface/wizard/WizardDialog|>,|project://rssowl-2.0.5/org.rssowl.ui/src/org/rssowl/ui/internal/dialogs/CustomWizardDialog.java|(2524,27,<45,4>,<45,31>)>,
  <<|java+class:///org/rssowl/core/internal/persist/service/EntityIdsByEventType|,|java+class:///org/rssowl/core/internal/persist/Persistable|>,|project://rssowl-2.0.5/org.rssowl.core/src/org/rssowl/core/internal/persist/service/EntityIdsByEventType.java|(2684,8,<50,4>,<50,12>)>,
  <<|java+class:///org/rssowl/core/persist/event/PreferenceEvent|,|java+class:///org/rssowl/core/persist/event/ModelEvent|>,|project://rssowl-2.0.5/org.rssowl.core/src/org/rssowl/core/persist/event/PreferenceEvent.java|(2421,18,<43,4>,<43,22>)>,
  <<|java+class:///org/rssowl/core/persist/reference/NewsBinReference|,|java+class:///org/rssowl/core/persist/reference/MarkReference|>,|project://rssowl-2.0.5/org.rssowl.core/src/org/rssowl/core/persist/reference/NewsBinReference.java|(2498,26,<47,4>,<47,30>)>,
  <<|java+class:///org/rssowl/ui/internal/dialogs/MasterPasswordDialog|,|java+class:///org/eclipse/jface/dialogs/TitleAreaDialog|>,|project://rssowl-2.0.5/org.rssowl.ui/src/org/rssowl/ui/internal/dialogs/MasterPasswordDialog.java|(3725,19,<71,4>,<71,23>)>,
  <<|java+class:///org/rssowl/ui/internal/dialogs/WebsiteListDialog|,|java+class:///org/eclipse/jface/dialogs/Dialog|>,|project://rssowl-2.0.5/org.rssowl.ui/src/org/rssowl/ui/internal/dialogs/WebsiteListDialog.java|(3933,19,<79,4>,<79,23>)>,
  <<|java+class:///org/rssowl/core/internal/persist/Attachment|,|java+class:///org/rssowl/core/internal/persist/AbstractEntity|>,|project://rssowl-2.0.5/org.rssowl.core/src/org/rssowl/core/internal/persist/Attachment.java|(2807,12,<62,4>,<62,16>)>,
  <<|java+class:///org/rssowl/core/internal/persist/Attachment|,|java+class:///org/rssowl/core/internal/persist/AbstractEntity|>,|project://rssowl-2.0.5/org.rssowl.core/src/org/rssowl/core/internal/persist/Attachment.java|(3254,10,<77,4>,<77,14>)>,
  <<|java+class:///org/rssowl/core/tests/model/CachingDAOTest/NullOperationMonitor|,|java+class:///org/rssowl/core/util/LongOperationMonitor|>,|project://rssowl-2.0.5/org.rssowl.core.tests/src/org/rssowl/core/tests/model/CachingDAOTest.java|(3946,33,<82,6>,<82,39>)>,
  <<|java+class:///org/rssowl/core/persist/event/LabelEvent|,|java+class:///org/rssowl/core/persist/event/ModelEvent|>,|project://rssowl-2.0.5/org.rssowl.core/src/org/rssowl/core/persist/event/LabelEvent.java|(2801,28,<54,4>,<54,32>)>,
  <<|java+class:///org/rssowl/core/persist/event/NewsBinEvent|,|java+class:///org/rssowl/core/persist/event/MarkEvent|>,|project://rssowl-2.0.5/org.rssowl.core/src/org/rssowl/core/persist/event/NewsBinEvent.java|(2761,34,<52,4>,<52,38>)>,
  <<|java+class:///org/rssowl/core/persist/reference/LabelReference|,|java+class:///org/rssowl/core/persist/reference/ModelReference|>,|project://rssowl-2.0.5/org.rssowl.core/src/org/rssowl/core/persist/reference/LabelReference.java|(2543,24,<47,4>,<47,28>)>,
  <<|java+class:///org/rssowl/core/persist/event/runnable/CategoryEventRunnable|,|java+class:///org/rssowl/core/persist/event/runnable/EventRunnable|>,|project://rssowl-2.0.5/org.rssowl.core/src/org/rssowl/core/persist/event/runnable/CategoryEventRunnable.java|(2246,61,<40,4>,<40,65>)>,
  <<|java+class:///org/rssowl/ui/internal/dialogs/cleanup/BookMarkTask|,|java+class:///org/rssowl/ui/internal/dialogs/cleanup/CleanUpTask|>,|project://rssowl-2.0.5/org.rssowl.ui/src/org/rssowl/ui/internal/dialogs/cleanup/BookMarkTask.java|(2440,13,<44,4>,<44,17>)>,
  <<|java+class:///org/rssowl/core/persist/event/SearchConditionEvent|,|java+class:///org/rssowl/core/persist/event/ModelEvent|>,|project://rssowl-2.0.5/org.rssowl.core/src/org/rssowl/core/persist/event/SearchConditionEvent.java|(2731,31,<51,4>,<51,35>)>,
  <<|java+class:///org/rssowl/core/persist/reference/SearchConditionReference|,|java+class:///org/rssowl/core/persist/reference/ModelReference|>,|project://rssowl-2.0.5/org.rssowl.core/src/org/rssowl/core/persist/reference/SearchConditionReference.java|(2577,34,<47,4>,<47,38>)>,
  <<|java+class:///org/rssowl/core/persist/event/runnable/FeedEventRunnable|,|java+class:///org/rssowl/core/persist/event/runnable/EventRunnable|>,|project://rssowl-2.0.5/org.rssowl.core/src/org/rssowl/core/persist/event/runnable/FeedEventRunnable.java|(2226,53,<40,4>,<40,57>)>,
  <<|java+class:///org/rssowl/ui/internal/CoolBarAdvisor/CoolBarActionContributionitem|,|java+class:///org/eclipse/jface/action/ActionContributionItem|>,|project://rssowl-2.0.5/org.rssowl.ui/src/org/rssowl/ui/internal/CoolBarAdvisor.java|(7179,14,<142,6>,<142,20>)>,
  <<|java+class:///org/rssowl/ui/internal/filter/NewsActionList|,|java+class:///org/eclipse/swt/custom/ScrolledComposite|>,|project://rssowl-2.0.5/org.rssowl.ui/src/org/rssowl/ui/internal/filter/NewsActionList.java|(4026,36,<82,4>,<82,40>)>,
  <<|java+class:///org/rssowl/ui/internal/search/SearchConditionList|,|java+class:///org/eclipse/swt/custom/ScrolledComposite|>,|project://rssowl-2.0.5/org.rssowl.ui/src/org/rssowl/ui/internal/search/SearchConditionList.java|(4737,36,<98,4>,<98,40>)>,
  <<|java+class:///org/rssowl/ui/internal/dialogs/importer/ImportTargetPage|,|java+class:///org/eclipse/jface/wizard/WizardPage|>,|project://rssowl-2.0.5/org.rssowl.ui/src/org/rssowl/ui/internal/dialogs/importer/ImportTargetPage.java|(3490,159,<70,4>,<70,163>)>,
  <<|java+class:///org/rssowl/ui/internal/notifier/NotificationPopup/FadeJob|,|java+class:///org/eclipse/ui/progress/UIJob|>,|project://rssowl-2.0.5/org.rssowl.ui/src/org/rssowl/ui/internal/notifier/NotificationPopup.java|(6936,24,<159,6>,<159,30>)>,
  <<|java+class:///org/rssowl/core/internal/persist/dao/ConditionalGetDAOImpl|,|java+class:///org/rssowl/core/internal/persist/dao/AbstractPersistableDAO|>,|project://rssowl-2.0.5/org.rssowl.core/src/org/rssowl/core/internal/persist/dao/ConditionalGetDAOImpl.java|(2584,34,<47,4>,<47,38>)>,
  <<|java+class:///org/rssowl/ui/internal/undo/MoveOperation|,|java+class:///org/rssowl/ui/internal/undo/CopyOperation|>,|project://rssowl-2.0.5/org.rssowl.ui/src/org/rssowl/ui/internal/undo/MoveOperation.java|(2817,18,<57,4>,<57,22>)>,
  <<|java+class:///org/rssowl/core/internal/persist/service/DBHelper|,|java+project:///|>,|project://rssowl-2.0.5/org.rssowl.core/src/org/rssowl/core/internal/persist/service/DBHelper.java|(4610,8,<99,4>,<99,12>)>,
  <<|java+class:///org/rssowl/ui/internal/search/StateConditionControl|,|java+class:///org/eclipse/swt/widgets/Composite|>,|project://rssowl-2.0.5/org.rssowl.ui/src/org/rssowl/ui/internal/search/StateConditionControl.java|(3361,21,<69,4>,<69,25>)>,
  <<|java+class:///org/rssowl/core/internal/persist/dao/NewsCounterDAOImpl|,|java+class:///org/rssowl/core/internal/persist/dao/AbstractPersistableDAO|>,|project://rssowl-2.0.5/org.rssowl.core/src/org/rssowl/core/internal/persist/dao/NewsCounterDAOImpl.java|(2753,31,<52,4>,<52,35>)>,
  <<|java+class:///org/rssowl/core/util/HTMLFilterReader|,|java+class:///java/io/Reader|>,|project://rssowl-2.0.5/org.rssowl.core/src/org/rssowl/core/util/HTMLFilterReader.java|(10408,8,<124,4>,<124,12>)>,
  <<|java+class:///org/rssowl/core/persist/event/BookMarkEvent|,|java+class:///org/rssowl/core/persist/event/MarkEvent|>,|project://rssowl-2.0.5/org.rssowl.core/src/org/rssowl/core/persist/event/BookMarkEvent.java|(2874,31,<52,4>,<52,35>)>,
  <<|java+class:///org/rssowl/core/persist/event/runnable/PreferenceEventRunnable|,|java+class:///org/rssowl/core/persist/event/runnable/EventRunnable|>,|project://rssowl-2.0.5/org.rssowl.core/src/org/rssowl/core/persist/event/runnable/PreferenceEventRunnable.java|(2225,66,<40,4>,<40,70>)>,
  <<|java+class:///org/rssowl/core/internal/persist/dao/FolderDAOImpl|,|java+class:///org/rssowl/core/internal/persist/dao/AbstractEntityDAO|>,|project://rssowl-2.0.5/org.rssowl.core/src/org/rssowl/core/internal/persist/dao/FolderDAOImpl.java|(3251,27,<63,4>,<63,31>)>,
  <<|java+class:///org/rssowl/ui/internal/ApplicationWorkbenchWindowAdvisor|,|java+class:///org/eclipse/ui/application/WorkbenchWindowAdvisor|>,|project://rssowl-2.0.5/org.rssowl.ui/src/org/rssowl/ui/internal/ApplicationWorkbenchWindowAdvisor.java|(5978,18,<129,4>,<129,22>)>,
  <<|java+class:///org/rssowl/core/internal/persist/dao/CachingSearchDAO|,|java+class:///org/rssowl/core/internal/persist/dao/CachingDAO|>,|project://rssowl-2.0.5/org.rssowl.core/src/org/rssowl/core/internal/persist/dao/CachingSearchDAO.java|(2307,27,<40,4>,<40,31>)>,
  <<|java+class:///org/rssowl/ui/internal/util/UIBackgroundJob|,|java+class:///org/eclipse/core/runtime/jobs/Job|>,|project://rssowl-2.0.5/org.rssowl.ui/src/org/rssowl/ui/internal/util/UIBackgroundJob.java|(3578,12,<70,4>,<70,16>)>,
  <<|java+class:///org/rssowl/core/internal/persist/Search|,|java+class:///org/rssowl/core/internal/persist/AbstractEntity|>,|project://rssowl-2.0.5/org.rssowl.core/src/org/rssowl/core/internal/persist/Search.java|(2461,8,<48,4>,<48,12>)>,
  <<|java+class:///org/rssowl/core/internal/persist/Search|,|java+class:///org/rssowl/core/internal/persist/AbstractEntity|>,|project://rssowl-2.0.5/org.rssowl.core/src/org/rssowl/core/internal/persist/Search.java|(2312,10,<40,4>,<40,14>)>,
  <<|java+class:///org/rssowl/core/persist/event/PersonEvent|,|java+class:///org/rssowl/core/persist/event/ModelEvent|>,|project://rssowl-2.0.5/org.rssowl.core/src/org/rssowl/core/persist/event/PersonEvent.java|(2889,22,<59,4>,<59,26>)>,
  <<|java+class:///org/rssowl/core/persist/event/PersonEvent|,|java+class:///org/rssowl/core/persist/event/ModelEvent|>,|project://rssowl-2.0.5/org.rssowl.core/src/org/rssowl/core/persist/event/PersonEvent.java|(2510,14,<47,4>,<47,18>)>,
  <<|java+class:///org/rssowl/ui/internal/FolderNewsMark|,|java+class:///org/rssowl/core/internal/persist/Mark|>,|project://rssowl-2.0.5/org.rssowl.ui/src/org/rssowl/ui/internal/FolderNewsMark.java|(4061,60,<91,4>,<91,64>)>,
  <<|java+class:///org/rssowl/core/persist/event/SearchMarkEvent|,|java+class:///org/rssowl/core/persist/event/MarkEvent|>,|project://rssowl-2.0.5/org.rssowl.core/src/org/rssowl/core/persist/event/SearchMarkEvent.java|(3690,31,<71,4>,<71,35>)>,
  <<|java+class:///org/rssowl/core/internal/connection/EasyX509TrustManager|,|java+project:///|>,|project://rssowl-2.0.5/org.rssowl.core/src/org/rssowl/core/internal/connection/EasyX509TrustManager.java|(2929,8,<54,4>,<54,12>)>,
  <<|java+class:///org/rssowl/ui/internal/dialogs/exporter/ExportOptionsPage|,|java+class:///org/eclipse/jface/wizard/WizardPage|>,|project://rssowl-2.0.5/org.rssowl.ui/src/org/rssowl/ui/internal/dialogs/exporter/ExportOptionsPage.java|(3249,97,<67,4>,<67,101>)>,
  <<|java+class:///org/rssowl/ui/internal/search/LocationControl/FolderChildChooserDialog|,|java+class:///org/eclipse/jface/dialogs/Dialog|>,|project://rssowl-2.0.5/org.rssowl.ui/src/org/rssowl/ui/internal/search/LocationControl.java|(5702,19,<122,6>,<122,25>)>,
  <<|java+class:///org/rssowl/core/persist/reference/BookMarkReference|,|java+class:///org/rssowl/core/persist/reference/MarkReference|>,|project://rssowl-2.0.5/org.rssowl.core/src/org/rssowl/core/persist/reference/BookMarkReference.java|(2554,27,<47,4>,<47,31>)>,
  <<|java+class:///org/rssowl/ui/internal/dialogs/importer/ImportOptionsPage|,|java+class:///org/eclipse/jface/wizard/WizardPage|>,|project://rssowl-2.0.5/org.rssowl.ui/src/org/rssowl/ui/internal/dialogs/importer/ImportOptionsPage.java|(3085,98,<60,4>,<60,102>)>,
  <<|java+class:///org/rssowl/core/persist/event/NewsEvent|,|java+class:///org/rssowl/core/persist/event/ModelEvent|>,|project://rssowl-2.0.5/org.rssowl.core/src/org/rssowl/core/persist/event/NewsEvent.java|(2967,27,<62,4>,<62,31>)>,
  <<|java+class:///org/rssowl/core/persist/event/NewsEvent|,|java+class:///org/rssowl/core/persist/event/ModelEvent|>,|project://rssowl-2.0.5/org.rssowl.core/src/org/rssowl/core/persist/event/NewsEvent.java|(2523,12,<48,4>,<48,16>)>,
  <<|java+class:///org/rssowl/core/persist/reference/PersonReference|,|java+class:///org/rssowl/core/persist/reference/ModelReference|>,|project://rssowl-2.0.5/org.rssowl.core/src/org/rssowl/core/persist/reference/PersonReference.java|(2547,25,<47,4>,<47,29>)>,
  <<|java+class:///org/rssowl/ui/internal/dialogs/ConfirmDialog|,|java+class:///org/eclipse/jface/dialogs/TitleAreaDialog|>,|project://rssowl-2.0.5/org.rssowl.ui/src/org/rssowl/ui/internal/dialogs/ConfirmDialog.java|(4359,19,<90,4>,<90,23>)>,
  <<|java+class:///org/rssowl/ui/internal/dialogs/exporter/ExportElementsPage|,|java+class:///org/eclipse/jface/wizard/WizardPage|>,|project://rssowl-2.0.5/org.rssowl.ui/src/org/rssowl/ui/internal/dialogs/exporter/ExportElementsPage.java|(2946,97,<59,4>,<59,101>)>,
  <<|java+class:///org/rssowl/ui/internal/dialogs/importer/ImportElementsPage|,|java+class:///org/eclipse/jface/wizard/WizardPage|>,|project://rssowl-2.0.5/org.rssowl.ui/src/org/rssowl/ui/internal/dialogs/importer/ImportElementsPage.java|(10083,102,<240,4>,<240,106>)>,
  <<|java+class:///org/rssowl/core/persist/reference/SearchMarkReference|,|java+class:///org/rssowl/core/persist/reference/MarkReference|>,|project://rssowl-2.0.5/org.rssowl.core/src/org/rssowl/core/persist/reference/SearchMarkReference.java|(2561,29,<47,4>,<47,33>)>,
  <<|java+class:///org/rssowl/ui/internal/dialogs/preferences/MiscPreferencePage|,|java+class:///org/eclipse/jface/preference/PreferencePage|>,|project://rssowl-2.0.5/org.rssowl.ui/src/org/rssowl/ui/internal/dialogs/preferences/MiscPreferencePage.java|(4352,13,<92,4>,<92,17>)>,
  <<|java+class:///org/rssowl/core/persist/event/runnable/BookMarkEventRunnable|,|java+class:///org/rssowl/core/persist/event/runnable/EventRunnable|>,|project://rssowl-2.0.5/org.rssowl.core/src/org/rssowl/core/persist/event/runnable/BookMarkEventRunnable.java|(2246,61,<40,4>,<40,65>)>,
  <<|java+class:///org/rssowl/ui/internal/dialogs/preferences/NotifierPreferencesPage|,|java+class:///org/eclipse/jface/preference/PreferencePage|>,|project://rssowl-2.0.5/org.rssowl.ui/src/org/rssowl/ui/internal/dialogs/preferences/NotifierPreferencesPage.java|(5298,13,<109,4>,<109,17>)>,
  <<|java+class:///org/rssowl/core/persist/reference/NewsReference|,|java+class:///org/rssowl/core/persist/reference/ModelReference|>,|project://rssowl-2.0.5/org.rssowl.core/src/org/rssowl/core/persist/reference/NewsReference.java|(2539,23,<47,4>,<47,27>)>,
  <<|java+class:///org/rssowl/core/connection/ConnectionException|,|java+class:///org/eclipse/core/runtime/CoreException|>,|project://rssowl-2.0.5/org.rssowl.core/src/org/rssowl/core/connection/ConnectionException.java|(2428,14,<44,4>,<44,18>)>,
  <<|java+class:///org/rssowl/core/persist/event/runnable/PersonEventRunnable|,|java+class:///org/rssowl/core/persist/event/runnable/EventRunnable|>,|project://rssowl-2.0.5/org.rssowl.core/src/org/rssowl/core/persist/event/runnable/PersonEventRunnable.java|(2237,57,<40,4>,<40,61>)>,
  <<|java+class:///org/rssowl/core/internal/persist/dao/SearchDAOImpl|,|java+class:///org/rssowl/core/internal/persist/dao/AbstractEntityDAO|>,|project://rssowl-2.0.5/org.rssowl.core/src/org/rssowl/core/internal/persist/dao/SearchDAOImpl.java|(2276,26,<35,4>,<35,30>)>,
  <<|java+class:///org/rssowl/core/persist/event/runnable/SearchMarkEventRunnable|,|java+class:///org/rssowl/core/persist/event/runnable/EventRunnable|>,|project://rssowl-2.0.5/org.rssowl.core/src/org/rssowl/core/persist/event/runnable/SearchMarkEventRunnable.java|(2257,65,<40,4>,<40,69>)>,
  <<|java+class:///org/rssowl/core/internal/persist/Mark|,|java+class:///org/rssowl/core/internal/persist/AbstractEntity|>,|project://rssowl-2.0.5/org.rssowl.core/src/org/rssowl/core/internal/persist/Mark.java|(2982,10,<62,4>,<62,14>)>,
  <<|java+class:///org/rssowl/ui/internal/util/NewsColumnSelectionControl|,|java+class:///org/eclipse/swt/widgets/Composite|>,|project://rssowl-2.0.5/org.rssowl.ui/src/org/rssowl/ui/internal/util/NewsColumnSelectionControl.java|(4431,21,<98,4>,<98,25>)>,
  <<|java+class:///org/rssowl/core/interpreter/ParserException|,|java+class:///org/eclipse/core/runtime/CoreException|>,|project://rssowl-2.0.5/org.rssowl.core/src/org/rssowl/core/interpreter/ParserException.java|(2417,14,<44,4>,<44,18>)>,
  <<|java+class:///org/rssowl/ui/internal/dialogs/SearchNewsDialog/FeedColumnToolTipSupport|,|java+class:///org/eclipse/jface/viewers/ColumnViewerToolTipSupport|>,|project://rssowl-2.0.5/org.rssowl.ui/src/org/rssowl/ui/internal/dialogs/SearchNewsDialog.java|(20517,28,<529,6>,<529,34>)>,
  <<|java+class:///org/rssowl/core/internal/persist/Folder|,|java+class:///org/rssowl/core/internal/persist/AbstractEntity|>,|project://rssowl-2.0.5/org.rssowl.core/src/org/rssowl/core/internal/persist/Folder.java|(3417,10,<70,4>,<70,14>)>,
  <<|java+class:///org/rssowl/ui/internal/dialogs/importer/ImportSourcePage|,|java+class:///org/eclipse/jface/wizard/WizardPage|>,|project://rssowl-2.0.5/org.rssowl.ui/src/org/rssowl/ui/internal/dialogs/importer/ImportSourcePage.java|(4795,94,<112,4>,<112,98>)>,
  <<|java+class:///org/rssowl/core/connection/ProxyAuthenticationRequiredException|,|java+class:///org/rssowl/core/connection/ConnectionException|>,|project://rssowl-2.0.5/org.rssowl.core/src/org/rssowl/core/connection/ProxyAuthenticationRequiredException.java|(2494,14,<44,4>,<44,18>)>,
  <<|java+class:///org/rssowl/core/internal/persist/NewsContainer|,|java+project:///|>,|project://rssowl-2.0.5/org.rssowl.core/src/org/rssowl/core/internal/persist/NewsContainer.java|(2412,8,<45,4>,<45,12>)>,
  <<|java+class:///org/rssowl/core/tests/TestUtils/NullProgressLongOperationMonitor|,|java+class:///org/rssowl/core/util/LongOperationMonitor|>,|project://rssowl-2.0.5/org.rssowl.core.tests/src/org/rssowl/core/tests/TestUtils.java|(4819,33,<121,6>,<121,39>)>,
  <<|java+class:///org/rssowl/ui/internal/dialogs/UpdateDialog|,|java+class:///org/eclipse/jface/dialogs/TitleAreaDialog|>,|project://rssowl-2.0.5/org.rssowl.ui/src/org/rssowl/ui/internal/dialogs/UpdateDialog.java|(4413,19,<91,4>,<91,23>)>,
  <<|java+class:///org/rssowl/core/persist/event/FolderEvent|,|java+class:///org/rssowl/core/persist/event/ModelEvent|>,|project://rssowl-2.0.5/org.rssowl.core/src/org/rssowl/core/persist/event/FolderEvent.java|(2919,22,<54,4>,<54,26>)>,
  <<|java+class:///org/rssowl/core/internal/interpreter/DefaultSaxParserImpl/KeepAliveInputStream|,|java+class:///java/io/BufferedInputStream|>,|project://rssowl-2.0.5/org.rssowl.core/src/org/rssowl/core/internal/interpreter/DefaultSaxParserImpl.java|(3472,10,<66,6>,<66,16>)>,
  <<|java+class:///org/rssowl/core/persist/event/runnable/NewsEventRunnable|,|java+class:///org/rssowl/core/persist/event/runnable/EventRunnable|>,|project://rssowl-2.0.5/org.rssowl.core/src/org/rssowl/core/persist/event/runnable/NewsEventRunnable.java|(2237,53,<40,4>,<40,57>)>,
  <<|java+class:///org/rssowl/ui/internal/views/explorer/BookMarkDNDImpl|,|java+class:///org/eclipse/jface/viewers/ViewerDropAdapter|>,|project://rssowl-2.0.5/org.rssowl.ui/src/org/rssowl/ui/internal/views/explorer/BookMarkDNDImpl.java|(3936,14,<79,4>,<79,18>)>,
  <<|java+class:///org/rssowl/core/interpreter/UnknownFormatException|,|java+class:///org/rssowl/core/interpreter/InterpreterException|>,|project://rssowl-2.0.5/org.rssowl.core/src/org/rssowl/core/interpreter/UnknownFormatException.java|(2520,14,<46,4>,<46,18>)>,
  <<|java+class:///org/rssowl/core/util/HTMLStripReader|,|java+class:///java/io/Reader|>,|project://rssowl-2.0.5/org.rssowl.core/src/org/rssowl/core/util/HTMLStripReader.java|(10411,8,<143,4>,<143,12>)>,
  <<|java+class:///org/rssowl/ui/internal/dialogs/NewsFiltersListDialog|,|java+class:///org/eclipse/jface/dialogs/TitleAreaDialog|>,|project://rssowl-2.0.5/org.rssowl.ui/src/org/rssowl/ui/internal/dialogs/NewsFiltersListDialog.java|(6752,19,<142,4>,<142,23>)>,
  <<|java+class:///org/rssowl/ui/internal/dialogs/PreviewFeedDialog|,|java+class:///org/eclipse/jface/dialogs/Dialog|>,|project://rssowl-2.0.5/org.rssowl.ui/src/org/rssowl/ui/internal/dialogs/PreviewFeedDialog.java|(5680,19,<130,4>,<130,23>)>,
  <<|java+class:///org/rssowl/core/internal/persist/dao/CachingSearchFilterDAO|,|java+class:///org/rssowl/core/internal/persist/dao/CachingDAO|>,|project://rssowl-2.0.5/org.rssowl.core/src/org/rssowl/core/internal/persist/dao/CachingSearchFilterDAO.java|(2379,33,<40,4>,<40,37>)>,
  <<|java+class:///org/rssowl/ui/internal/dialogs/FolderWizard/NewFolderWizardPage|,|java+class:///org/eclipse/jface/wizard/WizardPage|>,|project://rssowl-2.0.5/org.rssowl.ui/src/org/rssowl/ui/internal/dialogs/FolderWizard.java|(3548,97,<72,6>,<72,103>)>,
  <<|java+class:///org/rssowl/core/internal/persist/dao/AbstractEntityDAO|,|java+class:///org/rssowl/core/internal/persist/dao/AbstractPersistableDAO|>,|project://rssowl-2.0.5/org.rssowl.core/src/org/rssowl/core/internal/persist/dao/AbstractEntityDAO.java|(3232,30,<65,4>,<65,34>)>,
  <<|java+class:///org/rssowl/core/persist/event/MarkEvent|,|java+class:///org/rssowl/core/persist/event/ModelEvent|>,|project://rssowl-2.0.5/org.rssowl.core/src/org/rssowl/core/persist/event/MarkEvent.java|(2828,20,<54,4>,<54,24>)>,
  <<|java+class:///org/rssowl/core/internal/persist/ConditionalGet|,|java+class:///org/rssowl/core/internal/persist/Persistable|>,|project://rssowl-2.0.5/org.rssowl.core/src/org/rssowl/core/internal/persist/ConditionalGet.java|(3344,8,<69,4>,<69,12>)>
]