[
  <<|java+class:///org/jruby/RubyFile|,|java+interface:///org/jruby/runtime/encoding/EncodingCapable|>,|java+class:///org/jruby/RubyString|>,
  <<|java+class:///org/jruby/ir/instructions/MultipleAsgnBase|,|java+interface:///org/jruby/ir/instructions/ResultInstr|>,|java+class:///org/jruby/ir/instructions/BlockGivenInstr|>,
  <<|java+class:///org/jruby/ext/weakref/WeakRefLibrary|,|java+interface:///org/jruby/runtime/load/Library|>,|java+anonymousClass:///org/jruby/Ruby/initBuiltins()/$anonymous2|>,
  <<|java+class:///org/jruby/ir/instructions/RescueEQQInstr|,|java+interface:///org/jruby/ir/instructions/ResultInstr|>,|java+class:///org/jruby/ir/instructions/BlockGivenInstr|>,
  <<|java+class:///org/jruby/ext/psych/PsychLibrary|,|java+interface:///org/jruby/runtime/load/Library|>,|java+anonymousClass:///org/jruby/Ruby/initBuiltins()/$anonymous2|>,
  <<|java+class:///org/jruby/ext/digest/MD5|,|java+interface:///org/jruby/runtime/load/Library|>,|java+anonymousClass:///org/jruby/Ruby/initBuiltins()/$anonymous2|>,
  <<|java+class:///org/jruby/ir/instructions/NotInstr|,|java+interface:///org/jruby/ir/instructions/ResultInstr|>,|java+class:///org/jruby/ir/instructions/BlockGivenInstr|>,
  <<|java+class:///org/jruby/ext/ffi/FFIService|,|java+interface:///org/jruby/runtime/load/Library|>,|java+anonymousClass:///org/jruby/Ruby/initBuiltins()/$anonymous2|>,
  <<|java+class:///org/jruby/ast/ClassVarAsgnNode|,|java+interface:///org/jruby/ast/types/INameNode|>,|java+class:///org/jruby/ast/BlockArgNode|>,
  <<|java+class:///org/jruby/ir/instructions/SetReturnAddressInstr|,|java+interface:///org/jruby/ir/instructions/ResultInstr|>,|java+class:///org/jruby/ir/instructions/BlockGivenInstr|>,
  <<|java+class:///org/jruby/ir/instructions/LoadLocalVarInstr|,|java+interface:///org/jruby/ir/instructions/ResultInstr|>,|java+class:///org/jruby/ir/instructions/BlockGivenInstr|>,
  <<|java+class:///org/jruby/ast/ConstDeclNode|,|java+interface:///org/jruby/ast/types/INameNode|>,|java+class:///org/jruby/ast/BlockArgNode|>,
  <<|java+class:///org/jruby/ir/instructions/UndefMethodInstr|,|java+interface:///org/jruby/ir/instructions/ResultInstr|>,|java+class:///org/jruby/ir/instructions/BlockGivenInstr|>,
  <<|java+class:///org/jruby/ast/DefnNode|,|java+interface:///org/jruby/ast/types/INameNode|>,|java+class:///org/jruby/ast/BlockArgNode|>,
  <<|java+class:///org/jruby/ir/instructions/MethodLookupInstr|,|java+interface:///org/jruby/ir/instructions/ResultInstr|>,|java+class:///org/jruby/ir/instructions/BlockGivenInstr|>,
  <<|java+class:///org/jruby/ir/instructions/ToAryInstr|,|java+interface:///org/jruby/ir/instructions/ResultInstr|>,|java+class:///org/jruby/ir/instructions/BlockGivenInstr|>,
  <<|java+class:///org/jruby/ir/instructions/YieldInstr|,|java+interface:///org/jruby/ir/instructions/ResultInstr|>,|java+class:///org/jruby/ir/instructions/BlockGivenInstr|>,
  <<|java+class:///org/jruby/ir/instructions/ruby19/GetEncodingInstr|,|java+interface:///org/jruby/ir/instructions/ResultInstr|>,|java+class:///org/jruby/ir/instructions/BlockGivenInstr|>,
  <<|java+class:///org/jruby/ir/instructions/defined/GetBackrefInstr|,|java+interface:///org/jruby/ir/instructions/ResultInstr|>,|java+class:///org/jruby/ir/instructions/BlockGivenInstr|>,
  <<|java+class:///org/jruby/ext/iconv/IConvLibrary|,|java+interface:///org/jruby/runtime/load/Library|>,|java+anonymousClass:///org/jruby/Ruby/initBuiltins()/$anonymous2|>,
  <<|java+class:///org/jruby/ext/strscan/StringScannerLibrary|,|java+interface:///org/jruby/runtime/load/Library|>,|java+anonymousClass:///org/jruby/Ruby/initBuiltins()/$anonymous2|>,
  <<|java+class:///org/jruby/ir/instructions/ReceiveSelfInstr|,|java+interface:///org/jruby/ir/instructions/ResultInstr|>,|java+class:///org/jruby/ir/instructions/BlockGivenInstr|>,
  <<|java+class:///org/jruby/ir/instructions/CallInstr|,|java+interface:///org/jruby/ir/instructions/ResultInstr|>,|java+class:///org/jruby/ir/instructions/BlockGivenInstr|>,
  <<|java+class:///org/jruby/ast/SelfNode|,|java+interface:///org/jruby/ast/types/INameNode|>,|java+class:///org/jruby/ast/BlockArgNode|>,
  <<|java+class:///org/jruby/ast/InstVarNode|,|java+interface:///org/jruby/ast/types/INameNode|>,|java+class:///org/jruby/ast/BlockArgNode|>,
  <<|java+class:///org/jruby/ir/instructions/LexicalSearchConstInstr|,|java+interface:///org/jruby/ir/instructions/ResultInstr|>,|java+class:///org/jruby/ir/instructions/BlockGivenInstr|>,
  <<|java+class:///org/jruby/ext/fiber/FiberExtLibrary|,|java+interface:///org/jruby/runtime/load/Library|>,|java+anonymousClass:///org/jruby/Ruby/initBuiltins()/$anonymous2|>,
  <<|java+class:///org/jruby/ext/fiber/ThreadFiberLibrary|,|java+interface:///org/jruby/runtime/load/Library|>,|java+anonymousClass:///org/jruby/Ruby/initBuiltins()/$anonymous2|>,
  <<|java+class:///org/jruby/ast/RestArgNode|,|java+interface:///org/jruby/ast/types/INameNode|>,|java+class:///org/jruby/ast/BlockArgNode|>,
  <<|java+class:///org/jruby/ast/CallNode|,|java+interface:///org/jruby/ast/types/INameNode|>,|java+class:///org/jruby/ast/BlockArgNode|>,
  <<|java+class:///org/jruby/ir/instructions/ReceiveClosureInstr|,|java+interface:///org/jruby/ir/instructions/ResultInstr|>,|java+class:///org/jruby/ir/instructions/BlockGivenInstr|>,
  <<|java+class:///org/jruby/ast/InstAsgnNode|,|java+interface:///org/jruby/ast/types/INameNode|>,|java+class:///org/jruby/ast/BlockArgNode|>,
  <<|java+class:///org/jruby/ast/ConstNode|,|java+interface:///org/jruby/ast/types/INameNode|>,|java+class:///org/jruby/ast/BlockArgNode|>,
  <<|java+class:///org/jruby/ast/FalseNode|,|java+interface:///org/jruby/ast/types/INameNode|>,|java+class:///org/jruby/ast/BlockArgNode|>,
  <<|java+class:///org/jruby/ast/LocalAsgnNode|,|java+interface:///org/jruby/ast/types/INameNode|>,|java+class:///org/jruby/ast/BlockArgNode|>,
  <<|java+class:///org/jruby/ast/FCallNode|,|java+interface:///org/jruby/ast/types/INameNode|>,|java+class:///org/jruby/ast/BlockArgNode|>,
  <<|java+class:///org/jruby/ast/GlobalVarNode|,|java+interface:///org/jruby/ast/types/INameNode|>,|java+class:///org/jruby/ast/BlockArgNode|>,
  <<|java+class:///org/jruby/ast/AttrAssignNode|,|java+interface:///org/jruby/ast/types/INameNode|>,|java+class:///org/jruby/ast/BlockArgNode|>,
  <<|java+class:///org/jruby/ast/MethodDefNode|,|java+interface:///org/jruby/ast/types/INameNode|>,|java+class:///org/jruby/ast/BlockArgNode|>,
  <<|java+class:///org/jruby/ir/instructions/EQQInstr|,|java+interface:///org/jruby/ir/instructions/ResultInstr|>,|java+class:///org/jruby/ir/instructions/BlockGivenInstr|>,
  <<|java+class:///org/jruby/ir/instructions/MatchInstr|,|java+interface:///org/jruby/ir/instructions/ResultInstr|>,|java+class:///org/jruby/ir/instructions/BlockGivenInstr|>,
  <<|java+class:///org/jruby/ext/nkf/NKFLibrary|,|java+interface:///org/jruby/runtime/load/Library|>,|java+anonymousClass:///org/jruby/Ruby/initBuiltins()/$anonymous2|>,
  <<|java+interface:///org/jruby/javasupport/proxy/JavaProxyMethod|,|java+interface:///org/jruby/javasupport/ParameterTypes|>,|java+class:///org/jruby/javasupport/JavaCallable|>,
  <<|java+class:///org/jruby/ext/fcntl/FcntlLibrary|,|java+interface:///org/jruby/runtime/load/Library|>,|java+anonymousClass:///org/jruby/Ruby/initBuiltins()/$anonymous2|>,
  <<|java+class:///org/jruby/ast/OptArgNode|,|java+interface:///org/jruby/ast/types/INameNode|>,|java+class:///org/jruby/ast/BlockArgNode|>,
  <<|java+class:///org/jruby/ext/mathn/Rational|,|java+interface:///org/jruby/runtime/load/Library|>,|java+anonymousClass:///org/jruby/Ruby/initBuiltins()/$anonymous2|>,
  <<|java+class:///org/jruby/ext/ffi/jffi/DefaultMethodFactory/NonSessionMarshaller|,|java+interface:///org/jruby/ext/ffi/jffi/ParameterMarshaller|>,|java+class:///org/jruby/ext/ffi/jffi/DefaultMethodFactory/ConvertingMarshaller|>,
  <<|java+class:///org/jruby/ast/DVarNode|,|java+interface:///org/jruby/ast/types/INameNode|>,|java+class:///org/jruby/ast/BlockArgNode|>,
  <<|java+class:///org/jruby/ir/instructions/CopyInstr|,|java+interface:///org/jruby/ir/instructions/ResultInstr|>,|java+class:///org/jruby/ir/instructions/BlockGivenInstr|>,
  <<|java+class:///org/jruby/javasupport/Java|,|java+interface:///org/jruby/runtime/load/Library|>,|java+anonymousClass:///org/jruby/Ruby/initBuiltins()/$anonymous2|>,
  <<|java+class:///org/jruby/management/BeanManagerImpl|,|java+interface:///org/jruby/management/BeanManager|>,|java+class:///org/jruby/management/BeanManagerFactory/DummyBeanManager|>,
  <<|java+class:///org/jruby/ir/instructions/ReceiveArgBase|,|java+interface:///org/jruby/ir/instructions/ResultInstr|>,|java+class:///org/jruby/ir/instructions/BlockGivenInstr|>,
  <<|java+class:///org/jruby/util/log/JavaUtilLoggingLogger|,|java+interface:///org/jruby/util/log/Logger|>,|java+class:///org/jruby/util/log/StandardErrorLogger|>,
  <<|java+class:///org/jruby/ir/instructions/EnsureRubyArrayInstr|,|java+interface:///org/jruby/ir/instructions/ResultInstr|>,|java+class:///org/jruby/ir/instructions/BlockGivenInstr|>,
  <<|java+class:///org/jruby/ir/instructions/defined/DefinedInstr|,|java+interface:///org/jruby/ir/instructions/ResultInstr|>,|java+class:///org/jruby/ir/instructions/BlockGivenInstr|>,
  <<|java+class:///org/jruby/ir/instructions/InheritanceSearchConstInstr|,|java+interface:///org/jruby/ir/instructions/ResultInstr|>,|java+class:///org/jruby/ir/instructions/BlockGivenInstr|>,
  <<|java+class:///org/jruby/ext/jruby/JRubyLibrary|,|java+interface:///org/jruby/runtime/load/Library|>,|java+anonymousClass:///org/jruby/Ruby/initBuiltins()/$anonymous2|>,
  <<|java+class:///org/jruby/ext/etc/EtcLibrary|,|java+interface:///org/jruby/runtime/load/Library|>,|java+anonymousClass:///org/jruby/Ruby/initBuiltins()/$anonymous2|>,
  <<|java+class:///org/jruby/ast/SymbolNode|,|java+interface:///org/jruby/ast/types/INameNode|>,|java+class:///org/jruby/ast/BlockArgNode|>,
  <<|java+interface:///org/jruby/embed/EmbedRubyRuntimeAdapter|,|java+interface:///org/jruby/RubyRuntimeAdapter|>,|java+anonymousClass:///org/jruby/javasupport/JavaEmbedUtils/newRuntimeAdapter()/$anonymous1|>,
  <<|java+class:///org/jruby/ir/instructions/DefineClassInstr|,|java+interface:///org/jruby/ir/instructions/ResultInstr|>,|java+class:///org/jruby/ir/instructions/BlockGivenInstr|>,
  <<|java+class:///org/jruby/ext/mathn/Complex|,|java+interface:///org/jruby/runtime/load/Library|>,|java+anonymousClass:///org/jruby/Ruby/initBuiltins()/$anonymous2|>,
  <<|java+class:///org/jruby/ast/ClassVarDeclNode|,|java+interface:///org/jruby/ast/types/INameNode|>,|java+class:///org/jruby/ast/BlockArgNode|>,
  <<|java+class:///org/jruby/ast/DAsgnNode|,|java+interface:///org/jruby/ast/types/INameNode|>,|java+class:///org/jruby/ast/BlockArgNode|>,
  <<|java+class:///org/jruby/ir/instructions/ProcessModuleBodyInstr|,|java+interface:///org/jruby/ir/instructions/ResultInstr|>,|java+class:///org/jruby/ir/instructions/BlockGivenInstr|>,
  <<|java+class:///org/jruby/ext/jruby/JRubyUtilLibrary|,|java+interface:///org/jruby/runtime/load/Library|>,|java+anonymousClass:///org/jruby/Ruby/initBuiltins()/$anonymous2|>,
  <<|java+class:///org/jruby/ir/instructions/ReceiveExceptionInstr|,|java+interface:///org/jruby/ir/instructions/ResultInstr|>,|java+class:///org/jruby/ir/instructions/BlockGivenInstr|>,
  <<|java+class:///org/jruby/ext/jruby/JRubyConfigLibrary|,|java+interface:///org/jruby/runtime/load/Library|>,|java+anonymousClass:///org/jruby/Ruby/initBuiltins()/$anonymous2|>,
  <<|java+class:///org/jruby/ext/net/protocol/NetProtocolBufferedIOLibrary|,|java+interface:///org/jruby/runtime/load/Library|>,|java+anonymousClass:///org/jruby/Ruby/initBuiltins()/$anonymous2|>,
  <<|java+class:///org/jruby/ir/instructions/Match2Instr|,|java+interface:///org/jruby/ir/instructions/ResultInstr|>,|java+class:///org/jruby/ir/instructions/BlockGivenInstr|>,
  <<|java+class:///org/jruby/ast/FCallManyArgsNode|,|java+interface:///org/jruby/ast/types/INameNode|>,|java+class:///org/jruby/ast/BlockArgNode|>,
  <<|java+class:///org/jruby/ext/jruby/JRubySerializationLibrary|,|java+interface:///org/jruby/runtime/load/Library|>,|java+anonymousClass:///org/jruby/Ruby/initBuiltins()/$anonymous2|>,
  <<|java+class:///org/jruby/ast/GlobalAsgnNode|,|java+interface:///org/jruby/ast/types/INameNode|>,|java+class:///org/jruby/ast/BlockArgNode|>,
  <<|java+class:///org/jruby/ir/instructions/Match3Instr|,|java+interface:///org/jruby/ir/instructions/ResultInstr|>,|java+class:///org/jruby/ir/instructions/BlockGivenInstr|>,
  <<|java+class:///org/jruby/ast/LocalVarNode|,|java+interface:///org/jruby/ast/types/INameNode|>,|java+class:///org/jruby/ast/BlockArgNode|>,
  <<|java+class:///org/jruby/ext/fiber/CoroutineFiberLibrary|,|java+interface:///org/jruby/runtime/load/Library|>,|java+anonymousClass:///org/jruby/Ruby/initBuiltins()/$anonymous2|>,
  <<|java+class:///org/jruby/ext/timeout/Timeout|,|java+interface:///org/jruby/runtime/load/Library|>,|java+anonymousClass:///org/jruby/Ruby/initBuiltins()/$anonymous2|>,
  <<|java+class:///org/jruby/ir/instructions/DefineModuleInstr|,|java+interface:///org/jruby/ir/instructions/ResultInstr|>,|java+class:///org/jruby/ir/instructions/BlockGivenInstr|>,
  <<|java+class:///org/jruby/ast/NilNode|,|java+interface:///org/jruby/ast/types/INameNode|>,|java+class:///org/jruby/ast/BlockArgNode|>,
  <<|java+class:///org/jruby/ir/instructions/RuntimeHelperCall|,|java+interface:///org/jruby/ir/instructions/ResultInstr|>,|java+class:///org/jruby/ir/instructions/BlockGivenInstr|>,
  <<|java+class:///org/jruby/ext/delegate/DelegateLibrary|,|java+interface:///org/jruby/runtime/load/Library|>,|java+anonymousClass:///org/jruby/Ruby/initBuiltins()/$anonymous2|>,
  <<|java+class:///org/jruby/ast/TrueNode|,|java+interface:///org/jruby/ast/types/INameNode|>,|java+class:///org/jruby/ast/BlockArgNode|>,
  <<|java+class:///org/jruby/ext/zlib/ZlibLibrary|,|java+interface:///org/jruby/runtime/load/Library|>,|java+anonymousClass:///org/jruby/Ruby/initBuiltins()/$anonymous2|>,
  <<|java+class:///org/jruby/ext/socket/SocketLibrary|,|java+interface:///org/jruby/runtime/load/Library|>,|java+anonymousClass:///org/jruby/Ruby/initBuiltins()/$anonymous2|>,
  <<|java+class:///org/jruby/ext/thread/ThreadLibrary|,|java+interface:///org/jruby/runtime/load/Library|>,|java+anonymousClass:///org/jruby/Ruby/initBuiltins()/$anonymous2|>,
  <<|java+class:///org/jruby/ext/enumerator/EnumeratorLibrary|,|java+interface:///org/jruby/runtime/load/Library|>,|java+anonymousClass:///org/jruby/Ruby/initBuiltins()/$anonymous2|>,
  <<|java+class:///org/jruby/ext/stringio/StringIOLibrary|,|java+interface:///org/jruby/runtime/load/Library|>,|java+anonymousClass:///org/jruby/Ruby/initBuiltins()/$anonymous2|>,
  <<|java+class:///org/jruby/ext/digest/DigestLibrary|,|java+interface:///org/jruby/runtime/load/Library|>,|java+anonymousClass:///org/jruby/Ruby/initBuiltins()/$anonymous2|>,
  <<|java+class:///org/jruby/ext/bigdecimal/BigDecimalLibrary|,|java+interface:///org/jruby/runtime/load/Library|>,|java+anonymousClass:///org/jruby/Ruby/initBuiltins()/$anonymous2|>,
  <<|java+class:///org/jruby/ext/coverage/CoverageLibrary|,|java+interface:///org/jruby/runtime/load/Library|>,|java+anonymousClass:///org/jruby/Ruby/initBuiltins()/$anonymous2|>,
  <<|java+class:///org/jruby/ext/rbconfig/RbConfigLibrary|,|java+interface:///org/jruby/runtime/load/Library|>,|java+anonymousClass:///org/jruby/Ruby/initBuiltins()/$anonymous2|>,
  <<|java+class:///org/jruby/ir/instructions/ruby19/BuildLambdaInstr|,|java+interface:///org/jruby/ir/instructions/ResultInstr|>,|java+class:///org/jruby/ir/instructions/BlockGivenInstr|>,
  <<|java+class:///org/jruby/ir/instructions/GetClassVarContainerModuleInstr|,|java+interface:///org/jruby/ir/instructions/ResultInstr|>,|java+class:///org/jruby/ir/instructions/BlockGivenInstr|>,
  <<|java+class:///org/jruby/ext/tempfile/TempfileLibrary|,|java+interface:///org/jruby/runtime/load/Library|>,|java+anonymousClass:///org/jruby/Ruby/initBuiltins()/$anonymous2|>,
  <<|java+class:///org/jruby/ast/DefsNode|,|java+interface:///org/jruby/ast/types/INameNode|>,|java+class:///org/jruby/ast/BlockArgNode|>,
  <<|java+class:///org/jruby/ir/instructions/SearchConstInstr|,|java+interface:///org/jruby/ir/instructions/ResultInstr|>,|java+class:///org/jruby/ir/instructions/BlockGivenInstr|>,
  <<|java+class:///org/jruby/ext/digest/SHA2|,|java+interface:///org/jruby/runtime/load/Library|>,|java+anonymousClass:///org/jruby/Ruby/initBuiltins()/$anonymous2|>,
  <<|java+class:///org/jruby/ext/openssl/OSSLLibrary|,|java+interface:///org/jruby/runtime/load/Library|>,|java+anonymousClass:///org/jruby/Ruby/initBuiltins()/$anonymous2|>,
  <<|java+class:///org/jruby/ast/ClassVarNode|,|java+interface:///org/jruby/ast/types/INameNode|>,|java+class:///org/jruby/ast/BlockArgNode|>,
  <<|java+class:///org/jruby/ext/digest/SHA1|,|java+interface:///org/jruby/runtime/load/Library|>,|java+anonymousClass:///org/jruby/Ruby/initBuiltins()/$anonymous2|>,
  <<|java+class:///org/jruby/ast/VCallNode|,|java+interface:///org/jruby/ast/types/INameNode|>,|java+class:///org/jruby/ast/BlockArgNode|>,
  <<|java+class:///org/jruby/ir/instructions/ConstMissingInstr|,|java+interface:///org/jruby/ir/instructions/ResultInstr|>,|java+class:///org/jruby/ir/instructions/BlockGivenInstr|>,
  <<|java+class:///org/jruby/ext/io/wait/IOWaitLibrary|,|java+interface:///org/jruby/runtime/load/Library|>,|java+anonymousClass:///org/jruby/Ruby/initBuiltins()/$anonymous2|>,
  <<|java+class:///org/jruby/ext/jruby/JRubyTypeLibrary|,|java+interface:///org/jruby/runtime/load/Library|>,|java+anonymousClass:///org/jruby/Ruby/initBuiltins()/$anonymous2|>,
  <<|java+class:///org/jruby/ir/instructions/GetInstr|,|java+interface:///org/jruby/ir/instructions/ResultInstr|>,|java+class:///org/jruby/ir/instructions/BlockGivenInstr|>,
  <<|java+class:///org/jruby/ext/digest/RMD160|,|java+interface:///org/jruby/runtime/load/Library|>,|java+anonymousClass:///org/jruby/Ruby/initBuiltins()/$anonymous2|>,
  <<|java+class:///org/jruby/cext/NativeObjectAllocator|,|java+interface:///org/jruby/runtime/ObjectAllocator|>,|java+anonymousClass:///org/jruby/ext/openssl/PKeyRSA/$anonymous1|>,
  <<|java+class:///org/jruby/ir/instructions/defined/GetErrorInfoInstr|,|java+interface:///org/jruby/ir/instructions/ResultInstr|>,|java+class:///org/jruby/ir/instructions/BlockGivenInstr|>,
  <<|java+class:///org/jruby/ir/instructions/DefineMetaClassInstr|,|java+interface:///org/jruby/ir/instructions/ResultInstr|>,|java+class:///org/jruby/ir/instructions/BlockGivenInstr|>,
  <<|java+class:///org/jruby/ext/readline/ReadlineService|,|java+interface:///org/jruby/runtime/load/Library|>,|java+anonymousClass:///org/jruby/Ruby/initBuiltins()/$anonymous2|>,
  <<|java+class:///org/jruby/util/SunSignalFacade|,|java+interface:///org/jruby/util/SignalFacade|>,|java+class:///org/jruby/util/NoFunctionalitySignalFacade|>
]