{
  <<|java+class:///org/jgraph/pad/actionsbase/eager/EditUndo|,|java+class:///org/jgraph/pad/jgraphpad/GPAction|>,2,|java+interface:///javax/swing/Action|>,
  <<|java+class:///org/jgraph/pad/actionsbase/eager/AbstractActionToggle|,|java+class:///org/jgraph/pad/jgraphpad/GPAction|>,2,|java+interface:///javax/swing/Action|>,
  <<|java+class:///org/microplatform/gui/DocFrame|,|java+class:///org/microplatform/gui/InternalFrame|>,2,|java+class:///org/microplatform/gui/MDIContainer|>,
  <<|java+class:///org/microplatform/gui/DocFrame|,|java+class:///org/microplatform/gui/InternalFrame|>,2,|java+class:///java/awt/Container|>,
  <<|java+class:///org/jgraph/plugins/library/GPSplitPane|,|java+class:///javax/swing/JSplitPane|>,2,|java+class:///java/awt/Component|>,
  <<|java+class:///org/jgraph/plugins/misc/GPSelectProvider/GraphModelProviderRenderer|,|java+class:///javax/swing/JLabel|>,2,|java+class:///java/awt/Component|>,
  <<|java+class:///org/jgraph/pad/actionsbase/lazy/HelpAbout/HTMLPane|,|java+class:///javax/swing/JEditorPane|>,2,|java+class:///javax/swing/JComponent|>,
  <<|java+class:///org/jgraph/pad/jgraphpad/GPDocument|,|java+class:///org/microplatform/Document|>,2,|java+class:///org/microplatform/gui/MDIContainer|>,
  <<|java+class:///org/microplatform/gui/DocFrame|,|java+class:///org/microplatform/gui/InternalFrame|>,2,|java+class:///java/lang/Object|>,
  <<|java+class:///org/jgraph/plugins/library/GPLibraryPanel|,|java+class:///javax/swing/JComponent|>,2,|java+class:///java/awt/Container|>,
  <<|java+class:///org/microplatform/web/applet/AppletFriendlyXMLEncoder/java_awt_Color_PersistenceDelegate|,|java+class:///org/microplatform/web/applet/AppletFriendlyXMLEncoder/AppletFriendlyDefaultPersistenceDelegate|>,2,|java+class:///java/beans/PersistenceDelegate|>,
  <<|java+class:///org/jgraph/plugins/library/GPLibraryPanel|,|java+class:///javax/swing/JComponent|>,2,|java+class:///java/awt/Component|>,
  <<|java+class:///org/jgraph/pad/actionsbase/eager/AbstractActionCheckBox|,|java+class:///org/jgraph/pad/actionsbase/eager/AbstractActionToggle|>,2,|java+interface:///javax/swing/Action|>,
  <<|java+class:///org/microplatform/web/applet/AppletFriendlyXMLEncoder/javax_swing_tree_DefaultMutableTreeNode_PersistenceDelegate|,|java+class:///org/microplatform/web/applet/AppletFriendlyXMLEncoder/AppletFriendlyDefaultPersistenceDelegate|>,2,|java+class:///java/beans/PersistenceDelegate|>,
  <<|java+class:///org/microplatform/web/applet/AppletFriendlyXMLEncoder/java_awt_geom_Rectangle2D_PersistenceDelegate|,|java+class:///org/microplatform/web/applet/AppletFriendlyXMLEncoder/AppletFriendlyDefaultPersistenceDelegate|>,2,|java+class:///java/beans/PersistenceDelegate|>,
  <<|java+class:///org/microplatform/web/applet/AppletFriendlyXMLEncoder/java_util_Map_PersistenceDelegate|,|java+class:///org/microplatform/web/applet/AppletFriendlyXMLEncoder/AppletFriendlyDefaultPersistenceDelegate|>,2,|java+class:///java/beans/PersistenceDelegate|>,
  <<|java+class:///org/jgraph/pad/subjgraph/GPGraphUI/GPTransferHandler|,|java+class:///org/jgraph/graph/GraphTransferHandler|>,2,|java+class:///javax/swing/TransferHandler|>,
  <<|java+class:///org/jgraph/pad/jgraphpad/GPAction|,|java+class:///org/microplatform/ActionCommand|>,2,|java+interface:///javax/swing/Action|>,
  <<|java+class:///org/microplatform/actions/FileOpenURL|,|java+class:///org/microplatform/ActionCommand|>,2,|java+interface:///javax/swing/Action|>,
  <<|java+class:///org/jgraph/pad/graphcellsbase/JGraphRoundRectView/ActivityRenderer|,|java+class:///org/jgraph/graph/VertexRenderer|>,2,|java+interface:///org/jgraph/graph/CellViewRenderer|>,
  <<|java+class:///org/jgraph/pad/graphcellsbase/JGraphMultilineView/MultiLinedEditor|,|java+class:///org/jgraph/graph/DefaultGraphCellEditor|>,2,|java+interface:///org/jgraph/graph/GraphCellEditor|>,
  <<|java+class:///org/jgraph/pad/actionsbase/eager/AbstractActionList|,|java+class:///org/jgraph/pad/jgraphpad/GPAction|>,2,|java+interface:///javax/swing/Action|>,
  <<|java+class:///org/jgraph/plugins/library/GPOverviewPanel|,|java+class:///javax/swing/JPanel|>,2,|java+class:///java/awt/Component|>,
  <<|java+class:///org/jgraph/pad/actionsbase/eager/AbstractActionRadioButton|,|java+class:///org/jgraph/pad/actionsbase/eager/AbstractActionToggle|>,2,|java+class:///javax/swing/AbstractAction|>,
  <<|java+class:///org/microplatform/ActionCommand|,|java+class:///javax/swing/AbstractAction|>,2,|java+interface:///javax/swing/Action|>,
  <<|java+class:///org/jgraph/pad/subjgraph/GPTransferable|,|java+class:///org/jgraph/graph/GraphTransferable|>,2,|java+interface:///java/awt/datatransfer/Transferable|>,
  <<|java+class:///org/microplatform/gui/InternalFrame|,|java+class:///javax/swing/JInternalFrame|>,2,|java+class:///javax/swing/JInternalFrame|>,
  <<|java+class:///org/microplatform/gui/InternalFrame|,|java+class:///javax/swing/JInternalFrame|>,2,|java+class:///java/awt/Component|>,
  <<|java+class:///org/jgraph/pad/jgraphpad/GPDocument|,|java+class:///org/microplatform/Document|>,2,|java+interface:///org/microplatform/ICommandRegistery|>,
  <<|java+class:///org/microplatform/gui/MDIContainer|,|java+class:///javax/swing/JComponent|>,2,|java+class:///java/awt/Container|>,
  <<|java+class:///org/jgraph/pad/graphcellsbase/JGraphMultilineView/MultiLinedEditor/ModifiedEditorContainer|,|java+class:///org/jgraph/graph/DefaultGraphCellEditor/EditorContainer|>,2,|java+class:///java/awt/Container|>,
  <<|java+class:///org/jgraph/pad/jgraphpad/util/GPGraphListCellRenderer|,|java+class:///javax/swing/DefaultListCellRenderer|>,2,|java+interface:///javax/swing/ListCellRenderer|>,
  <<|java+class:///org/jgraph/pad/graphcellsbase/JGraphEllipseView/JGraphEllipseRenderer|,|java+class:///org/jgraph/graph/VertexRenderer|>,2,|java+interface:///org/jgraph/graph/CellViewRenderer|>,
  <<|java+class:///org/jgraph/plugins/layouts/TreeLayoutAlgorithm|,|java+class:///org/jgraph/plugins/layouts/JGraphLayoutAlgorithm|>,2,|java+class:///org/jgraph/plugins/layouts/JGraphLayoutAlgorithm|>,
  <<|java+class:///org/microplatform/gui/InternalFrame|,|java+class:///javax/swing/JInternalFrame|>,2,|java+class:///java/lang/Object|>,
  <<|java+class:///org/jgraph/plugins/layouts/OrderedTreeLayoutAlgorithm|,|java+class:///org/jgraph/plugins/layouts/TreeLayoutAlgorithm|>,2,|java+class:///org/jgraph/plugins/layouts/JGraphLayoutAlgorithm|>,
  <<|java+class:///org/jgraph/pad/jgraphpad/util/JGraphParallelEdgeRouter|,|java+class:///org/jgraph/graph/DefaultEdge/LoopRouting|>,2,|java+interface:///org/jgraph/graph/Edge/Routing|>,
  <<|java+class:///org/microplatform/loaders/PluginInvoker/TrampolineAction|,|java+class:///javax/swing/AbstractAction|>,2,|java+interface:///javax/swing/Action|>,
  <<|java+class:///org/microplatform/gui/InternalFrame|,|java+class:///javax/swing/JInternalFrame|>,2,|java+class:///java/awt/Container|>,
  <<|java+class:///org/microplatform/gui/MDIContainer|,|java+class:///javax/swing/JComponent|>,2,|java+class:///java/awt/Component|>,
  <<|java+class:///org/jgraph/pad/jgraphpad/util/RealGraphCellRenderer|,|java+class:///javax/swing/JComponent|>,2,|java+class:///java/awt/Component|>,
  <<|java+class:///org/microplatform/web/applet/AppletFriendlyXMLEncoder/java_awt_Font_PersistenceDelegate|,|java+class:///org/microplatform/web/applet/AppletFriendlyXMLEncoder/AppletFriendlyDefaultPersistenceDelegate|>,2,|java+class:///java/beans/PersistenceDelegate|>,
  <<|java+class:///org/microplatform/Document|,|java+interface:///java/beans/PropertyChangeListener|>,2,|java+interface:///java/beans/PropertyChangeListener|>,
  <<|java+class:///org/jgraph/plugins/console/GPLogConsole|,|java+class:///javax/swing/JFrame|>,2,|java+class:///java/awt/Component|>,
  <<|java+class:///org/jgraph/pad/actionsbase/eager/ViewFit|,|java+class:///org/jgraph/pad/actionsbase/eager/AbstractActionRadioButton|>,2,|java+class:///javax/swing/AbstractAction|>,
  <<|java+class:///org/jgraph/pad/actionsbase/eager/AbstractActionRadioButton|,|java+class:///org/jgraph/pad/actionsbase/eager/AbstractActionToggle|>,2,|java+interface:///javax/swing/Action|>,
  <<|java+class:///org/jgraph/plugins/library/GPLibraryPanel/GraphCellsComponent|,|java+class:///javax/swing/JComponent|>,2,|java+class:///java/awt/Component|>,
  <<|java+class:///org/microplatform/ActionCommand|,|java+class:///javax/swing/AbstractAction|>,2,|java+class:///javax/swing/AbstractAction|>,
  <<|java+class:///org/jgraph/plugins/gpgraph/GPGraph|,|java+class:///org/jgraph/JGraph|>,2,|java+class:///java/awt/Component|>,
  <<|java+class:///org/jgraph/plugins/library/GPOverviewPanel|,|java+class:///javax/swing/JPanel|>,2,|java+class:///java/awt/Container|>,
  <<|java+class:///org/jgraph/plugins/gpgraph/GPExplorer|,|java+class:///javax/swing/JPanel|>,2,|java+class:///java/awt/Component|>,
  <<|java+class:///org/jgraph/plugins/library/GPLibraryPanel/ScrollablePanel|,|java+class:///javax/swing/JPanel|>,2,|java+class:///java/lang/Object|>,
  <<|java+class:///org/jgraph/pad/actionsbase/eager/AbstractActionList|,|java+class:///org/jgraph/pad/jgraphpad/GPAction|>,2,|java+interface:///java/awt/event/ActionListener|>,
  <<|java+class:///org/jgraph/pad/jgraphpad/GPDocument|,|java+class:///org/microplatform/Document|>,2,|java+interface:///java/awt/event/ComponentListener|>,
  <<|java+class:///org/microplatform/gui/InternalFrame|,|java+class:///javax/swing/JInternalFrame|>,2,|java+class:///org/microplatform/gui/MDIContainer|>,
  <<|java+class:///org/microplatform/ActionCommand|,|java+class:///javax/swing/AbstractAction|>,2,|java+interface:///java/awt/event/ActionListener|>,
  <<|java+class:///org/jgraph/plugins/library/GPLibraryPanel/ScrollablePanel|,|java+class:///javax/swing/JPanel|>,2,|java+class:///java/awt/Component|>,
  <<|java+class:///org/jgraph/plugins/gpgraph/GPGraph|,|java+class:///org/jgraph/JGraph|>,2,|java+class:///java/lang/Object|>,
  <<|java+class:///org/jgraph/pad/jgraphpad/GPDocument|,|java+class:///org/microplatform/Document|>,2,|java+interface:///java/beans/PropertyChangeListener|>,
  <<|java+class:///org/jgraph/pad/graphcellsbase/JGraphMultilineView/MultiLinedRenderer|,|java+class:///javax/swing/JTextArea|>,2,|java+class:///java/awt/Component|>,
  <<|java+class:///org/microplatform/web/applet/AppletFriendlyXMLEncoder/java_util_List_PersistenceDelegate|,|java+class:///org/microplatform/web/applet/AppletFriendlyXMLEncoder/AppletFriendlyDefaultPersistenceDelegate|>,2,|java+class:///java/beans/PersistenceDelegate|>,
  <<|java+class:///org/jgraph/pad/actionsbase/lazy/HelpAbout/HTMLPane|,|java+class:///javax/swing/JEditorPane|>,2,|java+class:///java/awt/Component|>,
  <<|java+class:///org/jgraph/pad/graphcellsbase/JGraphDiamondView|,|java+class:///org/jgraph/graph/VertexView|>,2,|java+interface:///org/jgraph/graph/CellView|>,
  <<|java+class:///org/microplatform/web/applet/AppletFriendlyXMLEncoder/java_util_Collection_PersistenceDelegate|,|java+class:///org/microplatform/web/applet/AppletFriendlyXMLEncoder/AppletFriendlyDefaultPersistenceDelegate|>,2,|java+class:///java/beans/PersistenceDelegate|>,
  <<|java+class:///org/jgraph/pad/graphcellsbase/JGraphSwimlaneView/JSwimlaneRenderer|,|java+class:///javax/swing/JPanel|>,2,|java+class:///java/awt/Component|>,
  <<|java+class:///org/microplatform/gui/DocFrame|,|java+class:///org/microplatform/gui/InternalFrame|>,2,|java+class:///java/awt/Component|>,
  <<|java+class:///org/jgraph/pad/jgraphpad/GPAction|,|java+class:///org/microplatform/ActionCommand|>,2,|java+interface:///java/awt/event/ActionListener|>,
  <<|java+class:///org/jgraph/pad/graphcellsbase/JGraphDiamondView/JGraphDiamondRenderer|,|java+class:///org/jgraph/graph/VertexRenderer|>,2,|java+interface:///org/jgraph/graph/CellViewRenderer|>,
  <<|java+class:///org/microplatform/Document|,|java+interface:///org/microplatform/ICommandRegistery|>,2,|java+interface:///org/microplatform/ICommandRegistery|>,
  <<|java+class:///org/microplatform/Document|,|java+interface:///java/awt/event/ComponentListener|>,2,|java+interface:///java/awt/event/ComponentListener|>,
  <<|java+class:///org/jgraph/pad/jgraphpad/GPAction|,|java+class:///org/microplatform/ActionCommand|>,2,|java+class:///javax/swing/AbstractAction|>,
  <<|java+class:///org/microplatform/web/applet/AppletFriendlyXMLEncoder/AppletFriendlyDefaultPersistenceDelegate|,|java+class:///java/beans/DefaultPersistenceDelegate|>,2,|java+class:///java/beans/PersistenceDelegate|>,
  <<|java+class:///org/jgraph/plugins/misc/GPSelectProvider|,|java+class:///javax/swing/JDialog|>,2,|java+class:///java/awt/Window|>,
  <<|java+class:///org/jgraph/pad/subjgraph/GPGraphUI|,|java+class:///org/jgraph/plaf/basic/BasicGraphUI|>,2,|java+class:///org/jgraph/plaf/GraphUI|>,
  <<|java+class:///org/jgraph/pad/actionsbase/eager/EditRedo|,|java+class:///org/jgraph/pad/jgraphpad/GPAction|>,2,|java+interface:///javax/swing/Action|>,
  <<|java+class:///org/microplatform/web/applet/AppletFriendlyXMLEncoder/java_awt_geom_Point2D$Double_PersistenceDelegate|,|java+class:///org/microplatform/web/applet/AppletFriendlyXMLEncoder/AppletFriendlyDefaultPersistenceDelegate|>,2,|java+class:///java/beans/PersistenceDelegate|>,
  <<|java+class:///org/microplatform/gui/StatusBar|,|java+class:///javax/swing/JPanel|>,2,|java+class:///java/awt/Component|>,
  <<|java+class:///org/microplatform/gui/DocFrame|,|java+class:///org/microplatform/gui/InternalFrame|>,2,|java+class:///javax/swing/JInternalFrame|>,
  <<|java+class:///org/jgraph/pad/jgraphpad/util/Rule|,|java+class:///javax/swing/JComponent|>,2,|java+class:///java/awt/Component|>,
  <<|java+class:///org/jgraph/pad/actionsbase/eager/AbstractActionToggle|,|java+class:///org/jgraph/pad/jgraphpad/GPAction|>,2,|java+class:///javax/swing/AbstractAction|>
}