[
  <<|java+class:///org/apache/maven/project/EmptyLifecycleExecutor|,|java+interface:///org/apache/maven/lifecycle/LifecycleExecutor|>,|java+class:///org/apache/maven/lifecycle/DefaultLifecycleExecutor|>,
  <<|java+class:///org/apache/maven/plugin/prefix/internal/DefaultPluginPrefixResolver|,|java+interface:///org/apache/maven/plugin/prefix/PluginPrefixResolver|>,|java+class:///org/apache/maven/lifecycle/internal/stub/PluginPrefixResolverStub|>,
  <<|java+class:///org/apache/maven/model/plugin/DefaultLifecycleBindingsInjector|,|java+interface:///org/apache/maven/model/plugin/LifecycleBindingsInjector|>,|java+class:///org/apache/maven/model/building/DefaultModelBuilderFactory/StubLifecycleBindingsInjector|>,
  <<|java+class:///org/apache/maven/artifact/resolver/filter/IncludesArtifactFilter|,|java+interface:///org/apache/maven/artifact/resolver/filter/ArtifactFilter|>,|java+class:///org/apache/maven/artifact/resolver/filter/ExclusionSetFilter|>,
  <<|java+class:///org/apache/maven/plugin/internal/PluginDependencyResolutionListener|,|java+interface:///org/apache/maven/artifact/resolver/ResolutionListener|>,|java+class:///org/apache/maven/artifact/resolver/DebugResolutionListener|>,
  <<|java+class:///org/apache/maven/artifact/repository/layout/FlatRepositoryLayout|,|java+interface:///org/apache/maven/artifact/repository/layout/ArtifactRepositoryLayout|>,|java+class:///org/apache/maven/artifact/repository/layout/DefaultRepositoryLayout|>,
  <<|java+class:///org/apache/maven/settings/building/StringSettingsSource|,|java+interface:///org/apache/maven/settings/building/SettingsSource|>,|java+class:///org/apache/maven/settings/building/FileSettingsSource|>,
  <<|java+class:///org/apache/maven/configuration/BasedirBeanConfigurationPathTranslator|,|java+interface:///org/apache/maven/configuration/BeanConfigurationPathTranslator|>,|java+anonymousClass:///org/apache/maven/configuration/DefaultBeanConfiguratorTest/testPreAndPostProcessing()/$anonymous2|>,
  <<|java+class:///org/apache/maven/plugin/version/internal/DefaultPluginVersionResolver|,|java+interface:///org/apache/maven/plugin/version/PluginVersionResolver|>,|java+class:///org/apache/maven/lifecycle/internal/stub/PluginVersionResolverStub|>,
  <<|java+class:///org/apache/maven/artifact/resolver/filter/AbstractScopeArtifactFilter|,|java+interface:///org/apache/maven/artifact/resolver/filter/ArtifactFilter|>,|java+class:///org/apache/maven/artifact/resolver/filter/ExclusionSetFilter|>,
  <<|java+class:///org/apache/maven/artifact/resolver/filter/InversionArtifactFilter|,|java+interface:///org/apache/maven/artifact/resolver/filter/ArtifactFilter|>,|java+class:///org/apache/maven/artifact/resolver/filter/ExclusionSetFilter|>,
  <<|java+class:///org/apache/maven/repository/LegacyRepositoryLayout|,|java+interface:///org/apache/maven/artifact/repository/layout/ArtifactRepositoryLayout|>,|java+class:///org/apache/maven/artifact/repository/layout/DefaultRepositoryLayout|>,
  <<|java+class:///org/apache/maven/artifact/resolver/filter/TypeArtifactFilter|,|java+interface:///org/apache/maven/artifact/resolver/filter/ArtifactFilter|>,|java+class:///org/apache/maven/artifact/resolver/filter/ExclusionSetFilter|>,
  <<|java+class:///org/apache/maven/lifecycle/internal/DefaultExecutionEventCatapult|,|java+interface:///org/apache/maven/lifecycle/internal/ExecutionEventCatapult|>,|java+class:///org/apache/maven/lifecycle/internal/stub/ExecutionEventCatapultStub|>,
  <<|java+class:///org/apache/maven/artifact/metadata/AbstractArtifactMetadata|,|java+interface:///org/apache/maven/artifact/metadata/ArtifactMetadata|>,|java+class:///org/apache/maven/artifact/repository/LegacyLocalRepositoryManager/ArtifactMetadataAdapter|>,
  <<|java+class:///org/apache/maven/settings/building/UrlSettingsSource|,|java+interface:///org/apache/maven/settings/building/SettingsSource|>,|java+class:///org/apache/maven/settings/building/FileSettingsSource|>,
  <<|java+class:///org/apache/maven/artifact/resolver/filter/OrArtifactFilter|,|java+interface:///org/apache/maven/artifact/resolver/filter/ArtifactFilter|>,|java+class:///org/apache/maven/artifact/resolver/filter/ExclusionSetFilter|>,
  <<|java+class:///org/apache/maven/artifact/resolver/WarningResolutionListener|,|java+interface:///org/apache/maven/artifact/resolver/ResolutionListener|>,|java+class:///org/apache/maven/artifact/resolver/DebugResolutionListener|>
]