[
  <<|java+class:///org/apache/maven/repository/internal/RemoteSnapshotMetadata|,|java+class:///org/apache/maven/repository/internal/MavenMetadata|>,|project://maven-3.0.5/maven-aether-provider/src/main/java/org/apache/maven/repository/internal/RemoteSnapshotMetadata.java|(1884,56,<55,8>,<55,64>)>,
  <<|java+class:///org/apache/maven/repository/internal/RemoteSnapshotMetadata|,|java+class:///org/apache/maven/repository/internal/MavenMetadata|>,|project://maven-3.0.5/maven-aether-provider/src/main/java/org/apache/maven/repository/internal/RemoteSnapshotMetadata.java|(2093,24,<61,8>,<61,32>)>,
  <<|java+class:///org/apache/maven/lifecycle/LifecycleExecutionException|,|java+class:///java/lang/Exception|>,|project://maven-3.0.5/maven-core/src/main/java/org/apache/maven/lifecycle/LifecycleExecutionException.java|(1280,15,<40,8>,<40,23>)>,
  <<|java+class:///org/apache/maven/lifecycle/LifecycleExecutionException|,|java+class:///java/lang/Exception|>,|project://maven-3.0.5/maven-core/src/main/java/org/apache/maven/lifecycle/LifecycleExecutionException.java|(1520,17,<50,8>,<50,25>)>,
  <<|java+class:///org/apache/maven/lifecycle/LifecycleExecutionException|,|java+class:///java/lang/Exception|>,|project://maven-3.0.5/maven-core/src/main/java/org/apache/maven/lifecycle/LifecycleExecutionException.java|(1183,17,<35,8>,<35,25>)>,
  <<|java+class:///org/apache/maven/lifecycle/LifecycleExecutionException|,|java+class:///java/lang/Exception|>,|project://maven-3.0.5/maven-core/src/main/java/org/apache/maven/lifecycle/LifecycleExecutionException.java|(1391,24,<45,8>,<45,32>)>,
  <<|java+class:///org/apache/maven/lifecycle/LifecycleExecutionException|,|java+class:///java/lang/Exception|>,|project://maven-3.0.5/maven-core/src/main/java/org/apache/maven/lifecycle/LifecycleExecutionException.java|(1695,17,<56,8>,<56,25>)>,
  <<|java+class:///org/apache/maven/lifecycle/LifecycleExecutionException|,|java+class:///java/lang/Exception|>,|project://maven-3.0.5/maven-core/src/main/java/org/apache/maven/lifecycle/LifecycleExecutionException.java|(1887,24,<62,8>,<62,32>)>,
  <<|java+class:///org/apache/maven/artifact/metadata/AbstractArtifactMetadata|,|java+class:///org/apache/maven/repository/legacy/metadata/AbstractArtifactMetadata|>,|project://maven-3.0.5/maven-core/src/main/java/org/apache/maven/artifact/metadata/AbstractArtifactMetadata.java|(1180,18,<31,8>,<31,26>)>,
  <<|java+class:///org/apache/maven/plugin/AbstractMojoExecutionException|,|java+class:///java/lang/Exception|>,|project://maven-3.0.5/maven-plugin-api/src/main/java/org/apache/maven/plugin/AbstractMojoExecutionException.java|(1266,24,<41,8>,<41,32>)>,
  <<|java+class:///org/apache/maven/plugin/AbstractMojoExecutionException|,|java+class:///java/lang/Exception|>,|project://maven-3.0.5/maven-plugin-api/src/main/java/org/apache/maven/plugin/AbstractMojoExecutionException.java|(1150,17,<36,8>,<36,25>)>,
  <<|java+class:///org/apache/maven/project/artifact/AttachedArtifact|,|java+class:///org/apache/maven/artifact/DefaultArtifact|>,|project://maven-3.0.5/maven-core/src/main/java/org/apache/maven/project/artifact/AttachedArtifact.java|(1872,169,<48,8>,<49,66>)>,
  <<|java+class:///org/apache/maven/plugin/PluginIncompatibleException|,|java+class:///org/apache/maven/plugin/PluginManagerException|>,|project://maven-3.0.5/maven-core/src/main/java/org/apache/maven/plugin/PluginIncompatibleException.java|(1130,43,<33,8>,<33,51>)>,
  <<|java+class:///org/apache/maven/plugin/PluginContainerException|,|java+class:///org/apache/maven/plugin/PluginManagerException|>,|project://maven-3.0.5/maven-core/src/main/java/org/apache/maven/plugin/PluginContainerException.java|(2891,28,<78,8>,<78,36>)>,
  <<|java+class:///org/apache/maven/plugin/PluginContainerException|,|java+class:///org/apache/maven/plugin/PluginManagerException|>,|project://maven-3.0.5/maven-core/src/main/java/org/apache/maven/plugin/PluginContainerException.java|(2638,28,<70,8>,<70,36>)>,
  <<|java+class:///org/apache/maven/plugin/PluginContainerException|,|java+class:///org/apache/maven/plugin/PluginManagerException|>,|project://maven-3.0.5/maven-core/src/main/java/org/apache/maven/plugin/PluginContainerException.java|(1907,36,<47,8>,<47,44>)>,
  <<|java+class:///org/apache/maven/plugin/PluginContainerException|,|java+class:///org/apache/maven/plugin/PluginManagerException|>,|project://maven-3.0.5/maven-core/src/main/java/org/apache/maven/plugin/PluginContainerException.java|(2385,28,<62,8>,<62,36>)>,
  <<|java+class:///org/apache/maven/plugin/PluginContainerException|,|java+class:///org/apache/maven/plugin/PluginManagerException|>,|project://maven-3.0.5/maven-core/src/main/java/org/apache/maven/plugin/PluginContainerException.java|(2180,36,<55,8>,<55,44>)>,
  <<|java+class:///org/apache/maven/plugin/PluginDescriptorParsingException|,|java+class:///java/lang/Exception|>,|project://maven-3.0.5/maven-core/src/main/java/org/apache/maven/plugin/PluginDescriptorParsingException.java|(1100,59,<33,8>,<33,67>)>,
  <<|java+class:///org/apache/maven/artifact/repository/metadata/RepositoryMetadataReadException|,|java+class:///java/lang/Exception|>,|project://maven-3.0.5/maven-compat/src/main/java/org/apache/maven/artifact/repository/metadata/RepositoryMetadataReadException.java|(1306,20,<38,8>,<38,28>)>,
  <<|java+class:///org/apache/maven/artifact/repository/metadata/RepositoryMetadataReadException|,|java+class:///java/lang/Exception|>,|project://maven-3.0.5/maven-compat/src/main/java/org/apache/maven/artifact/repository/metadata/RepositoryMetadataReadException.java|(1149,17,<32,8>,<32,25>)>,
  <<|java+class:///org/apache/maven/artifact/resolver/CyclicDependencyException|,|java+class:///org/apache/maven/artifact/resolver/ArtifactResolutionException|>,|project://maven-3.0.5/maven-artifact/src/main/java/org/apache/maven/artifact/resolver/CyclicDependencyException.java|(1256,27,<37,8>,<37,35>)>,
  <<|java+class:///org/apache/maven/artifact/repository/metadata/RepositoryMetadataStoreException|,|java+class:///java/lang/Exception|>,|project://maven-3.0.5/maven-artifact/src/main/java/org/apache/maven/artifact/repository/metadata/RepositoryMetadataStoreException.java|(1310,20,<38,8>,<38,28>)>,
  <<|java+class:///org/apache/maven/artifact/repository/metadata/RepositoryMetadataStoreException|,|java+class:///java/lang/Exception|>,|project://maven-3.0.5/maven-artifact/src/main/java/org/apache/maven/artifact/repository/metadata/RepositoryMetadataStoreException.java|(1151,17,<32,8>,<32,25>)>,
  <<|java+class:///org/apache/maven/project/harness/Xpp3DomNodePointer|,|java+class:///org/apache/commons/jxpath/ri/model/NodePointer|>,|project://maven-3.0.5/maven-core/src/test/java/org/apache/maven/project/harness/Xpp3DomNodePointer.java|(1528,16,<50,8>,<50,24>)>,
  <<|java+class:///org/apache/maven/project/harness/Xpp3DomNodePointer|,|java+class:///org/apache/commons/jxpath/ri/model/NodePointer|>,|project://maven-3.0.5/maven-core/src/test/java/org/apache/maven/project/harness/Xpp3DomNodePointer.java|(1400,14,<44,8>,<44,22>)>,
  <<|java+class:///org/apache/maven/model/profile/activation/PropertyProfileActivatorTest|,|java+class:///org/apache/maven/model/profile/activation/AbstractProfileActivatorTest|>,|project://maven-3.0.5/maven-model-builder/src/test/java/org/apache/maven/model/profile/activation/PropertyProfileActivatorTest.java|(1275,40,<39,8>,<39,48>)>,
  <<|java+class:///org/apache/maven/repository/metadata/MetadataGraphEdge|,|java+project:///|>,|project://maven-3.0.5/maven-compat/src/main/java/org/apache/maven/repository/metadata/MetadataGraphEdge.java|(1822,8,<54,8>,<54,16>)>,
  <<|java+class:///org/apache/maven/artifact/InvalidArtifactRTException|,|java+class:///java/lang/RuntimeException|>,|project://maven-3.0.5/maven-artifact/src/main/java/org/apache/maven/artifact/InvalidArtifactRTException.java|(2035,15,<56,8>,<56,23>)>,
  <<|java+class:///org/apache/maven/plugin/InvalidPluginException|,|java+class:///java/lang/Exception|>,|project://maven-3.0.5/maven-core/src/main/java/org/apache/maven/plugin/InvalidPluginException.java|(1258,20,<35,8>,<35,28>)>,
  <<|java+class:///org/apache/maven/plugin/InvalidPluginException|,|java+class:///java/lang/Exception|>,|project://maven-3.0.5/maven-core/src/main/java/org/apache/maven/plugin/InvalidPluginException.java|(1483,17,<45,8>,<45,25>)>,
  <<|java+class:///org/apache/maven/plugin/InvalidPluginException|,|java+class:///java/lang/Exception|>,|project://maven-3.0.5/maven-core/src/main/java/org/apache/maven/plugin/InvalidPluginException.java|(1389,20,<40,8>,<40,28>)>,
  <<|java+class:///org/apache/maven/plugin/prefix/NoPluginFoundForPrefixException|,|java+class:///java/lang/Exception|>,|project://maven-3.0.5/maven-core/src/main/java/org/apache/maven/plugin/prefix/NoPluginFoundForPrefixException.java|(1276,217,<34,8>,<35,115>)>,
  <<|java+class:///org/apache/maven/DuplicateProjectException|,|java+class:///org/apache/maven/MavenExecutionException|>,|project://maven-3.0.5/maven-core/src/main/java/org/apache/maven/DuplicateProjectException.java|(1554,30,<46,8>,<46,38>)>,
  <<|java+class:///org/apache/maven/project/DependencyResolutionException|,|java+class:///java/lang/Exception|>,|project://maven-3.0.5/maven-core/src/main/java/org/apache/maven/project/DependencyResolutionException.java|(1122,24,<33,8>,<33,32>)>,
  <<|java+class:///org/apache/maven/artifact/resolver/ArtifactNotFoundException|,|java+class:///org/apache/maven/artifact/resolver/AbstractArtifactResolutionException|>,|project://maven-3.0.5/maven-artifact/src/main/java/org/apache/maven/artifact/resolver/ArtifactNotFoundException.java|(2418,267,<59,8>,<61,49>)>,
  <<|java+class:///org/apache/maven/artifact/resolver/ArtifactNotFoundException|,|java+class:///org/apache/maven/artifact/resolver/AbstractArtifactResolutionException|>,|project://maven-3.0.5/maven-artifact/src/main/java/org/apache/maven/artifact/resolver/ArtifactNotFoundException.java|(3049,260,<70,8>,<72,42>)>,
  <<|java+class:///org/apache/maven/artifact/resolver/ArtifactNotFoundException|,|java+class:///org/apache/maven/artifact/resolver/AbstractArtifactResolutionException|>,|project://maven-3.0.5/maven-artifact/src/main/java/org/apache/maven/artifact/resolver/ArtifactNotFoundException.java|(1277,47,<38,8>,<38,55>)>,
  <<|java+class:///org/apache/maven/MavenExecutionException|,|java+class:///java/lang/Exception|>,|project://maven-3.0.5/maven-core/src/main/java/org/apache/maven/MavenExecutionException.java|(1288,24,<42,8>,<42,32>)>,
  <<|java+class:///org/apache/maven/MavenExecutionException|,|java+class:///java/lang/Exception|>,|project://maven-3.0.5/maven-core/src/main/java/org/apache/maven/MavenExecutionException.java|(1436,24,<48,8>,<48,32>)>,
  <<|java+class:///org/apache/maven/MavenExecutionException|,|java+class:///java/lang/Exception|>,|project://maven-3.0.5/maven-core/src/main/java/org/apache/maven/MavenExecutionException.java|(1118,17,<36,8>,<36,25>)>,
  <<|java+class:///org/apache/maven/execution/BuildSuccess|,|java+class:///org/apache/maven/execution/BuildSummary|>,|project://maven-3.0.5/maven-core/src/main/java/org/apache/maven/execution/BuildSuccess.java|(1362,23,<41,8>,<41,31>)>,
  <<|java+class:///org/apache/maven/ProjectCycleException|,|java+class:///org/apache/maven/BuildFailureException|>,|project://maven-3.0.5/maven-core/src/main/java/org/apache/maven/ProjectCycleException.java|(1089,24,<32,8>,<32,32>)>,
  <<|java+class:///org/apache/maven/project/interpolation/BuildTimestampValueSource|,|java+class:///org/codehaus/plexus/interpolation/AbstractValueSource|>,|project://maven-3.0.5/maven-compat/src/main/java/org/apache/maven/project/interpolation/BuildTimestampValueSource.java|(1268,15,<43,8>,<43,23>)>,
  <<|java+class:///org/apache/maven/artifact/repository/metadata/ArtifactRepositoryMetadata|,|java+class:///org/apache/maven/artifact/repository/metadata/AbstractRepositoryMetadata|>,|project://maven-3.0.5/maven-core/src/main/java/org/apache/maven/artifact/repository/metadata/ArtifactRepositoryMetadata.java|(1679,48,<47,8>,<47,56>)>,
  <<|java+class:///org/apache/maven/plugin/PluginLoaderException|,|java+class:///java/lang/Exception|>,|project://maven-3.0.5/maven-core/src/main/java/org/apache/maven/plugin/PluginLoaderException.java|(2473,24,<69,8>,<69,32>)>,
  <<|java+class:///org/apache/maven/plugin/PluginLoaderException|,|java+class:///java/lang/Exception|>,|project://maven-3.0.5/maven-core/src/main/java/org/apache/maven/plugin/PluginLoaderException.java|(3167,17,<93,8>,<93,25>)>,
  <<|java+class:///org/apache/maven/plugin/PluginLoaderException|,|java+class:///java/lang/Exception|>,|project://maven-3.0.5/maven-core/src/main/java/org/apache/maven/plugin/PluginLoaderException.java|(2091,24,<57,8>,<57,32>)>,
  <<|java+class:///org/apache/maven/plugin/PluginLoaderException|,|java+class:///java/lang/Exception|>,|project://maven-3.0.5/maven-core/src/main/java/org/apache/maven/plugin/PluginLoaderException.java|(2831,24,<81,8>,<81,32>)>,
  <<|java+class:///org/apache/maven/plugin/PluginLoaderException|,|java+class:///java/lang/Exception|>,|project://maven-3.0.5/maven-core/src/main/java/org/apache/maven/plugin/PluginLoaderException.java|(2280,24,<63,8>,<63,32>)>,
  <<|java+class:///org/apache/maven/plugin/PluginLoaderException|,|java+class:///java/lang/Exception|>,|project://maven-3.0.5/maven-core/src/main/java/org/apache/maven/plugin/PluginLoaderException.java|(3018,24,<87,8>,<87,32>)>,
  <<|java+class:///org/apache/maven/plugin/PluginLoaderException|,|java+class:///java/lang/Exception|>,|project://maven-3.0.5/maven-core/src/main/java/org/apache/maven/plugin/PluginLoaderException.java|(1911,24,<51,8>,<51,32>)>,
  <<|java+class:///org/apache/maven/plugin/PluginLoaderException|,|java+class:///java/lang/Exception|>,|project://maven-3.0.5/maven-core/src/main/java/org/apache/maven/plugin/PluginLoaderException.java|(2652,24,<75,8>,<75,32>)>,
  <<|java+class:///org/apache/maven/plugin/PluginLoaderException|,|java+class:///java/lang/Exception|>,|project://maven-3.0.5/maven-core/src/main/java/org/apache/maven/plugin/PluginLoaderException.java|(3691,17,<115,8>,<115,25>)>,
  <<|java+class:///org/apache/maven/plugin/PluginLoaderException|,|java+class:///java/lang/Exception|>,|project://maven-3.0.5/maven-core/src/main/java/org/apache/maven/plugin/PluginLoaderException.java|(1729,24,<45,8>,<45,32>)>,
  <<|java+class:///org/apache/maven/plugin/PluginLoaderException|,|java+class:///java/lang/Exception|>,|project://maven-3.0.5/maven-core/src/main/java/org/apache/maven/plugin/PluginLoaderException.java|(3536,24,<109,8>,<109,32>)>,
  <<|java+class:///org/apache/maven/plugin/PluginLoaderException|,|java+class:///java/lang/Exception|>,|project://maven-3.0.5/maven-core/src/main/java/org/apache/maven/plugin/PluginLoaderException.java|(3294,17,<99,8>,<99,25>)>,
  <<|java+class:///org/apache/maven/plugin/PluginLoaderException|,|java+class:///java/lang/Exception|>,|project://maven-3.0.5/maven-core/src/main/java/org/apache/maven/plugin/PluginLoaderException.java|(3401,24,<104,8>,<104,32>)>,
  <<|java+class:///org/apache/maven/artifact/resolver/AbstractArtifactResolutionException|,|java+class:///java/lang/Exception|>,|project://maven-3.0.5/maven-artifact/src/main/java/org/apache/maven/artifact/resolver/AbstractArtifactResolutionException.java|(3002,106,<79,8>,<79,114>)>,
  <<|java+class:///org/apache/maven/project/interpolation/RegexBasedModelInterpolator|,|java+class:///org/apache/maven/project/interpolation/AbstractStringBasedModelInterpolator|>,|project://maven-3.0.5/maven-compat/src/main/java/org/apache/maven/project/interpolation/RegexBasedModelInterpolator.java|(1603,24,<47,8>,<47,32>)>,
  <<|java+class:///org/apache/maven/lifecycle/internal/ThreadOutputMuxer/ThreadBoundPrintStream|,|java+class:///java/io/PrintStream|>,|project://maven-3.0.5/maven-core/src/main/java/org/apache/maven/lifecycle/internal/ThreadOutputMuxer.java|(6769,25,<211,12>,<211,37>)>,
  <<|java+class:///org/apache/maven/artifact/resolver/ArtifactResolutionException|,|java+class:///org/apache/maven/artifact/resolver/AbstractArtifactResolutionException|>,|project://maven-3.0.5/maven-artifact/src/main/java/org/apache/maven/artifact/resolver/ArtifactResolutionException.java|(2077,47,<53,8>,<53,55>)>,
  <<|java+class:///org/apache/maven/artifact/resolver/ArtifactResolutionException|,|java+class:///org/apache/maven/artifact/resolver/AbstractArtifactResolutionException|>,|project://maven-3.0.5/maven-artifact/src/main/java/org/apache/maven/artifact/resolver/ArtifactResolutionException.java|(2479,54,<64,8>,<64,62>)>,
  <<|java+class:///org/apache/maven/artifact/resolver/ArtifactResolutionException|,|java+class:///org/apache/maven/artifact/resolver/AbstractArtifactResolutionException|>,|project://maven-3.0.5/maven-artifact/src/main/java/org/apache/maven/artifact/resolver/ArtifactResolutionException.java|(1907,27,<48,8>,<48,35>)>,
  <<|java+class:///org/apache/maven/artifact/resolver/ArtifactResolutionException|,|java+class:///org/apache/maven/artifact/resolver/AbstractArtifactResolutionException|>,|project://maven-3.0.5/maven-artifact/src/main/java/org/apache/maven/artifact/resolver/ArtifactResolutionException.java|(2239,40,<58,8>,<58,48>)>,
  <<|java+class:///org/apache/maven/artifact/resolver/ArtifactResolutionException|,|java+class:///org/apache/maven/artifact/resolver/AbstractArtifactResolutionException|>,|project://maven-3.0.5/maven-artifact/src/main/java/org/apache/maven/artifact/resolver/ArtifactResolutionException.java|(1729,80,<43,8>,<43,88>)>,
  <<|java+class:///org/apache/maven/artifact/resolver/ArtifactResolutionException|,|java+class:///org/apache/maven/artifact/resolver/AbstractArtifactResolutionException|>,|project://maven-3.0.5/maven-artifact/src/main/java/org/apache/maven/artifact/resolver/ArtifactResolutionException.java|(1420,94,<37,8>,<37,102>)>,
  <<|java+class:///org/apache/maven/project/InvalidProjectVersionException|,|java+class:///org/apache/maven/project/ProjectBuildingException|>,|project://maven-3.0.5/maven-core/src/main/java/org/apache/maven/project/InvalidProjectVersionException.java|(1341,103,<37,8>,<37,111>)>,
  <<|java+class:///org/apache/maven/usability/plugin/ExpressionDocumentationException|,|java+class:///java/lang/Exception|>,|project://maven-3.0.5/maven-compat/src/main/java/org/apache/maven/usability/plugin/ExpressionDocumentationException.java|(1060,24,<29,8>,<29,32>)>,
  <<|java+class:///org/apache/maven/usability/plugin/ExpressionDocumentationException|,|java+class:///java/lang/Exception|>,|project://maven-3.0.5/maven-compat/src/main/java/org/apache/maven/usability/plugin/ExpressionDocumentationException.java|(1168,17,<34,8>,<34,25>)>,
  <<|java+class:///org/apache/maven/repository/ArtifactTransferFailedException|,|java+class:///java/lang/Exception|>,|project://maven-3.0.5/maven-core/src/main/java/org/apache/maven/repository/ArtifactTransferFailedException.java|(1126,24,<32,8>,<32,32>)>,
  <<|java+class:///org/apache/maven/repository/ArtifactTransferFailedException|,|java+class:///java/lang/Exception|>,|project://maven-3.0.5/maven-core/src/main/java/org/apache/maven/repository/ArtifactTransferFailedException.java|(997,17,<27,8>,<27,25>)>,
  <<|java+class:///org/apache/maven/plugin/PluginExecutionException|,|java+class:///org/apache/maven/plugin/PluginManagerException|>,|project://maven-3.0.5/maven-core/src/main/java/org/apache/maven/plugin/PluginExecutionException.java|(2073,101,<53,8>,<53,109>)>,
  <<|java+class:///org/apache/maven/plugin/PluginExecutionException|,|java+class:///org/apache/maven/plugin/PluginManagerException|>,|project://maven-3.0.5/maven-core/src/main/java/org/apache/maven/plugin/PluginExecutionException.java|(1736,101,<46,8>,<46,109>)>,
  <<|java+class:///org/apache/maven/plugin/PluginExecutionException|,|java+class:///org/apache/maven/plugin/PluginManagerException|>,|project://maven-3.0.5/maven-core/src/main/java/org/apache/maven/plugin/PluginExecutionException.java|(1496,68,<40,8>,<40,76>)>,
  <<|java+class:///org/apache/maven/plugin/PluginExecutionException|,|java+class:///org/apache/maven/plugin/PluginManagerException|>,|project://maven-3.0.5/maven-core/src/main/java/org/apache/maven/plugin/PluginExecutionException.java|(1247,61,<34,8>,<34,69>)>,
  <<|java+class:///org/apache/maven/plugin/PluginNotFoundException|,|java+class:///org/apache/maven/artifact/resolver/AbstractArtifactResolutionException|>,|project://maven-3.0.5/maven-core/src/main/java/org/apache/maven/plugin/PluginNotFoundException.java|(1451,229,<41,8>,<42,120>)>,
  <<|java+class:///org/apache/maven/plugin/PluginNotFoundException|,|java+class:///org/apache/maven/artifact/resolver/AbstractArtifactResolutionException|>,|project://maven-3.0.5/maven-core/src/main/java/org/apache/maven/plugin/PluginNotFoundException.java|(1829,290,<48,8>,<50,85>)>,
  <<|java+class:///org/apache/maven/model/building/ModelBuildingException|,|java+class:///java/lang/Exception|>,|project://maven-3.0.5/maven-model-builder/src/main/java/org/apache/maven/model/building/ModelBuildingException.java|(1961,40,<53,8>,<53,48>)>,
  <<|java+class:///org/apache/maven/model/building/ModelBuildingException|,|java+class:///java/lang/Exception|>,|project://maven-3.0.5/maven-model-builder/src/main/java/org/apache/maven/model/building/ModelBuildingException.java|(2702,29,<80,8>,<80,37>)>,
  <<|java+class:///org/apache/maven/artifact/repository/metadata/SnapshotArtifactRepositoryMetadata|,|java+class:///org/apache/maven/artifact/repository/metadata/AbstractRepositoryMetadata|>,|project://maven-3.0.5/maven-compat/src/main/java/org/apache/maven/artifact/repository/metadata/SnapshotArtifactRepositoryMetadata.java|(1619,66,<45,8>,<45,74>)>,
  <<|java+class:///org/apache/maven/artifact/repository/metadata/SnapshotArtifactRepositoryMetadata|,|java+class:///org/apache/maven/artifact/repository/metadata/AbstractRepositoryMetadata|>,|project://maven-3.0.5/maven-compat/src/main/java/org/apache/maven/artifact/repository/metadata/SnapshotArtifactRepositoryMetadata.java|(1388,42,<38,8>,<38,50>)>,
  <<|java+class:///org/apache/maven/reporting/MavenReportException|,|java+class:///java/lang/Exception|>,|project://maven-3.0.5/maven-compat/src/main/java/org/apache/maven/reporting/MavenReportException.java|(1216,16,<37,8>,<37,24>)>,
  <<|java+class:///org/apache/maven/reporting/MavenReportException|,|java+class:///java/lang/Exception|>,|project://maven-3.0.5/maven-compat/src/main/java/org/apache/maven/reporting/MavenReportException.java|(1122,13,<32,8>,<32,21>)>,
  <<|java+class:///org/apache/maven/toolchain/RequirementMatcherFactoryTest|,|java+class:///junit/framework/TestCase|>,|project://maven-3.0.5/maven-core/src/test/java/org/apache/maven/toolchain/RequirementMatcherFactoryTest.java|(1050,18,<34,8>,<34,26>)>,
  <<|java+class:///org/apache/maven/plugin/MojoFailureException|,|java+class:///org/apache/maven/plugin/AbstractMojoExecutionException|>,|project://maven-3.0.5/maven-plugin-api/src/main/java/org/apache/maven/plugin/MojoFailureException.java|(1542,22,<42,8>,<42,30>)>,
  <<|java+class:///org/apache/maven/plugin/MojoFailureException|,|java+class:///org/apache/maven/plugin/AbstractMojoExecutionException|>,|project://maven-3.0.5/maven-plugin-api/src/main/java/org/apache/maven/plugin/MojoFailureException.java|(2188,24,<67,8>,<67,32>)>,
  <<|java+class:///org/apache/maven/plugin/MojoFailureException|,|java+class:///org/apache/maven/plugin/AbstractMojoExecutionException|>,|project://maven-3.0.5/maven-plugin-api/src/main/java/org/apache/maven/plugin/MojoFailureException.java|(1839,17,<54,8>,<54,25>)>,
  <<|java+class:///org/apache/maven/project/artifact/InvalidDependencyVersionException|,|java+class:///org/apache/maven/project/InvalidProjectVersionException|>,|project://maven-3.0.5/maven-core/src/main/java/org/apache/maven/project/artifact/InvalidDependencyVersionException.java|(1568,95,<42,8>,<42,103>)>,
  <<|java+class:///org/apache/maven/artifact/repository/metadata/RepositoryMetadataResolutionException|,|java+class:///java/lang/Exception|>,|project://maven-3.0.5/maven-core/src/main/java/org/apache/maven/artifact/repository/metadata/RepositoryMetadataResolutionException.java|(1160,17,<32,8>,<32,25>)>,
  <<|java+class:///org/apache/maven/artifact/repository/metadata/RepositoryMetadataResolutionException|,|java+class:///java/lang/Exception|>,|project://maven-3.0.5/maven-core/src/main/java/org/apache/maven/artifact/repository/metadata/RepositoryMetadataResolutionException.java|(1329,20,<38,8>,<38,28>)>,
  <<|java+class:///org/apache/maven/plugin/PluginConfigurationException|,|java+class:///java/lang/Exception|>,|project://maven-3.0.5/maven-core/src/main/java/org/apache/maven/plugin/PluginConfigurationException.java|(2714,32,<70,8>,<70,40>)>,
  <<|java+class:///org/apache/maven/plugin/PluginConfigurationException|,|java+class:///java/lang/Exception|>,|project://maven-3.0.5/maven-core/src/main/java/org/apache/maven/plugin/PluginConfigurationException.java|(2388,32,<62,8>,<62,40>)>,
  <<|java+class:///org/apache/maven/plugin/PluginConfigurationException|,|java+class:///java/lang/Exception|>,|project://maven-3.0.5/maven-core/src/main/java/org/apache/maven/plugin/PluginConfigurationException.java|(1724,32,<46,8>,<46,40>)>,
  <<|java+class:///org/apache/maven/plugin/PluginConfigurationException|,|java+class:///java/lang/Exception|>,|project://maven-3.0.5/maven-core/src/main/java/org/apache/maven/plugin/PluginConfigurationException.java|(1461,25,<39,8>,<39,33>)>,
  <<|java+class:///org/apache/maven/plugin/PluginConfigurationException|,|java+class:///java/lang/Exception|>,|project://maven-3.0.5/maven-core/src/main/java/org/apache/maven/plugin/PluginConfigurationException.java|(2055,32,<54,8>,<54,40>)>,
  <<|java+class:///org/apache/maven/repository/metadata/MetadataGraphVertex|,|java+project:///|>,|project://maven-3.0.5/maven-compat/src/main/java/org/apache/maven/repository/metadata/MetadataGraphVertex.java|(1357,8,<40,8>,<40,16>)>,
  <<|java+class:///org/apache/maven/settings/SettingsConfigurationException|,|java+class:///java/lang/Exception|>,|project://maven-3.0.5/maven-core/src/main/java/org/apache/maven/settings/SettingsConfigurationException.java|(1439,152,<46,8>,<47,81>)>,
  <<|java+class:///org/apache/maven/settings/SettingsConfigurationException|,|java+class:///java/lang/Exception|>,|project://maven-3.0.5/maven-core/src/main/java/org/apache/maven/settings/SettingsConfigurationException.java|(1166,17,<36,8>,<36,25>)>,
  <<|java+class:///org/apache/maven/settings/SettingsConfigurationException|,|java+class:///java/lang/Exception|>,|project://maven-3.0.5/maven-core/src/main/java/org/apache/maven/settings/SettingsConfigurationException.java|(1282,24,<41,8>,<41,32>)>,
  <<|java+class:///org/apache/maven/plugin/descriptor/DuplicateMojoDescriptorException|,|java+class:///org/apache/maven/plugin/descriptor/InvalidPluginDescriptorException|>,|project://maven-3.0.5/maven-plugin-api/src/main/java/org/apache/maven/plugin/descriptor/DuplicateMojoDescriptorException.java|(1141,238,<29,8>,<31,72>)>,
  <<|java+class:///org/apache/maven/project/artifact/ProjectArtifactMetadata|,|java+class:///org/apache/maven/artifact/metadata/AbstractArtifactMetadata|>,|project://maven-3.0.5/maven-core/src/main/java/org/apache/maven/project/artifact/ProjectArtifactMetadata.java|(1661,18,<49,8>,<49,26>)>,
  <<|java+class:///org/apache/maven/execution/BuildFailure|,|java+class:///org/apache/maven/execution/BuildSummary|>,|project://maven-3.0.5/maven-core/src/main/java/org/apache/maven/execution/BuildFailure.java|(1539,23,<47,8>,<47,31>)>,
  <<|java+class:///org/apache/maven/settings/building/SettingsBuildingException|,|java+class:///java/lang/Exception|>,|project://maven-3.0.5/maven-settings-builder/src/main/java/org/apache/maven/settings/building/SettingsBuildingException.java|(1641,31,<47,8>,<47,39>)>,
  <<|java+class:///org/apache/maven/lifecycle/LifecyclePhaseNotFoundException|,|java+class:///java/lang/Exception|>,|project://maven-3.0.5/maven-core/src/main/java/org/apache/maven/lifecycle/LifecyclePhaseNotFoundException.java|(1471,17,<41,8>,<41,25>)>,
  <<|java+class:///org/apache/maven/plugin/PluginResolutionException|,|java+class:///java/lang/Exception|>,|project://maven-3.0.5/maven-core/src/main/java/org/apache/maven/plugin/PluginResolutionException.java|(1188,135,<37,8>,<38,23>)>,
  <<|java+class:///org/apache/maven/artifact/InvalidRepositoryException|,|java+class:///java/lang/Exception|>,|project://maven-3.0.5/maven-core/src/main/java/org/apache/maven/artifact/InvalidRepositoryException.java|(1685,17,<51,8>,<51,25>)>,
  <<|java+class:///org/apache/maven/artifact/InvalidRepositoryException|,|java+class:///java/lang/Exception|>,|project://maven-3.0.5/maven-core/src/main/java/org/apache/maven/artifact/InvalidRepositoryException.java|(1312,24,<38,8>,<38,32>)>,
  <<|java+class:///org/apache/maven/artifact/InvalidRepositoryException|,|java+class:///java/lang/Exception|>,|project://maven-3.0.5/maven-core/src/main/java/org/apache/maven/artifact/InvalidRepositoryException.java|(1835,17,<57,8>,<57,25>)>,
  <<|java+class:///org/apache/maven/artifact/InvalidRepositoryException|,|java+class:///java/lang/Exception|>,|project://maven-3.0.5/maven-core/src/main/java/org/apache/maven/artifact/InvalidRepositoryException.java|(1512,24,<44,8>,<44,32>)>,
  <<|java+class:///org/apache/maven/artifact/versioning/InvalidVersionSpecificationException|,|java+class:///java/lang/Exception|>,|project://maven-3.0.5/maven-artifact/src/main/java/org/apache/maven/artifact/versioning/InvalidVersionSpecificationException.java|(1119,17,<32,8>,<32,25>)>,
  <<|java+class:///org/apache/maven/model/resolution/InvalidRepositoryException|,|java+class:///java/lang/Exception|>,|project://maven-3.0.5/maven-model-builder/src/main/java/org/apache/maven/model/resolution/InvalidRepositoryException.java|(1619,24,<47,8>,<47,32>)>,
  <<|java+class:///org/apache/maven/model/resolution/InvalidRepositoryException|,|java+class:///java/lang/Exception|>,|project://maven-3.0.5/maven-model-builder/src/main/java/org/apache/maven/model/resolution/InvalidRepositoryException.java|(2040,17,<59,8>,<59,25>)>,
  <<|java+class:///org/apache/maven/project/DuplicateProjectException|,|java+class:///java/lang/Exception|>,|project://maven-3.0.5/maven-core/src/main/java/org/apache/maven/project/DuplicateProjectException.java|(1952,17,<60,8>,<60,25>)>,
  <<|java+class:///org/apache/maven/project/DuplicateProjectException|,|java+class:///java/lang/Exception|>,|project://maven-3.0.5/maven-core/src/main/java/org/apache/maven/project/DuplicateProjectException.java|(1628,20,<51,8>,<51,28>)>,
  <<|java+class:///org/apache/maven/repository/LocalRepositoryNotAccessibleException|,|java+class:///java/io/IOException|>,|project://maven-3.0.5/maven-core/src/main/java/org/apache/maven/repository/LocalRepositoryNotAccessibleException.java|(1292,17,<41,8>,<41,25>)>,
  <<|java+class:///org/apache/maven/repository/LocalRepositoryNotAccessibleException|,|java+class:///java/io/IOException|>,|project://maven-3.0.5/maven-core/src/main/java/org/apache/maven/repository/LocalRepositoryNotAccessibleException.java|(1158,17,<35,8>,<35,25>)>,
  <<|java+class:///org/apache/maven/project/artifact/PluginArtifact|,|java+class:///org/apache/maven/artifact/DefaultArtifact|>,|project://maven-3.0.5/maven-core/src/main/java/org/apache/maven/project/artifact/PluginArtifact.java|(1346,146,<39,8>,<40,45>)>,
  <<|java+class:///org/apache/maven/artifact/manager/WagonConfigurationException|,|java+class:///org/apache/maven/repository/legacy/WagonConfigurationException|>,|project://maven-3.0.5/maven-compat/src/main/java/org/apache/maven/artifact/manager/WagonConfigurationException.java|(1124,38,<31,8>,<31,46>)>,
  <<|java+class:///org/apache/maven/artifact/manager/WagonConfigurationException|,|java+class:///org/apache/maven/repository/legacy/WagonConfigurationException|>,|project://maven-3.0.5/maven-compat/src/main/java/org/apache/maven/artifact/manager/WagonConfigurationException.java|(1262,31,<36,8>,<36,39>)>,
  <<|java+class:///org/apache/maven/execution/MavenExecutionRequestPopulationException|,|java+class:///java/lang/Exception|>,|project://maven-3.0.5/maven-core/src/main/java/org/apache/maven/execution/MavenExecutionRequestPopulationException.java|(1150,15,<35,8>,<35,23>)>,
  <<|java+class:///org/apache/maven/execution/MavenExecutionRequestPopulationException|,|java+class:///java/lang/Exception|>,|project://maven-3.0.5/maven-core/src/main/java/org/apache/maven/execution/MavenExecutionRequestPopulationException.java|(1309,24,<41,8>,<41,32>)>,
  <<|java+class:///org/apache/maven/execution/MavenExecutionRequestPopulationException|,|java+class:///java/lang/Exception|>,|project://maven-3.0.5/maven-core/src/main/java/org/apache/maven/execution/MavenExecutionRequestPopulationException.java|(1040,17,<30,8>,<30,25>)>,
  <<|java+class:///org/apache/maven/repository/VersionNotFoundException|,|java+class:///java/lang/Exception|>,|project://maven-3.0.5/maven-compat/src/main/java/org/apache/maven/repository/VersionNotFoundException.java|(1564,139,<45,8>,<46,31>)>,
  <<|java+class:///org/apache/maven/toolchain/java/DefaultJavaToolChain|,|java+class:///org/apache/maven/toolchain/DefaultToolchain|>,|project://maven-3.0.5/maven-core/src/main/java/org/apache/maven/toolchain/java/DefaultJavaToolChain.java|(1512,30,<45,8>,<45,38>)>,
  <<|java+class:///org/apache/maven/repository/internal/VersionsMetadata|,|java+class:///org/apache/maven/repository/internal/MavenMetadata|>,|project://maven-3.0.5/maven-aether-provider/src/main/java/org/apache/maven/repository/internal/VersionsMetadata.java|(1557,42,<49,8>,<49,50>)>,
  <<|java+class:///org/apache/maven/repository/internal/VersionsMetadata|,|java+class:///org/apache/maven/repository/internal/MavenMetadata|>,|project://maven-3.0.5/maven-aether-provider/src/main/java/org/apache/maven/repository/internal/VersionsMetadata.java|(1399,42,<43,8>,<43,50>)>,
  <<|java+class:///org/apache/maven/plugin/descriptor/DuplicateParameterException|,|java+class:///org/apache/maven/plugin/descriptor/InvalidPluginDescriptorException|>,|project://maven-3.0.5/maven-plugin-api/src/main/java/org/apache/maven/plugin/descriptor/DuplicateParameterException.java|(1013,17,<28,8>,<28,25>)>,
  <<|java+class:///org/apache/maven/project/MissingRepositoryElementException|,|java+class:///org/apache/maven/artifact/InvalidRepositoryException|>,|project://maven-3.0.5/maven-compat/src/main/java/org/apache/maven/project/MissingRepositoryElementException.java|(1092,31,<30,8>,<30,39>)>,
  <<|java+class:///org/apache/maven/project/MissingRepositoryElementException|,|java+class:///org/apache/maven/artifact/InvalidRepositoryException|>,|project://maven-3.0.5/maven-compat/src/main/java/org/apache/maven/project/MissingRepositoryElementException.java|(1208,30,<35,8>,<35,38>)>,
  <<|java+class:///org/apache/maven/project/LegacyLocalRepositoryManager|,|java+class:///org/sonatype/aether/impl/internal/SimpleLocalRepositoryManager|>,|project://maven-3.0.5/maven-core/src/test/java/org/apache/maven/project/LegacyLocalRepositoryManager.java|(1348,17,<39,8>,<39,25>)>,
  <<|java+class:///org/apache/maven/repository/ArtifactTransferEvent|,|java+class:///java/util/EventObject|>,|project://maven-3.0.5/maven-core/src/main/java/org/apache/maven/repository/ArtifactTransferEvent.java|(2391,15,<91,8>,<91,23>)>,
  <<|java+class:///org/apache/maven/lifecycle/NoGoalSpecifiedException|,|java+class:///java/lang/Exception|>,|project://maven-3.0.5/maven-core/src/main/java/org/apache/maven/lifecycle/NoGoalSpecifiedException.java|(1198,17,<38,8>,<38,25>)>,
  <<|java+class:///org/apache/maven/artifact/repository/metadata/MetadataBridge/MetadataRepository|,|java+class:///org/apache/maven/artifact/repository/DefaultArtifactRepository|>,|project://maven-3.0.5/maven-compat/src/main/java/org/apache/maven/artifact/repository/metadata/MetadataBridge.java|(3915,27,<139,12>,<139,39>)>,
  <<|java+class:///org/apache/maven/artifact/UnknownRepositoryLayoutException|,|java+class:///org/apache/maven/artifact/InvalidRepositoryException|>,|project://maven-3.0.5/maven-compat/src/main/java/org/apache/maven/artifact/UnknownRepositoryLayoutException.java|(1374,88,<39,8>,<39,96>)>,
  <<|java+class:///org/apache/maven/artifact/UnknownRepositoryLayoutException|,|java+class:///org/apache/maven/artifact/InvalidRepositoryException|>,|project://maven-3.0.5/maven-compat/src/main/java/org/apache/maven/artifact/UnknownRepositoryLayoutException.java|(1630,91,<45,8>,<45,99>)>,
  <<|java+class:///org/apache/maven/project/ProjectBuildingException|,|java+class:///java/lang/Exception|>,|project://maven-3.0.5/maven-core/src/main/java/org/apache/maven/project/ProjectBuildingException.java|(2275,34,<75,8>,<75,42>)>,
  <<|java+class:///org/apache/maven/project/ProjectBuildingException|,|java+class:///java/lang/Exception|>,|project://maven-3.0.5/maven-core/src/main/java/org/apache/maven/project/ProjectBuildingException.java|(2049,61,<68,8>,<68,69>)>,
  <<|java+class:///org/apache/maven/project/ProjectBuildingException|,|java+class:///java/lang/Exception|>,|project://maven-3.0.5/maven-core/src/main/java/org/apache/maven/project/ProjectBuildingException.java|(1675,54,<55,8>,<55,62>)>,
  <<|java+class:///org/apache/maven/project/ProjectBuildingException|,|java+class:///java/lang/Exception|>,|project://maven-3.0.5/maven-core/src/main/java/org/apache/maven/project/ProjectBuildingException.java|(1369,58,<44,8>,<44,66>)>,
  <<|java+class:///org/apache/maven/repository/legacy/ChecksumFailedException|,|java+class:///org/apache/maven/wagon/TransferFailedException|>,|project://maven-3.0.5/maven-compat/src/main/java/org/apache/maven/repository/legacy/ChecksumFailedException.java|(1299,24,<40,8>,<40,32>)>,
  <<|java+class:///org/apache/maven/repository/legacy/ChecksumFailedException|,|java+class:///org/apache/maven/wagon/TransferFailedException|>,|project://maven-3.0.5/maven-compat/src/main/java/org/apache/maven/repository/legacy/ChecksumFailedException.java|(1160,11,<34,8>,<34,19>)>,
  <<|java+class:///org/apache/maven/plugin/version/PluginVersionNotFoundException|,|java+class:///java/lang/Exception|>,|project://maven-3.0.5/maven-core/src/main/java/org/apache/maven/plugin/version/PluginVersionNotFoundException.java|(1084,111,<31,8>,<31,119>)>,
  <<|java+class:///org/apache/maven/artifact/resolver/filter/ExcludesArtifactFilter|,|java+class:///org/apache/maven/artifact/resolver/filter/IncludesArtifactFilter|>,|project://maven-3.0.5/maven-core/src/main/java/org/apache/maven/artifact/resolver/filter/ExcludesArtifactFilter.java|(1272,18,<37,8>,<37,26>)>,
  <<|java+class:///org/apache/maven/cli/PrintStreamLogger|,|java+class:///org/codehaus/plexus/logging/AbstractLogger|>,|project://maven-3.0.5/maven-embedder/src/main/java/org/apache/maven/cli/PrintStreamLogger.java|(1881,50,<67,8>,<67,58>)>,
  <<|java+class:///org/apache/maven/cli/PrintStreamLogger|,|java+class:///org/codehaus/plexus/logging/AbstractLogger|>,|project://maven-3.0.5/maven-embedder/src/main/java/org/apache/maven/cli/PrintStreamLogger.java|(1590,50,<56,8>,<56,58>)>,
  <<|java+class:///org/apache/maven/model/resolution/UnresolvableModelException|,|java+class:///java/lang/Exception|>,|project://maven-3.0.5/maven-model-builder/src/main/java/org/apache/maven/model/resolution/UnresolvableModelException.java|(1966,24,<58,8>,<58,32>)>,
  <<|java+class:///org/apache/maven/model/resolution/UnresolvableModelException|,|java+class:///java/lang/Exception|>,|project://maven-3.0.5/maven-model-builder/src/main/java/org/apache/maven/model/resolution/UnresolvableModelException.java|(2708,17,<74,8>,<74,25>)>,
  <<|java+class:///org/apache/maven/artifact/repository/metadata/RepositoryMetadataDeploymentException|,|java+class:///java/lang/Throwable|>,|project://maven-3.0.5/maven-core/src/main/java/org/apache/maven/artifact/repository/metadata/RepositoryMetadataDeploymentException.java|(1308,20,<38,8>,<38,28>)>,
  <<|java+class:///org/apache/maven/artifact/repository/metadata/RepositoryMetadataDeploymentException|,|java+class:///java/lang/Throwable|>,|project://maven-3.0.5/maven-core/src/main/java/org/apache/maven/artifact/repository/metadata/RepositoryMetadataDeploymentException.java|(1139,17,<32,8>,<32,25>)>,
  <<|java+class:///org/apache/maven/ProjectBuildFailureException|,|java+class:///org/apache/maven/BuildFailureException|>,|project://maven-3.0.5/maven-core/src/main/java/org/apache/maven/ProjectBuildFailureException.java|(660,88,<23,8>,<23,96>)>,
  <<|java+class:///org/apache/maven/artifact/metadata/ResolutionGroup|,|java+class:///org/apache/maven/repository/legacy/metadata/ResolutionGroup|>,|project://maven-3.0.5/maven-core/src/main/java/org/apache/maven/artifact/metadata/ResolutionGroup.java|(1610,92,<43,8>,<43,100>)>,
  <<|java+class:///org/apache/maven/artifact/metadata/ResolutionGroup|,|java+class:///org/apache/maven/repository/legacy/metadata/ResolutionGroup|>,|project://maven-3.0.5/maven-core/src/main/java/org/apache/maven/artifact/metadata/ResolutionGroup.java|(1312,56,<37,8>,<37,64>)>,
  <<|java+class:///org/apache/maven/plugin/descriptor/InvalidPluginDescriptorException|,|java+class:///org/codehaus/plexus/configuration/PlexusConfigurationException|>,|project://maven-3.0.5/maven-plugin-api/src/main/java/org/apache/maven/plugin/descriptor/InvalidPluginDescriptorException.java|(1216,17,<35,8>,<35,25>)>,
  <<|java+class:///org/apache/maven/plugin/descriptor/InvalidPluginDescriptorException|,|java+class:///org/codehaus/plexus/configuration/PlexusConfigurationException|>,|project://maven-3.0.5/maven-plugin-api/src/main/java/org/apache/maven/plugin/descriptor/InvalidPluginDescriptorException.java|(1108,24,<30,8>,<30,32>)>,
  <<|java+class:///org/apache/maven/repository/internal/LocalSnapshotMetadata|,|java+class:///org/apache/maven/repository/internal/MavenMetadata|>,|project://maven-3.0.5/maven-aether-provider/src/main/java/org/apache/maven/repository/internal/LocalSnapshotMetadata.java|(1607,56,<47,8>,<47,64>)>,
  <<|java+class:///org/apache/maven/repository/internal/LocalSnapshotMetadata|,|java+class:///org/apache/maven/repository/internal/MavenMetadata|>,|project://maven-3.0.5/maven-aether-provider/src/main/java/org/apache/maven/repository/internal/LocalSnapshotMetadata.java|(1814,24,<53,8>,<53,32>)>,
  <<|java+class:///org/apache/maven/plugin/version/PluginVersionResolutionException|,|java+class:///java/lang/Exception|>,|project://maven-3.0.5/maven-core/src/main/java/org/apache/maven/plugin/version/PluginVersionResolutionException.java|(2098,189,<57,8>,<58,83>)>,
  <<|java+class:///org/apache/maven/plugin/version/PluginVersionResolutionException|,|java+class:///java/lang/Exception|>,|project://maven-3.0.5/maven-core/src/main/java/org/apache/maven/plugin/version/PluginVersionResolutionException.java|(1642,101,<47,8>,<47,109>)>,
  <<|java+class:///org/apache/maven/plugin/version/PluginVersionResolutionException|,|java+class:///java/lang/Exception|>,|project://maven-3.0.5/maven-core/src/main/java/org/apache/maven/plugin/version/PluginVersionResolutionException.java|(1300,108,<38,8>,<38,116>)>,
  <<|java+class:///org/apache/maven/artifact/resolver/MultipleArtifactsNotFoundException|,|java+class:///org/apache/maven/artifact/resolver/ArtifactResolutionException|>,|project://maven-3.0.5/maven-artifact/src/main/java/org/apache/maven/artifact/resolver/MultipleArtifactsNotFoundException.java|(2576,87,<60,8>,<60,95>)>,
  <<|java+class:///org/apache/maven/plugin/PluginManagerException|,|java+class:///java/lang/Exception|>,|project://maven-3.0.5/maven-core/src/main/java/org/apache/maven/plugin/PluginManagerException.java|(4431,24,<120,8>,<120,32>)>,
  <<|java+class:///org/apache/maven/plugin/PluginManagerException|,|java+class:///java/lang/Exception|>,|project://maven-3.0.5/maven-core/src/main/java/org/apache/maven/plugin/PluginManagerException.java|(4787,24,<130,8>,<130,32>)>,
  <<|java+class:///org/apache/maven/plugin/PluginManagerException|,|java+class:///java/lang/Exception|>,|project://maven-3.0.5/maven-core/src/main/java/org/apache/maven/plugin/PluginManagerException.java|(5310,24,<142,8>,<142,32>)>,
  <<|java+class:///org/apache/maven/plugin/PluginManagerException|,|java+class:///java/lang/Exception|>,|project://maven-3.0.5/maven-core/src/main/java/org/apache/maven/plugin/PluginManagerException.java|(2190,24,<63,8>,<63,32>)>,
  <<|java+class:///org/apache/maven/plugin/PluginManagerException|,|java+class:///java/lang/Exception|>,|project://maven-3.0.5/maven-core/src/main/java/org/apache/maven/plugin/PluginManagerException.java|(3858,15,<102,8>,<102,23>)>,
  <<|java+class:///org/apache/maven/plugin/PluginManagerException|,|java+class:///java/lang/Exception|>,|project://maven-3.0.5/maven-core/src/main/java/org/apache/maven/plugin/PluginManagerException.java|(2481,24,<72,8>,<72,32>)>,
  <<|java+class:///org/apache/maven/plugin/PluginManagerException|,|java+class:///java/lang/Exception|>,|project://maven-3.0.5/maven-core/src/main/java/org/apache/maven/plugin/PluginManagerException.java|(4140,24,<111,8>,<111,32>)>,
  <<|java+class:///org/apache/maven/plugin/PluginManagerException|,|java+class:///java/lang/Exception|>,|project://maven-3.0.5/maven-core/src/main/java/org/apache/maven/plugin/PluginManagerException.java|(5728,24,<156,8>,<156,32>)>,
  <<|java+class:///org/apache/maven/plugin/PluginManagerException|,|java+class:///java/lang/Exception|>,|project://maven-3.0.5/maven-core/src/main/java/org/apache/maven/plugin/PluginManagerException.java|(6005,17,<165,8>,<165,25>)>,
  <<|java+class:///org/apache/maven/plugin/PluginManagerException|,|java+class:///java/lang/Exception|>,|project://maven-3.0.5/maven-core/src/main/java/org/apache/maven/plugin/PluginManagerException.java|(1886,24,<53,8>,<53,32>)>,
  <<|java+class:///org/apache/maven/plugin/PluginManagerException|,|java+class:///java/lang/Exception|>,|project://maven-3.0.5/maven-core/src/main/java/org/apache/maven/plugin/PluginManagerException.java|(3413,24,<92,8>,<92,32>)>,
  <<|java+class:///org/apache/maven/plugin/PluginManagerException|,|java+class:///java/lang/Exception|>,|project://maven-3.0.5/maven-core/src/main/java/org/apache/maven/plugin/PluginManagerException.java|(2907,17,<81,8>,<81,25>)>,
  <<|java+class:///org/apache/maven/repository/ArtifactDoesNotExistException|,|java+class:///java/lang/Exception|>,|project://maven-3.0.5/maven-core/src/main/java/org/apache/maven/repository/ArtifactDoesNotExistException.java|(993,17,<27,8>,<27,25>)>,
  <<|java+class:///org/apache/maven/repository/ArtifactDoesNotExistException|,|java+class:///java/lang/Exception|>,|project://maven-3.0.5/maven-core/src/main/java/org/apache/maven/repository/ArtifactDoesNotExistException.java|(1120,24,<32,8>,<32,32>)>,
  <<|java+class:///org/apache/maven/lifecycle/test/AppTest|,|java+class:///junit/framework/TestCase|>,|project://maven-3.0.5/maven-core/src/test/projects/lifecycle-executor/project-with-additional-lifecycle-elements/src/test/java/org/apache/maven/lifecycle/test/AppTest.java|(369,18,<20,8>,<20,26>)>,
  <<|java+class:///org/apache/maven/artifact/versioning/OverConstrainedVersionException|,|java+class:///org/apache/maven/artifact/resolver/ArtifactResolutionException|>,|project://maven-3.0.5/maven-artifact/src/main/java/org/apache/maven/artifact/versioning/OverConstrainedVersionException.java|(1675,43,<46,8>,<46,51>)>,
  <<|java+class:///org/apache/maven/artifact/versioning/OverConstrainedVersionException|,|java+class:///org/apache/maven/artifact/resolver/ArtifactResolutionException|>,|project://maven-3.0.5/maven-artifact/src/main/java/org/apache/maven/artifact/versioning/OverConstrainedVersionException.java|(1421,23,<39,8>,<39,31>)>,
  <<|java+class:///org/apache/maven/lifecycle/LifecycleNotFoundException|,|java+class:///java/lang/Exception|>,|project://maven-3.0.5/maven-core/src/main/java/org/apache/maven/lifecycle/LifecycleNotFoundException.java|(1323,44,<40,8>,<40,52>)>,
  <<|java+class:///org/apache/maven/artifact/DependencyResolutionRequiredException|,|java+class:///java/lang/Exception|>,|project://maven-3.0.5/maven-core/src/main/java/org/apache/maven/artifact/DependencyResolutionRequiredException.java|(1257,94,<33,8>,<33,102>)>,
  <<|java+class:///org/apache/maven/model/profile/activation/JdkVersionProfileActivatorTest|,|java+class:///org/apache/maven/model/profile/activation/AbstractProfileActivatorTest|>,|project://maven-3.0.5/maven-model-builder/src/test/java/org/apache/maven/model/profile/activation/JdkVersionProfileActivatorTest.java|(1233,42,<38,8>,<38,50>)>,
  <<|java+class:///org/apache/maven/cli/BatchModeMavenTransferListener|,|java+class:///org/apache/maven/cli/AbstractMavenTransferListener|>,|project://maven-3.0.5/maven-embedder/src/main/java/org/apache/maven/cli/BatchModeMavenTransferListener.java|(1031,13,<29,8>,<29,21>)>,
  <<|java+class:///org/apache/maven/embedder/AppTest|,|java+class:///junit/framework/TestCase|>,|project://maven-3.0.5/maven-embedder/src/examples/simple-project/src/test/java/org/apache/maven/embedder/AppTest.java|(363,18,<20,8>,<20,26>)>,
  <<|java+class:///org/apache/maven/artifact/repository/metadata/io/MetadataParseException|,|java+class:///java/io/IOException|>,|project://maven-3.0.5/maven-core/src/main/java/org/apache/maven/artifact/repository/metadata/io/MetadataParseException.java|(1805,17,<52,8>,<52,25>)>,
  <<|java+class:///org/apache/maven/artifact/repository/metadata/io/MetadataParseException|,|java+class:///java/io/IOException|>,|project://maven-3.0.5/maven-core/src/main/java/org/apache/maven/artifact/repository/metadata/io/MetadataParseException.java|(2464,17,<67,8>,<67,25>)>,
  <<|java+class:///org/apache/maven/plugin/InvalidPluginDescriptorException|,|java+class:///java/lang/Exception|>,|project://maven-3.0.5/maven-core/src/main/java/org/apache/maven/plugin/InvalidPluginDescriptorException.java|(1039,38,<30,8>,<30,46>)>,
  <<|java+class:///org/apache/maven/settings/io/SettingsParseException|,|java+class:///java/io/IOException|>,|project://maven-3.0.5/maven-settings-builder/src/main/java/org/apache/maven/settings/io/SettingsParseException.java|(2444,17,<67,8>,<67,25>)>,
  <<|java+class:///org/apache/maven/settings/io/SettingsParseException|,|java+class:///java/io/IOException|>,|project://maven-3.0.5/maven-settings-builder/src/main/java/org/apache/maven/settings/io/SettingsParseException.java|(1785,17,<52,8>,<52,25>)>,
  <<|java+class:///org/apache/maven/project/interpolation/ModelInterpolationException|,|java+class:///java/lang/Exception|>,|project://maven-3.0.5/maven-compat/src/main/java/org/apache/maven/project/interpolation/ModelInterpolationException.java|(1433,100,<48,8>,<48,108>)>,
  <<|java+class:///org/apache/maven/project/interpolation/ModelInterpolationException|,|java+class:///java/lang/Exception|>,|project://maven-3.0.5/maven-compat/src/main/java/org/apache/maven/project/interpolation/ModelInterpolationException.java|(1710,93,<56,8>,<56,101>)>,
  <<|java+class:///org/apache/maven/project/interpolation/ModelInterpolationException|,|java+class:///java/lang/Exception|>,|project://maven-3.0.5/maven-compat/src/main/java/org/apache/maven/project/interpolation/ModelInterpolationException.java|(1294,24,<43,8>,<43,32>)>,
  <<|java+class:///org/apache/maven/project/interpolation/ModelInterpolationException|,|java+class:///java/lang/Exception|>,|project://maven-3.0.5/maven-compat/src/main/java/org/apache/maven/project/interpolation/ModelInterpolationException.java|(1181,17,<38,8>,<38,25>)>,
  <<|java+class:///org/apache/maven/BuildFailureException|,|java+class:///java/lang/Exception|>,|project://maven-3.0.5/maven-core/src/main/java/org/apache/maven/BuildFailureException.java|(1169,24,<37,8>,<37,32>)>,
  <<|java+class:///org/apache/maven/BuildFailureException|,|java+class:///java/lang/Exception|>,|project://maven-3.0.5/maven-core/src/main/java/org/apache/maven/BuildFailureException.java|(1062,17,<32,8>,<32,25>)>,
  <<|java+class:///org/apache/maven/MissingModuleException|,|java+class:///org/apache/maven/MavenExecutionException|>,|project://maven-3.0.5/maven-core/src/main/java/org/apache/maven/MissingModuleException.java|(1099,90,<33,8>,<33,98>)>,
  <<|java+class:///org/apache/maven/plugin/MojoNotFoundException|,|java+class:///java/lang/Exception|>,|project://maven-3.0.5/maven-plugin-api/src/main/java/org/apache/maven/plugin/MojoNotFoundException.java|(1251,45,<37,8>,<37,53>)>,
  <<|java+class:///org/apache/maven/AppTest|,|java+class:///junit/framework/TestCase|>,|project://maven-3.0.5/maven-embedder/src/test/embedder-test-project/src/test/java/org/apache/maven/AppTest.java|(354,18,<20,8>,<20,26>)>,
  <<|java+class:///org/apache/maven/project/harness/Xpp3DomAttributePointer|,|java+class:///org/apache/commons/jxpath/ri/model/NodePointer|>,|project://maven-3.0.5/maven-core/src/test/java/org/apache/maven/project/harness/Xpp3DomAttributePointer.java|(1291,16,<40,8>,<40,24>)>,
  <<|java+class:///org/apache/maven/repository/legacy/resolver/conflict/ConflictResolverNotFoundException|,|java+class:///java/lang/Exception|>,|project://maven-3.0.5/maven-compat/src/main/java/org/apache/maven/repository/legacy/resolver/conflict/ConflictResolverNotFoundException.java|(1613,17,<45,8>,<45,25>)>,
  <<|java+class:///org/apache/maven/model/interpolation/BuildTimestampValueSource|,|java+class:///org/codehaus/plexus/interpolation/AbstractValueSource|>,|project://maven-3.0.5/maven-model-builder/src/main/java/org/apache/maven/model/interpolation/BuildTimestampValueSource.java|(1247,15,<42,8>,<42,23>)>,
  <<|java+class:///org/apache/maven/repository/metadata/GraphConflictResolutionException|,|java+class:///java/lang/Exception|>,|project://maven-3.0.5/maven-compat/src/main/java/org/apache/maven/repository/metadata/GraphConflictResolutionException.java|(1311,15,<43,8>,<43,23>)>,
  <<|java+class:///org/apache/maven/repository/metadata/GraphConflictResolutionException|,|java+class:///java/lang/Exception|>,|project://maven-3.0.5/maven-compat/src/main/java/org/apache/maven/repository/metadata/GraphConflictResolutionException.java|(1427,24,<48,8>,<48,32>)>,
  <<|java+class:///org/apache/maven/repository/metadata/GraphConflictResolutionException|,|java+class:///java/lang/Exception|>,|project://maven-3.0.5/maven-compat/src/main/java/org/apache/maven/repository/metadata/GraphConflictResolutionException.java|(1209,17,<38,8>,<38,25>)>,
  <<|java+class:///org/apache/maven/project/InvalidProjectModelException|,|java+class:///org/apache/maven/project/ProjectBuildingException|>,|project://maven-3.0.5/maven-compat/src/main/java/org/apache/maven/project/InvalidProjectModelException.java|(1186,41,<34,8>,<34,49>)>,
  <<|java+class:///org/apache/maven/project/InvalidProjectModelException|,|java+class:///org/apache/maven/project/ProjectBuildingException|>,|project://maven-3.0.5/maven-compat/src/main/java/org/apache/maven/project/InvalidProjectModelException.java|(1907,37,<53,8>,<53,45>)>,
  <<|java+class:///org/apache/maven/repository/legacy/WagonConfigurationException|,|java+class:///org/apache/maven/wagon/TransferFailedException|>,|project://maven-3.0.5/maven-compat/src/main/java/org/apache/maven/repository/legacy/WagonConfigurationException.java|(1612,76,<47,8>,<47,84>)>,
  <<|java+class:///org/apache/maven/repository/legacy/WagonConfigurationException|,|java+class:///org/apache/maven/wagon/TransferFailedException|>,|project://maven-3.0.5/maven-compat/src/main/java/org/apache/maven/repository/legacy/WagonConfigurationException.java|(1306,83,<38,8>,<38,91>)>,
  <<|java+class:///org/apache/maven/plugin/PluginParameterException|,|java+class:///org/apache/maven/plugin/PluginConfigurationException|>,|project://maven-3.0.5/maven-core/src/main/java/org/apache/maven/plugin/PluginParameterException.java|(1320,154,<39,8>,<40,63>)>,
  <<|java+class:///org/apache/maven/artifact/installer/ArtifactInstallationException|,|java+class:///java/lang/Exception|>,|project://maven-3.0.5/maven-compat/src/main/java/org/apache/maven/artifact/installer/ArtifactInstallationException.java|(1163,15,<35,8>,<35,23>)>,
  <<|java+class:///org/apache/maven/artifact/installer/ArtifactInstallationException|,|java+class:///java/lang/Exception|>,|project://maven-3.0.5/maven-compat/src/main/java/org/apache/maven/artifact/installer/ArtifactInstallationException.java|(1318,24,<41,8>,<41,32>)>,
  <<|java+class:///org/apache/maven/artifact/installer/ArtifactInstallationException|,|java+class:///java/lang/Exception|>,|project://maven-3.0.5/maven-compat/src/main/java/org/apache/maven/artifact/installer/ArtifactInstallationException.java|(1064,17,<30,8>,<30,25>)>,
  <<|java+class:///org/apache/maven/artifact/repository/DefaultArtifactRepository|,|java+class:///org/apache/maven/wagon/repository/Repository|>,|project://maven-3.0.5/maven-compat/src/main/java/org/apache/maven/artifact/repository/DefaultArtifactRepository.java|(2661,17,<79,8>,<79,25>)>,
  <<|java+class:///org/apache/maven/artifact/repository/DefaultArtifactRepository|,|java+class:///org/apache/maven/wagon/repository/Repository|>,|project://maven-3.0.5/maven-compat/src/main/java/org/apache/maven/artifact/repository/DefaultArtifactRepository.java|(3283,17,<95,8>,<95,25>)>,
  <<|java+class:///org/apache/maven/toolchain/MisconfiguredToolchainException|,|java+class:///java/lang/Exception|>,|project://maven-3.0.5/maven-core/src/main/java/org/apache/maven/toolchain/MisconfiguredToolchainException.java|(1136,23,<37,8>,<37,31>)>,
  <<|java+class:///org/apache/maven/toolchain/MisconfiguredToolchainException|,|java+class:///java/lang/Exception|>,|project://maven-3.0.5/maven-core/src/main/java/org/apache/maven/toolchain/MisconfiguredToolchainException.java|(1020,17,<32,8>,<32,25>)>,
  <<|java+class:///org/apache/maven/artifact/metadata/ArtifactMetadataRetrievalException|,|java+class:///org/apache/maven/repository/legacy/metadata/ArtifactMetadataRetrievalException|>,|project://maven-3.0.5/maven-core/src/main/java/org/apache/maven/artifact/metadata/ArtifactMetadataRetrievalException.java|(1164,34,<30,8>,<30,42>)>,
  <<|java+class:///org/apache/maven/artifact/repository/metadata/GroupRepositoryMetadata|,|java+class:///org/apache/maven/artifact/repository/metadata/AbstractRepositoryMetadata|>,|project://maven-3.0.5/maven-compat/src/main/java/org/apache/maven/artifact/repository/metadata/GroupRepositoryMetadata.java|(1288,24,<39,8>,<39,32>)>,
  <<|java+class:///org/apache/maven/project/interpolation/StringSearchModelInterpolator|,|java+class:///org/apache/maven/project/interpolation/AbstractStringBasedModelInterpolator|>,|project://maven-3.0.5/maven-compat/src/main/java/org/apache/maven/project/interpolation/StringSearchModelInterpolator.java|(2193,24,<59,8>,<59,32>)>,
  <<|java+class:///org/apache/maven/lifecycle/MissingProjectException|,|java+class:///java/lang/Exception|>,|project://maven-3.0.5/maven-core/src/main/java/org/apache/maven/lifecycle/MissingProjectException.java|(1240,17,<38,8>,<38,25>)>,
  <<|java+class:///org/apache/maven/BuildAbort|,|java+class:///java/lang/Error|>,|project://maven-3.0.5/maven-core/src/main/java/org/apache/maven/BuildAbort.java|(1108,24,<36,8>,<36,32>)>,
  <<|java+class:///org/apache/maven/BuildAbort|,|java+class:///java/lang/Error|>,|project://maven-3.0.5/maven-core/src/main/java/org/apache/maven/BuildAbort.java|(1012,17,<31,8>,<31,25>)>,
  <<|java+class:///org/apache/maven/configuration/BeanConfigurationException|,|java+class:///java/lang/Exception|>,|project://maven-3.0.5/maven-core/src/main/java/org/apache/maven/configuration/BeanConfigurationException.java|(1184,24,<38,8>,<38,32>)>,
  <<|java+class:///org/apache/maven/configuration/BeanConfigurationException|,|java+class:///java/lang/Exception|>,|project://maven-3.0.5/maven-core/src/main/java/org/apache/maven/configuration/BeanConfigurationException.java|(1072,17,<33,8>,<33,25>)>,
  <<|java+class:///org/apache/maven/repository/metadata/MetadataGraphTransformationException|,|java+class:///java/lang/Exception|>,|project://maven-3.0.5/maven-compat/src/main/java/org/apache/maven/repository/metadata/MetadataGraphTransformationException.java|(1315,15,<42,8>,<42,23>)>,
  <<|java+class:///org/apache/maven/repository/metadata/MetadataGraphTransformationException|,|java+class:///java/lang/Exception|>,|project://maven-3.0.5/maven-compat/src/main/java/org/apache/maven/repository/metadata/MetadataGraphTransformationException.java|(1435,24,<47,8>,<47,32>)>,
  <<|java+class:///org/apache/maven/repository/metadata/MetadataGraphTransformationException|,|java+class:///java/lang/Exception|>,|project://maven-3.0.5/maven-compat/src/main/java/org/apache/maven/repository/metadata/MetadataGraphTransformationException.java|(1209,17,<37,8>,<37,25>)>,
  <<|java+class:///org/apache/maven/cli/ConsoleMavenTransferListener|,|java+class:///org/apache/maven/cli/AbstractMavenTransferListener|>,|project://maven-3.0.5/maven-embedder/src/main/java/org/apache/maven/cli/ConsoleMavenTransferListener.java|(1508,13,<45,8>,<45,21>)>,
  <<|java+class:///org/apache/maven/model/io/ModelParseException|,|java+class:///java/io/IOException|>,|project://maven-3.0.5/maven-model-builder/src/main/java/org/apache/maven/model/io/ModelParseException.java|(1771,17,<52,8>,<52,25>)>,
  <<|java+class:///org/apache/maven/model/io/ModelParseException|,|java+class:///java/io/IOException|>,|project://maven-3.0.5/maven-model-builder/src/main/java/org/apache/maven/model/io/ModelParseException.java|(2427,17,<67,8>,<67,25>)>,
  <<|java+class:///org/apache/maven/repository/metadata/MetadataResolutionException|,|java+class:///java/lang/Exception|>,|project://maven-3.0.5/maven-compat/src/main/java/org/apache/maven/repository/metadata/MetadataResolutionException.java|(1239,63,<39,8>,<40,47>)>,
  <<|java+class:///org/apache/maven/repository/metadata/MetadataResolutionException|,|java+class:///java/lang/Exception|>,|project://maven-3.0.5/maven-compat/src/main/java/org/apache/maven/repository/metadata/MetadataResolutionException.java|(1094,65,<33,8>,<34,47>)>,
  <<|java+class:///org/apache/maven/repository/metadata/MetadataResolutionException|,|java+class:///java/lang/Exception|>,|project://maven-3.0.5/maven-compat/src/main/java/org/apache/maven/repository/metadata/MetadataResolutionException.java|(1398,72,<45,8>,<46,47>)>,
  <<|java+class:///org/apache/maven/plugin/descriptor/InvalidParameterException|,|java+class:///org/apache/maven/plugin/descriptor/InvalidPluginDescriptorException|>,|project://maven-3.0.5/maven-plugin-api/src/main/java/org/apache/maven/plugin/descriptor/InvalidParameterException.java|(1048,95,<30,8>,<30,103>)>,
  <<|java+class:///org/apache/maven/plugin/descriptor/InvalidParameterException|,|java+class:///org/apache/maven/plugin/descriptor/InvalidPluginDescriptorException|>,|project://maven-3.0.5/maven-plugin-api/src/main/java/org/apache/maven/plugin/descriptor/InvalidParameterException.java|(1237,24,<35,8>,<35,32>)>,
  <<|java+class:///org/apache/maven/project/artifact/ProjectArtifact|,|java+class:///org/apache/maven/artifact/DefaultArtifact|>,|project://maven-3.0.5/maven-core/src/main/java/org/apache/maven/project/artifact/ProjectArtifact.java|(1354,137,<39,8>,<40,42>)>,
  <<|java+class:///org/apache/maven/artifact/deployer/ArtifactDeploymentException|,|java+class:///java/lang/Exception|>,|project://maven-3.0.5/maven-compat/src/main/java/org/apache/maven/artifact/deployer/ArtifactDeploymentException.java|(1119,15,<35,8>,<35,23>)>,
  <<|java+class:///org/apache/maven/artifact/deployer/ArtifactDeploymentException|,|java+class:///java/lang/Exception|>,|project://maven-3.0.5/maven-compat/src/main/java/org/apache/maven/artifact/deployer/ArtifactDeploymentException.java|(1022,17,<30,8>,<30,25>)>,
  <<|java+class:///org/apache/maven/artifact/deployer/ArtifactDeploymentException|,|java+class:///java/lang/Exception|>,|project://maven-3.0.5/maven-compat/src/main/java/org/apache/maven/artifact/deployer/ArtifactDeploymentException.java|(1270,24,<41,8>,<41,32>)>,
  <<|java+class:///org/apache/maven/artifact/repository/metadata/RepositoryMetadataInstallationException|,|java+class:///java/lang/Throwable|>,|project://maven-3.0.5/maven-core/src/main/java/org/apache/maven/artifact/repository/metadata/RepositoryMetadataInstallationException.java|(1144,17,<32,8>,<32,25>)>,
  <<|java+class:///org/apache/maven/artifact/repository/metadata/RepositoryMetadataInstallationException|,|java+class:///java/lang/Throwable|>,|project://maven-3.0.5/maven-core/src/main/java/org/apache/maven/artifact/repository/metadata/RepositoryMetadataInstallationException.java|(1317,20,<38,8>,<38,28>)>,
  <<|java+class:///org/apache/maven/InternalErrorException|,|java+class:///org/apache/maven/MavenExecutionException|>,|project://maven-3.0.5/maven-core/src/main/java/org/apache/maven/InternalErrorException.java|(1105,24,<33,8>,<33,32>)>,
  <<|java+class:///org/apache/maven/plugin/MojoExecutionException|,|java+class:///org/apache/maven/plugin/AbstractMojoExecutionException|>,|project://maven-3.0.5/maven-plugin-api/src/main/java/org/apache/maven/plugin/MojoExecutionException.java|(1922,24,<56,8>,<56,32>)>,
  <<|java+class:///org/apache/maven/plugin/MojoExecutionException|,|java+class:///org/apache/maven/plugin/AbstractMojoExecutionException|>,|project://maven-3.0.5/maven-plugin-api/src/main/java/org/apache/maven/plugin/MojoExecutionException.java|(1514,22,<42,8>,<42,30>)>,
  <<|java+class:///org/apache/maven/plugin/MojoExecutionException|,|java+class:///org/apache/maven/plugin/AbstractMojoExecutionException|>,|project://maven-3.0.5/maven-plugin-api/src/main/java/org/apache/maven/plugin/MojoExecutionException.java|(2262,24,<68,8>,<68,32>)>,
  <<|java+class:///org/apache/maven/plugin/MojoExecutionException|,|java+class:///org/apache/maven/plugin/AbstractMojoExecutionException|>,|project://maven-3.0.5/maven-plugin-api/src/main/java/org/apache/maven/plugin/MojoExecutionException.java|(2508,17,<78,8>,<78,25>)>,
  <<|java+class:///org/apache/maven/profiles/activation/ProfileActivationException|,|java+class:///java/lang/Exception|>,|project://maven-3.0.5/maven-compat/src/main/java/org/apache/maven/profiles/activation/ProfileActivationException.java|(1192,17,<36,8>,<36,25>)>,
  <<|java+class:///org/apache/maven/profiles/activation/ProfileActivationException|,|java+class:///java/lang/Exception|>,|project://maven-3.0.5/maven-compat/src/main/java/org/apache/maven/profiles/activation/ProfileActivationException.java|(1090,24,<31,8>,<31,32>)>,
  <<|java+class:///org/apache/maven/project/DuplicateArtifactAttachmentException|,|java+class:///java/lang/RuntimeException|>,|project://maven-3.0.5/maven-core/src/main/java/org/apache/maven/project/DuplicateArtifactAttachmentException.java|(1575,47,<45,8>,<45,55>)>,
  <<|java+class:///org/apache/maven/repository/metadata/MetadataRetrievalException|,|java+class:///java/lang/Exception|>,|project://maven-3.0.5/maven-compat/src/main/java/org/apache/maven/repository/metadata/MetadataRetrievalException.java|(1512,24,<50,8>,<50,32>)>,
  <<|java+class:///org/apache/maven/repository/legacy/metadata/ArtifactMetadataRetrievalException|,|java+class:///java/lang/Exception|>,|project://maven-3.0.5/maven-core/src/main/java/org/apache/maven/repository/legacy/metadata/ArtifactMetadataRetrievalException.java|(2113,24,<60,8>,<60,32>)>,
  <<|java+class:///org/apache/maven/plugin/CycleDetectedInPluginGraphException|,|java+class:///java/lang/Exception|>,|project://maven-3.0.5/maven-core/src/main/java/org/apache/maven/plugin/CycleDetectedInPluginGraphException.java|(1321,96,<37,8>,<37,104>)>,
  <<|java+class:///org/apache/maven/artifact/versioning/ManagedVersionMap|,|java+class:///java/util/HashMap|>,|project://maven-3.0.5/maven-compat/src/main/java/org/apache/maven/artifact/versioning/ManagedVersionMap.java|(1130,8,<34,8>,<34,16>)>
]