[
  <<|java+class:///net/sourceforge/ganttproject/resource/ResourceColumn|,|java+interface:///net/sourceforge/ganttproject/CustomPropertyDefinition|>,{|java+interface:///net/sourceforge/ganttproject/gui/TableHeaderUIFacade/Column|},|project://ganttproject-2.1.1/ganttproject/src/net/sourceforge/ganttproject/resource/HumanResource.java|(2037,38,<69,48>,<69,86>)>,
  <<|java+class:///net/sourceforge/ganttproject/chart/ChartGridImpl|,|java+interface:///net/sourceforge/ganttproject/chart/TimeUnitVisitor|>,{|java+class:///net/sourceforge/ganttproject/chart/ChartRendererBase|},|project://ganttproject-2.1.1/ganttproject/src/net/sourceforge/ganttproject/chart/ChartModelBase.java|(12184,64,<292,42>,<293,27>)>,
  <<|java+class:///net/sourceforge/ganttproject/chart/TaskGridRendererImpl|,|java+interface:///net/sourceforge/ganttproject/chart/TimeUnitVisitor|>,{|java+class:///net/sourceforge/ganttproject/chart/ChartRendererBase|},|project://ganttproject-2.1.1/ganttproject/src/net/sourceforge/ganttproject/chart/ChartModelBase.java|(12552,64,<303,42>,<304,27>)>,
  <<|java+class:///net/sourceforge/ganttproject/chart/TaskRendererImpl|,|java+interface:///net/sourceforge/ganttproject/chart/TimeUnitVisitor|>,{|java+class:///net/sourceforge/ganttproject/chart/ChartRendererBase|},|project://ganttproject-2.1.1/ganttproject/src/net/sourceforge/ganttproject/chart/ChartModelBase.java|(12925,64,<314,42>,<315,27>)>,
  <<|java+class:///net/sourceforge/ganttproject/chart/ChartGridImpl|,|java+interface:///net/sourceforge/ganttproject/chart/TimeUnitVisitor|>,{|java+class:///net/sourceforge/ganttproject/chart/ChartRendererBase|},|project://ganttproject-2.1.1/ganttproject/src/net/sourceforge/ganttproject/chart/ChartModelBase.java|(13297,64,<325,42>,<326,27>)>,
  <<|java+class:///net/sourceforge/ganttproject/chart/ResourcesRendererImpl|,|java+interface:///net/sourceforge/ganttproject/chart/TimeUnitVisitor|>,{|java+class:///net/sourceforge/ganttproject/chart/ChartRendererBase|},|project://ganttproject-2.1.1/ganttproject/src/net/sourceforge/ganttproject/chart/ChartModelBase.java|(13667,64,<336,42>,<337,27>)>,
  <<|java+class:///net/sourceforge/ganttproject/chart/TaskRendererImpl|,|java+interface:///net/sourceforge/ganttproject/chart/TimeUnitVisitor|>,{|java+class:///net/sourceforge/ganttproject/chart/ChartRendererBase|},|project://ganttproject-2.1.1/ganttproject/src/net/sourceforge/ganttproject/chart/ChartModelBase.java|(14038,64,<347,42>,<348,27>)>,
  <<|java+class:///net/sourceforge/ganttproject/chart/TaskRendererImpl|,|java+interface:///net/sourceforge/ganttproject/chart/TimeUnitVisitor|>,{|java+class:///net/sourceforge/ganttproject/chart/ChartRendererBase|},|project://ganttproject-2.1.1/ganttproject/src/net/sourceforge/ganttproject/chart/ChartModelBase.java|(14499,68,<359,46>,<360,31>)>,
  <<|java+class:///net/sourceforge/ganttproject/document/FtpDocument|,|java+interface:///net/sourceforge/ganttproject/document/Document|>,{|java+class:///net/sourceforge/ganttproject/document/AbstractURLDocument|},|project://ganttproject-2.1.1/ganttproject/src/net/sourceforge/ganttproject/GanttProject.java|(34785,26,<844,32>,<844,58>)>,
  <<|java+class:///net/sourceforge/ganttproject/action/RefreshViewAction|,|java+interface:///net/sourceforge/ganttproject/action/RolloverAction|>,{|java+class:///net/sourceforge/ganttproject/action/GPAction|},|project://ganttproject-2.1.1/ganttproject/src/net/sourceforge/ganttproject/GanttProject.java|(49783,41,<1211,38>,<1211,79>)>,
  <<|java+class:///net/sourceforge/ganttproject/action/ScrollGanttChartLeftAction|,|java+interface:///net/sourceforge/ganttproject/action/RolloverAction|>,{|java+class:///net/sourceforge/ganttproject/action/GPAction|},|project://ganttproject-2.1.1/ganttproject/src/net/sourceforge/ganttproject/GanttProject.java|(50527,41,<1225,38>,<1225,79>)>,
  <<|java+class:///net/sourceforge/ganttproject/document/FtpDocument|,|java+interface:///net/sourceforge/ganttproject/document/Document|>,{|java+class:///net/sourceforge/ganttproject/document/AbstractURLDocument|},|project://ganttproject-2.1.1/ganttproject/src/net/sourceforge/ganttproject/GanttProject.java|(69095,25,<1604,52>,<1604,77>)>,
  <<|java+class:///net/sourceforge/ganttproject/resource/HumanResourceManager|,|java+interface:///net/sourceforge/ganttproject/resource/ResourceManager|>,{|java+interface:///net/sourceforge/ganttproject/CustomPropertyManager|},|project://ganttproject-2.1.1/ganttproject/src/net/sourceforge/ganttproject/GanttProject.java|(96548,77,<2346,33>,<2347,47>)>,
  <<|java+class:///net/sourceforge/ganttproject/document/FtpDocument|,|java+interface:///net/sourceforge/ganttproject/document/Document|>,{|java+class:///net/sourceforge/ganttproject/document/AbstractURLDocument|},|project://ganttproject-2.1.1/org.ganttproject.impex.htmlpdf/src/org/ganttproject/impex/htmlpdf/ExporterBase.java|(13924,28,<356,43>,<356,71>)>,
  <<|java+class:///net/sourceforge/ganttproject/parser/CustomPropertiesTagHandler|,|java+interface:///net/sourceforge/ganttproject/parser/ParsingListener|>,{|java+interface:///net/sourceforge/ganttproject/parser/TagHandler|},|project://ganttproject-2.1.1/ganttproject/src/net/sourceforge/ganttproject/io/GanttXMLOpen.java|(14447,36,<388,36>,<388,72>)>,
  <<|java+class:///net/sourceforge/ganttproject/parser/TaskPropertiesTagHandler|,|java+interface:///net/sourceforge/ganttproject/parser/TagHandler|>,{|java+interface:///net/sourceforge/ganttproject/parser/ParsingListener|},|project://ganttproject-2.1.1/ganttproject/src/net/sourceforge/ganttproject/io/GanttXMLOpen.java|(14930,28,<400,34>,<400,62>)>,
  <<|java+class:///net/sourceforge/ganttproject/parser/TaskPropertiesTagHandler|,|java+interface:///net/sourceforge/ganttproject/parser/TagHandler|>,{|java+interface:///net/sourceforge/ganttproject/parser/ParsingListener|},|project://ganttproject-2.1.1/ganttproject/src/net/sourceforge/ganttproject/io/GanttXMLOpen.java|(15464,28,<413,34>,<413,62>)>,
  <<|java+class:///net/sourceforge/ganttproject/resource/HumanResource|,|java+class:///net/sourceforge/ganttproject/resource/ProjectResource|>,{|java+interface:///net/sourceforge/ganttproject/CustomPropertyHolder|},|project://ganttproject-2.1.1/ganttproject/src/net/sourceforge/ganttproject/resource/HumanResourceManager.java|(3188,34,<105,17>,<105,51>)>,
  <<|java+class:///net/sourceforge/ganttproject/resource/HumanResource|,|java+class:///net/sourceforge/ganttproject/resource/ProjectResource|>,{|java+interface:///net/sourceforge/ganttproject/CustomPropertyHolder|},|project://ganttproject-2.1.1/ganttproject/src/net/sourceforge/ganttproject/resource/HumanResourceManager.java|(3262,34,<106,21>,<106,55>)>,
  <<|java+class:///net/sourceforge/ganttproject/GanttProject|,|java+interface:///net/sourceforge/ganttproject/resource/ResourceView|>,{
    |java+class:///net/sourceforge/ganttproject/GanttProjectBase|,
    |java+interface:///java/awt/event/ActionListener|,
    |java+interface:///java/awt/event/KeyListener|,
    |java+interface:///net/sourceforge/ganttproject/IGanttProject|,
    |java+interface:///net/sourceforge/ganttproject/gui/UIFacade|
  },|project://ganttproject-2.1.1/ganttproject/src/net/sourceforge/ganttproject/resource/HumanResourceManager.java|(4547,23,<150,36>,<150,59>)>,
  <<|java+class:///net/sourceforge/ganttproject/GanttResourcePanel|,|java+interface:///net/sourceforge/ganttproject/resource/ResourceView|>,{
    |java+class:///javax/swing/JPanel|,
    |java+interface:///net/sourceforge/ganttproject/gui/ResourceTreeUIFacade|,
    |java+interface:///net/sourceforge/ganttproject/ProjectEventListener|,
    |java+interface:///net/sourceforge/ganttproject/resource/ResourceContext|,
    |java+interface:///net/sourceforge/ganttproject/resource/AssignmentContext|
  },|project://ganttproject-2.1.1/ganttproject/src/net/sourceforge/ganttproject/resource/HumanResourceManager.java|(4844,23,<158,36>,<158,59>)>,
  <<|java+class:///net/sourceforge/ganttproject/GanttResourcePanel|,|java+interface:///net/sourceforge/ganttproject/resource/ResourceView|>,{
    |java+class:///javax/swing/JPanel|,
    |java+interface:///net/sourceforge/ganttproject/gui/ResourceTreeUIFacade|,
    |java+interface:///net/sourceforge/ganttproject/ProjectEventListener|,
    |java+interface:///net/sourceforge/ganttproject/resource/ResourceContext|,
    |java+interface:///net/sourceforge/ganttproject/resource/AssignmentContext|
  },|project://ganttproject-2.1.1/ganttproject/src/net/sourceforge/ganttproject/resource/HumanResourceManager.java|(5149,29,<166,36>,<166,65>)>,
  <<|java+class:///net/sourceforge/ganttproject/GanttResourcePanel|,|java+interface:///net/sourceforge/ganttproject/resource/ResourceView|>,{
    |java+class:///javax/swing/JPanel|,
    |java+interface:///net/sourceforge/ganttproject/gui/ResourceTreeUIFacade|,
    |java+interface:///net/sourceforge/ganttproject/ProjectEventListener|,
    |java+interface:///net/sourceforge/ganttproject/resource/ResourceContext|,
    |java+interface:///net/sourceforge/ganttproject/resource/AssignmentContext|
  },|project://ganttproject-2.1.1/ganttproject/src/net/sourceforge/ganttproject/resource/HumanResourceManager.java|(5465,23,<174,36>,<174,59>)>,
  <<|java+class:///net/sourceforge/ganttproject/resource/ResourceColumn|,|java+interface:///net/sourceforge/ganttproject/CustomPropertyDefinition|>,{|java+interface:///net/sourceforge/ganttproject/gui/TableHeaderUIFacade/Column|},|project://ganttproject-2.1.1/ganttproject/src/net/sourceforge/ganttproject/resource/HumanResourceManager.java|(8206,53,<248,9>,<248,62>)>,
  <<|java+class:///net/sourceforge/ganttproject/resource/ResourceColumn|,|java+interface:///net/sourceforge/ganttproject/CustomPropertyDefinition|>,{|java+interface:///net/sourceforge/ganttproject/gui/TableHeaderUIFacade/Column|},|project://ganttproject-2.1.1/ganttproject/src/net/sourceforge/ganttproject/io/GanttCSVExport.java|(7972,49,<209,44>,<209,93>)>,
  <<|java+class:///net/sourceforge/ganttproject/export/ExporterToCSV|,|java+interface:///net/sourceforge/ganttproject/export/Exporter|>,{|java+interface:///net/sourceforge/ganttproject/export/ExportFileWizardImpl/LegacyOptionsClient|},|project://ganttproject-2.1.1/ganttproject/src/net/sourceforge/ganttproject/export/CommandLineExportApplication.java|(3603,31,<94,23>,<94,54>)>,
  <<|java+class:///net/sourceforge/ganttproject/resource/HumanResource|,|java+class:///net/sourceforge/ganttproject/resource/ProjectResource|>,{|java+interface:///net/sourceforge/ganttproject/CustomPropertyHolder|},|project://ganttproject-2.1.1/ganttproject/src/net/sourceforge/ganttproject/GanttResourcePanel.java|(16388,85,<415,25>,<416,40>)>,
  <<|java+class:///net/sourceforge/ganttproject/parser/ResourceTagHandler|,|java+interface:///net/sourceforge/ganttproject/parser/ParsingListener|>,{|java+interface:///net/sourceforge/ganttproject/parser/TagHandler|},|project://ganttproject-2.1.1/ganttproject/src/net/sourceforge/ganttproject/calendar/XMLCalendarOpen.java|(3433,36,<111,36>,<111,72>)>,
  <<|java+class:///net/sourceforge/ganttproject/parser/TaskPropertiesTagHandler|,|java+interface:///net/sourceforge/ganttproject/parser/TagHandler|>,{|java+interface:///net/sourceforge/ganttproject/parser/ParsingListener|},|project://ganttproject-2.1.1/ganttproject/src/net/sourceforge/ganttproject/calendar/XMLCalendarOpen.java|(3880,28,<122,34>,<122,62>)>,
  <<|java+class:///net/sourceforge/ganttproject/parser/TaskDisplayColumnsTagHandler|,|java+interface:///net/sourceforge/ganttproject/parser/TagHandler|>,{|java+interface:///net/sourceforge/ganttproject/parser/ParsingListener|},|project://ganttproject-2.1.1/ganttproject/src/net/sourceforge/ganttproject/calendar/XMLCalendarOpen.java|(4409,28,<135,34>,<135,62>)>,
  <<|java+class:///net/sourceforge/ganttproject/ChartComponentBase/AbstractChartImplementation|,|java+interface:///net/sourceforge/ganttproject/gui/zoom/ZoomListener|>,{|java+interface:///net/sourceforge/ganttproject/chart/Chart|},|project://ganttproject-2.1.1/ganttproject/src/net/sourceforge/ganttproject/gui/zoom/ZoomManager.java|(3186,33,<104,40>,<104,73>)>,
  <<|java+class:///net/sourceforge/ganttproject/gui/options/model/GPAbstractOption|,|java+interface:///net/sourceforge/ganttproject/gui/options/model/ChangeValueDispatcher|>,{|java+interface:///net/sourceforge/ganttproject/gui/options/model/GPOption|},|project://ganttproject-2.1.1/ganttproject/src/net/sourceforge/ganttproject/GanttGraphicArea.java|(49133,42,<1363,17>,<1363,59>)>,
  <<|java+class:///net/sourceforge/ganttproject/gui/GanttStatusBar|,|java+interface:///java/lang/Runnable|>,{|java+class:///javax/swing/JPanel|},|project://ganttproject-2.1.1/ganttproject/src/net/sourceforge/ganttproject/task/TaskImpl.java|(17571,28,<601,36>,<601,64>)>,
  <<|java+class:///net/sourceforge/ganttproject/delay/DelayManager|,|java+interface:///net/sourceforge/ganttproject/task/event/TaskListener|>,{|java+interface:///net/sourceforge/ganttproject/undo/GPUndoListener|},|project://ganttproject-2.1.1/ganttproject/src/net/sourceforge/ganttproject/task/TaskManagerImpl.java|(15310,33,<432,33>,<432,66>)>,
  <<|java+class:///net/sourceforge/ganttproject/delay/DelayManager|,|java+interface:///net/sourceforge/ganttproject/task/event/TaskListener|>,{|java+interface:///net/sourceforge/ganttproject/undo/GPUndoListener|},|project://ganttproject-2.1.1/ganttproject/src/net/sourceforge/ganttproject/task/TaskManagerImpl.java|(15896,33,<446,33>,<446,66>)>,
  <<|java+class:///net/sourceforge/ganttproject/delay/DelayManager|,|java+interface:///net/sourceforge/ganttproject/task/event/TaskListener|>,{|java+interface:///net/sourceforge/ganttproject/undo/GPUndoListener|},|project://ganttproject-2.1.1/ganttproject/src/net/sourceforge/ganttproject/task/TaskManagerImpl.java|(16303,33,<457,33>,<457,66>)>,
  <<|java+class:///net/sourceforge/ganttproject/delay/DelayManager|,|java+interface:///net/sourceforge/ganttproject/task/event/TaskListener|>,{|java+interface:///net/sourceforge/ganttproject/undo/GPUndoListener|},|project://ganttproject-2.1.1/ganttproject/src/net/sourceforge/ganttproject/task/TaskManagerImpl.java|(16655,33,<467,32>,<467,65>)>,
  <<|java+class:///net/sourceforge/ganttproject/delay/DelayManager|,|java+interface:///net/sourceforge/ganttproject/task/event/TaskListener|>,{|java+interface:///net/sourceforge/ganttproject/undo/GPUndoListener|},|project://ganttproject-2.1.1/ganttproject/src/net/sourceforge/ganttproject/task/TaskManagerImpl.java|(17038,33,<477,33>,<477,66>)>,
  <<|java+class:///net/sourceforge/ganttproject/delay/DelayManager|,|java+interface:///net/sourceforge/ganttproject/task/event/TaskListener|>,{|java+interface:///net/sourceforge/ganttproject/undo/GPUndoListener|},|project://ganttproject-2.1.1/ganttproject/src/net/sourceforge/ganttproject/task/TaskManagerImpl.java|(17385,33,<487,32>,<487,65>)>,
  <<|java+class:///net/sourceforge/ganttproject/delay/DelayManager|,|java+interface:///net/sourceforge/ganttproject/task/event/TaskListener|>,{|java+interface:///net/sourceforge/ganttproject/undo/GPUndoListener|},|project://ganttproject-2.1.1/ganttproject/src/net/sourceforge/ganttproject/task/TaskManagerImpl.java|(17696,33,<496,33>,<496,66>)>,
  <<|java+class:///net/sourceforge/ganttproject/gui/GanttDialogCalendar|,|java+interface:///java/awt/event/ActionListener|>,{|java+class:///javax/swing/JDialog|},|project://ganttproject-2.1.1/ganttproject/src/net/sourceforge/ganttproject/shape/Shape.java|(6345,28,<174,23>,<174,51>)>,
  <<|java+class:///net/sourceforge/ganttproject/resource/HumanResource|,|java+class:///net/sourceforge/ganttproject/resource/ProjectResource|>,{|java+interface:///net/sourceforge/ganttproject/CustomPropertyHolder|},|project://ganttproject-2.1.1/ganttproject/src/net/sourceforge/ganttproject/resource/ProjectResource.java|(2013,21,<94,33>,<94,54>)>,
  <<|java+class:///net/sourceforge/ganttproject/action/GPAction|,|java+interface:///net/sourceforge/ganttproject/language/GanttLanguage/Listener|>,{
    |java+class:///javax/swing/AbstractAction|,
    |java+interface:///net/sourceforge/ganttproject/action/RolloverAction|
  },|project://ganttproject-2.1.1/ganttproject/src/net/sourceforge/ganttproject/language/GanttLanguage.java|(7237,29,<214,28>,<214,57>)>,
  <<|java+class:///net/sourceforge/ganttproject/resource/ResourceColumn|,|java+interface:///net/sourceforge/ganttproject/gui/TableHeaderUIFacade/Column|>,{|java+interface:///net/sourceforge/ganttproject/CustomPropertyDefinition|},|project://ganttproject-2.1.1/ganttproject/src/net/sourceforge/ganttproject/importer/ImporterFromGanttFile.java|(3902,28,<108,10>,<108,38>)>,
  <<|java+class:///net/sourceforge/ganttproject/resource/ResourceColumn|,|java+interface:///net/sourceforge/ganttproject/CustomPropertyDefinition|>,{|java+interface:///net/sourceforge/ganttproject/gui/TableHeaderUIFacade/Column|},|project://ganttproject-2.1.1/ganttproject/src/net/sourceforge/ganttproject/io/ResourceSaver.java|(3414,45,<71,45>,<71,90>)>,
  <<|java+class:///net/sourceforge/ganttproject/gui/projectwizard/WeekendConfigurationPage|,|java+interface:///net/sourceforge/ganttproject/gui/projectwizard/WizardPage|>,{|java+interface:///java/awt/event/ActionListener|},|project://ganttproject-2.1.1/ganttproject/src/net/sourceforge/ganttproject/gui/projectwizard/WizardImpl.java|(2543,27,<94,34>,<94,61>)>,
  <<|java+class:///net/sourceforge/ganttproject/gui/projectwizard/WeekendConfigurationPage|,|java+interface:///net/sourceforge/ganttproject/gui/projectwizard/WizardPage|>,{|java+interface:///java/awt/event/ActionListener|},|project://ganttproject-2.1.1/ganttproject/src/net/sourceforge/ganttproject/gui/projectwizard/WizardImpl.java|(5368,39,<167,15>,<167,54>)>,
  <<|java+class:///net/sourceforge/ganttproject/resource/ResourceColumn|,|java+interface:///net/sourceforge/ganttproject/CustomPropertyDefinition|>,{|java+interface:///net/sourceforge/ganttproject/gui/TableHeaderUIFacade/Column|},|project://ganttproject-2.1.1/ganttproject/src/net/sourceforge/ganttproject/parser/ResourceTagHandler.java|(3333,45,<82,48>,<82,93>)>,
  <<|java+class:///net/sourceforge/ganttproject/chart/ChartGridImpl|,|java+interface:///net/sourceforge/ganttproject/chart/TimeUnitVisitor|>,{|java+class:///net/sourceforge/ganttproject/chart/ChartRendererBase|},|project://ganttproject-2.1.1/ganttproject/src/net/sourceforge/ganttproject/chart/ChartModelImpl.java|(6785,43,<180,17>,<180,60>)>,
  <<|java+class:///net/sourceforge/ganttproject/chart/ChartViewState|,|java+interface:///net/sourceforge/ganttproject/gui/scrolling/ScrollingListener|>,{|java+interface:///net/sourceforge/ganttproject/gui/zoom/ZoomListener|},|project://ganttproject-2.1.1/ganttproject/src/net/sourceforge/ganttproject/gui/scrolling/ScrollingManagerImpl.java|(424,59,<21,45>,<22,27>)>,
  <<|java+class:///net/sourceforge/ganttproject/chart/ChartViewState|,|java+interface:///net/sourceforge/ganttproject/gui/scrolling/ScrollingListener|>,{|java+interface:///net/sourceforge/ganttproject/gui/zoom/ZoomListener|},|project://ganttproject-2.1.1/ganttproject/src/net/sourceforge/ganttproject/gui/scrolling/ScrollingManagerImpl.java|(673,59,<29,45>,<30,27>)>,
  <<|java+class:///net/sourceforge/ganttproject/chart/ChartViewState|,|java+interface:///net/sourceforge/ganttproject/gui/scrolling/ScrollingListener|>,{|java+interface:///net/sourceforge/ganttproject/gui/zoom/ZoomListener|},|project://ganttproject-2.1.1/ganttproject/src/net/sourceforge/ganttproject/gui/scrolling/ScrollingManagerImpl.java|(931,59,<37,45>,<38,27>)>,
  <<|java+class:///net/sourceforge/ganttproject/resource/ResourceColumn|,|java+interface:///net/sourceforge/ganttproject/CustomPropertyDefinition|>,{|java+interface:///net/sourceforge/ganttproject/gui/TableHeaderUIFacade/Column|},|project://ganttproject-2.1.1/ganttproject/src/net/sourceforge/ganttproject/ResourceTreeTable.java|(4819,56,<142,45>,<142,101>)>,
  <<|java+class:///net/sourceforge/ganttproject/resource/ResourceColumn|,|java+interface:///net/sourceforge/ganttproject/CustomPropertyDefinition|>,{|java+interface:///net/sourceforge/ganttproject/gui/TableHeaderUIFacade/Column|},|project://ganttproject-2.1.1/ganttproject/src/net/sourceforge/ganttproject/ResourceTreeTable.java|(25841,64,<694,9>,<694,73>)>,
  <<|java+class:///net/sourceforge/ganttproject/resource/ResourceColumn|,|java+interface:///net/sourceforge/ganttproject/CustomPropertyDefinition|>,{|java+interface:///net/sourceforge/ganttproject/gui/TableHeaderUIFacade/Column|},|project://ganttproject-2.1.1/ganttproject/src/net/sourceforge/ganttproject/ResourceTreeTable.java|(26182,44,<704,45>,<704,89>)>,
  <<|java+class:///net/sourceforge/ganttproject/GanttTreeTable/DisplayedColumn|,|java+interface:///net/sourceforge/ganttproject/gui/TableHeaderUIFacade/Column|>,{|java+interface:///java/lang/Comparable|},|project://ganttproject-2.1.1/ganttproject/src/net/sourceforge/ganttproject/ResourceTreeTable.java|(27033,40,<734,10>,<734,50>)>,
  <<|java+class:///net/sourceforge/ganttproject/resource/ResourceColumn|,|java+interface:///net/sourceforge/ganttproject/gui/TableHeaderUIFacade/Column|>,{|java+interface:///net/sourceforge/ganttproject/CustomPropertyDefinition|},|project://ganttproject-2.1.1/ganttproject/src/net/sourceforge/ganttproject/ResourceTreeTable.java|(27736,11,<757,18>,<757,29>)>,
  <<|java+class:///net/sourceforge/ganttproject/resource/ResourceColumn|,|java+interface:///net/sourceforge/ganttproject/gui/TableHeaderUIFacade/Column|>,{|java+interface:///net/sourceforge/ganttproject/CustomPropertyDefinition|},|project://ganttproject-2.1.1/ganttproject/src/net/sourceforge/ganttproject/ResourceTreeTable.java|(27767,11,<758,18>,<758,29>)>,
  <<|java+class:///net/sourceforge/ganttproject/resource/ResourceColumn|,|java+interface:///net/sourceforge/ganttproject/gui/TableHeaderUIFacade/Column|>,{|java+interface:///net/sourceforge/ganttproject/CustomPropertyDefinition|},|project://ganttproject-2.1.1/ganttproject/src/net/sourceforge/ganttproject/ResourceTreeTable.java|(27907,29,<763,23>,<763,52>)>,
  <<|java+class:///net/sourceforge/ganttproject/GanttGraphicArea/ChartOptionsPreviewPanel|,|java+interface:///net/sourceforge/ganttproject/gui/options/model/ChangeValueListener|>,{|java+class:///javax/swing/JPanel|},|project://ganttproject-2.1.1/ganttproject/src/net/sourceforge/ganttproject/gui/options/model/GPAbstractOption.java|(1405,31,<59,13>,<59,44>)>,
  <<|java+class:///net/sourceforge/ganttproject/GanttProjectBase/ViewManagerImpl|,|java+interface:///net/sourceforge/ganttproject/ProjectEventListener|>,{|java+interface:///net/sourceforge/ganttproject/GPViewManager|},|project://ganttproject-2.1.1/ganttproject/src/net/sourceforge/ganttproject/GanttProjectBase.java|(6227,60,<146,40>,<146,100>)>,
  <<|java+class:///net/sourceforge/ganttproject/action/project/SaveProjectAction|,|java+interface:///net/sourceforge/ganttproject/ProjectEventListener|>,{|java+class:///net/sourceforge/ganttproject/action/GPAction|},|project://ganttproject-2.1.1/ganttproject/src/net/sourceforge/ganttproject/GanttProjectBase.java|(6750,60,<163,40>,<163,100>)>,
  <<|java+class:///net/sourceforge/ganttproject/ChartComponentBase/AbstractChartImplementation|,|java+interface:///net/sourceforge/ganttproject/chart/Chart|>,{|java+interface:///net/sourceforge/ganttproject/gui/zoom/ZoomListener|},|project://ganttproject-2.1.1/ganttproject/src/net/sourceforge/ganttproject/GanttProjectBase.java|(10037,40,<269,50>,<269,90>)>,
  <<|java+class:///net/sourceforge/ganttproject/resource/ResourceColumn|,|java+interface:///net/sourceforge/ganttproject/gui/TableHeaderUIFacade/Column|>,{|java+interface:///net/sourceforge/ganttproject/CustomPropertyDefinition|},|project://ganttproject-2.1.1/ganttproject/src/net/sourceforge/ganttproject/parser/TaskDisplayColumnsTagHandler.java|(3208,28,<111,10>,<111,38>)>,
  <<|java+class:///net/sourceforge/ganttproject/GanttGraphicArea|,|java+interface:///net/sourceforge/ganttproject/task/CustomColumsListener|>,{
    |java+class:///net/sourceforge/ganttproject/ChartComponentBase|,
    |java+interface:///net/sourceforge/ganttproject/ProjectEventListener|,
    |java+interface:///net/sourceforge/ganttproject/chart/GanttChart|
  },|project://ganttproject-2.1.1/ganttproject/src/net/sourceforge/ganttproject/task/CustomColumnsStorage.java|(10878,32,<347,44>,<347,76>)>,
  <<|java+class:///net/sourceforge/ganttproject/GanttTreeTable/DisplayedColumn|,|java+interface:///net/sourceforge/ganttproject/gui/TableHeaderUIFacade/Column|>,{|java+interface:///java/lang/Comparable|},|project://ganttproject-2.1.1/ganttproject/src/net/sourceforge/ganttproject/GanttTreeTable.java|(60685,39,<1645,10>,<1645,49>)>,
  <<|java+class:///net/sourceforge/ganttproject/resource/HumanResource|,|java+class:///net/sourceforge/ganttproject/resource/ProjectResource|>,{|java+interface:///net/sourceforge/ganttproject/CustomPropertyHolder|},|project://ganttproject-2.1.1/ganttproject/src/net/sourceforge/ganttproject/ResourceTreeTableModel.java|(4422,30,<130,33>,<130,63>)>,
  <<|java+class:///net/sourceforge/ganttproject/resource/HumanResource|,|java+class:///net/sourceforge/ganttproject/resource/ProjectResource|>,{|java+interface:///net/sourceforge/ganttproject/CustomPropertyHolder|},|project://ganttproject-2.1.1/ganttproject/src/net/sourceforge/ganttproject/ResourceTreeTableModel.java|(9008,27,<260,24>,<260,51>)>,
  <<|java+class:///net/sourceforge/ganttproject/GanttTree2|,|java+interface:///net/sourceforge/ganttproject/delay/DelayObserver|>,{
    |java+class:///javax/swing/JPanel|,
    |java+interface:///net/sourceforge/ganttproject/ProjectEventListener|,
    |java+interface:///java/awt/dnd/DragGestureListener|,
    |java+interface:///java/awt/dnd/DragSourceListener|,
    |java+interface:///net/sourceforge/ganttproject/gui/TaskTreeUIFacade|
  },|project://ganttproject-2.1.1/ganttproject/src/net/sourceforge/ganttproject/delay/DelayManager.java|(2634,34,<79,41>,<79,75>)>,
  <<|java+class:///net/sourceforge/ganttproject/task/dependency/constraint/StartFinishConstraintImpl|,|java+class:///net/sourceforge/ganttproject/task/dependency/constraint/ConstraintImpl|>,{|java+interface:///net/sourceforge/ganttproject/task/dependency/TaskDependencyConstraint|},|project://ganttproject-2.1.1/ganttproject/src/net/sourceforge/ganttproject/gui/taskproperties/DependencyTableModel.java|(5004,22,<162,52>,<162,74>)>,
  <<|java+class:///net/sourceforge/ganttproject/task/dependency/constraint/FinishFinishConstraintImpl|,|java+class:///net/sourceforge/ganttproject/task/dependency/constraint/ConstraintImpl|>,{|java+interface:///net/sourceforge/ganttproject/task/dependency/TaskDependencyConstraint|},|project://ganttproject-2.1.1/ganttproject/src/net/sourceforge/ganttproject/gui/taskproperties/DependencyTableModel.java|(4976,59,<162,24>,<162,83>)>,
  <<|java+class:///net/sourceforge/ganttproject/GanttProjectBase/GPViewImpl|,|java+interface:///net/sourceforge/ganttproject/chart/ChartSelectionListener|>,{|java+interface:///net/sourceforge/ganttproject/GPView|},|project://ganttproject-2.1.1/ganttproject/src/net/sourceforge/ganttproject/ChartComponentBase.java|(13146,41,<428,48>,<428,89>)>,
  <<|java+class:///net/sourceforge/ganttproject/resource/HumanResource|,|java+class:///net/sourceforge/ganttproject/resource/ProjectResource|>,{|java+interface:///net/sourceforge/ganttproject/CustomPropertyHolder|},|project://ganttproject-2.1.1/ganttproject/src/net/sourceforge/ganttproject/gui/ResourcesTableModel.java|(5859,23,<188,39>,<188,62>)>,
  <<|java+class:///net/sourceforge/ganttproject/resource/HumanResource|,|java+class:///net/sourceforge/ganttproject/resource/ProjectResource|>,{|java+interface:///net/sourceforge/ganttproject/CustomPropertyHolder|},|project://ganttproject-2.1.1/ganttproject/src/net/sourceforge/ganttproject/gui/ResourcesTableModel.java|(6325,23,<204,35>,<204,58>)>,
  <<|java+class:///net/sourceforge/ganttproject/action/task/TaskActionBase|,|java+interface:///net/sourceforge/ganttproject/task/TaskSelectionManager/Listener|>,{|java+class:///net/sourceforge/ganttproject/action/GPAction|},|project://ganttproject-2.1.1/ganttproject/src/net/sourceforge/ganttproject/task/TaskSelectionManager.java|(3786,29,<149,28>,<149,57>)>,
  <<|java+class:///net/sourceforge/ganttproject/action/task/TaskActionBase|,|java+interface:///net/sourceforge/ganttproject/task/TaskSelectionManager/Listener|>,{|java+class:///net/sourceforge/ganttproject/action/GPAction|},|project://ganttproject-2.1.1/ganttproject/src/net/sourceforge/ganttproject/task/TaskSelectionManager.java|(4042,29,<155,28>,<155,57>)>,
  <<|java+class:///net/sourceforge/ganttproject/document/FtpDocument|,|java+interface:///net/sourceforge/ganttproject/document/Document|>,{|java+class:///net/sourceforge/ganttproject/document/AbstractURLDocument|},|project://ganttproject-2.1.1/ganttproject/src/net/sourceforge/ganttproject/GanttOptions.java|(18855,26,<489,40>,<489,66>)>,
  <<|java+class:///org/ganttproject/impex/htmlpdf/ExporterToHTML/AdvancedOptionGroup|,|java+interface:///net/sourceforge/ganttproject/gui/options/model/GPOption|>,{|java+class:///net/sourceforge/ganttproject/gui/options/model/GPOptionGroup|},|project://ganttproject-2.1.1/ganttproject/src/net/sourceforge/ganttproject/GanttOptions.java|(19825,30,<510,38>,<510,68>)>,
  <<|java+class:///org/ganttproject/impex/htmlpdf/ExporterToHTML/AdvancedOptionGroup|,|java+interface:///net/sourceforge/ganttproject/gui/options/model/GPOption|>,{|java+class:///net/sourceforge/ganttproject/gui/options/model/GPOptionGroup|},|project://ganttproject-2.1.1/ganttproject/src/net/sourceforge/ganttproject/GanttOptions.java|(26781,48,<713,34>,<713,82>)>,
  <<|java+class:///net/sourceforge/ganttproject/chart/ChartModelImpl/ChartModelImpl(net/sourceforge/ganttproject/task/TaskManager,net/sourceforge/ganttproject/time/TimeUnitStack,net/sourceforge/ganttproject/gui/UIConfiguration)/NewTaskColorOption|,|java+interface:///net/sourceforge/ganttproject/gui/options/model/GP1XOptionConverter|>,{|java+class:///net/sourceforge/ganttproject/gui/options/model/DefaultColorOption|},|project://ganttproject-2.1.1/ganttproject/src/net/sourceforge/ganttproject/GanttOptions.java|(27400,70,<728,52>,<728,122>)>,
  <<|java+class:///net/sourceforge/ganttproject/document/FtpDocument|,|java+interface:///net/sourceforge/ganttproject/document/Document|>,{|java+class:///net/sourceforge/ganttproject/document/AbstractURLDocument|},|project://ganttproject-2.1.1/ganttproject/src/net/sourceforge/ganttproject/document/AbstractDocument.java|(330,12,<16,20>,<16,32>)>,
  <<|java+class:///net/sourceforge/ganttproject/document/FtpDocument|,|java+interface:///net/sourceforge/ganttproject/document/Document|>,{|java+class:///net/sourceforge/ganttproject/document/AbstractURLDocument|},|project://ganttproject-2.1.1/ganttproject/src/net/sourceforge/ganttproject/document/ProxyDocument.java|(12303,13,<364,27>,<364,40>)>
]