{
  <<|java+interface:///com/opensymphony/oscache/base/events/ScopeEventListener|,|java+interface:///com/opensymphony/oscache/base/events/CacheEventListener|>,2,|java+class:///java/lang/Object|>,
  <<|java+interface:///com/opensymphony/oscache/web/WebEntryRefreshPolicy|,|java+interface:///com/opensymphony/oscache/base/EntryRefreshPolicy|>,2,|java+class:///java/lang/Object|>,
  <<|java+class:///com/opensymphony/oscache/plugins/clustersupport/JavaGroupsBroadcastingListener|,|java+class:///com/opensymphony/oscache/plugins/clustersupport/AbstractBroadcastingListener|>,2,|java+interface:///com/opensymphony/oscache/base/LifecycleAware|>,
  <<|java+class:///com/opensymphony/oscache/extra/CacheMapAccessEventListenerImpl|,|java+interface:///com/opensymphony/oscache/base/events/CacheMapAccessEventListener|>,2,|java+interface:///com/opensymphony/oscache/base/events/CacheEventListener|>,
  <<|java+interface:///com/opensymphony/oscache/base/events/CacheMapAccessEventListener|,|java+interface:///com/opensymphony/oscache/base/events/CacheEventListener|>,2,|java+class:///java/lang/Object|>,
  <<|java+interface:///com/opensymphony/oscache/base/EntryRefreshPolicy|,|java+interface:///java/io/Serializable|>,2,|java+class:///java/lang/Object|>,
  <<|java+interface:///com/opensymphony/oscache/base/events/CacheEventListener|,|java+interface:///java/util/EventListener|>,2,|java+class:///java/lang/Object|>,
  <<|java+class:///com/opensymphony/oscache/general/GeneralCacheAdministrator|,|java+class:///com/opensymphony/oscache/base/AbstractCacheAdministrator|>,2,|java+class:///java/lang/Object|>,
  <<|java+class:///com/opensymphony/oscache/plugins/clustersupport/AbstractBroadcastingListener|,|java+interface:///com/opensymphony/oscache/base/LifecycleAware|>,2,|java+interface:///com/opensymphony/oscache/base/LifecycleAware|>,
  <<|java+class:///com/opensymphony/oscache/base/algorithm/LRUCache|,|java+class:///com/opensymphony/oscache/base/algorithm/AbstractConcurrentReadCache|>,2,|java+class:///java/lang/Object|>,
  <<|java+class:///com/opensymphony/oscache/base/algorithm/AbstractConcurrentReadCache|,|java+class:///java/util/AbstractMap|>,2,|java+class:///java/lang/Object|>,
  <<|java+class:///com/opensymphony/oscache/plugins/clustersupport/AbstractBroadcastingListener|,|java+interface:///com/opensymphony/oscache/base/events/CacheEntryEventListener|>,2,|java+interface:///com/opensymphony/oscache/base/events/CacheEventListener|>,
  <<|java+class:///com/opensymphony/oscache/extra/CacheEntryEventListenerImpl|,|java+interface:///com/opensymphony/oscache/base/events/CacheEntryEventListener|>,2,|java+interface:///com/opensymphony/oscache/base/events/CacheEventListener|>,
  <<|java+interface:///com/opensymphony/oscache/base/events/CacheEntryEventListener|,|java+interface:///com/opensymphony/oscache/base/events/CacheEventListener|>,2,|java+interface:///com/opensymphony/oscache/base/events/CacheEventListener|>,
  <<|java+class:///com/opensymphony/oscache/base/algorithm/AbstractConcurrentReadCache/ValueIterator|,|java+class:///com/opensymphony/oscache/base/algorithm/AbstractConcurrentReadCache/HashIterator|>,2,|java+interface:///java/util/Collection|>,
  <<|java+class:///com/opensymphony/oscache/web/filter/CacheHttpServletResponseWrapper|,|java+class:///javax/servlet/http/HttpServletResponseWrapper|>,2,|java+interface:///javax/servlet/ServletResponse|>,
  <<|java+class:///com/opensymphony/oscache/plugins/diskpersistence/AbstractDiskPersistenceListener|,|java+interface:///com/opensymphony/oscache/base/persistence/PersistenceListener|>,2,|java+interface:///com/opensymphony/oscache/base/persistence/PersistenceListener|>,
  <<|java+class:///com/opensymphony/oscache/base/algorithm/UnlimitedCache|,|java+class:///com/opensymphony/oscache/base/algorithm/AbstractConcurrentReadCache|>,2,|java+class:///java/lang/Object|>,
  <<|java+class:///com/opensymphony/oscache/base/algorithm/AbstractConcurrentReadCache/KeyIterator|,|java+class:///com/opensymphony/oscache/base/algorithm/AbstractConcurrentReadCache/HashIterator|>,2,|java+interface:///java/util/Set|>,
  <<|java+interface:///com/opensymphony/oscache/base/events/CacheMapAccessEventListener|,|java+interface:///com/opensymphony/oscache/base/events/CacheEventListener|>,2,|java+interface:///com/opensymphony/oscache/base/events/CacheEventListener|>,
  <<|java+class:///com/opensymphony/oscache/base/algorithm/AbstractConcurrentReadCache/KeyIterator|,|java+class:///com/opensymphony/oscache/base/algorithm/AbstractConcurrentReadCache/HashIterator|>,2,|java+interface:///java/util/Enumeration|>,
  <<|java+class:///com/opensymphony/oscache/web/ServletCacheAdministrator|,|java+class:///com/opensymphony/oscache/base/AbstractCacheAdministrator|>,2,|java+class:///java/lang/Object|>,
  <<|java+class:///com/opensymphony/oscache/web/tag/CacheTag|,|java+class:///javax/servlet/jsp/tagext/BodyTagSupport|>,2,|java+interface:///javax/servlet/jsp/tagext/Tag|>,
  <<|java+class:///com/opensymphony/oscache/plugins/diskpersistence/DiskPersistenceListener|,|java+class:///com/opensymphony/oscache/plugins/diskpersistence/AbstractDiskPersistenceListener|>,2,|java+interface:///com/opensymphony/oscache/base/persistence/PersistenceListener|>,
  <<|java+class:///com/opensymphony/oscache/base/algorithm/FIFOCache|,|java+class:///com/opensymphony/oscache/base/algorithm/AbstractConcurrentReadCache|>,2,|java+class:///java/lang/Object|>,
  <<|java+interface:///com/opensymphony/oscache/base/events/CacheEntryEventListener|,|java+interface:///com/opensymphony/oscache/base/events/CacheEventListener|>,2,|java+class:///java/lang/Object|>,
  <<|java+class:///com/opensymphony/oscache/base/algorithm/AbstractConcurrentReadCache/HashIterator|,|java+interface:///java/util/Enumeration|>,2,|java+interface:///java/util/Enumeration|>,
  <<|java+class:///com/opensymphony/oscache/base/algorithm/AbstractConcurrentReadCache/ValueIterator|,|java+class:///com/opensymphony/oscache/base/algorithm/AbstractConcurrentReadCache/HashIterator|>,2,|java+interface:///java/util/Enumeration|>,
  <<|java+class:///com/opensymphony/oscache/plugins/clustersupport/JavaGroupsBroadcastingListener|,|java+class:///com/opensymphony/oscache/plugins/clustersupport/AbstractBroadcastingListener|>,2,|java+interface:///com/opensymphony/oscache/base/events/CacheEventListener|>
}