[
  <<|java+class:///com/itextpdf/text/pdf/draw/VerticalPositionMark|,|java+interface:///com/itextpdf/text/Element|>,{|java+interface:///com/itextpdf/text/pdf/draw/DrawInterface|},|project://itext-5.0.3/core/com/itextpdf/text/Phrase.java|(7409,17,<210,29>,<210,46>)>,
  <<|java+class:///com/itextpdf/text/pdf/draw/VerticalPositionMark|,|java+interface:///com/itextpdf/text/Element|>,{|java+interface:///com/itextpdf/text/pdf/draw/DrawInterface|},|project://itext-5.0.3/core/com/itextpdf/text/Phrase.java|(11357,18,<334,24>,<334,42>)>,
  <<|java+class:///com/itextpdf/text/pdf/codec/TIFFDirectory|,|java+class:///java/lang/Object|>,{|java+interface:///java/io/Serializable|},|project://itext-5.0.3/core/com/itextpdf/text/pdf/BidiLine.java|(14533,36,<371,28>,<371,64>)>,
  <<|java+class:///com/itextpdf/text/pdf/PdfLayerMembership|,|java+class:///com/itextpdf/text/pdf/PdfDictionary|>,{|java+interface:///com/itextpdf/text/pdf/PdfOCG|},|project://itext-5.0.3/core/com/itextpdf/text/pdf/PdfWriter.java|(47118,19,<1298,26>,<1298,45>)>,
  <<|java+class:///com/itextpdf/text/pdf/codec/TIFFField|,|java+class:///java/lang/Object|>,{
    |java+interface:///java/lang/Comparable|,
    |java+interface:///java/io/Serializable|
  },|project://itext-5.0.3/core/com/itextpdf/text/pdf/PdfDocument.java|(50717,45,<1332,36>,<1332,81>)>,
  <<|java+class:///com/itextpdf/text/pdf/draw/VerticalPositionMark|,|java+interface:///com/itextpdf/text/pdf/draw/DrawInterface|>,{|java+interface:///com/itextpdf/text/Element|},|project://itext-5.0.3/core/com/itextpdf/text/pdf/PdfDocument.java|(50807,21,<1333,43>,<1333,64>)>,
  <<|java+class:///com/itextpdf/text/pdf/codec/TIFFDirectory|,|java+class:///java/lang/Object|>,{|java+interface:///java/io/Serializable|},|project://itext-5.0.3/core/com/itextpdf/text/pdf/PdfDocument.java|(51397,39,<1343,36>,<1343,75>)>,
  <<|java+class:///com/itextpdf/text/pdf/draw/VerticalPositionMark|,|java+interface:///com/itextpdf/text/pdf/draw/DrawInterface|>,{|java+interface:///com/itextpdf/text/Element|},|project://itext-5.0.3/core/com/itextpdf/text/pdf/PdfDocument.java|(51481,21,<1344,43>,<1344,64>)>,
  <<|java+class:///com/itextpdf/text/pdf/codec/TIFFDirectory|,|java+class:///java/lang/Object|>,{|java+interface:///java/io/Serializable|},|project://itext-5.0.3/core/com/itextpdf/text/pdf/PdfDocument.java|(52348,46,<1359,39>,<1359,85>)>,
  <<|java+class:///com/itextpdf/text/pdf/codec/TIFFField|,|java+class:///java/lang/Object|>,{
    |java+interface:///java/lang/Comparable|,
    |java+interface:///java/io/Serializable|
  },|project://itext-5.0.3/core/com/itextpdf/text/pdf/PdfDocument.java|(53317,47,<1375,44>,<1375,91>)>,
  <<|java+class:///com/itextpdf/text/pdf/codec/TIFFField|,|java+class:///java/lang/Object|>,{
    |java+interface:///java/lang/Comparable|,
    |java+interface:///java/io/Serializable|
  },|project://itext-5.0.3/core/com/itextpdf/text/pdf/PdfDocument.java|(55676,46,<1414,39>,<1414,85>)>,
  <<|java+class:///com/itextpdf/text/pdf/codec/TIFFDirectory|,|java+class:///java/lang/Object|>,{|java+interface:///java/io/Serializable|},|project://itext-5.0.3/core/com/itextpdf/text/pdf/PdfDocument.java|(60552,50,<1492,34>,<1492,84>)>,
  <<|java+class:///com/itextpdf/text/pdf/PdfName|,|java+class:///com/itextpdf/text/pdf/PdfObject|>,{|java+interface:///java/lang/Comparable|},|project://itext-5.0.3/core/com/itextpdf/text/pdf/PdfSmartCopy.java|(6878,18,<175,26>,<175,44>)>,
  <<|java+class:///com/itextpdf/text/pdf/codec/TIFFField|,|java+class:///java/lang/Object|>,{
    |java+interface:///java/lang/Comparable|,
    |java+interface:///java/io/Serializable|
  },|project://itext-5.0.3/core/com/itextpdf/text/Chunk.java|(15013,38,<527,43>,<527,81>)>,
  <<|java+class:///com/itextpdf/text/pdf/codec/TIFFDirectory|,|java+class:///java/lang/Object|>,{|java+interface:///java/io/Serializable|},|project://itext-5.0.3/core/com/itextpdf/text/Chunk.java|(21779,38,<766,17>,<766,55>)>,
  <<|java+class:///com/itextpdf/text/pdf/PdfLayerMembership|,|java+class:///com/itextpdf/text/pdf/PdfDictionary|>,{|java+interface:///com/itextpdf/text/pdf/PdfOCG|},|project://itext-5.0.3/core/com/itextpdf/text/pdf/internal/PdfXConformanceImp.java|(11666,19,<248,35>,<248,54>)>,
  <<|java+class:///com/itextpdf/rups/view/itext/treenodes/XfaTreeNode|,|java+class:///com/itextpdf/rups/view/itext/treenodes/FormTreeNode|>,{|java+interface:///com/itextpdf/rups/io/OutputStreamResource|},|project://itext-5.0.3/rups/com/itextpdf/rups/view/itext/FormTree.java|(6850,49,<193,30>,<193,79>)>,
  <<|java+class:///com/itextpdf/text/Phrase|,|java+class:///java/util/ArrayList|>,{|java+interface:///com/itextpdf/text/TextElementArray|},|project://itext-5.0.3/core/com/itextpdf/text/pdf/hyphenation/SimplePatternParser.java|(5776,37,<192,6>,<192,43>)>,
  <<|java+class:///com/itextpdf/text/Section|,|java+class:///java/util/ArrayList|>,{
    |java+interface:///com/itextpdf/text/TextElementArray|,
    |java+interface:///com/itextpdf/text/LargeElement|
  },|project://itext-5.0.3/core/com/itextpdf/text/pdf/hyphenation/SimplePatternParser.java|(7400,37,<254,6>,<254,43>)>,
  <<|java+class:///com/itextpdf/text/Phrase|,|java+class:///java/util/ArrayList|>,{|java+interface:///com/itextpdf/text/TextElementArray|},|project://itext-5.0.3/core/com/itextpdf/text/pdf/PdfCopyFieldsImp.java|(11875,22,<284,41>,<284,63>)>,
  <<|java+class:///com/itextpdf/text/pdf/PdfLayerMembership|,|java+class:///com/itextpdf/text/pdf/PdfDictionary|>,{|java+interface:///com/itextpdf/text/pdf/PdfOCG|},|project://itext-5.0.3/core/com/itextpdf/text/pdf/PdfCopyFieldsImp.java|(11934,26,<285,35>,<285,61>)>,
  <<|java+class:///com/itextpdf/text/pdf/PdfLayerMembership|,|java+class:///com/itextpdf/text/pdf/PdfDictionary|>,{|java+interface:///com/itextpdf/text/pdf/PdfOCG|},|project://itext-5.0.3/core/com/itextpdf/text/pdf/PdfCopyFieldsImp.java|(12042,26,<287,39>,<287,65>)>,
  <<|java+class:///com/itextpdf/text/pdf/PdfLayer|,|java+class:///com/itextpdf/text/pdf/PdfDictionary|>,{|java+interface:///com/itextpdf/text/pdf/PdfOCG|},|project://itext-5.0.3/core/com/itextpdf/text/pdf/PdfCopyFieldsImp.java|(13284,30,<310,37>,<310,67>)>,
  <<|java+class:///com/itextpdf/text/Section|,|java+class:///java/util/ArrayList|>,{
    |java+interface:///com/itextpdf/text/TextElementArray|,
    |java+interface:///com/itextpdf/text/LargeElement|
  },|project://itext-5.0.3/core/com/itextpdf/text/pdf/PdfCopyFieldsImp.java|(20062,22,<486,45>,<486,67>)>,
  <<|java+class:///com/itextpdf/text/pdf/PdfLayerMembership|,|java+class:///com/itextpdf/text/pdf/PdfDictionary|>,{|java+interface:///com/itextpdf/text/pdf/PdfOCG|},|project://itext-5.0.3/core/com/itextpdf/text/pdf/PdfCopyFieldsImp.java|(20128,26,<487,42>,<487,68>)>,
  <<|java+class:///com/itextpdf/text/pdf/codec/TIFFDirectory|,|java+class:///java/lang/Object|>,{|java+interface:///java/io/Serializable|},|project://itext-5.0.3/core/com/itextpdf/text/pdf/PdfChunk.java|(5945,37,<163,23>,<163,60>)>,
  <<|java+class:///com/itextpdf/text/pdf/codec/TIFFField|,|java+class:///java/lang/Object|>,{
    |java+interface:///java/lang/Comparable|,
    |java+interface:///java/io/Serializable|
  },|project://itext-5.0.3/core/com/itextpdf/text/pdf/PdfChunk.java|(8539,43,<229,53>,<229,96>)>,
  <<|java+class:///com/itextpdf/text/pdf/codec/TIFFField|,|java+class:///java/lang/Object|>,{
    |java+interface:///java/lang/Comparable|,
    |java+interface:///java/io/Serializable|
  },|project://itext-5.0.3/core/com/itextpdf/text/pdf/PdfChunk.java|(8812,43,<234,53>,<234,96>)>,
  <<|java+class:///com/itextpdf/text/pdf/codec/TIFFDirectory|,|java+class:///java/lang/Object|>,{|java+interface:///java/io/Serializable|},|project://itext-5.0.3/core/com/itextpdf/text/pdf/PdfChunk.java|(9194,37,<242,23>,<242,60>)>,
  <<|java+class:///com/itextpdf/text/pdf/codec/TIFFDirectory|,|java+class:///java/lang/Object|>,{|java+interface:///java/io/Serializable|},|project://itext-5.0.3/core/com/itextpdf/text/pdf/PdfChunk.java|(23847,39,<667,19>,<667,58>)>,
  <<|java+class:///com/itextpdf/text/pdf/codec/TIFFDirectory|,|java+class:///java/lang/Object|>,{|java+interface:///java/io/Serializable|},|project://itext-5.0.3/core/com/itextpdf/text/pdf/PdfChunk.java|(24399,35,<688,18>,<688,53>)>,
  <<|java+class:///com/itextpdf/text/pdf/codec/TIFFField|,|java+class:///java/lang/Object|>,{
    |java+interface:///java/lang/Comparable|,
    |java+interface:///java/io/Serializable|
  },|project://itext-5.0.3/core/com/itextpdf/text/pdf/PdfLine.java|(5499,39,<152,24>,<152,63>)>,
  <<|java+class:///com/itextpdf/text/pdf/PdfName|,|java+class:///com/itextpdf/text/pdf/PdfObject|>,{|java+interface:///java/lang/Comparable|},|project://itext-5.0.3/core/com/itextpdf/text/pdf/FdfWriter.java|(7276,14,<200,25>,<200,39>)>,
  <<|java+class:///com/itextpdf/text/pdf/PdfName|,|java+class:///com/itextpdf/text/pdf/PdfObject|>,{|java+interface:///java/lang/Comparable|},|project://itext-5.0.3/core/com/itextpdf/text/pdf/FdfWriter.java|(12831,12,<348,39>,<348,51>)>,
  <<|java+class:///com/itextpdf/text/pdf/draw/VerticalPositionMark|,|java+interface:///com/itextpdf/text/Element|>,{|java+interface:///com/itextpdf/text/pdf/draw/DrawInterface|},|project://itext-5.0.3/core/com/itextpdf/text/Section.java|(6990,17,<184,23>,<184,40>)>,
  <<|java+class:///com/itextpdf/text/pdf/draw/VerticalPositionMark|,|java+interface:///com/itextpdf/text/Element|>,{|java+interface:///com/itextpdf/text/pdf/draw/DrawInterface|},|project://itext-5.0.3/core/com/itextpdf/text/Section.java|(8171,17,<231,24>,<231,41>)>,
  <<|java+class:///com/itextpdf/text/pdf/PdfName|,|java+class:///com/itextpdf/text/pdf/PdfObject|>,{|java+interface:///java/lang/Comparable|},|project://itext-5.0.3/core/com/itextpdf/text/pdf/PdfReader.java|(112661,18,<2989,22>,<2989,40>)>,
  <<|java+class:///com/itextpdf/text/pdf/codec/TIFFField|,|java+class:///java/lang/Object|>,{
    |java+interface:///java/lang/Comparable|,
    |java+interface:///java/io/Serializable|
  },|project://itext-5.0.3/core/com/itextpdf/text/pdf/PdfReader.java|(113658,17,<3013,23>,<3013,40>)>,
  <<|java+class:///com/itextpdf/text/Phrase|,|java+class:///java/util/ArrayList|>,{|java+interface:///com/itextpdf/text/TextElementArray|},|project://itext-5.0.3/core/com/itextpdf/text/pdf/PdfReader.java|(113754,29,<3015,25>,<3015,54>)>,
  <<|java+class:///com/itextpdf/text/pdf/PdfLayerMembership|,|java+class:///com/itextpdf/text/pdf/PdfDictionary|>,{|java+interface:///com/itextpdf/text/pdf/PdfOCG|},|project://itext-5.0.3/core/com/itextpdf/text/pdf/PdfReader.java|(113956,22,<3020,26>,<3020,48>)>,
  <<|java+class:///com/itextpdf/text/html/simpleparser/HTMLWorker|,|java+interface:///com/itextpdf/text/DocListener|>,{|java+interface:///com/itextpdf/text/xml/simpleparser/SimpleXMLDocHandler|},|project://itext-5.0.3/core/com/itextpdf/text/Document.java|(20631,21,<796,23>,<796,44>)>,
  <<|java+class:///com/itextpdf/text/html/simpleparser/HTMLWorker|,|java+interface:///com/itextpdf/text/DocListener|>,{|java+interface:///com/itextpdf/text/xml/simpleparser/SimpleXMLDocHandler|},|project://itext-5.0.3/core/com/itextpdf/text/Document.java|(21247,21,<814,23>,<814,44>)>
]