RESULTS LOG: 
INTERNAL REUSE TOTAL: 167 
<|java+class:///com/itextpdf/rups/model/ObjectLoader|,|java+class:///com/itextpdf/rups/model/BackgroundTask|> 
<|java+class:///com/itextpdf/rups/view/itext/treenodes/PdfObjectTreeNode|,|java+class:///com/itextpdf/rups/view/icons/IconTreeNode|> 
<|java+class:///com/itextpdf/rups/view/itext/treenodes/PdfTrailerTreeNode|,|java+class:///com/itextpdf/rups/view/itext/treenodes/PdfObjectTreeNode|> 
<|java+class:///com/itextpdf/rups/view/itext/treenodes/XdpTreeNode|,|java+class:///com/itextpdf/rups/view/icons/IconTreeNode|> 
<|java+class:///com/itextpdf/rups/view/itext/treenodes/XfaTreeNode|,|java+class:///com/itextpdf/rups/view/itext/treenodes/FormTreeNode|> 
<|java+class:///com/itextpdf/text/Chapter|,|java+class:///com/itextpdf/text/Section|> 
<|java+class:///com/itextpdf/text/GreekList|,|java+class:///com/itextpdf/text/List|> 
<|java+class:///com/itextpdf/text/Image|,|java+class:///com/itextpdf/text/Rectangle|> 
<|java+class:///com/itextpdf/text/ImgCCITT|,|java+class:///com/itextpdf/text/Image|> 
<|java+class:///com/itextpdf/text/ImgJBIG2|,|java+class:///com/itextpdf/text/Image|> 
<|java+class:///com/itextpdf/text/ImgRaw|,|java+class:///com/itextpdf/text/Image|> 
<|java+class:///com/itextpdf/text/ImgTemplate|,|java+class:///com/itextpdf/text/Image|> 
<|java+class:///com/itextpdf/text/ImgWMF|,|java+class:///com/itextpdf/text/Image|> 
<|java+class:///com/itextpdf/text/Jpeg|,|java+class:///com/itextpdf/text/Image|> 
<|java+class:///com/itextpdf/text/Jpeg2000|,|java+class:///com/itextpdf/text/Image|> 
<|java+class:///com/itextpdf/text/ListItem|,|java+class:///com/itextpdf/text/Paragraph|> 
<|java+class:///com/itextpdf/text/MarkedSection|,|java+class:///com/itextpdf/text/MarkedObject|> 
<|java+class:///com/itextpdf/text/Paragraph|,|java+class:///com/itextpdf/text/Phrase|> 
<|java+class:///com/itextpdf/text/RectangleReadOnly|,|java+class:///com/itextpdf/text/Rectangle|> 
<|java+class:///com/itextpdf/text/RomanList|,|java+class:///com/itextpdf/text/List|> 
<|java+class:///com/itextpdf/text/ZapfDingbatsList|,|java+class:///com/itextpdf/text/List|> 
<|java+class:///com/itextpdf/text/ZapfDingbatsNumberList|,|java+class:///com/itextpdf/text/List|> 
<|java+class:///com/itextpdf/text/pdf/AsianFontMapper|,|java+class:///com/itextpdf/text/pdf/DefaultFontMapper|> 
<|java+class:///com/itextpdf/text/pdf/Barcode128|,|java+class:///com/itextpdf/text/pdf/Barcode|> 
<|java+class:///com/itextpdf/text/pdf/Barcode39|,|java+class:///com/itextpdf/text/pdf/Barcode|> 
<|java+class:///com/itextpdf/text/pdf/BarcodeCodabar|,|java+class:///com/itextpdf/text/pdf/Barcode|> 
<|java+class:///com/itextpdf/text/pdf/BarcodeEAN|,|java+class:///com/itextpdf/text/pdf/Barcode|> 
<|java+class:///com/itextpdf/text/pdf/BarcodeEANSUPP|,|java+class:///com/itextpdf/text/pdf/Barcode|> 
<|java+class:///com/itextpdf/text/pdf/BarcodeInter25|,|java+class:///com/itextpdf/text/pdf/Barcode|> 
<|java+class:///com/itextpdf/text/pdf/BarcodePostnet|,|java+class:///com/itextpdf/text/pdf/Barcode|> 
<|java+class:///com/itextpdf/text/pdf/BaseFont/StreamFont|,|java+class:///com/itextpdf/text/pdf/PdfStream|> 
<|java+class:///com/itextpdf/text/pdf/CFFFont/DictNumberItem|,|java+class:///com/itextpdf/text/pdf/CFFFont/Item|> 
<|java+class:///com/itextpdf/text/pdf/CFFFont/DictOffsetItem|,|java+class:///com/itextpdf/text/pdf/CFFFont/OffsetItem|> 
<|java+class:///com/itextpdf/text/pdf/CFFFont/IndexMarkerItem|,|java+class:///com/itextpdf/text/pdf/CFFFont/Item|> 
<|java+class:///com/itextpdf/text/pdf/CFFFont/IndexOffsetItem|,|java+class:///com/itextpdf/text/pdf/CFFFont/OffsetItem|> 
<|java+class:///com/itextpdf/text/pdf/CFFFont/MarkerItem|,|java+class:///com/itextpdf/text/pdf/CFFFont/Item|> 
<|java+class:///com/itextpdf/text/pdf/CFFFont/RangeItem|,|java+class:///com/itextpdf/text/pdf/CFFFont/Item|> 
<|java+class:///com/itextpdf/text/pdf/CFFFont/StringItem|,|java+class:///com/itextpdf/text/pdf/CFFFont/Item|> 
<|java+class:///com/itextpdf/text/pdf/CFFFont/SubrMarkerItem|,|java+class:///com/itextpdf/text/pdf/CFFFont/Item|> 
<|java+class:///com/itextpdf/text/pdf/CFFFont/UInt16Item|,|java+class:///com/itextpdf/text/pdf/CFFFont/Item|> 
<|java+class:///com/itextpdf/text/pdf/CFFFont/UInt24Item|,|java+class:///com/itextpdf/text/pdf/CFFFont/Item|> 
<|java+class:///com/itextpdf/text/pdf/CFFFont/UInt32Item|,|java+class:///com/itextpdf/text/pdf/CFFFont/Item|> 
<|java+class:///com/itextpdf/text/pdf/CFFFont/UInt8Item|,|java+class:///com/itextpdf/text/pdf/CFFFont/Item|> 
<|java+class:///com/itextpdf/text/pdf/CFFFontSubset|,|java+class:///com/itextpdf/text/pdf/CFFFont|> 
<|java+class:///com/itextpdf/text/pdf/CJKFont|,|java+class:///com/itextpdf/text/pdf/BaseFont|> 
<|java+class:///com/itextpdf/text/pdf/CMYKColor|,|java+class:///com/itextpdf/text/pdf/ExtendedColor|> 
<|java+class:///com/itextpdf/text/pdf/CMapAwareDocumentFont|,|java+class:///com/itextpdf/text/pdf/DocumentFont|> 
<|java+class:///com/itextpdf/text/pdf/DocumentFont|,|java+class:///com/itextpdf/text/pdf/BaseFont|> 
<|java+class:///com/itextpdf/text/pdf/EnumerateTTC|,|java+class:///com/itextpdf/text/pdf/TrueTypeFont|> 
<|java+class:///com/itextpdf/text/pdf/FdfReader|,|java+class:///com/itextpdf/text/pdf/PdfReader|> 
<|java+class:///com/itextpdf/text/pdf/FdfWriter/Wrt|,|java+class:///com/itextpdf/text/pdf/PdfWriter|> 
<|java+class:///com/itextpdf/text/pdf/GrayColor|,|java+class:///com/itextpdf/text/pdf/ExtendedColor|> 
<|java+class:///com/itextpdf/text/pdf/PRAcroForm|,|java+class:///com/itextpdf/text/pdf/PdfDictionary|> 
<|java+class:///com/itextpdf/text/pdf/PRIndirectReference|,|java+class:///com/itextpdf/text/pdf/PdfIndirectReference|> 
<|java+class:///com/itextpdf/text/pdf/PRStream|,|java+class:///com/itextpdf/text/pdf/PdfStream|> 
<|java+class:///com/itextpdf/text/pdf/PatternColor|,|java+class:///com/itextpdf/text/pdf/ExtendedColor|> 
<|java+class:///com/itextpdf/text/pdf/PdfAcroForm|,|java+class:///com/itextpdf/text/pdf/PdfDictionary|> 
<|java+class:///com/itextpdf/text/pdf/PdfAction|,|java+class:///com/itextpdf/text/pdf/PdfDictionary|> 
<|java+class:///com/itextpdf/text/pdf/PdfAnnotation|,|java+class:///com/itextpdf/text/pdf/PdfDictionary|> 
<|java+class:///com/itextpdf/text/pdf/PdfAppearance|,|java+class:///com/itextpdf/text/pdf/PdfTemplate|> 
<|java+class:///com/itextpdf/text/pdf/PdfArray|,|java+class:///com/itextpdf/text/pdf/PdfObject|> 
<|java+class:///com/itextpdf/text/pdf/PdfBoolean|,|java+class:///com/itextpdf/text/pdf/PdfObject|> 
<|java+class:///com/itextpdf/text/pdf/PdfBorderArray|,|java+class:///com/itextpdf/text/pdf/PdfArray|> 
<|java+class:///com/itextpdf/text/pdf/PdfBorderDictionary|,|java+class:///com/itextpdf/text/pdf/PdfDictionary|> 
<|java+class:///com/itextpdf/text/pdf/PdfColor|,|java+class:///com/itextpdf/text/pdf/PdfArray|> 
<|java+class:///com/itextpdf/text/pdf/PdfContents|,|java+class:///com/itextpdf/text/pdf/PdfStream|> 
<|java+class:///com/itextpdf/text/pdf/PdfCopy|,|java+class:///com/itextpdf/text/pdf/PdfWriter|> 
<|java+class:///com/itextpdf/text/pdf/PdfCopy/StampContent|,|java+class:///com/itextpdf/text/pdf/PdfContentByte|> 
<|java+class:///com/itextpdf/text/pdf/PdfCopyFieldsImp|,|java+class:///com/itextpdf/text/pdf/PdfWriter|> 
<|java+class:///com/itextpdf/text/pdf/PdfCopyFormsImp|,|java+class:///com/itextpdf/text/pdf/PdfCopyFieldsImp|> 
<|java+class:///com/itextpdf/text/pdf/PdfDashPattern|,|java+class:///com/itextpdf/text/pdf/PdfArray|> 
<|java+class:///com/itextpdf/text/pdf/PdfDate|,|java+class:///com/itextpdf/text/pdf/PdfString|> 
<|java+class:///com/itextpdf/text/pdf/PdfDestination|,|java+class:///com/itextpdf/text/pdf/PdfArray|> 
<|java+class:///com/itextpdf/text/pdf/PdfDictionary|,|java+class:///com/itextpdf/text/pdf/PdfObject|> 
<|java+class:///com/itextpdf/text/pdf/PdfDocument|,|java+class:///com/itextpdf/text/Document|> 
<|java+class:///com/itextpdf/text/pdf/PdfDocument/PdfCatalog|,|java+class:///com/itextpdf/text/pdf/PdfDictionary|> 
<|java+class:///com/itextpdf/text/pdf/PdfDocument/PdfInfo|,|java+class:///com/itextpdf/text/pdf/PdfDictionary|> 
<|java+class:///com/itextpdf/text/pdf/PdfEFStream|,|java+class:///com/itextpdf/text/pdf/PdfStream|> 
<|java+class:///com/itextpdf/text/pdf/PdfFileSpecification|,|java+class:///com/itextpdf/text/pdf/PdfDictionary|> 
<|java+class:///com/itextpdf/text/pdf/PdfFormField|,|java+class:///com/itextpdf/text/pdf/PdfAnnotation|> 
<|java+class:///com/itextpdf/text/pdf/PdfFormXObject|,|java+class:///com/itextpdf/text/pdf/PdfStream|> 
<|java+class:///com/itextpdf/text/pdf/PdfGState|,|java+class:///com/itextpdf/text/pdf/PdfDictionary|> 
<|java+class:///com/itextpdf/text/pdf/PdfICCBased|,|java+class:///com/itextpdf/text/pdf/PdfStream|> 
<|java+class:///com/itextpdf/text/pdf/PdfImage|,|java+class:///com/itextpdf/text/pdf/PdfStream|> 
<|java+class:///com/itextpdf/text/pdf/PdfImportedPage|,|java+class:///com/itextpdf/text/pdf/PdfTemplate|> 
<|java+class:///com/itextpdf/text/pdf/PdfLayer|,|java+class:///com/itextpdf/text/pdf/PdfDictionary|> 
<|java+class:///com/itextpdf/text/pdf/PdfLayerMembership|,|java+class:///com/itextpdf/text/pdf/PdfDictionary|> 
<|java+class:///com/itextpdf/text/pdf/PdfLiteral|,|java+class:///com/itextpdf/text/pdf/PdfObject|> 
<|java+class:///com/itextpdf/text/pdf/PdfMediaClipData|,|java+class:///com/itextpdf/text/pdf/PdfDictionary|> 
<|java+class:///com/itextpdf/text/pdf/PdfName|,|java+class:///com/itextpdf/text/pdf/PdfObject|> 
<|java+class:///com/itextpdf/text/pdf/PdfNull|,|java+class:///com/itextpdf/text/pdf/PdfObject|> 
<|java+class:///com/itextpdf/text/pdf/PdfNumber|,|java+class:///com/itextpdf/text/pdf/PdfObject|> 
<|java+class:///com/itextpdf/text/pdf/PdfOutline|,|java+class:///com/itextpdf/text/pdf/PdfDictionary|> 
<|java+class:///com/itextpdf/text/pdf/PdfPCell|,|java+class:///com/itextpdf/text/Rectangle|> 
<|java+class:///com/itextpdf/text/pdf/PdfPSXObject|,|java+class:///com/itextpdf/text/pdf/PdfTemplate|> 
<|java+class:///com/itextpdf/text/pdf/PdfPage|,|java+class:///com/itextpdf/text/pdf/PdfDictionary|> 
<|java+class:///com/itextpdf/text/pdf/PdfPattern|,|java+class:///com/itextpdf/text/pdf/PdfStream|> 
<|java+class:///com/itextpdf/text/pdf/PdfPatternPainter|,|java+class:///com/itextpdf/text/pdf/PdfTemplate|> 
<|java+class:///com/itextpdf/text/pdf/PdfRectangle|,|java+class:///com/itextpdf/text/pdf/PdfArray|> 
<|java+class:///com/itextpdf/text/pdf/PdfRendition|,|java+class:///com/itextpdf/text/pdf/PdfDictionary|> 
<|java+class:///com/itextpdf/text/pdf/PdfResources|,|java+class:///com/itextpdf/text/pdf/PdfDictionary|> 
<|java+class:///com/itextpdf/text/pdf/PdfShadingPattern|,|java+class:///com/itextpdf/text/pdf/PdfDictionary|> 
<|java+class:///com/itextpdf/text/pdf/PdfSigGenericPKCS|,|java+class:///com/itextpdf/text/pdf/PdfSignature|> 
<|java+class:///com/itextpdf/text/pdf/PdfSigGenericPKCS/PPKLite|,|java+class:///com/itextpdf/text/pdf/PdfSigGenericPKCS|> 
<|java+class:///com/itextpdf/text/pdf/PdfSigGenericPKCS/PPKMS|,|java+class:///com/itextpdf/text/pdf/PdfSigGenericPKCS|> 
<|java+class:///com/itextpdf/text/pdf/PdfSigGenericPKCS/VeriSign|,|java+class:///com/itextpdf/text/pdf/PdfSigGenericPKCS|> 
<|java+class:///com/itextpdf/text/pdf/PdfSignature|,|java+class:///com/itextpdf/text/pdf/PdfDictionary|> 
<|java+class:///com/itextpdf/text/pdf/PdfSmartCopy|,|java+class:///com/itextpdf/text/pdf/PdfCopy|> 
<|java+class:///com/itextpdf/text/pdf/PdfStamperImp|,|java+class:///com/itextpdf/text/pdf/PdfWriter|> 
<|java+class:///com/itextpdf/text/pdf/PdfStream|,|java+class:///com/itextpdf/text/pdf/PdfDictionary|> 
<|java+class:///com/itextpdf/text/pdf/PdfString|,|java+class:///com/itextpdf/text/pdf/PdfObject|> 
<|java+class:///com/itextpdf/text/pdf/PdfStructureElement|,|java+class:///com/itextpdf/text/pdf/PdfDictionary|> 
<|java+class:///com/itextpdf/text/pdf/PdfStructureTreeRoot|,|java+class:///com/itextpdf/text/pdf/PdfDictionary|> 
<|java+class:///com/itextpdf/text/pdf/PdfTemplate|,|java+class:///com/itextpdf/text/pdf/PdfContentByte|> 
<|java+class:///com/itextpdf/text/pdf/PdfTransparencyGroup|,|java+class:///com/itextpdf/text/pdf/PdfDictionary|> 
<|java+class:///com/itextpdf/text/pdf/PdfVisibilityExpression|,|java+class:///com/itextpdf/text/pdf/PdfArray|> 
<|java+class:///com/itextpdf/text/pdf/PdfWriter|,|java+class:///com/itextpdf/text/DocWriter|> 
<|java+class:///com/itextpdf/text/pdf/PdfWriter/PdfTrailer|,|java+class:///com/itextpdf/text/pdf/PdfDictionary|> 
<|java+class:///com/itextpdf/text/pdf/PushbuttonField|,|java+class:///com/itextpdf/text/pdf/BaseField|> 
<|java+class:///com/itextpdf/text/pdf/RadioCheckField|,|java+class:///com/itextpdf/text/pdf/BaseField|> 
<|java+class:///com/itextpdf/text/pdf/ShadingColor|,|java+class:///com/itextpdf/text/pdf/ExtendedColor|> 
<|java+class:///com/itextpdf/text/pdf/SpotColor|,|java+class:///com/itextpdf/text/pdf/ExtendedColor|> 
<|java+class:///com/itextpdf/text/pdf/StampContent|,|java+class:///com/itextpdf/text/pdf/PdfContentByte|> 
<|java+class:///com/itextpdf/text/pdf/TextField|,|java+class:///com/itextpdf/text/pdf/BaseField|> 
<|java+class:///com/itextpdf/text/pdf/TrueTypeFont|,|java+class:///com/itextpdf/text/pdf/BaseFont|> 
<|java+class:///com/itextpdf/text/pdf/TrueTypeFontUnicode|,|java+class:///com/itextpdf/text/pdf/TrueTypeFont|> 
<|java+class:///com/itextpdf/text/pdf/Type1Font|,|java+class:///com/itextpdf/text/pdf/BaseFont|> 
<|java+class:///com/itextpdf/text/pdf/Type3Font|,|java+class:///com/itextpdf/text/pdf/BaseFont|> 
<|java+class:///com/itextpdf/text/pdf/Type3Glyph|,|java+class:///com/itextpdf/text/pdf/PdfContentByte|> 
<|java+class:///com/itextpdf/text/pdf/XfaForm/AcroFieldsSearch|,|java+class:///com/itextpdf/text/pdf/XfaForm/Xml2Som|> 
<|java+class:///com/itextpdf/text/pdf/XfaForm/Xml2SomDatasets|,|java+class:///com/itextpdf/text/pdf/XfaForm/Xml2Som|> 
<|java+class:///com/itextpdf/text/pdf/XfaForm/Xml2SomTemplate|,|java+class:///com/itextpdf/text/pdf/XfaForm/Xml2Som|> 
<|java+class:///com/itextpdf/text/pdf/codec/TiffWriter/FieldAscii|,|java+class:///com/itextpdf/text/pdf/codec/TiffWriter/FieldBase|> 
<|java+class:///com/itextpdf/text/pdf/codec/TiffWriter/FieldByte|,|java+class:///com/itextpdf/text/pdf/codec/TiffWriter/FieldBase|> 
<|java+class:///com/itextpdf/text/pdf/codec/TiffWriter/FieldImage|,|java+class:///com/itextpdf/text/pdf/codec/TiffWriter/FieldBase|> 
<|java+class:///com/itextpdf/text/pdf/codec/TiffWriter/FieldLong|,|java+class:///com/itextpdf/text/pdf/codec/TiffWriter/FieldBase|> 
<|java+class:///com/itextpdf/text/pdf/codec/TiffWriter/FieldRational|,|java+class:///com/itextpdf/text/pdf/codec/TiffWriter/FieldBase|> 
<|java+class:///com/itextpdf/text/pdf/codec/TiffWriter/FieldShort|,|java+class:///com/itextpdf/text/pdf/codec/TiffWriter/FieldBase|> 
<|java+class:///com/itextpdf/text/pdf/codec/TiffWriter/FieldUndefined|,|java+class:///com/itextpdf/text/pdf/codec/TiffWriter/FieldBase|> 
<|java+class:///com/itextpdf/text/pdf/codec/wmf/MetaBrush|,|java+class:///com/itextpdf/text/pdf/codec/wmf/MetaObject|> 
<|java+class:///com/itextpdf/text/pdf/codec/wmf/MetaFont|,|java+class:///com/itextpdf/text/pdf/codec/wmf/MetaObject|> 
<|java+class:///com/itextpdf/text/pdf/codec/wmf/MetaPen|,|java+class:///com/itextpdf/text/pdf/codec/wmf/MetaObject|> 
<|java+class:///com/itextpdf/text/pdf/collection/PdfCollection|,|java+class:///com/itextpdf/text/pdf/PdfDictionary|> 
<|java+class:///com/itextpdf/text/pdf/collection/PdfCollectionField|,|java+class:///com/itextpdf/text/pdf/PdfDictionary|> 
<|java+class:///com/itextpdf/text/pdf/collection/PdfCollectionItem|,|java+class:///com/itextpdf/text/pdf/PdfDictionary|> 
<|java+class:///com/itextpdf/text/pdf/collection/PdfCollectionSchema|,|java+class:///com/itextpdf/text/pdf/PdfDictionary|> 
<|java+class:///com/itextpdf/text/pdf/collection/PdfCollectionSort|,|java+class:///com/itextpdf/text/pdf/PdfDictionary|> 
<|java+class:///com/itextpdf/text/pdf/collection/PdfTargetDictionary|,|java+class:///com/itextpdf/text/pdf/PdfDictionary|> 
<|java+class:///com/itextpdf/text/pdf/draw/DottedLineSeparator|,|java+class:///com/itextpdf/text/pdf/draw/LineSeparator|> 
<|java+class:///com/itextpdf/text/pdf/draw/LineSeparator|,|java+class:///com/itextpdf/text/pdf/draw/VerticalPositionMark|> 
<|java+class:///com/itextpdf/text/pdf/hyphenation/HyphenationTree|,|java+class:///com/itextpdf/text/pdf/hyphenation/TernaryTree|> 
<|java+class:///com/itextpdf/text/pdf/parser/PdfContentStreamProcessor/ResourceDictionary|,|java+class:///com/itextpdf/text/pdf/PdfDictionary|> 
<|java+class:///com/itextpdf/text/pdf/richmedia/CuePoint|,|java+class:///com/itextpdf/text/pdf/PdfDictionary|> 
<|java+class:///com/itextpdf/text/pdf/richmedia/RichMediaActivation|,|java+class:///com/itextpdf/text/pdf/PdfDictionary|> 
<|java+class:///com/itextpdf/text/pdf/richmedia/RichMediaAnimation|,|java+class:///com/itextpdf/text/pdf/PdfDictionary|> 
<|java+class:///com/itextpdf/text/pdf/richmedia/RichMediaCommand|,|java+class:///com/itextpdf/text/pdf/PdfDictionary|> 
<|java+class:///com/itextpdf/text/pdf/richmedia/RichMediaConfiguration|,|java+class:///com/itextpdf/text/pdf/PdfDictionary|> 
<|java+class:///com/itextpdf/text/pdf/richmedia/RichMediaDeactivation|,|java+class:///com/itextpdf/text/pdf/PdfDictionary|> 
<|java+class:///com/itextpdf/text/pdf/richmedia/RichMediaInstance|,|java+class:///com/itextpdf/text/pdf/PdfDictionary|> 
<|java+class:///com/itextpdf/text/pdf/richmedia/RichMediaParams|,|java+class:///com/itextpdf/text/pdf/PdfDictionary|> 
<|java+class:///com/itextpdf/text/pdf/richmedia/RichMediaPosition|,|java+class:///com/itextpdf/text/pdf/PdfDictionary|> 
<|java+class:///com/itextpdf/text/pdf/richmedia/RichMediaPresentation|,|java+class:///com/itextpdf/text/pdf/PdfDictionary|> 
<|java+class:///com/itextpdf/text/pdf/richmedia/RichMediaWindow|,|java+class:///com/itextpdf/text/pdf/PdfDictionary|> 
<|java+class:///com/itextpdf/text/xml/xmp/DublinCoreSchema|,|java+class:///com/itextpdf/text/xml/xmp/XmpSchema|> 
<|java+class:///com/itextpdf/text/xml/xmp/PdfA1Schema|,|java+class:///com/itextpdf/text/xml/xmp/XmpSchema|> 
<|java+class:///com/itextpdf/text/xml/xmp/PdfSchema|,|java+class:///com/itextpdf/text/xml/xmp/XmpSchema|> 
<|java+class:///com/itextpdf/text/xml/xmp/XmpBasicSchema|,|java+class:///com/itextpdf/text/xml/xmp/XmpSchema|> 

EXTERNAL REUSE TOTAL: 67 
<|java+class:///com/itextpdf/rups/view/itext/treenodes/FormTreeNode|,|java+class:///com/itextpdf/rups/view/icons/IconTreeNode|> 
<|java+class:///com/itextpdf/rups/view/itext/treenodes/OutlineTreeNode|,|java+class:///com/itextpdf/rups/view/icons/IconTreeNode|> 
<|java+class:///com/itextpdf/rups/view/itext/treenodes/PdfObjectTreeNode|,|java+class:///com/itextpdf/rups/view/icons/IconTreeNode|> 
<|java+class:///com/itextpdf/rups/view/itext/treenodes/PdfPageTreeNode|,|java+class:///com/itextpdf/rups/view/itext/treenodes/PdfObjectTreeNode|> 
<|java+class:///com/itextpdf/rups/view/itext/treenodes/PdfPagesTreeNode|,|java+class:///com/itextpdf/rups/view/itext/treenodes/PdfObjectTreeNode|> 
<|java+class:///com/itextpdf/rups/view/itext/treenodes/PdfTrailerTreeNode|,|java+class:///com/itextpdf/rups/view/itext/treenodes/PdfObjectTreeNode|> 
<|java+class:///com/itextpdf/rups/view/itext/treenodes/XdpTreeNode|,|java+class:///com/itextpdf/rups/view/icons/IconTreeNode|> 
<|java+class:///com/itextpdf/rups/view/itext/treenodes/XfaTreeNode|,|java+class:///com/itextpdf/rups/view/itext/treenodes/FormTreeNode|> 
<|java+class:///com/itextpdf/text/Anchor|,|java+class:///com/itextpdf/text/Phrase|> 
<|java+class:///com/itextpdf/text/Image|,|java+class:///com/itextpdf/text/Rectangle|> 
<|java+class:///com/itextpdf/text/ListItem|,|java+class:///com/itextpdf/text/Paragraph|> 
<|java+class:///com/itextpdf/text/MarkedSection|,|java+class:///com/itextpdf/text/MarkedObject|> 
<|java+class:///com/itextpdf/text/Paragraph|,|java+class:///com/itextpdf/text/Phrase|> 
<|java+class:///com/itextpdf/text/pdf/CFFFont/IndexBaseItem|,|java+class:///com/itextpdf/text/pdf/CFFFont/Item|> 
<|java+class:///com/itextpdf/text/pdf/CFFFontSubset|,|java+class:///com/itextpdf/text/pdf/CFFFont|> 
<|java+class:///com/itextpdf/text/pdf/CMapAwareDocumentFont|,|java+class:///com/itextpdf/text/pdf/DocumentFont|> 
<|java+class:///com/itextpdf/text/pdf/FdfReader|,|java+class:///com/itextpdf/text/pdf/PdfReader|> 
<|java+class:///com/itextpdf/text/pdf/PRIndirectReference|,|java+class:///com/itextpdf/text/pdf/PdfIndirectReference|> 
<|java+class:///com/itextpdf/text/pdf/PRStream|,|java+class:///com/itextpdf/text/pdf/PdfStream|> 
<|java+class:///com/itextpdf/text/pdf/PdfAction|,|java+class:///com/itextpdf/text/pdf/PdfDictionary|> 
<|java+class:///com/itextpdf/text/pdf/PdfAnnotation|,|java+class:///com/itextpdf/text/pdf/PdfDictionary|> 
<|java+class:///com/itextpdf/text/pdf/PdfAppearance|,|java+class:///com/itextpdf/text/pdf/PdfTemplate|> 
<|java+class:///com/itextpdf/text/pdf/PdfCopy/StampContent|,|java+class:///com/itextpdf/text/pdf/PdfContentByte|> 
<|java+class:///com/itextpdf/text/pdf/PdfCopyFieldsImp|,|java+class:///com/itextpdf/text/pdf/PdfWriter|> 
<|java+class:///com/itextpdf/text/pdf/PdfCopyFormsImp|,|java+class:///com/itextpdf/text/pdf/PdfCopyFieldsImp|> 
<|java+class:///com/itextpdf/text/pdf/PdfDictionary|,|java+class:///com/itextpdf/text/pdf/PdfObject|> 
<|java+class:///com/itextpdf/text/pdf/PdfDocument|,|java+class:///com/itextpdf/text/Document|> 
<|java+class:///com/itextpdf/text/pdf/PdfDocument/PdfCatalog|,|java+class:///com/itextpdf/text/pdf/PdfDictionary|> 
<|java+class:///com/itextpdf/text/pdf/PdfEFStream|,|java+class:///com/itextpdf/text/pdf/PdfStream|> 
<|java+class:///com/itextpdf/text/pdf/PdfFileSpecification|,|java+class:///com/itextpdf/text/pdf/PdfDictionary|> 
<|java+class:///com/itextpdf/text/pdf/PdfFormField|,|java+class:///com/itextpdf/text/pdf/PdfAnnotation|> 
<|java+class:///com/itextpdf/text/pdf/PdfImage|,|java+class:///com/itextpdf/text/pdf/PdfStream|> 
<|java+class:///com/itextpdf/text/pdf/PdfImportedPage|,|java+class:///com/itextpdf/text/pdf/PdfTemplate|> 
<|java+class:///com/itextpdf/text/pdf/PdfIndirectReference|,|java+class:///com/itextpdf/text/pdf/PdfObject|> 
<|java+class:///com/itextpdf/text/pdf/PdfLayer|,|java+class:///com/itextpdf/text/pdf/PdfDictionary|> 
<|java+class:///com/itextpdf/text/pdf/PdfLiteral|,|java+class:///com/itextpdf/text/pdf/PdfObject|> 
<|java+class:///com/itextpdf/text/pdf/PdfName|,|java+class:///com/itextpdf/text/pdf/PdfObject|> 
<|java+class:///com/itextpdf/text/pdf/PdfNumber|,|java+class:///com/itextpdf/text/pdf/PdfObject|> 
<|java+class:///com/itextpdf/text/pdf/PdfOCProperties|,|java+class:///com/itextpdf/text/pdf/PdfDictionary|> 
<|java+class:///com/itextpdf/text/pdf/PdfOutline|,|java+class:///com/itextpdf/text/pdf/PdfDictionary|> 
<|java+class:///com/itextpdf/text/pdf/PdfPCell|,|java+class:///com/itextpdf/text/Rectangle|> 
<|java+class:///com/itextpdf/text/pdf/PdfPSXObject|,|java+class:///com/itextpdf/text/pdf/PdfTemplate|> 
<|java+class:///com/itextpdf/text/pdf/PdfPage|,|java+class:///com/itextpdf/text/pdf/PdfDictionary|> 
<|java+class:///com/itextpdf/text/pdf/PdfPatternPainter|,|java+class:///com/itextpdf/text/pdf/PdfTemplate|> 
<|java+class:///com/itextpdf/text/pdf/PdfResources|,|java+class:///com/itextpdf/text/pdf/PdfDictionary|> 
<|java+class:///com/itextpdf/text/pdf/PdfShadingPattern|,|java+class:///com/itextpdf/text/pdf/PdfDictionary|> 
<|java+class:///com/itextpdf/text/pdf/PdfSigGenericPKCS|,|java+class:///com/itextpdf/text/pdf/PdfSignature|> 
<|java+class:///com/itextpdf/text/pdf/PdfSignature|,|java+class:///com/itextpdf/text/pdf/PdfDictionary|> 
<|java+class:///com/itextpdf/text/pdf/PdfStamperImp|,|java+class:///com/itextpdf/text/pdf/PdfWriter|> 
<|java+class:///com/itextpdf/text/pdf/PdfStream|,|java+class:///com/itextpdf/text/pdf/PdfDictionary|> 
<|java+class:///com/itextpdf/text/pdf/PdfStructureElement|,|java+class:///com/itextpdf/text/pdf/PdfDictionary|> 
<|java+class:///com/itextpdf/text/pdf/PdfTemplate|,|java+class:///com/itextpdf/text/pdf/PdfContentByte|> 
<|java+class:///com/itextpdf/text/pdf/PdfWriter|,|java+class:///com/itextpdf/text/DocWriter|> 
<|java+class:///com/itextpdf/text/pdf/PushbuttonField|,|java+class:///com/itextpdf/text/pdf/BaseField|> 
<|java+class:///com/itextpdf/text/pdf/StampContent|,|java+class:///com/itextpdf/text/pdf/PdfContentByte|> 
<|java+class:///com/itextpdf/text/pdf/TextField|,|java+class:///com/itextpdf/text/pdf/BaseField|> 
<|java+class:///com/itextpdf/text/pdf/TrueTypeFont|,|java+class:///com/itextpdf/text/pdf/BaseFont|> 
<|java+class:///com/itextpdf/text/pdf/TrueTypeFontUnicode|,|java+class:///com/itextpdf/text/pdf/TrueTypeFont|> 
<|java+class:///com/itextpdf/text/pdf/Type3Glyph|,|java+class:///com/itextpdf/text/pdf/PdfContentByte|> 
<|java+class:///com/itextpdf/text/pdf/XfaForm/AcroFieldsSearch|,|java+class:///com/itextpdf/text/pdf/XfaForm/Xml2Som|> 
<|java+class:///com/itextpdf/text/pdf/XfaForm/Xml2SomDatasets|,|java+class:///com/itextpdf/text/pdf/XfaForm/Xml2Som|> 
<|java+class:///com/itextpdf/text/pdf/collection/PdfCollection|,|java+class:///com/itextpdf/text/pdf/PdfDictionary|> 
<|java+class:///com/itextpdf/text/pdf/collection/PdfCollectionSchema|,|java+class:///com/itextpdf/text/pdf/PdfDictionary|> 
<|java+class:///com/itextpdf/text/pdf/parser/PdfContentStreamProcessor/ResourceDictionary|,|java+class:///com/itextpdf/text/pdf/PdfDictionary|> 
<|java+class:///com/itextpdf/text/xml/xmp/DublinCoreSchema|,|java+class:///com/itextpdf/text/xml/xmp/XmpSchema|> 
<|java+class:///com/itextpdf/text/xml/xmp/PdfSchema|,|java+class:///com/itextpdf/text/xml/xmp/XmpSchema|> 
<|java+class:///com/itextpdf/text/xml/xmp/XmpBasicSchema|,|java+class:///com/itextpdf/text/xml/xmp/XmpSchema|> 

SUBTYPE TOTAL: 139 
<|java+class:///com/itextpdf/rups/model/ObjectLoader|,|java+class:///com/itextpdf/rups/model/BackgroundTask|> 
<|java+class:///com/itextpdf/rups/view/itext/treenodes/FormTreeNode|,|java+class:///com/itextpdf/rups/view/icons/IconTreeNode|> 
<|java+class:///com/itextpdf/rups/view/itext/treenodes/OutlineTreeNode|,|java+class:///com/itextpdf/rups/view/icons/IconTreeNode|> 
<|java+class:///com/itextpdf/rups/view/itext/treenodes/PdfObjectTreeNode|,|java+class:///com/itextpdf/rups/view/icons/IconTreeNode|> 
<|java+class:///com/itextpdf/rups/view/itext/treenodes/PdfPageTreeNode|,|java+class:///com/itextpdf/rups/view/itext/treenodes/PdfObjectTreeNode|> 
<|java+class:///com/itextpdf/rups/view/itext/treenodes/PdfPagesTreeNode|,|java+class:///com/itextpdf/rups/view/itext/treenodes/PdfObjectTreeNode|> 
<|java+class:///com/itextpdf/rups/view/itext/treenodes/PdfTrailerTreeNode|,|java+class:///com/itextpdf/rups/view/itext/treenodes/PdfObjectTreeNode|> 
<|java+class:///com/itextpdf/text/Anchor|,|java+class:///com/itextpdf/text/Phrase|> 
<|java+class:///com/itextpdf/text/Chapter|,|java+class:///com/itextpdf/text/Section|> 
<|java+class:///com/itextpdf/text/ChapterAutoNumber|,|java+class:///com/itextpdf/text/Chapter|> 
<|java+class:///com/itextpdf/text/Header|,|java+class:///com/itextpdf/text/Meta|> 
<|java+class:///com/itextpdf/text/Image|,|java+class:///com/itextpdf/text/Rectangle|> 
<|java+class:///com/itextpdf/text/ImgCCITT|,|java+class:///com/itextpdf/text/Image|> 
<|java+class:///com/itextpdf/text/ImgJBIG2|,|java+class:///com/itextpdf/text/Image|> 
<|java+class:///com/itextpdf/text/ImgRaw|,|java+class:///com/itextpdf/text/Image|> 
<|java+class:///com/itextpdf/text/ImgTemplate|,|java+class:///com/itextpdf/text/Image|> 
<|java+class:///com/itextpdf/text/ImgWMF|,|java+class:///com/itextpdf/text/Image|> 
<|java+class:///com/itextpdf/text/Jpeg|,|java+class:///com/itextpdf/text/Image|> 
<|java+class:///com/itextpdf/text/Jpeg2000|,|java+class:///com/itextpdf/text/Image|> 
<|java+class:///com/itextpdf/text/ListItem|,|java+class:///com/itextpdf/text/Paragraph|> 
<|java+class:///com/itextpdf/text/MarkedSection|,|java+class:///com/itextpdf/text/MarkedObject|> 
<|java+class:///com/itextpdf/text/Paragraph|,|java+class:///com/itextpdf/text/Phrase|> 
<|java+class:///com/itextpdf/text/RectangleReadOnly|,|java+class:///com/itextpdf/text/Rectangle|> 
<|java+class:///com/itextpdf/text/pdf/BaseFont/StreamFont|,|java+class:///com/itextpdf/text/pdf/PdfStream|> 
<|java+class:///com/itextpdf/text/pdf/CFFFont/DictOffsetItem|,|java+class:///com/itextpdf/text/pdf/CFFFont/OffsetItem|> 
<|java+class:///com/itextpdf/text/pdf/CFFFont/IndexOffsetItem|,|java+class:///com/itextpdf/text/pdf/CFFFont/OffsetItem|> 
<|java+class:///com/itextpdf/text/pdf/CJKFont|,|java+class:///com/itextpdf/text/pdf/BaseFont|> 
<|java+class:///com/itextpdf/text/pdf/CMYKColor|,|java+class:///com/itextpdf/text/pdf/ExtendedColor|> 
<|java+class:///com/itextpdf/text/pdf/CMapAwareDocumentFont|,|java+class:///com/itextpdf/text/pdf/DocumentFont|> 
<|java+class:///com/itextpdf/text/pdf/DocumentFont|,|java+class:///com/itextpdf/text/pdf/BaseFont|> 
<|java+class:///com/itextpdf/text/pdf/ExtendedColor|,|java+class:///com/itextpdf/text/BaseColor|> 
<|java+class:///com/itextpdf/text/pdf/FdfReader|,|java+class:///com/itextpdf/text/pdf/PdfReader|> 
<|java+class:///com/itextpdf/text/pdf/FdfWriter/Wrt|,|java+class:///com/itextpdf/text/pdf/PdfWriter|> 
<|java+class:///com/itextpdf/text/pdf/GrayColor|,|java+class:///com/itextpdf/text/pdf/ExtendedColor|> 
<|java+class:///com/itextpdf/text/pdf/PRIndirectReference|,|java+class:///com/itextpdf/text/pdf/PdfIndirectReference|> 
<|java+class:///com/itextpdf/text/pdf/PRStream|,|java+class:///com/itextpdf/text/pdf/PdfStream|> 
<|java+class:///com/itextpdf/text/pdf/PatternColor|,|java+class:///com/itextpdf/text/pdf/ExtendedColor|> 
<|java+class:///com/itextpdf/text/pdf/PdfAcroForm|,|java+class:///com/itextpdf/text/pdf/PdfDictionary|> 
<|java+class:///com/itextpdf/text/pdf/PdfAction|,|java+class:///com/itextpdf/text/pdf/PdfDictionary|> 
<|java+class:///com/itextpdf/text/pdf/PdfAnnotation|,|java+class:///com/itextpdf/text/pdf/PdfDictionary|> 
<|java+class:///com/itextpdf/text/pdf/PdfAppearance|,|java+class:///com/itextpdf/text/pdf/PdfTemplate|> 
<|java+class:///com/itextpdf/text/pdf/PdfArray|,|java+class:///com/itextpdf/text/pdf/PdfObject|> 
<|java+class:///com/itextpdf/text/pdf/PdfBoolean|,|java+class:///com/itextpdf/text/pdf/PdfObject|> 
<|java+class:///com/itextpdf/text/pdf/PdfBorderArray|,|java+class:///com/itextpdf/text/pdf/PdfArray|> 
<|java+class:///com/itextpdf/text/pdf/PdfBorderDictionary|,|java+class:///com/itextpdf/text/pdf/PdfDictionary|> 
<|java+class:///com/itextpdf/text/pdf/PdfColor|,|java+class:///com/itextpdf/text/pdf/PdfArray|> 
<|java+class:///com/itextpdf/text/pdf/PdfContents|,|java+class:///com/itextpdf/text/pdf/PdfStream|> 
<|java+class:///com/itextpdf/text/pdf/PdfCopy|,|java+class:///com/itextpdf/text/pdf/PdfWriter|> 
<|java+class:///com/itextpdf/text/pdf/PdfCopy/StampContent|,|java+class:///com/itextpdf/text/pdf/PdfContentByte|> 
<|java+class:///com/itextpdf/text/pdf/PdfCopyFieldsImp|,|java+class:///com/itextpdf/text/pdf/PdfWriter|> 
<|java+class:///com/itextpdf/text/pdf/PdfCopyFormsImp|,|java+class:///com/itextpdf/text/pdf/PdfCopyFieldsImp|> 
<|java+class:///com/itextpdf/text/pdf/PdfDashPattern|,|java+class:///com/itextpdf/text/pdf/PdfArray|> 
<|java+class:///com/itextpdf/text/pdf/PdfDate|,|java+class:///com/itextpdf/text/pdf/PdfString|> 
<|java+class:///com/itextpdf/text/pdf/PdfDestination|,|java+class:///com/itextpdf/text/pdf/PdfArray|> 
<|java+class:///com/itextpdf/text/pdf/PdfDictionary|,|java+class:///com/itextpdf/text/pdf/PdfObject|> 
<|java+class:///com/itextpdf/text/pdf/PdfDocument|,|java+class:///com/itextpdf/text/Document|> 
<|java+class:///com/itextpdf/text/pdf/PdfDocument/PdfCatalog|,|java+class:///com/itextpdf/text/pdf/PdfDictionary|> 
<|java+class:///com/itextpdf/text/pdf/PdfDocument/PdfInfo|,|java+class:///com/itextpdf/text/pdf/PdfDictionary|> 
<|java+class:///com/itextpdf/text/pdf/PdfEFStream|,|java+class:///com/itextpdf/text/pdf/PdfStream|> 
<|java+class:///com/itextpdf/text/pdf/PdfFileSpecification|,|java+class:///com/itextpdf/text/pdf/PdfDictionary|> 
<|java+class:///com/itextpdf/text/pdf/PdfFormField|,|java+class:///com/itextpdf/text/pdf/PdfAnnotation|> 
<|java+class:///com/itextpdf/text/pdf/PdfFormXObject|,|java+class:///com/itextpdf/text/pdf/PdfStream|> 
<|java+class:///com/itextpdf/text/pdf/PdfGState|,|java+class:///com/itextpdf/text/pdf/PdfDictionary|> 
<|java+class:///com/itextpdf/text/pdf/PdfICCBased|,|java+class:///com/itextpdf/text/pdf/PdfStream|> 
<|java+class:///com/itextpdf/text/pdf/PdfImage|,|java+class:///com/itextpdf/text/pdf/PdfStream|> 
<|java+class:///com/itextpdf/text/pdf/PdfImportedPage|,|java+class:///com/itextpdf/text/pdf/PdfTemplate|> 
<|java+class:///com/itextpdf/text/pdf/PdfIndirectReference|,|java+class:///com/itextpdf/text/pdf/PdfObject|> 
<|java+class:///com/itextpdf/text/pdf/PdfLayer|,|java+class:///com/itextpdf/text/pdf/PdfDictionary|> 
<|java+class:///com/itextpdf/text/pdf/PdfLayerMembership|,|java+class:///com/itextpdf/text/pdf/PdfDictionary|> 
<|java+class:///com/itextpdf/text/pdf/PdfLiteral|,|java+class:///com/itextpdf/text/pdf/PdfObject|> 
<|java+class:///com/itextpdf/text/pdf/PdfMediaClipData|,|java+class:///com/itextpdf/text/pdf/PdfDictionary|> 
<|java+class:///com/itextpdf/text/pdf/PdfName|,|java+class:///com/itextpdf/text/pdf/PdfObject|> 
<|java+class:///com/itextpdf/text/pdf/PdfNull|,|java+class:///com/itextpdf/text/pdf/PdfObject|> 
<|java+class:///com/itextpdf/text/pdf/PdfNumber|,|java+class:///com/itextpdf/text/pdf/PdfObject|> 
<|java+class:///com/itextpdf/text/pdf/PdfOCProperties|,|java+class:///com/itextpdf/text/pdf/PdfDictionary|> 
<|java+class:///com/itextpdf/text/pdf/PdfOutline|,|java+class:///com/itextpdf/text/pdf/PdfDictionary|> 
<|java+class:///com/itextpdf/text/pdf/PdfPCell|,|java+class:///com/itextpdf/text/Rectangle|> 
<|java+class:///com/itextpdf/text/pdf/PdfPSXObject|,|java+class:///com/itextpdf/text/pdf/PdfTemplate|> 
<|java+class:///com/itextpdf/text/pdf/PdfPage|,|java+class:///com/itextpdf/text/pdf/PdfDictionary|> 
<|java+class:///com/itextpdf/text/pdf/PdfPattern|,|java+class:///com/itextpdf/text/pdf/PdfStream|> 
<|java+class:///com/itextpdf/text/pdf/PdfPatternPainter|,|java+class:///com/itextpdf/text/pdf/PdfTemplate|> 
<|java+class:///com/itextpdf/text/pdf/PdfPrinterGraphics2D|,|java+class:///com/itextpdf/text/pdf/PdfGraphics2D|> 
<|java+class:///com/itextpdf/text/pdf/PdfRectangle|,|java+class:///com/itextpdf/text/pdf/PdfArray|> 
<|java+class:///com/itextpdf/text/pdf/PdfRendition|,|java+class:///com/itextpdf/text/pdf/PdfDictionary|> 
<|java+class:///com/itextpdf/text/pdf/PdfResources|,|java+class:///com/itextpdf/text/pdf/PdfDictionary|> 
<|java+class:///com/itextpdf/text/pdf/PdfShadingPattern|,|java+class:///com/itextpdf/text/pdf/PdfDictionary|> 
<|java+class:///com/itextpdf/text/pdf/PdfSigGenericPKCS|,|java+class:///com/itextpdf/text/pdf/PdfSignature|> 
<|java+class:///com/itextpdf/text/pdf/PdfSigGenericPKCS/PPKLite|,|java+class:///com/itextpdf/text/pdf/PdfSigGenericPKCS|> 
<|java+class:///com/itextpdf/text/pdf/PdfSigGenericPKCS/PPKMS|,|java+class:///com/itextpdf/text/pdf/PdfSigGenericPKCS|> 
<|java+class:///com/itextpdf/text/pdf/PdfSigGenericPKCS/VeriSign|,|java+class:///com/itextpdf/text/pdf/PdfSigGenericPKCS|> 
<|java+class:///com/itextpdf/text/pdf/PdfSignature|,|java+class:///com/itextpdf/text/pdf/PdfDictionary|> 
<|java+class:///com/itextpdf/text/pdf/PdfStamperImp|,|java+class:///com/itextpdf/text/pdf/PdfWriter|> 
<|java+class:///com/itextpdf/text/pdf/PdfStream|,|java+class:///com/itextpdf/text/pdf/PdfDictionary|> 
<|java+class:///com/itextpdf/text/pdf/PdfString|,|java+class:///com/itextpdf/text/pdf/PdfObject|> 
<|java+class:///com/itextpdf/text/pdf/PdfStructureElement|,|java+class:///com/itextpdf/text/pdf/PdfDictionary|> 
<|java+class:///com/itextpdf/text/pdf/PdfStructureTreeRoot|,|java+class:///com/itextpdf/text/pdf/PdfDictionary|> 
<|java+class:///com/itextpdf/text/pdf/PdfTemplate|,|java+class:///com/itextpdf/text/pdf/PdfContentByte|> 
<|java+class:///com/itextpdf/text/pdf/PdfTransparencyGroup|,|java+class:///com/itextpdf/text/pdf/PdfDictionary|> 
<|java+class:///com/itextpdf/text/pdf/PdfVisibilityExpression|,|java+class:///com/itextpdf/text/pdf/PdfArray|> 
<|java+class:///com/itextpdf/text/pdf/PushbuttonField|,|java+class:///com/itextpdf/text/pdf/BaseField|> 
<|java+class:///com/itextpdf/text/pdf/ShadingColor|,|java+class:///com/itextpdf/text/pdf/ExtendedColor|> 
<|java+class:///com/itextpdf/text/pdf/SpotColor|,|java+class:///com/itextpdf/text/pdf/ExtendedColor|> 
<|java+class:///com/itextpdf/text/pdf/StampContent|,|java+class:///com/itextpdf/text/pdf/PdfContentByte|> 
<|java+class:///com/itextpdf/text/pdf/TextField|,|java+class:///com/itextpdf/text/pdf/BaseField|> 
<|java+class:///com/itextpdf/text/pdf/TrueTypeFont|,|java+class:///com/itextpdf/text/pdf/BaseFont|> 
<|java+class:///com/itextpdf/text/pdf/TrueTypeFontUnicode|,|java+class:///com/itextpdf/text/pdf/TrueTypeFont|> 
<|java+class:///com/itextpdf/text/pdf/Type1Font|,|java+class:///com/itextpdf/text/pdf/BaseFont|> 
<|java+class:///com/itextpdf/text/pdf/Type3Glyph|,|java+class:///com/itextpdf/text/pdf/PdfContentByte|> 
<|java+class:///com/itextpdf/text/pdf/codec/TiffWriter/FieldAscii|,|java+class:///com/itextpdf/text/pdf/codec/TiffWriter/FieldBase|> 
<|java+class:///com/itextpdf/text/pdf/codec/TiffWriter/FieldImage|,|java+class:///com/itextpdf/text/pdf/codec/TiffWriter/FieldBase|> 
<|java+class:///com/itextpdf/text/pdf/codec/TiffWriter/FieldLong|,|java+class:///com/itextpdf/text/pdf/codec/TiffWriter/FieldBase|> 
<|java+class:///com/itextpdf/text/pdf/codec/TiffWriter/FieldRational|,|java+class:///com/itextpdf/text/pdf/codec/TiffWriter/FieldBase|> 
<|java+class:///com/itextpdf/text/pdf/codec/TiffWriter/FieldShort|,|java+class:///com/itextpdf/text/pdf/codec/TiffWriter/FieldBase|> 
<|java+class:///com/itextpdf/text/pdf/codec/TiffWriter/FieldUndefined|,|java+class:///com/itextpdf/text/pdf/codec/TiffWriter/FieldBase|> 
<|java+class:///com/itextpdf/text/pdf/codec/wmf/MetaBrush|,|java+class:///com/itextpdf/text/pdf/codec/wmf/MetaObject|> 
<|java+class:///com/itextpdf/text/pdf/codec/wmf/MetaFont|,|java+class:///com/itextpdf/text/pdf/codec/wmf/MetaObject|> 
<|java+class:///com/itextpdf/text/pdf/codec/wmf/MetaPen|,|java+class:///com/itextpdf/text/pdf/codec/wmf/MetaObject|> 
<|java+class:///com/itextpdf/text/pdf/collection/PdfCollection|,|java+class:///com/itextpdf/text/pdf/PdfDictionary|> 
<|java+class:///com/itextpdf/text/pdf/collection/PdfCollectionField|,|java+class:///com/itextpdf/text/pdf/PdfDictionary|> 
<|java+class:///com/itextpdf/text/pdf/collection/PdfCollectionItem|,|java+class:///com/itextpdf/text/pdf/PdfDictionary|> 
<|java+class:///com/itextpdf/text/pdf/collection/PdfCollectionSchema|,|java+class:///com/itextpdf/text/pdf/PdfDictionary|> 
<|java+class:///com/itextpdf/text/pdf/collection/PdfCollectionSort|,|java+class:///com/itextpdf/text/pdf/PdfDictionary|> 
<|java+class:///com/itextpdf/text/pdf/collection/PdfTargetDictionary|,|java+class:///com/itextpdf/text/pdf/PdfDictionary|> 
<|java+class:///com/itextpdf/text/pdf/draw/LineSeparator|,|java+class:///com/itextpdf/text/pdf/draw/VerticalPositionMark|> 
<|java+class:///com/itextpdf/text/pdf/parser/MarkedContentRenderFilter|,|java+class:///com/itextpdf/text/pdf/parser/RenderFilter|> 
<|java+class:///com/itextpdf/text/pdf/richmedia/RichMediaActivation|,|java+class:///com/itextpdf/text/pdf/PdfDictionary|> 
<|java+class:///com/itextpdf/text/pdf/richmedia/RichMediaAnimation|,|java+class:///com/itextpdf/text/pdf/PdfDictionary|> 
<|java+class:///com/itextpdf/text/pdf/richmedia/RichMediaCommand|,|java+class:///com/itextpdf/text/pdf/PdfDictionary|> 
<|java+class:///com/itextpdf/text/pdf/richmedia/RichMediaConfiguration|,|java+class:///com/itextpdf/text/pdf/PdfDictionary|> 
<|java+class:///com/itextpdf/text/pdf/richmedia/RichMediaDeactivation|,|java+class:///com/itextpdf/text/pdf/PdfDictionary|> 
<|java+class:///com/itextpdf/text/pdf/richmedia/RichMediaInstance|,|java+class:///com/itextpdf/text/pdf/PdfDictionary|> 
<|java+class:///com/itextpdf/text/pdf/richmedia/RichMediaParams|,|java+class:///com/itextpdf/text/pdf/PdfDictionary|> 
<|java+class:///com/itextpdf/text/pdf/richmedia/RichMediaPosition|,|java+class:///com/itextpdf/text/pdf/PdfDictionary|> 
<|java+class:///com/itextpdf/text/pdf/richmedia/RichMediaPresentation|,|java+class:///com/itextpdf/text/pdf/PdfDictionary|> 
<|java+class:///com/itextpdf/text/pdf/richmedia/RichMediaWindow|,|java+class:///com/itextpdf/text/pdf/PdfDictionary|> 
<|java+class:///com/itextpdf/text/xml/xmp/DublinCoreSchema|,|java+class:///com/itextpdf/text/xml/xmp/XmpSchema|> 
<|java+class:///com/itextpdf/text/xml/xmp/PdfA1Schema|,|java+class:///com/itextpdf/text/xml/xmp/XmpSchema|> 
<|java+class:///com/itextpdf/text/xml/xmp/PdfSchema|,|java+class:///com/itextpdf/text/xml/xmp/XmpSchema|> 
<|java+class:///com/itextpdf/text/xml/xmp/XmpBasicSchema|,|java+class:///com/itextpdf/text/xml/xmp/XmpSchema|> 

DOWNCALL ACTUAL TOTAL: 0 

DOWNCALL CANDIDATE TOTAL: 0 

CONSTANT TOTAL: 0 

MARKER TOTAL: 0 

SUPER TOTAL: 130 
<|java+class:///com/itextpdf/rups/view/itext/treenodes/FormTreeNode|,|java+class:///com/itextpdf/rups/view/icons/IconTreeNode|> 
<|java+class:///com/itextpdf/rups/view/itext/treenodes/OutlineTreeNode|,|java+class:///com/itextpdf/rups/view/icons/IconTreeNode|> 
<|java+class:///com/itextpdf/rups/view/itext/treenodes/PdfObjectTreeNode|,|java+class:///com/itextpdf/rups/view/icons/IconTreeNode|> 
<|java+class:///com/itextpdf/rups/view/itext/treenodes/PdfPageTreeNode|,|java+class:///com/itextpdf/rups/view/itext/treenodes/PdfObjectTreeNode|> 
<|java+class:///com/itextpdf/rups/view/itext/treenodes/PdfPagesTreeNode|,|java+class:///com/itextpdf/rups/view/itext/treenodes/PdfObjectTreeNode|> 
<|java+class:///com/itextpdf/rups/view/itext/treenodes/PdfTrailerTreeNode|,|java+class:///com/itextpdf/rups/view/itext/treenodes/PdfObjectTreeNode|> 
<|java+class:///com/itextpdf/rups/view/itext/treenodes/XdpTreeNode|,|java+class:///com/itextpdf/rups/view/icons/IconTreeNode|> 
<|java+class:///com/itextpdf/rups/view/itext/treenodes/XfaTreeNode|,|java+class:///com/itextpdf/rups/view/itext/treenodes/FormTreeNode|> 
<|java+class:///com/itextpdf/text/Anchor|,|java+class:///com/itextpdf/text/Phrase|> 
<|java+class:///com/itextpdf/text/Chapter|,|java+class:///com/itextpdf/text/Section|> 
<|java+class:///com/itextpdf/text/ChapterAutoNumber|,|java+class:///com/itextpdf/text/Chapter|> 
<|java+class:///com/itextpdf/text/GreekList|,|java+class:///com/itextpdf/text/List|> 
<|java+class:///com/itextpdf/text/Header|,|java+class:///com/itextpdf/text/Meta|> 
<|java+class:///com/itextpdf/text/Image|,|java+class:///com/itextpdf/text/Rectangle|> 
<|java+class:///com/itextpdf/text/ImgCCITT|,|java+class:///com/itextpdf/text/Image|> 
<|java+class:///com/itextpdf/text/ImgJBIG2|,|java+class:///com/itextpdf/text/Image|> 
<|java+class:///com/itextpdf/text/ImgRaw|,|java+class:///com/itextpdf/text/Image|> 
<|java+class:///com/itextpdf/text/ImgTemplate|,|java+class:///com/itextpdf/text/Image|> 
<|java+class:///com/itextpdf/text/ImgWMF|,|java+class:///com/itextpdf/text/Image|> 
<|java+class:///com/itextpdf/text/Jpeg|,|java+class:///com/itextpdf/text/Image|> 
<|java+class:///com/itextpdf/text/Jpeg2000|,|java+class:///com/itextpdf/text/Image|> 
<|java+class:///com/itextpdf/text/ListItem|,|java+class:///com/itextpdf/text/Paragraph|> 
<|java+class:///com/itextpdf/text/MarkedSection|,|java+class:///com/itextpdf/text/MarkedObject|> 
<|java+class:///com/itextpdf/text/Paragraph|,|java+class:///com/itextpdf/text/Phrase|> 
<|java+class:///com/itextpdf/text/RectangleReadOnly|,|java+class:///com/itextpdf/text/Rectangle|> 
<|java+class:///com/itextpdf/text/RomanList|,|java+class:///com/itextpdf/text/List|> 
<|java+class:///com/itextpdf/text/ZapfDingbatsList|,|java+class:///com/itextpdf/text/List|> 
<|java+class:///com/itextpdf/text/ZapfDingbatsNumberList|,|java+class:///com/itextpdf/text/List|> 
<|java+class:///com/itextpdf/text/exceptions/UnsupportedPdfException|,|java+class:///com/itextpdf/text/exceptions/InvalidPdfException|> 
<|java+class:///com/itextpdf/text/pdf/AsianFontMapper|,|java+class:///com/itextpdf/text/pdf/DefaultFontMapper|> 
<|java+class:///com/itextpdf/text/pdf/CFFFontSubset|,|java+class:///com/itextpdf/text/pdf/CFFFont|> 
<|java+class:///com/itextpdf/text/pdf/CMYKColor|,|java+class:///com/itextpdf/text/pdf/ExtendedColor|> 
<|java+class:///com/itextpdf/text/pdf/CMapAwareDocumentFont|,|java+class:///com/itextpdf/text/pdf/DocumentFont|> 
<|java+class:///com/itextpdf/text/pdf/ExtendedColor|,|java+class:///com/itextpdf/text/BaseColor|> 
<|java+class:///com/itextpdf/text/pdf/FdfReader|,|java+class:///com/itextpdf/text/pdf/PdfReader|> 
<|java+class:///com/itextpdf/text/pdf/FdfWriter/Wrt|,|java+class:///com/itextpdf/text/pdf/PdfWriter|> 
<|java+class:///com/itextpdf/text/pdf/GrayColor|,|java+class:///com/itextpdf/text/pdf/ExtendedColor|> 
<|java+class:///com/itextpdf/text/pdf/PatternColor|,|java+class:///com/itextpdf/text/pdf/ExtendedColor|> 
<|java+class:///com/itextpdf/text/pdf/PdfAcroForm|,|java+class:///com/itextpdf/text/pdf/PdfDictionary|> 
<|java+class:///com/itextpdf/text/pdf/PdfAppearance|,|java+class:///com/itextpdf/text/pdf/PdfTemplate|> 
<|java+class:///com/itextpdf/text/pdf/PdfArray|,|java+class:///com/itextpdf/text/pdf/PdfObject|> 
<|java+class:///com/itextpdf/text/pdf/PdfBoolean|,|java+class:///com/itextpdf/text/pdf/PdfObject|> 
<|java+class:///com/itextpdf/text/pdf/PdfBorderArray|,|java+class:///com/itextpdf/text/pdf/PdfArray|> 
<|java+class:///com/itextpdf/text/pdf/PdfColor|,|java+class:///com/itextpdf/text/pdf/PdfArray|> 
<|java+class:///com/itextpdf/text/pdf/PdfContents|,|java+class:///com/itextpdf/text/pdf/PdfStream|> 
<|java+class:///com/itextpdf/text/pdf/PdfCopy|,|java+class:///com/itextpdf/text/pdf/PdfWriter|> 
<|java+class:///com/itextpdf/text/pdf/PdfCopy/StampContent|,|java+class:///com/itextpdf/text/pdf/PdfContentByte|> 
<|java+class:///com/itextpdf/text/pdf/PdfCopyFieldsImp|,|java+class:///com/itextpdf/text/pdf/PdfWriter|> 
<|java+class:///com/itextpdf/text/pdf/PdfCopyFormsImp|,|java+class:///com/itextpdf/text/pdf/PdfCopyFieldsImp|> 
<|java+class:///com/itextpdf/text/pdf/PdfDashPattern|,|java+class:///com/itextpdf/text/pdf/PdfArray|> 
<|java+class:///com/itextpdf/text/pdf/PdfDate|,|java+class:///com/itextpdf/text/pdf/PdfString|> 
<|java+class:///com/itextpdf/text/pdf/PdfDestination|,|java+class:///com/itextpdf/text/pdf/PdfArray|> 
<|java+class:///com/itextpdf/text/pdf/PdfDictionary|,|java+class:///com/itextpdf/text/pdf/PdfObject|> 
<|java+class:///com/itextpdf/text/pdf/PdfDocument|,|java+class:///com/itextpdf/text/Document|> 
<|java+class:///com/itextpdf/text/pdf/PdfDocument/PdfCatalog|,|java+class:///com/itextpdf/text/pdf/PdfDictionary|> 
<|java+class:///com/itextpdf/text/pdf/PdfDocument/PdfInfo|,|java+class:///com/itextpdf/text/pdf/PdfDictionary|> 
<|java+class:///com/itextpdf/text/pdf/PdfEFStream|,|java+class:///com/itextpdf/text/pdf/PdfStream|> 
<|java+class:///com/itextpdf/text/pdf/PdfFileSpecification|,|java+class:///com/itextpdf/text/pdf/PdfDictionary|> 
<|java+class:///com/itextpdf/text/pdf/PdfFormField|,|java+class:///com/itextpdf/text/pdf/PdfAnnotation|> 
<|java+class:///com/itextpdf/text/pdf/PdfFormXObject|,|java+class:///com/itextpdf/text/pdf/PdfStream|> 
<|java+class:///com/itextpdf/text/pdf/PdfICCBased|,|java+class:///com/itextpdf/text/pdf/PdfStream|> 
<|java+class:///com/itextpdf/text/pdf/PdfImage|,|java+class:///com/itextpdf/text/pdf/PdfStream|> 
<|java+class:///com/itextpdf/text/pdf/PdfIndirectReference|,|java+class:///com/itextpdf/text/pdf/PdfObject|> 
<|java+class:///com/itextpdf/text/pdf/PdfLayer|,|java+class:///com/itextpdf/text/pdf/PdfDictionary|> 
<|java+class:///com/itextpdf/text/pdf/PdfLayerMembership|,|java+class:///com/itextpdf/text/pdf/PdfDictionary|> 
<|java+class:///com/itextpdf/text/pdf/PdfLiteral|,|java+class:///com/itextpdf/text/pdf/PdfObject|> 
<|java+class:///com/itextpdf/text/pdf/PdfName|,|java+class:///com/itextpdf/text/pdf/PdfObject|> 
<|java+class:///com/itextpdf/text/pdf/PdfNull|,|java+class:///com/itextpdf/text/pdf/PdfObject|> 
<|java+class:///com/itextpdf/text/pdf/PdfNumber|,|java+class:///com/itextpdf/text/pdf/PdfObject|> 
<|java+class:///com/itextpdf/text/pdf/PdfOutline|,|java+class:///com/itextpdf/text/pdf/PdfDictionary|> 
<|java+class:///com/itextpdf/text/pdf/PdfPCell|,|java+class:///com/itextpdf/text/Rectangle|> 
<|java+class:///com/itextpdf/text/pdf/PdfPSXObject|,|java+class:///com/itextpdf/text/pdf/PdfTemplate|> 
<|java+class:///com/itextpdf/text/pdf/PdfPage|,|java+class:///com/itextpdf/text/pdf/PdfDictionary|> 
<|java+class:///com/itextpdf/text/pdf/PdfPattern|,|java+class:///com/itextpdf/text/pdf/PdfStream|> 
<|java+class:///com/itextpdf/text/pdf/PdfPatternPainter|,|java+class:///com/itextpdf/text/pdf/PdfTemplate|> 
<|java+class:///com/itextpdf/text/pdf/PdfPrinterGraphics2D|,|java+class:///com/itextpdf/text/pdf/PdfGraphics2D|> 
<|java+class:///com/itextpdf/text/pdf/PdfRectangle|,|java+class:///com/itextpdf/text/pdf/PdfArray|> 
<|java+class:///com/itextpdf/text/pdf/PdfResources|,|java+class:///com/itextpdf/text/pdf/PdfDictionary|> 
<|java+class:///com/itextpdf/text/pdf/PdfSigGenericPKCS|,|java+class:///com/itextpdf/text/pdf/PdfSignature|> 
<|java+class:///com/itextpdf/text/pdf/PdfSigGenericPKCS/PPKLite|,|java+class:///com/itextpdf/text/pdf/PdfSigGenericPKCS|> 
<|java+class:///com/itextpdf/text/pdf/PdfSigGenericPKCS/PPKMS|,|java+class:///com/itextpdf/text/pdf/PdfSigGenericPKCS|> 
<|java+class:///com/itextpdf/text/pdf/PdfSigGenericPKCS/VeriSign|,|java+class:///com/itextpdf/text/pdf/PdfSigGenericPKCS|> 
<|java+class:///com/itextpdf/text/pdf/PdfSignature|,|java+class:///com/itextpdf/text/pdf/PdfDictionary|> 
<|java+class:///com/itextpdf/text/pdf/PdfSmartCopy|,|java+class:///com/itextpdf/text/pdf/PdfCopy|> 
<|java+class:///com/itextpdf/text/pdf/PdfStamperImp|,|java+class:///com/itextpdf/text/pdf/PdfWriter|> 
<|java+class:///com/itextpdf/text/pdf/PdfStream|,|java+class:///com/itextpdf/text/pdf/PdfDictionary|> 
<|java+class:///com/itextpdf/text/pdf/PdfString|,|java+class:///com/itextpdf/text/pdf/PdfObject|> 
<|java+class:///com/itextpdf/text/pdf/PdfStructureTreeRoot|,|java+class:///com/itextpdf/text/pdf/PdfDictionary|> 
<|java+class:///com/itextpdf/text/pdf/PdfTemplate|,|java+class:///com/itextpdf/text/pdf/PdfContentByte|> 
<|java+class:///com/itextpdf/text/pdf/PdfTransparencyGroup|,|java+class:///com/itextpdf/text/pdf/PdfDictionary|> 
<|java+class:///com/itextpdf/text/pdf/PdfVisibilityExpression|,|java+class:///com/itextpdf/text/pdf/PdfArray|> 
<|java+class:///com/itextpdf/text/pdf/PdfWriter|,|java+class:///com/itextpdf/text/DocWriter|> 
<|java+class:///com/itextpdf/text/pdf/PushbuttonField|,|java+class:///com/itextpdf/text/pdf/BaseField|> 
<|java+class:///com/itextpdf/text/pdf/RadioCheckField|,|java+class:///com/itextpdf/text/pdf/BaseField|> 
<|java+class:///com/itextpdf/text/pdf/ShadingColor|,|java+class:///com/itextpdf/text/pdf/ExtendedColor|> 
<|java+class:///com/itextpdf/text/pdf/SpotColor|,|java+class:///com/itextpdf/text/pdf/ExtendedColor|> 
<|java+class:///com/itextpdf/text/pdf/StampContent|,|java+class:///com/itextpdf/text/pdf/PdfContentByte|> 
<|java+class:///com/itextpdf/text/pdf/TextField|,|java+class:///com/itextpdf/text/pdf/BaseField|> 
<|java+class:///com/itextpdf/text/pdf/Type3Glyph|,|java+class:///com/itextpdf/text/pdf/PdfContentByte|> 
<|java+class:///com/itextpdf/text/pdf/codec/TiffWriter/FieldAscii|,|java+class:///com/itextpdf/text/pdf/codec/TiffWriter/FieldBase|> 
<|java+class:///com/itextpdf/text/pdf/codec/TiffWriter/FieldByte|,|java+class:///com/itextpdf/text/pdf/codec/TiffWriter/FieldBase|> 
<|java+class:///com/itextpdf/text/pdf/codec/TiffWriter/FieldImage|,|java+class:///com/itextpdf/text/pdf/codec/TiffWriter/FieldBase|> 
<|java+class:///com/itextpdf/text/pdf/codec/TiffWriter/FieldLong|,|java+class:///com/itextpdf/text/pdf/codec/TiffWriter/FieldBase|> 
<|java+class:///com/itextpdf/text/pdf/codec/TiffWriter/FieldRational|,|java+class:///com/itextpdf/text/pdf/codec/TiffWriter/FieldBase|> 
<|java+class:///com/itextpdf/text/pdf/codec/TiffWriter/FieldShort|,|java+class:///com/itextpdf/text/pdf/codec/TiffWriter/FieldBase|> 
<|java+class:///com/itextpdf/text/pdf/codec/TiffWriter/FieldUndefined|,|java+class:///com/itextpdf/text/pdf/codec/TiffWriter/FieldBase|> 
<|java+class:///com/itextpdf/text/pdf/collection/PdfCollection|,|java+class:///com/itextpdf/text/pdf/PdfDictionary|> 
<|java+class:///com/itextpdf/text/pdf/collection/PdfCollectionField|,|java+class:///com/itextpdf/text/pdf/PdfDictionary|> 
<|java+class:///com/itextpdf/text/pdf/collection/PdfCollectionItem|,|java+class:///com/itextpdf/text/pdf/PdfDictionary|> 
<|java+class:///com/itextpdf/text/pdf/collection/PdfCollectionSchema|,|java+class:///com/itextpdf/text/pdf/PdfDictionary|> 
<|java+class:///com/itextpdf/text/pdf/collection/PdfCollectionSort|,|java+class:///com/itextpdf/text/pdf/PdfDictionary|> 
<|java+class:///com/itextpdf/text/pdf/collection/PdfTargetDictionary|,|java+class:///com/itextpdf/text/pdf/PdfDictionary|> 
<|java+class:///com/itextpdf/text/pdf/parser/FilteredTextRenderListener|,|java+class:///com/itextpdf/text/pdf/parser/FilteredRenderListener|> 
<|java+class:///com/itextpdf/text/pdf/richmedia/CuePoint|,|java+class:///com/itextpdf/text/pdf/PdfDictionary|> 
<|java+class:///com/itextpdf/text/pdf/richmedia/RichMediaActivation|,|java+class:///com/itextpdf/text/pdf/PdfDictionary|> 
<|java+class:///com/itextpdf/text/pdf/richmedia/RichMediaAnimation|,|java+class:///com/itextpdf/text/pdf/PdfDictionary|> 
<|java+class:///com/itextpdf/text/pdf/richmedia/RichMediaCommand|,|java+class:///com/itextpdf/text/pdf/PdfDictionary|> 
<|java+class:///com/itextpdf/text/pdf/richmedia/RichMediaConfiguration|,|java+class:///com/itextpdf/text/pdf/PdfDictionary|> 
<|java+class:///com/itextpdf/text/pdf/richmedia/RichMediaDeactivation|,|java+class:///com/itextpdf/text/pdf/PdfDictionary|> 
<|java+class:///com/itextpdf/text/pdf/richmedia/RichMediaExecuteAction|,|java+class:///com/itextpdf/text/pdf/PdfAction|> 
<|java+class:///com/itextpdf/text/pdf/richmedia/RichMediaInstance|,|java+class:///com/itextpdf/text/pdf/PdfDictionary|> 
<|java+class:///com/itextpdf/text/pdf/richmedia/RichMediaParams|,|java+class:///com/itextpdf/text/pdf/PdfDictionary|> 
<|java+class:///com/itextpdf/text/pdf/richmedia/RichMediaPosition|,|java+class:///com/itextpdf/text/pdf/PdfDictionary|> 
<|java+class:///com/itextpdf/text/pdf/richmedia/RichMediaPresentation|,|java+class:///com/itextpdf/text/pdf/PdfDictionary|> 
<|java+class:///com/itextpdf/text/pdf/richmedia/RichMediaWindow|,|java+class:///com/itextpdf/text/pdf/PdfDictionary|> 
<|java+class:///com/itextpdf/text/xml/xmp/DublinCoreSchema|,|java+class:///com/itextpdf/text/xml/xmp/XmpSchema|> 
<|java+class:///com/itextpdf/text/xml/xmp/PdfA1Schema|,|java+class:///com/itextpdf/text/xml/xmp/XmpSchema|> 
<|java+class:///com/itextpdf/text/xml/xmp/PdfSchema|,|java+class:///com/itextpdf/text/xml/xmp/XmpSchema|> 
<|java+class:///com/itextpdf/text/xml/xmp/XmpBasicSchema|,|java+class:///com/itextpdf/text/xml/xmp/XmpSchema|> 
<|java+class:///com/itextpdf/text/xml/xmp/XmpMMSchema|,|java+class:///com/itextpdf/text/xml/xmp/XmpSchema|> 

GENERIC TOTAL: 4 
<|java+class:///com/itextpdf/rups/view/itext/treenodes/XfaTreeNode|,|java+class:///com/itextpdf/rups/view/itext/treenodes/FormTreeNode|> 
<|java+class:///com/itextpdf/text/pdf/PdfLayer|,|java+class:///com/itextpdf/text/pdf/PdfDictionary|> 
<|java+class:///com/itextpdf/text/pdf/PdfLayerMembership|,|java+class:///com/itextpdf/text/pdf/PdfDictionary|> 
<|java+class:///com/itextpdf/text/pdf/PdfName|,|java+class:///com/itextpdf/text/pdf/PdfObject|> 

CATEGORY TOTAL: 1 
<|java+class:///com/itextpdf/text/pdf/parser/RegionTextRenderFilter|,|java+class:///com/itextpdf/text/pdf/parser/RenderFilter|> 

FRAMEWORK TOTAL: 15 
<|java+class:///com/itextpdf/rups/view/itext/treenodes/FormTreeNode|,|java+class:///com/itextpdf/rups/view/icons/IconTreeNode|> 
<|java+class:///com/itextpdf/rups/view/itext/treenodes/OutlineTreeNode|,|java+class:///com/itextpdf/rups/view/icons/IconTreeNode|> 
<|java+class:///com/itextpdf/rups/view/itext/treenodes/PdfObjectTreeNode|,|java+class:///com/itextpdf/rups/view/icons/IconTreeNode|> 
<|java+class:///com/itextpdf/rups/view/itext/treenodes/XdpTreeNode|,|java+class:///com/itextpdf/rups/view/icons/IconTreeNode|> 
<|java+class:///com/itextpdf/text/Anchor|,|java+class:///com/itextpdf/text/Phrase|> 
<|java+class:///com/itextpdf/text/Chapter|,|java+class:///com/itextpdf/text/Section|> 
<|java+class:///com/itextpdf/text/Paragraph|,|java+class:///com/itextpdf/text/Phrase|> 
<|java+class:///com/itextpdf/text/exceptions/UnsupportedPdfException|,|java+class:///com/itextpdf/text/exceptions/InvalidPdfException|> 
<|java+class:///com/itextpdf/text/pdf/PdfPrinterGraphics2D|,|java+class:///com/itextpdf/text/pdf/PdfGraphics2D|> 
<|java+class:///com/itextpdf/text/pdf/hyphenation/HyphenationTree|,|java+class:///com/itextpdf/text/pdf/hyphenation/TernaryTree|> 
<|java+class:///com/itextpdf/text/xml/xmp/DublinCoreSchema|,|java+class:///com/itextpdf/text/xml/xmp/XmpSchema|> 
<|java+class:///com/itextpdf/text/xml/xmp/PdfA1Schema|,|java+class:///com/itextpdf/text/xml/xmp/XmpSchema|> 
<|java+class:///com/itextpdf/text/xml/xmp/PdfSchema|,|java+class:///com/itextpdf/text/xml/xmp/XmpSchema|> 
<|java+class:///com/itextpdf/text/xml/xmp/XmpBasicSchema|,|java+class:///com/itextpdf/text/xml/xmp/XmpSchema|> 
<|java+class:///com/itextpdf/text/xml/xmp/XmpMMSchema|,|java+class:///com/itextpdf/text/xml/xmp/XmpSchema|> 

DOWNCALL TOTAL: 42 
<|java+class:///com/itextpdf/rups/model/ObjectLoader|,|java+class:///com/itextpdf/rups/model/BackgroundTask|> 
<|java+class:///com/itextpdf/text/Anchor|,|java+class:///com/itextpdf/text/Phrase|> 
<|java+class:///com/itextpdf/text/Chapter|,|java+class:///com/itextpdf/text/Section|> 
<|java+class:///com/itextpdf/text/GreekList|,|java+class:///com/itextpdf/text/List|> 
<|java+class:///com/itextpdf/text/Paragraph|,|java+class:///com/itextpdf/text/Phrase|> 
<|java+class:///com/itextpdf/text/RectangleReadOnly|,|java+class:///com/itextpdf/text/Rectangle|> 
<|java+class:///com/itextpdf/text/RomanList|,|java+class:///com/itextpdf/text/List|> 
<|java+class:///com/itextpdf/text/ZapfDingbatsList|,|java+class:///com/itextpdf/text/List|> 
<|java+class:///com/itextpdf/text/ZapfDingbatsNumberList|,|java+class:///com/itextpdf/text/List|> 
<|java+class:///com/itextpdf/text/pdf/Barcode128|,|java+class:///com/itextpdf/text/pdf/Barcode|> 
<|java+class:///com/itextpdf/text/pdf/Barcode39|,|java+class:///com/itextpdf/text/pdf/Barcode|> 
<|java+class:///com/itextpdf/text/pdf/BarcodeCodabar|,|java+class:///com/itextpdf/text/pdf/Barcode|> 
<|java+class:///com/itextpdf/text/pdf/BarcodeEAN|,|java+class:///com/itextpdf/text/pdf/Barcode|> 
<|java+class:///com/itextpdf/text/pdf/BarcodeEANSUPP|,|java+class:///com/itextpdf/text/pdf/Barcode|> 
<|java+class:///com/itextpdf/text/pdf/BarcodeInter25|,|java+class:///com/itextpdf/text/pdf/Barcode|> 
<|java+class:///com/itextpdf/text/pdf/BarcodePostnet|,|java+class:///com/itextpdf/text/pdf/Barcode|> 
<|java+class:///com/itextpdf/text/pdf/CJKFont|,|java+class:///com/itextpdf/text/pdf/BaseFont|> 
<|java+class:///com/itextpdf/text/pdf/DocumentFont|,|java+class:///com/itextpdf/text/pdf/BaseFont|> 
<|java+class:///com/itextpdf/text/pdf/FdfReader|,|java+class:///com/itextpdf/text/pdf/PdfReader|> 
<|java+class:///com/itextpdf/text/pdf/PdfArray|,|java+class:///com/itextpdf/text/pdf/PdfObject|> 
<|java+class:///com/itextpdf/text/pdf/PdfBoolean|,|java+class:///com/itextpdf/text/pdf/PdfObject|> 
<|java+class:///com/itextpdf/text/pdf/PdfCopy|,|java+class:///com/itextpdf/text/pdf/PdfWriter|> 
<|java+class:///com/itextpdf/text/pdf/PdfCopy/StampContent|,|java+class:///com/itextpdf/text/pdf/PdfContentByte|> 
<|java+class:///com/itextpdf/text/pdf/PdfCopyFieldsImp|,|java+class:///com/itextpdf/text/pdf/PdfWriter|> 
<|java+class:///com/itextpdf/text/pdf/PdfCopyFormsImp|,|java+class:///com/itextpdf/text/pdf/PdfCopyFieldsImp|> 
<|java+class:///com/itextpdf/text/pdf/PdfDictionary|,|java+class:///com/itextpdf/text/pdf/PdfObject|> 
<|java+class:///com/itextpdf/text/pdf/PdfDocument|,|java+class:///com/itextpdf/text/Document|> 
<|java+class:///com/itextpdf/text/pdf/PdfIndirectReference|,|java+class:///com/itextpdf/text/pdf/PdfObject|> 
<|java+class:///com/itextpdf/text/pdf/PdfNull|,|java+class:///com/itextpdf/text/pdf/PdfObject|> 
<|java+class:///com/itextpdf/text/pdf/PdfRectangle|,|java+class:///com/itextpdf/text/pdf/PdfArray|> 
<|java+class:///com/itextpdf/text/pdf/PdfSmartCopy|,|java+class:///com/itextpdf/text/pdf/PdfCopy|> 
<|java+class:///com/itextpdf/text/pdf/PdfStamperImp|,|java+class:///com/itextpdf/text/pdf/PdfWriter|> 
<|java+class:///com/itextpdf/text/pdf/PdfString|,|java+class:///com/itextpdf/text/pdf/PdfObject|> 
<|java+class:///com/itextpdf/text/pdf/PdfTemplate|,|java+class:///com/itextpdf/text/pdf/PdfContentByte|> 
<|java+class:///com/itextpdf/text/pdf/PdfVisibilityExpression|,|java+class:///com/itextpdf/text/pdf/PdfArray|> 
<|java+class:///com/itextpdf/text/pdf/StampContent|,|java+class:///com/itextpdf/text/pdf/PdfContentByte|> 
<|java+class:///com/itextpdf/text/pdf/TrueTypeFont|,|java+class:///com/itextpdf/text/pdf/BaseFont|> 
<|java+class:///com/itextpdf/text/pdf/TrueTypeFontUnicode|,|java+class:///com/itextpdf/text/pdf/TrueTypeFont|> 
<|java+class:///com/itextpdf/text/pdf/Type1Font|,|java+class:///com/itextpdf/text/pdf/BaseFont|> 
<|java+class:///com/itextpdf/text/pdf/Type3Font|,|java+class:///com/itextpdf/text/pdf/BaseFont|> 
<|java+class:///com/itextpdf/text/pdf/Type3Glyph|,|java+class:///com/itextpdf/text/pdf/PdfContentByte|> 
<|java+class:///com/itextpdf/text/pdf/parser/PdfContentStreamProcessor/ResourceDictionary|,|java+class:///com/itextpdf/text/pdf/PdfDictionary|> 




INTERNAL REUSE TOTAL: 0 

EXTERNAL REUSE TOTAL: 1 
<|java+class:///com/itextpdf/text/Rectangle|,|java+interface:///com/itextpdf/text/Element|> 

SUBTYPE TOTAL: 72 
<|java+class:///com/itextpdf/rups/controller/RupsController|,|java+interface:///com/itextpdf/rups/view/PageSelectionListener|> 
<|java+class:///com/itextpdf/rups/model/XfaFile|,|java+interface:///com/itextpdf/rups/io/OutputStreamResource|> 
<|java+class:///com/itextpdf/rups/view/itext/PagesTable|,|java+interface:///com/itextpdf/rups/view/models/JTableAutoModelInterface|> 
<|java+class:///com/itextpdf/rups/view/itext/XRefTable|,|java+interface:///com/itextpdf/rups/view/models/JTableAutoModelInterface|> 
<|java+class:///com/itextpdf/rups/view/itext/treenodes/XfaTreeNode|,|java+interface:///com/itextpdf/rups/io/OutputStreamResource|> 
<|java+class:///com/itextpdf/text/Annotation|,|java+interface:///com/itextpdf/text/Element|> 
<|java+class:///com/itextpdf/text/Chunk|,|java+interface:///com/itextpdf/text/Element|> 
<|java+class:///com/itextpdf/text/Document|,|java+interface:///com/itextpdf/text/DocListener|> 
<|java+class:///com/itextpdf/text/FontFactoryImp|,|java+interface:///com/itextpdf/text/FontProvider|> 
<|java+class:///com/itextpdf/text/List|,|java+interface:///com/itextpdf/text/TextElementArray|> 
<|java+class:///com/itextpdf/text/MarkedObject|,|java+interface:///com/itextpdf/text/Element|> 
<|java+class:///com/itextpdf/text/Meta|,|java+interface:///com/itextpdf/text/Element|> 
<|java+class:///com/itextpdf/text/Phrase|,|java+interface:///com/itextpdf/text/TextElementArray|> 
<|java+class:///com/itextpdf/text/Rectangle|,|java+interface:///com/itextpdf/text/Element|> 
<|java+class:///com/itextpdf/text/Section|,|java+interface:///com/itextpdf/text/TextElementArray|> 
<|java+class:///com/itextpdf/text/html/simpleparser/HTMLWorker|,|java+interface:///com/itextpdf/text/DocListener|> 
<|java+class:///com/itextpdf/text/html/simpleparser/HTMLWorker|,|java+interface:///com/itextpdf/text/xml/simpleparser/SimpleXMLDocHandler|> 
<|java+class:///com/itextpdf/text/html/simpleparser/IncCell|,|java+interface:///com/itextpdf/text/TextElementArray|> 
<|java+class:///com/itextpdf/text/html/simpleparser/IncTable|,|java+interface:///com/itextpdf/text/Element|> 
<|java+class:///com/itextpdf/text/pdf/DefaultFontMapper|,|java+interface:///com/itextpdf/text/pdf/FontMapper|> 
<|java+class:///com/itextpdf/text/pdf/DefaultSplitCharacter|,|java+interface:///com/itextpdf/text/SplitCharacter|> 
<|java+class:///com/itextpdf/text/pdf/HyphenationAuto|,|java+interface:///com/itextpdf/text/pdf/HyphenationEvent|> 
<|java+class:///com/itextpdf/text/pdf/MultiColumnText|,|java+interface:///com/itextpdf/text/Element|> 
<|java+class:///com/itextpdf/text/pdf/PdfEncodings/Cp437Conversion|,|java+interface:///com/itextpdf/text/pdf/ExtraEncoding|> 
<|java+class:///com/itextpdf/text/pdf/PdfEncodings/SymbolConversion|,|java+interface:///com/itextpdf/text/pdf/ExtraEncoding|> 
<|java+class:///com/itextpdf/text/pdf/PdfEncodings/SymbolTTConversion|,|java+interface:///com/itextpdf/text/pdf/ExtraEncoding|> 
<|java+class:///com/itextpdf/text/pdf/PdfEncodings/WingdingsConversion|,|java+interface:///com/itextpdf/text/pdf/ExtraEncoding|> 
<|java+class:///com/itextpdf/text/pdf/PdfLayer|,|java+interface:///com/itextpdf/text/pdf/PdfOCG|> 
<|java+class:///com/itextpdf/text/pdf/PdfPTable|,|java+interface:///com/itextpdf/text/LargeElement|> 
<|java+class:///com/itextpdf/text/pdf/SimpleBookmark|,|java+interface:///com/itextpdf/text/xml/simpleparser/SimpleXMLDocHandler|> 
<|java+class:///com/itextpdf/text/pdf/SimpleNamedDestination|,|java+interface:///com/itextpdf/text/xml/simpleparser/SimpleXMLDocHandler|> 
<|java+class:///com/itextpdf/text/pdf/XfdfReader|,|java+interface:///com/itextpdf/text/xml/simpleparser/SimpleXMLDocHandler|> 
<|java+class:///com/itextpdf/text/pdf/draw/VerticalPositionMark|,|java+interface:///com/itextpdf/text/Element|> 
<|java+class:///com/itextpdf/text/pdf/draw/VerticalPositionMark|,|java+interface:///com/itextpdf/text/pdf/draw/DrawInterface|> 
<|java+class:///com/itextpdf/text/pdf/events/PdfPCellEventForwarder|,|java+interface:///com/itextpdf/text/pdf/PdfPCellEvent|> 
<|java+class:///com/itextpdf/text/pdf/events/PdfPTableEventForwarder|,|java+interface:///com/itextpdf/text/pdf/PdfPTableEvent|> 
<|java+class:///com/itextpdf/text/pdf/events/PdfPageEventForwarder|,|java+interface:///com/itextpdf/text/pdf/PdfPageEvent|> 
<|java+class:///com/itextpdf/text/pdf/hyphenation/HyphenationTree|,|java+interface:///com/itextpdf/text/pdf/hyphenation/PatternConsumer|> 
<|java+class:///com/itextpdf/text/pdf/hyphenation/SimplePatternParser|,|java+interface:///com/itextpdf/text/pdf/hyphenation/PatternConsumer|> 
<|java+class:///com/itextpdf/text/pdf/hyphenation/SimplePatternParser|,|java+interface:///com/itextpdf/text/xml/simpleparser/SimpleXMLDocHandler|> 
<|java+class:///com/itextpdf/text/pdf/parser/FilteredTextRenderListener|,|java+interface:///com/itextpdf/text/pdf/parser/TextExtractionStrategy|> 
<|java+class:///com/itextpdf/text/pdf/parser/LocationTextExtractionStrategy|,|java+interface:///com/itextpdf/text/pdf/parser/TextExtractionStrategy|> 
<|java+class:///com/itextpdf/text/pdf/parser/PdfContentStreamProcessor/BeginMarkedContent|,|java+interface:///com/itextpdf/text/pdf/parser/ContentOperator|> 
<|java+class:///com/itextpdf/text/pdf/parser/PdfContentStreamProcessor/BeginMarkedContentDictionary|,|java+interface:///com/itextpdf/text/pdf/parser/ContentOperator|> 
<|java+class:///com/itextpdf/text/pdf/parser/PdfContentStreamProcessor/BeginText|,|java+interface:///com/itextpdf/text/pdf/parser/ContentOperator|> 
<|java+class:///com/itextpdf/text/pdf/parser/PdfContentStreamProcessor/Do|,|java+interface:///com/itextpdf/text/pdf/parser/ContentOperator|> 
<|java+class:///com/itextpdf/text/pdf/parser/PdfContentStreamProcessor/EndMarkedContent|,|java+interface:///com/itextpdf/text/pdf/parser/ContentOperator|> 
<|java+class:///com/itextpdf/text/pdf/parser/PdfContentStreamProcessor/EndText|,|java+interface:///com/itextpdf/text/pdf/parser/ContentOperator|> 
<|java+class:///com/itextpdf/text/pdf/parser/PdfContentStreamProcessor/FormXObjectDoHandler|,|java+interface:///com/itextpdf/text/pdf/parser/XObjectDoHandler|> 
<|java+class:///com/itextpdf/text/pdf/parser/PdfContentStreamProcessor/IgnoreOperatorContentOperator|,|java+interface:///com/itextpdf/text/pdf/parser/ContentOperator|> 
<|java+class:///com/itextpdf/text/pdf/parser/PdfContentStreamProcessor/IgnoreXObjectDoHandler|,|java+interface:///com/itextpdf/text/pdf/parser/XObjectDoHandler|> 
<|java+class:///com/itextpdf/text/pdf/parser/PdfContentStreamProcessor/ImageXObjectDoHandler|,|java+interface:///com/itextpdf/text/pdf/parser/XObjectDoHandler|> 
<|java+class:///com/itextpdf/text/pdf/parser/PdfContentStreamProcessor/ModifyCurrentTransformationMatrix|,|java+interface:///com/itextpdf/text/pdf/parser/ContentOperator|> 
<|java+class:///com/itextpdf/text/pdf/parser/PdfContentStreamProcessor/MoveNextLineAndShowText|,|java+interface:///com/itextpdf/text/pdf/parser/ContentOperator|> 
<|java+class:///com/itextpdf/text/pdf/parser/PdfContentStreamProcessor/MoveNextLineAndShowTextWithSpacing|,|java+interface:///com/itextpdf/text/pdf/parser/ContentOperator|> 
<|java+class:///com/itextpdf/text/pdf/parser/PdfContentStreamProcessor/PopGraphicsState|,|java+interface:///com/itextpdf/text/pdf/parser/ContentOperator|> 
<|java+class:///com/itextpdf/text/pdf/parser/PdfContentStreamProcessor/ProcessGraphicsStateResource|,|java+interface:///com/itextpdf/text/pdf/parser/ContentOperator|> 
<|java+class:///com/itextpdf/text/pdf/parser/PdfContentStreamProcessor/PushGraphicsState|,|java+interface:///com/itextpdf/text/pdf/parser/ContentOperator|> 
<|java+class:///com/itextpdf/text/pdf/parser/PdfContentStreamProcessor/SetTextCharacterSpacing|,|java+interface:///com/itextpdf/text/pdf/parser/ContentOperator|> 
<|java+class:///com/itextpdf/text/pdf/parser/PdfContentStreamProcessor/SetTextFont|,|java+interface:///com/itextpdf/text/pdf/parser/ContentOperator|> 
<|java+class:///com/itextpdf/text/pdf/parser/PdfContentStreamProcessor/SetTextHorizontalScaling|,|java+interface:///com/itextpdf/text/pdf/parser/ContentOperator|> 
<|java+class:///com/itextpdf/text/pdf/parser/PdfContentStreamProcessor/SetTextLeading|,|java+interface:///com/itextpdf/text/pdf/parser/ContentOperator|> 
<|java+class:///com/itextpdf/text/pdf/parser/PdfContentStreamProcessor/SetTextRenderMode|,|java+interface:///com/itextpdf/text/pdf/parser/ContentOperator|> 
<|java+class:///com/itextpdf/text/pdf/parser/PdfContentStreamProcessor/SetTextRise|,|java+interface:///com/itextpdf/text/pdf/parser/ContentOperator|> 
<|java+class:///com/itextpdf/text/pdf/parser/PdfContentStreamProcessor/SetTextWordSpacing|,|java+interface:///com/itextpdf/text/pdf/parser/ContentOperator|> 
<|java+class:///com/itextpdf/text/pdf/parser/PdfContentStreamProcessor/ShowText|,|java+interface:///com/itextpdf/text/pdf/parser/ContentOperator|> 
<|java+class:///com/itextpdf/text/pdf/parser/PdfContentStreamProcessor/ShowTextArray|,|java+interface:///com/itextpdf/text/pdf/parser/ContentOperator|> 
<|java+class:///com/itextpdf/text/pdf/parser/PdfContentStreamProcessor/TextMoveNextLine|,|java+interface:///com/itextpdf/text/pdf/parser/ContentOperator|> 
<|java+class:///com/itextpdf/text/pdf/parser/PdfContentStreamProcessor/TextMoveStartNextLine|,|java+interface:///com/itextpdf/text/pdf/parser/ContentOperator|> 
<|java+class:///com/itextpdf/text/pdf/parser/PdfContentStreamProcessor/TextMoveStartNextLineWithLeading|,|java+interface:///com/itextpdf/text/pdf/parser/ContentOperator|> 
<|java+class:///com/itextpdf/text/pdf/parser/PdfContentStreamProcessor/TextSetTextMatrix|,|java+interface:///com/itextpdf/text/pdf/parser/ContentOperator|> 
<|java+class:///com/itextpdf/text/pdf/parser/SimpleTextExtractionStrategy|,|java+interface:///com/itextpdf/text/pdf/parser/TextExtractionStrategy|> 

DOWNCALL ACTUAL TOTAL: 0 

DOWNCALL CANDIDATE TOTAL: 0 

CONSTANT TOTAL: 0 

MARKER TOTAL: 0 

SUPER TOTAL: 0 

GENERIC TOTAL: 3 
<|java+class:///com/itextpdf/text/html/simpleparser/HTMLWorker|,|java+interface:///com/itextpdf/text/DocListener|> 
<|java+class:///com/itextpdf/text/pdf/draw/VerticalPositionMark|,|java+interface:///com/itextpdf/text/Element|> 
<|java+class:///com/itextpdf/text/pdf/draw/VerticalPositionMark|,|java+interface:///com/itextpdf/text/pdf/draw/DrawInterface|> 

CATEGORY TOTAL: 6 
<|java+class:///com/itextpdf/text/DocWriter|,|java+interface:///com/itextpdf/text/DocListener|> 
<|java+class:///com/itextpdf/text/Document|,|java+interface:///com/itextpdf/text/DocListener|> 
<|java+class:///com/itextpdf/text/pdf/PdfLayerMembership|,|java+interface:///com/itextpdf/text/pdf/PdfOCG|> 
<|java+class:///com/itextpdf/text/pdf/PdfPageEventHelper|,|java+interface:///com/itextpdf/text/pdf/PdfPageEvent|> 
<|java+class:///com/itextpdf/text/pdf/events/FieldPositioningEvents|,|java+interface:///com/itextpdf/text/pdf/PdfPCellEvent|> 
<|java+class:///com/itextpdf/text/pdf/parser/FilteredTextRenderListener|,|java+interface:///com/itextpdf/text/pdf/parser/TextExtractionStrategy|> 

FRAMEWORK TOTAL: 0 

DOWNCALL TOTAL: 0 




INTERNAL REUSE TOTAL: 0 

EXTERNAL REUSE TOTAL: 1 
<|java+interface:///com/itextpdf/text/DocListener|,|java+interface:///com/itextpdf/text/ElementListener|> 

SUBTYPE TOTAL: 4 
<|java+interface:///com/itextpdf/text/DocListener|,|java+interface:///com/itextpdf/text/ElementListener|> 
<|java+interface:///com/itextpdf/text/LargeElement|,|java+interface:///com/itextpdf/text/Element|> 
<|java+interface:///com/itextpdf/text/TextElementArray|,|java+interface:///com/itextpdf/text/Element|> 
<|java+interface:///com/itextpdf/text/pdf/parser/TextExtractionStrategy|,|java+interface:///com/itextpdf/text/pdf/parser/RenderListener|> 

DOWNCALL ACTUAL TOTAL: 0 

DOWNCALL CANDIDATE TOTAL: 0 

CONSTANT TOTAL: 0 

MARKER TOTAL: 0 

SUPER TOTAL: 0 

GENERIC TOTAL: 0 

CATEGORY TOTAL: 0 

FRAMEWORK TOTAL: 1 
<|java+interface:///com/itextpdf/text/DocListener|,|java+interface:///com/itextpdf/text/ElementListener|> 

DOWNCALL TOTAL: 0 




