{
  <<|java+class:///com/itextpdf/text/pdf/PdfStamperImp|,|java+class:///com/itextpdf/text/pdf/PdfWriter|>,<|project://itext-5.0.3/core/com/itextpdf/text/pdf/PdfStamper.java|(4029,42,<94,18>,<94,60>),|java+class:///com/itextpdf/text/pdf/PdfStamperImp|>>,
  <<|java+class:///com/itextpdf/text/pdf/PdfCopyFieldsImp|,|java+class:///com/itextpdf/text/pdf/PdfWriter|>,<|project://itext-5.0.3/core/com/itextpdf/text/pdf/PdfCopyFields.java|(3434,36,<84,13>,<84,49>),|java+class:///com/itextpdf/text/pdf/PdfCopyFieldsImp|>>,
  <<|java+class:///com/itextpdf/text/pdf/PdfCopyFieldsImp|,|java+class:///com/itextpdf/text/pdf/PdfWriter|>,<|project://itext-5.0.3/core/com/itextpdf/text/pdf/PdfCopyFieldsImp.java|(4128,29,<93,8>,<93,37>),|java+constructor:///com/itextpdf/text/pdf/PdfWriter/PdfWriter(com.itextpdf.text.pdf.PdfDocument,java.io.OutputStream)|>>,
  <<|java+class:///com/itextpdf/text/pdf/PdfStamperImp|,|java+class:///com/itextpdf/text/pdf/PdfWriter|>,<|project://itext-5.0.3/core/com/itextpdf/text/pdf/PdfStamperImp.java|(66457,20,<1636,8>,<1636,28>),|java+method:///com/itextpdf/text/pdf/PdfWriter/registerLayer(com.itextpdf.text.pdf.PdfOCG)|>>,
  <<|java+class:///com/itextpdf/text/pdf/PdfStamperImp|,|java+class:///com/itextpdf/text/pdf/PdfWriter|>,<|project://itext-5.0.3/core/com/itextpdf/text/pdf/PdfStamper.java|(21905,61,<479,8>,<479,69>),|java+method:///com/itextpdf/text/pdf/PdfWriter/addJavaScript(java.lang.String,boolean)|>>,
  <<|java+class:///com/itextpdf/text/pdf/PdfCopyFieldsImp|,|java+class:///com/itextpdf/text/pdf/PdfWriter|>,<|project://itext-5.0.3/core/com/itextpdf/text/pdf/PdfCopyFields.java|(7455,56,<173,8>,<173,64>),|java+method:///com/itextpdf/text/pdf/PdfWriter/addJavaScript(java.lang.String,boolean)|>>,
  <<|java+class:///com/itextpdf/text/pdf/PdfStamperImp|,|java+class:///com/itextpdf/text/pdf/PdfWriter|>,<|project://itext-5.0.3/core/com/itextpdf/text/pdf/PdfStamperImp.java|(6106,12,<135,8>,<135,20>),|java+method:///com/itextpdf/text/pdf/PdfWriter/open()|>>,
  <<|java+class:///com/itextpdf/text/pdf/PdfStamperImp|,|java+class:///com/itextpdf/text/pdf/PdfWriter|>,<|project://itext-5.0.3/core/com/itextpdf/text/pdf/PdfStamperImp.java|(7697,24,<178,8>,<178,32>),|java+method:///com/itextpdf/text/pdf/PdfWriter/addSharedObjectsToBody()|>>,
  <<|java+class:///com/itextpdf/text/pdf/PdfStamperImp|,|java+class:///com/itextpdf/text/pdf/PdfWriter|>,<|project://itext-5.0.3/core/com/itextpdf/text/pdf/PdfStamper.java|(5404,49,<124,18>,<124,67>),|java+class:///com/itextpdf/text/pdf/PdfStamperImp|>>,
  <<|java+class:///com/itextpdf/text/pdf/PdfStamperImp|,|java+class:///com/itextpdf/text/pdf/PdfWriter|>,<|project://itext-5.0.3/core/com/itextpdf/text/pdf/PdfStamper.java|(4601,48,<108,18>,<108,66>),|java+class:///com/itextpdf/text/pdf/PdfStamperImp|>>,
  <<|java+class:///com/itextpdf/text/pdf/PdfCopyFormsImp|,|java+class:///com/itextpdf/text/pdf/PdfWriter|>,<|project://itext-5.0.3/core/com/itextpdf/text/pdf/PdfCopyForms.java|(7431,56,<173,8>,<173,64>),|java+method:///com/itextpdf/text/pdf/PdfWriter/addJavaScript(java.lang.String,boolean)|>>,
  <<|java+class:///com/itextpdf/text/pdf/PdfCopyFieldsImp|,|java+class:///com/itextpdf/text/pdf/PdfWriter|>,<|project://itext-5.0.3/core/com/itextpdf/text/pdf/PdfCopyFields.java|(3116,24,<74,13>,<74,37>),|java+class:///com/itextpdf/text/pdf/PdfCopyFieldsImp|>>,
  <<|java+class:///com/itextpdf/text/pdf/PdfStamperImp|,|java+class:///com/itextpdf/text/pdf/PdfWriter|>,<|project://itext-5.0.3/core/com/itextpdf/text/pdf/PdfStamperImp.java|(55815,36,<1345,8>,<1345,44>),|java+method:///com/itextpdf/text/pdf/PdfWriter/writeOutlines(com.itextpdf.text.pdf.PdfDictionary,boolean)|>>,
  <<|java+class:///com/itextpdf/text/pdf/PdfCopy|,|java+class:///com/itextpdf/text/pdf/PdfWriter|>,<|project://itext-5.0.3/core/com/itextpdf/text/pdf/PdfCopy.java|(4828,29,<131,8>,<131,37>),|java+constructor:///com/itextpdf/text/pdf/PdfWriter/PdfWriter(com.itextpdf.text.pdf.PdfDocument,java.io.OutputStream)|>>,
  <<|java+class:///com/itextpdf/text/pdf/PdfStamperImp|,|java+class:///com/itextpdf/text/pdf/PdfWriter|>,<|project://itext-5.0.3/core/com/itextpdf/text/pdf/PdfStamperImp.java|(65946,20,<1620,7>,<1620,27>),|java+method:///com/itextpdf/text/pdf/PdfWriter/registerLayer(com.itextpdf.text.pdf.PdfOCG)|>>,
  <<|java+class:///com/itextpdf/text/pdf/PdfCopy|,|java+class:///com/itextpdf/text/pdf/PdfWriter|>,<|project://itext-5.0.3/core/com/itextpdf/text/pdf/PdfCopy.java|(6262,34,<174,39>,<174,73>),|java+method:///com/itextpdf/text/pdf/PdfWriter/getPdfReaderInstance(com.itextpdf.text.pdf.PdfReader)|>>,
  <<|java+class:///com/itextpdf/text/pdf/PdfCopyFormsImp|,|java+class:///com/itextpdf/text/pdf/PdfWriter|>,<|project://itext-5.0.3/core/com/itextpdf/text/pdf/PdfCopyForms.java|(3115,23,<75,13>,<75,36>),|java+class:///com/itextpdf/text/pdf/PdfCopyFormsImp|>>,
  <<|java+class:///com/itextpdf/text/pdf/PdfTemplate|,|java+class:///com/itextpdf/text/pdf/PdfContentByte|>,<|project://itext-5.0.3/core/com/itextpdf/text/Image.java|(26380,38,<834,25>,<834,63>),|java+method:///com/itextpdf/text/pdf/PdfContentByte/createGraphics(float,float,boolean,float)|>>,
  <<|java+class:///com/itextpdf/text/pdf/PdfCopy|,|java+class:///com/itextpdf/text/pdf/PdfWriter|>,<|project://itext-5.0.3/core/com/itextpdf/text/pdf/PdfCopy.java|(6148,34,<170,43>,<170,77>),|java+method:///com/itextpdf/text/pdf/PdfWriter/getPdfReaderInstance(com.itextpdf.text.pdf.PdfReader)|>>,
  <<|java+class:///com/itextpdf/text/pdf/PdfStamperImp|,|java+class:///com/itextpdf/text/pdf/PdfWriter|>,<|project://itext-5.0.3/core/com/itextpdf/text/pdf/PdfStamperImp.java|(4733,29,<105,8>,<105,37>),|java+constructor:///com/itextpdf/text/pdf/PdfWriter/PdfWriter(com.itextpdf.text.pdf.PdfDocument,java.io.OutputStream)|>>,
  <<|java+class:///com/itextpdf/text/pdf/FdfWriter/Wrt|,|java+class:///com/itextpdf/text/pdf/PdfWriter|>,<|project://itext-5.0.3/core/com/itextpdf/text/pdf/FdfWriter.java|(3064,17,<75,18>,<75,35>),|java+class:///com/itextpdf/text/pdf/FdfWriter/Wrt|>>
}