[
  <<|java+class:///junit/extensions/RepeatedTest|,|java+class:///junit/extensions/TestDecorator|>,220,<|java+method:///junit/extensions/TestDecorator/countTestCases()|,|java+method:///junit/extensions/RepeatedTest/countTestCases()|>>,
  <<|java+class:///junit/extensions/RepeatedTest|,|java+class:///junit/extensions/TestDecorator|>,220,<|java+method:///junit/extensions/TestDecorator/toString()|,|java+method:///junit/extensions/RepeatedTest/toString()|>>,
  <<|java+class:///junit/extensions/RepeatedTest|,|java+class:///junit/extensions/TestDecorator|>,220,<|java+method:///junit/extensions/TestDecorator/run(junit.framework.TestResult)|,|java+method:///junit/extensions/RepeatedTest/run(junit.framework.TestResult)|>>,
  <<|java+class:///org/junit/internal/builders/AllDefaultPossibilitiesBuilder|,|java+class:///org/junit/runners/model/RunnerBuilder|>,220,<|java+method:///org/junit/runners/model/RunnerBuilder/safeRunnerForClass(java.lang.Class)|,|java+method:///org/junit/internal/builders/AllDefaultPossibilitiesBuilder/runnerForClass(java.lang.Class)|>>,
  <<|java+class:///org/junit/internal/runners/statements/RunBefores|,|java+class:///org/junit/runners/model/Statement|>,220,<|java+method:///org/junit/runners/model/Statement/evaluate()|,|java+method:///org/junit/internal/runners/statements/RunBefores/evaluate()|>>,
  <<|java+class:///org/junit/runners/Suite|,|java+class:///org/junit/runner/Runner|>,220,<|java+method:///org/junit/runner/Runner/getDescription()|,|java+method:///org/junit/runners/Suite/describeChild(org.junit.runner.Runner)|>>,
  <<|java+class:///org/junit/runners/Suite|,|java+class:///org/junit/runner/Runner|>,220,<|java+method:///org/junit/runner/Runner/run(org.junit.runner.notification.RunNotifier)|,|java+method:///org/junit/runners/Suite/runChild(org.junit.runner.Runner,org.junit.runner.notification.RunNotifier)|>>,
  <<|java+class:///org/junit/runners/Parameterized|,|java+class:///org/junit/runners/ParentRunner|>,220,<|java+method:///org/junit/runners/ParentRunner/getTestClass()|,|java+constructor:///org/junit/runners/Parameterized/Parameterized(java.lang.Class)|>>,
  <<|java+class:///junit/extensions/ActiveTestSuite|,|java+class:///junit/framework/TestSuite|>,220,<|java+method:///junit/framework/TestSuite/testCount()|,|java+method:///junit/extensions/ActiveTestSuite/waitUntilFinished()|>>,
  <<|java+class:///junit/extensions/ActiveTestSuite|,|java+class:///junit/framework/TestSuite|>,220,<|java+method:///junit/framework/TestSuite/run(junit.framework.TestResult)|,|java+method:///junit/extensions/ActiveTestSuite/run(junit.framework.TestResult)|>>,
  <<|java+class:///org/junit/internal/runners/statements/RunAfters|,|java+class:///org/junit/runners/model/Statement|>,220,<|java+method:///org/junit/runners/model/Statement/evaluate()|,|java+method:///org/junit/internal/runners/statements/RunAfters/evaluate()|>>,
  <<|java+class:///org/junit/runners/Parameterized/TestClassRunnerForParameters|,|java+class:///org/junit/runners/ParentRunner|>,220,<|java+method:///org/junit/runners/ParentRunner/getTestClass()|,|java+method:///org/junit/runners/Parameterized/TestClassRunnerForParameters/createTest()|>>,
  <<|java+class:///org/junit/runners/Parameterized/TestClassRunnerForParameters|,|java+class:///org/junit/runners/ParentRunner|>,220,<|java+method:///org/junit/runners/ParentRunner/childrenInvoker(org.junit.runner.notification.RunNotifier)|,|java+method:///org/junit/runners/Parameterized/TestClassRunnerForParameters/classBlock(org.junit.runner.notification.RunNotifier)|>>,
  <<|java+class:///org/junit/runners/Parameterized/TestClassRunnerForParameters|,|java+class:///org/junit/runners/ParentRunner|>,220,<|java+method:///org/junit/runners/ParentRunner/getTestClass()|,|java+method:///org/junit/runners/Parameterized/TestClassRunnerForParameters/computeParams()|>>,
  <<|java+class:///org/junit/runners/Parameterized/TestClassRunnerForParameters|,|java+class:///org/junit/runners/BlockJUnit4ClassRunner|>,220,<|java+method:///org/junit/runners/BlockJUnit4ClassRunner/validateOnlyOneConstructor(java.util.List)|,|java+method:///org/junit/runners/Parameterized/TestClassRunnerForParameters/validateConstructor(java.util.List)|>>,
  <<|java+class:///org/junit/runners/BlockJUnit4ClassRunner|,|java+class:///org/junit/runners/ParentRunner|>,220,<|java+method:///org/junit/runners/ParentRunner/getTestClass()|,|java+method:///org/junit/runners/BlockJUnit4ClassRunner/validateNoNonStaticInnerClass(java.util.List)|>>,
  <<|java+class:///org/junit/runners/BlockJUnit4ClassRunner|,|java+class:///org/junit/runners/ParentRunner|>,220,<|java+method:///org/junit/runners/ParentRunner/validatePublicVoidNoArgMethods(java.lang.Class,boolean,java.util.List)|,|java+method:///org/junit/runners/BlockJUnit4ClassRunner/validateInstanceMethods(java.util.List)|>>,
  <<|java+class:///org/junit/runners/BlockJUnit4ClassRunner|,|java+class:///org/junit/runners/ParentRunner|>,220,<|java+method:///org/junit/runners/ParentRunner/getTestClass()|,|java+method:///org/junit/runners/BlockJUnit4ClassRunner/validateZeroArgConstructor(java.util.List)|>>,
  <<|java+class:///org/junit/runners/BlockJUnit4ClassRunner|,|java+class:///org/junit/runners/ParentRunner|>,220,<|java+method:///org/junit/runners/ParentRunner/getTestClass()|,|java+method:///org/junit/runners/BlockJUnit4ClassRunner/computeTestMethods()|>>,
  <<|java+class:///org/junit/runners/BlockJUnit4ClassRunner|,|java+class:///org/junit/runners/ParentRunner|>,220,<|java+method:///org/junit/runners/ParentRunner/getTestClass()|,|java+method:///org/junit/runners/BlockJUnit4ClassRunner/createTest()|>>,
  <<|java+class:///org/junit/runners/BlockJUnit4ClassRunner|,|java+class:///org/junit/runners/ParentRunner|>,220,<|java+method:///org/junit/runners/ParentRunner/getTestClass()|,|java+method:///org/junit/runners/BlockJUnit4ClassRunner/getTestRules(java.lang.Object)|>>,
  <<|java+class:///org/junit/runners/BlockJUnit4ClassRunner|,|java+class:///org/junit/runners/ParentRunner|>,220,<|java+method:///org/junit/runners/ParentRunner/getTestClass()|,|java+method:///org/junit/runners/BlockJUnit4ClassRunner/withBefores(org.junit.runners.model.FrameworkMethod,java.lang.Object,org.junit.runners.model.Statement)|>>,
  <<|java+class:///org/junit/runners/BlockJUnit4ClassRunner|,|java+class:///org/junit/runners/ParentRunner|>,220,<|java+method:///org/junit/runners/ParentRunner/validatePublicVoidNoArgMethods(java.lang.Class,boolean,java.util.List)|,|java+method:///org/junit/runners/BlockJUnit4ClassRunner/validateTestMethods(java.util.List)|>>,
  <<|java+class:///org/junit/runners/BlockJUnit4ClassRunner|,|java+class:///org/junit/runners/ParentRunner|>,220,<|java+method:///org/junit/runners/ParentRunner/getTestClass()|,|java+method:///org/junit/runners/BlockJUnit4ClassRunner/hasOneConstructor()|>>,
  <<|java+class:///org/junit/runners/BlockJUnit4ClassRunner|,|java+class:///org/junit/runners/ParentRunner|>,220,<|java+method:///org/junit/runners/ParentRunner/collectInitializationErrors(java.util.List)|,|java+method:///org/junit/runners/BlockJUnit4ClassRunner/collectInitializationErrors(java.util.List)|>>,
  <<|java+class:///org/junit/runners/BlockJUnit4ClassRunner|,|java+class:///org/junit/runners/ParentRunner|>,220,<|java+method:///org/junit/runners/ParentRunner/getTestClass()|,|java+method:///org/junit/runners/BlockJUnit4ClassRunner/validateFields(java.util.List)|>>,
  <<|java+class:///org/junit/runners/BlockJUnit4ClassRunner|,|java+class:///org/junit/runners/ParentRunner|>,220,<|java+method:///org/junit/runners/ParentRunner/getTestClass()|,|java+method:///org/junit/runners/BlockJUnit4ClassRunner/withAfters(org.junit.runners.model.FrameworkMethod,java.lang.Object,org.junit.runners.model.Statement)|>>,
  <<|java+class:///org/junit/runners/BlockJUnit4ClassRunner|,|java+class:///org/junit/runners/ParentRunner|>,220,<|java+method:///org/junit/runners/ParentRunner/getTestClass()|,|java+method:///org/junit/runners/BlockJUnit4ClassRunner/describeChild(org.junit.runners.model.FrameworkMethod)|>>,
  <<|java+class:///org/junit/runners/BlockJUnit4ClassRunner|,|java+class:///org/junit/runners/ParentRunner|>,220,<|java+method:///org/junit/runners/ParentRunner/runLeaf(org.junit.runners.model.Statement,org.junit.runner.Description,org.junit.runner.notification.RunNotifier)|,|java+method:///org/junit/runners/BlockJUnit4ClassRunner/runChild(org.junit.runners.model.FrameworkMethod,org.junit.runner.notification.RunNotifier)|>>,
  <<|java+class:///org/junit/runners/BlockJUnit4ClassRunner|,|java+class:///org/junit/runners/ParentRunner|>,220,<|java+method:///org/junit/runners/ParentRunner/getTestClass()|,|java+method:///org/junit/runners/BlockJUnit4ClassRunner/rules(java.lang.Object)|>>,
  <<|java+class:///org/junit/rules/RunRules|,|java+class:///org/junit/runners/model/Statement|>,220,<|java+method:///org/junit/runners/model/Statement/evaluate()|,|java+method:///org/junit/rules/RunRules/evaluate()|>>,
  <<|java+class:///org/junit/internal/requests/SortingRequest|,|java+class:///org/junit/runner/Request|>,220,<|java+method:///org/junit/runner/Request/getRunner()|,|java+method:///org/junit/internal/requests/SortingRequest/getRunner()|>>,
  <<|java+class:///junit/textui/TestRunner|,|java+class:///junit/runner/BaseTestRunner|>,220,<|java+method:///junit/runner/BaseTestRunner/loadSuiteClass(java.lang.String)|,|java+method:///junit/textui/TestRunner/runSingleMethod(java.lang.String,java.lang.String,boolean)|>>,
  <<|java+class:///junit/textui/TestRunner|,|java+class:///junit/runner/BaseTestRunner|>,220,<|java+method:///junit/runner/BaseTestRunner/getTest(java.lang.String)|,|java+method:///junit/textui/TestRunner/start(java.lang.String%5B%5D)|>>,
  <<|java+class:///junit/textui/TestRunner|,|java+class:///junit/runner/BaseTestRunner|>,220,<|java+method:///junit/runner/BaseTestRunner/extractClassName(java.lang.String)|,|java+method:///junit/textui/TestRunner/start(java.lang.String%5B%5D)|>>,
  <<|java+class:///org/junit/experimental/categories/Categories|,|java+class:///org/junit/runners/ParentRunner|>,220,<|java+method:///org/junit/runners/ParentRunner/filter(org.junit.runner.manipulation.Filter)|,|java+constructor:///org/junit/experimental/categories/Categories/Categories(java.lang.Class,org.junit.runners.model.RunnerBuilder)|>>,
  <<|java+class:///org/junit/experimental/categories/Categories|,|java+class:///org/junit/runners/ParentRunner|>,220,<|java+method:///org/junit/runners/ParentRunner/getDescription()|,|java+constructor:///org/junit/experimental/categories/Categories/Categories(java.lang.Class,org.junit.runners.model.RunnerBuilder)|>>,
  <<|java+class:///org/junit/rules/ExpectedException/ExpectedExceptionStatement|,|java+class:///org/junit/runners/model/Statement|>,220,<|java+method:///org/junit/runners/model/Statement/evaluate()|,|java+method:///org/junit/rules/ExpectedException/ExpectedExceptionStatement/evaluate()|>>,
  <<|java+class:///org/junit/internal/requests/FilterRequest|,|java+class:///org/junit/runner/Request|>,220,<|java+method:///org/junit/runner/Request/getRunner()|,|java+method:///org/junit/internal/requests/FilterRequest/getRunner()|>>,
  <<|java+class:///junit/framework/TestCase|,|java+class:///junit/framework/Assert|>,220,<|java+method:///junit/framework/Assert/fail(java.lang.String)|,|java+method:///junit/framework/TestCase/runTest()|>>,
  <<|java+class:///junit/framework/TestCase|,|java+class:///junit/framework/Assert|>,220,<|java+method:///junit/framework/Assert/assertNotNull(java.lang.String,java.lang.Object)|,|java+method:///junit/framework/TestCase/runTest()|>>,
  <<|java+class:///org/junit/experimental/theories/Theories|,|java+class:///org/junit/runners/BlockJUnit4ClassRunner|>,220,<|java+method:///org/junit/runners/BlockJUnit4ClassRunner/computeTestMethods()|,|java+method:///org/junit/experimental/theories/Theories/computeTestMethods()|>>,
  <<|java+class:///org/junit/experimental/theories/Theories|,|java+class:///org/junit/runners/ParentRunner|>,220,<|java+method:///org/junit/runners/ParentRunner/getTestClass()|,|java+method:///org/junit/experimental/theories/Theories/computeTestMethods()|>>,
  <<|java+class:///org/junit/experimental/theories/Theories|,|java+class:///org/junit/runners/BlockJUnit4ClassRunner|>,220,<|java+method:///org/junit/runners/BlockJUnit4ClassRunner/validateOnlyOneConstructor(java.util.List)|,|java+method:///org/junit/experimental/theories/Theories/validateConstructor(java.util.List)|>>,
  <<|java+class:///org/junit/experimental/theories/Theories|,|java+class:///org/junit/runners/ParentRunner|>,220,<|java+method:///org/junit/runners/ParentRunner/getTestClass()|,|java+method:///org/junit/experimental/theories/Theories/validateDataPointFields(java.util.List)|>>,
  <<|java+class:///org/junit/experimental/theories/Theories|,|java+class:///org/junit/runners/BlockJUnit4ClassRunner|>,220,<|java+method:///org/junit/runners/BlockJUnit4ClassRunner/collectInitializationErrors(java.util.List)|,|java+method:///org/junit/experimental/theories/Theories/collectInitializationErrors(java.util.List)|>>,
  <<|java+class:///org/junit/experimental/theories/Theories|,|java+class:///org/junit/runners/ParentRunner|>,220,<|java+method:///org/junit/runners/ParentRunner/getTestClass()|,|java+method:///org/junit/experimental/theories/Theories/methodBlock(org.junit.runners.model.FrameworkMethod)|>>,
  <<|java+class:///org/junit/experimental/theories/Theories/TheoryAnchor|,|java+class:///org/junit/runners/model/Statement|>,220,<|java+method:///org/junit/runners/model/Statement/evaluate()|,|java+method:///org/junit/experimental/theories/Theories/TheoryAnchor/runWithCompleteAssignment(org.junit.experimental.theories.internal.Assignments)|>>,
  <<|java+class:///org/junit/internal/matchers/StringContains|,|java+class:///org/junit/internal/matchers/SubstringMatcher|>,220,<|java+field:///org/junit/internal/matchers/SubstringMatcher/substring|,|java+method:///org/junit/internal/matchers/StringContains/evalSubstringOf(java.lang.String)|>>,
  <<|java+class:///org/junit/internal/runners/statements/ExpectException|,|java+class:///org/junit/runners/model/Statement|>,220,<|java+method:///org/junit/runners/model/Statement/evaluate()|,|java+method:///org/junit/internal/runners/statements/ExpectException/evaluate()|>>,
  <<|java+class:///org/junit/experimental/ParallelComputer|,|java+class:///org/junit/runner/Computer|>,220,<|java+method:///org/junit/runner/Computer/getRunner(org.junit.runners.model.RunnerBuilder,java.lang.Class)|,|java+method:///org/junit/experimental/ParallelComputer/getRunner(org.junit.runners.model.RunnerBuilder,java.lang.Class)|>>,
  <<|java+class:///org/junit/experimental/ParallelComputer|,|java+class:///org/junit/runner/Computer|>,220,<|java+method:///org/junit/runner/Computer/getSuite(org.junit.runners.model.RunnerBuilder,java.lang.Class%3C%3F%3E%5B%5D)|,|java+method:///org/junit/experimental/ParallelComputer/getSuite(org.junit.runners.model.RunnerBuilder,java.lang.Class%3C%3F%3E%5B%5D)|>>
]