[
  <<|java+class:///com/mvnforum/common/ReloadTomcatTimerTaskExt|,|java+interface:///net/myvietnam/mvncore/util/TimerTaskExt|>,{|java+class:///net/myvietnam/mvncore/util/TimerTaskAbstract|},|project://mvnforum-1.2.2-ga/myvietnam/src/net/myvietnam/mvncore/MVNCoreConfig.java|(15611,60,<384,56>,<384,116>)>,
  <<|java+class:///com/mvnforum/jaxb/db/impl/GroupMemberListImpl|,|java+interface:///com/sun/xml/bind/JAXBObject|>,{
    |java+interface:///com/mvnforum/jaxb/db/impl/runtime/ValidatableObject|,
    |java+interface:///com/mvnforum/jaxb/db/GroupMemberList|,
    |java+interface:///com/mvnforum/jaxb/db/impl/runtime/XMLSerializable|,
    |java+interface:///com/mvnforum/jaxb/db/impl/runtime/UnmarshallableObject|
  },|project://mvnforum-1.2.2-ga/mvnforum/contrib/phpbb2mvnforum-jaxb/src/com/mvnforum/jaxb/db/impl/MemberForumPermissionListImpl.java|(2150,66,<45,33>,<45,99>)>,
  <<|java+class:///com/mvnforum/jaxb/db/impl/MessageListImpl|,|java+interface:///com/sun/xml/bind/JAXBObject|>,{
    |java+interface:///com/mvnforum/jaxb/db/impl/runtime/ValidatableObject|,
    |java+interface:///com/mvnforum/jaxb/db/impl/runtime/XMLSerializable|,
    |java+interface:///com/mvnforum/jaxb/db/MessageList|,
    |java+interface:///com/mvnforum/jaxb/db/impl/runtime/UnmarshallableObject|
  },|project://mvnforum-1.2.2-ga/mvnforum/contrib/phpbb2mvnforum-jaxb/src/com/mvnforum/jaxb/db/impl/MemberForumPermissionListImpl.java|(2358,66,<48,39>,<48,105>)>,
  <<|java+class:///com/mvnforum/jaxb/db/impl/MvnforumTypeImpl|,|java+interface:///com/sun/xml/bind/JAXBObject|>,{
    |java+interface:///com/mvnforum/jaxb/db/impl/runtime/ValidatableObject|,
    |java+interface:///com/mvnforum/jaxb/db/impl/runtime/XMLSerializable|,
    |java+interface:///com/mvnforum/jaxb/db/impl/runtime/UnmarshallableObject|,
    |java+interface:///com/mvnforum/jaxb/db/MvnforumType|
  },|project://mvnforum-1.2.2-ga/mvnforum/contrib/phpbb2mvnforum-jaxb/src/com/mvnforum/jaxb/db/impl/MemberForumPermissionListImpl.java|(2525,65,<50,33>,<50,98>)>,
  <<|java+class:///net/myvietnam/mvncore/thirdparty/commonj/work/FooWorkItem|,|java+interface:///commonj/work/WorkItem|>,{|java+interface:///java/lang/Runnable|},|project://mvnforum-1.2.2-ga/myvietnam/src/net/myvietnam/mvncore/thirdparty/commonj/work/FooWorkManager.java|(8364,22,<213,32>,<213,54>)>,
  <<|java+class:///net/myvietnam/mvncore/thirdparty/commonj/work/FooWorkItem|,|java+interface:///commonj/work/WorkItem|>,{|java+interface:///java/lang/Runnable|},|project://mvnforum-1.2.2-ga/myvietnam/src/net/myvietnam/mvncore/thirdparty/commonj/work/FooWorkManager.java|(10185,22,<255,32>,<255,54>)>,
  <<|java+class:///net/myvietnam/mvncore/thirdparty/commonj/work/FooWorkItem|,|java+interface:///commonj/work/WorkItem|>,{|java+interface:///java/lang/Runnable|},|project://mvnforum-1.2.2-ga/myvietnam/src/net/myvietnam/mvncore/thirdparty/commonj/work/FooWorkManager.java|(11130,22,<291,32>,<291,54>)>,
  <<|java+class:///net/myvietnam/mvncore/thirdparty/commonj/work/FooWorkItem|,|java+interface:///commonj/work/WorkItem|>,{|java+interface:///java/lang/Runnable|},|project://mvnforum-1.2.2-ga/myvietnam/src/net/myvietnam/mvncore/thirdparty/commonj/work/FooWorkManager.java|(11651,22,<310,32>,<310,54>)>,
  <<|java+class:///com/mvnforum/jaxb/db/impl/GroupTypeImpl|,|java+interface:///com/sun/xml/bind/JAXBObject|>,{
    |java+interface:///com/mvnforum/jaxb/db/impl/runtime/ValidatableObject|,
    |java+interface:///com/mvnforum/jaxb/db/GroupType|,
    |java+interface:///com/mvnforum/jaxb/db/impl/runtime/XMLSerializable|,
    |java+interface:///com/mvnforum/jaxb/db/impl/runtime/UnmarshallableObject|
  },|project://mvnforum-1.2.2-ga/mvnforum/contrib/phpbb2mvnforum-jaxb/src/com/mvnforum/jaxb/db/impl/MessageListImpl.java|(1954,52,<45,33>,<45,85>)>,
  <<|java+class:///com/mvnforum/jaxb/db/impl/PostTypeImpl|,|java+interface:///com/sun/xml/bind/JAXBObject|>,{
    |java+interface:///com/mvnforum/jaxb/db/PostType|,
    |java+interface:///com/mvnforum/jaxb/db/impl/runtime/ValidatableObject|,
    |java+interface:///com/mvnforum/jaxb/db/impl/runtime/XMLSerializable|,
    |java+interface:///com/mvnforum/jaxb/db/impl/runtime/UnmarshallableObject|
  },|project://mvnforum-1.2.2-ga/mvnforum/contrib/phpbb2mvnforum-jaxb/src/com/mvnforum/jaxb/db/impl/MessageListImpl.java|(2134,52,<48,39>,<48,91>)>,
  <<|java+class:///com/mvnforum/jaxb/db/impl/GroupForumPermissionListImpl|,|java+interface:///com/sun/xml/bind/JAXBObject|>,{
    |java+interface:///com/mvnforum/jaxb/db/impl/runtime/ValidatableObject|,
    |java+interface:///com/mvnforum/jaxb/db/GroupForumPermissionList|,
    |java+interface:///com/mvnforum/jaxb/db/impl/runtime/XMLSerializable|,
    |java+interface:///com/mvnforum/jaxb/db/impl/runtime/UnmarshallableObject|
  },|project://mvnforum-1.2.2-ga/mvnforum/contrib/phpbb2mvnforum-jaxb/src/com/mvnforum/jaxb/db/impl/MessageListImpl.java|(2273,51,<50,33>,<50,84>)>,
  <<|java+class:///com/mvnforum/jaxb/db/impl/PostListImpl|,|java+interface:///com/sun/xml/bind/JAXBObject|>,{
    |java+interface:///com/mvnforum/jaxb/db/PostList|,
    |java+interface:///com/mvnforum/jaxb/db/impl/runtime/ValidatableObject|,
    |java+interface:///com/mvnforum/jaxb/db/impl/runtime/XMLSerializable|,
    |java+interface:///com/mvnforum/jaxb/db/impl/runtime/UnmarshallableObject|
  },|project://mvnforum-1.2.2-ga/mvnforum/contrib/phpbb2mvnforum-jaxb/src/com/mvnforum/jaxb/db/impl/GroupForumPermissionListImpl.java|(2136,65,<45,33>,<45,98>)>,
  <<|java+class:///com/mvnforum/jaxb/db/impl/FavoriteThreadListImpl|,|java+interface:///com/sun/xml/bind/JAXBObject|>,{
    |java+interface:///com/mvnforum/jaxb/db/impl/runtime/ValidatableObject|,
    |java+interface:///com/mvnforum/jaxb/db/FavoriteThreadList|,
    |java+interface:///com/mvnforum/jaxb/db/impl/runtime/XMLSerializable|,
    |java+interface:///com/mvnforum/jaxb/db/impl/runtime/UnmarshallableObject|
  },|project://mvnforum-1.2.2-ga/mvnforum/contrib/phpbb2mvnforum-jaxb/src/com/mvnforum/jaxb/db/impl/GroupForumPermissionListImpl.java|(2342,65,<48,39>,<48,104>)>,
  <<|java+class:///com/mvnforum/jaxb/db/impl/GlobalPermissionListImpl|,|java+interface:///com/sun/xml/bind/JAXBObject|>,{
    |java+interface:///com/mvnforum/jaxb/db/impl/runtime/ValidatableObject|,
    |java+interface:///com/mvnforum/jaxb/db/impl/runtime/UnmarshallableObject|,
    |java+interface:///com/mvnforum/jaxb/db/GlobalPermissionList|,
    |java+interface:///com/mvnforum/jaxb/db/impl/runtime/XMLSerializable|
  },|project://mvnforum-1.2.2-ga/mvnforum/contrib/phpbb2mvnforum-jaxb/src/com/mvnforum/jaxb/db/impl/GroupForumPermissionListImpl.java|(2507,64,<50,33>,<50,97>)>,
  <<|java+class:///com/mvnforum/common/ReloadTomcatTimerTaskExt|,|java+interface:///net/myvietnam/mvncore/util/TimerTaskExt|>,{|java+class:///net/myvietnam/mvncore/util/TimerTaskAbstract|},|project://mvnforum-1.2.2-ga/mvnforum/src/com/mvnforum/service/impl/MvnForumLifeCycleServiceImplDefault.java|(7395,25,<165,37>,<165,62>)>,
  <<|java+class:///com/mvnforum/jaxb/db/impl/RankTypeImpl|,|java+interface:///com/mvnforum/jaxb/db/RankType|>,{
    |java+interface:///com/sun/xml/bind/JAXBObject|,
    |java+interface:///com/mvnforum/jaxb/db/impl/runtime/ValidatableObject|,
    |java+interface:///com/mvnforum/jaxb/db/impl/runtime/XMLSerializable|,
    |java+interface:///com/mvnforum/jaxb/db/impl/runtime/UnmarshallableObject|
  },|project://mvnforum-1.2.2-ga/mvnforum/contrib/phpbb2mvnforum-jaxb/src/com/mvnforum/jaxb/ImportExportXML.java|(45909,27,<802,32>,<802,59>)>,
  <<|java+class:///com/mvnforum/jaxb/db/impl/GroupTypeImpl|,|java+interface:///com/mvnforum/jaxb/db/GroupType|>,{
    |java+interface:///com/sun/xml/bind/JAXBObject|,
    |java+interface:///com/mvnforum/jaxb/db/impl/runtime/ValidatableObject|,
    |java+interface:///com/mvnforum/jaxb/db/impl/runtime/XMLSerializable|,
    |java+interface:///com/mvnforum/jaxb/db/impl/runtime/UnmarshallableObject|
  },|project://mvnforum-1.2.2-ga/mvnforum/contrib/phpbb2mvnforum-jaxb/src/com/mvnforum/jaxb/ImportExportXML.java|(46945,29,<824,34>,<824,63>)>,
  <<|java+class:///com/mvnforum/jaxb/db/impl/MemberTypeImpl|,|java+interface:///com/mvnforum/jaxb/db/MemberType|>,{
    |java+interface:///com/sun/xml/bind/JAXBObject|,
    |java+interface:///com/mvnforum/jaxb/db/impl/runtime/ValidatableObject|,
    |java+interface:///com/mvnforum/jaxb/db/impl/runtime/XMLSerializable|,
    |java+interface:///com/mvnforum/jaxb/db/impl/runtime/UnmarshallableObject|
  },|project://mvnforum-1.2.2-ga/mvnforum/contrib/phpbb2mvnforum-jaxb/src/com/mvnforum/jaxb/ImportExportXML.java|(49327,32,<866,36>,<866,68>)>,
  <<|java+class:///com/mvnforum/jaxb/db/impl/MemberTypeImpl|,|java+interface:///com/mvnforum/jaxb/db/MemberType|>,{
    |java+interface:///com/sun/xml/bind/JAXBObject|,
    |java+interface:///com/mvnforum/jaxb/db/impl/runtime/ValidatableObject|,
    |java+interface:///com/mvnforum/jaxb/db/impl/runtime/XMLSerializable|,
    |java+interface:///com/mvnforum/jaxb/db/impl/runtime/UnmarshallableObject|
  },|project://mvnforum-1.2.2-ga/mvnforum/contrib/phpbb2mvnforum-jaxb/src/com/mvnforum/jaxb/ImportExportXML.java|(56769,32,<966,36>,<966,68>)>,
  <<|java+class:///com/mvnforum/jaxb/db/impl/MessageFolderTypeImpl|,|java+interface:///com/mvnforum/jaxb/db/MessageFolderType|>,{
    |java+interface:///com/sun/xml/bind/JAXBObject|,
    |java+interface:///com/mvnforum/jaxb/db/impl/runtime/ValidatableObject|,
    |java+interface:///com/mvnforum/jaxb/db/impl/runtime/XMLSerializable|,
    |java+interface:///com/mvnforum/jaxb/db/impl/runtime/UnmarshallableObject|
  },|project://mvnforum-1.2.2-ga/mvnforum/contrib/phpbb2mvnforum-jaxb/src/com/mvnforum/jaxb/ImportExportXML.java|(57170,45,<972,54>,<972,99>)>,
  <<|java+class:///com/mvnforum/jaxb/db/impl/MessageTypeImpl|,|java+interface:///com/mvnforum/jaxb/db/MessageType|>,{
    |java+interface:///com/sun/xml/bind/JAXBObject|,
    |java+interface:///com/mvnforum/jaxb/db/impl/runtime/ValidatableObject|,
    |java+interface:///com/mvnforum/jaxb/db/impl/runtime/XMLSerializable|,
    |java+interface:///com/mvnforum/jaxb/db/impl/runtime/UnmarshallableObject|
  },|project://mvnforum-1.2.2-ga/mvnforum/contrib/phpbb2mvnforum-jaxb/src/com/mvnforum/jaxb/ImportExportXML.java|(58255,33,<991,46>,<991,79>)>,
  <<|java+class:///com/mvnforum/jaxb/db/impl/GlobalWatchTypeImpl|,|java+interface:///com/mvnforum/jaxb/db/GlobalWatchType|>,{
    |java+interface:///com/sun/xml/bind/JAXBObject|,
    |java+interface:///com/mvnforum/jaxb/db/impl/runtime/ValidatableObject|,
    |java+interface:///com/mvnforum/jaxb/db/impl/runtime/XMLSerializable|,
    |java+interface:///com/mvnforum/jaxb/db/impl/runtime/UnmarshallableObject|
  },|project://mvnforum-1.2.2-ga/mvnforum/contrib/phpbb2mvnforum-jaxb/src/com/mvnforum/jaxb/ImportExportXML.java|(60630,37,<1027,50>,<1027,87>)>,
  <<|java+class:///com/mvnforum/jaxb/db/impl/MvnforumImpl|,|java+interface:///com/mvnforum/jaxb/db/Mvnforum|>,{
    |java+interface:///com/sun/xml/bind/JAXBObject|,
    |java+interface:///com/mvnforum/jaxb/db/impl/runtime/ValidatableObject|,
    |java+interface:///com/mvnforum/jaxb/db/impl/runtime/XMLSerializable|,
    |java+interface:///com/mvnforum/jaxb/db/impl/runtime/UnmarshallableObject|,
    |java+class:///com/mvnforum/jaxb/db/impl/MvnforumTypeImpl|,
    |java+interface:///com/sun/xml/bind/RIElement|
  },|project://mvnforum-1.2.2-ga/mvnforum/contrib/phpbb2mvnforum-jaxb/src/com/mvnforum/jaxb/util/XMLUtil.java|(1388,64,<43,23>,<43,87>)>,
  <<|java+class:///com/mvnforum/jaxb/db/impl/MvnforumTypeImpl/GroupListTypeImpl|,|java+interface:///com/sun/xml/bind/JAXBObject|>,{
    |java+interface:///com/mvnforum/jaxb/db/MvnforumType/GroupListType|,
    |java+interface:///com/mvnforum/jaxb/db/impl/runtime/ValidatableObject|,
    |java+interface:///com/mvnforum/jaxb/db/impl/runtime/XMLSerializable|,
    |java+interface:///com/mvnforum/jaxb/db/impl/runtime/UnmarshallableObject|
  },|project://mvnforum-1.2.2-ga/mvnforum/contrib/phpbb2mvnforum-jaxb/src/com/mvnforum/jaxb/db/impl/MessageFolderListImpl.java|(2038,58,<45,33>,<45,91>)>,
  <<|java+class:///com/mvnforum/jaxb/db/impl/GlobalWatchTypeImpl|,|java+interface:///com/sun/xml/bind/JAXBObject|>,{
    |java+interface:///com/mvnforum/jaxb/db/impl/runtime/ValidatableObject|,
    |java+interface:///com/mvnforum/jaxb/db/impl/runtime/XMLSerializable|,
    |java+interface:///com/mvnforum/jaxb/db/impl/runtime/UnmarshallableObject|,
    |java+interface:///com/mvnforum/jaxb/db/GlobalWatchType|
  },|project://mvnforum-1.2.2-ga/mvnforum/contrib/phpbb2mvnforum-jaxb/src/com/mvnforum/jaxb/db/impl/MessageFolderListImpl.java|(2230,58,<48,39>,<48,97>)>,
  <<|java+class:///com/mvnforum/jaxb/db/impl/MvnforumTypeImpl/GroupListTypeImpl|,|java+interface:///com/sun/xml/bind/JAXBObject|>,{
    |java+interface:///com/mvnforum/jaxb/db/MvnforumType/GroupListType|,
    |java+interface:///com/mvnforum/jaxb/db/impl/runtime/ValidatableObject|,
    |java+interface:///com/mvnforum/jaxb/db/impl/runtime/XMLSerializable|,
    |java+interface:///com/mvnforum/jaxb/db/impl/runtime/UnmarshallableObject|
  },|project://mvnforum-1.2.2-ga/mvnforum/contrib/phpbb2mvnforum-jaxb/src/com/mvnforum/jaxb/db/impl/MessageFolderListImpl.java|(2381,57,<50,33>,<50,90>)>,
  <<|java+class:///net/myvietnam/mvncore/thirdparty/commonj/work/FooWorkItem|,|java+interface:///commonj/work/WorkItem|>,{|java+interface:///java/lang/Runnable|},|project://mvnforum-1.2.2-ga/myvietnam/src/net/myvietnam/mvncore/thirdparty/commonj/work/ResultCollector.java|(2749,22,<97,32>,<97,54>)>,
  <<|java+class:///net/myvietnam/mvncore/thirdparty/commonj/work/FooWorkItem|,|java+interface:///commonj/work/WorkItem|>,{|java+interface:///java/lang/Runnable|},|project://mvnforum-1.2.2-ga/myvietnam/src/net/myvietnam/mvncore/thirdparty/commonj/work/ResultCollector.java|(4499,22,<156,32>,<156,54>)>,
  <<|java+class:///net/myvietnam/mvncore/configuration/PropertiesConfiguration|,|java+interface:///net/myvietnam/mvncore/configuration/Configuration|>,{|java+class:///net/myvietnam/mvncore/configuration/BasePropertiesConfiguration|},|project://mvnforum-1.2.2-ga/myvietnam/src/net/myvietnam/mvncore/configuration/CompositeConfiguration.java|(5999,24,<148,35>,<148,59>)>,
  <<|java+class:///net/myvietnam/mvncore/configuration/JNDIConfiguration|,|java+interface:///net/myvietnam/mvncore/configuration/Configuration|>,{|java+class:///net/myvietnam/mvncore/configuration/BaseConfiguration|},|project://mvnforum-1.2.2-ga/myvietnam/src/net/myvietnam/mvncore/configuration/CompositeConfiguration.java|(6678,24,<171,35>,<171,59>)>,
  <<|java+class:///net/myvietnam/mvncore/configuration/ClassPropertiesConfiguration|,|java+interface:///net/myvietnam/mvncore/configuration/Configuration|>,{|java+class:///net/myvietnam/mvncore/configuration/BasePropertiesConfiguration|},|project://mvnforum-1.2.2-ga/myvietnam/src/net/myvietnam/mvncore/configuration/CompositeConfiguration.java|(7789,24,<203,35>,<203,59>)>,
  <<|java+class:///net/myvietnam/mvncore/configuration/JNDIConfiguration|,|java+interface:///net/myvietnam/mvncore/configuration/Configuration|>,{|java+class:///net/myvietnam/mvncore/configuration/BaseConfiguration|},|project://mvnforum-1.2.2-ga/myvietnam/src/net/myvietnam/mvncore/configuration/CompositeConfiguration.java|(9000,24,<244,35>,<244,59>)>,
  <<|java+class:///net/myvietnam/mvncore/configuration/JNDIConfiguration|,|java+interface:///net/myvietnam/mvncore/configuration/Configuration|>,{|java+class:///net/myvietnam/mvncore/configuration/BaseConfiguration|},|project://mvnforum-1.2.2-ga/myvietnam/src/net/myvietnam/mvncore/configuration/CompositeConfiguration.java|(9324,24,<255,35>,<255,59>)>,
  <<|java+class:///net/myvietnam/mvncore/configuration/JNDIConfiguration|,|java+interface:///net/myvietnam/mvncore/configuration/Configuration|>,{|java+class:///net/myvietnam/mvncore/configuration/BaseConfiguration|},|project://mvnforum-1.2.2-ga/myvietnam/src/net/myvietnam/mvncore/configuration/CompositeConfiguration.java|(10068,24,<278,35>,<278,59>)>,
  <<|java+class:///net/myvietnam/mvncore/configuration/PropertiesConfiguration|,|java+interface:///net/myvietnam/mvncore/configuration/Configuration|>,{|java+class:///net/myvietnam/mvncore/configuration/BasePropertiesConfiguration|},|project://mvnforum-1.2.2-ga/myvietnam/src/net/myvietnam/mvncore/configuration/CompositeConfiguration.java|(26214,25,<722,35>,<722,60>)>,
  <<|java+class:///net/myvietnam/mvncore/configuration/JNDIConfiguration|,|java+interface:///net/myvietnam/mvncore/configuration/Configuration|>,{|java+class:///net/myvietnam/mvncore/configuration/BaseConfiguration|},|project://mvnforum-1.2.2-ga/myvietnam/src/net/myvietnam/mvncore/configuration/CompositeConfiguration.java|(27098,24,<752,35>,<752,59>)>,
  <<|java+class:///net/myvietnam/mvncore/configuration/PropertiesConfiguration|,|java+interface:///net/myvietnam/mvncore/configuration/Configuration|>,{|java+class:///net/myvietnam/mvncore/configuration/BasePropertiesConfiguration|},|project://mvnforum-1.2.2-ga/myvietnam/src/net/myvietnam/mvncore/configuration/CompositeConfiguration.java|(27434,37,<764,15>,<764,52>)>,
  <<|java+class:///com/mvnforum/jaxb/db/impl/GroupForumPermissionListImpl|,|java+interface:///com/sun/xml/bind/JAXBObject|>,{
    |java+interface:///com/mvnforum/jaxb/db/impl/runtime/ValidatableObject|,
    |java+interface:///com/mvnforum/jaxb/db/GroupForumPermissionList|,
    |java+interface:///com/mvnforum/jaxb/db/impl/runtime/XMLSerializable|,
    |java+interface:///com/mvnforum/jaxb/db/impl/runtime/UnmarshallableObject|
  },|project://mvnforum-1.2.2-ga/mvnforum/contrib/phpbb2mvnforum-jaxb/src/com/mvnforum/jaxb/db/impl/ForumListImpl.java|(1926,50,<45,33>,<45,83>)>,
  <<|java+class:///com/mvnforum/jaxb/db/impl/AttachmentTypeImpl|,|java+interface:///com/sun/xml/bind/JAXBObject|>,{
    |java+interface:///com/mvnforum/jaxb/db/AttachmentType|,
    |java+interface:///com/mvnforum/jaxb/db/impl/runtime/ValidatableObject|,
    |java+interface:///com/mvnforum/jaxb/db/impl/runtime/XMLSerializable|,
    |java+interface:///com/mvnforum/jaxb/db/impl/runtime/UnmarshallableObject|
  },|project://mvnforum-1.2.2-ga/mvnforum/contrib/phpbb2mvnforum-jaxb/src/com/mvnforum/jaxb/db/impl/ForumListImpl.java|(2102,50,<48,39>,<48,89>)>,
  <<|java+class:///com/mvnforum/jaxb/db/impl/MemberForumPermissionTypeImpl|,|java+interface:///com/sun/xml/bind/JAXBObject|>,{
    |java+interface:///com/mvnforum/jaxb/db/MemberForumPermissionType|,
    |java+interface:///com/mvnforum/jaxb/db/impl/runtime/ValidatableObject|,
    |java+interface:///com/mvnforum/jaxb/db/impl/runtime/XMLSerializable|,
    |java+interface:///com/mvnforum/jaxb/db/impl/runtime/UnmarshallableObject|
  },|project://mvnforum-1.2.2-ga/mvnforum/contrib/phpbb2mvnforum-jaxb/src/com/mvnforum/jaxb/db/impl/ForumListImpl.java|(2237,49,<50,33>,<50,82>)>,
  <<|java+class:///com/mvnforum/jaxb/db/impl/MemberForumPermissionTypeImpl|,|java+interface:///com/sun/xml/bind/JAXBObject|>,{
    |java+interface:///com/mvnforum/jaxb/db/MemberForumPermissionType|,
    |java+interface:///com/mvnforum/jaxb/db/impl/runtime/ValidatableObject|,
    |java+interface:///com/mvnforum/jaxb/db/impl/runtime/XMLSerializable|,
    |java+interface:///com/mvnforum/jaxb/db/impl/runtime/UnmarshallableObject|
  },|project://mvnforum-1.2.2-ga/mvnforum/contrib/phpbb2mvnforum-jaxb/src/com/mvnforum/jaxb/db/impl/ThreadListImpl.java|(1940,51,<45,33>,<45,84>)>,
  <<|java+class:///com/mvnforum/jaxb/db/impl/FavoriteThreadTypeImpl|,|java+interface:///com/sun/xml/bind/JAXBObject|>,{
    |java+interface:///com/mvnforum/jaxb/db/FavoriteThreadType|,
    |java+interface:///com/mvnforum/jaxb/db/impl/runtime/ValidatableObject|,
    |java+interface:///com/mvnforum/jaxb/db/impl/runtime/XMLSerializable|,
    |java+interface:///com/mvnforum/jaxb/db/impl/runtime/UnmarshallableObject|
  },|project://mvnforum-1.2.2-ga/mvnforum/contrib/phpbb2mvnforum-jaxb/src/com/mvnforum/jaxb/db/impl/ThreadListImpl.java|(2118,51,<48,39>,<48,90>)>,
  <<|java+class:///com/mvnforum/jaxb/db/impl/MvnforumTypeImpl/RankListTypeImpl|,|java+interface:///com/sun/xml/bind/JAXBObject|>,{
    |java+interface:///com/mvnforum/jaxb/db/impl/runtime/ValidatableObject|,
    |java+interface:///com/mvnforum/jaxb/db/MvnforumType/RankListType|,
    |java+interface:///com/mvnforum/jaxb/db/impl/runtime/XMLSerializable|,
    |java+interface:///com/mvnforum/jaxb/db/impl/runtime/UnmarshallableObject|
  },|project://mvnforum-1.2.2-ga/mvnforum/contrib/phpbb2mvnforum-jaxb/src/com/mvnforum/jaxb/db/impl/ThreadListImpl.java|(2255,50,<50,33>,<50,83>)>,
  <<|java+class:///com/mvnforum/service/impl/MvnCoreServiceImplMvnForum|,|java+interface:///net/myvietnam/mvncore/service/MvnCoreService|>,{|java+class:///net/myvietnam/mvncore/service/impl/MvnCoreServiceImplDefault|},|project://mvnforum-1.2.2-ga/myvietnam/src/net/myvietnam/mvncore/service/MvnCoreServiceFactory.java|(2108,32,<56,33>,<56,65>)>,
  <<|java+class:///com/mvnforum/jaxb/db/impl/MvnforumTypeImpl/RankListTypeImpl|,|java+interface:///com/sun/xml/bind/JAXBObject|>,{
    |java+interface:///com/mvnforum/jaxb/db/impl/runtime/ValidatableObject|,
    |java+interface:///com/mvnforum/jaxb/db/MvnforumType/RankListType|,
    |java+interface:///com/mvnforum/jaxb/db/impl/runtime/XMLSerializable|,
    |java+interface:///com/mvnforum/jaxb/db/impl/runtime/UnmarshallableObject|
  },|project://mvnforum-1.2.2-ga/mvnforum/contrib/phpbb2mvnforum-jaxb/src/com/mvnforum/jaxb/db/impl/CategoryListTypeImpl.java|(1984,53,<45,33>,<45,86>)>,
  <<|java+class:///com/mvnforum/jaxb/db/impl/FavoriteThreadTypeImpl|,|java+interface:///com/sun/xml/bind/JAXBObject|>,{
    |java+interface:///com/mvnforum/jaxb/db/FavoriteThreadType|,
    |java+interface:///com/mvnforum/jaxb/db/impl/runtime/ValidatableObject|,
    |java+interface:///com/mvnforum/jaxb/db/impl/runtime/XMLSerializable|,
    |java+interface:///com/mvnforum/jaxb/db/impl/runtime/UnmarshallableObject|
  },|project://mvnforum-1.2.2-ga/mvnforum/contrib/phpbb2mvnforum-jaxb/src/com/mvnforum/jaxb/db/impl/CategoryListTypeImpl.java|(2166,53,<48,39>,<48,92>)>,
  <<|java+class:///com/mvnforum/jaxb/db/impl/GlobalPermissionListImpl|,|java+interface:///com/sun/xml/bind/JAXBObject|>,{
    |java+interface:///com/mvnforum/jaxb/db/impl/runtime/ValidatableObject|,
    |java+interface:///com/mvnforum/jaxb/db/impl/runtime/UnmarshallableObject|,
    |java+interface:///com/mvnforum/jaxb/db/GlobalPermissionList|,
    |java+interface:///com/mvnforum/jaxb/db/impl/runtime/XMLSerializable|
  },|project://mvnforum-1.2.2-ga/mvnforum/contrib/phpbb2mvnforum-jaxb/src/com/mvnforum/jaxb/db/impl/CategoryListTypeImpl.java|(2307,52,<50,33>,<50,85>)>,
  <<|java+class:///com/mvnforum/jaxb/db/impl/MvnforumImpl|,|java+interface:///com/sun/xml/bind/RIElement|>,{
    |java+interface:///com/mvnforum/jaxb/db/Mvnforum|,
    |java+interface:///com/sun/xml/bind/JAXBObject|,
    |java+interface:///com/mvnforum/jaxb/db/impl/runtime/ValidatableObject|,
    |java+interface:///com/mvnforum/jaxb/db/impl/runtime/XMLSerializable|,
    |java+class:///com/mvnforum/jaxb/db/impl/MvnforumTypeImpl|,
    |java+interface:///com/mvnforum/jaxb/db/impl/runtime/UnmarshallableObject|
  },|project://mvnforum-1.2.2-ga/mvnforum/contrib/phpbb2mvnforum-jaxb/src/com/mvnforum/jaxb/db/impl/runtime/MSVValidator.java|(12574,12,<340,28>,<340,40>)>,
  <<|java+class:///com/mvnforum/jaxb/db/impl/MessageListImpl|,|java+interface:///com/sun/xml/bind/JAXBObject|>,{
    |java+interface:///com/mvnforum/jaxb/db/impl/runtime/ValidatableObject|,
    |java+interface:///com/mvnforum/jaxb/db/impl/runtime/XMLSerializable|,
    |java+interface:///com/mvnforum/jaxb/db/MessageList|,
    |java+interface:///com/mvnforum/jaxb/db/impl/runtime/UnmarshallableObject|
  },|project://mvnforum-1.2.2-ga/mvnforum/contrib/phpbb2mvnforum-jaxb/src/com/mvnforum/jaxb/db/impl/GlobalWatchListImpl.java|(2010,56,<45,33>,<45,89>)>,
  <<|java+class:///com/mvnforum/jaxb/db/impl/MessageListImpl|,|java+interface:///com/sun/xml/bind/JAXBObject|>,{
    |java+interface:///com/mvnforum/jaxb/db/impl/runtime/ValidatableObject|,
    |java+interface:///com/mvnforum/jaxb/db/impl/runtime/XMLSerializable|,
    |java+interface:///com/mvnforum/jaxb/db/MessageList|,
    |java+interface:///com/mvnforum/jaxb/db/impl/runtime/UnmarshallableObject|
  },|project://mvnforum-1.2.2-ga/mvnforum/contrib/phpbb2mvnforum-jaxb/src/com/mvnforum/jaxb/db/impl/GlobalWatchListImpl.java|(2198,56,<48,39>,<48,95>)>,
  <<|java+class:///com/mvnforum/jaxb/db/impl/ThreadListImpl|,|java+interface:///com/sun/xml/bind/JAXBObject|>,{
    |java+interface:///com/mvnforum/jaxb/db/impl/runtime/ValidatableObject|,
    |java+interface:///com/mvnforum/jaxb/db/ThreadList|,
    |java+interface:///com/mvnforum/jaxb/db/impl/runtime/XMLSerializable|,
    |java+interface:///com/mvnforum/jaxb/db/impl/runtime/UnmarshallableObject|
  },|project://mvnforum-1.2.2-ga/mvnforum/contrib/phpbb2mvnforum-jaxb/src/com/mvnforum/jaxb/db/impl/GlobalWatchListImpl.java|(2345,55,<50,33>,<50,88>)>,
  <<|java+class:///com/mvnforum/jaxb/db/impl/PostListImpl|,|java+interface:///com/sun/xml/bind/JAXBObject|>,{
    |java+interface:///com/mvnforum/jaxb/db/PostList|,
    |java+interface:///com/mvnforum/jaxb/db/impl/runtime/ValidatableObject|,
    |java+interface:///com/mvnforum/jaxb/db/impl/runtime/XMLSerializable|,
    |java+interface:///com/mvnforum/jaxb/db/impl/runtime/UnmarshallableObject|
  },|project://mvnforum-1.2.2-ga/mvnforum/contrib/phpbb2mvnforum-jaxb/src/com/mvnforum/jaxb/db/impl/MvnforumTypeImpl.java|(14171,50,<210,37>,<210,87>)>,
  <<|java+class:///com/mvnforum/jaxb/db/impl/GlobalWatchListImpl|,|java+interface:///com/sun/xml/bind/JAXBObject|>,{
    |java+interface:///com/mvnforum/jaxb/db/GlobalWatchList|,
    |java+interface:///com/mvnforum/jaxb/db/impl/runtime/ValidatableObject|,
    |java+interface:///com/mvnforum/jaxb/db/impl/runtime/XMLSerializable|,
    |java+interface:///com/mvnforum/jaxb/db/impl/runtime/UnmarshallableObject|
  },|project://mvnforum-1.2.2-ga/mvnforum/contrib/phpbb2mvnforum-jaxb/src/com/mvnforum/jaxb/db/impl/MvnforumTypeImpl.java|(14359,50,<213,43>,<213,93>)>,
  <<|java+class:///com/mvnforum/jaxb/db/impl/GroupMemberListImpl|,|java+interface:///com/sun/xml/bind/JAXBObject|>,{
    |java+interface:///com/mvnforum/jaxb/db/impl/runtime/ValidatableObject|,
    |java+interface:///com/mvnforum/jaxb/db/GroupMemberList|,
    |java+interface:///com/mvnforum/jaxb/db/impl/runtime/XMLSerializable|,
    |java+interface:///com/mvnforum/jaxb/db/impl/runtime/UnmarshallableObject|
  },|project://mvnforum-1.2.2-ga/mvnforum/contrib/phpbb2mvnforum-jaxb/src/com/mvnforum/jaxb/db/impl/MvnforumTypeImpl.java|(14502,49,<215,37>,<215,86>)>,
  <<|java+class:///com/mvnforum/jaxb/db/impl/GroupForumPermissionTypeImpl|,|java+interface:///com/sun/xml/bind/JAXBObject|>,{
    |java+interface:///com/mvnforum/jaxb/db/impl/runtime/ValidatableObject|,
    |java+interface:///com/mvnforum/jaxb/db/GroupForumPermissionType|,
    |java+interface:///com/mvnforum/jaxb/db/impl/runtime/XMLSerializable|,
    |java+interface:///com/mvnforum/jaxb/db/impl/runtime/UnmarshallableObject|
  },|project://mvnforum-1.2.2-ga/mvnforum/contrib/phpbb2mvnforum-jaxb/src/com/mvnforum/jaxb/db/impl/MvnforumTypeImpl.java|(28849,51,<472,37>,<472,88>)>,
  <<|java+class:///com/mvnforum/jaxb/db/impl/CategoryListTypeImpl|,|java+interface:///com/sun/xml/bind/JAXBObject|>,{
    |java+interface:///com/mvnforum/jaxb/db/impl/runtime/ValidatableObject|,
    |java+interface:///com/mvnforum/jaxb/db/impl/runtime/XMLSerializable|,
    |java+interface:///com/mvnforum/jaxb/db/impl/runtime/UnmarshallableObject|,
    |java+interface:///com/mvnforum/jaxb/db/CategoryListType|
  },|project://mvnforum-1.2.2-ga/mvnforum/contrib/phpbb2mvnforum-jaxb/src/com/mvnforum/jaxb/db/impl/MvnforumTypeImpl.java|(29039,51,<475,43>,<475,94>)>,
  <<|java+class:///com/mvnforum/jaxb/db/impl/MessageFolderTypeImpl|,|java+interface:///com/sun/xml/bind/JAXBObject|>,{
    |java+interface:///com/mvnforum/jaxb/db/MessageFolderType|,
    |java+interface:///com/mvnforum/jaxb/db/impl/runtime/ValidatableObject|,
    |java+interface:///com/mvnforum/jaxb/db/impl/runtime/XMLSerializable|,
    |java+interface:///com/mvnforum/jaxb/db/impl/runtime/UnmarshallableObject|
  },|project://mvnforum-1.2.2-ga/mvnforum/contrib/phpbb2mvnforum-jaxb/src/com/mvnforum/jaxb/db/impl/MvnforumTypeImpl.java|(29184,50,<477,37>,<477,87>)>,
  <<|java+class:///com/mvnforum/jaxb/db/impl/PostTypeImpl|,|java+interface:///com/sun/xml/bind/JAXBObject|>,{
    |java+interface:///com/mvnforum/jaxb/db/PostType|,
    |java+interface:///com/mvnforum/jaxb/db/impl/runtime/ValidatableObject|,
    |java+interface:///com/mvnforum/jaxb/db/impl/runtime/XMLSerializable|,
    |java+interface:///com/mvnforum/jaxb/db/impl/runtime/UnmarshallableObject|
  },|project://mvnforum-1.2.2-ga/mvnforum/contrib/phpbb2mvnforum-jaxb/src/com/mvnforum/jaxb/db/impl/MvnforumTypeImpl.java|(43154,49,<730,37>,<730,86>)>,
  <<|java+class:///com/mvnforum/jaxb/db/impl/AttachmentTypeImpl|,|java+interface:///com/sun/xml/bind/JAXBObject|>,{
    |java+interface:///com/mvnforum/jaxb/db/AttachmentType|,
    |java+interface:///com/mvnforum/jaxb/db/impl/runtime/ValidatableObject|,
    |java+interface:///com/mvnforum/jaxb/db/impl/runtime/XMLSerializable|,
    |java+interface:///com/mvnforum/jaxb/db/impl/runtime/UnmarshallableObject|
  },|project://mvnforum-1.2.2-ga/mvnforum/contrib/phpbb2mvnforum-jaxb/src/com/mvnforum/jaxb/db/impl/MvnforumTypeImpl.java|(43340,49,<733,43>,<733,92>)>,
  <<|java+class:///com/mvnforum/jaxb/db/impl/MessageFolderTypeImpl|,|java+interface:///com/sun/xml/bind/JAXBObject|>,{
    |java+interface:///com/mvnforum/jaxb/db/MessageFolderType|,
    |java+interface:///com/mvnforum/jaxb/db/impl/runtime/ValidatableObject|,
    |java+interface:///com/mvnforum/jaxb/db/impl/runtime/XMLSerializable|,
    |java+interface:///com/mvnforum/jaxb/db/impl/runtime/UnmarshallableObject|
  },|project://mvnforum-1.2.2-ga/mvnforum/contrib/phpbb2mvnforum-jaxb/src/com/mvnforum/jaxb/db/impl/MvnforumTypeImpl.java|(43481,48,<735,37>,<735,85>)>,
  <<|java+class:///com/mvnforum/jaxb/db/impl/ForumListImpl|,|java+interface:///com/mvnforum/jaxb/db/impl/runtime/ValidatableObject|>,{
    |java+interface:///com/sun/xml/bind/JAXBObject|,
    |java+interface:///com/mvnforum/jaxb/db/ForumList|,
    |java+interface:///com/mvnforum/jaxb/db/impl/runtime/XMLSerializable|,
    |java+interface:///com/mvnforum/jaxb/db/impl/runtime/UnmarshallableObject|
  },|project://mvnforum-1.2.2-ga/mvnforum/contrib/phpbb2mvnforum-jaxb/src/com/mvnforum/jaxb/db/impl/runtime/ValidationContext.java|(4635,31,<142,39>,<142,70>)>,
  <<|java+class:///com/mvnforum/jaxb/db/impl/PostListImpl|,|java+interface:///com/sun/xml/bind/JAXBObject|>,{
    |java+interface:///com/mvnforum/jaxb/db/PostList|,
    |java+interface:///com/mvnforum/jaxb/db/impl/runtime/ValidatableObject|,
    |java+interface:///com/mvnforum/jaxb/db/impl/runtime/XMLSerializable|,
    |java+interface:///com/mvnforum/jaxb/db/impl/runtime/UnmarshallableObject|
  },|project://mvnforum-1.2.2-ga/mvnforum/contrib/phpbb2mvnforum-jaxb/src/com/mvnforum/jaxb/db/impl/GroupMemberListImpl.java|(2010,56,<45,33>,<45,89>)>,
  <<|java+class:///com/mvnforum/jaxb/db/impl/FavoriteThreadListImpl|,|java+interface:///com/sun/xml/bind/JAXBObject|>,{
    |java+interface:///com/mvnforum/jaxb/db/impl/runtime/ValidatableObject|,
    |java+interface:///com/mvnforum/jaxb/db/FavoriteThreadList|,
    |java+interface:///com/mvnforum/jaxb/db/impl/runtime/XMLSerializable|,
    |java+interface:///com/mvnforum/jaxb/db/impl/runtime/UnmarshallableObject|
  },|project://mvnforum-1.2.2-ga/mvnforum/contrib/phpbb2mvnforum-jaxb/src/com/mvnforum/jaxb/db/impl/GroupMemberListImpl.java|(2198,56,<48,39>,<48,95>)>,
  <<|java+class:///com/mvnforum/jaxb/db/impl/MessageFolderTypeImpl|,|java+interface:///com/sun/xml/bind/JAXBObject|>,{
    |java+interface:///com/mvnforum/jaxb/db/MessageFolderType|,
    |java+interface:///com/mvnforum/jaxb/db/impl/runtime/ValidatableObject|,
    |java+interface:///com/mvnforum/jaxb/db/impl/runtime/XMLSerializable|,
    |java+interface:///com/mvnforum/jaxb/db/impl/runtime/UnmarshallableObject|
  },|project://mvnforum-1.2.2-ga/mvnforum/contrib/phpbb2mvnforum-jaxb/src/com/mvnforum/jaxb/db/impl/GroupMemberListImpl.java|(2345,55,<50,33>,<50,88>)>,
  <<|java+class:///com/mvnforum/jaxb/db/impl/GroupForumPermissionListImpl|,|java+interface:///com/mvnforum/jaxb/db/impl/runtime/ValidatableObject|>,{
    |java+interface:///com/sun/xml/bind/JAXBObject|,
    |java+interface:///com/mvnforum/jaxb/db/GroupForumPermissionList|,
    |java+interface:///com/mvnforum/jaxb/db/impl/runtime/XMLSerializable|,
    |java+interface:///com/mvnforum/jaxb/db/impl/runtime/UnmarshallableObject|
  },|project://mvnforum-1.2.2-ga/mvnforum/contrib/phpbb2mvnforum-jaxb/src/com/mvnforum/jaxb/db/impl/runtime/Util.java|(2631,20,<69,20>,<69,40>)>,
  <<|java+class:///com/mvnforum/auth/MVNForumPermissionImpl|,|java+interface:///com/mvnforum/auth/MVNForumPermission|>,{|java+class:///com/mvnforum/auth/AbstractPermission|},|project://mvnforum-1.2.2-ga/mvnforum/src/com/mvnforum/categorytree/impl/ViewMemberPermissionsImpl.java|(3152,55,<84,21>,<84,76>)>,
  <<|java+class:///com/mvnforum/jaxb/db/impl/MvnforumTypeImpl/GroupListTypeImpl|,|java+interface:///com/mvnforum/jaxb/db/impl/runtime/UnmarshallableObject|>,{
    |java+interface:///com/mvnforum/jaxb/db/MvnforumType/GroupListType|,
    |java+interface:///com/sun/xml/bind/JAXBObject|,
    |java+interface:///com/mvnforum/jaxb/db/impl/runtime/ValidatableObject|,
    |java+interface:///com/mvnforum/jaxb/db/impl/runtime/XMLSerializable|
  },|project://mvnforum-1.2.2-ga/mvnforum/contrib/phpbb2mvnforum-jaxb/src/com/mvnforum/jaxb/db/impl/runtime/GrammarInfoImpl.java|(3302,40,<95,20>,<95,60>)>,
  <<|java+class:///com/mvnforum/jaxb/db/impl/GroupForumPermissionListImpl|,|java+interface:///com/mvnforum/jaxb/db/impl/runtime/XMLSerializable|>,{
    |java+interface:///com/sun/xml/bind/JAXBObject|,
    |java+interface:///com/mvnforum/jaxb/db/impl/runtime/ValidatableObject|,
    |java+interface:///com/mvnforum/jaxb/db/GroupForumPermissionList|,
    |java+interface:///com/mvnforum/jaxb/db/impl/runtime/UnmarshallableObject|
  },|project://mvnforum-1.2.2-ga/mvnforum/contrib/phpbb2mvnforum-jaxb/src/com/mvnforum/jaxb/db/impl/runtime/GrammarInfoImpl.java|(5995,18,<163,20>,<163,38>)>,
  <<|java+class:///com/mvnforum/jaxb/db/impl/MemberTypeImpl|,|java+interface:///com/mvnforum/jaxb/db/impl/runtime/ValidatableObject|>,{
    |java+interface:///com/sun/xml/bind/JAXBObject|,
    |java+interface:///com/mvnforum/jaxb/db/impl/runtime/XMLSerializable|,
    |java+interface:///com/mvnforum/jaxb/db/MemberType|,
    |java+interface:///com/mvnforum/jaxb/db/impl/runtime/UnmarshallableObject|
  },|project://mvnforum-1.2.2-ga/mvnforum/contrib/phpbb2mvnforum-jaxb/src/com/mvnforum/jaxb/db/impl/runtime/GrammarInfoImpl.java|(6329,20,<174,20>,<174,40>)>,
  <<|java+class:///com/mvnforum/jaxb/db/impl/PostListImpl|,|java+interface:///com/sun/xml/bind/JAXBObject|>,{
    |java+interface:///com/mvnforum/jaxb/db/PostList|,
    |java+interface:///com/mvnforum/jaxb/db/impl/runtime/ValidatableObject|,
    |java+interface:///com/mvnforum/jaxb/db/impl/runtime/XMLSerializable|,
    |java+interface:///com/mvnforum/jaxb/db/impl/runtime/UnmarshallableObject|
  },|project://mvnforum-1.2.2-ga/mvnforum/contrib/phpbb2mvnforum-jaxb/src/com/mvnforum/jaxb/db/impl/AttachmentListImpl.java|(1996,55,<45,33>,<45,88>)>,
  <<|java+class:///com/mvnforum/jaxb/db/impl/GlobalWatchTypeImpl|,|java+interface:///com/sun/xml/bind/JAXBObject|>,{
    |java+interface:///com/mvnforum/jaxb/db/impl/runtime/ValidatableObject|,
    |java+interface:///com/mvnforum/jaxb/db/impl/runtime/XMLSerializable|,
    |java+interface:///com/mvnforum/jaxb/db/impl/runtime/UnmarshallableObject|,
    |java+interface:///com/mvnforum/jaxb/db/GlobalWatchType|
  },|project://mvnforum-1.2.2-ga/mvnforum/contrib/phpbb2mvnforum-jaxb/src/com/mvnforum/jaxb/db/impl/AttachmentListImpl.java|(2182,55,<48,39>,<48,94>)>,
  <<|java+class:///com/mvnforum/jaxb/db/impl/MvnforumTypeImpl|,|java+interface:///com/sun/xml/bind/JAXBObject|>,{
    |java+interface:///com/mvnforum/jaxb/db/impl/runtime/ValidatableObject|,
    |java+interface:///com/mvnforum/jaxb/db/impl/runtime/XMLSerializable|,
    |java+interface:///com/mvnforum/jaxb/db/impl/runtime/UnmarshallableObject|,
    |java+interface:///com/mvnforum/jaxb/db/MvnforumType|
  },|project://mvnforum-1.2.2-ga/mvnforum/contrib/phpbb2mvnforum-jaxb/src/com/mvnforum/jaxb/db/impl/AttachmentListImpl.java|(2327,54,<50,33>,<50,87>)>,
  <<|java+class:///com/mvnforum/jaxb/db/impl/GroupMemberTypeImpl|,|java+interface:///com/mvnforum/jaxb/db/impl/runtime/UnmarshallableObject|>,{
    |java+interface:///com/mvnforum/jaxb/db/impl/runtime/ValidatableObject|,
    |java+interface:///com/mvnforum/jaxb/db/impl/runtime/XMLSerializable|,
    |java+interface:///com/sun/xml/bind/JAXBObject|,
    |java+interface:///com/mvnforum/jaxb/db/GroupMemberType|
  },|project://mvnforum-1.2.2-ga/mvnforum/contrib/phpbb2mvnforum-jaxb/src/com/mvnforum/jaxb/db/impl/runtime/AbstractUnmarshallingEventHandlerImpl.java|(7764,41,<200,20>,<200,61>)>,
  <<|java+interface:///com/mvnforum/jaxb/db/Mvnforum|,|java+interface:///javax/xml/bind/Element|>,{|java+interface:///com/mvnforum/jaxb/db/MvnforumType|},|project://mvnforum-1.2.2-ga/mvnforum/contrib/phpbb2mvnforum-jaxb/src/com/mvnforum/jaxb/db/impl/runtime/AbstractUnmarshallingEventHandlerImpl.java|(10215,20,<255,19>,<255,39>)>,
  <<|java+class:///com/mvnforum/jaxb/db/impl/MessageListImpl|,|java+interface:///com/sun/xml/bind/JAXBObject|>,{
    |java+interface:///com/mvnforum/jaxb/db/impl/runtime/ValidatableObject|,
    |java+interface:///com/mvnforum/jaxb/db/impl/runtime/XMLSerializable|,
    |java+interface:///com/mvnforum/jaxb/db/MessageList|,
    |java+interface:///com/mvnforum/jaxb/db/impl/runtime/UnmarshallableObject|
  },|project://mvnforum-1.2.2-ga/mvnforum/contrib/phpbb2mvnforum-jaxb/src/com/mvnforum/jaxb/db/impl/ThreadWatchListImpl.java|(2010,56,<45,33>,<45,89>)>,
  <<|java+class:///com/mvnforum/jaxb/db/impl/MvnforumTypeImpl/MemberListTypeImpl|,|java+interface:///com/sun/xml/bind/JAXBObject|>,{
    |java+interface:///com/mvnforum/jaxb/db/MvnforumType/MemberListType|,
    |java+interface:///com/mvnforum/jaxb/db/impl/runtime/ValidatableObject|,
    |java+interface:///com/mvnforum/jaxb/db/impl/runtime/XMLSerializable|,
    |java+interface:///com/mvnforum/jaxb/db/impl/runtime/UnmarshallableObject|
  },|project://mvnforum-1.2.2-ga/mvnforum/contrib/phpbb2mvnforum-jaxb/src/com/mvnforum/jaxb/db/impl/ThreadWatchListImpl.java|(2198,56,<48,39>,<48,95>)>,
  <<|java+class:///com/mvnforum/jaxb/db/impl/AttachmentTypeImpl|,|java+interface:///com/sun/xml/bind/JAXBObject|>,{
    |java+interface:///com/mvnforum/jaxb/db/AttachmentType|,
    |java+interface:///com/mvnforum/jaxb/db/impl/runtime/ValidatableObject|,
    |java+interface:///com/mvnforum/jaxb/db/impl/runtime/XMLSerializable|,
    |java+interface:///com/mvnforum/jaxb/db/impl/runtime/UnmarshallableObject|
  },|project://mvnforum-1.2.2-ga/mvnforum/contrib/phpbb2mvnforum-jaxb/src/com/mvnforum/jaxb/db/impl/ThreadWatchListImpl.java|(2345,55,<50,33>,<50,88>)>,
  <<|java+class:///com/mvnforum/jaxb/db/impl/MessageListImpl|,|java+interface:///com/sun/xml/bind/JAXBObject|>,{
    |java+interface:///com/mvnforum/jaxb/db/impl/runtime/ValidatableObject|,
    |java+interface:///com/mvnforum/jaxb/db/impl/runtime/XMLSerializable|,
    |java+interface:///com/mvnforum/jaxb/db/MessageList|,
    |java+interface:///com/mvnforum/jaxb/db/impl/runtime/UnmarshallableObject|
  },|project://mvnforum-1.2.2-ga/mvnforum/contrib/phpbb2mvnforum-jaxb/src/com/mvnforum/jaxb/db/impl/FavoriteThreadListImpl.java|(2052,59,<45,33>,<45,92>)>,
  <<|java+class:///com/mvnforum/jaxb/db/impl/ThreadTypeImpl|,|java+interface:///com/sun/xml/bind/JAXBObject|>,{
    |java+interface:///com/mvnforum/jaxb/db/impl/runtime/ValidatableObject|,
    |java+interface:///com/mvnforum/jaxb/db/ThreadType|,
    |java+interface:///com/mvnforum/jaxb/db/impl/runtime/XMLSerializable|,
    |java+interface:///com/mvnforum/jaxb/db/impl/runtime/UnmarshallableObject|
  },|project://mvnforum-1.2.2-ga/mvnforum/contrib/phpbb2mvnforum-jaxb/src/com/mvnforum/jaxb/db/impl/FavoriteThreadListImpl.java|(2246,59,<48,39>,<48,98>)>,
  <<|java+class:///com/mvnforum/jaxb/db/impl/ForumWatchListImpl|,|java+interface:///com/sun/xml/bind/JAXBObject|>,{
    |java+interface:///com/mvnforum/jaxb/db/impl/runtime/ValidatableObject|,
    |java+interface:///com/mvnforum/jaxb/db/ForumWatchList|,
    |java+interface:///com/mvnforum/jaxb/db/impl/runtime/XMLSerializable|,
    |java+interface:///com/mvnforum/jaxb/db/impl/runtime/UnmarshallableObject|
  },|project://mvnforum-1.2.2-ga/mvnforum/contrib/phpbb2mvnforum-jaxb/src/com/mvnforum/jaxb/db/impl/FavoriteThreadListImpl.java|(2399,58,<50,33>,<50,91>)>,
  <<|java+class:///net/myvietnam/mvncore/configuration/HierarchicalDOM4JConfiguration|,|java+interface:///net/myvietnam/mvncore/configuration/BasePathLoader|>,{|java+class:///net/myvietnam/mvncore/configuration/HierarchicalConfiguration|},|project://mvnforum-1.2.2-ga/myvietnam/src/net/myvietnam/mvncore/configuration/ConfigurationFactory.java|(17834,47,<486,16>,<486,63>)>,
  <<|java+class:///net/myvietnam/mvncore/thirdparty/commonj/timers/FooTimerManager|,|java+interface:///commonj/timers/TimerManager|>,{|java+interface:///java/lang/Runnable|},|project://mvnforum-1.2.2-ga/myvietnam/src/net/myvietnam/mvncore/util/CommonjTimerUtil.java|(3080,56,<85,31>,<85,87>)>,
  <<|java+class:///com/mvnforum/jaxb/db/impl/MemberTypeImpl|,|java+interface:///com/sun/xml/bind/JAXBObject|>,{
    |java+interface:///com/mvnforum/jaxb/db/impl/runtime/ValidatableObject|,
    |java+interface:///com/mvnforum/jaxb/db/impl/runtime/XMLSerializable|,
    |java+interface:///com/mvnforum/jaxb/db/MemberType|,
    |java+interface:///com/mvnforum/jaxb/db/impl/runtime/UnmarshallableObject|
  },|project://mvnforum-1.2.2-ga/mvnforum/contrib/phpbb2mvnforum-jaxb/src/com/mvnforum/jaxb/db/impl/PostListImpl.java|(1912,49,<45,33>,<45,82>)>,
  <<|java+class:///com/mvnforum/jaxb/db/impl/MessageListImpl|,|java+interface:///com/sun/xml/bind/JAXBObject|>,{
    |java+interface:///com/mvnforum/jaxb/db/impl/runtime/ValidatableObject|,
    |java+interface:///com/mvnforum/jaxb/db/impl/runtime/XMLSerializable|,
    |java+interface:///com/mvnforum/jaxb/db/MessageList|,
    |java+interface:///com/mvnforum/jaxb/db/impl/runtime/UnmarshallableObject|
  },|project://mvnforum-1.2.2-ga/mvnforum/contrib/phpbb2mvnforum-jaxb/src/com/mvnforum/jaxb/db/impl/PostListImpl.java|(2086,49,<48,39>,<48,88>)>,
  <<|java+class:///com/mvnforum/jaxb/db/impl/GlobalWatchTypeImpl|,|java+interface:///com/sun/xml/bind/JAXBObject|>,{
    |java+interface:///com/mvnforum/jaxb/db/impl/runtime/ValidatableObject|,
    |java+interface:///com/mvnforum/jaxb/db/impl/runtime/XMLSerializable|,
    |java+interface:///com/mvnforum/jaxb/db/impl/runtime/UnmarshallableObject|,
    |java+interface:///com/mvnforum/jaxb/db/GlobalWatchType|
  },|project://mvnforum-1.2.2-ga/mvnforum/contrib/phpbb2mvnforum-jaxb/src/com/mvnforum/jaxb/db/impl/PostListImpl.java|(2219,48,<50,33>,<50,81>)>
]