[
  <<|java+class:///net/sourceforge/pmd/rules/design/ExceptionAsFlowControl|,|java+class:///net/sourceforge/pmd/AbstractRule|>,|java+class:///test/net/sourceforge/pmd/properties/NonRuleWithAllPropertyTypes|>,
  <<|java+class:///net/sourceforge/pmd/rules/design/AssignmentToNonFinalStatic|,|java+class:///net/sourceforge/pmd/AbstractRule|>,|java+class:///test/net/sourceforge/pmd/properties/NonRuleWithAllPropertyTypes|>,
  <<|java+class:///test/net/sourceforge/pmd/AbstractRuleTest/MyOtherRule|,|java+class:///net/sourceforge/pmd/AbstractRule|>,|java+class:///test/net/sourceforge/pmd/properties/NonRuleWithAllPropertyTypes|>,
  <<|java+class:///net/sourceforge/pmd/rules/design/PositionalIteratorRule|,|java+class:///net/sourceforge/pmd/AbstractRule|>,|java+class:///test/net/sourceforge/pmd/properties/NonRuleWithAllPropertyTypes|>,
  <<|java+class:///net/sourceforge/pmd/rules/imports/DontImportJavaLang|,|java+class:///net/sourceforge/pmd/AbstractRule|>,|java+class:///test/net/sourceforge/pmd/properties/NonRuleWithAllPropertyTypes|>,
  <<|java+class:///net/sourceforge/pmd/rules/SuspiciousOctalEscape|,|java+class:///net/sourceforge/pmd/AbstractRule|>,|java+class:///test/net/sourceforge/pmd/properties/NonRuleWithAllPropertyTypes|>,
  <<|java+class:///net/sourceforge/pmd/rules/strings/StringInstantiation|,|java+class:///net/sourceforge/pmd/AbstractRule|>,|java+class:///test/net/sourceforge/pmd/properties/NonRuleWithAllPropertyTypes|>,
  <<|java+class:///net/sourceforge/pmd/rules/strings/StringToStringRule|,|java+class:///net/sourceforge/pmd/AbstractRule|>,|java+class:///test/net/sourceforge/pmd/properties/NonRuleWithAllPropertyTypes|>,
  <<|java+class:///net/sourceforge/pmd/rules/basic/BigIntegerInstantiation|,|java+class:///net/sourceforge/pmd/AbstractRule|>,|java+class:///test/net/sourceforge/pmd/properties/NonRuleWithAllPropertyTypes|>,
  <<|java+class:///net/sourceforge/pmd/rules/AbstractInefficientZeroCheck|,|java+class:///net/sourceforge/pmd/AbstractRule|>,|java+class:///test/net/sourceforge/pmd/properties/NonRuleWithAllPropertyTypes|>,
  <<|java+class:///net/sourceforge/pmd/rules/basic/BooleanInstantiation|,|java+class:///net/sourceforge/pmd/AbstractRule|>,|java+class:///test/net/sourceforge/pmd/properties/NonRuleWithAllPropertyTypes|>,
  <<|java+class:///net/sourceforge/pmd/rules/optimization/AbstractOptimizationRule|,|java+class:///net/sourceforge/pmd/AbstractRule|>,|java+class:///test/net/sourceforge/pmd/properties/NonRuleWithAllPropertyTypes|>,
  <<|java+class:///net/sourceforge/pmd/rules/UnnecessaryConversionTemporary|,|java+class:///net/sourceforge/pmd/AbstractRule|>,|java+class:///test/net/sourceforge/pmd/properties/NonRuleWithAllPropertyTypes|>,
  <<|java+class:///test/net/sourceforge/pmd/SuppressWarningsTest/BarRule|,|java+class:///net/sourceforge/pmd/AbstractRule|>,|java+class:///test/net/sourceforge/pmd/properties/NonRuleWithAllPropertyTypes|>,
  <<|java+class:///net/sourceforge/pmd/rules/UnusedLocalVariableRule|,|java+class:///net/sourceforge/pmd/AbstractRule|>,|java+class:///test/net/sourceforge/pmd/properties/NonRuleWithAllPropertyTypes|>,
  <<|java+class:///net/sourceforge/pmd/rules/UselessAssignment|,|java+class:///net/sourceforge/pmd/AbstractRule|>,|java+class:///test/net/sourceforge/pmd/properties/NonRuleWithAllPropertyTypes|>,
  <<|java+class:///net/sourceforge/pmd/rules/IdempotentOperations|,|java+class:///net/sourceforge/pmd/AbstractRule|>,|java+class:///test/net/sourceforge/pmd/properties/NonRuleWithAllPropertyTypes|>,
  <<|java+class:///net/sourceforge/pmd/rules/AvoidDeeplyNestedIfStmtsRule|,|java+class:///net/sourceforge/pmd/AbstractRule|>,|java+class:///test/net/sourceforge/pmd/properties/NonRuleWithAllPropertyTypes|>,
  <<|java+class:///net/sourceforge/pmd/rules/AvoidNonConstructorMethodsWithClassName|,|java+class:///net/sourceforge/pmd/AbstractRule|>,|java+class:///test/net/sourceforge/pmd/properties/NonRuleWithAllPropertyTypes|>,
  <<|java+class:///net/sourceforge/pmd/rules/migration/UnnecessaryCast|,|java+class:///net/sourceforge/pmd/AbstractRule|>,|java+class:///test/net/sourceforge/pmd/properties/NonRuleWithAllPropertyTypes|>,
  <<|java+class:///net/sourceforge/pmd/rules/imports/UnusedImportsRule|,|java+class:///net/sourceforge/pmd/AbstractRule|>,|java+class:///test/net/sourceforge/pmd/properties/NonRuleWithAllPropertyTypes|>,
  <<|java+class:///net/sourceforge/pmd/util/designer/DFAGraphRule|,|java+class:///net/sourceforge/pmd/AbstractRule|>,|java+class:///test/net/sourceforge/pmd/properties/NonRuleWithAllPropertyTypes|>,
  <<|java+class:///net/sourceforge/pmd/rules/strings/UseStringBufferLength|,|java+class:///net/sourceforge/pmd/AbstractRule|>,|java+class:///test/net/sourceforge/pmd/properties/NonRuleWithAllPropertyTypes|>,
  <<|java+class:///net/sourceforge/pmd/rules/CouplingBetweenObjects|,|java+class:///net/sourceforge/pmd/AbstractRule|>,|java+class:///test/net/sourceforge/pmd/properties/NonRuleWithAllPropertyTypes|>,
  <<|java+class:///net/sourceforge/pmd/rules/sunsecure/AbstractSunSecureRule|,|java+class:///net/sourceforge/pmd/AbstractRule|>,|java+class:///test/net/sourceforge/pmd/properties/NonRuleWithAllPropertyTypes|>,
  <<|java+class:///net/sourceforge/pmd/rules/UnusedPrivateFieldRule|,|java+class:///net/sourceforge/pmd/AbstractRule|>,|java+class:///test/net/sourceforge/pmd/properties/NonRuleWithAllPropertyTypes|>,
  <<|java+class:///net/sourceforge/pmd/rules/strictexception/ExceptionSignatureDeclaration|,|java+class:///net/sourceforge/pmd/AbstractRule|>,|java+class:///test/net/sourceforge/pmd/properties/NonRuleWithAllPropertyTypes|>,
  <<|java+class:///test/net/sourceforge/pmd/ReportTest/FooRule|,|java+class:///net/sourceforge/pmd/AbstractRule|>,|java+class:///test/net/sourceforge/pmd/properties/NonRuleWithAllPropertyTypes|>,
  <<|java+class:///net/sourceforge/pmd/rules/imports/DuplicateImportsRule|,|java+class:///net/sourceforge/pmd/AbstractRule|>,|java+class:///test/net/sourceforge/pmd/properties/NonRuleWithAllPropertyTypes|>,
  <<|java+class:///net/sourceforge/pmd/rules/BeanMembersShouldSerializeRule|,|java+class:///net/sourceforge/pmd/AbstractRule|>,|java+class:///test/net/sourceforge/pmd/properties/NonRuleWithAllPropertyTypes|>,
  <<|java+class:///net/sourceforge/pmd/dfa/DaaRule|,|java+class:///net/sourceforge/pmd/AbstractRule|>,|java+class:///test/net/sourceforge/pmd/properties/NonRuleWithAllPropertyTypes|>,
  <<|java+class:///net/sourceforge/pmd/rules/strings/ConsecutiveLiteralAppends|,|java+class:///net/sourceforge/pmd/AbstractRule|>,|java+class:///test/net/sourceforge/pmd/properties/NonRuleWithAllPropertyTypes|>,
  <<|java+class:///net/sourceforge/pmd/dfa/variableaccess/VariableAccessVisitor|,|java+class:///net/sourceforge/pmd/ast/JavaParserVisitorAdapter|>,|java+class:///net/sourceforge/pmd/symboltable/ScopeAndDeclarationFinder|>,
  <<|java+class:///net/sourceforge/pmd/rules/CloseResource|,|java+class:///net/sourceforge/pmd/AbstractRule|>,|java+class:///test/net/sourceforge/pmd/properties/NonRuleWithAllPropertyTypes|>,
  <<|java+class:///net/sourceforge/pmd/rules/OverrideBothEqualsAndHashcode|,|java+class:///net/sourceforge/pmd/AbstractRule|>,|java+class:///test/net/sourceforge/pmd/properties/NonRuleWithAllPropertyTypes|>,
  <<|java+class:///net/sourceforge/pmd/rules/design/CompareObjectsWithEquals|,|java+class:///net/sourceforge/pmd/AbstractRule|>,|java+class:///test/net/sourceforge/pmd/properties/NonRuleWithAllPropertyTypes|>,
  <<|java+class:///net/sourceforge/pmd/rules/basic/UnnecessaryReturn|,|java+class:///net/sourceforge/pmd/AbstractRule|>,|java+class:///test/net/sourceforge/pmd/properties/NonRuleWithAllPropertyTypes|>,
  <<|java+class:///net/sourceforge/pmd/rules/imports/ImportFromSamePackageRule|,|java+class:///net/sourceforge/pmd/AbstractRule|>,|java+class:///test/net/sourceforge/pmd/properties/NonRuleWithAllPropertyTypes|>,
  <<|java+class:///net/sourceforge/pmd/rules/design/ConfusingTernary|,|java+class:///net/sourceforge/pmd/AbstractRule|>,|java+class:///test/net/sourceforge/pmd/properties/NonRuleWithAllPropertyTypes|>,
  <<|java+class:///net/sourceforge/pmd/rules/strings/UselessStringValueOf|,|java+class:///net/sourceforge/pmd/AbstractRule|>,|java+class:///test/net/sourceforge/pmd/properties/NonRuleWithAllPropertyTypes|>,
  <<|java+class:///net/sourceforge/pmd/rules/naming/AvoidDollarSigns|,|java+class:///net/sourceforge/pmd/AbstractRule|>,|java+class:///test/net/sourceforge/pmd/properties/NonRuleWithAllPropertyTypes|>,
  <<|java+class:///net/sourceforge/pmd/rules/SimplifyBooleanReturns|,|java+class:///net/sourceforge/pmd/AbstractRule|>,|java+class:///test/net/sourceforge/pmd/properties/NonRuleWithAllPropertyTypes|>,
  <<|java+class:///net/sourceforge/pmd/rules/AbstractPoorMethodCall|,|java+class:///net/sourceforge/pmd/AbstractRule|>,|java+class:///test/net/sourceforge/pmd/properties/NonRuleWithAllPropertyTypes|>,
  <<|java+class:///net/sourceforge/pmd/rules/strings/AvoidDuplicateLiteralsRule|,|java+class:///net/sourceforge/pmd/AbstractRule|>,|java+class:///test/net/sourceforge/pmd/properties/NonRuleWithAllPropertyTypes|>,
  <<|java+class:///net/sourceforge/pmd/rules/basic/BrokenNullCheck|,|java+class:///net/sourceforge/pmd/AbstractRule|>,|java+class:///test/net/sourceforge/pmd/properties/NonRuleWithAllPropertyTypes|>,
  <<|java+class:///net/sourceforge/pmd/rules/naming/SuspiciousHashcodeMethodName|,|java+class:///net/sourceforge/pmd/AbstractRule|>,|java+class:///test/net/sourceforge/pmd/properties/NonRuleWithAllPropertyTypes|>,
  <<|java+class:///net/sourceforge/pmd/rules/ClassNamingConventions|,|java+class:///net/sourceforge/pmd/AbstractRule|>,|java+class:///test/net/sourceforge/pmd/properties/NonRuleWithAllPropertyTypes|>,
  <<|java+class:///net/sourceforge/pmd/rules/UnusedPrivateMethodRule|,|java+class:///net/sourceforge/pmd/AbstractRule|>,|java+class:///test/net/sourceforge/pmd/properties/NonRuleWithAllPropertyTypes|>,
  <<|java+class:///net/sourceforge/pmd/rules/UselessOverridingMethod|,|java+class:///net/sourceforge/pmd/AbstractRule|>,|java+class:///test/net/sourceforge/pmd/properties/NonRuleWithAllPropertyTypes|>,
  <<|java+class:///net/sourceforge/pmd/rules/strings/InefficientStringBuffering|,|java+class:///net/sourceforge/pmd/AbstractRule|>,|java+class:///test/net/sourceforge/pmd/properties/NonRuleWithAllPropertyTypes|>,
  <<|java+class:///net/sourceforge/pmd/renderers/PapariTextRenderer|,|java+class:///net/sourceforge/pmd/renderers/AbstractRenderer|>,|java+class:///net/sourceforge/pmd/renderers/SummaryHTMLRenderer|>,
  <<|java+class:///net/sourceforge/pmd/rules/AccessorClassGeneration|,|java+class:///net/sourceforge/pmd/AbstractRule|>,|java+class:///test/net/sourceforge/pmd/properties/NonRuleWithAllPropertyTypes|>,
  <<|java+class:///net/sourceforge/pmd/rules/strings/UnnecessaryCaseChange|,|java+class:///net/sourceforge/pmd/AbstractRule|>,|java+class:///test/net/sourceforge/pmd/properties/NonRuleWithAllPropertyTypes|>,
  <<|java+class:///net/sourceforge/pmd/typeresolution/TypeResolutionFacade|,|java+class:///net/sourceforge/pmd/ast/JavaParserVisitorAdapter|>,|java+class:///net/sourceforge/pmd/symboltable/ScopeAndDeclarationFinder|>,
  <<|java+class:///net/sourceforge/pmd/rules/DoubleCheckedLocking|,|java+class:///net/sourceforge/pmd/AbstractRule|>,|java+class:///test/net/sourceforge/pmd/properties/NonRuleWithAllPropertyTypes|>,
  <<|java+class:///net/sourceforge/pmd/rules/design/ImmutableField|,|java+class:///net/sourceforge/pmd/AbstractRule|>,|java+class:///test/net/sourceforge/pmd/properties/NonRuleWithAllPropertyTypes|>,
  <<|java+class:///test/net/sourceforge/pmd/SuppressWarningsTest/FooRule|,|java+class:///net/sourceforge/pmd/AbstractRule|>,|java+class:///test/net/sourceforge/pmd/properties/NonRuleWithAllPropertyTypes|>,
  <<|java+class:///net/sourceforge/pmd/rules/MoreThanOneLogger|,|java+class:///net/sourceforge/pmd/AbstractRule|>,|java+class:///test/net/sourceforge/pmd/properties/NonRuleWithAllPropertyTypes|>,
  <<|java+class:///net/sourceforge/pmd/rules/UnusedFormalParameterRule|,|java+class:///net/sourceforge/pmd/AbstractRule|>,|java+class:///test/net/sourceforge/pmd/properties/NonRuleWithAllPropertyTypes|>,
  <<|java+class:///net/sourceforge/pmd/rules/MethodWithSameNameAsEnclosingClass|,|java+class:///net/sourceforge/pmd/AbstractRule|>,|java+class:///test/net/sourceforge/pmd/properties/NonRuleWithAllPropertyTypes|>,
  <<|java+class:///net/sourceforge/pmd/rules/VariableNamingConventions|,|java+class:///net/sourceforge/pmd/AbstractRule|>,|java+class:///test/net/sourceforge/pmd/properties/NonRuleWithAllPropertyTypes|>,
  <<|java+class:///net/sourceforge/pmd/rules/strings/AppendCharacterWithChar|,|java+class:///net/sourceforge/pmd/AbstractRule|>,|java+class:///test/net/sourceforge/pmd/properties/NonRuleWithAllPropertyTypes|>,
  <<|java+class:///net/sourceforge/pmd/rules/basic/AvoidUsingOctalValues|,|java+class:///net/sourceforge/pmd/AbstractRule|>,|java+class:///test/net/sourceforge/pmd/properties/NonRuleWithAllPropertyTypes|>,
  <<|java+class:///net/sourceforge/pmd/rules/design/OnlyOneReturnRule|,|java+class:///net/sourceforge/pmd/AbstractRule|>,|java+class:///test/net/sourceforge/pmd/properties/NonRuleWithAllPropertyTypes|>,
  <<|java+class:///net/sourceforge/pmd/rules/optimization/UnnecessaryWrapperObjectCreation|,|java+class:///net/sourceforge/pmd/AbstractRule|>,|java+class:///test/net/sourceforge/pmd/properties/NonRuleWithAllPropertyTypes|>,
  <<|java+class:///test/net/sourceforge/pmd/renderers/AbstractRendererTst/FooRule|,|java+class:///net/sourceforge/pmd/AbstractRule|>,|java+class:///test/net/sourceforge/pmd/properties/NonRuleWithAllPropertyTypes|>,
  <<|java+class:///net/sourceforge/pmd/rules/optimization/UseStringBufferForStringAppends|,|java+class:///net/sourceforge/pmd/AbstractRule|>,|java+class:///test/net/sourceforge/pmd/properties/NonRuleWithAllPropertyTypes|>,
  <<|java+class:///net/sourceforge/pmd/rules/SymbolTableTestRule|,|java+class:///net/sourceforge/pmd/AbstractRule|>,|java+class:///test/net/sourceforge/pmd/properties/NonRuleWithAllPropertyTypes|>,
  <<|java+class:///test/net/sourceforge/pmd/jaxen/DocumentNavigatorTest/TestRule|,|java+class:///net/sourceforge/pmd/AbstractRule|>,|java+class:///test/net/sourceforge/pmd/properties/NonRuleWithAllPropertyTypes|>,
  <<|java+class:///net/sourceforge/pmd/rules/design/TooManyFields|,|java+class:///net/sourceforge/pmd/AbstractRule|>,|java+class:///test/net/sourceforge/pmd/properties/NonRuleWithAllPropertyTypes|>,
  <<|java+class:///net/sourceforge/pmd/rules/StringConcatenationRule|,|java+class:///net/sourceforge/pmd/AbstractRule|>,|java+class:///test/net/sourceforge/pmd/properties/NonRuleWithAllPropertyTypes|>,
  <<|java+class:///net/sourceforge/pmd/rules/design/NullAssignmentRule|,|java+class:///net/sourceforge/pmd/AbstractRule|>,|java+class:///test/net/sourceforge/pmd/properties/NonRuleWithAllPropertyTypes|>,
  <<|java+class:///net/sourceforge/pmd/rules/AvoidFieldNameMatchingMethodName|,|java+class:///net/sourceforge/pmd/AbstractRule|>,|java+class:///test/net/sourceforge/pmd/properties/NonRuleWithAllPropertyTypes|>,
  <<|java+class:///net/sourceforge/pmd/rules/design/NonThreadSafeSingleton|,|java+class:///net/sourceforge/pmd/AbstractRule|>,|java+class:///test/net/sourceforge/pmd/properties/NonRuleWithAllPropertyTypes|>,
  <<|java+class:///net/sourceforge/pmd/rules/design/UnsynchronizedStaticDateFormatter|,|java+class:///net/sourceforge/pmd/AbstractRule|>,|java+class:///test/net/sourceforge/pmd/properties/NonRuleWithAllPropertyTypes|>,
  <<|java+class:///net/sourceforge/pmd/rules/AssignmentInOperand|,|java+class:///net/sourceforge/pmd/AbstractRule|>,|java+class:///test/net/sourceforge/pmd/properties/NonRuleWithAllPropertyTypes|>,
  <<|java+class:///net/sourceforge/pmd/rules/imports/DontImportSun|,|java+class:///net/sourceforge/pmd/AbstractRule|>,|java+class:///test/net/sourceforge/pmd/properties/NonRuleWithAllPropertyTypes|>,
  <<|java+class:///net/sourceforge/pmd/rules/strictexception/AvoidCatchingThrowable|,|java+class:///net/sourceforge/pmd/AbstractRule|>,|java+class:///test/net/sourceforge/pmd/properties/NonRuleWithAllPropertyTypes|>,
  <<|java+class:///net/sourceforge/pmd/rules/design/UseSingleton|,|java+class:///net/sourceforge/pmd/AbstractRule|>,|java+class:///test/net/sourceforge/pmd/properties/NonRuleWithAllPropertyTypes|>,
  <<|java+class:///net/sourceforge/pmd/rules/UnusedModifier|,|java+class:///net/sourceforge/pmd/AbstractRule|>,|java+class:///test/net/sourceforge/pmd/properties/NonRuleWithAllPropertyTypes|>,
  <<|java+class:///net/sourceforge/pmd/rules/design/UnnecessaryLocalBeforeReturn|,|java+class:///net/sourceforge/pmd/AbstractRule|>,|java+class:///test/net/sourceforge/pmd/properties/NonRuleWithAllPropertyTypes|>,
  <<|java+class:///net/sourceforge/pmd/rules/AvoidCallingFinalize|,|java+class:///net/sourceforge/pmd/AbstractRule|>,|java+class:///test/net/sourceforge/pmd/properties/NonRuleWithAllPropertyTypes|>,
  <<|java+class:///net/sourceforge/pmd/dfa/DataFlowFacade|,|java+class:///net/sourceforge/pmd/ast/JavaParserVisitorAdapter|>,|java+class:///net/sourceforge/pmd/symboltable/ScopeAndDeclarationFinder|>,
  <<|java+class:///net/sourceforge/pmd/rules/AvoidFieldNameMatchingTypeName|,|java+class:///net/sourceforge/pmd/AbstractRule|>,|java+class:///test/net/sourceforge/pmd/properties/NonRuleWithAllPropertyTypes|>,
  <<|java+class:///net/sourceforge/pmd/rules/design/SingularField|,|java+class:///net/sourceforge/pmd/AbstractRule|>,|java+class:///test/net/sourceforge/pmd/properties/NonRuleWithAllPropertyTypes|>,
  <<|java+class:///net/sourceforge/pmd/rules/ConstructorCallsOverridableMethod|,|java+class:///net/sourceforge/pmd/AbstractRule|>,|java+class:///test/net/sourceforge/pmd/properties/NonRuleWithAllPropertyTypes|>,
  <<|java+class:///test/net/sourceforge/pmd/renderers/XMLRendererTest/FooRule|,|java+class:///net/sourceforge/pmd/AbstractRule|>,|java+class:///test/net/sourceforge/pmd/properties/NonRuleWithAllPropertyTypes|>,
  <<|java+class:///net/sourceforge/pmd/rules/strings/InsufficientStringBufferDeclaration|,|java+class:///net/sourceforge/pmd/AbstractRule|>,|java+class:///test/net/sourceforge/pmd/properties/NonRuleWithAllPropertyTypes|>,
  <<|java+class:///net/sourceforge/pmd/rules/MethodNamingConventions|,|java+class:///net/sourceforge/pmd/AbstractRule|>,|java+class:///test/net/sourceforge/pmd/properties/NonRuleWithAllPropertyTypes|>,
  <<|java+class:///net/sourceforge/pmd/cpd/PHPTokenizer|,|java+interface:///net/sourceforge/pmd/cpd/Tokenizer|>,|java+class:///net/sourceforge/pmd/cpd/JavaTokenizer|>,
  <<|java+class:///net/sourceforge/pmd/cpd/JSPTokenizer|,|java+interface:///net/sourceforge/pmd/cpd/Tokenizer|>,|java+class:///net/sourceforge/pmd/cpd/JavaTokenizer|>,
  <<|java+class:///net/sourceforge/pmd/cpd/CPPTokenizer|,|java+interface:///net/sourceforge/pmd/cpd/Tokenizer|>,|java+class:///net/sourceforge/pmd/cpd/JavaTokenizer|>,
  <<|java+interface:///net/sourceforge/pmd/jsp/ast/CharStream|,|java+interface:///net/sourceforge/pmd/ast/CharStream|>,|java+class:///net/sourceforge/pmd/ast/JavaCharStream|>,
  <<|java+class:///net/sourceforge/pmd/ast/ASTReferenceType|,|java+interface:///net/sourceforge/pmd/ast/Dimensionable|>,|java+class:///net/sourceforge/pmd/ast/ASTFieldDeclaration|>,
  <<|java+class:///net/sourceforge/pmd/ast/ASTLocalVariableDeclaration|,|java+interface:///net/sourceforge/pmd/ast/Dimensionable|>,|java+class:///net/sourceforge/pmd/ast/ASTFieldDeclaration|>,
  <<|java+class:///net/sourceforge/pmd/util/filter/AbstractDelegateFilter|,|java+interface:///net/sourceforge/pmd/util/filter/Filter|>,|java+anonymousClass:///net/sourceforge/pmd/util/filter/Filters/toFileFilter(java/io/FilenameFilter)/$anonymous1|>,
  <<|java+class:///net/sourceforge/pmd/symboltable/TypeSet/FullyQualifiedNameResolver|,|java+interface:///net/sourceforge/pmd/symboltable/TypeSet/Resolver|>,|java+class:///net/sourceforge/pmd/symboltable/TypeSet/ExplicitImportResolver|>,
  <<|java+class:///net/sourceforge/pmd/util/filter/AbstractCompoundFilter|,|java+interface:///net/sourceforge/pmd/util/filter/Filter|>,|java+anonymousClass:///net/sourceforge/pmd/util/filter/Filters/toFileFilter(java/io/FilenameFilter)/$anonymous1|>,
  <<|java+class:///net/sourceforge/pmd/ast/ASTFormalParameter|,|java+interface:///net/sourceforge/pmd/ast/Dimensionable|>,|java+class:///net/sourceforge/pmd/ast/ASTFieldDeclaration|>,
  <<|java+class:///net/sourceforge/pmd/util/filter/RegexStringFilter|,|java+interface:///net/sourceforge/pmd/util/filter/Filter|>,|java+anonymousClass:///net/sourceforge/pmd/util/filter/Filters/toFileFilter(java/io/FilenameFilter)/$anonymous1|>,
  <<|java+class:///net/sourceforge/pmd/cpd/AbstractTokenizer|,|java+interface:///net/sourceforge/pmd/cpd/Tokenizer|>,|java+class:///net/sourceforge/pmd/cpd/JavaTokenizer|>,
  <<|java+class:///net/sourceforge/pmd/parsers/JspParser|,|java+interface:///net/sourceforge/pmd/parsers/Parser|>,|java+class:///net/sourceforge/pmd/parsers/Java17Parser|>,
  <<|java+class:///net/sourceforge/pmd/symboltable/AbstractScope|,|java+interface:///net/sourceforge/pmd/symboltable/Scope|>,|java+class:///net/sourceforge/pmd/symboltable/DummyScope|>
]