[
  <<|java+class:///at/bestsolution/drawswf/drawobjects/Text|,|java+class:///at/bestsolution/drawswf/drawobjects/DrawObject|>,{|java+interface:///javax/swing/event/ChangeListener|},|project://drawswf-1.2.9/src/at/bestsolution/drawswf/DrawingPanel.java|(4459,28,<152,36>,<152,64>)>,
  <<|java+class:///at/bestsolution/drawswf/drawobjects/Text|,|java+class:///at/bestsolution/drawswf/drawobjects/DrawObject|>,{|java+interface:///javax/swing/event/ChangeListener|},|project://drawswf-1.2.9/src/at/bestsolution/drawswf/DrawingPanel.java|(6432,36,<230,38>,<230,74>)>,
  <<|java+class:///at/bestsolution/drawswf/drawobjects/Text|,|java+class:///at/bestsolution/drawswf/drawobjects/DrawObject|>,{|java+interface:///javax/swing/event/ChangeListener|},|project://drawswf-1.2.9/src/at/bestsolution/drawswf/DrawingPanel.java|(6622,36,<241,38>,<241,74>)>,
  <<|java+class:///at/bestsolution/drawswf/drawobjects/Text|,|java+class:///at/bestsolution/drawswf/drawobjects/DrawObject|>,{|java+interface:///javax/swing/event/ChangeListener|},|project://drawswf-1.2.9/src/at/bestsolution/drawswf/DrawingPanel.java|(7167,36,<260,35>,<260,71>)>,
  <<|java+class:///at/bestsolution/drawswf/drawobjects/Text|,|java+class:///at/bestsolution/drawswf/drawobjects/DrawObject|>,{|java+interface:///javax/swing/event/ChangeListener|},|project://drawswf-1.2.9/src/at/bestsolution/drawswf/DrawingPanel.java|(7539,36,<276,38>,<276,74>)>,
  <<|java+class:///at/bestsolution/drawswf/drawobjects/Text|,|java+class:///at/bestsolution/drawswf/drawobjects/DrawObject|>,{|java+interface:///javax/swing/event/ChangeListener|},|project://drawswf-1.2.9/src/at/bestsolution/drawswf/DrawingPanel.java|(8071,46,<296,38>,<296,84>)>,
  <<|java+class:///at/bestsolution/drawswf/drawobjects/Text|,|java+class:///at/bestsolution/drawswf/drawobjects/DrawObject|>,{|java+interface:///javax/swing/event/ChangeListener|},|project://drawswf-1.2.9/src/at/bestsolution/drawswf/DrawingPanel.java|(10948,34,<422,17>,<422,51>)>,
  <<|java+class:///at/bestsolution/drawswf/drawobjects/Text|,|java+class:///at/bestsolution/drawswf/drawobjects/DrawObject|>,{|java+interface:///javax/swing/event/ChangeListener|},|project://drawswf-1.2.9/src/at/bestsolution/drawswf/DrawingPanel.java|(12926,28,<491,17>,<491,45>)>,
  <<|java+class:///at/bestsolution/ext/swing/AlphaColorJMenuItem|,|java+interface:///at/bestsolution/ext/swing/AlphaColorButtonI|>,{
    |java+interface:///javax/swing/event/ChangeListener|,
    |java+class:///javax/swing/JMenuItem|,
    |java+interface:///java/awt/event/ActionListener|
  },|project://drawswf-1.2.9/src/at/bestsolution/drawswf/DrawingPanel.java|(17862,33,<682,30>,<682,63>)>,
  <<|java+class:///at/bestsolution/ext/swing/GradientJRadioButtonMenuItem|,|java+interface:///at/bestsolution/ext/swing/GradientButtonI|>,{
    |java+interface:///javax/swing/event/ChangeListener|,
    |java+class:///javax/swing/JRadioButtonMenuItem|,
    |java+interface:///java/awt/event/ActionListener|
  },|project://drawswf-1.2.9/src/at/bestsolution/drawswf/DrawingPanel.java|(18176,31,<696,28>,<696,59>)>,
  <<|java+class:///at/bestsolution/drawswf/drawobjects/Text|,|java+class:///at/bestsolution/drawswf/drawobjects/DrawObject|>,{|java+interface:///javax/swing/event/ChangeListener|},|project://drawswf-1.2.9/src/at/bestsolution/drawswf/DrawingPanel.java|(18323,34,<703,17>,<703,51>)>,
  <<|java+class:///at/bestsolution/drawswf/drawobjects/Text|,|java+class:///at/bestsolution/drawswf/drawobjects/DrawObject|>,{|java+interface:///javax/swing/event/ChangeListener|},|project://drawswf-1.2.9/src/at/bestsolution/drawswf/drawobjects/DrawObjectFactory.java|(9316,35,<267,30>,<267,65>)>,
  <<|java+class:///at/bestsolution/ext/swing/icon/SolidColoredIcon|,|java+interface:///javax/swing/event/ChangeListener|>,{|java+interface:///javax/swing/Icon|},|project://drawswf-1.2.9/src/at/bestsolution/ext/swing/icon/SolidColoredIcon.java|(4236,33,<142,17>,<142,50>)>,
  <<|java+class:///at/bestsolution/drawswf/drawobjects/Text|,|java+class:///at/bestsolution/drawswf/drawobjects/DrawObject|>,{|java+interface:///javax/swing/event/ChangeListener|},|project://drawswf-1.2.9/src/at/bestsolution/drawswf/FlashGenerator.java|(2065,33,<66,26>,<66,59>)>,
  <<|java+class:///at/bestsolution/drawswf/actions/SetColorAction|,|java+interface:///javax/swing/event/ChangeListener|>,{|java+class:///at/bestsolution/drawswf/actions/AbstractDrawAction|},|project://drawswf-1.2.9/src/at/bestsolution/ext/swing/icon/GradientIcon.java|(5149,33,<183,5>,<183,38>)>,
  <<|java+class:///com/anotherbigidea/flash/movie/MovieClip|,|java+class:///com/anotherbigidea/flash/movie/Symbol|>,{|java+interface:///com/anotherbigidea/flash/movie/TimeLine|},|project://drawswf-1.2.9/src/com/anotherbigidea/flash/readers/MovieBuilder.java|(3381,40,<98,15>,<98,55>)>,
  <<|java+class:///at/bestsolution/ext/swing/AlphaColorJButton|,|java+class:///javax/swing/JButton|>,{
    |java+interface:///javax/swing/event/ChangeListener|,
    |java+interface:///at/bestsolution/ext/swing/AlphaColorButtonI|,
    |java+interface:///java/awt/event/ActionListener|
  },|project://drawswf-1.2.9/src/at/bestsolution/drawswf/DrawObjectTableCellEditor.java|(2935,30,<83,30>,<83,60>)>,
  <<|java+class:///at/bestsolution/drawswf/DrawObjectTableCellEditor/DrawSWFFontDelegate|,|java+class:///javax/swing/DefaultCellEditor/EditorDelegate|>,{|java+interface:///javax/swing/event/ChangeListener|},|project://drawswf-1.2.9/src/at/bestsolution/drawswf/DrawObjectTableCellEditor.java|(3048,39,<85,23>,<85,62>)>,
  <<|java+class:///at/bestsolution/ext/swing/AlphaColorJButton|,|java+class:///javax/swing/JButton|>,{
    |java+interface:///javax/swing/event/ChangeListener|,
    |java+interface:///at/bestsolution/ext/swing/AlphaColorButtonI|,
    |java+interface:///java/awt/event/ActionListener|
  },|project://drawswf-1.2.9/src/at/bestsolution/drawswf/DrawObjectTableCellEditor.java|(3312,36,<91,30>,<91,66>)>,
  <<|java+class:///at/bestsolution/drawswf/DrawObjectTableCellEditor/DrawSWFFontDelegate|,|java+class:///javax/swing/DefaultCellEditor/EditorDelegate|>,{|java+interface:///javax/swing/event/ChangeListener|},|project://drawswf-1.2.9/src/at/bestsolution/drawswf/DrawObjectTableCellEditor.java|(3440,45,<93,23>,<93,68>)>,
  <<|java+class:///at/bestsolution/drawswf/DrawObjectTableCellEditor/DrawSWFFontDelegate|,|java+class:///javax/swing/DefaultCellEditor/EditorDelegate|>,{|java+interface:///javax/swing/event/ChangeListener|},|project://drawswf-1.2.9/src/at/bestsolution/drawswf/DrawObjectTableCellEditor.java|(3742,40,<100,23>,<100,63>)>,
  <<|java+class:///at/bestsolution/drawswf/dialog/FontDialog|,|java+interface:///javax/swing/event/ChangeListener|>,{|java+class:///javax/swing/JDialog|},|project://drawswf-1.2.9/src/at/bestsolution/drawswf/dialog/FontDialog.java|(12819,33,<375,17>,<375,50>)>
]