{
  <<|java+class:///org/hsqldb/server/WebServer|,|java+class:///org/hsqldb/server/Server|>,<|java+method:///org/hsqldb/server/Server/handleConnection(java.net.Socket)|,|project://hsqldb-2.0.0/hsqldb/src/org/hsqldb/server/Server.java|(26040,29,<753,18>,<753,47>)>>,
  <<|java+class:///org/hsqldb/sample/DatabaseManagerSample|,|java+class:///org/hsqldb/util/DatabaseManager|>,<|java+method:///org/hsqldb/util/DatabaseManager/initGUI()|,|project://hsqldb-2.0.0/hsqldb/src/org/hsqldb/util/DatabaseManager.java|(34978,34,<1176,8>,<1176,42>)>>,
  <<|java+class:///org/hsqldb/FunctionSQL|,|java+class:///org/hsqldb/Expression|>,<|java+method:///org/hsqldb/Expression/getUnkeyedColumns(org.hsqldb.lib.OrderedHashSet)|,|project://hsqldb-2.0.0/hsqldb/src/org/hsqldb/Expression.java|(27646,23,<1021,20>,<1021,43>)>>,
  <<|java+class:///org/hsqldb/rowio/RowOutputBinaryEncode|,|java+class:///org/hsqldb/lib/HsqlByteArrayOutputStream|>,<|java+method:///org/hsqldb/lib/HsqlByteArrayOutputStream/writeUTF(java.lang.String)|,|project://hsqldb-2.0.0/hsqldb/src/org/hsqldb/lib/HsqlByteArrayOutputStream.java|(5627,43,<218,8>,<218,51>)>>,
  <<|java+class:///org/hsqldb/ExpressionValue|,|java+class:///org/hsqldb/Expression|>,<|java+method:///org/hsqldb/Expression/resolveTypes(org.hsqldb.Session,org.hsqldb.Expression)|,|project://hsqldb-2.0.0/hsqldb/src/org/hsqldb/Expression.java|(27929,36,<1033,16>,<1033,52>)>>,
  <<|java+class:///org/hsqldb/rights/User|,|java+class:///org/hsqldb/rights/Grantee|>,<|java+method:///org/hsqldb/rights/Grantee/getAllRoles()|,|project://hsqldb-2.0.0/hsqldb/src/org/hsqldb/rights/Grantee.java|(8475,16,<282,8>,<282,24>)>>,
  <<|java+class:///org/hsqldb/index/IndexAVLMemory|,|java+class:///org/hsqldb/index/IndexAVL|>,<|java+method:///org/hsqldb/index/IndexAVL/sizeUnique(org.hsqldb.persist.PersistentStore)|,|project://hsqldb-2.0.0/hsqldb/src/org/hsqldb/index/IndexAVL.java|(12755,30,<395,19>,<395,49>)>>,
  <<|java+class:///org/hsqldb/ExpressionTable|,|java+class:///org/hsqldb/Expression|>,<|java+method:///org/hsqldb/Expression/getUnkeyedColumns(org.hsqldb.lib.OrderedHashSet)|,|project://hsqldb-2.0.0/hsqldb/src/org/hsqldb/Expression.java|(27646,23,<1021,20>,<1021,43>)>>,
  <<|java+class:///org/hsqldb/View|,|java+class:///org/hsqldb/Table|>,<|java+method:///org/hsqldb/Table/enforceRowConstraints(org.hsqldb.Session,java.lang.Object%5B%5D)|,|project://hsqldb-2.0.0/hsqldb/src/org/hsqldb/Table.java|(65189,124,<2223,20>,<2224,73>)>>,
  <<|java+class:///org/hsqldb/persist/RowStoreAVLHybrid|,|java+class:///org/hsqldb/persist/RowStoreAVL|>,<|java+method:///org/hsqldb/persist/RowStoreAVL/rowIterator()|,|project://hsqldb-2.0.0/hsqldb/src/org/hsqldb/persist/RowStoreAVL.java|(5571,27,<190,15>,<190,42>)>>,
  <<|java+class:///org/hsqldb/types/BlobType|,|java+class:///org/hsqldb/types/BinaryType|>,<|java+method:///org/hsqldb/types/BinaryType/getCombinedType(org.hsqldb.types.Type,int)|,|project://hsqldb-2.0.0/hsqldb/src/org/hsqldb/types/BinaryType.java|(9022,14,<263,16>,<263,30>)>>,
  <<|java+class:///org/hsqldb/TextTable|,|java+class:///org/hsqldb/Table|>,<|java+method:///org/hsqldb/Table/compile(org.hsqldb.Session,org.hsqldb.SchemaObject)|,|project://hsqldb-2.0.0/hsqldb/src/org/hsqldb/Table.java|(12272,29,<348,12>,<348,41>)>>,
  <<|java+class:///org/hsqldb/persist/RowStoreAVLDiskData|,|java+class:///org/hsqldb/persist/RowStoreAVL|>,<|java+method:///org/hsqldb/persist/RowStoreAVL/insertIndexNodes(org.hsqldb.index.Index,org.hsqldb.index.Index)|,|project://hsqldb-2.0.0/hsqldb/src/org/hsqldb/persist/RowStoreAVL.java|(10907,27,<361,33>,<361,60>)>>,
  <<|java+class:///org/hsqldb/Server|,|java+class:///org/hsqldb/server/Server|>,<|java+method:///org/hsqldb/server/Server/handleConnection(java.net.Socket)|,|project://hsqldb-2.0.0/hsqldb/src/org/hsqldb/server/Server.java|(26040,29,<753,18>,<753,47>)>>,
  <<|java+class:///org/hsqldb/persist/RowStoreAVLMemory|,|java+class:///org/hsqldb/persist/RowStoreAVL|>,<|java+method:///org/hsqldb/persist/RowStoreAVL/indexRows()|,|project://hsqldb-2.0.0/hsqldb/src/org/hsqldb/persist/RowStoreAVL.java|(5297,36,<179,16>,<179,52>)>>,
  <<|java+class:///org/hsqldb/persist/RowStoreAVLDiskData|,|java+class:///org/hsqldb/persist/RowStoreAVLDisk|>,<|java+method:///org/hsqldb/persist/RowStoreAVLDisk/getKeep(int)|,|project://hsqldb-2.0.0/hsqldb/src/org/hsqldb/persist/RowStoreAVLDisk.java|(3513,26,<108,30>,<108,56>)>>,
  <<|java+class:///org/hsqldb/persist/RowStoreAVLDiskData|,|java+class:///org/hsqldb/persist/RowStoreAVLDisk|>,<|java+constructor:///org/hsqldb/persist/RowStoreAVLDisk/RowStoreAVLDisk(org.hsqldb.persist.PersistentStoreCollection,org.hsqldb.persist.DataFileCache,org.hsqldb.Table)|,|project://hsqldb-2.0.0/hsqldb/src/org/hsqldb/persist/RowStoreAVLDisk.java|(2992,29,<81,8>,<81,37>)>>,
  <<|java+class:///org/hsqldb/ExpressionOrderBy|,|java+class:///org/hsqldb/Expression|>,<|java+method:///org/hsqldb/Expression/resolveCheckOrGenExpression(org.hsqldb.Session,org.hsqldb.RangeVariable%5B%5D,boolean)|,|project://hsqldb-2.0.0/hsqldb/src/org/hsqldb/Expression.java|(43560,56,<1575,12>,<1575,68>)>>,
  <<|java+class:///org/hsqldb/sample/DatabaseManagerSample|,|java+class:///org/hsqldb/util/DatabaseManager|>,<|java+method:///org/hsqldb/util/DatabaseManager/addToRecent(java.lang.String)|,|project://hsqldb-2.0.0/hsqldb/src/org/hsqldb/util/DatabaseManager.java|(34193,28,<1145,8>,<1145,36>)>>,
  <<|java+class:///org/hsqldb/ExpressionOp|,|java+class:///org/hsqldb/Expression|>,<|java+method:///org/hsqldb/Expression/convertToSimpleColumn(org.hsqldb.lib.OrderedHashSet,org.hsqldb.lib.OrderedHashSet)|,|project://hsqldb-2.0.0/hsqldb/src/org/hsqldb/Expression.java|(19587,26,<706,20>,<706,46>)>>,
  <<|java+class:///org/hsqldb/FunctionSQLInvoked|,|java+class:///org/hsqldb/Expression|>,<|java+method:///org/hsqldb/Expression/getUnkeyedColumns(org.hsqldb.lib.OrderedHashSet)|,|project://hsqldb-2.0.0/hsqldb/src/org/hsqldb/Expression.java|(27646,23,<1021,20>,<1021,43>)>>,
  <<|java+class:///org/hsqldb/persist/RowStoreAVLHybrid|,|java+class:///org/hsqldb/persist/RowStoreAVL|>,<|java+method:///org/hsqldb/persist/RowStoreAVL/reindex(org.hsqldb.Session,org.hsqldb.index.Index)|,|project://hsqldb-2.0.0/hsqldb/src/org/hsqldb/persist/RowStoreAVL.java|(12301,32,<416,12>,<416,44>)>>,
  <<|java+class:///org/hsqldb/TextTable|,|java+class:///org/hsqldb/Table|>,<|java+method:///org/hsqldb/Table/setColumnStructures()|,|project://hsqldb-2.0.0/hsqldb/src/org/hsqldb/Table.java|(50093,26,<1643,45>,<1643,71>)>>,
  <<|java+class:///org/hsqldb/persist/RowStoreAVLDisk|,|java+class:///org/hsqldb/persist/RowStoreAVL|>,<|java+method:///org/hsqldb/persist/RowStoreAVL/insertIndexNodes(org.hsqldb.index.Index,org.hsqldb.index.Index)|,|project://hsqldb-2.0.0/hsqldb/src/org/hsqldb/persist/RowStoreAVL.java|(11246,32,<374,16>,<374,48>)>>,
  <<|java+class:///org/hsqldb/persist/RowStoreAVLHybrid|,|java+class:///org/hsqldb/persist/RowStoreAVL|>,<|java+method:///org/hsqldb/persist/RowStoreAVL/delete(org.hsqldb.Session,org.hsqldb.Row)|,|project://hsqldb-2.0.0/hsqldb/src/org/hsqldb/persist/RowStoreAVL.java|(4400,16,<140,8>,<140,24>)>>,
  <<|java+class:///org/hsqldb/persist/RowStoreAVLDisk|,|java+class:///org/hsqldb/persist/RowStoreAVL|>,<|java+method:///org/hsqldb/persist/RowStoreAVL/reindex(org.hsqldb.Session,org.hsqldb.index.Index)|,|project://hsqldb-2.0.0/hsqldb/src/org/hsqldb/persist/RowStoreAVL.java|(12136,23,<410,25>,<410,48>)>>,
  <<|java+class:///org/hsqldb/FunctionCustom|,|java+class:///org/hsqldb/Expression|>,<|java+method:///org/hsqldb/Expression/resolveCheckOrGenExpression(org.hsqldb.Session,org.hsqldb.RangeVariable%5B%5D,boolean)|,|project://hsqldb-2.0.0/hsqldb/src/org/hsqldb/Expression.java|(43560,56,<1575,12>,<1575,68>)>>,
  <<|java+class:///org/hsqldb/ExpressionOp|,|java+class:///org/hsqldb/Expression|>,<|java+method:///org/hsqldb/Expression/collectAllExpressions(org.hsqldb.lib.OrderedHashSet,org.hsqldb.lib.OrderedIntHashSet,org.hsqldb.lib.OrderedIntHashSet)|,|project://hsqldb-2.0.0/hsqldb/src/org/hsqldb/Expression.java|(49872,13,<1782,12>,<1782,25>)>>,
  <<|java+class:///org/hsqldb/persist/RowStoreAVLDiskData|,|java+class:///org/hsqldb/persist/RowStoreAVLDisk|>,<|java+method:///org/hsqldb/persist/RowStoreAVLDisk/get(int)|,|project://hsqldb-2.0.0/hsqldb/src/org/hsqldb/persist/RowStoreAVLDisk.java|(3379,27,<101,30>,<101,57>)>>,
  <<|java+class:///org/hsqldb/ExpressionValue|,|java+class:///org/hsqldb/Expression|>,<|java+method:///org/hsqldb/Expression/getUnkeyedColumns(org.hsqldb.lib.OrderedHashSet)|,|project://hsqldb-2.0.0/hsqldb/src/org/hsqldb/Expression.java|(27646,23,<1021,20>,<1021,43>)>>,
  <<|java+class:///org/hsqldb/server/WebServer|,|java+class:///org/hsqldb/server/Server|>,<|java+method:///org/hsqldb/server/Server/shutdown(boolean)|,|project://hsqldb-2.0.0/hsqldb/src/org/hsqldb/server/Server.java|(70677,38,<2226,8>,<2226,46>)>>,
  <<|java+class:///org/hsqldb/persist/RowStoreAVLHybrid|,|java+class:///org/hsqldb/persist/RowStoreAVL|>,<|java+method:///org/hsqldb/persist/RowStoreAVL/elementCount(org.hsqldb.Session)|,|project://hsqldb-2.0.0/hsqldb/src/org/hsqldb/persist/RowStoreAVL.java|(7300,46,<250,31>,<250,77>)>>,
  <<|java+class:///org/hsqldb/TextTable|,|java+class:///org/hsqldb/Table|>,<|java+method:///org/hsqldb/Table/deleteNoCheckFromLog(org.hsqldb.Session,java.lang.Object%5B%5D)|,|project://hsqldb-2.0.0/hsqldb/src/org/hsqldb/Table.java|(77454,37,<2665,32>,<2665,69>)>>,
  <<|java+class:///org/hsqldb/RowAVL|,|java+class:///org/hsqldb/Row|>,<|java+method:///org/hsqldb/Row/isDeleted(org.hsqldb.Session,org.hsqldb.persist.PersistentStore)|,|project://hsqldb-2.0.0/hsqldb/src/org/hsqldb/Row.java|(2599,22,<73,33>,<73,55>)>>,
  <<|java+class:///org/hsqldb/persist/RowStoreAVLHybrid|,|java+class:///org/hsqldb/persist/RowStoreAVL|>,<|java+method:///org/hsqldb/persist/RowStoreAVL/delete(org.hsqldb.Session,org.hsqldb.Row)|,|project://hsqldb-2.0.0/hsqldb/src/org/hsqldb/persist/RowStoreAVL.java|(4340,39,<137,12>,<137,51>)>>,
  <<|java+class:///org/hsqldb/persist/RowStoreAVLDiskData|,|java+class:///org/hsqldb/persist/RowStoreAVLDisk|>,<|java+method:///org/hsqldb/persist/RowStoreAVLDisk/elementCount(org.hsqldb.Session)|,|project://hsqldb-2.0.0/hsqldb/src/org/hsqldb/persist/RowStoreAVLDisk.java|(9751,46,<356,31>,<356,77>)>>,
  <<|java+class:///org/hsqldb/View|,|java+class:///org/hsqldb/Table|>,<|java+method:///org/hsqldb/Table/getRowStore(org.hsqldb.Session)|,|project://hsqldb-2.0.0/hsqldb/src/org/hsqldb/Table.java|(79807,37,<2758,31>,<2758,68>)>>,
  <<|java+class:///org/hsqldb/result/ResultLob|,|java+class:///org/hsqldb/result/Result|>,<|java+method:///org/hsqldb/result/Result/addLobResult(org.hsqldb.result.ResultLob)|,|project://hsqldb-2.0.0/hsqldb/src/org/hsqldb/result/Result.java|(46207,14,<1517,15>,<1517,29>)>>,
  <<|java+class:///org/hsqldb/server/WebServer|,|java+class:///org/hsqldb/server/Server|>,<|java+method:///org/hsqldb/server/Server/openDatabase(java.lang.String,java.lang.String)|,|project://hsqldb-2.0.0/hsqldb/src/org/hsqldb/server/Server.java|(56475,55,<1760,23>,<1760,78>)>>,
  <<|java+class:///org/hsqldb/RowAVLDisk|,|java+class:///org/hsqldb/Row|>,<|java+method:///org/hsqldb/Row/isDeleted(org.hsqldb.Session,org.hsqldb.persist.PersistentStore)|,|project://hsqldb-2.0.0/hsqldb/src/org/hsqldb/Row.java|(2599,22,<73,33>,<73,55>)>>,
  <<|java+class:///org/hsqldb/TextTable|,|java+class:///org/hsqldb/Table|>,<|java+method:///org/hsqldb/Table/deleteNoCheckFromLog(org.hsqldb.Session,java.lang.Object%5B%5D)|,|project://hsqldb-2.0.0/hsqldb/src/org/hsqldb/Table.java|(79042,40,<2726,8>,<2726,48>)>>,
  <<|java+class:///org/hsqldb/View|,|java+class:///org/hsqldb/TableBase|>,<|java+method:///org/hsqldb/TableBase/createPrimaryIndex(int%5B%5D,org.hsqldb.types.Type%5B%5D,org.hsqldb.HsqlNameManager.HsqlName)|,|project://hsqldb-2.0.0/hsqldb/src/org/hsqldb/TableBase.java|(11971,144,<375,25>,<377,18>)>>,
  <<|java+class:///org/hsqldb/ExpressionColumn|,|java+class:///org/hsqldb/Expression|>,<|java+method:///org/hsqldb/Expression/resolveCheckOrGenExpression(org.hsqldb.Session,org.hsqldb.RangeVariable%5B%5D,boolean)|,|project://hsqldb-2.0.0/hsqldb/src/org/hsqldb/Expression.java|(43560,56,<1575,12>,<1575,68>)>>,
  <<|java+class:///org/hsqldb/TableDerived|,|java+class:///org/hsqldb/TableBase|>,<|java+method:///org/hsqldb/TableBase/isEmpty(org.hsqldb.Session)|,|project://hsqldb-2.0.0/hsqldb/src/org/hsqldb/TableBase.java|(16630,37,<531,32>,<531,69>)>>,
  <<|java+class:///org/hsqldb/rowio/RowOutputBinary180|,|java+class:///org/hsqldb/rowio/RowOutputBinary|>,<|java+method:///org/hsqldb/rowio/RowOutputBinary/writeString(java.lang.String)|,|project://hsqldb-2.0.0/hsqldb/src/org/hsqldb/rowio/RowOutputBinary.java|(4143,41,<138,12>,<138,53>)>>,
  <<|java+class:///org/hsqldb/View|,|java+class:///org/hsqldb/TableBase|>,<|java+method:///org/hsqldb/TableBase/rowIterator(org.hsqldb.Session)|,|project://hsqldb-2.0.0/hsqldb/src/org/hsqldb/TableBase.java|(5967,37,<164,32>,<164,69>)>>,
  <<|java+class:///org/hsqldb/ExpressionLike|,|java+class:///org/hsqldb/Expression|>,<|java+method:///org/hsqldb/Expression/resolveCheckOrGenExpression(org.hsqldb.Session,org.hsqldb.RangeVariable%5B%5D,boolean)|,|project://hsqldb-2.0.0/hsqldb/src/org/hsqldb/Expression.java|(43560,56,<1575,12>,<1575,68>)>>,
  <<|java+class:///org/hsqldb/result/ResultLob|,|java+class:///org/hsqldb/result/Result|>,<|java+method:///org/hsqldb/result/Result/addChainedResult(org.hsqldb.result.Result)|,|project://hsqldb-2.0.0/hsqldb/src/org/hsqldb/result/Result.java|(45613,14,<1489,15>,<1489,29>)>>,
  <<|java+class:///org/hsqldb/ExpressionLogical|,|java+class:///org/hsqldb/Expression|>,<|java+method:///org/hsqldb/Expression/resolveCheckOrGenExpression(org.hsqldb.Session,org.hsqldb.RangeVariable%5B%5D,boolean)|,|project://hsqldb-2.0.0/hsqldb/src/org/hsqldb/Expression.java|(43560,56,<1575,12>,<1575,68>)>>,
  <<|java+class:///org/hsqldb/persist/RowStoreAVLDisk|,|java+class:///org/hsqldb/persist/RowStoreAVL|>,<|java+method:///org/hsqldb/persist/RowStoreAVL/indexRows()|,|project://hsqldb-2.0.0/hsqldb/src/org/hsqldb/persist/RowStoreAVL.java|(5297,36,<179,16>,<179,52>)>>,
  <<|java+class:///org/hsqldb/View|,|java+class:///org/hsqldb/Table|>,<|java+method:///org/hsqldb/Table/moveDefinition(org.hsqldb.Session,int,org.hsqldb.ColumnSchema,org.hsqldb.Constraint,org.hsqldb.index.Index,int,int,org.hsqldb.lib.OrderedHashSet,org.hsqldb.lib.OrderedHashSet)|,|project://hsqldb-2.0.0/hsqldb/src/org/hsqldb/Table.java|(39032,50,<1254,12>,<1254,62>)>>,
  <<|java+class:///org/hsqldb/TextTable|,|java+class:///org/hsqldb/Table|>,<|java+method:///org/hsqldb/Table/createPrimaryKeyConstraint(org.hsqldb.HsqlNameManager.HsqlName,int%5B%5D,boolean)|,|project://hsqldb-2.0.0/hsqldb/src/org/hsqldb/Table.java|(49435,119,<1622,12>,<1623,68>)>>,
  <<|java+class:///org/hsqldb/ExpressionAccessor|,|java+class:///org/hsqldb/Expression|>,<|java+method:///org/hsqldb/Expression/collectAllExpressions(org.hsqldb.lib.OrderedHashSet,org.hsqldb.lib.OrderedIntHashSet,org.hsqldb.lib.OrderedIntHashSet)|,|project://hsqldb-2.0.0/hsqldb/src/org/hsqldb/Expression.java|(49872,13,<1782,12>,<1782,25>)>>,
  <<|java+class:///org/hsqldb/View|,|java+class:///org/hsqldb/Table|>,<|java+method:///org/hsqldb/Table/insertIntoTable(org.hsqldb.Session,org.hsqldb.result.Result)|,|project://hsqldb-2.0.0/hsqldb/src/org/hsqldb/Table.java|(72661,37,<2498,32>,<2498,69>)>>,
  <<|java+class:///org/hsqldb/TextTable|,|java+class:///org/hsqldb/Table|>,<|java+method:///org/hsqldb/Table/createDefaultStore()|,|project://hsqldb-2.0.0/hsqldb/src/org/hsqldb/Table.java|(10506,160,<273,16>,<275,52>)>>,
  <<|java+class:///org/hsqldb/persist/RowStoreAVLMemory|,|java+class:///org/hsqldb/persist/RowStoreAVL|>,<|java+method:///org/hsqldb/persist/RowStoreAVL/insertIndexNodes(org.hsqldb.index.Index,org.hsqldb.index.Index)|,|project://hsqldb-2.0.0/hsqldb/src/org/hsqldb/persist/RowStoreAVL.java|(11246,32,<374,16>,<374,48>)>>,
  <<|java+class:///org/hsqldb/sample/DatabaseManagerSample|,|java+class:///org/hsqldb/util/DatabaseManager|>,<|java+method:///org/hsqldb/util/DatabaseManager/initGUI()|,|project://hsqldb-2.0.0/hsqldb/src/org/hsqldb/util/DatabaseManager.java|(34706,31,<1166,8>,<1166,39>)>>,
  <<|java+class:///org/hsqldb/TableDerived|,|java+class:///org/hsqldb/Table|>,<|java+method:///org/hsqldb/Table/insertSingleRow(org.hsqldb.Session,org.hsqldb.persist.PersistentStore,java.lang.Object%5B%5D,int%5B%5D)|,|project://hsqldb-2.0.0/hsqldb/src/org/hsqldb/Table.java|(72419,34,<2488,8>,<2488,42>)>>,
  <<|java+class:///org/hsqldb/persist/RowStoreAVLDiskData|,|java+class:///org/hsqldb/persist/RowStoreAVLDisk|>,<|java+method:///org/hsqldb/persist/RowStoreAVLDisk/elementCount(org.hsqldb.Session)|,|project://hsqldb-2.0.0/hsqldb/src/org/hsqldb/persist/RowStoreAVLDisk.java|(10000,46,<363,19>,<363,65>)>>,
  <<|java+class:///org/hsqldb/persist/RowStoreAVLMemory|,|java+class:///org/hsqldb/persist/RowStoreAVL|>,<|java+method:///org/hsqldb/persist/RowStoreAVL/reindex(org.hsqldb.Session,org.hsqldb.index.Index)|,|project://hsqldb-2.0.0/hsqldb/src/org/hsqldb/persist/RowStoreAVL.java|(12136,23,<410,25>,<410,48>)>>,
  <<|java+class:///org/hsqldb/View|,|java+class:///org/hsqldb/Table|>,<|java+method:///org/hsqldb/Table/insertNoCheckFromLog(org.hsqldb.Session,java.lang.Object%5B%5D)|,|project://hsqldb-2.0.0/hsqldb/src/org/hsqldb/Table.java|(73361,34,<2521,8>,<2521,42>)>>,
  <<|java+class:///org/hsqldb/result/ResultLob|,|java+class:///org/hsqldb/result/Result|>,<|java+method:///org/hsqldb/result/Result/readAdditionalResults(org.hsqldb.SessionInterface,java.io.DataInputStream,org.hsqldb.rowio.RowInputBinary)|,|project://hsqldb-2.0.0/hsqldb/src/org/hsqldb/result/Result.java|(8545,20,<268,16>,<268,36>)>>,
  <<|java+class:///org/hsqldb/View|,|java+class:///org/hsqldb/TableBase|>,<|java+method:///org/hsqldb/TableBase/createIndexStructure(org.hsqldb.HsqlNameManager.HsqlName,int%5B%5D,boolean%5B%5D,boolean%5B%5D,boolean,boolean,boolean)|,|project://hsqldb-2.0.0/hsqldb/src/org/hsqldb/TableBase.java|(13449,124,<417,25>,<418,77>)>>,
  <<|java+class:///org/hsqldb/ExpressionAccessor|,|java+class:///org/hsqldb/Expression|>,<|java+method:///org/hsqldb/Expression/convertToSimpleColumn(org.hsqldb.lib.OrderedHashSet,org.hsqldb.lib.OrderedHashSet)|,|project://hsqldb-2.0.0/hsqldb/src/org/hsqldb/Expression.java|(19587,26,<706,20>,<706,46>)>>,
  <<|java+class:///org/hsqldb/TextTable|,|java+class:///org/hsqldb/Table|>,<|java+method:///org/hsqldb/Table/getSQL(org.hsqldb.lib.OrderedHashSet,org.hsqldb.lib.OrderedHashSet)|,|project://hsqldb-2.0.0/hsqldb/src/org/hsqldb/Table.java|(16250,34,<472,21>,<472,55>)>>,
  <<|java+class:///org/hsqldb/persist/TextCache|,|java+class:///org/hsqldb/persist/DataFileCache|>,<|java+constructor:///org/hsqldb/persist/DataFileCache/DataFileCache(org.hsqldb.Database,java.lang.String)|,|project://hsqldb-2.0.0/hsqldb/src/org/hsqldb/persist/DataFileCache.java|(5043,15,<142,16>,<142,31>)>>,
  <<|java+class:///org/hsqldb/Table|,|java+class:///org/hsqldb/TableBase|>,<|java+method:///org/hsqldb/TableBase/isEmpty(org.hsqldb.Session)|,|project://hsqldb-2.0.0/hsqldb/src/org/hsqldb/TableBase.java|(16630,37,<531,32>,<531,69>)>>,
  <<|java+class:///org/hsqldb/TextTable|,|java+class:///org/hsqldb/Table|>,<|java+method:///org/hsqldb/Table/getIndexRootsArray()|,|project://hsqldb-2.0.0/hsqldb/src/org/hsqldb/Table.java|(69239,49,<2375,12>,<2375,61>)>>,
  <<|java+class:///org/hsqldb/persist/RowStoreAVLDiskData|,|java+class:///org/hsqldb/persist/RowStoreAVL|>,<|java+method:///org/hsqldb/persist/RowStoreAVL/reindex(org.hsqldb.Session,org.hsqldb.index.Index)|,|project://hsqldb-2.0.0/hsqldb/src/org/hsqldb/persist/RowStoreAVL.java|(12136,23,<410,25>,<410,48>)>>,
  <<|java+class:///org/hsqldb/ExpressionArithmetic|,|java+class:///org/hsqldb/Expression|>,<|java+method:///org/hsqldb/Expression/resolveCheckOrGenExpression(org.hsqldb.Session,org.hsqldb.RangeVariable%5B%5D,boolean)|,|project://hsqldb-2.0.0/hsqldb/src/org/hsqldb/Expression.java|(43560,56,<1575,12>,<1575,68>)>>,
  <<|java+class:///org/hsqldb/TextTable|,|java+class:///org/hsqldb/Table|>,<|java+method:///org/hsqldb/Table/insertNoCheckFromLog(org.hsqldb.Session,java.lang.Object%5B%5D)|,|project://hsqldb-2.0.0/hsqldb/src/org/hsqldb/Table.java|(73196,37,<2517,32>,<2517,69>)>>,
  <<|java+class:///org/hsqldb/persist/RowStoreAVLHybrid|,|java+class:///org/hsqldb/persist/RowStoreAVL|>,<|java+method:///org/hsqldb/persist/RowStoreAVL/indexRow(org.hsqldb.Session,org.hsqldb.Row)|,|project://hsqldb-2.0.0/hsqldb/src/org/hsqldb/persist/RowStoreAVL.java|(4778,39,<155,16>,<155,55>)>>,
  <<|java+class:///org/hsqldb/persist/RowStoreAVLDiskData|,|java+class:///org/hsqldb/persist/RowStoreAVL|>,<|java+method:///org/hsqldb/persist/RowStoreAVL/insertIndexNodes(org.hsqldb.index.Index,org.hsqldb.index.Index)|,|project://hsqldb-2.0.0/hsqldb/src/org/hsqldb/persist/RowStoreAVL.java|(11246,32,<374,16>,<374,48>)>>,
  <<|java+class:///org/hsqldb/rowio/RowOutputBinary|,|java+class:///org/hsqldb/lib/HsqlByteArrayOutputStream|>,<|java+method:///org/hsqldb/lib/HsqlByteArrayOutputStream/writeUTF(java.lang.String)|,|project://hsqldb-2.0.0/hsqldb/src/org/hsqldb/lib/HsqlByteArrayOutputStream.java|(5627,43,<218,8>,<218,51>)>>,
  <<|java+class:///org/hsqldb/TableDerived|,|java+class:///org/hsqldb/Table|>,<|java+method:///org/hsqldb/Table/enforceRowConstraints(org.hsqldb.Session,java.lang.Object%5B%5D)|,|project://hsqldb-2.0.0/hsqldb/src/org/hsqldb/Table.java|(65189,124,<2223,20>,<2224,73>)>>,
  <<|java+class:///org/hsqldb/rowio/RowOutputTextLog|,|java+class:///org/hsqldb/lib/HsqlByteArrayOutputStream|>,<|java+method:///org/hsqldb/lib/HsqlByteArrayOutputStream/writeUTF(java.lang.String)|,|project://hsqldb-2.0.0/hsqldb/src/org/hsqldb/lib/HsqlByteArrayOutputStream.java|(5627,43,<218,8>,<218,51>)>>,
  <<|java+class:///org/hsqldb/ExpressionAccessor|,|java+class:///org/hsqldb/Expression|>,<|java+method:///org/hsqldb/Expression/getUnkeyedColumns(org.hsqldb.lib.OrderedHashSet)|,|project://hsqldb-2.0.0/hsqldb/src/org/hsqldb/Expression.java|(27646,23,<1021,20>,<1021,43>)>>,
  <<|java+class:///org/hsqldb/TextTable|,|java+class:///org/hsqldb/Table|>,<|java+method:///org/hsqldb/Table/getRowStore(org.hsqldb.Session)|,|project://hsqldb-2.0.0/hsqldb/src/org/hsqldb/Table.java|(79726,37,<2755,19>,<2755,56>)>>,
  <<|java+class:///org/hsqldb/Server|,|java+class:///org/hsqldb/server/Server|>,<|java+method:///org/hsqldb/server/Server/shutdown(boolean)|,|project://hsqldb-2.0.0/hsqldb/src/org/hsqldb/server/Server.java|(70677,38,<2226,8>,<2226,46>)>>,
  <<|java+class:///org/hsqldb/jdbc/JDBCStatement|,|java+class:///org/hsqldb/jdbc/JDBCStatementBase|>,<|java+method:///org/hsqldb/jdbc/JDBCStatementBase/performPostExecute()|,|project://hsqldb-2.0.0/hsqldb/src/org/hsqldb/jdbc/JDBCStatementBase.java|(6566,162,<199,31>,<201,67>)>>,
  <<|java+class:///org/hsqldb/persist/RowStoreAVLDisk|,|java+class:///org/hsqldb/persist/RowStoreAVL|>,<|java+method:///org/hsqldb/persist/RowStoreAVL/insertIndexNodes(org.hsqldb.index.Index,org.hsqldb.index.Index)|,|project://hsqldb-2.0.0/hsqldb/src/org/hsqldb/persist/RowStoreAVL.java|(10907,27,<361,33>,<361,60>)>>,
  <<|java+class:///org/hsqldb/StatementInsert|,|java+class:///org/hsqldb/StatementDMQL|>,<|java+method:///org/hsqldb/StatementDMQL/execute(org.hsqldb.Session)|,|project://hsqldb-2.0.0/hsqldb/src/org/hsqldb/StatementDMQL.java|(6110,44,<192,8>,<192,52>)>>,
  <<|java+class:///org/hsqldb/FunctionSQL|,|java+class:///org/hsqldb/Expression|>,<|java+method:///org/hsqldb/Expression/convertToSimpleColumn(org.hsqldb.lib.OrderedHashSet,org.hsqldb.lib.OrderedHashSet)|,|project://hsqldb-2.0.0/hsqldb/src/org/hsqldb/Expression.java|(19587,26,<706,20>,<706,46>)>>,
  <<|java+class:///org/hsqldb/Table|,|java+class:///org/hsqldb/TableBase|>,<|java+method:///org/hsqldb/TableBase/rowIterator(org.hsqldb.Session)|,|project://hsqldb-2.0.0/hsqldb/src/org/hsqldb/TableBase.java|(5967,37,<164,32>,<164,69>)>>,
  <<|java+class:///org/hsqldb/FunctionSQLInvoked|,|java+class:///org/hsqldb/Expression|>,<|java+method:///org/hsqldb/Expression/collectAllExpressions(org.hsqldb.lib.OrderedHashSet,org.hsqldb.lib.OrderedIntHashSet,org.hsqldb.lib.OrderedIntHashSet)|,|project://hsqldb-2.0.0/hsqldb/src/org/hsqldb/Expression.java|(49872,13,<1782,12>,<1782,25>)>>,
  <<|java+class:///org/hsqldb/persist/RowStoreAVLMemory|,|java+class:///org/hsqldb/persist/RowStoreAVL|>,<|java+method:///org/hsqldb/persist/RowStoreAVL/indexRow(org.hsqldb.Session,org.hsqldb.Row)|,|project://hsqldb-2.0.0/hsqldb/src/org/hsqldb/persist/RowStoreAVL.java|(4577,39,<149,16>,<149,55>)>>,
  <<|java+class:///org/hsqldb/TableDerived|,|java+class:///org/hsqldb/Table|>,<|java+method:///org/hsqldb/Table/insertNoCheckFromLog(org.hsqldb.Session,java.lang.Object%5B%5D)|,|project://hsqldb-2.0.0/hsqldb/src/org/hsqldb/Table.java|(73361,34,<2521,8>,<2521,42>)>>,
  <<|java+class:///org/hsqldb/persist/RowStoreAVLHybrid|,|java+class:///org/hsqldb/persist/RowStoreAVL|>,<|java+method:///org/hsqldb/persist/RowStoreAVL/dropIndexFromRows(org.hsqldb.index.Index,org.hsqldb.index.Index)|,|project://hsqldb-2.0.0/hsqldb/src/org/hsqldb/persist/RowStoreAVL.java|(10321,27,<342,31>,<342,58>)>>,
  <<|java+class:///org/hsqldb/View|,|java+class:///org/hsqldb/Table|>,<|java+method:///org/hsqldb/Table/insertSingleRow(org.hsqldb.Session,org.hsqldb.persist.PersistentStore,java.lang.Object%5B%5D,int%5B%5D)|,|project://hsqldb-2.0.0/hsqldb/src/org/hsqldb/Table.java|(72419,34,<2488,8>,<2488,42>)>>,
  <<|java+class:///org/hsqldb/sample/DatabaseManagerSample|,|java+class:///org/hsqldb/util/DatabaseManager|>,<|java+method:///org/hsqldb/util/DatabaseManager/main()|,|project://hsqldb-2.0.0/hsqldb/src/org/hsqldb/util/DatabaseManager.java|(14564,29,<428,8>,<428,37>)>>,
  <<|java+class:///org/hsqldb/Server|,|java+class:///org/hsqldb/server/Server|>,<|java+method:///org/hsqldb/server/Server/openDatabase(java.lang.String,java.lang.String)|,|project://hsqldb-2.0.0/hsqldb/src/org/hsqldb/server/Server.java|(56475,55,<1760,23>,<1760,78>)>>,
  <<|java+class:///org/hsqldb/TableDerived|,|java+class:///org/hsqldb/Table|>,<|java+method:///org/hsqldb/Table/insertIntoTable(org.hsqldb.Session,org.hsqldb.result.Result)|,|project://hsqldb-2.0.0/hsqldb/src/org/hsqldb/Table.java|(72661,37,<2498,32>,<2498,69>)>>,
  <<|java+class:///org/hsqldb/ExpressionTable|,|java+class:///org/hsqldb/Expression|>,<|java+method:///org/hsqldb/Expression/convertToSimpleColumn(org.hsqldb.lib.OrderedHashSet,org.hsqldb.lib.OrderedHashSet)|,|project://hsqldb-2.0.0/hsqldb/src/org/hsqldb/Expression.java|(19587,26,<706,20>,<706,46>)>>,
  <<|java+class:///org/hsqldb/TableDerived|,|java+class:///org/hsqldb/TableBase|>,<|java+method:///org/hsqldb/TableBase/createIndexStructure(org.hsqldb.HsqlNameManager.HsqlName,int%5B%5D,boolean%5B%5D,boolean%5B%5D,boolean,boolean,boolean)|,|project://hsqldb-2.0.0/hsqldb/src/org/hsqldb/TableBase.java|(13449,124,<417,25>,<418,77>)>>,
  <<|java+class:///org/hsqldb/ExpressionColumnAccessor|,|java+class:///org/hsqldb/Expression|>,<|java+method:///org/hsqldb/Expression/convertToSimpleColumn(org.hsqldb.lib.OrderedHashSet,org.hsqldb.lib.OrderedHashSet)|,|project://hsqldb-2.0.0/hsqldb/src/org/hsqldb/Expression.java|(19587,26,<706,20>,<706,46>)>>,
  <<|java+class:///org/hsqldb/ExpressionOp|,|java+class:///org/hsqldb/Expression|>,<|java+method:///org/hsqldb/Expression/getUnkeyedColumns(org.hsqldb.lib.OrderedHashSet)|,|project://hsqldb-2.0.0/hsqldb/src/org/hsqldb/Expression.java|(27646,23,<1021,20>,<1021,43>)>>,
  <<|java+class:///org/hsqldb/Table|,|java+class:///org/hsqldb/TableBase|>,<|java+method:///org/hsqldb/TableBase/createPrimaryIndex(int%5B%5D,org.hsqldb.types.Type%5B%5D,org.hsqldb.HsqlNameManager.HsqlName)|,|project://hsqldb-2.0.0/hsqldb/src/org/hsqldb/TableBase.java|(11971,144,<375,25>,<377,18>)>>,
  <<|java+class:///org/hsqldb/TextTable|,|java+class:///org/hsqldb/Table|>,<|java+method:///org/hsqldb/Table/moveDefinition(org.hsqldb.Session,int,org.hsqldb.ColumnSchema,org.hsqldb.Constraint,org.hsqldb.index.Index,int,int,org.hsqldb.lib.OrderedHashSet,org.hsqldb.lib.OrderedHashSet)|,|project://hsqldb-2.0.0/hsqldb/src/org/hsqldb/Table.java|(39179,48,<1259,12>,<1259,60>)>>,
  <<|java+class:///org/hsqldb/TextTable|,|java+class:///org/hsqldb/Table|>,<|java+method:///org/hsqldb/Table/setIndexRoots(int%5B%5D)|,|project://hsqldb-2.0.0/hsqldb/src/org/hsqldb/Table.java|(70372,49,<2409,12>,<2409,61>)>>,
  <<|java+class:///org/hsqldb/ExpressionValue|,|java+class:///org/hsqldb/Expression|>,<|java+method:///org/hsqldb/Expression/collectAllExpressions(org.hsqldb.lib.OrderedHashSet,org.hsqldb.lib.OrderedIntHashSet,org.hsqldb.lib.OrderedIntHashSet)|,|project://hsqldb-2.0.0/hsqldb/src/org/hsqldb/Expression.java|(49872,13,<1782,12>,<1782,25>)>>,
  <<|java+class:///org/hsqldb/StatementProcedure|,|java+class:///org/hsqldb/StatementDMQL|>,<|java+method:///org/hsqldb/StatementDMQL/execute(org.hsqldb.Session)|,|project://hsqldb-2.0.0/hsqldb/src/org/hsqldb/StatementDMQL.java|(6110,44,<192,8>,<192,52>)>>,
  <<|java+class:///org/hsqldb/Table|,|java+class:///org/hsqldb/TableBase|>,<|java+method:///org/hsqldb/TableBase/createIndexStructure(org.hsqldb.HsqlNameManager.HsqlName,int%5B%5D,boolean%5B%5D,boolean%5B%5D,boolean,boolean,boolean)|,|project://hsqldb-2.0.0/hsqldb/src/org/hsqldb/TableBase.java|(13449,124,<417,25>,<418,77>)>>,
  <<|java+class:///org/hsqldb/FunctionSQLInvoked|,|java+class:///org/hsqldb/Expression|>,<|java+method:///org/hsqldb/Expression/convertToSimpleColumn(org.hsqldb.lib.OrderedHashSet,org.hsqldb.lib.OrderedHashSet)|,|project://hsqldb-2.0.0/hsqldb/src/org/hsqldb/Expression.java|(19587,26,<706,20>,<706,46>)>>,
  <<|java+class:///org/hsqldb/TableDerived|,|java+class:///org/hsqldb/Table|>,<|java+method:///org/hsqldb/Table/getRowStore(org.hsqldb.Session)|,|project://hsqldb-2.0.0/hsqldb/src/org/hsqldb/Table.java|(79807,37,<2758,31>,<2758,68>)>>,
  <<|java+class:///org/hsqldb/scriptio/ScriptWriterEncode|,|java+class:///org/hsqldb/scriptio/ScriptWriterBase|>,<|java+method:///org/hsqldb/scriptio/ScriptWriterBase/start()|,|project://hsqldb-2.0.0/hsqldb/src/org/hsqldb/scriptio/ScriptWriterBase.java|(12638,100,<412,24>,<413,44>)>>,
  <<|java+class:///org/hsqldb/ExpressionTable|,|java+class:///org/hsqldb/Expression|>,<|java+method:///org/hsqldb/Expression/collectAllExpressions(org.hsqldb.lib.OrderedHashSet,org.hsqldb.lib.OrderedIntHashSet,org.hsqldb.lib.OrderedIntHashSet)|,|project://hsqldb-2.0.0/hsqldb/src/org/hsqldb/Expression.java|(49872,13,<1782,12>,<1782,25>)>>,
  <<|java+class:///org/hsqldb/View|,|java+class:///org/hsqldb/TableBase|>,<|java+method:///org/hsqldb/TableBase/isEmpty(org.hsqldb.Session)|,|project://hsqldb-2.0.0/hsqldb/src/org/hsqldb/TableBase.java|(16630,37,<531,32>,<531,69>)>>,
  <<|java+class:///org/hsqldb/persist/RowStoreAVLHybrid|,|java+class:///org/hsqldb/persist/RowStoreAVL|>,<|java+method:///org/hsqldb/persist/RowStoreAVL/insertIndexNodes(org.hsqldb.index.Index,org.hsqldb.index.Index)|,|project://hsqldb-2.0.0/hsqldb/src/org/hsqldb/persist/RowStoreAVL.java|(11584,27,<386,13>,<386,40>)>>,
  <<|java+class:///org/hsqldb/FunctionSQL|,|java+class:///org/hsqldb/Expression|>,<|java+method:///org/hsqldb/Expression/collectAllExpressions(org.hsqldb.lib.OrderedHashSet,org.hsqldb.lib.OrderedIntHashSet,org.hsqldb.lib.OrderedIntHashSet)|,|project://hsqldb-2.0.0/hsqldb/src/org/hsqldb/Expression.java|(49872,13,<1782,12>,<1782,25>)>>,
  <<|java+class:///org/hsqldb/TextTable|,|java+class:///org/hsqldb/Table|>,<|java+method:///org/hsqldb/Table/getFKConstraintForColumns(org.hsqldb.Table,int%5B%5D,int%5B%5D)|,|project://hsqldb-2.0.0/hsqldb/src/org/hsqldb/Table.java|(32320,50,<1018,16>,<1018,66>)>>,
  <<|java+class:///org/hsqldb/TableDerived|,|java+class:///org/hsqldb/TableBase|>,<|java+method:///org/hsqldb/TableBase/createPrimaryIndex(int%5B%5D,org.hsqldb.types.Type%5B%5D,org.hsqldb.HsqlNameManager.HsqlName)|,|project://hsqldb-2.0.0/hsqldb/src/org/hsqldb/TableBase.java|(11971,144,<375,25>,<377,18>)>>,
  <<|java+class:///org/hsqldb/persist/RowStoreAVLDiskData|,|java+class:///org/hsqldb/persist/RowStoreAVL|>,<|java+method:///org/hsqldb/persist/RowStoreAVL/indexRows()|,|project://hsqldb-2.0.0/hsqldb/src/org/hsqldb/persist/RowStoreAVL.java|(5297,36,<179,16>,<179,52>)>>,
  <<|java+class:///org/hsqldb/ExpressionAggregate|,|java+class:///org/hsqldb/Expression|>,<|java+method:///org/hsqldb/Expression/resolveCheckOrGenExpression(org.hsqldb.Session,org.hsqldb.RangeVariable%5B%5D,boolean)|,|project://hsqldb-2.0.0/hsqldb/src/org/hsqldb/Expression.java|(43560,56,<1575,12>,<1575,68>)>>,
  <<|java+class:///org/hsqldb/TableDerived|,|java+class:///org/hsqldb/TableBase|>,<|java+method:///org/hsqldb/TableBase/rowIterator(org.hsqldb.Session)|,|project://hsqldb-2.0.0/hsqldb/src/org/hsqldb/TableBase.java|(5967,37,<164,32>,<164,69>)>>,
  <<|java+class:///org/hsqldb/TableDerived|,|java+class:///org/hsqldb/Table|>,<|java+method:///org/hsqldb/Table/moveDefinition(org.hsqldb.Session,int,org.hsqldb.ColumnSchema,org.hsqldb.Constraint,org.hsqldb.index.Index,int,int,org.hsqldb.lib.OrderedHashSet,org.hsqldb.lib.OrderedHashSet)|,|project://hsqldb-2.0.0/hsqldb/src/org/hsqldb/Table.java|(39032,50,<1254,12>,<1254,62>)>>,
  <<|java+class:///org/hsqldb/ExpressionColumnAccessor|,|java+class:///org/hsqldb/Expression|>,<|java+method:///org/hsqldb/Expression/collectAllExpressions(org.hsqldb.lib.OrderedHashSet,org.hsqldb.lib.OrderedIntHashSet,org.hsqldb.lib.OrderedIntHashSet)|,|project://hsqldb-2.0.0/hsqldb/src/org/hsqldb/Expression.java|(49872,13,<1782,12>,<1782,25>)>>,
  <<|java+class:///org/hsqldb/persist/RowStoreAVLMemory|,|java+class:///org/hsqldb/persist/RowStoreAVL|>,<|java+method:///org/hsqldb/persist/RowStoreAVL/insertIndexNodes(org.hsqldb.index.Index,org.hsqldb.index.Index)|,|project://hsqldb-2.0.0/hsqldb/src/org/hsqldb/persist/RowStoreAVL.java|(10907,27,<361,33>,<361,60>)>>,
  <<|java+class:///org/hsqldb/ExpressionValue|,|java+class:///org/hsqldb/Expression|>,<|java+method:///org/hsqldb/Expression/convertToSimpleColumn(org.hsqldb.lib.OrderedHashSet,org.hsqldb.lib.OrderedHashSet)|,|project://hsqldb-2.0.0/hsqldb/src/org/hsqldb/Expression.java|(19587,26,<706,20>,<706,46>)>>,
  <<|java+class:///org/hsqldb/rights/User|,|java+class:///org/hsqldb/rights/Grantee|>,<|java+method:///org/hsqldb/rights/Grantee/visibleGrantees()|,|project://hsqldb-2.0.0/hsqldb/src/org/hsqldb/rights/Grantee.java|(26256,18,<953,12>,<953,30>)>>,
  <<|java+class:///org/hsqldb/persist/RowStoreAVLDiskData|,|java+class:///org/hsqldb/persist/RowStoreAVLDisk|>,<|java+method:///org/hsqldb/persist/RowStoreAVLDisk/getStorageSize(int)|,|project://hsqldb-2.0.0/hsqldb/src/org/hsqldb/persist/RowStoreAVLDisk.java|(3914,25,<128,15>,<128,40>)>>,
  <<|java+class:///org/hsqldb/View|,|java+class:///org/hsqldb/Table|>,<|java+method:///org/hsqldb/Table/getRowStore(org.hsqldb.Session)|,|project://hsqldb-2.0.0/hsqldb/src/org/hsqldb/Table.java|(79726,37,<2755,19>,<2755,56>)>>,
  <<|java+class:///org/hsqldb/ExpressionOrderBy|,|java+class:///org/hsqldb/Expression|>,<|java+method:///org/hsqldb/Expression/collectAllExpressions(org.hsqldb.lib.OrderedHashSet,org.hsqldb.lib.OrderedIntHashSet,org.hsqldb.lib.OrderedIntHashSet)|,|project://hsqldb-2.0.0/hsqldb/src/org/hsqldb/Expression.java|(49872,13,<1782,12>,<1782,25>)>>,
  <<|java+class:///org/hsqldb/sample/DatabaseManagerSample|,|java+class:///org/hsqldb/util/DatabaseManager|>,<|java+method:///org/hsqldb/util/DatabaseManager/main()|,|project://hsqldb-2.0.0/hsqldb/src/org/hsqldb/util/DatabaseManager.java|(14728,29,<434,8>,<434,37>)>>,
  <<|java+class:///org/hsqldb/FunctionCustom|,|java+class:///org/hsqldb/Expression|>,<|java+method:///org/hsqldb/Expression/convertToSimpleColumn(org.hsqldb.lib.OrderedHashSet,org.hsqldb.lib.OrderedHashSet)|,|project://hsqldb-2.0.0/hsqldb/src/org/hsqldb/Expression.java|(19587,26,<706,20>,<706,46>)>>,
  <<|java+class:///org/hsqldb/TableDerived|,|java+class:///org/hsqldb/Table|>,<|java+method:///org/hsqldb/Table/compile(org.hsqldb.Session,org.hsqldb.SchemaObject)|,|project://hsqldb-2.0.0/hsqldb/src/org/hsqldb/Table.java|(12272,29,<348,12>,<348,41>)>>,
  <<|java+class:///org/hsqldb/persist/RowStoreAVLDisk|,|java+class:///org/hsqldb/persist/RowStoreAVL|>,<|java+method:///org/hsqldb/persist/RowStoreAVL/insertIndexNodes(org.hsqldb.index.Index,org.hsqldb.index.Index)|,|project://hsqldb-2.0.0/hsqldb/src/org/hsqldb/persist/RowStoreAVL.java|(11584,27,<386,13>,<386,40>)>>,
  <<|java+class:///org/hsqldb/ExpressionAggregate|,|java+class:///org/hsqldb/Expression|>,<|java+method:///org/hsqldb/Expression/getUnkeyedColumns(org.hsqldb.lib.OrderedHashSet)|,|project://hsqldb-2.0.0/hsqldb/src/org/hsqldb/Expression.java|(27646,23,<1021,20>,<1021,43>)>>,
  <<|java+class:///org/hsqldb/View|,|java+class:///org/hsqldb/Table|>,<|java+method:///org/hsqldb/Table/insertNoCheckFromLog(org.hsqldb.Session,java.lang.Object%5B%5D)|,|project://hsqldb-2.0.0/hsqldb/src/org/hsqldb/Table.java|(73196,37,<2517,32>,<2517,69>)>>,
  <<|java+class:///org/hsqldb/TableDerived|,|java+class:///org/hsqldb/Table|>,<|java+method:///org/hsqldb/Table/setColumnStructures()|,|project://hsqldb-2.0.0/hsqldb/src/org/hsqldb/Table.java|(50093,26,<1643,45>,<1643,71>)>>,
  <<|java+class:///org/hsqldb/sample/DatabaseManagerSample|,|java+class:///org/hsqldb/util/DatabaseManager|>,<|java+method:///org/hsqldb/util/DatabaseManager/initGUI()|,|project://hsqldb-2.0.0/hsqldb/src/org/hsqldb/util/DatabaseManager.java|(35022,32,<1177,8>,<1177,40>)>>,
  <<|java+class:///org/hsqldb/persist/RowStoreAVLDiskData|,|java+class:///org/hsqldb/persist/RowStoreAVLDisk|>,<|java+method:///org/hsqldb/persist/RowStoreAVLDisk/get(int,boolean)|,|project://hsqldb-2.0.0/hsqldb/src/org/hsqldb/persist/RowStoreAVLDisk.java|(3656,26,<115,30>,<115,56>)>>,
  <<|java+class:///org/hsqldb/persist/RowStoreAVLDisk|,|java+class:///org/hsqldb/persist/RowStoreAVL|>,<|java+method:///org/hsqldb/persist/RowStoreAVL/dropIndexFromRows(org.hsqldb.index.Index,org.hsqldb.index.Index)|,|project://hsqldb-2.0.0/hsqldb/src/org/hsqldb/persist/RowStoreAVL.java|(10321,27,<342,31>,<342,58>)>>,
  <<|java+class:///org/hsqldb/ExpressionOrderBy|,|java+class:///org/hsqldb/Expression|>,<|java+method:///org/hsqldb/Expression/convertToSimpleColumn(org.hsqldb.lib.OrderedHashSet,org.hsqldb.lib.OrderedHashSet)|,|project://hsqldb-2.0.0/hsqldb/src/org/hsqldb/Expression.java|(19587,26,<706,20>,<706,46>)>>,
  <<|java+class:///org/hsqldb/persist/RowStoreAVLMemory|,|java+class:///org/hsqldb/persist/RowStoreAVL|>,<|java+method:///org/hsqldb/persist/RowStoreAVL/indexRow(org.hsqldb.Session,org.hsqldb.Row)|,|project://hsqldb-2.0.0/hsqldb/src/org/hsqldb/persist/RowStoreAVL.java|(4778,39,<155,16>,<155,55>)>>,
  <<|java+class:///org/hsqldb/ExpressionOp|,|java+class:///org/hsqldb/Expression|>,<|java+method:///org/hsqldb/Expression/resolveCheckOrGenExpression(org.hsqldb.Session,org.hsqldb.RangeVariable%5B%5D,boolean)|,|project://hsqldb-2.0.0/hsqldb/src/org/hsqldb/Expression.java|(43560,56,<1575,12>,<1575,68>)>>,
  <<|java+class:///org/hsqldb/FunctionCustom|,|java+class:///org/hsqldb/Expression|>,<|java+method:///org/hsqldb/Expression/collectAllExpressions(org.hsqldb.lib.OrderedHashSet,org.hsqldb.lib.OrderedIntHashSet,org.hsqldb.lib.OrderedIntHashSet)|,|project://hsqldb-2.0.0/hsqldb/src/org/hsqldb/Expression.java|(49872,13,<1782,12>,<1782,25>)>>,
  <<|java+class:///org/hsqldb/types/ClobType|,|java+class:///org/hsqldb/types/CharacterType|>,<|java+method:///org/hsqldb/types/CharacterType/getCombinedType(org.hsqldb.types.Type,int)|,|project://hsqldb-2.0.0/hsqldb/src/org/hsqldb/types/CharacterType.java|(10299,14,<321,16>,<321,30>)>>,
  <<|java+class:///org/hsqldb/TableDerived|,|java+class:///org/hsqldb/Table|>,<|java+method:///org/hsqldb/Table/deleteNoCheckFromLog(org.hsqldb.Session,java.lang.Object%5B%5D)|,|project://hsqldb-2.0.0/hsqldb/src/org/hsqldb/Table.java|(77454,37,<2665,32>,<2665,69>)>>,
  <<|java+class:///org/hsqldb/StatementQuery|,|java+class:///org/hsqldb/StatementDMQL|>,<|java+method:///org/hsqldb/StatementDMQL/execute(org.hsqldb.Session)|,|project://hsqldb-2.0.0/hsqldb/src/org/hsqldb/StatementDMQL.java|(6110,44,<192,8>,<192,52>)>>,
  <<|java+class:///org/hsqldb/TextTable|,|java+class:///org/hsqldb/TableBase|>,<|java+method:///org/hsqldb/TableBase/isEmpty(org.hsqldb.Session)|,|project://hsqldb-2.0.0/hsqldb/src/org/hsqldb/TableBase.java|(16630,37,<531,32>,<531,69>)>>,
  <<|java+class:///org/hsqldb/ExpressionColumn|,|java+class:///org/hsqldb/Expression|>,<|java+method:///org/hsqldb/Expression/collectAllExpressions(org.hsqldb.lib.OrderedHashSet,org.hsqldb.lib.OrderedIntHashSet,org.hsqldb.lib.OrderedIntHashSet)|,|project://hsqldb-2.0.0/hsqldb/src/org/hsqldb/Expression.java|(49872,13,<1782,12>,<1782,25>)>>,
  <<|java+class:///org/hsqldb/TableDerived|,|java+class:///org/hsqldb/Table|>,<|java+method:///org/hsqldb/Table/deleteNoCheckFromLog(org.hsqldb.Session,java.lang.Object%5B%5D)|,|project://hsqldb-2.0.0/hsqldb/src/org/hsqldb/Table.java|(79042,40,<2726,8>,<2726,48>)>>,
  <<|java+class:///org/hsqldb/persist/RowStoreAVLHybrid|,|java+class:///org/hsqldb/persist/RowStoreAVL|>,<|java+method:///org/hsqldb/persist/RowStoreAVL/insertIndexNodes(org.hsqldb.index.Index,org.hsqldb.index.Index)|,|project://hsqldb-2.0.0/hsqldb/src/org/hsqldb/persist/RowStoreAVL.java|(10907,27,<361,33>,<361,60>)>>,
  <<|java+class:///org/hsqldb/index/IndexAVLMemory|,|java+class:///org/hsqldb/index/IndexAVL|>,<|java+method:///org/hsqldb/index/IndexAVL/getIterator(org.hsqldb.Session,org.hsqldb.persist.PersistentStore,org.hsqldb.index.NodeAVL,boolean,boolean)|,|project://hsqldb-2.0.0/hsqldb/src/org/hsqldb/index/IndexAVL.java|(48042,79,<1637,34>,<1638,36>)>>,
  <<|java+class:///org/hsqldb/persist/TextCache|,|java+class:///org/hsqldb/persist/DataFileCache|>,<|java+method:///org/hsqldb/persist/DataFileCache/defrag()|,|project://hsqldb-2.0.0/hsqldb/src/org/hsqldb/persist/DataFileCache.java|(15942,64,<504,33>,<505,29>)>>,
  <<|java+class:///org/hsqldb/View|,|java+class:///org/hsqldb/Table|>,<|java+method:///org/hsqldb/Table/getFKConstraintForColumns(org.hsqldb.Table,int%5B%5D,int%5B%5D)|,|project://hsqldb-2.0.0/hsqldb/src/org/hsqldb/Table.java|(32320,50,<1018,16>,<1018,66>)>>,
  <<|java+class:///org/hsqldb/persist/RowStoreAVLMemory|,|java+class:///org/hsqldb/persist/RowStoreAVL|>,<|java+method:///org/hsqldb/persist/RowStoreAVL/insertIndexNodes(org.hsqldb.index.Index,org.hsqldb.index.Index)|,|project://hsqldb-2.0.0/hsqldb/src/org/hsqldb/persist/RowStoreAVL.java|(11584,27,<386,13>,<386,40>)>>,
  <<|java+class:///org/hsqldb/ExpressionLike|,|java+class:///org/hsqldb/Expression|>,<|java+method:///org/hsqldb/Expression/collectAllExpressions(org.hsqldb.lib.OrderedHashSet,org.hsqldb.lib.OrderedIntHashSet,org.hsqldb.lib.OrderedIntHashSet)|,|project://hsqldb-2.0.0/hsqldb/src/org/hsqldb/Expression.java|(49872,13,<1782,12>,<1782,25>)>>,
  <<|java+class:///org/hsqldb/ExpressionAccessor|,|java+class:///org/hsqldb/Expression|>,<|java+method:///org/hsqldb/Expression/resolveCheckOrGenExpression(org.hsqldb.Session,org.hsqldb.RangeVariable%5B%5D,boolean)|,|project://hsqldb-2.0.0/hsqldb/src/org/hsqldb/Expression.java|(43560,56,<1575,12>,<1575,68>)>>,
  <<|java+class:///org/hsqldb/TableDerived|,|java+class:///org/hsqldb/Table|>,<|java+method:///org/hsqldb/Table/createPrimaryKeyConstraint(org.hsqldb.HsqlNameManager.HsqlName,int%5B%5D,boolean)|,|project://hsqldb-2.0.0/hsqldb/src/org/hsqldb/Table.java|(49435,119,<1622,12>,<1623,68>)>>,
  <<|java+class:///org/hsqldb/server/WebServer|,|java+class:///org/hsqldb/server/Server|>,<|java+method:///org/hsqldb/server/Server/openDatabases()|,|project://hsqldb-2.0.0/hsqldb/src/org/hsqldb/server/Server.java|(58121,116,<1818,21>,<1819,60>)>>,
  <<|java+class:///org/hsqldb/persist/RowStoreAVLDiskData|,|java+class:///org/hsqldb/persist/RowStoreAVL|>,<|java+method:///org/hsqldb/persist/RowStoreAVL/rowIterator()|,|project://hsqldb-2.0.0/hsqldb/src/org/hsqldb/persist/RowStoreAVL.java|(5571,27,<190,15>,<190,42>)>>,
  <<|java+class:///org/hsqldb/ExpressionLogical|,|java+class:///org/hsqldb/Expression|>,<|java+method:///org/hsqldb/Expression/collectAllExpressions(org.hsqldb.lib.OrderedHashSet,org.hsqldb.lib.OrderedIntHashSet,org.hsqldb.lib.OrderedIntHashSet)|,|project://hsqldb-2.0.0/hsqldb/src/org/hsqldb/Expression.java|(49872,13,<1782,12>,<1782,25>)>>,
  <<|java+class:///org/hsqldb/sample/DatabaseManagerSample|,|java+class:///org/hsqldb/util/DatabaseManager|>,<|java+method:///org/hsqldb/util/DatabaseManager/main()|,|project://hsqldb-2.0.0/hsqldb/src/org/hsqldb/util/DatabaseManager.java|(12996,29,<376,8>,<376,37>)>>,
  <<|java+class:///org/hsqldb/TextTable|,|java+class:///org/hsqldb/Table|>,<|java+method:///org/hsqldb/Table/insertSingleRow(org.hsqldb.Session,org.hsqldb.persist.PersistentStore,java.lang.Object%5B%5D,int%5B%5D)|,|project://hsqldb-2.0.0/hsqldb/src/org/hsqldb/Table.java|(72419,34,<2488,8>,<2488,42>)>>,
  <<|java+class:///org/hsqldb/sample/DatabaseManagerSample|,|java+class:///org/hsqldb/util/DatabaseManager|>,<|java+method:///org/hsqldb/util/DatabaseManager/main()|,|project://hsqldb-2.0.0/hsqldb/src/org/hsqldb/util/DatabaseManager.java|(14958,25,<441,8>,<441,33>)>>,
  <<|java+class:///org/hsqldb/ExpressionArithmetic|,|java+class:///org/hsqldb/Expression|>,<|java+method:///org/hsqldb/Expression/getUnkeyedColumns(org.hsqldb.lib.OrderedHashSet)|,|project://hsqldb-2.0.0/hsqldb/src/org/hsqldb/Expression.java|(27646,23,<1021,20>,<1021,43>)>>,
  <<|java+class:///org/hsqldb/ExpressionColumn|,|java+class:///org/hsqldb/Expression|>,<|java+method:///org/hsqldb/Expression/convertToSimpleColumn(org.hsqldb.lib.OrderedHashSet,org.hsqldb.lib.OrderedHashSet)|,|project://hsqldb-2.0.0/hsqldb/src/org/hsqldb/Expression.java|(19587,26,<706,20>,<706,46>)>>,
  <<|java+class:///org/hsqldb/rowio/RowOutputText|,|java+class:///org/hsqldb/lib/HsqlByteArrayOutputStream|>,<|java+method:///org/hsqldb/lib/HsqlByteArrayOutputStream/writeUTF(java.lang.String)|,|project://hsqldb-2.0.0/hsqldb/src/org/hsqldb/lib/HsqlByteArrayOutputStream.java|(5627,43,<218,8>,<218,51>)>>,
  <<|java+class:///org/hsqldb/TableDerived|,|java+class:///org/hsqldb/Table|>,<|java+method:///org/hsqldb/Table/createDefaultStore()|,|project://hsqldb-2.0.0/hsqldb/src/org/hsqldb/Table.java|(10506,160,<273,16>,<275,52>)>>,
  <<|java+class:///org/hsqldb/types/BlobType|,|java+class:///org/hsqldb/types/BinaryType|>,<|java+method:///org/hsqldb/types/BinaryType/getCombinedType(org.hsqldb.types.Type,int)|,|project://hsqldb-2.0.0/hsqldb/src/org/hsqldb/types/BinaryType.java|(8925,19,<259,16>,<259,35>)>>,
  <<|java+class:///org/hsqldb/persist/RowStoreAVLDiskData|,|java+class:///org/hsqldb/persist/RowStoreAVL|>,<|java+method:///org/hsqldb/persist/RowStoreAVL/reindex(org.hsqldb.Session,org.hsqldb.index.Index)|,|project://hsqldb-2.0.0/hsqldb/src/org/hsqldb/persist/RowStoreAVL.java|(12301,32,<416,12>,<416,44>)>>,
  <<|java+class:///org/hsqldb/View|,|java+class:///org/hsqldb/Table|>,<|java+method:///org/hsqldb/Table/setIndexRoots(int%5B%5D)|,|project://hsqldb-2.0.0/hsqldb/src/org/hsqldb/Table.java|(70372,49,<2409,12>,<2409,61>)>>,
  <<|java+class:///org/hsqldb/ExpressionLogical|,|java+class:///org/hsqldb/Expression|>,<|java+method:///org/hsqldb/Expression/convertToSimpleColumn(org.hsqldb.lib.OrderedHashSet,org.hsqldb.lib.OrderedHashSet)|,|project://hsqldb-2.0.0/hsqldb/src/org/hsqldb/Expression.java|(19587,26,<706,20>,<706,46>)>>,
  <<|java+class:///org/hsqldb/persist/RowStoreAVLHybrid|,|java+class:///org/hsqldb/persist/RowStoreAVL|>,<|java+method:///org/hsqldb/persist/RowStoreAVL/indexRow(org.hsqldb.Session,org.hsqldb.Row)|,|project://hsqldb-2.0.0/hsqldb/src/org/hsqldb/persist/RowStoreAVL.java|(4577,39,<149,16>,<149,55>)>>,
  <<|java+class:///org/hsqldb/TableDerived|,|java+class:///org/hsqldb/Table|>,<|java+method:///org/hsqldb/Table/getIndexRootsArray()|,|project://hsqldb-2.0.0/hsqldb/src/org/hsqldb/Table.java|(69239,49,<2375,12>,<2375,61>)>>,
  <<|java+class:///org/hsqldb/persist/RowStoreAVLMemory|,|java+class:///org/hsqldb/persist/RowStoreAVL|>,<|java+method:///org/hsqldb/persist/RowStoreAVL/dropIndexFromRows(org.hsqldb.index.Index,org.hsqldb.index.Index)|,|project://hsqldb-2.0.0/hsqldb/src/org/hsqldb/persist/RowStoreAVL.java|(10321,27,<342,31>,<342,58>)>>,
  <<|java+class:///org/hsqldb/ExpressionLike|,|java+class:///org/hsqldb/Expression|>,<|java+method:///org/hsqldb/Expression/convertToSimpleColumn(org.hsqldb.lib.OrderedHashSet,org.hsqldb.lib.OrderedHashSet)|,|project://hsqldb-2.0.0/hsqldb/src/org/hsqldb/Expression.java|(19587,26,<706,20>,<706,46>)>>,
  <<|java+class:///org/hsqldb/View|,|java+class:///org/hsqldb/Table|>,<|java+method:///org/hsqldb/Table/moveDefinition(org.hsqldb.Session,int,org.hsqldb.ColumnSchema,org.hsqldb.Constraint,org.hsqldb.index.Index,int,int,org.hsqldb.lib.OrderedHashSet,org.hsqldb.lib.OrderedHashSet)|,|project://hsqldb-2.0.0/hsqldb/src/org/hsqldb/Table.java|(39179,48,<1259,12>,<1259,60>)>>,
  <<|java+class:///org/hsqldb/TableDerived|,|java+class:///org/hsqldb/Table|>,<|java+method:///org/hsqldb/Table/getSQL(org.hsqldb.lib.OrderedHashSet,org.hsqldb.lib.OrderedHashSet)|,|project://hsqldb-2.0.0/hsqldb/src/org/hsqldb/Table.java|(16250,34,<472,21>,<472,55>)>>,
  <<|java+class:///org/hsqldb/rowio/RowOutputBinaryEncode|,|java+class:///org/hsqldb/rowio/RowOutputBinary|>,<|java+method:///org/hsqldb/rowio/RowOutputBinary/writeString(java.lang.String)|,|project://hsqldb-2.0.0/hsqldb/src/org/hsqldb/rowio/RowOutputBinary.java|(4143,41,<138,12>,<138,53>)>>,
  <<|java+class:///org/hsqldb/View|,|java+class:///org/hsqldb/Table|>,<|java+method:///org/hsqldb/Table/setColumnStructures()|,|project://hsqldb-2.0.0/hsqldb/src/org/hsqldb/Table.java|(50093,26,<1643,45>,<1643,71>)>>,
  <<|java+class:///org/hsqldb/TableDerived|,|java+class:///org/hsqldb/Table|>,<|java+method:///org/hsqldb/Table/insertNoCheckFromLog(org.hsqldb.Session,java.lang.Object%5B%5D)|,|project://hsqldb-2.0.0/hsqldb/src/org/hsqldb/Table.java|(73196,37,<2517,32>,<2517,69>)>>,
  <<|java+class:///org/hsqldb/persist/RowStoreAVLMemory|,|java+class:///org/hsqldb/persist/RowStoreAVL|>,<|java+method:///org/hsqldb/persist/RowStoreAVL/delete(org.hsqldb.Session,org.hsqldb.Row)|,|project://hsqldb-2.0.0/hsqldb/src/org/hsqldb/persist/RowStoreAVL.java|(4340,39,<137,12>,<137,51>)>>,
  <<|java+class:///org/hsqldb/ExpressionArithmetic|,|java+class:///org/hsqldb/Expression|>,<|java+method:///org/hsqldb/Expression/collectAllExpressions(org.hsqldb.lib.OrderedHashSet,org.hsqldb.lib.OrderedIntHashSet,org.hsqldb.lib.OrderedIntHashSet)|,|project://hsqldb-2.0.0/hsqldb/src/org/hsqldb/Expression.java|(49872,13,<1782,12>,<1782,25>)>>,
  <<|java+class:///org/hsqldb/persist/DataFileCacheSession|,|java+class:///org/hsqldb/persist/DataFileCache|>,<|java+method:///org/hsqldb/persist/DataFileCache/defrag()|,|project://hsqldb-2.0.0/hsqldb/src/org/hsqldb/persist/DataFileCache.java|(15942,64,<504,33>,<505,29>)>>,
  <<|java+class:///org/hsqldb/persist/RowStoreAVLMemory|,|java+class:///org/hsqldb/persist/RowStoreAVL|>,<|java+method:///org/hsqldb/persist/RowStoreAVL/reindex(org.hsqldb.Session,org.hsqldb.index.Index)|,|project://hsqldb-2.0.0/hsqldb/src/org/hsqldb/persist/RowStoreAVL.java|(12301,32,<416,12>,<416,44>)>>,
  <<|java+class:///org/hsqldb/scriptio/ScriptWriterText|,|java+class:///org/hsqldb/scriptio/ScriptWriterBase|>,<|java+method:///org/hsqldb/scriptio/ScriptWriterBase/start()|,|project://hsqldb-2.0.0/hsqldb/src/org/hsqldb/scriptio/ScriptWriterBase.java|(12638,100,<412,24>,<413,44>)>>,
  <<|java+class:///org/hsqldb/View|,|java+class:///org/hsqldb/Table|>,<|java+method:///org/hsqldb/Table/deleteNoCheckFromLog(org.hsqldb.Session,java.lang.Object%5B%5D)|,|project://hsqldb-2.0.0/hsqldb/src/org/hsqldb/Table.java|(77454,37,<2665,32>,<2665,69>)>>,
  <<|java+class:///org/hsqldb/persist/RowStoreAVLDiskData|,|java+class:///org/hsqldb/persist/RowStoreAVL|>,<|java+method:///org/hsqldb/persist/RowStoreAVL/dropIndexFromRows(org.hsqldb.index.Index,org.hsqldb.index.Index)|,|project://hsqldb-2.0.0/hsqldb/src/org/hsqldb/persist/RowStoreAVL.java|(10321,27,<342,31>,<342,58>)>>,
  <<|java+class:///org/hsqldb/jdbc/JDBCCallableStatement|,|java+class:///org/hsqldb/jdbc/JDBCPreparedStatement|>,<|java+method:///org/hsqldb/jdbc/JDBCPreparedStatement/performPostExecute()|,|project://hsqldb-2.0.0/hsqldb/src/org/hsqldb/jdbc/JDBCPreparedStatement.java|(186445,84,<4625,31>,<4626,54>)>>,
  <<|java+class:///org/hsqldb/persist/RowStoreAVLMemory|,|java+class:///org/hsqldb/persist/RowStoreAVL|>,<|java+method:///org/hsqldb/persist/RowStoreAVL/delete(org.hsqldb.Session,org.hsqldb.Row)|,|project://hsqldb-2.0.0/hsqldb/src/org/hsqldb/persist/RowStoreAVL.java|(4400,16,<140,8>,<140,24>)>>,
  <<|java+class:///org/hsqldb/index/IndexAVLMemory|,|java+class:///org/hsqldb/index/IndexAVL|>,<|java+method:///org/hsqldb/index/IndexAVL/delete(org.hsqldb.Session,org.hsqldb.persist.PersistentStore,org.hsqldb.Row)|,|project://hsqldb-2.0.0/hsqldb/src/org/hsqldb/index/IndexAVL.java|(22017,38,<735,12>,<735,50>)>>,
  <<|java+class:///org/hsqldb/TriggerDefSQL|,|java+class:///org/hsqldb/TriggerDef|>,<|java+method:///org/hsqldb/TriggerDef/start()|,|project://hsqldb-2.0.0/hsqldb/src/org/hsqldb/TriggerDef.java|(17875,16,<545,21>,<545,37>)>>,
  <<|java+class:///org/hsqldb/rowio/RowOutputBase|,|java+class:///org/hsqldb/lib/HsqlByteArrayOutputStream|>,<|java+method:///org/hsqldb/lib/HsqlByteArrayOutputStream/writeUTF(java.lang.String)|,|project://hsqldb-2.0.0/hsqldb/src/org/hsqldb/lib/HsqlByteArrayOutputStream.java|(5627,43,<218,8>,<218,51>)>>,
  <<|java+class:///org/hsqldb/TextTable|,|java+class:///org/hsqldb/Table|>,<|java+method:///org/hsqldb/Table/enforceRowConstraints(org.hsqldb.Session,java.lang.Object%5B%5D)|,|project://hsqldb-2.0.0/hsqldb/src/org/hsqldb/Table.java|(65189,124,<2223,20>,<2224,73>)>>,
  <<|java+class:///org/hsqldb/ExpressionArithmetic|,|java+class:///org/hsqldb/Expression|>,<|java+method:///org/hsqldb/Expression/convertToSimpleColumn(org.hsqldb.lib.OrderedHashSet,org.hsqldb.lib.OrderedHashSet)|,|project://hsqldb-2.0.0/hsqldb/src/org/hsqldb/Expression.java|(19587,26,<706,20>,<706,46>)>>,
  <<|java+class:///org/hsqldb/persist/RowStoreAVLHybrid|,|java+class:///org/hsqldb/persist/RowStoreAVL|>,<|java+method:///org/hsqldb/persist/RowStoreAVL/indexRows()|,|project://hsqldb-2.0.0/hsqldb/src/org/hsqldb/persist/RowStoreAVL.java|(5297,36,<179,16>,<179,52>)>>,
  <<|java+class:///org/hsqldb/rights/User|,|java+class:///org/hsqldb/rights/Grantee|>,<|java+method:///org/hsqldb/rights/Grantee/addGranteeAndRoles(org.hsqldb.lib.OrderedHashSet)|,|project://hsqldb-2.0.0/hsqldb/src/org/hsqldb/rights/Grantee.java|(9159,13,<315,8>,<315,21>)>>,
  <<|java+class:///org/hsqldb/RowAVLDiskData|,|java+class:///org/hsqldb/Row|>,<|java+method:///org/hsqldb/Row/isDeleted(org.hsqldb.Session,org.hsqldb.persist.PersistentStore)|,|project://hsqldb-2.0.0/hsqldb/src/org/hsqldb/Row.java|(2599,22,<73,33>,<73,55>)>>,
  <<|java+class:///org/hsqldb/ExpressionLogical|,|java+class:///org/hsqldb/Expression|>,<|java+method:///org/hsqldb/Expression/getUnkeyedColumns(org.hsqldb.lib.OrderedHashSet)|,|project://hsqldb-2.0.0/hsqldb/src/org/hsqldb/Expression.java|(27646,23,<1021,20>,<1021,43>)>>,
  <<|java+class:///org/hsqldb/TableDerived|,|java+class:///org/hsqldb/Table|>,<|java+method:///org/hsqldb/Table/getRowStore(org.hsqldb.Session)|,|project://hsqldb-2.0.0/hsqldb/src/org/hsqldb/Table.java|(79726,37,<2755,19>,<2755,56>)>>,
  <<|java+class:///org/hsqldb/persist/RowStoreAVLDiskData|,|java+class:///org/hsqldb/persist/RowStoreAVL|>,<|java+method:///org/hsqldb/persist/RowStoreAVL/insertIndexNodes(org.hsqldb.index.Index,org.hsqldb.index.Index)|,|project://hsqldb-2.0.0/hsqldb/src/org/hsqldb/persist/RowStoreAVL.java|(11584,27,<386,13>,<386,40>)>>,
  <<|java+class:///org/hsqldb/ExpressionLike|,|java+class:///org/hsqldb/Expression|>,<|java+method:///org/hsqldb/Expression/getUnkeyedColumns(org.hsqldb.lib.OrderedHashSet)|,|project://hsqldb-2.0.0/hsqldb/src/org/hsqldb/Expression.java|(27646,23,<1021,20>,<1021,43>)>>,
  <<|java+class:///org/hsqldb/sample/DatabaseManagerSample|,|java+class:///org/hsqldb/util/DatabaseManager|>,<|java+method:///org/hsqldb/util/DatabaseManager/addMenuItems(java.awt.Menu,java.lang.String%5B%5D)|,|project://hsqldb-2.0.0/hsqldb/src/org/hsqldb/util/DatabaseManager.java|(16655,28,<499,12>,<499,40>)>>,
  <<|java+class:///org/hsqldb/persist/RowStoreAVLMemory|,|java+class:///org/hsqldb/persist/RowStoreAVL|>,<|java+method:///org/hsqldb/persist/RowStoreAVL/rowIterator()|,|project://hsqldb-2.0.0/hsqldb/src/org/hsqldb/persist/RowStoreAVL.java|(5571,27,<190,15>,<190,42>)>>,
  <<|java+class:///org/hsqldb/TextTable|,|java+class:///org/hsqldb/Table|>,<|java+method:///org/hsqldb/Table/insertIntoTable(org.hsqldb.Session,org.hsqldb.result.Result)|,|project://hsqldb-2.0.0/hsqldb/src/org/hsqldb/Table.java|(72661,37,<2498,32>,<2498,69>)>>,
  <<|java+class:///org/hsqldb/TextTable|,|java+class:///org/hsqldb/Table|>,<|java+method:///org/hsqldb/Table/insertNoCheckFromLog(org.hsqldb.Session,java.lang.Object%5B%5D)|,|project://hsqldb-2.0.0/hsqldb/src/org/hsqldb/Table.java|(73361,34,<2521,8>,<2521,42>)>>,
  <<|java+class:///org/hsqldb/rights/User|,|java+class:///org/hsqldb/rights/Grantee|>,<|java+method:///org/hsqldb/rights/Grantee/grant(org.hsqldb.HsqlNameManager.HsqlName,org.hsqldb.rights.Right,org.hsqldb.rights.Grantee,boolean)|,|project://hsqldb-2.0.0/hsqldb/src/org/hsqldb/rights/Grantee.java|(11184,28,<389,12>,<389,40>)>>,
  <<|java+class:///org/hsqldb/FunctionSQLInvoked|,|java+class:///org/hsqldb/Expression|>,<|java+method:///org/hsqldb/Expression/resolveCheckOrGenExpression(org.hsqldb.Session,org.hsqldb.RangeVariable%5B%5D,boolean)|,|project://hsqldb-2.0.0/hsqldb/src/org/hsqldb/Expression.java|(43560,56,<1575,12>,<1575,68>)>>,
  <<|java+class:///org/hsqldb/persist/RowStoreAVLDisk|,|java+class:///org/hsqldb/persist/RowStoreAVL|>,<|java+method:///org/hsqldb/persist/RowStoreAVL/delete(org.hsqldb.Session,org.hsqldb.Row)|,|project://hsqldb-2.0.0/hsqldb/src/org/hsqldb/persist/RowStoreAVL.java|(4340,39,<137,12>,<137,51>)>>,
  <<|java+class:///org/hsqldb/View|,|java+class:///org/hsqldb/Table|>,<|java+method:///org/hsqldb/Table/createDefaultStore()|,|project://hsqldb-2.0.0/hsqldb/src/org/hsqldb/Table.java|(10506,160,<273,16>,<275,52>)>>,
  <<|java+class:///org/hsqldb/rowio/RowOutputBinary180|,|java+class:///org/hsqldb/lib/HsqlByteArrayOutputStream|>,<|java+method:///org/hsqldb/lib/HsqlByteArrayOutputStream/writeUTF(java.lang.String)|,|project://hsqldb-2.0.0/hsqldb/src/org/hsqldb/lib/HsqlByteArrayOutputStream.java|(5627,43,<218,8>,<218,51>)>>,
  <<|java+class:///org/hsqldb/persist/RowStoreAVLDisk|,|java+class:///org/hsqldb/persist/RowStoreAVL|>,<|java+method:///org/hsqldb/persist/RowStoreAVL/reindex(org.hsqldb.Session,org.hsqldb.index.Index)|,|project://hsqldb-2.0.0/hsqldb/src/org/hsqldb/persist/RowStoreAVL.java|(12301,32,<416,12>,<416,44>)>>,
  <<|java+class:///org/hsqldb/TextTable|,|java+class:///org/hsqldb/TableBase|>,<|java+method:///org/hsqldb/TableBase/createIndexStructure(org.hsqldb.HsqlNameManager.HsqlName,int%5B%5D,boolean%5B%5D,boolean%5B%5D,boolean,boolean,boolean)|,|project://hsqldb-2.0.0/hsqldb/src/org/hsqldb/TableBase.java|(13449,124,<417,25>,<418,77>)>>,
  <<|java+class:///org/hsqldb/FunctionCustom|,|java+class:///org/hsqldb/Expression|>,<|java+method:///org/hsqldb/Expression/getUnkeyedColumns(org.hsqldb.lib.OrderedHashSet)|,|project://hsqldb-2.0.0/hsqldb/src/org/hsqldb/Expression.java|(27646,23,<1021,20>,<1021,43>)>>,
  <<|java+class:///org/hsqldb/TableDerived|,|java+class:///org/hsqldb/Table|>,<|java+method:///org/hsqldb/Table/setIndexRoots(int%5B%5D)|,|project://hsqldb-2.0.0/hsqldb/src/org/hsqldb/Table.java|(70372,49,<2409,12>,<2409,61>)>>,
  <<|java+class:///org/hsqldb/types/BlobType|,|java+class:///org/hsqldb/types/BinaryType|>,<|java+method:///org/hsqldb/types/BinaryType/getAggregateType(org.hsqldb.types.Type)|,|project://hsqldb-2.0.0/hsqldb/src/org/hsqldb/types/BinaryType.java|(6535,28,<195,19>,<195,47>)>>,
  <<|java+class:///org/hsqldb/ExpressionAggregate|,|java+class:///org/hsqldb/Expression|>,<|java+method:///org/hsqldb/Expression/convertToSimpleColumn(org.hsqldb.lib.OrderedHashSet,org.hsqldb.lib.OrderedHashSet)|,|project://hsqldb-2.0.0/hsqldb/src/org/hsqldb/Expression.java|(19587,26,<706,20>,<706,46>)>>,
  <<|java+class:///org/hsqldb/persist/RowStoreAVLHybrid|,|java+class:///org/hsqldb/persist/RowStoreAVL|>,<|java+method:///org/hsqldb/persist/RowStoreAVL/insertIndexNodes(org.hsqldb.index.Index,org.hsqldb.index.Index)|,|project://hsqldb-2.0.0/hsqldb/src/org/hsqldb/persist/RowStoreAVL.java|(11246,32,<374,16>,<374,48>)>>,
  <<|java+class:///org/hsqldb/ExpressionValue|,|java+class:///org/hsqldb/Expression|>,<|java+method:///org/hsqldb/Expression/resolveCheckOrGenExpression(org.hsqldb.Session,org.hsqldb.RangeVariable%5B%5D,boolean)|,|project://hsqldb-2.0.0/hsqldb/src/org/hsqldb/Expression.java|(43560,56,<1575,12>,<1575,68>)>>,
  <<|java+class:///org/hsqldb/Server|,|java+class:///org/hsqldb/server/Server|>,<|java+method:///org/hsqldb/server/Server/openDatabases()|,|project://hsqldb-2.0.0/hsqldb/src/org/hsqldb/server/Server.java|(58121,116,<1818,21>,<1819,60>)>>,
  <<|java+class:///org/hsqldb/persist/RowStoreAVLHybrid|,|java+class:///org/hsqldb/persist/RowStoreAVL|>,<|java+method:///org/hsqldb/persist/RowStoreAVL/reindex(org.hsqldb.Session,org.hsqldb.index.Index)|,|project://hsqldb-2.0.0/hsqldb/src/org/hsqldb/persist/RowStoreAVL.java|(12136,23,<410,25>,<410,48>)>>,
  <<|java+class:///org/hsqldb/persist/RowStoreAVLDisk|,|java+class:///org/hsqldb/persist/RowStoreAVL|>,<|java+method:///org/hsqldb/persist/RowStoreAVL/delete(org.hsqldb.Session,org.hsqldb.Row)|,|project://hsqldb-2.0.0/hsqldb/src/org/hsqldb/persist/RowStoreAVL.java|(4400,16,<140,8>,<140,24>)>>,
  <<|java+class:///org/hsqldb/View|,|java+class:///org/hsqldb/Table|>,<|java+method:///org/hsqldb/Table/getIndexRootsArray()|,|project://hsqldb-2.0.0/hsqldb/src/org/hsqldb/Table.java|(69239,49,<2375,12>,<2375,61>)>>,
  <<|java+class:///org/hsqldb/TableDerived|,|java+class:///org/hsqldb/Table|>,<|java+method:///org/hsqldb/Table/moveDefinition(org.hsqldb.Session,int,org.hsqldb.ColumnSchema,org.hsqldb.Constraint,org.hsqldb.index.Index,int,int,org.hsqldb.lib.OrderedHashSet,org.hsqldb.lib.OrderedHashSet)|,|project://hsqldb-2.0.0/hsqldb/src/org/hsqldb/Table.java|(39179,48,<1259,12>,<1259,60>)>>,
  <<|java+class:///org/hsqldb/View|,|java+class:///org/hsqldb/Table|>,<|java+method:///org/hsqldb/Table/getSQL(org.hsqldb.lib.OrderedHashSet,org.hsqldb.lib.OrderedHashSet)|,|project://hsqldb-2.0.0/hsqldb/src/org/hsqldb/Table.java|(16250,34,<472,21>,<472,55>)>>,
  <<|java+class:///org/hsqldb/TextTable|,|java+class:///org/hsqldb/Table|>,<|java+method:///org/hsqldb/Table/getRowStore(org.hsqldb.Session)|,|project://hsqldb-2.0.0/hsqldb/src/org/hsqldb/Table.java|(79807,37,<2758,31>,<2758,68>)>>,
  <<|java+class:///org/hsqldb/StatementDML|,|java+class:///org/hsqldb/StatementDMQL|>,<|java+method:///org/hsqldb/StatementDMQL/execute(org.hsqldb.Session)|,|project://hsqldb-2.0.0/hsqldb/src/org/hsqldb/StatementDMQL.java|(6110,44,<192,8>,<192,52>)>>,
  <<|java+class:///org/hsqldb/TextTable|,|java+class:///org/hsqldb/TableBase|>,<|java+method:///org/hsqldb/TableBase/createPrimaryIndex(int%5B%5D,org.hsqldb.types.Type%5B%5D,org.hsqldb.HsqlNameManager.HsqlName)|,|project://hsqldb-2.0.0/hsqldb/src/org/hsqldb/TableBase.java|(11971,144,<375,25>,<377,18>)>>,
  <<|java+class:///org/hsqldb/TableDerived|,|java+class:///org/hsqldb/Table|>,<|java+method:///org/hsqldb/Table/getFKConstraintForColumns(org.hsqldb.Table,int%5B%5D,int%5B%5D)|,|project://hsqldb-2.0.0/hsqldb/src/org/hsqldb/Table.java|(32320,50,<1018,16>,<1018,66>)>>,
  <<|java+class:///org/hsqldb/ExpressionTable|,|java+class:///org/hsqldb/Expression|>,<|java+method:///org/hsqldb/Expression/resolveCheckOrGenExpression(org.hsqldb.Session,org.hsqldb.RangeVariable%5B%5D,boolean)|,|project://hsqldb-2.0.0/hsqldb/src/org/hsqldb/Expression.java|(43560,56,<1575,12>,<1575,68>)>>,
  <<|java+class:///org/hsqldb/View|,|java+class:///org/hsqldb/Table|>,<|java+method:///org/hsqldb/Table/deleteNoCheckFromLog(org.hsqldb.Session,java.lang.Object%5B%5D)|,|project://hsqldb-2.0.0/hsqldb/src/org/hsqldb/Table.java|(79042,40,<2726,8>,<2726,48>)>>,
  <<|java+class:///org/hsqldb/FunctionSQL|,|java+class:///org/hsqldb/Expression|>,<|java+method:///org/hsqldb/Expression/resolveCheckOrGenExpression(org.hsqldb.Session,org.hsqldb.RangeVariable%5B%5D,boolean)|,|project://hsqldb-2.0.0/hsqldb/src/org/hsqldb/Expression.java|(43560,56,<1575,12>,<1575,68>)>>,
  <<|java+class:///org/hsqldb/rowio/RowOutputTextQuoted|,|java+class:///org/hsqldb/lib/HsqlByteArrayOutputStream|>,<|java+method:///org/hsqldb/lib/HsqlByteArrayOutputStream/writeUTF(java.lang.String)|,|project://hsqldb-2.0.0/hsqldb/src/org/hsqldb/lib/HsqlByteArrayOutputStream.java|(5627,43,<218,8>,<218,51>)>>,
  <<|java+class:///org/hsqldb/index/IndexAVLMemory|,|java+class:///org/hsqldb/index/IndexAVL|>,<|java+method:///org/hsqldb/index/IndexAVL/getAccessor(org.hsqldb.persist.PersistentStore)|,|project://hsqldb-2.0.0/hsqldb/src/org/hsqldb/index/IndexAVL.java|(47724,23,<1626,33>,<1626,56>)>>,
  <<|java+class:///org/hsqldb/View|,|java+class:///org/hsqldb/Table|>,<|java+method:///org/hsqldb/Table/createPrimaryKeyConstraint(org.hsqldb.HsqlNameManager.HsqlName,int%5B%5D,boolean)|,|project://hsqldb-2.0.0/hsqldb/src/org/hsqldb/Table.java|(49435,119,<1622,12>,<1623,68>)>>,
  <<|java+class:///org/hsqldb/persist/RowStoreAVLDisk|,|java+class:///org/hsqldb/persist/RowStoreAVL|>,<|java+method:///org/hsqldb/persist/RowStoreAVL/rowIterator()|,|project://hsqldb-2.0.0/hsqldb/src/org/hsqldb/persist/RowStoreAVL.java|(5571,27,<190,15>,<190,42>)>>,
  <<|java+class:///org/hsqldb/TextTable|,|java+class:///org/hsqldb/TableBase|>,<|java+method:///org/hsqldb/TableBase/rowIterator(org.hsqldb.Session)|,|project://hsqldb-2.0.0/hsqldb/src/org/hsqldb/TableBase.java|(5967,37,<164,32>,<164,69>)>>,
  <<|java+class:///org/hsqldb/ExpressionOrderBy|,|java+class:///org/hsqldb/Expression|>,<|java+method:///org/hsqldb/Expression/getUnkeyedColumns(org.hsqldb.lib.OrderedHashSet)|,|project://hsqldb-2.0.0/hsqldb/src/org/hsqldb/Expression.java|(27646,23,<1021,20>,<1021,43>)>>,
  <<|java+class:///org/hsqldb/ExpressionColumnAccessor|,|java+class:///org/hsqldb/Expression|>,<|java+method:///org/hsqldb/Expression/resolveCheckOrGenExpression(org.hsqldb.Session,org.hsqldb.RangeVariable%5B%5D,boolean)|,|project://hsqldb-2.0.0/hsqldb/src/org/hsqldb/Expression.java|(43560,56,<1575,12>,<1575,68>)>>,
  <<|java+class:///org/hsqldb/ExpressionAggregate|,|java+class:///org/hsqldb/Expression|>,<|java+method:///org/hsqldb/Expression/collectAllExpressions(org.hsqldb.lib.OrderedHashSet,org.hsqldb.lib.OrderedIntHashSet,org.hsqldb.lib.OrderedIntHashSet)|,|project://hsqldb-2.0.0/hsqldb/src/org/hsqldb/Expression.java|(49872,13,<1782,12>,<1782,25>)>>,
  <<|java+class:///org/hsqldb/TextTable|,|java+class:///org/hsqldb/Table|>,<|java+method:///org/hsqldb/Table/moveDefinition(org.hsqldb.Session,int,org.hsqldb.ColumnSchema,org.hsqldb.Constraint,org.hsqldb.index.Index,int,int,org.hsqldb.lib.OrderedHashSet,org.hsqldb.lib.OrderedHashSet)|,|project://hsqldb-2.0.0/hsqldb/src/org/hsqldb/Table.java|(39032,50,<1254,12>,<1254,62>)>>
}