{
  <<|java+class:///org/hsqldb/Table|,|java+class:///org/hsqldb/TableBase|>,<|project://hsqldb-2.0.0/hsqldb/src/org/hsqldb/TableWorks.java|(35200,22,<972,13>,<972,35>),|java+method:///org/hsqldb/TableBase/isEmpty(org.hsqldb.Session)|>>,
  <<|java+class:///org/hsqldb/persist/RowStoreAVLHybrid|,|java+class:///org/hsqldb/persist/RowStoreAVL|>,<|project://hsqldb-2.0.0/hsqldb/src/org/hsqldb/persist/RowStoreAVLHybrid.java|(8814,20,<313,16>,<313,36>),|java+method:///org/hsqldb/persist/RowStoreAVL/delete(org.hsqldb.Session,org.hsqldb.Row)|>>,
  <<|java+class:///org/hsqldb/Table|,|java+class:///org/hsqldb/TableBase|>,<|project://hsqldb-2.0.0/hsqldb/src/org/hsqldb/StatementSchema.java|(35649,26,<939,41>,<939,67>),|java+method:///org/hsqldb/TableBase/rowIterator(org.hsqldb.Session)|>>,
  <<|java+class:///org/hsqldb/persist/RowStoreAVLMemory|,|java+class:///org/hsqldb/persist/RowStoreAVL|>,<|project://hsqldb-2.0.0/hsqldb/src/org/hsqldb/persist/RowStoreAVLMemory.java|(5789,20,<189,20>,<189,40>),|java+method:///org/hsqldb/persist/RowStoreAVL/delete(org.hsqldb.Session,org.hsqldb.Row)|>>,
  <<|java+class:///org/hsqldb/Table|,|java+class:///org/hsqldb/TableBase|>,<|project://hsqldb-2.0.0/hsqldb/src/org/hsqldb/Table.java|(77780,20,<2675,29>,<2675,49>),|java+method:///org/hsqldb/TableBase/rowIterator(org.hsqldb.Session)|>>,
  <<|java+class:///org/hsqldb/Table|,|java+class:///org/hsqldb/TableBase|>,<|project://hsqldb-2.0.0/hsqldb/src/org/hsqldb/TableWorks.java|(22105,86,<612,22>,<613,30>),|java+method:///org/hsqldb/TableBase/createIndexStructure(org.hsqldb.HsqlNameManager.HsqlName,int%5B%5D,boolean%5B%5D,boolean%5B%5D,boolean,boolean,boolean)|>>,
  <<|java+class:///org/hsqldb/Table|,|java+class:///org/hsqldb/TableBase|>,<|project://hsqldb-2.0.0/hsqldb/src/org/hsqldb/ExpressionLogical.java|(46120,22,<1442,32>,<1442,54>),|java+method:///org/hsqldb/TableBase/isEmpty(org.hsqldb.Session)|>>,
  <<|java+class:///org/hsqldb/Table|,|java+class:///org/hsqldb/TableBase|>,<|project://hsqldb-2.0.0/hsqldb/src/org/hsqldb/TableWorks.java|(28435,26,<784,29>,<784,55>),|java+method:///org/hsqldb/TableBase/rowIterator(org.hsqldb.Session)|>>,
  <<|java+class:///org/hsqldb/index/IndexAVLMemory|,|java+class:///org/hsqldb/index/IndexAVL|>,<|project://hsqldb-2.0.0/hsqldb/src/org/hsqldb/index/IndexAVLMemory.java|(5330,18,<128,24>,<128,42>),|java+method:///org/hsqldb/index/IndexAVL/getAccessor(org.hsqldb.persist.PersistentStore)|>>,
  <<|java+class:///org/hsqldb/persist/RowStoreAVLMemory|,|java+class:///org/hsqldb/persist/RowStoreAVL|>,<|project://hsqldb-2.0.0/hsqldb/src/org/hsqldb/persist/RowStoreAVLMemory.java|(5218,20,<170,16>,<170,36>),|java+method:///org/hsqldb/persist/RowStoreAVL/delete(org.hsqldb.Session,org.hsqldb.Row)|>>,
  <<|java+class:///org/hsqldb/TextTable|,|java+class:///org/hsqldb/Table|>,<|project://hsqldb-2.0.0/hsqldb/src/org/hsqldb/TextTable.java|(4183,36,<129,16>,<129,52>),|java+method:///org/hsqldb/Table/enforceRowConstraints(org.hsqldb.Session,java.lang.Object%5B%5D)|>>,
  <<|java+class:///org/hsqldb/Table|,|java+class:///org/hsqldb/TableBase|>,<|project://hsqldb-2.0.0/hsqldb/src/org/hsqldb/TextTable.java|(11195,25,<378,25>,<378,50>),|java+method:///org/hsqldb/TableBase/rowIterator(org.hsqldb.Session)|>>,
  <<|java+class:///org/hsqldb/Table|,|java+class:///org/hsqldb/TableBase|>,<|project://hsqldb-2.0.0/hsqldb/src/org/hsqldb/ExpressionLogical.java|(45509,39,<1423,15>,<1423,54>),|java+method:///org/hsqldb/TableBase/isEmpty(org.hsqldb.Session)|>>,
  <<|java+class:///org/hsqldb/Table|,|java+class:///org/hsqldb/TableBase|>,<|project://hsqldb-2.0.0/hsqldb/src/org/hsqldb/ExpressionLogical.java|(43605,44,<1355,33>,<1355,77>),|java+method:///org/hsqldb/TableBase/rowIterator(org.hsqldb.Session)|>>,
  <<|java+class:///org/hsqldb/Table|,|java+class:///org/hsqldb/TableBase|>,<|project://hsqldb-2.0.0/hsqldb/src/org/hsqldb/Table.java|(38108,252,<1223,18>,<1226,58>),|java+method:///org/hsqldb/TableBase/createIndexStructure(org.hsqldb.HsqlNameManager.HsqlName,int%5B%5D,boolean%5B%5D,boolean%5B%5D,boolean,boolean,boolean)|>>,
  <<|java+class:///org/hsqldb/persist/RowStoreAVLHybrid|,|java+class:///org/hsqldb/persist/RowStoreAVL|>,<|project://hsqldb-2.0.0/hsqldb/src/org/hsqldb/persist/RowStoreAVLHybrid.java|(11537,22,<420,16>,<420,38>),|java+method:///org/hsqldb/persist/RowStoreAVL/indexRow(org.hsqldb.Session,org.hsqldb.Row)|>>,
  <<|java+class:///org/hsqldb/persist/RowStoreAVLHybrid|,|java+class:///org/hsqldb/persist/RowStoreAVL|>,<|project://hsqldb-2.0.0/hsqldb/src/org/hsqldb/persist/RowStoreAVLHybrid.java|(9291,22,<329,20>,<329,42>),|java+method:///org/hsqldb/persist/RowStoreAVL/indexRow(org.hsqldb.Session,org.hsqldb.Row)|>>,
  <<|java+class:///org/hsqldb/TableDerived|,|java+class:///org/hsqldb/Table|>,<|project://hsqldb-2.0.0/hsqldb/src/org/hsqldb/TableUtil.java|(2810,112,<75,8>,<76,46>),|java+method:///org/hsqldb/Table/createPrimaryKeyConstraint(org.hsqldb.HsqlNameManager.HsqlName,int%5B%5D,boolean)|>>,
  <<|java+class:///org/hsqldb/Table|,|java+class:///org/hsqldb/TableBase|>,<|project://hsqldb-2.0.0/hsqldb/src/org/hsqldb/SchemaManager.java|(23102,26,<742,29>,<742,55>),|java+method:///org/hsqldb/TableBase/rowIterator(org.hsqldb.Session)|>>,
  <<|java+class:///org/hsqldb/TableDerived|,|java+class:///org/hsqldb/TableBase|>,<|project://hsqldb-2.0.0/hsqldb/src/org/hsqldb/TableDerived.java|(4005,57,<111,8>,<111,65>),|java+method:///org/hsqldb/TableBase/createPrimaryIndex(int%5B%5D,org.hsqldb.types.Type%5B%5D,org.hsqldb.HsqlNameManager.HsqlName)|>>,
  <<|java+class:///org/hsqldb/Table|,|java+class:///org/hsqldb/TableBase|>,<|project://hsqldb-2.0.0/hsqldb/src/org/hsqldb/StatementSession.java|(22914,26,<648,41>,<648,67>),|java+method:///org/hsqldb/TableBase/rowIterator(org.hsqldb.Session)|>>,
  <<|java+class:///org/hsqldb/persist/RowStoreAVLDisk|,|java+class:///org/hsqldb/persist/RowStoreAVL|>,<|project://hsqldb-2.0.0/hsqldb/src/org/hsqldb/persist/RowStoreAVLDisk.java|(7632,20,<266,20>,<266,40>),|java+method:///org/hsqldb/persist/RowStoreAVL/delete(org.hsqldb.Session,org.hsqldb.Row)|>>,
  <<|java+class:///org/hsqldb/Table|,|java+class:///org/hsqldb/TableBase|>,<|project://hsqldb-2.0.0/hsqldb/src/org/hsqldb/scriptio/ScriptWriterText.java|(7052,25,<203,12>,<203,37>),|java+method:///org/hsqldb/TableBase/isEmpty(org.hsqldb.Session)|>>,
  <<|java+class:///org/hsqldb/persist/RowStoreAVLDiskData|,|java+class:///org/hsqldb/persist/RowStoreAVLDisk|>,<|project://hsqldb-2.0.0/hsqldb/src/org/hsqldb/persist/RowStoreAVLDiskData.java|(2654,28,<66,8>,<66,36>),|java+constructor:///org/hsqldb/persist/RowStoreAVLDisk/RowStoreAVLDisk(org.hsqldb.persist.PersistentStoreCollection,org.hsqldb.persist.DataFileCache,org.hsqldb.Table)|>>,
  <<|java+class:///org/hsqldb/persist/RowStoreAVLHybrid|,|java+class:///org/hsqldb/persist/RowStoreAVL|>,<|project://hsqldb-2.0.0/hsqldb/src/org/hsqldb/persist/RowStoreAVLHybrid.java|(9479,20,<335,20>,<335,40>),|java+method:///org/hsqldb/persist/RowStoreAVL/delete(org.hsqldb.Session,org.hsqldb.Row)|>>,
  <<|java+class:///org/hsqldb/persist/TextCache|,|java+class:///org/hsqldb/persist/DataFileCache|>,<|project://hsqldb-2.0.0/hsqldb/src/org/hsqldb/persist/TextCache.java|(4183,28,<104,8>,<104,36>),|java+constructor:///org/hsqldb/persist/DataFileCache/DataFileCache(org.hsqldb.Database,java.lang.String)|>>,
  <<|java+class:///org/hsqldb/Table|,|java+class:///org/hsqldb/TableBase|>,<|project://hsqldb-2.0.0/hsqldb/src/org/hsqldb/scriptio/ScriptWriterBase.java|(10251,29,<328,41>,<328,70>),|java+method:///org/hsqldb/TableBase/rowIterator(org.hsqldb.Session)|>>,
  <<|java+class:///org/hsqldb/Table|,|java+class:///org/hsqldb/TableBase|>,<|project://hsqldb-2.0.0/hsqldb/src/org/hsqldb/TableWorks.java|(38141,26,<1056,31>,<1056,57>),|java+method:///org/hsqldb/TableBase/rowIterator(org.hsqldb.Session)|>>,
  <<|java+class:///org/hsqldb/persist/RowStoreAVLDisk|,|java+class:///org/hsqldb/persist/RowStoreAVL|>,<|project://hsqldb-2.0.0/hsqldb/src/org/hsqldb/persist/RowStoreAVLDisk.java|(6826,20,<240,16>,<240,36>),|java+method:///org/hsqldb/persist/RowStoreAVL/delete(org.hsqldb.Session,org.hsqldb.Row)|>>,
  <<|java+class:///org/hsqldb/TableDerived|,|java+class:///org/hsqldb/TableBase|>,<|project://hsqldb-2.0.0/hsqldb/src/org/hsqldb/SubQuery.java|(9069,26,<294,25>,<294,51>),|java+method:///org/hsqldb/TableBase/rowIterator(org.hsqldb.Session)|>>,
  <<|java+class:///org/hsqldb/Table|,|java+class:///org/hsqldb/TableBase|>,<|project://hsqldb-2.0.0/hsqldb/src/org/hsqldb/TableWorks.java|(19740,121,<542,23>,<543,71>),|java+method:///org/hsqldb/TableBase/createIndexStructure(org.hsqldb.HsqlNameManager.HsqlName,int%5B%5D,boolean%5B%5D,boolean%5B%5D,boolean,boolean,boolean)|>>,
  <<|java+class:///org/hsqldb/Table|,|java+class:///org/hsqldb/TableBase|>,<|project://hsqldb-2.0.0/hsqldb/src/org/hsqldb/TableWorks.java|(19508,22,<538,12>,<538,34>),|java+method:///org/hsqldb/TableBase/isEmpty(org.hsqldb.Session)|>>,
  <<|java+class:///org/hsqldb/Table|,|java+class:///org/hsqldb/TableBase|>,<|project://hsqldb-2.0.0/hsqldb/src/org/hsqldb/TableWorks.java|(9491,22,<254,31>,<254,53>),|java+method:///org/hsqldb/TableBase/isEmpty(org.hsqldb.Session)|>>,
  <<|java+class:///org/hsqldb/Table|,|java+class:///org/hsqldb/TableBase|>,<|project://hsqldb-2.0.0/hsqldb/src/org/hsqldb/Table.java|(49090,57,<1612,8>,<1612,65>),|java+method:///org/hsqldb/TableBase/createPrimaryIndex(int%5B%5D,org.hsqldb.types.Type%5B%5D,org.hsqldb.HsqlNameManager.HsqlName)|>>,
  <<|java+class:///org/hsqldb/persist/RowStoreAVLMemory|,|java+class:///org/hsqldb/persist/RowStoreAVL|>,<|project://hsqldb-2.0.0/hsqldb/src/org/hsqldb/persist/RowStoreAVLMemory.java|(5601,22,<183,20>,<183,42>),|java+method:///org/hsqldb/persist/RowStoreAVL/indexRow(org.hsqldb.Session,org.hsqldb.Row)|>>,
  <<|java+class:///org/hsqldb/Table|,|java+class:///org/hsqldb/TableBase|>,<|project://hsqldb-2.0.0/hsqldb/src/org/hsqldb/Constraint.java|(30932,26,<955,25>,<955,51>),|java+method:///org/hsqldb/TableBase/rowIterator(org.hsqldb.Session)|>>,
  <<|java+class:///org/hsqldb/index/IndexAVLMemory|,|java+class:///org/hsqldb/index/IndexAVL|>,<|project://hsqldb-2.0.0/hsqldb/src/org/hsqldb/index/IndexAVLMemory.java|(6846,18,<189,16>,<189,34>),|java+method:///org/hsqldb/index/IndexAVL/getAccessor(org.hsqldb.persist.PersistentStore)|>>,
  <<|java+class:///org/hsqldb/Table|,|java+class:///org/hsqldb/TableBase|>,<|project://hsqldb-2.0.0/hsqldb/src/org/hsqldb/TableWorks.java|(9952,22,<270,13>,<270,35>),|java+method:///org/hsqldb/TableBase/isEmpty(org.hsqldb.Session)|>>,
  <<|java+class:///org/hsqldb/jdbc/JDBCStatement|,|java+class:///org/hsqldb/jdbc/JDBCStatementBase|>,<|project://hsqldb-2.0.0/hsqldb/src/org/hsqldb/jdbc/JDBCStatement.java|(44337,20,<1087,12>,<1087,32>),|java+method:///org/hsqldb/jdbc/JDBCStatementBase/performPostExecute()|>>,
  <<|java+class:///org/hsqldb/Table|,|java+class:///org/hsqldb/TableBase|>,<|project://hsqldb-2.0.0/hsqldb/src/org/hsqldb/TableWorks.java|(7962,101,<212,25>,<213,47>),|java+method:///org/hsqldb/TableBase/createIndexStructure(org.hsqldb.HsqlNameManager.HsqlName,int%5B%5D,boolean%5B%5D,boolean%5B%5D,boolean,boolean,boolean)|>>,
  <<|java+class:///org/hsqldb/jdbc/JDBCStatement|,|java+class:///org/hsqldb/jdbc/JDBCStatementBase|>,<|project://hsqldb-2.0.0/hsqldb/src/org/hsqldb/jdbc/JDBCStatement.java|(74600,20,<1799,12>,<1799,32>),|java+method:///org/hsqldb/jdbc/JDBCStatementBase/performPostExecute()|>>
}