[
  <<|java+class:///de/nava/informa/parsers/TestAtom_0_3_Parser|,|java+class:///de/nava/informa/utils/InformaTestCase|>,220,<|java+method:///de/nava/informa/utils/InformaTestCase/getDataDir()|,|java+method:///de/nava/informa/parsers/TestAtom_0_3_Parser/testCopyright()|>>,
  <<|java+class:///de/nava/informa/parsers/TestAtom_0_3_Parser|,|java+class:///de/nava/informa/utils/InformaTestCase|>,220,<|java+method:///de/nava/informa/utils/InformaTestCase/getDataDir()|,|java+method:///de/nava/informa/parsers/TestAtom_0_3_Parser/testSummaryOnly()|>>,
  <<|java+class:///de/nava/informa/parsers/TestAtom_0_3_Parser|,|java+class:///de/nava/informa/utils/InformaTestCase|>,220,<|java+method:///de/nava/informa/utils/InformaTestCase/getDataDir()|,|java+method:///de/nava/informa/parsers/TestAtom_0_3_Parser/testNoVersion()|>>,
  <<|java+class:///de/nava/informa/parsers/TestAtom_0_3_Parser|,|java+class:///de/nava/informa/utils/InformaTestCase|>,220,<|java+method:///de/nava/informa/utils/InformaTestCase/getDataDir()|,|java+method:///de/nava/informa/parsers/TestAtom_0_3_Parser/testEntryTitleFormat()|>>,
  <<|java+class:///de/nava/informa/parsers/TestAtom_0_3_Parser|,|java+class:///de/nava/informa/utils/InformaTestCase|>,220,<|java+method:///de/nava/informa/utils/InformaTestCase/getDataDir()|,|java+method:///de/nava/informa/parsers/TestAtom_0_3_Parser/testCDATAInTitlesAndDescriptions()|>>,
  <<|java+class:///de/nava/informa/parsers/TestAtom_0_3_Parser|,|java+class:///de/nava/informa/utils/InformaTestCase|>,220,<|java+field:///de/nava/informa/utils/InformaTestCase/method_name|,|java+constructor:///de/nava/informa/parsers/TestAtom_0_3_Parser/TestAtom_0_3_Parser(java.lang.String)|>>,
  <<|java+class:///de/nava/informa/parsers/TestAtom_0_3_Parser|,|java+class:///de/nava/informa/utils/InformaTestCase|>,220,<|java+method:///de/nava/informa/utils/InformaTestCase/getDataDir()|,|java+method:///de/nava/informa/parsers/TestAtom_0_3_Parser/testParseDiveIntoMark()|>>,
  <<|java+class:///de/nava/informa/parsers/TestAtom_0_3_Parser|,|java+class:///de/nava/informa/utils/InformaTestCase|>,220,<|java+method:///de/nava/informa/utils/InformaTestCase/getDataDir()|,|java+method:///de/nava/informa/parsers/TestAtom_0_3_Parser/testLanguage()|>>,
  <<|java+class:///de/nava/informa/parsers/TestAtom_0_3_Parser|,|java+class:///de/nava/informa/utils/InformaTestCase|>,220,<|java+method:///de/nava/informa/utils/InformaTestCase/getDataDir()|,|java+method:///de/nava/informa/parsers/TestAtom_0_3_Parser/testParseBloggerLinuxHelp()|>>,
  <<|java+class:///de/nava/informa/utils/manager/memory/Item|,|java+class:///de/nava/informa/impl/basic/Item|>,220,<|java+method:///de/nava/informa/impl/basic/Item/setTitle(java.lang.String)|,|java+constructor:///de/nava/informa/utils/manager/memory/Item/Item(long,java.lang.String,de.nava.informa.core.ChannelIF)|>>,
  <<|java+class:///de/nava/informa/utils/manager/memory/Item|,|java+class:///de/nava/informa/impl/basic/Item|>,220,<|java+method:///de/nava/informa/impl/basic/Item/setId(long)|,|java+constructor:///de/nava/informa/utils/manager/memory/Item/Item(long,java.lang.String,de.nava.informa.core.ChannelIF)|>>,
  <<|java+class:///de/nava/informa/parsers/TestRSS_1_0_Parser|,|java+class:///de/nava/informa/utils/InformaTestCase|>,220,<|java+method:///de/nava/informa/utils/InformaTestCase/getDataDir()|,|java+method:///de/nava/informa/parsers/TestRSS_1_0_Parser/testParseContentEncoded()|>>,
  <<|java+class:///de/nava/informa/parsers/TestRSS_1_0_Parser|,|java+class:///de/nava/informa/utils/InformaTestCase|>,220,<|java+method:///de/nava/informa/utils/InformaTestCase/getDataDir()|,|java+constructor:///de/nava/informa/parsers/TestRSS_1_0_Parser/TestRSS_1_0_Parser(java.lang.String)|>>,
  <<|java+class:///de/nava/informa/parsers/TestRSS_1_0_Parser|,|java+class:///de/nava/informa/utils/InformaTestCase|>,220,<|java+field:///de/nava/informa/utils/InformaTestCase/method_name|,|java+constructor:///de/nava/informa/parsers/TestRSS_1_0_Parser/TestRSS_1_0_Parser(java.lang.String)|>>,
  <<|java+class:///de/nava/informa/parsers/TestRSS_1_0_Parser|,|java+class:///de/nava/informa/utils/InformaTestCase|>,220,<|java+method:///de/nava/informa/utils/InformaTestCase/getDataDir()|,|java+method:///de/nava/informa/parsers/TestRSS_1_0_Parser/testParseW3CSynd()|>>,
  <<|java+class:///de/nava/informa/parsers/TestRSS_1_0_Parser|,|java+class:///de/nava/informa/utils/InformaTestCase|>,220,<|java+method:///de/nava/informa/utils/InformaTestCase/getDataDir()|,|java+method:///de/nava/informa/parsers/TestRSS_1_0_Parser/testParseGoogleWeblog()|>>,
  <<|java+class:///de/nava/informa/parsers/TestRSS_1_0_Parser|,|java+class:///de/nava/informa/utils/InformaTestCase|>,220,<|java+method:///de/nava/informa/utils/InformaTestCase/searchForItem(de.nava.informa.core.ChannelIF,java.lang.String)|,|java+method:///de/nava/informa/parsers/TestRSS_1_0_Parser/testCreatedItems()|>>,
  <<|java+class:///de/nava/informa/parsers/TestOPML_1_1_Parser|,|java+class:///de/nava/informa/utils/InformaTestCase|>,220,<|java+method:///de/nava/informa/utils/InformaTestCase/getDataDir()|,|java+constructor:///de/nava/informa/parsers/TestOPML_1_1_Parser/TestOPML_1_1_Parser(java.lang.String)|>>,
  <<|java+class:///de/nava/informa/utils/TestChannelRegistry|,|java+class:///de/nava/informa/utils/InformaTestCase|>,220,<|java+method:///de/nava/informa/utils/InformaTestCase/getDataDir()|,|java+method:///de/nava/informa/utils/TestChannelRegistry/XXXtestCreate()|>>,
  <<|java+class:///de/nava/informa/utils/TestChannelRegistry|,|java+class:///de/nava/informa/utils/InformaTestCase|>,220,<|java+method:///de/nava/informa/utils/InformaTestCase/getDataDir()|,|java+method:///de/nava/informa/utils/TestChannelRegistry/testParseProblem()|>>,
  <<|java+class:///de/nava/informa/utils/TestChannelRegistry|,|java+class:///de/nava/informa/utils/InformaTestCase|>,220,<|java+method:///de/nava/informa/utils/InformaTestCase/getOutputDir()|,|java+method:///de/nava/informa/utils/TestChannelRegistry/testParseProblem()|>>,
  <<|java+class:///de/nava/informa/impl/hibernate/TestChannelGroup|,|java+class:///de/nava/informa/utils/InformaHibernateTestCase|>,220,<|java+field:///de/nava/informa/utils/InformaHibernateTestCase/session|,|java+method:///de/nava/informa/impl/hibernate/TestChannelGroup/testChannelGroups()|>>,
  <<|java+class:///de/nava/informa/parsers/TestRSS_0_92_Parser|,|java+class:///de/nava/informa/utils/InformaTestCase|>,220,<|java+field:///de/nava/informa/utils/InformaTestCase/method_name|,|java+constructor:///de/nava/informa/parsers/TestRSS_0_92_Parser/TestRSS_0_92_Parser(java.lang.String)|>>,
  <<|java+class:///de/nava/informa/parsers/TestRSS_0_92_Parser|,|java+class:///de/nava/informa/utils/InformaTestCase|>,220,<|java+method:///de/nava/informa/utils/InformaTestCase/getDataDir()|,|java+method:///de/nava/informa/parsers/TestRSS_0_92_Parser/testParseW3CSynd()|>>,
  <<|java+class:///de/nava/informa/parsers/TestFeedParser|,|java+class:///de/nava/informa/utils/InformaTestCase|>,220,<|java+method:///de/nava/informa/utils/InformaTestCase/getDataDir()|,|java+method:///de/nava/informa/parsers/TestFeedParser/suite()|>>,
  <<|java+class:///de/nava/informa/parsers/TestFeedParser|,|java+class:///de/nava/informa/utils/InformaTestCase|>,220,<|java+field:///de/nava/informa/utils/InformaTestCase/FS|,|java+method:///de/nava/informa/parsers/TestFeedParser/suite()|>>,
  <<|java+class:///de/nava/informa/utils/TestCacheSettingsFM|,|java+class:///de/nava/informa/utils/InformaTestCase|>,220,<|java+method:///de/nava/informa/utils/InformaTestCase/getDataDir()|,|java+method:///de/nava/informa/utils/TestCacheSettingsFM/testRSS091SettingsDefault()|>>,
  <<|java+class:///de/nava/informa/utils/TestCacheSettingsFM|,|java+class:///de/nava/informa/utils/InformaTestCase|>,220,<|java+method:///de/nava/informa/utils/InformaTestCase/getDataDir()|,|java+method:///de/nava/informa/utils/TestCacheSettingsFM/testFMCache091()|>>,
  <<|java+class:///de/nava/informa/utils/TestCacheSettingsFM|,|java+class:///de/nava/informa/utils/InformaTestCase|>,220,<|java+method:///de/nava/informa/utils/InformaTestCase/getDataDir()|,|java+method:///de/nava/informa/utils/TestCacheSettingsFM/testFMCacheRSS100WithUpdatePeriod()|>>,
  <<|java+class:///de/nava/informa/utils/TestCacheSettingsFM|,|java+class:///de/nava/informa/utils/InformaTestCase|>,220,<|java+method:///de/nava/informa/utils/InformaTestCase/getDataDir()|,|java+method:///de/nava/informa/utils/TestCacheSettingsFM/testRSS100SettingsUpdatePeriodInFeed()|>>,
  <<|java+class:///de/nava/informa/utils/TestCacheSettingsFM|,|java+class:///de/nava/informa/utils/InformaTestCase|>,220,<|java+method:///de/nava/informa/utils/InformaTestCase/getDataDir()|,|java+method:///de/nava/informa/utils/TestCacheSettingsFM/testRSS091Settings()|>>,
  <<|java+class:///de/nava/informa/utils/TestCacheSettingsFM|,|java+class:///de/nava/informa/utils/InformaTestCase|>,220,<|java+method:///de/nava/informa/utils/InformaTestCase/getDataDir()|,|java+method:///de/nava/informa/utils/TestCacheSettingsFM/testRSS100SettingsNoUpdatePeriodInFeed()|>>,
  <<|java+class:///de/nava/informa/utils/TestCacheSettingsFM|,|java+class:///de/nava/informa/utils/InformaTestCase|>,220,<|java+method:///de/nava/informa/utils/InformaTestCase/getDataDir()|,|java+method:///de/nava/informa/utils/TestCacheSettingsFM/testRSS200SettingsUpdatePeriodInFeed()|>>,
  <<|java+class:///de/nava/informa/utils/manager/hibernate/PersistenceManager|,|java+class:///de/nava/informa/utils/manager/hibernate/NonCachingPersistenceManager|>,220,<|java+method:///de/nava/informa/utils/manager/hibernate/NonCachingPersistenceManager/createGroup(java.lang.String)|,|java+method:///de/nava/informa/utils/manager/hibernate/PersistenceManager/createGroup(java.lang.String)|>>,
  <<|java+class:///de/nava/informa/utils/manager/hibernate/PersistenceManager|,|java+class:///de/nava/informa/utils/manager/hibernate/NonCachingPersistenceManager|>,220,<|java+method:///de/nava/informa/utils/manager/hibernate/NonCachingPersistenceManager/deleteGroup(de.nava.informa.core.ChannelGroupIF)|,|java+method:///de/nava/informa/utils/manager/hibernate/PersistenceManager/deleteGroup(de.nava.informa.core.ChannelGroupIF)|>>,
  <<|java+class:///de/nava/informa/utils/manager/hibernate/PersistenceManager|,|java+class:///de/nava/informa/utils/manager/hibernate/NonCachingPersistenceManager|>,220,<|java+method:///de/nava/informa/utils/manager/hibernate/NonCachingPersistenceManager/mergeGroups(de.nava.informa.core.ChannelGroupIF,de.nava.informa.core.ChannelGroupIF)|,|java+method:///de/nava/informa/utils/manager/hibernate/PersistenceManager/mergeGroups(de.nava.informa.core.ChannelGroupIF,de.nava.informa.core.ChannelGroupIF)|>>,
  <<|java+class:///de/nava/informa/utils/manager/hibernate/PersistenceManager|,|java+class:///de/nava/informa/utils/manager/hibernate/NonCachingPersistenceManager|>,220,<|java+method:///de/nava/informa/utils/manager/hibernate/NonCachingPersistenceManager/getGroups()|,|java+method:///de/nava/informa/utils/manager/hibernate/PersistenceManager/getGroups()|>>,
  <<|java+class:///de/nava/informa/exporters/TestRSS_0_91_Exporter|,|java+class:///de/nava/informa/utils/InformaTestCase|>,220,<|java+field:///de/nava/informa/utils/InformaTestCase/FS|,|java+method:///de/nava/informa/exporters/TestRSS_0_91_Exporter/testExportChannel()|>>,
  <<|java+class:///de/nava/informa/exporters/TestRSS_0_91_Exporter|,|java+class:///de/nava/informa/utils/InformaTestCase|>,220,<|java+method:///de/nava/informa/utils/InformaTestCase/getOutputDir()|,|java+method:///de/nava/informa/exporters/TestRSS_0_91_Exporter/testExportChannel()|>>,
  <<|java+class:///de/nava/informa/parsers/TestAtom_1_0_Parser|,|java+class:///de/nava/informa/utils/InformaTestCase|>,220,<|java+method:///de/nava/informa/utils/InformaTestCase/getDataDir()|,|java+method:///de/nava/informa/parsers/TestAtom_1_0_Parser/testParseBloggerMyLetterOfTheDayCheckItems()|>>,
  <<|java+class:///de/nava/informa/parsers/TestAtom_1_0_Parser|,|java+class:///de/nava/informa/utils/InformaTestCase|>,220,<|java+method:///de/nava/informa/utils/InformaTestCase/getDataDir()|,|java+method:///de/nava/informa/parsers/TestAtom_1_0_Parser/testParseBloggerJayant7kCheckFeedDescription()|>>,
  <<|java+class:///de/nava/informa/parsers/TestAtom_1_0_Parser|,|java+class:///de/nava/informa/utils/InformaTestCase|>,220,<|java+method:///de/nava/informa/utils/InformaTestCase/getDataDir()|,|java+method:///de/nava/informa/parsers/TestAtom_1_0_Parser/testParseBloggerJayant7kCheckItems()|>>,
  <<|java+class:///de/nava/informa/parsers/TestAtom_1_0_Parser|,|java+class:///de/nava/informa/utils/InformaTestCase|>,220,<|java+field:///de/nava/informa/utils/InformaTestCase/method_name|,|java+constructor:///de/nava/informa/parsers/TestAtom_1_0_Parser/TestAtom_1_0_Parser(java.lang.String)|>>,
  <<|java+class:///de/nava/informa/parsers/TestAtom_1_0_Parser|,|java+class:///de/nava/informa/utils/InformaTestCase|>,220,<|java+method:///de/nava/informa/utils/InformaTestCase/getDataDir()|,|java+method:///de/nava/informa/parsers/TestAtom_1_0_Parser/testParsePodcastingExample()|>>,
  <<|java+class:///de/nava/informa/parsers/TestRSS_0_91_Parser|,|java+class:///de/nava/informa/utils/InformaTestCase|>,220,<|java+method:///de/nava/informa/utils/InformaTestCase/getDataDir()|,|java+constructor:///de/nava/informa/parsers/TestRSS_0_91_Parser/TestRSS_0_91_Parser(java.lang.String)|>>,
  <<|java+class:///de/nava/informa/parsers/TestRSS_0_91_Parser|,|java+class:///de/nava/informa/utils/InformaTestCase|>,220,<|java+method:///de/nava/informa/utils/InformaTestCase/searchForItem(de.nava.informa.core.ChannelIF,java.lang.String)|,|java+method:///de/nava/informa/parsers/TestRSS_0_91_Parser/testCreatedItems()|>>,
  <<|java+class:///de/nava/informa/utils/TestFeedManager|,|java+class:///de/nava/informa/utils/InformaTestCase|>,220,<|java+method:///de/nava/informa/utils/InformaTestCase/getDataDir()|,|java+method:///de/nava/informa/utils/TestFeedManager/testaddFeeds()|>>,
  <<|java+class:///de/nava/informa/utils/TestFeedManager|,|java+class:///de/nava/informa/utils/InformaTestCase|>,220,<|java+method:///de/nava/informa/utils/InformaTestCase/getDataDir()|,|java+method:///de/nava/informa/utils/TestFeedManager/testhasFeed()|>>,
  <<|java+class:///de/nava/informa/utils/TestFeedManager|,|java+class:///de/nava/informa/utils/InformaTestCase|>,220,<|java+method:///de/nava/informa/utils/InformaTestCase/getDataDir()|,|java+method:///de/nava/informa/utils/TestFeedManager/testaddFeed()|>>,
  <<|java+class:///de/nava/informa/utils/TestFormatDetector|,|java+class:///de/nava/informa/utils/InformaTestCase|>,220,<|java+method:///de/nava/informa/utils/InformaTestCase/getDataDir()|,|java+method:///de/nava/informa/utils/TestFormatDetector/testFormatRSS10googleweblog()|>>,
  <<|java+class:///de/nava/informa/utils/TestFormatDetector|,|java+class:///de/nava/informa/utils/InformaTestCase|>,220,<|java+method:///de/nava/informa/utils/InformaTestCase/getDataDir()|,|java+method:///de/nava/informa/utils/TestFormatDetector/testFormatRSS10slashdot()|>>,
  <<|java+class:///de/nava/informa/utils/TestFormatDetector|,|java+class:///de/nava/informa/utils/InformaTestCase|>,220,<|java+method:///de/nava/informa/utils/InformaTestCase/getDataDir()|,|java+method:///de/nava/informa/utils/TestFormatDetector/testFormatRSS091xmlhack()|>>,
  <<|java+class:///de/nava/informa/utils/TestFormatDetector|,|java+class:///de/nava/informa/utils/InformaTestCase|>,220,<|java+method:///de/nava/informa/utils/InformaTestCase/getDataDir()|,|java+method:///de/nava/informa/utils/TestFormatDetector/testUnsupportedFormat()|>>,
  <<|java+class:///de/nava/informa/utils/TestFormatDetector|,|java+class:///de/nava/informa/utils/InformaTestCase|>,220,<|java+method:///de/nava/informa/utils/InformaTestCase/getDataDir()|,|java+method:///de/nava/informa/utils/TestFormatDetector/testAtom0_3()|>>,
  <<|java+class:///de/nava/informa/utils/TestFormatDetector|,|java+class:///de/nava/informa/utils/InformaTestCase|>,220,<|java+method:///de/nava/informa/utils/InformaTestCase/getDataDir()|,|java+method:///de/nava/informa/utils/TestFormatDetector/testFormatRSS10xmlhack()|>>,
  <<|java+class:///de/nava/informa/utils/TestFormatDetector|,|java+class:///de/nava/informa/utils/InformaTestCase|>,220,<|java+method:///de/nava/informa/utils/InformaTestCase/getDataDir()|,|java+method:///de/nava/informa/utils/TestFormatDetector/testFormatRSS091aeden()|>>,
  <<|java+class:///de/nava/informa/utils/TestFormatDetector|,|java+class:///de/nava/informa/utils/InformaTestCase|>,220,<|java+method:///de/nava/informa/utils/InformaTestCase/getDataDir()|,|java+method:///de/nava/informa/utils/TestFormatDetector/testFormatRSS092gratefuldead()|>>,
  <<|java+class:///de/nava/informa/utils/TestFormatDetector|,|java+class:///de/nava/informa/utils/InformaTestCase|>,220,<|java+method:///de/nava/informa/utils/InformaTestCase/getDataDir()|,|java+method:///de/nava/informa/utils/TestFormatDetector/testFormatRSS20A()|>>,
  <<|java+class:///de/nava/informa/utils/TestFormatDetector|,|java+class:///de/nava/informa/utils/InformaTestCase|>,220,<|java+method:///de/nava/informa/utils/InformaTestCase/getDataDir()|,|java+method:///de/nava/informa/utils/TestFormatDetector/testFormatRSS10w3csynd()|>>,
  <<|java+class:///de/nava/informa/utils/TestFormatDetector|,|java+class:///de/nava/informa/utils/InformaTestCase|>,220,<|java+method:///de/nava/informa/utils/InformaTestCase/getDataDir()|,|java+method:///de/nava/informa/utils/TestFormatDetector/testFormatRSS20B()|>>,
  <<|java+class:///de/nava/informa/impl/hibernate/TestUnreadItems|,|java+class:///de/nava/informa/utils/InformaHibernateTestCase|>,220,<|java+field:///de/nava/informa/utils/InformaHibernateTestCase/session|,|java+method:///de/nava/informa/impl/hibernate/TestUnreadItems/testUnreadItems()|>>,
  <<|java+class:///de/nava/informa/parsers/TestRSS_2_0_Parser|,|java+class:///de/nava/informa/utils/InformaTestCase|>,220,<|java+method:///de/nava/informa/utils/InformaTestCase/getDataDir()|,|java+method:///de/nava/informa/parsers/TestRSS_2_0_Parser/testParseContentEncoded()|>>,
  <<|java+class:///de/nava/informa/parsers/TestRSS_2_0_Parser|,|java+class:///de/nava/informa/utils/InformaTestCase|>,220,<|java+method:///de/nava/informa/utils/InformaTestCase/searchForItem(de.nava.informa.core.ChannelIF,java.lang.String)|,|java+method:///de/nava/informa/parsers/TestRSS_2_0_Parser/testItemDetails()|>>,
  <<|java+class:///de/nava/informa/parsers/TestRSS_2_0_Parser|,|java+class:///de/nava/informa/utils/InformaTestCase|>,220,<|java+method:///de/nava/informa/utils/InformaTestCase/getDataDir()|,|java+constructor:///de/nava/informa/parsers/TestRSS_2_0_Parser/TestRSS_2_0_Parser(java.lang.String)|>>,
  <<|java+class:///de/nava/informa/parsers/TestRSS_2_0_Parser|,|java+class:///de/nava/informa/utils/InformaTestCase|>,220,<|java+method:///de/nava/informa/utils/InformaTestCase/getDataDir()|,|java+method:///de/nava/informa/parsers/TestRSS_2_0_Parser/testParseW3CSynd()|>>,
  <<|java+class:///de/nava/informa/parsers/TestRSS_2_0_Parser|,|java+class:///de/nava/informa/utils/InformaTestCase|>,220,<|java+method:///de/nava/informa/utils/InformaTestCase/getDataDir()|,|java+method:///de/nava/informa/parsers/TestRSS_2_0_Parser/testParseWithDefaultNS()|>>,
  <<|java+class:///de/nava/informa/parsers/TestRSS_2_0_Parser|,|java+class:///de/nava/informa/utils/InformaTestCase|>,220,<|java+method:///de/nava/informa/utils/InformaTestCase/getDataDir()|,|java+method:///de/nava/informa/parsers/TestRSS_2_0_Parser/testParseYahooBusiness()|>>,
  <<|java+class:///de/nava/informa/parsers/TestRSS_2_0_Parser|,|java+class:///de/nava/informa/utils/InformaTestCase|>,220,<|java+method:///de/nava/informa/utils/InformaTestCase/searchForItem(de.nava.informa.core.ChannelIF,java.lang.String)|,|java+method:///de/nava/informa/parsers/TestRSS_2_0_Parser/testParseYahooBusiness()|>>,
  <<|java+class:///de/nava/informa/utils/manager/memory/Channel|,|java+class:///de/nava/informa/impl/basic/Channel|>,220,<|java+method:///de/nava/informa/impl/basic/Channel/setId(long)|,|java+constructor:///de/nava/informa/utils/manager/memory/Channel/Channel(long,java.lang.String,java.net.URL)|>>,
  <<|java+class:///de/nava/informa/utils/manager/memory/Channel|,|java+class:///de/nava/informa/impl/basic/Channel|>,220,<|java+method:///de/nava/informa/impl/basic/Channel/setLocation(java.net.URL)|,|java+constructor:///de/nava/informa/utils/manager/memory/Channel/Channel(long,java.lang.String,java.net.URL)|>>,
  <<|java+class:///de/nava/informa/impl/hibernate/TestCreateChannels|,|java+class:///de/nava/informa/utils/InformaHibernateTestCase|>,220,<|java+field:///de/nava/informa/utils/InformaHibernateTestCase/session|,|java+method:///de/nava/informa/impl/hibernate/TestCreateChannels/testCreateChannelItems()|>>,
  <<|java+class:///de/nava/informa/impl/hibernate/TestCreateChannels|,|java+class:///de/nava/informa/utils/InformaTestCase|>,220,<|java+method:///de/nava/informa/utils/InformaTestCase/getDataDir()|,|java+method:///de/nava/informa/impl/hibernate/TestCreateChannels/testCreatePersistentChannelsFromFeed()|>>,
  <<|java+class:///de/nava/informa/impl/hibernate/TestCreateChannels|,|java+class:///de/nava/informa/utils/InformaHibernateTestCase|>,220,<|java+field:///de/nava/informa/utils/InformaHibernateTestCase/session|,|java+method:///de/nava/informa/impl/hibernate/TestCreateChannels/testCreatePersistentChannelsFromFeed()|>>,
  <<|java+class:///de/nava/informa/impl/hibernate/TestCreateChannels|,|java+class:///de/nava/informa/utils/InformaHibernateTestCase|>,220,<|java+field:///de/nava/informa/utils/InformaHibernateTestCase/session|,|java+method:///de/nava/informa/impl/hibernate/TestCreateChannels/testCreatePersistentChannel()|>>,
  <<|java+class:///de/nava/informa/utils/TestItemComparator|,|java+class:///de/nava/informa/utils/InformaTestCase|>,220,<|java+method:///de/nava/informa/utils/InformaTestCase/getDataDir()|,|java+method:///de/nava/informa/utils/TestItemComparator/testSort()|>>,
  <<|java+class:///de/nava/informa/exporters/TestRSS_2_0_Exporter|,|java+class:///de/nava/informa/utils/InformaTestCase|>,220,<|java+field:///de/nava/informa/utils/InformaTestCase/FS|,|java+method:///de/nava/informa/exporters/TestRSS_2_0_Exporter/testExportChannel()|>>,
  <<|java+class:///de/nava/informa/exporters/TestRSS_2_0_Exporter|,|java+class:///de/nava/informa/utils/InformaTestCase|>,220,<|java+method:///de/nava/informa/utils/InformaTestCase/getOutputDir()|,|java+method:///de/nava/informa/exporters/TestRSS_2_0_Exporter/testExportChannel()|>>,
  <<|java+class:///de/nava/informa/exporters/TestRSS_1_0_Exporter|,|java+class:///de/nava/informa/utils/InformaTestCase|>,220,<|java+field:///de/nava/informa/utils/InformaTestCase/FS|,|java+method:///de/nava/informa/exporters/TestRSS_1_0_Exporter/testExportChannel()|>>,
  <<|java+class:///de/nava/informa/exporters/TestRSS_1_0_Exporter|,|java+class:///de/nava/informa/utils/InformaTestCase|>,220,<|java+method:///de/nava/informa/utils/InformaTestCase/getOutputDir()|,|java+method:///de/nava/informa/exporters/TestRSS_1_0_Exporter/testExportChannel()|>>,
  <<|java+class:///de/nava/informa/search/TestChannelSearcher|,|java+class:///de/nava/informa/utils/InformaTestCase|>,220,<|java+method:///de/nava/informa/utils/InformaTestCase/getIndexDir()|,|java+method:///de/nava/informa/search/TestChannelSearcher/testIndexItems()|>>,
  <<|java+class:///de/nava/informa/search/TestChannelIndexer|,|java+class:///de/nava/informa/utils/InformaTestCase|>,220,<|java+method:///de/nava/informa/utils/InformaTestCase/getIndexDir()|,|java+method:///de/nava/informa/search/TestChannelIndexer/testIndexItems()|>>,
  <<|java+class:///de/nava/informa/impl/hibernate/TestChannelCategory|,|java+class:///de/nava/informa/utils/InformaHibernateTestCase|>,220,<|java+field:///de/nava/informa/utils/InformaHibernateTestCase/session|,|java+method:///de/nava/informa/impl/hibernate/TestChannelCategory/testChannelCategories()|>>
]