{
  <<|java+interface:///org/java/plugin/registry/ExtensionPoint/ParameterDefinition|,|java+interface:///org/java/plugin/registry/PluginElement|>,2,|java+class:///java/lang/Object|>,
  <<|java+interface:///org/java/plugin/registry/PluginAttribute|,|java+interface:///org/java/plugin/registry/PluginElement|>,2,|java+class:///java/lang/Object|>,
  <<|java+class:///org/java/plugin/registry/xml/ExtensionPointImpl/ParameterDefinitionImpl|,|java+class:///org/java/plugin/registry/xml/PluginElementImpl|>,2,|java+class:///java/lang/Object|>,
  <<|java+class:///org/java/plugin/registry/xml/ExtensionImpl|,|java+class:///org/java/plugin/registry/xml/PluginElementImpl|>,2,|java+class:///java/lang/Object|>,
  <<|java+interface:///org/java/plugin/registry/PluginElement|,|java+interface:///org/java/plugin/registry/Identity|>,2,|java+interface:///org/java/plugin/registry/Identity|>,
  <<|java+class:///org/java/plugin/registry/xml/ManifestHandler|,|java+class:///org/java/plugin/registry/xml/BaseHandler|>,2,|java+class:///org/xml/sax/helpers/DefaultHandler|>,
  <<|java+interface:///org/java/plugin/registry/Extension/Parameter|,|java+interface:///org/java/plugin/registry/PluginElement|>,2,|java+class:///java/lang/Object|>,
  <<|java+class:///org/java/plugin/registry/xml/PluginElementImpl|,|java+class:///org/java/plugin/registry/xml/IdentityImpl|>,2,|java+class:///java/lang/Object|>,
  <<|java+class:///org/java/plugin/registry/xml/ExtensionImpl/ParameterImpl|,|java+interface:///org/java/plugin/registry/Extension/Parameter|>,2,|java+interface:///org/java/plugin/registry/Identity|>,
  <<|java+class:///org/java/plugin/registry/xml/ExtensionPointImpl|,|java+interface:///org/java/plugin/registry/ExtensionPoint|>,2,|java+interface:///org/java/plugin/registry/Identity|>,
  <<|java+class:///org/java/plugin/registry/xml/PluginPrerequisiteImpl|,|java+interface:///org/java/plugin/registry/PluginPrerequisite|>,2,|java+interface:///org/java/plugin/registry/Identity|>,
  <<|java+class:///org/java/plugin/registry/xml/ExtensionImpl/ParameterImpl|,|java+class:///org/java/plugin/registry/xml/PluginElementImpl|>,2,|java+class:///java/lang/Object|>,
  <<|java+interface:///org/java/plugin/registry/PluginAttribute|,|java+interface:///org/java/plugin/registry/PluginElement|>,2,|java+interface:///org/java/plugin/registry/Identity|>,
  <<|java+class:///org/java/plugin/standard/StandardPluginClassLoader|,|java+class:///org/java/plugin/PluginClassLoader|>,2,|java+class:///java/lang/ClassLoader|>,
  <<|java+class:///org/java/plugin/registry/xml/ManifestInfoHandler|,|java+class:///org/java/plugin/registry/xml/BaseHandler|>,2,|java+class:///org/xml/sax/helpers/DefaultHandler|>,
  <<|java+class:///org/java/plugin/registry/xml/ExtensionImpl|,|java+interface:///org/java/plugin/registry/Extension|>,2,|java+interface:///org/java/plugin/registry/Identity|>,
  <<|java+class:///org/java/plugin/registry/xml/ExtensionPointImpl|,|java+class:///org/java/plugin/registry/xml/PluginElementImpl|>,2,|java+class:///java/lang/Object|>,
  <<|java+class:///org/java/plugin/registry/xml/PluginElementImpl|,|java+interface:///org/java/plugin/registry/PluginElement|>,2,|java+interface:///org/java/plugin/registry/Identity|>,
  <<|java+class:///org/java/plugin/PluginClassLoader|,|java+class:///java/net/URLClassLoader|>,2,|java+class:///java/lang/Object|>,
  <<|java+interface:///org/java/plugin/registry/ExtensionPoint/ParameterDefinition|,|java+interface:///org/java/plugin/registry/PluginElement|>,2,|java+interface:///org/java/plugin/registry/Identity|>,
  <<|java+class:///org/java/plugin/registry/xml/LibraryImpl|,|java+interface:///org/java/plugin/registry/Library|>,2,|java+interface:///org/java/plugin/registry/Identity|>,
  <<|java+interface:///org/java/plugin/registry/PluginFragment|,|java+interface:///org/java/plugin/registry/UniqueIdentity|>,2,|java+interface:///org/java/plugin/registry/Identity|>,
  <<|java+class:///org/java/plugin/registry/xml/ExtensionPointImpl/ParameterDefinitionImpl|,|java+interface:///org/java/plugin/registry/ExtensionPoint/ParameterDefinition|>,2,|java+interface:///org/java/plugin/registry/Identity|>,
  <<|java+class:///org/java/plugin/registry/xml/LibraryImpl|,|java+class:///org/java/plugin/registry/xml/PluginElementImpl|>,2,|java+class:///java/lang/Object|>,
  <<|java+interface:///org/java/plugin/registry/PluginDescriptor|,|java+interface:///org/java/plugin/registry/UniqueIdentity|>,2,|java+interface:///org/java/plugin/registry/Identity|>,
  <<|java+class:///org/java/plugin/registry/xml/BaseHandler|,|java+class:///org/xml/sax/helpers/DefaultHandler|>,2,|java+class:///org/xml/sax/helpers/DefaultHandler|>,
  <<|java+class:///org/java/plugin/registry/xml/PluginAttributeImpl|,|java+class:///org/java/plugin/registry/xml/PluginElementImpl|>,2,|java+class:///java/lang/Object|>,
  <<|java+interface:///org/java/plugin/registry/Extension/Parameter|,|java+interface:///org/java/plugin/registry/PluginElement|>,2,|java+interface:///org/java/plugin/registry/Identity|>,
  <<|java+class:///org/java/plugin/boot/SplashWindow|,|java+class:///java/awt/Window|>,2,|java+class:///java/awt/Component|>,
  <<|java+interface:///org/java/plugin/registry/UniqueIdentity|,|java+interface:///org/java/plugin/registry/Identity|>,2,|java+class:///java/lang/Object|>,
  <<|java+interface:///org/java/plugin/registry/Extension|,|java+interface:///org/java/plugin/registry/UniqueIdentity|>,2,|java+interface:///org/java/plugin/registry/Identity|>,
  <<|java+class:///org/java/plugin/registry/xml/PluginFragmentImpl|,|java+interface:///org/java/plugin/registry/PluginFragment|>,2,|java+interface:///org/java/plugin/registry/Identity|>,
  <<|java+class:///org/java/plugin/registry/xml/PluginDescriptorImpl|,|java+interface:///org/java/plugin/registry/PluginDescriptor|>,2,|java+interface:///org/java/plugin/registry/Identity|>,
  <<|java+class:///org/java/plugin/registry/xml/PluginAttributeImpl|,|java+interface:///org/java/plugin/registry/PluginAttribute|>,2,|java+interface:///org/java/plugin/registry/Identity|>,
  <<|java+interface:///org/java/plugin/registry/UniqueIdentity|,|java+interface:///org/java/plugin/registry/Identity|>,2,|java+interface:///org/java/plugin/registry/Identity|>,
  <<|java+interface:///org/java/plugin/registry/PluginPrerequisite|,|java+interface:///org/java/plugin/registry/UniqueIdentity|>,2,|java+interface:///org/java/plugin/registry/Identity|>,
  <<|java+interface:///org/java/plugin/registry/Library|,|java+interface:///org/java/plugin/registry/UniqueIdentity|>,2,|java+interface:///org/java/plugin/registry/Identity|>,
  <<|java+class:///org/java/plugin/standard/StandardPluginClassLoader/PluginResourceLoader|,|java+class:///java/net/URLClassLoader|>,2,|java+class:///java/lang/Object|>,
  <<|java+class:///org/java/plugin/PluginClassLoader|,|java+class:///java/net/URLClassLoader|>,2,|java+class:///java/lang/ClassLoader|>,
  <<|java+class:///org/java/plugin/registry/xml/PluginFragmentImpl|,|java+class:///org/java/plugin/registry/xml/IdentityImpl|>,2,|java+class:///java/lang/Object|>,
  <<|java+interface:///org/java/plugin/registry/ExtensionPoint|,|java+interface:///org/java/plugin/registry/UniqueIdentity|>,2,|java+interface:///org/java/plugin/registry/Identity|>,
  <<|java+class:///org/java/plugin/standard/StandardPluginClassLoader|,|java+class:///org/java/plugin/PluginClassLoader|>,2,|java+class:///java/lang/Object|>,
  <<|java+class:///org/java/plugin/registry/xml/PluginDescriptorImpl|,|java+class:///org/java/plugin/registry/xml/IdentityImpl|>,2,|java+class:///java/lang/Object|>
}