[
  <<|java+class:///org/java/plugin/standard/StandardPluginClassLoader/PluginResourceLoader|,|java+class:///java/net/URLClassLoader|>,|project://jpf-1.5.1/source/org/java/plugin/standard/StandardPluginClassLoader.java|(42311,12,<1024,12>,<1024,24>)>,
  <<|java+class:///org/java/plugin/registry/xml/ExtensionPointImpl|,|java+class:///org/java/plugin/registry/xml/PluginElementImpl|>,|project://jpf-1.5.1/source/org/java/plugin/registry/xml/ExtensionPointImpl.java|(2327,67,<56,8>,<56,75>)>,
  <<|java+class:///org/java/plugin/standard/StandardPluginClassLoader|,|java+class:///org/java/plugin/PluginClassLoader|>,|project://jpf-1.5.1/source/org/java/plugin/standard/StandardPluginClassLoader.java|(7640,57,<182,8>,<182,65>)>,
  <<|java+class:///org/java/plugin/registry/xml/ExtensionImpl/ParameterImpl|,|java+class:///org/java/plugin/registry/xml/PluginElementImpl|>,|project://jpf-1.5.1/source/org/java/plugin/registry/xml/ExtensionImpl.java|(12741,191,<306,12>,<308,63>)>,
  <<|java+class:///org/java/plugin/JpfException|,|java+class:///java/lang/Exception|>,|project://jpf-1.5.1/source/org/java/plugin/JpfException.java|(1524,92,<37,8>,<38,23>)>,
  <<|java+class:///org/java/plugin/registry/xml/ManifestHandler|,|java+class:///org/java/plugin/registry/xml/BaseHandler|>,|project://jpf-1.5.1/source/org/java/plugin/registry/xml/ManifestHandler.java|(2063,24,<47,8>,<47,32>)>,
  <<|java+class:///org/java/plugin/registry/xml/LibraryImpl|,|java+class:///org/java/plugin/registry/xml/PluginElementImpl|>,|project://jpf-1.5.1/source/org/java/plugin/registry/xml/LibraryImpl.java|(1740,67,<41,8>,<41,75>)>,
  <<|java+class:///org/java/plugin/boot/ErrorDialog|,|java+class:///javax/swing/JDialog|>,|project://jpf-1.5.1/source-boot/org/java/plugin/boot/ErrorDialog.java|(14194,60,<317,8>,<317,68>)>,
  <<|java+class:///org/java/plugin/registry/xml/ExtensionImpl|,|java+class:///org/java/plugin/registry/xml/PluginElementImpl|>,|project://jpf-1.5.1/source/org/java/plugin/registry/xml/ExtensionImpl.java|(2364,67,<55,8>,<55,75>)>,
  <<|java+class:///org/java/plugin/registry/xml/ExtensionPointImpl/ParameterDefinitionImpl|,|java+class:///org/java/plugin/registry/xml/PluginElementImpl|>,|project://jpf-1.5.1/source/org/java/plugin/registry/xml/ExtensionPointImpl.java|(18719,201,<447,12>,<449,63>)>,
  <<|java+class:///org/java/plugin/PluginLifecycleException|,|java+class:///org/java/plugin/JpfException|>,|project://jpf-1.5.1/source/org/java/plugin/PluginLifecycleException.java|(1480,43,<34,8>,<34,51>)>,
  <<|java+class:///org/java/plugin/PluginLifecycleException|,|java+class:///org/java/plugin/JpfException|>,|project://jpf-1.5.1/source/org/java/plugin/PluginLifecycleException.java|(1828,43,<44,8>,<44,51>)>,
  <<|java+class:///org/java/plugin/PluginLifecycleException|,|java+class:///org/java/plugin/JpfException|>,|project://jpf-1.5.1/source/org/java/plugin/PluginLifecycleException.java|(2237,44,<55,8>,<55,52>)>,
  <<|java+class:///org/java/plugin/registry/xml/PluginDescriptorImpl|,|java+class:///org/java/plugin/registry/xml/IdentityImpl|>,|project://jpf-1.5.1/source/org/java/plugin/registry/xml/PluginDescriptorImpl.java|(2436,22,<59,8>,<59,30>)>,
  <<|java+class:///org/java/plugin/registry/ManifestProcessingException|,|java+class:///org/java/plugin/JpfException|>,|project://jpf-1.5.1/source/org/java/plugin/registry/ManifestProcessingException.java|(1616,43,<36,8>,<36,51>)>,
  <<|java+class:///org/java/plugin/registry/ManifestProcessingException|,|java+class:///org/java/plugin/JpfException|>,|project://jpf-1.5.1/source/org/java/plugin/registry/ManifestProcessingException.java|(2379,44,<57,8>,<57,52>)>,
  <<|java+class:///org/java/plugin/registry/ManifestProcessingException|,|java+class:///org/java/plugin/JpfException|>,|project://jpf-1.5.1/source/org/java/plugin/registry/ManifestProcessingException.java|(1967,43,<46,8>,<46,51>)>,
  <<|java+class:///org/java/plugin/registry/xml/PluginFragmentImpl|,|java+class:///org/java/plugin/registry/xml/IdentityImpl|>,|project://jpf-1.5.1/source/org/java/plugin/registry/xml/PluginFragmentImpl.java|(1854,22,<42,8>,<42,30>)>,
  <<|java+class:///org/java/plugin/registry/xml/PluginElementImpl|,|java+class:///org/java/plugin/registry/xml/IdentityImpl|>,|project://jpf-1.5.1/source/org/java/plugin/registry/xml/PluginElementImpl.java|(1869,10,<40,8>,<40,18>)>,
  <<|java+class:///org/java/plugin/registry/xml/PluginAttributeImpl|,|java+class:///org/java/plugin/registry/xml/PluginElementImpl|>,|project://jpf-1.5.1/source/org/java/plugin/registry/xml/PluginAttributeImpl.java|(1920,67,<44,8>,<44,75>)>,
  <<|java+class:///org/java/plugin/registry/xml/PluginPrerequisiteImpl|,|java+project:///|>,|project://jpf-1.5.1/source/org/java/plugin/registry/xml/PluginPrerequisiteImpl.java|(2712,8,<61,8>,<61,16>)>,
  <<|java+class:///org/java/plugin/boot/SplashWindow|,|java+class:///java/awt/Window|>,|project://jpf-1.5.1/source-boot/org/java/plugin/boot/SplashWindow.java|(2716,14,<84,8>,<84,22>)>,
  <<|java+class:///org/java/plugin/registry/xml/ManifestInfoHandler|,|java+class:///org/java/plugin/registry/xml/BaseHandler|>,|project://jpf-1.5.1/source/org/java/plugin/registry/xml/ManifestInfoHandler.java|(1461,24,<33,8>,<33,32>)>,
  <<|java+class:///org/java/plugin/tools/docgen/ClassPathPageSource|,|java+class:///org/onemind/jxp/CachingPageSource|>,|project://jpf-1.5.1/source-tools/org/java/plugin/tools/docgen/ClassPathPageSource.java|(913,8,<26,8>,<26,16>)>,
  <<|java+class:///org/java/plugin/PluginClassLoader|,|java+class:///java/net/URLClassLoader|>,|project://jpf-1.5.1/source/org/java/plugin/PluginClassLoader.java|(2197,29,<50,8>,<50,37>)>,
  <<|java+class:///org/java/plugin/PluginClassLoader|,|java+class:///java/net/URLClassLoader|>,|project://jpf-1.5.1/source/org/java/plugin/PluginClassLoader.java|(2751,20,<65,8>,<65,28>)>,
  <<|java+class:///org/java/plugin/PluginClassLoader|,|java+class:///java/net/URLClassLoader|>,|project://jpf-1.5.1/source/org/java/plugin/PluginClassLoader.java|(3192,12,<78,8>,<78,20>)>,
  <<|java+class:///org/java/plugin/util/ExtendedProperties|,|java+class:///java/util/Properties|>,|project://jpf-1.5.1/source/org/java/plugin/util/ExtendedProperties.java|(1680,12,<43,8>,<43,20>)>,
  <<|java+class:///org/java/plugin/util/ExtendedProperties|,|java+class:///java/util/Properties|>,|project://jpf-1.5.1/source/org/java/plugin/util/ExtendedProperties.java|(1518,8,<36,8>,<36,16>)>
]