[
  <<|java+class:///org/jgrapht/graph/GenericGraphsTest/FooEdge|,|java+class:///org/jgrapht/graph/DefaultEdge|>,|java+class:///org/jgrapht/alg/BlockCutpointGraph/BCGEdge|>,
  <<|java+class:///org/jgrapht/graph/DefaultWeightedEdge|,|java+class:///org/jgrapht/graph/DefaultEdge|>,|java+class:///org/jgrapht/alg/BlockCutpointGraph/BCGEdge|>,
  <<|java+class:///org/jgrapht/graph/WeightedPseudograph|,|java+interface:///org/jgrapht/WeightedGraph|>,|java+class:///org/jgrapht/graph/AsWeightedGraph|>,
  <<|java+class:///org/jgrapht/demo/JGraphAdapterDemo/ListenableDirectedMultigraph|,|java+interface:///org/jgrapht/DirectedGraph|>,|java+class:///org/jgrapht/graph/DefaultDirectedGraph|>,
  <<|java+class:///org/jgrapht/generate/StarGraphGenerator|,|java+interface:///org/jgrapht/generate/GraphGenerator|>,|java+class:///org/jgrapht/generate/LinearGraphGenerator|>,
  <<|java+class:///org/jgrapht/graph/UndirectedGraphUnion|,|java+interface:///org/jgrapht/UndirectedGraph|>,|java+class:///org/jgrapht/graph/Pseudograph|>,
  <<|java+class:///org/jgrapht/generate/ScaleFreeGraphGenerator|,|java+interface:///org/jgrapht/generate/GraphGenerator|>,|java+class:///org/jgrapht/generate/LinearGraphGenerator|>,
  <<|java+class:///org/jgrapht/graph/DirectedMaskSubgraph|,|java+interface:///org/jgrapht/DirectedGraph|>,|java+class:///org/jgrapht/graph/DefaultDirectedGraph|>,
  <<|java+class:///org/jgrapht/alg/ConnectivityInspector|,|java+interface:///org/jgrapht/event/GraphListener|>,|java+class:///org/jgrapht/graph/ListenableGraphTest/MyGraphListner|>,
  <<|java+class:///org/jgrapht/alg/NeighborIndex|,|java+interface:///org/jgrapht/event/GraphListener|>,|java+class:///org/jgrapht/graph/ListenableGraphTest/MyGraphListner|>,
  <<|java+class:///org/jgrapht/generate/WheelGraphGenerator|,|java+interface:///org/jgrapht/generate/GraphGenerator|>,|java+class:///org/jgrapht/generate/LinearGraphGenerator|>,
  <<|java+class:///org/jgrapht/generate/CompleteGraphGenerator|,|java+interface:///org/jgrapht/generate/GraphGenerator|>,|java+class:///org/jgrapht/generate/LinearGraphGenerator|>,
  <<|java+class:///org/jgrapht/alg/KShortestPaths/PathWrapper|,|java+interface:///org/jgrapht/GraphPath|>,|java+class:///org/jgrapht/graph/GraphPathImpl|>,
  <<|java+class:///org/jgrapht/experimental/dag/DirectedAcyclicGraphTest/LongVertexFactory|,|java+interface:///org/jgrapht/VertexFactory|>,|java+class:///org/jgrapht/experimental/GraphReader/IntVertexFactory|>,
  <<|java+class:///org/jgrapht/ext/StringEdgeNameProvider|,|java+interface:///org/jgrapht/ext/EdgeNameProvider|>,|java+class:///org/jgrapht/ext/IntegerEdgeNameProvider|>,
  <<|java+class:///org/jgrapht/graph/ListenableDirectedGraph|,|java+interface:///org/jgrapht/DirectedGraph|>,|java+class:///org/jgrapht/graph/DefaultDirectedGraph|>,
  <<|java+class:///org/jgrapht/graph/UnmodifiableUndirectedGraph|,|java+interface:///org/jgrapht/UndirectedGraph|>,|java+class:///org/jgrapht/graph/Pseudograph|>,
  <<|java+class:///org/jgrapht/generate/RandomGraphGenerator|,|java+interface:///org/jgrapht/generate/GraphGenerator|>,|java+class:///org/jgrapht/generate/LinearGraphGenerator|>,
  <<|java+class:///org/jgrapht/generate/CompleteBipartiteGraphGenerator|,|java+interface:///org/jgrapht/generate/GraphGenerator|>,|java+class:///org/jgrapht/generate/LinearGraphGenerator|>,
  <<|java+class:///org/jgrapht/graph/DirectedWeightedMultigraph|,|java+interface:///org/jgrapht/WeightedGraph|>,|java+class:///org/jgrapht/graph/AsWeightedGraph|>,
  <<|java+class:///org/jgrapht/graph/AsUnweightedDirectedGraph|,|java+interface:///org/jgrapht/DirectedGraph|>,|java+class:///org/jgrapht/graph/DefaultDirectedGraph|>,
  <<|java+class:///org/jgrapht/experimental/dag/DirectedAcyclicGraph/TopoVertexMap|,|java+interface:///org/jgrapht/experimental/dag/DirectedAcyclicGraph/TopoOrderMappingFactory|>,|java+class:///org/jgrapht/experimental/dag/DirectedAcyclicGraph/TopoVertexBiMap|>,
  <<|java+class:///org/jgrapht/graph/UnmodifiableDirectedGraph|,|java+interface:///org/jgrapht/DirectedGraph|>,|java+class:///org/jgrapht/graph/DefaultDirectedGraph|>,
  <<|java+class:///org/jgrapht/ext/JGraphModelAdapter/JGraphTListener|,|java+interface:///org/jgrapht/event/GraphListener|>,|java+class:///org/jgrapht/graph/ListenableGraphTest/MyGraphListner|>,
  <<|java+class:///org/jgrapht/experimental/isomorphism/IntegerVertexFactory|,|java+interface:///org/jgrapht/VertexFactory|>,|java+class:///org/jgrapht/experimental/GraphReader/IntVertexFactory|>,
  <<|java+class:///org/jgrapht/graph/DirectedSubgraph|,|java+interface:///org/jgrapht/DirectedGraph|>,|java+class:///org/jgrapht/graph/DefaultDirectedGraph|>,
  <<|java+class:///org/jgrapht/experimental/UniformRandomGraphGenerator|,|java+interface:///org/jgrapht/generate/GraphGenerator|>,|java+class:///org/jgrapht/generate/LinearGraphGenerator|>,
  <<|java+class:///org/jgrapht/graph/DirectedPseudograph|,|java+interface:///org/jgrapht/DirectedGraph|>,|java+class:///org/jgrapht/graph/DefaultDirectedGraph|>,
  <<|java+class:///org/jgrapht/graph/GenericGraphsTest/EquivGraph|,|java+interface:///org/jgrapht/UndirectedGraph|>,|java+class:///org/jgrapht/graph/Pseudograph|>,
  <<|java+class:///org/jgrapht/graph/DirectedWeightedSubgraph|,|java+interface:///org/jgrapht/WeightedGraph|>,|java+class:///org/jgrapht/graph/AsWeightedGraph|>,
  <<|java+class:///org/jgrapht/graph/DirectedGraphUnion|,|java+interface:///org/jgrapht/DirectedGraph|>,|java+class:///org/jgrapht/graph/DefaultDirectedGraph|>,
  <<|java+class:///org/jgrapht/graph/Subgraph/BaseGraphListener|,|java+interface:///org/jgrapht/event/GraphListener|>,|java+class:///org/jgrapht/graph/ListenableGraphTest/MyGraphListner|>,
  <<|java+class:///org/jgrapht/experimental/isomorphism/IsomorphismRelation|,|java+interface:///org/jgrapht/GraphMapping|>,|java+class:///org/jgrapht/graph/DefaultGraphMapping|>,
  <<|java+class:///org/jgrapht/experimental/PartiteRandomGraphGenerator|,|java+interface:///org/jgrapht/generate/GraphGenerator|>,|java+class:///org/jgrapht/generate/LinearGraphGenerator|>,
  <<|java+class:///org/jgrapht/graph/DefaultDirectedGraphTest/LinkedHashSetFactory|,|java+interface:///org/jgrapht/graph/EdgeSetFactory|>,|java+class:///org/jgrapht/graph/AbstractBaseGraph/ArrayListFactory|>,
  <<|java+class:///org/jgrapht/experimental/GraphReader|,|java+interface:///org/jgrapht/generate/GraphGenerator|>,|java+class:///org/jgrapht/generate/LinearGraphGenerator|>,
  <<|java+class:///org/jgrapht/alg/DirectedNeighborIndex|,|java+interface:///org/jgrapht/event/GraphListener|>,|java+class:///org/jgrapht/graph/ListenableGraphTest/MyGraphListner|>,
  <<|java+class:///org/jgrapht/graph/WeightedMultigraph|,|java+interface:///org/jgrapht/WeightedGraph|>,|java+class:///org/jgrapht/graph/AsWeightedGraph|>,
  <<|java+class:///org/jgrapht/generate/HyperCubeGraphGenerator|,|java+interface:///org/jgrapht/generate/GraphGenerator|>,|java+class:///org/jgrapht/generate/LinearGraphGenerator|>,
  <<|java+class:///org/jgrapht/graph/SimpleDirectedWeightedGraph|,|java+interface:///org/jgrapht/WeightedGraph|>,|java+class:///org/jgrapht/graph/AsWeightedGraph|>,
  <<|java+class:///org/jgrapht/experimental/isomorphism/VertexDegreeEquivalenceComparator|,|java+interface:///org/jgrapht/experimental/equivalence/EquivalenceComparator|>,|java+class:///org/jgrapht/experimental/isomorphism/comparators/Mod3GroupComparator|>
]