RESULTS LOG: 
INTERNAL REUSE TOTAL: 39 
<|java+class:///org/jgrapht/alg/BellmanFordPathElement|,|java+class:///org/jgrapht/alg/AbstractPathElement|> 
<|java+class:///org/jgrapht/alg/BellmanFordShortestPathTest|,|java+class:///org/jgrapht/alg/ShortestPathTestCase|> 
<|java+class:///org/jgrapht/alg/CycleDetector/ProbeIterator|,|java+class:///org/jgrapht/traverse/DepthFirstIterator|> 
<|java+class:///org/jgrapht/alg/DijkstraShortestPathTest|,|java+class:///org/jgrapht/alg/ShortestPathTestCase|> 
<|java+class:///org/jgrapht/alg/RankingPathElement|,|java+class:///org/jgrapht/alg/AbstractPathElement|> 
<|java+class:///org/jgrapht/alg/RankingPathElementList|,|java+class:///org/jgrapht/alg/AbstractPathElementList|> 
<|java+class:///org/jgrapht/experimental/GraphSquare|,|java+class:///org/jgrapht/graph/AbstractBaseGraph|> 
<|java+class:///org/jgrapht/experimental/alg/color/BrownBacktrackColoring|,|java+class:///org/jgrapht/experimental/alg/IntArrayGraphAlgorithm|> 
<|java+class:///org/jgrapht/experimental/alg/color/GreedyColoring|,|java+class:///org/jgrapht/experimental/alg/IntArrayGraphAlgorithm|> 
<|java+class:///org/jgrapht/experimental/dag/DirectedAcyclicGraphTest/RepeatableRandomGraphGenerator|,|java+class:///org/jgrapht/generate/RandomGraphGenerator|> 
<|java+class:///org/jgrapht/experimental/isomorphism/EquivalenceIsomorphismInspector|,|java+class:///org/jgrapht/experimental/isomorphism/AbstractExhaustiveIsomorphismInspector|> 
<|java+class:///org/jgrapht/experimental/isomorphism/PermutationIsomorphismInspector|,|java+class:///org/jgrapht/experimental/isomorphism/AbstractExhaustiveIsomorphismInspector|> 
<|java+class:///org/jgrapht/graph/AbstractBaseGraph|,|java+class:///org/jgrapht/graph/AbstractGraph|> 
<|java+class:///org/jgrapht/graph/AsUndirectedGraph|,|java+class:///org/jgrapht/graph/GraphDelegator|> 
<|java+class:///org/jgrapht/graph/AsUndirectedGraphTest|,|java+class:///org/jgrapht/EnhancedTestCase|> 
<|java+class:///org/jgrapht/graph/AsWeightedGraph|,|java+class:///org/jgrapht/graph/GraphDelegator|> 
<|java+class:///org/jgrapht/graph/CloneTest|,|java+class:///org/jgrapht/EnhancedTestCase|> 
<|java+class:///org/jgrapht/graph/DefaultEdge|,|java+class:///org/jgrapht/graph/IntrusiveEdge|> 
<|java+class:///org/jgrapht/graph/DefaultListenableGraph|,|java+class:///org/jgrapht/graph/GraphDelegator|> 
<|java+class:///org/jgrapht/graph/DefaultListenableGraph/FlyweightEdgeEvent|,|java+class:///org/jgrapht/event/GraphEdgeChangeEvent|> 
<|java+class:///org/jgrapht/graph/DefaultListenableGraph/FlyweightVertexEvent|,|java+class:///org/jgrapht/event/GraphVertexChangeEvent|> 
<|java+class:///org/jgrapht/graph/DirectedGraphUnion|,|java+class:///org/jgrapht/graph/GraphUnion|> 
<|java+class:///org/jgrapht/graph/DirectedSubgraph|,|java+class:///org/jgrapht/graph/Subgraph|> 
<|java+class:///org/jgrapht/graph/EdgeReversedGraph|,|java+class:///org/jgrapht/graph/GraphDelegator|> 
<|java+class:///org/jgrapht/graph/GenericGraphsTest/CustomEdge|,|java+class:///org/jgrapht/graph/DefaultEdge|> 
<|java+class:///org/jgrapht/graph/MaskSubgraph|,|java+class:///org/jgrapht/graph/AbstractGraph|> 
<|java+class:///org/jgrapht/graph/ParanoidGraph|,|java+class:///org/jgrapht/graph/GraphDelegator|> 
<|java+class:///org/jgrapht/graph/SimpleDirectedGraphTest|,|java+class:///org/jgrapht/EnhancedTestCase|> 
<|java+class:///org/jgrapht/graph/Subgraph|,|java+class:///org/jgrapht/graph/AbstractGraph|> 
<|java+class:///org/jgrapht/graph/UndirectedGraphUnion|,|java+class:///org/jgrapht/graph/GraphUnion|> 
<|java+class:///org/jgrapht/graph/UndirectedSubgraph|,|java+class:///org/jgrapht/graph/Subgraph|> 
<|java+class:///org/jgrapht/traverse/BreadthFirstIterator|,|java+class:///org/jgrapht/traverse/CrossComponentIterator|> 
<|java+class:///org/jgrapht/traverse/ClosestFirstIterator|,|java+class:///org/jgrapht/traverse/CrossComponentIterator|> 
<|java+class:///org/jgrapht/traverse/ClosestFirstIteratorTest|,|java+class:///org/jgrapht/traverse/AbstractGraphIteratorTest|> 
<|java+class:///org/jgrapht/traverse/CrossComponentIterator|,|java+class:///org/jgrapht/traverse/AbstractGraphIterator|> 
<|java+class:///org/jgrapht/traverse/CrossComponentIterator/FlyweightEdgeEvent|,|java+class:///org/jgrapht/event/EdgeTraversalEvent|> 
<|java+class:///org/jgrapht/traverse/CrossComponentIterator/FlyweightVertexEvent|,|java+class:///org/jgrapht/event/VertexTraversalEvent|> 
<|java+class:///org/jgrapht/traverse/DepthFirstIterator|,|java+class:///org/jgrapht/traverse/CrossComponentIterator|> 
<|java+class:///org/jgrapht/traverse/TopologicalOrderIterator|,|java+class:///org/jgrapht/traverse/CrossComponentIterator|> 

EXTERNAL REUSE TOTAL: 28 
<|java+class:///org/jgrapht/alg/BellmanFordPathElement|,|java+class:///org/jgrapht/alg/AbstractPathElement|> 
<|java+class:///org/jgrapht/alg/BlockCutpointGraph|,|java+class:///org/jgrapht/graph/SimpleGraph|> 
<|java+class:///org/jgrapht/alg/CycleDetector/ProbeIterator|,|java+class:///org/jgrapht/traverse/DepthFirstIterator|> 
<|java+class:///org/jgrapht/alg/KSPExampleGraph|,|java+class:///org/jgrapht/graph/SimpleWeightedGraph|> 
<|java+class:///org/jgrapht/alg/KShortestPathCompleteGraph6|,|java+class:///org/jgrapht/graph/SimpleWeightedGraph|> 
<|java+class:///org/jgrapht/alg/Picture1Graph|,|java+class:///org/jgrapht/graph/SimpleDirectedWeightedGraph|> 
<|java+class:///org/jgrapht/alg/RankingPathElement|,|java+class:///org/jgrapht/alg/AbstractPathElement|> 
<|java+class:///org/jgrapht/experimental/GraphSquare|,|java+class:///org/jgrapht/graph/AbstractBaseGraph|> 
<|java+class:///org/jgrapht/experimental/dag/DirectedAcyclicGraph|,|java+class:///org/jgrapht/graph/SimpleDirectedGraph|> 
<|java+class:///org/jgrapht/graph/AbstractBaseGraph|,|java+class:///org/jgrapht/graph/AbstractGraph|> 
<|java+class:///org/jgrapht/graph/DefaultDirectedGraph|,|java+class:///org/jgrapht/graph/AbstractBaseGraph|> 
<|java+class:///org/jgrapht/graph/DirectedMultigraph|,|java+class:///org/jgrapht/graph/AbstractBaseGraph|> 
<|java+class:///org/jgrapht/graph/DirectedSubgraph|,|java+class:///org/jgrapht/graph/Subgraph|> 
<|java+class:///org/jgrapht/graph/DirectedWeightedMultigraph|,|java+class:///org/jgrapht/graph/DirectedMultigraph|> 
<|java+class:///org/jgrapht/graph/GenericGraphsTest/EquivGraph|,|java+class:///org/jgrapht/graph/AbstractBaseGraph|> 
<|java+class:///org/jgrapht/graph/ListenableDirectedGraph|,|java+class:///org/jgrapht/graph/DefaultListenableGraph|> 
<|java+class:///org/jgrapht/graph/ListenableUndirectedGraph|,|java+class:///org/jgrapht/graph/DefaultListenableGraph|> 
<|java+class:///org/jgrapht/graph/Pseudograph|,|java+class:///org/jgrapht/graph/AbstractBaseGraph|> 
<|java+class:///org/jgrapht/graph/SimpleDirectedGraph|,|java+class:///org/jgrapht/graph/AbstractBaseGraph|> 
<|java+class:///org/jgrapht/graph/SimpleDirectedWeightedGraph|,|java+class:///org/jgrapht/graph/SimpleDirectedGraph|> 
<|java+class:///org/jgrapht/graph/SimpleGraph|,|java+class:///org/jgrapht/graph/AbstractBaseGraph|> 
<|java+class:///org/jgrapht/graph/SimpleWeightedGraph|,|java+class:///org/jgrapht/graph/SimpleGraph|> 
<|java+class:///org/jgrapht/graph/UndirectedSubgraph|,|java+class:///org/jgrapht/graph/Subgraph|> 
<|java+class:///org/jgrapht/traverse/BreadthFirstIterator|,|java+class:///org/jgrapht/traverse/CrossComponentIterator|> 
<|java+class:///org/jgrapht/traverse/ClosestFirstIterator|,|java+class:///org/jgrapht/traverse/CrossComponentIterator|> 
<|java+class:///org/jgrapht/traverse/CrossComponentIterator|,|java+class:///org/jgrapht/traverse/AbstractGraphIterator|> 
<|java+class:///org/jgrapht/traverse/DepthFirstIterator|,|java+class:///org/jgrapht/traverse/CrossComponentIterator|> 
<|java+class:///org/jgrapht/traverse/TopologicalOrderIterator|,|java+class:///org/jgrapht/traverse/CrossComponentIterator|> 

SUBTYPE TOTAL: 55 
<|java+class:///org/jgrapht/alg/BellmanFordPathElement|,|java+class:///org/jgrapht/alg/AbstractPathElement|> 
<|java+class:///org/jgrapht/alg/BiconnectedGraph|,|java+class:///org/jgrapht/graph/SimpleGraph|> 
<|java+class:///org/jgrapht/alg/BlockCutpointGraph/BCGEdge|,|java+class:///org/jgrapht/graph/DefaultEdge|> 
<|java+class:///org/jgrapht/alg/CycleDetector/ProbeIterator|,|java+class:///org/jgrapht/traverse/DepthFirstIterator|> 
<|java+class:///org/jgrapht/alg/KSPExampleGraph|,|java+class:///org/jgrapht/graph/SimpleWeightedGraph|> 
<|java+class:///org/jgrapht/alg/KShortestPathCompleteGraph4|,|java+class:///org/jgrapht/graph/SimpleWeightedGraph|> 
<|java+class:///org/jgrapht/alg/KShortestPathCompleteGraph5|,|java+class:///org/jgrapht/graph/SimpleWeightedGraph|> 
<|java+class:///org/jgrapht/alg/KShortestPathCompleteGraph6|,|java+class:///org/jgrapht/graph/SimpleWeightedGraph|> 
<|java+class:///org/jgrapht/alg/NotBiconnectedGraph|,|java+class:///org/jgrapht/graph/SimpleGraph|> 
<|java+class:///org/jgrapht/alg/Picture1Graph|,|java+class:///org/jgrapht/graph/SimpleDirectedWeightedGraph|> 
<|java+class:///org/jgrapht/alg/RankingPathElement|,|java+class:///org/jgrapht/alg/AbstractPathElement|> 
<|java+class:///org/jgrapht/alg/RankingPathElementList|,|java+class:///org/jgrapht/alg/AbstractPathElementList|> 
<|java+class:///org/jgrapht/demo/JGraphAdapterDemo/ListenableDirectedMultigraph|,|java+class:///org/jgrapht/graph/DefaultListenableGraph|> 
<|java+class:///org/jgrapht/event/GraphVertexChangeEvent|,|java+class:///org/jgrapht/event/GraphChangeEvent|> 
<|java+class:///org/jgrapht/experimental/GraphSquare|,|java+class:///org/jgrapht/graph/AbstractBaseGraph|> 
<|java+class:///org/jgrapht/experimental/dag/DirectedAcyclicGraph|,|java+class:///org/jgrapht/graph/SimpleDirectedGraph|> 
<|java+class:///org/jgrapht/experimental/dag/DirectedAcyclicGraphTest/RepeatableRandomGraphGenerator|,|java+class:///org/jgrapht/generate/RandomGraphGenerator|> 
<|java+class:///org/jgrapht/experimental/isomorphism/EquivalenceIsomorphismInspector|,|java+class:///org/jgrapht/experimental/isomorphism/AbstractExhaustiveIsomorphismInspector|> 
<|java+class:///org/jgrapht/graph/AbstractBaseGraph|,|java+class:///org/jgrapht/graph/AbstractGraph|> 
<|java+class:///org/jgrapht/graph/AbstractBaseGraph/DirectedSpecifics|,|java+class:///org/jgrapht/graph/AbstractBaseGraph/Specifics|> 
<|java+class:///org/jgrapht/graph/AbstractBaseGraph/UndirectedSpecifics|,|java+class:///org/jgrapht/graph/AbstractBaseGraph/Specifics|> 
<|java+class:///org/jgrapht/graph/AsUnweightedGraph|,|java+class:///org/jgrapht/graph/GraphDelegator|> 
<|java+class:///org/jgrapht/graph/DefaultDirectedGraph|,|java+class:///org/jgrapht/graph/AbstractBaseGraph|> 
<|java+class:///org/jgrapht/graph/DefaultDirectedWeightedGraph|,|java+class:///org/jgrapht/graph/DefaultDirectedGraph|> 
<|java+class:///org/jgrapht/graph/DefaultEdge|,|java+class:///org/jgrapht/graph/IntrusiveEdge|> 
<|java+class:///org/jgrapht/graph/DefaultListenableGraph|,|java+class:///org/jgrapht/graph/GraphDelegator|> 
<|java+class:///org/jgrapht/graph/DefaultListenableGraph/FlyweightEdgeEvent|,|java+class:///org/jgrapht/event/GraphEdgeChangeEvent|> 
<|java+class:///org/jgrapht/graph/DefaultListenableGraph/FlyweightVertexEvent|,|java+class:///org/jgrapht/event/GraphVertexChangeEvent|> 
<|java+class:///org/jgrapht/graph/DefaultWeightedEdge|,|java+class:///org/jgrapht/graph/DefaultEdge|> 
<|java+class:///org/jgrapht/graph/DirectedMultigraph|,|java+class:///org/jgrapht/graph/AbstractBaseGraph|> 
<|java+class:///org/jgrapht/graph/DirectedSubgraph|,|java+class:///org/jgrapht/graph/Subgraph|> 
<|java+class:///org/jgrapht/graph/DirectedWeightedMultigraph|,|java+class:///org/jgrapht/graph/DirectedMultigraph|> 
<|java+class:///org/jgrapht/graph/GenericGraphsTest/BarEdge|,|java+class:///org/jgrapht/graph/GenericGraphsTest/FooEdge|> 
<|java+class:///org/jgrapht/graph/GenericGraphsTest/BarVertex|,|java+class:///org/jgrapht/graph/GenericGraphsTest/FooVertex|> 
<|java+class:///org/jgrapht/graph/GraphDelegator|,|java+class:///org/jgrapht/graph/AbstractGraph|> 
<|java+class:///org/jgrapht/graph/ListenableDirectedGraph|,|java+class:///org/jgrapht/graph/DefaultListenableGraph|> 
<|java+class:///org/jgrapht/graph/ListenableDirectedWeightedGraph|,|java+class:///org/jgrapht/graph/ListenableDirectedGraph|> 
<|java+class:///org/jgrapht/graph/ListenableUndirectedGraph|,|java+class:///org/jgrapht/graph/DefaultListenableGraph|> 
<|java+class:///org/jgrapht/graph/ListenableUndirectedWeightedGraph|,|java+class:///org/jgrapht/graph/ListenableUndirectedGraph|> 
<|java+class:///org/jgrapht/graph/Pseudograph|,|java+class:///org/jgrapht/graph/AbstractBaseGraph|> 
<|java+class:///org/jgrapht/graph/SimpleDirectedGraph|,|java+class:///org/jgrapht/graph/AbstractBaseGraph|> 
<|java+class:///org/jgrapht/graph/SimpleDirectedWeightedGraph|,|java+class:///org/jgrapht/graph/SimpleDirectedGraph|> 
<|java+class:///org/jgrapht/graph/SimpleGraph|,|java+class:///org/jgrapht/graph/AbstractBaseGraph|> 
<|java+class:///org/jgrapht/graph/SimpleWeightedGraph|,|java+class:///org/jgrapht/graph/SimpleGraph|> 
<|java+class:///org/jgrapht/graph/Subgraph|,|java+class:///org/jgrapht/graph/AbstractGraph|> 
<|java+class:///org/jgrapht/graph/UndirectedWeightedSubgraph|,|java+class:///org/jgrapht/graph/UndirectedSubgraph|> 
<|java+class:///org/jgrapht/traverse/BreadthFirstIterator|,|java+class:///org/jgrapht/traverse/CrossComponentIterator|> 
<|java+class:///org/jgrapht/traverse/ClosestFirstIterator|,|java+class:///org/jgrapht/traverse/CrossComponentIterator|> 
<|java+class:///org/jgrapht/traverse/CrossComponentIterator|,|java+class:///org/jgrapht/traverse/AbstractGraphIterator|> 
<|java+class:///org/jgrapht/traverse/CrossComponentIterator/DirectedSpecifics|,|java+class:///org/jgrapht/traverse/CrossComponentIterator/Specifics|> 
<|java+class:///org/jgrapht/traverse/CrossComponentIterator/FlyweightEdgeEvent|,|java+class:///org/jgrapht/event/EdgeTraversalEvent|> 
<|java+class:///org/jgrapht/traverse/CrossComponentIterator/FlyweightVertexEvent|,|java+class:///org/jgrapht/event/VertexTraversalEvent|> 
<|java+class:///org/jgrapht/traverse/CrossComponentIterator/UndirectedSpecifics|,|java+class:///org/jgrapht/traverse/CrossComponentIterator/Specifics|> 
<|java+class:///org/jgrapht/traverse/DepthFirstIterator|,|java+class:///org/jgrapht/traverse/CrossComponentIterator|> 
<|java+class:///org/jgrapht/traverse/TopologicalOrderIterator|,|java+class:///org/jgrapht/traverse/CrossComponentIterator|> 

DOWNCALL ACTUAL TOTAL: 0 

DOWNCALL CANDIDATE TOTAL: 0 

CONSTANT TOTAL: 0 

MARKER TOTAL: 0 

SUPER TOTAL: 80 
<|java+class:///org/jgrapht/alg/BellmanFordPathElement|,|java+class:///org/jgrapht/alg/AbstractPathElement|> 
<|java+class:///org/jgrapht/alg/BiconnectedGraph|,|java+class:///org/jgrapht/graph/SimpleGraph|> 
<|java+class:///org/jgrapht/alg/BlockCutpointGraph|,|java+class:///org/jgrapht/graph/SimpleGraph|> 
<|java+class:///org/jgrapht/alg/BlockCutpointGraph/BCGEdge|,|java+class:///org/jgrapht/graph/DefaultEdge|> 
<|java+class:///org/jgrapht/alg/CycleDetector/ProbeIterator|,|java+class:///org/jgrapht/traverse/DepthFirstIterator|> 
<|java+class:///org/jgrapht/alg/KSPExampleGraph|,|java+class:///org/jgrapht/graph/SimpleWeightedGraph|> 
<|java+class:///org/jgrapht/alg/KShortestPathCompleteGraph4|,|java+class:///org/jgrapht/graph/SimpleWeightedGraph|> 
<|java+class:///org/jgrapht/alg/KShortestPathCompleteGraph5|,|java+class:///org/jgrapht/graph/SimpleWeightedGraph|> 
<|java+class:///org/jgrapht/alg/KShortestPathCompleteGraph6|,|java+class:///org/jgrapht/graph/SimpleWeightedGraph|> 
<|java+class:///org/jgrapht/alg/NotBiconnectedGraph|,|java+class:///org/jgrapht/graph/SimpleGraph|> 
<|java+class:///org/jgrapht/alg/Picture1Graph|,|java+class:///org/jgrapht/graph/SimpleDirectedWeightedGraph|> 
<|java+class:///org/jgrapht/alg/RankingPathElement|,|java+class:///org/jgrapht/alg/AbstractPathElement|> 
<|java+class:///org/jgrapht/alg/RankingPathElementList|,|java+class:///org/jgrapht/alg/AbstractPathElementList|> 
<|java+class:///org/jgrapht/alg/StrongConnectivityInspector/VertexData1|,|java+class:///org/jgrapht/alg/StrongConnectivityInspector/VertexData|> 
<|java+class:///org/jgrapht/alg/StrongConnectivityInspector/VertexData2|,|java+class:///org/jgrapht/alg/StrongConnectivityInspector/VertexData|> 
<|java+class:///org/jgrapht/demo/JGraphAdapterDemo/ListenableDirectedMultigraph|,|java+class:///org/jgrapht/graph/DefaultListenableGraph|> 
<|java+class:///org/jgrapht/event/GraphEdgeChangeEvent|,|java+class:///org/jgrapht/event/GraphChangeEvent|> 
<|java+class:///org/jgrapht/event/GraphVertexChangeEvent|,|java+class:///org/jgrapht/event/GraphChangeEvent|> 
<|java+class:///org/jgrapht/experimental/GraphSquare|,|java+class:///org/jgrapht/graph/AbstractBaseGraph|> 
<|java+class:///org/jgrapht/experimental/alg/color/BrownBacktrackColoring|,|java+class:///org/jgrapht/experimental/alg/IntArrayGraphAlgorithm|> 
<|java+class:///org/jgrapht/experimental/alg/color/GreedyColoring|,|java+class:///org/jgrapht/experimental/alg/IntArrayGraphAlgorithm|> 
<|java+class:///org/jgrapht/experimental/dag/DirectedAcyclicGraph|,|java+class:///org/jgrapht/graph/SimpleDirectedGraph|> 
<|java+class:///org/jgrapht/experimental/dag/DirectedAcyclicGraphTest/RepeatableRandomGraphGenerator|,|java+class:///org/jgrapht/generate/RandomGraphGenerator|> 
<|java+class:///org/jgrapht/experimental/isomorphism/EquivalenceIsomorphismInspector|,|java+class:///org/jgrapht/experimental/isomorphism/AbstractExhaustiveIsomorphismInspector|> 
<|java+class:///org/jgrapht/experimental/isomorphism/PermutationIsomorphismInspector|,|java+class:///org/jgrapht/experimental/isomorphism/AbstractExhaustiveIsomorphismInspector|> 
<|java+class:///org/jgrapht/graph/AsUndirectedGraph|,|java+class:///org/jgrapht/graph/GraphDelegator|> 
<|java+class:///org/jgrapht/graph/AsUndirectedGraphTest|,|java+class:///org/jgrapht/EnhancedTestCase|> 
<|java+class:///org/jgrapht/graph/AsUnweightedDirectedGraph|,|java+class:///org/jgrapht/graph/GraphDelegator|> 
<|java+class:///org/jgrapht/graph/AsUnweightedGraph|,|java+class:///org/jgrapht/graph/GraphDelegator|> 
<|java+class:///org/jgrapht/graph/AsUnweightedGraphTest|,|java+class:///org/jgrapht/EnhancedTestCase|> 
<|java+class:///org/jgrapht/graph/AsWeightedGraph|,|java+class:///org/jgrapht/graph/GraphDelegator|> 
<|java+class:///org/jgrapht/graph/CloneTest|,|java+class:///org/jgrapht/EnhancedTestCase|> 
<|java+class:///org/jgrapht/graph/DefaultDirectedGraph|,|java+class:///org/jgrapht/graph/AbstractBaseGraph|> 
<|java+class:///org/jgrapht/graph/DefaultDirectedWeightedGraph|,|java+class:///org/jgrapht/graph/DefaultDirectedGraph|> 
<|java+class:///org/jgrapht/graph/DefaultListenableGraph|,|java+class:///org/jgrapht/graph/GraphDelegator|> 
<|java+class:///org/jgrapht/graph/DefaultListenableGraph/FlyweightEdgeEvent|,|java+class:///org/jgrapht/event/GraphEdgeChangeEvent|> 
<|java+class:///org/jgrapht/graph/DefaultListenableGraph/FlyweightVertexEvent|,|java+class:///org/jgrapht/event/GraphVertexChangeEvent|> 
<|java+class:///org/jgrapht/graph/DirectedGraphUnion|,|java+class:///org/jgrapht/graph/GraphUnion|> 
<|java+class:///org/jgrapht/graph/DirectedMaskSubgraph|,|java+class:///org/jgrapht/graph/MaskSubgraph|> 
<|java+class:///org/jgrapht/graph/DirectedMultigraph|,|java+class:///org/jgrapht/graph/AbstractBaseGraph|> 
<|java+class:///org/jgrapht/graph/DirectedPseudograph|,|java+class:///org/jgrapht/graph/AbstractBaseGraph|> 
<|java+class:///org/jgrapht/graph/DirectedSubgraph|,|java+class:///org/jgrapht/graph/Subgraph|> 
<|java+class:///org/jgrapht/graph/DirectedWeightedMultigraph|,|java+class:///org/jgrapht/graph/DirectedMultigraph|> 
<|java+class:///org/jgrapht/graph/DirectedWeightedSubgraph|,|java+class:///org/jgrapht/graph/DirectedSubgraph|> 
<|java+class:///org/jgrapht/graph/EdgeReversedGraph|,|java+class:///org/jgrapht/graph/GraphDelegator|> 
<|java+class:///org/jgrapht/graph/GenericGraphsTest|,|java+class:///org/jgrapht/EnhancedTestCase|> 
<|java+class:///org/jgrapht/graph/GenericGraphsTest/BarVertex|,|java+class:///org/jgrapht/graph/GenericGraphsTest/FooVertex|> 
<|java+class:///org/jgrapht/graph/GenericGraphsTest/EquivGraph|,|java+class:///org/jgrapht/graph/AbstractBaseGraph|> 
<|java+class:///org/jgrapht/graph/GraphDelegator|,|java+class:///org/jgrapht/graph/AbstractGraph|> 
<|java+class:///org/jgrapht/graph/ListenableDirectedGraph|,|java+class:///org/jgrapht/graph/DefaultListenableGraph|> 
<|java+class:///org/jgrapht/graph/ListenableDirectedWeightedGraph|,|java+class:///org/jgrapht/graph/ListenableDirectedGraph|> 
<|java+class:///org/jgrapht/graph/ListenableUndirectedGraph|,|java+class:///org/jgrapht/graph/DefaultListenableGraph|> 
<|java+class:///org/jgrapht/graph/ListenableUndirectedWeightedGraph|,|java+class:///org/jgrapht/graph/ListenableUndirectedGraph|> 
<|java+class:///org/jgrapht/graph/MaskSubgraph|,|java+class:///org/jgrapht/graph/AbstractGraph|> 
<|java+class:///org/jgrapht/graph/Multigraph|,|java+class:///org/jgrapht/graph/AbstractBaseGraph|> 
<|java+class:///org/jgrapht/graph/ParanoidGraph|,|java+class:///org/jgrapht/graph/GraphDelegator|> 
<|java+class:///org/jgrapht/graph/Pseudograph|,|java+class:///org/jgrapht/graph/AbstractBaseGraph|> 
<|java+class:///org/jgrapht/graph/SerializationTest|,|java+class:///org/jgrapht/EnhancedTestCase|> 
<|java+class:///org/jgrapht/graph/SimpleDirectedGraph|,|java+class:///org/jgrapht/graph/AbstractBaseGraph|> 
<|java+class:///org/jgrapht/graph/SimpleDirectedGraphTest|,|java+class:///org/jgrapht/EnhancedTestCase|> 
<|java+class:///org/jgrapht/graph/SimpleDirectedWeightedGraph|,|java+class:///org/jgrapht/graph/SimpleDirectedGraph|> 
<|java+class:///org/jgrapht/graph/SimpleGraph|,|java+class:///org/jgrapht/graph/AbstractBaseGraph|> 
<|java+class:///org/jgrapht/graph/SimpleWeightedGraph|,|java+class:///org/jgrapht/graph/SimpleGraph|> 
<|java+class:///org/jgrapht/graph/Subgraph|,|java+class:///org/jgrapht/graph/AbstractGraph|> 
<|java+class:///org/jgrapht/graph/UndirectedGraphUnion|,|java+class:///org/jgrapht/graph/GraphUnion|> 
<|java+class:///org/jgrapht/graph/UndirectedMaskSubgraph|,|java+class:///org/jgrapht/graph/MaskSubgraph|> 
<|java+class:///org/jgrapht/graph/UndirectedSubgraph|,|java+class:///org/jgrapht/graph/Subgraph|> 
<|java+class:///org/jgrapht/graph/UndirectedWeightedSubgraph|,|java+class:///org/jgrapht/graph/UndirectedSubgraph|> 
<|java+class:///org/jgrapht/graph/UnmodifiableDirectedGraph|,|java+class:///org/jgrapht/graph/UnmodifiableGraph|> 
<|java+class:///org/jgrapht/graph/UnmodifiableGraph|,|java+class:///org/jgrapht/graph/GraphDelegator|> 
<|java+class:///org/jgrapht/graph/UnmodifiableUndirectedGraph|,|java+class:///org/jgrapht/graph/UnmodifiableGraph|> 
<|java+class:///org/jgrapht/graph/WeightedMultigraph|,|java+class:///org/jgrapht/graph/Multigraph|> 
<|java+class:///org/jgrapht/graph/WeightedPseudograph|,|java+class:///org/jgrapht/graph/Pseudograph|> 
<|java+class:///org/jgrapht/traverse/BreadthFirstIterator|,|java+class:///org/jgrapht/traverse/CrossComponentIterator|> 
<|java+class:///org/jgrapht/traverse/ClosestFirstIterator|,|java+class:///org/jgrapht/traverse/CrossComponentIterator|> 
<|java+class:///org/jgrapht/traverse/CrossComponentIterator|,|java+class:///org/jgrapht/traverse/AbstractGraphIterator|> 
<|java+class:///org/jgrapht/traverse/CrossComponentIterator/FlyweightEdgeEvent|,|java+class:///org/jgrapht/event/EdgeTraversalEvent|> 
<|java+class:///org/jgrapht/traverse/CrossComponentIterator/FlyweightVertexEvent|,|java+class:///org/jgrapht/event/VertexTraversalEvent|> 
<|java+class:///org/jgrapht/traverse/DepthFirstIterator|,|java+class:///org/jgrapht/traverse/CrossComponentIterator|> 
<|java+class:///org/jgrapht/traverse/TopologicalOrderIterator|,|java+class:///org/jgrapht/traverse/CrossComponentIterator|> 

GENERIC TOTAL: 2 
<|java+class:///org/jgrapht/graph/DirectedWeightedMultigraph|,|java+class:///org/jgrapht/graph/DirectedMultigraph|> 
<|java+class:///org/jgrapht/graph/SimpleWeightedGraph|,|java+class:///org/jgrapht/graph/SimpleGraph|> 

CATEGORY TOTAL: 2 
<|java+class:///org/jgrapht/graph/DefaultWeightedEdge|,|java+class:///org/jgrapht/graph/DefaultEdge|> 
<|java+class:///org/jgrapht/graph/GenericGraphsTest/FooEdge|,|java+class:///org/jgrapht/graph/DefaultEdge|> 

FRAMEWORK TOTAL: 46 
<|java+class:///org/jgrapht/alg/BellmanFordShortestPathTest|,|java+class:///org/jgrapht/alg/ShortestPathTestCase|> 
<|java+class:///org/jgrapht/alg/DijkstraShortestPathTest|,|java+class:///org/jgrapht/alg/ShortestPathTestCase|> 
<|java+class:///org/jgrapht/alg/RankingPathElementList|,|java+class:///org/jgrapht/alg/AbstractPathElementList|> 
<|java+class:///org/jgrapht/demo/JGraphAdapterDemo/ListenableDirectedMultigraph|,|java+class:///org/jgrapht/graph/DefaultListenableGraph|> 
<|java+class:///org/jgrapht/event/GraphEdgeChangeEvent|,|java+class:///org/jgrapht/event/GraphChangeEvent|> 
<|java+class:///org/jgrapht/event/GraphVertexChangeEvent|,|java+class:///org/jgrapht/event/GraphChangeEvent|> 
<|java+class:///org/jgrapht/experimental/GraphSquare|,|java+class:///org/jgrapht/graph/AbstractBaseGraph|> 
<|java+class:///org/jgrapht/graph/AbstractBaseGraph/DirectedSpecifics|,|java+class:///org/jgrapht/graph/AbstractBaseGraph/Specifics|> 
<|java+class:///org/jgrapht/graph/AbstractBaseGraph/UndirectedSpecifics|,|java+class:///org/jgrapht/graph/AbstractBaseGraph/Specifics|> 
<|java+class:///org/jgrapht/graph/AsUndirectedGraph|,|java+class:///org/jgrapht/graph/GraphDelegator|> 
<|java+class:///org/jgrapht/graph/AsUndirectedGraphTest|,|java+class:///org/jgrapht/EnhancedTestCase|> 
<|java+class:///org/jgrapht/graph/AsUnweightedDirectedGraph|,|java+class:///org/jgrapht/graph/GraphDelegator|> 
<|java+class:///org/jgrapht/graph/AsUnweightedGraph|,|java+class:///org/jgrapht/graph/GraphDelegator|> 
<|java+class:///org/jgrapht/graph/AsUnweightedGraphTest|,|java+class:///org/jgrapht/EnhancedTestCase|> 
<|java+class:///org/jgrapht/graph/AsWeightedGraph|,|java+class:///org/jgrapht/graph/GraphDelegator|> 
<|java+class:///org/jgrapht/graph/AsWeightedGraphTest|,|java+class:///org/jgrapht/EnhancedTestCase|> 
<|java+class:///org/jgrapht/graph/CloneTest|,|java+class:///org/jgrapht/EnhancedTestCase|> 
<|java+class:///org/jgrapht/graph/DefaultDirectedGraph|,|java+class:///org/jgrapht/graph/AbstractBaseGraph|> 
<|java+class:///org/jgrapht/graph/DefaultDirectedGraphTest|,|java+class:///org/jgrapht/EnhancedTestCase|> 
<|java+class:///org/jgrapht/graph/DefaultEdge|,|java+class:///org/jgrapht/graph/IntrusiveEdge|> 
<|java+class:///org/jgrapht/graph/DefaultListenableGraph|,|java+class:///org/jgrapht/graph/GraphDelegator|> 
<|java+class:///org/jgrapht/graph/DirectedGraphUnion|,|java+class:///org/jgrapht/graph/GraphUnion|> 
<|java+class:///org/jgrapht/graph/DirectedMultigraph|,|java+class:///org/jgrapht/graph/AbstractBaseGraph|> 
<|java+class:///org/jgrapht/graph/DirectedPseudograph|,|java+class:///org/jgrapht/graph/AbstractBaseGraph|> 
<|java+class:///org/jgrapht/graph/DirectedSubgraph|,|java+class:///org/jgrapht/graph/Subgraph|> 
<|java+class:///org/jgrapht/graph/EdgeReversedGraph|,|java+class:///org/jgrapht/graph/GraphDelegator|> 
<|java+class:///org/jgrapht/graph/GenericGraphsTest|,|java+class:///org/jgrapht/EnhancedTestCase|> 
<|java+class:///org/jgrapht/graph/GenericGraphsTest/EquivGraph|,|java+class:///org/jgrapht/graph/AbstractBaseGraph|> 
<|java+class:///org/jgrapht/graph/ListenableDirectedGraph|,|java+class:///org/jgrapht/graph/DefaultListenableGraph|> 
<|java+class:///org/jgrapht/graph/ListenableUndirectedGraph|,|java+class:///org/jgrapht/graph/DefaultListenableGraph|> 
<|java+class:///org/jgrapht/graph/Multigraph|,|java+class:///org/jgrapht/graph/AbstractBaseGraph|> 
<|java+class:///org/jgrapht/graph/ParanoidGraph|,|java+class:///org/jgrapht/graph/GraphDelegator|> 
<|java+class:///org/jgrapht/graph/Pseudograph|,|java+class:///org/jgrapht/graph/AbstractBaseGraph|> 
<|java+class:///org/jgrapht/graph/SerializationTest|,|java+class:///org/jgrapht/EnhancedTestCase|> 
<|java+class:///org/jgrapht/graph/SimpleDirectedGraph|,|java+class:///org/jgrapht/graph/AbstractBaseGraph|> 
<|java+class:///org/jgrapht/graph/SimpleDirectedGraphTest|,|java+class:///org/jgrapht/EnhancedTestCase|> 
<|java+class:///org/jgrapht/graph/SimpleGraph|,|java+class:///org/jgrapht/graph/AbstractBaseGraph|> 
<|java+class:///org/jgrapht/graph/UndirectedGraphUnion|,|java+class:///org/jgrapht/graph/GraphUnion|> 
<|java+class:///org/jgrapht/graph/UndirectedSubgraph|,|java+class:///org/jgrapht/graph/Subgraph|> 
<|java+class:///org/jgrapht/graph/UnmodifiableDirectedGraph|,|java+class:///org/jgrapht/graph/UnmodifiableGraph|> 
<|java+class:///org/jgrapht/graph/UnmodifiableGraph|,|java+class:///org/jgrapht/graph/GraphDelegator|> 
<|java+class:///org/jgrapht/graph/UnmodifiableUndirectedGraph|,|java+class:///org/jgrapht/graph/UnmodifiableGraph|> 
<|java+class:///org/jgrapht/traverse/AbstractGraphIteratorTest|,|java+class:///org/jgrapht/EnhancedTestCase|> 
<|java+class:///org/jgrapht/traverse/CrossComponentIterator/FlyweightEdgeEvent|,|java+class:///org/jgrapht/event/EdgeTraversalEvent|> 
<|java+class:///org/jgrapht/traverse/CrossComponentIterator/FlyweightVertexEvent|,|java+class:///org/jgrapht/event/VertexTraversalEvent|> 
<|java+class:///org/jgrapht/traverse/TopologicalOrderIteratorTest|,|java+class:///org/jgrapht/EnhancedTestCase|> 

DOWNCALL TOTAL: 12 
<|java+class:///org/jgrapht/alg/BellmanFordShortestPathTest|,|java+class:///org/jgrapht/alg/ShortestPathTestCase|> 
<|java+class:///org/jgrapht/alg/DijkstraShortestPathTest|,|java+class:///org/jgrapht/alg/ShortestPathTestCase|> 
<|java+class:///org/jgrapht/experimental/isomorphism/EquivalenceIsomorphismInspector|,|java+class:///org/jgrapht/experimental/isomorphism/AbstractExhaustiveIsomorphismInspector|> 
<|java+class:///org/jgrapht/experimental/isomorphism/PermutationIsomorphismInspector|,|java+class:///org/jgrapht/experimental/isomorphism/AbstractExhaustiveIsomorphismInspector|> 
<|java+class:///org/jgrapht/traverse/BreadthFirstIterator|,|java+class:///org/jgrapht/traverse/CrossComponentIterator|> 
<|java+class:///org/jgrapht/traverse/BreadthFirstIteratorTest|,|java+class:///org/jgrapht/traverse/AbstractGraphIteratorTest|> 
<|java+class:///org/jgrapht/traverse/ClosestFirstIterator|,|java+class:///org/jgrapht/traverse/CrossComponentIterator|> 
<|java+class:///org/jgrapht/traverse/ClosestFirstIteratorTest|,|java+class:///org/jgrapht/traverse/AbstractGraphIteratorTest|> 
<|java+class:///org/jgrapht/traverse/DepthFirstIterator|,|java+class:///org/jgrapht/traverse/CrossComponentIterator|> 
<|java+class:///org/jgrapht/traverse/DepthFirstIteratorTest|,|java+class:///org/jgrapht/traverse/AbstractGraphIteratorTest|> 
<|java+class:///org/jgrapht/traverse/IgnoreDirectionTest|,|java+class:///org/jgrapht/traverse/AbstractGraphIteratorTest|> 
<|java+class:///org/jgrapht/traverse/TopologicalOrderIterator|,|java+class:///org/jgrapht/traverse/CrossComponentIterator|> 




INTERNAL REUSE TOTAL: 0 

EXTERNAL REUSE TOTAL: 1 
<|java+class:///org/jgrapht/traverse/AbstractGraphIterator|,|java+interface:///org/jgrapht/traverse/GraphIterator|> 

SUBTYPE TOTAL: 56 
<|java+class:///org/jgrapht/experimental/GraphReader/IntVertexFactory|,|java+interface:///org/jgrapht/VertexFactory|> 
<|java+class:///org/jgrapht/experimental/dag/DirectedAcyclicGraph/TopoVertexBiMap|,|java+interface:///org/jgrapht/experimental/dag/DirectedAcyclicGraph/TopoOrderMapping|> 
<|java+class:///org/jgrapht/experimental/dag/DirectedAcyclicGraph/TopoVertexBiMap|,|java+interface:///org/jgrapht/experimental/dag/DirectedAcyclicGraph/TopoOrderMappingFactory|> 
<|java+class:///org/jgrapht/experimental/dag/DirectedAcyclicGraph/TopoVertexMap|,|java+interface:///org/jgrapht/experimental/dag/DirectedAcyclicGraph/TopoOrderMapping|> 
<|java+class:///org/jgrapht/experimental/dag/DirectedAcyclicGraph/VisitedArrayImpl|,|java+interface:///org/jgrapht/experimental/dag/DirectedAcyclicGraph/Visited|> 
<|java+class:///org/jgrapht/experimental/dag/DirectedAcyclicGraph/VisitedArrayImpl|,|java+interface:///org/jgrapht/experimental/dag/DirectedAcyclicGraph/VisitedFactory|> 
<|java+class:///org/jgrapht/experimental/dag/DirectedAcyclicGraph/VisitedArrayListImpl|,|java+interface:///org/jgrapht/experimental/dag/DirectedAcyclicGraph/Visited|> 
<|java+class:///org/jgrapht/experimental/dag/DirectedAcyclicGraph/VisitedArrayListImpl|,|java+interface:///org/jgrapht/experimental/dag/DirectedAcyclicGraph/VisitedFactory|> 
<|java+class:///org/jgrapht/experimental/dag/DirectedAcyclicGraph/VisitedBitSetImpl|,|java+interface:///org/jgrapht/experimental/dag/DirectedAcyclicGraph/Visited|> 
<|java+class:///org/jgrapht/experimental/dag/DirectedAcyclicGraph/VisitedBitSetImpl|,|java+interface:///org/jgrapht/experimental/dag/DirectedAcyclicGraph/VisitedFactory|> 
<|java+class:///org/jgrapht/experimental/dag/DirectedAcyclicGraph/VisitedHashSetImpl|,|java+interface:///org/jgrapht/experimental/dag/DirectedAcyclicGraph/Visited|> 
<|java+class:///org/jgrapht/experimental/dag/DirectedAcyclicGraph/VisitedHashSetImpl|,|java+interface:///org/jgrapht/experimental/dag/DirectedAcyclicGraph/VisitedFactory|> 
<|java+class:///org/jgrapht/experimental/equivalence/EquivalenceComparatorChainBase|,|java+interface:///org/jgrapht/experimental/equivalence/EquivalenceComparatorChain|> 
<|java+class:///org/jgrapht/experimental/equivalence/UniformEquivalenceComparator|,|java+interface:///org/jgrapht/experimental/equivalence/EquivalenceComparator|> 
<|java+class:///org/jgrapht/experimental/isomorphism/AbstractExhaustiveIsomorphismInspector|,|java+interface:///org/jgrapht/experimental/isomorphism/GraphIsomorphismInspector|> 
<|java+class:///org/jgrapht/experimental/isomorphism/comparators/DirectedEdgeWeightOddEvenComparator|,|java+interface:///org/jgrapht/experimental/equivalence/EquivalenceComparator|> 
<|java+class:///org/jgrapht/experimental/isomorphism/comparators/Mod3GroupComparator|,|java+interface:///org/jgrapht/experimental/equivalence/EquivalenceComparator|> 
<|java+class:///org/jgrapht/experimental/isomorphism/comparators/OddEvenGroupComparator|,|java+interface:///org/jgrapht/experimental/equivalence/EquivalenceComparator|> 
<|java+class:///org/jgrapht/experimental/permutation/CompoundPermutationIter|,|java+interface:///org/jgrapht/experimental/permutation/ArrayPermutationsIter|> 
<|java+class:///org/jgrapht/experimental/permutation/IntegerPermutationIter|,|java+interface:///org/jgrapht/experimental/permutation/ArrayPermutationsIter|> 
<|java+class:///org/jgrapht/ext/IntegerEdgeNameProvider|,|java+interface:///org/jgrapht/ext/EdgeNameProvider|> 
<|java+class:///org/jgrapht/ext/IntegerNameProvider|,|java+interface:///org/jgrapht/ext/VertexNameProvider|> 
<|java+class:///org/jgrapht/ext/JGraphModelAdapter/DefaultCellFactory|,|java+interface:///org/jgrapht/ext/JGraphModelAdapter/CellFactory|> 
<|java+class:///org/jgrapht/ext/StringNameProvider|,|java+interface:///org/jgrapht/ext/VertexNameProvider|> 
<|java+class:///org/jgrapht/generate/EmptyGraphGenerator|,|java+interface:///org/jgrapht/generate/GraphGenerator|> 
<|java+class:///org/jgrapht/generate/LinearGraphGenerator|,|java+interface:///org/jgrapht/generate/GraphGenerator|> 
<|java+class:///org/jgrapht/generate/RandomGraphGenerator/DefaultEdgeTopologyFactory|,|java+interface:///org/jgrapht/generate/RandomGraphGenerator/EdgeTopologyFactory|> 
<|java+class:///org/jgrapht/generate/RingGraphGenerator|,|java+interface:///org/jgrapht/generate/GraphGenerator|> 
<|java+class:///org/jgrapht/graph/AbstractBaseGraph/ArrayListFactory|,|java+interface:///org/jgrapht/graph/EdgeSetFactory|> 
<|java+class:///org/jgrapht/graph/AsUndirectedGraph|,|java+interface:///org/jgrapht/UndirectedGraph|> 
<|java+class:///org/jgrapht/graph/AsUnweightedDirectedGraph|,|java+interface:///org/jgrapht/DirectedGraph|> 
<|java+class:///org/jgrapht/graph/AsWeightedGraph|,|java+interface:///org/jgrapht/WeightedGraph|> 
<|java+class:///org/jgrapht/graph/ClassBasedEdgeFactory|,|java+interface:///org/jgrapht/EdgeFactory|> 
<|java+class:///org/jgrapht/graph/ClassBasedVertexFactory|,|java+interface:///org/jgrapht/VertexFactory|> 
<|java+class:///org/jgrapht/graph/DefaultDirectedGraph|,|java+interface:///org/jgrapht/DirectedGraph|> 
<|java+class:///org/jgrapht/graph/DefaultDirectedWeightedGraph|,|java+interface:///org/jgrapht/WeightedGraph|> 
<|java+class:///org/jgrapht/graph/DefaultGraphMapping|,|java+interface:///org/jgrapht/GraphMapping|> 
<|java+class:///org/jgrapht/graph/DefaultListenableGraph|,|java+interface:///org/jgrapht/ListenableGraph|> 
<|java+class:///org/jgrapht/graph/DirectedMultigraph|,|java+interface:///org/jgrapht/DirectedGraph|> 
<|java+class:///org/jgrapht/graph/EdgeReversedGraph|,|java+interface:///org/jgrapht/DirectedGraph|> 
<|java+class:///org/jgrapht/graph/GraphDelegator|,|java+interface:///org/jgrapht/Graph|> 
<|java+class:///org/jgrapht/graph/GraphPathImpl|,|java+interface:///org/jgrapht/GraphPath|> 
<|java+class:///org/jgrapht/graph/ListenableDirectedGraph|,|java+interface:///org/jgrapht/DirectedGraph|> 
<|java+class:///org/jgrapht/graph/ListenableDirectedWeightedGraph|,|java+interface:///org/jgrapht/WeightedGraph|> 
<|java+class:///org/jgrapht/graph/ListenableGraphTest/MyGraphListner|,|java+interface:///org/jgrapht/event/GraphListener|> 
<|java+class:///org/jgrapht/graph/ListenableUndirectedGraph|,|java+interface:///org/jgrapht/UndirectedGraph|> 
<|java+class:///org/jgrapht/graph/ListenableUndirectedWeightedGraph|,|java+interface:///org/jgrapht/WeightedGraph|> 
<|java+class:///org/jgrapht/graph/Pseudograph|,|java+interface:///org/jgrapht/UndirectedGraph|> 
<|java+class:///org/jgrapht/graph/SimpleDirectedGraph|,|java+interface:///org/jgrapht/DirectedGraph|> 
<|java+class:///org/jgrapht/graph/SimpleDirectedWeightedGraph|,|java+interface:///org/jgrapht/WeightedGraph|> 
<|java+class:///org/jgrapht/graph/SimpleGraph|,|java+interface:///org/jgrapht/UndirectedGraph|> 
<|java+class:///org/jgrapht/graph/SimpleWeightedGraph|,|java+interface:///org/jgrapht/WeightedGraph|> 
<|java+class:///org/jgrapht/graph/UndirectedMaskSubgraph|,|java+interface:///org/jgrapht/UndirectedGraph|> 
<|java+class:///org/jgrapht/graph/UndirectedSubgraph|,|java+interface:///org/jgrapht/UndirectedGraph|> 
<|java+class:///org/jgrapht/graph/UndirectedWeightedSubgraph|,|java+interface:///org/jgrapht/WeightedGraph|> 
<|java+class:///org/jgrapht/traverse/AbstractGraphIterator|,|java+interface:///org/jgrapht/traverse/GraphIterator|> 

DOWNCALL ACTUAL TOTAL: 0 

DOWNCALL CANDIDATE TOTAL: 0 

CONSTANT TOTAL: 0 

MARKER TOTAL: 0 

SUPER TOTAL: 0 

GENERIC TOTAL: 1 
<|java+class:///org/jgrapht/graph/Multigraph|,|java+interface:///org/jgrapht/UndirectedGraph|> 

CATEGORY TOTAL: 39 
<|java+class:///org/jgrapht/alg/ConnectivityInspector|,|java+interface:///org/jgrapht/event/GraphListener|> 
<|java+class:///org/jgrapht/alg/DirectedNeighborIndex|,|java+interface:///org/jgrapht/event/GraphListener|> 
<|java+class:///org/jgrapht/alg/KShortestPaths/PathWrapper|,|java+interface:///org/jgrapht/GraphPath|> 
<|java+class:///org/jgrapht/alg/NeighborIndex|,|java+interface:///org/jgrapht/event/GraphListener|> 
<|java+class:///org/jgrapht/demo/JGraphAdapterDemo/ListenableDirectedMultigraph|,|java+interface:///org/jgrapht/DirectedGraph|> 
<|java+class:///org/jgrapht/experimental/GraphReader|,|java+interface:///org/jgrapht/generate/GraphGenerator|> 
<|java+class:///org/jgrapht/experimental/PartiteRandomGraphGenerator|,|java+interface:///org/jgrapht/generate/GraphGenerator|> 
<|java+class:///org/jgrapht/experimental/UniformRandomGraphGenerator|,|java+interface:///org/jgrapht/generate/GraphGenerator|> 
<|java+class:///org/jgrapht/experimental/dag/DirectedAcyclicGraph/TopoVertexMap|,|java+interface:///org/jgrapht/experimental/dag/DirectedAcyclicGraph/TopoOrderMappingFactory|> 
<|java+class:///org/jgrapht/experimental/dag/DirectedAcyclicGraphTest/LongVertexFactory|,|java+interface:///org/jgrapht/VertexFactory|> 
<|java+class:///org/jgrapht/experimental/isomorphism/IntegerVertexFactory|,|java+interface:///org/jgrapht/VertexFactory|> 
<|java+class:///org/jgrapht/experimental/isomorphism/IsomorphismRelation|,|java+interface:///org/jgrapht/GraphMapping|> 
<|java+class:///org/jgrapht/experimental/isomorphism/VertexDegreeEquivalenceComparator|,|java+interface:///org/jgrapht/experimental/equivalence/EquivalenceComparator|> 
<|java+class:///org/jgrapht/ext/JGraphModelAdapter/JGraphTListener|,|java+interface:///org/jgrapht/event/GraphListener|> 
<|java+class:///org/jgrapht/ext/StringEdgeNameProvider|,|java+interface:///org/jgrapht/ext/EdgeNameProvider|> 
<|java+class:///org/jgrapht/generate/CompleteBipartiteGraphGenerator|,|java+interface:///org/jgrapht/generate/GraphGenerator|> 
<|java+class:///org/jgrapht/generate/CompleteGraphGenerator|,|java+interface:///org/jgrapht/generate/GraphGenerator|> 
<|java+class:///org/jgrapht/generate/HyperCubeGraphGenerator|,|java+interface:///org/jgrapht/generate/GraphGenerator|> 
<|java+class:///org/jgrapht/generate/RandomGraphGenerator|,|java+interface:///org/jgrapht/generate/GraphGenerator|> 
<|java+class:///org/jgrapht/generate/ScaleFreeGraphGenerator|,|java+interface:///org/jgrapht/generate/GraphGenerator|> 
<|java+class:///org/jgrapht/generate/StarGraphGenerator|,|java+interface:///org/jgrapht/generate/GraphGenerator|> 
<|java+class:///org/jgrapht/generate/WheelGraphGenerator|,|java+interface:///org/jgrapht/generate/GraphGenerator|> 
<|java+class:///org/jgrapht/graph/AsUnweightedDirectedGraph|,|java+interface:///org/jgrapht/DirectedGraph|> 
<|java+class:///org/jgrapht/graph/DefaultDirectedGraphTest/LinkedHashSetFactory|,|java+interface:///org/jgrapht/graph/EdgeSetFactory|> 
<|java+class:///org/jgrapht/graph/DirectedGraphUnion|,|java+interface:///org/jgrapht/DirectedGraph|> 
<|java+class:///org/jgrapht/graph/DirectedMaskSubgraph|,|java+interface:///org/jgrapht/DirectedGraph|> 
<|java+class:///org/jgrapht/graph/DirectedPseudograph|,|java+interface:///org/jgrapht/DirectedGraph|> 
<|java+class:///org/jgrapht/graph/DirectedSubgraph|,|java+interface:///org/jgrapht/DirectedGraph|> 
<|java+class:///org/jgrapht/graph/DirectedWeightedMultigraph|,|java+interface:///org/jgrapht/WeightedGraph|> 
<|java+class:///org/jgrapht/graph/DirectedWeightedSubgraph|,|java+interface:///org/jgrapht/WeightedGraph|> 
<|java+class:///org/jgrapht/graph/GenericGraphsTest/EquivGraph|,|java+interface:///org/jgrapht/UndirectedGraph|> 
<|java+class:///org/jgrapht/graph/ListenableDirectedGraph|,|java+interface:///org/jgrapht/DirectedGraph|> 
<|java+class:///org/jgrapht/graph/SimpleDirectedWeightedGraph|,|java+interface:///org/jgrapht/WeightedGraph|> 
<|java+class:///org/jgrapht/graph/Subgraph/BaseGraphListener|,|java+interface:///org/jgrapht/event/GraphListener|> 
<|java+class:///org/jgrapht/graph/UndirectedGraphUnion|,|java+interface:///org/jgrapht/UndirectedGraph|> 
<|java+class:///org/jgrapht/graph/UnmodifiableDirectedGraph|,|java+interface:///org/jgrapht/DirectedGraph|> 
<|java+class:///org/jgrapht/graph/UnmodifiableUndirectedGraph|,|java+interface:///org/jgrapht/UndirectedGraph|> 
<|java+class:///org/jgrapht/graph/WeightedMultigraph|,|java+interface:///org/jgrapht/WeightedGraph|> 
<|java+class:///org/jgrapht/graph/WeightedPseudograph|,|java+interface:///org/jgrapht/WeightedGraph|> 

FRAMEWORK TOTAL: 8 
<|java+class:///org/jgrapht/experimental/dag/DirectedAcyclicGraph/TopoVertexBiMap|,|java+interface:///org/jgrapht/experimental/dag/DirectedAcyclicGraph/TopoOrderMapping|> 
<|java+class:///org/jgrapht/experimental/dag/DirectedAcyclicGraph/TopoVertexMap|,|java+interface:///org/jgrapht/experimental/dag/DirectedAcyclicGraph/TopoOrderMapping|> 
<|java+class:///org/jgrapht/experimental/dag/DirectedAcyclicGraph/VisitedArrayImpl|,|java+interface:///org/jgrapht/experimental/dag/DirectedAcyclicGraph/VisitedFactory|> 
<|java+class:///org/jgrapht/experimental/dag/DirectedAcyclicGraph/VisitedArrayListImpl|,|java+interface:///org/jgrapht/experimental/dag/DirectedAcyclicGraph/VisitedFactory|> 
<|java+class:///org/jgrapht/experimental/dag/DirectedAcyclicGraph/VisitedBitSetImpl|,|java+interface:///org/jgrapht/experimental/dag/DirectedAcyclicGraph/VisitedFactory|> 
<|java+class:///org/jgrapht/experimental/dag/DirectedAcyclicGraph/VisitedHashSetImpl|,|java+interface:///org/jgrapht/experimental/dag/DirectedAcyclicGraph/VisitedFactory|> 
<|java+class:///org/jgrapht/experimental/isomorphism/AbstractExhaustiveIsomorphismInspector|,|java+interface:///org/jgrapht/experimental/isomorphism/GraphIsomorphismInspector|> 
<|java+class:///org/jgrapht/traverse/AbstractGraphIterator|,|java+interface:///org/jgrapht/traverse/GraphIterator|> 

DOWNCALL TOTAL: 0 




INTERNAL REUSE TOTAL: 0 

EXTERNAL REUSE TOTAL: 5 
<|java+interface:///org/jgrapht/DirectedGraph|,|java+interface:///org/jgrapht/Graph|> 
<|java+interface:///org/jgrapht/ListenableGraph|,|java+interface:///org/jgrapht/Graph|> 
<|java+interface:///org/jgrapht/UndirectedGraph|,|java+interface:///org/jgrapht/Graph|> 
<|java+interface:///org/jgrapht/WeightedGraph|,|java+interface:///org/jgrapht/Graph|> 
<|java+interface:///org/jgrapht/event/GraphListener|,|java+interface:///org/jgrapht/event/VertexSetListener|> 

SUBTYPE TOTAL: 6 
<|java+interface:///org/jgrapht/DirectedGraph|,|java+interface:///org/jgrapht/Graph|> 
<|java+interface:///org/jgrapht/ListenableGraph|,|java+interface:///org/jgrapht/Graph|> 
<|java+interface:///org/jgrapht/UndirectedGraph|,|java+interface:///org/jgrapht/Graph|> 
<|java+interface:///org/jgrapht/WeightedGraph|,|java+interface:///org/jgrapht/Graph|> 
<|java+interface:///org/jgrapht/event/GraphListener|,|java+interface:///org/jgrapht/event/VertexSetListener|> 
<|java+interface:///org/jgrapht/experimental/equivalence/EquivalenceComparatorChain|,|java+interface:///org/jgrapht/experimental/equivalence/EquivalenceComparator|> 

DOWNCALL ACTUAL TOTAL: 0 

DOWNCALL CANDIDATE TOTAL: 0 

CONSTANT TOTAL: 0 

MARKER TOTAL: 0 

SUPER TOTAL: 0 

GENERIC TOTAL: 0 

CATEGORY TOTAL: 0 

FRAMEWORK TOTAL: 1 
<|java+interface:///org/jgrapht/event/GraphListener|,|java+interface:///org/jgrapht/event/VertexSetListener|> 

DOWNCALL TOTAL: 0 




