[
  <<|java+class:///edu/uci/ics/jung/visualization/jai/PerspectiveTransformer|,|java+interface:///edu/uci/ics/jung/visualization/transform/MutableTransformer|>,|java+class:///edu/uci/ics/jung/visualization/transform/MutableTransformerDecorator|>,
  <<|java+class:///edu/uci/ics/jung/visualization/transform/MagnifyTransformer|,|java+interface:///edu/uci/ics/jung/visualization/transform/MutableTransformer|>,|java+class:///edu/uci/ics/jung/visualization/transform/MutableTransformerDecorator|>,
  <<|java+class:///edu/uci/ics/jung/visualization/picking/ClosestShapePickSupport|,|java+interface:///edu/uci/ics/jung/algorithms/layout/GraphElementAccessor|>,|java+class:///edu/uci/ics/jung/visualization/picking/ShapePickSupport|>,
  <<|java+class:///edu/uci/ics/jung/visualization/decorators/EdgeShape/Orthogonal|,|java+interface:///edu/uci/ics/jung/visualization/decorators/EdgeShape/IndexedRendering|>,|java+class:///edu/uci/ics/jung/visualization/decorators/EdgeShape/Box|>,
  <<|java+class:///edu/uci/ics/jung/visualization/transform/HyperbolicTransformer|,|java+interface:///edu/uci/ics/jung/visualization/transform/MutableTransformer|>,|java+class:///edu/uci/ics/jung/visualization/transform/MutableTransformerDecorator|>,
  <<|java+class:///edu/uci/ics/jung/visualization/layout/BoundingRectanglePaintable|,|java+interface:///edu/uci/ics/jung/visualization/VisualizationServer/Paintable|>,|java+anonymousClass:///edu/uci/ics/jung/samples/ShortestPathDemo/ShortestPathDemo()/$anonymous1|>,
  <<|java+class:///edu/uci/ics/jung/algorithms/layout/FRLayout|,|java+interface:///edu/uci/ics/jung/algorithms/util/IterativeContext|>,|java+class:///edu/uci/ics/jung/algorithms/layout/FRLayout2|>,
  <<|java+class:///edu/uci/ics/jung/visualization/picking/ViewLensShapePickSupport|,|java+interface:///edu/uci/ics/jung/algorithms/layout/GraphElementAccessor|>,|java+class:///edu/uci/ics/jung/visualization/picking/ShapePickSupport|>,
  <<|java+class:///edu/uci/ics/jung/visualization/control/AbstractModalGraphMouse|,|java+interface:///edu/uci/ics/jung/visualization/control/ModalGraphMouse|>,|java+class:///edu/uci/ics/jung/visualization/annotations/AnnotatingModalGraphMouse|>,
  <<|java+class:///edu/uci/ics/jung/visualization/renderers/VertexLabelAsShapeRenderer|,|java+interface:///edu/uci/ics/jung/visualization/renderers/Renderer/VertexLabel|>,|java+class:///edu/uci/ics/jung/visualization/renderers/BasicVertexLabelRenderer|>,
  <<|java+class:///edu/uci/ics/jung/visualization/DefaultVisualizationModel|,|java+interface:///edu/uci/ics/jung/visualization/util/ChangeEventSupport|>,|java+class:///edu/uci/ics/jung/visualization/layout/PersistentLayoutImpl|>,
  <<|java+class:///edu/uci/ics/jung/visualization/decorators/EdgeShape/Loop|,|java+interface:///edu/uci/ics/jung/visualization/decorators/EdgeShape/IndexedRendering|>,|java+class:///edu/uci/ics/jung/visualization/decorators/EdgeShape/Box|>,
  <<|java+class:///edu/uci/ics/jung/visualization/picking/LayoutLensShapePickSupport|,|java+interface:///edu/uci/ics/jung/algorithms/layout/GraphElementAccessor|>,|java+class:///edu/uci/ics/jung/visualization/picking/ShapePickSupport|>,
  <<|java+class:///edu/uci/ics/jung/graph/util/Graphs/UnmodifiableForest|,|java+interface:///edu/uci/ics/jung/graph/Forest|>,|java+class:///edu/uci/ics/jung/graph/DelegateForest|>,
  <<|java+class:///edu/uci/ics/jung/visualization/decorators/EdgeShape/CubicCurve|,|java+interface:///edu/uci/ics/jung/visualization/decorators/EdgeShape/IndexedRendering|>,|java+class:///edu/uci/ics/jung/visualization/decorators/EdgeShape/Box|>,
  <<|java+class:///edu/uci/ics/jung/visualization3d/layout/LayoutEventBroadcaster|,|java+interface:///edu/uci/ics/jung/visualization/util/ChangeEventSupport|>,|java+class:///edu/uci/ics/jung/visualization/layout/PersistentLayoutImpl|>,
  <<|java+class:///edu/uci/ics/jung/graph/util/Graphs/SynchronizedTree|,|java+interface:///edu/uci/ics/jung/graph/Tree|>,|java+class:///edu/uci/ics/jung/graph/DelegateTree|>,
  <<|java+class:///edu/uci/ics/jung/visualization/picking/RadiusPickSupport|,|java+interface:///edu/uci/ics/jung/algorithms/layout/GraphElementAccessor|>,|java+class:///edu/uci/ics/jung/visualization/picking/ShapePickSupport|>,
  <<|java+class:///edu/uci/ics/jung/visualization/BasicTransformer|,|java+interface:///edu/uci/ics/jung/visualization/util/ChangeEventSupport|>,|java+class:///edu/uci/ics/jung/visualization/layout/PersistentLayoutImpl|>,
  <<|java+interface:///edu/uci/ics/jung/visualization/VisualizationModel|,|java+interface:///edu/uci/ics/jung/visualization/util/ChangeEventSupport|>,|java+class:///edu/uci/ics/jung/visualization/layout/PersistentLayoutImpl|>,
  <<|java+class:///edu/uci/ics/jung/visualization/renderers/Renderer/Vertex/NOOP|,|java+interface:///edu/uci/ics/jung/visualization/renderers/Renderer/Vertex|>,|java+class:///edu/uci/ics/jung/visualization/renderers/BasicVertexRenderer|>,
  <<|java+class:///edu/uci/ics/jung/visualization3d/PickVertexBehavior|,|java+interface:///edu/uci/ics/jung/visualization/util/ChangeEventSupport|>,|java+class:///edu/uci/ics/jung/visualization/layout/PersistentLayoutImpl|>,
  <<|java+class:///edu/uci/ics/jung/io/graphml/parser/AbstractElementParser|,|java+interface:///edu/uci/ics/jung/io/graphml/parser/ElementParser|>,|java+class:///edu/uci/ics/jung/io/graphml/parser/UnknownElementParser|>,
  <<|java+class:///edu/uci/ics/jung/graph/UndirectedOrderedSparseMultigraph|,|java+interface:///edu/uci/ics/jung/graph/UndirectedGraph|>,|java+class:///edu/uci/ics/jung/graph/UndirectedSparseMultigraph|>,
  <<|java+class:///edu/uci/ics/jung/graph/OrderedKAryTree|,|java+interface:///edu/uci/ics/jung/graph/Tree|>,|java+class:///edu/uci/ics/jung/graph/DelegateTree|>,
  <<|java+class:///edu/uci/ics/jung/visualization/renderers/Renderer/VertexLabel/NOOP|,|java+interface:///edu/uci/ics/jung/visualization/renderers/Renderer/VertexLabel|>,|java+class:///edu/uci/ics/jung/visualization/renderers/BasicVertexLabelRenderer|>,
  <<|java+class:///edu/uci/ics/jung/visualization/picking/ClassicPickSupport|,|java+interface:///edu/uci/ics/jung/algorithms/layout/GraphElementAccessor|>,|java+class:///edu/uci/ics/jung/visualization/picking/ShapePickSupport|>,
  <<|java+class:///edu/uci/ics/jung/algorithms/scoring/AbstractIterativeScorer|,|java+interface:///edu/uci/ics/jung/algorithms/util/IterativeContext|>,|java+class:///edu/uci/ics/jung/algorithms/layout/FRLayout2|>,
  <<|java+class:///edu/uci/ics/jung/graph/util/Graphs/UnmodifiableTree|,|java+interface:///edu/uci/ics/jung/graph/Tree|>,|java+class:///edu/uci/ics/jung/graph/DelegateTree|>,
  <<|java+class:///edu/uci/ics/jung/graph/DirectedOrderedSparseMultigraph|,|java+interface:///edu/uci/ics/jung/graph/DirectedGraph|>,|java+class:///edu/uci/ics/jung/graph/DirectedSparseGraph|>,
  <<|java+class:///edu/uci/ics/jung/visualization/jai/AbstractPerspectiveTransformSupport|,|java+interface:///edu/uci/ics/jung/visualization/jai/PerspectiveTransformSupport|>,|java+class:///edu/uci/ics/jung/visualization/jai/PerspectiveLayoutTransformSupport|>,
  <<|java+class:///edu/uci/ics/jung/visualization/renderers/Renderer/EdgeLabel/NOOP|,|java+interface:///edu/uci/ics/jung/visualization/renderers/Renderer/EdgeLabel|>,|java+class:///edu/uci/ics/jung/visualization/renderers/BasicEdgeLabelRenderer|>,
  <<|java+class:///edu/uci/ics/jung/visualization3d/layout/LayoutDecorator|,|java+interface:///edu/uci/ics/jung/algorithms/util/IterativeContext|>,|java+class:///edu/uci/ics/jung/algorithms/layout/FRLayout2|>,
  <<|java+class:///edu/uci/ics/jung/visualization/renderers/GradientVertexRenderer|,|java+interface:///edu/uci/ics/jung/visualization/renderers/Renderer/Vertex|>,|java+class:///edu/uci/ics/jung/visualization/renderers/BasicVertexRenderer|>,
  <<|java+class:///edu/uci/ics/jung/algorithms/layout/KKLayout|,|java+interface:///edu/uci/ics/jung/algorithms/util/IterativeContext|>,|java+class:///edu/uci/ics/jung/algorithms/layout/FRLayout2|>,
  <<|java+class:///edu/uci/ics/jung/algorithms/util/IterativeProcess|,|java+interface:///edu/uci/ics/jung/algorithms/util/IterativeContext|>,|java+class:///edu/uci/ics/jung/algorithms/layout/FRLayout2|>,
  <<|java+class:///edu/uci/ics/jung/algorithms/layout/LayoutDecorator|,|java+interface:///edu/uci/ics/jung/algorithms/util/IterativeContext|>,|java+class:///edu/uci/ics/jung/algorithms/layout/FRLayout2|>,
  <<|java+class:///edu/uci/ics/jung/visualization/transform/AbstractLensSupport|,|java+interface:///edu/uci/ics/jung/visualization/transform/LensSupport|>,|java+class:///edu/uci/ics/jung/visualization/transform/LayoutLensSupport|>,
  <<|java+class:///edu/uci/ics/jung/visualization/renderers/Renderer/Edge/NOOP|,|java+interface:///edu/uci/ics/jung/visualization/renderers/Renderer/Edge|>,|java+class:///edu/uci/ics/jung/visualization/renderers/BasicEdgeRenderer|>,
  <<|java+class:///edu/uci/ics/jung/algorithms/layout3d/ISOMLayout|,|java+interface:///edu/uci/ics/jung/algorithms/util/IterativeContext|>,|java+class:///edu/uci/ics/jung/algorithms/layout/FRLayout2|>,
  <<|java+class:///edu/uci/ics/jung/visualization/BasicVisualizationServer|,|java+interface:///edu/uci/ics/jung/visualization/util/ChangeEventSupport|>,|java+class:///edu/uci/ics/jung/visualization/layout/PersistentLayoutImpl|>,
  <<|java+class:///edu/uci/ics/jung/graph/UndirectedSparseGraph|,|java+interface:///edu/uci/ics/jung/graph/UndirectedGraph|>,|java+class:///edu/uci/ics/jung/graph/UndirectedSparseMultigraph|>,
  <<|java+class:///edu/uci/ics/jung/algorithms/layout3d/FRLayout|,|java+interface:///edu/uci/ics/jung/algorithms/util/IterativeContext|>,|java+class:///edu/uci/ics/jung/algorithms/layout/FRLayout2|>,
  <<|java+class:///edu/uci/ics/jung/visualization/util/PredicatedParallelEdgeIndexFunction|,|java+interface:///edu/uci/ics/jung/graph/util/EdgeIndexFunction|>,|java+class:///edu/uci/ics/jung/graph/util/IncidentEdgeIndexFunction|>,
  <<|java+class:///edu/uci/ics/jung/visualization/layout/ObservableCachingLayout|,|java+interface:///edu/uci/ics/jung/visualization/util/Caching|>,|java+class:///edu/uci/ics/jung/visualization/layout/PersistentLayoutImpl|>,
  <<|java+class:///edu/uci/ics/jung/visualization/layout/CachingLayout|,|java+interface:///edu/uci/ics/jung/visualization/util/Caching|>,|java+class:///edu/uci/ics/jung/visualization/layout/PersistentLayoutImpl|>,
  <<|java+class:///edu/uci/ics/jung/visualization/control/AbsoluteCrossoverScalingControl|,|java+interface:///edu/uci/ics/jung/visualization/control/ScalingControl|>,|java+class:///edu/uci/ics/jung/visualization/control/LayoutScalingControl|>,
  <<|java+class:///edu/uci/ics/jung/visualization/transform/MutableAffineTransformer|,|java+interface:///edu/uci/ics/jung/visualization/util/ChangeEventSupport|>,|java+class:///edu/uci/ics/jung/visualization/layout/PersistentLayoutImpl|>,
  <<|java+class:///edu/uci/ics/jung/visualization/decorators/EdgeShape/BentLine|,|java+interface:///edu/uci/ics/jung/visualization/decorators/EdgeShape/IndexedRendering|>,|java+class:///edu/uci/ics/jung/visualization/decorators/EdgeShape/Box|>
]