[
  <<|java+class:///edu/uci/ics/jung/visualization3d/control/PickMouseBehavior|,|java+class:///javax/media/j3d/Behavior|>,|project://jung-2.0.1/jung-3d-2.0.1-sources/edu/uci/ics/jung/visualization3d/control/PickMouseBehavior.java|(3221,8,<88,4>,<88,12>)>,
  <<|java+class:///edu/uci/ics/jung/graph/ObservableGraph|,|java+class:///edu/uci/ics/jung/graph/GraphDecorator|>,|project://jung-2.0.1/jung-api-2.0.1-sources/edu/uci/ics/jung/graph/ObservableGraph.java|(773,16,<28,2>,<28,18>)>,
  <<|java+class:///edu/uci/ics/jung/visualization/control/SatelliteVisualizationViewer|,|java+class:///edu/uci/ics/jung/visualization/VisualizationViewer|>,|project://jung-2.0.1/jung-visualization-2.0.1-sources/edu/uci/ics/jung/visualization/control/SatelliteVisualizationViewer.java|(2562,28,<84,8>,<84,36>)>,
  <<|java+class:///edu/uci/ics/jung/visualization/jai/PerspectiveImageLensSupport|,|java+class:///edu/uci/ics/jung/visualization/jai/AbstractPerspectiveTransformSupport|>,|project://jung-2.0.1/jung-jai-2.0.1-sources/edu/uci/ics/jung/visualization/jai/PerspectiveImageLensSupport.java|(1742,10,<46,8>,<46,18>)>,
  <<|java+class:///edu/uci/ics/jung/graph/event/GraphEvent/Edge|,|java+class:///edu/uci/ics/jung/graph/event/GraphEvent|>,|project://jung-2.0.1/jung-api-2.0.1-sources/edu/uci/ics/jung/graph/event/GraphEvent.java|(1489,19,<75,3>,<75,22>)>,
  <<|java+class:///edu/uci/ics/jung/graph/util/Graphs/UnmodifiableForest|,|java+class:///edu/uci/ics/jung/graph/util/Graphs/UnmodifiableGraph|>,|project://jung-2.0.1/jung-api-2.0.1-sources/edu/uci/ics/jung/graph/util/Graphs.java|(26291,16,<931,3>,<931,19>)>,
  <<|java+class:///edu/uci/ics/jung/visualization/VisualizationViewer|,|java+class:///edu/uci/ics/jung/visualization/BasicVisualizationServer|>,|project://jung-2.0.1/jung-visualization-2.0.1-sources/edu/uci/ics/jung/visualization/VisualizationViewer.java|(2876,28,<96,8>,<96,36>)>,
  <<|java+class:///edu/uci/ics/jung/algorithms/scoring/HITS|,|java+class:///edu/uci/ics/jung/algorithms/scoring/HITSWithPriors|>,|project://jung-2.0.1/jung-algorithms-2.0.1-sources/edu/uci/ics/jung/algorithms/scoring/HITS.java|(3813,85,<88,8>,<88,93>)>,
  <<|java+class:///edu/uci/ics/jung/algorithms/scoring/HITS|,|java+class:///edu/uci/ics/jung/algorithms/scoring/HITSWithPriors|>,|project://jung-2.0.1/jung-algorithms-2.0.1-sources/edu/uci/ics/jung/algorithms/scoring/HITS.java|(4341,71,<101,8>,<101,79>)>,
  <<|java+class:///edu/uci/ics/jung/graph/util/Graphs/UnmodifiableDirectedGraph|,|java+class:///edu/uci/ics/jung/graph/util/Graphs/UnmodifiableAbstractGraph|>,|project://jung-2.0.1/jung-api-2.0.1-sources/edu/uci/ics/jung/graph/util/Graphs.java|(25290,16,<895,3>,<895,19>)>,
  <<|java+class:///edu/uci/ics/jung/visualization/control/AnimatedPickingGraphMousePlugin|,|java+class:///edu/uci/ics/jung/visualization/control/AbstractGraphMousePlugin|>,|project://jung-2.0.1/jung-visualization-2.0.1-sources/edu/uci/ics/jung/visualization/control/AnimatedPickingGraphMousePlugin.java|(1746,26,<59,8>,<59,34>)>,
  <<|java+class:///edu/uci/ics/jung/samples/VertexCollapseDemoWithLayouts/LayoutChooser|,|java+project:///|>,|project://jung-2.0.1/jung-samples-2.0.1-sources/edu/uci/ics/jung/samples/VertexCollapseDemoWithLayouts.java|(14120,8,<378,12>,<378,20>)>,
  <<|java+class:///edu/uci/ics/jung/visualization/GraphZoomScrollPane|,|java+class:///javax/swing/JPanel|>,|project://jung-2.0.1/jung-visualization-2.0.1-sources/edu/uci/ics/jung/visualization/GraphZoomScrollPane.java|(2420,26,<73,8>,<73,34>)>,
  <<|java+class:///edu/uci/ics/jung/samples/GraphDemo|,|java+class:///javax/swing/JPanel|>,|project://jung-2.0.1/jung-3d-demos-2.0.1-sources/edu/uci/ics/jung/samples/GraphDemo.java|(1301,26,<44,2>,<44,28>)>,
  <<|java+class:///edu/uci/ics/jung/graph/util/Graphs/UnmodifiableTree|,|java+class:///edu/uci/ics/jung/graph/util/Graphs/UnmodifiableForest|>,|project://jung-2.0.1/jung-api-2.0.1-sources/edu/uci/ics/jung/graph/util/Graphs.java|(27262,16,<968,3>,<968,19>)>,
  <<|java+class:///edu/uci/ics/jung/visualization3d/control/MouseZoom|,|java+class:///com/sun/j3d/utils/behaviors/mouse/MouseBehavior|>,|project://jung-2.0.1/jung-3d-2.0.1-sources/edu/uci/ics/jung/visualization3d/control/MouseZoom.java|(2746,22,<61,8>,<61,30>)>,
  <<|java+class:///edu/uci/ics/jung/visualization3d/control/MouseZoom|,|java+class:///com/sun/j3d/utils/behaviors/mouse/MouseBehavior|>,|project://jung-2.0.1/jung-3d-2.0.1-sources/edu/uci/ics/jung/visualization3d/control/MouseZoom.java|(5235,16,<135,8>,<135,24>)>,
  <<|java+class:///edu/uci/ics/jung/visualization3d/control/MouseZoom|,|java+class:///com/sun/j3d/utils/behaviors/mouse/MouseBehavior|>,|project://jung-2.0.1/jung-3d-2.0.1-sources/edu/uci/ics/jung/visualization3d/control/MouseZoom.java|(3755,12,<98,8>,<98,20>)>,
  <<|java+class:///edu/uci/ics/jung/visualization3d/control/MouseZoom|,|java+class:///com/sun/j3d/utils/behaviors/mouse/MouseBehavior|>,|project://jung-2.0.1/jung-3d-2.0.1-sources/edu/uci/ics/jung/visualization3d/control/MouseZoom.java|(2875,9,<69,8>,<69,17>)>,
  <<|java+class:///edu/uci/ics/jung/visualization3d/control/MouseZoom|,|java+class:///com/sun/j3d/utils/behaviors/mouse/MouseBehavior|>,|project://jung-2.0.1/jung-3d-2.0.1-sources/edu/uci/ics/jung/visualization3d/control/MouseZoom.java|(4513,25,<117,8>,<117,33>)>,
  <<|java+class:///edu/uci/ics/jung/visualization3d/control/MouseZoom|,|java+class:///com/sun/j3d/utils/behaviors/mouse/MouseBehavior|>,|project://jung-2.0.1/jung-3d-2.0.1-sources/edu/uci/ics/jung/visualization3d/control/MouseZoom.java|(3169,13,<81,8>,<81,21>)>,
  <<|java+class:///edu/uci/ics/jung/algorithms/shortestpath/DijkstraShortestPath|,|java+class:///edu/uci/ics/jung/algorithms/shortestpath/DijkstraDistance|>,|project://jung-2.0.1/jung-algorithms-2.0.1-sources/edu/uci/ics/jung/algorithms/shortestpath/DijkstraShortestPath.java|(2714,9,<77,8>,<77,17>)>,
  <<|java+class:///edu/uci/ics/jung/algorithms/shortestpath/DijkstraShortestPath|,|java+class:///edu/uci/ics/jung/algorithms/shortestpath/DijkstraDistance|>,|project://jung-2.0.1/jung-algorithms-2.0.1-sources/edu/uci/ics/jung/algorithms/shortestpath/DijkstraShortestPath.java|(2363,14,<65,8>,<65,22>)>,
  <<|java+class:///edu/uci/ics/jung/algorithms/shortestpath/DijkstraShortestPath|,|java+class:///edu/uci/ics/jung/algorithms/shortestpath/DijkstraDistance|>,|project://jung-2.0.1/jung-algorithms-2.0.1-sources/edu/uci/ics/jung/algorithms/shortestpath/DijkstraShortestPath.java|(3143,17,<90,8>,<90,25>)>,
  <<|java+class:///edu/uci/ics/jung/algorithms/shortestpath/DijkstraShortestPath|,|java+class:///edu/uci/ics/jung/algorithms/shortestpath/DijkstraDistance|>,|project://jung-2.0.1/jung-algorithms-2.0.1-sources/edu/uci/ics/jung/algorithms/shortestpath/DijkstraShortestPath.java|(1869,22,<52,8>,<52,30>)>,
  <<|java+class:///edu/uci/ics/jung/graph/UndirectedSparseGraph|,|java+class:///edu/uci/ics/jung/graph/AbstractTypedGraph|>,|project://jung-2.0.1/jung-graph-impl-2.0.1-sources/edu/uci/ics/jung/graph/UndirectedSparseGraph.java|(1598,27,<55,5>,<55,32>)>,
  <<|java+class:///edu/uci/ics/jung/io/graphml/parser/DataElementParser|,|java+class:///edu/uci/ics/jung/io/graphml/parser/AbstractElementParser|>,|project://jung-2.0.1/jung-io-2.0.1-sources/edu/uci/ics/jung/io/graphml/parser/DataElementParser.java|(1116,21,<36,8>,<36,29>)>,
  <<|java+class:///edu/uci/ics/jung/visualization/jai/PerspectiveShapeTransformer|,|java+class:///edu/uci/ics/jung/visualization/jai/PerspectiveTransformer|>,|project://jung-2.0.1/jung-jai-2.0.1-sources/edu/uci/ics/jung/visualization/jai/PerspectiveShapeTransformer.java|(1471,38,<46,8>,<46,46>)>,
  <<|java+class:///edu/uci/ics/jung/visualization3d/control/PickRotateBehavior|,|java+class:///edu/uci/ics/jung/visualization3d/control/PickMouseBehavior|>,|project://jung-2.0.1/jung-3d-2.0.1-sources/edu/uci/ics/jung/visualization3d/control/PickRotateBehavior.java|(4279,28,<114,2>,<114,30>)>,
  <<|java+class:///edu/uci/ics/jung/visualization3d/control/PickRotateBehavior|,|java+class:///edu/uci/ics/jung/visualization3d/control/PickMouseBehavior|>,|project://jung-2.0.1/jung-3d-2.0.1-sources/edu/uci/ics/jung/visualization3d/control/PickRotateBehavior.java|(3598,28,<93,2>,<93,30>)>,
  <<|java+class:///edu/uci/ics/jung/visualization/transform/LensTransformer|,|java+class:///edu/uci/ics/jung/visualization/transform/MutableTransformerDecorator|>,|project://jung-2.0.1/jung-visualization-2.0.1-sources/edu/uci/ics/jung/visualization/transform/LensTransformer.java|(1578,16,<51,6>,<51,22>)>,
  <<|java+class:///edu/uci/ics/jung/samples/PluggableRendererDemo/GradientPickedEdgePaintFunction|,|java+class:///edu/uci/ics/jung/visualization/decorators/GradientEdgePaintTransformer|>,|project://jung-2.0.1/jung-samples-2.0.1-sources/edu/uci/ics/jung/samples/PluggableRendererDemo.java|(45016,36,<1206,12>,<1206,48>)>,
  <<|java+class:///edu/uci/ics/jung/algorithms/layout3d/ISOMLayout|,|java+class:///edu/uci/ics/jung/algorithms/layout3d/AbstractLayout|>,|project://jung-2.0.1/jung-3d-2.0.1-sources/edu/uci/ics/jung/algorithms/layout3d/ISOMLayout.java|(1802,9,<70,2>,<70,11>)>,
  <<|java+class:///edu/uci/ics/jung/visualization/control/PickingGraphMousePlugin|,|java+class:///edu/uci/ics/jung/visualization/control/AbstractGraphMousePlugin|>,|project://jung-2.0.1/jung-visualization-2.0.1-sources/edu/uci/ics/jung/visualization/control/PickingGraphMousePlugin.java|(3086,26,<108,8>,<108,34>)>,
  <<|java+class:///edu/uci/ics/jung/algorithms/generators/random/KleinbergSmallWorldGenerator|,|java+class:///edu/uci/ics/jung/algorithms/generators/Lattice2DGenerator|>,|project://jung-2.0.1/jung-algorithms-2.0.1-sources/edu/uci/ics/jung/algorithms/generators/random/KleinbergSmallWorldGenerator.java|(2254,79,<65,8>,<65,87>)>,
  <<|java+class:///edu/uci/ics/jung/algorithms/generators/random/KleinbergSmallWorldGenerator|,|java+class:///edu/uci/ics/jung/algorithms/generators/Lattice2DGenerator|>,|project://jung-2.0.1/jung-algorithms-2.0.1-sources/edu/uci/ics/jung/algorithms/generators/random/KleinbergSmallWorldGenerator.java|(2874,85,<83,8>,<83,93>)>,
  <<|java+class:///edu/uci/ics/jung/algorithms/scoring/ClosenessCentrality|,|java+class:///edu/uci/ics/jung/algorithms/scoring/DistanceCentralityScorer|>,|project://jung-2.0.1/jung-algorithms-2.0.1-sources/edu/uci/ics/jung/algorithms/scoring/ClosenessCentrality.java|(1592,19,<53,8>,<53,27>)>,
  <<|java+class:///edu/uci/ics/jung/algorithms/scoring/ClosenessCentrality|,|java+class:///edu/uci/ics/jung/algorithms/scoring/DistanceCentralityScorer|>,|project://jung-2.0.1/jung-algorithms-2.0.1-sources/edu/uci/ics/jung/algorithms/scoring/ClosenessCentrality.java|(1361,33,<44,8>,<44,41>)>,
  <<|java+class:///edu/uci/ics/jung/algorithms/scoring/ClosenessCentrality|,|java+class:///edu/uci/ics/jung/algorithms/scoring/DistanceCentralityScorer|>,|project://jung-2.0.1/jung-algorithms-2.0.1-sources/edu/uci/ics/jung/algorithms/scoring/ClosenessCentrality.java|(980,29,<34,8>,<34,37>)>,
  <<|java+class:///edu/uci/ics/jung/algorithms/scoring/EigenvectorCentrality|,|java+class:///edu/uci/ics/jung/algorithms/scoring/PageRank|>,|project://jung-2.0.1/jung-algorithms-2.0.1-sources/edu/uci/ics/jung/algorithms/scoring/EigenvectorCentrality.java|(1679,16,<49,8>,<49,24>)>,
  <<|java+class:///edu/uci/ics/jung/algorithms/scoring/EigenvectorCentrality|,|java+class:///edu/uci/ics/jung/algorithms/scoring/PageRank|>,|project://jung-2.0.1/jung-algorithms-2.0.1-sources/edu/uci/ics/jung/algorithms/scoring/EigenvectorCentrality.java|(1296,30,<38,8>,<38,38>)>,
  <<|java+class:///edu/uci/ics/jung/visualization/transform/shape/TransformingGraphics|,|java+class:///edu/uci/ics/jung/visualization/transform/shape/GraphicsDecorator|>,|project://jung-2.0.1/jung-visualization-2.0.1-sources/edu/uci/ics/jung/visualization/transform/shape/TransformingGraphics.java|(1328,16,<47,8>,<47,24>)>,
  <<|java+class:///edu/uci/ics/jung/graph/DirectedSparseMultigraph|,|java+class:///edu/uci/ics/jung/graph/AbstractTypedGraph|>,|project://jung-2.0.1/jung-graph-impl-2.0.1-sources/edu/uci/ics/jung/graph/DirectedSparseMultigraph.java|(1619,25,<56,5>,<56,30>)>,
  <<|java+class:///edu/uci/ics/jung/visualization/transform/shape/ViewLensSupport|,|java+class:///edu/uci/ics/jung/visualization/transform/AbstractLensSupport|>,|project://jung-2.0.1/jung-visualization-2.0.1-sources/edu/uci/ics/jung/visualization/transform/shape/ViewLensSupport.java|(1747,26,<46,8>,<46,34>)>,
  <<|java+class:///edu/uci/ics/jung/algorithms/layout3d/FRLayout|,|java+class:///edu/uci/ics/jung/algorithms/layout3d/AbstractLayout|>,|project://jung-2.0.1/jung-3d-2.0.1-sources/edu/uci/ics/jung/algorithms/layout3d/FRLayout.java|(1894,49,<65,8>,<65,57>)>,
  <<|java+class:///edu/uci/ics/jung/algorithms/layout3d/FRLayout|,|java+class:///edu/uci/ics/jung/algorithms/layout3d/AbstractLayout|>,|project://jung-2.0.1/jung-3d-2.0.1-sources/edu/uci/ics/jung/algorithms/layout3d/FRLayout.java|(1810,9,<61,8>,<61,17>)>,
  <<|java+class:///edu/uci/ics/jung/graph/event/GraphEvent/Vertex|,|java+class:///edu/uci/ics/jung/graph/event/GraphEvent|>,|project://jung-2.0.1/jung-api-2.0.1-sources/edu/uci/ics/jung/graph/event/GraphEvent.java|(925,19,<47,3>,<47,22>)>,
  <<|java+class:///edu/uci/ics/jung/visualization/control/RotatingGraphMousePlugin|,|java+class:///edu/uci/ics/jung/visualization/control/AbstractGraphMousePlugin|>,|project://jung-2.0.1/jung-visualization-2.0.1-sources/edu/uci/ics/jung/visualization/control/RotatingGraphMousePlugin.java|(1716,17,<56,5>,<56,22>)>,
  <<|java+class:///edu/uci/ics/jung/visualization3d/PluggableRenderContext|,|java+project:///|>,|project://jung-2.0.1/jung-3d-2.0.1-sources/edu/uci/ics/jung/visualization3d/PluggableRenderContext.java|(1512,8,<46,2>,<46,10>)>,
  <<|java+class:///edu/uci/ics/jung/visualization/control/DefaultModalGraphMouse|,|java+class:///edu/uci/ics/jung/visualization/control/AbstractModalGraphMouse|>,|project://jung-2.0.1/jung-visualization-2.0.1-sources/edu/uci/ics/jung/visualization/control/DefaultModalGraphMouse.java|(1952,14,<60,8>,<60,22>)>,
  <<|java+class:///edu/uci/ics/jung/algorithms/layout3d/SpringLayout|,|java+class:///edu/uci/ics/jung/algorithms/layout3d/AbstractLayout|>,|project://jung-2.0.1/jung-3d-2.0.1-sources/edu/uci/ics/jung/algorithms/layout3d/SpringLayout.java|(2530,9,<76,8>,<76,17>)>,
  <<|java+class:///edu/uci/ics/jung/algorithms/scoring/KStepMarkov|,|java+class:///edu/uci/ics/jung/algorithms/scoring/PageRankWithPriors|>,|project://jung-2.0.1/jung-algorithms-2.0.1-sources/edu/uci/ics/jung/algorithms/scoring/KStepMarkov.java|(3043,31,<75,2>,<75,33>)>,
  <<|java+class:///edu/uci/ics/jung/algorithms/scoring/KStepMarkov|,|java+class:///edu/uci/ics/jung/algorithms/scoring/PageRankWithPriors|>,|project://jung-2.0.1/jung-algorithms-2.0.1-sources/edu/uci/ics/jung/algorithms/scoring/KStepMarkov.java|(3623,71,<90,2>,<90,73>)>,
  <<|java+class:///edu/uci/ics/jung/algorithms/scoring/KStepMarkov|,|java+class:///edu/uci/ics/jung/algorithms/scoring/PageRankWithPriors|>,|project://jung-2.0.1/jung-algorithms-2.0.1-sources/edu/uci/ics/jung/algorithms/scoring/KStepMarkov.java|(2410,45,<60,2>,<60,47>)>,
  <<|java+class:///edu/uci/ics/jung/visualization/control/LensMagnificationGraphMousePlugin|,|java+class:///edu/uci/ics/jung/visualization/control/AbstractGraphMousePlugin|>,|project://jung-2.0.1/jung-visualization-2.0.1-sources/edu/uci/ics/jung/visualization/control/LensMagnificationGraphMousePlugin.java|(1730,17,<57,8>,<57,25>)>,
  <<|java+class:///edu/uci/ics/jung/graph/util/Graphs/UnmodifiableUndirectedGraph|,|java+class:///edu/uci/ics/jung/graph/util/Graphs/UnmodifiableAbstractGraph|>,|project://jung-2.0.1/jung-api-2.0.1-sources/edu/uci/ics/jung/graph/util/Graphs.java|(26067,16,<923,3>,<923,19>)>,
  <<|java+class:///edu/uci/ics/jung/io/graphml/parser/KeyElementParser|,|java+class:///edu/uci/ics/jung/io/graphml/parser/AbstractElementParser|>,|project://jung-2.0.1/jung-io-2.0.1-sources/edu/uci/ics/jung/io/graphml/parser/KeyElementParser.java|(1058,21,<35,8>,<35,29>)>,
  <<|java+class:///edu/uci/ics/jung/algorithms/layout/RadialTreeLayout|,|java+class:///edu/uci/ics/jung/algorithms/layout/TreeLayout|>,|project://jung-2.0.1/jung-algorithms-2.0.1-sources/edu/uci/ics/jung/algorithms/layout/RadialTreeLayout.java|(1262,23,<48,5>,<48,28>)>,
  <<|java+class:///edu/uci/ics/jung/visualization3d/control/PickTranslateBehavior|,|java+class:///edu/uci/ics/jung/visualization3d/control/PickMouseBehavior|>,|project://jung-2.0.1/jung-3d-2.0.1-sources/edu/uci/ics/jung/visualization3d/control/PickTranslateBehavior.java|(3902,28,<100,2>,<100,30>)>,
  <<|java+class:///edu/uci/ics/jung/visualization3d/control/PickTranslateBehavior|,|java+class:///edu/uci/ics/jung/visualization3d/control/PickMouseBehavior|>,|project://jung-2.0.1/jung-3d-2.0.1-sources/edu/uci/ics/jung/visualization3d/control/PickTranslateBehavior.java|(3164,28,<79,2>,<79,30>)>,
  <<|java+class:///edu/uci/ics/jung/visualization/control/ViewTranslatingGraphMousePlugin|,|java+class:///edu/uci/ics/jung/visualization/control/AbstractGraphMousePlugin|>,|project://jung-2.0.1/jung-visualization-2.0.1-sources/edu/uci/ics/jung/visualization/control/ViewTranslatingGraphMousePlugin.java|(1473,17,<48,5>,<48,22>)>,
  <<|java+class:///edu/uci/ics/jung/graph/util/Graphs/UnmodifiableGraph|,|java+class:///edu/uci/ics/jung/graph/util/Graphs/UnmodifiableAbstractGraph|>,|project://jung-2.0.1/jung-api-2.0.1-sources/edu/uci/ics/jung/graph/util/Graphs.java|(25029,16,<887,3>,<887,19>)>,
  <<|java+class:///edu/uci/ics/jung/visualization/transform/shape/HyperbolicShapeTransformer|,|java+class:///edu/uci/ics/jung/visualization/transform/HyperbolicTransformer|>,|project://jung-2.0.1/jung-visualization-2.0.1-sources/edu/uci/ics/jung/visualization/transform/shape/HyperbolicShapeTransformer.java|(1645,27,<49,8>,<49,35>)>,
  <<|java+class:///edu/uci/ics/jung/visualization/control/ScalingGraphMousePlugin|,|java+class:///edu/uci/ics/jung/visualization/control/AbstractGraphMousePlugin|>,|project://jung-2.0.1/jung-visualization-2.0.1-sources/edu/uci/ics/jung/visualization/control/ScalingGraphMousePlugin.java|(1511,17,<55,8>,<55,25>)>,
  <<|java+class:///edu/uci/ics/jung/samples/VertexImageShaperDemo/DemoVertexIconShapeTransformer|,|java+class:///edu/uci/ics/jung/visualization/decorators/VertexIconShapeTransformer|>,|project://jung-2.0.1/jung-samples-2.0.1-sources/edu/uci/ics/jung/samples/VertexImageShaperDemo.java|(17107,16,<459,12>,<459,28>)>,
  <<|java+class:///edu/uci/ics/jung/graph/util/Graphs/SynchronizedDirectedGraph|,|java+class:///edu/uci/ics/jung/graph/util/Graphs/SynchronizedAbstractGraph|>,|project://jung-2.0.1/jung-api-2.0.1-sources/edu/uci/ics/jung/graph/util/Graphs.java|(14401,16,<475,3>,<475,19>)>,
  <<|java+class:///edu/uci/ics/jung/visualization/transform/shape/GraphicsDecorator|,|java+class:///edu/uci/ics/jung/visualization/transform/shape/Graphics2DWrapper|>,|project://jung-2.0.1/jung-visualization-2.0.1-sources/edu/uci/ics/jung/visualization/transform/shape/GraphicsDecorator.java|(878,16,<37,8>,<37,24>)>,
  <<|java+class:///edu/uci/ics/jung/visualization/control/ModalSatelliteGraphMouse|,|java+class:///edu/uci/ics/jung/visualization/control/DefaultModalGraphMouse|>,|project://jung-2.0.1/jung-visualization-2.0.1-sources/edu/uci/ics/jung/visualization/control/ModalSatelliteGraphMouse.java|(668,15,<27,8>,<27,23>)>,
  <<|java+class:///edu/uci/ics/jung/visualization3d/control/MouseRotate|,|java+class:///com/sun/j3d/utils/behaviors/mouse/MouseBehavior|>,|project://jung-2.0.1/jung-3d-2.0.1-sources/edu/uci/ics/jung/visualization3d/control/MouseRotate.java|(4692,25,<134,2>,<134,27>)>,
  <<|java+class:///edu/uci/ics/jung/visualization3d/control/MouseRotate|,|java+class:///com/sun/j3d/utils/behaviors/mouse/MouseBehavior|>,|project://jung-2.0.1/jung-3d-2.0.1-sources/edu/uci/ics/jung/visualization3d/control/MouseRotate.java|(3541,13,<104,2>,<104,15>)>,
  <<|java+class:///edu/uci/ics/jung/visualization3d/control/MouseRotate|,|java+class:///com/sun/j3d/utils/behaviors/mouse/MouseBehavior|>,|project://jung-2.0.1/jung-3d-2.0.1-sources/edu/uci/ics/jung/visualization3d/control/MouseRotate.java|(3133,22,<86,2>,<86,24>)>,
  <<|java+class:///edu/uci/ics/jung/visualization3d/control/MouseRotate|,|java+class:///com/sun/j3d/utils/behaviors/mouse/MouseBehavior|>,|project://jung-2.0.1/jung-3d-2.0.1-sources/edu/uci/ics/jung/visualization3d/control/MouseRotate.java|(5350,16,<150,2>,<150,18>)>,
  <<|java+class:///edu/uci/ics/jung/visualization3d/control/MouseRotate|,|java+class:///com/sun/j3d/utils/behaviors/mouse/MouseBehavior|>,|project://jung-2.0.1/jung-3d-2.0.1-sources/edu/uci/ics/jung/visualization3d/control/MouseRotate.java|(4050,12,<118,2>,<118,14>)>,
  <<|java+class:///edu/uci/ics/jung/visualization3d/control/MouseRotate|,|java+class:///com/sun/j3d/utils/behaviors/mouse/MouseBehavior|>,|project://jung-2.0.1/jung-3d-2.0.1-sources/edu/uci/ics/jung/visualization3d/control/MouseRotate.java|(3242,9,<93,2>,<93,11>)>,
  <<|java+class:///edu/uci/ics/jung/visualization/transform/MutableAffineTransformer|,|java+class:///edu/uci/ics/jung/visualization/transform/AffineTransformer|>,|project://jung-2.0.1/jung-visualization-2.0.1-sources/edu/uci/ics/jung/visualization/transform/MutableAffineTransformer.java|(1438,17,<51,8>,<51,25>)>,
  <<|java+class:///edu/uci/ics/jung/io/graphml/parser/NodeElementParser|,|java+class:///edu/uci/ics/jung/io/graphml/parser/AbstractElementParser|>,|project://jung-2.0.1/jung-io-2.0.1-sources/edu/uci/ics/jung/io/graphml/parser/NodeElementParser.java|(951,21,<33,8>,<33,29>)>,
  <<|java+class:///edu/uci/ics/jung/io/graphml/parser/PortElementParser|,|java+class:///edu/uci/ics/jung/io/graphml/parser/AbstractElementParser|>,|project://jung-2.0.1/jung-io-2.0.1-sources/edu/uci/ics/jung/io/graphml/parser/PortElementParser.java|(951,21,<33,8>,<33,29>)>,
  <<|java+class:///edu/uci/ics/jung/samples/EdgeLabelDemo/MutableDirectionalEdgeValue|,|java+class:///edu/uci/ics/jung/visualization/decorators/ConstantDirectionalEdgeValueTransformer|>,|project://jung-2.0.1/jung-samples-2.0.1-sources/edu/uci/ics/jung/samples/EdgeLabelDemo.java|(11174,28,<282,12>,<282,40>)>,
  <<|java+class:///edu/uci/ics/jung/graph/DelegateForest|,|java+class:///edu/uci/ics/jung/graph/GraphDecorator|>,|project://jung-2.0.1/jung-graph-impl-2.0.1-sources/edu/uci/ics/jung/graph/DelegateForest.java|(891,16,<34,2>,<34,18>)>,
  <<|java+class:///edu/uci/ics/jung/visualization/renderers/DefaultEdgeLabelRenderer|,|java+class:///javax/swing/JLabel|>,|project://jung-2.0.1/jung-visualization-2.0.1-sources/edu/uci/ics/jung/visualization/renderers/DefaultEdgeLabelRenderer.java|(1359,8,<49,8>,<49,16>)>,
  <<|java+class:///edu/uci/ics/jung/algorithms/scoring/PageRankWithPriors|,|java+class:///edu/uci/ics/jung/algorithms/scoring/AbstractIterativeScorerWithPriors|>,|project://jung-2.0.1/jung-algorithms-2.0.1-sources/edu/uci/ics/jung/algorithms/scoring/PageRankWithPriors.java|(2471,35,<63,8>,<63,43>)>,
  <<|java+class:///edu/uci/ics/jung/algorithms/scoring/PageRankWithPriors|,|java+class:///edu/uci/ics/jung/algorithms/scoring/AbstractIterativeScorerWithPriors|>,|project://jung-2.0.1/jung-algorithms-2.0.1-sources/edu/uci/ics/jung/algorithms/scoring/PageRankWithPriors.java|(1893,49,<49,8>,<49,57>)>,
  <<|java+class:///edu/uci/ics/jung/algorithms/layout/KKLayout|,|java+class:///edu/uci/ics/jung/algorithms/layout/AbstractLayout|>,|project://jung-2.0.1/jung-algorithms-2.0.1-sources/edu/uci/ics/jung/algorithms/layout/KKLayout.java|(2937,9,<88,8>,<88,17>)>,
  <<|java+class:///edu/uci/ics/jung/graph/DelegateTree|,|java+class:///edu/uci/ics/jung/graph/GraphDecorator|>,|project://jung-2.0.1/jung-graph-impl-2.0.1-sources/edu/uci/ics/jung/graph/DelegateTree.java|(1826,13,<64,2>,<64,15>)>,
  <<|java+class:///edu/uci/ics/jung/graph/DelegateTree|,|java+class:///edu/uci/ics/jung/graph/GraphDecorator|>,|project://jung-2.0.1/jung-graph-impl-2.0.1-sources/edu/uci/ics/jung/graph/DelegateTree.java|(1472,29,<54,2>,<54,31>)>,
  <<|java+class:///edu/uci/ics/jung/visualization/control/AbstractPopupGraphMousePlugin|,|java+class:///edu/uci/ics/jung/visualization/control/AbstractGraphMousePlugin|>,|project://jung-2.0.1/jung-visualization-2.0.1-sources/edu/uci/ics/jung/visualization/control/AbstractPopupGraphMousePlugin.java|(671,17,<21,8>,<21,25>)>,
  <<|java+class:///edu/uci/ics/jung/visualization/jai/PerspectiveTransformer|,|java+class:///edu/uci/ics/jung/visualization/transform/MutableTransformerDecorator|>,|project://jung-2.0.1/jung-jai-2.0.1-sources/edu/uci/ics/jung/visualization/jai/PerspectiveTransformer.java|(1618,16,<45,6>,<45,22>)>,
  <<|java+class:///edu/uci/ics/jung/visualization/VisualizationImageServer|,|java+class:///edu/uci/ics/jung/visualization/BasicVisualizationServer|>,|project://jung-2.0.1/jung-visualization-2.0.1-sources/edu/uci/ics/jung/visualization/VisualizationImageServer.java|(1176,29,<40,8>,<40,37>)>,
  <<|java+class:///edu/uci/ics/jung/visualization/transform/MagnifyTransformer|,|java+class:///edu/uci/ics/jung/visualization/transform/LensTransformer|>,|project://jung-2.0.1/jung-visualization-2.0.1-sources/edu/uci/ics/jung/visualization/transform/MagnifyTransformer.java|(1462,27,<47,6>,<47,33>)>,
  <<|java+class:///edu/uci/ics/jung/visualization/control/TranslatingGraphMousePlugin|,|java+class:///edu/uci/ics/jung/visualization/control/AbstractGraphMousePlugin|>,|project://jung-2.0.1/jung-visualization-2.0.1-sources/edu/uci/ics/jung/visualization/control/TranslatingGraphMousePlugin.java|(1396,17,<47,5>,<47,22>)>,
  <<|java+class:///edu/uci/ics/jung/visualization/transform/LayoutLensSupport|,|java+class:///edu/uci/ics/jung/visualization/transform/AbstractLensSupport|>,|project://jung-2.0.1/jung-visualization-2.0.1-sources/edu/uci/ics/jung/visualization/transform/LayoutLensSupport.java|(1635,26,<46,8>,<46,34>)>,
  <<|java+class:///edu/uci/ics/jung/io/graphml/parser/EdgeElementParser|,|java+class:///edu/uci/ics/jung/io/graphml/parser/AbstractElementParser|>,|project://jung-2.0.1/jung-io-2.0.1-sources/edu/uci/ics/jung/io/graphml/parser/EdgeElementParser.java|(957,21,<33,8>,<33,29>)>,
  <<|java+class:///edu/uci/ics/jung/algorithms/scoring/HITSWithPriors|,|java+class:///edu/uci/ics/jung/algorithms/scoring/AbstractIterativeScorerWithPriors|>,|project://jung-2.0.1/jung-algorithms-2.0.1-sources/edu/uci/ics/jung/algorithms/scoring/HITSWithPriors.java|(2409,61,<64,5>,<64,66>)>,
  <<|java+class:///edu/uci/ics/jung/algorithms/scoring/HITSWithPriors|,|java+class:///edu/uci/ics/jung/algorithms/scoring/AbstractIterativeScorerWithPriors|>,|project://jung-2.0.1/jung-algorithms-2.0.1-sources/edu/uci/ics/jung/algorithms/scoring/HITSWithPriors.java|(1817,45,<49,8>,<49,53>)>,
  <<|java+class:///edu/uci/ics/jung/samples/PluggableRendererDemo/PopupGraphMousePlugin|,|java+class:///edu/uci/ics/jung/visualization/control/AbstractPopupGraphMousePlugin|>,|project://jung-2.0.1/jung-samples-2.0.1-sources/edu/uci/ics/jung/samples/PluggableRendererDemo.java|(41474,17,<1130,12>,<1130,29>)>,
  <<|java+class:///edu/uci/ics/jung/visualization/control/LensTranslatingGraphMousePlugin|,|java+class:///edu/uci/ics/jung/visualization/control/TranslatingGraphMousePlugin|>,|project://jung-2.0.1/jung-visualization-2.0.1-sources/edu/uci/ics/jung/visualization/control/LensTranslatingGraphMousePlugin.java|(1688,17,<53,8>,<53,25>)>,
  <<|java+class:///edu/uci/ics/jung/visualization/control/ShearingGraphMousePlugin|,|java+class:///edu/uci/ics/jung/visualization/control/AbstractGraphMousePlugin|>,|project://jung-2.0.1/jung-visualization-2.0.1-sources/edu/uci/ics/jung/visualization/control/ShearingGraphMousePlugin.java|(1860,17,<65,5>,<65,22>)>,
  <<|java+class:///edu/uci/ics/jung/algorithms/layout/DAGLayout|,|java+class:///edu/uci/ics/jung/algorithms/layout/SpringLayout|>,|project://jung-2.0.1/jung-algorithms-2.0.1-sources/edu/uci/ics/jung/algorithms/layout/DAGLayout.java|(2868,9,<76,2>,<76,11>)>,
  <<|java+class:///edu/uci/ics/jung/visualization/picking/ViewLensShapePickSupport|,|java+class:///edu/uci/ics/jung/visualization/picking/ShapePickSupport|>,|project://jung-2.0.1/jung-visualization-2.0.1-sources/edu/uci/ics/jung/visualization/picking/ViewLensShapePickSupport.java|(1830,20,<54,5>,<54,25>)>,
  <<|java+class:///edu/uci/ics/jung/visualization/control/EditingModalGraphMouse|,|java+class:///edu/uci/ics/jung/visualization/control/AbstractModalGraphMouse|>,|project://jung-2.0.1/jung-visualization-2.0.1-sources/edu/uci/ics/jung/visualization/control/EditingModalGraphMouse.java|(1794,14,<54,2>,<54,16>)>,
  <<|java+class:///edu/uci/ics/jung/visualization/layout/PersistentLayoutImpl|,|java+class:///edu/uci/ics/jung/visualization/layout/ObservableCachingLayout|>,|project://jung-2.0.1/jung-visualization-2.0.1-sources/edu/uci/ics/jung/visualization/layout/PersistentLayoutImpl.java|(1801,14,<67,8>,<67,22>)>,
  <<|java+class:///edu/uci/ics/jung/visualization/annotations/AnnotatingGraphMousePlugin|,|java+class:///edu/uci/ics/jung/visualization/control/AbstractGraphMousePlugin|>,|project://jung-2.0.1/jung-visualization-2.0.1-sources/edu/uci/ics/jung/visualization/annotations/AnnotatingGraphMousePlugin.java|(2959,26,<108,8>,<108,34>)>,
  <<|java+class:///edu/uci/ics/jung/visualization/transform/shape/MagnifyImageLensSupport|,|java+class:///edu/uci/ics/jung/visualization/transform/AbstractLensSupport|>,|project://jung-2.0.1/jung-visualization-2.0.1-sources/edu/uci/ics/jung/visualization/transform/shape/MagnifyImageLensSupport.java|(2485,26,<60,8>,<60,34>)>,
  <<|java+class:///edu/uci/ics/jung/graph/util/Graphs/SynchronizedUndirectedGraph|,|java+class:///edu/uci/ics/jung/graph/util/Graphs/SynchronizedAbstractGraph|>,|project://jung-2.0.1/jung-api-2.0.1-sources/edu/uci/ics/jung/graph/util/Graphs.java|(14137,16,<466,3>,<466,19>)>,
  <<|java+class:///edu/uci/ics/jung/visualization/control/SatelliteAnimatedPickingGraphMousePlugin|,|java+class:///edu/uci/ics/jung/visualization/control/AnimatedPickingGraphMousePlugin|>,|project://jung-2.0.1/jung-visualization-2.0.1-sources/edu/uci/ics/jung/visualization/control/SatelliteAnimatedPickingGraphMousePlugin.java|(1402,26,<44,8>,<44,34>)>,
  <<|java+class:///edu/uci/ics/jung/visualization/jai/PerspectiveViewTransformSupport|,|java+class:///edu/uci/ics/jung/visualization/jai/AbstractPerspectiveTransformSupport|>,|project://jung-2.0.1/jung-jai-2.0.1-sources/edu/uci/ics/jung/visualization/jai/PerspectiveViewTransformSupport.java|(1494,10,<40,8>,<40,18>)>,
  <<|java+class:///edu/uci/ics/jung/samples/LensDemo/VerticalLabelUI|,|java+class:///javax/swing/plaf/basic/BasicLabelUI|>,|project://jung-2.0.1/jung-samples-2.0.1-sources/edu/uci/ics/jung/samples/LensDemo.java|(14769,8,<363,6>,<363,14>)>,
  <<|java+class:///edu/uci/ics/jung/graph/util/Graphs/SynchronizedGraph|,|java+class:///edu/uci/ics/jung/graph/util/Graphs/SynchronizedAbstractGraph|>,|project://jung-2.0.1/jung-api-2.0.1-sources/edu/uci/ics/jung/graph/util/Graphs.java|(13868,16,<458,3>,<458,19>)>,
  <<|java+class:///edu/uci/ics/jung/visualization/control/LabelEditingGraphMousePlugin|,|java+class:///edu/uci/ics/jung/visualization/control/AbstractGraphMousePlugin|>,|project://jung-2.0.1/jung-visualization-2.0.1-sources/edu/uci/ics/jung/visualization/control/LabelEditingGraphMousePlugin.java|(1572,26,<62,8>,<62,34>)>,
  <<|java+class:///edu/uci/ics/jung/visualization/transform/shape/MagnifyShapeTransformer|,|java+class:///edu/uci/ics/jung/visualization/transform/MagnifyTransformer|>,|project://jung-2.0.1/jung-visualization-2.0.1-sources/edu/uci/ics/jung/visualization/transform/shape/MagnifyShapeTransformer.java|(1611,27,<48,8>,<48,35>)>,
  <<|java+class:///edu/uci/ics/jung/visualization/jai/HyperbolicImageLensSupport|,|java+class:///edu/uci/ics/jung/visualization/transform/AbstractLensSupport|>,|project://jung-2.0.1/jung-jai-2.0.1-sources/edu/uci/ics/jung/visualization/jai/HyperbolicImageLensSupport.java|(2780,26,<66,8>,<66,34>)>,
  <<|java+class:///edu/uci/ics/jung/algorithms/layout/ISOMLayout|,|java+class:///edu/uci/ics/jung/algorithms/layout/AbstractLayout|>,|project://jung-2.0.1/jung-algorithms-2.0.1-sources/edu/uci/ics/jung/algorithms/layout/ISOMLayout.java|(1944,9,<73,2>,<73,11>)>,
  <<|java+class:///edu/uci/ics/jung/visualization3d/control/PickSphereBehavior|,|java+class:///edu/uci/ics/jung/visualization3d/control/PickTranslateBehavior|>,|project://jung-2.0.1/jung-3d-2.0.1-sources/edu/uci/ics/jung/visualization3d/control/PickSphereBehavior.java|(1445,28,<48,8>,<48,36>)>,
  <<|java+class:///edu/uci/ics/jung/visualization/layout/ObservableCachingLayout|,|java+class:///edu/uci/ics/jung/algorithms/layout/LayoutDecorator|>,|project://jung-2.0.1/jung-visualization-2.0.1-sources/edu/uci/ics/jung/visualization/layout/ObservableCachingLayout.java|(1659,16,<49,5>,<49,21>)>,
  <<|java+class:///edu/uci/ics/jung/visualization/transform/HyperbolicTransformer|,|java+class:///edu/uci/ics/jung/visualization/transform/LensTransformer|>,|project://jung-2.0.1/jung-visualization-2.0.1-sources/edu/uci/ics/jung/visualization/transform/HyperbolicTransformer.java|(1627,27,<49,6>,<49,33>)>,
  <<|java+class:///edu/uci/ics/jung/visualization/LayeredIcon|,|java+class:///javax/swing/ImageIcon|>,|project://jung-2.0.1/jung-visualization-2.0.1-sources/edu/uci/ics/jung/visualization/LayeredIcon.java|(573,13,<26,5>,<26,18>)>,
  <<|java+class:///edu/uci/ics/jung/algorithms/layout/BalloonLayout|,|java+class:///edu/uci/ics/jung/algorithms/layout/TreeLayout|>,|project://jung-2.0.1/jung-algorithms-2.0.1-sources/edu/uci/ics/jung/algorithms/layout/BalloonLayout.java|(1497,9,<50,8>,<50,17>)>,
  <<|java+class:///edu/uci/ics/jung/visualization/transform/shape/TransformingFlatnessGraphics|,|java+class:///edu/uci/ics/jung/visualization/transform/shape/TransformingGraphics|>,|project://jung-2.0.1/jung-visualization-2.0.1-sources/edu/uci/ics/jung/visualization/transform/shape/TransformingFlatnessGraphics.java|(1158,29,<39,8>,<39,37>)>,
  <<|java+class:///edu/uci/ics/jung/algorithms/shortestpath/DijkstraShortestPath/SourcePathData|,|java+class:///edu/uci/ics/jung/algorithms/shortestpath/DijkstraDistance/SourceData|>,|project://jung-2.0.1/jung-algorithms-2.0.1-sources/edu/uci/ics/jung/algorithms/shortestpath/DijkstraShortestPath.java|(8878,14,<243,12>,<243,26>)>,
  <<|java+class:///edu/uci/ics/jung/visualization/control/SatelliteRotatingGraphMousePlugin|,|java+class:///edu/uci/ics/jung/visualization/control/RotatingGraphMousePlugin|>,|project://jung-2.0.1/jung-visualization-2.0.1-sources/edu/uci/ics/jung/visualization/control/SatelliteRotatingGraphMousePlugin.java|(892,8,<30,8>,<30,16>)>,
  <<|java+class:///edu/uci/ics/jung/visualization/control/SatelliteRotatingGraphMousePlugin|,|java+class:///edu/uci/ics/jung/visualization/control/RotatingGraphMousePlugin|>,|project://jung-2.0.1/jung-visualization-2.0.1-sources/edu/uci/ics/jung/visualization/control/SatelliteRotatingGraphMousePlugin.java|(978,17,<34,8>,<34,25>)>,
  <<|java+class:///edu/uci/ics/jung/visualization/decorators/EllipseVertexShapeTransformer|,|java+class:///edu/uci/ics/jung/visualization/decorators/AbstractVertexShapeTransformer|>,|project://jung-2.0.1/jung-visualization-2.0.1-sources/edu/uci/ics/jung/visualization/decorators/EllipseVertexShapeTransformer.java|(765,17,<30,8>,<30,25>)>,
  <<|java+class:///edu/uci/ics/jung/visualization/picking/LayoutLensShapePickSupport|,|java+class:///edu/uci/ics/jung/visualization/picking/ShapePickSupport|>,|project://jung-2.0.1/jung-visualization-2.0.1-sources/edu/uci/ics/jung/visualization/picking/LayoutLensShapePickSupport.java|(1758,19,<53,5>,<53,24>)>,
  <<|java+class:///edu/uci/ics/jung/io/graphml/parser/EndpointElementParser|,|java+class:///edu/uci/ics/jung/io/graphml/parser/AbstractElementParser|>,|project://jung-2.0.1/jung-io-2.0.1-sources/edu/uci/ics/jung/io/graphml/parser/EndpointElementParser.java|(1559,21,<45,8>,<45,29>)>,
  <<|java+class:///edu/uci/ics/jung/algorithms/layout/SpringLayout2|,|java+class:///edu/uci/ics/jung/algorithms/layout/SpringLayout|>,|project://jung-2.0.1/jung-algorithms-2.0.1-sources/edu/uci/ics/jung/algorithms/layout/SpringLayout2.java|(1389,9,<45,8>,<45,17>)>,
  <<|java+class:///edu/uci/ics/jung/algorithms/layout/SpringLayout2|,|java+class:///edu/uci/ics/jung/algorithms/layout/SpringLayout|>,|project://jung-2.0.1/jung-algorithms-2.0.1-sources/edu/uci/ics/jung/algorithms/layout/SpringLayout2.java|(1711,26,<56,8>,<56,34>)>,
  <<|java+class:///edu/uci/ics/jung/visualization/layout/CachingLayout|,|java+class:///edu/uci/ics/jung/algorithms/layout/LayoutDecorator|>,|project://jung-2.0.1/jung-visualization-2.0.1-sources/edu/uci/ics/jung/visualization/layout/CachingLayout.java|(1387,16,<41,5>,<41,21>)>,
  <<|java+class:///edu/uci/ics/jung/graph/util/Graphs/SynchronizedForest|,|java+class:///edu/uci/ics/jung/graph/util/Graphs/SynchronizedDirectedGraph|>,|project://jung-2.0.1/jung-api-2.0.1-sources/edu/uci/ics/jung/graph/util/Graphs.java|(15882,16,<531,3>,<531,19>)>,
  <<|java+class:///edu/uci/ics/jung/visualization/renderers/BasicVertexLabelRenderer|,|java+project:///|>,|project://jung-2.0.1/jung-visualization-2.0.1-sources/edu/uci/ics/jung/visualization/renderers/BasicVertexLabelRenderer.java|(1303,8,<37,2>,<37,10>)>,
  <<|java+class:///edu/uci/ics/jung/algorithms/scoring/AbstractIterativeScorerWithPriors|,|java+class:///edu/uci/ics/jung/algorithms/scoring/AbstractIterativeScorer|>,|project://jung-2.0.1/jung-algorithms-2.0.1-sources/edu/uci/ics/jung/algorithms/scoring/AbstractIterativeScorerWithPriors.java|(1844,23,<54,8>,<54,31>)>,
  <<|java+class:///edu/uci/ics/jung/algorithms/scoring/AbstractIterativeScorerWithPriors|,|java+class:///edu/uci/ics/jung/algorithms/scoring/AbstractIterativeScorer|>,|project://jung-2.0.1/jung-algorithms-2.0.1-sources/edu/uci/ics/jung/algorithms/scoring/AbstractIterativeScorerWithPriors.java|(2487,9,<70,8>,<70,17>)>,
  <<|java+class:///edu/uci/ics/jung/visualization/jai/PerspectiveLayoutTransformSupport|,|java+class:///edu/uci/ics/jung/visualization/jai/AbstractPerspectiveTransformSupport|>,|project://jung-2.0.1/jung-jai-2.0.1-sources/edu/uci/ics/jung/visualization/jai/PerspectiveLayoutTransformSupport.java|(1179,10,<36,8>,<36,18>)>,
  <<|java+class:///edu/uci/ics/jung/algorithms/layout/FRLayout2|,|java+class:///edu/uci/ics/jung/algorithms/layout/AbstractLayout|>,|project://jung-2.0.1/jung-algorithms-2.0.1-sources/edu/uci/ics/jung/algorithms/layout/FRLayout2.java|(2661,9,<79,8>,<79,17>)>,
  <<|java+class:///edu/uci/ics/jung/algorithms/layout/FRLayout2|,|java+class:///edu/uci/ics/jung/algorithms/layout/AbstractLayout|>,|project://jung-2.0.1/jung-algorithms-2.0.1-sources/edu/uci/ics/jung/algorithms/layout/FRLayout2.java|(2827,49,<86,8>,<86,57>)>,
  <<|java+class:///edu/uci/ics/jung/graph/util/Graphs/SynchronizedTree|,|java+class:///edu/uci/ics/jung/graph/util/Graphs/SynchronizedForest|>,|project://jung-2.0.1/jung-api-2.0.1-sources/edu/uci/ics/jung/graph/util/Graphs.java|(15264,16,<507,3>,<507,19>)>,
  <<|java+class:///edu/uci/ics/jung/visualization/decorators/InterpolatingVertexSizeTransformer|,|java+project:///|>,|project://jung-2.0.1/jung-visualization-2.0.1-sources/edu/uci/ics/jung/visualization/decorators/InterpolatingVertexSizeTransformer.java|(954,8,<34,8>,<34,16>)>,
  <<|java+class:///edu/uci/ics/jung/algorithms/layout/FRLayout|,|java+class:///edu/uci/ics/jung/algorithms/layout/AbstractLayout|>,|project://jung-2.0.1/jung-algorithms-2.0.1-sources/edu/uci/ics/jung/algorithms/layout/FRLayout.java|(2313,9,<69,8>,<69,17>)>,
  <<|java+class:///edu/uci/ics/jung/algorithms/layout/FRLayout|,|java+class:///edu/uci/ics/jung/algorithms/layout/AbstractLayout|>,|project://jung-2.0.1/jung-algorithms-2.0.1-sources/edu/uci/ics/jung/algorithms/layout/FRLayout.java|(2474,49,<76,8>,<76,57>)>,
  <<|java+class:///edu/uci/ics/jung/visualization3d/PickVertexBehavior|,|java+class:///com/sun/j3d/utils/picking/behaviors/PickTranslateBehavior|>,|project://jung-2.0.1/jung-3d-2.0.1-sources/edu/uci/ics/jung/visualization3d/PickVertexBehavior.java|(1327,28,<42,2>,<42,30>)>,
  <<|java+class:///edu/uci/ics/jung/algorithms/importance/RandomWalkBetweenness|,|java+class:///edu/uci/ics/jung/algorithms/importance/RandomWalkSTBetweenness|>,|project://jung-2.0.1/jung-algorithms-2.0.1-sources/edu/uci/ics/jung/algorithms/importance/RandomWalkBetweenness.java|(1450,19,<40,7>,<40,26>)>,
  <<|java+class:///edu/uci/ics/jung/algorithms/layout/SpringLayout|,|java+class:///edu/uci/ics/jung/algorithms/layout/AbstractLayout|>,|project://jung-2.0.1/jung-algorithms-2.0.1-sources/edu/uci/ics/jung/algorithms/layout/SpringLayout.java|(2462,9,<69,8>,<69,17>)>,
  <<|java+class:///edu/uci/ics/jung/visualization/picking/RadiusPickSupport|,|java+class:///edu/uci/ics/jung/algorithms/layout/RadiusGraphElementAccessor|>,|project://jung-2.0.1/jung-visualization-2.0.1-sources/edu/uci/ics/jung/visualization/picking/RadiusPickSupport.java|(1279,19,<44,8>,<44,27>)>,
  <<|java+class:///edu/uci/ics/jung/io/GraphIOException|,|java+class:///java/lang/Exception|>,|project://jung-2.0.1/jung-io-2.0.1-sources/edu/uci/ics/jung/io/GraphIOException.java|(683,8,<26,8>,<26,16>)>,
  <<|java+class:///edu/uci/ics/jung/io/GraphIOException|,|java+class:///java/lang/Exception|>,|project://jung-2.0.1/jung-io-2.0.1-sources/edu/uci/ics/jung/io/GraphIOException.java|(1216,13,<48,8>,<48,21>)>,
  <<|java+class:///edu/uci/ics/jung/io/GraphIOException|,|java+class:///java/lang/Exception|>,|project://jung-2.0.1/jung-io-2.0.1-sources/edu/uci/ics/jung/io/GraphIOException.java|(1042,15,<41,8>,<41,23>)>,
  <<|java+class:///edu/uci/ics/jung/io/GraphIOException|,|java+class:///java/lang/Exception|>,|project://jung-2.0.1/jung-io-2.0.1-sources/edu/uci/ics/jung/io/GraphIOException.java|(854,22,<33,8>,<33,30>)>,
  <<|java+class:///edu/uci/ics/jung/algorithms/layout/StaticLayout|,|java+class:///edu/uci/ics/jung/algorithms/layout/AbstractLayout|>,|project://jung-2.0.1/jung-algorithms-2.0.1-sources/edu/uci/ics/jung/algorithms/layout/StaticLayout.java|(1171,32,<40,8>,<40,40>)>,
  <<|java+class:///edu/uci/ics/jung/algorithms/layout/StaticLayout|,|java+class:///edu/uci/ics/jung/algorithms/layout/AbstractLayout|>,|project://jung-2.0.1/jung-algorithms-2.0.1-sources/edu/uci/ics/jung/algorithms/layout/StaticLayout.java|(1623,13,<55,5>,<55,18>)>,
  <<|java+class:///edu/uci/ics/jung/algorithms/layout/StaticLayout|,|java+class:///edu/uci/ics/jung/algorithms/layout/AbstractLayout|>,|project://jung-2.0.1/jung-algorithms-2.0.1-sources/edu/uci/ics/jung/algorithms/layout/StaticLayout.java|(1790,19,<62,5>,<62,24>)>,
  <<|java+class:///edu/uci/ics/jung/algorithms/layout/StaticLayout|,|java+class:///edu/uci/ics/jung/algorithms/layout/AbstractLayout|>,|project://jung-2.0.1/jung-algorithms-2.0.1-sources/edu/uci/ics/jung/algorithms/layout/StaticLayout.java|(1404,26,<47,8>,<47,34>)>,
  <<|java+class:///edu/uci/ics/jung/visualization3d/control/PickZoomBehavior|,|java+class:///edu/uci/ics/jung/visualization3d/control/PickMouseBehavior|>,|project://jung-2.0.1/jung-3d-2.0.1-sources/edu/uci/ics/jung/visualization3d/control/PickZoomBehavior.java|(3847,28,<100,1>,<100,29>)>,
  <<|java+class:///edu/uci/ics/jung/visualization3d/control/PickZoomBehavior|,|java+class:///edu/uci/ics/jung/visualization3d/control/PickMouseBehavior|>,|project://jung-2.0.1/jung-3d-2.0.1-sources/edu/uci/ics/jung/visualization3d/control/PickZoomBehavior.java|(3143,28,<80,4>,<80,32>)>,
  <<|java+class:///edu/uci/ics/jung/io/graphml/parser/GraphElementParser|,|java+class:///edu/uci/ics/jung/io/graphml/parser/AbstractElementParser|>,|project://jung-2.0.1/jung-io-2.0.1-sources/edu/uci/ics/jung/io/graphml/parser/GraphElementParser.java|(1296,21,<43,8>,<43,29>)>,
  <<|java+class:///edu/uci/ics/jung/visualization/control/SatelliteScalingGraphMousePlugin|,|java+class:///edu/uci/ics/jung/visualization/control/ScalingGraphMousePlugin|>,|project://jung-2.0.1/jung-visualization-2.0.1-sources/edu/uci/ics/jung/visualization/control/SatelliteScalingGraphMousePlugin.java|(955,34,<32,8>,<32,42>)>,
  <<|java+class:///edu/uci/ics/jung/visualization/control/SatelliteScalingGraphMousePlugin|,|java+class:///edu/uci/ics/jung/visualization/control/ScalingGraphMousePlugin|>,|project://jung-2.0.1/jung-visualization-2.0.1-sources/edu/uci/ics/jung/visualization/control/SatelliteScalingGraphMousePlugin.java|(809,25,<28,8>,<28,33>)>,
  <<|java+class:///edu/uci/ics/jung/visualization/control/ModalLensGraphMouse|,|java+class:///edu/uci/ics/jung/visualization/control/AbstractModalGraphMouse|>,|project://jung-2.0.1/jung-visualization-2.0.1-sources/edu/uci/ics/jung/visualization/control/ModalLensGraphMouse.java|(1350,14,<47,5>,<47,19>)>,
  <<|java+class:///edu/uci/ics/jung/algorithms/scoring/VoltageScorer|,|java+class:///edu/uci/ics/jung/algorithms/scoring/AbstractIterativeScorer|>,|project://jung-2.0.1/jung-algorithms-2.0.1-sources/edu/uci/ics/jung/algorithms/scoring/VoltageScorer.java|(3335,23,<83,8>,<83,31>)>,
  <<|java+class:///edu/uci/ics/jung/algorithms/scoring/VoltageScorer|,|java+class:///edu/uci/ics/jung/algorithms/scoring/AbstractIterativeScorer|>,|project://jung-2.0.1/jung-algorithms-2.0.1-sources/edu/uci/ics/jung/algorithms/scoring/VoltageScorer.java|(2655,23,<66,8>,<66,31>)>,
  <<|java+class:///edu/uci/ics/jung/algorithms/scoring/VoltageScorer|,|java+class:///edu/uci/ics/jung/algorithms/scoring/AbstractIterativeScorer|>,|project://jung-2.0.1/jung-algorithms-2.0.1-sources/edu/uci/ics/jung/algorithms/scoring/VoltageScorer.java|(4107,9,<104,8>,<104,17>)>,
  <<|java+class:///edu/uci/ics/jung/algorithms/scoring/VoltageScorer|,|java+class:///edu/uci/ics/jung/algorithms/scoring/AbstractIterativeScorer|>,|project://jung-2.0.1/jung-algorithms-2.0.1-sources/edu/uci/ics/jung/algorithms/scoring/VoltageScorer.java|(4850,9,<125,8>,<125,17>)>,
  <<|java+class:///edu/uci/ics/jung/graph/DirectedSparseGraph|,|java+class:///edu/uci/ics/jung/graph/AbstractTypedGraph|>,|project://jung-2.0.1/jung-graph-impl-2.0.1-sources/edu/uci/ics/jung/graph/DirectedSparseGraph.java|(1714,25,<55,5>,<55,30>)>,
  <<|java+class:///edu/uci/ics/jung/visualization/annotations/AnnotatingModalGraphMouse|,|java+class:///edu/uci/ics/jung/visualization/control/AbstractModalGraphMouse|>,|project://jung-2.0.1/jung-visualization-2.0.1-sources/edu/uci/ics/jung/visualization/annotations/AnnotatingModalGraphMouse.java|(2476,14,<73,2>,<73,16>)>,
  <<|java+class:///edu/uci/ics/jung/visualization/control/EditingGraphMousePlugin|,|java+class:///edu/uci/ics/jung/visualization/control/AbstractGraphMousePlugin|>,|project://jung-2.0.1/jung-visualization-2.0.1-sources/edu/uci/ics/jung/visualization/control/EditingGraphMousePlugin.java|(2042,17,<61,8>,<61,25>)>,
  <<|java+class:///edu/uci/ics/jung/io/graphml/parser/StringElementParser|,|java+class:///edu/uci/ics/jung/io/graphml/parser/AbstractElementParser|>,|project://jung-2.0.1/jung-io-2.0.1-sources/edu/uci/ics/jung/io/graphml/parser/StringElementParser.java|(966,21,<31,8>,<31,29>)>,
  <<|java+class:///edu/uci/ics/jung/algorithms/scoring/BarycenterScorer|,|java+class:///edu/uci/ics/jung/algorithms/scoring/DistanceCentralityScorer|>,|project://jung-2.0.1/jung-algorithms-2.0.1-sources/edu/uci/ics/jung/algorithms/scoring/BarycenterScorer.java|(1400,34,<42,8>,<42,42>)>,
  <<|java+class:///edu/uci/ics/jung/algorithms/scoring/BarycenterScorer|,|java+class:///edu/uci/ics/jung/algorithms/scoring/DistanceCentralityScorer|>,|project://jung-2.0.1/jung-algorithms-2.0.1-sources/edu/uci/ics/jung/algorithms/scoring/BarycenterScorer.java|(945,30,<31,8>,<31,38>)>,
  <<|java+class:///edu/uci/ics/jung/algorithms/scoring/BarycenterScorer|,|java+class:///edu/uci/ics/jung/algorithms/scoring/DistanceCentralityScorer|>,|project://jung-2.0.1/jung-algorithms-2.0.1-sources/edu/uci/ics/jung/algorithms/scoring/BarycenterScorer.java|(1722,20,<53,8>,<53,28>)>,
  <<|java+class:///edu/uci/ics/jung/algorithms/layout/CircleLayout|,|java+class:///edu/uci/ics/jung/algorithms/layout/AbstractLayout|>,|project://jung-2.0.1/jung-algorithms-2.0.1-sources/edu/uci/ics/jung/algorithms/layout/CircleLayout.java|(1296,9,<52,2>,<52,11>)>,
  <<|java+class:///edu/uci/ics/jung/algorithms/scoring/PageRank|,|java+class:///edu/uci/ics/jung/algorithms/scoring/PageRankWithPriors|>,|project://jung-2.0.1/jung-algorithms-2.0.1-sources/edu/uci/ics/jung/algorithms/scoring/PageRank.java|(2693,88,<57,8>,<57,96>)>,
  <<|java+class:///edu/uci/ics/jung/algorithms/scoring/PageRank|,|java+class:///edu/uci/ics/jung/algorithms/scoring/PageRankWithPriors|>,|project://jung-2.0.1/jung-algorithms-2.0.1-sources/edu/uci/ics/jung/algorithms/scoring/PageRank.java|(3162,75,<68,8>,<68,83>)>,
  <<|java+class:///edu/uci/ics/jung/visualization3d/control/MouseWheelZoom|,|java+class:///com/sun/j3d/utils/behaviors/mouse/MouseBehavior|>,|project://jung-2.0.1/jung-3d-2.0.1-sources/edu/uci/ics/jung/visualization3d/control/MouseWheelZoom.java|(4238,25,<122,2>,<122,27>)>,
  <<|java+class:///edu/uci/ics/jung/visualization3d/control/MouseWheelZoom|,|java+class:///com/sun/j3d/utils/behaviors/mouse/MouseBehavior|>,|project://jung-2.0.1/jung-3d-2.0.1-sources/edu/uci/ics/jung/visualization3d/control/MouseWheelZoom.java|(3085,13,<93,2>,<93,15>)>,
  <<|java+class:///edu/uci/ics/jung/visualization3d/control/MouseWheelZoom|,|java+class:///com/sun/j3d/utils/behaviors/mouse/MouseBehavior|>,|project://jung-2.0.1/jung-3d-2.0.1-sources/edu/uci/ics/jung/visualization3d/control/MouseWheelZoom.java|(2712,22,<75,2>,<75,24>)>,
  <<|java+class:///edu/uci/ics/jung/visualization3d/control/MouseWheelZoom|,|java+class:///com/sun/j3d/utils/behaviors/mouse/MouseBehavior|>,|project://jung-2.0.1/jung-3d-2.0.1-sources/edu/uci/ics/jung/visualization3d/control/MouseWheelZoom.java|(4898,16,<138,2>,<138,18>)>,
  <<|java+class:///edu/uci/ics/jung/visualization3d/control/MouseWheelZoom|,|java+class:///com/sun/j3d/utils/behaviors/mouse/MouseBehavior|>,|project://jung-2.0.1/jung-3d-2.0.1-sources/edu/uci/ics/jung/visualization3d/control/MouseWheelZoom.java|(3597,12,<107,2>,<107,14>)>,
  <<|java+class:///edu/uci/ics/jung/visualization3d/control/MouseWheelZoom|,|java+class:///com/sun/j3d/utils/behaviors/mouse/MouseBehavior|>,|project://jung-2.0.1/jung-3d-2.0.1-sources/edu/uci/ics/jung/visualization3d/control/MouseWheelZoom.java|(2823,9,<82,2>,<82,11>)>,
  <<|java+class:///edu/uci/ics/jung/visualization/picking/ClassicPickSupport|,|java+class:///edu/uci/ics/jung/visualization/picking/RadiusPickSupport|>,|project://jung-2.0.1/jung-visualization-2.0.1-sources/edu/uci/ics/jung/visualization/picking/ClassicPickSupport.java|(943,8,<32,8>,<32,16>)>,
  <<|java+class:///edu/uci/ics/jung/visualization3d/control/MouseTranslate|,|java+class:///com/sun/j3d/utils/behaviors/mouse/MouseBehavior|>,|project://jung-2.0.1/jung-3d-2.0.1-sources/edu/uci/ics/jung/visualization3d/control/MouseTranslate.java|(4355,25,<123,2>,<123,27>)>,
  <<|java+class:///edu/uci/ics/jung/visualization3d/control/MouseTranslate|,|java+class:///com/sun/j3d/utils/behaviors/mouse/MouseBehavior|>,|project://jung-2.0.1/jung-3d-2.0.1-sources/edu/uci/ics/jung/visualization3d/control/MouseTranslate.java|(3191,13,<93,2>,<93,15>)>,
  <<|java+class:///edu/uci/ics/jung/visualization3d/control/MouseTranslate|,|java+class:///com/sun/j3d/utils/behaviors/mouse/MouseBehavior|>,|project://jung-2.0.1/jung-3d-2.0.1-sources/edu/uci/ics/jung/visualization3d/control/MouseTranslate.java|(2818,22,<75,2>,<75,24>)>,
  <<|java+class:///edu/uci/ics/jung/visualization3d/control/MouseTranslate|,|java+class:///com/sun/j3d/utils/behaviors/mouse/MouseBehavior|>,|project://jung-2.0.1/jung-3d-2.0.1-sources/edu/uci/ics/jung/visualization3d/control/MouseTranslate.java|(5019,16,<139,2>,<139,18>)>,
  <<|java+class:///edu/uci/ics/jung/visualization3d/control/MouseTranslate|,|java+class:///com/sun/j3d/utils/behaviors/mouse/MouseBehavior|>,|project://jung-2.0.1/jung-3d-2.0.1-sources/edu/uci/ics/jung/visualization3d/control/MouseTranslate.java|(3706,12,<107,2>,<107,14>)>,
  <<|java+class:///edu/uci/ics/jung/visualization3d/control/MouseTranslate|,|java+class:///com/sun/j3d/utils/behaviors/mouse/MouseBehavior|>,|project://jung-2.0.1/jung-3d-2.0.1-sources/edu/uci/ics/jung/visualization3d/control/MouseTranslate.java|(2925,9,<82,2>,<82,11>)>,
  <<|java+class:///edu/uci/ics/jung/graph/OrderedKAryTree|,|java+class:///edu/uci/ics/jung/graph/AbstractTypedGraph|>,|project://jung-2.0.1/jung-graph-impl-2.0.1-sources/edu/uci/ics/jung/graph/OrderedKAryTree.java|(1980,25,<62,5>,<62,30>)>,
  <<|java+class:///edu/uci/ics/jung/visualization/layout/BoundingRectanglePaintable|,|java+project:///|>,|project://jung-2.0.1/jung-visualization-2.0.1-sources/edu/uci/ics/jung/visualization/layout/BoundingRectanglePaintable.java|(881,8,<27,2>,<27,10>)>,
  <<|java+class:///edu/uci/ics/jung/samples/ShowLayouts/LayoutChooser|,|java+project:///|>,|project://jung-2.0.1/jung-samples-2.0.1-sources/edu/uci/ics/jung/samples/ShowLayouts.java|(3538,8,<99,12>,<99,20>)>,
  <<|java+class:///edu/uci/ics/jung/visualization/BasicTransformer|,|java+project:///|>,|project://jung-2.0.1/jung-visualization-2.0.1-sources/edu/uci/ics/jung/visualization/BasicTransformer.java|(1397,8,<39,2>,<39,10>)>,
  <<|java+class:///edu/uci/ics/jung/visualization3d/layout/LayoutEventBroadcaster|,|java+class:///edu/uci/ics/jung/visualization3d/layout/LayoutDecorator|>,|project://jung-2.0.1/jung-3d-2.0.1-sources/edu/uci/ics/jung/visualization3d/layout/LayoutEventBroadcaster.java|(1143,16,<36,5>,<36,21>)>,
  <<|java+class:///edu/uci/ics/jung/io/graphml/parser/HyperEdgeElementParser|,|java+class:///edu/uci/ics/jung/io/graphml/parser/AbstractElementParser|>,|project://jung-2.0.1/jung-io-2.0.1-sources/edu/uci/ics/jung/io/graphml/parser/HyperEdgeElementParser.java|(967,21,<33,8>,<33,29>)>,
  <<|java+class:///edu/uci/ics/jung/graph/UndirectedSparseMultigraph|,|java+class:///edu/uci/ics/jung/graph/AbstractTypedGraph|>,|project://jung-2.0.1/jung-graph-impl-2.0.1-sources/edu/uci/ics/jung/graph/UndirectedSparseMultigraph.java|(1978,27,<68,5>,<68,32>)>,
  <<|java+class:///edu/uci/ics/jung/visualization/control/SatelliteShearingGraphMousePlugin|,|java+class:///edu/uci/ics/jung/visualization/control/ShearingGraphMousePlugin|>,|project://jung-2.0.1/jung-visualization-2.0.1-sources/edu/uci/ics/jung/visualization/control/SatelliteShearingGraphMousePlugin.java|(1025,17,<36,8>,<36,25>)>,
  <<|java+class:///edu/uci/ics/jung/visualization/control/SatelliteShearingGraphMousePlugin|,|java+class:///edu/uci/ics/jung/visualization/control/ShearingGraphMousePlugin|>,|project://jung-2.0.1/jung-visualization-2.0.1-sources/edu/uci/ics/jung/visualization/control/SatelliteShearingGraphMousePlugin.java|(939,8,<32,8>,<32,16>)>,
  <<|java+class:///edu/uci/ics/jung/visualization/transform/shape/MagnifyIconGraphics|,|java+class:///edu/uci/ics/jung/visualization/transform/shape/TransformingFlatnessGraphics|>,|project://jung-2.0.1/jung-visualization-2.0.1-sources/edu/uci/ics/jung/visualization/transform/shape/MagnifyIconGraphics.java|(1030,29,<39,8>,<39,37>)>,
  <<|java+class:///edu/uci/ics/jung/visualization/control/SatelliteTranslatingGraphMousePlugin|,|java+class:///edu/uci/ics/jung/visualization/control/TranslatingGraphMousePlugin|>,|project://jung-2.0.1/jung-visualization-2.0.1-sources/edu/uci/ics/jung/visualization/control/SatelliteTranslatingGraphMousePlugin.java|(962,8,<33,8>,<33,16>)>,
  <<|java+class:///edu/uci/ics/jung/visualization/control/SatelliteTranslatingGraphMousePlugin|,|java+class:///edu/uci/ics/jung/visualization/control/TranslatingGraphMousePlugin|>,|project://jung-2.0.1/jung-visualization-2.0.1-sources/edu/uci/ics/jung/visualization/control/SatelliteTranslatingGraphMousePlugin.java|(1051,17,<37,8>,<37,25>)>
]