[
  <<|java+class:///org/nakedobjects/plugins/hibernate/objectstore/metamodel/criteria/HibernateFactoryAndRepository|,|java+class:///org/nakedobjects/applib/AbstractFactoryAndRepository|>,|java+anonymousClass:///org/nakedobjects/applib/FactoryAndRepositoryTest/setUp()/$anonymous1|>,
  <<|java+class:///org/nakedobjects/examples/claims/service/claim/ClaimRepositoryInMemory|,|java+class:///org/nakedobjects/applib/AbstractFactoryAndRepository|>,|java+anonymousClass:///org/nakedobjects/applib/FactoryAndRepositoryTest/setUp()/$anonymous1|>,
  <<|java+class:///org/nakedobjects/plugins/headless/embedded/dom/employee/Employee|,|java+class:///org/nakedobjects/applib/AbstractDomainObject|>,|java+class:///org/nakedobjects/metamodel/examples/facets/jsr303/DomainObjectVanilla|>,
  <<|java+class:///org/nakedobjects/example/domain/Customer|,|java+class:///org/nakedobjects/applib/AbstractDomainObject|>,|java+class:///org/nakedobjects/metamodel/examples/facets/jsr303/DomainObjectVanilla|>,
  <<|java+class:///org/nakedobjects/plugins/headless/junit/sample/service/CustomerRepository|,|java+class:///org/nakedobjects/applib/AbstractFactoryAndRepository|>,|java+anonymousClass:///org/nakedobjects/applib/FactoryAndRepositoryTest/setUp()/$anonymous1|>,
  <<|java+class:///org/nakedobjects/plugins/headless/junit/sample/service/CountryRepository|,|java+class:///org/nakedobjects/applib/AbstractFactoryAndRepository|>,|java+anonymousClass:///org/nakedobjects/applib/FactoryAndRepositoryTest/setUp()/$anonymous1|>,
  <<|java+class:///org/nakedobjects/example/expenses/recordedAction/impl/RecordActionServiceImpl|,|java+class:///org/nakedobjects/applib/AbstractFactoryAndRepository|>,|java+anonymousClass:///org/nakedobjects/applib/FactoryAndRepositoryTest/setUp()/$anonymous1|>,
  <<|java+class:///org/nakedobjects/examples/orders/domain/Customer|,|java+class:///org/nakedobjects/applib/AbstractDomainObject|>,|java+class:///org/nakedobjects/metamodel/examples/facets/jsr303/DomainObjectVanilla|>,
  <<|java+class:///org/nakedobjects/examples/orders/services/CustomerRepository|,|java+class:///org/nakedobjects/applib/AbstractFactoryAndRepository|>,|java+anonymousClass:///org/nakedobjects/applib/FactoryAndRepositoryTest/setUp()/$anonymous1|>,
  <<|java+class:///org/nakedobjects/example/expenses/recordedAction/impl/RecordedAction|,|java+class:///org/nakedobjects/applib/AbstractDomainObject|>,|java+class:///org/nakedobjects/metamodel/examples/facets/jsr303/DomainObjectVanilla|>,
  <<|java+class:///org/nakedobjects/examples/Location|,|java+class:///org/nakedobjects/applib/AbstractDomainObject|>,|java+class:///org/nakedobjects/metamodel/examples/facets/jsr303/DomainObjectVanilla|>,
  <<|java+class:///org/nakedobjects/examples/claims/service/employee/EmployeeRepositoryInMemory|,|java+class:///org/nakedobjects/applib/AbstractFactoryAndRepository|>,|java+anonymousClass:///org/nakedobjects/applib/FactoryAndRepositoryTest/setUp()/$anonymous1|>,
  <<|java+class:///org/nakedobjects/examples/claims/dom/claim/ClaimItem|,|java+class:///org/nakedobjects/applib/AbstractDomainObject|>,|java+class:///org/nakedobjects/metamodel/examples/facets/jsr303/DomainObjectVanilla|>,
  <<|java+class:///org/nakedobjects/example/expenses/claims/ProjectCode|,|java+class:///org/nakedobjects/applib/AbstractDomainObject|>,|java+class:///org/nakedobjects/metamodel/examples/facets/jsr303/DomainObjectVanilla|>,
  <<|java+class:///org/nakedobjects/plugins/headless/embedded/dom/claim/Claim|,|java+class:///org/nakedobjects/applib/AbstractDomainObject|>,|java+class:///org/nakedobjects/metamodel/examples/facets/jsr303/DomainObjectVanilla|>,
  <<|java+class:///org/nakedobjects/metamodel/runtimecontext/noruntime/RuntimeContextNoRuntime|,|java+class:///org/nakedobjects/metamodel/runtimecontext/RuntimeContextAbstract|>,|java+class:///org/nakedobjects/plugins/headless/embedded/internal/RuntimeContextForEmbeddedMetaModel|>,
  <<|java+class:///org/nakedobjects/example/expenses/claims/items/AbstractExpenseItem|,|java+class:///org/nakedobjects/applib/AbstractDomainObject|>,|java+class:///org/nakedobjects/metamodel/examples/facets/jsr303/DomainObjectVanilla|>,
  <<|java+class:///org/nakedobjects/plugins/headless/embedded/dom/claim/ClaimItem|,|java+class:///org/nakedobjects/applib/AbstractDomainObject|>,|java+class:///org/nakedobjects/metamodel/examples/facets/jsr303/DomainObjectVanilla|>,
  <<|java+class:///org/nakedobjects/example/expenses/claims/ClaimRepositoryAbstract|,|java+class:///org/nakedobjects/applib/AbstractFactoryAndRepository|>,|java+anonymousClass:///org/nakedobjects/applib/FactoryAndRepositoryTest/setUp()/$anonymous1|>,
  <<|java+class:///org/nakedobjects/plugins/headless/junit/sample/domain/Product|,|java+class:///org/nakedobjects/applib/AbstractDomainObject|>,|java+class:///org/nakedobjects/metamodel/examples/facets/jsr303/DomainObjectVanilla|>,
  <<|java+class:///org/nakedobjects/examples/orders/domain/Order|,|java+class:///org/nakedobjects/applib/AbstractDomainObject|>,|java+class:///org/nakedobjects/metamodel/examples/facets/jsr303/DomainObjectVanilla|>,
  <<|java+class:///org/nakedobjects/examples/orders/domain/Product|,|java+class:///org/nakedobjects/applib/AbstractDomainObject|>,|java+class:///org/nakedobjects/metamodel/examples/facets/jsr303/DomainObjectVanilla|>,
  <<|java+class:///org/nakedobjects/plugins/headless/junit/sample/domain/Country|,|java+class:///org/nakedobjects/applib/AbstractDomainObject|>,|java+class:///org/nakedobjects/metamodel/examples/facets/jsr303/DomainObjectVanilla|>,
  <<|java+class:///org/nakedobjects/examples/orders/services/OrderRepository|,|java+class:///org/nakedobjects/applib/AbstractFactoryAndRepository|>,|java+anonymousClass:///org/nakedobjects/applib/FactoryAndRepositoryTest/setUp()/$anonymous1|>,
  <<|java+class:///org/nakedobjects/example/expenses/employee/EmployeeRepositoryAbstract|,|java+class:///org/nakedobjects/applib/AbstractFactoryAndRepository|>,|java+anonymousClass:///org/nakedobjects/applib/FactoryAndRepositoryTest/setUp()/$anonymous1|>,
  <<|java+class:///org/nakedobjects/examples/orders/services/ProductRepository|,|java+class:///org/nakedobjects/applib/AbstractFactoryAndRepository|>,|java+anonymousClass:///org/nakedobjects/applib/FactoryAndRepositoryTest/setUp()/$anonymous1|>,
  <<|java+class:///org/nakedobjects/example/expenses/claims/Status|,|java+class:///org/nakedobjects/applib/AbstractDomainObject|>,|java+class:///org/nakedobjects/metamodel/examples/facets/jsr303/DomainObjectVanilla|>,
  <<|java+class:///org/nakedobjects/plugins/headless/junit/sample/domain/Customer|,|java+class:///org/nakedobjects/applib/AbstractDomainObject|>,|java+class:///org/nakedobjects/metamodel/examples/facets/jsr303/DomainObjectVanilla|>,
  <<|java+class:///org/nakedobjects/example/expenses/recordedAction/impl/RecordedActionRepositoryAbstract|,|java+class:///org/nakedobjects/applib/AbstractFactoryAndRepository|>,|java+anonymousClass:///org/nakedobjects/applib/FactoryAndRepositoryTest/setUp()/$anonymous1|>,
  <<|java+class:///org/nakedobjects/applib/fixtures/AbstractFixture|,|java+class:///org/nakedobjects/applib/AbstractContainedObject|>,|java+anonymousClass:///org/nakedobjects/applib/ContainedObjectTest/setUp()/$anonymous1|>,
  <<|java+class:///org/nakedobjects/example/expenses/claims/ExpenseType|,|java+class:///org/nakedobjects/applib/AbstractDomainObject|>,|java+class:///org/nakedobjects/metamodel/examples/facets/jsr303/DomainObjectVanilla|>,
  <<|java+class:///org/nakedobjects/example/expenses/claims/ClaimFactory|,|java+class:///org/nakedobjects/applib/AbstractFactoryAndRepository|>,|java+anonymousClass:///org/nakedobjects/applib/FactoryAndRepositoryTest/setUp()/$anonymous1|>,
  <<|java+class:///org/nakedobjects/examples/claims/dom/claim/Claim|,|java+class:///org/nakedobjects/applib/AbstractDomainObject|>,|java+class:///org/nakedobjects/metamodel/examples/facets/jsr303/DomainObjectVanilla|>,
  <<|java+class:///org/nakedobjects/plugins/headless/junit/sample/service/OrderRepository|,|java+class:///org/nakedobjects/applib/AbstractFactoryAndRepository|>,|java+anonymousClass:///org/nakedobjects/applib/FactoryAndRepositoryTest/setUp()/$anonymous1|>,
  <<|java+class:///org/nakedobjects/examples/claims/dom/employee/Employee|,|java+class:///org/nakedobjects/applib/AbstractDomainObject|>,|java+class:///org/nakedobjects/metamodel/examples/facets/jsr303/DomainObjectVanilla|>,
  <<|java+class:///org/nakedobjects/plugins/headless/junit/sample/service/ProductRepository|,|java+class:///org/nakedobjects/applib/AbstractFactoryAndRepository|>,|java+anonymousClass:///org/nakedobjects/applib/FactoryAndRepositoryTest/setUp()/$anonymous1|>,
  <<|java+class:///org/nakedobjects/example/expenses/currency/Currency|,|java+class:///org/nakedobjects/applib/AbstractDomainObject|>,|java+class:///org/nakedobjects/metamodel/examples/facets/jsr303/DomainObjectVanilla|>,
  <<|java+class:///org/nakedobjects/example/expenses/employee/Employee|,|java+class:///org/nakedobjects/applib/AbstractDomainObject|>,|java+class:///org/nakedobjects/metamodel/examples/facets/jsr303/DomainObjectVanilla|>,
  <<|java+class:///org/nakedobjects/runtime/userprofile/PerspectiveEntry|,|java+interface:///org/nakedobjects/metamodel/commons/debug/DebugInfo|>,|java+class:///org/nakedobjects/metamodel/spec/JavaSpecification|>,
  <<|java+class:///org/nakedobjects/metamodel/specloader/NakedObjectReflectorAbstract|,|java+interface:///org/nakedobjects/metamodel/specloader/NakedObjectReflector|>,|java+class:///org/nakedobjects/runtime/testsystem/TestProxyReflector|>,
  <<|java+class:///org/nakedobjects/plugins/dnd/viewer/focus/AbstractFocusManager|,|java+interface:///org/nakedobjects/plugins/dnd/FocusManager|>,|java+class:///org/nakedobjects/plugins/dnd/viewer/basic/WorkspaceFocusManager|>,
  <<|java+class:///org/nakedobjects/runtime/authentication/standard/RandomCodeGeneratorUUID|,|java+interface:///org/nakedobjects/runtime/authentication/standard/RandomCodeGenerator|>,|java+class:///org/nakedobjects/runtime/authentication/standard/RandomCodeGenerator10Chars|>,
  <<|java+class:///org/nakedobjects/runtime/authorization/standard/AuthorizorAbstract|,|java+interface:///org/nakedobjects/runtime/authorization/standard/Authorizor|>,|java+class:///org/nakedobjects/runtime/authorization/standard/noop/NoopAuthorizor|>,
  <<|java+class:///org/nakedobjects/metamodel/specloader/internal/peer/NakedObjectActionPeerDecorator|,|java+interface:///org/nakedobjects/metamodel/specloader/internal/peer/NakedObjectActionPeer|>,|java+class:///org/nakedobjects/metamodel/specloader/internal/peer/JavaNakedObjectActionPeer|>,
  <<|java+class:///org/nakedobjects/metamodel/facets/object/dirty/ClearDirtyObjectFacetViaMethod|,|java+interface:///org/nakedobjects/metamodel/java5/ImperativeFacet|>,|java+class:///org/nakedobjects/metamodel/facets/object/callbacks/LoadingCallbackFacetViaMethod|>,
  <<|java+class:///org/nakedobjects/plugins/html/image/ImageProviderAbstract|,|java+interface:///org/nakedobjects/plugins/html/image/ImageProvider|>,|java+class:///org/nakedobjects/plugins/html/image/ImageProviderDirectoryBased|>,
  <<|java+class:///org/nakedobjects/remoting/exchange/FindInstancesResponse|,|java+interface:///org/nakedobjects/metamodel/commons/encoding/Encodable|>,|java+class:///org/nakedobjects/runtime/memento/Null|>,
  <<|java+class:///org/nakedobjects/metamodel/adapter/version/VersionUserAbstract|,|java+interface:///org/nakedobjects/metamodel/adapter/version/Version|>,|java+class:///org/nakedobjects/plugins/hibernate/objectstore/metamodel/version/LongVersion|>,
  <<|java+class:///org/nakedobjects/runtime/transaction/facets/ActionInvocationFacetWrapTransaction|,|java+interface:///org/nakedobjects/metamodel/facets/DecoratingFacet|>,|java+class:///org/nakedobjects/runtime/transaction/facets/CollectionRemoveFromFacetWrapTransaction|>,
  <<|java+interface:///org/nakedobjects/metamodel/facets/MarkerFacet|,|java+interface:///org/nakedobjects/metamodel/facets/Facet|>,|java+class:///org/nakedobjects/metamodel/facets/FacetAbstract|>,
  <<|java+class:///org/nakedobjects/metamodel/facets/object/value/ValueFacetFactoryTest/NonAnnotatedValueSemanticsProviderSpecifiedUsingConfiguration|,|java+interface:///org/nakedobjects/applib/adapters/Parser|>,|java+class:///org/nakedobjects/metamodel/value/ValueSemanticsProviderAbstract|>,
  <<|java+class:///org/nakedobjects/runtime/persistence/objectstore/ObjectStoreSpy|,|java+interface:///org/nakedobjects/runtime/persistence/objectstore/ObjectStore|>,|java+class:///org/nakedobjects/runtime/objectstore/inmemory/InMemoryObjectStore|>,
  <<|java+class:///org/nakedobjects/remoting/client/facets/ActionInvocationFacetWrapProxy|,|java+interface:///org/nakedobjects/metamodel/facets/DecoratingFacet|>,|java+class:///org/nakedobjects/runtime/transaction/facets/CollectionRemoveFromFacetWrapTransaction|>,
  <<|java+class:///org/nakedobjects/remoting/exchange/ClearAssociationResponse|,|java+interface:///org/nakedobjects/metamodel/commons/encoding/Encodable|>,|java+class:///org/nakedobjects/runtime/memento/Null|>,
  <<|java+class:///org/nakedobjects/plugins/html/component/html/AbstractHtmlPage|,|java+interface:///org/nakedobjects/plugins/html/component/Page|>,|java+class:///org/nakedobjects/plugins/html/component/html/DynamicHtmlPage|>,
  <<|java+class:///org/nakedobjects/plugins/dnd/viewer/debug/DebugViewStructure|,|java+interface:///org/nakedobjects/metamodel/commons/debug/DebugInfo|>,|java+class:///org/nakedobjects/metamodel/spec/JavaSpecification|>,
  <<|java+class:///org/nakedobjects/metamodel/adapter/NakedObjectNoop|,|java+interface:///org/nakedobjects/metamodel/adapter/NakedObject|>,|java+class:///org/nakedobjects/runtime/persistence/adapterfactory/pojo/PojoAdapter|>,
  <<|java+class:///org/nakedobjects/plugins/dnd/viewer/view/simple/FieldErrorView/Specification|,|java+interface:///org/nakedobjects/plugins/dnd/ViewSpecification|>,|java+class:///org/nakedobjects/plugins/dnd/viewer/tree/TreeWithDetailSpecification|>,
  <<|java+class:///org/nakedobjects/runtime/persistence/objectstore/NakedObjectStoreLogger|,|java+interface:///org/nakedobjects/runtime/persistence/objectstore/ObjectStore|>,|java+class:///org/nakedobjects/runtime/objectstore/inmemory/InMemoryObjectStore|>,
  <<|java+class:///org/nakedobjects/metamodel/facets/actions/defaults/ActionDefaultsFacetViaMethod|,|java+interface:///org/nakedobjects/metamodel/java5/ImperativeFacet|>,|java+class:///org/nakedobjects/metamodel/facets/object/callbacks/LoadingCallbackFacetViaMethod|>,
  <<|java+class:///org/nakedobjects/plugins/dnd/DummyCanvas|,|java+interface:///org/nakedobjects/plugins/dnd/Canvas|>,|java+class:///org/nakedobjects/plugins/dnd/viewer/debug/DebugCanvas|>,
  <<|java+class:///org/nakedobjects/metamodel/facets/object/callbacks/RemovedCallbackFacetViaMethod|,|java+interface:///org/nakedobjects/metamodel/java5/ImperativeFacet|>,|java+class:///org/nakedobjects/metamodel/facets/object/callbacks/LoadingCallbackFacetViaMethod|>,
  <<|java+interface:///org/nakedobjects/metamodel/facets/SingleStringValueFacet|,|java+interface:///org/nakedobjects/metamodel/facets/Facet|>,|java+class:///org/nakedobjects/metamodel/facets/FacetAbstract|>,
  <<|java+class:///org/nakedobjects/metamodel/facets/object/validate/ValidateObjectFacetViaValidateMethod|,|java+interface:///org/nakedobjects/metamodel/java5/ImperativeFacet|>,|java+class:///org/nakedobjects/metamodel/facets/object/callbacks/LoadingCallbackFacetViaMethod|>,
  <<|java+interface:///org/nakedobjects/metamodel/facets/value/PasswordValueFacet|,|java+interface:///org/nakedobjects/metamodel/facets/Facet|>,|java+class:///org/nakedobjects/metamodel/facets/FacetAbstract|>,
  <<|java+class:///org/nakedobjects/metamodel/facets/collections/modify/CollectionClearFacetViaMethod|,|java+interface:///org/nakedobjects/metamodel/java5/ImperativeFacet|>,|java+class:///org/nakedobjects/metamodel/facets/object/callbacks/LoadingCallbackFacetViaMethod|>,
  <<|java+class:///org/nakedobjects/remoting/transport/pipe/PipedClient|,|java+interface:///org/nakedobjects/remoting/client/ClientConnection|>,|java+class:///org/nakedobjects/remoting/client/ClientConnectionDefault|>,
  <<|java+class:///org/nakedobjects/runtime/transaction/updatenotifier/UpdateNotifierDefault|,|java+interface:///org/nakedobjects/metamodel/commons/debug/DebugInfo|>,|java+class:///org/nakedobjects/metamodel/spec/JavaSpecification|>,
  <<|java+class:///org/nakedobjects/plugins/dnd/TypeComparator|,|java+interface:///org/nakedobjects/plugins/dnd/Comparator|>,|java+class:///org/nakedobjects/plugins/dnd/viewer/content/TypeComparator|>,
  <<|java+class:///org/nakedobjects/metamodel/specloader/internal/peer/JavaOneToOneAssociationPeer|,|java+interface:///org/nakedobjects/metamodel/specloader/internal/peer/NakedObjectAssociationPeer|>,|java+class:///org/nakedobjects/metamodel/specloader/internal/peer/JavaNakedObjectAssociationPeer|>,
  <<|java+class:///org/nakedobjects/metamodel/facets/hide/HideForContextFacetViaMethod|,|java+interface:///org/nakedobjects/metamodel/java5/ImperativeFacet|>,|java+class:///org/nakedobjects/metamodel/facets/object/callbacks/LoadingCallbackFacetViaMethod|>,
  <<|java+class:///org/nakedobjects/metamodel/facets/object/defaults/DefaultedFacetFactoryTest/DefaultsProviderNoop|,|java+interface:///org/nakedobjects/applib/adapters/DefaultsProvider|>,|java+class:///org/nakedobjects/metamodel/value/ValueSemanticsProviderAbstract|>,
  <<|java+class:///org/nakedobjects/runtime/system/specpeer/DummyActionParamPeer|,|java+interface:///org/nakedobjects/metamodel/specloader/internal/peer/NakedObjectActionParamPeer|>,|java+class:///org/nakedobjects/metamodel/specloader/internal/peer/JavaNakedObjectActionParamPeer|>,
  <<|java+class:///org/nakedobjects/plugins/headless/viewer/DomainObjectContainerHeadlessViewer|,|java+interface:///org/nakedobjects/plugins/headless/applib/HeadlessViewer|>,|java+class:///org/nakedobjects/plugins/headless/viewer/internal/HeadlessViewerImpl|>,
  <<|java+class:///org/nakedobjects/plugins/hibernate/objectstore/metamodel/version/LongVersion|,|java+interface:///org/nakedobjects/metamodel/commons/encoding/Encodable|>,|java+class:///org/nakedobjects/runtime/memento/Null|>,
  <<|java+class:///org/nakedobjects/remoting/exchange/ResponseEnvelope|,|java+interface:///org/nakedobjects/metamodel/commons/encoding/Encodable|>,|java+class:///org/nakedobjects/runtime/memento/Null|>,
  <<|java+class:///org/nakedobjects/metamodel/facets/FacetHolderNoop|,|java+interface:///org/nakedobjects/metamodel/facets/FacetHolder|>,|java+class:///org/nakedobjects/metamodel/spec/JavaSpecification|>,
  <<|java+class:///org/nakedobjects/runtime/authentication/standard/exploration/ExplorationSession|,|java+interface:///org/nakedobjects/metamodel/commons/encoding/Encodable|>,|java+class:///org/nakedobjects/runtime/memento/Null|>,
  <<|java+class:///org/nakedobjects/metamodel/facets/ProgrammableReflector|,|java+interface:///org/nakedobjects/metamodel/specloader/NakedObjectReflector|>,|java+class:///org/nakedobjects/runtime/testsystem/TestProxyReflector|>,
  <<|java+class:///org/nakedobjects/metamodel/facets/actions/validate/ActionValidationFacetViaMethod|,|java+interface:///org/nakedobjects/metamodel/java5/ImperativeFacet|>,|java+class:///org/nakedobjects/metamodel/facets/object/callbacks/LoadingCallbackFacetViaMethod|>,
  <<|java+class:///org/nakedobjects/plugins/dnd/viewer/border/LineStyleWindowBorder|,|java+interface:///org/nakedobjects/plugins/dnd/viewer/border/BorderDrawing|>,|java+class:///org/nakedobjects/plugins/dnd/viewer/border/SwingStyleWindowBorder|>,
  <<|java+interface:///org/nakedobjects/metamodel/facets/value/CharValueFacet|,|java+interface:///org/nakedobjects/metamodel/facets/Facet|>,|java+class:///org/nakedobjects/metamodel/facets/FacetAbstract|>,
  <<|java+class:///org/nakedobjects/metamodel/facets/object/callbacks/RemovingCallbackFacetViaMethod|,|java+interface:///org/nakedobjects/metamodel/java5/ImperativeFacet|>,|java+class:///org/nakedobjects/metamodel/facets/object/callbacks/LoadingCallbackFacetViaMethod|>,
  <<|java+class:///org/nakedobjects/metamodel/facets/object/dirty/MarkDirtyObjectFacetViaMethod|,|java+interface:///org/nakedobjects/metamodel/java5/ImperativeFacet|>,|java+class:///org/nakedobjects/metamodel/facets/object/callbacks/LoadingCallbackFacetViaMethod|>,
  <<|java+class:///org/nakedobjects/applib/adapters/AbstractValueSemanticsProvider|,|java+interface:///org/nakedobjects/applib/adapters/ValueSemanticsProvider|>,|java+class:///org/nakedobjects/metamodel/value/ValueSemanticsProviderAbstract|>,
  <<|java+class:///org/nakedobjects/applib/spec/AbstractSpecification|,|java+interface:///org/nakedobjects/applib/spec/Specification|>,|java+class:///org/nakedobjects/metamodel/facets/propparam/specification/SpecificationRequiresFirstLetterToBeUpperCase|>,
  <<|java+class:///org/nakedobjects/plugins/sql/objectstore/jdbc/AbstractJdbcFieldMapping|,|java+interface:///org/nakedobjects/plugins/sql/objectstore/mapping/FieldMapping|>,|java+class:///org/nakedobjects/plugins/sql/objectstore/jdbc/JdbcObjectReferenceFieldMapping|>,
  <<|java+interface:///org/nakedobjects/runtime/authorization/standard/AuthorizationFacet|,|java+interface:///org/nakedobjects/metamodel/facets/Facet|>,|java+class:///org/nakedobjects/metamodel/facets/FacetAbstract|>,
  <<|java+class:///org/nakedobjects/metamodel/adapter/version/VersionUserAbstract|,|java+interface:///org/nakedobjects/metamodel/commons/encoding/Encodable|>,|java+class:///org/nakedobjects/runtime/memento/Null|>,
  <<|java+class:///org/nakedobjects/plugins/dnd/viewer/action/ResizeWindowSimpleRender|,|java+interface:///org/nakedobjects/plugins/dnd/viewer/action/ResizeWindowRender|>,|java+class:///org/nakedobjects/plugins/dnd/viewer/action/ResizeWindow3DRender|>,
  <<|java+class:///org/nakedobjects/metamodel/facets/object/ident/title/TitleFacetViaTitleMethod|,|java+interface:///org/nakedobjects/metamodel/java5/ImperativeFacet|>,|java+class:///org/nakedobjects/metamodel/facets/object/callbacks/LoadingCallbackFacetViaMethod|>,
  <<|java+class:///org/nakedobjects/plugins/dnd/viewer/builder/AbstractFieldSpecification|,|java+interface:///org/nakedobjects/plugins/dnd/ViewSpecification|>,|java+class:///org/nakedobjects/plugins/dnd/viewer/tree/TreeWithDetailSpecification|>,
  <<|java+class:///org/nakedobjects/runtime/userprofile/Options|,|java+interface:///org/nakedobjects/metamodel/commons/debug/DebugInfo|>,|java+class:///org/nakedobjects/metamodel/spec/JavaSpecification|>,
  <<|java+class:///org/nakedobjects/plugins/html/action/view/ObjectViewAbstract|,|java+interface:///org/nakedobjects/plugins/html/action/Action|>,|java+class:///org/nakedobjects/plugins/html/action/edit/RemoveItemFromCollection|>,
  <<|java+class:///org/nakedobjects/plugins/dnd/viewer/builder/AbstractViewBuilder|,|java+interface:///org/nakedobjects/plugins/dnd/ViewBuilder|>,|java+class:///org/nakedobjects/plugins/dnd/viewer/builder/AbstractBuilderDecorator|>,
  <<|java+class:///org/nakedobjects/plugins/dnd/viewer/tree/CompositeNodeSpecification|,|java+interface:///org/nakedobjects/plugins/dnd/SubviewSpec|>,|java+class:///org/nakedobjects/plugins/dnd/viewer/table/AbstractTableSpecification|>,
  <<|java+class:///org/nakedobjects/metamodel/facets/collections/modify/CollectionAddToFacetViaAccessor|,|java+interface:///org/nakedobjects/metamodel/java5/ImperativeFacet|>,|java+class:///org/nakedobjects/metamodel/facets/object/callbacks/LoadingCallbackFacetViaMethod|>,
  <<|java+interface:///org/nakedobjects/metamodel/spec/NamedAndDescribedFacetHolder|,|java+interface:///org/nakedobjects/metamodel/facets/FacetHolder|>,|java+class:///org/nakedobjects/metamodel/spec/JavaSpecification|>,
  <<|java+class:///org/nakedobjects/plugins/dnd/viewer/border/SimpleStyleWindowBorder|,|java+interface:///org/nakedobjects/plugins/dnd/viewer/border/BorderDrawing|>,|java+class:///org/nakedobjects/plugins/dnd/viewer/border/SwingStyleWindowBorder|>,
  <<|java+class:///org/nakedobjects/metamodel/facets/collections/validate/CollectionValidateAddToFacetViaMethod|,|java+interface:///org/nakedobjects/metamodel/java5/ImperativeFacet|>,|java+class:///org/nakedobjects/metamodel/facets/object/callbacks/LoadingCallbackFacetViaMethod|>,
  <<|java+class:///org/nakedobjects/runtime/userprofile/UserProfile|,|java+interface:///org/nakedobjects/metamodel/commons/debug/DebugInfo|>,|java+class:///org/nakedobjects/metamodel/spec/JavaSpecification|>,
  <<|java+interface:///org/nakedobjects/metamodel/facets/value/BigDecimalValueFacet|,|java+interface:///org/nakedobjects/metamodel/facets/Facet|>,|java+class:///org/nakedobjects/metamodel/facets/FacetAbstract|>,
  <<|java+class:///org/nakedobjects/applib/spec/SpecificationNot|,|java+interface:///org/nakedobjects/applib/spec/Specification|>,|java+class:///org/nakedobjects/metamodel/facets/propparam/specification/SpecificationRequiresFirstLetterToBeUpperCase|>,
  <<|java+class:///org/nakedobjects/remoting/facade/DummyServerFacade|,|java+interface:///org/nakedobjects/remoting/facade/ServerFacade|>,|java+class:///org/nakedobjects/remoting/facade/proxy/ServerFacadeProxy|>,
  <<|java+interface:///org/nakedobjects/metamodel/facets/FacetAbstractTest/FooFacet|,|java+interface:///org/nakedobjects/metamodel/facets/Facet|>,|java+class:///org/nakedobjects/metamodel/facets/FacetAbstract|>,
  <<|java+interface:///org/nakedobjects/metamodel/facets/value/StringValueFacet|,|java+interface:///org/nakedobjects/metamodel/facets/Facet|>,|java+class:///org/nakedobjects/metamodel/facets/FacetAbstract|>,
  <<|java+class:///org/nakedobjects/metamodel/facets/properties/defaults/PropertyDefaultFacetViaMethod|,|java+interface:///org/nakedobjects/metamodel/java5/ImperativeFacet|>,|java+class:///org/nakedobjects/metamodel/facets/object/callbacks/LoadingCallbackFacetViaMethod|>,
  <<|java+class:///org/nakedobjects/remoting/exchange/SetValueResponse|,|java+interface:///org/nakedobjects/metamodel/commons/encoding/Encodable|>,|java+class:///org/nakedobjects/runtime/memento/Null|>,
  <<|java+class:///org/nakedobjects/metamodel/facets/actions/invoke/ActionInvocationFacetViaMethod|,|java+interface:///org/nakedobjects/metamodel/java5/ImperativeFacet|>,|java+class:///org/nakedobjects/metamodel/facets/object/callbacks/LoadingCallbackFacetViaMethod|>,
  <<|java+interface:///org/nakedobjects/metamodel/facets/SingleClassValueFacet|,|java+interface:///org/nakedobjects/metamodel/facets/Facet|>,|java+class:///org/nakedobjects/metamodel/facets/FacetAbstract|>,
  <<|java+class:///org/nakedobjects/plugins/dnd/viewer/action/ButtonLineStyleRender|,|java+interface:///org/nakedobjects/plugins/dnd/viewer/action/ButtonRender|>,|java+class:///org/nakedobjects/plugins/dnd/viewer/action/Button3DStyleRender|>,
  <<|java+class:///org/nakedobjects/remoting/exchange/ResolveFieldResponse|,|java+interface:///org/nakedobjects/metamodel/commons/encoding/Encodable|>,|java+class:///org/nakedobjects/runtime/memento/Null|>,
  <<|java+class:///org/nakedobjects/metamodel/facets/properties/modify/PropertySetterFacetViaSetterMethod|,|java+interface:///org/nakedobjects/metamodel/java5/ImperativeFacet|>,|java+class:///org/nakedobjects/metamodel/facets/object/callbacks/LoadingCallbackFacetViaMethod|>,
  <<|java+class:///org/nakedobjects/metamodel/facets/object/encodable/EncodableFacetFactoryTest/EncoderDecoderNoop|,|java+interface:///org/nakedobjects/applib/adapters/EncoderDecoder|>,|java+class:///org/nakedobjects/metamodel/value/ValueSemanticsProviderAbstract|>,
  <<|java+class:///org/nakedobjects/runtime/system/specpeer/DummyOneToOnePeer|,|java+interface:///org/nakedobjects/metamodel/specloader/internal/peer/NakedObjectAssociationPeer|>,|java+class:///org/nakedobjects/metamodel/specloader/internal/peer/JavaNakedObjectAssociationPeer|>,
  <<|java+class:///org/nakedobjects/plugins/dnd/viewer/debug/DebugDrawingAbsolute|,|java+interface:///org/nakedobjects/metamodel/commons/debug/DebugInfo|>,|java+class:///org/nakedobjects/metamodel/spec/JavaSpecification|>,
  <<|java+class:///org/nakedobjects/runtime/authorization/AuthorizationManagerAbstract|,|java+interface:///org/nakedobjects/runtime/authorization/AuthorizationManager|>,|java+class:///org/nakedobjects/runtime/testsystem/AuthorizationManagerNoop|>,
  <<|java+class:///org/nakedobjects/remoting/exchange/AuthorizationResponse|,|java+interface:///org/nakedobjects/metamodel/commons/encoding/Encodable|>,|java+class:///org/nakedobjects/runtime/memento/Null|>,
  <<|java+class:///org/nakedobjects/runtime/transaction/facets/CollectionClearFacetWrapTransaction|,|java+interface:///org/nakedobjects/metamodel/facets/DecoratingFacet|>,|java+class:///org/nakedobjects/runtime/transaction/facets/CollectionRemoveFromFacetWrapTransaction|>,
  <<|java+class:///org/nakedobjects/metamodel/facets/collections/modify/CollectionRemoveFromFacetViaAccessor|,|java+interface:///org/nakedobjects/metamodel/java5/ImperativeFacet|>,|java+class:///org/nakedobjects/metamodel/facets/object/callbacks/LoadingCallbackFacetViaMethod|>,
  <<|java+class:///org/nakedobjects/metamodel/facets/properties/modify/PropertyInitializationFacetViaSetterMethod|,|java+interface:///org/nakedobjects/metamodel/java5/ImperativeFacet|>,|java+class:///org/nakedobjects/metamodel/facets/object/callbacks/LoadingCallbackFacetViaMethod|>,
  <<|java+interface:///org/nakedobjects/metamodel/facets/value/BooleanValueFacet|,|java+interface:///org/nakedobjects/metamodel/facets/Facet|>,|java+class:///org/nakedobjects/metamodel/facets/FacetAbstract|>,
  <<|java+class:///org/nakedobjects/metamodel/facets/actions/choices/ActionChoicesFacetViaMethod|,|java+interface:///org/nakedobjects/metamodel/java5/ImperativeFacet|>,|java+class:///org/nakedobjects/metamodel/facets/object/callbacks/LoadingCallbackFacetViaMethod|>,
  <<|java+class:///org/nakedobjects/plugins/html/component/ComponentAbstract|,|java+interface:///org/nakedobjects/plugins/html/component/Component|>,|java+class:///org/nakedobjects/plugins/html/component/html/UserSwapLink|>,
  <<|java+class:///org/nakedobjects/plugins/xml/profilestore/XmlUserProfileStoreLoaderInstaller|,|java+interface:///org/nakedobjects/runtime/userprofile/UserProfileStoreInstaller|>,|java+class:///org/nakedobjects/runtime/userprofile/inmemory/InMemoryUserProfileStoreInstaller|>,
  <<|java+class:///org/nakedobjects/metamodel/facets/object/parseable/ParseableFacetFactoryTest/ParserNoop|,|java+interface:///org/nakedobjects/applib/adapters/Parser|>,|java+class:///org/nakedobjects/metamodel/value/ValueSemanticsProviderAbstract|>,
  <<|java+class:///org/nakedobjects/metamodel/facets/propcoll/access/PropertyAccessorFacetViaAccessor|,|java+interface:///org/nakedobjects/metamodel/java5/ImperativeFacet|>,|java+class:///org/nakedobjects/metamodel/facets/object/callbacks/LoadingCallbackFacetViaMethod|>,
  <<|java+class:///org/nakedobjects/metamodel/facets/actions/choices/ActionParameterChoicesFacetViaMethod|,|java+interface:///org/nakedobjects/metamodel/java5/ImperativeFacet|>,|java+class:///org/nakedobjects/metamodel/facets/object/callbacks/LoadingCallbackFacetViaMethod|>,
  <<|java+class:///org/nakedobjects/metamodel/facets/disable/DisableForSessionFacetViaMethod|,|java+interface:///org/nakedobjects/metamodel/java5/ImperativeFacet|>,|java+class:///org/nakedobjects/metamodel/facets/object/callbacks/LoadingCallbackFacetViaMethod|>,
  <<|java+class:///org/nakedobjects/plugins/dnd/viewer/debug/DebugObjectGraph|,|java+interface:///org/nakedobjects/metamodel/commons/debug/DebugInfo|>,|java+class:///org/nakedobjects/metamodel/spec/JavaSpecification|>,
  <<|java+class:///org/nakedobjects/runtime/authentication/standard/exploration/MultiUserExplorationSession|,|java+interface:///org/nakedobjects/metamodel/commons/encoding/Encodable|>,|java+class:///org/nakedobjects/runtime/memento/Null|>,
  <<|java+class:///org/nakedobjects/applib/spec/SpecificationAnd|,|java+interface:///org/nakedobjects/applib/spec/Specification|>,|java+class:///org/nakedobjects/metamodel/facets/propparam/specification/SpecificationRequiresFirstLetterToBeUpperCase|>,
  <<|java+class:///org/nakedobjects/remoting/data/query/PersistenceQueryDataAbstract|,|java+interface:///org/nakedobjects/remoting/data/query/PersistenceQueryData|>,|java+class:///org/nakedobjects/remoting/client/TestCriteria|>,
  <<|java+class:///org/nakedobjects/plugins/dnd/viewer/debug/DebugAdapter|,|java+interface:///org/nakedobjects/metamodel/commons/debug/DebugInfo|>,|java+class:///org/nakedobjects/metamodel/spec/JavaSpecification|>,
  <<|java+class:///org/nakedobjects/metamodel/facets/object/value/ValueFacetFactoryTest/MyValueSemanticsProviderThatIsAParser|,|java+interface:///org/nakedobjects/applib/adapters/Parser|>,|java+class:///org/nakedobjects/metamodel/value/ValueSemanticsProviderAbstract|>,
  <<|java+interface:///org/nakedobjects/metamodel/specloader/SpecificationLoader|,|java+interface:///org/nakedobjects/metamodel/commons/debug/DebugInfo|>,|java+class:///org/nakedobjects/metamodel/spec/JavaSpecification|>,
  <<|java+class:///org/nakedobjects/plugins/dnd/viewer/basic/NullColor|,|java+interface:///org/nakedobjects/plugins/dnd/viewer/drawing/Color|>,|java+class:///org/nakedobjects/plugins/dnd/viewer/AwtColor|>,
  <<|java+class:///org/nakedobjects/plugins/dnd/viewer/notifier/ViewUpdateNotifier|,|java+interface:///org/nakedobjects/metamodel/commons/debug/DebugInfo|>,|java+class:///org/nakedobjects/metamodel/spec/JavaSpecification|>,
  <<|java+class:///org/nakedobjects/remoting/server/SocketsViewerAbstract|,|java+interface:///org/nakedobjects/metamodel/commons/debug/DebugInfo|>,|java+class:///org/nakedobjects/metamodel/spec/JavaSpecification|>,
  <<|java+class:///org/nakedobjects/runtime/options/OptionHandlerAbstract|,|java+interface:///org/nakedobjects/runtime/options/OptionHandler|>,|java+class:///org/nakedobjects/webserver/internal/FlagHandlerPort|>,
  <<|java+class:///org/nakedobjects/remoting/data/common/NullDataImpl|,|java+interface:///org/nakedobjects/metamodel/commons/encoding/Encodable|>,|java+class:///org/nakedobjects/runtime/memento/Null|>,
  <<|java+interface:///org/nakedobjects/metamodel/facets/value/FloatingPointValueFacet|,|java+interface:///org/nakedobjects/metamodel/facets/Facet|>,|java+class:///org/nakedobjects/metamodel/facets/FacetAbstract|>,
  <<|java+class:///org/nakedobjects/metamodel/facets/object/callbacks/UpdatedCallbackFacetViaMethod|,|java+interface:///org/nakedobjects/metamodel/java5/ImperativeFacet|>,|java+class:///org/nakedobjects/metamodel/facets/object/callbacks/LoadingCallbackFacetViaMethod|>,
  <<|java+interface:///org/nakedobjects/metamodel/facets/object/validprops/ObjectValidPropertiesFacet|,|java+interface:///org/nakedobjects/metamodel/facets/Facet|>,|java+class:///org/nakedobjects/metamodel/facets/FacetAbstract|>,
  <<|java+class:///org/nakedobjects/plugins/dnd/viewer/debug/DebugView|,|java+interface:///org/nakedobjects/metamodel/commons/debug/DebugInfo|>,|java+class:///org/nakedobjects/metamodel/spec/JavaSpecification|>,
  <<|java+class:///org/nakedobjects/remoting/client/facets/CollectionRemoveFromFacetWrapProxy|,|java+interface:///org/nakedobjects/metamodel/facets/DecoratingFacet|>,|java+class:///org/nakedobjects/runtime/transaction/facets/CollectionRemoveFromFacetWrapTransaction|>,
  <<|java+interface:///org/nakedobjects/metamodel/facets/object/dirty/DirtyObjectFacet|,|java+interface:///org/nakedobjects/metamodel/facets/Facet|>,|java+class:///org/nakedobjects/metamodel/facets/FacetAbstract|>,
  <<|java+class:///org/nakedobjects/plugins/dnd/viewer/notifier/NoOpUpdateNotifier|,|java+interface:///org/nakedobjects/runtime/transaction/updatenotifier/UpdateNotifier|>,|java+class:///org/nakedobjects/runtime/transaction/updatenotifier/UpdateNotifierAbstract|>,
  <<|java+class:///org/nakedobjects/plugins/dnd/viewer/action/IconizeWindowSimpleRender|,|java+interface:///org/nakedobjects/plugins/dnd/viewer/action/IconizeWindowRender|>,|java+class:///org/nakedobjects/plugins/dnd/viewer/action/IconizeWindow3DRender|>,
  <<|java+class:///org/nakedobjects/metamodel/facets/collections/validate/CollectionValidateRemoveFromFacetViaMethod|,|java+interface:///org/nakedobjects/metamodel/java5/ImperativeFacet|>,|java+class:///org/nakedobjects/metamodel/facets/object/callbacks/LoadingCallbackFacetViaMethod|>,
  <<|java+class:///org/nakedobjects/plugins/dnd/viewer/view/help/ExternalHelpViewerProgram|,|java+interface:///org/nakedobjects/plugins/dnd/HelpViewer|>,|java+class:///org/nakedobjects/plugins/dnd/viewer/view/help/InternalHelpViewer|>,
  <<|java+interface:///org/nakedobjects/metamodel/facets/value/ByteValueFacet|,|java+interface:///org/nakedobjects/metamodel/facets/Facet|>,|java+class:///org/nakedobjects/metamodel/facets/FacetAbstract|>,
  <<|java+class:///org/nakedobjects/remoting/exchange/GetObjectResponse|,|java+interface:///org/nakedobjects/metamodel/commons/encoding/Encodable|>,|java+class:///org/nakedobjects/runtime/memento/Null|>,
  <<|java+class:///org/nakedobjects/runtime/persistence/PersistenceSessionLogger|,|java+interface:///org/nakedobjects/metamodel/commons/debug/DebugInfo|>,|java+class:///org/nakedobjects/metamodel/spec/JavaSpecification|>,
  <<|java+interface:///org/nakedobjects/metamodel/facets/SingleIntValueFacet|,|java+interface:///org/nakedobjects/metamodel/facets/Facet|>,|java+class:///org/nakedobjects/metamodel/facets/FacetAbstract|>,
  <<|java+class:///org/nakedobjects/metamodel/facets/object/defaults/DefaultedFacetUsingDefaultsProvider|,|java+interface:///org/nakedobjects/metamodel/facets/object/defaults/DefaultedFacet|>,|java+class:///org/nakedobjects/metamodel/facets/object/defaults/DefaultedFacetAbstract|>,
  <<|java+class:///org/nakedobjects/remoting/exchange/ClearValueResponse|,|java+interface:///org/nakedobjects/metamodel/commons/encoding/Encodable|>,|java+class:///org/nakedobjects/runtime/memento/Null|>,
  <<|java+class:///org/nakedobjects/remoting/exchange/HasInstancesResponse|,|java+interface:///org/nakedobjects/metamodel/commons/encoding/Encodable|>,|java+class:///org/nakedobjects/runtime/memento/Null|>,
  <<|java+interface:///org/nakedobjects/metamodel/facets/SingleValueFacet|,|java+interface:///org/nakedobjects/metamodel/facets/Facet|>,|java+class:///org/nakedobjects/metamodel/facets/FacetAbstract|>,
  <<|java+class:///org/nakedobjects/metamodel/specloader/internal/peer/NakedObjectAssociationPeerDecorator|,|java+interface:///org/nakedobjects/metamodel/specloader/internal/peer/NakedObjectAssociationPeer|>,|java+class:///org/nakedobjects/metamodel/specloader/internal/peer/JavaNakedObjectAssociationPeer|>,
  <<|java+class:///org/nakedobjects/metamodel/facets/collections/modify/CollectionAddToFacetViaMethod|,|java+interface:///org/nakedobjects/metamodel/java5/ImperativeFacet|>,|java+class:///org/nakedobjects/metamodel/facets/object/callbacks/LoadingCallbackFacetViaMethod|>,
  <<|java+interface:///org/nakedobjects/runtime/persistence/objectstore/algorithm/PersistAlgorithmContractTest/PersistAlgorithmSensing|,|java+interface:///org/nakedobjects/runtime/persistence/objectstore/algorithm/PersistAlgorithm|>,|java+class:///org/nakedobjects/runtime/persistence/objectstore/algorithm/dummy/DummyPersistAlgorithm|>,
  <<|java+class:///org/nakedobjects/plugins/dnd/viewer/debug/DebugDrawing|,|java+interface:///org/nakedobjects/metamodel/commons/debug/DebugInfo|>,|java+class:///org/nakedobjects/metamodel/spec/JavaSpecification|>,
  <<|java+class:///org/nakedobjects/metamodel/facets/object/callbacks/PersistingCallbackFacetViaMethod|,|java+interface:///org/nakedobjects/metamodel/java5/ImperativeFacet|>,|java+class:///org/nakedobjects/metamodel/facets/object/callbacks/LoadingCallbackFacetViaMethod|>,
  <<|java+class:///org/nakedobjects/remoting/exchange/ExecuteClientActionResponse|,|java+interface:///org/nakedobjects/metamodel/commons/encoding/Encodable|>,|java+class:///org/nakedobjects/runtime/memento/Null|>,
  <<|java+class:///org/nakedobjects/plugins/xml/objectstore/internal/version/FileVersion|,|java+interface:///org/nakedobjects/metamodel/commons/encoding/Encodable|>,|java+class:///org/nakedobjects/runtime/memento/Null|>,
  <<|java+class:///org/nakedobjects/metamodel/facets/properties/choices/PropertyChoicesFacetViaMethod|,|java+interface:///org/nakedobjects/metamodel/java5/ImperativeFacet|>,|java+class:///org/nakedobjects/metamodel/facets/object/callbacks/LoadingCallbackFacetViaMethod|>,
  <<|java+class:///org/nakedobjects/remoting/data/common/EncodableObjectDataImpl|,|java+interface:///org/nakedobjects/metamodel/commons/encoding/Encodable|>,|java+class:///org/nakedobjects/runtime/memento/Null|>,
  <<|java+class:///org/nakedobjects/runtime/transaction/facets/CollectionAddToFacetWrapTransaction|,|java+interface:///org/nakedobjects/metamodel/facets/DecoratingFacet|>,|java+class:///org/nakedobjects/runtime/transaction/facets/CollectionRemoveFromFacetWrapTransaction|>,
  <<|java+class:///org/nakedobjects/remoting/client/facets/CollectionAddToFacetWrapProxy|,|java+interface:///org/nakedobjects/metamodel/facets/DecoratingFacet|>,|java+class:///org/nakedobjects/runtime/transaction/facets/CollectionRemoveFromFacetWrapTransaction|>,
  <<|java+class:///org/nakedobjects/remoting/exchange/OidForServiceResponse|,|java+interface:///org/nakedobjects/metamodel/commons/encoding/Encodable|>,|java+class:///org/nakedobjects/runtime/memento/Null|>,
  <<|java+class:///org/nakedobjects/plugins/html/component/html/AbstractHtmlPage|,|java+interface:///org/nakedobjects/plugins/html/component/Component|>,|java+class:///org/nakedobjects/plugins/html/component/html/UserSwapLink|>,
  <<|java+interface:///org/nakedobjects/metamodel/facets/value/MoneyValueFacet|,|java+interface:///org/nakedobjects/metamodel/facets/Facet|>,|java+class:///org/nakedobjects/metamodel/facets/FacetAbstract|>,
  <<|java+interface:///org/nakedobjects/metamodel/facets/FacetAbstractTest/BarFacet|,|java+interface:///org/nakedobjects/metamodel/facets/Facet|>,|java+class:///org/nakedobjects/metamodel/facets/FacetAbstract|>,
  <<|java+interface:///org/nakedobjects/metamodel/facets/ignore/IgnoreFacet|,|java+interface:///org/nakedobjects/metamodel/facets/Facet|>,|java+class:///org/nakedobjects/metamodel/facets/FacetAbstract|>,
  <<|java+class:///org/nakedobjects/remoting/client/facets/PropertyClearFacetWrapProxy|,|java+interface:///org/nakedobjects/metamodel/facets/DecoratingFacet|>,|java+class:///org/nakedobjects/runtime/transaction/facets/CollectionRemoveFromFacetWrapTransaction|>,
  <<|java+class:///org/nakedobjects/runtime/transaction/facets/PropertyClearFacetWrapTransaction|,|java+interface:///org/nakedobjects/metamodel/facets/DecoratingFacet|>,|java+class:///org/nakedobjects/runtime/transaction/facets/CollectionRemoveFromFacetWrapTransaction|>,
  <<|java+class:///org/nakedobjects/plugins/sql/objectstore/IdMapping|,|java+interface:///org/nakedobjects/plugins/sql/objectstore/mapping/FieldMapping|>,|java+class:///org/nakedobjects/plugins/sql/objectstore/jdbc/JdbcObjectReferenceFieldMapping|>,
  <<|java+interface:///org/nakedobjects/metamodel/java5/ImperativeFacetMulti|,|java+interface:///org/nakedobjects/metamodel/java5/ImperativeFacet|>,|java+class:///org/nakedobjects/metamodel/facets/object/callbacks/LoadingCallbackFacetViaMethod|>,
  <<|java+class:///org/nakedobjects/metamodel/facets/properties/modify/PropertySetterFacetViaModifyMethod|,|java+interface:///org/nakedobjects/metamodel/java5/ImperativeFacet|>,|java+class:///org/nakedobjects/metamodel/facets/object/callbacks/LoadingCallbackFacetViaMethod|>,
  <<|java+class:///org/nakedobjects/metamodel/facets/object/callbacks/PersistedCallbackFacetViaMethod|,|java+interface:///org/nakedobjects/metamodel/java5/ImperativeFacet|>,|java+class:///org/nakedobjects/metamodel/facets/object/callbacks/LoadingCallbackFacetViaMethod|>,
  <<|java+class:///org/nakedobjects/metamodel/facets/disable/DisableForContextFacetViaMethod|,|java+interface:///org/nakedobjects/metamodel/java5/ImperativeFacet|>,|java+class:///org/nakedobjects/metamodel/facets/object/callbacks/LoadingCallbackFacetViaMethod|>,
  <<|java+class:///org/nakedobjects/remoting/data/common/ObjectDataImpl|,|java+interface:///org/nakedobjects/metamodel/commons/encoding/Encodable|>,|java+class:///org/nakedobjects/runtime/memento/Null|>,
  <<|java+class:///org/nakedobjects/metamodel/facets/collections/modify/CollectionRemoveFromFacetViaMethod|,|java+interface:///org/nakedobjects/metamodel/java5/ImperativeFacet|>,|java+class:///org/nakedobjects/metamodel/facets/object/callbacks/LoadingCallbackFacetViaMethod|>,
  <<|java+class:///org/nakedobjects/runtime/persistence/objectstore/algorithm/PersistAlgorithmAbstract|,|java+interface:///org/nakedobjects/runtime/persistence/objectstore/algorithm/PersistAlgorithm|>,|java+class:///org/nakedobjects/runtime/persistence/objectstore/algorithm/dummy/DummyPersistAlgorithm|>,
  <<|java+class:///org/nakedobjects/metamodel/facets/actions/NamedFacetViaMethod|,|java+interface:///org/nakedobjects/metamodel/java5/ImperativeFacet|>,|java+class:///org/nakedobjects/metamodel/facets/object/callbacks/LoadingCallbackFacetViaMethod|>,
  <<|java+class:///org/nakedobjects/runtime/context/NakedObjectsContext|,|java+interface:///org/nakedobjects/metamodel/commons/debug/DebugInfo|>,|java+class:///org/nakedobjects/metamodel/spec/JavaSpecification|>,
  <<|java+class:///org/nakedobjects/runtime/transaction/facets/PropertySetterFacetWrapTransaction|,|java+interface:///org/nakedobjects/metamodel/facets/DecoratingFacet|>,|java+class:///org/nakedobjects/runtime/transaction/facets/CollectionRemoveFromFacetWrapTransaction|>,
  <<|java+class:///org/nakedobjects/plugins/dnd/viewer/debug/DebugContent|,|java+interface:///org/nakedobjects/metamodel/commons/debug/DebugInfo|>,|java+class:///org/nakedobjects/metamodel/spec/JavaSpecification|>,
  <<|java+class:///org/nakedobjects/metamodel/facets/properties/validate/PropertyValidateFacetViaMethod|,|java+interface:///org/nakedobjects/metamodel/java5/ImperativeFacet|>,|java+class:///org/nakedobjects/metamodel/facets/object/callbacks/LoadingCallbackFacetViaMethod|>,
  <<|java+interface:///org/nakedobjects/metamodel/facets/value/ColorValueFacet|,|java+interface:///org/nakedobjects/metamodel/facets/Facet|>,|java+class:///org/nakedobjects/metamodel/facets/FacetAbstract|>,
  <<|java+class:///org/nakedobjects/remoting/data/common/CollectionDataImpl|,|java+interface:///org/nakedobjects/metamodel/commons/encoding/Encodable|>,|java+class:///org/nakedobjects/runtime/memento/Null|>,
  <<|java+class:///org/nakedobjects/plugins/dnd/viewer/action/CloseWindowSimpleRender|,|java+interface:///org/nakedobjects/plugins/dnd/viewer/action/CloseWindowRender|>,|java+class:///org/nakedobjects/plugins/dnd/viewer/action/CloseWindow3DRender|>,
  <<|java+class:///org/nakedobjects/remoting/client/facets/PropertySetterFacetWrapProxy|,|java+interface:///org/nakedobjects/metamodel/facets/DecoratingFacet|>,|java+class:///org/nakedobjects/runtime/transaction/facets/CollectionRemoveFromFacetWrapTransaction|>,
  <<|java+class:///org/nakedobjects/metamodel/specloader/internal/cache/StaticSpecificationCache|,|java+interface:///org/nakedobjects/metamodel/specloader/internal/cache/SpecificationCache|>,|java+class:///org/nakedobjects/metamodel/specloader/internal/cache/SimpleSpecificationCache|>,
  <<|java+class:///org/nakedobjects/plugins/dnd/viewer/debug/DebugObjectSpecification|,|java+interface:///org/nakedobjects/metamodel/commons/debug/DebugInfo|>,|java+class:///org/nakedobjects/metamodel/spec/JavaSpecification|>,
  <<|java+interface:///org/nakedobjects/metamodel/facets/value/ShortValueFacet|,|java+interface:///org/nakedobjects/metamodel/facets/Facet|>,|java+class:///org/nakedobjects/metamodel/facets/FacetAbstract|>,
  <<|java+class:///org/nakedobjects/metamodel/facets/actions/DescribedAsFacetViaMethod|,|java+interface:///org/nakedobjects/metamodel/java5/ImperativeFacet|>,|java+class:///org/nakedobjects/metamodel/facets/object/callbacks/LoadingCallbackFacetViaMethod|>,
  <<|java+class:///org/nakedobjects/metamodel/facets/collections/modify/CollectionClearFacetViaAccessor|,|java+interface:///org/nakedobjects/metamodel/java5/ImperativeFacet|>,|java+class:///org/nakedobjects/metamodel/facets/object/callbacks/LoadingCallbackFacetViaMethod|>,
  <<|java+class:///org/nakedobjects/metamodel/facets/actions/defaults/ActionParameterDefaultsFacetViaMethod|,|java+interface:///org/nakedobjects/metamodel/java5/ImperativeFacet|>,|java+class:///org/nakedobjects/metamodel/facets/object/callbacks/LoadingCallbackFacetViaMethod|>,
  <<|java+class:///org/nakedobjects/plugins/dnd/viewer/table/DefaultColumnWidthStrategy|,|java+interface:///org/nakedobjects/plugins/dnd/viewer/table/ColumnWidthStrategy|>,|java+class:///org/nakedobjects/plugins/dnd/viewer/table/TypeBasedColumnWidthStrategy|>,
  <<|java+class:///org/nakedobjects/remoting/exchange/OpenSessionResponse|,|java+interface:///org/nakedobjects/metamodel/commons/encoding/Encodable|>,|java+class:///org/nakedobjects/runtime/memento/Null|>,
  <<|java+class:///org/nakedobjects/plugins/dnd/viewer/content/AbstractContent|,|java+interface:///org/nakedobjects/plugins/dnd/Content|>,|java+class:///org/nakedobjects/plugins/dnd/DummyContent|>,
  <<|java+class:///org/nakedobjects/metamodel/facets/object/dirty/IsDirtyObjectFacetViaMethod|,|java+interface:///org/nakedobjects/metamodel/java5/ImperativeFacet|>,|java+class:///org/nakedobjects/metamodel/facets/object/callbacks/LoadingCallbackFacetViaMethod|>,
  <<|java+class:///org/nakedobjects/metamodel/facets/object/callbacks/LoadedCallbackFacetViaMethod|,|java+interface:///org/nakedobjects/metamodel/java5/ImperativeFacet|>,|java+class:///org/nakedobjects/metamodel/facets/object/callbacks/LoadingCallbackFacetViaMethod|>,
  <<|java+class:///org/nakedobjects/runtime/transaction/messagebroker/MessageBrokerDefault|,|java+interface:///org/nakedobjects/metamodel/commons/debug/DebugInfo|>,|java+class:///org/nakedobjects/metamodel/spec/JavaSpecification|>,
  <<|java+class:///org/nakedobjects/runtime/userprofile/UserProfileLoaderDefault|,|java+interface:///org/nakedobjects/metamodel/commons/debug/DebugInfo|>,|java+class:///org/nakedobjects/metamodel/spec/JavaSpecification|>,
  <<|java+interface:///org/nakedobjects/metamodel/facets/value/IntegerValueFacet|,|java+interface:///org/nakedobjects/metamodel/facets/Facet|>,|java+class:///org/nakedobjects/metamodel/facets/FacetAbstract|>,
  <<|java+interface:///org/nakedobjects/metamodel/facets/value/MultilineStringValueFacet|,|java+interface:///org/nakedobjects/metamodel/facets/Facet|>,|java+class:///org/nakedobjects/metamodel/facets/FacetAbstract|>,
  <<|java+class:///org/nakedobjects/remoting/exchange/SetAssociationResponse|,|java+interface:///org/nakedobjects/metamodel/commons/encoding/Encodable|>,|java+class:///org/nakedobjects/runtime/memento/Null|>,
  <<|java+class:///org/nakedobjects/metamodel/facets/hide/HideForSessionFacetViaMethod|,|java+interface:///org/nakedobjects/metamodel/java5/ImperativeFacet|>,|java+class:///org/nakedobjects/metamodel/facets/object/callbacks/LoadingCallbackFacetViaMethod|>,
  <<|java+class:///org/nakedobjects/runtime/system/specpeer/DummyActionPeer|,|java+interface:///org/nakedobjects/metamodel/specloader/internal/peer/NakedObjectActionPeer|>,|java+class:///org/nakedobjects/metamodel/specloader/internal/peer/JavaNakedObjectActionPeer|>,
  <<|java+class:///org/nakedobjects/plugins/html/component/ComponentComposite|,|java+interface:///org/nakedobjects/plugins/html/component/Component|>,|java+class:///org/nakedobjects/plugins/html/component/html/UserSwapLink|>,
  <<|java+class:///org/nakedobjects/metamodel/specloader/internal/peer/JavaOneToManyAssociationPeer|,|java+interface:///org/nakedobjects/metamodel/specloader/internal/peer/NakedObjectAssociationPeer|>,|java+class:///org/nakedobjects/metamodel/specloader/internal/peer/JavaNakedObjectAssociationPeer|>,
  <<|java+class:///org/nakedobjects/metamodel/facets/object/callbacks/CreatedCallbackFacetViaMethod|,|java+interface:///org/nakedobjects/metamodel/java5/ImperativeFacet|>,|java+class:///org/nakedobjects/metamodel/facets/object/callbacks/LoadingCallbackFacetViaMethod|>,
  <<|java+class:///org/nakedobjects/remoting/exchange/CloseSessionResponse|,|java+interface:///org/nakedobjects/metamodel/commons/encoding/Encodable|>,|java+class:///org/nakedobjects/runtime/memento/Null|>,
  <<|java+class:///org/nakedobjects/metamodel/facets/object/callbacks/UpdatingCallbackFacetViaMethod|,|java+interface:///org/nakedobjects/metamodel/java5/ImperativeFacet|>,|java+class:///org/nakedobjects/metamodel/facets/object/callbacks/LoadingCallbackFacetViaMethod|>,
  <<|java+class:///org/nakedobjects/runtime/persistence/query/PersistenceQueryAbstract|,|java+interface:///org/nakedobjects/runtime/persistence/query/PersistenceQuery|>,|java+class:///org/nakedobjects/plugins/hibernate/objectstore/metamodel/criteria/HibernateInstancesCriteria|>,
  <<|java+class:///org/nakedobjects/metamodel/specloader/NakedObjectReflectorAbstract|,|java+interface:///org/nakedobjects/metamodel/commons/debug/DebugInfo|>,|java+class:///org/nakedobjects/metamodel/spec/JavaSpecification|>,
  <<|java+class:///org/nakedobjects/remoting/exchange/GetPropertiesResponse|,|java+interface:///org/nakedobjects/metamodel/commons/encoding/Encodable|>,|java+class:///org/nakedobjects/runtime/memento/Null|>,
  <<|java+class:///org/nakedobjects/runtime/persistence/objectstore/NakedObjectStoreDelegating|,|java+interface:///org/nakedobjects/runtime/persistence/objectstore/ObjectStore|>,|java+class:///org/nakedobjects/runtime/objectstore/inmemory/InMemoryObjectStore|>,
  <<|java+interface:///org/nakedobjects/plugins/dnd/ViewFactory|,|java+interface:///org/nakedobjects/metamodel/commons/debug/DebugInfo|>,|java+class:///org/nakedobjects/metamodel/spec/JavaSpecification|>,
  <<|java+interface:///org/nakedobjects/metamodel/facets/value/LongValueFacet|,|java+interface:///org/nakedobjects/metamodel/facets/Facet|>,|java+class:///org/nakedobjects/metamodel/facets/FacetAbstract|>,
  <<|java+class:///org/nakedobjects/plugins/sql/objectstore/AbstractFieldMappingFactory|,|java+interface:///org/nakedobjects/plugins/sql/objectstore/mapping/FieldMappingFactory|>,|java+class:///org/nakedobjects/plugins/sql/objectstore/jdbc/JdbcGeneralValueMapper/Factory|>,
  <<|java+class:///org/nakedobjects/metamodel/adapter/version/NullVersion|,|java+interface:///org/nakedobjects/metamodel/adapter/version/Version|>,|java+class:///org/nakedobjects/plugins/hibernate/objectstore/metamodel/version/LongVersion|>,
  <<|java+class:///org/nakedobjects/runtime/persistence/query/PersistenceQueryAbstract|,|java+interface:///org/nakedobjects/metamodel/commons/encoding/Encodable|>,|java+class:///org/nakedobjects/runtime/memento/Null|>,
  <<|java+class:///org/nakedobjects/metamodel/facets/object/ident/title/TitleFacetViaToStringMethod|,|java+interface:///org/nakedobjects/metamodel/java5/ImperativeFacet|>,|java+class:///org/nakedobjects/metamodel/facets/object/callbacks/LoadingCallbackFacetViaMethod|>,
  <<|java+class:///org/nakedobjects/metamodel/facets/properties/modify/PropertyClearFacetViaSetterMethod|,|java+interface:///org/nakedobjects/metamodel/java5/ImperativeFacet|>,|java+class:///org/nakedobjects/metamodel/facets/object/callbacks/LoadingCallbackFacetViaMethod|>,
  <<|java+class:///org/nakedobjects/metamodel/facets/properties/validate/PropertyValidateFacetAbstract|,|java+interface:///org/nakedobjects/metamodel/facets/properties/validate/PropertyValidateFacet|>,|java+class:///org/nakedobjects/metamodel/facets/properties/validate/PropertyValidateFacetDefault|>,
  <<|java+class:///org/nakedobjects/applib/spec/SpecificationOr|,|java+interface:///org/nakedobjects/applib/spec/Specification|>,|java+class:///org/nakedobjects/metamodel/facets/propparam/specification/SpecificationRequiresFirstLetterToBeUpperCase|>,
  <<|java+interface:///org/nakedobjects/metamodel/facets/value/DoubleFloatingPointValueFacet|,|java+interface:///org/nakedobjects/metamodel/facets/Facet|>,|java+class:///org/nakedobjects/metamodel/facets/FacetAbstract|>,
  <<|java+class:///org/nakedobjects/runtime/authentication/standard/singleuser/SingleUserSession|,|java+interface:///org/nakedobjects/metamodel/commons/encoding/Encodable|>,|java+class:///org/nakedobjects/runtime/memento/Null|>,
  <<|java+interface:///org/nakedobjects/metamodel/facets/value/BigIntegerValueFacet|,|java+interface:///org/nakedobjects/metamodel/facets/Facet|>,|java+class:///org/nakedobjects/metamodel/facets/FacetAbstract|>,
  <<|java+class:///org/nakedobjects/remoting/exchange/ResolveObjectResponse|,|java+interface:///org/nakedobjects/metamodel/commons/encoding/Encodable|>,|java+class:///org/nakedobjects/runtime/memento/Null|>,
  <<|java+interface:///org/nakedobjects/metamodel/facets/value/ImageValueFacet|,|java+interface:///org/nakedobjects/metamodel/facets/Facet|>,|java+class:///org/nakedobjects/metamodel/facets/FacetAbstract|>,
  <<|java+class:///org/nakedobjects/metamodel/facets/properties/modify/PropertyClearFacetViaClearMethod|,|java+interface:///org/nakedobjects/metamodel/java5/ImperativeFacet|>,|java+class:///org/nakedobjects/metamodel/facets/object/callbacks/LoadingCallbackFacetViaMethod|>
]