[
  <<|java+class:///org/apache/myfaces/taglib/core/DelegateConverter|,|java+interface:///javax/faces/convert/Converter|>,{|java+interface:///javax/faces/component/StateHolder|},|project://myfaces_core-2.1.10_src-myfaces-impl-2.1.10-sources/src/org/apache/myfaces/view/facelets/tag/jsf/ConvertHandler.java|(4287,28,<112,20>,<112,48>)>,
  <<|java+class:///org/apache/myfaces/context/servlet/ServletExternalContextImplBase|,|java+class:///javax/faces/context/ExternalContext|>,{|java+interface:///org/apache/myfaces/context/ReleaseableExternalContext|},|project://myfaces_core-2.1.10_src-myfaces-impl-2.1.10-sources/src/org/apache/myfaces/context/FacesContextFactoryImpl.java|(5867,146,<159,37>,<161,72>)>,
  <<|java+class:///org/apache/myfaces/el/unified/resolver/CompositeComponentELResolver/CompositeComponentAttributesMapWrapper|,|java+interface:///java/util/Map|>,{|java+interface:///javax/faces/el/CompositeComponentExpressionHolder|},|project://myfaces_core-2.1.10_src-myfaces-impl-2.1.10-sources/src/org/apache/myfaces/shared/renderkit/html/util/ResourceUtils.java|(3899,107,<84,35>,<85,50>)>,
  <<|java+class:///org/apache/myfaces/el/unified/resolver/CompositeComponentELResolver/CompositeComponentAttributesMapWrapper|,|java+interface:///java/util/Map|>,{|java+interface:///javax/faces/el/CompositeComponentExpressionHolder|},|project://myfaces_core-2.1.10_src-myfaces-impl-2.1.10-sources/src/org/apache/myfaces/shared/renderkit/html/util/ResourceUtils.java|(4554,103,<104,35>,<105,46>)>,
  <<|java+class:///org/apache/myfaces/view/facelets/compiler/UILeaf|,|java+interface:///java/util/Map|>,{|java+class:///javax/faces/component/UIComponent|},|project://myfaces_core-2.1.10_src-myfaces-impl-2.1.10-sources/src/org/apache/myfaces/view/facelets/tag/composite/CompositeComponentBeanInfo.java|(6550,21,<183,33>,<183,54>)>,
  <<|java+class:///org/apache/myfaces/view/facelets/el/TagMethodExpression|,|java+class:///javax/el/MethodExpression|>,{
    |java+interface:///javax/faces/FacesWrapper|,
    |java+interface:///java/io/Externalizable|
  },|project://myfaces_core-2.1.10_src-myfaces-impl-2.1.10-sources/src/org/apache/myfaces/view/facelets/el/RedirectMethodExpressionValueExpressionValueChangeListener.java|(2352,25,<68,19>,<68,44>)>,
  <<|java+class:///org/apache/myfaces/el/convert/ValueBindingToValueExpression|,|java+class:///javax/el/ValueExpression|>,{|java+interface:///javax/faces/component/StateHolder|},|project://myfaces_core-2.1.10_src-myfaces-impl-2.1.10-sources/src/org/apache/myfaces/view/facelets/el/RedirectMethodExpressionValueExpressionValueChangeListener.java|(2563,23,<74,26>,<74,49>)>,
  <<|java+class:///org/apache/myfaces/view/facelets/el/ValueExpressionMethodExpression|,|java+class:///javax/el/MethodExpression|>,{
    |java+interface:///javax/faces/FacesWrapper|,
    |java+interface:///java/io/Externalizable|
  },|project://myfaces_core-2.1.10_src-myfaces-impl-2.1.10-sources/src/org/apache/myfaces/view/facelets/el/RedirectMethodExpressionValueExpressionValueChangeListener.java|(2640,25,<76,19>,<76,44>)>,
  <<|java+class:///org/apache/myfaces/view/facelets/el/TagValueExpression|,|java+class:///javax/el/ValueExpression|>,{
    |java+interface:///javax/faces/FacesWrapper|,
    |java+interface:///java/io/Externalizable|
  },|project://myfaces_core-2.1.10_src-myfaces-impl-2.1.10-sources/src/org/apache/myfaces/view/facelets/el/RedirectMethodExpressionValueExpressionValueChangeListener.java|(2951,33,<90,31>,<90,64>)>,
  <<|java+class:///org/apache/myfaces/renderkit/html/HtmlStylesheetRenderer|,|java+class:///javax/faces/render/Renderer|>,{|java+interface:///javax/faces/event/ComponentSystemEventListener|},|project://myfaces_core-2.1.10_src-myfaces-impl-2.1.10-sources/src/org/apache/myfaces/config/FacesConfigurator.java|(37438,80,<910,31>,<910,111>)>,
  <<|java+class:///org/apache/myfaces/view/facelets/tag/jsf/core/PhaseListenerHandler/LazyPhaseListener|,|java+interface:///javax/faces/event/PhaseListener|>,{|java+interface:///java/io/Serializable|},|project://myfaces_core-2.1.10_src-myfaces-impl-2.1.10-sources/src/org/apache/myfaces/config/FacesConfigurator.java|(39813,106,<967,47>,<968,90>)>,
  <<|java+class:///org/apache/myfaces/taglib/core/DelegateValueChangeListener|,|java+interface:///javax/faces/event/ValueChangeListener|>,{|java+interface:///javax/faces/component/StateHolder|},|project://myfaces_core-2.1.10_src-myfaces-impl-2.1.10-sources/src/org/apache/myfaces/view/facelets/tag/jsf/core/ValueChangeListenerHandler.java|(3548,60,<89,27>,<89,87>)>,
  <<|java+class:///org/apache/myfaces/config/annotation/Tomcat7AnnotationLifecycleProvider|,|java+interface:///org/apache/myfaces/config/annotation/DiscoverableLifecycleProvider|>,{|java+interface:///org/apache/myfaces/config/annotation/LifecycleProvider2|},|project://myfaces_core-2.1.10_src-myfaces-impl-2.1.10-sources/src/org/apache/myfaces/config/annotation/DefaultLifecycleProviderFactory.java|(7212,35,<182,48>,<182,83>)>,
  <<|java+class:///org/apache/myfaces/config/annotation/TomcatAnnotationLifecycleProvider|,|java+interface:///org/apache/myfaces/config/annotation/DiscoverableLifecycleProvider|>,{|java+interface:///org/apache/myfaces/config/annotation/LifecycleProvider2|},|project://myfaces_core-2.1.10_src-myfaces-impl-2.1.10-sources/src/org/apache/myfaces/config/annotation/DefaultLifecycleProviderFactory.java|(8572,35,<207,34>,<207,69>)>,
  <<|java+class:///org/apache/myfaces/view/facelets/el/MethodExpressionMethodExpression|,|java+class:///javax/el/MethodExpression|>,{|java+interface:///java/io/Externalizable|},|project://myfaces_core-2.1.10_src-myfaces-impl-2.1.10-sources/src/org/apache/myfaces/view/facelets/tag/TagAttributeImpl.java|(8638,49,<226,27>,<226,76>)>,
  <<|java+class:///org/apache/myfaces/view/facelets/el/ResourceLocationValueExpression|,|java+class:///org/apache/myfaces/view/facelets/el/LocationValueExpression|>,{|java+interface:///javax/faces/FacesWrapper|},|project://myfaces_core-2.1.10_src-myfaces-impl-2.1.10-sources/src/org/apache/myfaces/view/facelets/tag/TagAttributeImpl.java|(17360,49,<465,28>,<465,77>)>,
  <<|java+class:///org/apache/myfaces/view/facelets/el/ContextAwareTagValueExpression|,|java+class:///javax/el/ValueExpression|>,{
    |java+interface:///org/apache/myfaces/view/facelets/el/ContextAware|,
    |java+interface:///javax/faces/FacesWrapper|,
    |java+interface:///java/io/Externalizable|
  },|project://myfaces_core-2.1.10_src-myfaces-impl-2.1.10-sources/src/org/apache/myfaces/view/facelets/tag/TagAttributeImpl.java|(17554,42,<468,23>,<468,65>)>,
  <<|java+class:///org/apache/myfaces/view/facelets/el/ResourceLocationValueExpression|,|java+class:///org/apache/myfaces/view/facelets/el/LocationValueExpression|>,{|java+interface:///javax/faces/FacesWrapper|},|project://myfaces_core-2.1.10_src-myfaces-impl-2.1.10-sources/src/org/apache/myfaces/view/facelets/tag/TagAttributeImpl.java|(17892,49,<475,28>,<475,77>)>,
  <<|java+class:///org/apache/myfaces/view/facelets/el/LocationValueExpression|,|java+class:///javax/el/ValueExpression|>,{
    |java+interface:///javax/faces/FacesWrapper|,
    |java+interface:///java/io/Externalizable|
  },|project://myfaces_core-2.1.10_src-myfaces-impl-2.1.10-sources/src/org/apache/myfaces/view/facelets/tag/TagAttributeImpl.java|(18086,42,<478,23>,<478,65>)>,
  <<|java+class:///org/apache/myfaces/view/facelets/compiler/UILeaf|,|java+interface:///java/util/Map|>,{|java+class:///javax/faces/component/UIComponent|},|project://myfaces_core-2.1.10_src-myfaces-impl-2.1.10-sources/src/org/apache/myfaces/view/facelets/tag/composite/FacetHandler.java|(8278,93,<224,69>,<225,59>)>,
  <<|java+class:///org/apache/myfaces/view/facelets/el/TagMethodExpression|,|java+class:///javax/el/MethodExpression|>,{
    |java+interface:///javax/faces/FacesWrapper|,
    |java+interface:///java/io/Externalizable|
  },|project://myfaces_core-2.1.10_src-myfaces-impl-2.1.10-sources/src/org/apache/myfaces/view/facelets/el/TagMethodExpression.java|(3724,34,<130,20>,<130,54>)>,
  <<|java+class:///org/apache/myfaces/spi/FacesConfigurationProviderWrapper|,|java+class:///org/apache/myfaces/spi/FacesConfigurationProvider|>,{|java+interface:///javax/faces/FacesWrapper|},|project://myfaces_core-2.1.10_src-myfaces-impl-2.1.10-sources/src/org/apache/myfaces/spi/impl/DefaultFacesConfigurationProviderFactory.java|(2355,127,<61,49>,<62,98>)>,
  <<|java+class:///org/apache/myfaces/view/facelets/el/TagMethodExpression|,|java+class:///javax/el/MethodExpression|>,{
    |java+interface:///javax/faces/FacesWrapper|,
    |java+interface:///java/io/Externalizable|
  },|project://myfaces_core-2.1.10_src-myfaces-impl-2.1.10-sources/src/org/apache/myfaces/view/facelets/tag/jsf/core/AjaxHandler.java|(20851,24,<510,20>,<510,44>)>,
  <<|java+class:///org/apache/myfaces/view/facelets/compiler/UILeaf|,|java+class:///javax/faces/component/UIComponent|>,{|java+interface:///java/util/Map|},|project://myfaces_core-2.1.10_src-myfaces-impl-2.1.10-sources/src/org/apache/myfaces/view/facelets/tag/jsf/ComponentRule.java|(1731,22,<52,13>,<52,35>)>,
  <<|java+class:///org/apache/myfaces/view/facelets/compiler/UILeaf|,|java+class:///javax/faces/component/UIComponent|>,{|java+interface:///java/util/Map|},|project://myfaces_core-2.1.10_src-myfaces-impl-2.1.10-sources/src/org/apache/myfaces/view/facelets/tag/jsf/ComponentRule.java|(2276,22,<73,13>,<73,35>)>,
  <<|java+class:///org/apache/myfaces/spi/AnnotationProviderWrapper|,|java+class:///org/apache/myfaces/spi/AnnotationProvider|>,{|java+interface:///javax/faces/FacesWrapper|},|project://myfaces_core-2.1.10_src-myfaces-impl-2.1.10-sources/src/org/apache/myfaces/spi/impl/DefaultAnnotationProviderFactory.java|(2242,90,<59,18>,<59,108>)>,
  <<|java+class:///org/apache/myfaces/view/facelets/el/ValueExpressionMethodExpression|,|java+class:///javax/el/MethodExpression|>,{
    |java+interface:///javax/faces/FacesWrapper|,
    |java+interface:///java/io/Externalizable|
  },|project://myfaces_core-2.1.10_src-myfaces-impl-2.1.10-sources/src/org/apache/myfaces/view/facelets/tag/jsf/core/EventHandler.java|(19275,28,<472,31>,<472,59>)>,
  <<|java+class:///org/apache/myfaces/view/facelets/el/ContextAwareTagMethodExpression|,|java+class:///javax/el/MethodExpression|>,{
    |java+interface:///org/apache/myfaces/view/facelets/el/ContextAware|,
    |java+interface:///javax/faces/FacesWrapper|,
    |java+interface:///java/io/Externalizable|
  },|project://myfaces_core-2.1.10_src-myfaces-impl-2.1.10-sources/src/org/apache/myfaces/view/facelets/tag/jsf/core/EventHandler.java|(19335,28,<473,30>,<473,58>)>,
  <<|java+class:///org/apache/myfaces/view/facelets/tag/jstl/core/MappedValueExpression/Entry|,|java+interface:///java/util/Map/Entry|>,{|java+interface:///java/io/Serializable|},|project://myfaces_core-2.1.10_src-myfaces-impl-2.1.10-sources/src/org/apache/myfaces/view/facelets/tag/jstl/core/ForEachHandler.java|(12446,17,<375,49>,<375,66>)>,
  <<|java+class:///org/apache/myfaces/view/facelets/compiler/UILeaf|,|java+interface:///java/util/Map|>,{|java+class:///javax/faces/component/UIComponent|},|project://myfaces_core-2.1.10_src-myfaces-impl-2.1.10-sources/src/org/apache/myfaces/view/facelets/tag/jstl/core/ForEachHandler.java|(13376,15,<414,20>,<414,35>)>,
  <<|java+class:///org/apache/myfaces/view/facelets/compiler/UILeaf|,|java+interface:///java/util/Map|>,{|java+class:///javax/faces/component/UIComponent|},|project://myfaces_core-2.1.10_src-myfaces-impl-2.1.10-sources/src/org/apache/myfaces/view/facelets/tag/composite/ImplementationHandler.java|(3635,81,<90,16>,<90,97>)>,
  <<|java+class:///org/apache/myfaces/taglib/core/DelegateConverter|,|java+interface:///javax/faces/convert/Converter|>,{|java+interface:///javax/faces/component/StateHolder|},|project://myfaces_core-2.1.10_src-myfaces-impl-2.1.10-sources/src/org/apache/myfaces/view/facelets/tag/jsf/ConverterTagHandlerDelegate.java|(5718,39,<142,16>,<142,55>)>,
  <<|java+class:///org/apache/myfaces/shared/util/StreamCharBuffer|,|java+interface:///java/lang/CharSequence|>,{|java+interface:///java/io/Externalizable|},|project://myfaces_core-2.1.10_src-myfaces-impl-2.1.10-sources/src/org/apache/myfaces/shared/util/StreamCharBuffer.java|(21083,16,<676,29>,<676,45>)>,
  <<|java+class:///org/apache/myfaces/view/facelets/el/TagValueExpression|,|java+class:///javax/el/ValueExpression|>,{
    |java+interface:///javax/faces/FacesWrapper|,
    |java+interface:///java/io/Externalizable|
  },|project://myfaces_core-2.1.10_src-myfaces-impl-2.1.10-sources/src/org/apache/myfaces/taglib/core/DelegateActionListener.java|(2316,27,<75,16>,<75,43>)>,
  <<|java+class:///org/apache/myfaces/view/facelets/el/TagValueExpression|,|java+class:///javax/el/ValueExpression|>,{
    |java+interface:///javax/faces/FacesWrapper|,
    |java+interface:///java/io/Externalizable|
  },|project://myfaces_core-2.1.10_src-myfaces-impl-2.1.10-sources/src/org/apache/myfaces/taglib/core/DelegateActionListener.java|(2364,27,<76,19>,<76,46>)>,
  <<|java+class:///org/apache/myfaces/taglib/core/DelegateActionListener|,|java+interface:///javax/faces/event/ActionListener|>,{|java+interface:///javax/faces/component/StateHolder|},|project://myfaces_core-2.1.10_src-myfaces-impl-2.1.10-sources/src/org/apache/myfaces/taglib/core/DelegateActionListener.java|(3126,92,<108,31>,<109,44>)>,
  <<|java+class:///org/apache/myfaces/taglib/core/DelegateActionListener|,|java+interface:///javax/faces/event/ActionListener|>,{|java+interface:///javax/faces/component/StateHolder|},|project://myfaces_core-2.1.10_src-myfaces-impl-2.1.10-sources/src/org/apache/myfaces/taglib/core/DelegateActionListener.java|(3970,50,<133,27>,<133,77>)>,
  <<|java+class:///org/apache/myfaces/view/facelets/el/RedirectMethodExpressionValueExpressionValidator|,|java+interface:///javax/faces/validator/Validator|>,{
    |java+interface:///javax/faces/FacesWrapper|,
    |java+interface:///java/io/Externalizable|
  },|project://myfaces_core-2.1.10_src-myfaces-impl-2.1.10-sources/src/org/apache/myfaces/taglib/core/ValidatorImplTag.java|(4772,20,<133,23>,<133,43>)>,
  <<|java+class:///org/apache/myfaces/el/unified/resolver/CompositeComponentELResolver/CompositeComponentAttributesMapWrapper|,|java+interface:///java/util/Map|>,{|java+interface:///javax/faces/el/CompositeComponentExpressionHolder|},|project://myfaces_core-2.1.10_src-myfaces-impl-2.1.10-sources/src/org/apache/myfaces/view/facelets/tag/ui/DebugPhaseListener.java|(2728,104,<71,48>,<72,73>)>,
  <<|java+class:///org/apache/myfaces/view/facelets/compiler/UILeaf|,|java+class:///javax/faces/component/UIComponent|>,{|java+interface:///java/util/Map|},|project://myfaces_core-2.1.10_src-myfaces-impl-2.1.10-sources/src/org/apache/myfaces/view/facelets/tag/ui/RepeatHandler.java|(3077,22,<100,36>,<100,58>)>,
  <<|java+class:///org/apache/myfaces/view/facelets/compiler/UILeaf|,|java+class:///javax/faces/component/UIComponent|>,{|java+interface:///java/util/Map|},|project://myfaces_core-2.1.10_src-myfaces-impl-2.1.10-sources/src/org/apache/myfaces/shared/renderkit/html/HtmlTableRendererBase.java|(17836,29,<492,40>,<492,69>)>,
  <<|java+class:///org/apache/myfaces/shared/view/ServletResponseSwitch|,|java+class:///javax/servlet/ServletResponseWrapper|>,{|java+interface:///org/apache/myfaces/shared/view/ResponseSwitch|},|project://myfaces_core-2.1.10_src-myfaces-impl-2.1.10-sources/src/org/apache/myfaces/shared/util/ExternalContextUtils.java|(24907,33,<724,28>,<724,61>)>,
  <<|java+class:///org/apache/myfaces/taglib/core/DelegateValidator|,|java+interface:///javax/faces/validator/Validator|>,{|java+interface:///javax/faces/component/StateHolder|},|project://myfaces_core-2.1.10_src-myfaces-impl-2.1.10-sources/src/org/apache/myfaces/view/facelets/tag/jsf/ValidatorTagHandlerDelegate.java|(10982,39,<265,20>,<265,59>)>,
  <<|java+class:///org/apache/myfaces/view/facelets/tag/composite/ClientBehaviorRedirectEventComponentWrapper|,|java+class:///javax/faces/component/UIComponent|>,{
    |java+interface:///javax/faces/component/behavior/ClientBehaviorHolder|,
    |java+interface:///javax/faces/FacesWrapper|
  },|project://myfaces_core-2.1.10_src-myfaces-impl-2.1.10-sources/src/org/apache/myfaces/shared/renderkit/RendererUtils.java|(40091,23,<1227,31>,<1227,54>)>,
  <<|java+class:///org/apache/myfaces/view/facelets/compiler/UILeaf|,|java+class:///javax/faces/component/UIComponent|>,{|java+interface:///java/util/Map|},|project://myfaces_core-2.1.10_src-myfaces-impl-2.1.10-sources/src/org/apache/myfaces/shared/renderkit/RendererUtils.java|(40612,23,<1247,35>,<1247,58>)>,
  <<|java+class:///org/apache/myfaces/view/facelets/el/LocationValueExpression|,|java+class:///javax/el/ValueExpression|>,{
    |java+interface:///javax/faces/FacesWrapper|,
    |java+interface:///java/io/Externalizable|
  },|project://myfaces_core-2.1.10_src-myfaces-impl-2.1.10-sources/src/org/apache/myfaces/taglib/core/DelegateConverter.java|(2357,27,<74,23>,<74,50>)>,
  <<|java+class:///org/apache/myfaces/el/convert/ValueBindingToValueExpression|,|java+class:///javax/el/ValueExpression|>,{|java+interface:///javax/faces/component/StateHolder|},|project://myfaces_core-2.1.10_src-myfaces-impl-2.1.10-sources/src/org/apache/myfaces/taglib/core/DelegateConverter.java|(2405,27,<75,19>,<75,46>)>,
  <<|java+class:///org/apache/myfaces/taglib/core/DelegateConverter|,|java+interface:///javax/faces/convert/Converter|>,{|java+interface:///javax/faces/component/StateHolder|},|project://myfaces_core-2.1.10_src-myfaces-impl-2.1.10-sources/src/org/apache/myfaces/taglib/core/DelegateConverter.java|(3713,40,<123,28>,<123,68>)>,
  <<|java+class:///org/apache/myfaces/view/facelets/el/ContextAwareTagValueExpression|,|java+class:///javax/el/ValueExpression|>,{
    |java+interface:///org/apache/myfaces/view/facelets/el/ContextAware|,
    |java+interface:///javax/faces/FacesWrapper|,
    |java+interface:///java/io/Externalizable|
  },|project://myfaces_core-2.1.10_src-myfaces-impl-2.1.10-sources/src/org/apache/myfaces/view/facelets/FaceletViewDeclarationLanguage.java|(46926,65,<1051,22>,<1051,87>)>,
  <<|java+class:///org/apache/myfaces/el/convert/ValueBindingToValueExpression|,|java+class:///javax/el/ValueExpression|>,{|java+interface:///javax/faces/component/StateHolder|},|project://myfaces_core-2.1.10_src-myfaces-impl-2.1.10-sources/src/org/apache/myfaces/view/facelets/FaceletViewDeclarationLanguage.java|(47491,68,<1062,22>,<1062,90>)>,
  <<|java+class:///org/apache/myfaces/view/facelets/el/TagValueExpression|,|java+class:///javax/el/ValueExpression|>,{
    |java+interface:///javax/faces/FacesWrapper|,
    |java+interface:///java/io/Externalizable|
  },|project://myfaces_core-2.1.10_src-myfaces-impl-2.1.10-sources/src/org/apache/myfaces/view/facelets/FaceletViewDeclarationLanguage.java|(48521,56,<1084,24>,<1084,80>)>,
  <<|java+class:///org/apache/myfaces/el/convert/ValueBindingToValueExpression|,|java+class:///javax/el/ValueExpression|>,{|java+interface:///javax/faces/component/StateHolder|},|project://myfaces_core-2.1.10_src-myfaces-impl-2.1.10-sources/src/org/apache/myfaces/view/facelets/FaceletViewDeclarationLanguage.java|(49741,70,<1110,28>,<1110,98>)>,
  <<|java+class:///org/apache/myfaces/view/facelets/el/TagValueExpression|,|java+class:///javax/el/ValueExpression|>,{
    |java+interface:///javax/faces/FacesWrapper|,
    |java+interface:///java/io/Externalizable|
  },|project://myfaces_core-2.1.10_src-myfaces-impl-2.1.10-sources/src/org/apache/myfaces/view/facelets/FaceletViewDeclarationLanguage.java|(50195,56,<1117,55>,<1117,111>)>,
  <<|java+class:///org/apache/myfaces/el/convert/ValueBindingToValueExpression|,|java+class:///javax/el/ValueExpression|>,{|java+interface:///javax/faces/component/StateHolder|},|project://myfaces_core-2.1.10_src-myfaces-impl-2.1.10-sources/src/org/apache/myfaces/view/facelets/FaceletViewDeclarationLanguage.java|(50487,57,<1121,49>,<1121,106>)>,
  <<|java+class:///org/apache/myfaces/view/facelets/tag/jsf/core/SetPropertyActionListenerHandler/SetPropertyListener|,|java+interface:///javax/faces/event/ActionListener|>,{|java+interface:///java/io/Serializable|},|project://myfaces_core-2.1.10_src-myfaces-impl-2.1.10-sources/src/org/apache/myfaces/view/facelets/FaceletViewDeclarationLanguage.java|(69826,105,<1453,27>,<1454,88>)>,
  <<|java+class:///org/apache/myfaces/taglib/core/DelegateValidator|,|java+interface:///javax/faces/validator/Validator|>,{|java+interface:///javax/faces/component/StateHolder|},|project://myfaces_core-2.1.10_src-myfaces-impl-2.1.10-sources/src/org/apache/myfaces/view/facelets/FaceletViewDeclarationLanguage.java|(72123,84,<1503,22>,<1503,106>)>,
  <<|java+class:///org/apache/myfaces/view/facelets/el/RedirectMethodExpressionValueExpressionValueChangeListener|,|java+interface:///javax/faces/event/ValueChangeListener|>,{
    |java+interface:///javax/faces/FacesWrapper|,
    |java+interface:///java/io/Externalizable|
  },|project://myfaces_core-2.1.10_src-myfaces-impl-2.1.10-sources/src/org/apache/myfaces/view/facelets/FaceletViewDeclarationLanguage.java|(73965,111,<1546,32>,<1547,52>)>,
  <<|java+class:///org/apache/myfaces/el/convert/ValueBindingToValueExpression|,|java+class:///javax/el/ValueExpression|>,{|java+interface:///javax/faces/component/StateHolder|},|project://myfaces_core-2.1.10_src-myfaces-impl-2.1.10-sources/src/org/apache/myfaces/view/facelets/FaceletViewDeclarationLanguage.java|(80274,65,<1684,30>,<1684,95>)>,
  <<|java+class:///org/apache/myfaces/view/facelets/el/LocationValueExpression|,|java+class:///javax/el/ValueExpression|>,{
    |java+interface:///javax/faces/FacesWrapper|,
    |java+interface:///java/io/Externalizable|
  },|project://myfaces_core-2.1.10_src-myfaces-impl-2.1.10-sources/src/org/apache/myfaces/view/facelets/FaceletViewDeclarationLanguage.java|(80891,93,<1694,60>,<1695,74>)>,
  <<|java+class:///org/apache/myfaces/view/facelets/el/LocationValueExpression|,|java+class:///javax/el/ValueExpression|>,{
    |java+interface:///javax/faces/FacesWrapper|,
    |java+interface:///java/io/Externalizable|
  },|project://myfaces_core-2.1.10_src-myfaces-impl-2.1.10-sources/src/org/apache/myfaces/view/facelets/FaceletViewDeclarationLanguage.java|(84106,71,<1764,20>,<1764,91>)>,
  <<|java+class:///org/apache/myfaces/view/facelets/tag/jstl/core/MappedValueExpression/Entry|,|java+interface:///java/util/Map/Entry|>,{|java+interface:///java/io/Serializable|},|project://myfaces_core-2.1.10_src-myfaces-impl-2.1.10-sources/src/org/apache/myfaces/shared/util/el/ActionsMap.java|(3121,17,<121,26>,<121,43>)>,
  <<|java+class:///org/apache/myfaces/view/facelets/el/RedirectMethodExpressionValueExpressionActionListener|,|java+interface:///javax/faces/event/ActionListener|>,{
    |java+interface:///javax/faces/FacesWrapper|,
    |java+interface:///java/io/Externalizable|
  },|project://myfaces_core-2.1.10_src-myfaces-impl-2.1.10-sources/src/org/apache/myfaces/view/facelets/tag/jsf/core/ActionListenerHandler.java|(3615,55,<91,27>,<91,82>)>,
  <<|java+class:///org/apache/myfaces/taglib/core/PhaseListenerTag/BindingPhaseListener|,|java+interface:///javax/faces/event/PhaseListener|>,{|java+interface:///java/io/Serializable|},|project://myfaces_core-2.1.10_src-myfaces-impl-2.1.10-sources/src/org/apache/myfaces/view/facelets/tag/jsf/core/PhaseListenerHandler.java|(2861,54,<79,27>,<79,81>)>,
  <<|java+class:///org/apache/myfaces/el/unified/resolver/CompositeComponentELResolver/CompositeComponentAttributesMapWrapper|,|java+interface:///java/util/Map|>,{|java+interface:///javax/faces/el/CompositeComponentExpressionHolder|},|project://myfaces_core-2.1.10_src-myfaces-impl-2.1.10-sources/src/org/apache/myfaces/view/facelets/DefaultFaceletsStateManagementStrategy.java|(11894,30,<255,29>,<255,59>)>,
  <<|java+class:///org/apache/myfaces/view/facelets/compiler/UILeaf|,|java+interface:///java/util/Map|>,{|java+class:///javax/faces/component/UIComponent|},|project://myfaces_core-2.1.10_src-myfaces-impl-2.1.10-sources/src/org/apache/myfaces/view/facelets/DefaultFaceletsStateManagementStrategy.java|(13924,30,<293,25>,<293,55>)>,
  <<|java+class:///org/apache/myfaces/el/unified/resolver/CompositeComponentELResolver/CompositeComponentAttributesMapWrapper|,|java+interface:///java/util/Map|>,{|java+interface:///javax/faces/el/CompositeComponentExpressionHolder|},|project://myfaces_core-2.1.10_src-myfaces-impl-2.1.10-sources/src/org/apache/myfaces/view/facelets/DefaultFaceletsStateManagementStrategy.java|(27810,27,<557,21>,<557,48>)>,
  <<|java+class:///org/apache/myfaces/el/unified/resolver/CompositeComponentELResolver/CompositeComponentAttributesMapWrapper|,|java+interface:///java/util/Map|>,{|java+interface:///javax/faces/el/CompositeComponentExpressionHolder|},|project://myfaces_core-2.1.10_src-myfaces-impl-2.1.10-sources/src/org/apache/myfaces/view/facelets/DefaultFaceletsStateManagementStrategy.java|(28261,27,<564,52>,<564,79>)>,
  <<|java+class:///org/apache/myfaces/view/facelets/compiler/UILeaf|,|java+interface:///java/util/Map|>,{|java+class:///javax/faces/component/UIComponent|},|project://myfaces_core-2.1.10_src-myfaces-impl-2.1.10-sources/src/org/apache/myfaces/view/facelets/DefaultFaceletsStateManagementStrategy.java|(28397,27,<568,43>,<568,70>)>,
  <<|java+class:///org/apache/myfaces/view/facelets/compiler/UILeaf|,|java+interface:///java/util/Map|>,{|java+class:///javax/faces/component/UIComponent|},|project://myfaces_core-2.1.10_src-myfaces-impl-2.1.10-sources/src/org/apache/myfaces/view/facelets/DefaultFaceletsStateManagementStrategy.java|(28490,26,<571,22>,<571,48>)>,
  <<|java+class:///org/apache/myfaces/view/facelets/compiler/UILeaf|,|java+class:///javax/faces/component/UIComponent|>,{|java+interface:///java/util/Map|},|project://myfaces_core-2.1.10_src-myfaces-impl-2.1.10-sources/src/org/apache/myfaces/view/facelets/DefaultFaceletsStateManagementStrategy.java|(50921,31,<1130,36>,<1130,67>)>,
  <<|java+class:///org/apache/myfaces/view/facelets/compiler/UILeaf|,|java+class:///javax/faces/component/UIComponent|>,{|java+interface:///java/util/Map|},|project://myfaces_core-2.1.10_src-myfaces-impl-2.1.10-sources/src/org/apache/myfaces/view/facelets/DefaultFaceletsStateManagementStrategy.java|(56527,46,<1255,32>,<1255,78>)>,
  <<|java+class:///org/apache/myfaces/view/facelets/compiler/UILeaf|,|java+interface:///java/util/Map|>,{|java+class:///javax/faces/component/UIComponent|},|project://myfaces_core-2.1.10_src-myfaces-impl-2.1.10-sources/src/org/apache/myfaces/context/servlet/ServletExternalContextImplBase.java|(3354,80,<108,32>,<108,112>)>,
  <<|java+class:///org/apache/myfaces/view/facelets/compiler/UILeaf|,|java+interface:///java/util/Map|>,{|java+class:///javax/faces/component/UIComponent|},|project://myfaces_core-2.1.10_src-myfaces-impl-2.1.10-sources/src/org/apache/myfaces/view/facelets/tag/composite/InsertFacetHandler.java|(5271,92,<136,79>,<137,58>)>,
  <<|java+class:///org/apache/myfaces/view/facelets/el/ContextAwareTagMethodExpression|,|java+class:///javax/el/MethodExpression|>,{
    |java+interface:///org/apache/myfaces/view/facelets/el/ContextAware|,
    |java+interface:///javax/faces/FacesWrapper|,
    |java+interface:///java/io/Externalizable|
  },|project://myfaces_core-2.1.10_src-myfaces-impl-2.1.10-sources/src/org/apache/myfaces/view/facelets/el/ValueExpressionMethodExpression.java|(4298,25,<141,19>,<141,44>)>,
  <<|java+class:///org/apache/myfaces/view/facelets/el/LocationValueExpression|,|java+class:///javax/el/ValueExpression|>,{
    |java+interface:///javax/faces/FacesWrapper|,
    |java+interface:///java/io/Externalizable|
  },|project://myfaces_core-2.1.10_src-myfaces-impl-2.1.10-sources/src/org/apache/myfaces/view/facelets/el/ValueExpressionMethodExpression.java|(4509,23,<147,26>,<147,49>)>,
  <<|java+class:///org/apache/myfaces/view/facelets/el/LocationMethodExpression|,|java+class:///javax/el/MethodExpression|>,{
    |java+interface:///org/apache/myfaces/view/facelets/el/LocationAware|,
    |java+interface:///javax/faces/FacesWrapper|,
    |java+interface:///java/io/Externalizable|
  },|project://myfaces_core-2.1.10_src-myfaces-impl-2.1.10-sources/src/org/apache/myfaces/view/facelets/el/ValueExpressionMethodExpression.java|(4586,25,<149,19>,<149,44>)>,
  <<|java+class:///org/apache/myfaces/el/convert/ValueBindingToValueExpression|,|java+class:///javax/el/ValueExpression|>,{|java+interface:///javax/faces/component/StateHolder|},|project://myfaces_core-2.1.10_src-myfaces-impl-2.1.10-sources/src/org/apache/myfaces/view/facelets/el/ValueExpressionMethodExpression.java|(4897,33,<163,31>,<163,64>)>,
  <<|java+class:///org/apache/myfaces/view/facelets/tag/jstl/core/MappedValueExpression/Entry|,|java+interface:///java/util/Map/Entry|>,{|java+interface:///java/io/Serializable|},|project://myfaces_core-2.1.10_src-myfaces-impl-2.1.10-sources/src/org/apache/myfaces/util/AbstractAttributeMap.java|(8248,19,<330,43>,<330,62>)>,
  <<|java+class:///org/apache/myfaces/view/facelets/tag/jstl/core/MappedValueExpression/Entry|,|java+interface:///java/util/Map/Entry|>,{|java+interface:///java/io/Serializable|},|project://myfaces_core-2.1.10_src-myfaces-impl-2.1.10-sources/src/org/apache/myfaces/util/AbstractAttributeMap.java|(8806,19,<350,43>,<350,62>)>,
  <<|java+class:///org/apache/myfaces/view/facelets/tag/jstl/core/MappedValueExpression/Entry|,|java+interface:///java/util/Map/Entry|>,{|java+interface:///java/io/Serializable|},|project://myfaces_core-2.1.10_src-myfaces-impl-2.1.10-sources/src/org/apache/myfaces/util/AbstractAttributeMap.java|(9136,19,<358,53>,<358,72>)>,
  <<|java+class:///org/apache/myfaces/view/facelets/el/TagValueExpression|,|java+class:///javax/el/ValueExpression|>,{
    |java+interface:///javax/faces/FacesWrapper|,
    |java+interface:///java/io/Externalizable|
  },|project://myfaces_core-2.1.10_src-myfaces-impl-2.1.10-sources/src/org/apache/myfaces/el/convert/ValueExpressionToValueBinding.java|(6002,23,<210,35>,<210,58>)>,
  <<|java+class:///org/apache/myfaces/view/facelets/el/TagValueExpression|,|java+class:///javax/el/ValueExpression|>,{
    |java+interface:///javax/faces/FacesWrapper|,
    |java+interface:///java/io/Externalizable|
  },|project://myfaces_core-2.1.10_src-myfaces-impl-2.1.10-sources/src/org/apache/myfaces/el/convert/ValueExpressionToValueBinding.java|(6187,87,<216,26>,<216,113>)>,
  <<|java+class:///org/apache/myfaces/view/facelets/el/TagValueExpression|,|java+class:///javax/el/ValueExpression|>,{
    |java+interface:///javax/faces/FacesWrapper|,
    |java+interface:///java/io/Externalizable|
  },|project://myfaces_core-2.1.10_src-myfaces-impl-2.1.10-sources/src/org/apache/myfaces/event/SetPropertyActionListener.java|(2840,27,<96,17>,<96,44>)>,
  <<|java+class:///org/apache/myfaces/view/facelets/el/TagValueExpression|,|java+class:///javax/el/ValueExpression|>,{
    |java+interface:///javax/faces/FacesWrapper|,
    |java+interface:///java/io/Externalizable|
  },|project://myfaces_core-2.1.10_src-myfaces-impl-2.1.10-sources/src/org/apache/myfaces/event/SetPropertyActionListener.java|(2885,27,<97,16>,<97,43>)>,
  <<|java+class:///org/apache/myfaces/view/facelets/tag/composite/CompositeResouceWrapper|,|java+class:///javax/faces/application/Resource|>,{
    |java+interface:///javax/faces/FacesWrapper|,
    |java+interface:///java/io/Externalizable|
  },|project://myfaces_core-2.1.10_src-myfaces-impl-2.1.10-sources/src/org/apache/myfaces/el/unified/resolver/ResourceResolver.java|(4324,66,<117,46>,<117,112>)>,
  <<|java+class:///org/apache/myfaces/el/unified/resolver/CompositeComponentELResolver/CompositeComponentAttributesMapWrapper|,|java+interface:///java/util/Map|>,{|java+interface:///javax/faces/el/CompositeComponentExpressionHolder|},|project://myfaces_core-2.1.10_src-myfaces-impl-2.1.10-sources/src/org/apache/myfaces/view/facelets/tag/composite/CompositeMetaRulesetImpl.java|(2522,62,<61,16>,<61,78>)>,
  <<|java+class:///org/apache/myfaces/view/facelets/tag/composite/ClientBehaviorRedirectEventComponentWrapper|,|java+class:///javax/faces/component/UIComponent|>,{
    |java+interface:///javax/faces/component/behavior/ClientBehaviorHolder|,
    |java+interface:///javax/faces/FacesWrapper|
  },|project://myfaces_core-2.1.10_src-myfaces-impl-2.1.10-sources/src/org/apache/myfaces/shared/util/RestoreStateUtils.java|(3270,22,<79,40>,<79,62>)>,
  <<|java+class:///org/apache/myfaces/view/facelets/el/TagValueExpression|,|java+class:///javax/el/ValueExpression|>,{
    |java+interface:///javax/faces/FacesWrapper|,
    |java+interface:///java/io/Externalizable|
  },|project://myfaces_core-2.1.10_src-myfaces-impl-2.1.10-sources/src/org/apache/myfaces/el/unified/resolver/CompositeComponentELResolver.java|(4993,21,<142,24>,<142,45>)>,
  <<|java+class:///org/apache/myfaces/view/facelets/compiler/UILeaf|,|java+class:///javax/faces/component/UIComponent|>,{|java+interface:///java/util/Map|},|project://myfaces_core-2.1.10_src-myfaces-impl-2.1.10-sources/src/org/apache/myfaces/el/unified/resolver/CompositeComponentELResolver.java|(5896,18,<169,52>,<169,70>)>,
  <<|java+class:///org/apache/myfaces/view/facelets/tag/composite/ClientBehaviorRedirectEventComponentWrapper|,|java+class:///javax/faces/component/UIComponent|>,{
    |java+interface:///javax/faces/component/behavior/ClientBehaviorHolder|,
    |java+interface:///javax/faces/FacesWrapper|
  },|project://myfaces_core-2.1.10_src-myfaces-impl-2.1.10-sources/src/org/apache/myfaces/el/unified/resolver/CompositeComponentELResolver.java|(6056,18,<173,40>,<173,58>)>,
  <<|java+class:///org/apache/myfaces/view/facelets/compiler/UILeaf|,|java+interface:///java/util/Map|>,{|java+class:///javax/faces/component/UIComponent|},|project://myfaces_core-2.1.10_src-myfaces-impl-2.1.10-sources/src/org/apache/myfaces/el/unified/resolver/CompositeComponentELResolver.java|(7573,123,<214,12>,<215,57>)>,
  <<|java+class:///org/apache/myfaces/el/convert/ValueBindingToValueExpression|,|java+class:///javax/el/ValueExpression|>,{|java+interface:///javax/faces/component/StateHolder|},|project://myfaces_core-2.1.10_src-myfaces-impl-2.1.10-sources/src/org/apache/myfaces/el/unified/resolver/CompositeComponentELResolver.java|(13074,21,<358,28>,<358,49>)>,
  <<|java+class:///org/apache/myfaces/view/facelets/tag/composite/ClientBehaviorRedirectEventComponentWrapper|,|java+class:///javax/faces/component/UIComponent|>,{
    |java+interface:///javax/faces/component/behavior/ClientBehaviorHolder|,
    |java+interface:///javax/faces/FacesWrapper|
  },|project://myfaces_core-2.1.10_src-myfaces-impl-2.1.10-sources/src/org/apache/myfaces/view/facelets/tag/composite/CompositeComponentRule.java|(1904,22,<54,13>,<54,35>)>,
  <<|java+class:///org/apache/myfaces/view/facelets/compiler/UILeaf|,|java+class:///javax/faces/component/UIComponent|>,{|java+interface:///java/util/Map|},|project://myfaces_core-2.1.10_src-myfaces-impl-2.1.10-sources/src/org/apache/myfaces/view/facelets/tag/composite/CompositeComponentRule.java|(2456,22,<73,13>,<73,35>)>,
  <<|java+class:///org/apache/myfaces/view/facelets/compiler/UILeaf|,|java+class:///javax/faces/component/UIComponent|>,{|java+interface:///java/util/Map|},|project://myfaces_core-2.1.10_src-myfaces-impl-2.1.10-sources/src/org/apache/myfaces/view/facelets/tag/composite/CompositeComponentRule.java|(3549,22,<101,13>,<101,35>)>,
  <<|java+class:///org/apache/myfaces/view/facelets/el/RedirectMethodExpressionValueExpressionValidator|,|java+interface:///javax/faces/validator/Validator|>,{
    |java+interface:///javax/faces/FacesWrapper|,
    |java+interface:///java/io/Externalizable|
  },|project://myfaces_core-2.1.10_src-myfaces-impl-2.1.10-sources/src/org/apache/myfaces/view/facelets/tag/jsf/ValidateHandler.java|(3486,28,<97,20>,<97,48>)>,
  <<|java+class:///org/apache/myfaces/view/facelets/tag/jstl/core/MappedValueExpression/Entry|,|java+interface:///java/util/Map/Entry|>,{|java+interface:///java/io/Serializable|},|project://myfaces_core-2.1.10_src-myfaces-impl-2.1.10-sources/src/org/apache/myfaces/shared/util/HashMapUtils.java|(2831,23,<86,30>,<86,53>)>,
  <<|java+class:///org/apache/myfaces/view/facelets/tag/jstl/core/MappedValueExpression/Entry|,|java+interface:///java/util/Map/Entry|>,{|java+interface:///java/io/Serializable|},|project://myfaces_core-2.1.10_src-myfaces-impl-2.1.10-sources/src/org/apache/myfaces/util/AbstractThreadSafeAttributeMap.java|(8256,19,<317,43>,<317,62>)>,
  <<|java+class:///org/apache/myfaces/view/facelets/tag/jstl/core/MappedValueExpression/Entry|,|java+interface:///java/util/Map/Entry|>,{|java+interface:///java/io/Serializable|},|project://myfaces_core-2.1.10_src-myfaces-impl-2.1.10-sources/src/org/apache/myfaces/util/AbstractThreadSafeAttributeMap.java|(8824,19,<337,43>,<337,62>)>,
  <<|java+class:///org/apache/myfaces/view/facelets/tag/jstl/core/MappedValueExpression/Entry|,|java+interface:///java/util/Map/Entry|>,{|java+interface:///java/io/Serializable|},|project://myfaces_core-2.1.10_src-myfaces-impl-2.1.10-sources/src/org/apache/myfaces/util/AbstractThreadSafeAttributeMap.java|(9174,19,<345,63>,<345,82>)>,
  <<|java+class:///org/apache/myfaces/view/facelets/el/LocationMethodExpression|,|java+class:///javax/el/MethodExpression|>,{
    |java+interface:///org/apache/myfaces/view/facelets/el/LocationAware|,
    |java+interface:///javax/faces/FacesWrapper|,
    |java+interface:///java/io/Externalizable|
  },|project://myfaces_core-2.1.10_src-myfaces-impl-2.1.10-sources/src/org/apache/myfaces/view/facelets/el/MethodExpressionMethodExpression.java|(3742,34,<116,33>,<116,67>)>,
  <<|java+class:///org/apache/myfaces/view/facelets/el/MethodExpressionMethodExpression|,|java+class:///javax/el/MethodExpression|>,{|java+interface:///java/io/Externalizable|},|project://myfaces_core-2.1.10_src-myfaces-impl-2.1.10-sources/src/org/apache/myfaces/view/facelets/el/MethodExpressionMethodExpression.java|(3812,34,<117,34>,<117,68>)>,
  <<|java+class:///org/apache/myfaces/view/facelets/el/TagValueExpression|,|java+class:///javax/el/ValueExpression|>,{
    |java+interface:///javax/faces/FacesWrapper|,
    |java+interface:///java/io/Externalizable|
  },|project://myfaces_core-2.1.10_src-myfaces-impl-2.1.10-sources/src/org/apache/myfaces/view/facelets/el/TagValueExpression.java|(4380,33,<155,20>,<155,53>)>,
  <<|java+class:///org/apache/myfaces/el/unified/resolver/CompositeComponentELResolver/CompositeComponentAttributesMapWrapper|,|java+interface:///java/util/Map|>,{|java+interface:///javax/faces/el/CompositeComponentExpressionHolder|},|project://myfaces_core-2.1.10_src-myfaces-impl-2.1.10-sources/src/org/apache/myfaces/view/facelets/tag/ui/UIDebug.java|(5511,38,<148,37>,<148,75>)>,
  <<|java+class:///org/apache/myfaces/el/unified/resolver/CompositeComponentELResolver/CompositeComponentAttributesMapWrapper|,|java+interface:///java/util/Map|>,{|java+interface:///javax/faces/el/CompositeComponentExpressionHolder|},|project://myfaces_core-2.1.10_src-myfaces-impl-2.1.10-sources/src/org/apache/myfaces/view/facelets/tag/ui/UIDebug.java|(6272,38,<173,37>,<173,75>)>,
  <<|java+class:///org/apache/myfaces/view/facelets/el/ValueExpressionMethodExpression|,|java+class:///javax/el/MethodExpression|>,{
    |java+interface:///javax/faces/FacesWrapper|,
    |java+interface:///java/io/Externalizable|
  },|project://myfaces_core-2.1.10_src-myfaces-impl-2.1.10-sources/src/org/apache/myfaces/view/facelets/el/RedirectMethodExpressionValueExpressionValidator.java|(2389,25,<70,19>,<70,44>)>,
  <<|java+class:///org/apache/myfaces/view/facelets/el/LocationValueExpression|,|java+class:///javax/el/ValueExpression|>,{
    |java+interface:///javax/faces/FacesWrapper|,
    |java+interface:///java/io/Externalizable|
  },|project://myfaces_core-2.1.10_src-myfaces-impl-2.1.10-sources/src/org/apache/myfaces/view/facelets/el/RedirectMethodExpressionValueExpressionValidator.java|(2600,23,<76,26>,<76,49>)>,
  <<|java+class:///org/apache/myfaces/view/facelets/el/ContextAwareTagMethodExpression|,|java+class:///javax/el/MethodExpression|>,{
    |java+interface:///org/apache/myfaces/view/facelets/el/ContextAware|,
    |java+interface:///javax/faces/FacesWrapper|,
    |java+interface:///java/io/Externalizable|
  },|project://myfaces_core-2.1.10_src-myfaces-impl-2.1.10-sources/src/org/apache/myfaces/view/facelets/el/RedirectMethodExpressionValueExpressionValidator.java|(2677,25,<78,19>,<78,44>)>,
  <<|java+class:///org/apache/myfaces/el/convert/ValueBindingToValueExpression|,|java+class:///javax/el/ValueExpression|>,{|java+interface:///javax/faces/component/StateHolder|},|project://myfaces_core-2.1.10_src-myfaces-impl-2.1.10-sources/src/org/apache/myfaces/view/facelets/el/RedirectMethodExpressionValueExpressionValidator.java|(2988,33,<92,31>,<92,64>)>,
  <<|java+class:///org/apache/myfaces/view/facelets/el/ContextAwareTagValueExpression|,|java+class:///javax/el/ValueExpression|>,{
    |java+interface:///org/apache/myfaces/view/facelets/el/ContextAware|,
    |java+interface:///javax/faces/FacesWrapper|,
    |java+interface:///java/io/Externalizable|
  },|project://myfaces_core-2.1.10_src-myfaces-impl-2.1.10-sources/src/org/apache/myfaces/view/facelets/el/ContextAwareTagValueExpression.java|(6187,33,<197,19>,<197,52>)>,
  <<|java+class:///org/apache/myfaces/application/jsp/ServletViewResponseWrapper|,|java+interface:///org/apache/myfaces/shared/view/ViewResponseWrapper|>,{|java+class:///javax/servlet/http/HttpServletResponseWrapper|},|project://myfaces_core-2.1.10_src-myfaces-impl-2.1.10-sources/src/org/apache/myfaces/shared/view/JspViewDeclarationLanguageBase.java|(8485,102,<232,49>,<233,48>)>,
  <<|java+class:///org/apache/myfaces/shared/view/ServletResponseSwitch|,|java+interface:///org/apache/myfaces/shared/view/ResponseSwitch|>,{|java+class:///javax/servlet/ServletResponseWrapper|},|project://myfaces_core-2.1.10_src-myfaces-impl-2.1.10-sources/src/org/apache/myfaces/shared/view/JspViewDeclarationLanguageBase.java|(15290,25,<433,21>,<433,46>)>,
  <<|java+class:///org/apache/myfaces/shared/view/ServletResponseSwitch|,|java+class:///javax/servlet/ServletResponseWrapper|>,{|java+interface:///org/apache/myfaces/shared/view/ResponseSwitch|},|project://myfaces_core-2.1.10_src-myfaces-impl-2.1.10-sources/src/org/apache/myfaces/shared/view/JspViewDeclarationLanguageBase.java|(15449,33,<438,26>,<438,59>)>,
  <<|java+class:///org/apache/myfaces/view/facelets/compiler/UILeaf|,|java+class:///javax/faces/component/UIComponent|>,{|java+interface:///java/util/Map|},|project://myfaces_core-2.1.10_src-myfaces-impl-2.1.10-sources/src/org/apache/myfaces/application/ApplicationImpl.java|(18535,20,<484,35>,<484,55>)>,
  <<|java+class:///org/apache/myfaces/view/facelets/el/TagValueExpression|,|java+class:///javax/el/ValueExpression|>,{
    |java+interface:///javax/faces/FacesWrapper|,
    |java+interface:///java/io/Externalizable|
  },|project://myfaces_core-2.1.10_src-myfaces-impl-2.1.10-sources/src/org/apache/myfaces/application/ApplicationImpl.java|(44651,96,<1245,40>,<1246,57>)>,
  <<|java+class:///org/apache/myfaces/view/facelets/compiler/UILeaf|,|java+class:///javax/faces/component/UIComponent|>,{|java+interface:///java/util/Map|},|project://myfaces_core-2.1.10_src-myfaces-impl-2.1.10-sources/src/org/apache/myfaces/application/ApplicationImpl.java|(45818,46,<1268,28>,<1268,74>)>,
  <<|java+class:///org/apache/myfaces/view/facelets/tag/jsf/ClearBindingValueExpressionListener|,|java+interface:///javax/faces/event/ComponentSystemEventListener|>,{|java+interface:///java/io/Serializable|},|project://myfaces_core-2.1.10_src-myfaces-impl-2.1.10-sources/src/org/apache/myfaces/application/ApplicationImpl.java|(81525,40,<2147,74>,<2147,114>)>,
  <<|java+class:///org/apache/myfaces/view/facelets/tag/composite/CompositeResouceWrapper|,|java+class:///javax/faces/application/Resource|>,{
    |java+interface:///javax/faces/FacesWrapper|,
    |java+interface:///java/io/Externalizable|
  },|project://myfaces_core-2.1.10_src-myfaces-impl-2.1.10-sources/src/org/apache/myfaces/application/ApplicationImpl.java|(89912,72,<2321,40>,<2321,112>)>,
  <<|java+class:///org/apache/myfaces/view/facelets/compiler/UILeaf|,|java+interface:///java/util/Map|>,{|java+class:///javax/faces/component/UIComponent|},|project://myfaces_core-2.1.10_src-myfaces-impl-2.1.10-sources/src/org/apache/myfaces/view/facelets/tag/jstl/core/MappedValueExpression.java|(2343,10,<90,29>,<90,39>)>,
  <<|java+class:///org/apache/myfaces/view/facelets/el/RedirectMethodExpressionValueExpressionValidator|,|java+interface:///javax/faces/validator/Validator|>,{
    |java+interface:///javax/faces/FacesWrapper|,
    |java+interface:///java/io/Externalizable|
  },|project://myfaces_core-2.1.10_src-myfaces-impl-2.1.10-sources/src/org/apache/myfaces/taglib/core/ValidateRequiredTag.java|(2283,20,<74,23>,<74,43>)>,
  <<|java+class:///org/apache/myfaces/view/facelets/el/TagValueExpression|,|java+class:///javax/el/ValueExpression|>,{
    |java+interface:///javax/faces/FacesWrapper|,
    |java+interface:///java/io/Externalizable|
  },|project://myfaces_core-2.1.10_src-myfaces-impl-2.1.10-sources/src/org/apache/myfaces/shared/renderkit/_SharedRendererUtils.java|(15455,27,<378,25>,<378,52>)>,
  <<|java+class:///org/apache/myfaces/view/facelets/el/TagMethodExpression|,|java+class:///javax/el/MethodExpression|>,{
    |java+interface:///javax/faces/FacesWrapper|,
    |java+interface:///java/io/Externalizable|
  },|project://myfaces_core-2.1.10_src-myfaces-impl-2.1.10-sources/src/org/apache/myfaces/el/convert/MethodExpressionToMethodBinding.java|(3214,24,<99,27>,<99,51>)>,
  <<|java+class:///org/apache/myfaces/view/facelets/el/TagMethodExpression|,|java+class:///javax/el/MethodExpression|>,{
    |java+interface:///javax/faces/FacesWrapper|,
    |java+interface:///java/io/Externalizable|
  },|project://myfaces_core-2.1.10_src-myfaces-impl-2.1.10-sources/src/org/apache/myfaces/view/facelets/el/ContextAwareTagMethodExpression.java|(4945,34,<161,19>,<161,53>)>,
  <<|java+class:///org/apache/myfaces/view/facelets/tag/jstl/core/MappedValueExpression/Entry|,|java+interface:///java/util/Map/Entry|>,{|java+interface:///java/io/Serializable|},|project://myfaces_core-2.1.10_src-myfaces-impl-2.1.10-sources/src/org/apache/myfaces/shared_impl/webapp/webxml/WebXml.java|(3874,20,<124,30>,<124,50>)>,
  <<|java+class:///org/apache/myfaces/view/facelets/tag/jstl/core/MappedValueExpression/Entry|,|java+interface:///java/util/Map/Entry|>,{|java+interface:///java/io/Serializable|},|project://myfaces_core-2.1.10_src-myfaces-impl-2.1.10-sources/src/org/apache/myfaces/shared_impl/webapp/webxml/WebXml.java|(6321,20,<184,30>,<184,50>)>,
  <<|java+class:///org/apache/myfaces/view/facelets/el/TagMethodExpression|,|java+class:///javax/el/MethodExpression|>,{
    |java+interface:///javax/faces/FacesWrapper|,
    |java+interface:///java/io/Externalizable|
  },|project://myfaces_core-2.1.10_src-myfaces-impl-2.1.10-sources/src/org/apache/myfaces/view/facelets/el/RedirectMethodExpressionValueExpressionActionListener.java|(2327,25,<67,19>,<67,44>)>,
  <<|java+class:///org/apache/myfaces/view/facelets/el/LocationValueExpression|,|java+class:///javax/el/ValueExpression|>,{
    |java+interface:///javax/faces/FacesWrapper|,
    |java+interface:///java/io/Externalizable|
  },|project://myfaces_core-2.1.10_src-myfaces-impl-2.1.10-sources/src/org/apache/myfaces/view/facelets/el/RedirectMethodExpressionValueExpressionActionListener.java|(2538,23,<73,26>,<73,49>)>,
  <<|java+class:///org/apache/myfaces/view/facelets/el/ContextAwareTagMethodExpression|,|java+class:///javax/el/MethodExpression|>,{
    |java+interface:///org/apache/myfaces/view/facelets/el/ContextAware|,
    |java+interface:///javax/faces/FacesWrapper|,
    |java+interface:///java/io/Externalizable|
  },|project://myfaces_core-2.1.10_src-myfaces-impl-2.1.10-sources/src/org/apache/myfaces/view/facelets/el/RedirectMethodExpressionValueExpressionActionListener.java|(2615,25,<75,19>,<75,44>)>,
  <<|java+class:///org/apache/myfaces/el/convert/ValueBindingToValueExpression|,|java+class:///javax/el/ValueExpression|>,{|java+interface:///javax/faces/component/StateHolder|},|project://myfaces_core-2.1.10_src-myfaces-impl-2.1.10-sources/src/org/apache/myfaces/view/facelets/el/RedirectMethodExpressionValueExpressionActionListener.java|(2926,33,<89,31>,<89,64>)>,
  <<|java+class:///org/apache/myfaces/el/unified/resolver/CompositeComponentELResolver/CompositeComponentAttributesMapWrapper|,|java+interface:///java/util/Map|>,{|java+interface:///javax/faces/el/CompositeComponentExpressionHolder|},|project://myfaces_core-2.1.10_src-myfaces-impl-2.1.10-sources/src/org/apache/myfaces/view/facelets/tag/jsf/FaceletState.java|(2094,73,<75,23>,<75,96>)>,
  <<|java+class:///org/apache/myfaces/view/facelets/el/TagValueExpression|,|java+class:///javax/el/ValueExpression|>,{
    |java+interface:///javax/faces/FacesWrapper|,
    |java+interface:///java/io/Externalizable|
  },|project://myfaces_core-2.1.10_src-myfaces-impl-2.1.10-sources/src/org/apache/myfaces/taglib/core/DelegateValueChangeListener.java|(2306,27,<72,16>,<72,43>)>,
  <<|java+class:///org/apache/myfaces/el/convert/ValueBindingToValueExpression|,|java+class:///javax/el/ValueExpression|>,{|java+interface:///javax/faces/component/StateHolder|},|project://myfaces_core-2.1.10_src-myfaces-impl-2.1.10-sources/src/org/apache/myfaces/taglib/core/DelegateValueChangeListener.java|(2354,27,<73,19>,<73,46>)>,
  <<|java+class:///org/apache/myfaces/view/facelets/el/RedirectMethodExpressionValueExpressionValueChangeListener|,|java+interface:///javax/faces/event/ValueChangeListener|>,{
    |java+interface:///javax/faces/FacesWrapper|,
    |java+interface:///java/io/Externalizable|
  },|project://myfaces_core-2.1.10_src-myfaces-impl-2.1.10-sources/src/org/apache/myfaces/taglib/core/DelegateValueChangeListener.java|(3133,67,<105,31>,<105,98>)>,
  <<|java+class:///org/apache/myfaces/application/viewstate/IntByteArraySerializedViewKey|,|java+class:///org/apache/myfaces/application/viewstate/SerializedViewKey|>,{|java+interface:///java/io/Serializable|},|project://myfaces_core-2.1.10_src-myfaces-impl-2.1.10-sources/src/org/apache/myfaces/application/viewstate/ServerSideStateCacheImpl.java|(13692,68,<284,18>,<284,86>)>,
  <<|java+class:///org/apache/myfaces/application/viewstate/IntIntSerializedViewKey|,|java+class:///org/apache/myfaces/application/viewstate/SerializedViewKey|>,{|java+interface:///java/io/Serializable|},|project://myfaces_core-2.1.10_src-myfaces-impl-2.1.10-sources/src/org/apache/myfaces/application/viewstate/ServerSideStateCacheImpl.java|(14110,123,<292,26>,<293,103>)>,
  <<|java+class:///org/apache/myfaces/view/facelets/compiler/UILeaf|,|java+interface:///java/util/Map|>,{|java+class:///javax/faces/component/UIComponent|},|project://myfaces_core-2.1.10_src-myfaces-impl-2.1.10-sources/src/org/apache/myfaces/view/facelets/tag/composite/CompositeComponentPropertyDescriptor.java|(2236,21,<66,33>,<66,54>)>,
  <<|java+class:///org/apache/myfaces/el/unified/resolver/CompositeComponentELResolver/CompositeComponentAttributesMapWrapper|,|java+interface:///java/util/Map|>,{|java+interface:///javax/faces/el/CompositeComponentExpressionHolder|},|project://myfaces_core-2.1.10_src-myfaces-impl-2.1.10-sources/src/org/apache/myfaces/el/unified/resolver/ManagedBeanResolver.java|(9614,17,<269,40>,<269,57>)>,
  <<|java+class:///org/apache/myfaces/view/facelets/compiler/UILeaf|,|java+interface:///java/util/Map|>,{|java+class:///javax/faces/component/UIComponent|},|project://myfaces_core-2.1.10_src-myfaces-impl-2.1.10-sources/src/org/apache/myfaces/el/unified/resolver/ManagedBeanResolver.java|(13933,17,<379,21>,<379,38>)>,
  <<|java+class:///org/apache/myfaces/view/facelets/compiler/UILeaf|,|java+interface:///java/util/Map|>,{|java+class:///javax/faces/component/UIComponent|},|project://myfaces_core-2.1.10_src-myfaces-impl-2.1.10-sources/src/org/apache/myfaces/shared/context/flash/FlashImpl.java|(32088,54,<869,34>,<869,88>)>,
  <<|java+class:///org/apache/myfaces/view/facelets/compiler/UILeaf|,|java+interface:///java/util/Map|>,{|java+class:///javax/faces/component/UIComponent|},|project://myfaces_core-2.1.10_src-myfaces-impl-2.1.10-sources/src/org/apache/myfaces/shared/context/flash/FlashImpl.java|(33151,55,<896,34>,<896,89>)>,
  <<|java+class:///org/apache/myfaces/view/facelets/compiler/UILeaf|,|java+interface:///java/util/Map|>,{|java+class:///javax/faces/component/UIComponent|},|project://myfaces_core-2.1.10_src-myfaces-impl-2.1.10-sources/src/org/apache/myfaces/shared/util/SelectItemsIterator.java|(7607,27,<177,47>,<177,74>)>,
  <<|java+class:///org/apache/myfaces/view/facelets/tag/jstl/core/MappedValueExpression/Entry|,|java+interface:///java/util/Map/Entry|>,{|java+interface:///java/io/Serializable|},|project://myfaces_core-2.1.10_src-myfaces-impl-2.1.10-sources/src/org/apache/myfaces/shared/webapp/webxml/WebXml.java|(3867,20,<124,30>,<124,50>)>,
  <<|java+class:///org/apache/myfaces/view/facelets/tag/jstl/core/MappedValueExpression/Entry|,|java+interface:///java/util/Map/Entry|>,{|java+interface:///java/io/Serializable|},|project://myfaces_core-2.1.10_src-myfaces-impl-2.1.10-sources/src/org/apache/myfaces/shared/webapp/webxml/WebXml.java|(6564,20,<187,30>,<187,50>)>,
  <<|java+class:///org/apache/myfaces/view/facelets/compiler/UILeaf|,|java+class:///javax/faces/component/UIComponent|>,{|java+interface:///java/util/Map|},|project://myfaces_core-2.1.10_src-myfaces-impl-2.1.10-sources/src/org/apache/myfaces/view/facelets/tag/composite/RetargetMethodExpressionRule.java|(2041,22,<54,13>,<54,35>)>,
  <<|java+class:///org/apache/myfaces/view/facelets/el/ContextAwareTagValueExpression|,|java+class:///javax/el/ValueExpression|>,{
    |java+interface:///org/apache/myfaces/view/facelets/el/ContextAware|,
    |java+interface:///javax/faces/FacesWrapper|,
    |java+interface:///java/io/Externalizable|
  },|project://myfaces_core-2.1.10_src-myfaces-impl-2.1.10-sources/src/org/apache/myfaces/view/facelets/tag/composite/RetargetMethodExpressionRule.java|(3179,65,<84,20>,<84,85>)>,
  <<|java+class:///org/apache/myfaces/view/facelets/el/ContextAwareTagValueExpression|,|java+class:///javax/el/ValueExpression|>,{
    |java+interface:///org/apache/myfaces/view/facelets/el/ContextAware|,
    |java+interface:///javax/faces/FacesWrapper|,
    |java+interface:///java/io/Externalizable|
  },|project://myfaces_core-2.1.10_src-myfaces-impl-2.1.10-sources/src/org/apache/myfaces/view/facelets/tag/composite/RetargetMethodExpressionRule.java|(3527,67,<92,20>,<92,87>)>,
  <<|java+class:///org/apache/myfaces/el/convert/ValueBindingToValueExpression|,|java+class:///javax/el/ValueExpression|>,{|java+interface:///javax/faces/component/StateHolder|},|project://myfaces_core-2.1.10_src-myfaces-impl-2.1.10-sources/src/org/apache/myfaces/view/facelets/tag/composite/RetargetMethodExpressionRule.java|(3923,55,<100,20>,<100,75>)>,
  <<|java+class:///org/apache/myfaces/taglib/core/DelegateValidator|,|java+interface:///javax/faces/validator/Validator|>,{|java+interface:///javax/faces/component/StateHolder|},|project://myfaces_core-2.1.10_src-myfaces-impl-2.1.10-sources/src/org/apache/myfaces/taglib/core/ValidateRegexTag.java|(2071,20,<62,23>,<62,43>)>,
  <<|java+class:///org/apache/myfaces/view/facelets/compiler/UILeaf|,|java+interface:///java/util/Map|>,{|java+class:///javax/faces/component/UIComponent|},|project://myfaces_core-2.1.10_src-myfaces-impl-2.1.10-sources/src/org/apache/myfaces/renderkit/ErrorPageWriter.java|(36956,116,<987,37>,<988,75>)>,
  <<|java+class:///org/apache/myfaces/renderkit/html/HtmlStylesheetRenderer|,|java+class:///javax/faces/render/Renderer|>,{|java+interface:///javax/faces/event/ComponentSystemEventListener|},|project://myfaces_core-2.1.10_src-myfaces-impl-2.1.10-sources/src/org/apache/myfaces/renderkit/ErrorPageWriter.java|(37707,64,<1001,35>,<1001,99>)>,
  <<|java+class:///org/apache/myfaces/el/convert/ValueExpressionToValueBinding|,|java+class:///javax/faces/el/ValueBinding|>,{|java+interface:///javax/faces/component/StateHolder|},|project://myfaces_core-2.1.10_src-myfaces-impl-2.1.10-sources/src/org/apache/myfaces/renderkit/ErrorPageWriter.java|(50056,16,<1284,43>,<1284,59>)>,
  <<|java+class:///org/apache/myfaces/shared/el/SimpleActionMethodBinding|,|java+class:///javax/faces/el/MethodBinding|>,{|java+interface:///javax/faces/component/StateHolder|},|project://myfaces_core-2.1.10_src-myfaces-impl-2.1.10-sources/src/org/apache/myfaces/renderkit/ErrorPageWriter.java|(50277,17,<1288,43>,<1288,60>)>,
  <<|java+class:///org/apache/myfaces/view/facelets/compiler/UILeaf|,|java+class:///javax/faces/component/UIComponent|>,{|java+interface:///java/util/Map|},|project://myfaces_core-2.1.10_src-myfaces-impl-2.1.10-sources/src/org/apache/myfaces/application/TreeStructureManager.java|(4329,46,<116,32>,<116,78>)>,
  <<|java+class:///org/apache/myfaces/el/convert/ValueExpressionToValueBinding|,|java+class:///javax/faces/el/ValueBinding|>,{|java+interface:///javax/faces/component/StateHolder|},|project://myfaces_core-2.1.10_src-myfaces-impl-2.1.10-sources/src/org/apache/myfaces/shared/util/ParametrizableFacesMessage.java|(4141,22,<143,37>,<143,59>)>,
  <<|java+class:///org/apache/myfaces/el/convert/ValueBindingToValueExpression|,|java+class:///javax/el/ValueExpression|>,{|java+interface:///javax/faces/component/StateHolder|},|project://myfaces_core-2.1.10_src-myfaces-impl-2.1.10-sources/src/org/apache/myfaces/shared/util/ParametrizableFacesMessage.java|(4460,25,<151,37>,<151,62>)>,
  <<|java+class:///org/apache/myfaces/view/facelets/compiler/UILeaf|,|java+class:///javax/faces/component/UIComponent|>,{|java+interface:///java/util/Map|},|project://myfaces_core-2.1.10_src-myfaces-impl-2.1.10-sources/src/org/apache/myfaces/util/DebugUtils.java|(12656,18,<365,30>,<365,48>)>,
  <<|java+class:///org/apache/myfaces/view/facelets/el/TagMethodExpression|,|java+class:///javax/el/MethodExpression|>,{
    |java+interface:///javax/faces/FacesWrapper|,
    |java+interface:///java/io/Externalizable|
  },|project://myfaces_core-2.1.10_src-myfaces-impl-2.1.10-sources/src/org/apache/myfaces/util/DebugUtils.java|(12835,23,<370,30>,<370,53>)>,
  <<|java+class:///org/apache/myfaces/el/unified/resolver/CompositeComponentELResolver/CompositeComponentAttributesMapWrapper|,|java+interface:///java/util/Map|>,{|java+interface:///javax/faces/el/CompositeComponentExpressionHolder|},|project://myfaces_core-2.1.10_src-myfaces-impl-2.1.10-sources/src/org/apache/myfaces/view/facelets/el/DefaultFunctionMapper.java|(2850,39,<96,21>,<96,60>)>,
  <<|java+class:///org/apache/myfaces/el/convert/ValueExpressionToValueBinding|,|java+class:///javax/faces/el/ValueBinding|>,{|java+interface:///javax/faces/component/StateHolder|},|project://myfaces_core-2.1.10_src-myfaces-impl-2.1.10-sources/src/org/apache/myfaces/el/convert/ValueBindingToValueExpression.java|(6562,20,<223,28>,<223,48>)>,
  <<|java+class:///org/apache/myfaces/el/convert/ValueExpressionToValueBinding|,|java+class:///javax/faces/el/ValueBinding|>,{|java+interface:///javax/faces/component/StateHolder|},|project://myfaces_core-2.1.10_src-myfaces-impl-2.1.10-sources/src/org/apache/myfaces/el/convert/ValueBindingToValueExpression.java|(6716,81,<228,28>,<228,109>)>,
  <<|java+class:///org/apache/myfaces/view/facelets/tag/composite/ClientBehaviorRedirectEventComponentWrapper|,|java+class:///javax/faces/component/UIComponent|>,{
    |java+interface:///javax/faces/component/behavior/ClientBehaviorHolder|,
    |java+interface:///javax/faces/FacesWrapper|
  },|project://myfaces_core-2.1.10_src-myfaces-impl-2.1.10-sources/src/org/apache/myfaces/shared/util/RendererUtils.java|(1384,22,<42,36>,<42,58>)>,
  <<|java+class:///org/apache/myfaces/view/facelets/compiler/UILeaf|,|java+interface:///java/util/Map|>,{|java+class:///javax/faces/component/UIComponent|},|project://myfaces_core-2.1.10_src-myfaces-impl-2.1.10-sources/src/org/apache/myfaces/view/facelets/tag/jstl/fn/JstlFunction.java|(5823,15,<214,20>,<214,35>)>,
  <<|java+class:///org/apache/myfaces/view/facelets/tag/jstl/core/MappedValueExpression/Entry|,|java+interface:///java/util/Map/Entry|>,{|java+interface:///java/io/Serializable|},|project://myfaces_core-2.1.10_src-myfaces-impl-2.1.10-sources/src/org/apache/myfaces/shared/context/flash/SubKeyMap.java|(7541,24,<284,37>,<284,61>)>,
  <<|java+class:///org/apache/myfaces/taglib/core/DelegateConverter|,|java+interface:///javax/faces/convert/Converter|>,{|java+interface:///javax/faces/component/StateHolder|},|project://myfaces_core-2.1.10_src-myfaces-impl-2.1.10-sources/src/org/apache/myfaces/taglib/core/ConverterTag.java|(2652,39,<90,28>,<90,67>)>,
  <<|java+class:///org/apache/myfaces/view/facelets/tag/composite/ClientBehaviorRedirectEventComponentWrapper|,|java+class:///javax/faces/component/UIComponent|>,{
    |java+interface:///javax/faces/component/behavior/ClientBehaviorHolder|,
    |java+interface:///javax/faces/FacesWrapper|
  },|project://myfaces_core-2.1.10_src-myfaces-impl-2.1.10-sources/src/org/apache/myfaces/view/facelets/tag/jsf/ValueHolderRule.java|(2186,22,<67,13>,<67,35>)>,
  <<|java+class:///org/apache/myfaces/view/facelets/compiler/UILeaf|,|java+class:///javax/faces/component/UIComponent|>,{|java+interface:///java/util/Map|},|project://myfaces_core-2.1.10_src-myfaces-impl-2.1.10-sources/src/org/apache/myfaces/view/facelets/tag/jsf/ValueHolderRule.java|(3002,22,<99,13>,<99,35>)>,
  <<|java+class:///org/apache/myfaces/taglib/core/DelegateValidator|,|java+interface:///javax/faces/validator/Validator|>,{|java+interface:///javax/faces/component/StateHolder|},|project://myfaces_core-2.1.10_src-myfaces-impl-2.1.10-sources/src/org/apache/myfaces/taglib/core/ValidatorTag.java|(2757,20,<89,23>,<89,43>)>,
  <<|java+class:///org/apache/myfaces/view/facelets/el/LocationValueExpression|,|java+class:///javax/el/ValueExpression|>,{
    |java+interface:///javax/faces/FacesWrapper|,
    |java+interface:///java/io/Externalizable|
  },|project://myfaces_core-2.1.10_src-myfaces-impl-2.1.10-sources/src/org/apache/myfaces/view/facelets/tag/composite/CompositeMetadataTargetImpl.java|(2612,21,<80,24>,<80,45>)>,
  <<|java+class:///org/apache/myfaces/el/unified/resolver/CompositeComponentELResolver/CompositeComponentAttributesMapWrapper|,|java+interface:///java/util/Map|>,{|java+interface:///javax/faces/el/CompositeComponentExpressionHolder|},|project://myfaces_core-2.1.10_src-myfaces-impl-2.1.10-sources/src/org/apache/myfaces/context/RequestViewContext.java|(2148,79,<61,18>,<61,97>)>,
  <<|java+class:///org/apache/myfaces/view/facelets/el/TagMethodExpression|,|java+class:///javax/el/MethodExpression|>,{
    |java+interface:///javax/faces/FacesWrapper|,
    |java+interface:///java/io/Externalizable|
  },|project://myfaces_core-2.1.10_src-myfaces-impl-2.1.10-sources/src/org/apache/myfaces/view/facelets/el/LocationMethodExpression.java|(4766,34,<155,24>,<155,58>)>,
  <<|java+class:///org/apache/myfaces/taglib/core/DelegateConverter|,|java+interface:///javax/faces/convert/Converter|>,{|java+interface:///javax/faces/component/StateHolder|},|project://myfaces_core-2.1.10_src-myfaces-impl-2.1.10-sources/src/org/apache/myfaces/taglib/core/ConverterImplTag.java|(3738,39,<119,28>,<119,67>)>,
  <<|java+class:///org/apache/myfaces/view/facelets/el/LocationValueExpression|,|java+class:///javax/el/ValueExpression|>,{
    |java+interface:///javax/faces/FacesWrapper|,
    |java+interface:///java/io/Externalizable|
  },|project://myfaces_core-2.1.10_src-myfaces-impl-2.1.10-sources/src/org/apache/myfaces/taglib/core/DelegateValidator.java|(2451,27,<77,23>,<77,50>)>,
  <<|java+class:///org/apache/myfaces/el/convert/ValueBindingToValueExpression|,|java+class:///javax/el/ValueExpression|>,{|java+interface:///javax/faces/component/StateHolder|},|project://myfaces_core-2.1.10_src-myfaces-impl-2.1.10-sources/src/org/apache/myfaces/taglib/core/DelegateValidator.java|(2499,27,<78,19>,<78,46>)>,
  <<|java+class:///org/apache/myfaces/view/facelets/el/RedirectMethodExpressionValueExpressionValidator|,|java+interface:///javax/faces/validator/Validator|>,{
    |java+interface:///javax/faces/FacesWrapper|,
    |java+interface:///java/io/Externalizable|
  },|project://myfaces_core-2.1.10_src-myfaces-impl-2.1.10-sources/src/org/apache/myfaces/taglib/core/DelegateValidator.java|(3590,21,<118,23>,<118,44>)>,
  <<|java+class:///org/apache/myfaces/view/facelets/tag/jsf/core/PhaseListenerHandler/LazyPhaseListener|,|java+interface:///javax/faces/event/PhaseListener|>,{|java+interface:///java/io/Serializable|},|project://myfaces_core-2.1.10_src-myfaces-impl-2.1.10-sources/src/org/apache/myfaces/taglib/core/PhaseListenerTag.java|(7594,29,<229,19>,<229,48>)>,
  <<|java+class:///org/apache/myfaces/view/facelets/compiler/UILeaf|,|java+interface:///java/util/Map|>,{|java+class:///javax/faces/component/UIComponent|},|project://myfaces_core-2.1.10_src-myfaces-impl-2.1.10-sources/src/org/apache/myfaces/config/ManagedBeanBuilder.java|(6991,26,<184,83>,<184,109>)>,
  <<|java+class:///org/apache/myfaces/el/unified/resolver/CompositeComponentELResolver/CompositeComponentAttributesMapWrapper|,|java+interface:///java/util/Map|>,{|java+interface:///javax/faces/el/CompositeComponentExpressionHolder|},|project://myfaces_core-2.1.10_src-myfaces-impl-2.1.10-sources/src/org/apache/myfaces/config/ManagedBeanBuilder.java|(12185,27,<313,74>,<313,101>)>,
  <<|java+class:///org/apache/myfaces/view/facelets/compiler/AbstractUIHandler|,|java+interface:///javax/faces/view/facelets/FaceletHandler|>,{|java+interface:///javax/faces/view/facelets/TextHandler|},|project://myfaces_core-2.1.10_src-myfaces-impl-2.1.10-sources/src/org/apache/myfaces/view/facelets/compiler/TextUnit.java|(3238,20,<108,23>,<108,43>)>,
  <<|java+class:///org/apache/myfaces/view/facelets/compiler/TagUnit|,|java+class:///org/apache/myfaces/view/facelets/compiler/CompilationUnit|>,{|java+interface:///javax/faces/view/facelets/TagConfig|},|project://myfaces_core-2.1.10_src-myfaces-impl-2.1.10-sources/src/org/apache/myfaces/view/facelets/compiler/TextUnit.java|(3329,21,<112,24>,<112,45>)>,
  <<|java+class:///org/apache/myfaces/el/convert/ValueBindingToValueExpression|,|java+class:///javax/el/ValueExpression|>,{|java+interface:///javax/faces/component/StateHolder|},|project://myfaces_core-2.1.10_src-myfaces-impl-2.1.10-sources/src/org/apache/myfaces/view/facelets/el/LocationValueExpression.java|(5875,33,<196,24>,<196,57>)>,
  <<|java+class:///org/apache/myfaces/view/facelets/el/TagValueExpression|,|java+class:///javax/el/ValueExpression|>,{
    |java+interface:///javax/faces/FacesWrapper|,
    |java+interface:///java/io/Externalizable|
  },|project://myfaces_core-2.1.10_src-myfaces-impl-2.1.10-sources/src/org/apache/myfaces/view/facelets/tag/composite/CompositeComponentResourceTagHandler.java|(5249,57,<119,37>,<119,94>)>,
  <<|java+class:///org/apache/myfaces/el/unified/resolver/CompositeComponentELResolver/CompositeComponentAttributesMapWrapper|,|java+interface:///java/util/Map|>,{|java+interface:///javax/faces/el/CompositeComponentExpressionHolder|},|project://myfaces_core-2.1.10_src-myfaces-impl-2.1.10-sources/src/org/apache/myfaces/view/facelets/tag/composite/CompositeComponentResourceTagHandler.java|(11469,93,<275,69>,<276,59>)>,
  <<|java+class:///org/apache/myfaces/el/convert/ValueBindingToValueExpression|,|java+class:///javax/el/ValueExpression|>,{|java+interface:///javax/faces/component/StateHolder|},|project://myfaces_core-2.1.10_src-myfaces-impl-2.1.10-sources/src/org/apache/myfaces/view/facelets/tag/composite/CompositeComponentResourceTagHandler.java|(11850,55,<283,47>,<283,102>)>,
  <<|java+class:///org/apache/myfaces/view/facelets/tag/composite/ClientBehaviorRedirectEventComponentWrapper|,|java+class:///javax/faces/component/UIComponent|>,{
    |java+interface:///javax/faces/component/behavior/ClientBehaviorHolder|,
    |java+interface:///javax/faces/FacesWrapper|
  },|project://myfaces_core-2.1.10_src-myfaces-impl-2.1.10-sources/src/org/apache/myfaces/view/facelets/tag/composite/CompositeComponentResourceTagHandler.java|(17146,22,<394,36>,<394,58>)>,
  <<|java+class:///org/apache/myfaces/view/facelets/compiler/UILeaf|,|java+interface:///java/util/Map|>,{|java+class:///javax/faces/component/UIComponent|},|project://myfaces_core-2.1.10_src-myfaces-impl-2.1.10-sources/src/org/apache/myfaces/view/facelets/tag/composite/CompositeComponentResourceTagHandler.java|(22953,107,<547,75>,<548,73>)>,
  <<|java+class:///org/apache/myfaces/view/facelets/el/LocationValueExpression|,|java+class:///javax/el/ValueExpression|>,{
    |java+interface:///javax/faces/FacesWrapper|,
    |java+interface:///java/io/Externalizable|
  },|project://myfaces_core-2.1.10_src-myfaces-impl-2.1.10-sources/src/org/apache/myfaces/view/facelets/tag/composite/CompositeComponentResourceTagHandler.java|(23244,81,<553,22>,<553,103>)>
]