{
  <<|java+class:///org/apache/catalina/tribes/group/interceptors/GzipInterceptor|,|java+class:///org/apache/catalina/tribes/group/ChannelInterceptorBase|>,2,|java+interface:///org/apache/catalina/tribes/ChannelInterceptor|>,
  <<|java+class:///org/apache/catalina/realm/RealmBase|,|java+class:///org/apache/catalina/util/LifecycleMBeanBase|>,2,|java+interface:///org/apache/catalina/Lifecycle|>,
  <<|java+interface:///javax/servlet/http/HttpServletRequest|,|java+interface:///javax/servlet/ServletRequest|>,2,|java+interface:///javax/servlet/ServletRequest|>,
  <<|java+class:///org/apache/tomcat/util/bcel/classfile/ExceptionTable|,|java+class:///org/apache/tomcat/util/bcel/classfile/Attribute|>,2,|java+class:///java/lang/Object|>,
  <<|java+class:///org/apache/catalina/core/StandardService|,|java+class:///org/apache/catalina/util/LifecycleMBeanBase|>,2,|java+class:///org/apache/catalina/util/LifecycleBase|>,
  <<|java+class:///org/apache/catalina/tribes/group/ChannelInterceptorBase|,|java+interface:///org/apache/catalina/tribes/ChannelInterceptor|>,2,|java+interface:///org/apache/catalina/tribes/ChannelInterceptor|>,
  <<|java+class:///org/apache/catalina/authenticator/DigestAuthenticator|,|java+class:///org/apache/catalina/authenticator/AuthenticatorBase|>,2,|java+interface:///org/apache/catalina/Valve|>,
  <<|java+class:///org/apache/catalina/core/StandardEngine|,|java+interface:///org/apache/catalina/Engine|>,2,|java+interface:///org/apache/catalina/Container|>,
  <<|java+interface:///javax/servlet/ServletContextListener|,|java+interface:///java/util/EventListener|>,2,|java+class:///java/lang/Object|>,
  <<|java+class:///org/apache/catalina/util/LifecycleMBeanBase|,|java+class:///org/apache/catalina/util/LifecycleBase|>,2,|java+class:///org/apache/catalina/util/LifecycleBase|>,
  <<|java+class:///org/apache/catalina/valves/RequestFilterValve|,|java+class:///org/apache/catalina/valves/ValveBase|>,2,|java+interface:///org/apache/catalina/Lifecycle|>,
  <<|java+class:///org/apache/catalina/core/DummyRequest|,|java+interface:///javax/servlet/http/HttpServletRequest|>,2,|java+interface:///javax/servlet/ServletRequest|>,
  <<|java+class:///org/apache/catalina/startup/CallMethodMultiRule|,|java+class:///org/apache/tomcat/util/digester/CallMethodRule|>,2,|java+class:///org/apache/tomcat/util/digester/Rule|>,
  <<|java+interface:///javax/servlet/ServletRequestListener|,|java+interface:///java/util/EventListener|>,2,|java+class:///java/lang/Object|>,
  <<|java+class:///javax/servlet/GenericServlet|,|java+interface:///javax/servlet/Servlet|>,2,|java+interface:///javax/servlet/Servlet|>,
  <<|java+class:///org/apache/catalina/tribes/transport/nio/PooledParallelSender|,|java+class:///org/apache/catalina/tribes/transport/PooledSender|>,2,|java+interface:///org/apache/catalina/tribes/transport/MultiPointSender|>,
  <<|java+class:///javax/servlet/http/NoBodyOutputStream|,|java+class:///javax/servlet/ServletOutputStream|>,2,|java+class:///java/io/OutputStream|>,
  <<|java+class:///org/apache/el/parser/AstEqual|,|java+class:///org/apache/el/parser/BooleanNode|>,2,|java+interface:///org/apache/el/parser/Node|>,
  <<|java+class:///org/apache/el/parser/AstTrue|,|java+class:///org/apache/el/parser/BooleanNode|>,2,|java+interface:///org/apache/el/parser/Node|>,
  <<|java+class:///org/apache/catalina/tribes/tipis/AbstractReplicatedMap|,|java+class:///java/util/concurrent/ConcurrentHashMap|>,2,|java+interface:///java/util/Map|>,
  <<|java+interface:///org/apache/catalina/User|,|java+interface:///java/security/Principal|>,2,|java+class:///java/lang/Object|>,
  <<|java+interface:///org/apache/catalina/Engine|,|java+interface:///org/apache/catalina/Container|>,2,|java+interface:///org/apache/catalina/Container|>,
  <<|java+class:///org/apache/tomcat/util/bcel/classfile/LineNumberTable|,|java+class:///org/apache/tomcat/util/bcel/classfile/Attribute|>,2,|java+class:///java/lang/Object|>,
  <<|java+class:///org/apache/catalina/valves/ExtendedAccessLogValve|,|java+class:///org/apache/catalina/valves/AccessLogValve|>,2,|java+interface:///org/apache/catalina/Contained|>,
  <<|java+class:///org/apache/catalina/ha/session/ClusterManagerBase|,|java+class:///org/apache/catalina/session/ManagerBase|>,2,|java+interface:///org/apache/catalina/Lifecycle|>,
  <<|java+class:///org/apache/catalina/core/ApplicationResponse|,|java+class:///javax/servlet/ServletResponseWrapper|>,2,|java+interface:///javax/servlet/ServletResponse|>,
  <<|java+class:///org/apache/tomcat/util/http/fileupload/DeferredFileOutputStream|,|java+class:///org/apache/tomcat/util/http/fileupload/ThresholdingOutputStream|>,2,|java+class:///java/io/OutputStream|>,
  <<|java+class:///org/apache/catalina/ha/session/BackupManager|,|java+class:///org/apache/catalina/ha/session/ClusterManagerBase|>,2,|java+interface:///org/apache/catalina/Lifecycle|>,
  <<|java+class:///org/apache/catalina/authenticator/NonLoginAuthenticator|,|java+class:///org/apache/catalina/authenticator/AuthenticatorBase|>,2,|java+interface:///org/apache/catalina/Authenticator|>,
  <<|java+class:///org/apache/tomcat/util/bcel/classfile/ParameterAnnotations|,|java+class:///org/apache/tomcat/util/bcel/classfile/Attribute|>,2,|java+class:///org/apache/tomcat/util/bcel/classfile/Attribute|>,
  <<|java+class:///org/apache/catalina/tribes/group/interceptors/MessageDispatchInterceptor|,|java+class:///org/apache/catalina/tribes/group/ChannelInterceptorBase|>,2,|java+interface:///org/apache/catalina/tribes/ChannelInterceptor|>,
  <<|java+class:///org/apache/tomcat/util/bcel/classfile/JavaClass|,|java+class:///org/apache/tomcat/util/bcel/classfile/AccessFlags|>,2,|java+interface:///org/apache/tomcat/util/bcel/util/BCELComparator|>,
  <<|java+class:///org/apache/catalina/manager/host/HostManagerServlet|,|java+class:///javax/servlet/http/HttpServlet|>,2,|java+interface:///javax/servlet/Servlet|>,
  <<|java+class:///org/apache/catalina/core/StandardContextValve|,|java+class:///org/apache/catalina/valves/ValveBase|>,2,|java+class:///org/apache/catalina/util/LifecycleBase|>,
  <<|java+class:///org/apache/catalina/ha/session/ClusterManagerBase|,|java+interface:///org/apache/catalina/ha/ClusterManager|>,2,|java+interface:///org/apache/catalina/Manager|>,
  <<|java+class:///org/apache/juli/AsyncFileHandler/LoggerThread|,|java+class:///java/lang/Thread|>,2,|java+class:///java/lang/Object|>,
  <<|java+class:///org/apache/catalina/core/StandardContext|,|java+interface:///org/apache/catalina/Context|>,2,|java+interface:///org/apache/catalina/Container|>,
  <<|java+class:///org/apache/catalina/deploy/ContextResourceEnvRef|,|java+class:///org/apache/catalina/deploy/ResourceBase|>,2,|java+class:///java/lang/Object|>,
  <<|java+class:///javax/el/ValueExpression|,|java+class:///javax/el/Expression|>,2,|java+class:///java/lang/Object|>,
  <<|java+interface:///org/apache/catalina/Host|,|java+interface:///org/apache/catalina/Container|>,2,|java+class:///java/lang/Object|>,
  <<|java+interface:///org/apache/catalina/Context|,|java+interface:///org/apache/catalina/Container|>,2,|java+interface:///org/apache/catalina/Lifecycle|>,
  <<|java+interface:///javax/servlet/jsp/tagext/Tag|,|java+interface:///javax/servlet/jsp/tagext/JspTag|>,2,|java+interface:///javax/servlet/jsp/tagext/JspTag|>,
  <<|java+class:///org/apache/catalina/tribes/transport/ReceiverBase|,|java+interface:///org/apache/catalina/tribes/transport/RxTaskPool/TaskCreator|>,2,|java+interface:///org/apache/catalina/tribes/transport/RxTaskPool/TaskCreator|>,
  <<|java+class:///org/apache/naming/resources/BaseDirContext|,|java+interface:///javax/naming/directory/DirContext|>,2,|java+interface:///javax/naming/directory/DirContext|>,
  <<|java+class:///org/apache/catalina/realm/JDBCRealm|,|java+class:///org/apache/catalina/realm/RealmBase|>,2,|java+interface:///org/apache/catalina/Realm|>,
  <<|java+class:///javax/servlet/http/HttpServletRequestWrapper|,|java+interface:///javax/servlet/http/HttpServletRequest|>,2,|java+interface:///javax/servlet/ServletRequest|>,
  <<|java+class:///org/apache/catalina/valves/RemoteIpValve|,|java+class:///org/apache/catalina/valves/ValveBase|>,2,|java+class:///org/apache/catalina/util/LifecycleBase|>,
  <<|java+class:///org/apache/catalina/tribes/group/interceptors/DomainFilterInterceptor|,|java+class:///org/apache/catalina/tribes/group/ChannelInterceptorBase|>,2,|java+interface:///org/apache/catalina/tribes/ChannelInterceptor|>,
  <<|java+class:///org/apache/catalina/session/StoreBase|,|java+interface:///org/apache/catalina/Store|>,2,|java+interface:///org/apache/catalina/Store|>,
  <<|java+class:///org/apache/tomcat/util/http/fileupload/ThresholdingOutputStream|,|java+class:///java/io/OutputStream|>,2,|java+class:///java/io/OutputStream|>,
  <<|java+class:///org/apache/el/parser/SimpleNode|,|java+class:///org/apache/el/lang/ELSupport|>,2,|java+class:///java/lang/Object|>,
  <<|java+class:///org/apache/catalina/tribes/transport/bio/BioReceiver|,|java+class:///org/apache/catalina/tribes/transport/ReceiverBase|>,2,|java+interface:///org/apache/catalina/tribes/io/ListenCallback|>,
  <<|java+class:///org/apache/tomcat/util/digester/CallMethodRule|,|java+class:///org/apache/tomcat/util/digester/Rule|>,2,|java+class:///org/apache/tomcat/util/digester/Rule|>,
  <<|java+class:///org/apache/naming/resources/FileDirContext|,|java+class:///org/apache/naming/resources/BaseDirContext|>,2,|java+class:///java/lang/Object|>,
  <<|java+class:///org/apache/catalina/valves/RequestFilterValve|,|java+class:///org/apache/catalina/valves/ValveBase|>,2,|java+interface:///org/apache/catalina/Valve|>,
  <<|java+class:///org/apache/coyote/http11/AbstractOutputBuffer|,|java+interface:///org/apache/coyote/OutputBuffer|>,2,|java+interface:///org/apache/coyote/OutputBuffer|>,
  <<|java+class:///org/apache/catalina/authenticator/SSLAuthenticator|,|java+class:///org/apache/catalina/authenticator/AuthenticatorBase|>,2,|java+interface:///org/apache/catalina/Authenticator|>,
  <<|java+class:///org/apache/catalina/session/ManagerBase|,|java+class:///org/apache/catalina/util/LifecycleMBeanBase|>,2,|java+class:///org/apache/catalina/util/LifecycleBase|>,
  <<|java+class:///org/apache/catalina/deploy/ContextLocalEjb|,|java+class:///org/apache/catalina/deploy/ResourceBase|>,2,|java+class:///java/lang/Object|>,
  <<|java+class:///org/apache/catalina/core/StandardHostValve|,|java+class:///org/apache/catalina/valves/ValveBase|>,2,|java+interface:///org/apache/catalina/Valve|>,
  <<|java+interface:///org/apache/catalina/ha/ClusterManager|,|java+interface:///org/apache/catalina/Manager|>,2,|java+class:///java/lang/Object|>,
  <<|java+class:///org/apache/el/parser/AstAnd|,|java+class:///org/apache/el/parser/BooleanNode|>,2,|java+interface:///org/apache/el/parser/Node|>,
  <<|java+class:///org/apache/catalina/filters/ExpiresFilter|,|java+class:///org/apache/catalina/filters/FilterBase|>,2,|java+interface:///javax/servlet/Filter|>,
  <<|java+class:///org/apache/catalina/valves/TestRemoteIpValve/RemoteAddrAndHostTrackerValve|,|java+class:///org/apache/catalina/valves/ValveBase|>,2,|java+class:///org/apache/catalina/util/LifecycleBase|>,
  <<|java+class:///org/apache/catalina/loader/WebappLoader|,|java+interface:///org/apache/catalina/Loader|>,2,|java+interface:///org/apache/catalina/Loader|>,
  <<|java+class:///org/apache/catalina/startup/TestTomcat/MapRealm|,|java+class:///org/apache/catalina/realm/RealmBase|>,2,|java+class:///org/apache/catalina/util/LifecycleBase|>,
  <<|java+class:///org/apache/catalina/startup/CallParamMultiRule|,|java+class:///org/apache/tomcat/util/digester/CallParamRule|>,2,|java+class:///org/apache/tomcat/util/digester/Rule|>,
  <<|java+class:///org/apache/catalina/ssi/ExpressionParseTree/EqualNode|,|java+class:///org/apache/catalina/ssi/ExpressionParseTree/CompareNode|>,2,|java+class:///org/apache/catalina/ssi/ExpressionParseTree/OppNode|>,
  <<|java+class:///org/apache/catalina/core/StandardContextValve|,|java+class:///org/apache/catalina/valves/ValveBase|>,2,|java+interface:///org/apache/catalina/Valve|>,
  <<|java+class:///org/apache/catalina/connector/TestRequest/LoginLogoutServlet|,|java+class:///javax/servlet/http/HttpServlet|>,2,|java+interface:///javax/servlet/Servlet|>,
  <<|java+class:///org/apache/catalina/ha/tcp/SimpleTcpCluster|,|java+class:///org/apache/catalina/util/LifecycleBase|>,2,|java+interface:///org/apache/catalina/Lifecycle|>,
  <<|java+class:///org/apache/catalina/core/StandardPipeline|,|java+class:///org/apache/catalina/util/LifecycleBase|>,2,|java+interface:///org/apache/catalina/Lifecycle|>,
  <<|java+class:///org/apache/catalina/session/PersistentManagerBase|,|java+class:///org/apache/catalina/session/ManagerBase|>,2,|java+interface:///org/apache/catalina/Lifecycle|>,
  <<|java+class:///org/apache/catalina/startup/Embedded|,|java+class:///org/apache/catalina/core/StandardService|>,2,|java+interface:///org/apache/catalina/Lifecycle|>,
  <<|java+class:///org/apache/tomcat/util/bcel/classfile/ConstantValue|,|java+class:///org/apache/tomcat/util/bcel/classfile/Attribute|>,2,|java+class:///java/lang/Object|>,
  <<|java+interface:///javax/servlet/ServletContextAttributeListener|,|java+interface:///java/util/EventListener|>,2,|java+class:///java/lang/Object|>,
  <<|java+class:///org/apache/catalina/startup/Tomcat/ExistingStandardWrapper|,|java+class:///org/apache/catalina/core/StandardWrapper|>,2,|java+interface:///org/apache/catalina/Wrapper|>,
  <<|java+interface:///org/apache/catalina/Service|,|java+interface:///org/apache/catalina/Lifecycle|>,2,|java+interface:///org/apache/catalina/Lifecycle|>,
  <<|java+interface:///org/apache/coyote/http11/InputFilter|,|java+interface:///org/apache/coyote/InputBuffer|>,2,|java+class:///java/lang/Object|>,
  <<|java+class:///org/apache/catalina/realm/MemoryRealm|,|java+class:///org/apache/catalina/realm/RealmBase|>,2,|java+interface:///org/apache/catalina/Realm|>,
  <<|java+class:///org/apache/tomcat/util/bcel/classfile/Field|,|java+class:///org/apache/tomcat/util/bcel/classfile/FieldOrMethod|>,2,|java+class:///java/lang/Object|>,
  <<|java+class:///org/apache/naming/resources/FileDirContext/FileResource|,|java+class:///org/apache/naming/resources/Resource|>,2,|java+class:///java/lang/Object|>,
  <<|java+class:///org/apache/coyote/http11/InternalNioOutputBuffer|,|java+class:///org/apache/coyote/http11/AbstractOutputBuffer|>,2,|java+interface:///org/apache/coyote/OutputBuffer|>,
  <<|java+class:///org/apache/catalina/tribes/transport/PooledSender|,|java+class:///org/apache/catalina/tribes/transport/AbstractSender|>,2,|java+class:///org/apache/catalina/tribes/transport/AbstractSender|>,
  <<|java+interface:///javax/servlet/ServletRequestAttributeListener|,|java+interface:///java/util/EventListener|>,2,|java+class:///java/lang/Object|>,
  <<|java+class:///org/apache/tomcat/util/bcel/classfile/ConstantCP|,|java+class:///org/apache/tomcat/util/bcel/classfile/Constant|>,2,|java+class:///org/apache/tomcat/util/bcel/classfile/Constant|>,
  <<|java+class:///org/apache/catalina/session/FileStore|,|java+class:///org/apache/catalina/session/StoreBase|>,2,|java+interface:///org/apache/catalina/Lifecycle|>,
  <<|java+class:///org/apache/el/parser/AstDeferredExpression|,|java+class:///org/apache/el/parser/SimpleNode|>,2,|java+interface:///org/apache/el/parser/Node|>,
  <<|java+class:///org/apache/catalina/deploy/ContextEnvironment|,|java+class:///org/apache/catalina/deploy/ResourceBase|>,2,|java+interface:///org/apache/catalina/deploy/Injectable|>,
  <<|java+class:///org/apache/catalina/ha/authenticator/ClusterSingleSignOn|,|java+class:///org/apache/catalina/authenticator/SingleSignOn|>,2,|java+interface:///org/apache/catalina/Valve|>,
  <<|java+class:///org/apache/catalina/tribes/transport/ReceiverBase|,|java+interface:///org/apache/catalina/tribes/io/ListenCallback|>,2,|java+interface:///org/apache/catalina/tribes/io/ListenCallback|>,
  <<|java+class:///org/apache/jasper/compiler/TagLibraryInfoImpl|,|java+class:///javax/servlet/jsp/tagext/TagLibraryInfo|>,2,|java+class:///java/lang/Object|>,
  <<|java+class:///org/apache/catalina/ssi/ResponseIncludeWrapper|,|java+class:///javax/servlet/http/HttpServletResponseWrapper|>,2,|java+interface:///javax/servlet/ServletResponse|>,
  <<|java+interface:///javax/servlet/ServletRegistration|,|java+interface:///javax/servlet/Registration|>,2,|java+class:///java/lang/Object|>,
  <<|java+class:///org/apache/catalina/tribes/transport/nio/NioReceiver|,|java+class:///org/apache/catalina/tribes/transport/ReceiverBase|>,2,|java+interface:///org/apache/catalina/tribes/transport/RxTaskPool/TaskCreator|>,
  <<|java+class:///javax/servlet/http/NoBodyResponse|,|java+class:///javax/servlet/http/HttpServletResponseWrapper|>,2,|java+interface:///javax/servlet/http/HttpServletResponse|>,
  <<|java+class:///org/apache/catalina/session/ManagerBase|,|java+class:///org/apache/catalina/util/LifecycleMBeanBase|>,2,|java+interface:///org/apache/catalina/Lifecycle|>,
  <<|java+class:///org/apache/catalina/startup/TestTomcat/MapRealm|,|java+class:///org/apache/catalina/realm/RealmBase|>,2,|java+interface:///org/apache/catalina/Lifecycle|>,
  <<|java+class:///org/apache/tomcat/util/http/TestBug49158/TestBug49158Servlet|,|java+class:///javax/servlet/http/HttpServlet|>,2,|java+interface:///javax/servlet/Servlet|>,
  <<|java+interface:///org/apache/catalina/tribes/transport/MultiPointSender|,|java+interface:///org/apache/catalina/tribes/transport/DataSender|>,2,|java+interface:///org/apache/catalina/tribes/transport/DataSender|>,
  <<|java+class:///org/apache/naming/resources/WARDirContext|,|java+class:///org/apache/naming/resources/BaseDirContext|>,2,|java+interface:///javax/naming/directory/DirContext|>,
  <<|java+class:///javax/servlet/ServletResponseWrapper|,|java+interface:///javax/servlet/ServletResponse|>,2,|java+interface:///javax/servlet/ServletResponse|>,
  <<|java+class:///org/apache/catalina/tribes/group/interceptors/FragmentationInterceptor|,|java+class:///org/apache/catalina/tribes/group/ChannelInterceptorBase|>,2,|java+interface:///org/apache/catalina/tribes/ChannelInterceptor|>,
  <<|java+class:///org/apache/catalina/core/StandardContext|,|java+class:///org/apache/catalina/core/ContainerBase|>,2,|java+class:///java/lang/Object|>,
  <<|java+class:///org/apache/catalina/realm/JAASMemoryLoginModule|,|java+class:///org/apache/catalina/realm/MemoryRealm|>,2,|java+interface:///org/apache/catalina/Lifecycle|>,
  <<|java+class:///org/apache/catalina/session/ManagerBase|,|java+interface:///org/apache/catalina/Manager|>,2,|java+interface:///org/apache/catalina/Manager|>,
  <<|java+class:///org/apache/catalina/util/LifecycleMBeanBase|,|java+class:///org/apache/catalina/util/LifecycleBase|>,2,|java+interface:///org/apache/catalina/Lifecycle|>,
  <<|java+class:///org/apache/catalina/valves/RequestFilterValve|,|java+class:///org/apache/catalina/valves/ValveBase|>,2,|java+class:///org/apache/catalina/util/LifecycleBase|>,
  <<|java+class:///org/apache/catalina/valves/ValveBase|,|java+interface:///org/apache/catalina/Contained|>,2,|java+interface:///org/apache/catalina/Contained|>,
  <<|java+class:///org/apache/el/parser/AstCompositeExpression|,|java+class:///org/apache/el/parser/SimpleNode|>,2,|java+interface:///org/apache/el/parser/Node|>,
  <<|java+class:///org/apache/catalina/ha/session/DeltaManager|,|java+class:///org/apache/catalina/ha/session/ClusterManagerBase|>,2,|java+interface:///org/apache/catalina/Manager|>,
  <<|java+class:///org/apache/catalina/realm/LockOutRealm|,|java+class:///org/apache/catalina/realm/CombinedRealm|>,2,|java+interface:///org/apache/catalina/Lifecycle|>,
  <<|java+class:///org/apache/catalina/realm/RealmBase|,|java+class:///org/apache/catalina/util/LifecycleMBeanBase|>,2,|java+class:///org/apache/catalina/util/LifecycleBase|>,
  <<|java+class:///org/apache/catalina/deploy/ContextService|,|java+class:///org/apache/catalina/deploy/ResourceBase|>,2,|java+class:///java/lang/Object|>,
  <<|java+class:///org/apache/el/parser/AstLessThanEqual|,|java+class:///org/apache/el/parser/BooleanNode|>,2,|java+interface:///org/apache/el/parser/Node|>,
  <<|java+class:///org/apache/catalina/connector/TestCoyoteAdapter/PathParamServlet|,|java+class:///javax/servlet/http/HttpServlet|>,2,|java+interface:///javax/servlet/Servlet|>,
  <<|java+class:///org/apache/catalina/valves/TestRemoteIpValve/RemoteAddrAndHostTrackerValve|,|java+class:///org/apache/catalina/valves/ValveBase|>,2,|java+interface:///org/apache/catalina/Valve|>,
  <<|java+class:///org/apache/catalina/tribes/group/GroupChannel|,|java+class:///org/apache/catalina/tribes/group/ChannelInterceptorBase|>,2,|java+interface:///org/apache/catalina/tribes/ChannelInterceptor|>,
  <<|java+class:///org/apache/catalina/tribes/transport/nio/ParallelNioSender|,|java+interface:///org/apache/catalina/tribes/transport/MultiPointSender|>,2,|java+interface:///org/apache/catalina/tribes/transport/DataSender|>,
  <<|java+class:///org/apache/catalina/core/StandardHostValve|,|java+class:///org/apache/catalina/valves/ValveBase|>,2,|java+class:///org/apache/catalina/util/LifecycleBase|>,
  <<|java+class:///org/apache/tomcat/util/modeler/NotificationInfo|,|java+class:///org/apache/tomcat/util/modeler/FeatureInfo|>,2,|java+class:///java/lang/Object|>,
  <<|java+class:///org/apache/catalina/tribes/group/RpcMessage/NoRpcChannelReply|,|java+class:///org/apache/catalina/tribes/group/RpcMessage|>,2,|java+interface:///java/io/Serializable|>,
  <<|java+class:///org/apache/catalina/ha/authenticator/ClusterSingleSignOn|,|java+class:///org/apache/catalina/authenticator/SingleSignOn|>,2,|java+interface:///org/apache/catalina/Lifecycle|>,
  <<|java+class:///org/apache/catalina/core/StandardServer|,|java+class:///org/apache/catalina/util/LifecycleMBeanBase|>,2,|java+class:///java/lang/Object|>,
  <<|java+class:///org/apache/catalina/filters/TestAddCharSetFilter/CharsetServlet|,|java+class:///javax/servlet/http/HttpServlet|>,2,|java+interface:///javax/servlet/Servlet|>,
  <<|java+class:///org/apache/catalina/deploy/ContextResource|,|java+class:///org/apache/catalina/deploy/ResourceBase|>,2,|java+class:///java/lang/Object|>,
  <<|java+class:///org/apache/catalina/ha/session/BackupManager|,|java+class:///org/apache/catalina/ha/session/ClusterManagerBase|>,2,|java+class:///org/apache/catalina/util/LifecycleBase|>,
  <<|java+class:///org/apache/coyote/http11/InternalInputBuffer|,|java+class:///org/apache/coyote/http11/AbstractInputBuffer|>,2,|java+interface:///org/apache/coyote/InputBuffer|>,
  <<|java+class:///org/apache/el/parser/AstFunction|,|java+class:///org/apache/el/parser/SimpleNode|>,2,|java+interface:///org/apache/el/parser/Node|>,
  <<|java+class:///org/apache/catalina/startup/EngineRuleSet|,|java+class:///org/apache/tomcat/util/digester/RuleSetBase|>,2,|java+interface:///org/apache/tomcat/util/digester/RuleSet|>,
  <<|java+interface:///javax/servlet/http/HttpSessionAttributeListener|,|java+interface:///java/util/EventListener|>,2,|java+class:///java/lang/Object|>,
  <<|java+class:///org/apache/el/parser/AstGreaterThan|,|java+class:///org/apache/el/parser/BooleanNode|>,2,|java+interface:///org/apache/el/parser/Node|>,
  <<|java+class:///org/apache/catalina/valves/CometConnectionManagerValve|,|java+class:///org/apache/catalina/valves/ValveBase|>,2,|java+interface:///org/apache/catalina/Contained|>,
  <<|java+class:///org/apache/el/parser/AstInteger|,|java+class:///org/apache/el/parser/SimpleNode|>,2,|java+interface:///org/apache/el/parser/Node|>,
  <<|java+class:///org/apache/catalina/core/StandardHost|,|java+interface:///org/apache/catalina/Host|>,2,|java+interface:///org/apache/catalina/Container|>,
  <<|java+class:///org/apache/tomcat/util/bcel/classfile/Unknown|,|java+class:///org/apache/tomcat/util/bcel/classfile/Attribute|>,2,|java+class:///java/lang/Object|>,
  <<|java+class:///org/apache/catalina/valves/ValveBase|,|java+interface:///org/apache/catalina/Valve|>,2,|java+interface:///org/apache/catalina/Valve|>,
  <<|java+class:///org/apache/jasper/runtime/ServletResponseWrapperInclude|,|java+class:///javax/servlet/http/HttpServletResponseWrapper|>,2,|java+interface:///javax/servlet/ServletResponse|>,
  <<|java+class:///org/apache/catalina/ha/session/ClusterManagerBase|,|java+class:///org/apache/catalina/session/ManagerBase|>,2,|java+class:///org/apache/catalina/util/LifecycleBase|>,
  <<|java+class:///org/apache/catalina/loader/TestWebappClassLoaderMemoryLeak/TaskServlet|,|java+class:///javax/servlet/http/HttpServlet|>,2,|java+interface:///javax/servlet/Servlet|>,
  <<|java+class:///org/apache/catalina/loader/WebappClassLoader|,|java+class:///java/net/URLClassLoader|>,2,|java+class:///java/lang/Object|>,
  <<|java+class:///org/apache/catalina/users/MemoryUser|,|java+class:///org/apache/catalina/users/AbstractUser|>,2,|java+interface:///org/apache/catalina/User|>,
  <<|java+class:///org/apache/coyote/http11/InternalAprInputBuffer|,|java+class:///org/apache/coyote/http11/AbstractInputBuffer|>,2,|java+interface:///org/apache/coyote/InputBuffer|>,
  <<|java+class:///org/apache/catalina/startup/TestTomcat/MapRealm|,|java+class:///org/apache/catalina/realm/RealmBase|>,2,|java+interface:///org/apache/catalina/Realm|>,
  <<|java+class:///org/apache/tomcat/util/bcel/classfile/LocalVariableTable|,|java+class:///org/apache/tomcat/util/bcel/classfile/Attribute|>,2,|java+class:///java/lang/Object|>,
  <<|java+class:///org/apache/catalina/authenticator/SingleSignOn|,|java+class:///org/apache/catalina/valves/ValveBase|>,2,|java+interface:///org/apache/catalina/Valve|>,
  <<|java+class:///org/apache/catalina/authenticator/NonLoginAuthenticator|,|java+class:///org/apache/catalina/authenticator/AuthenticatorBase|>,2,|java+interface:///org/apache/catalina/Valve|>,
  <<|java+class:///org/apache/el/parser/AstBracketSuffix|,|java+class:///org/apache/el/parser/SimpleNode|>,2,|java+interface:///org/apache/el/parser/Node|>,
  <<|java+class:///org/apache/naming/JndiPermission|,|java+class:///java/security/BasicPermission|>,2,|java+class:///java/security/Permission|>,
  <<|java+class:///org/apache/naming/resources/FileDirContext|,|java+class:///org/apache/naming/resources/BaseDirContext|>,2,|java+interface:///javax/naming/Context|>,
  <<|java+class:///org/apache/catalina/session/PersistentManager|,|java+class:///org/apache/catalina/session/PersistentManagerBase|>,2,|java+interface:///org/apache/catalina/Manager|>,
  <<|java+class:///org/apache/tomcat/util/modeler/ParameterInfo|,|java+class:///org/apache/tomcat/util/modeler/FeatureInfo|>,2,|java+class:///java/lang/Object|>,
  <<|java+class:///org/apache/catalina/authenticator/BasicAuthenticator|,|java+class:///org/apache/catalina/authenticator/AuthenticatorBase|>,2,|java+interface:///org/apache/catalina/Valve|>,
  <<|java+class:///org/apache/catalina/ha/session/DeltaManager|,|java+class:///org/apache/catalina/ha/session/ClusterManagerBase|>,2,|java+class:///org/apache/catalina/session/ManagerBase|>,
  <<|java+class:///org/apache/catalina/connector/Connector|,|java+class:///org/apache/catalina/util/LifecycleMBeanBase|>,2,|java+class:///org/apache/catalina/util/LifecycleBase|>,
  <<|java+class:///org/apache/catalina/core/StandardEngineValve|,|java+class:///org/apache/catalina/valves/ValveBase|>,2,|java+interface:///org/apache/catalina/Valve|>,
  <<|java+class:///org/apache/tomcat/util/bcel/classfile/FieldOrMethod|,|java+class:///org/apache/tomcat/util/bcel/classfile/AccessFlags|>,2,|java+class:///java/lang/Object|>,
  <<|java+class:///org/apache/tomcat/util/bcel/classfile/Signature|,|java+class:///org/apache/tomcat/util/bcel/classfile/Attribute|>,2,|java+class:///java/lang/Object|>,
  <<|java+class:///org/apache/catalina/loader/StandardClassLoader|,|java+class:///java/net/URLClassLoader|>,2,|java+class:///java/lang/ClassLoader|>,
  <<|java+class:///org/apache/catalina/realm/MemoryRealm|,|java+class:///org/apache/catalina/realm/RealmBase|>,2,|java+interface:///org/apache/catalina/Lifecycle|>,
  <<|java+interface:///org/apache/catalina/Wrapper|,|java+interface:///org/apache/catalina/Container|>,2,|java+interface:///org/apache/catalina/Container|>,
  <<|java+class:///org/apache/catalina/tribes/transport/PooledSender|,|java+interface:///org/apache/catalina/tribes/transport/MultiPointSender|>,2,|java+interface:///org/apache/catalina/tribes/transport/MultiPointSender|>,
  <<|java+class:///org/apache/catalina/ha/session/SessionIDMessage|,|java+class:///org/apache/catalina/ha/ClusterMessageBase|>,2,|java+interface:///org/apache/catalina/ha/ClusterMessage|>,
  <<|java+class:///org/apache/catalina/tribes/tipis/ReplicatedMap|,|java+class:///org/apache/catalina/tribes/tipis/AbstractReplicatedMap|>,2,|java+class:///java/util/AbstractMap|>,
  <<|java+class:///org/apache/catalina/realm/JDBCRealm|,|java+class:///org/apache/catalina/realm/RealmBase|>,2,|java+class:///org/apache/catalina/util/LifecycleBase|>,
  <<|java+class:///org/apache/catalina/connector/TestResponse/Bug49598Servlet|,|java+class:///javax/servlet/http/HttpServlet|>,2,|java+interface:///javax/servlet/Servlet|>,
  <<|java+class:///org/apache/tomcat/util/http/TestCookiesDisallowEquals/SimpleServlet|,|java+class:///javax/servlet/http/HttpServlet|>,2,|java+interface:///javax/servlet/Servlet|>,
  <<|java+interface:///org/apache/catalina/Group|,|java+interface:///java/security/Principal|>,2,|java+class:///java/lang/Object|>,
  <<|java+interface:///org/apache/catalina/tribes/ChannelMessage|,|java+interface:///java/io/Serializable|>,2,|java+class:///java/lang/Object|>,
  <<|java+class:///org/apache/catalina/core/ApplicationFilterRegistration|,|java+interface:///javax/servlet/FilterRegistration/Dynamic|>,2,|java+interface:///javax/servlet/FilterRegistration|>,
  <<|java+class:///org/apache/catalina/deploy/MessageDestinationRef|,|java+class:///org/apache/catalina/deploy/ResourceBase|>,2,|java+interface:///org/apache/catalina/deploy/Injectable|>,
  <<|java+class:///org/apache/catalina/tribes/transport/nio/NioReceiver|,|java+class:///org/apache/catalina/tribes/transport/ReceiverBase|>,2,|java+interface:///org/apache/catalina/tribes/io/ListenCallback|>,
  <<|java+class:///org/apache/catalina/authenticator/SSLAuthenticator|,|java+class:///org/apache/catalina/authenticator/AuthenticatorBase|>,2,|java+interface:///org/apache/catalina/Valve|>,
  <<|java+interface:///javax/servlet/FilterRegistration|,|java+interface:///javax/servlet/Registration|>,2,|java+class:///java/lang/Object|>,
  <<|java+class:///org/apache/catalina/valves/AccessLogValve|,|java+class:///org/apache/catalina/valves/ValveBase|>,2,|java+interface:///org/apache/catalina/Valve|>,
  <<|java+class:///org/apache/el/parser/AstNegative|,|java+class:///org/apache/el/parser/SimpleNode|>,2,|java+interface:///org/apache/el/parser/Node|>,
  <<|java+class:///org/apache/catalina/ha/session/DeltaSession|,|java+interface:///org/apache/catalina/ha/ClusterSession|>,2,|java+interface:///org/apache/catalina/Session|>,
  <<|java+class:///org/apache/catalina/realm/JAASMemoryLoginModule|,|java+class:///org/apache/catalina/realm/MemoryRealm|>,2,|java+interface:///org/apache/catalina/Realm|>,
  <<|java+class:///org/apache/catalina/connector/ClientAbortException|,|java+class:///java/io/IOException|>,2,|java+class:///java/lang/Throwable|>,
  <<|java+class:///org/apache/catalina/loader/WebappLoader|,|java+class:///org/apache/catalina/util/LifecycleMBeanBase|>,2,|java+class:///java/lang/Object|>,
  <<|java+class:///org/apache/catalina/core/TestAsyncContextImpl/AsyncStartNoCompleteServlet|,|java+class:///javax/servlet/http/HttpServlet|>,2,|java+interface:///javax/servlet/Servlet|>,
  <<|java+class:///org/apache/catalina/core/ContainerBase|,|java+class:///org/apache/catalina/util/LifecycleMBeanBase|>,2,|java+class:///java/lang/Object|>,
  <<|java+class:///org/apache/catalina/tribes/transport/nio/PooledParallelSender|,|java+class:///org/apache/catalina/tribes/transport/PooledSender|>,2,|java+class:///org/apache/catalina/tribes/transport/AbstractSender|>,
  <<|java+class:///org/apache/tomcat/util/net/AprEndpoint|,|java+class:///org/apache/tomcat/util/net/AbstractEndpoint|>,2,|java+class:///java/lang/Object|>,
  <<|java+class:///org/apache/catalina/ha/session/BackupManager|,|java+class:///org/apache/catalina/ha/session/ClusterManagerBase|>,2,|java+interface:///org/apache/catalina/ha/ClusterManager|>,
  <<|java+class:///org/apache/catalina/core/StandardWrapper|,|java+interface:///org/apache/catalina/Wrapper|>,2,|java+interface:///org/apache/catalina/Wrapper|>,
  <<|java+class:///org/apache/jasper/compiler/JspDocumentParser|,|java+class:///org/xml/sax/helpers/DefaultHandler|>,2,|java+interface:///org/xml/sax/ErrorHandler|>,
  <<|java+class:///javax/el/ELException|,|java+class:///java/lang/RuntimeException|>,2,|java+class:///java/lang/Throwable|>,
  <<|java+class:///org/apache/tomcat/util/digester/Digester|,|java+class:///org/xml/sax/helpers/DefaultHandler|>,2,|java+interface:///org/xml/sax/ContentHandler|>,
  <<|java+class:///org/apache/catalina/session/StandardManager|,|java+class:///org/apache/catalina/session/ManagerBase|>,2,|java+class:///org/apache/catalina/util/LifecycleBase|>,
  <<|java+class:///org/apache/catalina/realm/LockOutRealm|,|java+class:///org/apache/catalina/realm/CombinedRealm|>,2,|java+interface:///org/apache/catalina/Realm|>,
  <<|java+class:///org/apache/el/parser/AstDotSuffix|,|java+class:///org/apache/el/parser/SimpleNode|>,2,|java+interface:///org/apache/el/parser/Node|>,
  <<|java+interface:///org/apache/catalina/Server|,|java+interface:///org/apache/catalina/Lifecycle|>,2,|java+class:///java/lang/Object|>,
  <<|java+class:///javax/servlet/jsp/PageContext|,|java+class:///javax/servlet/jsp/JspContext|>,2,|java+class:///java/lang/Object|>,
  <<|java+class:///org/apache/catalina/core/StandardWrapper|,|java+class:///org/apache/catalina/core/ContainerBase|>,2,|java+class:///org/apache/catalina/util/LifecycleBase|>,
  <<|java+class:///org/apache/jasper/compiler/Node/Scriptlet|,|java+class:///org/apache/jasper/compiler/Node/ScriptingElement|>,2,|java+class:///org/apache/jasper/compiler/Node|>,
  <<|java+class:///org/apache/catalina/tribes/tipis/AbstractReplicatedMap|,|java+class:///java/util/concurrent/ConcurrentHashMap|>,2,|java+class:///java/lang/Object|>,
  <<|java+class:///org/apache/catalina/authenticator/SingleSignOn|,|java+class:///org/apache/catalina/valves/ValveBase|>,2,|java+interface:///org/apache/catalina/Lifecycle|>,
  <<|java+class:///org/apache/el/parser/AstGreaterThanEqual|,|java+class:///org/apache/el/parser/BooleanNode|>,2,|java+interface:///org/apache/el/parser/Node|>,
  <<|java+class:///org/apache/catalina/valves/RemoteAddrValve|,|java+class:///org/apache/catalina/valves/RequestFilterValve|>,2,|java+class:///org/apache/catalina/util/LifecycleBase|>,
  <<|java+class:///org/apache/catalina/util/LifecycleMBeanBase|,|java+class:///org/apache/catalina/util/LifecycleBase|>,2,|java+interface:///org/apache/catalina/Context|>,
  <<|java+class:///org/apache/el/parser/AstLessThan|,|java+class:///org/apache/el/parser/BooleanNode|>,2,|java+interface:///org/apache/el/parser/Node|>,
  <<|java+class:///org/apache/el/parser/AstDiv|,|java+class:///org/apache/el/parser/ArithmeticNode|>,2,|java+interface:///org/apache/el/parser/Node|>,
  <<|java+class:///org/apache/coyote/http11/Http11Protocol|,|java+class:///org/apache/coyote/http11/AbstractHttp11Protocol|>,2,|java+interface:///org/apache/coyote/ProtocolHandler|>,
  <<|java+class:///org/apache/catalina/tribes/tipis/AbstractReplicatedMap|,|java+class:///java/util/concurrent/ConcurrentHashMap|>,2,|java+class:///java/util/AbstractMap|>,
  <<|java+class:///org/apache/catalina/ssi/ExpressionParseTree/LessThanNode|,|java+class:///org/apache/catalina/ssi/ExpressionParseTree/CompareNode|>,2,|java+class:///org/apache/catalina/ssi/ExpressionParseTree/OppNode|>,
  <<|java+class:///org/apache/catalina/authenticator/AuthenticatorBase|,|java+class:///org/apache/catalina/valves/ValveBase|>,2,|java+interface:///org/apache/catalina/Contained|>,
  <<|java+class:///org/apache/coyote/http11/Http11NioProtocol|,|java+class:///org/apache/coyote/http11/AbstractHttp11Protocol|>,2,|java+interface:///org/apache/coyote/ProtocolHandler|>,
  <<|java+class:///org/apache/catalina/core/StandardEngineValve|,|java+class:///org/apache/catalina/valves/ValveBase|>,2,|java+class:///org/apache/catalina/util/LifecycleBase|>,
  <<|java+class:///org/apache/tomcat/util/net/NioEndpoint/KeyAttachment|,|java+class:///org/apache/tomcat/util/net/SocketWrapper|>,2,|java+class:///java/lang/Object|>,
  <<|java+class:///org/apache/tomcat/util/digester/RuleSetBase|,|java+interface:///org/apache/tomcat/util/digester/RuleSet|>,2,|java+interface:///org/apache/tomcat/util/digester/RuleSet|>,
  <<|java+class:///org/apache/catalina/deploy/ResourceBase|,|java+interface:///org/apache/catalina/deploy/Injectable|>,2,|java+interface:///org/apache/catalina/deploy/Injectable|>,
  <<|java+class:///org/apache/catalina/filters/TestRemoteIpFilter/MockHttpServlet|,|java+class:///javax/servlet/http/HttpServlet|>,2,|java+interface:///javax/servlet/Servlet|>,
  <<|java+class:///org/apache/el/parser/AstMinus|,|java+class:///org/apache/el/parser/ArithmeticNode|>,2,|java+interface:///org/apache/el/parser/Node|>,
  <<|java+interface:///org/apache/catalina/Context|,|java+interface:///org/apache/catalina/Container|>,2,|java+interface:///org/apache/catalina/Container|>,
  <<|java+class:///org/apache/catalina/users/AbstractUser|,|java+interface:///org/apache/catalina/User|>,2,|java+interface:///org/apache/catalina/User|>,
  <<|java+class:///org/apache/el/TesterBeanAAA|,|java+class:///org/apache/el/TesterBeanAA|>,2,|java+class:///java/lang/Object|>,
  <<|java+interface:///org/apache/catalina/ha/ClusterManager|,|java+interface:///org/apache/catalina/Manager|>,2,|java+interface:///org/apache/catalina/Manager|>,
  <<|java+class:///org/apache/tomcat/util/bcel/classfile/Method|,|java+class:///org/apache/tomcat/util/bcel/classfile/FieldOrMethod|>,2,|java+interface:///org/apache/tomcat/util/bcel/util/BCELComparator|>,
  <<|java+class:///org/apache/catalina/authenticator/AuthenticatorBase|,|java+interface:///org/apache/catalina/Authenticator|>,2,|java+interface:///org/apache/catalina/Authenticator|>,
  <<|java+class:///org/apache/jasper/runtime/PageContextImpl|,|java+class:///javax/servlet/jsp/PageContext|>,2,|java+class:///javax/servlet/jsp/JspContext|>,
  <<|java+class:///org/apache/catalina/session/StandardManager|,|java+class:///org/apache/catalina/session/ManagerBase|>,2,|java+interface:///org/apache/catalina/Lifecycle|>,
  <<|java+class:///org/apache/catalina/tribes/transport/bio/BioReceiver|,|java+class:///org/apache/catalina/tribes/transport/ReceiverBase|>,2,|java+interface:///org/apache/catalina/tribes/transport/RxTaskPool/TaskCreator|>,
  <<|java+class:///org/apache/tomcat/util/net/jsse/NioX509KeyManager|,|java+class:///javax/net/ssl/X509ExtendedKeyManager|>,2,|java+interface:///javax/net/ssl/KeyManager|>,
  <<|java+class:///org/apache/el/TesterBeanBBB|,|java+class:///org/apache/el/TesterBeanBB|>,2,|java+class:///java/lang/Object|>,
  <<|java+class:///org/apache/catalina/authenticator/SingleSignOn|,|java+class:///org/apache/catalina/valves/ValveBase|>,2,|java+class:///org/apache/catalina/util/LifecycleBase|>,
  <<|java+class:///org/apache/catalina/core/TestAsyncContextImpl/Bug49528Servlet|,|java+class:///javax/servlet/http/HttpServlet|>,2,|java+interface:///javax/servlet/Servlet|>,
  <<|java+class:///org/apache/catalina/valves/RemoteAddrValve|,|java+class:///org/apache/catalina/valves/RequestFilterValve|>,2,|java+interface:///org/apache/catalina/Lifecycle|>,
  <<|java+class:///org/apache/catalina/startup/TomcatBaseTest/HelloWorldServlet|,|java+class:///javax/servlet/http/HttpServlet|>,2,|java+interface:///javax/servlet/Servlet|>,
  <<|java+class:///org/apache/el/parser/SimpleNode|,|java+interface:///org/apache/el/parser/Node|>,2,|java+interface:///org/apache/el/parser/Node|>,
  <<|java+class:///org/apache/catalina/authenticator/BasicAuthenticator|,|java+class:///org/apache/catalina/authenticator/AuthenticatorBase|>,2,|java+class:///org/apache/catalina/util/LifecycleBase|>,
  <<|java+class:///org/apache/catalina/core/StandardWrapper|,|java+class:///org/apache/catalina/core/ContainerBase|>,2,|java+class:///org/apache/catalina/core/ContainerBase|>,
  <<|java+interface:///org/apache/catalina/ha/CatalinaCluster|,|java+interface:///org/apache/catalina/Cluster|>,2,|java+interface:///org/apache/catalina/Cluster|>,
  <<|java+class:///org/apache/catalina/core/StandardContext|,|java+interface:///org/apache/catalina/Context|>,2,|java+interface:///org/apache/catalina/Lifecycle|>,
  <<|java+class:///org/apache/catalina/core/ApplicationRequest|,|java+class:///javax/servlet/ServletRequestWrapper|>,2,|java+interface:///javax/servlet/ServletRequest|>,
  <<|java+class:///org/apache/catalina/valves/RemoteAddrValve|,|java+class:///org/apache/catalina/valves/RequestFilterValve|>,2,|java+interface:///org/apache/catalina/Valve|>,
  <<|java+class:///org/apache/catalina/tribes/RemoteProcessException|,|java+class:///java/lang/RuntimeException|>,2,|java+class:///java/lang/Throwable|>,
  <<|java+class:///org/apache/el/parser/AstDynamicExpression|,|java+class:///org/apache/el/parser/SimpleNode|>,2,|java+interface:///org/apache/el/parser/Node|>,
  <<|java+interface:///javax/servlet/ServletRegistration/Dynamic|,|java+interface:///javax/servlet/ServletRegistration|>,2,|java+interface:///javax/servlet/ServletRegistration|>,
  <<|java+class:///org/apache/catalina/deploy/ContextEjb|,|java+class:///org/apache/catalina/deploy/ResourceBase|>,2,|java+class:///java/lang/Object|>,
  <<|java+class:///javax/servlet/http/HttpServlet|,|java+class:///javax/servlet/GenericServlet|>,2,|java+interface:///javax/servlet/Servlet|>,
  <<|java+class:///org/apache/catalina/valves/SemaphoreValve|,|java+class:///org/apache/catalina/valves/ValveBase|>,2,|java+interface:///org/apache/catalina/Valve|>,
  <<|java+class:///org/apache/coyote/http11/InternalOutputBuffer|,|java+class:///org/apache/coyote/http11/AbstractOutputBuffer|>,2,|java+interface:///org/apache/coyote/OutputBuffer|>,
  <<|java+class:///org/apache/coyote/http11/TestInternalInputBuffer/Bug48839Servlet|,|java+class:///javax/servlet/http/HttpServlet|>,2,|java+interface:///javax/servlet/Servlet|>,
  <<|java+class:///org/apache/catalina/core/TestAsyncContextImpl/AsyncStartWithCompleteServlet|,|java+class:///javax/servlet/http/HttpServlet|>,2,|java+interface:///javax/servlet/Servlet|>,
  <<|java+class:///org/apache/catalina/connector/CoyoteInputStream|,|java+class:///javax/servlet/ServletInputStream|>,2,|java+class:///java/io/InputStream|>,
  <<|java+class:///org/apache/catalina/session/StoreBase|,|java+class:///org/apache/catalina/util/LifecycleBase|>,2,|java+interface:///org/apache/catalina/Lifecycle|>,
  <<|java+class:///org/apache/catalina/core/ApplicationHttpResponse|,|java+class:///javax/servlet/http/HttpServletResponseWrapper|>,2,|java+interface:///javax/servlet/ServletResponse|>,
  <<|java+class:///org/apache/catalina/realm/RealmBase|,|java+interface:///org/apache/catalina/Realm|>,2,|java+interface:///org/apache/catalina/Realm|>,
  <<|java+class:///org/apache/tomcat/util/digester/Digester|,|java+class:///org/xml/sax/helpers/DefaultHandler|>,2,|java+interface:///org/xml/sax/EntityResolver|>,
  <<|java+class:///org/apache/el/parser/AstString|,|java+class:///org/apache/el/parser/SimpleNode|>,2,|java+interface:///org/apache/el/parser/Node|>,
  <<|java+class:///org/apache/tomcat/util/http/fileupload/FileCleaningTracker/Tracker|,|java+class:///java/lang/ref/PhantomReference|>,2,|java+class:///java/lang/Object|>,
  <<|java+class:///org/apache/tomcat/util/modeler/OperationInfo|,|java+class:///org/apache/tomcat/util/modeler/FeatureInfo|>,2,|java+class:///java/lang/Object|>,
  <<|java+interface:///org/apache/catalina/Container|,|java+interface:///org/apache/catalina/Lifecycle|>,2,|java+class:///java/lang/Object|>,
  <<|java+class:///org/apache/catalina/valves/AccessLogValve|,|java+class:///org/apache/catalina/valves/ValveBase|>,2,|java+class:///org/apache/catalina/util/LifecycleBase|>,
  <<|java+interface:///org/apache/catalina/Engine|,|java+interface:///org/apache/catalina/Container|>,2,|java+interface:///org/apache/catalina/Lifecycle|>,
  <<|java+class:///org/apache/catalina/core/ApplicationServletRegistration|,|java+interface:///javax/servlet/ServletRegistration/Dynamic|>,2,|java+interface:///javax/servlet/ServletRegistration|>,
  <<|java+class:///org/apache/catalina/connector/Connector|,|java+class:///org/apache/catalina/util/LifecycleMBeanBase|>,2,|java+interface:///org/apache/catalina/Lifecycle|>,
  <<|java+class:///org/apache/jasper/compiler/JspDocumentParser|,|java+class:///org/xml/sax/helpers/DefaultHandler|>,2,|java+class:///java/lang/Object|>,
  <<|java+class:///org/apache/catalina/ha/tcp/SimpleTcpCluster|,|java+interface:///org/apache/catalina/ha/CatalinaCluster|>,2,|java+interface:///org/apache/catalina/Cluster|>,
  <<|java+class:///org/apache/catalina/startup/TestTomcat/HelloWorld|,|java+class:///javax/servlet/http/HttpServlet|>,2,|java+interface:///javax/servlet/Servlet|>,
  <<|java+class:///org/apache/catalina/session/FileStore|,|java+class:///org/apache/catalina/session/StoreBase|>,2,|java+interface:///org/apache/catalina/Store|>,
  <<|java+class:///org/apache/catalina/realm/MemoryRealm|,|java+class:///org/apache/catalina/realm/RealmBase|>,2,|java+class:///org/apache/catalina/util/LifecycleBase|>,
  <<|java+class:///org/apache/el/parser/AstFalse|,|java+class:///org/apache/el/parser/BooleanNode|>,2,|java+interface:///org/apache/el/parser/Node|>,
  <<|java+class:///org/apache/catalina/tribes/group/ChannelCoordinator|,|java+class:///org/apache/catalina/tribes/group/ChannelInterceptorBase|>,2,|java+interface:///org/apache/catalina/tribes/ChannelInterceptor|>,
  <<|java+class:///org/apache/naming/resources/FileDirContext/FileResourceAttributes|,|java+class:///org/apache/naming/resources/ResourceAttributes|>,2,|java+interface:///javax/naming/directory/Attributes|>,
  <<|java+class:///org/apache/catalina/tribes/group/interceptors/ThroughputInterceptor|,|java+class:///org/apache/catalina/tribes/group/ChannelInterceptorBase|>,2,|java+interface:///org/apache/catalina/tribes/ChannelInterceptor|>,
  <<|java+class:///org/apache/el/parser/AstMethodParameters|,|java+class:///org/apache/el/parser/SimpleNode|>,2,|java+interface:///org/apache/el/parser/Node|>,
  <<|java+class:///org/apache/naming/resources/WARDirContext|,|java+class:///org/apache/naming/resources/BaseDirContext|>,2,|java+interface:///javax/naming/Context|>,
  <<|java+class:///org/apache/catalina/util/ResourceSet|,|java+class:///java/util/HashSet|>,2,|java+interface:///java/util/Set|>,
  <<|java+class:///org/apache/catalina/filters/CsrfPreventionFilter/CsrfResponseWrapper|,|java+class:///javax/servlet/http/HttpServletResponseWrapper|>,2,|java+interface:///javax/servlet/ServletResponse|>,
  <<|java+class:///org/apache/catalina/filters/TestRemoteIpFilter/MockHttpServletRequest|,|java+class:///org/apache/catalina/connector/Request|>,2,|java+interface:///javax/servlet/http/HttpServletRequest|>,
  <<|java+class:///org/apache/catalina/valves/RemoteHostValve|,|java+class:///org/apache/catalina/valves/RequestFilterValve|>,2,|java+class:///org/apache/catalina/util/LifecycleBase|>,
  <<|java+class:///org/apache/catalina/loader/VirtualWebappLoader|,|java+class:///org/apache/catalina/loader/WebappLoader|>,2,|java+interface:///org/apache/catalina/Lifecycle|>,
  <<|java+class:///org/apache/catalina/util/ParameterMap|,|java+class:///java/util/HashMap|>,2,|java+interface:///java/util/Map|>,
  <<|java+class:///javax/el/ELException|,|java+class:///java/lang/RuntimeException|>,2,|java+class:///java/lang/Exception|>,
  <<|java+interface:///javax/servlet/http/HttpSessionBindingListener|,|java+interface:///java/util/EventListener|>,2,|java+class:///java/lang/Object|>,
  <<|java+class:///org/apache/el/parser/AstValue|,|java+class:///org/apache/el/parser/SimpleNode|>,2,|java+interface:///org/apache/el/parser/Node|>,
  <<|java+class:///org/apache/tomcat/util/threads/TaskQueue|,|java+class:///java/util/concurrent/LinkedBlockingQueue|>,2,|java+interface:///java/util/concurrent/BlockingQueue|>,
  <<|java+class:///org/apache/catalina/startup/Tomcat/ExistingStandardWrapper|,|java+class:///org/apache/catalina/core/StandardWrapper|>,2,|java+class:///org/apache/catalina/util/LifecycleBase|>,
  <<|java+class:///org/apache/catalina/realm/JNDIRealm|,|java+class:///org/apache/catalina/realm/RealmBase|>,2,|java+interface:///org/apache/catalina/Lifecycle|>,
  <<|java+class:///org/apache/catalina/util/LifecycleMBeanBase|,|java+class:///org/apache/catalina/util/LifecycleBase|>,2,|java+class:///java/lang/Object|>,
  <<|java+class:///org/apache/catalina/session/PersistentManager|,|java+class:///org/apache/catalina/session/PersistentManagerBase|>,2,|java+interface:///org/apache/catalina/Lifecycle|>,
  <<|java+class:///org/apache/catalina/core/StandardService|,|java+class:///org/apache/catalina/util/LifecycleMBeanBase|>,2,|java+class:///java/lang/Object|>,
  <<|java+class:///org/apache/catalina/valves/RequestFilterValve|,|java+class:///org/apache/catalina/valves/ValveBase|>,2,|java+interface:///org/apache/catalina/Contained|>,
  <<|java+class:///org/apache/tomcat/util/bcel/classfile/PMGClass|,|java+class:///org/apache/tomcat/util/bcel/classfile/Attribute|>,2,|java+class:///java/lang/Object|>,
  <<|java+interface:///org/apache/catalina/Wrapper|,|java+interface:///org/apache/catalina/Container|>,2,|java+class:///java/lang/Object|>,
  <<|java+class:///org/apache/catalina/realm/JAASMemoryLoginModule|,|java+class:///org/apache/catalina/realm/MemoryRealm|>,2,|java+class:///java/lang/Object|>,
  <<|java+class:///javax/servlet/ServletRequestWrapper|,|java+interface:///javax/servlet/ServletRequest|>,2,|java+interface:///javax/servlet/ServletRequest|>,
  <<|java+class:///org/apache/tomcat/util/bcel/classfile/JavaClass|,|java+class:///org/apache/tomcat/util/bcel/classfile/AccessFlags|>,2,|java+class:///java/lang/Object|>,
  <<|java+class:///org/apache/catalina/core/TestStandardContextResources/GetResourceServlet|,|java+class:///javax/servlet/http/HttpServlet|>,2,|java+interface:///javax/servlet/Servlet|>,
  <<|java+class:///org/apache/coyote/http11/AbstractHttp11Protocol|,|java+interface:///org/apache/coyote/ProtocolHandler|>,2,|java+interface:///org/apache/coyote/ProtocolHandler|>,
  <<|java+interface:///org/apache/catalina/tribes/transport/MultiPointSender|,|java+interface:///org/apache/catalina/tribes/transport/DataSender|>,2,|java+class:///java/lang/Object|>,
  <<|java+interface:///javax/servlet/http/HttpServletResponse|,|java+interface:///javax/servlet/ServletResponse|>,2,|java+interface:///javax/servlet/ServletResponse|>,
  <<|java+class:///org/apache/tomcat/util/bcel/classfile/ConstantInterfaceMethodref|,|java+class:///org/apache/tomcat/util/bcel/classfile/ConstantCP|>,2,|java+class:///org/apache/tomcat/util/bcel/classfile/Constant|>,
  <<|java+class:///org/apache/catalina/core/ApplicationHttpRequest|,|java+class:///javax/servlet/http/HttpServletRequestWrapper|>,2,|java+interface:///javax/servlet/ServletRequest|>,
  <<|java+class:///org/apache/catalina/ha/session/ClusterManagerBase|,|java+interface:///org/apache/catalina/ha/ClusterManager|>,2,|java+interface:///org/apache/catalina/ha/ClusterManager|>,
  <<|java+class:///org/apache/catalina/filters/ExpiresFilter/XHttpServletResponse|,|java+class:///javax/servlet/http/HttpServletResponseWrapper|>,2,|java+interface:///javax/servlet/ServletResponse|>,
  <<|java+class:///org/apache/catalina/core/TestStandardContextAliases/TestServlet|,|java+class:///javax/servlet/http/HttpServlet|>,2,|java+interface:///javax/servlet/Servlet|>,
  <<|java+class:///org/apache/catalina/valves/ExtendedAccessLogValve|,|java+class:///org/apache/catalina/valves/AccessLogValve|>,2,|java+interface:///org/apache/catalina/Valve|>,
  <<|java+class:///org/apache/el/parser/AstNot|,|java+class:///org/apache/el/parser/SimpleNode|>,2,|java+interface:///org/apache/el/parser/Node|>,
  <<|java+class:///org/apache/catalina/session/ManagerBase|,|java+class:///org/apache/catalina/util/LifecycleMBeanBase|>,2,|java+class:///java/lang/Object|>,
  <<|java+class:///org/apache/catalina/filters/FilterBase|,|java+interface:///javax/servlet/Filter|>,2,|java+interface:///javax/servlet/Filter|>,
  <<|java+class:///org/apache/catalina/connector/Request|,|java+interface:///javax/servlet/http/HttpServletRequest|>,2,|java+interface:///javax/servlet/http/HttpServletRequest|>,
  <<|java+class:///org/apache/naming/resources/WARDirContext/WARResource|,|java+class:///org/apache/naming/resources/Resource|>,2,|java+class:///java/lang/Object|>,
  <<|java+class:///javax/servlet/jsp/JspWriter|,|java+class:///java/io/Writer|>,2,|java+class:///java/lang/Object|>,
  <<|java+class:///org/apache/catalina/filters/RemoteIpFilter/XForwardedRequest|,|java+class:///javax/servlet/http/HttpServletRequestWrapper|>,2,|java+interface:///javax/servlet/ServletRequest|>,
  <<|java+class:///org/apache/tomcat/util/bcel/classfile/ConstantFieldref|,|java+class:///org/apache/tomcat/util/bcel/classfile/ConstantCP|>,2,|java+class:///org/apache/tomcat/util/bcel/classfile/Constant|>,
  <<|java+class:///org/apache/tomcat/util/bcel/classfile/LocalVariableTypeTable|,|java+class:///org/apache/tomcat/util/bcel/classfile/Attribute|>,2,|java+class:///java/lang/Object|>,
  <<|java+class:///org/apache/catalina/tribes/group/ChannelInterceptorBase|,|java+interface:///org/apache/catalina/tribes/ChannelInterceptor|>,2,|java+interface:///org/apache/catalina/tribes/MembershipListener|>,
  <<|java+class:///org/apache/catalina/tribes/transport/bio/BioReplicationTask|,|java+class:///org/apache/catalina/tribes/transport/AbstractRxTask|>,2,|java+interface:///java/lang/Runnable|>,
  <<|java+class:///org/apache/jasper/runtime/BodyContentImpl|,|java+class:///javax/servlet/jsp/tagext/BodyContent|>,2,|java+class:///javax/servlet/jsp/JspWriter|>,
  <<|java+class:///javax/el/MethodExpression|,|java+class:///javax/el/Expression|>,2,|java+class:///java/lang/Object|>,
  <<|java+class:///org/apache/catalina/authenticator/DigestAuthenticator|,|java+class:///org/apache/catalina/authenticator/AuthenticatorBase|>,2,|java+interface:///org/apache/catalina/Contained|>,
  <<|java+interface:///javax/servlet/FilterRegistration/Dynamic|,|java+interface:///javax/servlet/FilterRegistration|>,2,|java+interface:///javax/servlet/FilterRegistration|>,
  <<|java+class:///org/apache/catalina/deploy/ContextEjb|,|java+class:///org/apache/catalina/deploy/ResourceBase|>,2,|java+interface:///org/apache/catalina/deploy/Injectable|>,
  <<|java+class:///org/apache/catalina/users/MemoryGroup|,|java+class:///org/apache/catalina/users/AbstractGroup|>,2,|java+interface:///org/apache/catalina/Group|>,
  <<|java+class:///org/apache/tomcat/util/bcel/classfile/Code|,|java+class:///org/apache/tomcat/util/bcel/classfile/Attribute|>,2,|java+class:///java/lang/Object|>,
  <<|java+class:///org/apache/catalina/ha/tcp/SimpleTcpCluster|,|java+class:///org/apache/catalina/util/LifecycleBase|>,2,|java+class:///java/lang/Object|>,
  <<|java+class:///org/apache/catalina/valves/ValveBase|,|java+class:///org/apache/catalina/util/LifecycleMBeanBase|>,2,|java+interface:///org/apache/catalina/Lifecycle|>,
  <<|java+class:///org/apache/catalina/deploy/ContextHandler|,|java+class:///org/apache/catalina/deploy/ResourceBase|>,2,|java+class:///java/lang/Object|>,
  <<|java+class:///javax/servlet/http/HttpServletResponseWrapper|,|java+interface:///javax/servlet/http/HttpServletResponse|>,2,|java+interface:///javax/servlet/ServletResponse|>,
  <<|java+class:///org/apache/tomcat/util/bcel/classfile/ConstantMethodref|,|java+class:///org/apache/tomcat/util/bcel/classfile/ConstantCP|>,2,|java+class:///org/apache/tomcat/util/bcel/classfile/Constant|>,
  <<|java+class:///org/apache/catalina/realm/DataSourceRealm|,|java+class:///org/apache/catalina/realm/RealmBase|>,2,|java+class:///org/apache/catalina/util/LifecycleBase|>,
  <<|java+interface:///org/apache/catalina/Service|,|java+interface:///org/apache/catalina/Lifecycle|>,2,|java+class:///java/lang/Object|>,
  <<|java+class:///org/apache/el/parser/AstMult|,|java+class:///org/apache/el/parser/ArithmeticNode|>,2,|java+interface:///org/apache/el/parser/Node|>,
  <<|java+class:///org/apache/tomcat/util/http/CookiesBaseTest/CookieServlet|,|java+class:///javax/servlet/http/HttpServlet|>,2,|java+interface:///javax/servlet/Servlet|>,
  <<|java+class:///org/apache/el/parser/AstNotEqual|,|java+class:///org/apache/el/parser/BooleanNode|>,2,|java+interface:///org/apache/el/parser/Node|>,
  <<|java+interface:///org/apache/catalina/tribes/tipis/ReplicatedMapEntry|,|java+interface:///java/io/Serializable|>,2,|java+class:///java/lang/Object|>,
  <<|java+interface:///javax/servlet/http/HttpSessionActivationListener|,|java+interface:///java/util/EventListener|>,2,|java+class:///java/lang/Object|>,
  <<|java+class:///org/apache/catalina/connector/ResponseFacade|,|java+interface:///javax/servlet/http/HttpServletResponse|>,2,|java+interface:///javax/servlet/ServletResponse|>,
  <<|java+class:///org/apache/el/ValueExpressionLiteral|,|java+class:///javax/el/ValueExpression|>,2,|java+class:///java/lang/Object|>,
  <<|java+class:///org/apache/catalina/tribes/demos/LoadTest/LoadMessage|,|java+class:///org/apache/catalina/tribes/ByteMessage|>,2,|java+interface:///java/io/Serializable|>,
  <<|java+class:///org/apache/catalina/startup/WebRuleSet|,|java+class:///org/apache/tomcat/util/digester/RuleSetBase|>,2,|java+interface:///org/apache/tomcat/util/digester/RuleSet|>,
  <<|java+class:///org/apache/tomcat/util/threads/ThreadPoolExecutor|,|java+class:///java/util/concurrent/ThreadPoolExecutor|>,2,|java+interface:///java/util/concurrent/Executor|>,
  <<|java+class:///org/apache/catalina/realm/UserDatabaseRealm|,|java+class:///org/apache/catalina/realm/RealmBase|>,2,|java+class:///org/apache/catalina/util/LifecycleBase|>,
  <<|java+class:///org/apache/catalina/session/StandardManager|,|java+class:///org/apache/catalina/session/ManagerBase|>,2,|java+interface:///org/apache/catalina/Manager|>,
  <<|java+class:///org/apache/el/parser/AstNull|,|java+class:///org/apache/el/parser/SimpleNode|>,2,|java+interface:///org/apache/el/parser/Node|>,
  <<|java+class:///org/apache/el/parser/AstEmpty|,|java+class:///org/apache/el/parser/SimpleNode|>,2,|java+interface:///org/apache/el/parser/Node|>,
  <<|java+class:///org/apache/catalina/util/LifecycleMBeanBase|,|java+class:///org/apache/catalina/util/LifecycleBase|>,2,|java+interface:///org/apache/catalina/Executor|>,
  <<|java+class:///org/apache/catalina/tribes/group/interceptors/TcpFailureDetector|,|java+class:///org/apache/catalina/tribes/group/ChannelInterceptorBase|>,2,|java+interface:///org/apache/catalina/tribes/ChannelInterceptor|>,
  <<|java+class:///javax/servlet/jsp/tagext/TagAdapter|,|java+interface:///javax/servlet/jsp/tagext/Tag|>,2,|java+interface:///javax/servlet/jsp/tagext/JspTag|>,
  <<|java+class:///org/apache/tomcat/util/bcel/classfile/Field|,|java+class:///org/apache/tomcat/util/bcel/classfile/FieldOrMethod|>,2,|java+interface:///org/apache/tomcat/util/bcel/util/BCELComparator|>,
  <<|java+class:///org/apache/catalina/startup/TestTomcat/HelloWorldJndi|,|java+class:///javax/servlet/http/HttpServlet|>,2,|java+interface:///javax/servlet/Servlet|>,
  <<|java+class:///org/apache/catalina/ha/tcp/ReplicationValve|,|java+interface:///org/apache/catalina/ha/ClusterValve|>,2,|java+interface:///org/apache/catalina/Valve|>,
  <<|java+class:///org/apache/coyote/http11/AbstractInputBuffer|,|java+interface:///org/apache/coyote/InputBuffer|>,2,|java+interface:///org/apache/coyote/InputBuffer|>,
  <<|java+class:///org/apache/catalina/realm/MemoryRuleSet|,|java+class:///org/apache/tomcat/util/digester/RuleSetBase|>,2,|java+interface:///org/apache/tomcat/util/digester/RuleSet|>,
  <<|java+class:///org/apache/catalina/ha/deploy/FileMessage|,|java+class:///org/apache/catalina/ha/ClusterMessageBase|>,2,|java+interface:///org/apache/catalina/ha/ClusterMessage|>,
  <<|java+interface:///org/apache/catalina/tribes/ChannelInterceptor|,|java+interface:///org/apache/catalina/tribes/MembershipListener|>,2,|java+interface:///org/apache/catalina/tribes/MembershipListener|>,
  <<|java+class:///org/apache/catalina/valves/CometConnectionManagerValve|,|java+class:///org/apache/catalina/valves/ValveBase|>,2,|java+interface:///org/apache/catalina/Valve|>,
  <<|java+class:///org/apache/catalina/valves/RemoteHostValve|,|java+class:///org/apache/catalina/valves/RequestFilterValve|>,2,|java+interface:///org/apache/catalina/Valve|>,
  <<|java+class:///org/apache/catalina/tribes/transport/ReceiverBase|,|java+interface:///org/apache/catalina/tribes/ChannelReceiver|>,2,|java+interface:///org/apache/catalina/tribes/ChannelReceiver|>,
  <<|java+class:///org/apache/catalina/valves/ValveBase|,|java+class:///org/apache/catalina/util/LifecycleMBeanBase|>,2,|java+class:///org/apache/catalina/util/LifecycleBase|>,
  <<|java+class:///org/apache/catalina/ha/session/DeltaManager|,|java+class:///org/apache/catalina/ha/session/ClusterManagerBase|>,2,|java+interface:///org/apache/catalina/ha/ClusterManager|>,
  <<|java+class:///org/apache/catalina/tribes/transport/nio/NioReceiver|,|java+class:///org/apache/catalina/tribes/transport/ReceiverBase|>,2,|java+interface:///org/apache/catalina/tribes/ChannelReceiver|>,
  <<|java+class:///org/apache/jasper/compiler/Node/Declaration|,|java+class:///org/apache/jasper/compiler/Node/ScriptingElement|>,2,|java+class:///org/apache/jasper/compiler/Node|>,
  <<|java+interface:///org/apache/catalina/Host|,|java+interface:///org/apache/catalina/Container|>,2,|java+interface:///org/apache/catalina/Lifecycle|>,
  <<|java+interface:///org/apache/catalina/Context|,|java+interface:///org/apache/catalina/Container|>,2,|java+class:///java/lang/Object|>,
  <<|java+class:///javax/servlet/http/HttpServletResponseWrapper|,|java+interface:///javax/servlet/http/HttpServletResponse|>,2,|java+interface:///javax/servlet/http/HttpServletResponse|>,
  <<|java+class:///org/apache/catalina/realm/CombinedRealm|,|java+class:///org/apache/catalina/realm/RealmBase|>,2,|java+interface:///org/apache/catalina/Lifecycle|>,
  <<|java+class:///org/apache/catalina/ha/session/JvmRouteBinderValve|,|java+interface:///org/apache/catalina/ha/ClusterValve|>,2,|java+interface:///org/apache/catalina/Valve|>,
  <<|java+class:///org/apache/catalina/users/AbstractGroup|,|java+interface:///org/apache/catalina/Group|>,2,|java+interface:///org/apache/catalina/Group|>,
  <<|java+class:///org/apache/coyote/http11/InternalAprOutputBuffer|,|java+class:///org/apache/coyote/http11/AbstractOutputBuffer|>,2,|java+interface:///org/apache/coyote/OutputBuffer|>,
  <<|java+class:///org/apache/el/parser/AstOr|,|java+class:///org/apache/el/parser/BooleanNode|>,2,|java+interface:///org/apache/el/parser/Node|>,
  <<|java+class:///org/apache/catalina/ha/session/BackupManager|,|java+class:///org/apache/catalina/ha/session/ClusterManagerBase|>,2,|java+class:///org/apache/catalina/session/ManagerBase|>,
  <<|java+class:///org/apache/catalina/users/AbstractRole|,|java+interface:///org/apache/catalina/Role|>,2,|java+interface:///org/apache/catalina/Role|>,
  <<|java+class:///org/apache/catalina/core/StandardServer|,|java+class:///org/apache/catalina/util/LifecycleMBeanBase|>,2,|java+class:///org/apache/catalina/util/LifecycleBase|>,
  <<|java+class:///org/apache/catalina/servlets/DefaultServlet|,|java+class:///javax/servlet/http/HttpServlet|>,2,|java+class:///java/lang/Object|>,
  <<|java+class:///org/apache/catalina/tribes/group/GroupChannel|,|java+interface:///org/apache/catalina/tribes/ManagedChannel|>,2,|java+interface:///org/apache/catalina/tribes/Channel|>,
  <<|java+class:///org/apache/catalina/core/ContainerBase|,|java+class:///org/apache/catalina/util/LifecycleMBeanBase|>,2,|java+interface:///org/apache/catalina/Context|>,
  <<|java+class:///org/apache/catalina/startup/Tomcat/ExistingStandardWrapper|,|java+class:///org/apache/catalina/core/StandardWrapper|>,2,|java+class:///org/apache/catalina/core/ContainerBase|>,
  <<|java+class:///org/apache/catalina/deploy/MessageDestinationRef|,|java+class:///org/apache/catalina/deploy/ResourceBase|>,2,|java+class:///java/lang/Object|>,
  <<|java+class:///org/apache/catalina/startup/RealmRuleSet|,|java+class:///org/apache/tomcat/util/digester/RuleSetBase|>,2,|java+interface:///org/apache/tomcat/util/digester/RuleSet|>,
  <<|java+class:///org/apache/catalina/startup/ContextRuleSet|,|java+class:///org/apache/tomcat/util/digester/RuleSetBase|>,2,|java+interface:///org/apache/tomcat/util/digester/RuleSet|>,
  <<|java+class:///org/apache/catalina/ha/session/ClusterManagerBase|,|java+class:///org/apache/catalina/session/ManagerBase|>,2,|java+class:///org/apache/catalina/session/ManagerBase|>,
  <<|java+class:///org/apache/tomcat/util/digester/NodeCreateRule/NodeBuilder|,|java+class:///org/xml/sax/helpers/DefaultHandler|>,2,|java+interface:///org/xml/sax/ContentHandler|>,
  <<|java+class:///org/apache/jasper/compiler/Node/ScriptingElement|,|java+class:///org/apache/jasper/compiler/Node|>,2,|java+class:///org/apache/jasper/compiler/Node|>,
  <<|java+class:///org/apache/el/parser/AstIdentifier|,|java+class:///org/apache/el/parser/SimpleNode|>,2,|java+interface:///org/apache/el/parser/Node|>,
  <<|java+class:///org/apache/catalina/loader/VirtualWebappLoader|,|java+class:///org/apache/catalina/loader/WebappLoader|>,2,|java+class:///org/apache/catalina/util/LifecycleBase|>,
  <<|java+class:///org/apache/catalina/connector/Request|,|java+interface:///javax/servlet/http/HttpServletRequest|>,2,|java+interface:///javax/servlet/ServletRequest|>,
  <<|java+class:///org/apache/catalina/valves/CometConnectionManagerValve|,|java+class:///org/apache/catalina/valves/ValveBase|>,2,|java+interface:///org/apache/catalina/Lifecycle|>,
  <<|java+class:///org/apache/catalina/core/StandardWrapper|,|java+interface:///org/apache/catalina/Wrapper|>,2,|java+interface:///org/apache/catalina/Container|>,
  <<|java+class:///org/apache/catalina/util/LifecycleBase|,|java+interface:///org/apache/catalina/Lifecycle|>,2,|java+interface:///org/apache/catalina/Lifecycle|>,
  <<|java+class:///org/apache/catalina/core/TestAsyncContextImpl/Bug49567Servlet|,|java+class:///javax/servlet/http/HttpServlet|>,2,|java+interface:///javax/servlet/Servlet|>,
  <<|java+class:///org/apache/catalina/tribes/group/interceptors/NonBlockingCoordinator|,|java+class:///org/apache/catalina/tribes/group/ChannelInterceptorBase|>,2,|java+interface:///org/apache/catalina/tribes/ChannelInterceptor|>,
  <<|java+class:///org/apache/tomcat/util/bcel/classfile/StackMapTable|,|java+class:///org/apache/tomcat/util/bcel/classfile/Attribute|>,2,|java+class:///java/lang/Object|>,
  <<|java+class:///org/apache/catalina/core/StandardContext|,|java+class:///org/apache/catalina/core/ContainerBase|>,2,|java+class:///org/apache/catalina/util/LifecycleBase|>,
  <<|java+class:///org/apache/catalina/tribes/transport/bio/PooledMultiSender|,|java+class:///org/apache/catalina/tribes/transport/PooledSender|>,2,|java+class:///org/apache/catalina/tribes/transport/AbstractSender|>,
  <<|java+class:///org/apache/catalina/realm/JNDIRealm|,|java+class:///org/apache/catalina/realm/RealmBase|>,2,|java+class:///org/apache/catalina/util/LifecycleBase|>,
  <<|java+class:///org/apache/el/parser/BooleanNode|,|java+class:///org/apache/el/parser/SimpleNode|>,2,|java+interface:///org/apache/el/parser/Node|>,
  <<|java+class:///org/apache/catalina/tribes/test/interceptors/TestOrderInterceptor/MangleOrderInterceptor|,|java+class:///org/apache/catalina/tribes/group/ChannelInterceptorBase|>,2,|java+interface:///org/apache/catalina/tribes/ChannelInterceptor|>,
  <<|java+class:///org/apache/el/parser/ArithmeticNode|,|java+class:///org/apache/el/parser/SimpleNode|>,2,|java+interface:///org/apache/el/parser/Node|>,
  <<|java+class:///org/apache/catalina/realm/RealmBase|,|java+class:///org/apache/catalina/util/LifecycleMBeanBase|>,2,|java+class:///java/lang/Object|>,
  <<|java+class:///org/apache/catalina/realm/JAASRealm|,|java+class:///org/apache/catalina/realm/RealmBase|>,2,|java+class:///org/apache/catalina/util/LifecycleBase|>,
  <<|java+class:///org/apache/catalina/deploy/ContextEnvironment|,|java+class:///org/apache/catalina/deploy/ResourceBase|>,2,|java+class:///java/lang/Object|>,
  <<|java+class:///org/apache/tomcat/util/bcel/classfile/Annotations|,|java+class:///org/apache/tomcat/util/bcel/classfile/Attribute|>,2,|java+class:///org/apache/tomcat/util/bcel/classfile/Attribute|>,
  <<|java+class:///org/apache/catalina/valves/AccessLogValve|,|java+class:///org/apache/catalina/valves/ValveBase|>,2,|java+interface:///org/apache/catalina/Contained|>,
  <<|java+class:///org/apache/catalina/realm/CombinedRealm|,|java+class:///org/apache/catalina/realm/RealmBase|>,2,|java+interface:///org/apache/catalina/Realm|>,
  <<|java+class:///org/apache/catalina/loader/VirtualWebappLoader|,|java+class:///org/apache/catalina/loader/WebappLoader|>,2,|java+interface:///org/apache/catalina/Loader|>,
  <<|java+class:///org/apache/catalina/core/StandardWrapperValve|,|java+class:///org/apache/catalina/valves/ValveBase|>,2,|java+interface:///org/apache/catalina/Valve|>,
  <<|java+class:///org/apache/tomcat/util/bcel/classfile/SourceFile|,|java+class:///org/apache/tomcat/util/bcel/classfile/Attribute|>,2,|java+class:///java/lang/Object|>,
  <<|java+class:///org/apache/catalina/core/StandardEngine|,|java+class:///org/apache/catalina/core/ContainerBase|>,2,|java+class:///org/apache/catalina/util/LifecycleBase|>,
  <<|java+class:///org/apache/catalina/ha/ClusterMessageBase|,|java+interface:///org/apache/catalina/ha/ClusterMessage|>,2,|java+interface:///org/apache/catalina/ha/ClusterMessage|>,
  <<|java+interface:///org/apache/catalina/Container|,|java+interface:///org/apache/catalina/Lifecycle|>,2,|java+interface:///org/apache/catalina/Lifecycle|>,
  <<|java+class:///org/apache/catalina/connector/Connector|,|java+class:///org/apache/catalina/util/LifecycleMBeanBase|>,2,|java+class:///java/lang/Object|>,
  <<|java+class:///org/apache/catalina/realm/DataSourceRealm|,|java+class:///org/apache/catalina/realm/RealmBase|>,2,|java+interface:///org/apache/catalina/Realm|>,
  <<|java+interface:///org/apache/catalina/Engine|,|java+interface:///org/apache/catalina/Container|>,2,|java+class:///java/lang/Object|>,
  <<|java+class:///org/apache/jasper/servlet/JspServlet|,|java+class:///javax/servlet/http/HttpServlet|>,2,|java+interface:///javax/servlet/Servlet|>,
  <<|java+class:///org/apache/catalina/ha/session/BackupManager|,|java+class:///org/apache/catalina/ha/session/ClusterManagerBase|>,2,|java+interface:///org/apache/catalina/Manager|>,
  <<|java+class:///org/apache/coyote/http11/InternalNioInputBuffer|,|java+class:///org/apache/coyote/http11/AbstractInputBuffer|>,2,|java+interface:///org/apache/coyote/InputBuffer|>,
  <<|java+class:///org/apache/tomcat/util/bcel/classfile/RuntimeVisibleAnnotations|,|java+class:///org/apache/tomcat/util/bcel/classfile/Annotations|>,2,|java+class:///org/apache/tomcat/util/bcel/classfile/Attribute|>,
  <<|java+class:///org/apache/catalina/session/StoreBase|,|java+class:///org/apache/catalina/util/LifecycleBase|>,2,|java+class:///java/lang/Object|>,
  <<|java+class:///org/apache/tomcat/util/digester/CallParamRule|,|java+class:///org/apache/tomcat/util/digester/Rule|>,2,|java+class:///org/apache/tomcat/util/digester/Rule|>,
  <<|java+interface:///org/apache/catalina/ha/ClusterValve|,|java+interface:///org/apache/catalina/Valve|>,2,|java+interface:///org/apache/catalina/Valve|>,
  <<|java+class:///org/apache/catalina/tribes/tipis/LazyReplicatedMap|,|java+class:///org/apache/catalina/tribes/tipis/AbstractReplicatedMap|>,2,|java+interface:///java/util/Map|>,
  <<|java+interface:///org/apache/catalina/ha/ClusterSession|,|java+interface:///org/apache/catalina/Session|>,2,|java+interface:///org/apache/catalina/Session|>,
  <<|java+class:///org/apache/catalina/loader/WebappClassLoader|,|java+class:///java/net/URLClassLoader|>,2,|java+class:///java/lang/ClassLoader|>,
  <<|java+class:///org/apache/tomcat/util/bcel/classfile/FieldOrMethod|,|java+class:///org/apache/tomcat/util/bcel/classfile/AccessFlags|>,2,|java+interface:///org/apache/tomcat/util/bcel/util/BCELComparator|>,
  <<|java+class:///org/apache/tomcat/util/digester/Digester|,|java+class:///org/xml/sax/helpers/DefaultHandler|>,2,|java+interface:///org/xml/sax/ErrorHandler|>,
  <<|java+class:///org/apache/catalina/ha/session/DeltaManager|,|java+class:///org/apache/catalina/ha/session/ClusterManagerBase|>,2,|java+class:///org/apache/catalina/util/LifecycleBase|>,
  <<|java+class:///javax/servlet/http/HttpServlet|,|java+class:///javax/servlet/GenericServlet|>,2,|java+class:///java/lang/Object|>,
  <<|java+class:///org/apache/catalina/core/ContainerBase|,|java+class:///org/apache/catalina/util/LifecycleMBeanBase|>,2,|java+class:///org/apache/catalina/util/LifecycleBase|>,
  <<|java+class:///org/apache/tomcat/util/bcel/classfile/RuntimeInvisibleParameterAnnotations|,|java+class:///org/apache/tomcat/util/bcel/classfile/ParameterAnnotations|>,2,|java+class:///org/apache/tomcat/util/bcel/classfile/Attribute|>,
  <<|java+class:///org/apache/catalina/loader/WebappLoader|,|java+class:///org/apache/catalina/util/LifecycleMBeanBase|>,2,|java+class:///org/apache/catalina/util/LifecycleBase|>,
  <<|java+class:///org/apache/tomcat/util/http/TestCookiesAllowEquals/SimpleServlet|,|java+class:///javax/servlet/http/HttpServlet|>,2,|java+interface:///javax/servlet/Servlet|>,
  <<|java+class:///org/apache/catalina/tribes/group/interceptors/StaticMembershipInterceptor|,|java+class:///org/apache/catalina/tribes/group/ChannelInterceptorBase|>,2,|java+interface:///org/apache/catalina/tribes/ChannelInterceptor|>,
  <<|java+interface:///org/apache/catalina/Host|,|java+interface:///org/apache/catalina/Container|>,2,|java+interface:///org/apache/catalina/Container|>,
  <<|java+class:///javax/servlet/jsp/PageContext|,|java+class:///javax/servlet/jsp/JspContext|>,2,|java+class:///javax/servlet/jsp/JspContext|>,
  <<|java+class:///org/apache/catalina/ha/session/JvmRouteBinderValve|,|java+class:///org/apache/catalina/valves/ValveBase|>,2,|java+class:///org/apache/catalina/util/LifecycleBase|>,
  <<|java+interface:///org/apache/coyote/http11/OutputFilter|,|java+interface:///org/apache/coyote/OutputBuffer|>,2,|java+class:///java/lang/Object|>,
  <<|java+class:///org/apache/catalina/core/StandardWrapper|,|java+class:///org/apache/catalina/core/ContainerBase|>,2,|java+class:///java/lang/Object|>,
  <<|java+class:///org/apache/catalina/deploy/ContextService|,|java+class:///org/apache/catalina/deploy/ResourceBase|>,2,|java+interface:///org/apache/catalina/deploy/Injectable|>,
  <<|java+class:///org/apache/catalina/tribes/transport/nio/NioReplicationTask|,|java+class:///org/apache/catalina/tribes/transport/AbstractRxTask|>,2,|java+interface:///java/lang/Runnable|>,
  <<|java+class:///javax/servlet/jsp/tagext/BodyContent|,|java+class:///javax/servlet/jsp/JspWriter|>,2,|java+class:///javax/servlet/jsp/JspWriter|>,
  <<|java+class:///org/apache/catalina/connector/CoyoteOutputStream|,|java+class:///javax/servlet/ServletOutputStream|>,2,|java+class:///java/io/OutputStream|>,
  <<|java+class:///javax/servlet/ServletOutputStream|,|java+class:///java/io/OutputStream|>,2,|java+class:///java/io/OutputStream|>,
  <<|java+class:///org/apache/catalina/authenticator/AuthenticatorBase|,|java+class:///org/apache/catalina/valves/ValveBase|>,2,|java+class:///org/apache/catalina/util/LifecycleBase|>,
  <<|java+class:///org/apache/catalina/deploy/ContextResource|,|java+class:///org/apache/catalina/deploy/ResourceBase|>,2,|java+interface:///org/apache/catalina/deploy/Injectable|>,
  <<|java+interface:///org/apache/catalina/Role|,|java+interface:///java/security/Principal|>,2,|java+class:///java/lang/Object|>,
  <<|java+class:///org/apache/catalina/ha/tcp/ReplicationValve|,|java+class:///org/apache/catalina/valves/ValveBase|>,2,|java+class:///org/apache/catalina/util/LifecycleBase|>,
  <<|java+class:///org/apache/catalina/startup/TldRuleSet|,|java+class:///org/apache/tomcat/util/digester/RuleSetBase|>,2,|java+interface:///org/apache/tomcat/util/digester/RuleSet|>,
  <<|java+class:///org/apache/catalina/ha/session/DeltaSession|,|java+class:///org/apache/catalina/session/StandardSession|>,2,|java+class:///java/lang/Object|>,
  <<|java+class:///org/apache/jasper/compiler/Node/Expression|,|java+class:///org/apache/jasper/compiler/Node/ScriptingElement|>,2,|java+class:///org/apache/jasper/compiler/Node|>,
  <<|java+class:///org/apache/tomcat/util/bcel/classfile/StackMap|,|java+class:///org/apache/tomcat/util/bcel/classfile/Attribute|>,2,|java+class:///java/lang/Object|>,
  <<|java+interface:///javax/servlet/http/HttpServletResponse|,|java+interface:///javax/servlet/ServletResponse|>,2,|java+class:///java/lang/Object|>,
  <<|java+class:///org/apache/catalina/ssi/ExpressionParseTree/GreaterThanNode|,|java+class:///org/apache/catalina/ssi/ExpressionParseTree/CompareNode|>,2,|java+class:///org/apache/catalina/ssi/ExpressionParseTree/OppNode|>,
  <<|java+class:///org/apache/catalina/core/StandardEngineValve|,|java+class:///org/apache/catalina/valves/ValveBase|>,2,|java+interface:///org/apache/catalina/Contained|>,
  <<|java+class:///org/apache/el/parser/AstFloatingPoint|,|java+class:///org/apache/el/parser/SimpleNode|>,2,|java+interface:///org/apache/el/parser/Node|>,
  <<|java+class:///org/apache/catalina/core/StandardService|,|java+interface:///org/apache/catalina/Service|>,2,|java+interface:///org/apache/catalina/Lifecycle|>,
  <<|java+class:///org/apache/naming/resources/WARDirContext|,|java+class:///org/apache/naming/resources/BaseDirContext|>,2,|java+class:///java/lang/Object|>,
  <<|java+class:///org/apache/tomcat/util/modeler/AttributeInfo|,|java+class:///org/apache/tomcat/util/modeler/FeatureInfo|>,2,|java+class:///java/lang/Object|>,
  <<|java+class:///org/apache/catalina/tribes/group/interceptors/MessageDispatch15Interceptor|,|java+class:///org/apache/catalina/tribes/group/interceptors/MessageDispatchInterceptor|>,2,|java+interface:///org/apache/catalina/tribes/ChannelInterceptor|>,
  <<|java+class:///org/apache/tomcat/util/bcel/classfile/RuntimeInvisibleAnnotations|,|java+class:///org/apache/tomcat/util/bcel/classfile/Annotations|>,2,|java+class:///org/apache/tomcat/util/bcel/classfile/Attribute|>,
  <<|java+class:///org/apache/catalina/loader/WebappLoader|,|java+class:///org/apache/catalina/util/LifecycleMBeanBase|>,2,|java+interface:///org/apache/catalina/Lifecycle|>,
  <<|java+class:///org/apache/tomcat/util/http/TestCookiesAllowHttpSeps/SimpleServlet|,|java+class:///javax/servlet/http/HttpServlet|>,2,|java+interface:///javax/servlet/Servlet|>,
  <<|java+class:///org/apache/catalina/users/MemoryRole|,|java+class:///org/apache/catalina/users/AbstractRole|>,2,|java+interface:///org/apache/catalina/Role|>,
  <<|java+class:///compressionFilters/CompressionServletResponseWrapper|,|java+class:///javax/servlet/http/HttpServletResponseWrapper|>,2,|java+interface:///javax/servlet/ServletResponse|>,
  <<|java+class:///org/apache/jasper/runtime/PageContextImpl|,|java+class:///javax/servlet/jsp/PageContext|>,2,|java+class:///java/lang/Object|>,
  <<|java+class:///org/apache/tomcat/util/bcel/classfile/Deprecated|,|java+class:///org/apache/tomcat/util/bcel/classfile/Attribute|>,2,|java+class:///java/lang/Object|>,
  <<|java+class:///org/apache/catalina/valves/SemaphoreValve|,|java+class:///org/apache/catalina/valves/ValveBase|>,2,|java+interface:///org/apache/catalina/Contained|>,
  <<|java+class:///org/apache/catalina/tribes/group/interceptors/OrderInterceptor|,|java+class:///org/apache/catalina/tribes/group/ChannelInterceptorBase|>,2,|java+interface:///org/apache/catalina/tribes/ChannelInterceptor|>,
  <<|java+class:///org/apache/catalina/realm/JAASRealm|,|java+class:///org/apache/catalina/realm/RealmBase|>,2,|java+interface:///org/apache/catalina/Realm|>,
  <<|java+class:///org/apache/catalina/ha/session/JvmRouteBinderValve|,|java+class:///org/apache/catalina/valves/ValveBase|>,2,|java+interface:///org/apache/catalina/Lifecycle|>,
  <<|java+class:///org/apache/catalina/realm/JNDIRealm|,|java+class:///org/apache/catalina/realm/RealmBase|>,2,|java+interface:///org/apache/catalina/Realm|>,
  <<|java+class:///org/apache/tomcat/util/bcel/classfile/Synthetic|,|java+class:///org/apache/tomcat/util/bcel/classfile/Attribute|>,2,|java+class:///java/lang/Object|>,
  <<|java+class:///org/apache/catalina/deploy/ContextResourceLink|,|java+class:///org/apache/catalina/deploy/ResourceBase|>,2,|java+class:///java/lang/Object|>,
  <<|java+class:///org/apache/tomcat/util/http/mapper/Mapper/Host|,|java+class:///org/apache/tomcat/util/http/mapper/Mapper/MapElement|>,2,|java+class:///java/lang/Object|>,
  <<|java+class:///org/apache/catalina/startup/HostRuleSet|,|java+class:///org/apache/tomcat/util/digester/RuleSetBase|>,2,|java+interface:///org/apache/tomcat/util/digester/RuleSet|>,
  <<|java+class:///org/apache/catalina/tribes/transport/nio/NioSender|,|java+class:///org/apache/catalina/tribes/transport/AbstractSender|>,2,|java+class:///java/lang/Object|>,
  <<|java+class:///org/apache/catalina/startup/NamingRuleSet|,|java+class:///org/apache/tomcat/util/digester/RuleSetBase|>,2,|java+interface:///org/apache/tomcat/util/digester/RuleSet|>,
  <<|java+class:///org/apache/catalina/authenticator/AuthenticatorBase|,|java+class:///org/apache/catalina/valves/ValveBase|>,2,|java+interface:///org/apache/catalina/Lifecycle|>,
  <<|java+class:///org/apache/el/parser/AstPlus|,|java+class:///org/apache/el/parser/ArithmeticNode|>,2,|java+interface:///org/apache/el/parser/Node|>,
  <<|java+class:///org/apache/catalina/session/PersistentManagerBase|,|java+class:///org/apache/catalina/session/ManagerBase|>,2,|java+interface:///org/apache/catalina/Manager|>,
  <<|java+class:///org/apache/tomcat/util/bcel/classfile/Annotations|,|java+class:///org/apache/tomcat/util/bcel/classfile/Attribute|>,2,|java+class:///java/lang/Object|>,
  <<|java+interface:///org/apache/catalina/ha/ClusterMessage|,|java+interface:///java/io/Serializable|>,2,|java+class:///java/lang/Object|>,
  <<|java+interface:///javax/servlet/http/HttpSessionListener|,|java+interface:///java/util/EventListener|>,2,|java+class:///java/lang/Object|>,
  <<|java+class:///org/apache/naming/resources/FileDirContext|,|java+class:///org/apache/naming/resources/BaseDirContext|>,2,|java+interface:///javax/naming/directory/DirContext|>,
  <<|java+class:///org/apache/catalina/core/StandardWrapperValve|,|java+class:///org/apache/catalina/valves/ValveBase|>,2,|java+class:///org/apache/catalina/util/LifecycleBase|>,
  <<|java+interface:///javax/servlet/jsp/tagext/Tag|,|java+interface:///javax/servlet/jsp/tagext/JspTag|>,2,|java+class:///java/lang/Object|>,
  <<|java+class:///org/apache/naming/resources/ResourceAttributes|,|java+interface:///javax/naming/directory/Attributes|>,2,|java+interface:///javax/naming/directory/Attributes|>,
  <<|java+class:///org/apache/catalina/tribes/group/ChannelCoordinator|,|java+class:///org/apache/catalina/tribes/group/ChannelInterceptorBase|>,2,|java+interface:///org/apache/catalina/tribes/MembershipListener|>,
  <<|java+class:///org/apache/catalina/deploy/ContextResourceEnvRef|,|java+class:///org/apache/catalina/deploy/ResourceBase|>,2,|java+interface:///org/apache/catalina/deploy/Injectable|>,
  <<|java+class:///org/apache/catalina/connector/TestKeepAliveCount/SimpleServlet|,|java+class:///javax/servlet/http/HttpServlet|>,2,|java+interface:///javax/servlet/Servlet|>,
  <<|java+class:///org/apache/tomcat/util/bcel/classfile/Method|,|java+class:///org/apache/tomcat/util/bcel/classfile/FieldOrMethod|>,2,|java+class:///java/lang/Object|>,
  <<|java+class:///org/apache/el/parser/AstChoice|,|java+class:///org/apache/el/parser/SimpleNode|>,2,|java+interface:///org/apache/el/parser/Node|>,
  <<|java+class:///org/apache/catalina/tribes/transport/bio/MultipointBioSender|,|java+interface:///org/apache/catalina/tribes/transport/MultiPointSender|>,2,|java+interface:///org/apache/catalina/tribes/transport/DataSender|>,
  <<|java+class:///org/apache/catalina/realm/MemoryRealm|,|java+class:///org/apache/catalina/realm/RealmBase|>,2,|java+class:///java/lang/Object|>,
  <<|java+class:///org/apache/tomcat/util/bcel/util/ByteSequence/ByteArrayStream|,|java+class:///java/io/ByteArrayInputStream|>,2,|java+class:///java/io/InputStream|>,
  <<|java+class:///org/apache/catalina/authenticator/AuthenticatorBase|,|java+class:///org/apache/catalina/valves/ValveBase|>,2,|java+interface:///org/apache/catalina/Valve|>,
  <<|java+class:///org/apache/el/parser/AstLiteralExpression|,|java+class:///org/apache/el/parser/SimpleNode|>,2,|java+interface:///org/apache/el/parser/Node|>,
  <<|java+class:///org/apache/catalina/core/StandardHost|,|java+class:///org/apache/catalina/core/ContainerBase|>,2,|java+class:///org/apache/catalina/util/LifecycleBase|>,
  <<|java+class:///org/apache/tomcat/util/net/JIoEndpoint|,|java+class:///org/apache/tomcat/util/net/AbstractEndpoint|>,2,|java+class:///java/lang/Object|>,
  <<|java+class:///org/apache/el/TesterBeanAA|,|java+class:///org/apache/el/TesterBeanA|>,2,|java+class:///java/lang/Object|>,
  <<|java+class:///org/apache/catalina/filters/AddDefaultCharsetFilter/ResponseWrapper|,|java+class:///javax/servlet/http/HttpServletResponseWrapper|>,2,|java+interface:///javax/servlet/ServletResponse|>,
  <<|java+class:///org/apache/tomcat/util/bcel/classfile/InnerClasses|,|java+class:///org/apache/tomcat/util/bcel/classfile/Attribute|>,2,|java+class:///java/lang/Object|>,
  <<|java+class:///org/apache/catalina/tribes/test/channel/TestChannelOptionFlag/TestInterceptor|,|java+class:///org/apache/catalina/tribes/group/ChannelInterceptorBase|>,2,|java+interface:///org/apache/catalina/tribes/ChannelInterceptor|>,
  <<|java+class:///org/apache/el/TesterBeanBB|,|java+class:///org/apache/el/TesterBeanB|>,2,|java+class:///java/lang/Object|>,
  <<|java+class:///org/apache/catalina/deploy/ContextLocalEjb|,|java+class:///org/apache/catalina/deploy/ResourceBase|>,2,|java+interface:///org/apache/catalina/deploy/Injectable|>,
  <<|java+class:///org/apache/el/parser/AstMod|,|java+class:///org/apache/el/parser/ArithmeticNode|>,2,|java+interface:///org/apache/el/parser/Node|>,
  <<|java+class:///org/apache/catalina/tribes/transport/AbstractRxTask|,|java+interface:///java/lang/Runnable|>,2,|java+interface:///java/lang/Runnable|>,
  <<|java+class:///org/apache/catalina/tribes/ByteMessage|,|java+interface:///java/io/Serializable|>,2,|java+interface:///java/io/Serializable|>,
  <<|java+class:///org/apache/tomcat/util/bcel/classfile/RuntimeVisibleParameterAnnotations|,|java+class:///org/apache/tomcat/util/bcel/classfile/ParameterAnnotations|>,2,|java+class:///org/apache/tomcat/util/bcel/classfile/Attribute|>,
  <<|java+class:///org/apache/catalina/startup/TestTomcat/GetResource|,|java+class:///javax/servlet/http/HttpServlet|>,2,|java+interface:///javax/servlet/Servlet|>,
  <<|java+class:///org/apache/tomcat/util/http/fileupload/FileCleaningTracker/Tracker|,|java+class:///java/lang/ref/PhantomReference|>,2,|java+class:///java/lang/ref/Reference|>,
  <<|java+class:///javax/servlet/ServletInputStream|,|java+class:///java/io/InputStream|>,2,|java+class:///java/io/InputStream|>,
  <<|java+class:///org/apache/catalina/core/DummyResponse|,|java+interface:///javax/servlet/http/HttpServletResponse|>,2,|java+interface:///javax/servlet/ServletResponse|>,
  <<|java+interface:///javax/servlet/http/HttpServletRequest|,|java+interface:///javax/servlet/ServletRequest|>,2,|java+class:///java/lang/Object|>,
  <<|java+class:///org/apache/catalina/tribes/io/ReplicationStream|,|java+class:///java/io/ObjectInputStream|>,2,|java+interface:///java/io/ObjectInput|>,
  <<|java+interface:///org/apache/catalina/tribes/ManagedChannel|,|java+interface:///org/apache/catalina/tribes/Channel|>,2,|java+interface:///org/apache/catalina/tribes/Channel|>,
  <<|java+class:///org/apache/catalina/realm/UserDatabaseRealm|,|java+class:///org/apache/catalina/realm/RealmBase|>,2,|java+interface:///org/apache/catalina/Realm|>,
  <<|java+class:///org/apache/catalina/ssi/ExpressionParseTree/CompareNode|,|java+class:///org/apache/catalina/ssi/ExpressionParseTree/OppNode|>,2,|java+class:///org/apache/catalina/ssi/ExpressionParseTree/OppNode|>,
  <<|java+class:///org/apache/catalina/connector/TestRequest/Bug37794Servlet|,|java+class:///javax/servlet/http/HttpServlet|>,2,|java+interface:///javax/servlet/Servlet|>,
  <<|java+class:///org/apache/catalina/ha/session/DeltaManager|,|java+class:///org/apache/catalina/ha/session/ClusterManagerBase|>,2,|java+interface:///org/apache/catalina/Lifecycle|>
}