[
  <<|java+class:///org/apache/jasper/el/JspMethodExpression|,|java+class:///javax/el/MethodExpression|>,{|java+interface:///java/io/Externalizable|},|project://tomcat-7.0.2/java/org/apache/el/parser/AstIdentifier.java|(5940,22,<162,19>,<162,41>)>,
  <<|java+class:///org/apache/jasper/runtime/JspContextWrapper|,|java+class:///javax/servlet/jsp/PageContext|>,{|java+interface:///javax/servlet/jsp/el/VariableResolver|},|project://tomcat-7.0.2/java/javax/servlet/jsp/el/ScopedAttributeELResolver.java|(1810,75,<50,35>,<51,53>)>,
  <<|java+class:///org/apache/jasper/runtime/JspContextWrapper|,|java+class:///javax/servlet/jsp/PageContext|>,{|java+interface:///javax/servlet/jsp/el/VariableResolver|},|project://tomcat-7.0.2/java/javax/servlet/jsp/el/ScopedAttributeELResolver.java|(2923,75,<87,35>,<88,53>)>,
  <<|java+class:///org/apache/jasper/runtime/JspContextWrapper|,|java+class:///javax/servlet/jsp/PageContext|>,{|java+interface:///javax/servlet/jsp/el/VariableResolver|},|project://tomcat-7.0.2/java/javax/servlet/jsp/el/ScopedAttributeELResolver.java|(3802,50,<117,27>,<117,77>)>,
  <<|java+class:///org/apache/jasper/runtime/JspContextWrapper|,|java+class:///javax/servlet/jsp/PageContext|>,{|java+interface:///javax/servlet/jsp/el/VariableResolver|},|project://tomcat-7.0.2/java/javax/servlet/jsp/el/ImplicitObjectELResolver.java|(2845,75,<91,35>,<92,53>)>,
  <<|java+class:///org/apache/catalina/core/StandardService|,|java+interface:///org/apache/catalina/Service|>,{|java+class:///org/apache/catalina/util/LifecycleMBeanBase|},|project://tomcat-7.0.2/java/org/apache/catalina/mbeans/MBeanFactory.java|(7201,19,<211,19>,<211,38>)>,
  <<|java+class:///org/apache/catalina/core/StandardServer|,|java+interface:///org/apache/catalina/Server|>,{|java+class:///org/apache/catalina/util/LifecycleMBeanBase|},|project://tomcat-7.0.2/java/org/apache/catalina/mbeans/MBeanFactory.java|(7393,17,<217,34>,<217,51>)>,
  <<|java+class:///org/apache/catalina/core/StandardServer|,|java+interface:///org/apache/catalina/Server|>,{|java+class:///org/apache/catalina/util/LifecycleMBeanBase|},|project://tomcat-7.0.2/java/org/apache/catalina/mbeans/MBeanFactory.java|(24699,18,<704,9>,<704,27>)>,
  <<|java+class:///org/apache/catalina/core/StandardServer|,|java+interface:///org/apache/catalina/Server|>,{|java+class:///org/apache/catalina/util/LifecycleMBeanBase|},|project://tomcat-7.0.2/java/org/apache/catalina/mbeans/MBeanFactory.java|(33926,18,<985,9>,<985,27>)>,
  <<|java+class:///org/apache/catalina/ha/session/TesterPrincipal|,|java+interface:///java/security/Principal|>,{|java+interface:///java/io/Serializable|},|project://tomcat-7.0.2/java/org/apache/catalina/authenticator/FormAuthenticator.java|(7273,74,<197,24>,<198,62>)>,
  <<|java+class:///org/apache/catalina/core/StandardHost|,|java+interface:///org/apache/catalina/Host|>,{|java+class:///org/apache/catalina/core/ContainerBase|},|project://tomcat-7.0.2/java/org/apache/catalina/connector/Request.java|(15647,23,<628,16>,<628,39>)>,
  <<|java+class:///org/apache/tomcat/util/bcel/classfile/Constant|,|java+interface:///java/io/Serializable|>,{|java+interface:///java/lang/Cloneable|},|project://tomcat-7.0.2/java/org/apache/catalina/tribes/io/XByteBuffer.java|(19370,22,<576,19>,<576,41>)>,
  <<|java+class:///org/apache/catalina/tribes/membership/MemberImpl|,|java+interface:///org/apache/catalina/tribes/Member|>,{|java+interface:///java/io/Externalizable|},|project://tomcat-7.0.2/java/org/apache/catalina/tribes/transport/nio/ParallelNioSender.java|(10629,18,<251,25>,<251,43>)>,
  <<|java+class:///org/apache/tomcat/util/http/fileupload/MultipartStream/ItemInputStream|,|java+class:///java/io/InputStream|>,{|java+interface:///org/apache/tomcat/util/http/fileupload/util/Closeable|},|project://tomcat-7.0.2/java/org/apache/tomcat/util/modeler/modules/MbeansDescriptorsSerSource.java|(2587,19,<82,23>,<82,42>)>,
  <<|java+class:///org/apache/catalina/core/StandardContext|,|java+interface:///org/apache/catalina/Context|>,{
    |java+interface:///javax/management/NotificationEmitter|,
    |java+class:///org/apache/catalina/core/ContainerBase|
  },|project://tomcat-7.0.2/java/org/apache/catalina/core/StandardContext.java|(89315,28,<3144,15>,<3144,43>)>,
  <<|java+class:///listeners/SessionListener|,|java+interface:///javax/servlet/ServletContextListener|>,{
    |java+interface:///javax/servlet/http/HttpSessionAttributeListener|,
    |java+interface:///javax/servlet/http/HttpSessionListener|
  },|project://tomcat-7.0.2/java/org/apache/catalina/core/StandardContext.java|(124038,37,<4320,16>,<4320,53>)>,
  <<|java+class:///listeners/SessionListener|,|java+interface:///javax/servlet/ServletContextListener|>,{
    |java+interface:///javax/servlet/http/HttpSessionAttributeListener|,
    |java+interface:///javax/servlet/http/HttpSessionListener|
  },|project://tomcat-7.0.2/java/org/apache/catalina/core/StandardContext.java|(125539,37,<4359,24>,<4359,61>)>,
  <<|java+class:///org/apache/tomcat/util/http/fileupload/MultipartStream/ItemInputStream|,|java+class:///java/io/InputStream|>,{|java+interface:///org/apache/tomcat/util/http/fileupload/util/Closeable|},|project://tomcat-7.0.2/java/org/apache/tomcat/util/modeler/modules/MbeansDescriptorsDOMSource.java|(2653,19,<87,31>,<87,50>)>,
  <<|java+class:///org/apache/tomcat/util/http/fileupload/MultipartStream/ItemInputStream|,|java+class:///java/io/InputStream|>,{|java+interface:///org/apache/tomcat/util/http/fileupload/util/Closeable|},|project://tomcat-7.0.2/java/org/apache/naming/resources/ProxyDirContext.java|(7702,20,<278,32>,<278,52>)>,
  <<|java+class:///org/apache/tomcat/util/http/fileupload/MultipartStream/ItemInputStream|,|java+class:///java/io/InputStream|>,{|java+interface:///org/apache/tomcat/util/http/fileupload/util/Closeable|},|project://tomcat-7.0.2/java/org/apache/naming/resources/ProxyDirContext.java|(8533,20,<306,32>,<306,52>)>,
  <<|java+class:///org/apache/tomcat/util/http/fileupload/MultipartStream/ItemInputStream|,|java+class:///java/io/InputStream|>,{|java+interface:///org/apache/tomcat/util/http/fileupload/util/Closeable|},|project://tomcat-7.0.2/java/org/apache/naming/resources/ProxyDirContext.java|(53604,20,<1394,50>,<1394,70>)>,
  <<|java+class:///org/apache/tomcat/util/http/fileupload/MultipartStream/ItemInputStream|,|java+class:///java/io/InputStream|>,{|java+interface:///org/apache/tomcat/util/http/fileupload/util/Closeable|},|project://tomcat-7.0.2/java/org/apache/naming/resources/ProxyDirContext.java|(58554,20,<1553,50>,<1553,70>)>,
  <<|java+class:///org/apache/el/ValueExpressionLiteral|,|java+class:///javax/el/ValueExpression|>,{|java+interface:///java/io/Externalizable|},|project://tomcat-7.0.2/java/org/apache/jasper/el/JspValueExpression.java|(4819,33,<144,22>,<144,55>)>,
  <<|java+class:///org/apache/tomcat/util/http/fileupload/MultipartStream/ItemInputStream|,|java+class:///java/io/InputStream|>,{|java+interface:///org/apache/tomcat/util/http/fileupload/util/Closeable|},|project://tomcat-7.0.2/java/org/apache/naming/resources/FileDirContext.java|(18201,17,<546,17>,<546,34>)>,
  <<|java+class:///org/apache/tomcat/util/bcel/classfile/ConstantFloat|,|java+class:///org/apache/tomcat/util/bcel/classfile/Constant|>,{|java+interface:///org/apache/tomcat/util/bcel/classfile/ConstantObject|},|project://tomcat-7.0.2/java/org/apache/tomcat/util/bcel/classfile/Constant.java|(1613,13,<40,28>,<40,41>)>,
  <<|java+class:///org/apache/tomcat/util/bcel/classfile/ConstantFloat|,|java+class:///org/apache/tomcat/util/bcel/classfile/Constant|>,{|java+interface:///org/apache/tomcat/util/bcel/classfile/ConstantObject|},|project://tomcat-7.0.2/java/org/apache/tomcat/util/bcel/classfile/Constant.java|(1656,13,<41,28>,<41,41>)>,
  <<|java+class:///org/apache/tomcat/util/bcel/classfile/ConstantClass|,|java+class:///org/apache/tomcat/util/bcel/classfile/Constant|>,{|java+interface:///org/apache/tomcat/util/bcel/classfile/ConstantObject|},|project://tomcat-7.0.2/java/org/apache/tomcat/util/bcel/classfile/Constant.java|(1813,12,<47,28>,<47,40>)>,
  <<|java+class:///org/apache/catalina/core/ContainerBase|,|java+interface:///org/apache/catalina/Container|>,{|java+class:///org/apache/catalina/util/LifecycleMBeanBase|},|project://tomcat-7.0.2/java/org/apache/catalina/mbeans/ServerLifecycleListener.java|(3626,27,<103,41>,<103,68>)>,
  <<|java+class:///org/apache/catalina/core/ContainerBase|,|java+interface:///org/apache/catalina/Container|>,{|java+class:///org/apache/catalina/util/LifecycleMBeanBase|},|project://tomcat-7.0.2/java/org/apache/catalina/mbeans/ServerLifecycleListener.java|(3834,27,<106,44>,<106,71>)>,
  <<|java+class:///org/apache/catalina/core/ContainerBase|,|java+interface:///org/apache/catalina/Container|>,{|java+class:///org/apache/catalina/util/LifecycleMBeanBase|},|project://tomcat-7.0.2/java/org/apache/catalina/mbeans/ServerLifecycleListener.java|(7866,29,<230,47>,<230,76>)>,
  <<|java+class:///org/apache/catalina/core/StandardServer|,|java+interface:///org/apache/catalina/Server|>,{|java+class:///org/apache/catalina/util/LifecycleMBeanBase|},|project://tomcat-7.0.2/java/org/apache/catalina/mbeans/ServerLifecycleListener.java|(8815,26,<249,44>,<249,70>)>,
  <<|java+class:///org/apache/catalina/core/StandardService|,|java+interface:///org/apache/catalina/Service|>,{|java+class:///org/apache/catalina/util/LifecycleMBeanBase|},|project://tomcat-7.0.2/java/org/apache/catalina/mbeans/ServerLifecycleListener.java|(9289,27,<258,45>,<258,72>)>,
  <<|java+class:///org/apache/catalina/loader/WebappLoader|,|java+interface:///org/apache/catalina/Loader|>,{
    |java+interface:///java/beans/PropertyChangeListener|,
    |java+class:///org/apache/catalina/util/LifecycleMBeanBase|
  },|project://tomcat-7.0.2/java/org/apache/catalina/mbeans/ServerLifecycleListener.java|(32962,17,<964,40>,<964,57>)>,
  <<|java+class:///org/apache/catalina/loader/WebappLoader|,|java+interface:///org/apache/catalina/Loader|>,{
    |java+interface:///java/beans/PropertyChangeListener|,
    |java+class:///org/apache/catalina/util/LifecycleMBeanBase|
  },|project://tomcat-7.0.2/java/org/apache/catalina/mbeans/ServerLifecycleListener.java|(33205,17,<970,39>,<970,56>)>,
  <<|java+class:///org/apache/catalina/realm/RealmBase|,|java+interface:///org/apache/catalina/Realm|>,{|java+class:///org/apache/catalina/util/LifecycleMBeanBase|},|project://tomcat-7.0.2/java/org/apache/catalina/mbeans/ServerLifecycleListener.java|(34590,16,<1003,40>,<1003,56>)>,
  <<|java+class:///org/apache/catalina/core/StandardService|,|java+interface:///org/apache/catalina/Service|>,{|java+class:///org/apache/catalina/util/LifecycleMBeanBase|},|project://tomcat-7.0.2/java/org/apache/catalina/mbeans/ServerLifecycleListener.java|(34985,18,<1013,30>,<1013,48>)>,
  <<|java+class:///org/apache/catalina/core/StandardService|,|java+interface:///org/apache/catalina/Service|>,{|java+class:///org/apache/catalina/util/LifecycleMBeanBase|},|project://tomcat-7.0.2/java/org/apache/catalina/mbeans/ServerLifecycleListener.java|(35085,18,<1016,29>,<1016,47>)>,
  <<|java+class:///org/apache/catalina/core/StandardService|,|java+interface:///org/apache/catalina/Service|>,{|java+class:///org/apache/catalina/util/LifecycleMBeanBase|},|project://tomcat-7.0.2/java/org/apache/catalina/mbeans/ServerLifecycleListener.java|(40088,18,<1153,30>,<1153,48>)>,
  <<|java+class:///org/apache/catalina/core/StandardService|,|java+interface:///org/apache/catalina/Service|>,{|java+class:///org/apache/catalina/util/LifecycleMBeanBase|},|project://tomcat-7.0.2/java/org/apache/catalina/mbeans/ServerLifecycleListener.java|(40188,18,<1156,29>,<1156,47>)>,
  <<|java+class:///org/apache/catalina/core/StandardEngine|,|java+interface:///org/apache/catalina/Engine|>,{|java+class:///org/apache/catalina/core/ContainerBase|},|project://tomcat-7.0.2/java/org/apache/catalina/mbeans/ServerLifecycleListener.java|(41561,17,<1194,30>,<1194,47>)>,
  <<|java+class:///org/apache/catalina/core/StandardEngine|,|java+interface:///org/apache/catalina/Engine|>,{|java+class:///org/apache/catalina/core/ContainerBase|},|project://tomcat-7.0.2/java/org/apache/catalina/mbeans/ServerLifecycleListener.java|(41660,17,<1197,29>,<1197,46>)>,
  <<|java+class:///org/apache/catalina/core/StandardWrapper|,|java+interface:///org/apache/catalina/Wrapper|>,{
    |java+interface:///javax/servlet/ServletConfig|,
    |java+interface:///javax/management/NotificationEmitter|,
    |java+class:///org/apache/catalina/core/ContainerBase|
  },|project://tomcat-7.0.2/java/org/apache/catalina/core/ApplicationContext.java|(14831,29,<487,26>,<487,55>)>,
  <<|java+class:///listeners/ContextListener|,|java+interface:///javax/servlet/ServletContextAttributeListener|>,{|java+interface:///javax/servlet/ServletContextListener|},|project://tomcat-7.0.2/java/org/apache/catalina/core/ApplicationContext.java|(22724,46,<764,16>,<764,62>)>,
  <<|java+class:///listeners/ContextListener|,|java+interface:///javax/servlet/ServletContextAttributeListener|>,{|java+interface:///javax/servlet/ServletContextListener|},|project://tomcat-7.0.2/java/org/apache/catalina/core/ApplicationContext.java|(25287,46,<832,16>,<832,62>)>,
  <<|java+class:///org/apache/tomcat/util/http/fileupload/MultipartStream/ItemInputStream|,|java+class:///java/io/InputStream|>,{|java+interface:///org/apache/tomcat/util/http/fileupload/util/Closeable|},|project://tomcat-7.0.2/java/org/apache/catalina/loader/WebappLoader.java|(35390,20,<1107,30>,<1107,50>)>,
  <<|java+class:///org/apache/el/lang/FunctionMapperImpl|,|java+class:///javax/el/FunctionMapper|>,{|java+interface:///java/io/Externalizable|},|project://tomcat-7.0.2/java/org/apache/el/ValueExpressionImpl.java|(7896,32,<243,24>,<243,56>)>,
  <<|java+class:///org/apache/el/lang/VariableMapperImpl|,|java+class:///javax/el/VariableMapper|>,{|java+interface:///java/io/Externalizable|},|project://tomcat-7.0.2/java/org/apache/el/ValueExpressionImpl.java|(7955,32,<244,25>,<244,57>)>,
  <<|java+class:///org/apache/catalina/core/ContainerBase|,|java+interface:///org/apache/catalina/Container|>,{|java+class:///org/apache/catalina/util/LifecycleMBeanBase|},|project://tomcat-7.0.2/java/org/apache/catalina/startup/Catalina.java|(26563,27,<849,24>,<849,51>)>,
  <<|java+class:///org/apache/tomcat/util/modeler/BaseModelMBean|,|java+interface:///javax/management/DynamicMBean|>,{
    |java+interface:///javax/management/MBeanRegistration|,
    |java+interface:///javax/management/modelmbean/ModelMBeanNotificationBroadcaster|
  },|project://tomcat-7.0.2/java/org/apache/tomcat/util/modeler/BaseModelMBean.java|(6967,22,<177,20>,<177,42>)>,
  <<|java+class:///org/apache/tomcat/util/modeler/BaseModelMBean|,|java+interface:///javax/management/DynamicMBean|>,{
    |java+interface:///javax/management/MBeanRegistration|,
    |java+interface:///javax/management/modelmbean/ModelMBeanNotificationBroadcaster|
  },|project://tomcat-7.0.2/java/org/apache/tomcat/util/modeler/BaseModelMBean.java|(10698,22,<278,20>,<278,42>)>,
  <<|java+class:///org/apache/tomcat/util/modeler/BaseModelMBean|,|java+interface:///javax/management/DynamicMBean|>,{
    |java+interface:///javax/management/MBeanRegistration|,
    |java+interface:///javax/management/modelmbean/ModelMBeanNotificationBroadcaster|
  },|project://tomcat-7.0.2/java/org/apache/tomcat/util/modeler/BaseModelMBean.java|(14732,22,<383,17>,<383,39>)>,
  <<|java+class:///org/apache/catalina/util/LifecycleMBeanBase|,|java+interface:///javax/management/MBeanRegistration|>,{|java+class:///org/apache/catalina/util/LifecycleBase|},|project://tomcat-7.0.2/java/org/apache/tomcat/util/modeler/BaseModelMBean.java|(41381,27,<1118,21>,<1118,48>)>,
  <<|java+class:///org/apache/coyote/ajp/AjpProtocol|,|java+interface:///javax/management/MBeanRegistration|>,{|java+interface:///org/apache/coyote/ProtocolHandler|},|project://tomcat-7.0.2/java/org/apache/tomcat/util/modeler/BaseModelMBean.java|(41601,27,<1125,13>,<1125,40>)>,
  <<|java+class:///org/apache/coyote/ajp/AjpAprProtocol|,|java+interface:///javax/management/MBeanRegistration|>,{|java+interface:///org/apache/coyote/ProtocolHandler|},|project://tomcat-7.0.2/java/org/apache/tomcat/util/modeler/BaseModelMBean.java|(41797,27,<1131,13>,<1131,40>)>,
  <<|java+class:///org/apache/naming/NamingService|,|java+interface:///javax/management/MBeanRegistration|>,{
    |java+interface:///org/apache/naming/NamingServiceMBean|,
    |java+class:///javax/management/NotificationBroadcasterSupport|
  },|project://tomcat-7.0.2/java/org/apache/tomcat/util/modeler/BaseModelMBean.java|(41962,27,<1137,13>,<1137,40>)>,
  <<|java+class:///org/apache/jasper/el/JspMethodExpression|,|java+class:///javax/el/MethodExpression|>,{|java+interface:///java/io/Externalizable|},|project://tomcat-7.0.2/java/org/apache/jasper/el/JspMethodExpression.java|(3774,34,<111,22>,<111,56>)>,
  <<|java+class:///javax/servlet/http/HttpServletRequestWrapper|,|java+interface:///javax/servlet/http/HttpServletRequest|>,{|java+class:///javax/servlet/ServletRequestWrapper|},|project://tomcat-7.0.2/java/org/apache/catalina/security/SecurityUtil.java|(11654,38,<284,20>,<284,58>)>,
  <<|java+class:///org/apache/tomcat/util/bcel/classfile/Attribute|,|java+interface:///java/io/Serializable|>,{|java+interface:///java/lang/Cloneable|},|project://tomcat-7.0.2/java/org/apache/catalina/tribes/tipis/LazyReplicatedMap.java|(7840,18,<155,37>,<155,55>)>,
  <<|java+class:///javax/servlet/GenericServlet|,|java+interface:///java/io/Serializable|>,{
    |java+interface:///javax/servlet/Servlet|,
    |java+interface:///javax/servlet/ServletConfig|
  },|project://tomcat-7.0.2/java/org/apache/catalina/tribes/tipis/LazyReplicatedMap.java|(7860,20,<155,57>,<155,77>)>,
  <<|java+class:///org/apache/catalina/session/StandardSession|,|java+interface:///java/io/Serializable|>,{
    |java+interface:///javax/servlet/http/HttpSession|,
    |java+interface:///org/apache/catalina/Session|
  },|project://tomcat-7.0.2/java/org/apache/catalina/tribes/tipis/LazyReplicatedMap.java|(8863,18,<171,41>,<171,59>)>,
  <<|java+class:///org/apache/catalina/core/StandardService|,|java+interface:///org/apache/catalina/Service|>,{|java+class:///org/apache/catalina/util/LifecycleMBeanBase|},|project://tomcat-7.0.2/java/org/apache/catalina/startup/ConnectorCreateRule.java|(2107,24,<57,22>,<57,46>)>,
  <<|java+class:///org/apache/catalina/tribes/membership/MemberImpl|,|java+interface:///org/apache/catalina/tribes/Member|>,{|java+interface:///java/io/Externalizable|},|project://tomcat-7.0.2/java/org/apache/catalina/tribes/transport/bio/MultipointBioSender.java|(3798,18,<100,25>,<100,43>)>,
  <<|java+class:///org/apache/catalina/core/StandardServer|,|java+interface:///org/apache/catalina/Server|>,{|java+class:///org/apache/catalina/util/LifecycleMBeanBase|},|project://tomcat-7.0.2/java/org/apache/catalina/deploy/NamingResources.java|(6975,18,<247,19>,<247,37>)>,
  <<|java+class:///org/apache/catalina/core/StandardContext|,|java+interface:///org/apache/catalina/Context|>,{
    |java+interface:///javax/management/NotificationEmitter|,
    |java+class:///org/apache/catalina/core/ContainerBase|
  },|project://tomcat-7.0.2/java/org/apache/catalina/deploy/NamingResources.java|(7182,19,<252,26>,<252,45>)>,
  <<|java+class:///org/apache/catalina/core/StandardContext|,|java+interface:///org/apache/catalina/Context|>,{
    |java+interface:///javax/management/NotificationEmitter|,
    |java+class:///org/apache/catalina/core/ContainerBase|
  },|project://tomcat-7.0.2/java/org/apache/catalina/deploy/NamingResources.java|(7172,54,<252,16>,<252,70>)>,
  <<|java+class:///org/apache/catalina/core/StandardContext|,|java+interface:///org/apache/catalina/Context|>,{
    |java+interface:///javax/management/NotificationEmitter|,
    |java+class:///org/apache/catalina/core/ContainerBase|
  },|project://tomcat-7.0.2/java/org/apache/catalina/startup/HostConfig.java|(16602,36,<630,30>,<630,66>)>,
  <<|java+class:///org/apache/catalina/core/StandardContext|,|java+interface:///org/apache/catalina/Context|>,{
    |java+interface:///javax/management/NotificationEmitter|,
    |java+class:///org/apache/catalina/core/ContainerBase|
  },|project://tomcat-7.0.2/java/org/apache/catalina/startup/HostConfig.java|(27859,29,<911,34>,<911,63>)>,
  <<|java+class:///org/apache/catalina/core/StandardContext|,|java+interface:///org/apache/catalina/Context|>,{
    |java+interface:///javax/management/NotificationEmitter|,
    |java+class:///org/apache/catalina/core/ContainerBase|
  },|project://tomcat-7.0.2/java/org/apache/catalina/startup/HostConfig.java|(28674,33,<929,34>,<929,67>)>,
  <<|java+class:///org/apache/catalina/core/StandardContext|,|java+interface:///org/apache/catalina/Context|>,{
    |java+interface:///javax/management/NotificationEmitter|,
    |java+class:///org/apache/catalina/core/ContainerBase|
  },|project://tomcat-7.0.2/java/org/apache/catalina/startup/HostConfig.java|(34030,29,<1077,34>,<1077,63>)>,
  <<|java+class:///org/apache/tomcat/util/http/fileupload/MultipartStream/ItemInputStream|,|java+class:///java/io/InputStream|>,{|java+interface:///org/apache/tomcat/util/http/fileupload/util/Closeable|},|project://tomcat-7.0.2/java/org/apache/tomcat/util/modeler/modules/ModelerSource.java|(2645,19,<79,19>,<79,38>)>,
  <<|java+class:///org/apache/catalina/core/ContainerBase|,|java+interface:///org/apache/catalina/Container|>,{|java+class:///org/apache/catalina/util/LifecycleMBeanBase|},|project://tomcat-7.0.2/java/org/apache/catalina/startup/CopyParentClassLoaderRule.java|(2148,28,<67,26>,<67,54>)>,
  <<|java+class:///org/apache/catalina/realm/JAASMemoryLoginModule|,|java+class:///org/apache/catalina/realm/MemoryRealm|>,{|java+interface:///javax/security/auth/spi/LoginModule|},|project://tomcat-7.0.2/java/org/apache/catalina/realm/MemoryRuleSet.java|(3616,52,<132,12>,<132,64>)>,
  <<|java+class:///org/apache/catalina/core/StandardContext|,|java+interface:///org/apache/catalina/Context|>,{
    |java+interface:///javax/management/NotificationEmitter|,
    |java+class:///org/apache/catalina/core/ContainerBase|
  },|project://tomcat-7.0.2/java/org/apache/catalina/startup/SetNextNamingRule.java|(3295,16,<99,31>,<99,47>)>,
  <<|java+class:///javax/servlet/GenericServlet|,|java+interface:///javax/servlet/Servlet|>,{
    |java+interface:///javax/servlet/ServletConfig|,
    |java+interface:///java/io/Serializable|
  },|project://tomcat-7.0.2/java/org/apache/jasper/servlet/JspServletWrapper.java|(5272,74,<145,34>,<145,108>)>,
  <<|java+class:///org/apache/tomcat/util/http/fileupload/util/FileItemHeadersImpl|,|java+interface:///java/io/Serializable|>,{|java+interface:///org/apache/tomcat/util/http/fileupload/FileItemHeaders|},|project://tomcat-7.0.2/java/org/apache/catalina/tribes/group/RpcMessage.java|(1917,29,<62,18>,<62,47>)>,
  <<|java+class:///org/apache/tomcat/util/bcel/classfile/LocalVariable|,|java+interface:///java/io/Serializable|>,{
    |java+interface:///org/apache/tomcat/util/bcel/Constants|,
    |java+interface:///java/lang/Cloneable|
  },|project://tomcat-7.0.2/java/org/apache/catalina/tribes/tipis/ReplicatedMap.java|(5600,18,<112,40>,<112,58>)>,
  <<|java+class:///org/apache/tomcat/util/buf/MessageBytes|,|java+interface:///java/io/Serializable|>,{|java+interface:///java/lang/Cloneable|},|project://tomcat-7.0.2/java/org/apache/catalina/tribes/tipis/ReplicatedMap.java|(5620,20,<112,60>,<112,80>)>,
  <<|java+class:///org/apache/catalina/core/StandardContext|,|java+interface:///org/apache/catalina/Context|>,{
    |java+interface:///javax/management/NotificationEmitter|,
    |java+class:///org/apache/catalina/core/ContainerBase|
  },|project://tomcat-7.0.2/java/org/apache/catalina/connector/CoyoteAdapter.java|(24153,42,<602,27>,<602,69>)>,
  <<|java+class:///org/apache/catalina/core/StandardWrapper|,|java+interface:///org/apache/catalina/Wrapper|>,{
    |java+interface:///javax/servlet/ServletConfig|,
    |java+interface:///javax/management/NotificationEmitter|,
    |java+class:///org/apache/catalina/core/ContainerBase|
  },|project://tomcat-7.0.2/java/org/apache/catalina/connector/CoyoteAdapter.java|(24225,42,<603,27>,<603,69>)>,
  <<|java+class:///org/apache/catalina/core/StandardContext|,|java+interface:///org/apache/catalina/Context|>,{
    |java+interface:///javax/management/NotificationEmitter|,
    |java+class:///org/apache/catalina/core/ContainerBase|
  },|project://tomcat-7.0.2/java/org/apache/catalina/connector/CoyoteAdapter.java|(33634,42,<825,26>,<825,68>)>,
  <<|java+class:///org/apache/catalina/core/ContainerBase|,|java+interface:///org/apache/catalina/Container|>,{|java+class:///org/apache/catalina/util/LifecycleMBeanBase|},|project://tomcat-7.0.2/java/org/apache/catalina/connector/MapperListener.java|(3880,27,<133,30>,<133,57>)>,
  <<|java+class:///org/apache/catalina/core/ContainerBase|,|java+interface:///org/apache/catalina/Container|>,{|java+class:///org/apache/catalina/util/LifecycleMBeanBase|},|project://tomcat-7.0.2/java/org/apache/catalina/connector/MapperListener.java|(4402,27,<144,30>,<144,57>)>,
  <<|java+class:///org/apache/catalina/core/StandardHost|,|java+interface:///org/apache/catalina/Host|>,{|java+class:///org/apache/catalina/core/ContainerBase|},|project://tomcat-7.0.2/java/org/apache/catalina/connector/MapperListener.java|(4923,24,<155,33>,<155,57>)>,
  <<|java+class:///org/apache/catalina/core/StandardWrapper|,|java+interface:///org/apache/catalina/Wrapper|>,{
    |java+interface:///javax/servlet/ServletConfig|,
    |java+interface:///javax/management/NotificationEmitter|,
    |java+class:///org/apache/catalina/core/ContainerBase|
  },|project://tomcat-7.0.2/java/org/apache/catalina/connector/MapperListener.java|(5341,27,<162,30>,<162,57>)>,
  <<|java+class:///org/apache/catalina/core/StandardWrapper|,|java+interface:///org/apache/catalina/Wrapper|>,{
    |java+interface:///javax/servlet/ServletConfig|,
    |java+interface:///javax/management/NotificationEmitter|,
    |java+class:///org/apache/catalina/core/ContainerBase|
  },|project://tomcat-7.0.2/java/org/apache/catalina/connector/MapperListener.java|(6027,27,<177,30>,<177,57>)>,
  <<|java+class:///org/apache/catalina/core/StandardContext|,|java+interface:///org/apache/catalina/Context|>,{
    |java+interface:///javax/management/NotificationEmitter|,
    |java+class:///org/apache/catalina/core/ContainerBase|
  },|project://tomcat-7.0.2/java/org/apache/catalina/connector/MapperListener.java|(6577,27,<190,30>,<190,57>)>,
  <<|java+class:///org/apache/catalina/core/StandardContext|,|java+interface:///org/apache/catalina/Context|>,{
    |java+interface:///javax/management/NotificationEmitter|,
    |java+class:///org/apache/catalina/core/ContainerBase|
  },|project://tomcat-7.0.2/java/org/apache/catalina/connector/MapperListener.java|(7142,27,<204,30>,<204,57>)>,
  <<|java+class:///org/apache/catalina/core/StandardContext|,|java+interface:///org/apache/catalina/Context|>,{
    |java+interface:///javax/management/NotificationEmitter|,
    |java+class:///org/apache/catalina/core/ContainerBase|
  },|project://tomcat-7.0.2/java/org/apache/catalina/connector/MapperListener.java|(7710,27,<218,30>,<218,57>)>,
  <<|java+class:///org/apache/catalina/core/StandardWrapper|,|java+interface:///org/apache/catalina/Wrapper|>,{
    |java+interface:///javax/servlet/ServletConfig|,
    |java+interface:///javax/management/NotificationEmitter|,
    |java+class:///org/apache/catalina/core/ContainerBase|
  },|project://tomcat-7.0.2/java/org/apache/catalina/connector/MapperListener.java|(13211,13,<412,32>,<412,45>)>,
  <<|java+class:///org/apache/catalina/core/StandardContext|,|java+interface:///org/apache/catalina/Context|>,{
    |java+interface:///javax/management/NotificationEmitter|,
    |java+class:///org/apache/catalina/core/ContainerBase|
  },|project://tomcat-7.0.2/java/org/apache/catalina/connector/MapperListener.java|(13308,13,<414,32>,<414,45>)>,
  <<|java+class:///org/apache/catalina/core/StandardHost|,|java+interface:///org/apache/catalina/Host|>,{|java+class:///org/apache/catalina/core/ContainerBase|},|project://tomcat-7.0.2/java/org/apache/catalina/connector/MapperListener.java|(13399,10,<416,29>,<416,39>)>,
  <<|java+class:///org/apache/catalina/core/StandardWrapper|,|java+interface:///org/apache/catalina/Wrapper|>,{
    |java+interface:///javax/servlet/ServletConfig|,
    |java+interface:///javax/management/NotificationEmitter|,
    |java+class:///org/apache/catalina/core/ContainerBase|
  },|project://tomcat-7.0.2/java/org/apache/catalina/connector/MapperListener.java|(13615,13,<421,34>,<421,47>)>,
  <<|java+class:///org/apache/catalina/core/StandardContext|,|java+interface:///org/apache/catalina/Context|>,{
    |java+interface:///javax/management/NotificationEmitter|,
    |java+class:///org/apache/catalina/core/ContainerBase|
  },|project://tomcat-7.0.2/java/org/apache/catalina/connector/MapperListener.java|(13714,13,<423,34>,<423,47>)>,
  <<|java+class:///org/apache/catalina/core/StandardHost|,|java+interface:///org/apache/catalina/Host|>,{|java+class:///org/apache/catalina/core/ContainerBase|},|project://tomcat-7.0.2/java/org/apache/catalina/connector/MapperListener.java|(13807,10,<425,31>,<425,41>)>,
  <<|java+class:///org/apache/catalina/session/StandardSession|,|java+interface:///javax/servlet/http/HttpSession|>,{
    |java+interface:///org/apache/catalina/Session|,
    |java+interface:///java/io/Serializable|
  },|project://tomcat-7.0.2/java/javax/servlet/http/HttpSessionEvent.java|(1265,31,<33,15>,<33,46>)>,
  <<|java+class:///org/apache/catalina/loader/WebappClassLoader|,|java+interface:///org/apache/catalina/Lifecycle|>,{|java+class:///java/net/URLClassLoader|},|project://tomcat-7.0.2/java/org/apache/catalina/startup/LifecycleListenerRule.java|(3098,27,<98,30>,<98,57>)>,
  <<|java+class:///org/apache/tomcat/util/bcel/classfile/JavaClass|,|java+interface:///java/lang/Comparable|>,{
    |java+interface:///java/lang/Cloneable|,
    |java+class:///org/apache/tomcat/util/bcel/classfile/AccessFlags|
  },|project://tomcat-7.0.2/java/org/apache/el/lang/ELSupport.java|(4561,25,<111,50>,<111,75>)>,
  <<|java+class:///org/apache/tomcat/util/bcel/classfile/JavaClass|,|java+interface:///java/lang/Comparable|>,{
    |java+interface:///java/lang/Cloneable|,
    |java+class:///org/apache/tomcat/util/bcel/classfile/AccessFlags|
  },|project://tomcat-7.0.2/java/org/apache/el/lang/ELSupport.java|(4821,25,<116,50>,<116,75>)>,
  <<|java+class:///org/apache/catalina/core/StandardContext|,|java+interface:///org/apache/catalina/Context|>,{
    |java+interface:///javax/management/NotificationEmitter|,
    |java+class:///org/apache/catalina/core/ContainerBase|
  },|project://tomcat-7.0.2/java/org/apache/catalina/mbeans/MBeanUtils.java|(18060,18,<531,27>,<531,45>)>,
  <<|java+class:///org/apache/catalina/core/StandardContext|,|java+interface:///org/apache/catalina/Context|>,{
    |java+interface:///javax/management/NotificationEmitter|,
    |java+class:///org/apache/catalina/core/ContainerBase|
  },|project://tomcat-7.0.2/java/org/apache/catalina/mbeans/MBeanUtils.java|(18186,18,<534,32>,<534,50>)>,
  <<|java+class:///org/apache/catalina/core/StandardContext|,|java+interface:///org/apache/catalina/Context|>,{
    |java+interface:///javax/management/NotificationEmitter|,
    |java+class:///org/apache/catalina/core/ContainerBase|
  },|project://tomcat-7.0.2/java/org/apache/catalina/mbeans/MBeanUtils.java|(18178,39,<534,24>,<534,63>)>,
  <<|java+class:///org/apache/catalina/core/StandardContext|,|java+interface:///org/apache/catalina/Context|>,{
    |java+interface:///javax/management/NotificationEmitter|,
    |java+class:///org/apache/catalina/core/ContainerBase|
  },|project://tomcat-7.0.2/java/org/apache/catalina/mbeans/MBeanUtils.java|(19557,18,<567,27>,<567,45>)>,
  <<|java+class:///org/apache/catalina/core/StandardContext|,|java+interface:///org/apache/catalina/Context|>,{
    |java+interface:///javax/management/NotificationEmitter|,
    |java+class:///org/apache/catalina/core/ContainerBase|
  },|project://tomcat-7.0.2/java/org/apache/catalina/mbeans/MBeanUtils.java|(19683,18,<570,32>,<570,50>)>,
  <<|java+class:///org/apache/catalina/core/StandardContext|,|java+interface:///org/apache/catalina/Context|>,{
    |java+interface:///javax/management/NotificationEmitter|,
    |java+class:///org/apache/catalina/core/ContainerBase|
  },|project://tomcat-7.0.2/java/org/apache/catalina/mbeans/MBeanUtils.java|(19675,39,<570,24>,<570,63>)>,
  <<|java+class:///org/apache/catalina/core/StandardContext|,|java+interface:///org/apache/catalina/Context|>,{
    |java+interface:///javax/management/NotificationEmitter|,
    |java+class:///org/apache/catalina/core/ContainerBase|
  },|project://tomcat-7.0.2/java/org/apache/catalina/mbeans/MBeanUtils.java|(21140,18,<606,27>,<606,45>)>,
  <<|java+class:///org/apache/catalina/core/StandardContext|,|java+interface:///org/apache/catalina/Context|>,{
    |java+interface:///javax/management/NotificationEmitter|,
    |java+class:///org/apache/catalina/core/ContainerBase|
  },|project://tomcat-7.0.2/java/org/apache/catalina/mbeans/MBeanUtils.java|(21266,18,<609,32>,<609,50>)>,
  <<|java+class:///org/apache/catalina/core/StandardContext|,|java+interface:///org/apache/catalina/Context|>,{
    |java+interface:///javax/management/NotificationEmitter|,
    |java+class:///org/apache/catalina/core/ContainerBase|
  },|project://tomcat-7.0.2/java/org/apache/catalina/mbeans/MBeanUtils.java|(21258,39,<609,24>,<609,63>)>,
  <<|java+class:///org/apache/catalina/core/StandardContext|,|java+interface:///org/apache/catalina/Context|>,{
    |java+interface:///javax/management/NotificationEmitter|,
    |java+class:///org/apache/catalina/core/ContainerBase|
  },|project://tomcat-7.0.2/java/org/apache/catalina/mbeans/MBeanUtils.java|(26844,18,<776,27>,<776,45>)>,
  <<|java+class:///org/apache/catalina/core/StandardContext|,|java+interface:///org/apache/catalina/Context|>,{
    |java+interface:///javax/management/NotificationEmitter|,
    |java+class:///org/apache/catalina/core/ContainerBase|
  },|project://tomcat-7.0.2/java/org/apache/catalina/mbeans/MBeanUtils.java|(26970,18,<779,32>,<779,50>)>,
  <<|java+class:///org/apache/catalina/core/StandardContext|,|java+interface:///org/apache/catalina/Context|>,{
    |java+interface:///javax/management/NotificationEmitter|,
    |java+class:///org/apache/catalina/core/ContainerBase|
  },|project://tomcat-7.0.2/java/org/apache/catalina/mbeans/MBeanUtils.java|(26962,39,<779,24>,<779,63>)>,
  <<|java+class:///org/apache/catalina/core/StandardWrapper|,|java+interface:///org/apache/catalina/Wrapper|>,{
    |java+interface:///javax/servlet/ServletConfig|,
    |java+interface:///javax/management/NotificationEmitter|,
    |java+class:///org/apache/catalina/core/ContainerBase|
  },|project://tomcat-7.0.2/java/org/apache/catalina/core/StandardWrapper.java|(27970,28,<983,15>,<983,43>)>,
  <<|java+class:///javax/servlet/GenericServlet|,|java+interface:///javax/servlet/Servlet|>,{
    |java+interface:///javax/servlet/ServletConfig|,
    |java+interface:///java/io/Serializable|
  },|project://tomcat-7.0.2/java/org/apache/catalina/core/StandardWrapper.java|(32037,50,<1080,26>,<1080,76>)>,
  <<|java+interface:///org/apache/catalina/tribes/ChannelInterceptor|,|java+interface:///org/apache/catalina/tribes/Heartbeat|>,{|java+interface:///org/apache/catalina/tribes/MembershipListener|},|project://tomcat-7.0.2/java/org/apache/catalina/tribes/group/GroupChannel.java|(6155,12,<158,43>,<158,55>)>,
  <<|java+interface:///org/apache/catalina/tribes/ChannelInterceptor|,|java+interface:///org/apache/catalina/tribes/Heartbeat|>,{|java+interface:///org/apache/catalina/tribes/MembershipListener|},|project://tomcat-7.0.2/java/org/apache/catalina/tribes/group/GroupChannel.java|(6341,12,<163,43>,<163,55>)>,
  <<|java+class:///org/apache/catalina/tribes/tipis/AbstractReplicatedMap|,|java+interface:///org/apache/catalina/tribes/ChannelListener|>,{
    |java+interface:///org/apache/catalina/tribes/group/RpcCallback|,
    |java+interface:///org/apache/catalina/tribes/Heartbeat|,
    |java+interface:///org/apache/catalina/tribes/MembershipListener|,
    |java+class:///java/util/concurrent/ConcurrentHashMap|
  },|project://tomcat-7.0.2/java/org/apache/catalina/tribes/group/GroupChannel.java|(11874,40,<273,50>,<273,90>)>,
  <<|java+class:///org/apache/catalina/tribes/membership/McastService|,|java+interface:///org/apache/catalina/tribes/MembershipListener|>,{
    |java+interface:///org/apache/catalina/tribes/MessageListener|,
    |java+interface:///org/apache/catalina/tribes/MembershipService|
  },|project://tomcat-7.0.2/java/org/apache/catalina/tribes/group/GroupChannel.java|(14413,46,<326,52>,<326,98>)>,
  <<|java+interface:///org/apache/catalina/tribes/ChannelInterceptor|,|java+interface:///org/apache/catalina/tribes/MembershipListener|>,{|java+interface:///org/apache/catalina/tribes/Heartbeat|},|project://tomcat-7.0.2/java/org/apache/catalina/tribes/group/GroupChannel.java|(14986,46,<340,52>,<340,98>)>,
  <<|java+class:///org/apache/catalina/ha/session/DeltaSession|,|java+interface:///org/apache/catalina/tribes/tipis/ReplicatedMapEntry|>,{
    |java+class:///org/apache/catalina/session/StandardSession|,
    |java+interface:///java/io/Externalizable|,
    |java+interface:///org/apache/catalina/ha/ClusterSession|
  },|project://tomcat-7.0.2/java/org/apache/catalina/tribes/tipis/AbstractReplicatedMap.java|(15269,26,<391,84>,<391,110>)>,
  <<|java+class:///org/apache/catalina/ha/session/DeltaSession|,|java+interface:///org/apache/catalina/tribes/tipis/ReplicatedMapEntry|>,{
    |java+class:///org/apache/catalina/session/StandardSession|,
    |java+interface:///java/io/Externalizable|,
    |java+interface:///org/apache/catalina/ha/ClusterSession|
  },|project://tomcat-7.0.2/java/org/apache/catalina/tribes/tipis/AbstractReplicatedMap.java|(15646,26,<400,72>,<400,98>)>,
  <<|java+class:///org/apache/catalina/ha/session/DeltaSession|,|java+interface:///org/apache/catalina/tribes/tipis/ReplicatedMapEntry|>,{
    |java+class:///org/apache/catalina/session/StandardSession|,
    |java+interface:///java/io/Externalizable|,
    |java+interface:///org/apache/catalina/ha/ClusterSession|
  },|project://tomcat-7.0.2/java/org/apache/catalina/tribes/tipis/AbstractReplicatedMap.java|(15792,36,<403,44>,<403,80>)>,
  <<|java+class:///javax/servlet/jsp/tagext/TagSupport|,|java+interface:///java/io/Serializable|>,{|java+interface:///javax/servlet/jsp/tagext/IterationTag|},|project://tomcat-7.0.2/java/org/apache/catalina/tribes/tipis/AbstractReplicatedMap.java|(16061,29,<408,47>,<408,76>)>,
  <<|java+class:///org/apache/tomcat/util/buf/CharChunk|,|java+interface:///java/io/Serializable|>,{
    |java+interface:///java/lang/Cloneable|,
    |java+interface:///java/lang/CharSequence|
  },|project://tomcat-7.0.2/java/org/apache/catalina/tribes/tipis/AbstractReplicatedMap.java|(16772,29,<423,44>,<423,73>)>,
  <<|java+class:///org/apache/tomcat/util/bcel/classfile/CodeException|,|java+interface:///java/io/Serializable|>,{
    |java+interface:///org/apache/tomcat/util/bcel/Constants|,
    |java+interface:///java/lang/Cloneable|
  },|project://tomcat-7.0.2/java/org/apache/catalina/tribes/tipis/AbstractReplicatedMap.java|(16840,31,<424,37>,<424,68>)>,
  <<|java+class:///javax/servlet/GenericServlet|,|java+interface:///java/io/Serializable|>,{
    |java+interface:///javax/servlet/Servlet|,
    |java+interface:///javax/servlet/ServletConfig|
  },|project://tomcat-7.0.2/java/org/apache/catalina/tribes/tipis/AbstractReplicatedMap.java|(20435,31,<511,29>,<511,60>)>,
  <<|java+class:///org/apache/catalina/session/StandardSession|,|java+interface:///java/io/Serializable|>,{
    |java+interface:///javax/servlet/http/HttpSession|,
    |java+interface:///org/apache/catalina/Session|
  },|project://tomcat-7.0.2/java/org/apache/catalina/tribes/tipis/AbstractReplicatedMap.java|(21417,29,<527,35>,<527,64>)>,
  <<|java+class:///org/apache/tomcat/util/buf/MessageBytes|,|java+interface:///java/io/Serializable|>,{|java+interface:///java/lang/Cloneable|},|project://tomcat-7.0.2/java/org/apache/catalina/tribes/tipis/AbstractReplicatedMap.java|(21453,31,<527,71>,<527,102>)>,
  <<|java+class:///org/apache/catalina/ha/session/DeltaSession|,|java+interface:///org/apache/catalina/tribes/tipis/ReplicatedMapEntry|>,{
    |java+class:///org/apache/catalina/session/StandardSession|,
    |java+interface:///java/io/Externalizable|,
    |java+interface:///org/apache/catalina/ha/ClusterSession|
  },|project://tomcat-7.0.2/java/org/apache/catalina/tribes/tipis/AbstractReplicatedMap.java|(25629,37,<631,46>,<631,83>)>,
  <<|java+class:///org/apache/catalina/ha/session/DeltaSession|,|java+interface:///org/apache/catalina/tribes/tipis/ReplicatedMapEntry|>,{
    |java+class:///org/apache/catalina/session/StandardSession|,
    |java+interface:///java/io/Externalizable|,
    |java+interface:///org/apache/catalina/ha/ClusterSession|
  },|project://tomcat-7.0.2/java/org/apache/catalina/tribes/tipis/AbstractReplicatedMap.java|(26270,36,<643,25>,<643,61>)>,
  <<|java+class:///org/apache/catalina/mbeans/JmxRemoteLifecycleListener/RmiClientLocalhostSocketFactory|,|java+interface:///java/io/Serializable|>,{|java+interface:///java/rmi/server/RMIClientSocketFactory|},|project://tomcat-7.0.2/java/org/apache/catalina/tribes/tipis/AbstractReplicatedMap.java|(34002,18,<827,99>,<827,117>)>,
  <<|java+interface:///org/apache/catalina/ha/session/SessionMessage|,|java+interface:///java/io/Serializable|>,{|java+interface:///org/apache/catalina/ha/ClusterMessage|},|project://tomcat-7.0.2/java/org/apache/catalina/tribes/tipis/AbstractReplicatedMap.java|(35141,18,<853,41>,<853,59>)>,
  <<|java+class:///org/apache/catalina/ha/session/DeltaSession|,|java+interface:///org/apache/catalina/tribes/tipis/ReplicatedMapEntry|>,{
    |java+class:///org/apache/catalina/session/StandardSession|,
    |java+interface:///java/io/Externalizable|,
    |java+interface:///org/apache/catalina/ha/ClusterSession|
  },|project://tomcat-7.0.2/java/org/apache/catalina/tribes/tipis/AbstractReplicatedMap.java|(35885,36,<864,49>,<864,85>)>,
  <<|java+class:///org/apache/catalina/tribes/ByteMessage|,|java+interface:///java/io/Serializable|>,{|java+interface:///java/io/Externalizable|},|project://tomcat-7.0.2/java/org/apache/catalina/tribes/tipis/AbstractReplicatedMap.java|(36443,17,<874,88>,<874,105>)>,
  <<|java+class:///org/apache/catalina/ha/session/DeltaSession|,|java+interface:///org/apache/catalina/tribes/tipis/ReplicatedMapEntry|>,{
    |java+class:///org/apache/catalina/session/StandardSession|,
    |java+interface:///java/io/Externalizable|,
    |java+interface:///org/apache/catalina/ha/ClusterSession|
  },|project://tomcat-7.0.2/java/org/apache/catalina/tribes/tipis/AbstractReplicatedMap.java|(37354,36,<893,37>,<893,73>)>,
  <<|java+class:///org/apache/catalina/ha/session/DeltaSession|,|java+interface:///org/apache/catalina/tribes/tipis/ReplicatedMapEntry|>,{
    |java+class:///org/apache/catalina/session/StandardSession|,
    |java+interface:///java/io/Externalizable|,
    |java+interface:///org/apache/catalina/ha/ClusterSession|
  },|project://tomcat-7.0.2/java/org/apache/catalina/tribes/tipis/AbstractReplicatedMap.java|(45935,25,<1151,20>,<1151,45>)>,
  <<|java+class:///org/apache/catalina/ha/session/DeltaSession|,|java+interface:///org/apache/catalina/tribes/tipis/ReplicatedMapEntry|>,{
    |java+class:///org/apache/catalina/session/StandardSession|,
    |java+interface:///java/io/Externalizable|,
    |java+interface:///org/apache/catalina/ha/ClusterSession|
  },|project://tomcat-7.0.2/java/org/apache/catalina/tribes/tipis/AbstractReplicatedMap.java|(47454,26,<1211,44>,<1211,70>)>,
  <<|java+class:///org/apache/catalina/core/StandardContext|,|java+interface:///org/apache/catalina/Context|>,{
    |java+interface:///javax/management/NotificationEmitter|,
    |java+class:///org/apache/catalina/core/ContainerBase|
  },|project://tomcat-7.0.2/java/org/apache/catalina/core/NamingContextListener.java|(5503,19,<207,31>,<207,50>)>,
  <<|java+class:///org/apache/catalina/core/StandardServer|,|java+interface:///org/apache/catalina/Server|>,{|java+class:///org/apache/catalina/util/LifecycleMBeanBase|},|project://tomcat-7.0.2/java/org/apache/catalina/core/NamingContextListener.java|(5653,18,<210,31>,<210,49>)>,
  <<|java+class:///org/apache/catalina/core/ContainerBase|,|java+interface:///org/apache/catalina/Container|>,{|java+class:///org/apache/catalina/util/LifecycleMBeanBase|},|project://tomcat-7.0.2/java/org/apache/catalina/core/NamingContextListener.java|(7187,21,<251,26>,<251,47>)>,
  <<|java+class:///org/apache/catalina/core/ContainerBase|,|java+interface:///org/apache/catalina/Container|>,{|java+class:///org/apache/catalina/util/LifecycleMBeanBase|},|project://tomcat-7.0.2/java/org/apache/catalina/core/NamingContextListener.java|(8599,21,<287,22>,<287,43>)>,
  <<|java+class:///org/apache/catalina/core/ContainerBase|,|java+interface:///org/apache/catalina/Container|>,{|java+class:///org/apache/catalina/util/LifecycleMBeanBase|},|project://tomcat-7.0.2/java/org/apache/catalina/core/NamingContextListener.java|(22029,21,<683,30>,<683,51>)>,
  <<|java+class:///org/apache/catalina/core/StandardEngine|,|java+class:///org/apache/catalina/core/ContainerBase|>,{|java+interface:///org/apache/catalina/Engine|},|project://tomcat-7.0.2/java/org/apache/catalina/core/NamingContextListener.java|(22820,25,<707,22>,<707,47>)>,
  <<|java+class:///org/apache/catalina/core/StandardContext|,|java+interface:///org/apache/catalina/Context|>,{
    |java+interface:///javax/management/NotificationEmitter|,
    |java+class:///org/apache/catalina/core/ContainerBase|
  },|project://tomcat-7.0.2/java/org/apache/catalina/core/NamingContextListener.java|(23385,18,<720,27>,<720,45>)>,
  <<|java+class:///org/apache/catalina/core/StandardContext|,|java+interface:///org/apache/catalina/Context|>,{
    |java+interface:///javax/management/NotificationEmitter|,
    |java+class:///org/apache/catalina/core/ContainerBase|
  },|project://tomcat-7.0.2/java/org/apache/catalina/core/NamingContextListener.java|(23511,18,<723,32>,<723,50>)>,
  <<|java+class:///org/apache/catalina/core/StandardContext|,|java+interface:///org/apache/catalina/Context|>,{
    |java+interface:///javax/management/NotificationEmitter|,
    |java+class:///org/apache/catalina/core/ContainerBase|
  },|project://tomcat-7.0.2/java/org/apache/catalina/core/NamingContextListener.java|(23503,39,<723,24>,<723,63>)>,
  <<|java+class:///org/apache/catalina/core/StandardContext|,|java+interface:///org/apache/catalina/Context|>,{
    |java+interface:///javax/management/NotificationEmitter|,
    |java+class:///org/apache/catalina/core/ContainerBase|
  },|project://tomcat-7.0.2/java/org/apache/catalina/core/NamingContextListener.java|(28717,19,<871,31>,<871,50>)>,
  <<|java+class:///org/apache/catalina/core/StandardContext|,|java+interface:///org/apache/catalina/Context|>,{
    |java+interface:///javax/management/NotificationEmitter|,
    |java+class:///org/apache/catalina/core/ContainerBase|
  },|project://tomcat-7.0.2/java/org/apache/catalina/core/NamingContextListener.java|(29115,19,<880,31>,<880,50>)>,
  <<|java+class:///org/apache/catalina/core/StandardContext|,|java+interface:///org/apache/catalina/Context|>,{
    |java+interface:///javax/management/NotificationEmitter|,
    |java+class:///org/apache/catalina/core/ContainerBase|
  },|project://tomcat-7.0.2/java/org/apache/catalina/core/NamingContextListener.java|(30123,19,<905,33>,<905,52>)>,
  <<|java+class:///org/apache/catalina/core/StandardContext|,|java+interface:///org/apache/catalina/Context|>,{
    |java+interface:///javax/management/NotificationEmitter|,
    |java+class:///org/apache/catalina/core/ContainerBase|
  },|project://tomcat-7.0.2/java/org/apache/catalina/core/NamingContextListener.java|(30534,19,<914,33>,<914,52>)>,
  <<|java+class:///org/apache/tomcat/util/http/fileupload/MultipartStream/ItemInputStream|,|java+class:///java/io/InputStream|>,{|java+interface:///org/apache/tomcat/util/http/fileupload/util/Closeable|},|project://tomcat-7.0.2/java/org/apache/catalina/core/ApplicationContextFacade.java|(6790,116,<203,19>,<204,65>)>,
  <<|java+class:///javax/servlet/GenericServlet|,|java+interface:///javax/servlet/Servlet|>,{
    |java+interface:///javax/servlet/ServletConfig|,
    |java+interface:///java/io/Serializable|
  },|project://tomcat-7.0.2/java/org/apache/catalina/core/ApplicationContextFacade.java|(7947,112,<239,23>,<240,65>)>,
  <<|java+interface:///javax/servlet/FilterRegistration/Dynamic|,|java+interface:///javax/servlet/FilterRegistration|>,{|java+interface:///javax/servlet/Registration/Dynamic|},|project://tomcat-7.0.2/java/org/apache/catalina/core/ApplicationContextFacade.java|(14911,105,<462,19>,<463,70>)>,
  <<|java+interface:///javax/servlet/ServletRegistration/Dynamic|,|java+interface:///javax/servlet/ServletRegistration|>,{|java+interface:///javax/servlet/Registration/Dynamic|},|project://tomcat-7.0.2/java/org/apache/catalina/core/ApplicationContextFacade.java|(17184,108,<524,19>,<525,72>)>,
  <<|java+class:///org/apache/el/lang/FunctionMapperImpl|,|java+class:///javax/el/FunctionMapper|>,{|java+interface:///java/io/Externalizable|},|project://tomcat-7.0.2/java/org/apache/el/MethodExpressionImpl.java|(11451,32,<298,24>,<298,56>)>,
  <<|java+class:///org/apache/el/lang/VariableMapperImpl|,|java+class:///javax/el/VariableMapper|>,{|java+interface:///java/io/Externalizable|},|project://tomcat-7.0.2/java/org/apache/el/MethodExpressionImpl.java|(11510,32,<299,25>,<299,57>)>,
  <<|java+class:///org/apache/catalina/core/StandardContext|,|java+interface:///org/apache/catalina/Context|>,{
    |java+interface:///javax/management/NotificationEmitter|,
    |java+class:///org/apache/catalina/core/ContainerBase|
  },|project://tomcat-7.0.2/java/org/apache/catalina/core/StandardHost.java|(14561,27,<571,39>,<571,66>)>,
  <<|java+class:///listeners/SessionListener|,|java+interface:///javax/servlet/http/HttpSessionListener|>,{
    |java+interface:///javax/servlet/ServletContextListener|,
    |java+interface:///javax/servlet/http/HttpSessionAttributeListener|
  },|project://tomcat-7.0.2/java/org/apache/catalina/session/StandardSession.java|(11542,34,<399,20>,<399,54>)>,
  <<|java+class:///org/apache/catalina/valves/CometConnectionManagerValve|,|java+interface:///javax/servlet/http/HttpSessionListener|>,{
    |java+interface:///org/apache/catalina/LifecycleListener|,
    |java+class:///org/apache/catalina/valves/ValveBase|
  },|project://tomcat-7.0.2/java/org/apache/catalina/session/StandardSession.java|(22678,34,<770,28>,<770,62>)>,
  <<|java+class:///listeners/SessionListener|,|java+interface:///javax/servlet/http/HttpSessionAttributeListener|>,{
    |java+interface:///javax/servlet/ServletContextListener|,
    |java+interface:///javax/servlet/http/HttpSessionListener|
  },|project://tomcat-7.0.2/java/org/apache/catalina/session/StandardSession.java|(44220,43,<1444,16>,<1444,59>)>,
  <<|java+class:///listeners/SessionListener|,|java+interface:///javax/servlet/http/HttpSessionAttributeListener|>,{
    |java+interface:///javax/servlet/ServletContextListener|,
    |java+interface:///javax/servlet/http/HttpSessionListener|
  },|project://tomcat-7.0.2/java/org/apache/catalina/session/StandardSession.java|(56231,43,<1756,16>,<1756,59>)>,
  <<|java+class:///org/apache/catalina/ha/session/ClusterManagerBase|,|java+interface:///org/apache/catalina/ha/ClusterManager|>,{|java+class:///org/apache/catalina/session/ManagerBase|},|project://tomcat-7.0.2/java/org/apache/catalina/ha/session/DeltaSession.java|(7450,21,<212,36>,<212,57>)>,
  <<|java+class:///org/apache/catalina/core/StandardEngine|,|java+class:///org/apache/catalina/core/ContainerBase|>,{|java+interface:///org/apache/catalina/Engine|},|project://tomcat-7.0.2/java/org/apache/catalina/core/ContainerBase.java|(38370,19,<1253,29>,<1253,48>)>,
  <<|java+class:///org/apache/catalina/core/ContainerBase|,|java+interface:///org/apache/catalina/Container|>,{|java+class:///org/apache/catalina/util/LifecycleMBeanBase|},|project://tomcat-7.0.2/java/org/apache/catalina/core/ContainerBase.java|(40065,30,<1321,39>,<1321,69>)>,
  <<|java+class:///org/apache/catalina/connector/CoyotePrincipal|,|java+interface:///java/security/Principal|>,{|java+interface:///java/io/Serializable|},|project://tomcat-7.0.2/java/org/apache/catalina/ha/session/SerializablePrincipal.java|(6863,27,<223,32>,<223,59>)>,
  <<|java+class:///org/apache/tomcat/util/http/fileupload/MultipartStream/ItemInputStream|,|java+class:///java/io/InputStream|>,{|java+interface:///org/apache/tomcat/util/http/fileupload/util/Closeable|},|project://tomcat-7.0.2/java/org/apache/tomcat/util/modeler/modules/MbeansDescriptorsDigesterSource.java|(8376,20,<223,29>,<223,49>)>
]