[
  <<|java+class:///org/apache/velocity/runtime/parser/node/BooleanPropertyExecutor|,|java+class:///org/apache/velocity/runtime/parser/node/PropertyExecutor|>,|project://velocity1.6.4/src/org/apache/velocity/runtime/parser/node/BooleanPropertyExecutor.java|(2394,65,<66,8>,<66,73>)>,
  <<|java+class:///org/apache/velocity/runtime/parser/node/BooleanPropertyExecutor|,|java+class:///org/apache/velocity/runtime/parser/node/PropertyExecutor|>,|project://velocity1.6.4/src/org/apache/velocity/runtime/parser/node/BooleanPropertyExecutor.java|(1989,42,<53,8>,<53,50>)>,
  <<|java+class:///org/apache/velocity/runtime/parser/node/ASTEQNode|,|java+class:///org/apache/velocity/runtime/parser/node/SimpleNode|>,|project://velocity1.6.4/src/org/apache/velocity/runtime/parser/node/ASTEQNode.java|(1632,10,<44,8>,<44,18>)>,
  <<|java+class:///org/apache/velocity/runtime/parser/node/ASTEQNode|,|java+class:///org/apache/velocity/runtime/parser/node/SimpleNode|>,|project://velocity1.6.4/src/org/apache/velocity/runtime/parser/node/ASTEQNode.java|(1761,13,<53,8>,<53,21>)>,
  <<|java+class:///org/apache/velocity/runtime/parser/node/ASTTrue|,|java+class:///org/apache/velocity/runtime/parser/node/SimpleNode|>,|project://velocity1.6.4/src/org/apache/velocity/runtime/parser/node/ASTTrue.java|(1186,10,<37,8>,<37,18>)>,
  <<|java+class:///org/apache/velocity/runtime/parser/node/ASTTrue|,|java+class:///org/apache/velocity/runtime/parser/node/SimpleNode|>,|project://velocity1.6.4/src/org/apache/velocity/runtime/parser/node/ASTTrue.java|(1313,13,<46,8>,<46,21>)>,
  <<|java+class:///org/apache/velocity/runtime/parser/node/ASTNotNode|,|java+class:///org/apache/velocity/runtime/parser/node/SimpleNode|>,|project://velocity1.6.4/src/org/apache/velocity/runtime/parser/node/ASTNotNode.java|(1205,10,<36,8>,<36,18>)>,
  <<|java+class:///org/apache/velocity/runtime/parser/node/ASTNotNode|,|java+class:///org/apache/velocity/runtime/parser/node/SimpleNode|>,|project://velocity1.6.4/src/org/apache/velocity/runtime/parser/node/ASTNotNode.java|(1335,13,<45,8>,<45,21>)>,
  <<|java+class:///org/apache/velocity/runtime/parser/node/ASTGTNode|,|java+class:///org/apache/velocity/runtime/parser/node/SimpleNode|>,|project://velocity1.6.4/src/org/apache/velocity/runtime/parser/node/ASTGTNode.java|(1872,13,<58,8>,<58,21>)>,
  <<|java+class:///org/apache/velocity/runtime/parser/node/ASTGTNode|,|java+class:///org/apache/velocity/runtime/parser/node/SimpleNode|>,|project://velocity1.6.4/src/org/apache/velocity/runtime/parser/node/ASTGTNode.java|(1743,10,<49,8>,<49,18>)>,
  <<|java+class:///org/apache/velocity/exception/MethodInvocationException|,|java+class:///org/apache/velocity/exception/VelocityException|>,|project://velocity1.6.4/src/org/apache/velocity/exception/MethodInvocationException.java|(2385,18,<64,8>,<64,26>)>,
  <<|java+class:///org/apache/velocity/runtime/parser/node/ASTElseStatement|,|java+class:///org/apache/velocity/runtime/parser/node/SimpleNode|>,|project://velocity1.6.4/src/org/apache/velocity/runtime/parser/node/ASTElseStatement.java|(1542,10,<42,8>,<42,18>)>,
  <<|java+class:///org/apache/velocity/runtime/parser/node/ASTElseStatement|,|java+class:///org/apache/velocity/runtime/parser/node/SimpleNode|>,|project://velocity1.6.4/src/org/apache/velocity/runtime/parser/node/ASTElseStatement.java|(1678,13,<51,8>,<51,21>)>,
  <<|java+class:///org/apache/velocity/runtime/parser/node/ASTIntegerLiteral|,|java+class:///org/apache/velocity/runtime/parser/node/SimpleNode|>,|project://velocity1.6.4/src/org/apache/velocity/runtime/parser/node/ASTIntegerLiteral.java|(1653,13,<54,8>,<54,21>)>,
  <<|java+class:///org/apache/velocity/runtime/parser/node/ASTIntegerLiteral|,|java+class:///org/apache/velocity/runtime/parser/node/SimpleNode|>,|project://velocity1.6.4/src/org/apache/velocity/runtime/parser/node/ASTIntegerLiteral.java|(1516,10,<45,8>,<45,18>)>,
  <<|java+class:///org/apache/velocity/util/introspection/SecureUberspector|,|java+class:///org/apache/velocity/util/introspection/UberspectImpl|>,|project://velocity1.6.4/src/org/apache/velocity/util/introspection/SecureUberspector.java|(1896,8,<49,8>,<49,16>)>,
  <<|java+class:///org/apache/velocity/runtime/directive/Foreach/NullHolderContext|,|java+class:///org/apache/velocity/context/ChainedInternalContextAdapter|>,|project://velocity1.6.4/src/org/apache/velocity/runtime/directive/Foreach.java|(2922,15,<70,11>,<70,26>)>,
  <<|java+class:///org/apache/velocity/context/ProxyVMContext|,|java+class:///org/apache/velocity/context/ChainedInternalContextAdapter|>,|project://velocity1.6.4/src/org/apache/velocity/context/ProxyVMContext.java|(3108,13,<76,8>,<76,21>)>,
  <<|java+class:///org/apache/velocity/runtime/parser/node/ASTAndNode|,|java+class:///org/apache/velocity/runtime/parser/node/SimpleNode|>,|project://velocity1.6.4/src/org/apache/velocity/runtime/parser/node/ASTAndNode.java|(1510,10,<41,8>,<41,18>)>,
  <<|java+class:///org/apache/velocity/runtime/parser/node/ASTAndNode|,|java+class:///org/apache/velocity/runtime/parser/node/SimpleNode|>,|project://velocity1.6.4/src/org/apache/velocity/runtime/parser/node/ASTAndNode.java|(1640,13,<50,8>,<50,21>)>,
  <<|java+class:///org/apache/velocity/runtime/parser/node/ASTElseIfStatement|,|java+class:///org/apache/velocity/runtime/parser/node/SimpleNode|>,|project://velocity1.6.4/src/org/apache/velocity/runtime/parser/node/ASTElseIfStatement.java|(1793,10,<48,8>,<48,18>)>,
  <<|java+class:///org/apache/velocity/runtime/parser/node/ASTElseIfStatement|,|java+class:///org/apache/velocity/runtime/parser/node/SimpleNode|>,|project://velocity1.6.4/src/org/apache/velocity/runtime/parser/node/ASTElseIfStatement.java|(1931,13,<57,8>,<57,21>)>,
  <<|java+class:///org/apache/velocity/runtime/parser/node/ASTObjectArray|,|java+class:///org/apache/velocity/runtime/parser/node/SimpleNode|>,|project://velocity1.6.4/src/org/apache/velocity/runtime/parser/node/ASTObjectArray.java|(1268,10,<39,8>,<39,18>)>,
  <<|java+class:///org/apache/velocity/runtime/parser/node/ASTObjectArray|,|java+class:///org/apache/velocity/runtime/parser/node/SimpleNode|>,|project://velocity1.6.4/src/org/apache/velocity/runtime/parser/node/ASTObjectArray.java|(1402,13,<48,8>,<48,21>)>,
  <<|java+class:///org/apache/velocity/anakia/AnakiaElement|,|java+class:///org/jdom/Element|>,|project://velocity1.6.4/src/org/apache/velocity/anakia/AnakiaElement.java|(3213,17,<95,8>,<95,25>)>,
  <<|java+class:///org/apache/velocity/anakia/AnakiaElement|,|java+class:///org/jdom/Element|>,|project://velocity1.6.4/src/org/apache/velocity/anakia/AnakiaElement.java|(2316,23,<64,8>,<64,31>)>,
  <<|java+class:///org/apache/velocity/anakia/AnakiaElement|,|java+class:///org/jdom/Element|>,|project://velocity1.6.4/src/org/apache/velocity/anakia/AnakiaElement.java|(2617,12,<77,8>,<77,20>)>,
  <<|java+class:///org/apache/velocity/anakia/AnakiaElement|,|java+class:///org/jdom/Element|>,|project://velocity1.6.4/src/org/apache/velocity/anakia/AnakiaElement.java|(3820,25,<113,8>,<113,33>)>,
  <<|java+class:///org/apache/velocity/runtime/parser/node/ASTMap|,|java+class:///org/apache/velocity/runtime/parser/node/SimpleNode|>,|project://velocity1.6.4/src/org/apache/velocity/runtime/parser/node/ASTMap.java|(1438,10,<44,8>,<44,18>)>,
  <<|java+class:///org/apache/velocity/runtime/parser/node/ASTMap|,|java+class:///org/apache/velocity/runtime/parser/node/SimpleNode|>,|project://velocity1.6.4/src/org/apache/velocity/runtime/parser/node/ASTMap.java|(1564,13,<53,8>,<53,21>)>,
  <<|java+class:///org/apache/velocity/runtime/parser/node/ASTSubtractNode|,|java+class:///org/apache/velocity/runtime/parser/node/ASTMathNode|>,|project://velocity1.6.4/src/org/apache/velocity/runtime/parser/node/ASTSubtractNode.java|(1793,13,<53,8>,<53,21>)>,
  <<|java+class:///org/apache/velocity/runtime/parser/node/ASTSubtractNode|,|java+class:///org/apache/velocity/runtime/parser/node/ASTMathNode|>,|project://velocity1.6.4/src/org/apache/velocity/runtime/parser/node/ASTSubtractNode.java|(1658,10,<44,8>,<44,18>)>,
  <<|java+class:///org/apache/velocity/exception/TemplateInitException|,|java+class:///org/apache/velocity/exception/VelocityException|>,|project://velocity1.6.4/src/org/apache/velocity/exception/TemplateInitException.java|(1719,11,<47,8>,<47,19>)>,
  <<|java+class:///org/apache/velocity/exception/TemplateInitException|,|java+class:///org/apache/velocity/exception/VelocityException|>,|project://velocity1.6.4/src/org/apache/velocity/exception/TemplateInitException.java|(2005,26,<56,8>,<56,34>)>,
  <<|java+class:///org/apache/velocity/runtime/parser/node/ASTExpression|,|java+class:///org/apache/velocity/runtime/parser/node/SimpleNode|>,|project://velocity1.6.4/src/org/apache/velocity/runtime/parser/node/ASTExpression.java|(1211,10,<36,8>,<36,18>)>,
  <<|java+class:///org/apache/velocity/runtime/parser/node/ASTExpression|,|java+class:///org/apache/velocity/runtime/parser/node/SimpleNode|>,|project://velocity1.6.4/src/org/apache/velocity/runtime/parser/node/ASTExpression.java|(1344,13,<45,8>,<45,21>)>,
  <<|java+class:///org/apache/velocity/runtime/parser/node/ASTStringLiteral|,|java+class:///org/apache/velocity/runtime/parser/node/SimpleNode|>,|project://velocity1.6.4/src/org/apache/velocity/runtime/parser/node/ASTStringLiteral.java|(2436,10,<64,8>,<64,18>)>,
  <<|java+class:///org/apache/velocity/runtime/parser/node/ASTStringLiteral|,|java+class:///org/apache/velocity/runtime/parser/node/SimpleNode|>,|project://velocity1.6.4/src/org/apache/velocity/runtime/parser/node/ASTStringLiteral.java|(2572,13,<73,8>,<73,21>)>,
  <<|java+class:///org/apache/velocity/runtime/parser/TokenMgrError|,|java+class:///java/lang/Error|>,|project://velocity1.6.4/src/org/apache/velocity/runtime/parser/TokenMgrError.java|(4061,15,<126,6>,<126,21>)>,
  <<|java+class:///org/apache/velocity/app/event/implement/InvalidReferenceInfo|,|java+class:///org/apache/velocity/util/introspection/Info|>,|project://velocity1.6.4/src/org/apache/velocity/app/event/implement/InvalidReferenceInfo.java|(1404,62,<38,8>,<38,70>)>,
  <<|java+class:///org/apache/velocity/runtime/parser/node/ASTNENode|,|java+class:///org/apache/velocity/runtime/parser/node/SimpleNode|>,|project://velocity1.6.4/src/org/apache/velocity/runtime/parser/node/ASTNENode.java|(1561,10,<43,8>,<43,18>)>,
  <<|java+class:///org/apache/velocity/runtime/parser/node/ASTNENode|,|java+class:///org/apache/velocity/runtime/parser/node/SimpleNode|>,|project://velocity1.6.4/src/org/apache/velocity/runtime/parser/node/ASTNENode.java|(1690,13,<52,8>,<52,21>)>,
  <<|java+class:///org/apache/velocity/runtime/parser/node/ASTComment|,|java+class:///org/apache/velocity/runtime/parser/node/SimpleNode|>,|project://velocity1.6.4/src/org/apache/velocity/runtime/parser/node/ASTComment.java|(1697,10,<49,8>,<49,18>)>,
  <<|java+class:///org/apache/velocity/runtime/parser/node/ASTComment|,|java+class:///org/apache/velocity/runtime/parser/node/SimpleNode|>,|project://velocity1.6.4/src/org/apache/velocity/runtime/parser/node/ASTComment.java|(1827,13,<58,8>,<58,21>)>,
  <<|java+class:///org/apache/velocity/exception/MathException|,|java+class:///org/apache/velocity/exception/VelocityException|>,|project://velocity1.6.4/src/org/apache/velocity/exception/MathException.java|(1193,24,<33,8>,<33,32>)>,
  <<|java+class:///org/apache/velocity/util/introspection/SecureIntrospectorImpl|,|java+class:///org/apache/velocity/util/introspection/Introspector|>,|project://velocity1.6.4/src/org/apache/velocity/util/introspection/SecureIntrospectorImpl.java|(1816,11,<45,8>,<45,19>)>,
  <<|java+class:///org/apache/velocity/anakia/OutputWrapper|,|java+class:///org/jdom/output/XMLOutputter|>,|project://velocity1.6.4/src/org/apache/velocity/anakia/OutputWrapper.java|(1574,9,<51,8>,<51,17>)>,
  <<|java+class:///org/apache/velocity/runtime/parser/node/ASTLENode|,|java+class:///org/apache/velocity/runtime/parser/node/SimpleNode|>,|project://velocity1.6.4/src/org/apache/velocity/runtime/parser/node/ASTLENode.java|(1744,10,<49,8>,<49,18>)>,
  <<|java+class:///org/apache/velocity/runtime/parser/node/ASTLENode|,|java+class:///org/apache/velocity/runtime/parser/node/SimpleNode|>,|project://velocity1.6.4/src/org/apache/velocity/runtime/parser/node/ASTLENode.java|(1873,13,<58,8>,<58,21>)>,
  <<|java+class:///org/apache/velocity/runtime/parser/node/ASTVariable|,|java+class:///org/apache/velocity/runtime/parser/node/SimpleNode|>,|project://velocity1.6.4/src/org/apache/velocity/runtime/parser/node/ASTVariable.java|(1084,10,<35,8>,<35,18>)>,
  <<|java+class:///org/apache/velocity/runtime/parser/node/ASTVariable|,|java+class:///org/apache/velocity/runtime/parser/node/SimpleNode|>,|project://velocity1.6.4/src/org/apache/velocity/runtime/parser/node/ASTVariable.java|(1215,13,<44,8>,<44,21>)>,
  <<|java+class:///org/apache/velocity/runtime/parser/node/ASTFalse|,|java+class:///org/apache/velocity/runtime/parser/node/SimpleNode|>,|project://velocity1.6.4/src/org/apache/velocity/runtime/parser/node/ASTFalse.java|(1189,10,<37,8>,<37,18>)>,
  <<|java+class:///org/apache/velocity/runtime/parser/node/ASTFalse|,|java+class:///org/apache/velocity/runtime/parser/node/SimpleNode|>,|project://velocity1.6.4/src/org/apache/velocity/runtime/parser/node/ASTFalse.java|(1317,13,<46,8>,<46,21>)>,
  <<|java+class:///org/apache/velocity/runtime/log/VelocityFormatter|,|java+class:///org/apache/log/format/PatternFormatter|>,|project://velocity1.6.4/src/org/apache/velocity/runtime/log/VelocityFormatter.java|(1119,16,<35,1>,<35,17>)>,
  <<|java+class:///org/apache/velocity/runtime/parser/node/ASTAddNode|,|java+class:///org/apache/velocity/runtime/parser/node/ASTMathNode|>,|project://velocity1.6.4/src/org/apache/velocity/runtime/parser/node/ASTAddNode.java|(1635,10,<44,8>,<44,18>)>,
  <<|java+class:///org/apache/velocity/runtime/parser/node/ASTAddNode|,|java+class:///org/apache/velocity/runtime/parser/node/ASTMathNode|>,|project://velocity1.6.4/src/org/apache/velocity/runtime/parser/node/ASTAddNode.java|(1765,13,<53,8>,<53,21>)>,
  <<|java+class:///org/apache/velocity/runtime/parser/node/ASTModNode|,|java+class:///org/apache/velocity/runtime/parser/node/ASTMathNode|>,|project://velocity1.6.4/src/org/apache/velocity/runtime/parser/node/ASTModNode.java|(1613,10,<44,8>,<44,18>)>,
  <<|java+class:///org/apache/velocity/runtime/parser/node/ASTModNode|,|java+class:///org/apache/velocity/runtime/parser/node/ASTMathNode|>,|project://velocity1.6.4/src/org/apache/velocity/runtime/parser/node/ASTModNode.java|(1743,13,<53,8>,<53,21>)>,
  <<|java+class:///org/apache/velocity/runtime/parser/node/ASTIntegerRange|,|java+class:///org/apache/velocity/runtime/parser/node/SimpleNode|>,|project://velocity1.6.4/src/org/apache/velocity/runtime/parser/node/ASTIntegerRange.java|(1667,13,<54,8>,<54,21>)>,
  <<|java+class:///org/apache/velocity/runtime/parser/node/ASTIntegerRange|,|java+class:///org/apache/velocity/runtime/parser/node/SimpleNode|>,|project://velocity1.6.4/src/org/apache/velocity/runtime/parser/node/ASTIntegerRange.java|(1532,10,<45,8>,<45,18>)>,
  <<|java+class:///org/apache/velocity/runtime/parser/node/ASTGENode|,|java+class:///org/apache/velocity/runtime/parser/node/SimpleNode|>,|project://velocity1.6.4/src/org/apache/velocity/runtime/parser/node/ASTGENode.java|(1873,13,<58,8>,<58,21>)>,
  <<|java+class:///org/apache/velocity/runtime/parser/node/ASTGENode|,|java+class:///org/apache/velocity/runtime/parser/node/SimpleNode|>,|project://velocity1.6.4/src/org/apache/velocity/runtime/parser/node/ASTGENode.java|(1744,10,<49,8>,<49,18>)>,
  <<|java+class:///org/apache/velocity/runtime/parser/node/ASTMulNode|,|java+class:///org/apache/velocity/runtime/parser/node/ASTMathNode|>,|project://velocity1.6.4/src/org/apache/velocity/runtime/parser/node/ASTMulNode.java|(1624,10,<44,8>,<44,18>)>,
  <<|java+class:///org/apache/velocity/runtime/parser/node/ASTMulNode|,|java+class:///org/apache/velocity/runtime/parser/node/ASTMathNode|>,|project://velocity1.6.4/src/org/apache/velocity/runtime/parser/node/ASTMulNode.java|(1754,13,<53,8>,<53,21>)>,
  <<|java+class:///org/apache/velocity/runtime/parser/node/ASTEscape|,|java+class:///org/apache/velocity/runtime/parser/node/SimpleNode|>,|project://velocity1.6.4/src/org/apache/velocity/runtime/parser/node/ASTEscape.java|(1712,13,<58,8>,<58,21>)>,
  <<|java+class:///org/apache/velocity/runtime/parser/node/ASTEscape|,|java+class:///org/apache/velocity/runtime/parser/node/SimpleNode|>,|project://velocity1.6.4/src/org/apache/velocity/runtime/parser/node/ASTEscape.java|(1583,10,<49,8>,<49,18>)>,
  <<|java+class:///org/apache/velocity/runtime/parser/node/ASTMethod|,|java+class:///org/apache/velocity/runtime/parser/node/SimpleNode|>,|project://velocity1.6.4/src/org/apache/velocity/runtime/parser/node/ASTMethod.java|(2567,13,<79,8>,<79,21>)>,
  <<|java+class:///org/apache/velocity/runtime/parser/node/ASTMethod|,|java+class:///org/apache/velocity/runtime/parser/node/SimpleNode|>,|project://velocity1.6.4/src/org/apache/velocity/runtime/parser/node/ASTMethod.java|(2438,10,<70,8>,<70,18>)>,
  <<|java+class:///org/apache/velocity/runtime/parser/TemplateParseException|,|java+class:///org/apache/velocity/runtime/parser/ParseException|>,|project://velocity1.6.4/src/org/apache/velocity/runtime/parser/TemplateParseException.java|(4000,15,<106,8>,<106,23>)>,
  <<|java+class:///org/apache/velocity/runtime/parser/TemplateParseException|,|java+class:///org/apache/velocity/runtime/parser/ParseException|>,|project://velocity1.6.4/src/org/apache/velocity/runtime/parser/TemplateParseException.java|(3135,65,<80,8>,<80,73>)>,
  <<|java+class:///org/apache/velocity/runtime/parser/TemplateParseException|,|java+class:///org/apache/velocity/runtime/parser/ParseException|>,|project://velocity1.6.4/src/org/apache/velocity/runtime/parser/TemplateParseException.java|(3759,8,<95,8>,<95,16>)>,
  <<|java+class:///org/apache/velocity/runtime/parser/TemplateParseException|,|java+class:///org/apache/velocity/runtime/parser/ParseException|>,|project://velocity1.6.4/src/org/apache/velocity/runtime/parser/TemplateParseException.java|(2121,65,<59,8>,<59,73>)>,
  <<|java+class:///org/apache/velocity/Template|,|java+class:///org/apache/velocity/runtime/resource/Resource|>,|project://velocity1.6.4/src/org/apache/velocity/Template.java|(2619,8,<71,8>,<71,16>)>,
  <<|java+class:///org/apache/velocity/runtime/parser/node/ASTStop|,|java+class:///org/apache/velocity/runtime/parser/node/SimpleNode|>,|project://velocity1.6.4/src/org/apache/velocity/runtime/parser/node/ASTStop.java|(1819,13,<57,8>,<57,21>)>,
  <<|java+class:///org/apache/velocity/runtime/parser/node/ASTStop|,|java+class:///org/apache/velocity/runtime/parser/node/SimpleNode|>,|project://velocity1.6.4/src/org/apache/velocity/runtime/parser/node/ASTStop.java|(1692,10,<48,8>,<48,18>)>,
  <<|java+class:///org/apache/velocity/util/introspection/Introspector|,|java+class:///org/apache/velocity/util/introspection/IntrospectorBase|>,|project://velocity1.6.4/src/org/apache/velocity/util/introspection/Introspector.java|(2494,11,<65,8>,<65,19>)>,
  <<|java+class:///org/apache/velocity/runtime/directive/MacroParseException|,|java+class:///org/apache/velocity/runtime/parser/ParseException|>,|project://velocity1.6.4/src/org/apache/velocity/runtime/directive/MacroParseException.java|(1965,11,<54,8>,<54,19>)>,
  <<|java+class:///org/apache/velocity/VelocityContext|,|java+class:///org/apache/velocity/context/AbstractContext|>,|project://velocity1.6.4/src/org/apache/velocity/VelocityContext.java|(3561,20,<106,8>,<106,28>)>,
  <<|java+class:///org/apache/velocity/exception/VelocityException|,|java+class:///java/lang/RuntimeException|>,|project://velocity1.6.4/src/org/apache/velocity/exception/VelocityException.java|(2183,8,<68,8>,<68,16>)>,
  <<|java+class:///org/apache/velocity/exception/VelocityException|,|java+class:///java/lang/RuntimeException|>,|project://velocity1.6.4/src/org/apache/velocity/exception/VelocityException.java|(1890,24,<57,8>,<57,32>)>,
  <<|java+class:///org/apache/velocity/exception/VelocityException|,|java+class:///java/lang/RuntimeException|>,|project://velocity1.6.4/src/org/apache/velocity/exception/VelocityException.java|(1566,24,<46,8>,<46,32>)>,
  <<|java+class:///org/apache/velocity/exception/ResourceNotFoundException|,|java+class:///org/apache/velocity/exception/VelocityException|>,|project://velocity1.6.4/src/org/apache/velocity/exception/ResourceNotFoundException.java|(2220,9,<64,8>,<64,17>)>,
  <<|java+class:///org/apache/velocity/exception/ResourceNotFoundException|,|java+class:///org/apache/velocity/exception/VelocityException|>,|project://velocity1.6.4/src/org/apache/velocity/exception/ResourceNotFoundException.java|(2013,27,<55,8>,<55,35>)>,
  <<|java+class:///org/apache/velocity/exception/ResourceNotFoundException|,|java+class:///org/apache/velocity/exception/VelocityException|>,|project://velocity1.6.4/src/org/apache/velocity/exception/ResourceNotFoundException.java|(1770,24,<46,8>,<46,32>)>,
  <<|java+class:///org/apache/velocity/runtime/resource/ContentResource|,|java+class:///org/apache/velocity/runtime/resource/Resource|>,|project://velocity1.6.4/src/org/apache/velocity/runtime/resource/ContentResource.java|(1685,8,<44,8>,<44,16>)>,
  <<|java+class:///org/apache/velocity/runtime/parser/node/ASTReference|,|java+class:///org/apache/velocity/runtime/parser/node/SimpleNode|>,|project://velocity1.6.4/src/org/apache/velocity/runtime/parser/node/ASTReference.java|(3596,10,<96,8>,<96,18>)>,
  <<|java+class:///org/apache/velocity/runtime/parser/node/ASTReference|,|java+class:///org/apache/velocity/runtime/parser/node/SimpleNode|>,|project://velocity1.6.4/src/org/apache/velocity/runtime/parser/node/ASTReference.java|(3728,13,<105,8>,<105,21>)>,
  <<|java+class:///org/apache/velocity/runtime/parser/node/ASTFloatingPointLiteral|,|java+class:///org/apache/velocity/runtime/parser/node/SimpleNode|>,|project://velocity1.6.4/src/org/apache/velocity/runtime/parser/node/ASTFloatingPointLiteral.java|(1666,13,<56,8>,<56,21>)>,
  <<|java+class:///org/apache/velocity/runtime/parser/node/ASTFloatingPointLiteral|,|java+class:///org/apache/velocity/runtime/parser/node/SimpleNode|>,|project://velocity1.6.4/src/org/apache/velocity/runtime/parser/node/ASTFloatingPointLiteral.java|(1523,10,<47,8>,<47,18>)>,
  <<|java+class:///org/apache/velocity/runtime/log/LogDisplayWrapper|,|java+class:///org/apache/velocity/runtime/log/Log|>,|project://velocity1.6.4/src/org/apache/velocity/runtime/log/LogDisplayWrapper.java|(1957,25,<52,8>,<52,33>)>,
  <<|java+class:///org/apache/velocity/runtime/parser/node/ASTOrNode|,|java+class:///org/apache/velocity/runtime/parser/node/SimpleNode|>,|project://velocity1.6.4/src/org/apache/velocity/runtime/parser/node/ASTOrNode.java|(1635,13,<50,8>,<50,21>)>,
  <<|java+class:///org/apache/velocity/runtime/parser/node/ASTOrNode|,|java+class:///org/apache/velocity/runtime/parser/node/SimpleNode|>,|project://velocity1.6.4/src/org/apache/velocity/runtime/parser/node/ASTOrNode.java|(1506,10,<41,8>,<41,18>)>,
  <<|java+class:///org/apache/velocity/app/tools/VelocityFormatter/VelocityAutoAlternator|,|java+class:///org/apache/velocity/app/tools/VelocityFormatter/VelocityAlternator|>,|project://velocity1.6.4/src/org/apache/velocity/app/tools/VelocityFormatter.java|(9321,18,<323,12>,<323,30>)>,
  <<|java+class:///org/apache/velocity/runtime/parser/node/ASTBlock|,|java+class:///org/apache/velocity/runtime/parser/node/SimpleNode|>,|project://velocity1.6.4/src/org/apache/velocity/runtime/parser/node/ASTBlock.java|(1382,10,<42,8>,<42,18>)>,
  <<|java+class:///org/apache/velocity/runtime/parser/node/ASTBlock|,|java+class:///org/apache/velocity/runtime/parser/node/SimpleNode|>,|project://velocity1.6.4/src/org/apache/velocity/runtime/parser/node/ASTBlock.java|(1510,13,<51,8>,<51,21>)>,
  <<|java+class:///org/apache/velocity/runtime/parser/ParseException|,|java+class:///java/lang/Exception|>,|project://velocity1.6.4/src/org/apache/velocity/runtime/parser/ParseException.java|(2268,15,<60,4>,<60,19>)>,
  <<|java+class:///org/apache/velocity/runtime/parser/ParseException|,|java+class:///java/lang/Exception|>,|project://velocity1.6.4/src/org/apache/velocity/runtime/parser/ParseException.java|(1515,10,<37,4>,<37,14>)>,
  <<|java+class:///org/apache/velocity/runtime/parser/ParseException|,|java+class:///java/lang/Exception|>,|project://velocity1.6.4/src/org/apache/velocity/runtime/parser/ParseException.java|(2171,8,<55,4>,<55,12>)>,
  <<|java+class:///org/apache/velocity/runtime/parser/node/ASTIncludeStatement|,|java+class:///org/apache/velocity/runtime/parser/node/SimpleNode|>,|project://velocity1.6.4/src/org/apache/velocity/runtime/parser/node/ASTIncludeStatement.java|(1098,10,<34,8>,<34,18>)>,
  <<|java+class:///org/apache/velocity/runtime/parser/node/ASTIncludeStatement|,|java+class:///org/apache/velocity/runtime/parser/node/SimpleNode|>,|project://velocity1.6.4/src/org/apache/velocity/runtime/parser/node/ASTIncludeStatement.java|(1237,13,<43,8>,<43,21>)>,
  <<|java+class:///org/apache/velocity/io/UnicodeInputStream|,|java+class:///java/io/InputStream|>,|project://velocity1.6.4/src/org/apache/velocity/io/UnicodeInputStream.java|(4324,8,<109,8>,<109,16>)>,
  <<|java+class:///org/apache/velocity/context/EvaluateContext|,|java+class:///org/apache/velocity/context/ChainedInternalContextAdapter|>,|project://velocity1.6.4/src/org/apache/velocity/context/EvaluateContext.java|(2435,13,<63,8>,<63,21>)>,
  <<|java+class:///org/apache/velocity/runtime/parser/node/ASTIdentifier|,|java+class:///org/apache/velocity/runtime/parser/node/SimpleNode|>,|project://velocity1.6.4/src/org/apache/velocity/runtime/parser/node/ASTIdentifier.java|(2555,10,<70,8>,<70,18>)>,
  <<|java+class:///org/apache/velocity/runtime/parser/node/ASTIdentifier|,|java+class:///org/apache/velocity/runtime/parser/node/SimpleNode|>,|project://velocity1.6.4/src/org/apache/velocity/runtime/parser/node/ASTIdentifier.java|(2688,13,<79,8>,<79,21>)>,
  <<|java+class:///org/apache/velocity/exception/MacroOverflowException|,|java+class:///org/apache/velocity/exception/VelocityException|>,|project://velocity1.6.4/src/org/apache/velocity/exception/MacroOverflowException.java|(1936,15,<57,8>,<57,23>)>,
  <<|java+class:///org/apache/velocity/exception/MacroOverflowException|,|java+class:///org/apache/velocity/exception/VelocityException|>,|project://velocity1.6.4/src/org/apache/velocity/exception/MacroOverflowException.java|(1730,33,<49,8>,<49,41>)>,
  <<|java+class:///org/apache/velocity/exception/MacroOverflowException|,|java+class:///org/apache/velocity/exception/VelocityException|>,|project://velocity1.6.4/src/org/apache/velocity/exception/MacroOverflowException.java|(1445,24,<40,8>,<40,32>)>,
  <<|java+class:///org/apache/velocity/runtime/parser/node/ASTDirective|,|java+class:///org/apache/velocity/runtime/parser/node/SimpleNode|>,|project://velocity1.6.4/src/org/apache/velocity/runtime/parser/node/ASTDirective.java|(2368,10,<63,8>,<63,18>)>,
  <<|java+class:///org/apache/velocity/runtime/parser/node/ASTDirective|,|java+class:///org/apache/velocity/runtime/parser/node/SimpleNode|>,|project://velocity1.6.4/src/org/apache/velocity/runtime/parser/node/ASTDirective.java|(2500,13,<72,8>,<72,21>)>,
  <<|java+class:///org/apache/velocity/runtime/parser/node/ASTprocess|,|java+class:///org/apache/velocity/runtime/parser/node/SimpleNode|>,|project://velocity1.6.4/src/org/apache/velocity/runtime/parser/node/ASTprocess.java|(1080,10,<34,8>,<34,18>)>,
  <<|java+class:///org/apache/velocity/runtime/parser/node/ASTprocess|,|java+class:///org/apache/velocity/runtime/parser/node/SimpleNode|>,|project://velocity1.6.4/src/org/apache/velocity/runtime/parser/node/ASTprocess.java|(1210,13,<43,8>,<43,21>)>,
  <<|java+class:///org/apache/velocity/runtime/parser/node/ASTLTNode|,|java+class:///org/apache/velocity/runtime/parser/node/SimpleNode|>,|project://velocity1.6.4/src/org/apache/velocity/runtime/parser/node/ASTLTNode.java|(1743,10,<49,8>,<49,18>)>,
  <<|java+class:///org/apache/velocity/runtime/parser/node/ASTLTNode|,|java+class:///org/apache/velocity/runtime/parser/node/SimpleNode|>,|project://velocity1.6.4/src/org/apache/velocity/runtime/parser/node/ASTLTNode.java|(1872,13,<58,8>,<58,21>)>,
  <<|java+class:///org/apache/velocity/runtime/parser/node/ASTWord|,|java+class:///org/apache/velocity/runtime/parser/node/SimpleNode|>,|project://velocity1.6.4/src/org/apache/velocity/runtime/parser/node/ASTWord.java|(1074,10,<34,8>,<34,18>)>,
  <<|java+class:///org/apache/velocity/runtime/parser/node/ASTWord|,|java+class:///org/apache/velocity/runtime/parser/node/SimpleNode|>,|project://velocity1.6.4/src/org/apache/velocity/runtime/parser/node/ASTWord.java|(1201,13,<43,8>,<43,21>)>,
  <<|java+class:///org/apache/velocity/runtime/parser/node/ASTMathNode|,|java+class:///org/apache/velocity/runtime/parser/node/SimpleNode|>,|project://velocity1.6.4/src/org/apache/velocity/runtime/parser/node/ASTMathNode.java|(1946,10,<49,8>,<49,18>)>,
  <<|java+class:///org/apache/velocity/runtime/parser/node/ASTMathNode|,|java+class:///org/apache/velocity/runtime/parser/node/SimpleNode|>,|project://velocity1.6.4/src/org/apache/velocity/runtime/parser/node/ASTMathNode.java|(2024,13,<54,8>,<54,21>)>,
  <<|java+class:///org/apache/velocity/runtime/parser/node/ASTParameters|,|java+class:///org/apache/velocity/runtime/parser/node/SimpleNode|>,|project://velocity1.6.4/src/org/apache/velocity/runtime/parser/node/ASTParameters.java|(1088,10,<35,8>,<35,18>)>,
  <<|java+class:///org/apache/velocity/runtime/parser/node/ASTParameters|,|java+class:///org/apache/velocity/runtime/parser/node/SimpleNode|>,|project://velocity1.6.4/src/org/apache/velocity/runtime/parser/node/ASTParameters.java|(1221,13,<44,8>,<44,21>)>,
  <<|java+class:///org/apache/velocity/runtime/parser/node/ASTEscapedDirective|,|java+class:///org/apache/velocity/runtime/parser/node/SimpleNode|>,|project://velocity1.6.4/src/org/apache/velocity/runtime/parser/node/ASTEscapedDirective.java|(1539,10,<45,8>,<45,18>)>,
  <<|java+class:///org/apache/velocity/runtime/parser/node/ASTEscapedDirective|,|java+class:///org/apache/velocity/runtime/parser/node/SimpleNode|>,|project://velocity1.6.4/src/org/apache/velocity/runtime/parser/node/ASTEscapedDirective.java|(1678,13,<54,8>,<54,21>)>,
  <<|java+class:///org/apache/velocity/exception/ParseErrorException|,|java+class:///org/apache/velocity/exception/VelocityException|>,|project://velocity1.6.4/src/org/apache/velocity/exception/ParseErrorException.java|(4937,24,<148,8>,<148,32>)>,
  <<|java+class:///org/apache/velocity/exception/ParseErrorException|,|java+class:///org/apache/velocity/exception/VelocityException|>,|project://velocity1.6.4/src/org/apache/velocity/exception/ParseErrorException.java|(5566,24,<165,8>,<165,32>)>,
  <<|java+class:///org/apache/velocity/exception/ParseErrorException|,|java+class:///org/apache/velocity/exception/VelocityException|>,|project://velocity1.6.4/src/org/apache/velocity/exception/ParseErrorException.java|(2507,24,<71,10>,<71,34>)>,
  <<|java+class:///org/apache/velocity/exception/ParseErrorException|,|java+class:///org/apache/velocity/exception/VelocityException|>,|project://velocity1.6.4/src/org/apache/velocity/exception/ParseErrorException.java|(2763,24,<82,8>,<82,32>)>,
  <<|java+class:///org/apache/velocity/exception/ParseErrorException|,|java+class:///org/apache/velocity/exception/VelocityException|>,|project://velocity1.6.4/src/org/apache/velocity/exception/ParseErrorException.java|(3744,24,<114,8>,<114,32>)>,
  <<|java+class:///org/apache/velocity/runtime/parser/node/ASTIfStatement|,|java+class:///org/apache/velocity/runtime/parser/node/SimpleNode|>,|project://velocity1.6.4/src/org/apache/velocity/runtime/parser/node/ASTIfStatement.java|(1720,10,<52,8>,<52,18>)>,
  <<|java+class:///org/apache/velocity/runtime/parser/node/ASTIfStatement|,|java+class:///org/apache/velocity/runtime/parser/node/SimpleNode|>,|project://velocity1.6.4/src/org/apache/velocity/runtime/parser/node/ASTIfStatement.java|(1854,13,<61,8>,<61,21>)>,
  <<|java+class:///org/apache/velocity/runtime/parser/node/ASTAssignment|,|java+class:///org/apache/velocity/runtime/parser/node/SimpleNode|>,|project://velocity1.6.4/src/org/apache/velocity/runtime/parser/node/ASTAssignment.java|(1086,10,<34,8>,<34,18>)>,
  <<|java+class:///org/apache/velocity/runtime/parser/node/ASTAssignment|,|java+class:///org/apache/velocity/runtime/parser/node/SimpleNode|>,|project://velocity1.6.4/src/org/apache/velocity/runtime/parser/node/ASTAssignment.java|(1219,13,<43,8>,<43,21>)>,
  <<|java+class:///org/apache/velocity/runtime/parser/node/ASTText|,|java+class:///org/apache/velocity/runtime/parser/node/SimpleNode|>,|project://velocity1.6.4/src/org/apache/velocity/runtime/parser/node/ASTText.java|(1329,10,<42,8>,<42,18>)>,
  <<|java+class:///org/apache/velocity/runtime/parser/node/ASTText|,|java+class:///org/apache/velocity/runtime/parser/node/SimpleNode|>,|project://velocity1.6.4/src/org/apache/velocity/runtime/parser/node/ASTText.java|(1456,13,<51,8>,<51,21>)>,
  <<|java+class:///org/apache/velocity/runtime/parser/node/ASTDivNode|,|java+class:///org/apache/velocity/runtime/parser/node/ASTMathNode|>,|project://velocity1.6.4/src/org/apache/velocity/runtime/parser/node/ASTDivNode.java|(1687,10,<45,8>,<45,18>)>,
  <<|java+class:///org/apache/velocity/runtime/parser/node/ASTDivNode|,|java+class:///org/apache/velocity/runtime/parser/node/ASTMathNode|>,|project://velocity1.6.4/src/org/apache/velocity/runtime/parser/node/ASTDivNode.java|(1817,13,<54,8>,<54,21>)>,
  <<|java+class:///org/apache/velocity/runtime/parser/node/ASTSetDirective|,|java+class:///org/apache/velocity/runtime/parser/node/SimpleNode|>,|project://velocity1.6.4/src/org/apache/velocity/runtime/parser/node/ASTSetDirective.java|(2256,10,<65,8>,<65,18>)>,
  <<|java+class:///org/apache/velocity/runtime/parser/node/ASTSetDirective|,|java+class:///org/apache/velocity/runtime/parser/node/SimpleNode|>,|project://velocity1.6.4/src/org/apache/velocity/runtime/parser/node/ASTSetDirective.java|(2391,13,<74,8>,<74,21>)>
]