[
  <<|java+interface:///org/sunflow/core/Tesselatable|,|java+interface:///org/sunflow/core/RenderObject|>,210,|project://sunflow-0.07.2/src/org/sunflow/core/Geometry.java|(2119,28,<64,19>,<64,47>),|java+method:///org/sunflow/core/RenderObject/update(org.sunflow.core.ParameterList,org.sunflow.SunflowAPI)|>,
  <<|java+interface:///org/sunflow/core/PrimitiveList|,|java+interface:///org/sunflow/core/RenderObject|>,210,|project://sunflow-0.07.2/src/org/sunflow/core/Geometry.java|(2195,26,<66,15>,<66,41>),|java+method:///org/sunflow/core/RenderObject/update(org.sunflow.core.ParameterList,org.sunflow.SunflowAPI)|>,
  <<|java+class:///org/sunflow/core/Options|,|java+class:///org/sunflow/core/ParameterList|>,210,|project://sunflow-0.07.2/src/org/sunflow/core/gi/PathTracingGIEngine.java|(536,37,<18,18>,<18,55>),|java+method:///org/sunflow/core/ParameterList/getInt(java.lang.String,int)|>,
  <<|java+interface:///org/sunflow/core/PrimitiveList|,|java+interface:///org/sunflow/core/RenderObject|>,210,|project://sunflow-0.07.2/src/org/sunflow/core/tesselatable/BezierMesh.java|(7906,18,<201,8>,<201,26>),|java+method:///org/sunflow/core/RenderObject/update(org.sunflow.core.ParameterList,org.sunflow.SunflowAPI)|>,
  <<|java+class:///org/sunflow/core/Options|,|java+class:///org/sunflow/core/ParameterList|>,210,|project://sunflow-0.07.2/src/org/sunflow/core/gi/InstantGI.java|(779,36,<27,21>,<27,57>),|java+method:///org/sunflow/core/ParameterList/getInt(java.lang.String,int)|>,
  <<|java+class:///org/sunflow/core/Options|,|java+class:///org/sunflow/core/ParameterList|>,210,|project://sunflow-0.07.2/src/org/sunflow/core/gi/InstantGI.java|(836,32,<28,18>,<28,50>),|java+method:///org/sunflow/core/ParameterList/getInt(java.lang.String,int)|>,
  <<|java+class:///org/sunflow/core/Options|,|java+class:///org/sunflow/core/ParameterList|>,210,|project://sunflow-0.07.2/src/org/sunflow/core/gi/InstantGI.java|(883,38,<29,12>,<29,50>),|java+method:///org/sunflow/core/ParameterList/getFloat(java.lang.String,float)|>,
  <<|java+class:///org/sunflow/core/Options|,|java+class:///org/sunflow/core/ParameterList|>,210,|project://sunflow-0.07.2/src/org/sunflow/core/gi/InstantGI.java|(942,40,<30,18>,<30,58>),|java+method:///org/sunflow/core/ParameterList/getInt(java.lang.String,int)|>,
  <<|java+class:///org/sunflow/core/Options|,|java+class:///org/sunflow/core/ParameterList|>,210,|project://sunflow-0.07.2/src/org/sunflow/core/renderer/BucketRenderer.java|(2286,41,<77,21>,<77,62>),|java+method:///org/sunflow/core/ParameterList/getInt(java.lang.String,int)|>,
  <<|java+class:///org/sunflow/core/Options|,|java+class:///org/sunflow/core/ParameterList|>,210,|project://sunflow-0.07.2/src/org/sunflow/core/renderer/BucketRenderer.java|(2356,50,<78,26>,<78,76>),|java+method:///org/sunflow/core/ParameterList/getString(java.lang.String,java.lang.String)|>,
  <<|java+class:///org/sunflow/core/Options|,|java+class:///org/sunflow/core/ParameterList|>,210,|project://sunflow-0.07.2/src/org/sunflow/core/renderer/BucketRenderer.java|(2430,36,<79,21>,<79,57>),|java+method:///org/sunflow/core/ParameterList/getInt(java.lang.String,int)|>,
  <<|java+class:///org/sunflow/core/Options|,|java+class:///org/sunflow/core/ParameterList|>,210,|project://sunflow-0.07.2/src/org/sunflow/core/renderer/BucketRenderer.java|(2490,36,<80,21>,<80,57>),|java+method:///org/sunflow/core/ParameterList/getInt(java.lang.String,int)|>,
  <<|java+class:///org/sunflow/core/Options|,|java+class:///org/sunflow/core/ParameterList|>,210,|project://sunflow-0.07.2/src/org/sunflow/core/renderer/BucketRenderer.java|(2553,43,<81,24>,<81,67>),|java+method:///org/sunflow/core/ParameterList/getInt(java.lang.String,int)|>,
  <<|java+class:///org/sunflow/core/Options|,|java+class:///org/sunflow/core/ParameterList|>,210,|project://sunflow-0.07.2/src/org/sunflow/core/renderer/BucketRenderer.java|(2619,43,<82,20>,<82,63>),|java+method:///org/sunflow/core/ParameterList/getBoolean(java.lang.String,boolean)|>,
  <<|java+class:///org/sunflow/core/Options|,|java+class:///org/sunflow/core/ParameterList|>,210,|project://sunflow-0.07.2/src/org/sunflow/core/renderer/BucketRenderer.java|(2682,39,<83,17>,<83,56>),|java+method:///org/sunflow/core/ParameterList/getBoolean(java.lang.String,boolean)|>,
  <<|java+class:///org/sunflow/core/Options|,|java+class:///org/sunflow/core/ParameterList|>,210,|project://sunflow-0.07.2/src/org/sunflow/core/renderer/BucketRenderer.java|(2752,50,<84,28>,<84,78>),|java+method:///org/sunflow/core/ParameterList/getFloat(java.lang.String,float)|>,
  <<|java+class:///org/sunflow/core/Options|,|java+class:///org/sunflow/core/ParameterList|>,210,|project://sunflow-0.07.2/src/org/sunflow/core/renderer/BucketRenderer.java|(4172,39,<109,21>,<109,60>),|java+method:///org/sunflow/core/ParameterList/getString(java.lang.String,java.lang.String)|>,
  <<|java+class:///org/sunflow/core/Options|,|java+class:///org/sunflow/core/ParameterList|>,210,|project://sunflow-0.07.2/src/org/sunflow/core/LightServer.java|(2437,49,<95,26>,<95,75>),|java+method:///org/sunflow/core/ParameterList/getInt(java.lang.String,int)|>,
  <<|java+class:///org/sunflow/core/Options|,|java+class:///org/sunflow/core/ParameterList|>,210,|project://sunflow-0.07.2/src/org/sunflow/core/LightServer.java|(2518,55,<96,29>,<96,84>),|java+method:///org/sunflow/core/ParameterList/getInt(java.lang.String,int)|>,
  <<|java+class:///org/sunflow/core/Options|,|java+class:///org/sunflow/core/ParameterList|>,210,|project://sunflow-0.07.2/src/org/sunflow/core/LightServer.java|(2605,55,<97,29>,<97,84>),|java+method:///org/sunflow/core/ParameterList/getInt(java.lang.String,int)|>,
  <<|java+class:///org/sunflow/core/Options|,|java+class:///org/sunflow/core/ParameterList|>,210,|project://sunflow-0.07.2/src/org/sunflow/core/LightServer.java|(2742,35,<99,26>,<99,61>),|java+method:///org/sunflow/core/ParameterList/getString(java.lang.String,java.lang.String)|>,
  <<|java+class:///org/sunflow/core/Options|,|java+class:///org/sunflow/core/ParameterList|>,210,|project://sunflow-0.07.2/src/org/sunflow/core/LightServer.java|(4857,38,<146,66>,<146,104>),|java+method:///org/sunflow/core/ParameterList/getString(java.lang.String,java.lang.String)|>,
  <<|java+class:///org/sunflow/core/Options|,|java+class:///org/sunflow/core/ParameterList|>,210,|project://sunflow-0.07.2/src/org/sunflow/core/gi/GIEngineFactory.java|(292,36,<10,22>,<10,58>),|java+method:///org/sunflow/core/ParameterList/getString(java.lang.String,java.lang.String)|>,
  <<|java+class:///org/sunflow/system/RenderGlobalsPanel|,|java+class:///javax/swing/JTabbedPane|>,211,|project://sunflow-0.07.2/src/org/sunflow/system/RenderGlobalsPanel.java|(2951,48,<88,16>,<88,64>),|java+method:///javax/swing/JTabbedPane/addTab(java.lang.String,javax.swing.Icon,java.awt.Component,java.lang.String)|>,
  <<|java+class:///org/sunflow/system/RenderGlobalsPanel|,|java+class:///javax/swing/JTabbedPane|>,211,|project://sunflow-0.07.2/src/org/sunflow/system/RenderGlobalsPanel.java|(6123,50,<150,16>,<150,66>),|java+method:///javax/swing/JTabbedPane/addTab(java.lang.String,javax.swing.Icon,java.awt.Component,java.lang.String)|>,
  <<|java+class:///org/sunflow/core/Options|,|java+class:///org/sunflow/core/ParameterList|>,210,|project://sunflow-0.07.2/src/org/sunflow/core/photonmap/CausticPhotonMap.java|(1027,38,<33,18>,<33,56>),|java+method:///org/sunflow/core/ParameterList/getInt(java.lang.String,int)|>,
  <<|java+class:///org/sunflow/core/Options|,|java+class:///org/sunflow/core/ParameterList|>,210,|project://sunflow-0.07.2/src/org/sunflow/core/photonmap/CausticPhotonMap.java|(1088,37,<34,20>,<34,57>),|java+method:///org/sunflow/core/ParameterList/getInt(java.lang.String,int)|>,
  <<|java+class:///org/sunflow/core/Options|,|java+class:///org/sunflow/core/ParameterList|>,210,|project://sunflow-0.07.2/src/org/sunflow/core/photonmap/CausticPhotonMap.java|(1151,41,<35,23>,<35,64>),|java+method:///org/sunflow/core/ParameterList/getFloat(java.lang.String,float)|>,
  <<|java+class:///org/sunflow/core/Options|,|java+class:///org/sunflow/core/ParameterList|>,210,|project://sunflow-0.07.2/src/org/sunflow/core/photonmap/CausticPhotonMap.java|(1217,41,<36,22>,<36,63>),|java+method:///org/sunflow/core/ParameterList/getFloat(java.lang.String,float)|>,
  <<|java+class:///org/sunflow/system/Parser/ParserException|,|java+class:///java/lang/Exception|>,211,|project://sunflow-0.07.2/src/org/sunflow/core/parser/SCParser.java|(7656,14,<165,44>,<165,58>),|java+method:///java/lang/Throwable/getMessage()|>,
  <<|java+class:///org/sunflow/system/Parser/ParserException|,|java+class:///java/lang/Exception|>,211,|project://sunflow-0.07.2/src/org/sunflow/core/parser/SCParser.java|(7686,19,<166,12>,<166,31>),|java+method:///java/lang/Throwable/printStackTrace()|>,
  <<|java+class:///org/sunflow/system/Parser/ParserException|,|java+class:///java/lang/Exception|>,211,|project://sunflow-0.07.2/src/org/sunflow/core/parser/ShaveRibParser.java|(5071,19,<125,12>,<125,31>),|java+method:///java/lang/Throwable/printStackTrace()|>,
  <<|java+class:///org/sunflow/system/Parser/ParserException|,|java+class:///java/lang/Exception|>,211,|project://sunflow-0.07.2/src/org/sunflow/core/tesselatable/Gumbo.java|(2981,19,<66,12>,<66,31>),|java+method:///java/lang/Throwable/printStackTrace()|>,
  <<|java+class:///org/sunflow/system/ImagePanel|,|java+class:///javax/swing/JPanel|>,211,|project://sunflow-0.07.2/src/org/sunflow/core/display/FrameDisplay.java|(1029,117,<35,16>,<35,133>),|java+method:///javax/swing/JComponent/setPreferredSize(java.awt.Dimension)|>,
  <<|java+class:///org/sunflow/system/ImagePanel|,|java+class:///javax/swing/JPanel|>,211,|project://sunflow-0.07.2/src/org/sunflow/core/display/FrameDisplay.java|(1218,54,<38,16>,<38,70>),|java+method:///javax/swing/JComponent/setPreferredSize(java.awt.Dimension)|>,
  <<|java+class:///org/sunflow/core/display/FrameDisplay/RenderFrame|,|java+class:///javax/swing/JFrame|>,211,|project://sunflow-0.07.2/src/org/sunflow/core/display/FrameDisplay.java|(1287,12,<39,12>,<39,24>),|java+method:///java/awt/Window/pack()|>,
  <<|java+class:///org/sunflow/core/display/FrameDisplay/RenderFrame|,|java+class:///javax/swing/JFrame|>,211,|project://sunflow-0.07.2/src/org/sunflow/core/display/FrameDisplay.java|(1314,33,<40,12>,<40,45>),|java+method:///java/awt/Window/setLocationRelativeTo(java.awt.Component)|>,
  <<|java+class:///org/sunflow/core/display/FrameDisplay/RenderFrame|,|java+class:///javax/swing/JFrame|>,211,|project://sunflow-0.07.2/src/org/sunflow/core/display/FrameDisplay.java|(1362,22,<41,12>,<41,34>),|java+method:///java/awt/Window/setVisible(boolean)|>,
  <<|java+class:///org/sunflow/core/Options|,|java+class:///org/sunflow/core/ParameterList|>,210,|project://sunflow-0.07.2/src/org/sunflow/core/gi/FakeGIEngine.java|(674,53,<22,13>,<22,66>),|java+method:///org/sunflow/core/ParameterList/getVector(java.lang.String,org.sunflow.math.Vector3)|>,
  <<|java+class:///org/sunflow/core/Options|,|java+class:///org/sunflow/core/ParameterList|>,210,|project://sunflow-0.07.2/src/org/sunflow/core/gi/FakeGIEngine.java|(756,44,<23,14>,<23,58>),|java+method:///org/sunflow/core/ParameterList/getColor(java.lang.String,org.sunflow.image.Color)|>,
  <<|java+class:///org/sunflow/core/Options|,|java+class:///org/sunflow/core/ParameterList|>,210,|project://sunflow-0.07.2/src/org/sunflow/core/gi/FakeGIEngine.java|(827,47,<24,17>,<24,64>),|java+method:///org/sunflow/core/ParameterList/getColor(java.lang.String,org.sunflow.image.Color)|>,
  <<|java+class:///org/sunflow/core/Options|,|java+class:///org/sunflow/core/ParameterList|>,210,|project://sunflow-0.07.2/src/org/sunflow/core/gi/AmbientOcclusionGIEngine.java|(556,49,<19,17>,<19,66>),|java+method:///org/sunflow/core/ParameterList/getColor(java.lang.String,org.sunflow.image.Color)|>,
  <<|java+class:///org/sunflow/core/Options|,|java+class:///org/sunflow/core/ParameterList|>,210,|project://sunflow-0.07.2/src/org/sunflow/core/gi/AmbientOcclusionGIEngine.java|(623,47,<20,15>,<20,62>),|java+method:///org/sunflow/core/ParameterList/getColor(java.lang.String,org.sunflow.image.Color)|>,
  <<|java+class:///org/sunflow/core/Options|,|java+class:///org/sunflow/core/ParameterList|>,210,|project://sunflow-0.07.2/src/org/sunflow/core/gi/AmbientOcclusionGIEngine.java|(691,39,<21,18>,<21,57>),|java+method:///org/sunflow/core/ParameterList/getInt(java.lang.String,int)|>,
  <<|java+class:///org/sunflow/core/Options|,|java+class:///org/sunflow/core/ParameterList|>,210,|project://sunflow-0.07.2/src/org/sunflow/core/gi/AmbientOcclusionGIEngine.java|(751,40,<22,18>,<22,58>),|java+method:///org/sunflow/core/ParameterList/getFloat(java.lang.String,float)|>,
  <<|java+interface:///org/sunflow/core/CameraLens|,|java+interface:///org/sunflow/core/RenderObject|>,210,|project://sunflow-0.07.2/src/org/sunflow/core/Camera.java|(1824,20,<52,15>,<52,35>),|java+method:///org/sunflow/core/RenderObject/update(org.sunflow.core.ParameterList,org.sunflow.SunflowAPI)|>,
  <<|java+class:///org/sunflow/core/Instance|,|java+interface:///org/sunflow/core/RenderObject|>,211,|project://sunflow-0.07.2/src/org/sunflow/core/shader/IDShader.java|(574,30,<18,25>,<18,55>),|java+method:///java/lang/Object/hashCode()|>,
  <<|java+class:///org/sunflow/image/RegularSpectralCurve|,|java+class:///org/sunflow/image/SpectralCurve|>,210,|project://sunflow-0.07.2/src/org/sunflow/image/ChromaticitySpectrum.java|(2107,19,<35,42>,<35,61>),|java+method:///org/sunflow/image/SpectralCurve/toXYZ()|>,
  <<|java+class:///org/sunflow/image/RegularSpectralCurve|,|java+class:///org/sunflow/image/SpectralCurve|>,210,|project://sunflow-0.07.2/src/org/sunflow/image/ChromaticitySpectrum.java|(2171,19,<36,42>,<36,61>),|java+method:///org/sunflow/image/SpectralCurve/toXYZ()|>,
  <<|java+class:///org/sunflow/image/RegularSpectralCurve|,|java+class:///org/sunflow/image/SpectralCurve|>,210,|project://sunflow-0.07.2/src/org/sunflow/image/ChromaticitySpectrum.java|(2235,19,<37,42>,<37,61>),|java+method:///org/sunflow/image/SpectralCurve/toXYZ()|>,
  <<|java+class:///org/sunflow/core/Options|,|java+class:///org/sunflow/core/ParameterList|>,210,|project://sunflow-0.07.2/src/org/sunflow/core/Scene.java|(8290,57,<242,30>,<242,87>),|java+method:///org/sunflow/core/ParameterList/getBoolean(java.lang.String,boolean)|>,
  <<|java+class:///org/sunflow/core/Options|,|java+class:///org/sunflow/core/ParameterList|>,210,|project://sunflow-0.07.2/src/org/sunflow/core/Scene.java|(8623,28,<250,18>,<250,46>),|java+method:///org/sunflow/core/ParameterList/getInt(java.lang.String,int)|>,
  <<|java+class:///org/sunflow/core/Options|,|java+class:///org/sunflow/core/ParameterList|>,210,|project://sunflow-0.07.2/src/org/sunflow/core/Scene.java|(8676,47,<251,22>,<251,69>),|java+method:///org/sunflow/core/ParameterList/getBoolean(java.lang.String,boolean)|>,
  <<|java+class:///org/sunflow/core/Options|,|java+class:///org/sunflow/core/ParameterList|>,210,|project://sunflow-0.07.2/src/org/sunflow/core/Scene.java|(8747,34,<252,21>,<252,55>),|java+method:///org/sunflow/core/ParameterList/getInt(java.lang.String,int)|>,
  <<|java+class:///org/sunflow/core/Options|,|java+class:///org/sunflow/core/ParameterList|>,210,|project://sunflow-0.07.2/src/org/sunflow/core/Scene.java|(8806,34,<253,22>,<253,56>),|java+method:///org/sunflow/core/ParameterList/getInt(java.lang.String,int)|>,
  <<|java+class:///org/sunflow/core/Options|,|java+class:///org/sunflow/core/ParameterList|>,210,|project://sunflow-0.07.2/src/org/sunflow/core/Scene.java|(9625,32,<267,27>,<267,59>),|java+method:///org/sunflow/core/ParameterList/getString(java.lang.String,java.lang.String)|>,
  <<|java+class:///org/sunflow/core/Options|,|java+class:///org/sunflow/core/ParameterList|>,210,|project://sunflow-0.07.2/src/org/sunflow/core/gi/IrradianceCacheGIEngine.java|(1072,43,<32,18>,<32,61>),|java+method:///org/sunflow/core/ParameterList/getInt(java.lang.String,int)|>,
  <<|java+class:///org/sunflow/core/Options|,|java+class:///org/sunflow/core/ParameterList|>,210,|project://sunflow-0.07.2/src/org/sunflow/core/gi/IrradianceCacheGIEngine.java|(1138,49,<33,20>,<33,69>),|java+method:///org/sunflow/core/ParameterList/getFloat(java.lang.String,float)|>,
  <<|java+class:///org/sunflow/core/Options|,|java+class:///org/sunflow/core/ParameterList|>,210,|project://sunflow-0.07.2/src/org/sunflow/core/gi/IrradianceCacheGIEngine.java|(1253,51,<35,21>,<35,72>),|java+method:///org/sunflow/core/ParameterList/getFloat(java.lang.String,float)|>,
  <<|java+class:///org/sunflow/core/Options|,|java+class:///org/sunflow/core/ParameterList|>,210,|project://sunflow-0.07.2/src/org/sunflow/core/gi/IrradianceCacheGIEngine.java|(1328,51,<36,21>,<36,72>),|java+method:///org/sunflow/core/ParameterList/getFloat(java.lang.String,float)|>,
  <<|java+class:///org/sunflow/core/Options|,|java+class:///org/sunflow/core/ParameterList|>,210,|project://sunflow-0.07.2/src/org/sunflow/core/gi/IrradianceCacheGIEngine.java|(1504,44,<40,22>,<40,66>),|java+method:///org/sunflow/core/ParameterList/getString(java.lang.String,java.lang.String)|>,
  <<|java+class:///org/sunflow/core/Options|,|java+class:///org/sunflow/core/ParameterList|>,210,|project://sunflow-0.07.2/src/org/sunflow/core/gi/IrradianceCacheGIEngine.java|(1644,48,<43,22>,<43,70>),|java+method:///org/sunflow/core/ParameterList/getInt(java.lang.String,int)|>,
  <<|java+class:///org/sunflow/core/Options|,|java+class:///org/sunflow/core/ParameterList|>,210,|project://sunflow-0.07.2/src/org/sunflow/core/gi/IrradianceCacheGIEngine.java|(1716,46,<44,21>,<44,67>),|java+method:///org/sunflow/core/ParameterList/getInt(java.lang.String,int)|>,
  <<|java+class:///org/sunflow/core/Options|,|java+class:///org/sunflow/core/ParameterList|>,210,|project://sunflow-0.07.2/src/org/sunflow/core/gi/IrradianceCacheGIEngine.java|(1788,50,<45,23>,<45,73>),|java+method:///org/sunflow/core/ParameterList/getFloat(java.lang.String,float)|>,
  <<|java+class:///org/sunflow/core/Options|,|java+class:///org/sunflow/core/ParameterList|>,210,|project://sunflow-0.07.2/src/org/sunflow/SunflowAPI.java|(24415,29,<641,37>,<641,66>),|java+method:///org/sunflow/core/ParameterList/getString(java.lang.String,java.lang.String)|>,
  <<|java+class:///org/sunflow/core/Options|,|java+class:///org/sunflow/core/ParameterList|>,210,|project://sunflow-0.07.2/src/org/sunflow/SunflowAPI.java|(24506,38,<644,36>,<644,74>),|java+method:///org/sunflow/core/ParameterList/getString(java.lang.String,java.lang.String)|>,
  <<|java+class:///org/sunflow/core/Options|,|java+class:///org/sunflow/core/ParameterList|>,210,|project://sunflow-0.07.2/src/org/sunflow/SunflowAPI.java|(25003,34,<655,29>,<655,63>),|java+method:///org/sunflow/core/ParameterList/getString(java.lang.String,java.lang.String)|>,
  <<|java+class:///SunflowGUI|,|java+class:///javax/swing/JFrame|>,211,|project://sunflow-0.07.2/src/SunflowGUI.java|(20191,20,<440,12>,<440,32>),|java+method:///java/awt/Window/setVisible(boolean)|>,
  <<|java+class:///SunflowGUI|,|java+class:///javax/swing/JFrame|>,211,|project://sunflow-0.07.2/src/SunflowGUI.java|(20406,36,<443,16>,<443,52>),|java+method:///java/awt/Frame/setExtendedState(int)|>
]