{
  <<|java+class:///net/sourceforge/squirrel_sql/fw/gui/TablePopupMenu/AlwaysAdjustAllColWidthsAction|,|java+class:///net/sourceforge/squirrel_sql/fw/gui/action/BaseAction|>,2,|java+interface:///javax/swing/Action|>,
  <<|java+class:///net/sourceforge/squirrel_sql/fw/gui/TextPopupMenu/SelectAllAction|,|java+class:///net/sourceforge/squirrel_sql/fw/gui/action/BaseAction|>,2,|java+interface:///javax/swing/Action|>,
  <<|java+class:///net/sourceforge/squirrel_sql/fw/datasetviewer/cellcomponent/DataTypeTime/KeyTextHandler|,|java+class:///net/sourceforge/squirrel_sql/fw/datasetviewer/cellcomponent/BaseKeyTextHandler|>,2,|java+interface:///java/awt/event/KeyListener|>,
  <<|java+interface:///net/sourceforge/squirrel_sql/fw/util/IObjectCacheChangeListener|,|java+interface:///java/util/EventListener|>,2,|java+class:///java/lang/Object|>,
  <<|java+class:///net/sourceforge/squirrel_sql/fw/gui/TablePopupMenu/CopyAction|,|java+class:///net/sourceforge/squirrel_sql/fw/gui/action/BaseAction|>,2,|java+interface:///javax/swing/Action|>,
  <<|java+class:///net/sourceforge/squirrel_sql/fw/datasetviewer/cellcomponent/BaseKeyTextHandler|,|java+class:///java/awt/event/KeyAdapter|>,2,|java+interface:///java/awt/event/KeyListener|>,
  <<|java+class:///net/sourceforge/squirrel_sql/fw/datasetviewer/cellcomponent/DataTypeLong/KeyTextHandler|,|java+class:///net/sourceforge/squirrel_sql/fw/datasetviewer/cellcomponent/BaseKeyTextHandler|>,2,|java+interface:///java/awt/event/KeyListener|>,
  <<|java+class:///net/sourceforge/squirrel_sql/fw/datasetviewer/cellcomponent/DataTypeClob/KeyTextHandler|,|java+class:///net/sourceforge/squirrel_sql/fw/datasetviewer/cellcomponent/BaseKeyTextHandler|>,2,|java+interface:///java/awt/event/KeyListener|>,
  <<|java+class:///net/sourceforge/squirrel_sql/fw/gui/OkJPanel|,|java+class:///javax/swing/JPanel|>,2,|java+class:///java/lang/Object|>,
  <<|java+class:///net/sourceforge/squirrel_sql/fw/gui/TablePopupMenu/UndoMakeEditableAction|,|java+class:///net/sourceforge/squirrel_sql/fw/gui/action/BaseAction|>,2,|java+interface:///javax/swing/Action|>,
  <<|java+class:///net/sourceforge/squirrel_sql/fw/gui/CharField/CharacterDocument|,|java+class:///javax/swing/text/PlainDocument|>,2,|java+interface:///javax/swing/text/Document|>,
  <<|java+class:///net/sourceforge/squirrel_sql/fw/gui/IntegerField|,|java+class:///javax/swing/JTextField|>,2,|java+class:///java/awt/Component|>,
  <<|java+class:///net/sourceforge/squirrel_sql/fw/dialects/CommonHibernateDialect|,|java+interface:///net/sourceforge/squirrel_sql/fw/dialects/HibernateDialect|>,2,|java+interface:///net/sourceforge/squirrel_sql/fw/dialects/HibernateDialect|>,
  <<|java+class:///net/sourceforge/squirrel_sql/fw/gui/ErrorDialog|,|java+class:///javax/swing/JDialog|>,2,|java+class:///java/awt/Window|>,
  <<|java+class:///net/sourceforge/squirrel_sql/fw/datasetviewer/DataSetViewerTextPanel/MyJTextArea|,|java+class:///javax/swing/JTextArea|>,2,|java+class:///java/awt/Component|>,
  <<|java+class:///net/sourceforge/squirrel_sql/fw/gui/TextPopupMenu/PasteAction|,|java+class:///net/sourceforge/squirrel_sql/fw/gui/action/BaseAction|>,2,|java+interface:///javax/swing/Action|>,
  <<|java+class:///net/sourceforge/squirrel_sql/fw/datasetviewer/cellcomponent/DataTypeTimestamp/DateFormatTypeCombo|,|java+class:///javax/swing/JComboBox|>,2,|java+class:///java/awt/Component|>,
  <<|java+class:///net/sourceforge/squirrel_sql/fw/gui/ClassPathListModel|,|java+class:///net/sourceforge/squirrel_sql/fw/gui/DefaultFileListBoxModel|>,2,|java+interface:///net/sourceforge/squirrel_sql/fw/gui/IFileListBoxModel|>,
  <<|java+class:///net/sourceforge/squirrel_sql/fw/gui/ErrorDialog/StackTracePanel|,|java+class:///net/sourceforge/squirrel_sql/fw/gui/MultipleLineLabel|>,2,|java+class:///java/awt/Component|>,
  <<|java+class:///net/sourceforge/squirrel_sql/fw/gui/TablePopupMenu/MakeEditableAction|,|java+class:///net/sourceforge/squirrel_sql/fw/gui/action/BaseAction|>,2,|java+interface:///javax/swing/Action|>,
  <<|java+class:///net/sourceforge/squirrel_sql/fw/datasetviewer/DataSetViewerTextPanel/MyJTextArea|,|java+class:///javax/swing/JTextArea|>,2,|java+class:///javax/swing/text/JTextComponent|>,
  <<|java+class:///net/sourceforge/squirrel_sql/fw/sql/UDTInfo|,|java+class:///net/sourceforge/squirrel_sql/fw/sql/DatabaseObjectInfo|>,2,|java+class:///java/lang/Object|>,
  <<|java+class:///net/sourceforge/squirrel_sql/fw/gui/TextPopupMenu/CopyAction|,|java+class:///net/sourceforge/squirrel_sql/fw/gui/action/BaseAction|>,2,|java+interface:///javax/swing/Action|>,
  <<|java+class:///net/sourceforge/squirrel_sql/fw/datasetviewer/PopupEditableIOPanel/WordWrapAction|,|java+class:///net/sourceforge/squirrel_sql/fw/gui/action/BaseAction|>,2,|java+interface:///javax/swing/Action|>,
  <<|java+class:///net/sourceforge/squirrel_sql/fw/gui/TablePopupMenu/ShowRowNumbersAction|,|java+class:///net/sourceforge/squirrel_sql/fw/gui/action/BaseAction|>,2,|java+interface:///javax/swing/Action|>,
  <<|java+class:///net/sourceforge/squirrel_sql/fw/gui/SortableTableModel|,|java+class:///javax/swing/table/AbstractTableModel|>,2,|java+class:///java/lang/Object|>,
  <<|java+class:///net/sourceforge/squirrel_sql/fw/gui/StatusBar|,|java+class:///javax/swing/JPanel|>,2,|java+class:///java/awt/Container|>,
  <<|java+class:///net/sourceforge/squirrel_sql/fw/datasetviewer/PopupEditableIOPanel|,|java+class:///javax/swing/JPanel|>,2,|java+class:///java/awt/Component|>,
  <<|java+class:///net/sourceforge/squirrel_sql/fw/gui/TablePopupMenu/ExportCsvAction|,|java+class:///net/sourceforge/squirrel_sql/fw/gui/action/BaseAction|>,2,|java+interface:///javax/swing/Action|>,
  <<|java+class:///net/sourceforge/squirrel_sql/fw/dialects/MySQL5DialectExt|,|java+class:///net/sourceforge/squirrel_sql/fw/dialects/MySQLDialectExt|>,2,|java+interface:///net/sourceforge/squirrel_sql/fw/dialects/HibernateDialect|>,
  <<|java+class:///net/sourceforge/squirrel_sql/fw/datasetviewer/cellcomponent/DataTypeBinary/KeyTextHandler|,|java+class:///net/sourceforge/squirrel_sql/fw/datasetviewer/cellcomponent/BaseKeyTextHandler|>,2,|java+interface:///java/awt/event/KeyListener|>,
  <<|java+class:///net/sourceforge/squirrel_sql/fw/datasetviewer/BaseDataSetViewerDestination|,|java+interface:///net/sourceforge/squirrel_sql/fw/datasetviewer/IDataSetViewer|>,2,|java+interface:///net/sourceforge/squirrel_sql/fw/datasetviewer/IDataSetViewer|>,
  <<|java+class:///net/sourceforge/squirrel_sql/fw/gui/TablePopupMenu/CopyInStatementAction|,|java+class:///net/sourceforge/squirrel_sql/fw/gui/action/BaseAction|>,2,|java+interface:///javax/swing/Action|>,
  <<|java+class:///net/sourceforge/squirrel_sql/fw/gui/ErrorDialog/MoreErrorsPanel|,|java+class:///net/sourceforge/squirrel_sql/fw/gui/MultipleLineLabel|>,2,|java+class:///java/awt/Component|>,
  <<|java+class:///net/sourceforge/squirrel_sql/fw/datasetviewer/MyTableModel|,|java+class:///javax/swing/table/AbstractTableModel|>,2,|java+interface:///javax/swing/table/TableModel|>,
  <<|java+class:///net/sourceforge/squirrel_sql/fw/sql/SQLDriverClassLoader|,|java+class:///net/sourceforge/squirrel_sql/fw/util/MyURLClassLoader|>,2,|java+class:///java/lang/ClassLoader|>,
  <<|java+class:///net/sourceforge/squirrel_sql/fw/gui/SortableTableModel|,|java+class:///javax/swing/table/AbstractTableModel|>,2,|java+interface:///javax/swing/table/TableModel|>,
  <<|java+class:///net/sourceforge/squirrel_sql/fw/gui/TimePanel|,|java+class:///javax/swing/JLabel|>,2,|java+class:///java/awt/Component|>,
  <<|java+class:///net/sourceforge/squirrel_sql/fw/datasetviewer/DataSetViewerTextPanel/MyJTextAreaPopupMenu/MakeEditableAction|,|java+class:///net/sourceforge/squirrel_sql/fw/gui/action/BaseAction|>,2,|java+interface:///javax/swing/Action|>,
  <<|java+class:///net/sourceforge/squirrel_sql/fw/datasetviewer/RowDataInputFrame/RowDataModel|,|java+class:///javax/swing/table/DefaultTableModel|>,2,|java+interface:///javax/swing/table/TableModel|>,
  <<|java+class:///net/sourceforge/squirrel_sql/fw/gui/RightLabel|,|java+class:///javax/swing/JLabel|>,2,|java+class:///java/awt/Component|>,
  <<|java+class:///net/sourceforge/squirrel_sql/fw/datasetviewer/cellcomponent/DataTypeBlob/KeyTextHandler|,|java+class:///net/sourceforge/squirrel_sql/fw/datasetviewer/cellcomponent/BaseKeyTextHandler|>,2,|java+interface:///java/awt/event/KeyListener|>,
  <<|java+class:///net/sourceforge/squirrel_sql/fw/gui/BeanPropertyTableModel|,|java+class:///javax/swing/table/DefaultTableModel|>,2,|java+interface:///javax/swing/table/TableModel|>,
  <<|java+class:///net/sourceforge/squirrel_sql/fw/datasetviewer/cellcomponent/RestorableJTextField|,|java+class:///javax/swing/JTextField|>,2,|java+class:///java/awt/Component|>,
  <<|java+class:///net/sourceforge/squirrel_sql/fw/datasetviewer/CellDataPopup/TextAreaInternalFrame|,|java+class:///javax/swing/JDialog|>,2,|java+class:///java/awt/Component|>,
  <<|java+class:///net/sourceforge/squirrel_sql/fw/util/MyURLClassLoader|,|java+class:///java/net/URLClassLoader|>,2,|java+class:///java/lang/ClassLoader|>,
  <<|java+class:///net/sourceforge/squirrel_sql/fw/sql/TableInfo|,|java+class:///net/sourceforge/squirrel_sql/fw/sql/DatabaseObjectInfo|>,2,|java+class:///java/lang/Object|>,
  <<|java+class:///net/sourceforge/squirrel_sql/fw/gui/TablePopupMenu/CopyUpdateStatementAction|,|java+class:///net/sourceforge/squirrel_sql/fw/gui/action/BaseAction|>,2,|java+interface:///javax/swing/Action|>,
  <<|java+class:///net/sourceforge/squirrel_sql/fw/gui/TablePopupMenu/CopyWithHeadersAction|,|java+class:///net/sourceforge/squirrel_sql/fw/gui/action/BaseAction|>,2,|java+interface:///javax/swing/Action|>,
  <<|java+class:///net/sourceforge/squirrel_sql/fw/gui/MultipleLineLabel|,|java+class:///javax/swing/JTextArea|>,2,|java+class:///java/awt/Component|>,
  <<|java+class:///net/sourceforge/squirrel_sql/fw/datasetviewer/cellcomponent/DataTypeJavaObject/KeyTextHandler|,|java+class:///java/awt/event/KeyAdapter|>,2,|java+interface:///java/awt/event/KeyListener|>,
  <<|java+class:///net/sourceforge/squirrel_sql/fw/gui/TablePopupMenu/DeleteRowsAction|,|java+class:///net/sourceforge/squirrel_sql/fw/gui/action/BaseAction|>,2,|java+interface:///javax/swing/Action|>,
  <<|java+class:///net/sourceforge/squirrel_sql/fw/datasetviewer/RowDataInputFrame/RowDataJTable|,|java+class:///javax/swing/JTable|>,2,|java+class:///java/awt/Component|>,
  <<|java+interface:///net/sourceforge/squirrel_sql/fw/id/IIdentifier|,|java+interface:///java/io/Serializable|>,2,|java+class:///java/lang/Object|>,
  <<|java+class:///net/sourceforge/squirrel_sql/fw/datasetviewer/cellcomponent/DataTypeShort/KeyTextHandler|,|java+class:///net/sourceforge/squirrel_sql/fw/datasetviewer/cellcomponent/BaseKeyTextHandler|>,2,|java+interface:///java/awt/event/KeyListener|>,
  <<|java+class:///net/sourceforge/squirrel_sql/fw/gui/TablePopupMenu/PrintAction|,|java+class:///net/sourceforge/squirrel_sql/fw/gui/action/BaseAction|>,2,|java+interface:///javax/swing/Action|>,
  <<|java+class:///net/sourceforge/squirrel_sql/fw/datasetviewer/cellcomponent/DataTypeFloat/KeyTextHandler|,|java+class:///net/sourceforge/squirrel_sql/fw/datasetviewer/cellcomponent/BaseKeyTextHandler|>,2,|java+interface:///java/awt/event/KeyListener|>,
  <<|java+class:///net/sourceforge/squirrel_sql/fw/dialects/GenericDialectExt|,|java+class:///net/sourceforge/squirrel_sql/fw/dialects/CommonHibernateDialect|>,2,|java+interface:///net/sourceforge/squirrel_sql/fw/dialects/HibernateDialect|>,
  <<|java+class:///net/sourceforge/squirrel_sql/fw/datasetviewer/DataSetViewerTablePanel/MyJTable|,|java+class:///javax/swing/JTable|>,2,|java+class:///java/awt/Component|>,
  <<|java+class:///net/sourceforge/squirrel_sql/fw/dialects/IntersystemsCacheDialectExt|,|java+class:///net/sourceforge/squirrel_sql/fw/dialects/CommonHibernateDialect|>,2,|java+interface:///net/sourceforge/squirrel_sql/fw/dialects/HibernateDialect|>,
  <<|java+class:///net/sourceforge/squirrel_sql/fw/gui/action/TableExportCsvDlg|,|java+class:///javax/swing/JDialog|>,2,|java+class:///java/awt/Window|>,
  <<|java+interface:///net/sourceforge/squirrel_sql/fw/datasetviewer/IDataSetModel|,|java+interface:///net/sourceforge/squirrel_sql/fw/datasetviewer/IDataSetViewer|>,2,|java+class:///java/lang/Object|>,
  <<|java+class:///net/sourceforge/squirrel_sql/fw/datasetviewer/cellcomponent/DataTypeTimestamp/KeyTextHandler|,|java+class:///net/sourceforge/squirrel_sql/fw/datasetviewer/cellcomponent/BaseKeyTextHandler|>,2,|java+interface:///java/awt/event/KeyListener|>,
  <<|java+class:///net/sourceforge/squirrel_sql/fw/dialects/MySQLDialectExt|,|java+interface:///net/sourceforge/squirrel_sql/fw/dialects/HibernateDialect|>,2,|java+interface:///net/sourceforge/squirrel_sql/fw/dialects/HibernateDialect|>,
  <<|java+class:///net/sourceforge/squirrel_sql/fw/gui/ErrorDialog/MessagePanel|,|java+class:///net/sourceforge/squirrel_sql/fw/gui/MultipleLineLabel|>,2,|java+class:///java/awt/Component|>,
  <<|java+class:///net/sourceforge/squirrel_sql/fw/gui/ReadTypeCombo|,|java+class:///javax/swing/JComboBox|>,2,|java+class:///java/awt/Component|>,
  <<|java+class:///net/sourceforge/squirrel_sql/fw/sql/ProcedureInfo|,|java+class:///net/sourceforge/squirrel_sql/fw/sql/DatabaseObjectInfo|>,2,|java+class:///java/lang/Object|>,
  <<|java+class:///net/sourceforge/squirrel_sql/fw/gui/TablePopupMenu/CopyHtmlAction|,|java+class:///net/sourceforge/squirrel_sql/fw/gui/action/BaseAction|>,2,|java+interface:///javax/swing/Action|>,
  <<|java+class:///net/sourceforge/squirrel_sql/fw/datasetviewer/cellcomponent/DataTypeByte/KeyTextHandler|,|java+class:///net/sourceforge/squirrel_sql/fw/datasetviewer/cellcomponent/BaseKeyTextHandler|>,2,|java+interface:///java/awt/event/KeyListener|>,
  <<|java+class:///net/sourceforge/squirrel_sql/fw/datasetviewer/cellcomponent/DataTypeOther/KeyTextHandler|,|java+class:///java/awt/event/KeyAdapter|>,2,|java+interface:///java/awt/event/KeyListener|>,
  <<|java+class:///net/sourceforge/squirrel_sql/fw/gui/FontChooser|,|java+class:///javax/swing/JDialog|>,2,|java+class:///java/awt/Window|>,
  <<|java+class:///net/sourceforge/squirrel_sql/fw/datasetviewer/cellcomponent/DataTypeUnknown/KeyTextHandler|,|java+class:///java/awt/event/KeyAdapter|>,2,|java+interface:///java/awt/event/KeyListener|>,
  <<|java+class:///net/sourceforge/squirrel_sql/fw/gui/action/TableExportCsvDlg|,|java+class:///javax/swing/JDialog|>,2,|java+class:///java/awt/Component|>,
  <<|java+class:///net/sourceforge/squirrel_sql/fw/gui/TablePopupMenu/CopyWhereStatementAction|,|java+class:///net/sourceforge/squirrel_sql/fw/gui/action/BaseAction|>,2,|java+interface:///javax/swing/Action|>,
  <<|java+class:///net/sourceforge/squirrel_sql/fw/dialects/NetezzaDialextExt|,|java+class:///net/sourceforge/squirrel_sql/fw/dialects/CommonHibernateDialect|>,2,|java+interface:///net/sourceforge/squirrel_sql/fw/dialects/HibernateDialect|>,
  <<|java+class:///net/sourceforge/squirrel_sql/fw/datasetviewer/PopupEditableIOPanel/XMLReformatAction|,|java+class:///net/sourceforge/squirrel_sql/fw/gui/action/BaseAction|>,2,|java+interface:///javax/swing/Action|>,
  <<|java+class:///net/sourceforge/squirrel_sql/fw/gui/MultipleLineLabel|,|java+class:///javax/swing/JTextArea|>,2,|java+class:///javax/swing/JComponent|>,
  <<|java+class:///net/sourceforge/squirrel_sql/fw/datasetviewer/cellcomponent/DataTypeString/KeyTextHandler|,|java+class:///net/sourceforge/squirrel_sql/fw/datasetviewer/cellcomponent/BaseKeyTextHandler|>,2,|java+interface:///java/awt/event/KeyListener|>,
  <<|java+class:///net/sourceforge/squirrel_sql/fw/gui/ModifiedDefaultListCellRenderer|,|java+class:///javax/swing/DefaultListCellRenderer|>,2,|java+class:///java/awt/Component|>,
  <<|java+class:///net/sourceforge/squirrel_sql/fw/datasetviewer/cellcomponent/CellComponentFactory/CellRenderer|,|java+class:///javax/swing/table/DefaultTableCellRenderer|>,2,|java+interface:///javax/swing/table/TableCellRenderer|>,
  <<|java+class:///net/sourceforge/squirrel_sql/fw/datasetviewer/cellcomponent/DataTypeBigDecimal/KeyTextHandler|,|java+class:///net/sourceforge/squirrel_sql/fw/datasetviewer/cellcomponent/BaseKeyTextHandler|>,2,|java+interface:///java/awt/event/KeyListener|>,
  <<|java+class:///net/sourceforge/squirrel_sql/fw/datasetviewer/cellcomponent/DataTypeDouble/KeyTextHandler|,|java+class:///net/sourceforge/squirrel_sql/fw/datasetviewer/cellcomponent/BaseKeyTextHandler|>,2,|java+interface:///java/awt/event/KeyListener|>,
  <<|java+class:///net/sourceforge/squirrel_sql/fw/datasetviewer/PopupEditableIOPanel/LineWrapAction|,|java+class:///net/sourceforge/squirrel_sql/fw/gui/action/BaseAction|>,2,|java+interface:///javax/swing/Action|>,
  <<|java+class:///net/sourceforge/squirrel_sql/fw/gui/TablePopupMenu/SelectAllAction|,|java+class:///net/sourceforge/squirrel_sql/fw/gui/action/BaseAction|>,2,|java+interface:///javax/swing/Action|>,
  <<|java+class:///net/sourceforge/squirrel_sql/fw/gui/TextPopupMenu/CutAction|,|java+class:///net/sourceforge/squirrel_sql/fw/gui/action/BaseAction|>,2,|java+interface:///javax/swing/Action|>,
  <<|java+class:///net/sourceforge/squirrel_sql/fw/gui/PropertyPanel|,|java+class:///javax/swing/JPanel|>,2,|java+class:///java/awt/Component|>,
  <<|java+class:///net/sourceforge/squirrel_sql/fw/gui/action/BaseAction|,|java+class:///javax/swing/AbstractAction|>,2,|java+interface:///javax/swing/Action|>,
  <<|java+class:///net/sourceforge/squirrel_sql/fw/sql/DataTypeInfo|,|java+class:///net/sourceforge/squirrel_sql/fw/sql/DatabaseObjectInfo|>,2,|java+class:///java/lang/Object|>,
  <<|java+class:///net/sourceforge/squirrel_sql/fw/datasetviewer/cellcomponent/DataTypeInteger/KeyTextHandler|,|java+class:///net/sourceforge/squirrel_sql/fw/datasetviewer/cellcomponent/BaseKeyTextHandler|>,2,|java+interface:///java/awt/event/KeyListener|>,
  <<|java+class:///net/sourceforge/squirrel_sql/fw/datasetviewer/cellcomponent/DataTypeDate/KeyTextHandler|,|java+class:///net/sourceforge/squirrel_sql/fw/datasetviewer/cellcomponent/BaseKeyTextHandler|>,2,|java+interface:///java/awt/event/KeyListener|>,
  <<|java+class:///net/sourceforge/squirrel_sql/fw/gui/TablePopupMenu/InsertRowAction|,|java+class:///net/sourceforge/squirrel_sql/fw/gui/action/BaseAction|>,2,|java+interface:///javax/swing/Action|>,
  <<|java+class:///net/sourceforge/squirrel_sql/fw/datasetviewer/cellcomponent/DataTypeBoolean/KeyTextHandler|,|java+class:///java/awt/event/KeyAdapter|>,2,|java+interface:///java/awt/event/KeyListener|>,
  <<|java+class:///net/sourceforge/squirrel_sql/fw/datasetviewer/cellcomponent/DataTypeDate/DateFormatTypeCombo|,|java+class:///javax/swing/JComboBox|>,2,|java+class:///java/awt/Component|>,
  <<|java+interface:///net/sourceforge/squirrel_sql/fw/datasetviewer/IDataSetModelListener|,|java+interface:///java/util/EventListener|>,2,|java+class:///java/lang/Object|>,
  <<|java+class:///net/sourceforge/squirrel_sql/fw/datasetviewer/CellDataPopup/ColumnDataPopupPanel|,|java+class:///javax/swing/JPanel|>,2,|java+class:///java/awt/Container|>,
  <<|java+class:///net/sourceforge/squirrel_sql/fw/gui/IntegerField/IntegerDocument|,|java+class:///javax/swing/text/PlainDocument|>,2,|java+interface:///javax/swing/text/Document|>,
  <<|java+class:///net/sourceforge/squirrel_sql/fw/datasetviewer/DataSetViewerTablePanel|,|java+class:///net/sourceforge/squirrel_sql/fw/datasetviewer/BaseDataSetViewerDestination|>,2,|java+interface:///net/sourceforge/squirrel_sql/fw/datasetviewer/IDataSetViewer|>,
  <<|java+class:///net/sourceforge/squirrel_sql/fw/gui/TablePopupMenu/CopyInsertStatementAction|,|java+class:///net/sourceforge/squirrel_sql/fw/gui/action/BaseAction|>,2,|java+interface:///javax/swing/Action|>,
  <<|java+class:///net/sourceforge/squirrel_sql/fw/gui/TablePopupMenu/AdjustAllColWidthsAction|,|java+class:///net/sourceforge/squirrel_sql/fw/gui/action/BaseAction|>,2,|java+interface:///javax/swing/Action|>,
  <<|java+class:///net/sourceforge/squirrel_sql/fw/gui/DefaultFileListBoxModel|,|java+interface:///net/sourceforge/squirrel_sql/fw/gui/IFileListBoxModel|>,2,|java+interface:///net/sourceforge/squirrel_sql/fw/gui/IFileListBoxModel|>,
  <<|java+class:///net/sourceforge/squirrel_sql/fw/datasetviewer/cellcomponent/DataTypeTime/DateFormatTypeCombo|,|java+class:///javax/swing/JComboBox|>,2,|java+class:///java/awt/Component|>
}