RESULTS LOG: 
INTERNAL REUSE TOTAL: 56 
<|java+class:///net/sourceforge/squirrel_sql/fw/datasetviewer/DataSetViewerEditableTablePanel|,|java+class:///net/sourceforge/squirrel_sql/fw/datasetviewer/DataSetViewerTablePanel|> 
<|java+class:///net/sourceforge/squirrel_sql/fw/datasetviewer/DataSetViewerTablePanel|,|java+class:///net/sourceforge/squirrel_sql/fw/datasetviewer/BaseDataSetViewerDestination|> 
<|java+class:///net/sourceforge/squirrel_sql/fw/datasetviewer/DataSetViewerTextPanel|,|java+class:///net/sourceforge/squirrel_sql/fw/datasetviewer/BaseDataSetViewerDestination|> 
<|java+class:///net/sourceforge/squirrel_sql/fw/datasetviewer/cellcomponent/DataTypeBigDecimal|,|java+class:///net/sourceforge/squirrel_sql/fw/datasetviewer/cellcomponent/FloatingPointBase|> 
<|java+class:///net/sourceforge/squirrel_sql/fw/datasetviewer/cellcomponent/DataTypeBigDecimal/KeyTextHandler|,|java+class:///net/sourceforge/squirrel_sql/fw/datasetviewer/cellcomponent/BaseKeyTextHandler|> 
<|java+class:///net/sourceforge/squirrel_sql/fw/datasetviewer/cellcomponent/DataTypeBinary|,|java+class:///net/sourceforge/squirrel_sql/fw/datasetviewer/cellcomponent/BaseDataTypeComponent|> 
<|java+class:///net/sourceforge/squirrel_sql/fw/datasetviewer/cellcomponent/DataTypeBinary/KeyTextHandler|,|java+class:///net/sourceforge/squirrel_sql/fw/datasetviewer/cellcomponent/BaseKeyTextHandler|> 
<|java+class:///net/sourceforge/squirrel_sql/fw/datasetviewer/cellcomponent/DataTypeBlob|,|java+class:///net/sourceforge/squirrel_sql/fw/datasetviewer/cellcomponent/BaseDataTypeComponent|> 
<|java+class:///net/sourceforge/squirrel_sql/fw/datasetviewer/cellcomponent/DataTypeBlob/KeyTextHandler|,|java+class:///net/sourceforge/squirrel_sql/fw/datasetviewer/cellcomponent/BaseKeyTextHandler|> 
<|java+class:///net/sourceforge/squirrel_sql/fw/datasetviewer/cellcomponent/DataTypeBoolean|,|java+class:///net/sourceforge/squirrel_sql/fw/datasetviewer/cellcomponent/BaseDataTypeComponent|> 
<|java+class:///net/sourceforge/squirrel_sql/fw/datasetviewer/cellcomponent/DataTypeByte|,|java+class:///net/sourceforge/squirrel_sql/fw/datasetviewer/cellcomponent/BaseDataTypeComponent|> 
<|java+class:///net/sourceforge/squirrel_sql/fw/datasetviewer/cellcomponent/DataTypeByte/KeyTextHandler|,|java+class:///net/sourceforge/squirrel_sql/fw/datasetviewer/cellcomponent/BaseKeyTextHandler|> 
<|java+class:///net/sourceforge/squirrel_sql/fw/datasetviewer/cellcomponent/DataTypeClob|,|java+class:///net/sourceforge/squirrel_sql/fw/datasetviewer/cellcomponent/BaseDataTypeComponent|> 
<|java+class:///net/sourceforge/squirrel_sql/fw/datasetviewer/cellcomponent/DataTypeClob/KeyTextHandler|,|java+class:///net/sourceforge/squirrel_sql/fw/datasetviewer/cellcomponent/BaseKeyTextHandler|> 
<|java+class:///net/sourceforge/squirrel_sql/fw/datasetviewer/cellcomponent/DataTypeDate|,|java+class:///net/sourceforge/squirrel_sql/fw/datasetviewer/cellcomponent/BaseDataTypeComponent|> 
<|java+class:///net/sourceforge/squirrel_sql/fw/datasetviewer/cellcomponent/DataTypeDate/KeyTextHandler|,|java+class:///net/sourceforge/squirrel_sql/fw/datasetviewer/cellcomponent/BaseKeyTextHandler|> 
<|java+class:///net/sourceforge/squirrel_sql/fw/datasetviewer/cellcomponent/DataTypeDouble|,|java+class:///net/sourceforge/squirrel_sql/fw/datasetviewer/cellcomponent/FloatingPointBase|> 
<|java+class:///net/sourceforge/squirrel_sql/fw/datasetviewer/cellcomponent/DataTypeDouble/KeyTextHandler|,|java+class:///net/sourceforge/squirrel_sql/fw/datasetviewer/cellcomponent/BaseKeyTextHandler|> 
<|java+class:///net/sourceforge/squirrel_sql/fw/datasetviewer/cellcomponent/DataTypeFloat|,|java+class:///net/sourceforge/squirrel_sql/fw/datasetviewer/cellcomponent/FloatingPointBase|> 
<|java+class:///net/sourceforge/squirrel_sql/fw/datasetviewer/cellcomponent/DataTypeFloat/KeyTextHandler|,|java+class:///net/sourceforge/squirrel_sql/fw/datasetviewer/cellcomponent/BaseKeyTextHandler|> 
<|java+class:///net/sourceforge/squirrel_sql/fw/datasetviewer/cellcomponent/DataTypeInteger|,|java+class:///net/sourceforge/squirrel_sql/fw/datasetviewer/cellcomponent/BaseDataTypeComponent|> 
<|java+class:///net/sourceforge/squirrel_sql/fw/datasetviewer/cellcomponent/DataTypeInteger/KeyTextHandler|,|java+class:///net/sourceforge/squirrel_sql/fw/datasetviewer/cellcomponent/BaseKeyTextHandler|> 
<|java+class:///net/sourceforge/squirrel_sql/fw/datasetviewer/cellcomponent/DataTypeJavaObject|,|java+class:///net/sourceforge/squirrel_sql/fw/datasetviewer/cellcomponent/BaseDataTypeComponent|> 
<|java+class:///net/sourceforge/squirrel_sql/fw/datasetviewer/cellcomponent/DataTypeLong|,|java+class:///net/sourceforge/squirrel_sql/fw/datasetviewer/cellcomponent/BaseDataTypeComponent|> 
<|java+class:///net/sourceforge/squirrel_sql/fw/datasetviewer/cellcomponent/DataTypeLong/KeyTextHandler|,|java+class:///net/sourceforge/squirrel_sql/fw/datasetviewer/cellcomponent/BaseKeyTextHandler|> 
<|java+class:///net/sourceforge/squirrel_sql/fw/datasetviewer/cellcomponent/DataTypeOther|,|java+class:///net/sourceforge/squirrel_sql/fw/datasetviewer/cellcomponent/BaseDataTypeComponent|> 
<|java+class:///net/sourceforge/squirrel_sql/fw/datasetviewer/cellcomponent/DataTypeShort|,|java+class:///net/sourceforge/squirrel_sql/fw/datasetviewer/cellcomponent/BaseDataTypeComponent|> 
<|java+class:///net/sourceforge/squirrel_sql/fw/datasetviewer/cellcomponent/DataTypeShort/KeyTextHandler|,|java+class:///net/sourceforge/squirrel_sql/fw/datasetviewer/cellcomponent/BaseKeyTextHandler|> 
<|java+class:///net/sourceforge/squirrel_sql/fw/datasetviewer/cellcomponent/DataTypeString|,|java+class:///net/sourceforge/squirrel_sql/fw/datasetviewer/cellcomponent/BaseDataTypeComponent|> 
<|java+class:///net/sourceforge/squirrel_sql/fw/datasetviewer/cellcomponent/DataTypeString/KeyTextHandler|,|java+class:///net/sourceforge/squirrel_sql/fw/datasetviewer/cellcomponent/BaseKeyTextHandler|> 
<|java+class:///net/sourceforge/squirrel_sql/fw/datasetviewer/cellcomponent/DataTypeTime|,|java+class:///net/sourceforge/squirrel_sql/fw/datasetviewer/cellcomponent/BaseDataTypeComponent|> 
<|java+class:///net/sourceforge/squirrel_sql/fw/datasetviewer/cellcomponent/DataTypeTime/KeyTextHandler|,|java+class:///net/sourceforge/squirrel_sql/fw/datasetviewer/cellcomponent/BaseKeyTextHandler|> 
<|java+class:///net/sourceforge/squirrel_sql/fw/datasetviewer/cellcomponent/DataTypeTimestamp|,|java+class:///net/sourceforge/squirrel_sql/fw/datasetviewer/cellcomponent/BaseDataTypeComponent|> 
<|java+class:///net/sourceforge/squirrel_sql/fw/datasetviewer/cellcomponent/DataTypeTimestamp/KeyTextHandler|,|java+class:///net/sourceforge/squirrel_sql/fw/datasetviewer/cellcomponent/BaseKeyTextHandler|> 
<|java+class:///net/sourceforge/squirrel_sql/fw/datasetviewer/cellcomponent/DataTypeUnknown|,|java+class:///net/sourceforge/squirrel_sql/fw/datasetviewer/cellcomponent/BaseDataTypeComponent|> 
<|java+class:///net/sourceforge/squirrel_sql/fw/datasetviewer/cellcomponent/StringFieldKeyTextHandler|,|java+class:///net/sourceforge/squirrel_sql/fw/datasetviewer/cellcomponent/BaseKeyTextHandler|> 
<|java+class:///net/sourceforge/squirrel_sql/fw/dialects/DerbyDialectExt|,|java+class:///net/sourceforge/squirrel_sql/fw/dialects/DB2DialectExt|> 
<|java+class:///net/sourceforge/squirrel_sql/fw/dialects/H2DialectExt|,|java+class:///net/sourceforge/squirrel_sql/fw/dialects/CommonHibernateDialect|> 
<|java+class:///net/sourceforge/squirrel_sql/fw/dialects/MySQLDialectExt|,|java+class:///net/sourceforge/squirrel_sql/fw/dialects/CommonHibernateDialect|> 
<|java+class:///net/sourceforge/squirrel_sql/fw/dialects/OracleDialectExt|,|java+class:///net/sourceforge/squirrel_sql/fw/dialects/CommonHibernateDialect|> 
<|java+class:///net/sourceforge/squirrel_sql/fw/dialects/PostgreSQLDialectExt|,|java+class:///net/sourceforge/squirrel_sql/fw/dialects/CommonHibernateDialect|> 
<|java+class:///net/sourceforge/squirrel_sql/fw/gui/ClassPathListModel|,|java+class:///net/sourceforge/squirrel_sql/fw/gui/DefaultFileListBoxModel|> 
<|java+class:///net/sourceforge/squirrel_sql/fw/gui/TablePopupMenu|,|java+class:///net/sourceforge/squirrel_sql/fw/gui/BasePopupMenu|> 
<|java+class:///net/sourceforge/squirrel_sql/fw/gui/TextPopupMenu|,|java+class:///net/sourceforge/squirrel_sql/fw/gui/BasePopupMenu|> 
<|java+class:///net/sourceforge/squirrel_sql/fw/gui/action/TableCopyInStatementCommand|,|java+class:///net/sourceforge/squirrel_sql/fw/gui/action/TableCopySqlPartCommandBase|> 
<|java+class:///net/sourceforge/squirrel_sql/fw/gui/action/TableCopyInsertStatementCommand|,|java+class:///net/sourceforge/squirrel_sql/fw/gui/action/TableCopySqlPartCommandBase|> 
<|java+class:///net/sourceforge/squirrel_sql/fw/gui/action/TableCopyUpdateStatementCommand|,|java+class:///net/sourceforge/squirrel_sql/fw/gui/action/TableCopySqlPartCommandBase|> 
<|java+class:///net/sourceforge/squirrel_sql/fw/gui/action/TableCopyWhereStatementCommand|,|java+class:///net/sourceforge/squirrel_sql/fw/gui/action/TableCopySqlPartCommandBase|> 
<|java+class:///net/sourceforge/squirrel_sql/fw/sql/DataTypeInfo|,|java+class:///net/sourceforge/squirrel_sql/fw/sql/DatabaseObjectInfo|> 
<|java+class:///net/sourceforge/squirrel_sql/fw/sql/ForeignKeyInfo|,|java+class:///net/sourceforge/squirrel_sql/fw/sql/DatabaseObjectInfo|> 
<|java+class:///net/sourceforge/squirrel_sql/fw/sql/ForeignKeyInfoBeanInfo|,|java+class:///net/sourceforge/squirrel_sql/fw/sql/DatabaseObjectInfoBeanInfo|> 
<|java+class:///net/sourceforge/squirrel_sql/fw/sql/MetaDataDecoratorDataSet|,|java+class:///net/sourceforge/squirrel_sql/fw/sql/MetaDataDataSet|> 
<|java+class:///net/sourceforge/squirrel_sql/fw/sql/ProcedureInfo|,|java+class:///net/sourceforge/squirrel_sql/fw/sql/DatabaseObjectInfo|> 
<|java+class:///net/sourceforge/squirrel_sql/fw/sql/SQLDriverClassLoader|,|java+class:///net/sourceforge/squirrel_sql/fw/util/MyURLClassLoader|> 
<|java+class:///net/sourceforge/squirrel_sql/fw/sql/TableInfo|,|java+class:///net/sourceforge/squirrel_sql/fw/sql/DatabaseObjectInfo|> 
<|java+class:///net/sourceforge/squirrel_sql/fw/sql/UDTInfo|,|java+class:///net/sourceforge/squirrel_sql/fw/sql/DatabaseObjectInfo|> 

EXTERNAL REUSE TOTAL: 14 
<|java+class:///net/sourceforge/squirrel_sql/fw/datasetviewer/cellcomponent/DataTypeBigDecimal|,|java+class:///net/sourceforge/squirrel_sql/fw/datasetviewer/cellcomponent/FloatingPointBase|> 
<|java+class:///net/sourceforge/squirrel_sql/fw/datasetviewer/cellcomponent/DataTypeDouble|,|java+class:///net/sourceforge/squirrel_sql/fw/datasetviewer/cellcomponent/FloatingPointBase|> 
<|java+class:///net/sourceforge/squirrel_sql/fw/datasetviewer/cellcomponent/DataTypeFloat|,|java+class:///net/sourceforge/squirrel_sql/fw/datasetviewer/cellcomponent/FloatingPointBase|> 
<|java+class:///net/sourceforge/squirrel_sql/fw/datasetviewer/cellcomponent/FloatingPointBase|,|java+class:///net/sourceforge/squirrel_sql/fw/datasetviewer/cellcomponent/BaseDataTypeComponent|> 
<|java+class:///net/sourceforge/squirrel_sql/fw/gui/TextPopupMenu|,|java+class:///net/sourceforge/squirrel_sql/fw/gui/BasePopupMenu|> 
<|java+class:///net/sourceforge/squirrel_sql/fw/gui/TextPopupMenu/CutAction|,|java+class:///net/sourceforge/squirrel_sql/fw/gui/action/BaseAction|> 
<|java+class:///net/sourceforge/squirrel_sql/fw/gui/TextPopupMenu/PasteAction|,|java+class:///net/sourceforge/squirrel_sql/fw/gui/action/BaseAction|> 
<|java+class:///net/sourceforge/squirrel_sql/fw/resources/LibraryResources|,|java+class:///net/sourceforge/squirrel_sql/fw/util/Resources|> 
<|java+class:///net/sourceforge/squirrel_sql/fw/sql/ForeignKeyInfo|,|java+class:///net/sourceforge/squirrel_sql/fw/sql/DatabaseObjectInfo|> 
<|java+class:///net/sourceforge/squirrel_sql/fw/sql/IndexInfo|,|java+class:///net/sourceforge/squirrel_sql/fw/sql/DatabaseObjectInfo|> 
<|java+class:///net/sourceforge/squirrel_sql/fw/sql/PrimaryKeyInfo|,|java+class:///net/sourceforge/squirrel_sql/fw/sql/DatabaseObjectInfo|> 
<|java+class:///net/sourceforge/squirrel_sql/fw/sql/ProcedureInfo|,|java+class:///net/sourceforge/squirrel_sql/fw/sql/DatabaseObjectInfo|> 
<|java+class:///net/sourceforge/squirrel_sql/fw/sql/TableColumnInfo|,|java+class:///net/sourceforge/squirrel_sql/fw/sql/DatabaseObjectInfo|> 
<|java+class:///net/sourceforge/squirrel_sql/fw/sql/TableInfo|,|java+class:///net/sourceforge/squirrel_sql/fw/sql/DatabaseObjectInfo|> 

SUBTYPE TOTAL: 66 
<|java+class:///net/sourceforge/squirrel_sql/fw/datasetviewer/DataSetViewerEditableTablePanel|,|java+class:///net/sourceforge/squirrel_sql/fw/datasetviewer/DataSetViewerTablePanel|> 
<|java+class:///net/sourceforge/squirrel_sql/fw/datasetviewer/DataSetViewerTablePanel|,|java+class:///net/sourceforge/squirrel_sql/fw/datasetviewer/BaseDataSetViewerDestination|> 
<|java+class:///net/sourceforge/squirrel_sql/fw/datasetviewer/DataSetViewerTextPanel/MyJTextAreaPopupMenu|,|java+class:///net/sourceforge/squirrel_sql/fw/gui/TextPopupMenu|> 
<|java+class:///net/sourceforge/squirrel_sql/fw/datasetviewer/DataSetViewerTextPanel/MyJTextAreaPopupMenu/MakeEditableAction|,|java+class:///net/sourceforge/squirrel_sql/fw/gui/action/BaseAction|> 
<|java+class:///net/sourceforge/squirrel_sql/fw/datasetviewer/PopupEditableIOPanel/LineWrapAction|,|java+class:///net/sourceforge/squirrel_sql/fw/gui/action/BaseAction|> 
<|java+class:///net/sourceforge/squirrel_sql/fw/datasetviewer/PopupEditableIOPanel/WordWrapAction|,|java+class:///net/sourceforge/squirrel_sql/fw/gui/action/BaseAction|> 
<|java+class:///net/sourceforge/squirrel_sql/fw/datasetviewer/PopupEditableIOPanel/XMLReformatAction|,|java+class:///net/sourceforge/squirrel_sql/fw/gui/action/BaseAction|> 
<|java+class:///net/sourceforge/squirrel_sql/fw/datasetviewer/cellcomponent/DataTypeBigDecimal/KeyTextHandler|,|java+class:///net/sourceforge/squirrel_sql/fw/datasetviewer/cellcomponent/BaseKeyTextHandler|> 
<|java+class:///net/sourceforge/squirrel_sql/fw/datasetviewer/cellcomponent/DataTypeBinary/KeyTextHandler|,|java+class:///net/sourceforge/squirrel_sql/fw/datasetviewer/cellcomponent/BaseKeyTextHandler|> 
<|java+class:///net/sourceforge/squirrel_sql/fw/datasetviewer/cellcomponent/DataTypeBlob/BlobOkJPanel|,|java+class:///net/sourceforge/squirrel_sql/fw/gui/OkJPanel|> 
<|java+class:///net/sourceforge/squirrel_sql/fw/datasetviewer/cellcomponent/DataTypeBlob/KeyTextHandler|,|java+class:///net/sourceforge/squirrel_sql/fw/datasetviewer/cellcomponent/BaseKeyTextHandler|> 
<|java+class:///net/sourceforge/squirrel_sql/fw/datasetviewer/cellcomponent/DataTypeByte/KeyTextHandler|,|java+class:///net/sourceforge/squirrel_sql/fw/datasetviewer/cellcomponent/BaseKeyTextHandler|> 
<|java+class:///net/sourceforge/squirrel_sql/fw/datasetviewer/cellcomponent/DataTypeClob/ClobOkJPanel|,|java+class:///net/sourceforge/squirrel_sql/fw/gui/OkJPanel|> 
<|java+class:///net/sourceforge/squirrel_sql/fw/datasetviewer/cellcomponent/DataTypeClob/KeyTextHandler|,|java+class:///net/sourceforge/squirrel_sql/fw/datasetviewer/cellcomponent/BaseKeyTextHandler|> 
<|java+class:///net/sourceforge/squirrel_sql/fw/datasetviewer/cellcomponent/DataTypeDate/DateOkJPanel|,|java+class:///net/sourceforge/squirrel_sql/fw/gui/OkJPanel|> 
<|java+class:///net/sourceforge/squirrel_sql/fw/datasetviewer/cellcomponent/DataTypeDate/KeyTextHandler|,|java+class:///net/sourceforge/squirrel_sql/fw/datasetviewer/cellcomponent/BaseKeyTextHandler|> 
<|java+class:///net/sourceforge/squirrel_sql/fw/datasetviewer/cellcomponent/DataTypeDouble/KeyTextHandler|,|java+class:///net/sourceforge/squirrel_sql/fw/datasetviewer/cellcomponent/BaseKeyTextHandler|> 
<|java+class:///net/sourceforge/squirrel_sql/fw/datasetviewer/cellcomponent/DataTypeFloat/KeyTextHandler|,|java+class:///net/sourceforge/squirrel_sql/fw/datasetviewer/cellcomponent/BaseKeyTextHandler|> 
<|java+class:///net/sourceforge/squirrel_sql/fw/datasetviewer/cellcomponent/DataTypeGeneral/GeneralOkJPanel|,|java+class:///net/sourceforge/squirrel_sql/fw/gui/OkJPanel|> 
<|java+class:///net/sourceforge/squirrel_sql/fw/datasetviewer/cellcomponent/DataTypeInteger/KeyTextHandler|,|java+class:///net/sourceforge/squirrel_sql/fw/datasetviewer/cellcomponent/BaseKeyTextHandler|> 
<|java+class:///net/sourceforge/squirrel_sql/fw/datasetviewer/cellcomponent/DataTypeJavaObject/SQLJavaObjectOkJPanel|,|java+class:///net/sourceforge/squirrel_sql/fw/gui/OkJPanel|> 
<|java+class:///net/sourceforge/squirrel_sql/fw/datasetviewer/cellcomponent/DataTypeLong/KeyTextHandler|,|java+class:///net/sourceforge/squirrel_sql/fw/datasetviewer/cellcomponent/BaseKeyTextHandler|> 
<|java+class:///net/sourceforge/squirrel_sql/fw/datasetviewer/cellcomponent/DataTypeOther/SQLOtherOkJPanel|,|java+class:///net/sourceforge/squirrel_sql/fw/gui/OkJPanel|> 
<|java+class:///net/sourceforge/squirrel_sql/fw/datasetviewer/cellcomponent/DataTypeShort/KeyTextHandler|,|java+class:///net/sourceforge/squirrel_sql/fw/datasetviewer/cellcomponent/BaseKeyTextHandler|> 
<|java+class:///net/sourceforge/squirrel_sql/fw/datasetviewer/cellcomponent/DataTypeString/ClobOkJPanel|,|java+class:///net/sourceforge/squirrel_sql/fw/gui/OkJPanel|> 
<|java+class:///net/sourceforge/squirrel_sql/fw/datasetviewer/cellcomponent/DataTypeString/KeyTextHandler|,|java+class:///net/sourceforge/squirrel_sql/fw/datasetviewer/cellcomponent/BaseKeyTextHandler|> 
<|java+class:///net/sourceforge/squirrel_sql/fw/datasetviewer/cellcomponent/DataTypeTime/KeyTextHandler|,|java+class:///net/sourceforge/squirrel_sql/fw/datasetviewer/cellcomponent/BaseKeyTextHandler|> 
<|java+class:///net/sourceforge/squirrel_sql/fw/datasetviewer/cellcomponent/DataTypeTime/TimeOkJPanel|,|java+class:///net/sourceforge/squirrel_sql/fw/gui/OkJPanel|> 
<|java+class:///net/sourceforge/squirrel_sql/fw/datasetviewer/cellcomponent/DataTypeTimestamp/KeyTextHandler|,|java+class:///net/sourceforge/squirrel_sql/fw/datasetviewer/cellcomponent/BaseKeyTextHandler|> 
<|java+class:///net/sourceforge/squirrel_sql/fw/datasetviewer/cellcomponent/DataTypeTimestamp/TimestampOkJPanel|,|java+class:///net/sourceforge/squirrel_sql/fw/gui/OkJPanel|> 
<|java+class:///net/sourceforge/squirrel_sql/fw/datasetviewer/cellcomponent/DataTypeUnknown/UnknownOkJPanel|,|java+class:///net/sourceforge/squirrel_sql/fw/gui/OkJPanel|> 
<|java+class:///net/sourceforge/squirrel_sql/fw/datasetviewer/cellcomponent/FloatingPointBase/FloatingPointOkJPanel|,|java+class:///net/sourceforge/squirrel_sql/fw/gui/OkJPanel|> 
<|java+class:///net/sourceforge/squirrel_sql/fw/dialects/GenericDialectExt|,|java+class:///net/sourceforge/squirrel_sql/fw/dialects/CommonHibernateDialect|> 
<|java+class:///net/sourceforge/squirrel_sql/fw/dialects/IntersystemsCacheDialectExt|,|java+class:///net/sourceforge/squirrel_sql/fw/dialects/CommonHibernateDialect|> 
<|java+class:///net/sourceforge/squirrel_sql/fw/dialects/MySQL5DialectExt|,|java+class:///net/sourceforge/squirrel_sql/fw/dialects/MySQLDialectExt|> 
<|java+class:///net/sourceforge/squirrel_sql/fw/dialects/NetezzaDialextExt|,|java+class:///net/sourceforge/squirrel_sql/fw/dialects/CommonHibernateDialect|> 
<|java+class:///net/sourceforge/squirrel_sql/fw/gui/ClassPathListModel|,|java+class:///net/sourceforge/squirrel_sql/fw/gui/DefaultFileListBoxModel|> 
<|java+class:///net/sourceforge/squirrel_sql/fw/gui/ErrorDialog/MessagePanel|,|java+class:///net/sourceforge/squirrel_sql/fw/gui/MultipleLineLabel|> 
<|java+class:///net/sourceforge/squirrel_sql/fw/gui/ErrorDialog/MoreErrorsPanel|,|java+class:///net/sourceforge/squirrel_sql/fw/gui/MultipleLineLabel|> 
<|java+class:///net/sourceforge/squirrel_sql/fw/gui/ErrorDialog/StackTracePanel|,|java+class:///net/sourceforge/squirrel_sql/fw/gui/MultipleLineLabel|> 
<|java+class:///net/sourceforge/squirrel_sql/fw/gui/TablePopupMenu/AdjustAllColWidthsAction|,|java+class:///net/sourceforge/squirrel_sql/fw/gui/action/BaseAction|> 
<|java+class:///net/sourceforge/squirrel_sql/fw/gui/TablePopupMenu/AlwaysAdjustAllColWidthsAction|,|java+class:///net/sourceforge/squirrel_sql/fw/gui/action/BaseAction|> 
<|java+class:///net/sourceforge/squirrel_sql/fw/gui/TablePopupMenu/CopyAction|,|java+class:///net/sourceforge/squirrel_sql/fw/gui/action/BaseAction|> 
<|java+class:///net/sourceforge/squirrel_sql/fw/gui/TablePopupMenu/CopyHtmlAction|,|java+class:///net/sourceforge/squirrel_sql/fw/gui/action/BaseAction|> 
<|java+class:///net/sourceforge/squirrel_sql/fw/gui/TablePopupMenu/CopyInStatementAction|,|java+class:///net/sourceforge/squirrel_sql/fw/gui/action/BaseAction|> 
<|java+class:///net/sourceforge/squirrel_sql/fw/gui/TablePopupMenu/CopyInsertStatementAction|,|java+class:///net/sourceforge/squirrel_sql/fw/gui/action/BaseAction|> 
<|java+class:///net/sourceforge/squirrel_sql/fw/gui/TablePopupMenu/CopyUpdateStatementAction|,|java+class:///net/sourceforge/squirrel_sql/fw/gui/action/BaseAction|> 
<|java+class:///net/sourceforge/squirrel_sql/fw/gui/TablePopupMenu/CopyWhereStatementAction|,|java+class:///net/sourceforge/squirrel_sql/fw/gui/action/BaseAction|> 
<|java+class:///net/sourceforge/squirrel_sql/fw/gui/TablePopupMenu/CopyWithHeadersAction|,|java+class:///net/sourceforge/squirrel_sql/fw/gui/action/BaseAction|> 
<|java+class:///net/sourceforge/squirrel_sql/fw/gui/TablePopupMenu/DeleteRowsAction|,|java+class:///net/sourceforge/squirrel_sql/fw/gui/action/BaseAction|> 
<|java+class:///net/sourceforge/squirrel_sql/fw/gui/TablePopupMenu/ExportCsvAction|,|java+class:///net/sourceforge/squirrel_sql/fw/gui/action/BaseAction|> 
<|java+class:///net/sourceforge/squirrel_sql/fw/gui/TablePopupMenu/InsertRowAction|,|java+class:///net/sourceforge/squirrel_sql/fw/gui/action/BaseAction|> 
<|java+class:///net/sourceforge/squirrel_sql/fw/gui/TablePopupMenu/MakeEditableAction|,|java+class:///net/sourceforge/squirrel_sql/fw/gui/action/BaseAction|> 
<|java+class:///net/sourceforge/squirrel_sql/fw/gui/TablePopupMenu/PrintAction|,|java+class:///net/sourceforge/squirrel_sql/fw/gui/action/BaseAction|> 
<|java+class:///net/sourceforge/squirrel_sql/fw/gui/TablePopupMenu/SelectAllAction|,|java+class:///net/sourceforge/squirrel_sql/fw/gui/action/BaseAction|> 
<|java+class:///net/sourceforge/squirrel_sql/fw/gui/TablePopupMenu/ShowRowNumbersAction|,|java+class:///net/sourceforge/squirrel_sql/fw/gui/action/BaseAction|> 
<|java+class:///net/sourceforge/squirrel_sql/fw/gui/TablePopupMenu/UndoMakeEditableAction|,|java+class:///net/sourceforge/squirrel_sql/fw/gui/action/BaseAction|> 
<|java+class:///net/sourceforge/squirrel_sql/fw/gui/TextPopupMenu/CopyAction|,|java+class:///net/sourceforge/squirrel_sql/fw/gui/action/BaseAction|> 
<|java+class:///net/sourceforge/squirrel_sql/fw/gui/TextPopupMenu/CutAction|,|java+class:///net/sourceforge/squirrel_sql/fw/gui/action/BaseAction|> 
<|java+class:///net/sourceforge/squirrel_sql/fw/gui/TextPopupMenu/PasteAction|,|java+class:///net/sourceforge/squirrel_sql/fw/gui/action/BaseAction|> 
<|java+class:///net/sourceforge/squirrel_sql/fw/gui/TextPopupMenu/SelectAllAction|,|java+class:///net/sourceforge/squirrel_sql/fw/gui/action/BaseAction|> 
<|java+class:///net/sourceforge/squirrel_sql/fw/sql/DataTypeInfo|,|java+class:///net/sourceforge/squirrel_sql/fw/sql/DatabaseObjectInfo|> 
<|java+class:///net/sourceforge/squirrel_sql/fw/sql/ProcedureInfo|,|java+class:///net/sourceforge/squirrel_sql/fw/sql/DatabaseObjectInfo|> 
<|java+class:///net/sourceforge/squirrel_sql/fw/sql/SQLDriverClassLoader|,|java+class:///net/sourceforge/squirrel_sql/fw/util/MyURLClassLoader|> 
<|java+class:///net/sourceforge/squirrel_sql/fw/sql/TableInfo|,|java+class:///net/sourceforge/squirrel_sql/fw/sql/DatabaseObjectInfo|> 
<|java+class:///net/sourceforge/squirrel_sql/fw/sql/UDTInfo|,|java+class:///net/sourceforge/squirrel_sql/fw/sql/DatabaseObjectInfo|> 

DOWNCALL ACTUAL TOTAL: 0 

DOWNCALL CANDIDATE TOTAL: 0 

CONSTANT TOTAL: 0 

MARKER TOTAL: 0 

SUPER TOTAL: 54 
<|java+class:///net/sourceforge/squirrel_sql/fw/datasetviewer/DataSetViewerPropertyPanel|,|java+class:///net/sourceforge/squirrel_sql/fw/datasetviewer/BaseDataSetViewerDestination|> 
<|java+class:///net/sourceforge/squirrel_sql/fw/datasetviewer/DataSetViewerTablePanel|,|java+class:///net/sourceforge/squirrel_sql/fw/datasetviewer/BaseDataSetViewerDestination|> 
<|java+class:///net/sourceforge/squirrel_sql/fw/datasetviewer/DataSetViewerTextFileDestination|,|java+class:///net/sourceforge/squirrel_sql/fw/datasetviewer/BaseDataSetViewerDestination|> 
<|java+class:///net/sourceforge/squirrel_sql/fw/datasetviewer/DataSetViewerTextPanel|,|java+class:///net/sourceforge/squirrel_sql/fw/datasetviewer/BaseDataSetViewerDestination|> 
<|java+class:///net/sourceforge/squirrel_sql/fw/datasetviewer/DataSetViewerTextPanel/MyJTextAreaPopupMenu|,|java+class:///net/sourceforge/squirrel_sql/fw/gui/TextPopupMenu|> 
<|java+class:///net/sourceforge/squirrel_sql/fw/datasetviewer/DataSetViewerTextPanel/MyJTextAreaPopupMenu/MakeEditableAction|,|java+class:///net/sourceforge/squirrel_sql/fw/gui/action/BaseAction|> 
<|java+class:///net/sourceforge/squirrel_sql/fw/datasetviewer/PopupEditableIOPanel/LineWrapAction|,|java+class:///net/sourceforge/squirrel_sql/fw/gui/action/BaseAction|> 
<|java+class:///net/sourceforge/squirrel_sql/fw/datasetviewer/PopupEditableIOPanel/WordWrapAction|,|java+class:///net/sourceforge/squirrel_sql/fw/gui/action/BaseAction|> 
<|java+class:///net/sourceforge/squirrel_sql/fw/datasetviewer/PopupEditableIOPanel/XMLReformatAction|,|java+class:///net/sourceforge/squirrel_sql/fw/gui/action/BaseAction|> 
<|java+class:///net/sourceforge/squirrel_sql/fw/gui/ClassPathListModel|,|java+class:///net/sourceforge/squirrel_sql/fw/gui/DefaultFileListBoxModel|> 
<|java+class:///net/sourceforge/squirrel_sql/fw/gui/ErrorDialog/MessagePanel|,|java+class:///net/sourceforge/squirrel_sql/fw/gui/MultipleLineLabel|> 
<|java+class:///net/sourceforge/squirrel_sql/fw/gui/ErrorDialog/MoreErrorsPanel|,|java+class:///net/sourceforge/squirrel_sql/fw/gui/MultipleLineLabel|> 
<|java+class:///net/sourceforge/squirrel_sql/fw/gui/ErrorDialog/StackTracePanel|,|java+class:///net/sourceforge/squirrel_sql/fw/gui/MultipleLineLabel|> 
<|java+class:///net/sourceforge/squirrel_sql/fw/gui/TablePopupMenu|,|java+class:///net/sourceforge/squirrel_sql/fw/gui/BasePopupMenu|> 
<|java+class:///net/sourceforge/squirrel_sql/fw/gui/TablePopupMenu/AdjustAllColWidthsAction|,|java+class:///net/sourceforge/squirrel_sql/fw/gui/action/BaseAction|> 
<|java+class:///net/sourceforge/squirrel_sql/fw/gui/TablePopupMenu/AlwaysAdjustAllColWidthsAction|,|java+class:///net/sourceforge/squirrel_sql/fw/gui/action/BaseAction|> 
<|java+class:///net/sourceforge/squirrel_sql/fw/gui/TablePopupMenu/CopyAction|,|java+class:///net/sourceforge/squirrel_sql/fw/gui/action/BaseAction|> 
<|java+class:///net/sourceforge/squirrel_sql/fw/gui/TablePopupMenu/CopyHtmlAction|,|java+class:///net/sourceforge/squirrel_sql/fw/gui/action/BaseAction|> 
<|java+class:///net/sourceforge/squirrel_sql/fw/gui/TablePopupMenu/CopyInStatementAction|,|java+class:///net/sourceforge/squirrel_sql/fw/gui/action/BaseAction|> 
<|java+class:///net/sourceforge/squirrel_sql/fw/gui/TablePopupMenu/CopyInsertStatementAction|,|java+class:///net/sourceforge/squirrel_sql/fw/gui/action/BaseAction|> 
<|java+class:///net/sourceforge/squirrel_sql/fw/gui/TablePopupMenu/CopyUpdateStatementAction|,|java+class:///net/sourceforge/squirrel_sql/fw/gui/action/BaseAction|> 
<|java+class:///net/sourceforge/squirrel_sql/fw/gui/TablePopupMenu/CopyWhereStatementAction|,|java+class:///net/sourceforge/squirrel_sql/fw/gui/action/BaseAction|> 
<|java+class:///net/sourceforge/squirrel_sql/fw/gui/TablePopupMenu/CopyWithHeadersAction|,|java+class:///net/sourceforge/squirrel_sql/fw/gui/action/BaseAction|> 
<|java+class:///net/sourceforge/squirrel_sql/fw/gui/TablePopupMenu/DeleteRowsAction|,|java+class:///net/sourceforge/squirrel_sql/fw/gui/action/BaseAction|> 
<|java+class:///net/sourceforge/squirrel_sql/fw/gui/TablePopupMenu/ExportCsvAction|,|java+class:///net/sourceforge/squirrel_sql/fw/gui/action/BaseAction|> 
<|java+class:///net/sourceforge/squirrel_sql/fw/gui/TablePopupMenu/InsertRowAction|,|java+class:///net/sourceforge/squirrel_sql/fw/gui/action/BaseAction|> 
<|java+class:///net/sourceforge/squirrel_sql/fw/gui/TablePopupMenu/MakeEditableAction|,|java+class:///net/sourceforge/squirrel_sql/fw/gui/action/BaseAction|> 
<|java+class:///net/sourceforge/squirrel_sql/fw/gui/TablePopupMenu/PrintAction|,|java+class:///net/sourceforge/squirrel_sql/fw/gui/action/BaseAction|> 
<|java+class:///net/sourceforge/squirrel_sql/fw/gui/TablePopupMenu/SelectAllAction|,|java+class:///net/sourceforge/squirrel_sql/fw/gui/action/BaseAction|> 
<|java+class:///net/sourceforge/squirrel_sql/fw/gui/TablePopupMenu/ShowRowNumbersAction|,|java+class:///net/sourceforge/squirrel_sql/fw/gui/action/BaseAction|> 
<|java+class:///net/sourceforge/squirrel_sql/fw/gui/TablePopupMenu/UndoMakeEditableAction|,|java+class:///net/sourceforge/squirrel_sql/fw/gui/action/BaseAction|> 
<|java+class:///net/sourceforge/squirrel_sql/fw/gui/TextPopupMenu|,|java+class:///net/sourceforge/squirrel_sql/fw/gui/BasePopupMenu|> 
<|java+class:///net/sourceforge/squirrel_sql/fw/gui/TextPopupMenu/CopyAction|,|java+class:///net/sourceforge/squirrel_sql/fw/gui/action/BaseAction|> 
<|java+class:///net/sourceforge/squirrel_sql/fw/gui/TextPopupMenu/CutAction|,|java+class:///net/sourceforge/squirrel_sql/fw/gui/action/BaseAction|> 
<|java+class:///net/sourceforge/squirrel_sql/fw/gui/TextPopupMenu/PasteAction|,|java+class:///net/sourceforge/squirrel_sql/fw/gui/action/BaseAction|> 
<|java+class:///net/sourceforge/squirrel_sql/fw/gui/TextPopupMenu/SelectAllAction|,|java+class:///net/sourceforge/squirrel_sql/fw/gui/action/BaseAction|> 
<|java+class:///net/sourceforge/squirrel_sql/fw/gui/action/TableCopyInStatementCommand|,|java+class:///net/sourceforge/squirrel_sql/fw/gui/action/TableCopySqlPartCommandBase|> 
<|java+class:///net/sourceforge/squirrel_sql/fw/gui/action/TableCopyInsertStatementCommand|,|java+class:///net/sourceforge/squirrel_sql/fw/gui/action/TableCopySqlPartCommandBase|> 
<|java+class:///net/sourceforge/squirrel_sql/fw/gui/action/TableCopyUpdateStatementCommand|,|java+class:///net/sourceforge/squirrel_sql/fw/gui/action/TableCopySqlPartCommandBase|> 
<|java+class:///net/sourceforge/squirrel_sql/fw/gui/action/TableCopyWhereStatementCommand|,|java+class:///net/sourceforge/squirrel_sql/fw/gui/action/TableCopySqlPartCommandBase|> 
<|java+class:///net/sourceforge/squirrel_sql/fw/resources/LibraryResources|,|java+class:///net/sourceforge/squirrel_sql/fw/util/Resources|> 
<|java+class:///net/sourceforge/squirrel_sql/fw/sql/DataTypeInfo|,|java+class:///net/sourceforge/squirrel_sql/fw/sql/DatabaseObjectInfo|> 
<|java+class:///net/sourceforge/squirrel_sql/fw/sql/ForeignKeyInfo|,|java+class:///net/sourceforge/squirrel_sql/fw/sql/DatabaseObjectInfo|> 
<|java+class:///net/sourceforge/squirrel_sql/fw/sql/ForeignKeyInfoBeanInfo|,|java+class:///net/sourceforge/squirrel_sql/fw/sql/DatabaseObjectInfoBeanInfo|> 
<|java+class:///net/sourceforge/squirrel_sql/fw/sql/IndexInfo|,|java+class:///net/sourceforge/squirrel_sql/fw/sql/DatabaseObjectInfo|> 
<|java+class:///net/sourceforge/squirrel_sql/fw/sql/MetaDataDecoratorDataSet|,|java+class:///net/sourceforge/squirrel_sql/fw/sql/MetaDataDataSet|> 
<|java+class:///net/sourceforge/squirrel_sql/fw/sql/PrimaryKeyInfo|,|java+class:///net/sourceforge/squirrel_sql/fw/sql/DatabaseObjectInfo|> 
<|java+class:///net/sourceforge/squirrel_sql/fw/sql/ProcedureInfo|,|java+class:///net/sourceforge/squirrel_sql/fw/sql/DatabaseObjectInfo|> 
<|java+class:///net/sourceforge/squirrel_sql/fw/sql/SQLDriverClassLoader|,|java+class:///net/sourceforge/squirrel_sql/fw/util/MyURLClassLoader|> 
<|java+class:///net/sourceforge/squirrel_sql/fw/sql/TableColumnInfo|,|java+class:///net/sourceforge/squirrel_sql/fw/sql/DatabaseObjectInfo|> 
<|java+class:///net/sourceforge/squirrel_sql/fw/sql/TableInfo|,|java+class:///net/sourceforge/squirrel_sql/fw/sql/DatabaseObjectInfo|> 
<|java+class:///net/sourceforge/squirrel_sql/fw/sql/UDTInfo|,|java+class:///net/sourceforge/squirrel_sql/fw/sql/DatabaseObjectInfo|> 
<|java+class:///net/sourceforge/squirrel_sql/fw/sql/dbobj/BestRowIdentifier|,|java+class:///net/sourceforge/squirrel_sql/fw/sql/DatabaseObjectInfo|> 
<|java+class:///net/sourceforge/squirrel_sql/fw/sql/dbobj/adapter/BestRowIdentifierAdapterBeanInfo|,|java+class:///net/sourceforge/squirrel_sql/fw/sql/DatabaseObjectInfoBeanInfo|> 

GENERIC TOTAL: 1 
<|java+class:///net/sourceforge/squirrel_sql/fw/sql/TableInfo|,|java+class:///net/sourceforge/squirrel_sql/fw/sql/DatabaseObjectInfo|> 

CATEGORY TOTAL: 0 

FRAMEWORK TOTAL: 70 
<|java+class:///net/sourceforge/squirrel_sql/fw/datasetviewer/DataSetViewerEditableTablePanel|,|java+class:///net/sourceforge/squirrel_sql/fw/datasetviewer/DataSetViewerTablePanel|> 
<|java+class:///net/sourceforge/squirrel_sql/fw/datasetviewer/DataSetViewerTextPanel/MyJTextAreaPopupMenu/MakeEditableAction|,|java+class:///net/sourceforge/squirrel_sql/fw/gui/action/BaseAction|> 
<|java+class:///net/sourceforge/squirrel_sql/fw/datasetviewer/PopupEditableIOPanel/LineWrapAction|,|java+class:///net/sourceforge/squirrel_sql/fw/gui/action/BaseAction|> 
<|java+class:///net/sourceforge/squirrel_sql/fw/datasetviewer/PopupEditableIOPanel/WordWrapAction|,|java+class:///net/sourceforge/squirrel_sql/fw/gui/action/BaseAction|> 
<|java+class:///net/sourceforge/squirrel_sql/fw/datasetviewer/PopupEditableIOPanel/XMLReformatAction|,|java+class:///net/sourceforge/squirrel_sql/fw/gui/action/BaseAction|> 
<|java+class:///net/sourceforge/squirrel_sql/fw/datasetviewer/cellcomponent/DataTypeBigDecimal/KeyTextHandler|,|java+class:///net/sourceforge/squirrel_sql/fw/datasetviewer/cellcomponent/BaseKeyTextHandler|> 
<|java+class:///net/sourceforge/squirrel_sql/fw/datasetviewer/cellcomponent/DataTypeBinary/KeyTextHandler|,|java+class:///net/sourceforge/squirrel_sql/fw/datasetviewer/cellcomponent/BaseKeyTextHandler|> 
<|java+class:///net/sourceforge/squirrel_sql/fw/datasetviewer/cellcomponent/DataTypeBlob/BlobOkJPanel|,|java+class:///net/sourceforge/squirrel_sql/fw/gui/OkJPanel|> 
<|java+class:///net/sourceforge/squirrel_sql/fw/datasetviewer/cellcomponent/DataTypeBlob/KeyTextHandler|,|java+class:///net/sourceforge/squirrel_sql/fw/datasetviewer/cellcomponent/BaseKeyTextHandler|> 
<|java+class:///net/sourceforge/squirrel_sql/fw/datasetviewer/cellcomponent/DataTypeByte/KeyTextHandler|,|java+class:///net/sourceforge/squirrel_sql/fw/datasetviewer/cellcomponent/BaseKeyTextHandler|> 
<|java+class:///net/sourceforge/squirrel_sql/fw/datasetviewer/cellcomponent/DataTypeClob/ClobOkJPanel|,|java+class:///net/sourceforge/squirrel_sql/fw/gui/OkJPanel|> 
<|java+class:///net/sourceforge/squirrel_sql/fw/datasetviewer/cellcomponent/DataTypeClob/KeyTextHandler|,|java+class:///net/sourceforge/squirrel_sql/fw/datasetviewer/cellcomponent/BaseKeyTextHandler|> 
<|java+class:///net/sourceforge/squirrel_sql/fw/datasetviewer/cellcomponent/DataTypeDate/DateOkJPanel|,|java+class:///net/sourceforge/squirrel_sql/fw/gui/OkJPanel|> 
<|java+class:///net/sourceforge/squirrel_sql/fw/datasetviewer/cellcomponent/DataTypeDate/KeyTextHandler|,|java+class:///net/sourceforge/squirrel_sql/fw/datasetviewer/cellcomponent/BaseKeyTextHandler|> 
<|java+class:///net/sourceforge/squirrel_sql/fw/datasetviewer/cellcomponent/DataTypeDouble/KeyTextHandler|,|java+class:///net/sourceforge/squirrel_sql/fw/datasetviewer/cellcomponent/BaseKeyTextHandler|> 
<|java+class:///net/sourceforge/squirrel_sql/fw/datasetviewer/cellcomponent/DataTypeFloat/KeyTextHandler|,|java+class:///net/sourceforge/squirrel_sql/fw/datasetviewer/cellcomponent/BaseKeyTextHandler|> 
<|java+class:///net/sourceforge/squirrel_sql/fw/datasetviewer/cellcomponent/DataTypeGeneral/GeneralOkJPanel|,|java+class:///net/sourceforge/squirrel_sql/fw/gui/OkJPanel|> 
<|java+class:///net/sourceforge/squirrel_sql/fw/datasetviewer/cellcomponent/DataTypeInteger/KeyTextHandler|,|java+class:///net/sourceforge/squirrel_sql/fw/datasetviewer/cellcomponent/BaseKeyTextHandler|> 
<|java+class:///net/sourceforge/squirrel_sql/fw/datasetviewer/cellcomponent/DataTypeJavaObject/SQLJavaObjectOkJPanel|,|java+class:///net/sourceforge/squirrel_sql/fw/gui/OkJPanel|> 
<|java+class:///net/sourceforge/squirrel_sql/fw/datasetviewer/cellcomponent/DataTypeLong/KeyTextHandler|,|java+class:///net/sourceforge/squirrel_sql/fw/datasetviewer/cellcomponent/BaseKeyTextHandler|> 
<|java+class:///net/sourceforge/squirrel_sql/fw/datasetviewer/cellcomponent/DataTypeOther/SQLOtherOkJPanel|,|java+class:///net/sourceforge/squirrel_sql/fw/gui/OkJPanel|> 
<|java+class:///net/sourceforge/squirrel_sql/fw/datasetviewer/cellcomponent/DataTypeShort/KeyTextHandler|,|java+class:///net/sourceforge/squirrel_sql/fw/datasetviewer/cellcomponent/BaseKeyTextHandler|> 
<|java+class:///net/sourceforge/squirrel_sql/fw/datasetviewer/cellcomponent/DataTypeString/ClobOkJPanel|,|java+class:///net/sourceforge/squirrel_sql/fw/gui/OkJPanel|> 
<|java+class:///net/sourceforge/squirrel_sql/fw/datasetviewer/cellcomponent/DataTypeString/KeyTextHandler|,|java+class:///net/sourceforge/squirrel_sql/fw/datasetviewer/cellcomponent/BaseKeyTextHandler|> 
<|java+class:///net/sourceforge/squirrel_sql/fw/datasetviewer/cellcomponent/DataTypeTime/KeyTextHandler|,|java+class:///net/sourceforge/squirrel_sql/fw/datasetviewer/cellcomponent/BaseKeyTextHandler|> 
<|java+class:///net/sourceforge/squirrel_sql/fw/datasetviewer/cellcomponent/DataTypeTime/TimeOkJPanel|,|java+class:///net/sourceforge/squirrel_sql/fw/gui/OkJPanel|> 
<|java+class:///net/sourceforge/squirrel_sql/fw/datasetviewer/cellcomponent/DataTypeTimestamp/KeyTextHandler|,|java+class:///net/sourceforge/squirrel_sql/fw/datasetviewer/cellcomponent/BaseKeyTextHandler|> 
<|java+class:///net/sourceforge/squirrel_sql/fw/datasetviewer/cellcomponent/DataTypeTimestamp/TimestampOkJPanel|,|java+class:///net/sourceforge/squirrel_sql/fw/gui/OkJPanel|> 
<|java+class:///net/sourceforge/squirrel_sql/fw/datasetviewer/cellcomponent/DataTypeUnknown/UnknownOkJPanel|,|java+class:///net/sourceforge/squirrel_sql/fw/gui/OkJPanel|> 
<|java+class:///net/sourceforge/squirrel_sql/fw/datasetviewer/cellcomponent/FloatingPointBase/FloatingPointOkJPanel|,|java+class:///net/sourceforge/squirrel_sql/fw/gui/OkJPanel|> 
<|java+class:///net/sourceforge/squirrel_sql/fw/datasetviewer/cellcomponent/StringFieldKeyTextHandler|,|java+class:///net/sourceforge/squirrel_sql/fw/datasetviewer/cellcomponent/BaseKeyTextHandler|> 
<|java+class:///net/sourceforge/squirrel_sql/fw/gui/ClassPathListModel|,|java+class:///net/sourceforge/squirrel_sql/fw/gui/DefaultFileListBoxModel|> 
<|java+class:///net/sourceforge/squirrel_sql/fw/gui/ErrorDialog/MessagePanel|,|java+class:///net/sourceforge/squirrel_sql/fw/gui/MultipleLineLabel|> 
<|java+class:///net/sourceforge/squirrel_sql/fw/gui/ErrorDialog/MoreErrorsPanel|,|java+class:///net/sourceforge/squirrel_sql/fw/gui/MultipleLineLabel|> 
<|java+class:///net/sourceforge/squirrel_sql/fw/gui/ErrorDialog/StackTracePanel|,|java+class:///net/sourceforge/squirrel_sql/fw/gui/MultipleLineLabel|> 
<|java+class:///net/sourceforge/squirrel_sql/fw/gui/TablePopupMenu|,|java+class:///net/sourceforge/squirrel_sql/fw/gui/BasePopupMenu|> 
<|java+class:///net/sourceforge/squirrel_sql/fw/gui/TablePopupMenu/AdjustAllColWidthsAction|,|java+class:///net/sourceforge/squirrel_sql/fw/gui/action/BaseAction|> 
<|java+class:///net/sourceforge/squirrel_sql/fw/gui/TablePopupMenu/AlwaysAdjustAllColWidthsAction|,|java+class:///net/sourceforge/squirrel_sql/fw/gui/action/BaseAction|> 
<|java+class:///net/sourceforge/squirrel_sql/fw/gui/TablePopupMenu/CopyAction|,|java+class:///net/sourceforge/squirrel_sql/fw/gui/action/BaseAction|> 
<|java+class:///net/sourceforge/squirrel_sql/fw/gui/TablePopupMenu/CopyHtmlAction|,|java+class:///net/sourceforge/squirrel_sql/fw/gui/action/BaseAction|> 
<|java+class:///net/sourceforge/squirrel_sql/fw/gui/TablePopupMenu/CopyInStatementAction|,|java+class:///net/sourceforge/squirrel_sql/fw/gui/action/BaseAction|> 
<|java+class:///net/sourceforge/squirrel_sql/fw/gui/TablePopupMenu/CopyInsertStatementAction|,|java+class:///net/sourceforge/squirrel_sql/fw/gui/action/BaseAction|> 
<|java+class:///net/sourceforge/squirrel_sql/fw/gui/TablePopupMenu/CopyUpdateStatementAction|,|java+class:///net/sourceforge/squirrel_sql/fw/gui/action/BaseAction|> 
<|java+class:///net/sourceforge/squirrel_sql/fw/gui/TablePopupMenu/CopyWhereStatementAction|,|java+class:///net/sourceforge/squirrel_sql/fw/gui/action/BaseAction|> 
<|java+class:///net/sourceforge/squirrel_sql/fw/gui/TablePopupMenu/CopyWithHeadersAction|,|java+class:///net/sourceforge/squirrel_sql/fw/gui/action/BaseAction|> 
<|java+class:///net/sourceforge/squirrel_sql/fw/gui/TablePopupMenu/DeleteRowsAction|,|java+class:///net/sourceforge/squirrel_sql/fw/gui/action/BaseAction|> 
<|java+class:///net/sourceforge/squirrel_sql/fw/gui/TablePopupMenu/ExportCsvAction|,|java+class:///net/sourceforge/squirrel_sql/fw/gui/action/BaseAction|> 
<|java+class:///net/sourceforge/squirrel_sql/fw/gui/TablePopupMenu/InsertRowAction|,|java+class:///net/sourceforge/squirrel_sql/fw/gui/action/BaseAction|> 
<|java+class:///net/sourceforge/squirrel_sql/fw/gui/TablePopupMenu/MakeEditableAction|,|java+class:///net/sourceforge/squirrel_sql/fw/gui/action/BaseAction|> 
<|java+class:///net/sourceforge/squirrel_sql/fw/gui/TablePopupMenu/PrintAction|,|java+class:///net/sourceforge/squirrel_sql/fw/gui/action/BaseAction|> 
<|java+class:///net/sourceforge/squirrel_sql/fw/gui/TablePopupMenu/SelectAllAction|,|java+class:///net/sourceforge/squirrel_sql/fw/gui/action/BaseAction|> 
<|java+class:///net/sourceforge/squirrel_sql/fw/gui/TablePopupMenu/ShowRowNumbersAction|,|java+class:///net/sourceforge/squirrel_sql/fw/gui/action/BaseAction|> 
<|java+class:///net/sourceforge/squirrel_sql/fw/gui/TablePopupMenu/UndoMakeEditableAction|,|java+class:///net/sourceforge/squirrel_sql/fw/gui/action/BaseAction|> 
<|java+class:///net/sourceforge/squirrel_sql/fw/gui/TextPopupMenu|,|java+class:///net/sourceforge/squirrel_sql/fw/gui/BasePopupMenu|> 
<|java+class:///net/sourceforge/squirrel_sql/fw/gui/TextPopupMenu/CopyAction|,|java+class:///net/sourceforge/squirrel_sql/fw/gui/action/BaseAction|> 
<|java+class:///net/sourceforge/squirrel_sql/fw/gui/TextPopupMenu/CutAction|,|java+class:///net/sourceforge/squirrel_sql/fw/gui/action/BaseAction|> 
<|java+class:///net/sourceforge/squirrel_sql/fw/gui/TextPopupMenu/PasteAction|,|java+class:///net/sourceforge/squirrel_sql/fw/gui/action/BaseAction|> 
<|java+class:///net/sourceforge/squirrel_sql/fw/gui/TextPopupMenu/SelectAllAction|,|java+class:///net/sourceforge/squirrel_sql/fw/gui/action/BaseAction|> 
<|java+class:///net/sourceforge/squirrel_sql/fw/sql/DataTypeInfo|,|java+class:///net/sourceforge/squirrel_sql/fw/sql/DatabaseObjectInfo|> 
<|java+class:///net/sourceforge/squirrel_sql/fw/sql/ForeignKeyInfo|,|java+class:///net/sourceforge/squirrel_sql/fw/sql/DatabaseObjectInfo|> 
<|java+class:///net/sourceforge/squirrel_sql/fw/sql/ForeignKeyInfoBeanInfo|,|java+class:///net/sourceforge/squirrel_sql/fw/sql/DatabaseObjectInfoBeanInfo|> 
<|java+class:///net/sourceforge/squirrel_sql/fw/sql/IndexInfo|,|java+class:///net/sourceforge/squirrel_sql/fw/sql/DatabaseObjectInfo|> 
<|java+class:///net/sourceforge/squirrel_sql/fw/sql/PrimaryKeyInfo|,|java+class:///net/sourceforge/squirrel_sql/fw/sql/DatabaseObjectInfo|> 
<|java+class:///net/sourceforge/squirrel_sql/fw/sql/ProcedureInfo|,|java+class:///net/sourceforge/squirrel_sql/fw/sql/DatabaseObjectInfo|> 
<|java+class:///net/sourceforge/squirrel_sql/fw/sql/SQLDriverClassLoader|,|java+class:///net/sourceforge/squirrel_sql/fw/util/MyURLClassLoader|> 
<|java+class:///net/sourceforge/squirrel_sql/fw/sql/TableColumnInfo|,|java+class:///net/sourceforge/squirrel_sql/fw/sql/DatabaseObjectInfo|> 
<|java+class:///net/sourceforge/squirrel_sql/fw/sql/TableInfo|,|java+class:///net/sourceforge/squirrel_sql/fw/sql/DatabaseObjectInfo|> 
<|java+class:///net/sourceforge/squirrel_sql/fw/sql/UDTInfo|,|java+class:///net/sourceforge/squirrel_sql/fw/sql/DatabaseObjectInfo|> 
<|java+class:///net/sourceforge/squirrel_sql/fw/sql/dbobj/BestRowIdentifier|,|java+class:///net/sourceforge/squirrel_sql/fw/sql/DatabaseObjectInfo|> 
<|java+class:///net/sourceforge/squirrel_sql/fw/sql/dbobj/adapter/BestRowIdentifierAdapterBeanInfo|,|java+class:///net/sourceforge/squirrel_sql/fw/sql/DatabaseObjectInfoBeanInfo|> 

DOWNCALL TOTAL: 29 
<|java+class:///net/sourceforge/squirrel_sql/fw/datasetviewer/DataSetListModel|,|java+class:///net/sourceforge/squirrel_sql/fw/datasetviewer/BaseDataSetViewerDestination|> 
<|java+class:///net/sourceforge/squirrel_sql/fw/datasetviewer/DataSetViewerPropertyPanel|,|java+class:///net/sourceforge/squirrel_sql/fw/datasetviewer/BaseDataSetViewerDestination|> 
<|java+class:///net/sourceforge/squirrel_sql/fw/datasetviewer/DataSetViewerTablePanel|,|java+class:///net/sourceforge/squirrel_sql/fw/datasetviewer/BaseDataSetViewerDestination|> 
<|java+class:///net/sourceforge/squirrel_sql/fw/datasetviewer/DataSetViewerTextFileDestination|,|java+class:///net/sourceforge/squirrel_sql/fw/datasetviewer/BaseDataSetViewerDestination|> 
<|java+class:///net/sourceforge/squirrel_sql/fw/datasetviewer/DataSetViewerTextPanel|,|java+class:///net/sourceforge/squirrel_sql/fw/datasetviewer/BaseDataSetViewerDestination|> 
<|java+class:///net/sourceforge/squirrel_sql/fw/dialects/AxionDialectExt|,|java+class:///net/sourceforge/squirrel_sql/fw/dialects/CommonHibernateDialect|> 
<|java+class:///net/sourceforge/squirrel_sql/fw/dialects/DB2DialectExt|,|java+class:///net/sourceforge/squirrel_sql/fw/dialects/CommonHibernateDialect|> 
<|java+class:///net/sourceforge/squirrel_sql/fw/dialects/DaffodilDialectExt|,|java+class:///net/sourceforge/squirrel_sql/fw/dialects/CommonHibernateDialect|> 
<|java+class:///net/sourceforge/squirrel_sql/fw/dialects/DerbyDialectExt|,|java+class:///net/sourceforge/squirrel_sql/fw/dialects/DB2DialectExt|> 
<|java+class:///net/sourceforge/squirrel_sql/fw/dialects/FirebirdDialectExt|,|java+class:///net/sourceforge/squirrel_sql/fw/dialects/CommonHibernateDialect|> 
<|java+class:///net/sourceforge/squirrel_sql/fw/dialects/FrontBaseDialectExt|,|java+class:///net/sourceforge/squirrel_sql/fw/dialects/CommonHibernateDialect|> 
<|java+class:///net/sourceforge/squirrel_sql/fw/dialects/GenericDialectExt|,|java+class:///net/sourceforge/squirrel_sql/fw/dialects/CommonHibernateDialect|> 
<|java+class:///net/sourceforge/squirrel_sql/fw/dialects/H2DialectExt|,|java+class:///net/sourceforge/squirrel_sql/fw/dialects/CommonHibernateDialect|> 
<|java+class:///net/sourceforge/squirrel_sql/fw/dialects/HADBDialectExt|,|java+class:///net/sourceforge/squirrel_sql/fw/dialects/CommonHibernateDialect|> 
<|java+class:///net/sourceforge/squirrel_sql/fw/dialects/HSQLDialectExt|,|java+class:///net/sourceforge/squirrel_sql/fw/dialects/CommonHibernateDialect|> 
<|java+class:///net/sourceforge/squirrel_sql/fw/dialects/InformixDialectExt|,|java+class:///net/sourceforge/squirrel_sql/fw/dialects/CommonHibernateDialect|> 
<|java+class:///net/sourceforge/squirrel_sql/fw/dialects/IngresDialectExt|,|java+class:///net/sourceforge/squirrel_sql/fw/dialects/CommonHibernateDialect|> 
<|java+class:///net/sourceforge/squirrel_sql/fw/dialects/InterbaseDialectExt|,|java+class:///net/sourceforge/squirrel_sql/fw/dialects/CommonHibernateDialect|> 
<|java+class:///net/sourceforge/squirrel_sql/fw/dialects/IntersystemsCacheDialectExt|,|java+class:///net/sourceforge/squirrel_sql/fw/dialects/CommonHibernateDialect|> 
<|java+class:///net/sourceforge/squirrel_sql/fw/dialects/MAXDBDialectExt|,|java+class:///net/sourceforge/squirrel_sql/fw/dialects/CommonHibernateDialect|> 
<|java+class:///net/sourceforge/squirrel_sql/fw/dialects/McKoiDialectExt|,|java+class:///net/sourceforge/squirrel_sql/fw/dialects/CommonHibernateDialect|> 
<|java+class:///net/sourceforge/squirrel_sql/fw/dialects/MySQLDialectExt|,|java+class:///net/sourceforge/squirrel_sql/fw/dialects/CommonHibernateDialect|> 
<|java+class:///net/sourceforge/squirrel_sql/fw/dialects/NetezzaDialextExt|,|java+class:///net/sourceforge/squirrel_sql/fw/dialects/CommonHibernateDialect|> 
<|java+class:///net/sourceforge/squirrel_sql/fw/dialects/OracleDialectExt|,|java+class:///net/sourceforge/squirrel_sql/fw/dialects/CommonHibernateDialect|> 
<|java+class:///net/sourceforge/squirrel_sql/fw/dialects/PointbaseDialectExt|,|java+class:///net/sourceforge/squirrel_sql/fw/dialects/CommonHibernateDialect|> 
<|java+class:///net/sourceforge/squirrel_sql/fw/dialects/PostgreSQLDialectExt|,|java+class:///net/sourceforge/squirrel_sql/fw/dialects/CommonHibernateDialect|> 
<|java+class:///net/sourceforge/squirrel_sql/fw/dialects/ProgressDialectExt|,|java+class:///net/sourceforge/squirrel_sql/fw/dialects/CommonHibernateDialect|> 
<|java+class:///net/sourceforge/squirrel_sql/fw/dialects/SybaseDialectExt|,|java+class:///net/sourceforge/squirrel_sql/fw/dialects/CommonHibernateDialect|> 
<|java+class:///net/sourceforge/squirrel_sql/fw/dialects/TimesTenDialectExt|,|java+class:///net/sourceforge/squirrel_sql/fw/dialects/CommonHibernateDialect|> 




INTERNAL REUSE TOTAL: 0 

EXTERNAL REUSE TOTAL: 2 
<|java+class:///net/sourceforge/squirrel_sql/fw/sql/DatabaseObjectInfo|,|java+interface:///net/sourceforge/squirrel_sql/fw/sql/IDatabaseObjectInfo|> 
<|java+class:///net/sourceforge/squirrel_sql/fw/util/TaskThreadPool/MyCallback|,|java+interface:///net/sourceforge/squirrel_sql/fw/util/ITaskThreadPoolCallback|> 

SUBTYPE TOTAL: 64 
<|java+class:///net/sourceforge/squirrel_sql/fw/datasetviewer/BaseDataSetViewerDestination|,|java+interface:///net/sourceforge/squirrel_sql/fw/datasetviewer/IDataSetViewer|> 
<|java+class:///net/sourceforge/squirrel_sql/fw/datasetviewer/DataSetListModel|,|java+interface:///net/sourceforge/squirrel_sql/fw/datasetviewer/IDataSetModel|> 
<|java+class:///net/sourceforge/squirrel_sql/fw/datasetviewer/DataSetViewerTablePanel|,|java+interface:///net/sourceforge/squirrel_sql/fw/datasetviewer/IDataSetTableControls|> 
<|java+class:///net/sourceforge/squirrel_sql/fw/datasetviewer/DatabaseTypesDataSet|,|java+interface:///net/sourceforge/squirrel_sql/fw/datasetviewer/IDataSet|> 
<|java+class:///net/sourceforge/squirrel_sql/fw/datasetviewer/ResultSetDataSet|,|java+interface:///net/sourceforge/squirrel_sql/fw/datasetviewer/IDataSet|> 
<|java+class:///net/sourceforge/squirrel_sql/fw/datasetviewer/cellcomponent/DataTypeBigDecimal|,|java+interface:///net/sourceforge/squirrel_sql/fw/datasetviewer/cellcomponent/IDataTypeComponent|> 
<|java+class:///net/sourceforge/squirrel_sql/fw/datasetviewer/cellcomponent/DataTypeBinary|,|java+interface:///net/sourceforge/squirrel_sql/fw/datasetviewer/cellcomponent/IDataTypeComponent|> 
<|java+class:///net/sourceforge/squirrel_sql/fw/datasetviewer/cellcomponent/DataTypeBlob|,|java+interface:///net/sourceforge/squirrel_sql/fw/datasetviewer/cellcomponent/IDataTypeComponent|> 
<|java+class:///net/sourceforge/squirrel_sql/fw/datasetviewer/cellcomponent/DataTypeBoolean|,|java+interface:///net/sourceforge/squirrel_sql/fw/datasetviewer/cellcomponent/IDataTypeComponent|> 
<|java+class:///net/sourceforge/squirrel_sql/fw/datasetviewer/cellcomponent/DataTypeByte|,|java+interface:///net/sourceforge/squirrel_sql/fw/datasetviewer/cellcomponent/IDataTypeComponent|> 
<|java+class:///net/sourceforge/squirrel_sql/fw/datasetviewer/cellcomponent/DataTypeClob|,|java+interface:///net/sourceforge/squirrel_sql/fw/datasetviewer/cellcomponent/IDataTypeComponent|> 
<|java+class:///net/sourceforge/squirrel_sql/fw/datasetviewer/cellcomponent/DataTypeDate|,|java+interface:///net/sourceforge/squirrel_sql/fw/datasetviewer/cellcomponent/IDataTypeComponent|> 
<|java+class:///net/sourceforge/squirrel_sql/fw/datasetviewer/cellcomponent/DataTypeDouble|,|java+interface:///net/sourceforge/squirrel_sql/fw/datasetviewer/cellcomponent/IDataTypeComponent|> 
<|java+class:///net/sourceforge/squirrel_sql/fw/datasetviewer/cellcomponent/DataTypeFloat|,|java+interface:///net/sourceforge/squirrel_sql/fw/datasetviewer/cellcomponent/IDataTypeComponent|> 
<|java+class:///net/sourceforge/squirrel_sql/fw/datasetviewer/cellcomponent/DataTypeInteger|,|java+interface:///net/sourceforge/squirrel_sql/fw/datasetviewer/cellcomponent/IDataTypeComponent|> 
<|java+class:///net/sourceforge/squirrel_sql/fw/datasetviewer/cellcomponent/DataTypeJavaObject|,|java+interface:///net/sourceforge/squirrel_sql/fw/datasetviewer/cellcomponent/IDataTypeComponent|> 
<|java+class:///net/sourceforge/squirrel_sql/fw/datasetviewer/cellcomponent/DataTypeLong|,|java+interface:///net/sourceforge/squirrel_sql/fw/datasetviewer/cellcomponent/IDataTypeComponent|> 
<|java+class:///net/sourceforge/squirrel_sql/fw/datasetviewer/cellcomponent/DataTypeOther|,|java+interface:///net/sourceforge/squirrel_sql/fw/datasetviewer/cellcomponent/IDataTypeComponent|> 
<|java+class:///net/sourceforge/squirrel_sql/fw/datasetviewer/cellcomponent/DataTypeShort|,|java+interface:///net/sourceforge/squirrel_sql/fw/datasetviewer/cellcomponent/IDataTypeComponent|> 
<|java+class:///net/sourceforge/squirrel_sql/fw/datasetviewer/cellcomponent/DataTypeString|,|java+interface:///net/sourceforge/squirrel_sql/fw/datasetviewer/cellcomponent/IDataTypeComponent|> 
<|java+class:///net/sourceforge/squirrel_sql/fw/datasetviewer/cellcomponent/DataTypeTime|,|java+interface:///net/sourceforge/squirrel_sql/fw/datasetviewer/cellcomponent/IDataTypeComponent|> 
<|java+class:///net/sourceforge/squirrel_sql/fw/datasetviewer/cellcomponent/DataTypeTimestamp|,|java+interface:///net/sourceforge/squirrel_sql/fw/datasetviewer/cellcomponent/IDataTypeComponent|> 
<|java+class:///net/sourceforge/squirrel_sql/fw/datasetviewer/cellcomponent/DataTypeUnknown|,|java+interface:///net/sourceforge/squirrel_sql/fw/datasetviewer/cellcomponent/IDataTypeComponent|> 
<|java+class:///net/sourceforge/squirrel_sql/fw/datasetviewer/cellcomponent/RestorableJTextArea|,|java+interface:///net/sourceforge/squirrel_sql/fw/datasetviewer/cellcomponent/IRestorableTextComponent|> 
<|java+class:///net/sourceforge/squirrel_sql/fw/datasetviewer/cellcomponent/RestorableJTextField|,|java+interface:///net/sourceforge/squirrel_sql/fw/datasetviewer/cellcomponent/IRestorableTextComponent|> 
<|java+class:///net/sourceforge/squirrel_sql/fw/datasetviewer/cellcomponent/ToolkitBeepHelper|,|java+interface:///net/sourceforge/squirrel_sql/fw/datasetviewer/cellcomponent/IToolkitBeepHelper|> 
<|java+class:///net/sourceforge/squirrel_sql/fw/dialects/AxionDialectExt|,|java+interface:///net/sourceforge/squirrel_sql/fw/dialects/HibernateDialect|> 
<|java+class:///net/sourceforge/squirrel_sql/fw/dialects/CommonHibernateDialect|,|java+interface:///net/sourceforge/squirrel_sql/fw/dialects/HibernateDialect|> 
<|java+class:///net/sourceforge/squirrel_sql/fw/dialects/DB2DialectExt|,|java+interface:///net/sourceforge/squirrel_sql/fw/dialects/HibernateDialect|> 
<|java+class:///net/sourceforge/squirrel_sql/fw/dialects/DaffodilDialectExt|,|java+interface:///net/sourceforge/squirrel_sql/fw/dialects/HibernateDialect|> 
<|java+class:///net/sourceforge/squirrel_sql/fw/dialects/DerbyDialectExt|,|java+interface:///net/sourceforge/squirrel_sql/fw/dialects/HibernateDialect|> 
<|java+class:///net/sourceforge/squirrel_sql/fw/dialects/FirebirdDialectExt|,|java+interface:///net/sourceforge/squirrel_sql/fw/dialects/HibernateDialect|> 
<|java+class:///net/sourceforge/squirrel_sql/fw/dialects/FrontBaseDialectExt|,|java+interface:///net/sourceforge/squirrel_sql/fw/dialects/HibernateDialect|> 
<|java+class:///net/sourceforge/squirrel_sql/fw/dialects/H2DialectExt|,|java+interface:///net/sourceforge/squirrel_sql/fw/dialects/HibernateDialect|> 
<|java+class:///net/sourceforge/squirrel_sql/fw/dialects/HADBDialectExt|,|java+interface:///net/sourceforge/squirrel_sql/fw/dialects/HibernateDialect|> 
<|java+class:///net/sourceforge/squirrel_sql/fw/dialects/HSQLDialectExt|,|java+interface:///net/sourceforge/squirrel_sql/fw/dialects/HibernateDialect|> 
<|java+class:///net/sourceforge/squirrel_sql/fw/dialects/InformixDialectExt|,|java+interface:///net/sourceforge/squirrel_sql/fw/dialects/HibernateDialect|> 
<|java+class:///net/sourceforge/squirrel_sql/fw/dialects/IngresDialectExt|,|java+interface:///net/sourceforge/squirrel_sql/fw/dialects/HibernateDialect|> 
<|java+class:///net/sourceforge/squirrel_sql/fw/dialects/InterbaseDialectExt|,|java+interface:///net/sourceforge/squirrel_sql/fw/dialects/HibernateDialect|> 
<|java+class:///net/sourceforge/squirrel_sql/fw/dialects/MAXDBDialectExt|,|java+interface:///net/sourceforge/squirrel_sql/fw/dialects/HibernateDialect|> 
<|java+class:///net/sourceforge/squirrel_sql/fw/dialects/McKoiDialectExt|,|java+interface:///net/sourceforge/squirrel_sql/fw/dialects/HibernateDialect|> 
<|java+class:///net/sourceforge/squirrel_sql/fw/dialects/MySQLDialectExt|,|java+interface:///net/sourceforge/squirrel_sql/fw/dialects/HibernateDialect|> 
<|java+class:///net/sourceforge/squirrel_sql/fw/dialects/OracleDialectExt|,|java+interface:///net/sourceforge/squirrel_sql/fw/dialects/HibernateDialect|> 
<|java+class:///net/sourceforge/squirrel_sql/fw/dialects/PointbaseDialectExt|,|java+interface:///net/sourceforge/squirrel_sql/fw/dialects/HibernateDialect|> 
<|java+class:///net/sourceforge/squirrel_sql/fw/dialects/PostgreSQLDialectExt|,|java+interface:///net/sourceforge/squirrel_sql/fw/dialects/HibernateDialect|> 
<|java+class:///net/sourceforge/squirrel_sql/fw/dialects/ProgressDialectExt|,|java+interface:///net/sourceforge/squirrel_sql/fw/dialects/HibernateDialect|> 
<|java+class:///net/sourceforge/squirrel_sql/fw/dialects/SQLServerDialectExt|,|java+interface:///net/sourceforge/squirrel_sql/fw/dialects/HibernateDialect|> 
<|java+class:///net/sourceforge/squirrel_sql/fw/dialects/SybaseDialectExt|,|java+interface:///net/sourceforge/squirrel_sql/fw/dialects/HibernateDialect|> 
<|java+class:///net/sourceforge/squirrel_sql/fw/dialects/TimesTenDialectExt|,|java+interface:///net/sourceforge/squirrel_sql/fw/dialects/HibernateDialect|> 
<|java+class:///net/sourceforge/squirrel_sql/fw/gui/DefaultFileListBoxModel|,|java+interface:///net/sourceforge/squirrel_sql/fw/gui/IFileListBoxModel|> 
<|java+class:///net/sourceforge/squirrel_sql/fw/gui/DialogUtils|,|java+interface:///net/sourceforge/squirrel_sql/fw/gui/IDialogUtils|> 
<|java+class:///net/sourceforge/squirrel_sql/fw/id/IntegerIdentifier|,|java+interface:///net/sourceforge/squirrel_sql/fw/id/IIdentifier|> 
<|java+class:///net/sourceforge/squirrel_sql/fw/id/UidIdentifier|,|java+interface:///net/sourceforge/squirrel_sql/fw/id/IIdentifier|> 
<|java+class:///net/sourceforge/squirrel_sql/fw/sql/MetaDataDataSet|,|java+interface:///net/sourceforge/squirrel_sql/fw/datasetviewer/IDataSet|> 
<|java+class:///net/sourceforge/squirrel_sql/fw/sql/QueryTokenizer|,|java+interface:///net/sourceforge/squirrel_sql/fw/sql/IQueryTokenizer|> 
<|java+class:///net/sourceforge/squirrel_sql/fw/sql/SQLConnection|,|java+interface:///net/sourceforge/squirrel_sql/fw/sql/ISQLConnection|> 
<|java+class:///net/sourceforge/squirrel_sql/fw/sql/SQLDatabaseMetaData|,|java+interface:///net/sourceforge/squirrel_sql/fw/sql/ISQLDatabaseMetaData|> 
<|java+class:///net/sourceforge/squirrel_sql/fw/sql/TableInfo|,|java+interface:///net/sourceforge/squirrel_sql/fw/sql/ITableInfo|> 
<|java+class:///net/sourceforge/squirrel_sql/fw/util/FileWrapperImpl|,|java+interface:///net/sourceforge/squirrel_sql/fw/util/FileWrapper|> 
<|java+class:///net/sourceforge/squirrel_sql/fw/util/IOUtilitiesImpl|,|java+interface:///net/sourceforge/squirrel_sql/fw/util/IOUtilities|> 
<|java+class:///net/sourceforge/squirrel_sql/fw/util/NullMessageHandler|,|java+interface:///net/sourceforge/squirrel_sql/fw/util/IMessageHandler|> 
<|java+class:///net/sourceforge/squirrel_sql/fw/util/TaskThreadPool/MyCallback|,|java+interface:///net/sourceforge/squirrel_sql/fw/util/ITaskThreadPoolCallback|> 
<|java+class:///net/sourceforge/squirrel_sql/fw/util/log/Log4jLogger|,|java+interface:///net/sourceforge/squirrel_sql/fw/util/log/ILogger|> 
<|java+class:///net/sourceforge/squirrel_sql/fw/util/log/Log4jLoggerFactory|,|java+interface:///net/sourceforge/squirrel_sql/fw/util/log/ILoggerFactory|> 

DOWNCALL ACTUAL TOTAL: 0 

DOWNCALL CANDIDATE TOTAL: 0 

CONSTANT TOTAL: 5 
<|java+class:///net/sourceforge/squirrel_sql/fw/dialects/CommonHibernateDialect|,|java+interface:///net/sourceforge/squirrel_sql/fw/dialects/StringTemplateConstants|> 
<|java+class:///net/sourceforge/squirrel_sql/fw/dialects/DialectUtils|,|java+interface:///net/sourceforge/squirrel_sql/fw/dialects/StringTemplateConstants|> 
<|java+class:///net/sourceforge/squirrel_sql/fw/sql/ForeignKeyInfoBeanInfo|,|java+interface:///net/sourceforge/squirrel_sql/fw/sql/ForeignKeyInfo/IPropertyNames|> 
<|java+class:///net/sourceforge/squirrel_sql/fw/sql/SQLDriverPropertyBeanInfo|,|java+interface:///net/sourceforge/squirrel_sql/fw/sql/SQLDriverProperty/IPropertyNames|> 
<|java+class:///net/sourceforge/squirrel_sql/fw/sql/dbobj/adapter/BestRowIdentifierAdapterBeanInfo|,|java+interface:///net/sourceforge/squirrel_sql/fw/sql/dbobj/adapter/BestRowIdentifierAdapter/IPropertyNames|> 

MARKER TOTAL: 0 

SUPER TOTAL: 0 

GENERIC TOTAL: 2 
<|java+class:///net/sourceforge/squirrel_sql/fw/gui/WindowState|,|java+interface:///net/sourceforge/squirrel_sql/fw/xml/IXMLAboutToBeWritten|> 
<|java+class:///net/sourceforge/squirrel_sql/fw/sql/SQLDriver|,|java+interface:///net/sourceforge/squirrel_sql/fw/sql/ISQLDriver|> 

CATEGORY TOTAL: 12 
<|java+class:///net/sourceforge/squirrel_sql/fw/datasetviewer/EmptyDataSet|,|java+interface:///net/sourceforge/squirrel_sql/fw/datasetviewer/IDataSet|> 
<|java+class:///net/sourceforge/squirrel_sql/fw/datasetviewer/FilterDataSet|,|java+interface:///net/sourceforge/squirrel_sql/fw/datasetviewer/IDataSet|> 
<|java+class:///net/sourceforge/squirrel_sql/fw/datasetviewer/HashtableDataSet|,|java+interface:///net/sourceforge/squirrel_sql/fw/datasetviewer/IDataSet|> 
<|java+class:///net/sourceforge/squirrel_sql/fw/datasetviewer/JavabeanArrayDataSet|,|java+interface:///net/sourceforge/squirrel_sql/fw/datasetviewer/IDataSet|> 
<|java+class:///net/sourceforge/squirrel_sql/fw/datasetviewer/JavabeanDataSet|,|java+interface:///net/sourceforge/squirrel_sql/fw/datasetviewer/IDataSet|> 
<|java+class:///net/sourceforge/squirrel_sql/fw/datasetviewer/MapDataSet|,|java+interface:///net/sourceforge/squirrel_sql/fw/datasetviewer/IDataSet|> 
<|java+class:///net/sourceforge/squirrel_sql/fw/datasetviewer/ObjectArrayDataSet|,|java+interface:///net/sourceforge/squirrel_sql/fw/datasetviewer/IDataSet|> 
<|java+class:///net/sourceforge/squirrel_sql/fw/datasetviewer/ResultSetMetaDataDataSet|,|java+interface:///net/sourceforge/squirrel_sql/fw/datasetviewer/IDataSet|> 
<|java+class:///net/sourceforge/squirrel_sql/fw/datasetviewer/cellcomponent/BaseDataTypeComponent|,|java+interface:///net/sourceforge/squirrel_sql/fw/datasetviewer/cellcomponent/IDataTypeComponent|> 
<|java+class:///net/sourceforge/squirrel_sql/fw/sql/MetaDataListDataSet|,|java+interface:///net/sourceforge/squirrel_sql/fw/datasetviewer/IDataSet|> 
<|java+class:///net/sourceforge/squirrel_sql/fw/sql/TableInfoDataSet|,|java+interface:///net/sourceforge/squirrel_sql/fw/datasetviewer/IDataSet|> 
<|java+class:///net/sourceforge/squirrel_sql/fw/util/ListMessageHandler|,|java+interface:///net/sourceforge/squirrel_sql/fw/util/IMessageHandler|> 

FRAMEWORK TOTAL: 7 
<|java+class:///net/sourceforge/squirrel_sql/fw/gui/DefaultFileListBoxModel|,|java+interface:///net/sourceforge/squirrel_sql/fw/gui/IFileListBoxModel|> 
<|java+class:///net/sourceforge/squirrel_sql/fw/id/IntegerIdentifier|,|java+interface:///net/sourceforge/squirrel_sql/fw/id/IIdentifier|> 
<|java+class:///net/sourceforge/squirrel_sql/fw/id/UidIdentifier|,|java+interface:///net/sourceforge/squirrel_sql/fw/id/IIdentifier|> 
<|java+class:///net/sourceforge/squirrel_sql/fw/sql/DatabaseObjectInfo|,|java+interface:///net/sourceforge/squirrel_sql/fw/sql/IDatabaseObjectInfo|> 
<|java+class:///net/sourceforge/squirrel_sql/fw/sql/ProcedureInfo|,|java+interface:///net/sourceforge/squirrel_sql/fw/sql/IProcedureInfo|> 
<|java+class:///net/sourceforge/squirrel_sql/fw/sql/SQLDriver|,|java+interface:///net/sourceforge/squirrel_sql/fw/sql/ISQLDriver|> 
<|java+class:///net/sourceforge/squirrel_sql/fw/sql/TableInfo|,|java+interface:///net/sourceforge/squirrel_sql/fw/sql/ITableInfo|> 

DOWNCALL TOTAL: 0 




INTERNAL REUSE TOTAL: 0 

EXTERNAL REUSE TOTAL: 5 
<|java+interface:///net/sourceforge/squirrel_sql/fw/sql/IProcedureInfo|,|java+interface:///net/sourceforge/squirrel_sql/fw/sql/IDatabaseObjectInfo|> 
<|java+interface:///net/sourceforge/squirrel_sql/fw/sql/ITableInfo|,|java+interface:///net/sourceforge/squirrel_sql/fw/sql/IDatabaseObjectInfo|> 
<|java+interface:///net/sourceforge/squirrel_sql/fw/sql/SQLDriverBeanInfo/IPropertyNames|,|java+interface:///net/sourceforge/squirrel_sql/fw/sql/ISQLDriver/IPropertyNames|> 
<|java+interface:///net/sourceforge/squirrel_sql/fw/sql/SQLDriverPropertyCollectionBeanInfo/IPropNames|,|java+interface:///net/sourceforge/squirrel_sql/fw/sql/SQLDriverPropertyCollection/IPropertyNames|> 
<|java+interface:///net/sourceforge/squirrel_sql/fw/util/Resources/MenuItemProperties|,|java+interface:///net/sourceforge/squirrel_sql/fw/util/Resources/MenuProperties|> 

SUBTYPE TOTAL: 2 
<|java+interface:///net/sourceforge/squirrel_sql/fw/datasetviewer/IDataSetModel|,|java+interface:///net/sourceforge/squirrel_sql/fw/datasetviewer/IDataSetViewer|> 
<|java+interface:///net/sourceforge/squirrel_sql/fw/datasetviewer/IDataSetUpdateableTableModel|,|java+interface:///net/sourceforge/squirrel_sql/fw/datasetviewer/IDataSetUpdateableModel|> 

DOWNCALL ACTUAL TOTAL: 0 

DOWNCALL CANDIDATE TOTAL: 0 

CONSTANT TOTAL: 4 
<|java+interface:///net/sourceforge/squirrel_sql/fw/dialects/HibernateDialect|,|java+interface:///net/sourceforge/squirrel_sql/fw/dialects/StringTemplateConstants|> 
<|java+interface:///net/sourceforge/squirrel_sql/fw/sql/SQLDriverBeanInfo/IPropertyNames|,|java+interface:///net/sourceforge/squirrel_sql/fw/sql/ISQLDriver/IPropertyNames|> 
<|java+interface:///net/sourceforge/squirrel_sql/fw/sql/SQLDriverPropertyCollectionBeanInfo/IPropNames|,|java+interface:///net/sourceforge/squirrel_sql/fw/sql/SQLDriverPropertyCollection/IPropertyNames|> 
<|java+interface:///net/sourceforge/squirrel_sql/fw/util/Resources/MenuItemProperties|,|java+interface:///net/sourceforge/squirrel_sql/fw/util/Resources/MenuProperties|> 

MARKER TOTAL: 0 

SUPER TOTAL: 0 

GENERIC TOTAL: 0 

CATEGORY TOTAL: 0 

FRAMEWORK TOTAL: 3 
<|java+interface:///net/sourceforge/squirrel_sql/fw/sql/IProcedureInfo|,|java+interface:///net/sourceforge/squirrel_sql/fw/sql/IDatabaseObjectInfo|> 
<|java+interface:///net/sourceforge/squirrel_sql/fw/sql/ITableInfo|,|java+interface:///net/sourceforge/squirrel_sql/fw/sql/IDatabaseObjectInfo|> 
<|java+interface:///net/sourceforge/squirrel_sql/fw/sql/IUDTInfo|,|java+interface:///net/sourceforge/squirrel_sql/fw/sql/IDatabaseObjectInfo|> 

DOWNCALL TOTAL: 0 




