[
  <<|java+class:///net/sourceforge/squirrel_sql/fw/gui/action/BaseAction|,|java+class:///javax/swing/AbstractAction|>,|project://squirrel/src/net/sourceforge/squirrel_sql/fw/gui/action/BaseAction.java|(1637,13,<56,2>,<56,15>)>,
  <<|java+class:///net/sourceforge/squirrel_sql/fw/gui/action/BaseAction|,|java+class:///javax/swing/AbstractAction|>,|project://squirrel/src/net/sourceforge/squirrel_sql/fw/gui/action/BaseAction.java|(1839,19,<67,2>,<67,21>)>,
  <<|java+class:///net/sourceforge/squirrel_sql/fw/gui/action/BaseAction|,|java+class:///javax/swing/AbstractAction|>,|project://squirrel/src/net/sourceforge/squirrel_sql/fw/gui/action/BaseAction.java|(1498,8,<46,2>,<46,10>)>,
  <<|java+class:///net/sourceforge/squirrel_sql/fw/sql/SQLDriverClassLoader|,|java+class:///net/sourceforge/squirrel_sql/fw/util/MyURLClassLoader|>,|project://squirrel/src/net/sourceforge/squirrel_sql/fw/sql/SQLDriverClassLoader.java|(1550,68,<41,2>,<41,70>)>,
  <<|java+class:///net/sourceforge/squirrel_sql/fw/sql/SQLDriverClassLoader|,|java+class:///net/sourceforge/squirrel_sql/fw/util/MyURLClassLoader|>,|project://squirrel/src/net/sourceforge/squirrel_sql/fw/sql/SQLDriverClassLoader.java|(1669,12,<46,2>,<46,14>)>,
  <<|java+class:///net/sourceforge/squirrel_sql/fw/sql/SQLDriverClassLoader|,|java+class:///net/sourceforge/squirrel_sql/fw/util/MyURLClassLoader|>,|project://squirrel/src/net/sourceforge/squirrel_sql/fw/sql/SQLDriverClassLoader.java|(1729,11,<51,2>,<51,13>)>,
  <<|java+class:///net/sourceforge/squirrel_sql/fw/datasetviewer/cellcomponent/CellComponentFactory/CellRenderer|,|java+class:///javax/swing/table/DefaultTableCellRenderer|>,|project://squirrel/src/net/sourceforge/squirrel_sql/fw/datasetviewer/cellcomponent/CellComponentFactory.java|(9476,8,<244,3>,<244,11>)>,
  <<|java+class:///net/sourceforge/squirrel_sql/fw/datasetviewer/JavabeanArrayDataSet|,|java+project:///|>,|project://squirrel/src/net/sourceforge/squirrel_sql/fw/datasetviewer/JavabeanArrayDataSet.java|(1908,8,<54,2>,<54,10>)>,
  <<|java+class:///net/sourceforge/squirrel_sql/fw/gui/action/TableExportCsvDlg|,|java+class:///javax/swing/JDialog|>,|project://squirrel/src/net/sourceforge/squirrel_sql/fw/gui/action/TableExportCsvDlg.java|(1945,37,<76,6>,<76,43>)>,
  <<|java+class:///net/sourceforge/squirrel_sql/fw/util/ObjectCache|,|java+project:///|>,|project://squirrel/src/net/sourceforge/squirrel_sql/fw/util/ObjectCache.java|(1663,8,<47,2>,<47,10>)>,
  <<|java+class:///net/sourceforge/squirrel_sql/fw/gui/WindowState|,|java+project:///|>,|project://squirrel/src/net/sourceforge/squirrel_sql/fw/gui/WindowState.java|(3054,8,<109,2>,<109,10>)>,
  <<|java+class:///net/sourceforge/squirrel_sql/fw/gui/WindowState|,|java+project:///|>,|project://squirrel/src/net/sourceforge/squirrel_sql/fw/gui/WindowState.java|(2848,8,<98,2>,<98,10>)>,
  <<|java+class:///net/sourceforge/squirrel_sql/fw/gui/WindowState|,|java+project:///|>,|project://squirrel/src/net/sourceforge/squirrel_sql/fw/gui/WindowState.java|(2613,8,<87,2>,<87,10>)>,
  <<|java+class:///net/sourceforge/squirrel_sql/fw/gui/WindowState|,|java+project:///|>,|project://squirrel/src/net/sourceforge/squirrel_sql/fw/gui/WindowState.java|(2436,8,<77,2>,<77,10>)>,
  <<|java+class:///net/sourceforge/squirrel_sql/fw/gui/action/TableCopyCommand|,|java+project:///|>,|project://squirrel/src/net/sourceforge/squirrel_sql/fw/gui/action/TableCopyCommand.java|(1557,8,<42,2>,<42,10>)>,
  <<|java+class:///net/sourceforge/squirrel_sql/fw/gui/StatusBar|,|java+class:///javax/swing/JPanel|>,|project://squirrel/src/net/sourceforge/squirrel_sql/fw/gui/StatusBar.java|(1789,27,<57,2>,<57,29>)>,
  <<|java+class:///net/sourceforge/squirrel_sql/fw/util/ListMessageHandler|,|java+project:///|>,|project://squirrel/src/net/sourceforge/squirrel_sql/fw/util/ListMessageHandler.java|(1911,8,<57,6>,<57,14>)>,
  <<|java+class:///net/sourceforge/squirrel_sql/fw/datasetviewer/ResultSetDataSet|,|java+project:///|>,|project://squirrel/src/net/sourceforge/squirrel_sql/fw/datasetviewer/ResultSetDataSet.java|(2531,8,<70,6>,<70,14>)>,
  <<|java+class:///net/sourceforge/squirrel_sql/fw/util/Resources|,|java+project:///|>,|project://squirrel/src/net/sourceforge/squirrel_sql/fw/util/Resources.java|(2231,8,<83,2>,<83,10>)>,
  <<|java+class:///net/sourceforge/squirrel_sql/fw/sql/ForeignKeyInfoBeanInfo|,|java+class:///net/sourceforge/squirrel_sql/fw/sql/DatabaseObjectInfoBeanInfo|>,|project://squirrel/src/net/sourceforge/squirrel_sql/fw/sql/ForeignKeyInfoBeanInfo.java|(1336,8,<34,2>,<34,10>)>,
  <<|java+class:///net/sourceforge/squirrel_sql/fw/util/SystemProperties|,|java+project:///|>,|project://squirrel/src/net/sourceforge/squirrel_sql/fw/util/SystemProperties.java|(1073,8,<30,2>,<30,10>)>,
  <<|java+class:///net/sourceforge/squirrel_sql/fw/util/TaskExecuter|,|java+project:///|>,|project://squirrel/src/net/sourceforge/squirrel_sql/fw/util/TaskExecuter.java|(1442,8,<40,2>,<40,10>)>,
  <<|java+class:///net/sourceforge/squirrel_sql/fw/gui/TablePopupMenu/InsertRowAction|,|java+class:///net/sourceforge/squirrel_sql/fw/gui/action/BaseAction|>,|project://squirrel/src/net/sourceforge/squirrel_sql/fw/gui/TablePopupMenu.java|(15177,57,<568,3>,<568,60>)>,
  <<|java+class:///net/sourceforge/squirrel_sql/fw/gui/TablePopupMenu/CopyInsertStatementAction|,|java+class:///net/sourceforge/squirrel_sql/fw/gui/action/BaseAction|>,|project://squirrel/src/net/sourceforge/squirrel_sql/fw/gui/TablePopupMenu.java|(11120,69,<385,3>,<385,72>)>,
  <<|java+class:///net/sourceforge/squirrel_sql/fw/gui/TablePopupMenu/AdjustAllColWidthsAction|,|java+class:///net/sourceforge/squirrel_sql/fw/gui/action/BaseAction|>,|project://squirrel/src/net/sourceforge/squirrel_sql/fw/gui/TablePopupMenu.java|(12108,71,<430,3>,<430,74>)>,
  <<|java+class:///net/sourceforge/squirrel_sql/fw/datasetviewer/DataSetViewerTextPanel/MyJTextAreaPopupMenu|,|java+class:///net/sourceforge/squirrel_sql/fw/gui/TextPopupMenu|>,|project://squirrel/src/net/sourceforge/squirrel_sql/fw/datasetviewer/DataSetViewerTextPanel.java|(6215,8,<239,3>,<239,11>)>,
  <<|java+class:///net/sourceforge/squirrel_sql/fw/gui/CharField|,|java+class:///javax/swing/JTextField|>,|project://squirrel/src/net/sourceforge/squirrel_sql/fw/gui/CharField.java|(1427,15,<46,2>,<46,17>)>,
  <<|java+class:///net/sourceforge/squirrel_sql/fw/gui/CharField|,|java+class:///javax/swing/JTextField|>,|project://squirrel/src/net/sourceforge/squirrel_sql/fw/gui/CharField.java|(1335,11,<38,2>,<38,13>)>,
  <<|java+class:///net/sourceforge/squirrel_sql/fw/dialects/InterbaseDialectExt/InterbaseDialectHelper|,|java+class:///org/hibernate/dialect/InterbaseDialect|>,|project://squirrel/src/net/sourceforge/squirrel_sql/fw/dialects/InterbaseDialectExt.java|(1611,8,<44,3>,<44,11>)>,
  <<|java+class:///net/sourceforge/squirrel_sql/fw/datasetviewer/PopupEditableIOPanel/LineWrapAction|,|java+class:///net/sourceforge/squirrel_sql/fw/gui/action/BaseAction|>,|project://squirrel/src/net/sourceforge/squirrel_sql/fw/datasetviewer/PopupEditableIOPanel.java|(35402,124,<953,3>,<954,66>)>,
  <<|java+class:///net/sourceforge/squirrel_sql/fw/sql/ForeignKeyInfo|,|java+class:///net/sourceforge/squirrel_sql/fw/sql/DatabaseObjectInfo|>,|project://squirrel/src/net/sourceforge/squirrel_sql/fw/sql/ForeignKeyInfo.java|(2257,71,<63,8>,<63,79>)>,
  <<|java+class:///net/sourceforge/squirrel_sql/fw/sql/ForeignKeyInfo|,|java+class:///net/sourceforge/squirrel_sql/fw/sql/DatabaseObjectInfo|>,|project://squirrel/src/net/sourceforge/squirrel_sql/fw/sql/ForeignKeyInfo.java|(3081,71,<84,2>,<84,73>)>,
  <<|java+class:///net/sourceforge/squirrel_sql/fw/sql/TableColumnInfo|,|java+class:///net/sourceforge/squirrel_sql/fw/sql/DatabaseObjectInfo|>,|project://squirrel/src/net/sourceforge/squirrel_sql/fw/sql/TableColumnInfo.java|(1774,88,<45,2>,<46,35>)>,
  <<|java+class:///net/sourceforge/squirrel_sql/fw/sql/TableColumnInfo|,|java+class:///net/sourceforge/squirrel_sql/fw/sql/DatabaseObjectInfo|>,|project://squirrel/src/net/sourceforge/squirrel_sql/fw/sql/TableColumnInfo.java|(2598,34,<69,8>,<69,42>)>,
  <<|java+class:///net/sourceforge/squirrel_sql/fw/gui/ErrorDialog/MoreErrorsPanel|,|java+class:///net/sourceforge/squirrel_sql/fw/gui/MultipleLineLabel|>,|project://squirrel/src/net/sourceforge/squirrel_sql/fw/gui/ErrorDialog.java|(8598,8,<324,3>,<324,11>)>,
  <<|java+class:///net/sourceforge/squirrel_sql/fw/gui/TablePopupMenu/CopyWhereStatementAction|,|java+class:///net/sourceforge/squirrel_sql/fw/gui/action/BaseAction|>,|project://squirrel/src/net/sourceforge/squirrel_sql/fw/gui/TablePopupMenu.java|(10260,68,<343,3>,<343,71>)>,
  <<|java+class:///net/sourceforge/squirrel_sql/fw/datasetviewer/DataSetViewerTextPanel/MyJTextArea|,|java+class:///javax/swing/JTextArea|>,|project://squirrel/src/net/sourceforge/squirrel_sql/fw/datasetviewer/DataSetViewerTextPanel.java|(4768,8,<183,3>,<183,11>)>,
  <<|java+class:///net/sourceforge/squirrel_sql/fw/datasetviewer/PopupEditableIOPanel/XMLReformatAction|,|java+class:///net/sourceforge/squirrel_sql/fw/gui/action/BaseAction|>,|project://squirrel/src/net/sourceforge/squirrel_sql/fw/datasetviewer/PopupEditableIOPanel.java|(36222,123,<991,3>,<992,68>)>,
  <<|java+class:///net/sourceforge/squirrel_sql/fw/gui/SQLCatalogsComboBox|,|java+class:///javax/swing/JComboBox|>,|project://squirrel/src/net/sourceforge/squirrel_sql/fw/gui/SQLCatalogsComboBox.java|(1920,8,<54,2>,<54,10>)>,
  <<|java+class:///net/sourceforge/squirrel_sql/fw/xml/XMLBeanReader|,|java+project:///|>,|project://squirrel/src/net/sourceforge/squirrel_sql/fw/xml/XMLBeanReader.java|(2370,8,<72,2>,<72,10>)>,
  <<|java+class:///net/sourceforge/squirrel_sql/fw/sql/UDTInfo|,|java+class:///net/sourceforge/squirrel_sql/fw/sql/DatabaseObjectInfo|>,|project://squirrel/src/net/sourceforge/squirrel_sql/fw/sql/UDTInfo.java|(1318,63,<37,2>,<37,65>)>,
  <<|java+class:///net/sourceforge/squirrel_sql/fw/datasetviewer/DataSetException|,|java+class:///net/sourceforge/squirrel_sql/fw/util/BaseException|>,|project://squirrel/src/net/sourceforge/squirrel_sql/fw/datasetviewer/DataSetException.java|(1482,14,<47,2>,<47,16>)>,
  <<|java+class:///net/sourceforge/squirrel_sql/fw/datasetviewer/DataSetException|,|java+class:///net/sourceforge/squirrel_sql/fw/util/BaseException|>,|project://squirrel/src/net/sourceforge/squirrel_sql/fw/datasetviewer/DataSetException.java|(1289,11,<37,2>,<37,13>)>,
  <<|java+class:///net/sourceforge/squirrel_sql/fw/util/DuplicateObjectException|,|java+class:///net/sourceforge/squirrel_sql/fw/util/BaseException|>,|project://squirrel/src/net/sourceforge/squirrel_sql/fw/util/DuplicateObjectException.java|(1653,28,<44,2>,<44,30>)>,
  <<|java+class:///net/sourceforge/squirrel_sql/fw/gui/TablePopupMenu/SelectAllAction|,|java+class:///net/sourceforge/squirrel_sql/fw/gui/action/BaseAction|>,|project://squirrel/src/net/sourceforge/squirrel_sql/fw/gui/TablePopupMenu.java|(15508,57,<586,3>,<586,60>)>,
  <<|java+class:///net/sourceforge/squirrel_sql/fw/util/Utilities|,|java+project:///|>,|project://squirrel/src/net/sourceforge/squirrel_sql/fw/util/Utilities.java|(1810,8,<51,6>,<51,14>)>,
  <<|java+class:///net/sourceforge/squirrel_sql/fw/sql/TableInfoDataSet|,|java+project:///|>,|project://squirrel/src/net/sourceforge/squirrel_sql/fw/sql/TableInfoDataSet.java|(2665,8,<86,2>,<86,10>)>,
  <<|java+class:///net/sourceforge/squirrel_sql/fw/gui/TextPopupMenu/CutAction|,|java+class:///net/sourceforge/squirrel_sql/fw/gui/action/BaseAction|>,|project://squirrel/src/net/sourceforge/squirrel_sql/fw/gui/TextPopupMenu.java|(3545,50,<137,3>,<137,53>)>,
  <<|java+class:///net/sourceforge/squirrel_sql/fw/util/PropertyChangeReporter|,|java+project:///|>,|project://squirrel/src/net/sourceforge/squirrel_sql/fw/util/PropertyChangeReporter.java|(1290,8,<35,2>,<35,10>)>,
  <<|java+class:///net/sourceforge/squirrel_sql/fw/util/ObjectCacheChangeEvent|,|java+class:///java/util/EventObject|>,|project://squirrel/src/net/sourceforge/squirrel_sql/fw/util/ObjectCacheChangeEvent.java|(1624,14,<45,2>,<45,16>)>,
  <<|java+class:///net/sourceforge/squirrel_sql/fw/gui/ErrorDialog/StackTracePanel|,|java+class:///net/sourceforge/squirrel_sql/fw/gui/MultipleLineLabel|>,|project://squirrel/src/net/sourceforge/squirrel_sql/fw/gui/ErrorDialog.java|(8342,8,<311,3>,<311,11>)>,
  <<|java+class:///net/sourceforge/squirrel_sql/fw/gui/TablePopupMenu/CopyHtmlAction|,|java+class:///net/sourceforge/squirrel_sql/fw/gui/action/BaseAction|>,|project://squirrel/src/net/sourceforge/squirrel_sql/fw/gui/TablePopupMenu.java|(9440,58,<301,3>,<301,61>)>,
  <<|java+class:///net/sourceforge/squirrel_sql/fw/gui/DirectoryListComboBox|,|java+class:///javax/swing/JComboBox|>,|project://squirrel/src/net/sourceforge/squirrel_sql/fw/gui/DirectoryListComboBox.java|(1199,8,<36,2>,<36,10>)>,
  <<|java+class:///net/sourceforge/squirrel_sql/fw/util/MyURLClassLoader|,|java+class:///java/net/URLClassLoader|>,|project://squirrel/src/net/sourceforge/squirrel_sql/fw/util/MyURLClassLoader.java|(1896,48,<60,2>,<60,50>)>,
  <<|java+class:///net/sourceforge/squirrel_sql/fw/util/BaseRuntimeException|,|java+class:///java/lang/RuntimeException|>,|project://squirrel/src/net/sourceforge/squirrel_sql/fw/util/BaseRuntimeException.java|(1458,30,<48,2>,<48,32>)>,
  <<|java+class:///net/sourceforge/squirrel_sql/fw/util/BaseRuntimeException|,|java+class:///java/lang/RuntimeException|>,|project://squirrel/src/net/sourceforge/squirrel_sql/fw/util/BaseRuntimeException.java|(1677,39,<59,2>,<59,41>)>,
  <<|java+class:///net/sourceforge/squirrel_sql/fw/gui/action/TableCopyInStatementCommand|,|java+class:///net/sourceforge/squirrel_sql/fw/gui/action/TableCopySqlPartCommandBase|>,|project://squirrel/src/net/sourceforge/squirrel_sql/fw/gui/action/TableCopyInStatementCommand.java|(1908,8,<53,6>,<53,14>)>,
  <<|java+class:///net/sourceforge/squirrel_sql/fw/datasetviewer/DatabaseTypesDataSet|,|java+project:///|>,|project://squirrel/src/net/sourceforge/squirrel_sql/fw/datasetviewer/DatabaseTypesDataSet.java|(3189,8,<84,2>,<84,10>)>,
  <<|java+class:///net/sourceforge/squirrel_sql/fw/gui/BeanPropertyTable|,|java+class:///javax/swing/JTable|>,|project://squirrel/src/net/sourceforge/squirrel_sql/fw/gui/BeanPropertyTable.java|(1174,36,<35,2>,<35,38>)>,
  <<|java+class:///net/sourceforge/squirrel_sql/fw/gui/ButtonTableHeader|,|java+class:///javax/swing/table/JTableHeader|>,|project://squirrel/src/net/sourceforge/squirrel_sql/fw/gui/ButtonTableHeader.java|(3488,8,<106,6>,<106,14>)>,
  <<|java+class:///net/sourceforge/squirrel_sql/fw/gui/action/TableSelectAllCellsCommand|,|java+project:///|>,|project://squirrel/src/net/sourceforge/squirrel_sql/fw/gui/action/TableSelectAllCellsCommand.java|(1093,8,<30,2>,<30,10>)>,
  <<|java+class:///net/sourceforge/squirrel_sql/fw/dialects/FrontBaseDialectExt/FrontBaseDialectHelper|,|java+class:///org/hibernate/dialect/FrontBaseDialect|>,|project://squirrel/src/net/sourceforge/squirrel_sql/fw/dialects/FrontBaseDialectExt.java|(1667,8,<47,3>,<47,11>)>,
  <<|java+class:///net/sourceforge/squirrel_sql/fw/gui/TextPopupMenu/SelectAllAction|,|java+class:///net/sourceforge/squirrel_sql/fw/gui/action/BaseAction|>,|project://squirrel/src/net/sourceforge/squirrel_sql/fw/gui/TextPopupMenu.java|(4271,56,<185,3>,<185,59>)>,
  <<|java+class:///net/sourceforge/squirrel_sql/fw/datasetviewer/DataSetViewerTextFileDestination|,|java+class:///net/sourceforge/squirrel_sql/fw/datasetviewer/BaseDataSetViewerDestination|>,|project://squirrel/src/net/sourceforge/squirrel_sql/fw/datasetviewer/DataSetViewerTextFileDestination.java|(1711,8,<48,2>,<48,10>)>,
  <<|java+class:///net/sourceforge/squirrel_sql/fw/id/IntegerIdentifierFactory|,|java+project:///|>,|project://squirrel/src/net/sourceforge/squirrel_sql/fw/id/IntegerIdentifierFactory.java|(1533,8,<46,2>,<46,10>)>,
  <<|java+class:///net/sourceforge/squirrel_sql/fw/datasetviewer/MapDataSet|,|java+project:///|>,|project://squirrel/src/net/sourceforge/squirrel_sql/fw/datasetviewer/MapDataSet.java|(2437,8,<68,6>,<68,14>)>,
  <<|java+class:///net/sourceforge/squirrel_sql/fw/util/NullMessageHandler|,|java+project:///|>,|project://squirrel/src/net/sourceforge/squirrel_sql/fw/util/NullMessageHandler.java|(417,8,<18,2>,<18,10>)>,
  <<|java+class:///net/sourceforge/squirrel_sql/fw/sql/SQLDatabaseMetaData|,|java+project:///|>,|project://squirrel/src/net/sourceforge/squirrel_sql/fw/sql/SQLDatabaseMetaData.java|(5109,8,<124,2>,<124,10>)>,
  <<|java+class:///net/sourceforge/squirrel_sql/fw/gui/FontChooser|,|java+class:///javax/swing/JDialog|>,|project://squirrel/src/net/sourceforge/squirrel_sql/fw/gui/FontChooser.java|(3465,63,<116,2>,<116,65>)>,
  <<|java+class:///net/sourceforge/squirrel_sql/fw/gui/FontChooser|,|java+class:///javax/swing/JDialog|>,|project://squirrel/src/net/sourceforge/squirrel_sql/fw/gui/FontChooser.java|(3841,63,<129,2>,<129,65>)>,
  <<|java+class:///net/sourceforge/squirrel_sql/fw/gui/FontChooser|,|java+class:///javax/swing/JDialog|>,|project://squirrel/src/net/sourceforge/squirrel_sql/fw/gui/FontChooser.java|(2841,63,<91,2>,<91,65>)>,
  <<|java+class:///net/sourceforge/squirrel_sql/fw/gui/FontChooser|,|java+class:///javax/swing/JDialog|>,|project://squirrel/src/net/sourceforge/squirrel_sql/fw/gui/FontChooser.java|(3217,63,<104,2>,<104,65>)>,
  <<|java+class:///net/sourceforge/squirrel_sql/fw/gui/CursorChanger|,|java+project:///|>,|project://squirrel/src/net/sourceforge/squirrel_sql/fw/gui/CursorChanger.java|(1178,8,<35,2>,<35,10>)>,
  <<|java+class:///net/sourceforge/squirrel_sql/fw/gui/ClassPathListModel|,|java+class:///net/sourceforge/squirrel_sql/fw/gui/DefaultFileListBoxModel|>,|project://squirrel/src/net/sourceforge/squirrel_sql/fw/gui/ClassPathListModel.java|(1219,8,<35,2>,<35,10>)>,
  <<|java+class:///net/sourceforge/squirrel_sql/fw/gui/TablePopupMenu/DeleteRowsAction|,|java+class:///net/sourceforge/squirrel_sql/fw/gui/action/BaseAction|>,|project://squirrel/src/net/sourceforge/squirrel_sql/fw/gui/TablePopupMenu.java|(14623,58,<543,3>,<543,61>)>,
  <<|java+class:///net/sourceforge/squirrel_sql/fw/datasetviewer/ObjectArrayDataSet|,|java+project:///|>,|project://squirrel/src/net/sourceforge/squirrel_sql/fw/datasetviewer/ObjectArrayDataSet.java|(1300,8,<38,2>,<38,10>)>,
  <<|java+class:///net/sourceforge/squirrel_sql/fw/gui/action/TableCopyUpdateStatementCommand|,|java+class:///net/sourceforge/squirrel_sql/fw/gui/action/TableCopySqlPartCommandBase|>,|project://squirrel/src/net/sourceforge/squirrel_sql/fw/gui/action/TableCopyUpdateStatementCommand.java|(1916,8,<53,6>,<53,14>)>,
  <<|java+class:///net/sourceforge/squirrel_sql/fw/gui/TablePopupMenu/CopyWithHeadersAction|,|java+class:///net/sourceforge/squirrel_sql/fw/gui/action/BaseAction|>,|project://squirrel/src/net/sourceforge/squirrel_sql/fw/gui/TablePopupMenu.java|(9045,63,<278,3>,<278,66>)>,
  <<|java+class:///net/sourceforge/squirrel_sql/fw/datasetviewer/ColumnDisplayDefinition|,|java+project:///|>,|project://squirrel/src/net/sourceforge/squirrel_sql/fw/datasetviewer/ColumnDisplayDefinition.java|(5263,8,<168,2>,<168,10>)>,
  <<|java+class:///net/sourceforge/squirrel_sql/fw/datasetviewer/ColumnDisplayDefinition|,|java+project:///|>,|project://squirrel/src/net/sourceforge/squirrel_sql/fw/datasetviewer/ColumnDisplayDefinition.java|(5978,8,<188,5>,<188,13>)>,
  <<|java+class:///net/sourceforge/squirrel_sql/fw/datasetviewer/ColumnDisplayDefinition|,|java+project:///|>,|project://squirrel/src/net/sourceforge/squirrel_sql/fw/datasetviewer/ColumnDisplayDefinition.java|(4082,8,<125,2>,<125,10>)>,
  <<|java+class:///net/sourceforge/squirrel_sql/fw/gui/SortedListModel|,|java+class:///javax/swing/DefaultListModel|>,|project://squirrel/src/net/sourceforge/squirrel_sql/fw/gui/SortedListModel.java|(1131,8,<32,2>,<32,10>)>,
  <<|java+class:///net/sourceforge/squirrel_sql/fw/xml/XMLObjectCache|,|java+project:///|>,|project://squirrel/src/net/sourceforge/squirrel_sql/fw/xml/XMLObjectCache.java|(2163,8,<55,2>,<55,10>)>,
  <<|java+class:///net/sourceforge/squirrel_sql/fw/dialects/DerbyDialectExt/DerbyDialectHelper|,|java+class:///org/hibernate/dialect/DB2Dialect|>,|project://squirrel/src/net/sourceforge/squirrel_sql/fw/dialects/DerbyDialectExt.java|(2283,8,<59,3>,<59,11>)>,
  <<|java+class:///net/sourceforge/squirrel_sql/fw/datasetviewer/DataSetViewerTablePanel/MyJTable|,|java+class:///javax/swing/JTable|>,|project://squirrel/src/net/sourceforge/squirrel_sql/fw/datasetviewer/DataSetViewerTablePanel.java|(5645,57,<194,3>,<194,60>)>,
  <<|java+class:///net/sourceforge/squirrel_sql/fw/datasetviewer/DataSetViewerTablePanel|,|java+class:///net/sourceforge/squirrel_sql/fw/datasetviewer/BaseDataSetViewerDestination|>,|project://squirrel/src/net/sourceforge/squirrel_sql/fw/datasetviewer/DataSetViewerTablePanel.java|(2923,8,<72,2>,<72,10>)>,
  <<|java+class:///net/sourceforge/squirrel_sql/fw/sql/dbobj/adapter/BestRowIdentifierAdapterBeanInfo|,|java+class:///net/sourceforge/squirrel_sql/fw/sql/DatabaseObjectInfoBeanInfo|>,|project://squirrel/src/net/sourceforge/squirrel_sql/fw/sql/dbobj/adapter/BestRowIdentifierAdapterBeanInfo.java|(1764,8,<43,2>,<43,10>)>,
  <<|java+class:///net/sourceforge/squirrel_sql/fw/sql/TableInfo|,|java+class:///net/sourceforge/squirrel_sql/fw/sql/DatabaseObjectInfo|>,|project://squirrel/src/net/sourceforge/squirrel_sql/fw/sql/TableInfo.java|(1516,64,<43,2>,<43,66>)>,
  <<|java+class:///net/sourceforge/squirrel_sql/fw/gui/SortedComboBoxModel|,|java+class:///javax/swing/DefaultComboBoxModel|>,|project://squirrel/src/net/sourceforge/squirrel_sql/fw/gui/SortedComboBoxModel.java|(1151,8,<32,2>,<32,10>)>,
  <<|java+class:///net/sourceforge/squirrel_sql/fw/gui/TablePopupMenu/PrintAction|,|java+class:///net/sourceforge/squirrel_sql/fw/gui/action/BaseAction|>,|project://squirrel/src/net/sourceforge/squirrel_sql/fw/gui/TablePopupMenu.java|(15912,53,<608,9>,<608,62>)>,
  <<|java+class:///net/sourceforge/squirrel_sql/fw/id/UidIdentifier|,|java+project:///|>,|project://squirrel/src/net/sourceforge/squirrel_sql/fw/id/UidIdentifier.java|(1196,8,<36,6>,<36,14>)>,
  <<|java+class:///net/sourceforge/squirrel_sql/fw/gui/PropertyPanel|,|java+class:///javax/swing/JPanel|>,|project://squirrel/src/net/sourceforge/squirrel_sql/fw/gui/PropertyPanel.java|(1307,8,<39,2>,<39,10>)>,
  <<|java+class:///net/sourceforge/squirrel_sql/fw/datasetviewer/RowDataInputFrame/RowDataJTable|,|java+class:///javax/swing/JTable|>,|project://squirrel/src/net/sourceforge/squirrel_sql/fw/datasetviewer/RowDataInputFrame.java|(6557,8,<194,3>,<194,11>)>,
  <<|java+class:///net/sourceforge/squirrel_sql/fw/persist/ValidationException|,|java+class:///net/sourceforge/squirrel_sql/fw/util/BaseException|>,|project://squirrel/src/net/sourceforge/squirrel_sql/fw/persist/ValidationException.java|(1098,11,<28,2>,<28,13>)>,
  <<|java+class:///net/sourceforge/squirrel_sql/fw/gui/ErrorDialog|,|java+class:///javax/swing/JDialog|>,|project://squirrel/src/net/sourceforge/squirrel_sql/fw/gui/ErrorDialog.java|(2339,61,<75,2>,<75,63>)>,
  <<|java+class:///net/sourceforge/squirrel_sql/fw/gui/ErrorDialog|,|java+class:///javax/swing/JDialog|>,|project://squirrel/src/net/sourceforge/squirrel_sql/fw/gui/ErrorDialog.java|(2953,61,<99,2>,<99,63>)>,
  <<|java+class:///net/sourceforge/squirrel_sql/fw/gui/ErrorDialog|,|java+class:///javax/swing/JDialog|>,|project://squirrel/src/net/sourceforge/squirrel_sql/fw/gui/ErrorDialog.java|(2491,61,<81,2>,<81,63>)>,
  <<|java+class:///net/sourceforge/squirrel_sql/fw/gui/ErrorDialog|,|java+class:///javax/swing/JDialog|>,|project://squirrel/src/net/sourceforge/squirrel_sql/fw/gui/ErrorDialog.java|(2804,61,<93,2>,<93,63>)>,
  <<|java+class:///net/sourceforge/squirrel_sql/fw/gui/ErrorDialog|,|java+class:///javax/swing/JDialog|>,|project://squirrel/src/net/sourceforge/squirrel_sql/fw/gui/ErrorDialog.java|(2640,61,<87,2>,<87,63>)>,
  <<|java+class:///net/sourceforge/squirrel_sql/fw/gui/MultipleLineLabel|,|java+class:///javax/swing/JTextArea|>,|project://squirrel/src/net/sourceforge/squirrel_sql/fw/gui/MultipleLineLabel.java|(1068,8,<32,2>,<32,10>)>,
  <<|java+class:///net/sourceforge/squirrel_sql/fw/gui/CascadeInternalFramePositioner|,|java+project:///|>,|project://squirrel/src/net/sourceforge/squirrel_sql/fw/gui/CascadeInternalFramePositioner.java|(1372,8,<38,2>,<38,10>)>,
  <<|java+class:///net/sourceforge/squirrel_sql/fw/sql/SQLConnectionState|,|java+project:///|>,|project://squirrel/src/net/sourceforge/squirrel_sql/fw/sql/SQLConnectionState.java|(1666,8,<46,2>,<46,10>)>,
  <<|java+class:///net/sourceforge/squirrel_sql/fw/util/beanwrapper/PointWrapper|,|java+project:///|>,|project://squirrel/src/net/sourceforge/squirrel_sql/fw/util/beanwrapper/PointWrapper.java|(1118,8,<40,2>,<40,10>)>,
  <<|java+class:///net/sourceforge/squirrel_sql/fw/datasetviewer/RowNumberTableColumn|,|java+class:///javax/swing/table/TableColumn|>,|project://squirrel/src/net/sourceforge/squirrel_sql/fw/datasetviewer/RowNumberTableColumn.java|(941,35,<28,2>,<28,37>)>,
  <<|java+class:///net/sourceforge/squirrel_sql/fw/datasetviewer/DataSetViewerTextPanel/MyJTextAreaPopupMenu/MakeEditableAction|,|java+class:///net/sourceforge/squirrel_sql/fw/gui/action/BaseAction|>,|project://squirrel/src/net/sourceforge/squirrel_sql/fw/datasetviewer/DataSetViewerTextPanel.java|(6574,134,<257,4>,<258,74>)>,
  <<|java+class:///net/sourceforge/squirrel_sql/fw/sql/ResultSetColumnReader|,|java+project:///|>,|project://squirrel/src/net/sourceforge/squirrel_sql/fw/sql/ResultSetColumnReader.java|(1725,8,<51,2>,<51,10>)>,
  <<|java+class:///net/sourceforge/squirrel_sql/fw/util/beanwrapper/URLWrapper|,|java+project:///|>,|project://squirrel/src/net/sourceforge/squirrel_sql/fw/util/beanwrapper/URLWrapper.java|(1276,8,<42,2>,<42,10>)>,
  <<|java+class:///net/sourceforge/squirrel_sql/fw/gui/FileListBox|,|java+class:///javax/swing/JList|>,|project://squirrel/src/net/sourceforge/squirrel_sql/fw/gui/FileListBox.java|(1353,13,<44,2>,<44,15>)>,
  <<|java+class:///net/sourceforge/squirrel_sql/fw/gui/SortableTableModel|,|java+class:///javax/swing/table/AbstractTableModel|>,|project://squirrel/src/net/sourceforge/squirrel_sql/fw/gui/SortableTableModel.java|(2362,8,<67,2>,<67,10>)>,
  <<|java+class:///net/sourceforge/squirrel_sql/fw/util/beanwrapper/RectangleWrapper|,|java+project:///|>,|project://squirrel/src/net/sourceforge/squirrel_sql/fw/util/beanwrapper/RectangleWrapper.java|(1357,8,<47,2>,<47,10>)>,
  <<|java+class:///net/sourceforge/squirrel_sql/fw/sql/DatabaseObjectInfoBeanInfo|,|java+class:///java/beans/SimpleBeanInfo|>,|project://squirrel/src/net/sourceforge/squirrel_sql/fw/sql/DatabaseObjectInfoBeanInfo.java|(1324,8,<34,2>,<34,10>)>,
  <<|java+class:///net/sourceforge/squirrel_sql/fw/datasetviewer/ExtTableColumn|,|java+class:///javax/swing/table/TableColumn|>,|project://squirrel/src/net/sourceforge/squirrel_sql/fw/datasetviewer/ExtTableColumn.java|(1216,51,<32,6>,<32,57>)>,
  <<|java+class:///net/sourceforge/squirrel_sql/fw/gui/TablePopupMenu/AlwaysAdjustAllColWidthsAction|,|java+class:///net/sourceforge/squirrel_sql/fw/gui/action/BaseAction|>,|project://squirrel/src/net/sourceforge/squirrel_sql/fw/gui/TablePopupMenu.java|(12683,70,<455,3>,<455,73>)>,
  <<|java+class:///net/sourceforge/squirrel_sql/fw/util/EnumerationIterator|,|java+project:///|>,|project://squirrel/src/net/sourceforge/squirrel_sql/fw/util/EnumerationIterator.java|(1525,8,<42,2>,<42,10>)>,
  <<|java+class:///net/sourceforge/squirrel_sql/fw/datasetviewer/ResultSetMetaDataDataSet|,|java+project:///|>,|project://squirrel/src/net/sourceforge/squirrel_sql/fw/datasetviewer/ResultSetMetaDataDataSet.java|(4611,8,<112,2>,<112,10>)>,
  <<|java+class:///net/sourceforge/squirrel_sql/fw/gui/TablePopupMenu/CopyUpdateStatementAction|,|java+class:///net/sourceforge/squirrel_sql/fw/gui/action/BaseAction|>,|project://squirrel/src/net/sourceforge/squirrel_sql/fw/gui/TablePopupMenu.java|(10689,69,<364,3>,<364,72>)>,
  <<|java+class:///net/sourceforge/squirrel_sql/fw/gui/OutputLabel|,|java+class:///javax/swing/JLabel|>,|project://squirrel/src/net/sourceforge/squirrel_sql/fw/gui/OutputLabel.java|(1454,12,<50,2>,<50,14>)>,
  <<|java+class:///net/sourceforge/squirrel_sql/fw/gui/OutputLabel|,|java+class:///javax/swing/JLabel|>,|project://squirrel/src/net/sourceforge/squirrel_sql/fw/gui/OutputLabel.java|(1304,8,<39,2>,<39,10>)>,
  <<|java+class:///net/sourceforge/squirrel_sql/fw/datasetviewer/cellcomponent/CellEditorUsingRenderer|,|java+class:///javax/swing/DefaultCellEditor|>,|project://squirrel/src/net/sourceforge/squirrel_sql/fw/datasetviewer/cellcomponent/CellEditorUsingRenderer.java|(946,17,<29,5>,<29,22>)>,
  <<|java+class:///net/sourceforge/squirrel_sql/fw/util/beanwrapper/StringWrapper|,|java+project:///|>,|project://squirrel/src/net/sourceforge/squirrel_sql/fw/util/beanwrapper/StringWrapper.java|(1086,8,<36,2>,<36,10>)>,
  <<|java+class:///net/sourceforge/squirrel_sql/fw/sql/DatabaseObjectInfo|,|java+project:///|>,|project://squirrel/src/net/sourceforge/squirrel_sql/fw/sql/DatabaseObjectInfo.java|(2167,8,<64,6>,<64,14>)>,
  <<|java+class:///net/sourceforge/squirrel_sql/fw/sql/IndexInfo|,|java+class:///net/sourceforge/squirrel_sql/fw/sql/DatabaseObjectInfo|>,|project://squirrel/src/net/sourceforge/squirrel_sql/fw/sql/IndexInfo.java|(2393,64,<82,8>,<82,72>)>,
  <<|java+class:///net/sourceforge/squirrel_sql/fw/gui/TablePopupMenu/ExportCsvAction|,|java+class:///net/sourceforge/squirrel_sql/fw/gui/action/BaseAction|>,|project://squirrel/src/net/sourceforge/squirrel_sql/fw/gui/TablePopupMenu.java|(11585,126,<407,9>,<408,63>)>,
  <<|java+class:///net/sourceforge/squirrel_sql/fw/sql/ProcedureInfo|,|java+class:///net/sourceforge/squirrel_sql/fw/sql/DatabaseObjectInfo|>,|project://squirrel/src/net/sourceforge/squirrel_sql/fw/sql/ProcedureInfo.java|(1984,69,<52,2>,<52,71>)>,
  <<|java+class:///net/sourceforge/squirrel_sql/fw/datasetviewer/DataSetViewerPropertyPanel|,|java+class:///net/sourceforge/squirrel_sql/fw/datasetviewer/BaseDataSetViewerDestination|>,|project://squirrel/src/net/sourceforge/squirrel_sql/fw/datasetviewer/DataSetViewerPropertyPanel.java|(1245,8,<32,2>,<32,10>)>,
  <<|java+class:///net/sourceforge/squirrel_sql/fw/gui/TablePopupMenu/ShowRowNumbersAction|,|java+class:///net/sourceforge/squirrel_sql/fw/gui/action/BaseAction|>,|project://squirrel/src/net/sourceforge/squirrel_sql/fw/gui/TablePopupMenu.java|(13294,62,<477,3>,<477,65>)>,
  <<|java+class:///net/sourceforge/squirrel_sql/fw/util/ProxyHandler/MyAuthenticator|,|java+class:///java/net/Authenticator|>,|project://squirrel/src/net/sourceforge/squirrel_sql/fw/util/ProxyHandler.java|(3379,8,<120,3>,<120,11>)>,
  <<|java+class:///net/sourceforge/squirrel_sql/fw/datasetviewer/cellcomponent/DefaultColumnRenderer|,|java+project:///|>,|project://squirrel/src/net/sourceforge/squirrel_sql/fw/datasetviewer/cellcomponent/DefaultColumnRenderer.java|(1266,8,<38,2>,<38,10>)>,
  <<|java+class:///net/sourceforge/squirrel_sql/fw/datasetviewer/JavabeanDataSet|,|java+project:///|>,|project://squirrel/src/net/sourceforge/squirrel_sql/fw/datasetviewer/JavabeanDataSet.java|(2209,8,<60,2>,<60,10>)>,
  <<|java+class:///net/sourceforge/squirrel_sql/fw/datasetviewer/JavabeanDataSet|,|java+project:///|>,|project://squirrel/src/net/sourceforge/squirrel_sql/fw/datasetviewer/JavabeanDataSet.java|(2304,8,<66,2>,<66,10>)>,
  <<|java+class:///net/sourceforge/squirrel_sql/fw/xml/XMLBeanWriter|,|java+project:///|>,|project://squirrel/src/net/sourceforge/squirrel_sql/fw/xml/XMLBeanWriter.java|(1548,8,<48,2>,<48,10>)>,
  <<|java+class:///net/sourceforge/squirrel_sql/fw/datasetviewer/CellDataPopup/ColumnDataPopupPanel|,|java+class:///javax/swing/JPanel|>,|project://squirrel/src/net/sourceforge/squirrel_sql/fw/datasetviewer/CellDataPopup.java|(5743,26,<190,3>,<190,29>)>,
  <<|java+class:///net/sourceforge/squirrel_sql/fw/dialects/H2DialectExt/H2DialectHelper|,|java+class:///org/hibernate/dialect/Dialect|>,|project://squirrel/src/net/sourceforge/squirrel_sql/fw/dialects/H2DialectExt.java|(1785,8,<53,3>,<53,11>)>,
  <<|java+class:///net/sourceforge/squirrel_sql/fw/dialects/DB2DialectExt/DB2DialectHelper|,|java+class:///org/hibernate/dialect/DB2Dialect|>,|project://squirrel/src/net/sourceforge/squirrel_sql/fw/dialects/DB2DialectExt.java|(1960,8,<53,3>,<53,11>)>,
  <<|java+class:///net/sourceforge/squirrel_sql/fw/dialects/PostgreSQLDialectExt/PostgreSQLDialectHelper|,|java+class:///org/hibernate/dialect/PostgreSQLDialect|>,|project://squirrel/src/net/sourceforge/squirrel_sql/fw/dialects/PostgreSQLDialectExt.java|(1895,8,<49,3>,<49,11>)>,
  <<|java+class:///net/sourceforge/squirrel_sql/fw/dialects/ProgressDialectExt/ProgressDialectHelper|,|java+class:///org/hibernate/dialect/Dialect|>,|project://squirrel/src/net/sourceforge/squirrel_sql/fw/dialects/ProgressDialectExt.java|(2035,8,<52,3>,<52,11>)>,
  <<|java+class:///net/sourceforge/squirrel_sql/fw/gui/RightLabel|,|java+class:///javax/swing/JLabel|>,|project://squirrel/src/net/sourceforge/squirrel_sql/fw/gui/RightLabel.java|(1004,35,<28,2>,<28,37>)>,
  <<|java+class:///net/sourceforge/squirrel_sql/fw/dialects/SybaseDialectExt/SybaseDialectHelper|,|java+class:///org/hibernate/dialect/SybaseDialect|>,|project://squirrel/src/net/sourceforge/squirrel_sql/fw/dialects/SybaseDialectExt.java|(1708,8,<46,3>,<46,11>)>,
  <<|java+class:///net/sourceforge/squirrel_sql/fw/datasetviewer/CellDataPopup/TextAreaInternalFrame|,|java+class:///javax/swing/JDialog|>,|project://squirrel/src/net/sourceforge/squirrel_sql/fw/datasetviewer/CellDataPopup.java|(9535,146,<307,3>,<308,89>)>,
  <<|java+class:///net/sourceforge/squirrel_sql/fw/dialects/DaffodilDialectExt/DaffodilDialectHelper|,|java+class:///org/hibernate/dialect/Dialect|>,|project://squirrel/src/net/sourceforge/squirrel_sql/fw/dialects/DaffodilDialectExt.java|(1666,8,<49,3>,<49,11>)>,
  <<|java+class:///net/sourceforge/squirrel_sql/fw/gui/action/TableCopyHtmlCommand|,|java+project:///|>,|project://squirrel/src/net/sourceforge/squirrel_sql/fw/gui/action/TableCopyHtmlCommand.java|(2568,8,<68,2>,<68,10>)>,
  <<|java+class:///net/sourceforge/squirrel_sql/fw/dialects/OracleDialectExt/OracleDialectHelper|,|java+class:///org/hibernate/dialect/Oracle9Dialect|>,|project://squirrel/src/net/sourceforge/squirrel_sql/fw/dialects/OracleDialectExt.java|(2102,8,<54,3>,<54,11>)>,
  <<|java+class:///net/sourceforge/squirrel_sql/fw/dialects/InformixDialectExt/InformixDialectHelper|,|java+class:///org/hibernate/dialect/InformixDialect|>,|project://squirrel/src/net/sourceforge/squirrel_sql/fw/dialects/InformixDialectExt.java|(1668,8,<46,3>,<46,11>)>,
  <<|java+class:///net/sourceforge/squirrel_sql/fw/datasetviewer/RowDataInputFrame|,|java+class:///javax/swing/JDialog|>,|project://squirrel/src/net/sourceforge/squirrel_sql/fw/datasetviewer/RowDataInputFrame.java|(2493,131,<73,2>,<74,76>)>,
  <<|java+class:///net/sourceforge/squirrel_sql/fw/datasetviewer/DataSetScrollingPanel|,|java+class:///javax/swing/JScrollPane|>,|project://squirrel/src/net/sourceforge/squirrel_sql/fw/datasetviewer/DataSetScrollingPanel.java|(1617,8,<48,2>,<48,10>)>,
  <<|java+class:///net/sourceforge/squirrel_sql/fw/datasetviewer/DataSetScrollingPanel|,|java+class:///javax/swing/JScrollPane|>,|project://squirrel/src/net/sourceforge/squirrel_sql/fw/datasetviewer/DataSetScrollingPanel.java|(1464,8,<41,2>,<41,10>)>,
  <<|java+class:///net/sourceforge/squirrel_sql/fw/gui/SortableTable|,|java+class:///javax/swing/JTable|>,|project://squirrel/src/net/sourceforge/squirrel_sql/fw/gui/SortableTable.java|(1406,23,<46,2>,<46,25>)>,
  <<|java+class:///net/sourceforge/squirrel_sql/fw/gui/SortableTable|,|java+class:///javax/swing/JTable|>,|project://squirrel/src/net/sourceforge/squirrel_sql/fw/gui/SortableTable.java|(1298,13,<40,2>,<40,15>)>,
  <<|java+class:///net/sourceforge/squirrel_sql/fw/gui/SortableTable|,|java+class:///javax/swing/JTable|>,|project://squirrel/src/net/sourceforge/squirrel_sql/fw/gui/SortableTable.java|(1059,37,<28,2>,<28,39>)>,
  <<|java+class:///net/sourceforge/squirrel_sql/fw/gui/SortableTable|,|java+class:///javax/swing/JTable|>,|project://squirrel/src/net/sourceforge/squirrel_sql/fw/gui/SortableTable.java|(1183,47,<34,2>,<34,49>)>,
  <<|java+class:///net/sourceforge/squirrel_sql/fw/dialects/TimesTenDialectExt/TimesTenDialectHelper|,|java+class:///org/hibernate/dialect/TimesTenDialect|>,|project://squirrel/src/net/sourceforge/squirrel_sql/fw/dialects/TimesTenDialectExt.java|(1646,8,<46,3>,<46,11>)>,
  <<|java+class:///net/sourceforge/squirrel_sql/fw/datasetviewer/MyTableModel|,|java+class:///javax/swing/table/AbstractTableModel|>,|project://squirrel/src/net/sourceforge/squirrel_sql/fw/datasetviewer/MyTableModel.java|(1451,8,<42,2>,<42,10>)>,
  <<|java+class:///net/sourceforge/squirrel_sql/fw/sql/PrimaryKeyInfo|,|java+class:///net/sourceforge/squirrel_sql/fw/sql/DatabaseObjectInfo|>,|project://squirrel/src/net/sourceforge/squirrel_sql/fw/sql/PrimaryKeyInfo.java|(1673,36,<50,8>,<50,44>)>,
  <<|java+class:///net/sourceforge/squirrel_sql/fw/sql/PrimaryKeyInfo|,|java+class:///net/sourceforge/squirrel_sql/fw/sql/DatabaseObjectInfo|>,|project://squirrel/src/net/sourceforge/squirrel_sql/fw/sql/PrimaryKeyInfo.java|(2480,76,<73,2>,<73,78>)>,
  <<|java+class:///net/sourceforge/squirrel_sql/fw/gui/TablePopupMenu/CopyInStatementAction|,|java+class:///net/sourceforge/squirrel_sql/fw/gui/action/BaseAction|>,|project://squirrel/src/net/sourceforge/squirrel_sql/fw/gui/TablePopupMenu.java|(9840,65,<322,3>,<322,68>)>,
  <<|java+class:///net/sourceforge/squirrel_sql/fw/gui/TimePanel|,|java+class:///javax/swing/JLabel|>,|project://squirrel/src/net/sourceforge/squirrel_sql/fw/gui/TimePanel.java|(1795,25,<53,2>,<53,27>)>,
  <<|java+class:///net/sourceforge/squirrel_sql/fw/sql/MetaDataDecoratorDataSet|,|java+class:///net/sourceforge/squirrel_sql/fw/sql/MetaDataDataSet|>,|project://squirrel/src/net/sourceforge/squirrel_sql/fw/sql/MetaDataDecoratorDataSet.java|(2958,16,<73,8>,<73,24>)>,
  <<|java+class:///net/sourceforge/squirrel_sql/fw/dialects/NetezzaDialextExt/NetezzaDialectHelper|,|java+class:///org/hibernate/dialect/PostgreSQLDialect|>,|project://squirrel/src/net/sourceforge/squirrel_sql/fw/dialects/NetezzaDialextExt.java|(2184,8,<53,3>,<53,11>)>,
  <<|java+class:///net/sourceforge/squirrel_sql/fw/gui/TextPopupMenu/PasteAction|,|java+class:///net/sourceforge/squirrel_sql/fw/gui/action/BaseAction|>,|project://squirrel/src/net/sourceforge/squirrel_sql/fw/gui/TextPopupMenu.java|(4021,52,<169,3>,<169,55>)>,
  <<|java+class:///net/sourceforge/squirrel_sql/fw/datasetviewer/DataSetModelEvent|,|java+class:///java/util/EventObject|>,|project://squirrel/src/net/sourceforge/squirrel_sql/fw/datasetviewer/DataSetModelEvent.java|(1200,27,<31,2>,<31,29>)>,
  <<|java+class:///net/sourceforge/squirrel_sql/fw/gui/ChooserPreviewer|,|java+class:///javax/swing/JComponent|>,|project://squirrel/src/net/sourceforge/squirrel_sql/fw/gui/ChooserPreviewer.java|(3035,8,<89,2>,<89,10>)>,
  <<|java+class:///net/sourceforge/squirrel_sql/fw/util/FileExtensionFilter|,|java+class:///javax/swing/filechooser/FileFilter|>,|project://squirrel/src/net/sourceforge/squirrel_sql/fw/util/FileExtensionFilter.java|(1167,8,<31,2>,<31,10>)>,
  <<|java+class:///net/sourceforge/squirrel_sql/fw/sql/SQLExecutionException|,|java+class:///java/lang/Throwable|>,|project://squirrel/src/net/sourceforge/squirrel_sql/fw/sql/SQLExecutionException.java|(1174,13,<29,8>,<29,21>)>,
  <<|java+class:///net/sourceforge/squirrel_sql/fw/gui/DefaultFileListBoxModel|,|java+class:///javax/swing/DefaultListModel|>,|project://squirrel/src/net/sourceforge/squirrel_sql/fw/gui/DefaultFileListBoxModel.java|(1231,8,<37,2>,<37,10>)>,
  <<|java+class:///net/sourceforge/squirrel_sql/fw/util/StringManager|,|java+project:///|>,|project://squirrel/src/net/sourceforge/squirrel_sql/fw/util/StringManager.java|(2094,8,<57,2>,<57,10>)>,
  <<|java+class:///net/sourceforge/squirrel_sql/fw/sql/WrappedSQLException|,|java+class:///net/sourceforge/squirrel_sql/fw/util/BaseException|>,|project://squirrel/src/net/sourceforge/squirrel_sql/fw/sql/WrappedSQLException.java|(1566,23,<44,2>,<44,25>)>,
  <<|java+class:///net/sourceforge/squirrel_sql/fw/id/UidIdentifierFactory|,|java+project:///|>,|project://squirrel/src/net/sourceforge/squirrel_sql/fw/id/UidIdentifierFactory.java|(1152,8,<33,2>,<33,10>)>,
  <<|java+class:///net/sourceforge/squirrel_sql/fw/gui/action/TableCopyWhereStatementCommand|,|java+class:///net/sourceforge/squirrel_sql/fw/gui/action/TableCopySqlPartCommandBase|>,|project://squirrel/src/net/sourceforge/squirrel_sql/fw/gui/action/TableCopyWhereStatementCommand.java|(1914,8,<53,6>,<53,14>)>,
  <<|java+class:///net/sourceforge/squirrel_sql/fw/gui/MaximizeInternalFramePositioner|,|java+project:///|>,|project://squirrel/src/net/sourceforge/squirrel_sql/fw/gui/MaximizeInternalFramePositioner.java|(1385,8,<38,2>,<38,10>)>,
  <<|java+class:///net/sourceforge/squirrel_sql/fw/xml/XMLException|,|java+class:///net/sourceforge/squirrel_sql/fw/util/BaseException|>,|project://squirrel/src/net/sourceforge/squirrel_sql/fw/xml/XMLException.java|(1236,11,<35,2>,<35,13>)>,
  <<|java+class:///net/sourceforge/squirrel_sql/fw/xml/XMLException|,|java+class:///net/sourceforge/squirrel_sql/fw/util/BaseException|>,|project://squirrel/src/net/sourceforge/squirrel_sql/fw/xml/XMLException.java|(1422,14,<45,2>,<45,16>)>,
  <<|java+class:///net/sourceforge/squirrel_sql/fw/gui/TablePopupMenu/MakeEditableAction|,|java+class:///net/sourceforge/squirrel_sql/fw/gui/action/BaseAction|>,|project://squirrel/src/net/sourceforge/squirrel_sql/fw/gui/TablePopupMenu.java|(13779,60,<501,3>,<501,63>)>,
  <<|java+class:///net/sourceforge/squirrel_sql/fw/gui/IntegerField|,|java+class:///javax/swing/JTextField|>,|project://squirrel/src/net/sourceforge/squirrel_sql/fw/gui/IntegerField.java|(1363,8,<40,2>,<40,10>)>,
  <<|java+class:///net/sourceforge/squirrel_sql/fw/gui/IntegerField|,|java+class:///javax/swing/JTextField|>,|project://squirrel/src/net/sourceforge/squirrel_sql/fw/gui/IntegerField.java|(1498,12,<50,2>,<50,14>)>,
  <<|java+class:///net/sourceforge/squirrel_sql/fw/sql/ForeignKeyColumnInfo|,|java+project:///|>,|project://squirrel/src/net/sourceforge/squirrel_sql/fw/sql/ForeignKeyColumnInfo.java|(1200,8,<34,2>,<34,10>)>,
  <<|java+class:///net/sourceforge/squirrel_sql/fw/datasetviewer/PopupEditableIOPanel/WordWrapAction|,|java+class:///net/sourceforge/squirrel_sql/fw/gui/action/BaseAction|>,|project://squirrel/src/net/sourceforge/squirrel_sql/fw/datasetviewer/PopupEditableIOPanel.java|(35804,124,<972,3>,<973,65>)>,
  <<|java+class:///net/sourceforge/squirrel_sql/fw/datasetviewer/DataSetDefinition|,|java+project:///|>,|project://squirrel/src/net/sourceforge/squirrel_sql/fw/datasetviewer/DataSetDefinition.java|(1243,8,<34,2>,<34,10>)>,
  <<|java+class:///net/sourceforge/squirrel_sql/fw/dialects/MySQLDialectExt/MySQLDialectHelper|,|java+class:///org/hibernate/dialect/MySQLDialect|>,|project://squirrel/src/net/sourceforge/squirrel_sql/fw/dialects/MySQLDialectExt.java|(1678,8,<51,3>,<51,11>)>,
  <<|java+class:///net/sourceforge/squirrel_sql/fw/gui/TextPopupMenu/CopyAction|,|java+class:///net/sourceforge/squirrel_sql/fw/gui/action/BaseAction|>,|project://squirrel/src/net/sourceforge/squirrel_sql/fw/gui/TextPopupMenu.java|(3781,51,<153,3>,<153,54>)>,
  <<|java+class:///net/sourceforge/squirrel_sql/fw/gui/ErrorDialog/MessagePanel|,|java+class:///net/sourceforge/squirrel_sql/fw/gui/MultipleLineLabel|>,|project://squirrel/src/net/sourceforge/squirrel_sql/fw/gui/ErrorDialog.java|(7972,8,<294,3>,<294,11>)>,
  <<|java+class:///net/sourceforge/squirrel_sql/fw/util/beanwrapper/DimensionWrapper|,|java+project:///|>,|project://squirrel/src/net/sourceforge/squirrel_sql/fw/util/beanwrapper/DimensionWrapper.java|(1753,8,<62,2>,<62,10>)>,
  <<|java+class:///net/sourceforge/squirrel_sql/fw/sql/ResultSetReader|,|java+project:///|>,|project://squirrel/src/net/sourceforge/squirrel_sql/fw/sql/ResultSetReader.java|(3586,8,<104,2>,<104,10>)>,
  <<|java+class:///net/sourceforge/squirrel_sql/fw/gui/TablePopupMenu|,|java+class:///net/sourceforge/squirrel_sql/fw/gui/BasePopupMenu|>,|project://squirrel/src/net/sourceforge/squirrel_sql/fw/gui/TablePopupMenu.java|(6965,8,<181,2>,<181,10>)>,
  <<|java+class:///net/sourceforge/squirrel_sql/fw/gui/TablePopupMenu|,|java+class:///net/sourceforge/squirrel_sql/fw/gui/BasePopupMenu|>,|project://squirrel/src/net/sourceforge/squirrel_sql/fw/gui/TablePopupMenu.java|(4591,8,<114,2>,<114,10>)>,
  <<|java+class:///net/sourceforge/squirrel_sql/fw/gui/FontInfo|,|java+project:///|>,|project://squirrel/src/net/sourceforge/squirrel_sql/fw/gui/FontInfo.java|(1367,8,<44,2>,<44,10>)>,
  <<|java+class:///net/sourceforge/squirrel_sql/fw/gui/FontInfo|,|java+project:///|>,|project://squirrel/src/net/sourceforge/squirrel_sql/fw/gui/FontInfo.java|(1457,8,<51,2>,<51,10>)>,
  <<|java+class:///net/sourceforge/squirrel_sql/fw/gui/ToolBar|,|java+class:///javax/swing/JToolBar|>,|project://squirrel/src/net/sourceforge/squirrel_sql/fw/gui/ToolBar.java|(1338,8,<36,6>,<36,14>)>,
  <<|java+class:///net/sourceforge/squirrel_sql/fw/gui/ToolBar|,|java+class:///javax/swing/JToolBar|>,|project://squirrel/src/net/sourceforge/squirrel_sql/fw/gui/ToolBar.java|(1399,19,<41,6>,<41,25>)>,
  <<|java+class:///net/sourceforge/squirrel_sql/fw/util/BaseException|,|java+class:///java/lang/Exception|>,|project://squirrel/src/net/sourceforge/squirrel_sql/fw/util/BaseException.java|(1428,30,<48,2>,<48,32>)>,
  <<|java+class:///net/sourceforge/squirrel_sql/fw/util/BaseException|,|java+class:///java/lang/Exception|>,|project://squirrel/src/net/sourceforge/squirrel_sql/fw/util/BaseException.java|(1644,14,<59,6>,<59,20>)>,
  <<|java+class:///net/sourceforge/squirrel_sql/fw/sql/dbobj/BestRowIdentifier|,|java+class:///net/sourceforge/squirrel_sql/fw/sql/DatabaseObjectInfo|>,|project://squirrel/src/net/sourceforge/squirrel_sql/fw/sql/dbobj/BestRowIdentifier.java|(1845,70,<49,2>,<49,72>)>,
  <<|java+class:///net/sourceforge/squirrel_sql/fw/gui/MemoryComboBox|,|java+class:///javax/swing/JComboBox|>,|project://squirrel/src/net/sourceforge/squirrel_sql/fw/gui/MemoryComboBox.java|(1184,8,<37,2>,<37,10>)>,
  <<|java+class:///net/sourceforge/squirrel_sql/fw/sql/SQLDriverPropertyCollection|,|java+project:///|>,|project://squirrel/src/net/sourceforge/squirrel_sql/fw/sql/SQLDriverPropertyCollection.java|(1898,8,<57,2>,<57,10>)>,
  <<|java+class:///net/sourceforge/squirrel_sql/fw/datasetviewer/DataSetScrollingPanel/UIUpdater|,|java+project:///|>,|project://squirrel/src/net/sourceforge/squirrel_sql/fw/datasetviewer/DataSetScrollingPanel.java|(2982,8,<113,3>,<113,11>)>,
  <<|java+class:///net/sourceforge/squirrel_sql/fw/datasetviewer/RowDataInputFrame/RowDataModel|,|java+class:///javax/swing/table/DefaultTableModel|>,|project://squirrel/src/net/sourceforge/squirrel_sql/fw/datasetviewer/RowDataInputFrame.java|(11472,8,<346,3>,<346,11>)>,
  <<|java+class:///net/sourceforge/squirrel_sql/fw/sql/MetaDataDataSet|,|java+project:///|>,|project://squirrel/src/net/sourceforge/squirrel_sql/fw/sql/MetaDataDataSet.java|(3364,8,<92,2>,<92,10>)>,
  <<|java+class:///net/sourceforge/squirrel_sql/fw/dialects/SQLServerDialectExt/SQLServerDialectHelper|,|java+class:///org/hibernate/dialect/SybaseDialect|>,|project://squirrel/src/net/sourceforge/squirrel_sql/fw/dialects/SQLServerDialectExt.java|(1595,8,<44,3>,<44,11>)>,
  <<|java+class:///net/sourceforge/squirrel_sql/fw/datasetviewer/DataSetViewerTextPanel|,|java+class:///net/sourceforge/squirrel_sql/fw/datasetviewer/BaseDataSetViewerDestination|>,|project://squirrel/src/net/sourceforge/squirrel_sql/fw/datasetviewer/DataSetViewerTextPanel.java|(1963,8,<52,2>,<52,10>)>,
  <<|java+class:///net/sourceforge/squirrel_sql/fw/sql/dbobj/adapter/AdapterFactory|,|java+project:///|>,|project://squirrel/src/net/sourceforge/squirrel_sql/fw/sql/dbobj/adapter/AdapterFactory.java|(1218,8,<34,2>,<34,10>)>,
  <<|java+class:///net/sourceforge/squirrel_sql/fw/gui/TablePopupMenu/CopyAction|,|java+class:///net/sourceforge/squirrel_sql/fw/gui/action/BaseAction|>,|project://squirrel/src/net/sourceforge/squirrel_sql/fw/gui/TablePopupMenu.java|(8648,52,<257,3>,<257,55>)>,
  <<|java+class:///net/sourceforge/squirrel_sql/fw/util/ProxyHandler|,|java+project:///|>,|project://squirrel/src/net/sourceforge/squirrel_sql/fw/util/ProxyHandler.java|(1461,8,<40,2>,<40,10>)>,
  <<|java+class:///net/sourceforge/squirrel_sql/fw/id/IntegerIdentifier|,|java+project:///|>,|project://squirrel/src/net/sourceforge/squirrel_sql/fw/id/IntegerIdentifier.java|(1159,8,<35,2>,<35,10>)>,
  <<|java+class:///net/sourceforge/squirrel_sql/fw/gui/action/TableCopyInsertStatementCommand|,|java+class:///net/sourceforge/squirrel_sql/fw/gui/action/TableCopySqlPartCommandBase|>,|project://squirrel/src/net/sourceforge/squirrel_sql/fw/gui/action/TableCopyInsertStatementCommand.java|(2023,8,<55,6>,<55,14>)>,
  <<|java+class:///net/sourceforge/squirrel_sql/fw/sql/DataTypeInfo|,|java+class:///net/sourceforge/squirrel_sql/fw/sql/DatabaseObjectInfo|>,|project://squirrel/src/net/sourceforge/squirrel_sql/fw/sql/DataTypeInfo.java|(1902,61,<49,2>,<49,63>)>,
  <<|java+class:///net/sourceforge/squirrel_sql/fw/util/ObjectCache/CacheEntry|,|java+project:///|>,|project://squirrel/src/net/sourceforge/squirrel_sql/fw/util/ObjectCache.java|(5826,8,<198,3>,<198,11>)>,
  <<|java+class:///net/sourceforge/squirrel_sql/fw/dialects/IntersystemsCacheDialectExt/CacheHelper|,|java+class:///org/hibernate/dialect/Cache71Dialect|>,|project://squirrel/src/net/sourceforge/squirrel_sql/fw/dialects/IntersystemsCacheDialectExt.java|(1350,8,<37,9>,<37,17>)>,
  <<|java+class:///net/sourceforge/squirrel_sql/fw/sql/MetaDataListDataSet|,|java+project:///|>,|project://squirrel/src/net/sourceforge/squirrel_sql/fw/sql/MetaDataListDataSet.java|(2085,8,<53,2>,<53,10>)>,
  <<|java+class:///net/sourceforge/squirrel_sql/fw/sql/SQLDriverProperty|,|java+project:///|>,|project://squirrel/src/net/sourceforge/squirrel_sql/fw/sql/SQLDriverProperty.java|(2032,8,<70,2>,<70,10>)>,
  <<|java+class:///net/sourceforge/squirrel_sql/fw/sql/SQLDriverProperty|,|java+project:///|>,|project://squirrel/src/net/sourceforge/squirrel_sql/fw/sql/SQLDriverProperty.java|(2412,8,<89,2>,<89,10>)>,
  <<|java+class:///net/sourceforge/squirrel_sql/fw/sql/SQLDriverProperty|,|java+project:///|>,|project://squirrel/src/net/sourceforge/squirrel_sql/fw/sql/SQLDriverProperty.java|(1899,8,<62,2>,<62,10>)>,
  <<|java+class:///net/sourceforge/squirrel_sql/fw/gui/TablePopupMenu/UndoMakeEditableAction|,|java+class:///net/sourceforge/squirrel_sql/fw/gui/action/BaseAction|>,|project://squirrel/src/net/sourceforge/squirrel_sql/fw/gui/TablePopupMenu.java|(14204,64,<523,3>,<523,67>)>,
  <<|java+class:///net/sourceforge/squirrel_sql/fw/resources/LibraryResources|,|java+class:///net/sourceforge/squirrel_sql/fw/util/Resources|>,|project://squirrel/src/net/sourceforge/squirrel_sql/fw/resources/LibraryResources.java|(1211,85,<33,2>,<34,45>)>,
  <<|java+class:///net/sourceforge/squirrel_sql/fw/gui/BeanPropertyTableModel|,|java+class:///javax/swing/table/DefaultTableModel|>,|project://squirrel/src/net/sourceforge/squirrel_sql/fw/gui/BeanPropertyTableModel.java|(1906,8,<50,2>,<50,10>)>,
  <<|java+class:///net/sourceforge/squirrel_sql/fw/gui/TextPopupMenu|,|java+class:///net/sourceforge/squirrel_sql/fw/gui/BasePopupMenu|>,|project://squirrel/src/net/sourceforge/squirrel_sql/fw/gui/TextPopupMenu.java|(1967,8,<61,2>,<61,10>)>,
  <<|java+class:///net/sourceforge/squirrel_sql/fw/sql/SQLConnection|,|java+project:///|>,|project://squirrel/src/net/sourceforge/squirrel_sql/fw/sql/SQLConnection.java|(2770,8,<75,2>,<75,10>)>
]