{
  <<|java+class:///kiwi/ui/TextureViewer|,|java+class:///kiwi/ui/KPanel|>,2,|java+class:///javax/swing/JComponent|>,
  <<|java+class:///kiwi/ui/WizardPanel|,|java+class:///kiwi/ui/KPanel|>,2,|java+class:///java/lang/Object|>,
  <<|java+class:///kiwi/ui/DateChooser|,|java+class:///kiwi/ui/KPanel|>,2,|java+class:///java/awt/Component|>,
  <<|java+class:///kiwi/ui/AudioClipViewer|,|java+class:///kiwi/ui/KPanel|>,2,|java+class:///javax/swing/JComponent|>,
  <<|java+class:///net/roarsoftware/lastfm/MusicEntry|,|java+class:///net/roarsoftware/lastfm/ImageHolder|>,2,|java+class:///net/roarsoftware/lastfm/ImageHolder|>,
  <<|java+class:///kiwi/ui/DateChooser/CalendarPane|,|java+class:///javax/swing/JComponent|>,2,|java+class:///java/awt/Component|>,
  <<|java+class:///kiwi/ui/StatusBar|,|java+class:///kiwi/ui/KPanel|>,2,|java+class:///java/awt/Component|>,
  <<|java+class:///kiwi/util/DateHolder|,|java+class:///kiwi/util/HolderObject|>,2,|java+class:///java/lang/Object|>,
  <<|java+class:///kiwi/ui/WorkspaceEditor/_MouseListener|,|java+class:///java/awt/event/MouseAdapter|>,2,|java+interface:///java/awt/event/MouseListener|>,
  <<|java+class:///kiwi/util/BooleanHolder|,|java+class:///kiwi/util/HolderObject|>,2,|java+class:///java/lang/Object|>,
  <<|java+class:///ca/bc/webarts/widgets/ImageCanvas|,|java+class:///java/awt/Canvas|>,2,|java+interface:///java/awt/image/ImageObserver|>,
  <<|java+class:///kiwi/ui/KPanel|,|java+class:///javax/swing/JPanel|>,2,|java+interface:///java/awt/image/ImageObserver|>,
  <<|java+class:///ca/bc/webarts/widgets/PopUpButton|,|java+class:///javax/swing/JButton|>,2,|java+interface:///java/beans/PropertyChangeListener|>,
  <<|java+class:///kiwi/ui/StateIndicator|,|java+class:///javax/swing/JLabel|>,2,|java+class:///java/awt/Component|>,
  <<|java+class:///ca/bc/webarts/widgets/PopUpButton/ListMouseListener|,|java+class:///java/awt/event/MouseAdapter|>,2,|java+interface:///java/awt/event/MouseListener|>,
  <<|java+class:///kiwi/ui/NumericField|,|java+class:///kiwi/ui/DataField|>,2,|java+class:///javax/swing/JTextField|>,
  <<|java+class:///kiwi/ui/DataField|,|java+class:///javax/swing/JTextField|>,2,|java+class:///javax/swing/JComponent|>,
  <<|java+class:///kiwi/ui/ToggleIndicator|,|java+class:///javax/swing/JLabel|>,2,|java+class:///java/awt/Component|>,
  <<|java+class:///net/roarsoftware/lastfm/Track|,|java+class:///net/roarsoftware/lastfm/MusicEntry|>,2,|java+class:///net/roarsoftware/lastfm/ImageHolder|>,
  <<|java+class:///kiwi/ui/WizardPanel|,|java+class:///kiwi/ui/KPanel|>,2,|java+class:///java/awt/Component|>,
  <<|java+class:///ca/bc/webarts/widgets/ImageCanvas|,|java+class:///java/awt/Canvas|>,2,|java+class:///java/awt/Component|>,
  <<|java+class:///kiwi/ui/KButton|,|java+class:///javax/swing/JButton|>,2,|java+class:///java/awt/Component|>,
  <<|java+class:///kiwi/ui/KPanel|,|java+class:///javax/swing/JPanel|>,2,|java+class:///java/lang/Object|>,
  <<|java+class:///kiwi/ui/DateField|,|java+class:///kiwi/ui/DataField|>,2,|java+class:///java/awt/Component|>,
  <<|java+class:///kiwi/ui/KPanel|,|java+class:///javax/swing/JPanel|>,2,|java+class:///java/awt/Component|>,
  <<|java+class:///ca/bc/webarts/widgets/JCheckDropDown|,|java+class:///ca/bc/webarts/widgets/PopUpButton|>,2,|java+class:///java/awt/Component|>,
  <<|java+class:///kiwi/ui/TreeTable|,|java+class:///javax/swing/JTable|>,2,|java+class:///java/awt/Component|>,
  <<|java+class:///kiwi/ui/KScrollPane|,|java+class:///javax/swing/JScrollPane|>,2,|java+class:///java/awt/Component|>,
  <<|java+class:///kiwi/ui/DateChooser|,|java+class:///kiwi/ui/KPanel|>,2,|java+class:///java/lang/Object|>,
  <<|java+class:///kiwi/ui/DateChooser/CalendarPane/_MouseListener2|,|java+class:///java/awt/event/MouseAdapter|>,2,|java+interface:///java/awt/event/MouseListener|>,
  <<|java+class:///kiwi/ui/ModelTreeCellRenderer|,|java+class:///javax/swing/JLabel|>,2,|java+class:///java/awt/Component|>,
  <<|java+class:///kiwi/ui/ModelListCellRenderer|,|java+class:///javax/swing/JLabel|>,2,|java+class:///java/awt/Component|>,
  <<|java+class:///ca/bc/webarts/widgets/PopUpButton|,|java+class:///javax/swing/JButton|>,2,|java+interface:///java/awt/event/ActionListener|>,
  <<|java+class:///kiwi/ui/DataField|,|java+class:///javax/swing/JTextField|>,2,|java+class:///java/awt/Component|>,
  <<|java+class:///kiwi/ui/KPanel|,|java+class:///javax/swing/JPanel|>,2,|java+class:///javax/swing/JComponent|>,
  <<|java+class:///kiwi/ui/ScrollbackView/FastListModel|,|java+class:///javax/swing/AbstractListModel|>,2,|java+interface:///javax/swing/ListModel|>,
  <<|java+class:///kiwi/ui/KTable/_SelectionModel|,|java+class:///javax/swing/DefaultListSelectionModel|>,2,|java+interface:///javax/swing/ListSelectionModel|>,
  <<|java+class:///kiwi/ui/DataField|,|java+class:///javax/swing/JTextField|>,2,|java+class:///java/lang/Object|>,
  <<|java+class:///kiwi/ui/DocumentBrowserView|,|java+class:///kiwi/ui/KPanel|>,2,|java+class:///java/awt/Component|>,
  <<|java+class:///kiwi/ui/ButtonPanel|,|java+class:///kiwi/ui/KPanel|>,2,|java+class:///java/awt/Component|>,
  <<|java+class:///kiwi/ui/NumericField|,|java+class:///kiwi/ui/DataField|>,2,|java+class:///java/awt/Component|>,
  <<|java+class:///ca/bc/webarts/widgets/PopUpButton|,|java+class:///javax/swing/JButton|>,2,|java+class:///java/lang/Object|>,
  <<|java+class:///kiwi/ui/ColoredCellRenderer|,|java+class:///javax/swing/JLabel|>,2,|java+class:///java/awt/Component|>,
  <<|java+class:///kiwi/ui/KFrame/_WindowListener|,|java+class:///java/awt/event/WindowAdapter|>,2,|java+interface:///java/awt/event/WindowListener|>,
  <<|java+class:///kiwi/ui/WorkspaceEditor|,|java+class:///javax/swing/JInternalFrame|>,2,|java+class:///java/lang/Object|>,
  <<|java+class:///kiwi/ui/HeaderCellRenderer|,|java+interface:///javax/swing/table/TableCellRenderer|>,2,|java+interface:///javax/swing/table/TableCellRenderer|>,
  <<|java+class:///kiwi/ui/MarkupProxy|,|java+class:///javax/swing/JLabel|>,2,|java+class:///java/awt/Component|>,
  <<|java+class:///kiwi/ui/WizardView|,|java+class:///kiwi/ui/KPanel|>,2,|java+class:///java/lang/Object|>,
  <<|java+interface:///org/jconfig/event/FileListener|,|java+interface:///java/util/EventListener|>,2,|java+class:///java/lang/Object|>,
  <<|java+class:///kiwi/ui/BooleanCellRenderer|,|java+class:///javax/swing/JCheckBox|>,2,|java+class:///java/awt/Component|>,
  <<|java+class:///ca/bc/webarts/widgets/PopUpButton|,|java+class:///javax/swing/JButton|>,2,|java+class:///java/awt/Component|>,
  <<|java+class:///kiwi/ui/ColorSwatchCellRenderer|,|java+class:///javax/swing/JLabel|>,2,|java+class:///java/awt/Component|>,
  <<|java+class:///kiwi/ui/WorkspaceEditor|,|java+class:///javax/swing/JInternalFrame|>,2,|java+class:///java/awt/Component|>,
  <<|java+class:///kiwi/ui/ScrollbackView|,|java+class:///javax/swing/JList|>,2,|java+class:///java/awt/Component|>,
  <<|java+class:///kiwi/ui/KFileChooser|,|java+class:///javax/swing/JFileChooser|>,2,|java+class:///java/awt/Component|>,
  <<|java+class:///kiwi/ui/HeaderCellRenderer|,|java+class:///javax/swing/JPanel|>,2,|java+class:///java/awt/Component|>,
  <<|java+class:///kiwi/ui/KLabel|,|java+class:///javax/swing/JLabel|>,2,|java+class:///java/awt/Component|>,
  <<|java+class:///kiwi/util/Config|,|java+class:///java/util/Properties|>,2,|java+class:///java/lang/Object|>,
  <<|java+class:///kiwi/ui/ImageView|,|java+class:///kiwi/ui/KPanel|>,2,|java+interface:///java/awt/image/ImageObserver|>,
  <<|java+class:///ca/bc/webarts/widgets/Splash|,|java+class:///java/awt/Frame|>,2,|java+interface:///java/awt/image/ImageObserver|>,
  <<|java+class:///kiwi/ui/KTable/_HeaderRenderer|,|java+class:///kiwi/ui/HeaderCellRenderer|>,2,|java+interface:///javax/swing/table/TableCellRenderer|>,
  <<|java+class:///kiwi/ui/NumericField|,|java+class:///kiwi/ui/DataField|>,2,|java+class:///javax/swing/JComponent|>,
  <<|java+class:///ca/bc/webarts/widgets/ExampleFileFilter|,|java+class:///javax/swing/filechooser/FileFilter|>,2,|java+interface:///java/awt/event/ActionListener|>,
  <<|java+class:///kiwi/ui/Thermometer|,|java+class:///kiwi/ui/KPanel|>,2,|java+class:///javax/swing/JComponent|>,
  <<|java+class:///ca/bc/webarts/widgets/ColouredLabel|,|java+class:///javax/swing/JLabel|>,2,|java+class:///java/awt/Component|>,
  <<|java+class:///kiwi/ui/KPanel|,|java+class:///javax/swing/JPanel|>,2,|java+class:///java/awt/Container|>,
  <<|java+interface:///ca/bc/webarts/widgets/dnd/FileDropListener|,|java+interface:///java/util/EventListener|>,2,|java+class:///java/lang/Object|>,
  <<|java+class:///org/jconfig/FileWatcher|,|java+class:///java/lang/Thread|>,2,|java+interface:///java/lang/Runnable|>,
  <<|java+class:///kiwi/ui/ImageView|,|java+class:///kiwi/ui/KPanel|>,2,|java+class:///java/awt/Component|>,
  <<|java+class:///ca/bc/webarts/widgets/dnd/DnDList|,|java+class:///javax/swing/JList|>,2,|java+class:///java/awt/Component|>,
  <<|java+class:///kiwi/ui/ToolTipWindow|,|java+class:///java/awt/Window|>,2,|java+class:///java/lang/Object|>,
  <<|java+class:///ca/bc/webarts/widgets/JCheckDropDown/ListCheckBoxMouseListsener|,|java+class:///java/awt/event/MouseAdapter|>,2,|java+interface:///java/awt/event/MouseListener|>,
  <<|java+class:///kiwi/ui/DataField|,|java+class:///javax/swing/JTextField|>,2,|java+class:///javax/swing/JTextField|>,
  <<|java+class:///kiwi/ui/KButton|,|java+class:///javax/swing/JButton|>,2,|java+class:///javax/swing/AbstractButton|>,
  <<|java+class:///kiwi/ui/ModelTableCellRenderer|,|java+class:///javax/swing/JLabel|>,2,|java+class:///java/awt/Component|>,
  <<|java+class:///kiwi/ui/ArrowButtonView|,|java+class:///kiwi/ui/KPanel|>,2,|java+class:///java/lang/Object|>
}