[
  <<|java+class:///kiwi/util/Counter|,|java+class:///kiwi/util/IntegerHolder|>,220,<|java+field:///kiwi/util/IntegerHolder/value|,|java+method:///kiwi/util/Counter/increment()|>>,
  <<|java+class:///kiwi/util/Counter|,|java+class:///kiwi/util/IntegerHolder|>,220,<|java+field:///kiwi/util/IntegerHolder/value|,|java+method:///kiwi/util/Counter/decrement()|>>,
  <<|java+class:///net/roarsoftware/lastfm/Artist|,|java+class:///net/roarsoftware/lastfm/MusicEntry|>,220,<|java+method:///net/roarsoftware/lastfm/MusicEntry/loadStandardInfo(net.roarsoftware.lastfm.MusicEntry,net.roarsoftware.xml.DomElement)|,|java+method:///net/roarsoftware/lastfm/Artist/artistFromElement(net.roarsoftware.xml.DomElement)|>>,
  <<|java+class:///net/roarsoftware/lastfm/Track|,|java+class:///net/roarsoftware/lastfm/ImageHolder|>,220,<|java+method:///net/roarsoftware/lastfm/ImageHolder/loadImages(net.roarsoftware.lastfm.ImageHolder,net.roarsoftware.xml.DomElement)|,|java+method:///net/roarsoftware/lastfm/Track/getInfo(java.lang.String,java.lang.String,java.lang.String)|>>,
  <<|java+class:///net/roarsoftware/lastfm/Track|,|java+class:///net/roarsoftware/lastfm/MusicEntry|>,220,<|java+method:///net/roarsoftware/lastfm/MusicEntry/loadStandardInfo(net.roarsoftware.lastfm.MusicEntry,net.roarsoftware.xml.DomElement)|,|java+method:///net/roarsoftware/lastfm/Track/trackFromElement(net.roarsoftware.xml.DomElement,java.lang.String)|>>,
  <<|java+class:///ca/bc/webarts/JOggPlayerAutoUpdating|,|java+class:///ca/bc/webarts/tools/AutoUpdateApp|>,220,<|java+field:///ca/bc/webarts/tools/AutoUpdateApp/appPropertyFilename_|,|java+constructor:///ca/bc/webarts/JOggPlayerAutoUpdating/JOggPlayerAutoUpdating()|>>,
  <<|java+class:///ca/bc/webarts/JOggPlayerAutoUpdating|,|java+class:///ca/bc/webarts/tools/AutoUpdateApp|>,220,<|java+field:///ca/bc/webarts/tools/AutoUpdateApp/appName_|,|java+constructor:///ca/bc/webarts/JOggPlayerAutoUpdating/JOggPlayerAutoUpdating()|>>,
  <<|java+class:///ca/bc/webarts/JOggPlayerAutoUpdating|,|java+class:///ca/bc/webarts/tools/AutoUpdateApp|>,220,<|java+method:///ca/bc/webarts/tools/AutoUpdateApp/runApp(java.util.Properties)|,|java+method:///ca/bc/webarts/JOggPlayerAutoUpdating/main(java.lang.String%5B%5D)|>>,
  <<|java+class:///ca/bc/webarts/JOggPlayerAutoUpdating|,|java+class:///ca/bc/webarts/tools/AutoUpdateApp|>,220,<|java+field:///ca/bc/webarts/tools/AutoUpdateApp/appName_|,|java+method:///ca/bc/webarts/JOggPlayerAutoUpdating/main(java.lang.String%5B%5D)|>>,
  <<|java+class:///ca/bc/webarts/JOggPlayerAutoUpdating|,|java+class:///ca/bc/webarts/tools/AutoUpdateApp|>,220,<|java+method:///ca/bc/webarts/tools/AutoUpdateApp/loadAutoAppPropertiesFile()|,|java+method:///ca/bc/webarts/JOggPlayerAutoUpdating/main(java.lang.String%5B%5D)|>>,
  <<|java+class:///net/roarsoftware/lastfm/Album|,|java+class:///net/roarsoftware/lastfm/MusicEntry|>,220,<|java+method:///net/roarsoftware/lastfm/MusicEntry/loadStandardInfo(net.roarsoftware.lastfm.MusicEntry,net.roarsoftware.xml.DomElement)|,|java+method:///net/roarsoftware/lastfm/Album/albumFromElement(net.roarsoftware.xml.DomElement,java.lang.String)|>>,
  <<|java+class:///net/roarsoftware/lastfm/Album|,|java+class:///net/roarsoftware/lastfm/MusicEntry|>,220,<|java+field:///net/roarsoftware/lastfm/MusicEntry/tags|,|java+method:///net/roarsoftware/lastfm/Album/albumFromElement(net.roarsoftware.xml.DomElement,java.lang.String)|>>,
  <<|java+class:///kiwi/ui/NumericField|,|java+class:///kiwi/ui/DataField|>,220,<|java+method:///kiwi/ui/DataField/validateInput()|,|java+method:///kiwi/ui/NumericField/setType(int)|>>,
  <<|java+class:///kiwi/ui/NumericField|,|java+class:///kiwi/ui/DataField|>,220,<|java+field:///kiwi/ui/DataField/invalid|,|java+method:///kiwi/ui/NumericField/getValue()|>>,
  <<|java+class:///kiwi/ui/NumericField|,|java+class:///kiwi/ui/DataField|>,220,<|java+method:///kiwi/ui/DataField/setText(java.lang.String)|,|java+method:///kiwi/ui/NumericField/setValue(double)|>>,
  <<|java+class:///kiwi/ui/NumericField|,|java+class:///kiwi/ui/DataField|>,220,<|java+method:///kiwi/ui/DataField/paintInvalid(boolean)|,|java+method:///kiwi/ui/NumericField/setValue(double)|>>,
  <<|java+class:///kiwi/ui/NumericField|,|java+class:///kiwi/ui/DataField|>,220,<|java+field:///kiwi/ui/DataField/invalid|,|java+method:///kiwi/ui/NumericField/setValue(double)|>>,
  <<|java+class:///kiwi/ui/NumericField|,|java+class:///kiwi/ui/DataField|>,220,<|java+method:///kiwi/ui/DataField/paintInvalid(boolean)|,|java+method:///kiwi/ui/NumericField/checkInput()|>>,
  <<|java+class:///kiwi/ui/NumericField|,|java+class:///kiwi/ui/DataField|>,220,<|java+field:///kiwi/ui/DataField/invalid|,|java+method:///kiwi/ui/NumericField/checkInput()|>>,
  <<|java+class:///com/jcraft/jorbis/Residue1|,|java+class:///com/jcraft/jorbis/Residue0|>,220,<|java+method:///com/jcraft/jorbis/Residue0/_01inverse(com.jcraft.jorbis.Block,java.lang.Object,float%5B%5D%5B%5D,int,int)|,|java+method:///com/jcraft/jorbis/Residue1/inverse(com.jcraft.jorbis.Block,java.lang.Object,float%5B%5D%5B%5D,int%5B%5D,int)|>>,
  <<|java+class:///com/jcraft/jorbis/Residue2|,|java+class:///com/jcraft/jorbis/Residue0|>,220,<|java+method:///com/jcraft/jorbis/Residue0/_2inverse(com.jcraft.jorbis.Block,java.lang.Object,float%5B%5D%5B%5D,int)|,|java+method:///com/jcraft/jorbis/Residue2/inverse(com.jcraft.jorbis.Block,java.lang.Object,float%5B%5D%5B%5D,int%5B%5D,int)|>>,
  <<|java+class:///net/roarsoftware/lastfm/Event|,|java+class:///net/roarsoftware/lastfm/ImageHolder|>,220,<|java+method:///net/roarsoftware/lastfm/ImageHolder/loadImages(net.roarsoftware.lastfm.ImageHolder,net.roarsoftware.xml.DomElement)|,|java+method:///net/roarsoftware/lastfm/Event/eventFromElement(net.roarsoftware.xml.DomElement)|>>,
  <<|java+class:///kiwi/ui/ConsoleFrame|,|java+class:///kiwi/ui/KFrame|>,220,<|java+method:///kiwi/ui/KFrame/getMainContainer()|,|java+constructor:///kiwi/ui/ConsoleFrame/ConsoleFrame(java.lang.String)|>>,
  <<|java+class:///kiwi/ui/ConsoleFrame|,|java+class:///kiwi/ui/KFrame|>,220,<|java+method:///kiwi/ui/KFrame/setVisible(boolean)|,|java+method:///kiwi/ui/ConsoleFrame/close()|>>,
  <<|java+class:///kiwi/ui/DateField|,|java+class:///kiwi/ui/DataField|>,220,<|java+method:///kiwi/ui/DataField/paintInvalid(boolean)|,|java+method:///kiwi/ui/DateField/checkInput()|>>,
  <<|java+class:///kiwi/ui/DateField|,|java+class:///kiwi/ui/DataField|>,220,<|java+field:///kiwi/ui/DataField/invalid|,|java+method:///kiwi/ui/DateField/checkInput()|>>,
  <<|java+class:///kiwi/ui/DateField|,|java+class:///kiwi/ui/DataField|>,220,<|java+method:///kiwi/ui/DataField/setText(java.lang.String)|,|java+method:///kiwi/ui/DateField/setDate(java.util.Date)|>>,
  <<|java+class:///kiwi/ui/DateField|,|java+class:///kiwi/ui/DataField|>,220,<|java+method:///kiwi/ui/DataField/paintInvalid(boolean)|,|java+method:///kiwi/ui/DateField/setDate(java.util.Date)|>>,
  <<|java+class:///kiwi/ui/DateField|,|java+class:///kiwi/ui/DataField|>,220,<|java+field:///kiwi/ui/DataField/invalid|,|java+method:///kiwi/ui/DateField/setDate(java.util.Date)|>>,
  <<|java+class:///kiwi/ui/TextureViewer|,|java+class:///kiwi/ui/KPanel|>,220,<|java+method:///kiwi/ui/KPanel/setTexture(java.awt.Image)|,|java+constructor:///kiwi/ui/TextureViewer/TextureViewer()|>>,
  <<|java+class:///kiwi/ui/TextureViewer|,|java+class:///kiwi/ui/KPanel|>,220,<|java+method:///kiwi/ui/KPanel/setTexture(java.awt.Image)|,|java+method:///kiwi/ui/TextureViewer/showElement(kiwi.ui.UIElement)|>>,
  <<|java+class:///kiwi/ui/PathEditor/PathListCellEditor|,|java+class:///kiwi/ui/AbstractCellEditor|>,220,<|java+method:///kiwi/ui/AbstractCellEditor/fireEditingStopped()|,|java+method:///kiwi/ui/PathEditor/PathListCellEditor/stopCellEditing()|>>,
  <<|java+class:///kiwi/ui/PathEditor/PathListCellEditor|,|java+class:///kiwi/ui/AbstractCellEditor|>,220,<|java+method:///kiwi/ui/AbstractCellEditor/fireEditingStopped()|,|java+method:///kiwi/ui/PathEditor/PathListCellEditor/actionPerformed(java.awt.event.ActionEvent)|>>,
  <<|java+class:///kiwi/ui/PathEditor/PathListCellEditor|,|java+class:///kiwi/ui/AbstractCellEditor|>,220,<|java+method:///kiwi/ui/AbstractCellEditor/fireEditingCanceled()|,|java+method:///kiwi/ui/PathEditor/PathListCellEditor/cancelCellEditing()|>>,
  <<|java+class:///net/roarsoftware/lastfm/User|,|java+class:///net/roarsoftware/lastfm/ImageHolder|>,220,<|java+method:///net/roarsoftware/lastfm/ImageHolder/loadImages(net.roarsoftware.lastfm.ImageHolder,net.roarsoftware.xml.DomElement)|,|java+method:///net/roarsoftware/lastfm/User/userFromElement(net.roarsoftware.xml.DomElement)|>>,
  <<|java+class:///net/roarsoftware/lastfm/User|,|java+class:///net/roarsoftware/lastfm/ImageHolder|>,220,<|java+method:///net/roarsoftware/lastfm/ImageHolder/getImageURL(net.roarsoftware.lastfm.ImageSize)|,|java+method:///net/roarsoftware/lastfm/User/getImageURL()|>>,
  <<|java+class:///kiwi/util/TimerPool|,|java+class:///kiwi/util/ResourcePool|>,220,<|java+method:///kiwi/util/ResourcePool/releaseResource(kiwi.util.Resource)|,|java+method:///kiwi/util/TimerPool/releaseTimer(kiwi.util.IntervalTimer)|>>,
  <<|java+class:///kiwi/util/TimerPool|,|java+class:///kiwi/util/ResourcePool|>,220,<|java+method:///kiwi/util/ResourcePool/reserveResource()|,|java+method:///kiwi/util/TimerPool/reserveTimer()|>>,
  <<|java+class:///net/roarsoftware/lastfm/MusicEntry|,|java+class:///net/roarsoftware/lastfm/ImageHolder|>,220,<|java+method:///net/roarsoftware/lastfm/ImageHolder/loadImages(net.roarsoftware.lastfm.ImageHolder,net.roarsoftware.xml.DomElement)|,|java+method:///net/roarsoftware/lastfm/MusicEntry/loadStandardInfo(net.roarsoftware.lastfm.MusicEntry,net.roarsoftware.xml.DomElement)|>>,
  <<|java+class:///ca/bc/webarts/widgets/JCheckDropDown|,|java+class:///ca/bc/webarts/widgets/PopUpButton|>,220,<|java+field:///ca/bc/webarts/widgets/PopUpButton/popUpList_|,|java+method:///ca/bc/webarts/widgets/JCheckDropDown/getItem(int)|>>,
  <<|java+class:///ca/bc/webarts/widgets/JCheckDropDown|,|java+class:///ca/bc/webarts/widgets/PopUpButton|>,220,<|java+method:///ca/bc/webarts/widgets/PopUpButton/setSelectedIndex(int)|,|java+method:///ca/bc/webarts/widgets/JCheckDropDown/setSelectedIndex(int)|>>,
  <<|java+class:///ca/bc/webarts/widgets/JCheckDropDown|,|java+class:///ca/bc/webarts/widgets/PopUpButton|>,220,<|java+field:///ca/bc/webarts/widgets/PopUpButton/popUpList_|,|java+method:///ca/bc/webarts/widgets/JCheckDropDown/getJCheckBoxIndex(java.lang.String)|>>,
  <<|java+class:///ca/bc/webarts/widgets/JCheckDropDown|,|java+class:///ca/bc/webarts/widgets/PopUpButton|>,220,<|java+field:///ca/bc/webarts/widgets/PopUpButton/popUpList_|,|java+method:///ca/bc/webarts/widgets/JCheckDropDown/getItemNonLogged(int)|>>,
  <<|java+class:///ca/bc/webarts/widgets/JCheckDropDown|,|java+class:///ca/bc/webarts/widgets/PopUpButton|>,220,<|java+field:///ca/bc/webarts/widgets/PopUpButton/listModel_|,|java+constructor:///ca/bc/webarts/widgets/JCheckDropDown/JCheckDropDown(javax.swing.JCheckBox%5B%5D)|>>,
  <<|java+class:///ca/bc/webarts/widgets/JCheckDropDown|,|java+class:///ca/bc/webarts/widgets/PopUpButton|>,220,<|java+field:///ca/bc/webarts/widgets/PopUpButton/popUpList_|,|java+constructor:///ca/bc/webarts/widgets/JCheckDropDown/JCheckDropDown(javax.swing.JCheckBox%5B%5D)|>>,
  <<|java+class:///ca/bc/webarts/widgets/JCheckDropDown|,|java+class:///ca/bc/webarts/widgets/PopUpButton|>,220,<|java+field:///ca/bc/webarts/widgets/PopUpButton/popUpScroller_|,|java+constructor:///ca/bc/webarts/widgets/JCheckDropDown/JCheckDropDown(javax.swing.JCheckBox%5B%5D)|>>,
  <<|java+class:///ca/bc/webarts/widgets/JCheckDropDown|,|java+class:///ca/bc/webarts/widgets/PopUpButton|>,220,<|java+field:///ca/bc/webarts/widgets/PopUpButton/popUpWin_|,|java+constructor:///ca/bc/webarts/widgets/JCheckDropDown/JCheckDropDown(javax.swing.JCheckBox%5B%5D)|>>,
  <<|java+class:///ca/bc/webarts/widgets/JCheckDropDown|,|java+class:///ca/bc/webarts/widgets/PopUpButton|>,220,<|java+field:///ca/bc/webarts/widgets/PopUpButton/popUpPanel_|,|java+constructor:///ca/bc/webarts/widgets/JCheckDropDown/JCheckDropDown(javax.swing.JCheckBox%5B%5D)|>>,
  <<|java+class:///ca/bc/webarts/widgets/JCheckDropDown|,|java+class:///ca/bc/webarts/widgets/PopUpButton|>,220,<|java+field:///ca/bc/webarts/widgets/PopUpButton/PopUpButtonActionListener_|,|java+constructor:///ca/bc/webarts/widgets/JCheckDropDown/JCheckDropDown(javax.swing.JCheckBox%5B%5D)|>>,
  <<|java+class:///ca/bc/webarts/widgets/JCheckDropDown|,|java+class:///ca/bc/webarts/widgets/PopUpButton|>,220,<|java+field:///ca/bc/webarts/widgets/PopUpButton/listModel_|,|java+constructor:///ca/bc/webarts/widgets/JCheckDropDown/JCheckDropDown(java.lang.String%5B%5D)|>>,
  <<|java+class:///ca/bc/webarts/widgets/JCheckDropDown|,|java+class:///ca/bc/webarts/widgets/PopUpButton|>,220,<|java+field:///ca/bc/webarts/widgets/PopUpButton/popUpList_|,|java+constructor:///ca/bc/webarts/widgets/JCheckDropDown/JCheckDropDown(java.lang.String%5B%5D)|>>,
  <<|java+class:///ca/bc/webarts/widgets/JCheckDropDown|,|java+class:///ca/bc/webarts/widgets/PopUpButton|>,220,<|java+field:///ca/bc/webarts/widgets/PopUpButton/popUpScroller_|,|java+constructor:///ca/bc/webarts/widgets/JCheckDropDown/JCheckDropDown(java.lang.String%5B%5D)|>>,
  <<|java+class:///ca/bc/webarts/widgets/JCheckDropDown|,|java+class:///ca/bc/webarts/widgets/PopUpButton|>,220,<|java+field:///ca/bc/webarts/widgets/PopUpButton/popUpWin_|,|java+constructor:///ca/bc/webarts/widgets/JCheckDropDown/JCheckDropDown(java.lang.String%5B%5D)|>>,
  <<|java+class:///ca/bc/webarts/widgets/JCheckDropDown|,|java+class:///ca/bc/webarts/widgets/PopUpButton|>,220,<|java+field:///ca/bc/webarts/widgets/PopUpButton/popUpPanel_|,|java+constructor:///ca/bc/webarts/widgets/JCheckDropDown/JCheckDropDown(java.lang.String%5B%5D)|>>,
  <<|java+class:///ca/bc/webarts/widgets/JCheckDropDown|,|java+class:///ca/bc/webarts/widgets/PopUpButton|>,220,<|java+field:///ca/bc/webarts/widgets/PopUpButton/PopUpButtonActionListener_|,|java+constructor:///ca/bc/webarts/widgets/JCheckDropDown/JCheckDropDown(java.lang.String%5B%5D)|>>,
  <<|java+class:///ca/bc/webarts/widgets/JCheckDropDown|,|java+class:///ca/bc/webarts/widgets/PopUpButton|>,220,<|java+field:///ca/bc/webarts/widgets/PopUpButton/listModel_|,|java+method:///ca/bc/webarts/widgets/JCheckDropDown/removeItem(java.lang.String)|>>,
  <<|java+class:///ca/bc/webarts/widgets/JCheckDropDown|,|java+class:///ca/bc/webarts/widgets/PopUpButton|>,220,<|java+field:///ca/bc/webarts/widgets/PopUpButton/SAMPLE_LIST_DATA|,|java+method:///ca/bc/webarts/widgets/JCheckDropDown/main(java.lang.String%5B%5D)|>>,
  <<|java+class:///ca/bc/webarts/widgets/JCheckDropDown|,|java+class:///ca/bc/webarts/widgets/PopUpButton|>,220,<|java+field:///ca/bc/webarts/widgets/PopUpButton/appFrame_|,|java+method:///ca/bc/webarts/widgets/JCheckDropDown/main(java.lang.String%5B%5D)|>>,
  <<|java+class:///ca/bc/webarts/widgets/JCheckDropDown|,|java+class:///ca/bc/webarts/widgets/PopUpButton|>,220,<|java+field:///ca/bc/webarts/widgets/PopUpButton/listModel_|,|java+method:///ca/bc/webarts/widgets/JCheckDropDown/addItem(javax.swing.JCheckBox)|>>,
  <<|java+class:///ca/bc/webarts/widgets/JCheckDropDown|,|java+class:///ca/bc/webarts/widgets/PopUpButton|>,220,<|java+field:///ca/bc/webarts/widgets/PopUpButton/popUpList_|,|java+method:///ca/bc/webarts/widgets/JCheckDropDown/getSelectedItemName()|>>,
  <<|java+class:///ca/bc/webarts/widgets/JCheckDropDown|,|java+class:///ca/bc/webarts/widgets/PopUpButton|>,220,<|java+method:///ca/bc/webarts/widgets/PopUpButton/getSelectedIndex()|,|java+method:///ca/bc/webarts/widgets/JCheckDropDown/getSelectedItemName()|>>,
  <<|java+class:///ca/bc/webarts/widgets/JCheckDropDown|,|java+class:///ca/bc/webarts/widgets/PopUpButton|>,220,<|java+method:///ca/bc/webarts/widgets/PopUpButton/getSelectedIndex()|,|java+method:///ca/bc/webarts/widgets/JCheckDropDown/getNextCheckedItemNum()|>>,
  <<|java+class:///ca/bc/webarts/widgets/JCheckDropDown|,|java+class:///ca/bc/webarts/widgets/PopUpButton|>,220,<|java+method:///ca/bc/webarts/widgets/PopUpButton/getItemCount()|,|java+method:///ca/bc/webarts/widgets/JCheckDropDown/getNextCheckedItemNum()|>>,
  <<|java+class:///ca/bc/webarts/widgets/JCheckDropDown|,|java+class:///ca/bc/webarts/widgets/PopUpButton|>,220,<|java+field:///ca/bc/webarts/widgets/PopUpButton/listModel_|,|java+method:///ca/bc/webarts/widgets/JCheckDropDown/removeAllItems()|>>,
  <<|java+class:///kiwi/ui/AboutFrame|,|java+class:///kiwi/ui/KFrame|>,220,<|java+method:///kiwi/ui/KFrame/setVisible(boolean)|,|java+method:///kiwi/ui/AboutFrame/setVisible(boolean)|>>,
  <<|java+class:///kiwi/ui/AboutFrame|,|java+class:///kiwi/ui/KFrame|>,220,<|java+method:///kiwi/ui/KFrame/getMainContainer()|,|java+constructor:///kiwi/ui/AboutFrame/AboutFrame(java.lang.String,java.net.URL,boolean)|>>,
  <<|java+class:///kiwi/ui/DocumentBrowserFrame|,|java+class:///kiwi/ui/KFrame|>,220,<|java+method:///kiwi/ui/KFrame/setVisible(boolean)|,|java+method:///kiwi/ui/DocumentBrowserFrame/_hide()|>>,
  <<|java+class:///kiwi/ui/DocumentBrowserFrame|,|java+class:///kiwi/ui/KFrame|>,220,<|java+method:///kiwi/ui/KFrame/getMainContainer()|,|java+constructor:///kiwi/ui/DocumentBrowserFrame/DocumentBrowserFrame(java.lang.String,java.lang.String,kiwi.ui.model.DocumentDataSource)|>>,
  <<|java+class:///kiwi/ui/KTable/_HeaderRenderer|,|java+class:///kiwi/ui/HeaderCellRenderer|>,220,<|java+method:///kiwi/ui/HeaderCellRenderer/setIcon(javax.swing.Icon)|,|java+method:///kiwi/ui/KTable/_HeaderRenderer/getTableCellRendererComponent(javax.swing.JTable,java.lang.Object,boolean,boolean,int,int)|>>,
  <<|java+class:///kiwi/ui/KTable/_HeaderRenderer|,|java+class:///kiwi/ui/HeaderCellRenderer|>,220,<|java+method:///kiwi/ui/HeaderCellRenderer/getTableCellRendererComponent(javax.swing.JTable,java.lang.Object,boolean,boolean,int,int)|,|java+method:///kiwi/ui/KTable/_HeaderRenderer/getTableCellRendererComponent(javax.swing.JTable,java.lang.Object,boolean,boolean,int,int)|>>
]