[
  <<|java+class:///org/castor/cpa/test/test20/TestKeyGenMax|,|java+class:///org/castor/cpa/test/test20/AbstractTestKeyGenInteger|>,|project://castor-1.3.3_cpactf/src/test/java/org/castor/cpa/test/test20/TestKeyGenMax.java|(889,12,<25,8>,<25,20>)>,
  <<|java+class:///org/castor/cpa/test/framework/xml/types/descriptors/TransactionModeTypeDescriptor|,|java+class:///org/exolab/castor/xml/util/XMLClassDescriptorImpl|>,|project://castor-1.3.3_cpactf/target/generated-sources/castor/org/castor/cpa/test/framework/xml/types/descriptors/TransactionModeTypeDescriptor.java|(1240,8,<59,8>,<59,16>)>,
  <<|java+class:///org/castor/cpa/test/test201/TestSelfRelationExtend|,|java+class:///org/castor/cpa/test/framework/CPATestCase|>,|project://castor-1.3.3_cpactf/src/test/java/org/castor/cpa/test/test201/TestSelfRelationExtend.java|(2145,12,<56,8>,<56,20>)>,
  <<|java+class:///org/castor/cpa/test/test20/TestKeyGenIdentity|,|java+class:///org/castor/cpa/test/test20/AbstractTestKeyGenInteger|>,|project://castor-1.3.3_cpactf/src/test/java/org/castor/cpa/test/test20/TestKeyGenIdentity.java|(1016,12,<26,8>,<26,20>)>,
  <<|java+class:///org/castor/cpa/test/test2177/FromCustomTypeConvertor|,|java+class:///org/castor/cpa/persistence/convertor/AbstractSimpleTypeConvertor|>,|project://castor-1.3.3_cpactf/src/test/java/org/castor/cpa/test/test2177/FromCustomTypeConvertor.java|(282,38,<9,8>,<9,46>)>,
  <<|java+class:///org/castor/cpa/test/test2996/onetomany/jdo_descriptors/HouseJDODescriptor|,|java+class:///org/exolab/castor/mapping/loader/ClassDescriptorImpl|>,|project://castor-1.3.3_cpactf/target/generated-sources/castor/org/castor/cpa/test/test2996/onetomany/jdo_descriptors/HouseJDODescriptor.java|(1684,8,<48,8>,<48,16>)>,
  <<|java+class:///org/castor/cpa/test/test1073/TestTime|,|java+class:///org/castor/cpa/test/framework/CPATestCase|>,|project://castor-1.3.3_cpactf/src/test/java/org/castor/cpa/test/test1073/TestTime.java|(946,12,<31,8>,<31,20>)>,
  <<|java+class:///org/castor/cpa/test/test2996/onetomany/Flat|,|java+project:///|>,|project://castor-1.3.3_cpactf/target/generated-sources/castor/org/castor/cpa/test/test2996/onetomany/Flat.java|(675,8,<39,8>,<39,16>)>,
  <<|java+class:///org/castor/cpa/test/test86/TestCircularRef|,|java+class:///org/castor/cpa/test/framework/CPATestCase|>,|project://castor-1.3.3_cpactf/src/test/java/org/castor/cpa/test/test86/TestCircularRef.java|(1250,12,<33,8>,<33,20>)>,
  <<|java+class:///org/castor/cpa/test/framework/xml/Database|,|java+project:///|>,|project://castor-1.3.3_cpactf/target/generated-sources/castor/org/castor/cpa/test/framework/xml/Database.java|(951,8,<49,8>,<49,16>)>,
  <<|java+class:///org/castor/cpa/test/test78/TestIsLocked|,|java+class:///org/castor/cpa/test/framework/CPATestCase|>,|project://castor-1.3.3_cpactf/src/test/java/org/castor/cpa/test/test78/TestIsLocked.java|(1143,12,<31,8>,<31,20>)>,
  <<|java+class:///org/castor/cpa/test/test82/TestDependsNoKeyGen|,|java+class:///org/castor/cpa/test/framework/CPATestCase|>,|project://castor-1.3.3_cpactf/src/test/java/org/castor/cpa/test/test82/TestDependsNoKeyGen.java|(1157,12,<31,8>,<31,20>)>,
  <<|java+class:///org/castor/cpa/test/test79/TestAutostoreMany|,|java+class:///org/castor/cpa/test/framework/CPATestCase|>,|project://castor-1.3.3_cpactf/src/test/java/org/castor/cpa/test/test79/TestAutostoreMany.java|(1316,12,<38,8>,<38,20>)>,
  <<|java+class:///org/castor/cpa/test/test87/TestSimple|,|java+class:///org/castor/cpa/test/framework/CPATestCase|>,|project://castor-1.3.3_cpactf/src/test/java/org/castor/cpa/test/test87/TestSimple.java|(1423,12,<42,8>,<42,20>)>,
  <<|java+class:///org/castor/cpa/test/test01/TestDuplicateKey|,|java+class:///org/castor/cpa/test/framework/CPATestCase|>,|project://castor-1.3.3_cpactf/src/test/java/org/castor/cpa/test/test01/TestDuplicateKey.java|(1821,12,<44,8>,<44,20>)>,
  <<|java+class:///org/castor/cpa/test/test37/TestAbsolute|,|java+class:///org/castor/cpa/test/framework/CPATestCase|>,|project://castor-1.3.3_cpactf/src/test/java/org/castor/cpa/test/test37/TestAbsolute.java|(1594,12,<46,8>,<46,20>)>,
  <<|java+class:///org/castor/cpa/test/test1217/ExtendedPart|,|java+class:///org/castor/cpa/test/test1217/BasePart|>,|project://castor-1.3.3_cpactf/src/test/java/org/castor/cpa/test/test1217/ExtendedPart.java|(308,17,<14,8>,<14,25>)>,
  <<|java+class:///org/castor/cpa/test/test07/TestCacheLeakage|,|java+class:///org/castor/cpa/test/framework/CPATestCase|>,|project://castor-1.3.3_cpactf/src/test/java/org/castor/cpa/test/test07/TestCacheLeakage.java|(3579,12,<94,8>,<94,20>)>,
  <<|java+class:///org/castor/cpa/test/test78/TestTransactionManagedEnvironment|,|java+class:///org/castor/cpa/test/framework/CPATestCase|>,|project://castor-1.3.3_cpactf/src/test/java/org/castor/cpa/test/test78/TestTransactionManagedEnvironment.java|(1869,12,<47,8>,<47,20>)>,
  <<|java+class:///org/castor/cpa/test/test2996/onetomany/AbstractTestOneToMany|,|java+class:///org/castor/cpa/test/framework/CPATestCase|>,|project://castor-1.3.3_cpactf/src/test/java/org/castor/cpa/test/test2996/onetomany/AbstractTestOneToMany.java|(1538,12,<42,8>,<42,20>)>,
  <<|java+class:///org/castor/cpa/test/test38/ExtendsEntity|,|java+class:///org/castor/cpa/test/test38/Entity|>,|project://castor-1.3.3_cpactf/src/test/java/org/castor/cpa/test/test38/ExtendsEntity.java|(967,8,<30,8>,<30,16>)>,
  <<|java+class:///org/castor/cpa/test/test2996/onetoone/Address|,|java+project:///|>,|project://castor-1.3.3_cpactf/target/generated-sources/castor/org/castor/cpa/test/test2996/onetoone/Address.java|(680,8,<39,8>,<39,16>)>,
  <<|java+class:///org/castor/cpa/test/test20/TestKeyGenSequence|,|java+class:///org/castor/cpa/test/test20/AbstractTestKeyGenInteger|>,|project://castor-1.3.3_cpactf/src/test/java/org/castor/cpa/test/test20/TestKeyGenSequence.java|(920,12,<25,8>,<25,20>)>,
  <<|java+class:///org/castor/cpa/test/test79/TestAutostore|,|java+class:///org/castor/cpa/test/framework/CPATestCase|>,|project://castor-1.3.3_cpactf/src/test/java/org/castor/cpa/test/test79/TestAutostore.java|(1198,12,<32,8>,<32,20>)>,
  <<|java+class:///org/castor/cpa/test/test30/TestOQLCondition|,|java+class:///org/castor/cpa/test/framework/CPATestCase|>,|project://castor-1.3.3_cpactf/src/test/java/org/castor/cpa/test/test30/TestOQLCondition.java|(1531,12,<42,8>,<42,20>)>,
  <<|java+class:///org/castor/cpa/test/test26/TestDependentKeyGen|,|java+class:///org/castor/cpa/test/framework/CPATestCase|>,|project://castor-1.3.3_cpactf/src/test/java/org/castor/cpa/test/test26/TestDependentKeyGen.java|(1837,12,<47,8>,<47,20>)>,
  <<|java+class:///org/castor/cpa/test/framework/xml/DatabaseChoice|,|java+project:///|>,|project://castor-1.3.3_cpactf/target/generated-sources/castor/org/castor/cpa/test/framework/xml/DatabaseChoice.java|(874,8,<44,8>,<44,16>)>,
  <<|java+class:///org/castor/cpa/test/test02/TestConcurrent|,|java+class:///org/castor/cpa/test/framework/CPATestCase|>,|project://castor-1.3.3_cpactf/src/test/java/org/castor/cpa/test/test02/TestConcurrent.java|(2119,12,<57,8>,<57,20>)>,
  <<|java+class:///org/castor/cpa/test/framework/xml/Manager|,|java+project:///|>,|project://castor-1.3.3_cpactf/target/generated-sources/castor/org/castor/cpa/test/framework/xml/Manager.java|(739,8,<39,8>,<39,16>)>,
  <<|java+class:///org/castor/cpa/test/test38/TestCallSql|,|java+class:///org/castor/cpa/test/framework/CPATestCase|>,|project://castor-1.3.3_cpactf/src/test/java/org/castor/cpa/test/test38/TestCallSql.java|(1345,12,<34,8>,<34,20>)>,
  <<|java+class:///org/castor/cpa/test/framework/xml/Param|,|java+project:///|>,|project://castor-1.3.3_cpactf/target/generated-sources/castor/org/castor/cpa/test/framework/xml/Param.java|(686,8,<39,8>,<39,16>)>,
  <<|java+class:///org/castor/cpa/test/test39/TestStoredProcedure|,|java+class:///org/castor/cpa/test/framework/CPATestCase|>,|project://castor-1.3.3_cpactf/src/test/java/org/castor/cpa/test/test39/TestStoredProcedure.java|(1700,12,<43,8>,<43,20>)>,
  <<|java+class:///org/castor/cpa/test/test84/TestTransientAttribute|,|java+class:///org/castor/cpa/test/framework/CPATestCase|>,|project://castor-1.3.3_cpactf/src/test/java/org/castor/cpa/test/test84/TestTransientAttribute.java|(1325,12,<33,8>,<33,20>)>,
  <<|java+class:///org/castor/cpa/test/test02/ConcurrentUpdateThread|,|java+class:///java/lang/Thread|>,|project://castor-1.3.3_cpactf/src/test/java/org/castor/cpa/test/test02/ConcurrentUpdateThread.java|(959,8,<29,8>,<29,16>)>,
  <<|java+class:///org/castor/cpa/test/test2763/TimeStampableTest|,|java+class:///org/castor/cpa/test/framework/CPATestCase|>,|project://castor-1.3.3_cpactf/src/test/java/org/castor/cpa/test/test2763/TimeStampableTest.java|(1528,12,<48,8>,<48,20>)>,
  <<|java+class:///org/castor/cpa/test/test31/TestPersistenceWithExtends|,|java+class:///org/castor/cpa/test/framework/CPATestCase|>,|project://castor-1.3.3_cpactf/src/test/java/org/castor/cpa/test/test31/TestPersistenceWithExtends.java|(1464,12,<39,8>,<39,20>)>,
  <<|java+class:///org/castor/cpa/test/framework/CPATestCase|,|java+class:///junit/framework/TestCase|>,|project://castor-1.3.3_cpactf/src/main/java/org/castor/cpa/test/framework/CPATestCase.java|(6322,12,<178,8>,<178,20>)>,
  <<|java+class:///org/castor/cpa/test/framework/CPATestCase|,|java+class:///junit/framework/TestCase|>,|project://castor-1.3.3_cpactf/src/main/java/org/castor/cpa/test/framework/CPATestCase.java|(6121,8,<168,8>,<168,16>)>,
  <<|java+class:///org/castor/cpa/test/framework/xml/descriptors/CpactfConfDescriptor|,|java+class:///org/exolab/castor/xml/util/XMLClassDescriptorImpl|>,|project://castor-1.3.3_cpactf/target/generated-sources/castor/org/castor/cpa/test/framework/xml/descriptors/CpactfConfDescriptor.java|(1192,8,<59,8>,<59,16>)>,
  <<|java+class:///org/castor/cpa/test/test15/TestMultiPrimKeys|,|java+class:///org/castor/cpa/test/framework/CPATestCase|>,|project://castor-1.3.3_cpactf/src/test/java/org/castor/cpa/test/test15/TestMultiPrimKeys.java|(2007,12,<56,8>,<56,20>)>,
  <<|java+class:///org/castor/cpa/test/framework/xml/descriptors/DataSourceDescriptor|,|java+class:///org/exolab/castor/xml/util/XMLClassDescriptorImpl|>,|project://castor-1.3.3_cpactf/target/generated-sources/castor/org/castor/cpa/test/framework/xml/descriptors/DataSourceDescriptor.java|(1192,8,<59,8>,<59,16>)>,
  <<|java+class:///org/castor/cpa/test/test202/TestForeignKeyFirst|,|java+class:///org/castor/cpa/test/framework/CPATestCase|>,|project://castor-1.3.3_cpactf/src/test/java/org/castor/cpa/test/test202/TestForeignKeyFirst.java|(1059,12,<27,8>,<27,20>)>,
  <<|java+class:///org/castor/cpa/test/test94/TestPolymorphismWithUpdates|,|java+class:///org/castor/cpa/test/framework/CPATestCase|>,|project://castor-1.3.3_cpactf/src/test/java/org/castor/cpa/test/test94/TestPolymorphismWithUpdates.java|(1186,12,<32,8>,<32,20>)>,
  <<|java+class:///org/castor/cpa/test/test200/TestSelfRelation|,|java+class:///org/castor/cpa/test/framework/CPATestCase|>,|project://castor-1.3.3_cpactf/src/test/java/org/castor/cpa/test/test200/TestSelfRelation.java|(1825,12,<51,8>,<51,20>)>,
  <<|java+class:///org/castor/cpa/test/test2996/onetoone/descriptors/AddressDescriptor|,|java+class:///org/exolab/castor/xml/util/XMLClassDescriptorImpl|>,|project://castor-1.3.3_cpactf/target/generated-sources/castor/org/castor/cpa/test/test2996/onetoone/descriptors/AddressDescriptor.java|(1188,8,<59,8>,<59,16>)>,
  <<|java+class:///org/castor/cpa/test/test08/TimeLimitedTest|,|java+class:///org/castor/cache/simple/TimeLimited|>,|project://castor-1.3.3_cpactf/src/test/java/org/castor/cpa/test/test08/TimeLimitedTest.java|(909,8,<27,8>,<27,16>)>,
  <<|java+class:///org/castor/cpa/test/test2996/single/AbstractTestSingle|,|java+class:///org/castor/cpa/test/framework/CPATestCase|>,|project://castor-1.3.3_cpactf/src/test/java/org/castor/cpa/test/test2996/single/AbstractTestSingle.java|(1893,12,<48,8>,<48,20>)>,
  <<|java+class:///org/castor/cpa/test/framework/xml/descriptors/ManagerDescriptor|,|java+class:///org/exolab/castor/xml/util/XMLClassDescriptorImpl|>,|project://castor-1.3.3_cpactf/target/generated-sources/castor/org/castor/cpa/test/framework/xml/descriptors/ManagerDescriptor.java|(1180,8,<59,8>,<59,16>)>,
  <<|java+class:///org/castor/cpa/test/framework/xml/descriptors/ParamDescriptor|,|java+class:///org/exolab/castor/xml/util/XMLClassDescriptorImpl|>,|project://castor-1.3.3_cpactf/target/generated-sources/castor/org/castor/cpa/test/framework/xml/descriptors/ParamDescriptor.java|(1172,8,<59,8>,<59,16>)>,
  <<|java+class:///org/castor/cpa/test/test1073/TestDuration|,|java+class:///org/castor/cpa/test/framework/CPATestCase|>,|project://castor-1.3.3_cpactf/src/test/java/org/castor/cpa/test/test1073/TestDuration.java|(978,12,<31,8>,<31,20>)>,
  <<|java+class:///org/castor/cpa/test/test2996/onetoone/AbstractTestOneToOne|,|java+class:///org/castor/cpa/test/framework/CPATestCase|>,|project://castor-1.3.3_cpactf/src/test/java/org/castor/cpa/test/test2996/onetoone/AbstractTestOneToOne.java|(1783,12,<46,8>,<46,20>)>,
  <<|java+class:///org/castor/cpa/test/framework/CPAConfigException|,|java+class:///java/lang/RuntimeException|>,|project://castor-1.3.3_cpactf/src/main/java/org/castor/cpa/test/framework/CPAConfigException.java|(1861,8,<48,8>,<48,16>)>,
  <<|java+class:///org/castor/cpa/test/framework/CPAConfigException|,|java+class:///java/lang/RuntimeException|>,|project://castor-1.3.3_cpactf/src/main/java/org/castor/cpa/test/framework/CPAConfigException.java|(2535,51,<68,8>,<68,59>)>,
  <<|java+class:///org/castor/cpa/test/framework/CPAConfigException|,|java+class:///java/lang/RuntimeException|>,|project://castor-1.3.3_cpactf/src/main/java/org/castor/cpa/test/framework/CPAConfigException.java|(2202,15,<58,8>,<58,23>)>,
  <<|java+class:///org/castor/cpa/test/framework/CPAConfigException|,|java+class:///java/lang/RuntimeException|>,|project://castor-1.3.3_cpactf/src/main/java/org/castor/cpa/test/framework/CPAConfigException.java|(2925,15,<80,8>,<80,23>)>,
  <<|java+class:///org/castor/cpa/test/test87/TimeStampableExtended|,|java+class:///org/castor/cpa/test/test87/TimeStampableBase|>,|project://castor-1.3.3_cpactf/src/test/java/org/castor/cpa/test/test87/TimeStampableExtended.java|(710,16,<21,8>,<21,24>)>,
  <<|java+class:///org/castor/cpa/test/framework/xml/descriptors/DriverDescriptor|,|java+class:///org/exolab/castor/xml/util/XMLClassDescriptorImpl|>,|project://castor-1.3.3_cpactf/target/generated-sources/castor/org/castor/cpa/test/framework/xml/descriptors/DriverDescriptor.java|(1176,8,<59,8>,<59,16>)>,
  <<|java+class:///org/castor/cpa/test/test15/PrimaryKeysEmployee|,|java+class:///org/castor/cpa/test/test15/PrimaryKeysPerson|>,|project://castor-1.3.3_cpactf/src/test/java/org/castor/cpa/test/test15/PrimaryKeysEmployee.java|(1070,34,<32,8>,<32,42>)>,
  <<|java+class:///org/castor/cpa/test/test87/TestExtended|,|java+class:///org/castor/cpa/test/framework/CPATestCase|>,|project://castor-1.3.3_cpactf/src/test/java/org/castor/cpa/test/test87/TestExtended.java|(1828,12,<48,8>,<48,20>)>,
  <<|java+class:///org/castor/cpa/test/test75/TestExpireManyToMany|,|java+class:///org/castor/cpa/test/framework/CPATestCase|>,|project://castor-1.3.3_cpactf/src/test/java/org/castor/cpa/test/test75/TestExpireManyToMany.java|(2640,12,<67,8>,<67,20>)>,
  <<|java+class:///org/castor/cpa/test/framework/xml/descriptors/JndiDescriptor|,|java+class:///org/exolab/castor/xml/util/XMLClassDescriptorImpl|>,|project://castor-1.3.3_cpactf/target/generated-sources/castor/org/castor/cpa/test/framework/xml/descriptors/JndiDescriptor.java|(1168,8,<59,8>,<59,16>)>,
  <<|java+class:///org/castor/cpa/test/test2861/TestReferenceChange|,|java+class:///org/castor/cpa/test/framework/CPAThreadedTestCase|>,|project://castor-1.3.3_cpactf/src/test/java/org/castor/cpa/test/test2861/TestReferenceChange.java|(1409,12,<34,8>,<34,20>)>,
  <<|java+class:///org/castor/cpa/test/test3065/TestCreate3065|,|java+class:///org/castor/cpa/test/framework/CPATestCase|>,|project://castor-1.3.3_cpactf/src/test/java/org/castor/cpa/test/test3065/TestCreate3065.java|(1829,12,<50,8>,<50,20>)>,
  <<|java+class:///org/castor/cpa/test/test19/TestInstanceFactory|,|java+class:///org/castor/cpa/test/framework/CPATestCase|>,|project://castor-1.3.3_cpactf/src/test/java/org/castor/cpa/test/test19/TestInstanceFactory.java|(1506,12,<39,8>,<39,20>)>,
  <<|java+class:///org/castor/cpa/test/test13/TestSerializable|,|java+class:///org/castor/cpa/test/framework/CPATestCase|>,|project://castor-1.3.3_cpactf/src/test/java/org/castor/cpa/test/test13/TestSerializable.java|(1409,12,<39,8>,<39,20>)>,
  <<|java+class:///org/castor/cpa/test/test73/TestManyToMany|,|java+class:///org/castor/cpa/test/framework/CPATestCase|>,|project://castor-1.3.3_cpactf/src/test/java/org/castor/cpa/test/test73/TestManyToMany.java|(2264,12,<65,8>,<65,20>)>,
  <<|java+class:///org/castor/cpa/test/test87/TestRelation|,|java+class:///org/castor/cpa/test/framework/CPATestCase|>,|project://castor-1.3.3_cpactf/src/test/java/org/castor/cpa/test/test87/TestRelation.java|(1363,12,<40,8>,<40,20>)>,
  <<|java+class:///org/castor/cpa/test/framework/xml/DataSource|,|java+project:///|>,|project://castor-1.3.3_cpactf/target/generated-sources/castor/org/castor/cpa/test/framework/xml/DataSource.java|(758,8,<39,8>,<39,16>)>,
  <<|java+class:///org/castor/cpa/test/test2996/onetomany/jdo_descriptors/FlatJDODescriptor|,|java+class:///org/exolab/castor/mapping/loader/ClassDescriptorImpl|>,|project://castor-1.3.3_cpactf/target/generated-sources/castor/org/castor/cpa/test/test2996/onetomany/jdo_descriptors/FlatJDODescriptor.java|(1680,8,<48,8>,<48,16>)>,
  <<|java+class:///org/castor/cpa/test/framework/xml/CpactfConf|,|java+project:///|>,|project://castor-1.3.3_cpactf/target/generated-sources/castor/org/castor/cpa/test/framework/xml/CpactfConf.java|(1020,8,<49,8>,<49,16>)>,
  <<|java+class:///org/castor/cpa/test/test2550/TestCreate|,|java+class:///org/castor/cpa/test/framework/CPATestCase|>,|project://castor-1.3.3_cpactf/src/test/java/org/castor/cpa/test/test2550/TestCreate.java|(976,12,<31,8>,<31,20>)>,
  <<|java+class:///org/castor/cpa/test/test2763/VersionTest|,|java+class:///org/castor/cpa/test/framework/CPATestCase|>,|project://castor-1.3.3_cpactf/src/test/java/org/castor/cpa/test/test2763/VersionTest.java|(1517,12,<48,8>,<48,20>)>,
  <<|java+class:///org/castor/cpa/test/framework/xml/types/descriptors/DatabaseEngineTypeDescriptor|,|java+class:///org/exolab/castor/xml/util/XMLClassDescriptorImpl|>,|project://castor-1.3.3_cpactf/target/generated-sources/castor/org/castor/cpa/test/framework/xml/types/descriptors/DatabaseEngineTypeDescriptor.java|(1236,8,<59,8>,<59,16>)>,
  <<|java+class:///org/castor/cpa/test/test1196/TestLongTransaction|,|java+class:///org/castor/cpa/test/framework/CPATestCase|>,|project://castor-1.3.3_cpactf/src/test/java/org/castor/cpa/test/test1196/TestLongTransaction.java|(1715,12,<40,8>,<40,20>)>,
  <<|java+class:///org/castor/cpa/test/test20/TestKeyGenHighLow|,|java+class:///org/castor/cpa/test/test20/AbstractTestKeyGenInteger|>,|project://castor-1.3.3_cpactf/src/test/java/org/castor/cpa/test/test20/TestKeyGenHighLow.java|(897,12,<25,8>,<25,20>)>,
  <<|java+class:///org/castor/cpa/test/test72/TestSortedContainer|,|java+class:///org/castor/cpa/test/framework/CPATestCase|>,|project://castor-1.3.3_cpactf/src/test/java/org/castor/cpa/test/test72/TestSortedContainer.java|(1370,12,<37,8>,<37,20>)>,
  <<|java+class:///org/castor/cpa/test/framework/CPAThreadedTestCase|,|java+class:///org/castor/cpa/test/framework/CPATestCase|>,|project://castor-1.3.3_cpactf/src/main/java/org/castor/cpa/test/framework/CPAThreadedTestCase.java|(1761,8,<47,7>,<47,15>)>,
  <<|java+class:///org/castor/cpa/test/framework/CPAThreadedTestCase|,|java+class:///org/castor/cpa/test/framework/CPATestCase|>,|project://castor-1.3.3_cpactf/src/main/java/org/castor/cpa/test/framework/CPAThreadedTestCase.java|(1955,12,<56,7>,<56,19>)>,
  <<|java+class:///org/castor/cpa/test/test20/TestKeyGenReturning|,|java+class:///org/castor/cpa/test/test20/AbstractTestKeyGenInteger|>,|project://castor-1.3.3_cpactf/src/test/java/org/castor/cpa/test/test20/TestKeyGenReturning.java|(918,12,<25,8>,<25,20>)>,
  <<|java+class:///org/castor/cpa/test/test2788/FindWithNewInstanceTest|,|java+class:///org/castor/cpa/test/framework/CPATestCase|>,|project://castor-1.3.3_cpactf/src/test/java/org/castor/cpa/test/test2788/FindWithNewInstanceTest.java|(1547,12,<48,8>,<48,20>)>,
  <<|java+class:///org/castor/cpa/test/test35/TestSize|,|java+class:///org/castor/cpa/test/framework/CPATestCase|>,|project://castor-1.3.3_cpactf/src/test/java/org/castor/cpa/test/test35/TestSize.java|(1384,12,<40,8>,<40,20>)>,
  <<|java+class:///org/castor/cpa/test/test28/TestDependentKeyGenUpdate|,|java+class:///org/castor/cpa/test/framework/CPATestCase|>,|project://castor-1.3.3_cpactf/src/test/java/org/castor/cpa/test/test28/TestDependentKeyGenUpdate.java|(1976,12,<48,8>,<48,20>)>,
  <<|java+class:///org/castor/cpa/test/test03/TestReadOnly|,|java+class:///org/castor/cpa/test/framework/CPATestCase|>,|project://castor-1.3.3_cpactf/src/test/java/org/castor/cpa/test/test03/TestReadOnly.java|(1634,12,<42,8>,<42,20>)>,
  <<|java+class:///org/castor/cpa/test/test10/TestTypeHandling|,|java+class:///org/castor/cpa/test/framework/CPATestCase|>,|project://castor-1.3.3_cpactf/src/test/java/org/castor/cpa/test/test10/TestTypeHandling.java|(1738,12,<47,8>,<47,20>)>,
  <<|java+class:///org/castor/cpa/test/framework/xml/Driver|,|java+project:///|>,|project://castor-1.3.3_cpactf/target/generated-sources/castor/org/castor/cpa/test/framework/xml/Driver.java|(817,8,<44,8>,<44,16>)>,
  <<|java+class:///org/castor/cpa/test/test78/TestIsPersistent|,|java+class:///org/castor/cpa/test/framework/CPATestCase|>,|project://castor-1.3.3_cpactf/src/test/java/org/castor/cpa/test/test78/TestIsPersistent.java|(1151,12,<32,8>,<32,20>)>,
  <<|java+class:///org/castor/cpa/test/test2996/single/descriptors/BookDescriptor|,|java+class:///org/exolab/castor/xml/util/XMLClassDescriptorImpl|>,|project://castor-1.3.3_cpactf/target/generated-sources/castor/org/castor/cpa/test/test2996/single/descriptors/BookDescriptor.java|(1172,8,<59,8>,<59,16>)>,
  <<|java+class:///org/castor/cpa/test/test881/Test881|,|java+class:///org/castor/cpa/test/framework/CPATestCase|>,|project://castor-1.3.3_cpactf/src/test/java/org/castor/cpa/test/test881/Test881.java|(1256,12,<34,8>,<34,20>)>,
  <<|java+class:///org/castor/cpa/test/test3065/Test3065|,|java+class:///org/castor/cpa/test/framework/CPATestCase|>,|project://castor-1.3.3_cpactf/src/test/java/org/castor/cpa/test/test3065/Test3065.java|(1822,12,<51,8>,<51,20>)>,
  <<|java+class:///org/castor/cpa/test/test81/TestDepends|,|java+class:///org/castor/cpa/test/framework/CPATestCase|>,|project://castor-1.3.3_cpactf/src/test/java/org/castor/cpa/test/test81/TestDepends.java|(1141,12,<31,8>,<31,20>)>,
  <<|java+class:///org/castor/cpa/test/test1355/Test1355|,|java+class:///org/castor/cpa/test/framework/CPATestCase|>,|project://castor-1.3.3_cpactf/src/test/java/org/castor/cpa/test/test1355/Test1355.java|(1119,12,<33,8>,<33,20>)>,
  <<|java+class:///org/castor/cpa/test/test1044/Test1044|,|java+class:///org/castor/cpa/test/framework/CPATestCase|>,|project://castor-1.3.3_cpactf/src/test/java/org/castor/cpa/test/test1044/Test1044.java|(487,12,<13,8>,<13,20>)>,
  <<|java+class:///org/castor/cpa/test/test2177/Test2177|,|java+class:///org/castor/cpa/test/framework/CPATestCase|>,|project://castor-1.3.3_cpactf/src/test/java/org/castor/cpa/test/test2177/Test2177.java|(1526,12,<42,8>,<42,20>)>,
  <<|java+class:///org/castor/cpa/test/test1158/Test1158|,|java+class:///org/castor/cpa/test/framework/CPATestCase|>,|project://castor-1.3.3_cpactf/src/test/java/org/castor/cpa/test/test1158/Test1158.java|(1621,12,<48,8>,<48,20>)>,
  <<|java+class:///org/castor/cpa/test/test30/TestOQLCountFunction|,|java+class:///org/castor/cpa/test/framework/CPATestCase|>,|project://castor-1.3.3_cpactf/src/test/java/org/castor/cpa/test/test30/TestOQLCountFunction.java|(1672,12,<45,8>,<45,20>)>,
  <<|java+class:///org/castor/cpa/test/test2527/Test2527|,|java+class:///org/castor/cpa/test/framework/CPATestCase|>,|project://castor-1.3.3_cpactf/src/test/java/org/castor/cpa/test/test2527/Test2527.java|(930,12,<29,8>,<29,20>)>,
  <<|java+class:///org/castor/cpa/test/test2996/onetoone/jdo_descriptors/EmployeeJDODescriptor|,|java+class:///org/exolab/castor/mapping/loader/ClassDescriptorImpl|>,|project://castor-1.3.3_cpactf/target/generated-sources/castor/org/castor/cpa/test/test2996/onetoone/jdo_descriptors/EmployeeJDODescriptor.java|(1694,8,<48,8>,<48,16>)>,
  <<|java+class:///org/castor/cpa/test/test93/TestPolymorphismDegenerated|,|java+class:///org/castor/cpa/test/framework/CPATestCase|>,|project://castor-1.3.3_cpactf/src/test/java/org/castor/cpa/test/test93/TestPolymorphismDegenerated.java|(1141,12,<29,8>,<29,20>)>,
  <<|java+class:///org/castor/cpa/test/test2177/ToCustomTypeConvertor|,|java+class:///org/castor/cpa/persistence/convertor/AbstractSimpleTypeConvertor|>,|project://castor-1.3.3_cpactf/src/test/java/org/castor/cpa/test/test2177/ToCustomTypeConvertor.java|(278,38,<9,8>,<9,46>)>,
  <<|java+class:///org/castor/cpa/test/test241/TestObjectNotFound|,|java+class:///org/castor/cpa/test/framework/CPATestCase|>,|project://castor-1.3.3_cpactf/src/test/java/org/castor/cpa/test/test241/TestObjectNotFound.java|(918,12,<29,8>,<29,20>)>,
  <<|java+class:///org/castor/cpa/test/framework/xml/Jndi|,|java+project:///|>,|project://castor-1.3.3_cpactf/target/generated-sources/castor/org/castor/cpa/test/framework/xml/Jndi.java|(608,8,<34,8>,<34,16>)>,
  <<|java+class:///org/castor/cpa/test/test303/TestPersistentObject|,|java+class:///org/castor/cpa/test/framework/CPATestCase|>,|project://castor-1.3.3_cpactf/src/test/java/org/castor/cpa/test/test303/TestPersistentObject.java|(1832,12,<49,8>,<49,20>)>,
  <<|java+class:///org/castor/cpa/test/test95/TestPolymorphismWithKeyGen|,|java+class:///org/castor/cpa/test/framework/CPATestCase|>,|project://castor-1.3.3_cpactf/src/test/java/org/castor/cpa/test/test95/TestPolymorphismWithKeyGen.java|(1234,12,<32,8>,<32,20>)>,
  <<|java+class:///org/castor/cpa/test/test90/TestLazy1to1|,|java+class:///org/castor/cpa/test/framework/CPATestCase|>,|project://castor-1.3.3_cpactf/src/test/java/org/castor/cpa/test/test90/TestLazy1to1.java|(1391,12,<38,8>,<38,20>)>,
  <<|java+class:///org/castor/cpa/test/test71/TestSpecialCollections|,|java+class:///org/castor/cpa/test/framework/CPATestCase|>,|project://castor-1.3.3_cpactf/src/test/java/org/castor/cpa/test/test71/TestSpecialCollections.java|(1347,12,<37,8>,<37,20>)>,
  <<|java+class:///org/castor/cpa/test/test32/TestLimitWithOffsetClause|,|java+class:///org/castor/cpa/test/framework/CPATestCase|>,|project://castor-1.3.3_cpactf/src/test/java/org/castor/cpa/test/test32/TestLimitWithOffsetClause.java|(1513,12,<42,8>,<42,20>)>,
  <<|java+class:///org/castor/cpa/test/test25/TestDependent|,|java+class:///org/castor/cpa/test/framework/CPATestCase|>,|project://castor-1.3.3_cpactf/src/test/java/org/castor/cpa/test/test25/TestDependent.java|(1775,12,<47,8>,<47,20>)>,
  <<|java+class:///org/castor/cpa/test/test06/NoSuchElementException|,|java+class:///java/lang/Exception|>,|project://castor-1.3.3_cpactf/src/test/java/org/castor/cpa/test/test06/NoSuchElementException.java|(887,12,<26,8>,<26,20>)>,
  <<|java+class:///org/castor/cpa/test/test15/TestMultiPrimKeysOnly|,|java+class:///org/castor/cpa/test/framework/CPATestCase|>,|project://castor-1.3.3_cpactf/src/test/java/org/castor/cpa/test/test15/TestMultiPrimKeysOnly.java|(1914,12,<52,8>,<52,20>)>,
  <<|java+class:///org/castor/cpa/test/test05/TestUpdate|,|java+class:///org/castor/cpa/test/framework/CPATestCase|>,|project://castor-1.3.3_cpactf/src/test/java/org/castor/cpa/test/test05/TestUpdate.java|(1508,12,<40,8>,<40,20>)>,
  <<|java+class:///org/castor/cpa/test/test85/TestEnum|,|java+class:///org/castor/cpa/test/framework/CPATestCase|>,|project://castor-1.3.3_cpactf/src/test/java/org/castor/cpa/test/test85/TestEnum.java|(1129,12,<30,8>,<30,20>)>,
  <<|java+class:///org/castor/cpa/test/test11/TestTypeLOB|,|java+class:///org/castor/cpa/test/framework/CPATestCase|>,|project://castor-1.3.3_cpactf/src/test/java/org/castor/cpa/test/test11/TestTypeLOB.java|(1908,12,<52,8>,<52,20>)>,
  <<|java+class:///org/castor/cpa/test/test2996/onetoone/jdo_descriptors/AddressJDODescriptor|,|java+class:///org/exolab/castor/mapping/loader/ClassDescriptorImpl|>,|project://castor-1.3.3_cpactf/target/generated-sources/castor/org/castor/cpa/test/test2996/onetoone/jdo_descriptors/AddressJDODescriptor.java|(1690,8,<48,8>,<48,16>)>,
  <<|java+class:///org/castor/cpa/test/test20/TestKeyGenTrigger|,|java+class:///org/castor/cpa/test/test20/AbstractTestKeyGenInteger|>,|project://castor-1.3.3_cpactf/src/test/java/org/castor/cpa/test/test20/TestKeyGenTrigger.java|(915,12,<25,8>,<25,20>)>,
  <<|java+class:///org/castor/cpa/test/test31/ExtendsEntity1|,|java+class:///org/castor/cpa/test/test31/PersistentEntity|>,|project://castor-1.3.3_cpactf/src/test/java/org/castor/cpa/test/test31/ExtendsEntity1.java|(2405,8,<59,8>,<59,16>)>,
  <<|java+class:///org/castor/cpa/test/test20/TestKeyGenSequenceString|,|java+class:///org/castor/cpa/test/test20/AbstractTestKeyGenString|>,|project://castor-1.3.3_cpactf/src/test/java/org/castor/cpa/test/test20/TestKeyGenSequenceString.java|(931,12,<25,8>,<25,20>)>,
  <<|java+class:///org/castor/cpa/test/test20/AbstractTestKeyGenString|,|java+class:///org/castor/cpa/test/framework/CPATestCase|>,|project://castor-1.3.3_cpactf/src/test/java/org/castor/cpa/test/test20/AbstractTestKeyGenString.java|(1392,12,<36,8>,<36,20>)>,
  <<|java+class:///org/castor/cpa/test/test203/TestTimezone|,|java+class:///org/castor/cpa/test/framework/CPATestCase|>,|project://castor-1.3.3_cpactf/src/test/java/org/castor/cpa/test/test203/TestTimezone.java|(1828,12,<48,8>,<48,20>)>,
  <<|java+class:///org/castor/cpa/test/test356/Test356|,|java+class:///org/castor/cpa/test/framework/CPATestCase|>,|project://castor-1.3.3_cpactf/src/test/java/org/castor/cpa/test/test356/Test356.java|(2269,12,<59,8>,<59,20>)>,
  <<|java+class:///org/castor/cpa/test/test09/TestSynchronizable|,|java+class:///org/castor/cpa/test/framework/CPATestCase|>,|project://castor-1.3.3_cpactf/src/test/java/org/castor/cpa/test/test09/TestSynchronizable.java|(1615,12,<47,8>,<47,20>)>,
  <<|java+class:///org/castor/cpa/test/framework/xml/Transaction|,|java+project:///|>,|project://castor-1.3.3_cpactf/target/generated-sources/castor/org/castor/cpa/test/framework/xml/Transaction.java|(936,8,<49,8>,<49,16>)>,
  <<|java+class:///org/castor/cpa/test/test14/TestRollbackPrimitive|,|java+class:///org/castor/cpa/test/framework/CPATestCase|>,|project://castor-1.3.3_cpactf/src/test/java/org/castor/cpa/test/test14/TestRollbackPrimitive.java|(1431,12,<34,8>,<34,20>)>,
  <<|java+class:///org/castor/cpa/test/test31/ExtendsEntity2|,|java+class:///org/castor/cpa/test/test31/PersistentEntity|>,|project://castor-1.3.3_cpactf/src/test/java/org/castor/cpa/test/test31/ExtendsEntity2.java|(2269,8,<55,8>,<55,16>)>,
  <<|java+class:///org/castor/cpa/test/test2996/single/Book|,|java+project:///|>,|project://castor-1.3.3_cpactf/target/generated-sources/castor/org/castor/cpa/test/test2996/single/Book.java|(755,8,<44,8>,<44,16>)>,
  <<|java+class:///org/castor/cpa/test/test972/Test972|,|java+class:///org/castor/cpa/test/framework/CPATestCase|>,|project://castor-1.3.3_cpactf/src/test/java/org/castor/cpa/test/test972/Test972.java|(1043,12,<31,8>,<31,20>)>,
  <<|java+class:///org/castor/cpa/test/test77/TestQueryFinalize|,|java+class:///org/castor/cpa/test/framework/CPATestCase|>,|project://castor-1.3.3_cpactf/src/test/java/org/castor/cpa/test/test77/TestQueryFinalize.java|(1484,12,<39,8>,<39,20>)>,
  <<|java+class:///org/castor/cpa/test/test2996/onetomany/House|,|java+project:///|>,|project://castor-1.3.3_cpactf/target/generated-sources/castor/org/castor/cpa/test/test2996/onetomany/House.java|(803,8,<44,8>,<44,16>)>,
  <<|java+class:///org/castor/cpa/test/test76/TestCachedOid|,|java+class:///org/castor/cpa/test/framework/CPATestCase|>,|project://castor-1.3.3_cpactf/src/test/java/org/castor/cpa/test/test76/TestCachedOid.java|(1486,12,<41,8>,<41,20>)>,
  <<|java+class:///org/castor/cpa/test/test2996/onetoone/TestOneToOneMixedMapping1|,|java+class:///org/castor/cpa/test/test2996/onetoone/AbstractTestOneToOne|>,|project://castor-1.3.3_cpactf/src/test/java/org/castor/cpa/test/test2996/onetoone/TestOneToOneMixedMapping1.java|(1348,12,<33,8>,<33,20>)>,
  <<|java+class:///org/castor/cpa/test/test29/TestDependentOrder|,|java+class:///org/castor/cpa/test/framework/CPATestCase|>,|project://castor-1.3.3_cpactf/src/test/java/org/castor/cpa/test/test29/TestDependentOrder.java|(1533,12,<42,8>,<42,20>)>,
  <<|java+class:///org/castor/cpa/test/test88/TestLazyLoading|,|java+class:///org/castor/cpa/test/framework/CPATestCase|>,|project://castor-1.3.3_cpactf/src/test/java/org/castor/cpa/test/test88/TestLazyLoading.java|(1799,12,<49,8>,<49,20>)>,
  <<|java+class:///org/castor/cpa/test/test2996/onetoone/descriptors/EmployeeDescriptor|,|java+class:///org/exolab/castor/xml/util/XMLClassDescriptorImpl|>,|project://castor-1.3.3_cpactf/target/generated-sources/castor/org/castor/cpa/test/test2996/onetoone/descriptors/EmployeeDescriptor.java|(1192,8,<59,8>,<59,16>)>,
  <<|java+class:///org/castor/cpa/test/test2996/onetoone/TestOneToOneMixedMapping2|,|java+class:///org/castor/cpa/test/test2996/onetoone/AbstractTestOneToOne|>,|project://castor-1.3.3_cpactf/src/test/java/org/castor/cpa/test/test2996/onetoone/TestOneToOneMixedMapping2.java|(1349,12,<33,8>,<33,20>)>,
  <<|java+class:///org/castor/cpa/test/test2996/single/jdo_descriptors/BookJDODescriptor|,|java+class:///org/exolab/castor/mapping/loader/ClassDescriptorImpl|>,|project://castor-1.3.3_cpactf/target/generated-sources/castor/org/castor/cpa/test/test2996/single/jdo_descriptors/BookJDODescriptor.java|(1674,8,<48,8>,<48,16>)>,
  <<|java+class:///org/castor/cpa/test/test32/TestLimitClause|,|java+class:///org/castor/cpa/test/framework/CPATestCase|>,|project://castor-1.3.3_cpactf/src/test/java/org/castor/cpa/test/test32/TestLimitClause.java|(1392,12,<40,8>,<40,20>)>,
  <<|java+class:///org/castor/cpa/test/test2996/onetomany/TestOneToManyMixedMapping1|,|java+class:///org/castor/cpa/test/test2996/onetomany/AbstractTestOneToMany|>,|project://castor-1.3.3_cpactf/src/test/java/org/castor/cpa/test/test2996/onetomany/TestOneToManyMixedMapping1.java|(1337,12,<33,8>,<33,20>)>,
  <<|java+class:///org/castor/cpa/test/test97/TestPolymorphism|,|java+class:///org/castor/cpa/test/framework/CPATestCase|>,|project://castor-1.3.3_cpactf/src/test/java/org/castor/cpa/test/test97/TestPolymorphism.java|(1410,12,<38,8>,<38,20>)>,
  <<|java+class:///org/castor/cpa/test/test20/AbstractTestKeyGenInteger|,|java+class:///org/castor/cpa/test/framework/CPATestCase|>,|project://castor-1.3.3_cpactf/src/test/java/org/castor/cpa/test/test20/AbstractTestKeyGenInteger.java|(1360,12,<36,8>,<36,20>)>,
  <<|java+class:///org/castor/cpa/test/framework/xml/descriptors/TransactionDescriptor|,|java+class:///org/exolab/castor/xml/util/XMLClassDescriptorImpl|>,|project://castor-1.3.3_cpactf/target/generated-sources/castor/org/castor/cpa/test/framework/xml/descriptors/TransactionDescriptor.java|(1196,8,<59,8>,<59,16>)>,
  <<|java+class:///org/castor/cpa/test/test1499/TestNamedQueries|,|java+class:///org/castor/cpa/test/framework/CPATestCase|>,|project://castor-1.3.3_cpactf/src/test/java/org/castor/cpa/test/test1499/TestNamedQueries.java|(1731,12,<38,8>,<38,20>)>,
  <<|java+class:///org/castor/cpa/test/test2996/onetomany/TestOneToManyMixedMapping2|,|java+class:///org/castor/cpa/test/test2996/onetomany/AbstractTestOneToMany|>,|project://castor-1.3.3_cpactf/src/test/java/org/castor/cpa/test/test2996/onetomany/TestOneToManyMixedMapping2.java|(1338,12,<33,8>,<33,20>)>,
  <<|java+class:///org/castor/cpa/test/test08/TestCache|,|java+class:///org/castor/cpa/test/framework/CPATestCase|>,|project://castor-1.3.3_cpactf/src/test/java/org/castor/cpa/test/test08/TestCache.java|(1466,12,<39,8>,<39,20>)>,
  <<|java+class:///org/castor/cpa/test/test16/TestNestedFields|,|java+class:///org/castor/cpa/test/framework/CPATestCase|>,|project://castor-1.3.3_cpactf/src/test/java/org/castor/cpa/test/test16/TestNestedFields.java|(1639,12,<41,8>,<41,20>)>,
  <<|java+class:///org/castor/cpa/test/test2996/onetomany/TestOneToManyClassMapping|,|java+class:///org/castor/cpa/test/test2996/onetomany/AbstractTestOneToMany|>,|project://castor-1.3.3_cpactf/src/test/java/org/castor/cpa/test/test2996/onetomany/TestOneToManyClassMapping.java|(1265,12,<32,8>,<32,20>)>,
  <<|java+class:///org/castor/cpa/test/test30/ExtendsEntity|,|java+class:///org/castor/cpa/test/test30/Entity|>,|project://castor-1.3.3_cpactf/src/test/java/org/castor/cpa/test/test30/ExtendsEntity.java|(2350,8,<57,8>,<57,16>)>,
  <<|java+class:///org/castor/cpa/test/test1206/TestDirtyIgnore|,|java+class:///org/castor/cpa/test/framework/CPATestCase|>,|project://castor-1.3.3_cpactf/src/test/java/org/castor/cpa/test/test1206/TestDirtyIgnore.java|(1001,12,<31,8>,<31,20>)>,
  <<|java+class:///org/castor/cpa/test/test2858/TestDeleteWithThreeLevelExtends|,|java+class:///org/castor/cpa/test/framework/CPATestCase|>,|project://castor-1.3.3_cpactf/src/test/java/org/castor/cpa/test/test2858/TestDeleteWithThreeLevelExtends.java|(905,12,<26,8>,<26,20>)>,
  <<|java+class:///org/castor/cpa/test/test99/TestPolymorphismMany2Many|,|java+class:///org/castor/cpa/test/framework/CPATestCase|>,|project://castor-1.3.3_cpactf/src/test/java/org/castor/cpa/test/test99/TestPolymorphismMany2Many.java|(1157,12,<30,8>,<30,20>)>,
  <<|java+class:///org/castor/cpa/test/test04/TestDeadlock|,|java+class:///org/castor/cpa/test/framework/CPAThreadedTestCase|>,|project://castor-1.3.3_cpactf/src/test/java/org/castor/cpa/test/test04/TestDeadlock.java|(3125,12,<82,8>,<82,20>)>,
  <<|java+class:///org/castor/cpa/test/test2996/onetomany/descriptors/HouseDescriptor|,|java+class:///org/exolab/castor/xml/util/XMLClassDescriptorImpl|>,|project://castor-1.3.3_cpactf/target/generated-sources/castor/org/castor/cpa/test/test2996/onetomany/descriptors/HouseDescriptor.java|(1182,8,<59,8>,<59,16>)>,
  <<|java+class:///org/castor/cpa/test/test2996/onetomany/descriptors/FlatDescriptor|,|java+class:///org/exolab/castor/xml/util/XMLClassDescriptorImpl|>,|project://castor-1.3.3_cpactf/target/generated-sources/castor/org/castor/cpa/test/test2996/onetomany/descriptors/FlatDescriptor.java|(1178,8,<59,8>,<59,16>)>,
  <<|java+class:///org/castor/cpa/test/test2996/onetomany/TestOneToManyXmlMapping|,|java+class:///org/castor/cpa/test/test2996/onetomany/AbstractTestOneToMany|>,|project://castor-1.3.3_cpactf/src/test/java/org/castor/cpa/test/test2996/onetomany/TestOneToManyXmlMapping.java|(1172,12,<30,8>,<30,20>)>,
  <<|java+class:///org/castor/cpa/test/test2567/TestQuery|,|java+class:///org/castor/cpa/test/framework/CPATestCase|>,|project://castor-1.3.3_cpactf/src/test/java/org/castor/cpa/test/test2567/TestQuery.java|(1047,12,<34,8>,<34,20>)>,
  <<|java+class:///org/castor/cpa/test/test74/TestManyToManyKeyGen|,|java+class:///org/castor/cpa/test/framework/CPATestCase|>,|project://castor-1.3.3_cpactf/src/test/java/org/castor/cpa/test/test74/TestManyToManyKeyGen.java|(2413,12,<66,8>,<66,20>)>,
  <<|java+class:///org/castor/cpa/test/test2996/onetoone/TestOneToOneClassMapping|,|java+class:///org/castor/cpa/test/test2996/onetoone/AbstractTestOneToOne|>,|project://castor-1.3.3_cpactf/src/test/java/org/castor/cpa/test/test2996/onetoone/TestOneToOneClassMapping.java|(1280,12,<32,8>,<32,20>)>,
  <<|java+class:///org/castor/cpa/test/framework/xml/descriptors/DatabaseDescriptor|,|java+class:///org/exolab/castor/xml/util/XMLClassDescriptorImpl|>,|project://castor-1.3.3_cpactf/target/generated-sources/castor/org/castor/cpa/test/framework/xml/descriptors/DatabaseDescriptor.java|(1184,8,<59,8>,<59,16>)>,
  <<|java+class:///org/castor/cpa/test/test30/TestOQLPassThrough|,|java+class:///org/castor/cpa/test/framework/CPATestCase|>,|project://castor-1.3.3_cpactf/src/test/java/org/castor/cpa/test/test30/TestOQLPassThrough.java|(1448,12,<39,8>,<39,20>)>,
  <<|java+class:///org/castor/cpa/test/test1217/TestTimestampChange|,|java+class:///org/castor/cpa/test/framework/CPATestCase|>,|project://castor-1.3.3_cpactf/src/test/java/org/castor/cpa/test/test1217/TestTimestampChange.java|(1145,12,<32,8>,<32,20>)>,
  <<|java+class:///org/castor/cpa/test/test2996/single/TestSingleClassMapping|,|java+class:///org/castor/cpa/test/test2996/single/AbstractTestSingle|>,|project://castor-1.3.3_cpactf/src/test/java/org/castor/cpa/test/test2996/single/TestSingleClassMapping.java|(1181,12,<31,8>,<31,20>)>,
  <<|java+class:///org/castor/cpa/test/test27/TestDependentUpdate|,|java+class:///org/castor/cpa/test/framework/CPATestCase|>,|project://castor-1.3.3_cpactf/src/test/java/org/castor/cpa/test/test27/TestDependentUpdate.java|(1809,12,<44,8>,<44,20>)>,
  <<|java+class:///org/castor/cpa/test/test20/TestKeyGenUuid|,|java+class:///org/castor/cpa/test/test20/AbstractTestKeyGenString|>,|project://castor-1.3.3_cpactf/src/test/java/org/castor/cpa/test/test20/TestKeyGenUuid.java|(884,12,<25,8>,<25,20>)>,
  <<|java+class:///org/castor/cpa/test/test2996/single/TestSingleXmlMapping|,|java+class:///org/castor/cpa/test/test2996/single/AbstractTestSingle|>,|project://castor-1.3.3_cpactf/src/test/java/org/castor/cpa/test/test2996/single/TestSingleXmlMapping.java|(1160,12,<30,8>,<30,20>)>,
  <<|java+class:///org/castor/cpa/test/test2996/onetoone/TestOneToOneXmlMapping|,|java+class:///org/castor/cpa/test/test2996/onetoone/AbstractTestOneToOne|>,|project://castor-1.3.3_cpactf/src/test/java/org/castor/cpa/test/test2996/onetoone/TestOneToOneXmlMapping.java|(1179,12,<30,8>,<30,20>)>,
  <<|java+class:///org/castor/cpa/test/test83/TestIdentityPerFieldMapping|,|java+class:///org/castor/cpa/test/framework/CPATestCase|>,|project://castor-1.3.3_cpactf/src/test/java/org/castor/cpa/test/test83/TestIdentityPerFieldMapping.java|(1268,12,<33,8>,<33,20>)>,
  <<|java+class:///org/castor/cpa/test/test70/TestCollections|,|java+class:///org/castor/cpa/test/framework/CPATestCase|>,|project://castor-1.3.3_cpactf/src/test/java/org/castor/cpa/test/test70/TestCollections.java|(1415,12,<37,8>,<37,20>)>,
  <<|java+class:///org/castor/cpa/test/test954/Test954|,|java+class:///org/castor/cpa/test/framework/CPATestCase|>,|project://castor-1.3.3_cpactf/src/test/java/org/castor/cpa/test/test954/Test954.java|(1845,12,<52,8>,<52,20>)>,
  <<|java+class:///org/castor/cpa/test/framework/xml/descriptors/DatabaseChoiceDescriptor|,|java+class:///org/exolab/castor/xml/util/XMLClassDescriptorImpl|>,|project://castor-1.3.3_cpactf/target/generated-sources/castor/org/castor/cpa/test/framework/xml/descriptors/DatabaseChoiceDescriptor.java|(1208,8,<59,8>,<59,16>)>,
  <<|java+class:///org/castor/cpa/test/test3121/TestDelete|,|java+class:///org/castor/cpa/test/framework/CPAThreadedTestCase|>,|project://castor-1.3.3_cpactf/src/test/java/org/castor/cpa/test/test3121/TestDelete.java|(2818,12,<74,8>,<74,20>)>,
  <<|java+class:///org/castor/cpa/test/test2996/onetoone/Employee|,|java+project:///|>,|project://castor-1.3.3_cpactf/target/generated-sources/castor/org/castor/cpa/test/test2996/onetoone/Employee.java|(790,8,<44,8>,<44,16>)>,
  <<|java+class:///org/castor/cpa/test/test1503/TestNamedNativeQueries|,|java+class:///org/castor/cpa/test/framework/CPATestCase|>,|project://castor-1.3.3_cpactf/src/test/java/org/castor/cpa/test/test1503/TestNamedNativeQueries.java|(1386,12,<33,8>,<33,20>)>,
  <<|java+class:///org/castor/cpa/test/test80/TestSelfReferentialExtend|,|java+class:///org/castor/cpa/test/framework/CPATestCase|>,|project://castor-1.3.3_cpactf/src/test/java/org/castor/cpa/test/test80/TestSelfReferentialExtend.java|(1302,12,<36,8>,<36,20>)>,
  <<|java+class:///org/castor/cpa/test/test96/TestPolymorphismDependendObjects|,|java+class:///org/castor/cpa/test/framework/CPATestCase|>,|project://castor-1.3.3_cpactf/src/test/java/org/castor/cpa/test/test96/TestPolymorphismDependendObjects.java|(1133,12,<28,8>,<28,20>)>,
  <<|java+class:///org/castor/cpa/test/test12/TestTypeConversion|,|java+class:///org/castor/cpa/test/framework/CPATestCase|>,|project://castor-1.3.3_cpactf/src/test/java/org/castor/cpa/test/test12/TestTypeConversion.java|(1783,12,<53,8>,<53,20>)>,
  <<|java+class:///org/castor/cpa/test/test98/TestPolymorphismInAThreadedEnv|,|java+class:///org/castor/cpa/test/framework/CPATestCase|>,|project://castor-1.3.3_cpactf/src/test/java/org/castor/cpa/test/test98/TestPolymorphismInAThreadedEnv.java|(1401,12,<38,8>,<38,20>)>,
  <<|java+class:///org/castor/cpa/test/test78/TestGetJdbcConnection|,|java+class:///org/castor/cpa/test/framework/CPATestCase|>,|project://castor-1.3.3_cpactf/src/test/java/org/castor/cpa/test/test78/TestGetJdbcConnection.java|(1153,12,<32,8>,<32,20>)>,
  <<|java+class:///org/castor/cpa/test/test06/TestRaceCondition|,|java+class:///org/castor/cpa/test/framework/CPATestCase|>,|project://castor-1.3.3_cpactf/src/test/java/org/castor/cpa/test/test06/TestRaceCondition.java|(2066,12,<61,8>,<61,20>)>,
  <<|java+class:///org/castor/cpa/test/test18/TestPersistent|,|java+class:///org/castor/cpa/test/framework/CPATestCase|>,|project://castor-1.3.3_cpactf/src/test/java/org/castor/cpa/test/test18/TestPersistent.java|(1559,12,<40,8>,<40,20>)>,
  <<|java+class:///org/castor/cpa/test/test89/TestLazyEmployeeExpiration|,|java+class:///org/castor/cpa/test/framework/CPATestCase|>,|project://castor-1.3.3_cpactf/src/test/java/org/castor/cpa/test/test89/TestLazyEmployeeExpiration.java|(2256,12,<57,8>,<57,20>)>
]