[
  <<|java+class:///fit/RowFixture|,|java+class:///fit/Fixture|>,<|java+project:///|,|java+method:///fit/Fixture/doTable(fit.Parse)|,|java+method:///fit/RowFixture/doRows(fit.Parse)|>>,
  <<|java+class:///fat/Tests|,|java+class:///fit/Fixture|>,<|java+project:///|,|java+method:///fit/Fixture/doCells(fit.Parse)|,|java+method:///fat/Tests/doCell(fit.Parse,int)|>>,
  <<|java+class:///eg/AllPairs/Cases|,|java+class:///fit/ColumnFixture|>,<|java+project:///|,|java+method:///fit/ColumnFixture/bindMethod(java.lang.String)|,|java+method:///eg/AllPairs/Cases/getTargetClass()|>>,
  <<|java+class:///eg/AllPairs/Pairs|,|java+class:///fit/ColumnFixture|>,<|java+project:///|,|java+method:///fit/ColumnFixture/bindField(java.lang.String)|,|java+method:///eg/AllPairs/Pairs/getTargetClass()|>>,
  <<|java+class:///eg/BinaryChop|,|java+class:///fit/ColumnFixture|>,<|java+project:///|,|java+method:///fit/ColumnFixture/check(fit.Parse,fit.TypeAdapter)|,|java+method:///eg/BinaryChop/execute()|>>,
  <<|java+class:///fit/RowFixture|,|java+class:///fit/ColumnFixture|>,<|java+project:///|,|java+method:///fit/ColumnFixture/bindField(java.lang.String)|,|java+method:///fit/RowFixture/getTargetClass()|>>,
  <<|java+class:///eg/music/Display|,|java+class:///fit/ColumnFixture|>,<|java+project:///|,|java+method:///fit/ColumnFixture/bindField(java.lang.String)|,|java+method:///eg/music/Display/getTargetClass()|>>,
  <<|java+class:///eg/Page|,|java+class:///fit/ColumnFixture|>,<|java+project:///|,|java+method:///fit/ColumnFixture/bindMethod(java.lang.String)|,|java+method:///eg/Page/getTargetClass()|>>,
  <<|java+class:///eg/music/Realtime|,|java+class:///fit/TimedActionFixture|>,<|java+project:///|,|java+method:///fit/TimedActionFixture/doCells(fit.Parse)|,|java+method:///eg/music/Realtime/time()|>>,
  <<|java+class:///fit/RowFixtureTest/TestRowFixture|,|java+class:///fit/ColumnFixture|>,<|java+project:///|,|java+method:///fit/ColumnFixture/bindMethod(java.lang.String)|,|java+method:///fit/RowFixtureTest/TestRowFixture/getTargetClass()|>>,
  <<|java+class:///eg/AllFiles|,|java+class:///fit/Fixture|>,<|java+project:///|,|java+method:///fit/Fixture/doRows(fit.Parse)|,|java+method:///eg/AllFiles/doRow(fit.Parse)|>>,
  <<|java+class:///eg/ColumnIndex|,|java+class:///fit/ColumnFixture|>,<|java+project:///|,|java+method:///fit/ColumnFixture/bindMethod(java.lang.String)|,|java+method:///eg/ColumnIndex/getTargetClass()|>>,
  <<|java+class:///fit/TimedActionFixture|,|java+class:///fit/Fixture|>,<|java+project:///|,|java+method:///fit/Fixture/interpretTables(fit.Parse)|,|java+method:///fit/TimedActionFixture/doTable(fit.Parse)|>>,
  <<|java+class:///eg/AllCombinations|,|java+class:///eg/AllFiles|>,<|java+project:///|,|java+method:///eg/AllFiles/doRow(fit.Parse)|,|java+method:///eg/AllCombinations/doRow(fit.Parse,java.util.List)|>>,
  <<|java+class:///eg/ColumnIndex|,|java+class:///fit/Fixture|>,<|java+project:///|,|java+method:///fit/Fixture/doTable(fit.Parse)|,|java+method:///eg/ColumnIndex/doRows(fit.Parse)|>>,
  <<|java+class:///fit/TimedActionFixture|,|java+class:///fit/Fixture|>,<|java+project:///|,|java+method:///fit/Fixture/doRow(fit.Parse)|,|java+method:///fit/TimedActionFixture/doCells(fit.Parse)|>>,
  <<|java+class:///fit/RowFixtureTest/TestRowFixture|,|java+class:///fit/ColumnFixture|>,<|java+project:///|,|java+method:///fit/ColumnFixture/bindField(java.lang.String)|,|java+method:///fit/RowFixtureTest/TestRowFixture/getTargetClass()|>>,
  <<|java+class:///eg/Page|,|java+class:///fit/RowFixture|>,<|java+project:///|,|java+method:///fit/RowFixture/doRows(fit.Parse)|,|java+method:///eg/Page/query()|>>,
  <<|java+class:///eg/music/Display|,|java+class:///fit/RowFixture|>,<|java+project:///|,|java+method:///fit/RowFixture/doRows(fit.Parse)|,|java+method:///eg/music/Display/query()|>>,
  <<|java+class:///fit/Summary|,|java+class:///fit/Fixture|>,<|java+project:///|,|java+method:///fit/Fixture/interpretTables(fit.Parse)|,|java+method:///fit/Summary/doTable(fit.Parse)|>>,
  <<|java+class:///eg/AllPairs|,|java+class:///eg/AllCombinations|>,<|java+project:///|,|java+method:///eg/AllCombinations/doTable(fit.Parse)|,|java+method:///eg/AllPairs/combinations()|>>,
  <<|java+class:///eg/AllPairs/Pairs|,|java+class:///fit/RowFixture|>,<|java+project:///|,|java+method:///fit/RowFixture/doRows(fit.Parse)|,|java+method:///eg/AllPairs/Pairs/query()|>>,
  <<|java+class:///eg/ArithmeticFixture|,|java+class:///fit/Fixture|>,<|java+project:///|,|java+method:///fit/Fixture/doCells(fit.Parse)|,|java+method:///eg/ArithmeticFixture/doCell(fit.Parse,int)|>>,
  <<|java+class:///fit/ColumnFixture|,|java+class:///fit/Fixture|>,<|java+project:///|,|java+method:///fit/Fixture/doCells(fit.Parse)|,|java+method:///fit/ColumnFixture/doCell(fit.Parse,int)|>>,
  <<|java+class:///fit/RowFixture|,|java+class:///fit/ColumnFixture|>,<|java+project:///|,|java+method:///fit/ColumnFixture/bindMethod(java.lang.String)|,|java+method:///fit/RowFixture/getTargetClass()|>>,
  <<|java+class:///fat/Equals|,|java+class:///fit/Fixture|>,<|java+project:///|,|java+method:///fit/Fixture/doTable(fit.Parse)|,|java+method:///fat/Equals/doRows(fit.Parse)|>>,
  <<|java+class:///fat/Frameworks|,|java+class:///fit/ColumnFixture|>,<|java+project:///|,|java+method:///fit/ColumnFixture/doRow(fit.Parse)|,|java+method:///fat/Frameworks/reset()|>>,
  <<|java+class:///fat/Color|,|java+class:///fit/Fixture|>,<|java+project:///|,|java+method:///fit/Fixture/doTable(fit.Parse)|,|java+method:///fat/Color/doRows(fit.Parse)|>>,
  <<|java+class:///eg/BinaryChop|,|java+class:///fit/ColumnFixture|>,<|java+project:///|,|java+method:///fit/ColumnFixture/doRow(fit.Parse)|,|java+method:///eg/BinaryChop/execute()|>>,
  <<|java+class:///fat/Equals|,|java+class:///fit/Fixture|>,<|java+project:///|,|java+method:///fit/Fixture/doCells(fit.Parse)|,|java+method:///fat/Equals/doCell(fit.Parse,int)|>>,
  <<|java+class:///fit/ColumnFixture|,|java+class:///fit/Fixture|>,<|java+project:///|,|java+method:///fit/Fixture/doTable(fit.Parse)|,|java+method:///fit/ColumnFixture/doRows(fit.Parse)|>>,
  <<|java+class:///eg/Calculator|,|java+class:///fit/ColumnFixture|>,<|java+project:///|,|java+method:///fit/ColumnFixture/doRow(fit.Parse)|,|java+method:///eg/Calculator/reset()|>>,
  <<|java+class:///eg/music/Display|,|java+class:///fit/ColumnFixture|>,<|java+project:///|,|java+method:///fit/ColumnFixture/bindMethod(java.lang.String)|,|java+method:///eg/music/Display/getTargetClass()|>>,
  <<|java+class:///fat/Table|,|java+class:///fit/Fixture|>,<|java+project:///|,|java+method:///fit/Fixture/doTable(fit.Parse)|,|java+method:///fat/Table/doRows(fit.Parse)|>>,
  <<|java+class:///fat/Tests|,|java+class:///fit/Fixture|>,<|java+project:///|,|java+method:///fit/Fixture/doTable(fit.Parse)|,|java+method:///fat/Tests/doRows(fit.Parse)|>>,
  <<|java+class:///eg/ExampleTests|,|java+class:///fit/Fixture|>,<|java+project:///|,|java+method:///fit/Fixture/doRows(fit.Parse)|,|java+method:///eg/ExampleTests/doRow(fit.Parse)|>>,
  <<|java+class:///eg/AllPairs/Cases|,|java+class:///fit/ColumnFixture|>,<|java+project:///|,|java+method:///fit/ColumnFixture/bindField(java.lang.String)|,|java+method:///eg/AllPairs/Cases/getTargetClass()|>>,
  <<|java+class:///eg/ArithmeticFixture|,|java+class:///fit/Fixture|>,<|java+project:///|,|java+method:///fit/Fixture/doTable(fit.Parse)|,|java+method:///eg/ArithmeticFixture/doRows(fit.Parse)|>>,
  <<|java+class:///eg/AllPairs/Pairs|,|java+class:///fit/ColumnFixture|>,<|java+project:///|,|java+method:///fit/ColumnFixture/bindMethod(java.lang.String)|,|java+method:///eg/AllPairs/Pairs/getTargetClass()|>>,
  <<|java+class:///eg/ExampleTests|,|java+class:///fit/Fixture|>,<|java+project:///|,|java+method:///fit/Fixture/wrong(fit.Parse,java.lang.String)|,|java+method:///eg/ExampleTests/wrong(fit.Parse)|>>,
  <<|java+class:///fat/Frameworks|,|java+class:///fit/ColumnFixture|>,<|java+project:///|,|java+method:///fit/ColumnFixture/doRow(fit.Parse)|,|java+method:///fat/Frameworks/execute()|>>,
  <<|java+class:///fit/RowFixtureTest/TestRowFixture|,|java+class:///fit/RowFixture|>,<|java+project:///|,|java+method:///fit/RowFixture/doRows(fit.Parse)|,|java+method:///fit/RowFixtureTest/TestRowFixture/query()|>>,
  <<|java+class:///eg/ColumnIndex|,|java+class:///fit/ColumnFixture|>,<|java+project:///|,|java+method:///fit/ColumnFixture/bindField(java.lang.String)|,|java+method:///eg/ColumnIndex/getTargetClass()|>>,
  <<|java+class:///eg/Calculator|,|java+class:///fit/ColumnFixture|>,<|java+project:///|,|java+method:///fit/ColumnFixture/check(fit.Parse,fit.TypeAdapter)|,|java+method:///eg/Calculator/execute()|>>,
  <<|java+class:///eg/AllPairs/Setup|,|java+class:///fit/Fixture|>,<|java+project:///|,|java+method:///fit/Fixture/interpretTables(fit.Parse)|,|java+method:///eg/AllPairs/Setup/doTable(fit.Parse)|>>,
  <<|java+class:///eg/Page|,|java+class:///fit/ColumnFixture|>,<|java+project:///|,|java+method:///fit/ColumnFixture/bindField(java.lang.String)|,|java+method:///eg/Page/getTargetClass()|>>,
  <<|java+class:///fit/ActionFixture|,|java+class:///fit/Fixture|>,<|java+project:///|,|java+method:///fit/Fixture/doRow(fit.Parse)|,|java+method:///fit/ActionFixture/doCells(fit.Parse)|>>,
  <<|java+class:///eg/AllPairs/Setup|,|java+class:///fit/Fixture|>,<|java+project:///|,|java+method:///fit/Fixture/doCells(fit.Parse)|,|java+method:///eg/AllPairs/Setup/doCell(fit.Parse,int)|>>,
  <<|java+class:///fat/Frameworks|,|java+class:///fit/ColumnFixture|>,<|java+project:///|,|java+method:///fit/ColumnFixture/check(fit.Parse,fit.TypeAdapter)|,|java+method:///fat/Frameworks/execute()|>>,
  <<|java+class:///fat/Color|,|java+class:///fit/Fixture|>,<|java+project:///|,|java+method:///fit/Fixture/doCells(fit.Parse)|,|java+method:///fat/Color/doCell(fit.Parse,int)|>>,
  <<|java+class:///eg/AllPairs/Cases|,|java+class:///fit/RowFixture|>,<|java+project:///|,|java+method:///fit/RowFixture/doRows(fit.Parse)|,|java+method:///eg/AllPairs/Cases/query()|>>,
  <<|java+class:///eg/Calculator|,|java+class:///fit/ColumnFixture|>,<|java+project:///|,|java+method:///fit/ColumnFixture/doRow(fit.Parse)|,|java+method:///eg/Calculator/execute()|>>,
  <<|java+class:///fat/StandardAnnotationFixture|,|java+class:///fit/Fixture|>,<|java+project:///|,|java+method:///fit/Fixture/doCells(fit.Parse)|,|java+method:///fat/StandardAnnotationFixture/doCell(fit.Parse,int)|>>,
  <<|java+class:///eg/AllCombinations|,|java+class:///fit/Fixture|>,<|java+project:///|,|java+method:///fit/Fixture/interpretTables(fit.Parse)|,|java+method:///eg/AllCombinations/doTable(fit.Parse)|>>
]