[
  <<|java+class:///edu/umd/cs/findbugs/ba/type/DoubleExtraType|,|java+class:///org/apache/bcel/generic/Type|>,|project://findbugs/src/java/edu/umd/cs/findbugs/ba/type/DoubleExtraType.java|(1430,40,<43,2>,<43,42>)>,
  <<|java+class:///edu/umd/cs/findbugs/ba/bcp/IfNull|,|java+class:///edu/umd/cs/findbugs/ba/bcp/OneVariableInstruction|>,|project://findbugs/src/java/edu/umd/cs/findbugs/ba/bcp/IfNull.java|(1389,15,<36,2>,<36,17>)>,
  <<|java+class:///edu/umd/cs/findbugs/detect/StreamFrameModelingVisitor|,|java+class:///edu/umd/cs/findbugs/ba/ResourceValueFrameModelingVisitor|>,|project://findbugs/src/java/edu/umd/cs/findbugs/detect/StreamFrameModelingVisitor.java|(1831,11,<47,2>,<47,13>)>,
  <<|java+class:///edu/umd/cs/findbugs/classfile/analysis/ClassInfo|,|java+class:///edu/umd/cs/findbugs/classfile/analysis/ClassNameAndSuperclassInfo|>,|project://findbugs/src/java/edu/umd/cs/findbugs/classfile/analysis/ClassInfo.java|(7391,184,<200,2>,<200,186>)>,
  <<|java+class:///edu/umd/cs/findbugs/ml/ConvertToARFF/BooleanAttribute|,|java+class:///edu/umd/cs/findbugs/ml/ConvertToARFF/XPathAttribute|>,|project://findbugs/src/java/edu/umd/cs/findbugs/ml/ConvertToARFF.java|(4886,19,<159,3>,<159,22>)>,
  <<|java+class:///edu/umd/cs/findbugs/classfile/engine/bcel/MethodFactory|,|java+class:///edu/umd/cs/findbugs/classfile/engine/bcel/AnalysisFactory|>,|project://findbugs/src/java/edu/umd/cs/findbugs/classfile/engine/bcel/MethodFactory.java|(1400,38,<38,5>,<38,43>)>,
  <<|java+class:///edu/umd/cs/findbugs/classfile/engine/bcel/CompactLocationNumberingFactory|,|java+class:///edu/umd/cs/findbugs/classfile/engine/bcel/AnalysisFactory|>,|project://findbugs/src/java/edu/umd/cs/findbugs/classfile/engine/bcel/CompactLocationNumberingFactory.java|(1482,68,<39,2>,<39,70>)>,
  <<|java+class:///edu/umd/cs/findbugs/gui2/SplashFrame|,|java+class:///javax/swing/JWindow|>,|project://findbugs/src/java5/edu/umd/cs/findbugs/gui2/SplashFrame.java|(1529,19,<50,2>,<50,21>)>,
  <<|java+class:///edu/umd/cs/findbugs/ba/ch/InterproceduralCallGraphEdge|,|java+class:///edu/umd/cs/findbugs/graph/AbstractEdge|>,|project://findbugs/src/java/edu/umd/cs/findbugs/ba/ch/InterproceduralCallGraphEdge.java|(1451,22,<39,5>,<39,27>)>,
  <<|java+class:///edu/umd/cs/findbugs/sourceViewer/NavigableTextPane|,|java+class:///javax/swing/JTextPane|>,|project://findbugs/src/java5/edu/umd/cs/findbugs/sourceViewer/NavigableTextPane.java|(1473,11,<47,2>,<47,13>)>,
  <<|java+class:///edu/umd/cs/findbugs/PackageWarningSuppressor|,|java+class:///edu/umd/cs/findbugs/WarningSuppressor|>,|project://findbugs/src/java/edu/umd/cs/findbugs/PackageWarningSuppressor.java|(198,18,<10,2>,<10,20>)>,
  <<|java+class:///edu/umd/cs/findbugs/detect/InfiniteLoop/ForwardConditionalBranch|,|java+class:///edu/umd/cs/findbugs/detect/InfiniteLoop/Jump|>,|project://findbugs/src/java/edu/umd/cs/findbugs/detect/InfiniteLoop.java|(3674,15,<112,3>,<112,18>)>,
  <<|java+class:///edu/umd/cs/findbugs/ba/jsr305/BackwardTypeQualifierDataflow|,|java+class:///edu/umd/cs/findbugs/ba/jsr305/TypeQualifierDataflow|>,|project://findbugs/src/java/edu/umd/cs/findbugs/ba/jsr305/BackwardTypeQualifierDataflow.java|(1369,21,<38,2>,<38,23>)>,
  <<|java+class:///edu/umd/cs/findbugs/ba/ReverseDFSOrder|,|java+class:///edu/umd/cs/findbugs/ba/AbstractBlockOrder|>,|project://findbugs/src/java/edu/umd/cs/findbugs/ba/ReverseDFSOrder.java|(2056,48,<60,2>,<60,50>)>,
  <<|java+class:///edu/umd/cs/findbugs/ba/ResourceValueAnalysis|,|java+class:///edu/umd/cs/findbugs/ba/FrameDataflowAnalysis|>,|project://findbugs/src/java/edu/umd/cs/findbugs/ba/ResourceValueAnalysis.java|(2065,11,<52,2>,<52,13>)>,
  <<|java+class:///edu/umd/cs/findbugs/ba/jsr305/ForwardTypeQualifierDataflowAnalysis|,|java+class:///edu/umd/cs/findbugs/ba/jsr305/TypeQualifierDataflowAnalysis|>,|project://findbugs/src/java/edu/umd/cs/findbugs/ba/jsr305/ForwardTypeQualifierDataflowAnalysis.java|(2639,58,<68,2>,<68,60>)>,
  <<|java+class:///edu/umd/cs/findbugs/ba/BlockTypeDataflow|,|java+class:///edu/umd/cs/findbugs/ba/Dataflow|>,|project://findbugs/src/java/edu/umd/cs/findbugs/ba/BlockTypeDataflow.java|(1056,21,<27,2>,<27,23>)>,
  <<|java+class:///edu/umd/cs/findbugs/MethodAnnotation|,|java+class:///edu/umd/cs/findbugs/PackageMemberAnnotation|>,|project://findbugs/src/java/edu/umd/cs/findbugs/MethodAnnotation.java|(3386,31,<83,2>,<83,33>)>,
  <<|java+class:///edu/umd/cs/findbugs/classfile/analysis/FieldInfo|,|java+class:///edu/umd/cs/findbugs/classfile/FieldDescriptor|>,|project://findbugs/src/java/edu/umd/cs/findbugs/classfile/analysis/FieldInfo.java|(3606,87,<105,5>,<105,92>)>,
  <<|java+class:///edu/umd/cs/findbugs/classfile/impl/NestedZipFileCodeBase|,|java+class:///edu/umd/cs/findbugs/classfile/impl/AbstractScannableCodeBase|>,|project://findbugs/src/java/edu/umd/cs/findbugs/classfile/impl/NestedZipFileCodeBase.java|(2153,23,<58,2>,<58,25>)>,
  <<|java+class:///edu/umd/cs/findbugs/detect/DoomedCodeWarningProperty|,|java+class:///edu/umd/cs/findbugs/props/AbstractWarningProperty|>,|project://findbugs/src/java/edu/umd/cs/findbugs/detect/DoomedCodeWarningProperty.java|(1338,37,<33,2>,<33,39>)>,
  <<|java+class:///edu/umd/cs/findbugs/ba/bcp/Load|,|java+class:///edu/umd/cs/findbugs/ba/bcp/FieldAccess|>,|project://findbugs/src/java/edu/umd/cs/findbugs/ba/bcp/Load.java|(1721,35,<49,2>,<49,37>)>,
  <<|java+class:///edu/umd/cs/findbugs/classfile/engine/bcel/MethodGenFactory|,|java+class:///edu/umd/cs/findbugs/classfile/engine/bcel/AnalysisFactory|>,|project://findbugs/src/java/edu/umd/cs/findbugs/classfile/engine/bcel/MethodGenFactory.java|(1639,49,<45,5>,<45,54>)>,
  <<|java+class:///edu/umd/cs/findbugs/ba/obl/NonexistentObligationException|,|java+class:///java/lang/Exception|>,|project://findbugs/src/java/edu/umd/cs/findbugs/ba/obl/NonexistentObligationException.java|(1063,79,<26,2>,<26,81>)>,
  <<|java+class:///edu/umd/cs/findbugs/ba/bcp/New|,|java+class:///edu/umd/cs/findbugs/ba/bcp/OneVariableInstruction|>,|project://findbugs/src/java/edu/umd/cs/findbugs/ba/bcp/New.java|(1494,21,<44,2>,<44,23>)>,
  <<|java+class:///edu/umd/cs/findbugs/gui2/DeadBugFilter|,|java+class:///edu/umd/cs/findbugs/gui2/FilterMatcher|>,|project://findbugs/src/java5/edu/umd/cs/findbugs/gui2/DeadBugFilter.java|(1129,29,<35,2>,<35,31>)>,
  <<|java+class:///edu/umd/cs/findbugs/gui2/GUI2CommandLine|,|java+class:///edu/umd/cs/findbugs/FindBugsCommandLine|>,|project://findbugs/src/java5/edu/umd/cs/findbugs/gui2/GUI2CommandLine.java|(1353,150,<40,2>,<42,14>)>,
  <<|java+class:///edu/umd/cs/findbugs/graph/ReverseDepthFirstSearch|,|java+class:///edu/umd/cs/findbugs/graph/AbstractDepthFirstSearch|>,|project://findbugs/src/java/edu/umd/cs/findbugs/graph/ReverseDepthFirstSearch.java|(1495,13,<46,2>,<46,15>)>,
  <<|java+class:///edu/umd/cs/findbugs/classfile/engine/bcel/UnpackedCodeFactory|,|java+class:///edu/umd/cs/findbugs/classfile/engine/bcel/AnalysisFactory|>,|project://findbugs/src/java/edu/umd/cs/findbugs/classfile/engine/bcel/UnpackedCodeFactory.java|(1431,47,<40,2>,<40,49>)>,
  <<|java+class:///edu/umd/cs/findbugs/detect/Lock|,|java+class:///edu/umd/cs/findbugs/ResourceCreationPoint|>,|project://findbugs/src/java/edu/umd/cs/findbugs/detect/FindUnreleasedLock.java|(3066,27,<74,2>,<74,29>)>,
  <<|java+class:///edu/umd/cs/findbugs/ba/bcp/Store|,|java+class:///edu/umd/cs/findbugs/ba/bcp/FieldAccess|>,|project://findbugs/src/java/edu/umd/cs/findbugs/ba/bcp/Store.java|(1735,34,<48,2>,<48,36>)>,
  <<|java+class:///edu/umd/cs/findbugs/ba/heap/LoadDataflow|,|java+class:///edu/umd/cs/findbugs/ba/AbstractDataflow|>,|project://findbugs/src/java/edu/umd/cs/findbugs/ba/heap/LoadDataflow.java|(1128,21,<30,2>,<30,23>)>,
  <<|java+class:///edu/umd/cs/findbugs/ba/LockAnalysis|,|java+class:///edu/umd/cs/findbugs/ba/ForwardDataflowAnalysis|>,|project://findbugs/src/java/edu/umd/cs/findbugs/ba/LockAnalysis.java|(1996,11,<52,2>,<52,13>)>,
  <<|java+class:///edu/umd/cs/findbugs/classfile/analysis/ClassNameAndSuperclassInfo|,|java+class:///edu/umd/cs/findbugs/classfile/ClassDescriptor|>,|project://findbugs/src/java/edu/umd/cs/findbugs/classfile/analysis/ClassNameAndSuperclassInfo.java|(5265,38,<154,2>,<154,40>)>,
  <<|java+class:///edu/umd/cs/findbugs/classfile/engine/bcel/LoadDataflowFactory|,|java+class:///edu/umd/cs/findbugs/classfile/engine/bcel/AnalysisFactory|>,|project://findbugs/src/java/edu/umd/cs/findbugs/classfile/engine/bcel/LoadDataflowFactory.java|(1454,49,<40,2>,<40,51>)>,
  <<|java+class:///edu/umd/cs/findbugs/classfile/ResourceNotFoundException|,|java+class:///edu/umd/cs/findbugs/classfile/CheckedAnalysisException|>,|project://findbugs/src/java/edu/umd/cs/findbugs/classfile/ResourceNotFoundException.java|(1292,37,<39,2>,<39,39>)>,
  <<|java+class:///edu/umd/cs/findbugs/classfile/ResourceNotFoundException|,|java+class:///edu/umd/cs/findbugs/classfile/CheckedAnalysisException|>,|project://findbugs/src/java/edu/umd/cs/findbugs/classfile/ResourceNotFoundException.java|(1589,44,<50,2>,<50,46>)>,
  <<|java+class:///edu/umd/cs/findbugs/ba/FrameDataflowAnalysis|,|java+class:///edu/umd/cs/findbugs/ba/ForwardDataflowAnalysis|>,|project://findbugs/src/java/edu/umd/cs/findbugs/ba/FrameDataflowAnalysis.java|(1272,11,<34,2>,<34,13>)>,
  <<|java+class:///edu/umd/cs/findbugs/ba/jsr305/ForwardTypeQualifierDataflowFactory|,|java+class:///edu/umd/cs/findbugs/ba/jsr305/TypeQualifierDataflowFactory|>,|project://findbugs/src/java/edu/umd/cs/findbugs/ba/jsr305/ForwardTypeQualifierDataflowFactory.java|(2257,24,<62,2>,<62,26>)>,
  <<|java+class:///edu/umd/cs/findbugs/ba/jsr305/TypeQualifierDataflow|,|java+class:///edu/umd/cs/findbugs/ba/Dataflow|>,|project://findbugs/src/java/edu/umd/cs/findbugs/ba/jsr305/TypeQualifierDataflow.java|(1416,21,<43,2>,<43,23>)>,
  <<|java+class:///edu/umd/cs/findbugs/ba/CheckReturnValueAnnotation|,|java+class:///edu/umd/cs/findbugs/ba/AnnotationEnumeration|>,|project://findbugs/src/java/edu/umd/cs/findbugs/ba/CheckReturnValueAnnotation.java|(3419,11,<80,2>,<80,13>)>,
  <<|java+class:///edu/umd/cs/findbugs/ba/CheckReturnValueAnnotation|,|java+class:///edu/umd/cs/findbugs/ba/AnnotationEnumeration|>,|project://findbugs/src/java/edu/umd/cs/findbugs/ba/CheckReturnValueAnnotation.java|(3569,11,<85,2>,<85,13>)>,
  <<|java+class:///edu/umd/cs/findbugs/detect/FindRefComparison/DynamicStringType|,|java+class:///org/apache/bcel/generic/ObjectType|>,|project://findbugs/src/java/edu/umd/cs/findbugs/detect/FindRefComparison.java|(8107,26,<213,3>,<213,29>)>,
  <<|java+class:///edu/umd/cs/findbugs/ba/jsr305/ForwardTypeQualifierDataflow|,|java+class:///edu/umd/cs/findbugs/ba/jsr305/TypeQualifierDataflow|>,|project://findbugs/src/java/edu/umd/cs/findbugs/ba/jsr305/ForwardTypeQualifierDataflow.java|(1380,21,<38,2>,<38,23>)>,
  <<|java+class:///edu/umd/cs/findbugs/anttask/ComputeBugHistoryTask|,|java+class:///edu/umd/cs/findbugs/anttask/AbstractFindBugsTask|>,|project://findbugs/src/antTask/edu/umd/cs/findbugs/anttask/ComputeBugHistoryTask.java|(1458,45,<45,2>,<45,47>)>,
  <<|java+class:///edu/umd/cs/findbugs/detect/InconsistentSyncWarningProperty|,|java+class:///edu/umd/cs/findbugs/props/AbstractWarningProperty|>,|project://findbugs/src/java/edu/umd/cs/findbugs/detect/InconsistentSyncWarningProperty.java|(1265,32,<31,2>,<31,34>)>,
  <<|java+class:///edu/umd/cs/findbugs/filter/FirstVersionMatcher|,|java+class:///edu/umd/cs/findbugs/filter/VersionMatcher|>,|project://findbugs/src/java/edu/umd/cs/findbugs/filter/FirstVersionMatcher.java|(1535,21,<39,2>,<39,23>)>,
  <<|java+class:///edu/umd/cs/findbugs/OpcodeStack/JumpInfoFactory|,|java+class:///edu/umd/cs/findbugs/classfile/engine/bcel/AnalysisFactory|>,|project://findbugs/src/java/edu/umd/cs/findbugs/OpcodeStack.java|(56297,52,<2115,9>,<2115,61>)>,
  <<|java+class:///edu/umd/cs/findbugs/classfile/engine/bcel/MethodBytecodeSetFactory|,|java+class:///edu/umd/cs/findbugs/classfile/engine/bcel/AnalysisFactory|>,|project://findbugs/src/java/edu/umd/cs/findbugs/classfile/engine/bcel/MethodBytecodeSetFactory.java|(1533,35,<41,5>,<41,40>)>,
  <<|java+class:///edu/umd/cs/findbugs/classfile/engine/bcel/ConstantDataflowFactory|,|java+class:///edu/umd/cs/findbugs/classfile/engine/bcel/AnalysisFactory|>,|project://findbugs/src/java/edu/umd/cs/findbugs/classfile/engine/bcel/ConstantDataflowFactory.java|(618,63,<18,2>,<18,65>)>,
  <<|java+class:///edu/umd/cs/findbugs/detect/NullDerefProperty|,|java+class:///edu/umd/cs/findbugs/props/AbstractWarningProperty|>,|project://findbugs/src/java/edu/umd/cs/findbugs/detect/NullDerefProperty.java|(1267,32,<33,2>,<33,34>)>,
  <<|java+class:///edu/umd/cs/findbugs/anttask/ConvertXmlToTextTask|,|java+class:///edu/umd/cs/findbugs/anttask/AbstractFindBugsTask|>,|project://findbugs/src/antTask/edu/umd/cs/findbugs/anttask/ConvertXmlToTextTask.java|(1298,49,<39,2>,<39,51>)>,
  <<|java+class:///edu/umd/cs/findbugs/ba/obl/ObligationAcquiredOrReleasedInLoopException|,|java+class:///edu/umd/cs/findbugs/ba/DataflowAnalysisException|>,|project://findbugs/src/java/edu/umd/cs/findbugs/ba/obl/ObligationAcquiredOrReleasedInLoopException.java|(1315,67,<35,2>,<35,69>)>,
  <<|java+class:///edu/umd/cs/findbugs/ba/ResourceValueFrame|,|java+class:///edu/umd/cs/findbugs/ba/Frame|>,|project://findbugs/src/java/edu/umd/cs/findbugs/ba/ResourceValueFrame.java|(1649,16,<56,2>,<56,18>)>,
  <<|java+class:///edu/umd/cs/findbugs/ba/jsr305/BackwardTypeQualifierDataflowFactory|,|java+class:///edu/umd/cs/findbugs/ba/jsr305/TypeQualifierDataflowFactory|>,|project://findbugs/src/java/edu/umd/cs/findbugs/ba/jsr305/BackwardTypeQualifierDataflowFactory.java|(2068,24,<57,2>,<57,26>)>,
  <<|java+class:///edu/umd/cs/findbugs/detect/DeadLocalStoreProperty|,|java+class:///edu/umd/cs/findbugs/props/AbstractWarningProperty|>,|project://findbugs/src/java/edu/umd/cs/findbugs/detect/DeadLocalStoreProperty.java|(391,32,<13,2>,<13,34>)>,
  <<|java+class:///edu/umd/cs/findbugs/gui/RunAnalysisDialog|,|java+class:///javax/swing/JDialog|>,|project://findbugs/src/java/edu/umd/cs/findbugs/gui/RunAnalysisDialog.java|(3630,20,<134,2>,<134,22>)>,
  <<|java+class:///edu/umd/cs/findbugs/asm/AbstractFBMethodVisitor|,|java+class:///org/objectweb/asm/MethodAdapter|>,|project://findbugs/src/java/edu/umd/cs/findbugs/asm/AbstractFBMethodVisitor.java|(1159,26,<31,5>,<31,31>)>,
  <<|java+class:///edu/umd/cs/findbugs/classfile/engine/bcel/LockCheckerFactory|,|java+class:///edu/umd/cs/findbugs/classfile/engine/bcel/AnalysisFactory|>,|project://findbugs/src/java/edu/umd/cs/findbugs/classfile/engine/bcel/LockCheckerFactory.java|(1349,55,<36,2>,<36,57>)>,
  <<|java+class:///edu/umd/cs/findbugs/classfile/engine/bcel/LiveLocalStoreDataflowFactory|,|java+class:///edu/umd/cs/findbugs/classfile/engine/bcel/AnalysisFactory|>,|project://findbugs/src/java/edu/umd/cs/findbugs/classfile/engine/bcel/LiveLocalStoreDataflowFactory.java|(1638,66,<43,2>,<43,68>)>,
  <<|java+class:///edu/umd/cs/findbugs/ba/ca/CallListDataflow|,|java+class:///edu/umd/cs/findbugs/ba/Dataflow|>,|project://findbugs/src/java/edu/umd/cs/findbugs/ba/ca/CallListDataflow.java|(1164,21,<31,2>,<31,23>)>,
  <<|java+class:///edu/umd/cs/findbugs/classfile/impl/ZipInputStreamCodeBase|,|java+class:///edu/umd/cs/findbugs/classfile/impl/AbstractScannableCodeBase|>,|project://findbugs/src/java/edu/umd/cs/findbugs/classfile/impl/ZipInputStreamCodeBase.java|(2148,23,<61,2>,<61,25>)>,
  <<|java+class:///edu/umd/cs/findbugs/ba/heap/LoadAnalysis|,|java+class:///edu/umd/cs/findbugs/ba/heap/FieldSetAnalysis|>,|project://findbugs/src/java/edu/umd/cs/findbugs/ba/heap/LoadAnalysis.java|(1132,16,<29,2>,<29,18>)>,
  <<|java+class:///edu/umd/cs/findbugs/gui2/MainFrame/PasteAction|,|java+class:///javax/swing/text/TextAction|>,|project://findbugs/src/java5/edu/umd/cs/findbugs/gui2/MainFrame.java|(86057,69,<2640,3>,<2640,72>)>,
  <<|java+class:///edu/umd/cs/findbugs/gui2/FBDialog|,|java+class:///javax/swing/JDialog|>,|project://findbugs/src/java5/edu/umd/cs/findbugs/gui2/FBDialog.java|(1283,9,<46,2>,<46,11>)>,
  <<|java+class:///edu/umd/cs/findbugs/gui2/FBDialog|,|java+class:///javax/swing/JDialog|>,|project://findbugs/src/java5/edu/umd/cs/findbugs/gui2/FBDialog.java|(1174,31,<38,2>,<38,33>)>,
  <<|java+class:///edu/umd/cs/findbugs/gui2/FBDialog|,|java+class:///javax/swing/JDialog|>,|project://findbugs/src/java5/edu/umd/cs/findbugs/gui2/FBDialog.java|(1239,9,<42,2>,<42,11>)>,
  <<|java+class:///edu/umd/cs/findbugs/PluginException|,|java+class:///java/lang/Exception|>,|project://findbugs/src/java/edu/umd/cs/findbugs/PluginException.java|(1227,11,<40,2>,<40,13>)>,
  <<|java+class:///edu/umd/cs/findbugs/PluginException|,|java+class:///java/lang/Exception|>,|project://findbugs/src/java/edu/umd/cs/findbugs/PluginException.java|(1459,18,<50,2>,<50,20>)>,
  <<|java+class:///edu/umd/cs/findbugs/ba/ReversePostOrder|,|java+class:///edu/umd/cs/findbugs/ba/AbstractBlockOrder|>,|project://findbugs/src/java/edu/umd/cs/findbugs/ba/ReversePostOrder.java|(1884,46,<59,2>,<59,48>)>,
  <<|java+class:///edu/umd/cs/findbugs/ba/obl/ObligationDataflow|,|java+class:///edu/umd/cs/findbugs/ba/Dataflow|>,|project://findbugs/src/java/edu/umd/cs/findbugs/ba/obl/ObligationDataflow.java|(1171,21,<32,2>,<32,23>)>,
  <<|java+class:///edu/umd/cs/findbugs/graph/DepthFirstSearch|,|java+class:///edu/umd/cs/findbugs/graph/AbstractDepthFirstSearch|>,|project://findbugs/src/java/edu/umd/cs/findbugs/graph/DepthFirstSearch.java|(1424,13,<45,2>,<45,15>)>,
  <<|java+class:///edu/umd/cs/findbugs/ba/jsr305/ReturnTypeAnnotationAccumulator|,|java+class:///edu/umd/cs/findbugs/ba/jsr305/AbstractMethodAnnotationAccumulator|>,|project://findbugs/src/java/edu/umd/cs/findbugs/ba/jsr305/ReturnTypeAnnotationAccumulator.java|(1551,35,<41,2>,<41,37>)>,
  <<|java+class:///edu/umd/cs/findbugs/detect/FindRefComparison/SpecialTypeAnalysis|,|java+class:///edu/umd/cs/findbugs/ba/type/TypeAnalysis|>,|project://findbugs/src/java/edu/umd/cs/findbugs/detect/FindRefComparison.java|(7373,100,<190,6>,<190,106>)>,
  <<|java+class:///edu/umd/cs/findbugs/ba/type/TypeDataflow|,|java+class:///edu/umd/cs/findbugs/ba/Dataflow|>,|project://findbugs/src/java/edu/umd/cs/findbugs/ba/type/TypeDataflow.java|(1465,21,<42,2>,<42,23>)>,
  <<|java+class:///edu/umd/cs/findbugs/FilterBugReporter|,|java+class:///edu/umd/cs/findbugs/DelegatingBugReporter|>,|project://findbugs/src/java/edu/umd/cs/findbugs/FilterBugReporter.java|(1206,23,<31,2>,<31,25>)>,
  <<|java+class:///edu/umd/cs/findbugs/ba/DFSCFGPrinter|,|java+class:///edu/umd/cs/findbugs/ba/CFGPrinter|>,|project://findbugs/src/java/edu/umd/cs/findbugs/ba/DFSCFGPrinter.java|(1025,11,<26,2>,<26,13>)>,
  <<|java+class:///edu/umd/cs/findbugs/ba/ReturnPathDataflow|,|java+class:///edu/umd/cs/findbugs/ba/Dataflow|>,|project://findbugs/src/java/edu/umd/cs/findbugs/ba/ReturnPathDataflow.java|(1016,21,<24,2>,<24,23>)>,
  <<|java+class:///edu/umd/cs/findbugs/ba/constant/ConstantDataflow|,|java+class:///edu/umd/cs/findbugs/ba/Dataflow|>,|project://findbugs/src/java/edu/umd/cs/findbugs/ba/constant/ConstantDataflow.java|(1271,21,<33,2>,<33,23>)>,
  <<|java+class:///edu/umd/cs/findbugs/ba/heap/FieldSetAnalysis|,|java+class:///edu/umd/cs/findbugs/ba/ForwardDataflowAnalysis|>,|project://findbugs/src/java/edu/umd/cs/findbugs/ba/heap/FieldSetAnalysis.java|(1800,11,<49,2>,<49,13>)>,
  <<|java+class:///edu/umd/cs/findbugs/classfile/impl/DirectoryCodeBase|,|java+class:///edu/umd/cs/findbugs/classfile/impl/AbstractScannableCodeBase|>,|project://findbugs/src/java/edu/umd/cs/findbugs/classfile/impl/DirectoryCodeBase.java|(2855,23,<87,2>,<87,25>)>,
  <<|java+class:///edu/umd/cs/findbugs/ba/NullnessAnnotation|,|java+class:///edu/umd/cs/findbugs/ba/AnnotationEnumeration|>,|project://findbugs/src/java/edu/umd/cs/findbugs/ba/NullnessAnnotation.java|(2009,11,<60,2>,<60,13>)>,
  <<|java+class:///edu/umd/cs/findbugs/gui2/MainFrame/CopyAction|,|java+class:///javax/swing/text/TextAction|>,|project://findbugs/src/java5/edu/umd/cs/findbugs/gui2/MainFrame.java|(85749,67,<2624,3>,<2624,70>)>,
  <<|java+class:///edu/umd/cs/findbugs/plan/OrderingConstraintException|,|java+class:///edu/umd/cs/findbugs/classfile/CheckedAnalysisException|>,|project://findbugs/src/java/edu/umd/cs/findbugs/plan/OrderingConstraintException.java|(1412,11,<44,2>,<44,13>)>,
  <<|java+class:///edu/umd/cs/findbugs/ba/UnresolvedXMethod|,|java+class:///edu/umd/cs/findbugs/ba/AbstractMethod|>,|project://findbugs/src/java/edu/umd/cs/findbugs/ba/UnresolvedXMethod.java|(1188,108,<29,2>,<29,110>)>,
  <<|java+class:///edu/umd/cs/findbugs/ba/UnresolvedXMethod|,|java+class:///edu/umd/cs/findbugs/ba/AbstractMethod|>,|project://findbugs/src/java/edu/umd/cs/findbugs/ba/UnresolvedXMethod.java|(973,59,<23,2>,<23,61>)>,
  <<|java+class:///edu/umd/cs/findbugs/detect/Naming/NamingProperty|,|java+class:///edu/umd/cs/findbugs/props/AbstractWarningProperty|>,|project://findbugs/src/java/edu/umd/cs/findbugs/detect/Naming.java|(2593,32,<64,3>,<64,35>)>,
  <<|java+class:///edu/umd/cs/findbugs/asm/FBClassReader/MyMethodAdapter|,|java+class:///org/objectweb/asm/MethodAdapter|>,|project://findbugs/src/java/edu/umd/cs/findbugs/asm/FBClassReader.java|(2706,10,<81,12>,<81,22>)>,
  <<|java+class:///edu/umd/cs/findbugs/ba/DataflowCFGPrinter|,|java+class:///edu/umd/cs/findbugs/ba/CFGPrinter|>,|project://findbugs/src/java/edu/umd/cs/findbugs/ba/DataflowCFGPrinter.java|(1393,25,<39,2>,<39,27>)>,
  <<|java+class:///edu/umd/cs/findbugs/classfile/engine/bcel/ForwardTypeQualifierDataflowFactoryFactory|,|java+class:///edu/umd/cs/findbugs/classfile/engine/bcel/AnalysisFactory|>,|project://findbugs/src/java/edu/umd/cs/findbugs/classfile/engine/bcel/ForwardTypeQualifierDataflowFactoryFactory.java|(1414,96,<34,2>,<34,98>)>,
  <<|java+class:///edu/umd/cs/findbugs/detect/FindRefComparison/RefComparisonTypeMerger|,|java+class:///edu/umd/cs/findbugs/ba/type/StandardTypeMerger|>,|project://findbugs/src/java/edu/umd/cs/findbugs/detect/FindRefComparison.java|(16390,50,<545,3>,<545,53>)>,
  <<|java+class:///edu/umd/cs/findbugs/ba/deref/UnconditionalValueDerefDataflow|,|java+class:///edu/umd/cs/findbugs/ba/AbstractDataflow|>,|project://findbugs/src/java/edu/umd/cs/findbugs/ba/deref/UnconditionalValueDerefDataflow.java|(1402,21,<40,2>,<40,23>)>,
  <<|java+class:///edu/umd/cs/findbugs/classfile/engine/bcel/ObligationDataflowFactory|,|java+class:///edu/umd/cs/findbugs/classfile/engine/bcel/AnalysisFactory|>,|project://findbugs/src/java/edu/umd/cs/findbugs/classfile/engine/bcel/ObligationDataflowFactory.java|(2055,55,<49,2>,<49,57>)>,
  <<|java+class:///edu/umd/cs/findbugs/gui2/BugAspects|,|java+project:///|>,|project://findbugs/src/java5/edu/umd/cs/findbugs/gui2/BugAspects.java|(3082,8,<90,2>,<90,10>)>,
  <<|java+class:///edu/umd/cs/findbugs/JavaVersionException|,|java+class:///java/lang/Exception|>,|project://findbugs/src/java/edu/umd/cs/findbugs/JavaVersionException.java|(1178,18,<35,2>,<35,20>)>,
  <<|java+class:///edu/umd/cs/findbugs/JavaVersionException|,|java+class:///java/lang/Exception|>,|project://findbugs/src/java/edu/umd/cs/findbugs/JavaVersionException.java|(1100,11,<31,2>,<31,13>)>,
  <<|java+class:///edu/umd/cs/findbugs/classfile/ClassNameMismatchException|,|java+class:///edu/umd/cs/findbugs/classfile/InvalidClassFileFormatException|>,|project://findbugs/src/java/edu/umd/cs/findbugs/classfile/ClassNameMismatchException.java|(1646,179,<43,2>,<48,19>)>,
  <<|java+class:///edu/umd/cs/findbugs/classfile/engine/bcel/UnconditionalValueDerefDataflowFactory|,|java+class:///edu/umd/cs/findbugs/classfile/engine/bcel/AnalysisFactory|>,|project://findbugs/src/java/edu/umd/cs/findbugs/classfile/engine/bcel/UnconditionalValueDerefDataflowFactory.java|(1867,89,<46,2>,<46,91>)>,
  <<|java+class:///edu/umd/cs/findbugs/ErrorCountingBugReporter|,|java+class:///edu/umd/cs/findbugs/DelegatingBugReporter|>,|project://findbugs/src/java/edu/umd/cs/findbugs/ErrorCountingBugReporter.java|(1322,23,<35,2>,<35,25>)>,
  <<|java+class:///edu/umd/cs/findbugs/ml/ConvertToARFF/NominalAttribute|,|java+class:///edu/umd/cs/findbugs/ml/ConvertToARFF/XPathAttribute|>,|project://findbugs/src/java/edu/umd/cs/findbugs/ml/ConvertToARFF.java|(4164,19,<135,3>,<135,22>)>,
  <<|java+class:///edu/umd/cs/findbugs/classfile/InvalidClassFileFormatException|,|java+class:///edu/umd/cs/findbugs/classfile/CheckedAnalysisException|>,|project://findbugs/src/java/edu/umd/cs/findbugs/classfile/InvalidClassFileFormatException.java|(1672,11,<43,2>,<43,13>)>,
  <<|java+class:///edu/umd/cs/findbugs/classfile/InvalidClassFileFormatException|,|java+class:///edu/umd/cs/findbugs/classfile/CheckedAnalysisException|>,|project://findbugs/src/java/edu/umd/cs/findbugs/classfile/InvalidClassFileFormatException.java|(1427,41,<37,2>,<37,43>)>,
  <<|java+class:///edu/umd/cs/findbugs/classfile/InvalidClassFileFormatException|,|java+class:///edu/umd/cs/findbugs/classfile/CheckedAnalysisException|>,|project://findbugs/src/java/edu/umd/cs/findbugs/classfile/InvalidClassFileFormatException.java|(1181,34,<30,2>,<30,36>)>,
  <<|java+class:///edu/umd/cs/findbugs/gui/AnalysisErrorDialog|,|java+class:///javax/swing/JDialog|>,|project://findbugs/src/java/edu/umd/cs/findbugs/gui/AnalysisErrorDialog.java|(1361,21,<44,2>,<44,23>)>,
  <<|java+class:///edu/umd/cs/findbugs/gui2/RecentMenu/LimitedArrayList|,|java+class:///java/util/ArrayList|>,|project://findbugs/src/java5/edu/umd/cs/findbugs/gui2/RecentMenu.java|(1143,19,<40,3>,<40,22>)>,
  <<|java+class:///edu/umd/cs/findbugs/FieldWarningSuppressor|,|java+class:///edu/umd/cs/findbugs/ClassWarningSuppressor|>,|project://findbugs/src/java/edu/umd/cs/findbugs/FieldWarningSuppressor.java|(227,25,<10,2>,<10,27>)>,
  <<|java+class:///edu/umd/cs/findbugs/plan/ConstraintEdge|,|java+class:///edu/umd/cs/findbugs/graph/AbstractEdge|>,|project://findbugs/src/java/edu/umd/cs/findbugs/plan/ConstraintEdge.java|(1457,22,<45,2>,<45,24>)>,
  <<|java+class:///edu/umd/cs/findbugs/ba/obl/ObligationAnalysis|,|java+class:///edu/umd/cs/findbugs/ba/ForwardDataflowAnalysis|>,|project://findbugs/src/java/edu/umd/cs/findbugs/ba/obl/ObligationAnalysis.java|(3918,11,<104,2>,<104,13>)>,
  <<|java+class:///edu/umd/cs/findbugs/gui2/PreferencesFrame/UneditableTableModel|,|java+class:///javax/swing/table/DefaultTableModel|>,|project://findbugs/src/java5/edu/umd/cs/findbugs/gui2/PreferencesFrame.java|(13648,25,<443,3>,<443,28>)>,
  <<|java+class:///edu/umd/cs/findbugs/filter/MethodMatcher|,|java+class:///edu/umd/cs/findbugs/filter/MemberMatcher|>,|project://findbugs/src/java/edu/umd/cs/findbugs/filter/MethodMatcher.java|(1282,67,<36,2>,<36,69>)>,
  <<|java+class:///edu/umd/cs/findbugs/filter/MethodMatcher|,|java+class:///edu/umd/cs/findbugs/filter/MemberMatcher|>,|project://findbugs/src/java/edu/umd/cs/findbugs/filter/MethodMatcher.java|(1195,12,<32,2>,<32,14>)>,
  <<|java+class:///edu/umd/cs/findbugs/classfile/engine/bcel/DepthFirstSearchFactory|,|java+class:///edu/umd/cs/findbugs/classfile/engine/bcel/AnalysisFactory|>,|project://findbugs/src/java/edu/umd/cs/findbugs/classfile/engine/bcel/DepthFirstSearchFactory.java|(1412,52,<38,2>,<38,54>)>,
  <<|java+class:///edu/umd/cs/findbugs/anttask/MineBugHistoryTask|,|java+class:///edu/umd/cs/findbugs/anttask/AbstractFindBugsTask|>,|project://findbugs/src/antTask/edu/umd/cs/findbugs/anttask/MineBugHistoryTask.java|(1323,53,<42,5>,<42,58>)>,
  <<|java+class:///edu/umd/cs/findbugs/NoClassesFoundToAnalyzeException|,|java+class:///java/io/IOException|>,|project://findbugs/src/java/edu/umd/cs/findbugs/NoClassesFoundToAnalyzeException.java|(1820,53,<56,2>,<56,55>)>,
  <<|java+class:///edu/umd/cs/findbugs/classfile/engine/bcel/CFGFactory|,|java+class:///edu/umd/cs/findbugs/classfile/engine/bcel/AnalysisFactory|>,|project://findbugs/src/java/edu/umd/cs/findbugs/classfile/engine/bcel/CFGFactory.java|(2802,47,<71,2>,<71,49>)>,
  <<|java+class:///edu/umd/cs/findbugs/detect/RefComparisonWarningProperty|,|java+class:///edu/umd/cs/findbugs/props/AbstractWarningProperty|>,|project://findbugs/src/java/edu/umd/cs/findbugs/detect/RefComparisonWarningProperty.java|(1248,32,<31,2>,<31,34>)>,
  <<|java+class:///edu/umd/cs/findbugs/BugAnnotationWithSourceLines|,|java+project:///|>,|project://findbugs/src/java/edu/umd/cs/findbugs/BugAnnotationWithSourceLines.java|(1112,8,<34,2>,<34,10>)>,
  <<|java+class:///edu/umd/cs/findbugs/ba/ReturnPathAnalysis|,|java+class:///edu/umd/cs/findbugs/ba/ForwardDataflowAnalysis|>,|project://findbugs/src/java/edu/umd/cs/findbugs/ba/ReturnPathAnalysis.java|(1067,11,<26,2>,<26,13>)>,
  <<|java+class:///edu/umd/cs/findbugs/classfile/engine/bcel/NonExceptionPostdominatorsAnalysisFactory|,|java+class:///edu/umd/cs/findbugs/classfile/engine/bcel/AnalysisFactory|>,|project://findbugs/src/java/edu/umd/cs/findbugs/classfile/engine/bcel/NonExceptionPostdominatorsAnalysisFactory.java|(1558,89,<37,2>,<37,91>)>,
  <<|java+class:///edu/umd/cs/findbugs/ba/constant/ConstantAnalysis|,|java+class:///edu/umd/cs/findbugs/ba/FrameDataflowAnalysis|>,|project://findbugs/src/java/edu/umd/cs/findbugs/ba/constant/ConstantAnalysis.java|(1662,11,<43,2>,<43,13>)>,
  <<|java+class:///edu/umd/cs/findbugs/ba/interproc/PropertyDatabaseFormatException|,|java+class:///java/lang/Exception|>,|project://findbugs/src/java/edu/umd/cs/findbugs/ba/interproc/PropertyDatabaseFormatException.java|(1081,15,<29,2>,<29,17>)>,
  <<|java+class:///edu/umd/cs/findbugs/ba/type/TypeAnalysis|,|java+class:///edu/umd/cs/findbugs/ba/FrameDataflowAnalysis|>,|project://findbugs/src/java/edu/umd/cs/findbugs/ba/type/TypeAnalysis.java|(7172,11,<194,2>,<194,13>)>,
  <<|java+class:///edu/umd/cs/findbugs/classfile/engine/bcel/CallListDataflowFactory|,|java+class:///edu/umd/cs/findbugs/classfile/engine/bcel/AnalysisFactory|>,|project://findbugs/src/java/edu/umd/cs/findbugs/classfile/engine/bcel/CallListDataflowFactory.java|(553,52,<16,2>,<16,54>)>,
  <<|java+class:///edu/umd/cs/findbugs/gui/AboutDialog|,|java+class:///javax/swing/JDialog|>,|project://findbugs/src/java/edu/umd/cs/findbugs/gui/AboutDialog.java|(1662,47,<57,2>,<58,25>)>,
  <<|java+class:///edu/umd/cs/findbugs/ba/ResourceValueFrameModelingVisitor|,|java+class:///edu/umd/cs/findbugs/ba/AbstractFrameModelingVisitor|>,|project://findbugs/src/java/edu/umd/cs/findbugs/ba/ResourceValueFrameModelingVisitor.java|(1698,11,<39,2>,<39,13>)>,
  <<|java+class:///edu/umd/cs/findbugs/ba/npe/IsNullValueDataflow|,|java+class:///edu/umd/cs/findbugs/ba/AbstractDataflow|>,|project://findbugs/src/java/edu/umd/cs/findbugs/ba/npe/IsNullValueDataflow.java|(1215,21,<29,2>,<29,23>)>,
  <<|java+class:///edu/umd/cs/findbugs/ba/DominatorsAnalysis|,|java+class:///edu/umd/cs/findbugs/ba/AbstractDominatorsAnalysis|>,|project://findbugs/src/java/edu/umd/cs/findbugs/ba/DominatorsAnalysis.java|(1448,33,<40,2>,<40,35>)>,
  <<|java+class:///edu/umd/cs/findbugs/ClassWarningSuppressor|,|java+class:///edu/umd/cs/findbugs/WarningSuppressor|>,|project://findbugs/src/java/edu/umd/cs/findbugs/ClassWarningSuppressor.java|(200,18,<10,2>,<10,20>)>,
  <<|java+class:///edu/umd/cs/findbugs/classfile/MissingClassException|,|java+class:///edu/umd/cs/findbugs/classfile/ResourceNotFoundException|>,|project://findbugs/src/java/edu/umd/cs/findbugs/classfile/MissingClassException.java|(1544,47,<49,2>,<49,49>)>,
  <<|java+class:///edu/umd/cs/findbugs/classfile/MissingClassException|,|java+class:///edu/umd/cs/findbugs/classfile/ResourceNotFoundException|>,|project://findbugs/src/java/edu/umd/cs/findbugs/classfile/MissingClassException.java|(1257,40,<38,2>,<38,42>)>,
  <<|java+class:///edu/umd/cs/findbugs/ba/PostDominatorsAnalysis|,|java+class:///edu/umd/cs/findbugs/ba/AbstractDominatorsAnalysis|>,|project://findbugs/src/java/edu/umd/cs/findbugs/ba/PostDominatorsAnalysis.java|(1590,24,<42,2>,<42,26>)>,
  <<|java+class:///edu/umd/cs/findbugs/ba/PostDominatorsAnalysis|,|java+class:///edu/umd/cs/findbugs/ba/AbstractDominatorsAnalysis|>,|project://findbugs/src/java/edu/umd/cs/findbugs/ba/PostDominatorsAnalysis.java|(2115,33,<57,2>,<57,35>)>,
  <<|java+class:///edu/umd/cs/findbugs/classfile/engine/bcel/BlockTypeAnalysisFactory|,|java+class:///edu/umd/cs/findbugs/classfile/engine/bcel/AnalysisFactory|>,|project://findbugs/src/java/edu/umd/cs/findbugs/classfile/engine/bcel/BlockTypeAnalysisFactory.java|(641,54,<18,2>,<18,56>)>,
  <<|java+class:///edu/umd/cs/findbugs/detect/FindUnreleasedLock/LockFrameModelingVisitor|,|java+class:///edu/umd/cs/findbugs/ba/ResourceValueFrameModelingVisitor|>,|project://findbugs/src/java/edu/umd/cs/findbugs/detect/FindUnreleasedLock.java|(3865,11,<99,3>,<99,14>)>,
  <<|java+class:///edu/umd/cs/findbugs/detect/FindRefComparison/ParameterStringType|,|java+class:///org/apache/bcel/generic/ObjectType|>,|project://findbugs/src/java/edu/umd/cs/findbugs/detect/FindRefComparison.java|(10331,26,<319,3>,<319,29>)>,
  <<|java+class:///edu/umd/cs/findbugs/ba/vna/ValueNumberDataflow|,|java+class:///edu/umd/cs/findbugs/ba/AbstractDataflow|>,|project://findbugs/src/java/edu/umd/cs/findbugs/ba/vna/ValueNumberDataflow.java|(1363,21,<36,2>,<36,23>)>,
  <<|java+class:///edu/umd/cs/findbugs/log/Profiler/TotalCallsComparator|,|java+class:///edu/umd/cs/findbugs/log/Profiler/ClassNameComparator|>,|project://findbugs/src/java/edu/umd/cs/findbugs/log/Profiler.java|(8485,9,<293,3>,<293,12>)>,
  <<|java+class:///edu/umd/cs/findbugs/ba/npe/ReturnPathTypeDataflow|,|java+class:///edu/umd/cs/findbugs/ba/Dataflow|>,|project://findbugs/src/java/edu/umd/cs/findbugs/ba/npe/ReturnPathTypeDataflow.java|(1330,21,<39,2>,<39,23>)>,
  <<|java+class:///edu/umd/cs/findbugs/jaif/JAIFSyntaxException|,|java+class:///java/lang/Exception|>,|project://findbugs/src/java/edu/umd/cs/findbugs/jaif/JAIFSyntaxException.java|(1027,50,<27,2>,<27,52>)>,
  <<|java+class:///edu/umd/cs/findbugs/jaif/JAIFSyntaxException|,|java+class:///java/lang/Exception|>,|project://findbugs/src/java/edu/umd/cs/findbugs/jaif/JAIFSyntaxException.java|(1148,51,<31,2>,<31,53>)>,
  <<|java+class:///edu/umd/cs/findbugs/ba/UnresolvedXField|,|java+class:///edu/umd/cs/findbugs/ba/AbstractField|>,|project://findbugs/src/java/edu/umd/cs/findbugs/ba/UnresolvedXField.java|(1875,85,<49,2>,<49,87>)>,
  <<|java+class:///edu/umd/cs/findbugs/ba/UnresolvedXField|,|java+class:///edu/umd/cs/findbugs/ba/AbstractField|>,|project://findbugs/src/java/edu/umd/cs/findbugs/ba/UnresolvedXField.java|(1570,53,<41,2>,<41,55>)>,
  <<|java+class:///edu/umd/cs/findbugs/classfile/engine/bcel/DominatorsAnalysisFactory|,|java+class:///edu/umd/cs/findbugs/classfile/engine/bcel/AnalysisFactory|>,|project://findbugs/src/java/edu/umd/cs/findbugs/classfile/engine/bcel/DominatorsAnalysisFactory.java|(670,69,<22,2>,<22,71>)>,
  <<|java+class:///edu/umd/cs/findbugs/classfile/engine/bcel/TypeDataflowFactory|,|java+class:///edu/umd/cs/findbugs/classfile/engine/bcel/AnalysisFactory|>,|project://findbugs/src/java/edu/umd/cs/findbugs/classfile/engine/bcel/TypeDataflowFactory.java|(1834,43,<49,2>,<49,45>)>,
  <<|java+class:///edu/umd/cs/findbugs/gui2/AboutDialog|,|java+class:///javax/swing/JDialog|>,|project://findbugs/src/java5/edu/umd/cs/findbugs/gui2/AboutDialog.java|(1711,47,<58,2>,<59,25>)>,
  <<|java+class:///edu/umd/cs/findbugs/ba/deref/UnconditionalValueDerefAnalysis|,|java+class:///edu/umd/cs/findbugs/ba/BackwardDataflowAnalysis|>,|project://findbugs/src/java/edu/umd/cs/findbugs/ba/deref/UnconditionalValueDerefAnalysis.java|(4960,17,<125,2>,<125,19>)>,
  <<|java+class:///edu/umd/cs/findbugs/ba/type/ExceptionObjectType|,|java+class:///org/apache/bcel/generic/ObjectType|>,|project://findbugs/src/java/edu/umd/cs/findbugs/ba/type/ExceptionObjectType.java|(1557,17,<46,2>,<46,19>)>,
  <<|java+class:///edu/umd/cs/findbugs/detect/TestASM|,|java+class:///edu/umd/cs/findbugs/asm/ClassNodeDetector|>,|project://findbugs/src/java/edu/umd/cs/findbugs/detect/TestASM.java|(1522,19,<44,2>,<44,21>)>,
  <<|java+class:///edu/umd/cs/findbugs/ba/jsr305/ParameterAnnotationAccumulator|,|java+class:///edu/umd/cs/findbugs/ba/jsr305/AbstractMethodAnnotationAccumulator|>,|project://findbugs/src/java/edu/umd/cs/findbugs/ba/jsr305/ParameterAnnotationAccumulator.java|(1609,35,<42,2>,<42,37>)>,
  <<|java+class:///edu/umd/cs/findbugs/ba/jsr305/AbstractMethodAnnotationAccumulator|,|java+class:///edu/umd/cs/findbugs/ba/ch/OverriddenMethodsVisitor|>,|project://findbugs/src/java/edu/umd/cs/findbugs/ba/jsr305/AbstractMethodAnnotationAccumulator.java|(1369,15,<35,2>,<35,17>)>,
  <<|java+class:///edu/umd/cs/findbugs/tools/html/PrettyPrintBugDescriptions|,|java+class:///edu/umd/cs/findbugs/tools/html/PlainPrintBugDescriptions|>,|project://findbugs/src/tools/edu/umd/cs/findbugs/tools/html/PrettyPrintBugDescriptions.java|(1981,21,<55,2>,<55,23>)>,
  <<|java+class:///edu/umd/cs/findbugs/XMLBugReporter|,|java+class:///edu/umd/cs/findbugs/BugCollectionBugReporter|>,|project://findbugs/src/java/edu/umd/cs/findbugs/XMLBugReporter.java|(1142,15,<34,2>,<34,17>)>,
  <<|java+class:///edu/umd/cs/findbugs/ba/AbstractDataflowTestDriver|,|java+project:///|>,|project://findbugs/src/java/edu/umd/cs/findbugs/ba/AbstractDataflowTestDriver.java|(1848,8,<54,2>,<54,10>)>,
  <<|java+class:///edu/umd/cs/findbugs/ba/DepthFirstSearch|,|java+class:///edu/umd/cs/findbugs/graph/DepthFirstSearch|>,|project://findbugs/src/java/edu/umd/cs/findbugs/ba/DepthFirstSearch.java|(1237,11,<39,2>,<39,13>)>,
  <<|java+class:///edu/umd/cs/findbugs/util/ProfilingMapCache|,|java+class:///edu/umd/cs/findbugs/util/MapCache|>,|project://findbugs/src/java/edu/umd/cs/findbugs/util/ProfilingMapCache.java|(1066,19,<32,2>,<32,21>)>,
  <<|java+class:///edu/umd/cs/findbugs/anttask/FilterBugsTask|,|java+class:///edu/umd/cs/findbugs/anttask/AbstractFindBugsTask|>,|project://findbugs/src/antTask/edu/umd/cs/findbugs/anttask/FilterBugsTask.java|(1905,45,<63,5>,<63,50>)>,
  <<|java+class:///edu/umd/cs/findbugs/ba/npe2/DefinitelyNullSetDataflow|,|java+class:///edu/umd/cs/findbugs/ba/AbstractDataflow|>,|project://findbugs/src/java/edu/umd/cs/findbugs/ba/npe2/DefinitelyNullSetDataflow.java|(1155,21,<29,2>,<29,23>)>,
  <<|java+class:///edu/umd/cs/findbugs/gui/FindBugsFrame/BugTreeNode|,|java+class:///javax/swing/tree/DefaultMutableTreeNode|>,|project://findbugs/src/java/edu/umd/cs/findbugs/gui/FindBugsFrame.java|(5795,19,<174,3>,<174,22>)>,
  <<|java+class:///edu/umd/cs/findbugs/anttask/FindBugsTask|,|java+class:///edu/umd/cs/findbugs/anttask/AbstractFindBugsTask|>,|project://findbugs/src/antTask/edu/umd/cs/findbugs/anttask/FindBugsTask.java|(6647,39,<157,2>,<157,41>)>,
  <<|java+class:///edu/umd/cs/findbugs/io/SlowInputStream|,|java+class:///java/io/FilterInputStream|>,|project://findbugs/src/java/edu/umd/cs/findbugs/io/SlowInputStream.java|(1190,10,<34,2>,<34,12>)>,
  <<|java+class:///edu/umd/cs/findbugs/detect/FindUnreleasedLock|,|java+class:///edu/umd/cs/findbugs/ResourceTrackingDetector|>,|project://findbugs/src/java/edu/umd/cs/findbugs/detect/FindUnreleasedLock.java|(11922,19,<327,2>,<327,21>)>,
  <<|java+class:///edu/umd/cs/findbugs/cloud/db/DBCloud|,|java+class:///edu/umd/cs/findbugs/cloud/AbstractCloud|>,|project://findbugs/src/java/edu/umd/cs/findbugs/cloud/db/DBCloud.java|(7200,12,<250,2>,<250,14>)>,
  <<|java+class:///edu/umd/cs/findbugs/classfile/UncheckedAnalysisException|,|java+class:///java/lang/RuntimeException|>,|project://findbugs/src/java/edu/umd/cs/findbugs/classfile/UncheckedAnalysisException.java|(1438,22,<44,2>,<44,24>)>,
  <<|java+class:///edu/umd/cs/findbugs/classfile/UncheckedAnalysisException|,|java+class:///java/lang/RuntimeException|>,|project://findbugs/src/java/edu/umd/cs/findbugs/classfile/UncheckedAnalysisException.java|(1182,15,<34,2>,<34,17>)>,
  <<|java+class:///edu/umd/cs/findbugs/classfile/engine/bcel/NonImplicitExceptionPostDominatorsAnalysisFactory|,|java+class:///edu/umd/cs/findbugs/classfile/engine/bcel/AnalysisFactory|>,|project://findbugs/src/java/edu/umd/cs/findbugs/classfile/engine/bcel/NonImplicitExceptionPostDominatorsAnalysisFactory.java|(1590,106,<42,2>,<42,108>)>,
  <<|java+class:///edu/umd/cs/findbugs/ba/heap/StoreDataflow|,|java+class:///edu/umd/cs/findbugs/ba/AbstractDataflow|>,|project://findbugs/src/java/edu/umd/cs/findbugs/ba/heap/StoreDataflow.java|(1132,21,<30,2>,<30,23>)>,
  <<|java+class:///edu/umd/cs/findbugs/ba/npe2/AcmpCondition|,|java+class:///edu/umd/cs/findbugs/ba/npe2/Condition|>,|project://findbugs/src/java/edu/umd/cs/findbugs/ba/npe2/AcmpCondition.java|(1249,16,<36,2>,<36,18>)>,
  <<|java+class:///edu/umd/cs/findbugs/filter/FilterException|,|java+class:///java/lang/RuntimeException|>,|project://findbugs/src/java/edu/umd/cs/findbugs/filter/FilterException.java|(1099,18,<30,2>,<30,20>)>,
  <<|java+class:///edu/umd/cs/findbugs/filter/FilterException|,|java+class:///java/lang/RuntimeException|>,|project://findbugs/src/java/edu/umd/cs/findbugs/filter/FilterException.java|(1026,11,<26,2>,<26,13>)>,
  <<|java+class:///edu/umd/cs/findbugs/ba/vna/ValueNumberAnalysis|,|java+class:///edu/umd/cs/findbugs/ba/FrameDataflowAnalysis|>,|project://findbugs/src/java/edu/umd/cs/findbugs/ba/vna/ValueNumberAnalysis.java|(2827,11,<73,2>,<73,13>)>,
  <<|java+class:///edu/umd/cs/findbugs/ba/npe/IsNullValueAnalysis|,|java+class:///edu/umd/cs/findbugs/ba/FrameDataflowAnalysis|>,|project://findbugs/src/java/edu/umd/cs/findbugs/ba/npe/IsNullValueAnalysis.java|(3840,11,<99,2>,<99,13>)>,
  <<|java+class:///edu/umd/cs/findbugs/detect/InfiniteLoop/BackwardsBranch|,|java+class:///edu/umd/cs/findbugs/detect/InfiniteLoop/Jump|>,|project://findbugs/src/java/edu/umd/cs/findbugs/detect/InfiniteLoop.java|(2908,15,<92,3>,<92,18>)>,
  <<|java+class:///edu/umd/cs/findbugs/detect/NullArgumentWarningProperty|,|java+class:///edu/umd/cs/findbugs/props/AbstractWarningProperty|>,|project://findbugs/src/java/edu/umd/cs/findbugs/detect/NullArgumentWarningProperty.java|(1289,32,<33,2>,<33,34>)>,
  <<|java+class:///edu/umd/cs/findbugs/ba/StackDepthAnalysis|,|java+class:///edu/umd/cs/findbugs/ba/ForwardDataflowAnalysis|>,|project://findbugs/src/java/edu/umd/cs/findbugs/ba/StackDepthAnalysis.java|(1716,11,<48,2>,<48,13>)>,
  <<|java+class:///edu/umd/cs/findbugs/ba/npe2/IfNullCondition|,|java+class:///edu/umd/cs/findbugs/ba/npe2/Condition|>,|project://findbugs/src/java/edu/umd/cs/findbugs/ba/npe2/IfNullCondition.java|(1422,16,<40,2>,<40,18>)>,
  <<|java+class:///edu/umd/cs/findbugs/filter/LastVersionMatcher|,|java+class:///edu/umd/cs/findbugs/filter/VersionMatcher|>,|project://findbugs/src/java/edu/umd/cs/findbugs/filter/LastVersionMatcher.java|(1640,21,<42,2>,<42,23>)>,
  <<|java+class:///edu/umd/cs/findbugs/ml/ConvertToARFF/MissingNodeException|,|java+class:///java/lang/Exception|>,|project://findbugs/src/java/edu/umd/cs/findbugs/ml/ConvertToARFF.java|(2472,11,<77,3>,<77,14>)>,
  <<|java+class:///edu/umd/cs/findbugs/ClassAnnotation|,|java+class:///edu/umd/cs/findbugs/PackageMemberAnnotation|>,|project://findbugs/src/java/edu/umd/cs/findbugs/ClassAnnotation.java|(1999,31,<55,2>,<55,33>)>,
  <<|java+class:///edu/umd/cs/findbugs/classfile/analysis/MethodInfo|,|java+class:///edu/umd/cs/findbugs/classfile/MethodDescriptor|>,|project://findbugs/src/java/edu/umd/cs/findbugs/classfile/analysis/MethodInfo.java|(5758,112,<159,2>,<159,114>)>,
  <<|java+class:///edu/umd/cs/findbugs/tools/xml/CheckMessages/CheckMessagesException|,|java+class:///org/dom4j/DocumentException|>,|project://findbugs/src/tools/edu/umd/cs/findbugs/tools/xml/CheckMessages.java|(1671,50,<52,3>,<52,53>)>,
  <<|java+class:///edu/umd/cs/findbugs/tools/xml/CheckMessages/CheckMessagesException|,|java+class:///org/dom4j/DocumentException|>,|project://findbugs/src/tools/edu/umd/cs/findbugs/tools/xml/CheckMessages.java|(1524,75,<48,3>,<48,78>)>,
  <<|java+class:///edu/umd/cs/findbugs/ExcludingHashesBugReporter|,|java+class:///edu/umd/cs/findbugs/DelegatingBugReporter|>,|project://findbugs/src/java/edu/umd/cs/findbugs/ExcludingHashesBugReporter.java|(1350,16,<40,5>,<40,21>)>,
  <<|java+class:///edu/umd/cs/findbugs/classfile/engine/bcel/ReturnPathDataflowFactory|,|java+class:///edu/umd/cs/findbugs/classfile/engine/bcel/AnalysisFactory|>,|project://findbugs/src/java/edu/umd/cs/findbugs/classfile/engine/bcel/ReturnPathDataflowFactory.java|(1520,56,<40,2>,<40,58>)>,
  <<|java+class:///edu/umd/cs/findbugs/classfile/engine/bcel/ParameterSignatureListFactory|,|java+class:///edu/umd/cs/findbugs/classfile/engine/bcel/AnalysisFactory|>,|project://findbugs/src/java/edu/umd/cs/findbugs/classfile/engine/bcel/ParameterSignatureListFactory.java|(1427,104,<40,2>,<41,60>)>,
  <<|java+class:///edu/umd/cs/findbugs/classfile/engine/bcel/LoadedFieldSetFactory|,|java+class:///edu/umd/cs/findbugs/classfile/engine/bcel/AnalysisFactory|>,|project://findbugs/src/java/edu/umd/cs/findbugs/classfile/engine/bcel/LoadedFieldSetFactory.java|(2751,56,<68,2>,<68,58>)>,
  <<|java+class:///edu/umd/cs/findbugs/detect/FindRefComparison/FinalConstant|,|java+class:///org/apache/bcel/generic/ObjectType|>,|project://findbugs/src/java/edu/umd/cs/findbugs/detect/FindRefComparison.java|(8668,12,<241,3>,<241,15>)>,
  <<|java+class:///edu/umd/cs/findbugs/sourceViewer/NoWrapBoxView|,|java+class:///javax/swing/text/BoxView|>,|project://findbugs/src/java5/edu/umd/cs/findbugs/sourceViewer/NoWrapBoxView.java|(1117,18,<28,2>,<28,20>)>,
  <<|java+class:///edu/umd/cs/findbugs/ba/npe/IsNullValueFrame|,|java+class:///edu/umd/cs/findbugs/ba/Frame|>,|project://findbugs/src/java/edu/umd/cs/findbugs/ba/npe/IsNullValueFrame.java|(2655,17,<74,2>,<74,19>)>,
  <<|java+class:///edu/umd/cs/findbugs/ba/type/LongExtraType|,|java+class:///org/apache/bcel/generic/Type|>,|project://findbugs/src/java/edu/umd/cs/findbugs/ba/type/LongExtraType.java|(1427,36,<43,2>,<43,38>)>,
  <<|java+class:///edu/umd/cs/findbugs/ba/vna/ValueNumberFrame|,|java+class:///edu/umd/cs/findbugs/ba/Frame|>,|project://findbugs/src/java/edu/umd/cs/findbugs/ba/vna/ValueNumberFrame.java|(2024,17,<58,2>,<58,19>)>,
  <<|java+class:///edu/umd/cs/findbugs/gui/ConfigureDetectorsDialog|,|java+class:///javax/swing/JDialog|>,|project://findbugs/src/java/edu/umd/cs/findbugs/gui/ConfigureDetectorsDialog.java|(1974,21,<60,2>,<60,23>)>,
  <<|java+class:///edu/umd/cs/findbugs/anttask/SetBugDatabaseInfoTask|,|java+class:///edu/umd/cs/findbugs/anttask/AbstractFindBugsTask|>,|project://findbugs/src/antTask/edu/umd/cs/findbugs/anttask/SetBugDatabaseInfoTask.java|(1455,57,<46,5>,<46,62>)>,
  <<|java+class:///edu/umd/cs/findbugs/ba/AnalysisException|,|java+class:///edu/umd/cs/findbugs/classfile/UncheckedAnalysisException|>,|project://findbugs/src/java/edu/umd/cs/findbugs/ba/AnalysisException.java|(2146,90,<67,2>,<67,92>)>,
  <<|java+class:///edu/umd/cs/findbugs/ba/AnalysisException|,|java+class:///edu/umd/cs/findbugs/classfile/UncheckedAnalysisException|>,|project://findbugs/src/java/edu/umd/cs/findbugs/ba/AnalysisException.java|(2860,94,<89,2>,<89,96>)>,
  <<|java+class:///edu/umd/cs/findbugs/ba/AnalysisException|,|java+class:///edu/umd/cs/findbugs/classfile/UncheckedAnalysisException|>,|project://findbugs/src/java/edu/umd/cs/findbugs/ba/AnalysisException.java|(3789,105,<115,2>,<115,107>)>,
  <<|java+class:///edu/umd/cs/findbugs/ba/AnalysisException|,|java+class:///edu/umd/cs/findbugs/classfile/UncheckedAnalysisException|>,|project://findbugs/src/java/edu/umd/cs/findbugs/ba/AnalysisException.java|(1794,26,<55,2>,<55,28>)>,
  <<|java+class:///edu/umd/cs/findbugs/ba/AnalysisException|,|java+class:///edu/umd/cs/findbugs/classfile/UncheckedAnalysisException|>,|project://findbugs/src/java/edu/umd/cs/findbugs/ba/AnalysisException.java|(1520,15,<44,2>,<44,17>)>,
  <<|java+class:///edu/umd/cs/findbugs/ba/AnalysisException|,|java+class:///edu/umd/cs/findbugs/classfile/UncheckedAnalysisException|>,|project://findbugs/src/java/edu/umd/cs/findbugs/ba/AnalysisException.java|(3322,108,<102,2>,<102,110>)>,
  <<|java+class:///edu/umd/cs/findbugs/ba/AnalysisException|,|java+class:///edu/umd/cs/findbugs/classfile/UncheckedAnalysisException|>,|project://findbugs/src/java/edu/umd/cs/findbugs/ba/AnalysisException.java|(2504,97,<78,2>,<78,99>)>,
  <<|java+class:///edu/umd/cs/findbugs/FieldAnnotation|,|java+class:///edu/umd/cs/findbugs/PackageMemberAnnotation|>,|project://findbugs/src/java/edu/umd/cs/findbugs/FieldAnnotation.java|(2929,31,<77,2>,<77,33>)>,
  <<|java+class:///edu/umd/cs/findbugs/ba/AbstractDataflow|,|java+class:///edu/umd/cs/findbugs/ba/Dataflow|>,|project://findbugs/src/java/edu/umd/cs/findbugs/ba/AbstractDataflow.java|(1563,21,<42,2>,<42,23>)>,
  <<|java+class:///edu/umd/cs/findbugs/ba/LiveLocalStoreDataflow|,|java+class:///edu/umd/cs/findbugs/ba/Dataflow|>,|project://findbugs/src/java/edu/umd/cs/findbugs/ba/LiveLocalStoreDataflow.java|(1169,21,<32,2>,<32,23>)>,
  <<|java+class:///edu/umd/cs/findbugs/ba/heap/StoreAnalysis|,|java+class:///edu/umd/cs/findbugs/ba/heap/FieldSetAnalysis|>,|project://findbugs/src/java/edu/umd/cs/findbugs/ba/heap/StoreAnalysis.java|(1169,16,<32,2>,<32,18>)>,
  <<|java+class:///edu/umd/cs/findbugs/classfile/engine/bcel/NonImplicitExceptionPostDominatorsAnalysis|,|java+class:///edu/umd/cs/findbugs/ba/PostDominatorsAnalysis|>,|project://findbugs/src/java/edu/umd/cs/findbugs/classfile/engine/bcel/NonImplicitExceptionPostDominatorsAnalysis.java|(1696,185,<40,2>,<45,5>)>,
  <<|java+class:///edu/umd/cs/findbugs/HTMLBugReporter|,|java+class:///edu/umd/cs/findbugs/BugCollectionBugReporter|>,|project://findbugs/src/java/edu/umd/cs/findbugs/HTMLBugReporter.java|(1458,15,<41,2>,<41,17>)>,
  <<|java+class:///edu/umd/cs/findbugs/ba/npe2/DefinitelyNullSetAnalysis|,|java+class:///edu/umd/cs/findbugs/ba/ForwardDataflowAnalysis|>,|project://findbugs/src/java/edu/umd/cs/findbugs/ba/npe2/DefinitelyNullSetAnalysis.java|(2837,11,<78,2>,<78,13>)>,
  <<|java+class:///edu/umd/cs/findbugs/ba/type/TopType|,|java+class:///org/apache/bcel/generic/Type|>,|project://findbugs/src/java/edu/umd/cs/findbugs/ba/type/TopType.java|(1292,22,<41,2>,<41,24>)>,
  <<|java+class:///edu/umd/cs/findbugs/gui2/MainFrame/CutAction|,|java+class:///javax/swing/text/TextAction|>,|project://findbugs/src/java5/edu/umd/cs/findbugs/gui2/MainFrame.java|(85446,65,<2608,3>,<2608,68>)>,
  <<|java+class:///edu/umd/cs/findbugs/gui2/SourceDirectoryWizard|,|java+class:///javax/swing/JDialog|>,|project://findbugs/src/java5/edu/umd/cs/findbugs/gui2/SourceDirectoryWizard.java|(2132,21,<58,8>,<58,29>)>,
  <<|java+class:///edu/umd/cs/findbugs/gui2/StackedFilterMatcher|,|java+class:///edu/umd/cs/findbugs/gui2/FilterMatcher|>,|project://findbugs/src/java5/edu/umd/cs/findbugs/gui2/StackedFilterMatcher.java|(1829,18,<55,2>,<55,20>)>,
  <<|java+class:///edu/umd/cs/findbugs/util/HTML/HTMLtoPlainTextWriter2|,|java+class:///javax/swing/text/html/HTMLWriter|>,|project://findbugs/src/java/edu/umd/cs/findbugs/util/HTML.java|(1798,14,<55,3>,<55,17>)>,
  <<|java+class:///edu/umd/cs/findbugs/asm/FBClassReader|,|java+class:///org/objectweb/asm/ClassReader|>,|project://findbugs/src/java/edu/umd/cs/findbugs/asm/FBClassReader.java|(1297,9,<35,5>,<35,14>)>,
  <<|java+class:///edu/umd/cs/findbugs/asm/FBClassReader|,|java+class:///org/objectweb/asm/ClassReader|>,|project://findbugs/src/java/edu/umd/cs/findbugs/asm/FBClassReader.java|(1377,19,<38,8>,<38,27>)>,
  <<|java+class:///edu/umd/cs/findbugs/NonReportingDetectorToDetector2Adapter|,|java+class:///edu/umd/cs/findbugs/DetectorToDetector2Adapter|>,|project://findbugs/src/java/edu/umd/cs/findbugs/NonReportingDetectorToDetector2Adapter.java|(1095,16,<29,5>,<29,21>)>,
  <<|java+class:///edu/umd/cs/findbugs/detect/Stream|,|java+class:///edu/umd/cs/findbugs/ResourceCreationPoint|>,|project://findbugs/src/java/edu/umd/cs/findbugs/detect/Stream.java|(3028,29,<79,2>,<79,31>)>,
  <<|java+class:///edu/umd/cs/findbugs/detect/FindRefComparison/RefComparisonTypeFrameModelingVisitor|,|java+class:///edu/umd/cs/findbugs/ba/type/TypeFrameModelingVisitor|>,|project://findbugs/src/java/edu/umd/cs/findbugs/detect/FindRefComparison.java|(11099,11,<352,3>,<352,14>)>,
  <<|java+class:///edu/umd/cs/findbugs/classfile/engine/bcel/StoreDataflowFactory|,|java+class:///edu/umd/cs/findbugs/classfile/engine/bcel/AnalysisFactory|>,|project://findbugs/src/java/edu/umd/cs/findbugs/classfile/engine/bcel/StoreDataflowFactory.java|(1460,51,<40,2>,<40,53>)>,
  <<|java+class:///edu/umd/cs/findbugs/ba/type/NullType|,|java+class:///org/apache/bcel/generic/ReferenceType|>,|project://findbugs/src/java/edu/umd/cs/findbugs/ba/type/NullType.java|(1542,29,<43,2>,<43,31>)>,
  <<|java+class:///edu/umd/cs/findbugs/ba/constant/ConstantFrameModelingVisitor|,|java+class:///edu/umd/cs/findbugs/ba/AbstractFrameModelingVisitor|>,|project://findbugs/src/java/edu/umd/cs/findbugs/ba/constant/ConstantFrameModelingVisitor.java|(1664,11,<45,2>,<45,13>)>,
  <<|java+class:///edu/umd/cs/findbugs/anttask/UnionBugs2|,|java+class:///edu/umd/cs/findbugs/anttask/AbstractFindBugsTask|>,|project://findbugs/src/antTask/edu/umd/cs/findbugs/anttask/UnionBugs2.java|(1845,51,<62,2>,<62,53>)>,
  <<|java+class:///edu/umd/cs/findbugs/classfile/CheckedAnalysisException|,|java+class:///java/lang/Exception|>,|project://findbugs/src/java/edu/umd/cs/findbugs/classfile/CheckedAnalysisException.java|(1217,36,<36,2>,<36,38>)>,
  <<|java+class:///edu/umd/cs/findbugs/classfile/CheckedAnalysisException|,|java+class:///java/lang/Exception|>,|project://findbugs/src/java/edu/umd/cs/findbugs/classfile/CheckedAnalysisException.java|(1361,11,<44,2>,<44,13>)>,
  <<|java+class:///edu/umd/cs/findbugs/classfile/CheckedAnalysisException|,|java+class:///java/lang/Exception|>,|project://findbugs/src/java/edu/umd/cs/findbugs/classfile/CheckedAnalysisException.java|(1547,18,<54,2>,<54,20>)>,
  <<|java+class:///edu/umd/cs/findbugs/CallGraphEdge|,|java+class:///edu/umd/cs/findbugs/graph/AbstractEdge|>,|project://findbugs/src/java/edu/umd/cs/findbugs/CallGraphEdge.java|(1133,22,<30,2>,<30,24>)>,
  <<|java+class:///edu/umd/cs/findbugs/ba/type/TypeFrameModelingVisitor|,|java+class:///edu/umd/cs/findbugs/ba/AbstractFrameModelingVisitor|>,|project://findbugs/src/java/edu/umd/cs/findbugs/ba/type/TypeFrameModelingVisitor.java|(3051,11,<79,2>,<79,13>)>,
  <<|java+class:///edu/umd/cs/findbugs/classfile/engine/bcel/IsNullValueDataflowFactory|,|java+class:///edu/umd/cs/findbugs/classfile/engine/bcel/AnalysisFactory|>,|project://findbugs/src/java/edu/umd/cs/findbugs/classfile/engine/bcel/IsNullValueDataflowFactory.java|(1885,56,<49,2>,<49,58>)>,
  <<|java+class:///edu/umd/cs/findbugs/asm/FBClassReader/MyClassAdapter|,|java+class:///org/objectweb/asm/ClassAdapter|>,|project://findbugs/src/java/edu/umd/cs/findbugs/asm/FBClassReader.java|(2088,10,<63,12>,<63,22>)>,
  <<|java+class:///edu/umd/cs/findbugs/classfile/impl/ZipFileCodeBase|,|java+class:///edu/umd/cs/findbugs/classfile/impl/AbstractScannableCodeBase|>,|project://findbugs/src/java/edu/umd/cs/findbugs/classfile/impl/ZipFileCodeBase.java|(1803,23,<51,2>,<51,25>)>,
  <<|java+class:///edu/umd/cs/findbugs/ba/ReverseDepthFirstSearch|,|java+class:///edu/umd/cs/findbugs/graph/ReverseDepthFirstSearch|>,|project://findbugs/src/java/edu/umd/cs/findbugs/ba/ReverseDepthFirstSearch.java|(1321,11,<40,2>,<40,13>)>,
  <<|java+class:///edu/umd/cs/findbugs/ba/MethodUnprofitableException|,|java+class:///edu/umd/cs/findbugs/ba/CFGBuilderException|>,|project://findbugs/src/java/edu/umd/cs/findbugs/ba/MethodUnprofitableException.java|(2135,72,<62,2>,<62,74>)>,
  <<|java+class:///edu/umd/cs/findbugs/ba/MethodUnprofitableException|,|java+class:///edu/umd/cs/findbugs/ba/CFGBuilderException|>,|project://findbugs/src/java/edu/umd/cs/findbugs/ba/MethodUnprofitableException.java|(1428,51,<41,2>,<41,53>)>,
  <<|java+class:///edu/umd/cs/findbugs/ba/MethodUnprofitableException|,|java+class:///edu/umd/cs/findbugs/ba/CFGBuilderException|>,|project://findbugs/src/java/edu/umd/cs/findbugs/ba/MethodUnprofitableException.java|(1814,51,<52,2>,<52,53>)>,
  <<|java+class:///edu/umd/cs/findbugs/ba/ch/InheritanceEdge|,|java+class:///edu/umd/cs/findbugs/graph/AbstractEdge|>,|project://findbugs/src/java/edu/umd/cs/findbugs/ba/ch/InheritanceEdge.java|(1230,22,<34,5>,<34,27>)>,
  <<|java+class:///edu/umd/cs/findbugs/ba/Edge|,|java+class:///edu/umd/cs/findbugs/graph/AbstractEdge|>,|project://findbugs/src/java/edu/umd/cs/findbugs/ba/Edge.java|(1779,20,<58,2>,<58,22>)>,
  <<|java+class:///edu/umd/cs/findbugs/gui2/NewFilterFrame|,|java+class:///edu/umd/cs/findbugs/gui2/FBDialog|>,|project://findbugs/src/java5/edu/umd/cs/findbugs/gui2/NewFilterFrame.java|(2153,38,<78,2>,<78,40>)>,
  <<|java+class:///edu/umd/cs/findbugs/ba/CFGBuilderException|,|java+class:///edu/umd/cs/findbugs/classfile/CheckedAnalysisException|>,|project://findbugs/src/java/edu/umd/cs/findbugs/ba/CFGBuilderException.java|(1110,15,<31,2>,<31,17>)>,
  <<|java+class:///edu/umd/cs/findbugs/ba/generic/GenericObjectType|,|java+class:///org/apache/bcel/generic/ObjectType|>,|project://findbugs/src/java/edu/umd/cs/findbugs/ba/generic/GenericObjectType.java|(4972,34,<158,2>,<158,36>)>,
  <<|java+class:///edu/umd/cs/findbugs/ba/generic/GenericObjectType|,|java+class:///org/apache/bcel/generic/ObjectType|>,|project://findbugs/src/java/edu/umd/cs/findbugs/ba/generic/GenericObjectType.java|(5422,18,<170,2>,<170,20>)>,
  <<|java+class:///edu/umd/cs/findbugs/classfile/engine/bcel/ReturnPathTypeDataflowFactory|,|java+class:///edu/umd/cs/findbugs/classfile/engine/bcel/AnalysisFactory|>,|project://findbugs/src/java/edu/umd/cs/findbugs/classfile/engine/bcel/ReturnPathTypeDataflowFactory.java|(1607,65,<41,2>,<41,67>)>,
  <<|java+class:///edu/umd/cs/findbugs/classfile/engine/bcel/ExceptionSetFactoryFactory|,|java+class:///edu/umd/cs/findbugs/classfile/engine/bcel/AnalysisFactory|>,|project://findbugs/src/java/edu/umd/cs/findbugs/classfile/engine/bcel/ExceptionSetFactoryFactory.java|(1397,58,<37,2>,<37,60>)>,
  <<|java+class:///edu/umd/cs/findbugs/props/GeneralWarningProperty|,|java+class:///edu/umd/cs/findbugs/props/AbstractWarningProperty|>,|project://findbugs/src/java/edu/umd/cs/findbugs/props/GeneralWarningProperty.java|(1311,32,<32,2>,<32,34>)>,
  <<|java+class:///edu/umd/cs/findbugs/ba/bcp/Monitorenter|,|java+class:///edu/umd/cs/findbugs/ba/bcp/OneVariableInstruction|>,|project://findbugs/src/java/edu/umd/cs/findbugs/ba/bcp/Monitorenter.java|(1508,15,<43,2>,<43,17>)>,
  <<|java+class:///edu/umd/cs/findbugs/ba/type/TypeFrame|,|java+class:///edu/umd/cs/findbugs/ba/Frame|>,|project://findbugs/src/java/edu/umd/cs/findbugs/ba/type/TypeFrame.java|(1369,17,<44,2>,<44,19>)>,
  <<|java+class:///edu/umd/cs/findbugs/ba/AbstractField|,|java+class:///edu/umd/cs/findbugs/ba/AbstractClassMember|>,|project://findbugs/src/java/edu/umd/cs/findbugs/ba/AbstractField.java|(1276,51,<31,2>,<31,53>)>,
  <<|java+class:///edu/umd/cs/findbugs/detect/NoteNonNullAnnotations|,|java+class:///edu/umd/cs/findbugs/detect/BuildNonNullAnnotationDatabase|>,|project://findbugs/src/java/edu/umd/cs/findbugs/detect/NoteNonNullAnnotations.java|(1872,234,<47,2>,<48,116>)>,
  <<|java+class:///edu/umd/cs/findbugs/classfile/FieldDescriptor|,|java+class:///edu/umd/cs/findbugs/classfile/FieldOrMethodDescriptor|>,|project://findbugs/src/java/edu/umd/cs/findbugs/classfile/FieldDescriptor.java|(1492,54,<41,2>,<41,56>)>,
  <<|java+class:///edu/umd/cs/findbugs/ba/LiveLocalStoreAnalysis|,|java+class:///edu/umd/cs/findbugs/ba/BackwardDataflowAnalysis|>,|project://findbugs/src/java/edu/umd/cs/findbugs/ba/LiveLocalStoreAnalysis.java|(1961,17,<52,2>,<52,19>)>,
  <<|java+class:///edu/umd/cs/findbugs/classfile/engine/bcel/ReverseDepthFirstSearchFactory|,|java+class:///edu/umd/cs/findbugs/classfile/engine/bcel/AnalysisFactory|>,|project://findbugs/src/java/edu/umd/cs/findbugs/classfile/engine/bcel/ReverseDepthFirstSearchFactory.java|(1452,67,<38,5>,<38,72>)>,
  <<|java+class:///edu/umd/cs/findbugs/gui2/PreferencesFrame/MatchBox|,|java+class:///javax/swing/JCheckBox|>,|project://findbugs/src/java5/edu/umd/cs/findbugs/gui2/PreferencesFrame.java|(12428,12,<408,3>,<408,15>)>,
  <<|java+class:///edu/umd/cs/findbugs/ba/constant/ConstantFrame|,|java+class:///edu/umd/cs/findbugs/ba/Frame|>,|project://findbugs/src/java/edu/umd/cs/findbugs/ba/constant/ConstantFrame.java|(1178,17,<32,2>,<32,19>)>,
  <<|java+class:///edu/umd/cs/findbugs/sourceViewer/NumberedParagraphView|,|java+class:///javax/swing/text/ParagraphView|>,|project://findbugs/src/java5/edu/umd/cs/findbugs/sourceViewer/NumberedParagraphView.java|(1492,9,<42,2>,<42,11>)>,
  <<|java+class:///edu/umd/cs/findbugs/filter/FieldMatcher|,|java+class:///edu/umd/cs/findbugs/filter/MemberMatcher|>,|project://findbugs/src/java/edu/umd/cs/findbugs/filter/FieldMatcher.java|(1222,12,<35,2>,<35,14>)>,
  <<|java+class:///edu/umd/cs/findbugs/filter/FieldMatcher|,|java+class:///edu/umd/cs/findbugs/filter/MemberMatcher|>,|project://findbugs/src/java/edu/umd/cs/findbugs/filter/FieldMatcher.java|(1290,54,<39,2>,<39,56>)>,
  <<|java+class:///edu/umd/cs/findbugs/classfile/engine/bcel/DefinitelyNullSetDataflowFactory|,|java+class:///edu/umd/cs/findbugs/classfile/engine/bcel/AnalysisFactory|>,|project://findbugs/src/java/edu/umd/cs/findbugs/classfile/engine/bcel/DefinitelyNullSetDataflowFactory.java|(1656,71,<39,2>,<39,73>)>,
  <<|java+class:///edu/umd/cs/findbugs/ml/ConvertToARFF/NumericAttribute|,|java+class:///edu/umd/cs/findbugs/ml/ConvertToARFF/XPathAttribute|>,|project://findbugs/src/java/edu/umd/cs/findbugs/ml/ConvertToARFF.java|(7944,19,<261,3>,<261,22>)>,
  <<|java+class:///edu/umd/cs/findbugs/log/Profiler/TimePerCallComparator|,|java+class:///edu/umd/cs/findbugs/log/Profiler/ClassNameComparator|>,|project://findbugs/src/java/edu/umd/cs/findbugs/log/Profiler.java|(7900,9,<272,3>,<272,12>)>,
  <<|java+class:///edu/umd/cs/findbugs/CategoryFilteringBugReporter|,|java+class:///edu/umd/cs/findbugs/DelegatingBugReporter|>,|project://findbugs/src/java/edu/umd/cs/findbugs/CategoryFilteringBugReporter.java|(1243,23,<33,2>,<33,25>)>,
  <<|java+class:///edu/umd/cs/findbugs/classfile/engine/bcel/UsagesRequiringNonNullValuesFactory|,|java+class:///edu/umd/cs/findbugs/classfile/engine/bcel/AnalysisFactory|>,|project://findbugs/src/java/edu/umd/cs/findbugs/classfile/engine/bcel/UsagesRequiringNonNullValuesFactory.java|(1418,65,<34,2>,<34,67>)>,
  <<|java+class:///edu/umd/cs/findbugs/classfile/engine/bcel/NonExceptionPostdominatorsAnalysis|,|java+class:///edu/umd/cs/findbugs/ba/PostDominatorsAnalysis|>,|project://findbugs/src/java/edu/umd/cs/findbugs/classfile/engine/bcel/NonExceptionPostdominatorsAnalysis.java|(1646,28,<42,2>,<42,30>)>,
  <<|java+class:///edu/umd/cs/findbugs/detect/FindOpenStream|,|java+class:///edu/umd/cs/findbugs/ResourceTrackingDetector|>,|project://findbugs/src/java/edu/umd/cs/findbugs/detect/FindOpenStream.java|(12228,19,<256,2>,<256,21>)>,
  <<|java+class:///edu/umd/cs/findbugs/ba/type/BottomType|,|java+class:///org/apache/bcel/generic/Type|>,|project://findbugs/src/java/edu/umd/cs/findbugs/ba/type/BottomType.java|(1306,28,<41,2>,<41,30>)>,
  <<|java+class:///edu/umd/cs/findbugs/gui2/BugTreeModel/BranchOperationException|,|java+class:///java/lang/Exception|>,|project://findbugs/src/java5/edu/umd/cs/findbugs/gui2/BugTreeModel.java|(23022,9,<767,4>,<767,13>)>,
  <<|java+class:///edu/umd/cs/findbugs/classfile/engine/bcel/BackwardTypeQualifierDataflowFactoryFactory|,|java+class:///edu/umd/cs/findbugs/classfile/engine/bcel/AnalysisFactory|>,|project://findbugs/src/java/edu/umd/cs/findbugs/classfile/engine/bcel/BackwardTypeQualifierDataflowFactoryFactory.java|(1425,98,<34,2>,<34,100>)>,
  <<|java+class:///edu/umd/cs/findbugs/gui2/FBFileChooser|,|java+class:///javax/swing/JFileChooser|>,|project://findbugs/src/java5/edu/umd/cs/findbugs/gui2/FBFileChooser.java|(1258,8,<38,2>,<38,10>)>,
  <<|java+class:///edu/umd/cs/findbugs/ParameterWarningSuppressor|,|java+class:///edu/umd/cs/findbugs/ClassWarningSuppressor|>,|project://findbugs/src/java/edu/umd/cs/findbugs/ParameterWarningSuppressor.java|(279,25,<10,2>,<10,27>)>,
  <<|java+class:///edu/umd/cs/findbugs/ba/jsr305/BackwardTypeQualifierDataflowAnalysis|,|java+class:///edu/umd/cs/findbugs/ba/jsr305/TypeQualifierDataflowAnalysis|>,|project://findbugs/src/java/edu/umd/cs/findbugs/ba/jsr305/BackwardTypeQualifierDataflowAnalysis.java|(3325,58,<81,2>,<81,60>)>,
  <<|java+class:///edu/umd/cs/findbugs/FatalException|,|java+class:///java/lang/RuntimeException|>,|project://findbugs/src/java/edu/umd/cs/findbugs/FatalException.java|(1435,18,<46,2>,<46,20>)>,
  <<|java+class:///edu/umd/cs/findbugs/FatalException|,|java+class:///java/lang/RuntimeException|>,|project://findbugs/src/java/edu/umd/cs/findbugs/FatalException.java|(1222,11,<36,2>,<36,13>)>,
  <<|java+class:///edu/umd/cs/findbugs/ba/DataflowAnalysisException|,|java+class:///edu/umd/cs/findbugs/classfile/CheckedAnalysisException|>,|project://findbugs/src/java/edu/umd/cs/findbugs/ba/DataflowAnalysisException.java|(1489,11,<48,2>,<48,13>)>,
  <<|java+class:///edu/umd/cs/findbugs/ba/DataflowAnalysisException|,|java+class:///edu/umd/cs/findbugs/classfile/CheckedAnalysisException|>,|project://findbugs/src/java/edu/umd/cs/findbugs/ba/DataflowAnalysisException.java|(1775,18,<58,2>,<58,20>)>,
  <<|java+class:///edu/umd/cs/findbugs/ba/DataflowAnalysisException|,|java+class:///edu/umd/cs/findbugs/classfile/CheckedAnalysisException|>,|project://findbugs/src/java/edu/umd/cs/findbugs/ba/DataflowAnalysisException.java|(2069,97,<69,2>,<69,99>)>,
  <<|java+class:///edu/umd/cs/findbugs/detect/FindRefComparison/StaticStringType|,|java+class:///org/apache/bcel/generic/ObjectType|>,|project://findbugs/src/java/edu/umd/cs/findbugs/detect/FindRefComparison.java|(9700,26,<286,3>,<286,29>)>,
  <<|java+class:///edu/umd/cs/findbugs/classfile/MethodDescriptor|,|java+class:///edu/umd/cs/findbugs/classfile/FieldOrMethodDescriptor|>,|project://findbugs/src/java/edu/umd/cs/findbugs/classfile/MethodDescriptor.java|(3213,56,<76,2>,<76,58>)>,
  <<|java+class:///edu/umd/cs/findbugs/cloud/db/DBCloud/StoreUserAnnotation|,|java+project:///|>,|project://findbugs/src/java/edu/umd/cs/findbugs/cloud/db/DBCloud.java|(34354,8,<1112,9>,<1112,17>)>,
  <<|java+class:///edu/umd/cs/findbugs/ba/vna/ValueNumberFrameModelingVisitor|,|java+class:///edu/umd/cs/findbugs/ba/AbstractFrameModelingVisitor|>,|project://findbugs/src/java/edu/umd/cs/findbugs/ba/vna/ValueNumberFrameModelingVisitor.java|(4175,35,<105,2>,<105,37>)>,
  <<|java+class:///edu/umd/cs/findbugs/log/Profiler/TotalTimeComparator|,|java+class:///edu/umd/cs/findbugs/log/Profiler/ClassNameComparator|>,|project://findbugs/src/java/edu/umd/cs/findbugs/log/Profiler.java|(7466,9,<253,9>,<253,18>)>,
  <<|java+class:///edu/umd/cs/findbugs/cloud/BugCollectionStorageCloud|,|java+class:///edu/umd/cs/findbugs/cloud/AbstractCloud|>,|project://findbugs/src/java/edu/umd/cs/findbugs/cloud/BugCollectionStorageCloud.java|(1179,10,<34,3>,<34,13>)>,
  <<|java+class:///edu/umd/cs/findbugs/detect/TrainNonNullAnnotations|,|java+class:///edu/umd/cs/findbugs/detect/BuildNonNullAnnotationDatabase|>,|project://findbugs/src/java/edu/umd/cs/findbugs/detect/TrainNonNullAnnotations.java|(1801,234,<46,2>,<47,116>)>,
  <<|java+class:///edu/umd/cs/findbugs/classfile/engine/bcel/LockDataflowFactory|,|java+class:///edu/umd/cs/findbugs/classfile/engine/bcel/AnalysisFactory|>,|project://findbugs/src/java/edu/umd/cs/findbugs/classfile/engine/bcel/LockDataflowFactory.java|(1641,47,<44,2>,<44,49>)>,
  <<|java+class:///edu/umd/cs/findbugs/ba/npe/IsNullValueFrameModelingVisitor|,|java+class:///edu/umd/cs/findbugs/ba/AbstractFrameModelingVisitor|>,|project://findbugs/src/java/edu/umd/cs/findbugs/ba/npe/IsNullValueFrameModelingVisitor.java|(3465,11,<81,2>,<81,13>)>,
  <<|java+class:///edu/umd/cs/findbugs/detect/NonNullReturnProperty|,|java+class:///edu/umd/cs/findbugs/props/AbstractWarningProperty|>,|project://findbugs/src/java/edu/umd/cs/findbugs/detect/NonNullReturnProperty.java|(1177,32,<30,2>,<30,34>)>,
  <<|java+class:///edu/umd/cs/findbugs/AbstractBugReporter|,|java+project:///|>,|project://findbugs/src/java/edu/umd/cs/findbugs/AbstractBugReporter.java|(3309,8,<118,2>,<118,10>)>,
  <<|java+class:///edu/umd/cs/findbugs/ba/MissingClassException|,|java+class:///edu/umd/cs/findbugs/ba/DataflowAnalysisException|>,|project://findbugs/src/java/edu/umd/cs/findbugs/ba/MissingClassException.java|(1225,69,<34,2>,<34,71>)>,
  <<|java+class:///edu/umd/cs/findbugs/ba/LockDataflow|,|java+class:///edu/umd/cs/findbugs/ba/Dataflow|>,|project://findbugs/src/java/edu/umd/cs/findbugs/ba/LockDataflow.java|(1068,25,<29,2>,<29,27>)>,
  <<|java+class:///edu/umd/cs/findbugs/classfile/engine/bcel/ValueNumberDataflowFactory|,|java+class:///edu/umd/cs/findbugs/classfile/engine/bcel/AnalysisFactory|>,|project://findbugs/src/java/edu/umd/cs/findbugs/classfile/engine/bcel/ValueNumberDataflowFactory.java|(1917,58,<52,2>,<52,60>)>,
  <<|java+class:///edu/umd/cs/findbugs/util/MapCache|,|java+class:///java/util/LinkedHashMap|>,|project://findbugs/src/java/edu/umd/cs/findbugs/util/MapCache.java|(1433,38,<42,2>,<42,40>)>,
  <<|java+class:///edu/umd/cs/findbugs/MethodWarningSuppressor|,|java+class:///edu/umd/cs/findbugs/ClassWarningSuppressor|>,|project://findbugs/src/java/edu/umd/cs/findbugs/MethodWarningSuppressor.java|(233,25,<10,2>,<10,27>)>,
  <<|java+class:///edu/umd/cs/findbugs/ba/InvalidBytecodeException|,|java+class:///java/lang/RuntimeException|>,|project://findbugs/src/java/edu/umd/cs/findbugs/ba/InvalidBytecodeException.java|(1612,11,<43,2>,<43,13>)>,
  <<|java+class:///edu/umd/cs/findbugs/ba/InvalidBytecodeException|,|java+class:///java/lang/RuntimeException|>,|project://findbugs/src/java/edu/umd/cs/findbugs/ba/InvalidBytecodeException.java|(1839,18,<53,2>,<53,20>)>,
  <<|java+class:///edu/umd/cs/findbugs/ba/InvalidBytecodeException|,|java+class:///java/lang/RuntimeException|>,|project://findbugs/src/java/edu/umd/cs/findbugs/ba/InvalidBytecodeException.java|(2609,108,<80,2>,<81,11>)>,
  <<|java+class:///edu/umd/cs/findbugs/ba/InvalidBytecodeException|,|java+class:///java/lang/RuntimeException|>,|project://findbugs/src/java/edu/umd/cs/findbugs/ba/InvalidBytecodeException.java|(2132,97,<64,2>,<64,99>)>,
  <<|java+class:///edu/umd/cs/findbugs/ba/AbstractMethod|,|java+class:///edu/umd/cs/findbugs/ba/AbstractClassMember|>,|project://findbugs/src/java/edu/umd/cs/findbugs/ba/AbstractMethod.java|(1438,53,<36,2>,<36,55>)>
]