[
  <<|java+class:///org/jhotdraw/draw/handle/TransformHandleKit/TransformHandle|,|java+class:///org/jhotdraw/draw/handle/LocatorHandle|>,|project://jhotdraw-7.5.1/Source/jhotdraw7/src/main/java/org/jhotdraw/draw/handle/TransformHandleKit.java|(4762,18,<145,12>,<145,30>)>,
  <<|java+class:///org/jhotdraw/app/action/app/OpenApplicationAction|,|java+class:///org/jhotdraw/app/action/AbstractApplicationAction|>,|project://jhotdraw-7.5.1/Source/jhotdraw7/src/main/java/org/jhotdraw/app/action/app/OpenApplicationAction.java|(1497,11,<40,8>,<40,19>)>,
  <<|java+class:///org/jhotdraw/app/action/view/ToggleViewPropertyAction|,|java+class:///org/jhotdraw/app/action/AbstractViewAction|>,|project://jhotdraw-7.5.1/Source/jhotdraw7/src/main/java/org/jhotdraw/app/action/view/ToggleViewPropertyAction.java|(1896,17,<53,8>,<53,25>)>,
  <<|java+class:///org/jhotdraw/color/PolarColorWheelImageProducer|,|java+class:///org/jhotdraw/color/AbstractColorWheelImageProducer|>,|project://jhotdraw-7.5.1/Source/jhotdraw7/src/main/java/org/jhotdraw/color/PolarColorWheelImageProducer.java|(1367,17,<39,8>,<39,25>)>,
  <<|java+class:///org/jhotdraw/draw/handle/TransformHandleKit/SouthHandle|,|java+class:///org/jhotdraw/draw/handle/TransformHandleKit/TransformHandle|>,|project://jhotdraw-7.5.1/Source/jhotdraw7/src/main/java/org/jhotdraw/draw/handle/TransformHandleKit.java|(19248,38,<540,12>,<540,50>)>,
  <<|java+class:///org/jhotdraw/app/action/file/OpenFileAction|,|java+class:///org/jhotdraw/app/action/AbstractApplicationAction|>,|project://jhotdraw-7.5.1/Source/jhotdraw7/src/main/java/org/jhotdraw/app/action/file/OpenFileAction.java|(2128,11,<57,8>,<57,19>)>,
  <<|java+class:///org/jhotdraw/draw/action/ZoomEditorAction|,|java+class:///org/jhotdraw/draw/action/AbstractDrawingEditorAction|>,|project://jhotdraw-7.5.1/Source/jhotdraw7/src/main/java/org/jhotdraw/draw/action/ZoomEditorAction.java|(1442,14,<45,8>,<45,22>)>,
  <<|java+class:///org/jhotdraw/draw/handle/AbstractConnectionHandle|,|java+class:///org/jhotdraw/draw/handle/AbstractHandle|>,|project://jhotdraw-7.5.1/Source/jhotdraw7/src/main/java/org/jhotdraw/draw/handle/AbstractConnectionHandle.java|(1840,13,<57,8>,<57,21>)>,
  <<|java+class:///org/jhotdraw/gui/event/SheetEvent|,|java+class:///java/util/EventObject|>,|project://jhotdraw-7.5.1/Source/jhotdraw7/src/main/java/org/jhotdraw/gui/event/SheetEvent.java|(1005,14,<37,8>,<37,22>)>,
  <<|java+class:///org/jhotdraw/gui/event/SheetEvent|,|java+class:///java/util/EventObject|>,|project://jhotdraw-7.5.1/Source/jhotdraw7/src/main/java/org/jhotdraw/gui/event/SheetEvent.java|(1424,14,<52,8>,<52,22>)>,
  <<|java+class:///org/jhotdraw/gui/event/SheetEvent|,|java+class:///java/util/EventObject|>,|project://jhotdraw-7.5.1/Source/jhotdraw7/src/main/java/org/jhotdraw/gui/event/SheetEvent.java|(1695,14,<61,8>,<61,22>)>,
  <<|java+class:///org/jhotdraw/gui/event/SheetEvent|,|java+class:///java/util/EventObject|>,|project://jhotdraw-7.5.1/Source/jhotdraw7/src/main/java/org/jhotdraw/gui/event/SheetEvent.java|(1172,14,<43,8>,<43,22>)>,
  <<|java+class:///org/jhotdraw/draw/handle/BezierNodeHandle|,|java+class:///org/jhotdraw/draw/handle/AbstractHandle|>,|project://jhotdraw-7.5.1/Source/jhotdraw7/src/main/java/org/jhotdraw/draw/handle/BezierNodeHandle.java|(1546,13,<50,8>,<50,21>)>,
  <<|java+class:///org/jhotdraw/app/action/edit/CopyAction|,|java+class:///org/jhotdraw/app/action/edit/AbstractSelectionAction|>,|project://jhotdraw-7.5.1/Source/jhotdraw7/src/main/java/org/jhotdraw/app/action/edit/CopyAction.java|(1886,14,<54,8>,<54,22>)>,
  <<|java+class:///org/jhotdraw/draw/action/EditorColorIcon|,|java+class:///javax/swing/ImageIcon|>,|project://jhotdraw-7.5.1/Source/jhotdraw7/src/main/java/org/jhotdraw/draw/action/EditorColorIcon.java|(1828,13,<57,8>,<57,21>)>,
  <<|java+class:///org/jhotdraw/draw/action/EditorColorIcon|,|java+class:///javax/swing/ImageIcon|>,|project://jhotdraw-7.5.1/Source/jhotdraw7/src/main/java/org/jhotdraw/draw/action/EditorColorIcon.java|(1541,21,<47,8>,<47,29>)>,
  <<|java+class:///org/jhotdraw/gui/plaf/palette/PaletteSliderThumbIcon|,|java+class:///org/jhotdraw/gui/plaf/palette/MultiIcon|>,|project://jhotdraw-7.5.1/Source/jhotdraw7/src/main/java/org/jhotdraw/gui/plaf/palette/PaletteSliderThumbIcon.java|(2385,49,<77,8>,<77,57>)>,
  <<|java+class:///org/jhotdraw/gui/plaf/palette/PaletteSliderThumbIcon|,|java+class:///org/jhotdraw/gui/plaf/palette/MultiIcon|>,|project://jhotdraw-7.5.1/Source/jhotdraw7/src/main/java/org/jhotdraw/gui/plaf/palette/PaletteSliderThumbIcon.java|(2874,109,<90,8>,<90,117>)>,
  <<|java+class:///org/jhotdraw/gui/plaf/palette/PaletteSliderThumbIcon|,|java+class:///org/jhotdraw/gui/plaf/palette/MultiIcon|>,|project://jhotdraw-7.5.1/Source/jhotdraw7/src/main/java/org/jhotdraw/gui/plaf/palette/PaletteSliderThumbIcon.java|(2141,13,<69,8>,<69,21>)>,
  <<|java+class:///org/jhotdraw/gui/plaf/palette/PaletteSliderThumbIcon|,|java+class:///org/jhotdraw/gui/plaf/palette/MultiIcon|>,|project://jhotdraw-7.5.1/Source/jhotdraw7/src/main/java/org/jhotdraw/gui/plaf/palette/PaletteSliderThumbIcon.java|(1382,36,<43,8>,<43,44>)>,
  <<|java+class:///org/jhotdraw/gui/plaf/palette/PaletteSliderThumbIcon|,|java+class:///org/jhotdraw/gui/plaf/palette/MultiIcon|>,|project://jhotdraw-7.5.1/Source/jhotdraw7/src/main/java/org/jhotdraw/gui/plaf/palette/PaletteSliderThumbIcon.java|(1907,14,<61,8>,<61,22>)>,
  <<|java+class:///org/jhotdraw/app/action/edit/SelectAllAction|,|java+class:///org/jhotdraw/app/action/edit/AbstractSelectionAction|>,|project://jhotdraw-7.5.1/Source/jhotdraw7/src/main/java/org/jhotdraw/app/action/edit/SelectAllAction.java|(2414,14,<69,8>,<69,22>)>,
  <<|java+class:///org/jhotdraw/draw/handle/ResizeHandleKit/SouthEastHandle|,|java+class:///org/jhotdraw/draw/handle/ResizeHandleKit/ResizeHandle|>,|project://jhotdraw-7.5.1/Source/jhotdraw7/src/main/java/org/jhotdraw/draw/handle/ResizeHandleKit.java|(15317,46,<428,12>,<428,58>)>,
  <<|java+class:///org/jhotdraw/app/action/file/CloseFileAction|,|java+class:///org/jhotdraw/app/action/AbstractSaveUnsavedChangesAction|>,|project://jhotdraw-7.5.1/Source/jhotdraw7/src/main/java/org/jhotdraw/app/action/file/CloseFileAction.java|(1817,17,<49,8>,<49,25>)>,
  <<|java+class:///org/jhotdraw/draw/handle/LocatorHandle|,|java+class:///org/jhotdraw/draw/handle/AbstractHandle|>,|project://jhotdraw-7.5.1/Source/jhotdraw7/src/main/java/org/jhotdraw/draw/handle/LocatorHandle.java|(1100,13,<38,8>,<38,21>)>,
  <<|java+class:///org/jhotdraw/draw/action/AlignAction/Horizontal|,|java+class:///org/jhotdraw/draw/action/AlignAction|>,|project://jhotdraw-7.5.1/Source/jhotdraw7/src/main/java/org/jhotdraw/draw/action/AlignAction.java|(8137,14,<215,12>,<215,26>)>,
  <<|java+class:///org/jhotdraw/draw/action/AlignAction/Horizontal|,|java+class:///org/jhotdraw/draw/action/AlignAction|>,|project://jhotdraw-7.5.1/Source/jhotdraw7/src/main/java/org/jhotdraw/draw/action/AlignAction.java|(7957,14,<211,12>,<211,26>)>,
  <<|java+class:///org/jhotdraw/draw/action/EditCanvasAction|,|java+class:///org/jhotdraw/draw/action/AbstractDrawingViewAction|>,|project://jhotdraw-7.5.1/Source/jhotdraw7/src/main/java/org/jhotdraw/draw/action/EditCanvasAction.java|(1423,14,<44,8>,<44,22>)>,
  <<|java+class:///org/jhotdraw/draw/decoration/ArrowTip|,|java+class:///org/jhotdraw/draw/decoration/AbstractLineDecoration|>,|project://jhotdraw-7.5.1/Source/jhotdraw7/src/main/java/org/jhotdraw/draw/decoration/ArrowTip.java|(1569,36,<54,8>,<54,44>)>,
  <<|java+class:///net/n3/nanoxml/XMLValidationException|,|java+class:///net/n3/nanoxml/XMLException|>,|project://jhotdraw-7.5.1/Source/jhotdraw7/src/main/java/net/n3/nanoxml/XMLValidationException.java|(3651,371,<135,6>,<141,19>)>,
  <<|java+class:///org/jhotdraw/app/action/window/MaximizeWindowAction|,|java+class:///org/jhotdraw/app/action/AbstractViewAction|>,|project://jhotdraw-7.5.1/Source/jhotdraw7/src/main/java/org/jhotdraw/app/action/window/MaximizeWindowAction.java|(1142,17,<36,8>,<36,25>)>,
  <<|java+class:///org/jhotdraw/color/HSVColorSpace|,|java+class:///java/awt/color/ColorSpace|>,|project://jhotdraw-7.5.1/Source/jhotdraw7/src/main/java/org/jhotdraw/color/HSVColorSpace.java|(1132,30,<37,8>,<37,38>)>,
  <<|java+class:///org/jhotdraw/draw/action/SelectSameAction|,|java+class:///org/jhotdraw/draw/action/AbstractSelectedAction|>,|project://jhotdraw-7.5.1/Source/jhotdraw7/src/main/java/org/jhotdraw/draw/action/SelectSameAction.java|(971,14,<31,8>,<31,22>)>,
  <<|java+class:///org/jhotdraw/draw/connector/ChopEllipseConnector|,|java+class:///org/jhotdraw/draw/connector/ChopRectangleConnector|>,|project://jhotdraw-7.5.1/Source/jhotdraw7/src/main/java/org/jhotdraw/draw/connector/ChopEllipseConnector.java|(1200,13,<38,8>,<38,21>)>,
  <<|java+class:///org/jhotdraw/color/JHarmonicColorWheel|,|java+class:///org/jhotdraw/color/JColorWheel|>,|project://jhotdraw-7.5.1/Source/jhotdraw7/src/main/java/org/jhotdraw/color/JHarmonicColorWheel.java|(4320,46,<141,8>,<141,54>)>,
  <<|java+class:///org/jhotdraw/draw/action/AlignAction/North|,|java+class:///org/jhotdraw/draw/action/AlignAction|>,|project://jhotdraw-7.5.1/Source/jhotdraw7/src/main/java/org/jhotdraw/draw/action/AlignAction.java|(2603,14,<80,12>,<80,26>)>,
  <<|java+class:///org/jhotdraw/draw/action/AlignAction/North|,|java+class:///org/jhotdraw/draw/action/AlignAction|>,|project://jhotdraw-7.5.1/Source/jhotdraw7/src/main/java/org/jhotdraw/draw/action/AlignAction.java|(2433,14,<76,12>,<76,26>)>,
  <<|java+class:///org/jhotdraw/gui/JAttributeSlider|,|java+class:///javax/swing/JSlider|>,|project://jhotdraw-7.5.1/Source/jhotdraw7/src/main/java/org/jhotdraw/gui/JAttributeSlider.java|(1115,36,<35,8>,<35,44>)>,
  <<|java+class:///org/jhotdraw/draw/GraphicalCompositeFigure|,|java+class:///org/jhotdraw/draw/AbstractCompositeFigure|>,|project://jhotdraw-7.5.1/Source/jhotdraw7/src/main/java/org/jhotdraw/draw/GraphicalCompositeFigure.java|(4553,8,<121,8>,<121,16>)>,
  <<|java+class:///org/jhotdraw/draw/action/MoveConstrainedAction/North|,|java+class:///org/jhotdraw/draw/action/MoveConstrainedAction|>,|project://jhotdraw-7.5.1/Source/jhotdraw7/src/main/java/org/jhotdraw/draw/action/MoveConstrainedAction.java|(3317,42,<109,12>,<109,54>)>,
  <<|java+class:///org/jhotdraw/draw/handle/CloseHandle|,|java+class:///org/jhotdraw/draw/handle/LocatorHandle|>,|project://jhotdraw-7.5.1/Source/jhotdraw7/src/main/java/org/jhotdraw/draw/handle/CloseHandle.java|(1164,22,<37,8>,<37,30>)>,
  <<|java+class:///org/jhotdraw/draw/connector/LocatorConnector|,|java+class:///org/jhotdraw/draw/connector/AbstractConnector|>,|project://jhotdraw-7.5.1/Source/jhotdraw7/src/main/java/org/jhotdraw/draw/connector/LocatorConnector.java|(1528,13,<53,8>,<53,21>)>,
  <<|java+class:///org/jhotdraw/color/CIEXYChromaticityDiagramImageProducer|,|java+class:///java/awt/image/MemoryImageSource|>,|project://jhotdraw-7.5.1/Source/jhotdraw7/src/main/java/org/jhotdraw/color/CIEXYChromaticityDiagramImageProducer.java|(2143,24,<65,8>,<65,32>)>,
  <<|java+class:///org/jhotdraw/samples/svg/action/SplitAction|,|java+class:///org/jhotdraw/samples/svg/action/CombineAction|>,|project://jhotdraw-7.5.1/Source/jhotdraw7/src/main/java/org/jhotdraw/samples/svg/action/SplitAction.java|(936,42,<31,8>,<31,50>)>,
  <<|java+class:///org/jhotdraw/samples/svg/action/SplitAction|,|java+class:///org/jhotdraw/samples/svg/action/CombineAction|>,|project://jhotdraw-7.5.1/Source/jhotdraw7/src/main/java/org/jhotdraw/samples/svg/action/SplitAction.java|(1107,32,<35,8>,<35,40>)>,
  <<|java+class:///org/jhotdraw/draw/action/AttributeAction|,|java+class:///org/jhotdraw/draw/action/AbstractSelectedAction|>,|project://jhotdraw-7.5.1/Source/jhotdraw7/src/main/java/org/jhotdraw/draw/action/AttributeAction.java|(1965,14,<55,8>,<55,22>)>,
  <<|java+class:///org/jhotdraw/draw/action/AttributeAction|,|java+class:///org/jhotdraw/draw/action/AbstractSelectedAction|>,|project://jhotdraw-7.5.1/Source/jhotdraw7/src/main/java/org/jhotdraw/draw/action/AttributeAction.java|(2414,14,<66,8>,<66,22>)>,
  <<|java+class:///org/jhotdraw/color/CompositeColor|,|java+class:///java/awt/Color|>,|project://jhotdraw-7.5.1/Source/jhotdraw7/src/main/java/org/jhotdraw/color/CompositeColor.java|(2876,71,<78,8>,<78,79>)>,
  <<|java+class:///org/jhotdraw/draw/handle/ResizeHandleKit/WestHandle|,|java+class:///org/jhotdraw/draw/handle/ResizeHandleKit/ResizeHandle|>,|project://jhotdraw-7.5.1/Source/jhotdraw7/src/main/java/org/jhotdraw/draw/handle/ResizeHandleKit.java|(21941,41,<608,12>,<608,53>)>,
  <<|java+class:///org/jhotdraw/draw/handle/ResizeHandleKit/SouthHandle|,|java+class:///org/jhotdraw/draw/handle/ResizeHandleKit/ResizeHandle|>,|project://jhotdraw-7.5.1/Source/jhotdraw7/src/main/java/org/jhotdraw/draw/handle/ResizeHandleKit.java|(17770,42,<494,12>,<494,54>)>,
  <<|java+class:///org/jhotdraw/draw/action/EditorColorChooserAction|,|java+class:///org/jhotdraw/draw/action/AttributeAction|>,|project://jhotdraw-7.5.1/Source/jhotdraw7/src/main/java/org/jhotdraw/draw/action/EditorColorChooserAction.java|(1998,43,<57,8>,<57,51>)>,
  <<|java+class:///org/jhotdraw/draw/event/FigureAttributeEditorHandler|,|java+class:///org/jhotdraw/draw/event/AbstractAttributeEditorHandler|>,|project://jhotdraw-7.5.1/Source/jhotdraw7/src/main/java/org/jhotdraw/draw/event/FigureAttributeEditorHandler.java|(1457,72,<38,8>,<38,80>)>,
  <<|java+class:///org/jhotdraw/draw/event/FigureAttributeEditorHandler|,|java+class:///org/jhotdraw/draw/event/AbstractAttributeEditorHandler|>,|project://jhotdraw-7.5.1/Source/jhotdraw7/src/main/java/org/jhotdraw/draw/event/FigureAttributeEditorHandler.java|(1753,91,<41,8>,<41,99>)>,
  <<|java+class:///org/jhotdraw/draw/event/FigureAttributeEditorHandler|,|java+class:///org/jhotdraw/draw/event/AbstractAttributeEditorHandler|>,|project://jhotdraw-7.5.1/Source/jhotdraw7/src/main/java/org/jhotdraw/draw/event/FigureAttributeEditorHandler.java|(1233,43,<34,8>,<34,51>)>,
  <<|java+class:///org/jhotdraw/color/HSVHarmonicColorWheelImageProducer|,|java+class:///org/jhotdraw/color/PolarColorWheelImageProducer|>,|project://jhotdraw-7.5.1/Source/jhotdraw7/src/main/java/org/jhotdraw/color/HSVHarmonicColorWheelImageProducer.java|(1011,52,<32,8>,<32,60>)>,
  <<|java+class:///org/jhotdraw/gui/JSheet|,|java+class:///javax/swing/JDialog|>,|project://jhotdraw-7.5.1/Source/jhotdraw7/src/main/java/org/jhotdraw/gui/JSheet.java|(3877,13,<110,8>,<110,21>)>,
  <<|java+class:///org/jhotdraw/gui/JSheet|,|java+class:///javax/swing/JDialog|>,|project://jhotdraw-7.5.1/Source/jhotdraw7/src/main/java/org/jhotdraw/gui/JSheet.java|(4001,13,<118,8>,<118,21>)>,
  <<|java+class:///org/jhotdraw/samples/svg/figures/ConvexHullOutlineHandle|,|java+class:///org/jhotdraw/draw/handle/AbstractHandle|>,|project://jhotdraw-7.5.1/Source/jhotdraw7/src/main/java/org/jhotdraw/samples/svg/figures/ConvexHullOutlineHandle.java|(1916,13,<56,8>,<56,21>)>,
  <<|java+class:///org/jhotdraw/samples/svg/figures/ConvexHullOutlineHandle|,|java+class:///org/jhotdraw/draw/handle/AbstractHandle|>,|project://jhotdraw-7.5.1/Source/jhotdraw7/src/main/java/org/jhotdraw/samples/svg/figures/ConvexHullOutlineHandle.java|(4737,13,<103,8>,<103,21>)>,
  <<|java+class:///org/jhotdraw/app/action/file/SaveFileAsAction|,|java+class:///org/jhotdraw/app/action/file/SaveFileAction|>,|project://jhotdraw-7.5.1/Source/jhotdraw7/src/main/java/org/jhotdraw/app/action/file/SaveFileAsAction.java|(1394,23,<39,8>,<39,31>)>,
  <<|java+class:///org/jhotdraw/gui/datatransfer/InputStreamTransferable|,|java+class:///org/jhotdraw/gui/datatransfer/AbstractTransferable|>,|project://jhotdraw-7.5.1/Source/jhotdraw7/src/main/java/org/jhotdraw/gui/datatransfer/InputStreamTransferable.java|(1110,15,<34,8>,<34,23>)>,
  <<|java+class:///org/jhotdraw/color/HSVPhysiologicColorSpace|,|java+class:///java/awt/color/ColorSpace|>,|project://jhotdraw-7.5.1/Source/jhotdraw7/src/main/java/org/jhotdraw/color/HSVPhysiologicColorSpace.java|(1187,30,<37,8>,<37,38>)>,
  <<|java+class:///org/jhotdraw/app/action/app/AboutAction|,|java+class:///org/jhotdraw/app/action/AbstractApplicationAction|>,|project://jhotdraw-7.5.1/Source/jhotdraw7/src/main/java/org/jhotdraw/app/action/app/AboutAction.java|(1551,11,<44,8>,<44,19>)>,
  <<|java+class:///org/jhotdraw/samples/svg/gui/DrawingOpacityIcon|,|java+class:///javax/swing/ImageIcon|>,|project://jhotdraw-7.5.1/Source/jhotdraw7/src/main/java/org/jhotdraw/samples/svg/gui/DrawingOpacityIcon.java|(1763,21,<52,8>,<52,29>)>,
  <<|java+class:///org/jhotdraw/samples/svg/gui/DrawingOpacityIcon|,|java+class:///javax/swing/ImageIcon|>,|project://jhotdraw-7.5.1/Source/jhotdraw7/src/main/java/org/jhotdraw/samples/svg/gui/DrawingOpacityIcon.java|(2323,13,<69,8>,<69,21>)>,
  <<|java+class:///org/jhotdraw/draw/action/MoveAction/North|,|java+class:///org/jhotdraw/draw/action/MoveAction|>,|project://jhotdraw-7.5.1/Source/jhotdraw7/src/main/java/org/jhotdraw/draw/action/MoveAction.java|(2234,21,<70,12>,<70,33>)>,
  <<|java+class:///org/jhotdraw/app/action/edit/AbstractFindAction|,|java+class:///org/jhotdraw/app/action/AbstractViewAction|>,|project://jhotdraw-7.5.1/Source/jhotdraw7/src/main/java/org/jhotdraw/app/action/edit/AbstractFindAction.java|(1430,17,<40,8>,<40,25>)>,
  <<|java+class:///org/jhotdraw/color/AbstractColorWheelImageProducer|,|java+class:///java/awt/image/MemoryImageSource|>,|project://jhotdraw-7.5.1/Source/jhotdraw7/src/main/java/org/jhotdraw/color/AbstractColorWheelImageProducer.java|(1348,24,<41,8>,<41,32>)>,
  <<|java+class:///org/jhotdraw/draw/tool/ImageTool|,|java+class:///org/jhotdraw/draw/tool/CreationTool|>,|project://jhotdraw-7.5.1/Source/jhotdraw7/src/main/java/org/jhotdraw/draw/tool/ImageTool.java|(1852,17,<58,8>,<58,25>)>,
  <<|java+class:///org/jhotdraw/draw/tool/ImageTool|,|java+class:///org/jhotdraw/draw/tool/CreationTool|>,|project://jhotdraw-7.5.1/Source/jhotdraw7/src/main/java/org/jhotdraw/draw/tool/ImageTool.java|(2010,29,<63,8>,<63,37>)>,
  <<|java+class:///org/jhotdraw/draw/handle/TransformHandleKit/NorthWestHandle|,|java+class:///org/jhotdraw/draw/handle/TransformHandleKit/TransformHandle|>,|project://jhotdraw-7.5.1/Source/jhotdraw7/src/main/java/org/jhotdraw/draw/handle/TransformHandleKit.java|(14676,42,<418,12>,<418,54>)>,
  <<|java+class:///org/jhotdraw/draw/action/GroupAction|,|java+class:///org/jhotdraw/draw/action/AbstractSelectedAction|>,|project://jhotdraw-7.5.1/Source/jhotdraw7/src/main/java/org/jhotdraw/draw/action/GroupAction.java|(1425,14,<46,8>,<46,22>)>,
  <<|java+class:///org/jhotdraw/app/action/edit/DuplicateAction|,|java+class:///org/jhotdraw/app/action/edit/AbstractSelectionAction|>,|project://jhotdraw-7.5.1/Source/jhotdraw7/src/main/java/org/jhotdraw/app/action/edit/DuplicateAction.java|(2403,14,<68,8>,<68,22>)>,
  <<|java+class:///org/jhotdraw/draw/handle/NullHandle|,|java+class:///org/jhotdraw/draw/handle/LocatorHandle|>,|project://jhotdraw-7.5.1/Source/jhotdraw7/src/main/java/org/jhotdraw/draw/handle/NullHandle.java|(1058,22,<34,8>,<34,30>)>,
  <<|java+class:///org/jhotdraw/draw/action/FontChooserHandler|,|java+class:///org/jhotdraw/draw/action/AbstractSelectedAction|>,|project://jhotdraw-7.5.1/Source/jhotdraw7/src/main/java/org/jhotdraw/draw/action/FontChooserHandler.java|(1317,14,<41,8>,<41,22>)>,
  <<|java+class:///org/jhotdraw/app/action/file/ClearRecentFilesMenuAction|,|java+class:///org/jhotdraw/app/action/AbstractApplicationAction|>,|project://jhotdraw-7.5.1/Source/jhotdraw7/src/main/java/org/jhotdraw/app/action/file/ClearRecentFilesMenuAction.java|(1529,11,<43,8>,<43,19>)>,
  <<|java+class:///org/jhotdraw/draw/action/DrawingColorIcon|,|java+class:///javax/swing/ImageIcon|>,|project://jhotdraw-7.5.1/Source/jhotdraw7/src/main/java/org/jhotdraw/draw/action/DrawingColorIcon.java|(1813,13,<59,8>,<59,21>)>,
  <<|java+class:///org/jhotdraw/draw/action/DrawingColorIcon|,|java+class:///javax/swing/ImageIcon|>,|project://jhotdraw-7.5.1/Source/jhotdraw7/src/main/java/org/jhotdraw/draw/action/DrawingColorIcon.java|(1527,21,<48,8>,<48,29>)>,
  <<|java+class:///org/jhotdraw/samples/teddy/action/ToggleLineNumbersAction|,|java+class:///org/jhotdraw/app/action/AbstractViewAction|>,|project://jhotdraw-7.5.1/Source/jhotdraw7/src/main/java/org/jhotdraw/samples/teddy/action/ToggleLineNumbersAction.java|(1219,17,<38,8>,<38,25>)>,
  <<|java+class:///org/jhotdraw/gui/datatransfer/OSXClipboard|,|java+class:///org/jhotdraw/gui/datatransfer/AWTClipboard|>,|project://jhotdraw-7.5.1/Source/jhotdraw7/src/main/java/org/jhotdraw/gui/datatransfer/OSXClipboard.java|(843,14,<28,8>,<28,22>)>,
  <<|java+class:///org/jhotdraw/draw/handle/TransformHandleKit/WestHandle|,|java+class:///org/jhotdraw/draw/handle/TransformHandleKit/TransformHandle|>,|project://jhotdraw-7.5.1/Source/jhotdraw7/src/main/java/org/jhotdraw/draw/handle/TransformHandleKit.java|(23363,37,<654,12>,<654,49>)>,
  <<|java+class:///org/jhotdraw/app/action/window/TogglePaletteAction|,|java+class:///javax/swing/AbstractAction|>,|project://jhotdraw-7.5.1/Source/jhotdraw7/src/main/java/org/jhotdraw/app/action/window/TogglePaletteAction.java|(1121,13,<36,8>,<36,21>)>,
  <<|java+class:///org/jhotdraw/samples/teddy/io/LFWriter|,|java+class:///java/io/FilterWriter|>,|project://jhotdraw-7.5.1/Source/jhotdraw7/src/main/java/org/jhotdraw/samples/teddy/io/LFWriter.java|(1243,11,<40,8>,<40,19>)>,
  <<|java+class:///org/jhotdraw/geom/BezierPathTest|,|java+class:///junit/framework/TestCase|>,|project://jhotdraw-7.5.1/Source/jhotdraw7/src/test/java/org/jhotdraw/geom/BezierPathTest.java|(380,16,<23,8>,<23,24>)>,
  <<|java+class:///org/jhotdraw/draw/action/MoveAction/West|,|java+class:///org/jhotdraw/draw/action/MoveAction|>,|project://jhotdraw-7.5.1/Source/jhotdraw7/src/main/java/org/jhotdraw/draw/action/MoveAction.java|(1984,21,<63,12>,<63,33>)>,
  <<|java+class:///org/jhotdraw/draw/handle/ConnectionEndHandle|,|java+class:///org/jhotdraw/draw/handle/AbstractConnectionHandle|>,|project://jhotdraw-7.5.1/Source/jhotdraw7/src/main/java/org/jhotdraw/draw/handle/ConnectionEndHandle.java|(1044,13,<34,8>,<34,21>)>,
  <<|java+class:///org/jhotdraw/draw/handle/ResizeHandleKit/ResizeHandle|,|java+class:///org/jhotdraw/draw/handle/LocatorHandle|>,|project://jhotdraw-7.5.1/Source/jhotdraw7/src/main/java/org/jhotdraw/draw/handle/ResizeHandleKit.java|(3522,18,<118,12>,<118,30>)>,
  <<|java+class:///org/jhotdraw/app/action/window/ToggleToolBarAction|,|java+class:///javax/swing/AbstractAction|>,|project://jhotdraw-7.5.1/Source/jhotdraw7/src/main/java/org/jhotdraw/app/action/window/ToggleToolBarAction.java|(1044,13,<34,8>,<34,21>)>,
  <<|java+class:///org/jhotdraw/samples/svg/action/CombineAction|,|java+class:///org/jhotdraw/draw/action/AbstractSelectedAction|>,|project://jhotdraw-7.5.1/Source/jhotdraw7/src/main/java/org/jhotdraw/samples/svg/action/CombineAction.java|(1714,14,<53,8>,<53,22>)>,
  <<|java+class:///org/jhotdraw/app/action/edit/RedoAction|,|java+class:///org/jhotdraw/app/action/AbstractViewAction|>,|project://jhotdraw-7.5.1/Source/jhotdraw7/src/main/java/org/jhotdraw/app/action/edit/RedoAction.java|(2128,17,<59,8>,<59,25>)>,
  <<|java+class:///org/jhotdraw/samples/teddy/FindDialog|,|java+class:///javax/swing/JDialog|>,|project://jhotdraw-7.5.1/Source/jhotdraw7/src/main/java/org/jhotdraw/samples/teddy/FindDialog.java|(704,21,<31,8>,<31,29>)>,
  <<|java+class:///org/jhotdraw/draw/action/SendToBackAction|,|java+class:///org/jhotdraw/draw/action/AbstractSelectedAction|>,|project://jhotdraw-7.5.1/Source/jhotdraw7/src/main/java/org/jhotdraw/draw/action/SendToBackAction.java|(955,14,<32,8>,<32,22>)>,
  <<|java+class:///org/jhotdraw/app/action/file/NewFileAction|,|java+class:///org/jhotdraw/app/action/AbstractApplicationAction|>,|project://jhotdraw-7.5.1/Source/jhotdraw7/src/main/java/org/jhotdraw/app/action/file/NewFileAction.java|(1678,11,<49,8>,<49,19>)>,
  <<|java+class:///org/jhotdraw/gui/datatransfer/AbstractClipboard|,|java+class:///java/awt/datatransfer/Clipboard|>,|project://jhotdraw-7.5.1/Source/jhotdraw7/src/main/java/org/jhotdraw/gui/datatransfer/AbstractClipboard.java|(1051,25,<31,8>,<31,33>)>,
  <<|java+class:///org/jhotdraw/app/action/file/ExportFileAction|,|java+class:///org/jhotdraw/app/action/AbstractViewAction|>,|project://jhotdraw-7.5.1/Source/jhotdraw7/src/main/java/org/jhotdraw/app/action/file/ExportFileAction.java|(1867,17,<54,8>,<54,25>)>,
  <<|java+class:///org/jhotdraw/samples/svg/PathTool|,|java+class:///org/jhotdraw/draw/tool/BezierTool|>,|project://jhotdraw-7.5.1/Source/jhotdraw7/src/main/java/org/jhotdraw/samples/svg/PathTool.java|(1408,35,<45,8>,<45,43>)>,
  <<|java+class:///org/jhotdraw/draw/action/MoveConstrainedAction/South|,|java+class:///org/jhotdraw/draw/action/MoveConstrainedAction|>,|project://jhotdraw-7.5.1/Source/jhotdraw7/src/main/java/org/jhotdraw/draw/action/MoveConstrainedAction.java|(3613,42,<119,12>,<119,54>)>,
  <<|java+class:///org/jhotdraw/draw/action/AlignAction/South|,|java+class:///org/jhotdraw/draw/action/AlignAction|>,|project://jhotdraw-7.5.1/Source/jhotdraw7/src/main/java/org/jhotdraw/draw/action/AlignAction.java|(5694,14,<157,12>,<157,26>)>,
  <<|java+class:///org/jhotdraw/draw/action/AlignAction/South|,|java+class:///org/jhotdraw/draw/action/AlignAction|>,|project://jhotdraw-7.5.1/Source/jhotdraw7/src/main/java/org/jhotdraw/draw/action/AlignAction.java|(5864,14,<161,12>,<161,26>)>,
  <<|java+class:///org/jhotdraw/app/action/view/ViewPropertyAction|,|java+class:///org/jhotdraw/app/action/AbstractViewAction|>,|project://jhotdraw-7.5.1/Source/jhotdraw7/src/main/java/org/jhotdraw/app/action/view/ViewPropertyAction.java|(1787,17,<51,8>,<51,25>)>,
  <<|java+class:///org/jhotdraw/gui/plaf/palette/PaletteColorSliderUI|,|java+class:///org/jhotdraw/color/ColorSliderUI|>,|project://jhotdraw-7.5.1/Source/jhotdraw7/src/main/java/org/jhotdraw/gui/plaf/palette/PaletteColorSliderUI.java|(924,9,<32,8>,<32,17>)>,
  <<|java+class:///org/jhotdraw/app/action/edit/ClearSelectionAction|,|java+class:///org/jhotdraw/app/action/edit/AbstractSelectionAction|>,|project://jhotdraw-7.5.1/Source/jhotdraw7/src/main/java/org/jhotdraw/app/action/edit/ClearSelectionAction.java|(2467,14,<69,8>,<69,22>)>,
  <<|java+class:///org/jhotdraw/draw/locator/RelativeDecoratorLocator|,|java+class:///org/jhotdraw/draw/locator/RelativeLocator|>,|project://jhotdraw-7.5.1/Source/jhotdraw7/src/main/java/org/jhotdraw/draw/locator/RelativeDecoratorLocator.java|(1537,28,<49,8>,<49,36>)>,
  <<|java+class:///org/jhotdraw/draw/locator/RelativeDecoratorLocator|,|java+class:///org/jhotdraw/draw/locator/RelativeLocator|>,|project://jhotdraw-7.5.1/Source/jhotdraw7/src/main/java/org/jhotdraw/draw/locator/RelativeDecoratorLocator.java|(1399,28,<46,8>,<46,36>)>,
  <<|java+class:///org/jhotdraw/draw/handle/ResizeHandleKit/NorthWestHandle|,|java+class:///org/jhotdraw/draw/handle/ResizeHandleKit/ResizeHandle|>,|project://jhotdraw-7.5.1/Source/jhotdraw7/src/main/java/org/jhotdraw/draw/handle/ResizeHandleKit.java|(12810,46,<362,12>,<362,58>)>,
  <<|java+class:///org/jhotdraw/app/action/app/ReOpenApplicationAction|,|java+class:///org/jhotdraw/app/action/AbstractApplicationAction|>,|project://jhotdraw-7.5.1/Source/jhotdraw7/src/main/java/org/jhotdraw/app/action/app/ReOpenApplicationAction.java|(1600,11,<45,8>,<45,19>)>,
  <<|java+class:///org/jhotdraw/gui/plaf/palette/PaletteListCellRenderer|,|java+class:///javax/swing/DefaultListCellRenderer|>,|project://jhotdraw-7.5.1/Source/jhotdraw7/src/main/java/org/jhotdraw/gui/plaf/palette/PaletteListCellRenderer.java|(1611,8,<47,1>,<47,9>)>,
  <<|java+class:///org/jhotdraw/draw/tool/TextCreationTool|,|java+class:///org/jhotdraw/draw/tool/CreationTool|>,|project://jhotdraw-7.5.1/Source/jhotdraw7/src/main/java/org/jhotdraw/draw/tool/TextCreationTool.java|(2773,29,<74,8>,<74,37>)>,
  <<|java+class:///org/jhotdraw/draw/tool/TextCreationTool|,|java+class:///org/jhotdraw/draw/tool/CreationTool|>,|project://jhotdraw-7.5.1/Source/jhotdraw7/src/main/java/org/jhotdraw/draw/tool/TextCreationTool.java|(2611,17,<70,8>,<70,25>)>,
  <<|java+class:///org/jhotdraw/draw/action/SelectionColorChooserAction|,|java+class:///org/jhotdraw/draw/action/EditorColorChooserAction|>,|project://jhotdraw-7.5.1/Source/jhotdraw7/src/main/java/org/jhotdraw/draw/action/SelectionColorChooserAction.java|(1995,48,<51,8>,<51,56>)>,
  <<|java+class:///net/n3/nanoxml/XMLParseException|,|java+class:///net/n3/nanoxml/XMLException|>,|project://jhotdraw-7.5.1/Source/jhotdraw7/src/main/java/net/n3/nanoxml/XMLParseException.java|(1584,11,<50,6>,<50,17>)>,
  <<|java+class:///net/n3/nanoxml/XMLParseException|,|java+class:///net/n3/nanoxml/XMLException|>,|project://jhotdraw-7.5.1/Source/jhotdraw7/src/main/java/net/n3/nanoxml/XMLParseException.java|(2012,41,<66,6>,<66,47>)>,
  <<|java+class:///org/jhotdraw/draw/connector/ChopDiamondConnector|,|java+class:///org/jhotdraw/draw/connector/ChopRectangleConnector|>,|project://jhotdraw-7.5.1/Source/jhotdraw7/src/main/java/org/jhotdraw/draw/connector/ChopDiamondConnector.java|(1158,13,<36,8>,<36,21>)>,
  <<|java+class:///org/jhotdraw/color/ColorSliderUI|,|java+class:///javax/swing/plaf/basic/BasicSliderUI|>,|project://jhotdraw-7.5.1/Source/jhotdraw7/src/main/java/org/jhotdraw/color/ColorSliderUI.java|(1717,9,<47,8>,<47,17>)>,
  <<|java+class:///org/jhotdraw/app/action/app/ExitAction|,|java+class:///org/jhotdraw/app/action/AbstractApplicationAction|>,|project://jhotdraw-7.5.1/Source/jhotdraw7/src/main/java/org/jhotdraw/app/action/app/ExitAction.java|(1812,11,<53,8>,<53,19>)>,
  <<|java+class:///org/jhotdraw/draw/ListFigure|,|java+class:///org/jhotdraw/draw/GraphicalCompositeFigure|>,|project://jhotdraw-7.5.1/Source/jhotdraw7/src/main/java/org/jhotdraw/draw/ListFigure.java|(979,26,<33,8>,<33,34>)>,
  <<|java+class:///org/jhotdraw/samples/svg/SVGCreateFromFileTool|,|java+class:///org/jhotdraw/draw/tool/CreationTool|>,|project://jhotdraw-7.5.1/Source/jhotdraw7/src/main/java/org/jhotdraw/samples/svg/SVGCreateFromFileTool.java|(1935,22,<54,8>,<54,30>)>,
  <<|java+class:///org/jhotdraw/samples/svg/SVGCreateFromFileTool|,|java+class:///org/jhotdraw/draw/tool/CreationTool|>,|project://jhotdraw-7.5.1/Source/jhotdraw7/src/main/java/org/jhotdraw/samples/svg/SVGCreateFromFileTool.java|(2239,34,<61,8>,<61,42>)>,
  <<|java+class:///org/jhotdraw/draw/action/MoveConstrainedAction|,|java+class:///org/jhotdraw/draw/action/AbstractSelectedAction|>,|project://jhotdraw-7.5.1/Source/jhotdraw7/src/main/java/org/jhotdraw/draw/action/MoveConstrainedAction.java|(1089,14,<33,8>,<33,22>)>,
  <<|java+class:///org/jhotdraw/draw/action/AlignAction|,|java+class:///org/jhotdraw/draw/action/AbstractSelectedAction|>,|project://jhotdraw-7.5.1/Source/jhotdraw7/src/main/java/org/jhotdraw/draw/action/AlignAction.java|(1105,14,<37,8>,<37,22>)>,
  <<|java+class:///org/jhotdraw/color/ComplexColorWheelImageProducer|,|java+class:///org/jhotdraw/color/AbstractColorWheelImageProducer|>,|project://jhotdraw-7.5.1/Source/jhotdraw7/src/main/java/org/jhotdraw/color/ComplexColorWheelImageProducer.java|(1601,17,<48,8>,<48,25>)>,
  <<|java+class:///org/jhotdraw/draw/action/AlignAction/West|,|java+class:///org/jhotdraw/draw/action/AlignAction|>,|project://jhotdraw-7.5.1/Source/jhotdraw7/src/main/java/org/jhotdraw/draw/action/AlignAction.java|(4786,14,<134,12>,<134,26>)>,
  <<|java+class:///org/jhotdraw/draw/action/AlignAction/West|,|java+class:///org/jhotdraw/draw/action/AlignAction|>,|project://jhotdraw-7.5.1/Source/jhotdraw7/src/main/java/org/jhotdraw/draw/action/AlignAction.java|(4618,14,<130,12>,<130,26>)>,
  <<|java+class:///org/jhotdraw/draw/action/MoveConstrainedAction/West|,|java+class:///org/jhotdraw/draw/action/MoveConstrainedAction|>,|project://jhotdraw-7.5.1/Source/jhotdraw7/src/main/java/org/jhotdraw/draw/action/MoveConstrainedAction.java|(3022,41,<99,12>,<99,53>)>,
  <<|java+class:///org/jhotdraw/gui/plaf/palette/PaletteToolBarUI/DragWindow|,|java+class:///javax/swing/JWindow|>,|project://jhotdraw-7.5.1/Source/jhotdraw7/src/main/java/org/jhotdraw/gui/plaf/palette/PaletteToolBarUI.java|(49416,9,<1424,12>,<1424,21>)>,
  <<|java+class:///org/jhotdraw/draw/action/ApplyAttributesAction|,|java+class:///org/jhotdraw/draw/action/AbstractSelectedAction|>,|project://jhotdraw-7.5.1/Source/jhotdraw7/src/main/java/org/jhotdraw/draw/action/ApplyAttributesAction.java|(1169,14,<35,8>,<35,22>)>,
  <<|java+class:///org/jhotdraw/samples/odg/figures/ODGRectRadiusHandle|,|java+class:///org/jhotdraw/draw/handle/AbstractHandle|>,|project://jhotdraw-7.5.1/Source/jhotdraw7/src/main/java/org/jhotdraw/samples/odg/figures/ODGRectRadiusHandle.java|(1313,13,<41,8>,<41,21>)>,
  <<|java+class:///org/jhotdraw/draw/action/UngroupAction|,|java+class:///org/jhotdraw/draw/action/GroupAction|>,|project://jhotdraw-7.5.1/Source/jhotdraw7/src/main/java/org/jhotdraw/draw/action/UngroupAction.java|(1143,32,<37,8>,<37,40>)>,
  <<|java+class:///org/jhotdraw/draw/action/UngroupAction|,|java+class:///org/jhotdraw/draw/action/GroupAction|>,|project://jhotdraw-7.5.1/Source/jhotdraw7/src/main/java/org/jhotdraw/draw/action/UngroupAction.java|(970,40,<33,8>,<33,48>)>,
  <<|java+class:///org/jhotdraw/app/action/app/PrintApplicationFileAction|,|java+class:///org/jhotdraw/app/action/file/PrintFileAction|>,|project://jhotdraw-7.5.1/Source/jhotdraw7/src/main/java/org/jhotdraw/app/action/app/PrintApplicationFileAction.java|(1980,17,<53,8>,<53,25>)>,
  <<|java+class:///org/jhotdraw/draw/event/HandleEvent|,|java+class:///java/util/EventObject|>,|project://jhotdraw-7.5.1/Source/jhotdraw7/src/main/java/org/jhotdraw/draw/event/HandleEvent.java|(1369,11,<43,8>,<43,19>)>,
  <<|java+class:///org/jhotdraw/samples/svg/figures/SVGPathOutlineHandle|,|java+class:///org/jhotdraw/draw/handle/AbstractHandle|>,|project://jhotdraw-7.5.1/Source/jhotdraw7/src/main/java/org/jhotdraw/samples/svg/figures/SVGPathOutlineHandle.java|(1487,13,<44,8>,<44,21>)>,
  <<|java+class:///org/jhotdraw/color/HSBColorSpace|,|java+class:///java/awt/color/ColorSpace|>,|project://jhotdraw-7.5.1/Source/jhotdraw7/src/main/java/org/jhotdraw/color/HSBColorSpace.java|(1155,30,<38,8>,<38,38>)>,
  <<|java+class:///org/jhotdraw/draw/connector/ChopTriangleConnector|,|java+class:///org/jhotdraw/draw/connector/ChopRectangleConnector|>,|project://jhotdraw-7.5.1/Source/jhotdraw7/src/main/java/org/jhotdraw/draw/connector/ChopTriangleConnector.java|(1090,13,<37,8>,<37,21>)>,
  <<|java+class:///org/jhotdraw/draw/handle/BezierOutlineHandle|,|java+class:///org/jhotdraw/draw/handle/AbstractHandle|>,|project://jhotdraw-7.5.1/Source/jhotdraw7/src/main/java/org/jhotdraw/draw/handle/BezierOutlineHandle.java|(1276,13,<41,8>,<41,21>)>,
  <<|java+class:///org/jhotdraw/samples/svg/gui/ServerAuthenticationException|,|java+class:///java/io/IOException|>,|project://jhotdraw-7.5.1/Source/jhotdraw7/src/main/java/org/jhotdraw/samples/svg/gui/ServerAuthenticationException.java|(1460,11,<45,8>,<45,19>)>,
  <<|java+class:///org/jhotdraw/samples/svg/figures/LinkHandle|,|java+class:///org/jhotdraw/draw/handle/AbstractHandle|>,|project://jhotdraw-7.5.1/Source/jhotdraw7/src/main/java/org/jhotdraw/samples/svg/figures/LinkHandle.java|(1095,13,<35,8>,<35,21>)>,
  <<|java+class:///org/jhotdraw/draw/action/MoveAction/South|,|java+class:///org/jhotdraw/draw/action/MoveAction|>,|project://jhotdraw-7.5.1/Source/jhotdraw7/src/main/java/org/jhotdraw/draw/action/MoveAction.java|(2484,20,<77,12>,<77,32>)>,
  <<|java+class:///org/jhotdraw/draw/event/CompositeFigureEvent|,|java+class:///java/util/EventObject|>,|project://jhotdraw-7.5.1/Source/jhotdraw7/src/main/java/org/jhotdraw/draw/event/CompositeFigureEvent.java|(1627,14,<48,8>,<48,22>)>,
  <<|java+class:///org/jhotdraw/app/action/app/AbstractPreferencesAction|,|java+class:///org/jhotdraw/app/action/AbstractApplicationAction|>,|project://jhotdraw-7.5.1/Source/jhotdraw7/src/main/java/org/jhotdraw/app/action/app/AbstractPreferencesAction.java|(1487,11,<39,8>,<39,19>)>,
  <<|java+class:///org/jhotdraw/app/action/edit/PasteAction|,|java+class:///org/jhotdraw/app/action/edit/AbstractSelectionAction|>,|project://jhotdraw-7.5.1/Source/jhotdraw7/src/main/java/org/jhotdraw/app/action/edit/PasteAction.java|(1915,14,<55,8>,<55,22>)>,
  <<|java+class:///org/jhotdraw/draw/handle/TextOverflowHandle|,|java+class:///org/jhotdraw/draw/handle/AbstractHandle|>,|project://jhotdraw-7.5.1/Source/jhotdraw7/src/main/java/org/jhotdraw/draw/handle/TextOverflowHandle.java|(1033,13,<34,8>,<34,21>)>,
  <<|java+class:///org/jhotdraw/draw/handle/TransformHandleKit/SouthWestHandle|,|java+class:///org/jhotdraw/draw/handle/TransformHandleKit/TransformHandle|>,|project://jhotdraw-7.5.1/Source/jhotdraw7/src/main/java/org/jhotdraw/draw/handle/TransformHandleKit.java|(21084,42,<593,12>,<593,54>)>,
  <<|java+class:///org/jhotdraw/color/HSLHarmonicColorWheelImageProducer|,|java+class:///org/jhotdraw/color/PolarColorWheelImageProducer|>,|project://jhotdraw-7.5.1/Source/jhotdraw7/src/main/java/org/jhotdraw/color/HSLHarmonicColorWheelImageProducer.java|(1015,52,<32,8>,<32,60>)>,
  <<|java+class:///org/jhotdraw/color/HSLHarmonicColorWheelImageProducer|,|java+class:///org/jhotdraw/color/PolarColorWheelImageProducer|>,|project://jhotdraw-7.5.1/Source/jhotdraw7/src/main/java/org/jhotdraw/color/HSLHarmonicColorWheelImageProducer.java|(1161,17,<36,8>,<36,25>)>,
  <<|java+class:///org/jhotdraw/draw/action/EditGridAction|,|java+class:///org/jhotdraw/draw/action/AbstractDrawingViewAction|>,|project://jhotdraw-7.5.1/Source/jhotdraw7/src/main/java/org/jhotdraw/draw/action/EditGridAction.java|(1406,14,<43,8>,<43,22>)>,
  <<|java+class:///org/jhotdraw/gui/plaf/palette/PaletteToolBarUI/Actions|,|java+class:///javax/swing/AbstractAction|>,|project://jhotdraw-7.5.1/Source/jhotdraw7/src/main/java/org/jhotdraw/gui/plaf/palette/PaletteToolBarUI.java|(37969,12,<1086,12>,<1086,24>)>,
  <<|java+class:///org/jhotdraw/draw/handle/ConnectionStartHandle|,|java+class:///org/jhotdraw/draw/handle/AbstractConnectionHandle|>,|project://jhotdraw-7.5.1/Source/jhotdraw7/src/main/java/org/jhotdraw/draw/handle/ConnectionStartHandle.java|(1069,13,<34,8>,<34,21>)>,
  <<|java+class:///org/jhotdraw/color/HSLPhysiologicColorSpace|,|java+class:///java/awt/color/ColorSpace|>,|project://jhotdraw-7.5.1/Source/jhotdraw7/src/main/java/org/jhotdraw/color/HSLPhysiologicColorSpace.java|(1187,30,<37,8>,<37,38>)>,
  <<|java+class:///org/jhotdraw/app/action/edit/UndoAction|,|java+class:///org/jhotdraw/app/action/AbstractViewAction|>,|project://jhotdraw-7.5.1/Source/jhotdraw7/src/main/java/org/jhotdraw/app/action/edit/UndoAction.java|(2126,17,<59,8>,<59,25>)>,
  <<|java+class:///org/jhotdraw/draw/handle/FontSizeHandle|,|java+class:///org/jhotdraw/draw/handle/LocatorHandle|>,|project://jhotdraw-7.5.1/Source/jhotdraw7/src/main/java/org/jhotdraw/draw/handle/FontSizeHandle.java|(1377,22,<45,8>,<45,30>)>,
  <<|java+class:///org/jhotdraw/draw/handle/FontSizeHandle|,|java+class:///org/jhotdraw/draw/handle/LocatorHandle|>,|project://jhotdraw-7.5.1/Source/jhotdraw7/src/main/java/org/jhotdraw/draw/handle/FontSizeHandle.java|(1256,36,<41,8>,<41,44>)>,
  <<|java+class:///org/jhotdraw/draw/action/SelectionColorChooserHandler|,|java+class:///org/jhotdraw/draw/action/AbstractSelectedAction|>,|project://jhotdraw-7.5.1/Source/jhotdraw7/src/main/java/org/jhotdraw/draw/action/SelectionColorChooserHandler.java|(1315,14,<41,8>,<41,22>)>,
  <<|java+class:///org/jhotdraw/samples/svg/figures/SVGRectRadiusHandle|,|java+class:///org/jhotdraw/draw/handle/AbstractHandle|>,|project://jhotdraw-7.5.1/Source/jhotdraw7/src/main/java/org/jhotdraw/samples/svg/figures/SVGRectRadiusHandle.java|(1422,13,<42,8>,<42,21>)>,
  <<|java+class:///org/jhotdraw/draw/action/MoveAction|,|java+class:///org/jhotdraw/draw/action/AbstractSelectedAction|>,|project://jhotdraw-7.5.1/Source/jhotdraw7/src/main/java/org/jhotdraw/draw/action/MoveAction.java|(1058,14,<34,8>,<34,22>)>,
  <<|java+class:///org/jhotdraw/draw/handle/MoveHandle|,|java+class:///org/jhotdraw/draw/handle/LocatorHandle|>,|project://jhotdraw-7.5.1/Source/jhotdraw7/src/main/java/org/jhotdraw/draw/handle/MoveHandle.java|(1239,22,<41,8>,<41,30>)>,
  <<|java+class:///org/jhotdraw/draw/action/IncreaseHandleDetailLevelAction|,|java+class:///org/jhotdraw/draw/action/AbstractSelectedAction|>,|project://jhotdraw-7.5.1/Source/jhotdraw7/src/main/java/org/jhotdraw/draw/action/IncreaseHandleDetailLevelAction.java|(966,14,<29,8>,<29,22>)>,
  <<|java+class:///org/jhotdraw/draw/event/CompositeFigureEdit|,|java+class:///org/jhotdraw/undo/CompositeEdit|>,|project://jhotdraw-7.5.1/Source/jhotdraw7/src/main/java/org/jhotdraw/draw/event/CompositeFigureEdit.java|(1559,21,<48,8>,<48,29>)>,
  <<|java+class:///org/jhotdraw/draw/event/CompositeFigureEdit|,|java+class:///org/jhotdraw/undo/CompositeEdit|>,|project://jhotdraw-7.5.1/Source/jhotdraw7/src/main/java/org/jhotdraw/draw/event/CompositeFigureEdit.java|(1869,24,<58,8>,<58,32>)>,
  <<|java+class:///org/jhotdraw/draw/event/CompositeFigureEdit|,|java+class:///org/jhotdraw/undo/CompositeEdit|>,|project://jhotdraw-7.5.1/Source/jhotdraw7/src/main/java/org/jhotdraw/draw/event/CompositeFigureEdit.java|(2290,39,<70,8>,<70,47>)>,
  <<|java+class:///org/jhotdraw/app/action/file/OpenDirectoryAction|,|java+class:///org/jhotdraw/app/action/file/OpenFileAction|>,|project://jhotdraw-7.5.1/Source/jhotdraw7/src/main/java/org/jhotdraw/app/action/file/OpenDirectoryAction.java|(1828,11,<47,8>,<47,19>)>,
  <<|java+class:///org/jhotdraw/draw/connector/ChopRectangleConnector|,|java+class:///org/jhotdraw/draw/connector/AbstractConnector|>,|project://jhotdraw-7.5.1/Source/jhotdraw7/src/main/java/org/jhotdraw/draw/connector/ChopRectangleConnector.java|(1228,13,<40,8>,<40,21>)>,
  <<|java+class:///org/jhotdraw/draw/event/FigureEvent|,|java+class:///java/util/EventObject|>,|project://jhotdraw-7.5.1/Source/jhotdraw7/src/main/java/org/jhotdraw/draw/event/FigureEvent.java|(1800,14,<53,8>,<53,22>)>,
  <<|java+class:///org/jhotdraw/draw/event/FigureEvent|,|java+class:///java/util/EventObject|>,|project://jhotdraw-7.5.1/Source/jhotdraw7/src/main/java/org/jhotdraw/draw/event/FigureEvent.java|(2072,14,<61,8>,<61,22>)>,
  <<|java+class:///org/jhotdraw/draw/handle/ResizeHandleKit/EastHandle|,|java+class:///org/jhotdraw/draw/handle/ResizeHandleKit/ResizeHandle|>,|project://jhotdraw-7.5.1/Source/jhotdraw7/src/main/java/org/jhotdraw/draw/handle/ResizeHandleKit.java|(9575,41,<270,12>,<270,53>)>,
  <<|java+class:///org/jhotdraw/draw/handle/BezierControlPointHandle|,|java+class:///org/jhotdraw/draw/handle/AbstractHandle|>,|project://jhotdraw-7.5.1/Source/jhotdraw7/src/main/java/org/jhotdraw/draw/handle/BezierControlPointHandle.java|(1578,13,<48,8>,<48,21>)>,
  <<|java+class:///org/jhotdraw/samples/odg/figures/ODGBezierFigure|,|java+class:///org/jhotdraw/draw/BezierFigure|>,|project://jhotdraw-7.5.1/Source/jhotdraw7/src/main/java/org/jhotdraw/samples/odg/figures/ODGBezierFigure.java|(1401,16,<44,8>,<44,24>)>,
  <<|java+class:///org/jhotdraw/samples/teddy/text/NumberedParagraphView|,|java+class:///javax/swing/text/ParagraphView|>,|project://jhotdraw-7.5.1/Source/jhotdraw7/src/main/java/org/jhotdraw/samples/teddy/text/NumberedParagraphView.java|(1021,9,<30,8>,<30,17>)>,
  <<|java+class:///org/jhotdraw/gui/plaf/palette/PaletteColorChooserUI/ColorTransferHandler|,|java+class:///javax/swing/TransferHandler|>,|project://jhotdraw-7.5.1/Source/jhotdraw7/src/main/java/org/jhotdraw/gui/plaf/palette/PaletteColorChooserUI.java|(11361,15,<284,12>,<284,27>)>,
  <<|java+class:///org/jhotdraw/color/CMYKGenericColorSpace|,|java+class:///java/awt/color/ICC_ColorSpace|>,|project://jhotdraw-7.5.1/Source/jhotdraw7/src/main/java/org/jhotdraw/color/CMYKGenericColorSpace.java|(1417,108,<44,8>,<44,116>)>,
  <<|java+class:///org/jhotdraw/samples/odg/figures/ODGPathOutlineHandle|,|java+class:///org/jhotdraw/draw/handle/AbstractHandle|>,|project://jhotdraw-7.5.1/Source/jhotdraw7/src/main/java/org/jhotdraw/samples/odg/figures/ODGPathOutlineHandle.java|(1224,13,<34,8>,<34,21>)>,
  <<|java+class:///org/jhotdraw/draw/event/FigureSelectionEvent|,|java+class:///java/util/EventObject|>,|project://jhotdraw-7.5.1/Source/jhotdraw7/src/main/java/org/jhotdraw/draw/event/FigureSelectionEvent.java|(1368,14,<42,8>,<42,22>)>,
  <<|java+class:///org/jhotdraw/draw/action/ZoomAction|,|java+class:///org/jhotdraw/draw/action/AbstractDrawingViewAction|>,|project://jhotdraw-7.5.1/Source/jhotdraw7/src/main/java/org/jhotdraw/draw/action/ZoomAction.java|(1241,12,<42,8>,<42,20>)>,
  <<|java+class:///org/jhotdraw/draw/handle/RoundRectangleRadiusHandle|,|java+class:///org/jhotdraw/draw/handle/AbstractHandle|>,|project://jhotdraw-7.5.1/Source/jhotdraw7/src/main/java/org/jhotdraw/draw/handle/RoundRectangleRadiusHandle.java|(1244,13,<39,8>,<39,21>)>,
  <<|java+class:///org/jhotdraw/app/action/file/SaveFileAction|,|java+class:///org/jhotdraw/app/action/AbstractViewAction|>,|project://jhotdraw-7.5.1/Source/jhotdraw7/src/main/java/org/jhotdraw/app/action/file/SaveFileAction.java|(2315,17,<67,8>,<67,25>)>,
  <<|java+class:///org/jhotdraw/draw/handle/ResizeHandleKit/SouthWestHandle|,|java+class:///org/jhotdraw/draw/handle/ResizeHandleKit/ResizeHandle|>,|project://jhotdraw-7.5.1/Source/jhotdraw7/src/main/java/org/jhotdraw/draw/handle/ResizeHandleKit.java|(19442,46,<542,12>,<542,58>)>,
  <<|java+class:///org/jhotdraw/io/Base64/InputStream|,|java+class:///java/io/FilterInputStream|>,|project://jhotdraw-7.5.1/Source/jhotdraw7/src/main/java/org/jhotdraw/io/Base64.java|(37574,10,<946,12>,<946,22>)>,
  <<|java+class:///org/jhotdraw/samples/teddy/action/ToggleStatusBarAction|,|java+class:///org/jhotdraw/app/action/AbstractViewAction|>,|project://jhotdraw-7.5.1/Source/jhotdraw7/src/main/java/org/jhotdraw/samples/teddy/action/ToggleStatusBarAction.java|(1203,17,<38,8>,<38,25>)>,
  <<|java+class:///org/jhotdraw/io/Base64/OutputStream|,|java+class:///java/io/FilterOutputStream|>,|project://jhotdraw-7.5.1/Source/jhotdraw7/src/main/java/org/jhotdraw/io/Base64.java|(45057,11,<1148,12>,<1148,23>)>,
  <<|java+class:///org/jhotdraw/draw/action/AlignAction/Vertical|,|java+class:///org/jhotdraw/draw/action/AlignAction|>,|project://jhotdraw-7.5.1/Source/jhotdraw7/src/main/java/org/jhotdraw/draw/action/AlignAction.java|(6991,14,<188,12>,<188,26>)>,
  <<|java+class:///org/jhotdraw/draw/action/AlignAction/Vertical|,|java+class:///org/jhotdraw/draw/action/AlignAction|>,|project://jhotdraw-7.5.1/Source/jhotdraw7/src/main/java/org/jhotdraw/draw/action/AlignAction.java|(6815,14,<184,12>,<184,26>)>,
  <<|java+class:///org/jhotdraw/samples/teddy/action/ToggleLineWrapAction|,|java+class:///org/jhotdraw/app/action/AbstractViewAction|>,|project://jhotdraw-7.5.1/Source/jhotdraw7/src/main/java/org/jhotdraw/samples/teddy/action/ToggleLineWrapAction.java|(1201,17,<38,8>,<38,25>)>,
  <<|java+class:///org/jhotdraw/draw/handle/DragHandle|,|java+class:///org/jhotdraw/draw/handle/AbstractHandle|>,|project://jhotdraw-7.5.1/Source/jhotdraw7/src/main/java/org/jhotdraw/draw/handle/DragHandle.java|(1530,13,<44,8>,<44,21>)>,
  <<|java+class:///org/jhotdraw/app/action/window/MinimizeWindowAction|,|java+class:///org/jhotdraw/app/action/AbstractViewAction|>,|project://jhotdraw-7.5.1/Source/jhotdraw7/src/main/java/org/jhotdraw/app/action/window/MinimizeWindowAction.java|(1139,17,<37,8>,<37,25>)>,
  <<|java+class:///org/jhotdraw/draw/connector/StickyRectangleConnector|,|java+class:///org/jhotdraw/draw/connector/ChopRectangleConnector|>,|project://jhotdraw-7.5.1/Source/jhotdraw7/src/main/java/org/jhotdraw/draw/connector/StickyRectangleConnector.java|(1853,13,<65,8>,<65,21>)>,
  <<|java+class:///org/jhotdraw/draw/connector/StickyRectangleConnector|,|java+class:///org/jhotdraw/draw/connector/ChopRectangleConnector|>,|project://jhotdraw-7.5.1/Source/jhotdraw7/src/main/java/org/jhotdraw/draw/connector/StickyRectangleConnector.java|(1449,13,<47,8>,<47,21>)>,
  <<|java+class:///org/jhotdraw/gui/plaf/palette/PaletteToolBarUI/createFloatingWindow(javax/swing/JToolBar)/ToolBarDialog|,|java+class:///javax/swing/JDialog|>,|project://jhotdraw-7.5.1/Source/jhotdraw7/src/main/java/org/jhotdraw/gui/plaf/palette/PaletteToolBarUI.java|(17419,27,<503,16>,<503,43>)>,
  <<|java+class:///org/jhotdraw/gui/plaf/palette/PaletteToolBarUI/createFloatingWindow(javax/swing/JToolBar)/ToolBarDialog|,|java+class:///javax/swing/JDialog|>,|project://jhotdraw-7.5.1/Source/jhotdraw7/src/main/java/org/jhotdraw/gui/plaf/palette/PaletteToolBarUI.java|(17282,27,<499,16>,<499,43>)>,
  <<|java+class:///org/jhotdraw/color/ColorSquareImageProducer|,|java+class:///org/jhotdraw/color/AbstractColorWheelImageProducer|>,|project://jhotdraw-7.5.1/Source/jhotdraw7/src/main/java/org/jhotdraw/color/ColorSquareImageProducer.java|(1568,17,<47,8>,<47,25>)>,
  <<|java+class:///org/jhotdraw/draw/connector/ChopRoundRectangleConnector|,|java+class:///org/jhotdraw/draw/connector/ChopRectangleConnector|>,|project://jhotdraw-7.5.1/Source/jhotdraw7/src/main/java/org/jhotdraw/draw/connector/ChopRoundRectangleConnector.java|(1165,13,<39,8>,<39,21>)>,
  <<|java+class:///org/jhotdraw/app/action/file/LoadDirectoryAction|,|java+class:///org/jhotdraw/app/action/file/LoadFileAction|>,|project://jhotdraw-7.5.1/Source/jhotdraw7/src/main/java/org/jhotdraw/app/action/file/LoadDirectoryAction.java|(1679,17,<42,8>,<42,25>)>,
  <<|java+class:///org/jhotdraw/draw/handle/TransformHandleKit/NorthEastHandle|,|java+class:///org/jhotdraw/draw/handle/TransformHandleKit/TransformHandle|>,|project://jhotdraw-7.5.1/Source/jhotdraw7/src/main/java/org/jhotdraw/draw/handle/TransformHandleKit.java|(8702,42,<250,12>,<250,54>)>,
  <<|java+class:///org/jhotdraw/app/action/AbstractSaveUnsavedChangesAction|,|java+class:///org/jhotdraw/app/action/AbstractViewAction|>,|project://jhotdraw-7.5.1/Source/jhotdraw7/src/main/java/org/jhotdraw/app/action/AbstractSaveUnsavedChangesAction.java|(2021,17,<53,8>,<53,25>)>,
  <<|java+class:///org/jhotdraw/draw/handle/TransformHandleKit/EastHandle|,|java+class:///org/jhotdraw/draw/handle/TransformHandleKit/TransformHandle|>,|project://jhotdraw-7.5.1/Source/jhotdraw7/src/main/java/org/jhotdraw/draw/handle/TransformHandleKit.java|(10991,37,<312,12>,<312,49>)>,
  <<|java+class:///org/jhotdraw/samples/svg/figures/SVGBezierFigure|,|java+class:///org/jhotdraw/draw/BezierFigure|>,|project://jhotdraw-7.5.1/Source/jhotdraw7/src/main/java/org/jhotdraw/samples/svg/figures/SVGBezierFigure.java|(1479,16,<46,8>,<46,24>)>,
  <<|java+class:///org/jhotdraw/samples/odg/action/SplitAction|,|java+class:///org/jhotdraw/draw/action/UngroupAction|>,|project://jhotdraw-7.5.1/Source/jhotdraw7/src/main/java/org/jhotdraw/samples/odg/action/SplitAction.java|(1010,35,<34,8>,<34,43>)>,
  <<|java+class:///org/jhotdraw/geom/BezierPathTest/NodeTest|,|java+class:///junit/framework/TestCase|>,|project://jhotdraw-7.5.1/Source/jhotdraw7/src/test/java/org/jhotdraw/geom/BezierPathTest.java|(621,16,<35,12>,<35,28>)>,
  <<|java+class:///org/jhotdraw/app/action/file/ClearFileAction|,|java+class:///org/jhotdraw/app/action/AbstractSaveUnsavedChangesAction|>,|project://jhotdraw-7.5.1/Source/jhotdraw7/src/main/java/org/jhotdraw/app/action/file/ClearFileAction.java|(1799,17,<47,8>,<47,25>)>,
  <<|java+class:///org/jhotdraw/color/CMYKNominalColorSpace|,|java+class:///java/awt/color/ColorSpace|>,|project://jhotdraw-7.5.1/Source/jhotdraw7/src/main/java/org/jhotdraw/color/CMYKNominalColorSpace.java|(1313,31,<40,8>,<40,39>)>,
  <<|java+class:///org/jhotdraw/draw/action/MoveAction/East|,|java+class:///org/jhotdraw/draw/action/MoveAction|>,|project://jhotdraw-7.5.1/Source/jhotdraw7/src/main/java/org/jhotdraw/draw/action/MoveAction.java|(1738,20,<56,12>,<56,32>)>,
  <<|java+class:///org/jhotdraw/draw/connector/ChopBezierConnector|,|java+class:///org/jhotdraw/draw/connector/ChopRectangleConnector|>,|project://jhotdraw-7.5.1/Source/jhotdraw7/src/main/java/org/jhotdraw/draw/connector/ChopBezierConnector.java|(1122,13,<38,8>,<38,21>)>,
  <<|java+class:///org/jhotdraw/app/action/edit/DeleteAction|,|java+class:///javax/swing/text/TextAction|>,|project://jhotdraw-7.5.1/Source/jhotdraw7/src/main/java/org/jhotdraw/app/action/edit/DeleteAction.java|(2833,10,<78,8>,<78,18>)>,
  <<|java+class:///org/jhotdraw/app/action/file/PrintFileAction|,|java+class:///org/jhotdraw/app/action/AbstractViewAction|>,|project://jhotdraw-7.5.1/Source/jhotdraw7/src/main/java/org/jhotdraw/app/action/file/PrintFileAction.java|(2157,17,<63,8>,<63,25>)>,
  <<|java+class:///org/jhotdraw/draw/handle/BezierScaleHandle|,|java+class:///org/jhotdraw/draw/handle/AbstractHandle|>,|project://jhotdraw-7.5.1/Source/jhotdraw7/src/main/java/org/jhotdraw/draw/handle/BezierScaleHandle.java|(1378,13,<43,8>,<43,21>)>,
  <<|java+class:///org/jhotdraw/app/action/file/LoadRecentFileAction|,|java+class:///org/jhotdraw/app/action/AbstractSaveUnsavedChangesAction|>,|project://jhotdraw-7.5.1/Source/jhotdraw7/src/main/java/org/jhotdraw/app/action/file/LoadRecentFileAction.java|(1653,17,<48,8>,<48,25>)>,
  <<|java+class:///org/jhotdraw/gui/plaf/palette/colorchooser/PaletteColorSliderModel|,|java+class:///org/jhotdraw/color/DefaultColorSliderModel|>,|project://jhotdraw-7.5.1/Source/jhotdraw7/src/main/java/org/jhotdraw/gui/plaf/palette/colorchooser/PaletteColorSliderModel.java|(1043,18,<32,8>,<32,26>)>,
  <<|java+class:///org/jhotdraw/draw/handle/TransformHandleKit/NorthHandle|,|java+class:///org/jhotdraw/draw/handle/TransformHandleKit/TransformHandle|>,|project://jhotdraw-7.5.1/Source/jhotdraw7/src/main/java/org/jhotdraw/draw/handle/TransformHandleKit.java|(12818,38,<365,12>,<365,50>)>,
  <<|java+class:///org/jhotdraw/color/HSLColorSpace|,|java+class:///java/awt/color/ColorSpace|>,|project://jhotdraw-7.5.1/Source/jhotdraw7/src/main/java/org/jhotdraw/color/HSLColorSpace.java|(1132,30,<37,8>,<37,38>)>,
  <<|java+class:///org/jhotdraw/draw/DefaultDrawingViewTransferHandler/SwingDragGestureRecognizer|,|java+class:///java/awt/dnd/DragGestureRecognizer|>,|project://jhotdraw-7.5.1/Source/jhotdraw7/src/main/java/org/jhotdraw/draw/DefaultDrawingViewTransferHandler.java|(30117,58,<705,12>,<705,70>)>,
  <<|java+class:///org/jhotdraw/draw/action/PickAttributesAction|,|java+class:///org/jhotdraw/draw/action/AbstractSelectedAction|>,|project://jhotdraw-7.5.1/Source/jhotdraw7/src/main/java/org/jhotdraw/draw/action/PickAttributesAction.java|(1147,14,<34,8>,<34,22>)>,
  <<|java+class:///org/jhotdraw/gui/plaf/palette/PaletteTabbedPaneUI/TabbedPaneLayout|,|java+class:///javax/swing/plaf/basic/BasicTabbedPaneUI/TabbedPaneLayout|>,|project://jhotdraw-7.5.1/Source/jhotdraw7/src/main/java/org/jhotdraw/gui/plaf/palette/PaletteTabbedPaneUI.java|(21785,33,<544,12>,<544,45>)>,
  <<|java+class:///org/jhotdraw/draw/handle/BoundsOutlineHandle|,|java+class:///org/jhotdraw/draw/handle/AbstractHandle|>,|project://jhotdraw-7.5.1/Source/jhotdraw7/src/main/java/org/jhotdraw/draw/handle/BoundsOutlineHandle.java|(1798,13,<54,8>,<54,21>)>,
  <<|java+class:///org/jhotdraw/draw/handle/BoundsOutlineHandle|,|java+class:///org/jhotdraw/draw/handle/AbstractHandle|>,|project://jhotdraw-7.5.1/Source/jhotdraw7/src/main/java/org/jhotdraw/draw/handle/BoundsOutlineHandle.java|(4608,13,<101,8>,<101,21>)>,
  <<|java+class:///org/jhotdraw/draw/tool/TextAreaCreationTool|,|java+class:///org/jhotdraw/draw/tool/CreationTool|>,|project://jhotdraw-7.5.1/Source/jhotdraw7/src/main/java/org/jhotdraw/draw/tool/TextAreaCreationTool.java|(3672,29,<97,8>,<97,37>)>,
  <<|java+class:///org/jhotdraw/draw/tool/TextAreaCreationTool|,|java+class:///org/jhotdraw/draw/tool/CreationTool|>,|project://jhotdraw-7.5.1/Source/jhotdraw7/src/main/java/org/jhotdraw/draw/tool/TextAreaCreationTool.java|(3540,17,<93,8>,<93,25>)>,
  <<|java+class:///org/jhotdraw/draw/decoration/PerpendicularBar|,|java+class:///org/jhotdraw/draw/decoration/AbstractLineDecoration|>,|project://jhotdraw-7.5.1/Source/jhotdraw7/src/main/java/org/jhotdraw/draw/decoration/PerpendicularBar.java|(1160,26,<43,8>,<43,34>)>,
  <<|java+class:///org/jhotdraw/color/CIELABColorSpace|,|java+class:///java/awt/color/ColorSpace|>,|project://jhotdraw-7.5.1/Source/jhotdraw7/src/main/java/org/jhotdraw/color/CIELABColorSpace.java|(2605,30,<70,8>,<70,38>)>,
  <<|java+class:///org/jhotdraw/draw/handle/ResizeHandleKit/NorthEastHandle|,|java+class:///org/jhotdraw/draw/handle/ResizeHandleKit/ResizeHandle|>,|project://jhotdraw-7.5.1/Source/jhotdraw7/src/main/java/org/jhotdraw/draw/handle/ResizeHandleKit.java|(7073,46,<204,12>,<204,58>)>,
  <<|java+class:///org/jhotdraw/text/JavaNumberFormatter|,|java+class:///javax/swing/text/DefaultFormatter|>,|project://jhotdraw-7.5.1/Source/jhotdraw7/src/main/java/org/jhotdraw/text/JavaNumberFormatter.java|(2687,8,<80,8>,<80,16>)>,
  <<|java+class:///org/jhotdraw/text/JavaNumberFormatter|,|java+class:///javax/swing/text/DefaultFormatter|>,|project://jhotdraw-7.5.1/Source/jhotdraw7/src/main/java/org/jhotdraw/text/JavaNumberFormatter.java|(1973,8,<59,8>,<59,16>)>,
  <<|java+class:///org/jhotdraw/samples/svg/gui/SelectionOpacityIcon|,|java+class:///javax/swing/ImageIcon|>,|project://jhotdraw-7.5.1/Source/jhotdraw7/src/main/java/org/jhotdraw/samples/svg/gui/SelectionOpacityIcon.java|(1774,21,<51,8>,<51,29>)>,
  <<|java+class:///org/jhotdraw/samples/svg/gui/SelectionOpacityIcon|,|java+class:///javax/swing/ImageIcon|>,|project://jhotdraw-7.5.1/Source/jhotdraw7/src/main/java/org/jhotdraw/samples/svg/gui/SelectionOpacityIcon.java|(2336,13,<68,8>,<68,21>)>,
  <<|java+class:///org/jhotdraw/samples/odg/action/TogglePropertiesPanelAction|,|java+class:///org/jhotdraw/app/action/AbstractViewAction|>,|project://jhotdraw-7.5.1/Source/jhotdraw7/src/main/java/org/jhotdraw/samples/odg/action/TogglePropertiesPanelAction.java|(1058,17,<34,8>,<34,25>)>,
  <<|java+class:///org/jhotdraw/draw/handle/ConnectorHandle|,|java+class:///org/jhotdraw/draw/handle/AbstractHandle|>,|project://jhotdraw-7.5.1/Source/jhotdraw7/src/main/java/org/jhotdraw/draw/handle/ConnectorHandle.java|(1833,28,<61,8>,<61,36>)>,
  <<|java+class:///org/jhotdraw/color/ColorTrackImageProducer|,|java+class:///java/awt/image/MemoryImageSource|>,|project://jhotdraw-7.5.1/Source/jhotdraw7/src/main/java/org/jhotdraw/color/ColorTrackImageProducer.java|(1398,24,<43,8>,<43,32>)>,
  <<|java+class:///org/jhotdraw/draw/action/SelectionColorIcon|,|java+class:///javax/swing/ImageIcon|>,|project://jhotdraw-7.5.1/Source/jhotdraw7/src/main/java/org/jhotdraw/draw/action/SelectionColorIcon.java|(1922,13,<59,8>,<59,21>)>,
  <<|java+class:///org/jhotdraw/draw/action/SelectionColorIcon|,|java+class:///javax/swing/ImageIcon|>,|project://jhotdraw-7.5.1/Source/jhotdraw7/src/main/java/org/jhotdraw/draw/action/SelectionColorIcon.java|(1635,21,<49,8>,<49,29>)>,
  <<|java+class:///org/jhotdraw/draw/action/ToggleGridAction|,|java+class:///org/jhotdraw/draw/action/AbstractDrawingViewAction|>,|project://jhotdraw-7.5.1/Source/jhotdraw7/src/main/java/org/jhotdraw/draw/action/ToggleGridAction.java|(1020,14,<33,8>,<33,22>)>,
  <<|java+class:///org/jhotdraw/samples/odg/action/CombineAction|,|java+class:///org/jhotdraw/draw/action/GroupAction|>,|project://jhotdraw-7.5.1/Source/jhotdraw7/src/main/java/org/jhotdraw/samples/odg/action/CombineAction.java|(1021,35,<34,8>,<34,43>)>,
  <<|java+class:///org/jhotdraw/samples/pert/figures/TaskFigure|,|java+class:///org/jhotdraw/draw/GraphicalCompositeFigure|>,|project://jhotdraw-7.5.1/Source/jhotdraw7/src/main/java/org/jhotdraw/samples/pert/figures/TaskFigure.java|(2722,29,<85,8>,<85,37>)>,
  <<|java+class:///org/jhotdraw/draw/action/DefaultAttributeAction|,|java+class:///org/jhotdraw/draw/action/AbstractSelectedAction|>,|project://jhotdraw-7.5.1/Source/jhotdraw7/src/main/java/org/jhotdraw/draw/action/DefaultAttributeAction.java|(2472,14,<65,8>,<65,22>)>,
  <<|java+class:///org/jhotdraw/app/action/app/OpenApplicationFileAction|,|java+class:///org/jhotdraw/app/action/AbstractApplicationAction|>,|project://jhotdraw-7.5.1/Source/jhotdraw7/src/main/java/org/jhotdraw/app/action/app/OpenApplicationFileAction.java|(1950,11,<55,8>,<55,19>)>,
  <<|java+class:///org/jhotdraw/draw/handle/RotateHandle|,|java+class:///org/jhotdraw/draw/handle/AbstractRotateHandle|>,|project://jhotdraw-7.5.1/Source/jhotdraw7/src/main/java/org/jhotdraw/draw/handle/RotateHandle.java|(862,13,<30,8>,<30,21>)>,
  <<|java+class:///org/jhotdraw/color/QuantizingColorWheelImageProducer|,|java+class:///org/jhotdraw/color/AbstractColorWheelImageProducer|>,|project://jhotdraw-7.5.1/Source/jhotdraw7/src/main/java/org/jhotdraw/color/QuantizingColorWheelImageProducer.java|(1366,17,<43,8>,<43,25>)>,
  <<|java+class:///org/jhotdraw/app/action/file/OpenRecentFileAction|,|java+class:///org/jhotdraw/app/action/AbstractApplicationAction|>,|project://jhotdraw-7.5.1/Source/jhotdraw7/src/main/java/org/jhotdraw/app/action/file/OpenRecentFileAction.java|(1712,11,<50,8>,<50,19>)>,
  <<|java+class:///org/jhotdraw/draw/action/AlignAction/East|,|java+class:///org/jhotdraw/draw/action/AlignAction|>,|project://jhotdraw-7.5.1/Source/jhotdraw7/src/main/java/org/jhotdraw/draw/action/AlignAction.java|(3678,14,<107,12>,<107,26>)>,
  <<|java+class:///org/jhotdraw/draw/action/AlignAction/East|,|java+class:///org/jhotdraw/draw/action/AlignAction|>,|project://jhotdraw-7.5.1/Source/jhotdraw7/src/main/java/org/jhotdraw/draw/action/AlignAction.java|(3510,14,<103,12>,<103,26>)>,
  <<|java+class:///org/jhotdraw/draw/action/MoveConstrainedAction/East|,|java+class:///org/jhotdraw/draw/action/MoveConstrainedAction|>,|project://jhotdraw-7.5.1/Source/jhotdraw7/src/main/java/org/jhotdraw/draw/action/MoveConstrainedAction.java|(2730,41,<89,12>,<89,53>)>,
  <<|java+class:///org/jhotdraw/draw/event/DrawingAttributeEditorHandler|,|java+class:///org/jhotdraw/draw/event/AbstractAttributeEditorHandler|>,|project://jhotdraw-7.5.1/Source/jhotdraw7/src/main/java/org/jhotdraw/draw/event/DrawingAttributeEditorHandler.java|(1274,50,<36,8>,<36,58>)>,
  <<|java+class:///net/n3/nanoxml/XMLException|,|java+class:///java/lang/Exception|>,|project://jhotdraw-7.5.1/Source/jhotdraw7/src/main/java/net/n3/nanoxml/XMLException.java|(3904,111,<143,6>,<144,53>)>,
  <<|java+class:///org/jhotdraw/samples/teddy/action/FindAction|,|java+class:///org/jhotdraw/app/action/edit/AbstractFindAction|>,|project://jhotdraw-7.5.1/Source/jhotdraw7/src/main/java/org/jhotdraw/samples/teddy/action/FindAction.java|(1079,13,<35,8>,<35,21>)>,
  <<|java+class:///org/jhotdraw/draw/action/BringToFrontAction|,|java+class:///org/jhotdraw/draw/action/AbstractSelectedAction|>,|project://jhotdraw-7.5.1/Source/jhotdraw7/src/main/java/org/jhotdraw/draw/action/BringToFrontAction.java|(970,14,<33,8>,<33,22>)>,
  <<|java+class:///org/jhotdraw/draw/handle/OrientationHandle|,|java+class:///org/jhotdraw/draw/handle/AbstractHandle|>,|project://jhotdraw-7.5.1/Source/jhotdraw7/src/main/java/org/jhotdraw/draw/handle/OrientationHandle.java|(1328,13,<40,8>,<40,21>)>,
  <<|java+class:///org/jhotdraw/app/action/file/LoadFileAction|,|java+class:///org/jhotdraw/app/action/AbstractSaveUnsavedChangesAction|>,|project://jhotdraw-7.5.1/Source/jhotdraw7/src/main/java/org/jhotdraw/app/action/file/LoadFileAction.java|(2235,17,<58,8>,<58,25>)>,
  <<|java+class:///org/jhotdraw/samples/odg/PathTool|,|java+class:///org/jhotdraw/draw/tool/BezierTool|>,|project://jhotdraw-7.5.1/Source/jhotdraw7/src/main/java/org/jhotdraw/samples/odg/PathTool.java|(1405,35,<43,8>,<43,43>)>,
  <<|java+class:///org/jhotdraw/draw/handle/ResizeHandleKit/NorthHandle|,|java+class:///org/jhotdraw/draw/handle/ResizeHandleKit/ResizeHandle|>,|project://jhotdraw-7.5.1/Source/jhotdraw7/src/main/java/org/jhotdraw/draw/handle/ResizeHandleKit.java|(11176,42,<316,12>,<316,54>)>,
  <<|java+class:///org/jhotdraw/io/BoundedRangeInputStream|,|java+class:///java/io/FilterInputStream|>,|project://jhotdraw-7.5.1/Source/jhotdraw7/src/main/java/org/jhotdraw/io/BoundedRangeInputStream.java|(1796,10,<51,8>,<51,18>)>,
  <<|java+class:///org/jhotdraw/draw/handle/AbstractRotateHandle|,|java+class:///org/jhotdraw/draw/handle/AbstractHandle|>,|project://jhotdraw-7.5.1/Source/jhotdraw7/src/main/java/org/jhotdraw/draw/handle/AbstractRotateHandle.java|(1424,13,<44,8>,<44,21>)>,
  <<|java+class:///org/jhotdraw/draw/handle/TransformHandleKit/SouthEastHandle|,|java+class:///org/jhotdraw/draw/handle/TransformHandleKit/TransformHandle|>,|project://jhotdraw-7.5.1/Source/jhotdraw7/src/main/java/org/jhotdraw/draw/handle/TransformHandleKit.java|(16987,42,<479,12>,<479,54>)>,
  <<|java+class:///org/jhotdraw/gui/plaf/palette/BackdropBorder/UIResource|,|java+class:///org/jhotdraw/gui/plaf/palette/BackdropBorder|>,|project://jhotdraw-7.5.1/Source/jhotdraw7/src/main/java/org/jhotdraw/gui/plaf/palette/BackdropBorder.java|(2143,42,<73,12>,<73,54>)>,
  <<|java+class:///org/jhotdraw/app/action/edit/CutAction|,|java+class:///org/jhotdraw/app/action/edit/AbstractSelectionAction|>,|project://jhotdraw-7.5.1/Source/jhotdraw7/src/main/java/org/jhotdraw/app/action/edit/CutAction.java|(1878,14,<54,8>,<54,22>)>,
  <<|java+class:///org/jhotdraw/draw/event/ToolEvent|,|java+class:///java/util/EventObject|>,|project://jhotdraw-7.5.1/Source/jhotdraw7/src/main/java/org/jhotdraw/draw/event/ToolEvent.java|(1401,11,<44,8>,<44,19>)>,
  <<|java+class:///org/jhotdraw/draw/action/DrawingColorChooserHandler|,|java+class:///org/jhotdraw/draw/action/AbstractDrawingViewAction|>,|project://jhotdraw-7.5.1/Source/jhotdraw7/src/main/java/org/jhotdraw/draw/action/DrawingColorChooserHandler.java|(1310,14,<41,8>,<41,22>)>,
  <<|java+class:///org/jhotdraw/gui/plaf/palette/PaletteSliderUI|,|java+class:///javax/swing/plaf/basic/BasicSliderUI|>,|project://jhotdraw-7.5.1/Source/jhotdraw7/src/main/java/org/jhotdraw/gui/plaf/palette/PaletteSliderUI.java|(1689,14,<41,8>,<41,22>)>,
  <<|java+class:///org/jhotdraw/color/CIELCHabColorSpace|,|java+class:///java/awt/color/ColorSpace|>,|project://jhotdraw-7.5.1/Source/jhotdraw7/src/main/java/org/jhotdraw/color/CIELCHabColorSpace.java|(1740,30,<50,8>,<50,38>)>,
  <<|java+class:///org/jhotdraw/samples/svg/action/ViewSourceAction|,|java+class:///org/jhotdraw/app/action/AbstractViewAction|>,|project://jhotdraw-7.5.1/Source/jhotdraw7/src/main/java/org/jhotdraw/samples/svg/action/ViewSourceAction.java|(1636,17,<50,8>,<50,25>)>,
  <<|java+class:///org/jhotdraw/draw/action/DrawingAttributeAction|,|java+class:///org/jhotdraw/draw/action/AbstractDrawingViewAction|>,|project://jhotdraw-7.5.1/Source/jhotdraw7/src/main/java/org/jhotdraw/draw/action/DrawingAttributeAction.java|(2267,14,<64,8>,<64,22>)>,
  <<|java+class:///org/jhotdraw/draw/action/DrawingAttributeAction|,|java+class:///org/jhotdraw/draw/action/AbstractDrawingViewAction|>,|project://jhotdraw-7.5.1/Source/jhotdraw7/src/main/java/org/jhotdraw/draw/action/DrawingAttributeAction.java|(1895,14,<54,8>,<54,22>)>,
  <<|java+class:///org/jhotdraw/draw/decoration/GeneralPathTip|,|java+class:///org/jhotdraw/draw/decoration/AbstractLineDecoration|>,|project://jhotdraw-7.5.1/Source/jhotdraw7/src/main/java/org/jhotdraw/draw/decoration/GeneralPathTip.java|(1140,36,<34,8>,<34,44>)>,
  <<|java+class:///org/jhotdraw/draw/action/DrawingColorChooserAction|,|java+class:///org/jhotdraw/draw/action/EditorColorChooserAction|>,|project://jhotdraw-7.5.1/Source/jhotdraw7/src/main/java/org/jhotdraw/draw/action/DrawingColorChooserAction.java|(1970,48,<50,8>,<50,56>)>,
  <<|java+class:///org/jhotdraw/app/action/file/NewWindowAction|,|java+class:///org/jhotdraw/app/action/file/NewFileAction|>,|project://jhotdraw-7.5.1/Source/jhotdraw7/src/main/java/org/jhotdraw/app/action/file/NewWindowAction.java|(1484,15,<42,8>,<42,23>)>,
  <<|java+class:///org/jhotdraw/geom/GrowStroke|,|java+class:///org/jhotdraw/geom/DoubleStroke|>,|project://jhotdraw-7.5.1/Source/jhotdraw7/src/main/java/org/jhotdraw/geom/GrowStroke.java|(1101,91,<34,8>,<34,99>)>
]