[
  <<|java+class:///proguard/FileWordReader|,|java+class:///proguard/LineWordReader|>,|project://proguard-4.9/src/proguard/FileWordReader.java|(1261,162,<39,8>,<42,10>)>,
  <<|java+class:///proguard/FileWordReader|,|java+class:///proguard/LineWordReader|>,|project://proguard-4.9/src/proguard/FileWordReader.java|(1571,156,<51,8>,<53,20>)>,
  <<|java+class:///proguard/ArgumentWordReader|,|java+class:///proguard/WordReader|>,|project://proguard-4.9/src/proguard/ArgumentWordReader.java|(1624,15,<54,8>,<54,23>)>,
  <<|java+class:///proguard/gui/OptimizationsDialog|,|java+class:///javax/swing/JDialog|>,|project://proguard-4.9/src/proguard/gui/OptimizationsDialog.java|(1737,47,<57,8>,<57,55>)>,
  <<|java+class:///proguard/gui/KeepSpecificationsPanel|,|java+class:///proguard/gui/ClassSpecificationsPanel|>,|project://proguard-4.9/src/proguard/gui/KeepSpecificationsPanel.java|(1777,19,<49,8>,<49,27>)>,
  <<|java+class:///proguard/classfile/attribute/DeprecatedAttribute|,|java+class:///proguard/classfile/attribute/Attribute|>,|project://proguard-4.9/src/proguard/classfile/attribute/DeprecatedAttribute.java|(1427,28,<46,8>,<46,36>)>,
  <<|java+class:///proguard/classfile/attribute/annotation/AnnotationDefaultAttribute|,|java+class:///proguard/classfile/attribute/Attribute|>,|project://proguard-4.9/src/proguard/classfile/attribute/annotation/AnnotationDefaultAttribute.java|(1719,28,<52,8>,<52,36>)>,
  <<|java+class:///proguard/gui/MemberSpecificationDialog|,|java+class:///javax/swing/JDialog|>,|project://proguard-4.9/src/proguard/gui/MemberSpecificationDialog.java|(2805,70,<81,8>,<81,78>)>,
  <<|java+class:///proguard/io/ManifestRewriter|,|java+class:///proguard/io/DataEntryRewriter|>,|project://proguard-4.9/src/proguard/io/ManifestRewriter.java|(1432,34,<42,8>,<42,42>)>,
  <<|java+class:///proguard/classfile/attribute/InnerClassesAttribute|,|java+class:///proguard/classfile/attribute/Attribute|>,|project://proguard-4.9/src/proguard/classfile/attribute/InnerClassesAttribute.java|(1661,28,<52,8>,<52,36>)>,
  <<|java+class:///proguard/classfile/attribute/annotation/RuntimeInvisibleAnnotationsAttribute|,|java+class:///proguard/classfile/attribute/annotation/AnnotationsAttribute|>,|project://proguard-4.9/src/proguard/classfile/attribute/annotation/RuntimeInvisibleAnnotationsAttribute.java|(1717,61,<48,8>,<48,69>)>,
  <<|java+class:///proguard/gui/TextAreaOutputStream|,|java+class:///java/io/FilterOutputStream|>,|project://proguard-4.9/src/proguard/gui/TextAreaOutputStream.java|(1315,35,<40,8>,<40,43>)>,
  <<|java+class:///proguard/classfile/attribute/annotation/ParameterAnnotationsAttribute|,|java+class:///proguard/classfile/attribute/Attribute|>,|project://proguard-4.9/src/proguard/classfile/attribute/annotation/ParameterAnnotationsAttribute.java|(1989,28,<55,8>,<55,36>)>,
  <<|java+class:///proguard/gui/ClassSpecificationsPanel|,|java+class:///proguard/gui/ListPanel|>,|project://proguard-4.9/src/proguard/gui/ClassSpecificationsPanel.java|(1481,8,<46,8>,<46,16>)>,
  <<|java+class:///proguard/KeepClassSpecification|,|java+class:///proguard/ClassSpecification|>,|project://proguard-4.9/src/proguard/KeepClassSpecification.java|(4035,26,<85,8>,<85,34>)>,
  <<|java+class:///proguard/io/ManifestRewriter/SplitLineReader|,|java+class:///java/io/FilterReader|>,|project://proguard-4.9/src/proguard/io/ManifestRewriter.java|(2146,14,<70,12>,<70,26>)>,
  <<|java+class:///proguard/classfile/attribute/CodeAttribute|,|java+class:///proguard/classfile/attribute/Attribute|>,|project://proguard-4.9/src/proguard/classfile/attribute/CodeAttribute.java|(2273,28,<66,8>,<66,36>)>,
  <<|java+class:///proguard/classfile/LibraryMethod|,|java+class:///proguard/classfile/LibraryMember|>,|project://proguard-4.9/src/proguard/classfile/LibraryMethod.java|(1768,39,<56,8>,<56,47>)>,
  <<|java+class:///proguard/classfile/ProgramField|,|java+class:///proguard/classfile/ProgramMember|>,|project://proguard-4.9/src/proguard/classfile/ProgramField.java|(2051,84,<61,8>,<61,92>)>,
  <<|java+class:///proguard/classfile/attribute/LocalVariableTypeTableAttribute|,|java+class:///proguard/classfile/attribute/Attribute|>,|project://proguard-4.9/src/proguard/classfile/attribute/LocalVariableTypeTableAttribute.java|(1825,28,<52,8>,<52,36>)>,
  <<|java+class:///proguard/classfile/attribute/SignatureAttribute|,|java+class:///proguard/classfile/attribute/Attribute|>,|project://proguard-4.9/src/proguard/classfile/attribute/SignatureAttribute.java|(1893,28,<59,8>,<59,36>)>,
  <<|java+class:///proguard/classfile/attribute/annotation/RuntimeVisibleAnnotationsAttribute|,|java+class:///proguard/classfile/attribute/annotation/AnnotationsAttribute|>,|project://proguard-4.9/src/proguard/classfile/attribute/annotation/RuntimeVisibleAnnotationsAttribute.java|(1701,61,<48,8>,<48,69>)>,
  <<|java+class:///proguard/gui/FilterDialog|,|java+class:///javax/swing/JDialog|>,|project://proguard-4.9/src/proguard/gui/FilterDialog.java|(2323,19,<67,8>,<67,27>)>,
  <<|java+class:///proguard/classfile/attribute/annotation/RuntimeVisibleParameterAnnotationsAttribute|,|java+class:///proguard/classfile/attribute/annotation/ParameterAnnotationsAttribute|>,|project://proguard-4.9/src/proguard/classfile/attribute/annotation/RuntimeVisibleParameterAnnotationsAttribute.java|(1896,140,<49,8>,<52,36>)>,
  <<|java+class:///proguard/gui/MemberSpecificationsPanel|,|java+class:///proguard/gui/ListPanel|>,|project://proguard-4.9/src/proguard/gui/MemberSpecificationsPanel.java|(1586,8,<48,8>,<48,16>)>,
  <<|java+class:///proguard/evaluation/TracedStack|,|java+class:///proguard/evaluation/Stack|>,|project://proguard-4.9/src/proguard/evaluation/TracedStack.java|(1655,15,<47,8>,<47,23>)>,
  <<|java+class:///proguard/evaluation/TracedStack|,|java+class:///proguard/evaluation/Stack|>,|project://proguard-4.9/src/proguard/evaluation/TracedStack.java|(1876,19,<58,8>,<58,27>)>,
  <<|java+class:///proguard/classfile/attribute/LocalVariableTableAttribute|,|java+class:///proguard/classfile/attribute/Attribute|>,|project://proguard-4.9/src/proguard/classfile/attribute/LocalVariableTableAttribute.java|(1756,28,<52,8>,<52,36>)>,
  <<|java+class:///proguard/classfile/attribute/SourceDirAttribute|,|java+class:///proguard/classfile/attribute/Attribute|>,|project://proguard-4.9/src/proguard/classfile/attribute/SourceDirAttribute.java|(1519,28,<50,8>,<50,36>)>,
  <<|java+class:///proguard/classfile/attribute/LineNumberTableAttribute|,|java+class:///proguard/classfile/attribute/Attribute|>,|project://proguard-4.9/src/proguard/classfile/attribute/LineNumberTableAttribute.java|(1705,28,<52,8>,<52,36>)>,
  <<|java+class:///proguard/classfile/attribute/BootstrapMethodsAttribute|,|java+class:///proguard/classfile/attribute/Attribute|>,|project://proguard-4.9/src/proguard/classfile/attribute/BootstrapMethodsAttribute.java|(1799,28,<53,8>,<53,36>)>,
  <<|java+class:///proguard/classfile/ProgramMethod|,|java+class:///proguard/classfile/ProgramMember|>,|project://proguard-4.9/src/proguard/classfile/ProgramMethod.java|(2070,84,<61,8>,<61,92>)>,
  <<|java+class:///proguard/classfile/attribute/annotation/RuntimeInvisibleParameterAnnotationsAttribute|,|java+class:///proguard/classfile/attribute/annotation/ParameterAnnotationsAttribute|>,|project://proguard-4.9/src/proguard/classfile/attribute/annotation/RuntimeInvisibleParameterAnnotationsAttribute.java|(1914,140,<49,8>,<52,36>)>,
  <<|java+class:///proguard/classfile/attribute/annotation/AnnotationsAttribute|,|java+class:///proguard/classfile/attribute/Attribute|>,|project://proguard-4.9/src/proguard/classfile/attribute/annotation/AnnotationsAttribute.java|(1741,28,<53,8>,<53,36>)>,
  <<|java+class:///proguard/classfile/LibraryField|,|java+class:///proguard/classfile/LibraryMember|>,|project://proguard-4.9/src/proguard/classfile/LibraryField.java|(1754,39,<56,8>,<56,47>)>,
  <<|java+class:///proguard/classfile/attribute/ExceptionsAttribute|,|java+class:///proguard/classfile/attribute/Attribute|>,|project://proguard-4.9/src/proguard/classfile/attribute/ExceptionsAttribute.java|(1704,28,<53,8>,<53,36>)>,
  <<|java+class:///proguard/classfile/attribute/annotation/ClassElementValue|,|java+class:///proguard/classfile/attribute/annotation/ElementValue|>,|project://proguard-4.9/src/proguard/classfile/attribute/annotation/ClassElementValue.java|(1916,26,<59,8>,<59,34>)>,
  <<|java+class:///proguard/classfile/attribute/annotation/ConstantElementValue|,|java+class:///proguard/classfile/attribute/annotation/ElementValue|>,|project://proguard-4.9/src/proguard/classfile/attribute/annotation/ConstantElementValue.java|(1684,26,<53,8>,<53,34>)>,
  <<|java+class:///proguard/gui/ClassPathPanel|,|java+class:///proguard/gui/ListPanel|>,|project://proguard-4.9/src/proguard/gui/ClassPathPanel.java|(1544,8,<48,8>,<48,16>)>,
  <<|java+class:///proguard/io/NameFilter|,|java+class:///proguard/io/FilteredDataEntryReader|>,|project://proguard-4.9/src/proguard/io/NameFilter.java|(1862,172,<54,8>,<56,39>)>,
  <<|java+class:///proguard/io/NameFilter|,|java+class:///proguard/io/FilteredDataEntryReader|>,|project://proguard-4.9/src/proguard/io/NameFilter.java|(2718,173,<79,8>,<81,39>)>,
  <<|java+class:///proguard/ParseException|,|java+class:///java/lang/Exception|>,|project://proguard-4.9/src/proguard/ParseException.java|(1635,9,<49,8>,<49,17>)>,
  <<|java+class:///proguard/ParseException|,|java+class:///java/lang/Exception|>,|project://proguard-4.9/src/proguard/ParseException.java|(1258,8,<37,8>,<37,16>)>,
  <<|java+class:///proguard/io/DirectoryFilter|,|java+class:///proguard/io/FilteredDataEntryReader|>,|project://proguard-4.9/src/proguard/io/DirectoryFilter.java|(1745,96,<54,8>,<56,27>)>,
  <<|java+class:///proguard/classfile/attribute/annotation/ArrayElementValue|,|java+class:///proguard/classfile/attribute/annotation/ElementValue|>,|project://proguard-4.9/src/proguard/classfile/attribute/annotation/ArrayElementValue.java|(1673,26,<52,8>,<52,34>)>,
  <<|java+class:///proguard/classfile/attribute/annotation/EnumConstantElementValue|,|java+class:///proguard/classfile/attribute/annotation/ElementValue|>,|project://proguard-4.9/src/proguard/classfile/attribute/annotation/EnumConstantElementValue.java|(2366,26,<70,8>,<70,34>)>,
  <<|java+class:///proguard/classfile/attribute/ConstantValueAttribute|,|java+class:///proguard/classfile/attribute/Attribute|>,|project://proguard-4.9/src/proguard/classfile/attribute/ConstantValueAttribute.java|(1545,28,<50,8>,<50,36>)>,
  <<|java+class:///proguard/classfile/attribute/EnclosingMethodAttribute|,|java+class:///proguard/classfile/attribute/Attribute|>,|project://proguard-4.9/src/proguard/classfile/attribute/EnclosingMethodAttribute.java|(2240,28,<69,8>,<69,36>)>,
  <<|java+class:///proguard/optimize/evaluation/LoadingInvocationUnit|,|java+class:///proguard/evaluation/BasicInvocationUnit|>,|project://proguard-4.9/src/proguard/optimize/evaluation/LoadingInvocationUnit.java|(2137,20,<61,8>,<61,28>)>,
  <<|java+class:///proguard/optimize/peephole/InstructionSequencesReplacer|,|java+class:///proguard/classfile/instruction/visitor/MultiInstructionVisitor|>,|project://proguard-4.9/src/proguard/optimize/peephole/InstructionSequencesReplacer.java|(4290,344,<91,8>,<95,75>)>,
  <<|java+class:///proguard/io/ManifestRewriter/SplitLineWriter|,|java+class:///java/io/FilterWriter|>,|project://proguard-4.9/src/proguard/io/ManifestRewriter.java|(4595,14,<166,12>,<166,26>)>,
  <<|java+class:///proguard/classfile/attribute/UnknownAttribute|,|java+class:///proguard/classfile/attribute/Attribute|>,|project://proguard-4.9/src/proguard/classfile/attribute/UnknownAttribute.java|(1664,28,<54,8>,<54,36>)>,
  <<|java+class:///proguard/optimize/evaluation/StoringInvocationUnit|,|java+class:///proguard/evaluation/BasicInvocationUnit|>,|project://proguard-4.9/src/proguard/optimize/evaluation/StoringInvocationUnit.java|(2128,20,<62,8>,<62,28>)>,
  <<|java+class:///proguard/LineWordReader|,|java+class:///proguard/WordReader|>,|project://proguard-4.9/src/proguard/LineWordReader.java|(1467,15,<44,8>,<44,23>)>,
  <<|java+class:///proguard/evaluation/value/IdentifiedReferenceValue|,|java+class:///proguard/evaluation/value/ReferenceValue|>,|project://proguard-4.9/src/proguard/evaluation/value/IdentifiedReferenceValue.java|(1610,40,<45,8>,<45,48>)>,
  <<|java+class:///proguard/evaluation/ClassConstantValueFactory|,|java+class:///proguard/evaluation/ConstantValueFactory|>,|project://proguard-4.9/src/proguard/evaluation/ClassConstantValueFactory.java|(1451,20,<40,8>,<40,28>)>,
  <<|java+class:///proguard/evaluation/TracedVariables|,|java+class:///proguard/evaluation/Variables|>,|project://proguard-4.9/src/proguard/evaluation/TracedVariables.java|(1954,23,<61,8>,<61,31>)>,
  <<|java+class:///proguard/evaluation/TracedVariables|,|java+class:///proguard/evaluation/Variables|>,|project://proguard-4.9/src/proguard/evaluation/TracedVariables.java|(1711,12,<50,8>,<50,20>)>,
  <<|java+class:///proguard/classfile/attribute/SyntheticAttribute|,|java+class:///proguard/classfile/attribute/Attribute|>,|project://proguard-4.9/src/proguard/classfile/attribute/SyntheticAttribute.java|(1421,28,<46,8>,<46,36>)>,
  <<|java+class:///proguard/io/DataEntryRewriter|,|java+class:///proguard/io/DataEntryCopier|>,|project://proguard-4.9/src/proguard/io/DataEntryRewriter.java|(1475,23,<45,8>,<45,31>)>,
  <<|java+class:///proguard/classfile/attribute/annotation/AnnotationElementValue|,|java+class:///proguard/classfile/attribute/annotation/ElementValue|>,|project://proguard-4.9/src/proguard/classfile/attribute/annotation/AnnotationElementValue.java|(1568,26,<50,8>,<50,34>)>,
  <<|java+class:///proguard/classfile/attribute/SourceFileAttribute|,|java+class:///proguard/classfile/attribute/Attribute|>,|project://proguard-4.9/src/proguard/classfile/attribute/SourceFileAttribute.java|(1522,28,<50,8>,<50,36>)>,
  <<|java+class:///proguard/io/ClassFilter|,|java+class:///proguard/io/FilteredDataEntryReader|>,|project://proguard-4.9/src/proguard/io/ClassFilter.java|(1695,163,<54,8>,<57,31>)>,
  <<|java+class:///proguard/ant/ClassPathElement|,|java+class:///org/apache/tools/ant/types/Path|>,|project://proguard-4.9/src/proguard/ant/ClassPathElement.java|(1490,15,<50,8>,<50,23>)>,
  <<|java+class:///proguard/gui/ClassSpecificationDialog|,|java+class:///javax/swing/JDialog|>,|project://proguard-4.9/src/proguard/gui/ClassSpecificationDialog.java|(3196,42,<83,8>,<83,50>)>
]