[
  <<|java+class:///artofillusion/CSGEditorWindow|,|java+class:///artofillusion/ObjectEditorWindow|>,|project://aoi-2.8.1/ArtOfIllusion/src/artofillusion/CSGEditorWindow.java|(1195,70,<32,4>,<32,74>)>,
  <<|java+class:///artofillusion/ObjectMaterialDialog|,|java+class:///buoy/widget/BDialog|>,|project://aoi-2.8.1/ArtOfIllusion/src/artofillusion/ObjectMaterialDialog.java|(1380,60,<39,4>,<39,64>)>,
  <<|java+class:///artofillusion/MaterialsDialog|,|java+class:///buoy/widget/BDialog|>,|project://aoi-2.8.1/ArtOfIllusion/src/artofillusion/MaterialsDialog.java|(1098,51,<34,4>,<34,55>)>,
  <<|java+class:///artofillusion/object/ImplicitObject|,|java+class:///artofillusion/object/Object3D|>,|project://aoi-2.8.1/ArtOfIllusion/src/artofillusion/object/ImplicitObject.java|(5449,20,<128,4>,<128,24>)>,
  <<|java+class:///artofillusion/object/TriangleMesh/Vertex|,|java+class:///artofillusion/object/MeshVertex|>,|project://aoi-2.8.1/ArtOfIllusion/src/artofillusion/object/TriangleMesh.java|(1713,9,<43,6>,<43,15>)>,
  <<|java+class:///artofillusion/object/TriangleMesh/Vertex|,|java+class:///artofillusion/object/MeshVertex|>,|project://aoi-2.8.1/ArtOfIllusion/src/artofillusion/object/TriangleMesh.java|(1838,9,<51,6>,<51,15>)>,
  <<|java+class:///artofillusion/object/Tube|,|java+class:///artofillusion/object/Curve|>,|project://aoi-2.8.1/ArtOfIllusion/src/artofillusion/object/Tube.java|(3158,74,<83,4>,<83,78>)>,
  <<|java+class:///artofillusion/object/Tube|,|java+class:///artofillusion/object/Curve|>,|project://aoi-2.8.1/ArtOfIllusion/src/artofillusion/object/Tube.java|(25948,20,<779,4>,<779,24>)>,
  <<|java+class:///artofillusion/object/Tube|,|java+class:///artofillusion/object/Curve|>,|project://aoi-2.8.1/ArtOfIllusion/src/artofillusion/object/Tube.java|(2386,82,<61,4>,<61,86>)>,
  <<|java+class:///artofillusion/object/Tube|,|java+class:///artofillusion/object/Curve|>,|project://aoi-2.8.1/ArtOfIllusion/src/artofillusion/object/Tube.java|(2734,93,<72,4>,<72,97>)>,
  <<|java+class:///artofillusion/object/Tube|,|java+class:///artofillusion/object/Curve|>,|project://aoi-2.8.1/ArtOfIllusion/src/artofillusion/object/Tube.java|(2073,64,<52,4>,<52,68>)>,
  <<|java+class:///artofillusion/image/ImageOrValue/EditingPanel|,|java+class:///buoy/widget/FormContainer|>,|project://aoi-2.8.1/ArtOfIllusion/src/artofillusion/image/ImageOrValue.java|(4651,63,<168,6>,<168,69>)>,
  <<|java+class:///artofillusion/TransformDialog|,|java+class:///buoy/widget/BDialog|>,|project://aoi-2.8.1/ArtOfIllusion/src/artofillusion/TransformDialog.java|(1711,27,<40,4>,<40,31>)>,
  <<|java+class:///artofillusion/spmanager/HttpSPMFileSystem|,|java+class:///artofillusion/spmanager/SPMFileSystem|>,|project://aoi-2.8.1/SPManager/src/artofillusion/spmanager/HttpSPMFileSystem.java|(1974,8,<64,8>,<64,16>)>,
  <<|java+class:///artofillusion/animation/JointEditorDialog|,|java+class:///buoy/widget/BDialog|>,|project://aoi-2.8.1/ArtOfIllusion/src/artofillusion/animation/JointEditorDialog.java|(1280,30,<38,4>,<38,34>)>,
  <<|java+class:///artofillusion/MoveViewTool|,|java+class:///artofillusion/ui/EditingTool|>,|project://aoi-2.8.1/ArtOfIllusion/src/artofillusion/MoveViewTool.java|(1042,10,<32,4>,<32,14>)>,
  <<|java+class:///artofillusion/procedural/ProcedureEditor|,|java+class:///buoy/widget/CustomWidget|>,|project://aoi-2.8.1/ArtOfIllusion/src/artofillusion/procedural/ProcedureEditor.java|(2360,8,<57,4>,<57,12>)>,
  <<|java+class:///artofillusion/RenderingDialog|,|java+class:///buoy/widget/BDialog|>,|project://aoi-2.8.1/ArtOfIllusion/src/artofillusion/RenderingDialog.java|(1716,20,<47,4>,<47,24>)>,
  <<|java+class:///artofillusion/RenderingDialog|,|java+class:///buoy/widget/BDialog|>,|project://aoi-2.8.1/ArtOfIllusion/src/artofillusion/RenderingDialog.java|(2263,20,<64,4>,<64,24>)>,
  <<|java+class:///artofillusion/TaperMeshTool|,|java+class:///artofillusion/ui/MeshEditingTool|>,|project://aoi-2.8.1/ArtOfIllusion/src/artofillusion/TaperMeshTool.java|(1293,22,<36,4>,<36,26>)>,
  <<|java+class:///artofillusion/SkewMeshTool|,|java+class:///artofillusion/ui/MeshEditingTool|>,|project://aoi-2.8.1/ArtOfIllusion/src/artofillusion/SkewMeshTool.java|(1241,22,<34,4>,<34,26>)>,
  <<|java+class:///artofillusion/TriMeshEditorWindow|,|java+class:///artofillusion/MeshEditorWindow|>,|project://aoi-2.8.1/ArtOfIllusion/src/artofillusion/TriMeshEditorWindow.java|(1816,26,<45,4>,<45,30>)>,
  <<|java+class:///artofillusion/procedural/CheckerModule|,|java+class:///artofillusion/procedural/Module|>,|project://aoi-2.8.1/ArtOfIllusion/src/artofillusion/procedural/CheckerModule.java|(903,440,<29,4>,<33,16>)>,
  <<|java+class:///artofillusion/spmanager/LocalSPMFileSystem|,|java+class:///artofillusion/spmanager/SPMFileSystem|>,|project://aoi-2.8.1/SPManager/src/artofillusion/spmanager/LocalSPMFileSystem.java|(913,8,<28,8>,<28,16>)>,
  <<|java+class:///artofillusion/procedural/CoordinateModule|,|java+class:///artofillusion/procedural/Module|>,|project://aoi-2.8.1/ArtOfIllusion/src/artofillusion/procedural/CoordinateModule.java|(1220,184,<39,4>,<41,16>)>,
  <<|java+class:///artofillusion/object/PointLight|,|java+class:///artofillusion/object/Light|>,|project://aoi-2.8.1/ArtOfIllusion/src/artofillusion/object/PointLight.java|(6226,20,<199,4>,<199,24>)>,
  <<|java+class:///artofillusion/SplineMeshViewer|,|java+class:///artofillusion/MeshViewer|>,|project://aoi-2.8.1/ArtOfIllusion/src/artofillusion/SplineMeshViewer.java|(1339,17,<39,4>,<39,21>)>,
  <<|java+class:///artofillusion/texture/UVMappedTriangle|,|java+class:///artofillusion/RenderingTriangle|>,|project://aoi-2.8.1/ArtOfIllusion/src/artofillusion/texture/UVMappedTriangle.java|(1253,30,<32,4>,<32,34>)>,
  <<|java+class:///artofillusion/procedural/FunctionModule|,|java+class:///artofillusion/procedural/Module|>,|project://aoi-2.8.1/ArtOfIllusion/src/artofillusion/procedural/FunctionModule.java|(1352,233,<38,4>,<40,16>)>,
  <<|java+class:///artofillusion/animation/SkeletonTool|,|java+class:///artofillusion/ui/EditingTool|>,|project://aoi-2.8.1/ArtOfIllusion/src/artofillusion/animation/SkeletonTool.java|(1548,10,<46,4>,<46,14>)>,
  <<|java+class:///artofillusion/object/NullObject|,|java+class:///artofillusion/object/Object3D|>,|project://aoi-2.8.1/ArtOfIllusion/src/artofillusion/object/NullObject.java|(2347,20,<95,4>,<95,24>)>,
  <<|java+class:///artofillusion/CreatePolygonTool|,|java+class:///artofillusion/ui/EditingTool|>,|project://aoi-2.8.1/ArtOfIllusion/src/artofillusion/CreatePolygonTool.java|(1168,10,<33,4>,<33,14>)>,
  <<|java+class:///artofillusion/ui/DefaultToolButton|,|java+class:///artofillusion/ui/ToolButton|>,|project://aoi-2.8.1/ArtOfIllusion/src/artofillusion/ui/DefaultToolButton.java|(3681,13,<99,8>,<99,21>)>,
  <<|java+class:///artofillusion/ui/DefaultToolButton|,|java+class:///artofillusion/ui/ToolButton|>,|project://aoi-2.8.1/ArtOfIllusion/src/artofillusion/ui/DefaultToolButton.java|(1869,13,<54,8>,<54,21>)>,
  <<|java+class:///artofillusion/procedural/ScaleShiftModule|,|java+class:///artofillusion/procedural/Module|>,|project://aoi-2.8.1/ArtOfIllusion/src/artofillusion/procedural/ScaleShiftModule.java|(916,250,<28,4>,<30,16>)>,
  <<|java+class:///artofillusion/ObjectViewer|,|java+class:///artofillusion/ViewerCanvas|>,|project://aoi-2.8.1/ArtOfIllusion/src/artofillusion/ObjectViewer.java|(1370,76,<37,4>,<37,80>)>,
  <<|java+class:///artofillusion/TransformPointsDialog|,|java+class:///buoy/widget/BDialog|>,|project://aoi-2.8.1/ArtOfIllusion/src/artofillusion/TransformPointsDialog.java|(1252,55,<32,4>,<32,59>)>,
  <<|java+class:///artofillusion/spmanager/SPMSplitPane|,|java+class:///buoy/widget/BSplitPane|>,|project://aoi-2.8.1/SPManager/src/artofillusion/spmanager/SPMSplitPane.java|(3253,31,<143,2>,<143,33>)>,
  <<|java+class:///artofillusion/spmanager/SPMSplitPane|,|java+class:///buoy/widget/BSplitPane|>,|project://aoi-2.8.1/SPManager/src/artofillusion/spmanager/SPMSplitPane.java|(2967,31,<129,2>,<129,33>)>,
  <<|java+class:///artofillusion/texture/ProjectionMapping/Editor|,|java+class:///buoy/widget/FormContainer|>,|project://aoi-2.8.1/ArtOfIllusion/src/artofillusion/texture/ProjectionMapping.java|(17111,12,<583,6>,<583,18>)>,
  <<|java+class:///artofillusion/osspecific/MacOSPlugin/MacMenuBarWindow|,|java+class:///buoy/widget/BFrame|>,|project://aoi-2.8.1/OSSpecific/src/artofillusion/osspecific/MacOSPlugin.java|(6439,8,<192,6>,<192,14>)>,
  <<|java+class:///artofillusion/texture/SphericalMapping/Editor|,|java+class:///buoy/widget/FormContainer|>,|project://aoi-2.8.1/ArtOfIllusion/src/artofillusion/texture/SphericalMapping.java|(14168,12,<457,6>,<457,18>)>,
  <<|java+class:///artofillusion/procedural/BiasModule|,|java+class:///artofillusion/procedural/Module|>,|project://aoi-2.8.1/ArtOfIllusion/src/artofillusion/procedural/BiasModule.java|(966,360,<30,4>,<33,16>)>,
  <<|java+class:///artofillusion/procedural/CosineModule|,|java+class:///artofillusion/procedural/Module|>,|project://aoi-2.8.1/ArtOfIllusion/src/artofillusion/procedural/CosineModule.java|(905,237,<27,4>,<29,16>)>,
  <<|java+class:///artofillusion/animation/PositionTrack|,|java+class:///artofillusion/animation/Track|>,|project://aoi-2.8.1/ArtOfIllusion/src/artofillusion/animation/PositionTrack.java|(1474,12,<47,4>,<47,16>)>,
  <<|java+class:///artofillusion/ui/PanelDialog|,|java+class:///buoy/widget/BDialog|>,|project://aoi-2.8.1/ArtOfIllusion/src/artofillusion/ui/PanelDialog.java|(1252,20,<35,4>,<35,24>)>,
  <<|java+class:///artofillusion/texture/Linear3DTriangle|,|java+class:///artofillusion/RenderingTriangle|>,|project://aoi-2.8.1/ArtOfIllusion/src/artofillusion/texture/Linear3DTriangle.java|(1137,30,<28,4>,<28,34>)>,
  <<|java+class:///artofillusion/RotateObjectTool|,|java+class:///artofillusion/ui/EditingTool|>,|project://aoi-2.8.1/ArtOfIllusion/src/artofillusion/RotateObjectTool.java|(1463,10,<46,4>,<46,14>)>,
  <<|java+class:///artofillusion/CreateSplineMeshTool|,|java+class:///artofillusion/ui/EditingTool|>,|project://aoi-2.8.1/ArtOfIllusion/src/artofillusion/CreateSplineMeshTool.java|(1209,10,<37,4>,<37,14>)>,
  <<|java+class:///artofillusion/texture/Nonlinear2DTriangle|,|java+class:///artofillusion/RenderingTriangle|>,|project://aoi-2.8.1/ArtOfIllusion/src/artofillusion/texture/Nonlinear2DTriangle.java|(1360,30,<31,4>,<31,34>)>,
  <<|java+class:///artofillusion/ui/Compound3DManipulator/HandlePressedEvent|,|java+class:///artofillusion/ui/Compound3DManipulator/HandleEvent|>,|project://aoi-2.8.1/ArtOfIllusion/src/artofillusion/ui/Compound3DManipulator.java|(35712,68,<1054,6>,<1054,74>)>,
  <<|java+class:///artofillusion/animation/distortion/ShatterTrack|,|java+class:///artofillusion/animation/Track|>,|project://aoi-2.8.1/ArtOfIllusion/src/artofillusion/animation/distortion/ShatterTrack.java|(1042,17,<31,4>,<31,21>)>,
  <<|java+class:///artofillusion/object/ProceduralDirectionalLight|,|java+class:///artofillusion/object/DirectionalLight|>,|project://aoi-2.8.1/ArtOfIllusion/src/artofillusion/object/ProceduralDirectionalLight.java|(1573,39,<42,4>,<42,43>)>,
  <<|java+class:///artofillusion/object/ProceduralDirectionalLight|,|java+class:///artofillusion/object/DirectionalLight|>,|project://aoi-2.8.1/ArtOfIllusion/src/artofillusion/object/ProceduralDirectionalLight.java|(4715,20,<151,4>,<151,24>)>,
  <<|java+class:///artofillusion/tools/ExtrudeDialog|,|java+class:///buoy/widget/BDialog|>,|project://aoi-2.8.1/Tools/src/artofillusion/tools/ExtrudeDialog.java|(1473,31,<42,4>,<42,35>)>,
  <<|java+class:///artofillusion/raytracer/RTSphericalLight|,|java+class:///artofillusion/raytracer/RTLight|>,|project://aoi-2.8.1/Renderers/src/artofillusion/raytracer/RTSphericalLight.java|(959,21,<27,4>,<27,25>)>,
  <<|java+class:///artofillusion/raytracer/RTSphericalLight|,|java+class:///artofillusion/raytracer/RTLight|>,|project://aoi-2.8.1/Renderers/src/artofillusion/raytracer/RTSphericalLight.java|(1137,21,<33,4>,<33,25>)>,
  <<|java+class:///artofillusion/MoveScaleRotateMeshTool|,|java+class:///artofillusion/ui/MeshEditingTool|>,|project://aoi-2.8.1/ArtOfIllusion/src/artofillusion/MoveScaleRotateMeshTool.java|(1559,22,<42,4>,<42,26>)>,
  <<|java+class:///artofillusion/texture/UVMapping|,|java+class:///artofillusion/texture/Mapping2D|>,|project://aoi-2.8.1/ArtOfIllusion/src/artofillusion/texture/UVMapping.java|(12125,29,<336,4>,<336,33>)>,
  <<|java+class:///artofillusion/texture/UVMapping|,|java+class:///artofillusion/texture/Mapping2D|>,|project://aoi-2.8.1/ArtOfIllusion/src/artofillusion/texture/UVMapping.java|(1037,29,<31,4>,<31,33>)>,
  <<|java+class:///artofillusion/ui/ComponentsDialog|,|java+class:///buoy/widget/BDialog|>,|project://aoi-2.8.1/ArtOfIllusion/src/artofillusion/ui/ComponentsDialog.java|(2168,50,<53,4>,<53,54>)>,
  <<|java+class:///artofillusion/texture/Linear2DTriangle|,|java+class:///artofillusion/RenderingTriangle|>,|project://aoi-2.8.1/ArtOfIllusion/src/artofillusion/texture/Linear2DTriangle.java|(1115,30,<28,4>,<28,34>)>,
  <<|java+class:///artofillusion/procedural/NoiseModule|,|java+class:///artofillusion/procedural/Module|>,|project://aoi-2.8.1/ArtOfIllusion/src/artofillusion/procedural/NoiseModule.java|(1043,532,<32,4>,<37,16>)>,
  <<|java+class:///artofillusion/texture/CylindricalMapping|,|java+class:///artofillusion/texture/NonlinearMapping2D|>,|project://aoi-2.8.1/ArtOfIllusion/src/artofillusion/texture/CylindricalMapping.java|(1174,23,<35,4>,<35,27>)>,
  <<|java+class:///artofillusion/texture/CylindricalMapping|,|java+class:///artofillusion/texture/NonlinearMapping2D|>,|project://aoi-2.8.1/ArtOfIllusion/src/artofillusion/texture/CylindricalMapping.java|(12184,23,<385,4>,<385,27>)>,
  <<|java+class:///artofillusion/image/ImagesDialog|,|java+class:///buoy/widget/BDialog|>,|project://aoi-2.8.1/ArtOfIllusion/src/artofillusion/image/ImagesDialog.java|(1061,26,<33,4>,<33,30>)>,
  <<|java+class:///artofillusion/ui/GenericTool|,|java+class:///artofillusion/ui/EditingTool|>,|project://aoi-2.8.1/ArtOfIllusion/src/artofillusion/ui/GenericTool.java|(977,10,<23,4>,<23,14>)>,
  <<|java+class:///artofillusion/animation/ProceduralPositionTrack|,|java+class:///artofillusion/animation/Track|>,|project://aoi-2.8.1/ArtOfIllusion/src/artofillusion/animation/ProceduralPositionTrack.java|(1426,31,<44,4>,<44,35>)>,
  <<|java+class:///artofillusion/ui/NinePointManipulator/HandleDraggedEvent|,|java+class:///artofillusion/ui/NinePointManipulator/HandleEvent|>,|project://aoi-2.8.1/ArtOfIllusion/src/artofillusion/ui/NinePointManipulator.java|(11179,58,<357,6>,<357,64>)>,
  <<|java+class:///artofillusion/ui/MessageDialog|,|java+class:///buoy/widget/BDialog|>,|project://aoi-2.8.1/ArtOfIllusion/src/artofillusion/ui/MessageDialog.java|(1834,20,<48,4>,<48,24>)>,
  <<|java+class:///artofillusion/object/ExternalObject|,|java+class:///artofillusion/object/ObjectWrapper|>,|project://aoi-2.8.1/ArtOfIllusion/src/artofillusion/object/ExternalObject.java|(8770,20,<300,4>,<300,24>)>,
  <<|java+class:///artofillusion/procedural/ColorLightenModule|,|java+class:///artofillusion/procedural/Module|>,|project://aoi-2.8.1/ArtOfIllusion/src/artofillusion/procedural/ColorLightenModule.java|(941,415,<28,4>,<31,16>)>,
  <<|java+class:///artofillusion/procedural/DifferenceModule|,|java+class:///artofillusion/procedural/Module|>,|project://aoi-2.8.1/ArtOfIllusion/src/artofillusion/procedural/DifferenceModule.java|(832,336,<25,4>,<28,16>)>,
  <<|java+class:///artofillusion/procedural/MarbleModule|,|java+class:///artofillusion/procedural/Module|>,|project://aoi-2.8.1/ArtOfIllusion/src/artofillusion/procedural/MarbleModule.java|(1015,533,<32,4>,<37,16>)>,
  <<|java+class:///artofillusion/procedural/ImageModule|,|java+class:///artofillusion/procedural/Module|>,|project://aoi-2.8.1/ArtOfIllusion/src/artofillusion/procedural/ImageModule.java|(1473,782,<44,4>,<51,16>)>,
  <<|java+class:///artofillusion/material/UniformMaterialMapping|,|java+class:///artofillusion/material/MaterialMapping|>,|project://aoi-2.8.1/ArtOfIllusion/src/artofillusion/material/UniformMaterialMapping.java|(1866,30,<65,4>,<65,34>)>,
  <<|java+class:///artofillusion/material/UniformMaterialMapping|,|java+class:///artofillusion/material/MaterialMapping|>,|project://aoi-2.8.1/ArtOfIllusion/src/artofillusion/material/UniformMaterialMapping.java|(922,30,<25,4>,<25,34>)>,
  <<|java+class:///artofillusion/texture/LinearMapping3D/Editor|,|java+class:///buoy/widget/FormContainer|>,|project://aoi-2.8.1/ArtOfIllusion/src/artofillusion/texture/LinearMapping3D.java|(15913,12,<534,6>,<534,18>)>,
  <<|java+class:///artofillusion/animation/distortion/CustomDistortionTrack|,|java+class:///artofillusion/animation/Track|>,|project://aoi-2.8.1/ArtOfIllusion/src/artofillusion/animation/distortion/CustomDistortionTrack.java|(1173,16,<36,4>,<36,20>)>,
  <<|java+class:///artofillusion/script/ScriptEditor|,|java+class:///buoy/widget/BTextArea|>,|project://aoi-2.8.1/ArtOfIllusion/src/artofillusion/script/ScriptEditor.java|(892,20,<32,4>,<32,24>)>,
  <<|java+class:///artofillusion/texture/ImageMapTexture/Editor|,|java+class:///buoy/widget/BDialog|>,|project://aoi-2.8.1/ArtOfIllusion/src/artofillusion/texture/ImageMapTexture.java|(12272,16,<352,6>,<352,22>)>,
  <<|java+class:///artofillusion/TubeViewer|,|java+class:///artofillusion/CurveViewer|>,|project://aoi-2.8.1/ArtOfIllusion/src/artofillusion/TubeViewer.java|(942,17,<26,4>,<26,21>)>,
  <<|java+class:///artofillusion/object/DirectionalLight|,|java+class:///artofillusion/object/Light|>,|project://aoi-2.8.1/ArtOfIllusion/src/artofillusion/object/DirectionalLight.java|(4572,20,<157,4>,<157,24>)>,
  <<|java+class:///artofillusion/procedural/GainModule|,|java+class:///artofillusion/procedural/Module|>,|project://aoi-2.8.1/ArtOfIllusion/src/artofillusion/procedural/GainModule.java|(972,360,<30,4>,<33,16>)>,
  <<|java+class:///artofillusion/procedural/SphericalModule|,|java+class:///artofillusion/procedural/Module|>,|project://aoi-2.8.1/ArtOfIllusion/src/artofillusion/procedural/SphericalModule.java|(982,611,<28,4>,<34,16>)>,
  <<|java+class:///artofillusion/object/Sphere|,|java+class:///artofillusion/object/Object3D|>,|project://aoi-2.8.1/ArtOfIllusion/src/artofillusion/object/Sphere.java|(15091,20,<430,4>,<430,24>)>,
  <<|java+class:///artofillusion/procedural/ExpModule|,|java+class:///artofillusion/procedural/Module|>,|project://aoi-2.8.1/ArtOfIllusion/src/artofillusion/procedural/ExpModule.java|(904,242,<27,4>,<29,16>)>,
  <<|java+class:///artofillusion/texture/UVWMappedTriangle|,|java+class:///artofillusion/RenderingTriangle|>,|project://aoi-2.8.1/ArtOfIllusion/src/artofillusion/texture/UVWMappedTriangle.java|(1297,30,<32,4>,<32,34>)>,
  <<|java+class:///artofillusion/ui/DefaultDockableWidget|,|java+class:///buoyx/docking/DockableWidget|>,|project://aoi-2.8.1/ArtOfIllusion/src/artofillusion/ui/DefaultDockableWidget.java|(914,22,<30,4>,<30,26>)>,
  <<|java+class:///artofillusion/animation/PathFromCurveDialog|,|java+class:///buoy/widget/BDialog|>,|project://aoi-2.8.1/ArtOfIllusion/src/artofillusion/animation/PathFromCurveDialog.java|(1460,55,<42,4>,<42,59>)>,
  <<|java+class:///artofillusion/script/ScriptedObjectEditorWindow/ParametersDialog|,|java+class:///buoy/widget/BDialog|>,|project://aoi-2.8.1/ArtOfIllusion/src/artofillusion/script/ScriptedObjectEditorWindow.java|(5350,81,<158,6>,<158,87>)>,
  <<|java+class:///artofillusion/spmanager/ManageSplitPane|,|java+class:///artofillusion/spmanager/SPMSplitPane|>,|project://aoi-2.8.1/SPManager/src/artofillusion/spmanager/ManageSplitPane.java|(1145,35,<39,8>,<39,43>)>,
  <<|java+class:///artofillusion/procedural/PolarModule|,|java+class:///artofillusion/procedural/Module|>,|project://aoi-2.8.1/ArtOfIllusion/src/artofillusion/procedural/PolarModule.java|(940,432,<28,4>,<32,16>)>,
  <<|java+class:///artofillusion/animation/distortion/SkeletonShapeTrack|,|java+class:///artofillusion/animation/Track|>,|project://aoi-2.8.1/ArtOfIllusion/src/artofillusion/animation/distortion/SkeletonShapeTrack.java|(1070,24,<32,4>,<32,28>)>,
  <<|java+class:///artofillusion/ExternalObjectEditingWindow|,|java+class:///buoy/widget/BDialog|>,|project://aoi-2.8.1/ArtOfIllusion/src/artofillusion/ExternalObjectEditingWindow.java|(1572,47,<46,4>,<46,51>)>,
  <<|java+class:///artofillusion/CreateVertexTool|,|java+class:///artofillusion/ui/MeshEditingTool|>,|project://aoi-2.8.1/ArtOfIllusion/src/artofillusion/CreateVertexTool.java|(1103,22,<31,4>,<31,26>)>,
  <<|java+class:///artofillusion/procedural/SqrtModule|,|java+class:///artofillusion/procedural/Module|>,|project://aoi-2.8.1/ArtOfIllusion/src/artofillusion/procedural/SqrtModule.java|(907,236,<27,4>,<29,16>)>,
  <<|java+class:///artofillusion/SceneViewer|,|java+class:///artofillusion/ViewerCanvas|>,|project://aoi-2.8.1/ArtOfIllusion/src/artofillusion/SceneViewer.java|(1330,103,<41,4>,<41,107>)>,
  <<|java+class:///artofillusion/RotateViewTool|,|java+class:///artofillusion/ui/EditingTool|>,|project://aoi-2.8.1/ArtOfIllusion/src/artofillusion/RotateViewTool.java|(1092,10,<33,4>,<33,14>)>,
  <<|java+class:///artofillusion/util/SearchlistClassLoader|,|java+class:///java/lang/ClassLoader|>,|project://aoi-2.8.1/ArtOfIllusion/src/artofillusion/util/SearchlistClassLoader.java|(5791,14,<154,1>,<154,15>)>,
  <<|java+class:///artofillusion/util/SearchlistClassLoader|,|java+class:///java/lang/ClassLoader|>,|project://aoi-2.8.1/ArtOfIllusion/src/artofillusion/util/SearchlistClassLoader.java|(5483,14,<141,6>,<141,20>)>,
  <<|java+class:///artofillusion/animation/IKTrack|,|java+class:///artofillusion/animation/Track|>,|project://aoi-2.8.1/ArtOfIllusion/src/artofillusion/animation/IKTrack.java|(1112,28,<34,4>,<34,32>)>,
  <<|java+class:///artofillusion/procedural/OutputModule|,|java+class:///artofillusion/procedural/Module|>,|project://aoi-2.8.1/ArtOfIllusion/src/artofillusion/procedural/OutputModule.java|(954,159,<27,4>,<28,41>)>,
  <<|java+class:///artofillusion/animation/ConstraintTrack/Editor|,|java+class:///buoy/widget/BDialog|>,|project://aoi-2.8.1/ArtOfIllusion/src/artofillusion/animation/ConstraintTrack.java|(8832,57,<318,6>,<318,63>)>,
  <<|java+class:///artofillusion/spmanager/StatusDialog|,|java+class:///buoy/widget/BDialog|>,|project://aoi-2.8.1/SPManager/src/artofillusion/spmanager/StatusDialog.java|(1027,60,<35,8>,<35,68>)>,
  <<|java+class:///artofillusion/procedural/CommentModule|,|java+class:///artofillusion/procedural/Module|>,|project://aoi-2.8.1/ArtOfIllusion/src/artofillusion/procedural/CommentModule.java|(1018,58,<31,4>,<31,62>)>,
  <<|java+class:///artofillusion/ui/ImageFileChooser|,|java+class:///buoy/widget/BFileChooser|>,|project://aoi-2.8.1/ArtOfIllusion/src/artofillusion/ui/ImageFileChooser.java|(1120,37,<40,4>,<40,41>)>,
  <<|java+class:///artofillusion/CSGDialog|,|java+class:///buoy/widget/BDialog|>,|project://aoi-2.8.1/ArtOfIllusion/src/artofillusion/CSGDialog.java|(1111,31,<34,4>,<34,35>)>,
  <<|java+class:///artofillusion/CreateCameraTool|,|java+class:///artofillusion/ui/EditingTool|>,|project://aoi-2.8.1/ArtOfIllusion/src/artofillusion/CreateCameraTool.java|(964,10,<29,4>,<29,14>)>,
  <<|java+class:///artofillusion/tools/SkinDialog|,|java+class:///buoy/widget/BDialog|>,|project://aoi-2.8.1/Tools/src/artofillusion/tools/SkinDialog.java|(1317,28,<40,4>,<40,32>)>,
  <<|java+class:///artofillusion/procedural/ColorDifferenceModule|,|java+class:///artofillusion/procedural/Module|>,|project://aoi-2.8.1/ArtOfIllusion/src/artofillusion/procedural/ColorDifferenceModule.java|(913,385,<28,4>,<31,16>)>,
  <<|java+class:///artofillusion/material/LinearMaterialMapping|,|java+class:///artofillusion/material/MaterialMapping|>,|project://aoi-2.8.1/ArtOfIllusion/src/artofillusion/material/LinearMaterialMapping.java|(1300,30,<35,4>,<35,34>)>,
  <<|java+class:///artofillusion/material/LinearMaterialMapping|,|java+class:///artofillusion/material/MaterialMapping|>,|project://aoi-2.8.1/ArtOfIllusion/src/artofillusion/material/LinearMaterialMapping.java|(6627,30,<241,4>,<241,34>)>,
  <<|java+class:///artofillusion/object/ReferenceImage|,|java+class:///artofillusion/object/Object3D|>,|project://aoi-2.8.1/ArtOfIllusion/src/artofillusion/object/ReferenceImage.java|(3386,20,<139,4>,<139,24>)>,
  <<|java+class:///artofillusion/LayoutWindow|,|java+class:///buoy/widget/BFrame|>,|project://aoi-2.8.1/ArtOfIllusion/src/artofillusion/LayoutWindow.java|(2570,54,<75,4>,<75,58>)>,
  <<|java+class:///artofillusion/procedural/SpectrumModule/EditingDialog|,|java+class:///buoy/widget/BDialog|>,|project://aoi-2.8.1/ArtOfIllusion/src/artofillusion/procedural/SpectrumModule.java|(9349,32,<319,6>,<319,38>)>,
  <<|java+class:///artofillusion/procedural/BrickModule|,|java+class:///artofillusion/procedural/Module|>,|project://aoi-2.8.1/ArtOfIllusion/src/artofillusion/procedural/BrickModule.java|(984,439,<31,4>,<35,16>)>,
  <<|java+class:///artofillusion/spmanager/SPMSetupFrame|,|java+class:///buoy/widget/BDialog|>,|project://aoi-2.8.1/SPManager/src/artofillusion/spmanager/SPMSetupFrame.java|(1716,18,<52,8>,<52,26>)>,
  <<|java+class:///artofillusion/procedural/RandomModule|,|java+class:///artofillusion/procedural/Module|>,|project://aoi-2.8.1/ArtOfIllusion/src/artofillusion/procedural/RandomModule.java|(1096,365,<35,4>,<38,16>)>,
  <<|java+class:///artofillusion/animation/TextureTrack|,|java+class:///artofillusion/animation/Track|>,|project://aoi-2.8.1/ArtOfIllusion/src/artofillusion/animation/TextureTrack.java|(1070,17,<35,4>,<35,21>)>,
  <<|java+class:///artofillusion/ObjectPreviewCanvas|,|java+class:///artofillusion/ViewerCanvas|>,|project://aoi-2.8.1/ArtOfIllusion/src/artofillusion/ObjectPreviewCanvas.java|(1389,76,<41,4>,<41,80>)>,
  <<|java+class:///artofillusion/TextureMappingDialog|,|java+class:///buoy/widget/BDialog|>,|project://aoi-2.8.1/ArtOfIllusion/src/artofillusion/TextureMappingDialog.java|(1701,39,<47,4>,<47,43>)>,
  <<|java+class:///artofillusion/SplineMeshEditorWindow|,|java+class:///artofillusion/MeshEditorWindow|>,|project://aoi-2.8.1/ArtOfIllusion/src/artofillusion/SplineMeshEditorWindow.java|(1511,26,<39,4>,<39,30>)>,
  <<|java+class:///artofillusion/CurveViewer|,|java+class:///artofillusion/MeshViewer|>,|project://aoi-2.8.1/ArtOfIllusion/src/artofillusion/CurveViewer.java|(1007,17,<30,4>,<30,21>)>,
  <<|java+class:///artofillusion/ScaleObjectTool|,|java+class:///artofillusion/ui/EditingTool|>,|project://aoi-2.8.1/ArtOfIllusion/src/artofillusion/ScaleObjectTool.java|(1810,10,<52,4>,<52,14>)>,
  <<|java+class:///artofillusion/ObjectEditorWindow|,|java+class:///buoy/widget/BFrame|>,|project://aoi-2.8.1/ArtOfIllusion/src/artofillusion/ObjectEditorWindow.java|(1889,13,<51,4>,<51,17>)>,
  <<|java+class:///artofillusion/animation/RotationTrack|,|java+class:///artofillusion/animation/Track|>,|project://aoi-2.8.1/ArtOfIllusion/src/artofillusion/animation/RotationTrack.java|(1581,12,<48,4>,<48,16>)>,
  <<|java+class:///artofillusion/material/LinearMaterialMapping/Editor|,|java+class:///buoy/widget/FormContainer|>,|project://aoi-2.8.1/ArtOfIllusion/src/artofillusion/material/LinearMaterialMapping.java|(7798,12,<281,6>,<281,18>)>,
  <<|java+class:///artofillusion/procedural/ColorDarkenModule|,|java+class:///artofillusion/procedural/Module|>,|project://aoi-2.8.1/ArtOfIllusion/src/artofillusion/procedural/ColorDarkenModule.java|(938,413,<28,4>,<31,16>)>,
  <<|java+class:///artofillusion/procedural/ModModule|,|java+class:///artofillusion/procedural/Module|>,|project://aoi-2.8.1/ArtOfIllusion/src/artofillusion/procedural/ModModule.java|(840,333,<25,4>,<28,16>)>,
  <<|java+class:///artofillusion/spmanager/SPManagerFrame|,|java+class:///buoy/widget/BFrame|>,|project://aoi-2.8.1/SPManager/src/artofillusion/spmanager/SPManagerFrame.java|(2337,42,<82,8>,<82,50>)>,
  <<|java+class:///artofillusion/animation/VectorKeyframe|,|java+class:///artofillusion/math/Vec3|>,|project://aoi-2.8.1/ArtOfIllusion/src/artofillusion/animation/VectorKeyframe.java|(856,24,<27,4>,<27,28>)>,
  <<|java+class:///artofillusion/animation/VectorKeyframe|,|java+class:///artofillusion/math/Vec3|>,|project://aoi-2.8.1/ArtOfIllusion/src/artofillusion/animation/VectorKeyframe.java|(926,9,<32,4>,<32,13>)>,
  <<|java+class:///artofillusion/animation/VectorKeyframe|,|java+class:///artofillusion/math/Vec3|>,|project://aoi-2.8.1/ArtOfIllusion/src/artofillusion/animation/VectorKeyframe.java|(771,8,<22,4>,<22,12>)>,
  <<|java+class:///artofillusion/animation/VectorKeyframe|,|java+class:///artofillusion/math/Vec3|>,|project://aoi-2.8.1/ArtOfIllusion/src/artofillusion/animation/VectorKeyframe.java|(3014,10,<106,5>,<106,15>)>,
  <<|java+class:///artofillusion/ui/Compound3DManipulator/HandleReleasedEvent|,|java+class:///artofillusion/ui/Compound3DManipulator/HandleEvent|>,|project://aoi-2.8.1/ArtOfIllusion/src/artofillusion/ui/Compound3DManipulator.java|(38234,68,<1144,6>,<1144,74>)>,
  <<|java+class:///artofillusion/procedural/ColorModule|,|java+class:///artofillusion/procedural/Module|>,|project://aoi-2.8.1/ArtOfIllusion/src/artofillusion/procedural/ColorModule.java|(989,147,<33,4>,<35,16>)>,
  <<|java+class:///artofillusion/ui/TreeList/ElementExpandedEvent|,|java+class:///artofillusion/ui/TreeList/TreeElementEvent|>,|project://aoi-2.8.1/ArtOfIllusion/src/artofillusion/ui/TreeList.java|(22850,10,<822,6>,<822,16>)>,
  <<|java+class:///artofillusion/animation/ConstraintTrack|,|java+class:///artofillusion/animation/Track|>,|project://aoi-2.8.1/ArtOfIllusion/src/artofillusion/animation/ConstraintTrack.java|(1503,20,<45,4>,<45,24>)>,
  <<|java+class:///artofillusion/spmanager/HttpSPMFileSystem/HttpStatusDialog|,|java+class:///buoy/widget/BDialog|>,|project://aoi-2.8.1/SPManager/src/artofillusion/spmanager/HttpSPMFileSystem.java|(38480,80,<1154,12>,<1154,92>)>,
  <<|java+class:///artofillusion/animation/IKTrack/Editor|,|java+class:///buoy/widget/BDialog|>,|project://aoi-2.8.1/ArtOfIllusion/src/artofillusion/animation/IKTrack.java|(8212,49,<304,6>,<304,55>)>,
  <<|java+class:///artofillusion/ui/ValueField|,|java+class:///buoy/widget/BTextField|>,|project://aoi-2.8.1/ArtOfIllusion/src/artofillusion/ui/ValueField.java|(1680,15,<51,4>,<51,19>)>,
  <<|java+class:///artofillusion/procedural/GridModule|,|java+class:///artofillusion/procedural/Module|>,|project://aoi-2.8.1/ArtOfIllusion/src/artofillusion/procedural/GridModule.java|(1020,437,<32,4>,<36,16>)>,
  <<|java+class:///artofillusion/texture/LayeredTriangle|,|java+class:///artofillusion/RenderingTriangle|>,|project://aoi-2.8.1/ArtOfIllusion/src/artofillusion/texture/LayeredTriangle.java|(1203,30,<29,4>,<29,34>)>,
  <<|java+class:///artofillusion/ObjectTextureDialog|,|java+class:///buoy/widget/BDialog|>,|project://aoi-2.8.1/ArtOfIllusion/src/artofillusion/ObjectTextureDialog.java|(2370,59,<62,4>,<62,63>)>,
  <<|java+class:///artofillusion/procedural/LogModule|,|java+class:///artofillusion/procedural/Module|>,|project://aoi-2.8.1/ArtOfIllusion/src/artofillusion/procedural/LogModule.java|(880,234,<26,4>,<28,16>)>,
  <<|java+class:///artofillusion/procedural/MaxModule|,|java+class:///artofillusion/procedural/Module|>,|project://aoi-2.8.1/ArtOfIllusion/src/artofillusion/procedural/MaxModule.java|(844,335,<26,4>,<29,16>)>,
  <<|java+class:///artofillusion/MeshViewer|,|java+class:///artofillusion/ObjectViewer|>,|project://aoi-2.8.1/ArtOfIllusion/src/artofillusion/MeshViewer.java|(1232,21,<33,4>,<33,25>)>,
  <<|java+class:///artofillusion/object/TriangleMesh|,|java+class:///artofillusion/object/Object3D|>,|project://aoi-2.8.1/ArtOfIllusion/src/artofillusion/object/TriangleMesh.java|(125567,20,<3348,4>,<3348,24>)>,
  <<|java+class:///artofillusion/object/Curve|,|java+class:///artofillusion/object/Object3D|>,|project://aoi-2.8.1/ArtOfIllusion/src/artofillusion/object/Curve.java|(18190,20,<634,4>,<634,24>)>,
  <<|java+class:///artofillusion/object/Cube|,|java+class:///artofillusion/object/Object3D|>,|project://aoi-2.8.1/ArtOfIllusion/src/artofillusion/object/Cube.java|(6322,20,<189,4>,<189,24>)>,
  <<|java+class:///artofillusion/procedural/CompareModule|,|java+class:///artofillusion/procedural/Module|>,|project://aoi-2.8.1/ArtOfIllusion/src/artofillusion/procedural/CompareModule.java|(920,336,<27,4>,<30,16>)>,
  <<|java+class:///artofillusion/animation/ProceduralRotationTrack|,|java+class:///artofillusion/animation/Track|>,|project://aoi-2.8.1/ArtOfIllusion/src/artofillusion/animation/ProceduralRotationTrack.java|(1429,31,<44,4>,<44,35>)>,
  <<|java+class:///artofillusion/procedural/PowerModule|,|java+class:///artofillusion/procedural/Module|>,|project://aoi-2.8.1/ArtOfIllusion/src/artofillusion/procedural/PowerModule.java|(899,331,<26,4>,<29,16>)>,
  <<|java+class:///artofillusion/procedural/ColorScaleModule|,|java+class:///artofillusion/procedural/Module|>,|project://aoi-2.8.1/ArtOfIllusion/src/artofillusion/procedural/ColorScaleModule.java|(905,360,<28,4>,<31,16>)>,
  <<|java+class:///artofillusion/procedural/BlurModule|,|java+class:///artofillusion/procedural/Module|>,|project://aoi-2.8.1/ArtOfIllusion/src/artofillusion/procedural/BlurModule.java|(874,361,<27,4>,<30,16>)>,
  <<|java+class:///artofillusion/tools/TubeDialog|,|java+class:///buoy/widget/BDialog|>,|project://aoi-2.8.1/Tools/src/artofillusion/tools/TubeDialog.java|(1206,28,<39,4>,<39,32>)>,
  <<|java+class:///artofillusion/procedural/ColorSumModule|,|java+class:///artofillusion/procedural/Module|>,|project://aoi-2.8.1/ArtOfIllusion/src/artofillusion/procedural/ColorSumModule.java|(887,378,<28,4>,<31,16>)>,
  <<|java+class:///artofillusion/RotateMeshTool|,|java+class:///artofillusion/ui/MeshEditingTool|>,|project://aoi-2.8.1/ArtOfIllusion/src/artofillusion/RotateMeshTool.java|(1497,22,<40,4>,<40,26>)>,
  <<|java+class:///artofillusion/texture/LinearMapping3D|,|java+class:///artofillusion/texture/Mapping3D|>,|project://aoi-2.8.1/ArtOfIllusion/src/artofillusion/texture/LinearMapping3D.java|(14537,23,<488,4>,<488,27>)>,
  <<|java+class:///artofillusion/texture/LinearMapping3D|,|java+class:///artofillusion/texture/Mapping3D|>,|project://aoi-2.8.1/ArtOfIllusion/src/artofillusion/texture/LinearMapping3D.java|(1429,23,<38,4>,<38,27>)>,
  <<|java+class:///artofillusion/object/Cylinder|,|java+class:///artofillusion/object/Object3D|>,|project://aoi-2.8.1/ArtOfIllusion/src/artofillusion/object/Cylinder.java|(13175,20,<391,4>,<391,24>)>,
  <<|java+class:///artofillusion/math/FastRandom|,|java+class:///java/util/Random|>,|project://aoi-2.8.1/ArtOfIllusion/src/artofillusion/math/FastRandom.java|(1323,12,<40,4>,<40,16>)>,
  <<|java+class:///artofillusion/TexturesDialog|,|java+class:///buoy/widget/BDialog|>,|project://aoi-2.8.1/ArtOfIllusion/src/artofillusion/TexturesDialog.java|(1093,50,<34,4>,<34,54>)>,
  <<|java+class:///artofillusion/procedural/NumberModule|,|java+class:///artofillusion/procedural/Module|>,|project://aoi-2.8.1/ArtOfIllusion/src/artofillusion/procedural/NumberModule.java|(1102,167,<35,4>,<37,16>)>,
  <<|java+class:///artofillusion/procedural/NumberModule|,|java+class:///artofillusion/procedural/Module|>,|project://aoi-2.8.1/ArtOfIllusion/src/artofillusion/procedural/NumberModule.java|(884,152,<28,4>,<30,16>)>,
  <<|java+class:///artofillusion/TubeEditorWindow|,|java+class:///artofillusion/CurveEditorWindow|>,|project://aoi-2.8.1/ArtOfIllusion/src/artofillusion/TubeEditorWindow.java|(1059,26,<30,4>,<30,30>)>,
  <<|java+class:///artofillusion/object/SceneCamera|,|java+class:///artofillusion/object/Object3D|>,|project://aoi-2.8.1/ArtOfIllusion/src/artofillusion/object/SceneCamera.java|(15970,20,<496,4>,<496,24>)>,
  <<|java+class:///artofillusion/MeshEditorWindow/importSkeletonCommand()/TreeElem|,|java+class:///artofillusion/ui/ObjectTreeElement|>,|project://aoi-2.8.1/ArtOfIllusion/src/artofillusion/MeshEditorWindow.java|(53127,33,<1409,8>,<1409,41>)>,
  <<|java+class:///artofillusion/CreateSphereTool|,|java+class:///artofillusion/ui/EditingTool|>,|project://aoi-2.8.1/ArtOfIllusion/src/artofillusion/CreateSphereTool.java|(1026,10,<31,4>,<31,14>)>,
  <<|java+class:///artofillusion/procedural/FunctionModule/EditingDialog|,|java+class:///buoy/widget/BDialog|>,|project://aoi-2.8.1/ArtOfIllusion/src/artofillusion/procedural/FunctionModule.java|(12618,32,<456,6>,<456,38>)>,
  <<|java+class:///artofillusion/animation/ActorEditorWindow|,|java+class:///buoy/widget/BDialog|>,|project://aoi-2.8.1/ArtOfIllusion/src/artofillusion/animation/ActorEditorWindow.java|(1851,116,<50,4>,<50,120>)>,
  <<|java+class:///artofillusion/ui/TreeList/ElementDoubleClickedEvent|,|java+class:///artofillusion/ui/TreeList/TreeElementEvent|>,|project://aoi-2.8.1/ArtOfIllusion/src/artofillusion/ui/TreeList.java|(23091,10,<832,6>,<832,16>)>,
  <<|java+class:///artofillusion/texture/NonlinearMapping2D|,|java+class:///artofillusion/texture/Mapping2D|>,|project://aoi-2.8.1/ArtOfIllusion/src/artofillusion/texture/NonlinearMapping2D.java|(1308,29,<30,4>,<30,33>)>,
  <<|java+class:///artofillusion/texture/CylindricalMapping/Editor|,|java+class:///buoy/widget/FormContainer|>,|project://aoi-2.8.1/ArtOfIllusion/src/artofillusion/texture/CylindricalMapping.java|(13242,12,<423,6>,<423,18>)>,
  <<|java+class:///artofillusion/animation/distortion/ScaleTrack|,|java+class:///artofillusion/animation/Track|>,|project://aoi-2.8.1/ArtOfIllusion/src/artofillusion/animation/distortion/ScaleTrack.java|(1061,15,<34,4>,<34,19>)>,
  <<|java+class:///artofillusion/animation/WeightTrack|,|java+class:///artofillusion/animation/Track|>,|project://aoi-2.8.1/ArtOfIllusion/src/artofillusion/animation/WeightTrack.java|(908,16,<29,4>,<29,20>)>,
  <<|java+class:///artofillusion/texture/UniformTriangle|,|java+class:///artofillusion/RenderingTriangle|>,|project://aoi-2.8.1/ArtOfIllusion/src/artofillusion/texture/UniformTriangle.java|(946,30,<25,4>,<25,34>)>,
  <<|java+class:///artofillusion/ui/Compound3DManipulator/HandleDraggedEvent|,|java+class:///artofillusion/ui/Compound3DManipulator/HandleEvent|>,|project://aoi-2.8.1/ArtOfIllusion/src/artofillusion/ui/Compound3DManipulator.java|(36263,68,<1073,6>,<1073,74>)>,
  <<|java+class:///artofillusion/texture/UVMappingWindow|,|java+class:///buoy/widget/BDialog|>,|project://aoi-2.8.1/ArtOfIllusion/src/artofillusion/texture/UVMappingWindow.java|(1613,53,<48,4>,<48,57>)>,
  <<|java+class:///artofillusion/procedural/ParameterModule|,|java+class:///artofillusion/procedural/Module|>,|project://aoi-2.8.1/ArtOfIllusion/src/artofillusion/procedural/ParameterModule.java|(930,185,<29,4>,<31,16>)>,
  <<|java+class:///artofillusion/raster/MaterialFragment|,|java+class:///artofillusion/raster/TransparentFragment|>,|project://aoi-2.8.1/Renderers/src/artofillusion/raster/MaterialFragment.java|(1396,55,<33,4>,<33,59>)>,
  <<|java+class:///artofillusion/BevelExtrudeTool|,|java+class:///artofillusion/ui/MeshEditingTool|>,|project://aoi-2.8.1/ArtOfIllusion/src/artofillusion/BevelExtrudeTool.java|(1229,22,<34,4>,<34,26>)>,
  <<|java+class:///artofillusion/texture/UVMapping/Editor|,|java+class:///buoy/widget/FormContainer|>,|project://aoi-2.8.1/ArtOfIllusion/src/artofillusion/texture/UVMapping.java|(12689,12,<360,6>,<360,18>)>,
  <<|java+class:///artofillusion/ui/FloatingDialog|,|java+class:///buoy/widget/BDialog|>,|project://aoi-2.8.1/ArtOfIllusion/src/artofillusion/ui/FloatingDialog.java|(1270,28,<39,4>,<39,32>)>,
  <<|java+class:///artofillusion/texture/MoveUVViewTool|,|java+class:///artofillusion/ui/EditingTool|>,|project://aoi-2.8.1/ArtOfIllusion/src/artofillusion/texture/MoveUVViewTool.java|(1024,10,<29,4>,<29,14>)>,
  <<|java+class:///artofillusion/object/ObjectWrapper|,|java+class:///artofillusion/object/Object3D|>,|project://aoi-2.8.1/ArtOfIllusion/src/artofillusion/object/ObjectWrapper.java|(1122,20,<34,4>,<34,24>)>,
  <<|java+class:///artofillusion/object/ObjectWrapper|,|java+class:///artofillusion/object/Object3D|>,|project://aoi-2.8.1/ArtOfIllusion/src/artofillusion/object/ObjectWrapper.java|(996,8,<29,4>,<29,12>)>,
  <<|java+class:///artofillusion/animation/JointEditorDialog/DOFPanel|,|java+class:///buoy/widget/FormContainer|>,|project://aoi-2.8.1/ArtOfIllusion/src/artofillusion/animation/JointEditorDialog.java|(4593,12,<127,6>,<127,18>)>,
  <<|java+class:///artofillusion/object/SpotLight|,|java+class:///artofillusion/object/Light|>,|project://aoi-2.8.1/ArtOfIllusion/src/artofillusion/object/SpotLight.java|(5533,20,<197,4>,<197,24>)>,
  <<|java+class:///artofillusion/TriMeshViewer|,|java+class:///artofillusion/MeshViewer|>,|project://aoi-2.8.1/ArtOfIllusion/src/artofillusion/TriMeshViewer.java|(1273,17,<38,4>,<38,21>)>,
  <<|java+class:///artofillusion/ui/NinePointManipulator/HandlePressedEvent|,|java+class:///artofillusion/ui/NinePointManipulator/HandleEvent|>,|project://aoi-2.8.1/ArtOfIllusion/src/artofillusion/ui/NinePointManipulator.java|(10804,58,<345,6>,<345,64>)>,
  <<|java+class:///artofillusion/procedural/ColorProductModule|,|java+class:///artofillusion/procedural/Module|>,|project://aoi-2.8.1/ArtOfIllusion/src/artofillusion/procedural/ColorProductModule.java|(899,387,<28,4>,<31,16>)>,
  <<|java+class:///artofillusion/procedural/JitterModule|,|java+class:///artofillusion/procedural/Module|>,|project://aoi-2.8.1/ArtOfIllusion/src/artofillusion/procedural/JitterModule.java|(1035,601,<31,4>,<37,16>)>,
  <<|java+class:///artofillusion/script/ScriptedObjectEditorWindow|,|java+class:///buoy/widget/BFrame|>,|project://aoi-2.8.1/ArtOfIllusion/src/artofillusion/script/ScriptedObjectEditorWindow.java|(1159,38,<35,4>,<35,42>)>,
  <<|java+class:///artofillusion/texture/ProjectionMapping|,|java+class:///artofillusion/texture/Mapping2D|>,|project://aoi-2.8.1/ArtOfIllusion/src/artofillusion/texture/ProjectionMapping.java|(1289,29,<36,4>,<36,33>)>,
  <<|java+class:///artofillusion/texture/ProjectionMapping|,|java+class:///artofillusion/texture/Mapping2D|>,|project://aoi-2.8.1/ArtOfIllusion/src/artofillusion/texture/ProjectionMapping.java|(15865,29,<541,4>,<541,33>)>,
  <<|java+class:///artofillusion/ui/TreeList/ElementMovedEvent|,|java+class:///artofillusion/ui/TreeList/TreeElementEvent|>,|project://aoi-2.8.1/ArtOfIllusion/src/artofillusion/ui/TreeList.java|(22612,10,<812,6>,<812,16>)>,
  <<|java+class:///artofillusion/procedural/WoodModule|,|java+class:///artofillusion/procedural/Module|>,|project://aoi-2.8.1/ArtOfIllusion/src/artofillusion/procedural/WoodModule.java|(1001,531,<32,4>,<37,16>)>,
  <<|java+class:///artofillusion/ThickenMeshTool|,|java+class:///artofillusion/ui/MeshEditingTool|>,|project://aoi-2.8.1/ArtOfIllusion/src/artofillusion/ThickenMeshTool.java|(1186,22,<34,4>,<34,26>)>,
  <<|java+class:///artofillusion/animation/distortion/TwistTrack|,|java+class:///artofillusion/animation/Track|>,|project://aoi-2.8.1/ArtOfIllusion/src/artofillusion/animation/distortion/TwistTrack.java|(1053,15,<34,4>,<34,19>)>,
  <<|java+class:///artofillusion/CameraFilterDialog|,|java+class:///buoy/widget/BDialog|>,|project://aoi-2.8.1/ArtOfIllusion/src/artofillusion/CameraFilterDialog.java|(1823,58,<48,4>,<48,62>)>,
  <<|java+class:///artofillusion/view/ViewerOrientationControl/OrientationChoice|,|java+class:///buoy/widget/BComboBox|>,|project://aoi-2.8.1/ArtOfIllusion/src/artofillusion/view/ViewerOrientationControl.java|(1174,258,<42,6>,<50,9>)>,
  <<|java+class:///artofillusion/texture/SphericalMapping|,|java+class:///artofillusion/texture/NonlinearMapping2D|>,|project://aoi-2.8.1/ArtOfIllusion/src/artofillusion/texture/SphericalMapping.java|(1180,29,<35,4>,<35,33>)>,
  <<|java+class:///artofillusion/texture/SphericalMapping|,|java+class:///artofillusion/texture/NonlinearMapping2D|>,|project://aoi-2.8.1/ArtOfIllusion/src/artofillusion/texture/SphericalMapping.java|(13096,29,<419,4>,<419,33>)>,
  <<|java+class:///artofillusion/MoveScaleRotateObjectTool|,|java+class:///artofillusion/ui/EditingTool|>,|project://aoi-2.8.1/ArtOfIllusion/src/artofillusion/MoveScaleRotateObjectTool.java|(2106,10,<56,4>,<56,14>)>,
  <<|java+class:///artofillusion/procedural/RatioModule|,|java+class:///artofillusion/procedural/Module|>,|project://aoi-2.8.1/ArtOfIllusion/src/artofillusion/procedural/RatioModule.java|(919,336,<27,4>,<30,16>)>,
  <<|java+class:///artofillusion/procedural/SineModule|,|java+class:///artofillusion/procedural/Module|>,|project://aoi-2.8.1/ArtOfIllusion/src/artofillusion/procedural/SineModule.java|(900,235,<27,4>,<29,16>)>,
  <<|java+class:///artofillusion/animation/FilterParameterTrack|,|java+class:///artofillusion/animation/Track|>,|project://aoi-2.8.1/ArtOfIllusion/src/artofillusion/animation/FilterParameterTrack.java|(1148,24,<35,4>,<35,28>)>,
  <<|java+class:///artofillusion/procedural/HSVModule|,|java+class:///artofillusion/procedural/Module|>,|project://aoi-2.8.1/ArtOfIllusion/src/artofillusion/procedural/HSVModule.java|(898,422,<27,4>,<31,16>)>,
  <<|java+class:///artofillusion/texture/UVMappingViewer|,|java+class:///artofillusion/MeshViewer|>,|project://aoi-2.8.1/ArtOfIllusion/src/artofillusion/texture/UVMappingViewer.java|(1627,34,<45,4>,<45,38>)>,
  <<|java+class:///artofillusion/CreateCurveTool|,|java+class:///artofillusion/ui/EditingTool|>,|project://aoi-2.8.1/ArtOfIllusion/src/artofillusion/CreateCurveTool.java|(1207,10,<39,4>,<39,14>)>,
  <<|java+class:///artofillusion/procedural/SumModule|,|java+class:///artofillusion/procedural/Module|>,|project://aoi-2.8.1/ArtOfIllusion/src/artofillusion/procedural/SumModule.java|(812,329,<25,4>,<28,16>)>,
  <<|java+class:///artofillusion/keystroke/KeystrokePreferencesPanel|,|java+class:///buoy/widget/FormContainer|>,|project://aoi-2.8.1/ArtOfIllusion/src/artofillusion/keystroke/KeystrokePreferencesPanel.java|(1123,47,<38,4>,<38,51>)>,
  <<|java+class:///artofillusion/keystroke/KeystrokeEditor|,|java+class:///buoy/widget/BDialog|>,|project://aoi-2.8.1/ArtOfIllusion/src/artofillusion/keystroke/KeystrokeEditor.java|(1910,20,<57,4>,<57,24>)>,
  <<|java+class:///artofillusion/raytracer/RTDirectionalLight|,|java+class:///artofillusion/raytracer/RTLight|>,|project://aoi-2.8.1/Renderers/src/artofillusion/raytracer/RTDirectionalLight.java|(888,21,<26,4>,<26,25>)>,
  <<|java+class:///artofillusion/procedural/TransformModule|,|java+class:///artofillusion/procedural/Module|>,|project://aoi-2.8.1/ArtOfIllusion/src/artofillusion/procedural/TransformModule.java|(1081,600,<33,4>,<39,16>)>,
  <<|java+class:///artofillusion/CurveEditorWindow|,|java+class:///artofillusion/MeshEditorWindow|>,|project://aoi-2.8.1/ArtOfIllusion/src/artofillusion/CurveEditorWindow.java|(1292,26,<35,4>,<35,30>)>,
  <<|java+class:///artofillusion/CurveEditorWindow|,|java+class:///artofillusion/MeshEditorWindow|>,|project://aoi-2.8.1/ArtOfIllusion/src/artofillusion/CurveEditorWindow.java|(3845,26,<88,4>,<88,30>)>,
  <<|java+class:///artofillusion/spmanager/InstallSplitPane|,|java+class:///artofillusion/spmanager/SPMSplitPane|>,|project://aoi-2.8.1/SPManager/src/artofillusion/spmanager/InstallSplitPane.java|(2291,94,<74,1>,<74,95>)>,
  <<|java+class:///artofillusion/spmanager/InstallSplitPane|,|java+class:///artofillusion/spmanager/SPMSplitPane|>,|project://aoi-2.8.1/SPManager/src/artofillusion/spmanager/InstallSplitPane.java|(1864,94,<60,1>,<60,95>)>,
  <<|java+class:///artofillusion/animation/ActorEditorWindow/ValueRenderer|,|java+class:///buoy/widget/BuoyComponent|>,|project://aoi-2.8.1/ArtOfIllusion/src/artofillusion/animation/ActorEditorWindow.java|(14519,74,<410,6>,<410,80>)>,
  <<|java+class:///artofillusion/object/CSGObject|,|java+class:///artofillusion/object/Object3D|>,|project://aoi-2.8.1/ArtOfIllusion/src/artofillusion/object/CSGObject.java|(9296,20,<328,4>,<328,24>)>,
  <<|java+class:///artofillusion/object/Light|,|java+class:///artofillusion/object/Object3D|>,|project://aoi-2.8.1/ArtOfIllusion/src/artofillusion/object/Light.java|(1675,20,<48,4>,<48,24>)>,
  <<|java+class:///artofillusion/object/Light|,|java+class:///artofillusion/object/Object3D|>,|project://aoi-2.8.1/ArtOfIllusion/src/artofillusion/object/Light.java|(1559,8,<43,4>,<43,12>)>,
  <<|java+class:///artofillusion/procedural/RGBModule|,|java+class:///artofillusion/procedural/Module|>,|project://aoi-2.8.1/ArtOfIllusion/src/artofillusion/procedural/RGBModule.java|(910,416,<28,4>,<32,16>)>,
  <<|java+class:///artofillusion/object/ObjectCollection|,|java+class:///artofillusion/object/Object3D|>,|project://aoi-2.8.1/ArtOfIllusion/src/artofillusion/object/ObjectCollection.java|(1316,20,<39,4>,<39,24>)>,
  <<|java+class:///artofillusion/object/ObjectCollection|,|java+class:///artofillusion/object/Object3D|>,|project://aoi-2.8.1/ArtOfIllusion/src/artofillusion/object/ObjectCollection.java|(1189,8,<34,4>,<34,12>)>,
  <<|java+class:///artofillusion/tools/ArrayDialog|,|java+class:///buoy/widget/BDialog|>,|project://aoi-2.8.1/Tools/src/artofillusion/tools/ArrayDialog.java|(1684,29,<48,4>,<48,33>)>,
  <<|java+class:///artofillusion/script/ScriptedObject|,|java+class:///artofillusion/object/ObjectCollection|>,|project://aoi-2.8.1/ArtOfIllusion/src/artofillusion/script/ScriptedObject.java|(8446,20,<295,4>,<295,24>)>,
  <<|java+class:///artofillusion/view/GLCanvasDrawer/TextureReference|,|java+class:///java/lang/ref/PhantomReference|>,|project://aoi-2.8.1/ArtOfIllusion/src/artofillusion/view/GLCanvasDrawer.java|(33492,36,<1014,6>,<1014,42>)>,
  <<|java+class:///artofillusion/object/SplineMesh|,|java+class:///artofillusion/object/Object3D|>,|project://aoi-2.8.1/ArtOfIllusion/src/artofillusion/object/SplineMesh.java|(34137,20,<1094,4>,<1094,24>)>,
  <<|java+class:///artofillusion/ui/MeshEditingTool|,|java+class:///artofillusion/ui/EditingTool|>,|project://aoi-2.8.1/ArtOfIllusion/src/artofillusion/ui/MeshEditingTool.java|(970,10,<28,4>,<28,14>)>,
  <<|java+class:///artofillusion/MoveObjectTool|,|java+class:///artofillusion/ui/EditingTool|>,|project://aoi-2.8.1/ArtOfIllusion/src/artofillusion/MoveObjectTool.java|(1063,10,<33,4>,<33,14>)>,
  <<|java+class:///artofillusion/animation/VisibilityTrack|,|java+class:///artofillusion/animation/Track|>,|project://aoi-2.8.1/ArtOfIllusion/src/artofillusion/animation/VisibilityTrack.java|(906,20,<28,4>,<28,24>)>,
  <<|java+class:///artofillusion/procedural/ViewAngleModule|,|java+class:///artofillusion/procedural/Module|>,|project://aoi-2.8.1/ArtOfIllusion/src/artofillusion/procedural/ViewAngleModule.java|(918,216,<29,4>,<31,16>)>,
  <<|java+class:///artofillusion/procedural/ClipModule|,|java+class:///artofillusion/procedural/Module|>,|project://aoi-2.8.1/ArtOfIllusion/src/artofillusion/procedural/ClipModule.java|(893,265,<28,4>,<30,16>)>,
  <<|java+class:///artofillusion/ScaleMeshTool|,|java+class:///artofillusion/ui/MeshEditingTool|>,|project://aoi-2.8.1/ArtOfIllusion/src/artofillusion/ScaleMeshTool.java|(1250,22,<34,4>,<34,26>)>,
  <<|java+class:///artofillusion/animation/PoseTrack|,|java+class:///artofillusion/animation/Track|>,|project://aoi-2.8.1/ArtOfIllusion/src/artofillusion/animation/PoseTrack.java|(1174,14,<36,4>,<36,18>)>,
  <<|java+class:///artofillusion/CreateCubeTool|,|java+class:///artofillusion/ui/EditingTool|>,|project://aoi-2.8.1/ArtOfIllusion/src/artofillusion/CreateCubeTool.java|(1019,10,<32,4>,<32,14>)>,
  <<|java+class:///artofillusion/procedural/HLSModule|,|java+class:///artofillusion/procedural/Module|>,|project://aoi-2.8.1/ArtOfIllusion/src/artofillusion/procedural/HLSModule.java|(871,422,<27,3>,<31,15>)>,
  <<|java+class:///artofillusion/procedural/ProductModule|,|java+class:///artofillusion/procedural/Module|>,|project://aoi-2.8.1/ArtOfIllusion/src/artofillusion/procedural/ProductModule.java|(925,338,<27,4>,<30,16>)>,
  <<|java+class:///artofillusion/procedural/SpectrumModule|,|java+class:///artofillusion/procedural/Module|>,|project://aoi-2.8.1/ArtOfIllusion/src/artofillusion/procedural/SpectrumModule.java|(1041,240,<32,4>,<34,16>)>,
  <<|java+class:///artofillusion/MaterialMappingDialog|,|java+class:///buoy/widget/BDialog|>,|project://aoi-2.8.1/ArtOfIllusion/src/artofillusion/MaterialMappingDialog.java|(1430,40,<40,4>,<40,44>)>,
  <<|java+class:///artofillusion/CreateCylinderTool|,|java+class:///artofillusion/ui/EditingTool|>,|project://aoi-2.8.1/ArtOfIllusion/src/artofillusion/CreateCylinderTool.java|(1086,10,<33,4>,<33,14>)>,
  <<|java+class:///artofillusion/MeshEditorWindow|,|java+class:///artofillusion/ObjectEditorWindow|>,|project://aoi-2.8.1/ArtOfIllusion/src/artofillusion/MeshEditorWindow.java|(2227,26,<47,4>,<47,30>)>,
  <<|java+class:///artofillusion/SafeFileOutputStream|,|java+class:///java/io/FilterOutputStream|>,|project://aoi-2.8.1/ArtOfIllusion/src/artofillusion/SafeFileOutputStream.java|(2158,12,<78,8>,<78,20>)>,
  <<|java+class:///artofillusion/SafeFileOutputStream|,|java+class:///java/io/FilterOutputStream|>,|project://aoi-2.8.1/ArtOfIllusion/src/artofillusion/SafeFileOutputStream.java|(1828,12,<64,8>,<64,20>)>,
  <<|java+class:///artofillusion/tools/LatheDialog|,|java+class:///buoy/widget/BDialog|>,|project://aoi-2.8.1/Tools/src/artofillusion/tools/LatheDialog.java|(1287,29,<40,4>,<40,33>)>,
  <<|java+class:///artofillusion/animation/distortion/SkeletonShapeEditorWindow|,|java+class:///artofillusion/MeshEditorWindow|>,|project://aoi-2.8.1/ArtOfIllusion/src/artofillusion/animation/distortion/SkeletonShapeEditorWindow.java|(1436,135,<39,4>,<39,139>)>,
  <<|java+class:///artofillusion/procedural/BlendModule|,|java+class:///artofillusion/procedural/Module|>,|project://aoi-2.8.1/ArtOfIllusion/src/artofillusion/procedural/BlendModule.java|(873,507,<27,4>,<31,16>)>,
  <<|java+class:///artofillusion/animation/distortion/BendTrack|,|java+class:///artofillusion/animation/Track|>,|project://aoi-2.8.1/ArtOfIllusion/src/artofillusion/animation/distortion/BendTrack.java|(1061,14,<34,4>,<34,18>)>,
  <<|java+class:///artofillusion/ui/NinePointManipulator/HandleReleasedEvent|,|java+class:///artofillusion/ui/NinePointManipulator/HandleEvent|>,|project://aoi-2.8.1/ArtOfIllusion/src/artofillusion/ui/NinePointManipulator.java|(11559,58,<369,6>,<369,64>)>,
  <<|java+class:///artofillusion/procedural/CellsModule|,|java+class:///artofillusion/procedural/Module|>,|project://aoi-2.8.1/ArtOfIllusion/src/artofillusion/procedural/CellsModule.java|(1221,621,<36,4>,<42,16>)>,
  <<|java+class:///artofillusion/procedural/TurbulenceModule|,|java+class:///artofillusion/procedural/Module|>,|project://aoi-2.8.1/ArtOfIllusion/src/artofillusion/procedural/TurbulenceModule.java|(1061,537,<32,4>,<37,16>)>,
  <<|java+class:///artofillusion/procedural/InterpModule|,|java+class:///artofillusion/procedural/Module|>,|project://aoi-2.8.1/ArtOfIllusion/src/artofillusion/procedural/InterpModule.java|(933,470,<28,4>,<32,16>)>,
  <<|java+class:///artofillusion/script/ExecuteScriptWindow|,|java+class:///buoy/widget/BFrame|>,|project://aoi-2.8.1/ArtOfIllusion/src/artofillusion/script/ExecuteScriptWindow.java|(1177,22,<37,4>,<37,26>)>,
  <<|java+class:///artofillusion/procedural/MinModule|,|java+class:///artofillusion/procedural/Module|>,|project://aoi-2.8.1/ArtOfIllusion/src/artofillusion/procedural/MinModule.java|(846,335,<26,4>,<29,16>)>,
  <<|java+class:///artofillusion/CreateLightTool|,|java+class:///artofillusion/ui/EditingTool|>,|project://aoi-2.8.1/ArtOfIllusion/src/artofillusion/CreateLightTool.java|(1018,10,<31,4>,<31,14>)>,
  <<|java+class:///artofillusion/raytracer/OctreeNode|,|java+class:///artofillusion/math/BoundingBox|>,|project://aoi-2.8.1/Renderers/src/artofillusion/raytracer/OctreeNode.java|(2008,42,<42,4>,<42,46>)>,
  <<|java+class:///artofillusion/procedural/AbsModule|,|java+class:///artofillusion/procedural/Module|>,|project://aoi-2.8.1/ArtOfIllusion/src/artofillusion/procedural/AbsModule.java|(870,263,<27,4>,<29,16>)>,
  <<|java+class:///artofillusion/CameraFilterDialog/FiltersPanel|,|java+class:///buoy/widget/FormContainer|>,|project://aoi-2.8.1/ArtOfIllusion/src/artofillusion/CameraFilterDialog.java|(10000,12,<295,6>,<295,18>)>,
  <<|java+class:///artofillusion/ReshapeMeshTool|,|java+class:///artofillusion/ui/MeshEditingTool|>,|project://aoi-2.8.1/ArtOfIllusion/src/artofillusion/ReshapeMeshTool.java|(1025,22,<29,4>,<29,26>)>,
  <<|java+class:///artofillusion/procedural/ExprModule|,|java+class:///artofillusion/procedural/Module|>,|project://aoi-2.8.1/ArtOfIllusion/src/artofillusion/procedural/ExprModule.java|(7349,782,<248,8>,<265,24>)>,
  <<|java+class:///artofillusion/MeshEditorWindow/setVertexParametersCommand()/ResetButton|,|java+class:///buoy/widget/BButton|>,|project://aoi-2.8.1/ArtOfIllusion/src/artofillusion/MeshEditorWindow.java|(29745,31,<746,8>,<746,39>)>,
  <<|java+class:///artofillusion/object/ProceduralPointLight|,|java+class:///artofillusion/object/PointLight|>,|project://aoi-2.8.1/ArtOfIllusion/src/artofillusion/object/ProceduralPointLight.java|(1542,39,<42,4>,<42,43>)>,
  <<|java+class:///artofillusion/object/ProceduralPointLight|,|java+class:///artofillusion/object/PointLight|>,|project://aoi-2.8.1/ArtOfIllusion/src/artofillusion/object/ProceduralPointLight.java|(4805,20,<156,4>,<156,24>)>,
  <<|java+class:///artofillusion/ui/ColorChooser|,|java+class:///buoy/widget/BDialog|>,|project://aoi-2.8.1/ArtOfIllusion/src/artofillusion/ui/ColorChooser.java|(1847,27,<56,4>,<56,31>)>
]