[
  <<|java+class:///org/quilt/graph/Entry|,|java+class:///org/quilt/graph/Vertex|>,210,|project://quilt-0.6-a-5/src/test/org/quilt/graph/TestDirected.java|(529,16,<25,51>,<25,67>),|java+method:///org/quilt/graph/Vertex/getIndex()|>,
  <<|java+class:///org/quilt/graph/Exit|,|java+class:///org/quilt/graph/Vertex|>,210,|project://quilt-0.6-a-5/src/test/org/quilt/graph/TestDirected.java|(600,15,<26,51>,<26,66>),|java+method:///org/quilt/graph/Vertex/getIndex()|>,
  <<|java+class:///org/quilt/cover/stmt/GraphAction|,|java+interface:///org/quilt/cl/GraphXformer|>,211,|project://quilt-0.6-a-5/src/java/org/quilt/cover/stmt/GraphAction.java|(1227,15,<42,16>,<42,31>),|java+method:///java/lang/Object/getClass()|>,
  <<|java+class:///org/quilt/cover/stmt/GraphAction|,|java+interface:///org/quilt/cl/GraphXformer|>,211,|project://quilt-0.6-a-5/src/java/org/quilt/cover/stmt/GraphAction.java|(1800,15,<58,16>,<58,31>),|java+method:///java/lang/Object/getClass()|>,
  <<|java+class:///org/quilt/cl/ControlFlowGraph|,|java+class:///org/quilt/graph/Directed|>,210,|project://quilt-0.6-a-5/src/java/org/quilt/cover/stmt/GraphAction.java|(2865,16,<82,46>,<82,62>),|java+method:///org/quilt/graph/Directed/getIndex()|>,
  <<|java+class:///org/quilt/cl/ControlFlowGraph|,|java+class:///org/quilt/graph/Directed|>,210,|project://quilt-0.6-a-5/src/java/org/quilt/cover/stmt/GraphAction.java|(4092,16,<106,43>,<106,59>),|java+method:///org/quilt/graph/Directed/getIndex()|>,
  <<|java+class:///org/quilt/cover/stmt/CounterVertex|,|java+class:///org/quilt/cl/CodeVertex|>,210,|project://quilt-0.6-a-5/src/java/org/quilt/cover/stmt/GraphAction.java|(4952,23,<124,44>,<124,67>),|java+method:///org/quilt/cl/CodeVertex/getInstructionList()|>,
  <<|java+class:///org/quilt/cover/stmt/CounterVertex|,|java+class:///org/quilt/cl/CodeVertex|>,210,|project://quilt-0.6-a-5/src/java/org/quilt/cover/stmt/GraphAction.java|(7103,33,<159,36>,<159,69>),|java+method:///org/quilt/cl/CodeVertex/setConnInst(org.apache.bcel.generic.Instruction)|>,
  <<|java+class:///org/quilt/cover/stmt/CounterVertex|,|java+class:///org/quilt/cl/CodeVertex|>,211,|project://quilt-0.6-a-5/src/java/org/quilt/cover/stmt/GraphAction.java|(7238,15,<161,36>,<161,51>),|java+method:///org/quilt/graph/Vertex/makeBinary()|>,
  <<|java+class:///org/quilt/cl/CodeVertex|,|java+class:///org/quilt/graph/Vertex|>,211,|project://quilt-0.6-a-5/src/java/org/quilt/cover/stmt/GraphAction.java|(7238,15,<161,36>,<161,51>),|java+method:///org/quilt/graph/Vertex/makeBinary()|>,
  <<|java+class:///org/quilt/cover/stmt/CounterVertex|,|java+class:///org/quilt/cl/CodeVertex|>,211,|project://quilt-0.6-a-5/src/java/org/quilt/cover/stmt/GraphAction.java|(7386,17,<163,56>,<163,73>),|java+method:///org/quilt/graph/Vertex/getConnector()|>,
  <<|java+class:///org/quilt/cl/CodeVertex|,|java+class:///org/quilt/graph/Vertex|>,211,|project://quilt-0.6-a-5/src/java/org/quilt/cover/stmt/GraphAction.java|(7386,17,<163,56>,<163,73>),|java+method:///org/quilt/graph/Vertex/getConnector()|>,
  <<|java+class:///org/quilt/cl/ControlFlowGraph|,|java+class:///org/quilt/graph/Directed|>,210,|project://quilt-0.6-a-5/src/java/org/quilt/cover/stmt/GraphAction.java|(7634,15,<167,40>,<167,55>),|java+method:///org/quilt/graph/Directed/getExit()|>,
  <<|java+class:///org/quilt/cl/ControlFlowGraph|,|java+class:///org/quilt/graph/Directed|>,210,|project://quilt-0.6-a-5/src/java/org/quilt/cover/stmt/GraphAction.java|(7923,15,<172,49>,<172,64>),|java+method:///org/quilt/graph/Directed/getExit()|>,
  <<|java+class:///org/quilt/cl/ControlFlowGraph|,|java+class:///org/quilt/graph/Directed|>,210,|project://quilt-0.6-a-5/src/java/org/quilt/cover/stmt/GraphAction.java|(9148,10,<207,22>,<207,32>),|java+method:///org/quilt/graph/Directed/size()|>,
  <<|java+class:///org/quilt/frontend/ant/QuiltTask|,|java+class:///org/apache/tools/ant/Task|>,211,|project://quilt-0.6-a-5/src/java/org/quilt/frontend/ant/Scheduler.java|(1649,59,<52,8>,<52,67>),|java+method:///org/apache/tools/ant/Task/log(java.lang.String,int)|>,
  <<|java+class:///org/quilt/frontend/ant/QuiltTask|,|java+class:///org/apache/tools/ant/Task|>,211,|project://quilt-0.6-a-5/src/java/org/quilt/frontend/ant/Scheduler.java|(2113,54,<64,8>,<64,62>),|java+method:///org/apache/tools/ant/Task/log(java.lang.String,int)|>,
  <<|java+class:///org/quilt/frontend/ant/QuiltTask|,|java+class:///org/apache/tools/ant/Task|>,211,|project://quilt-0.6-a-5/src/java/org/quilt/frontend/ant/Scheduler.java|(2494,355,<76,8>,<83,9>),|java+method:///org/apache/tools/ant/Task/log(java.lang.String,int)|>,
  <<|java+class:///org/quilt/frontend/ant/QuiltTask|,|java+class:///org/apache/tools/ant/Task|>,211,|project://quilt-0.6-a-5/src/java/org/quilt/frontend/ant/Scheduler.java|(3465,54,<104,8>,<104,62>),|java+method:///org/apache/tools/ant/Task/log(java.lang.String,int)|>,
  <<|java+class:///org/quilt/cl/ControlFlowGraph|,|java+class:///org/quilt/graph/Directed|>,210,|project://quilt-0.6-a-5/src/java/org/quilt/cl/GraphTransformer.java|(4787,14,<138,38>,<138,52>),|java+method:///org/quilt/graph/Directed/getEntry()|>,
  <<|java+class:///org/quilt/cl/CodeVertex|,|java+class:///org/quilt/graph/Vertex|>,210,|project://quilt-0.6-a-5/src/java/org/quilt/cl/GraphTransformer.java|(5533,15,<157,12>,<157,27>),|java+method:///org/quilt/graph/Vertex/getEdge()|>,
  <<|java+class:///org/quilt/cl/CodeVertex|,|java+class:///org/quilt/graph/Vertex|>,210,|project://quilt-0.6-a-5/src/java/org/quilt/cl/GraphTransformer.java|(5589,16,<158,39>,<158,55>),|java+method:///org/quilt/graph/Vertex/getGraph()|>,
  <<|java+class:///org/quilt/cl/CodeVertex|,|java+class:///org/quilt/graph/Vertex|>,210,|project://quilt-0.6-a-5/src/java/org/quilt/cl/GraphTransformer.java|(6933,15,<189,20>,<189,35>),|java+method:///org/quilt/graph/Vertex/getEdge()|>,
  <<|java+class:///org/quilt/cl/CodeVertex|,|java+class:///org/quilt/graph/Vertex|>,210,|project://quilt-0.6-a-5/src/java/org/quilt/cl/GraphTransformer.java|(6997,16,<190,47>,<190,63>),|java+method:///org/quilt/graph/Vertex/getGraph()|>,
  <<|java+class:///org/quilt/cl/CodeVertex|,|java+class:///org/quilt/graph/Vertex|>,210,|project://quilt-0.6-a-5/src/java/org/quilt/cl/GraphTransformer.java|(7537,18,<201,33>,<201,51>),|java+method:///org/quilt/graph/Vertex/makeBinary()|>,
  <<|java+class:///org/quilt/cl/ControlFlowGraph|,|java+class:///org/quilt/graph/Directed|>,210,|project://quilt-0.6-a-5/src/java/org/quilt/cl/GraphTransformer.java|(8167,19,<214,36>,<214,55>),|java+method:///org/quilt/graph/Directed/getExit()|>,
  <<|java+class:///org/quilt/cl/CodeVertex|,|java+class:///org/quilt/graph/Vertex|>,210,|project://quilt-0.6-a-5/src/java/org/quilt/cl/GraphTransformer.java|(9220,18,<238,33>,<238,51>),|java+method:///org/quilt/graph/Vertex/makeBinary()|>,
  <<|java+class:///org/quilt/cl/CodeVertex|,|java+class:///org/quilt/graph/Vertex|>,210,|project://quilt-0.6-a-5/src/java/org/quilt/cl/GraphTransformer.java|(10344,33,<261,40>,<261,73>),|java+method:///org/quilt/graph/Vertex/makeComplex(int)|>,
  <<|java+class:///org/quilt/cl/TestQuiltClassLoader|,|java+class:///junit/framework/TestCase|>,211,|project://quilt-0.6-a-5/src/test/org/quilt/cl/TestQuiltClassLoader.java|(5613,15,<148,32>,<148,47>),|java+method:///java/lang/Object/getClass()|>,
  <<|java+class:///org/quilt/cl/QuiltClassLoader|,|java+class:///java/net/URLClassLoader|>,211,|project://quilt-0.6-a-5/src/test/org/quilt/cl/TestQuiltClassLoader.java|(5679,18,<149,32>,<149,50>),|java+method:///java/lang/Object/getClass()|>,
  <<|java+class:///org/quilt/cover/stmt/ClassAction|,|java+interface:///org/quilt/cl/ClassXformer|>,211,|project://quilt-0.6-a-5/src/java/org/quilt/cover/stmt/ClassAction.java|(2205,15,<73,16>,<73,31>),|java+method:///java/lang/Object/getClass()|>,
  <<|java+class:///org/quilt/cl/ControlFlowGraph|,|java+class:///org/quilt/graph/Directed|>,210,|project://quilt-0.6-a-5/src/java/org/quilt/cl/TryStacks.java|(5012,16,<133,24>,<133,40>),|java+method:///org/quilt/graph/Directed/getEntry()|>,
  <<|java+class:///org/quilt/cl/ControlFlowGraph|,|java+class:///org/quilt/graph/Directed|>,210,|project://quilt-0.6-a-5/src/java/org/quilt/cl/TryStacks.java|(5195,13,<136,23>,<136,36>),|java+method:///org/quilt/graph/Directed/getExit()|>,
  <<|java+class:///org/quilt/cl/ControlFlowGraph|,|java+class:///org/quilt/graph/Directed|>,210,|project://quilt-0.6-a-5/src/java/org/quilt/cl/TryStacks.java|(6111,19,<160,30>,<160,49>),|java+method:///org/quilt/graph/Directed/getEntry()|>,
  <<|java+class:///org/quilt/cl/ControlFlowGraph|,|java+class:///org/quilt/graph/Directed|>,210,|project://quilt-0.6-a-5/src/java/org/quilt/cl/TryStacks.java|(6430,16,<167,23>,<167,39>),|java+method:///org/quilt/graph/Directed/getExit()|>,
  <<|java+class:///org/quilt/cl/CodeVertex|,|java+class:///org/quilt/graph/Vertex|>,210,|project://quilt-0.6-a-5/src/java/org/quilt/cl/TryStacks.java|(6738,51,<173,23>,<173,74>),|java+method:///org/quilt/graph/Vertex/getEdge()|>,
  <<|java+class:///org/quilt/cl/ControlFlowGraph|,|java+class:///org/quilt/graph/Directed|>,210,|project://quilt-0.6-a-5/src/java/org/quilt/cl/TryStacks.java|(7021,16,<179,23>,<179,39>),|java+method:///org/quilt/graph/Directed/getExit()|>,
  <<|java+class:///org/quilt/cl/ControlFlowGraph|,|java+class:///org/quilt/graph/Directed|>,210,|project://quilt-0.6-a-5/src/java/org/quilt/cl/TryStacks.java|(8222,18,<209,28>,<209,46>),|java+method:///org/quilt/graph/Directed/getExit()|>,
  <<|java+class:///org/quilt/cl/ControlFlowGraph|,|java+class:///org/quilt/graph/Directed|>,210,|project://quilt-0.6-a-5/src/java/org/quilt/cl/TryStacks.java|(8359,19,<213,40>,<213,59>),|java+method:///org/quilt/graph/Directed/getEntry()|>,
  <<|java+interface:///org/quilt/reports/Formatter|,|java+interface:///junit/framework/TestListener|>,211,|project://quilt-0.6-a-5/src/java/org/quilt/frontend/ant/ForkTest.java|(8770,22,<226,20>,<226,42>),|java+method:///junit/framework/TestListener/startTest(junit.framework.Test)|>,
  <<|java+interface:///org/quilt/reports/Formatter|,|java+interface:///junit/framework/TestListener|>,211,|project://quilt-0.6-a-5/src/java/org/quilt/frontend/ant/ForkTest.java|(8814,121,<227,20>,<228,72>),|java+method:///junit/framework/TestListener/addError(junit.framework.Test,java.lang.Throwable)|>,
  <<|java+class:///org/quilt/cl/ControlFlowGraph|,|java+class:///org/quilt/graph/Directed|>,210,|project://quilt-0.6-a-5/src/java/org/quilt/cl/GraphTalker.java|(747,13,<24,12>,<24,25>),|java+method:///org/quilt/graph/Directed/getParent()|>,
  <<|java+class:///org/quilt/cl/ControlFlowGraph|,|java+class:///org/quilt/graph/Directed|>,210,|project://quilt-0.6-a-5/src/java/org/quilt/cl/GraphTalker.java|(851,8,<26,43>,<26,51>),|java+method:///org/quilt/graph/Directed/size()|>,
  <<|java+class:///org/quilt/cl/ControlFlowGraph|,|java+class:///org/quilt/graph/Directed|>,210,|project://quilt-0.6-a-5/src/java/org/quilt/cl/GraphTalker.java|(1588,17,<43,26>,<43,43>),|java+method:///org/quilt/graph/Directed/getIndex()|>,
  <<|java+class:///org/quilt/cl/ControlFlowGraph|,|java+class:///org/quilt/graph/Directed|>,210,|project://quilt-0.6-a-5/src/test/org/quilt/cl/TestSortedBlocks.java|(578,16,<25,17>,<25,33>),|java+method:///org/quilt/graph/Directed/getEntry()|>,
  <<|java+class:///org/quilt/cl/CodeVertex|,|java+class:///org/quilt/graph/Vertex|>,210,|project://quilt-0.6-a-5/src/test/org/quilt/cl/TestSortedBlocks.java|(941,12,<32,12>,<32,24>),|java+method:///org/quilt/graph/Vertex/getEdge()|>,
  <<|java+class:///org/quilt/cl/CodeVertex|,|java+class:///org/quilt/graph/Vertex|>,210,|project://quilt-0.6-a-5/src/test/org/quilt/cl/TestSortedBlocks.java|(1015,12,<34,12>,<34,24>),|java+method:///org/quilt/graph/Vertex/getEdge()|>,
  <<|java+class:///org/quilt/graph/Entry|,|java+class:///org/quilt/graph/Vertex|>,210,|project://quilt-0.6-a-5/src/java/org/quilt/graph/Directed.java|(3604,87,<101,8>,<102,64>),|java+method:///org/quilt/graph/Vertex/setConnector(org.quilt.graph.Connector)|>,
  <<|java+class:///org/quilt/cl/ControlFlowGraph|,|java+class:///org/quilt/graph/Directed|>,210,|project://quilt-0.6-a-5/src/test/org/quilt/cl/TestGraphTransformer.java|(2498,18,<78,52>,<78,70>),|java+method:///org/quilt/graph/Directed/getExit()|>,
  <<|java+class:///org/quilt/cl/ControlFlowGraph|,|java+class:///org/quilt/graph/Directed|>,210,|project://quilt-0.6-a-5/src/test/org/quilt/cl/TestGraphTransformer.java|(2580,15,<79,61>,<79,76>),|java+method:///org/quilt/graph/Directed/size()|>,
  <<|java+class:///org/quilt/cl/ControlFlowGraph|,|java+class:///org/quilt/graph/Directed|>,210,|project://quilt-0.6-a-5/src/test/org/quilt/cl/TestGraphTransformer.java|(3965,18,<107,52>,<107,70>),|java+method:///org/quilt/graph/Directed/getExit()|>,
  <<|java+class:///org/quilt/cl/ControlFlowGraph|,|java+class:///org/quilt/graph/Directed|>,210,|project://quilt-0.6-a-5/src/test/org/quilt/cl/TestGraphTransformer.java|(4046,15,<108,60>,<108,75>),|java+method:///org/quilt/graph/Directed/size()|>,
  <<|java+class:///org/quilt/cl/ControlFlowGraph|,|java+class:///org/quilt/graph/Directed|>,210,|project://quilt-0.6-a-5/src/test/org/quilt/cl/TestGraphTransformer.java|(5154,18,<133,52>,<133,70>),|java+method:///org/quilt/graph/Directed/getExit()|>,
  <<|java+class:///org/quilt/cl/ControlFlowGraph|,|java+class:///org/quilt/graph/Directed|>,210,|project://quilt-0.6-a-5/src/test/org/quilt/cl/TestGraphTransformer.java|(5234,15,<134,59>,<134,74>),|java+method:///org/quilt/graph/Directed/size()|>,
  <<|java+class:///org/quilt/cl/ControlFlowGraph|,|java+class:///org/quilt/graph/Directed|>,210,|project://quilt-0.6-a-5/src/test/org/quilt/cl/TestGraphTransformer.java|(6289,18,<159,52>,<159,70>),|java+method:///org/quilt/graph/Directed/getExit()|>,
  <<|java+class:///org/quilt/cl/ControlFlowGraph|,|java+class:///org/quilt/graph/Directed|>,210,|project://quilt-0.6-a-5/src/test/org/quilt/cl/TestGraphTransformer.java|(6428,15,<161,55>,<161,70>),|java+method:///org/quilt/graph/Directed/size()|>,
  <<|java+class:///org/quilt/cl/ControlFlowGraph|,|java+class:///org/quilt/graph/Directed|>,210,|project://quilt-0.6-a-5/src/test/org/quilt/cl/TestGraphTransformer.java|(8151,18,<194,52>,<194,70>),|java+method:///org/quilt/graph/Directed/getExit()|>,
  <<|java+class:///org/quilt/cl/ControlFlowGraph|,|java+class:///org/quilt/graph/Directed|>,210,|project://quilt-0.6-a-5/src/test/org/quilt/cl/TestGraphTransformer.java|(8288,15,<196,55>,<196,70>),|java+method:///org/quilt/graph/Directed/size()|>,
  <<|java+class:///org/quilt/cl/ControlFlowGraph|,|java+class:///org/quilt/graph/Directed|>,210,|project://quilt-0.6-a-5/src/test/org/quilt/cl/TestGraphTransformer.java|(9903,18,<230,52>,<230,70>),|java+method:///org/quilt/graph/Directed/getExit()|>,
  <<|java+class:///org/quilt/cl/ControlFlowGraph|,|java+class:///org/quilt/graph/Directed|>,210,|project://quilt-0.6-a-5/src/test/org/quilt/cl/TestGraphTransformer.java|(9984,15,<231,60>,<231,75>),|java+method:///org/quilt/graph/Directed/size()|>,
  <<|java+class:///org/quilt/frontend/ant/QuiltTask|,|java+class:///org/apache/tools/ant/Task|>,211,|project://quilt-0.6-a-5/src/java/org/quilt/frontend/ant/QuiltTask.java|(9821,15,<275,12>,<275,27>),|java+method:///java/lang/Object/getClass()|>,
  <<|java+class:///org/quilt/cover/stmt/MethodAction|,|java+interface:///org/quilt/cl/MethodXformer|>,211,|project://quilt-0.6-a-5/src/java/org/quilt/cover/stmt/MethodAction.java|(1150,15,<35,16>,<35,31>),|java+method:///java/lang/Object/getClass()|>,
  <<|java+class:///org/quilt/cl/ControlFlowGraph|,|java+class:///org/quilt/graph/Directed|>,210,|project://quilt-0.6-a-5/src/test/org/quilt/cl/TestTryStacks.java|(4041,12,<104,55>,<104,67>),|java+method:///org/quilt/graph/Directed/size()|>,
  <<|java+class:///org/quilt/cl/ControlFlowGraph|,|java+class:///org/quilt/graph/Directed|>,210,|project://quilt-0.6-a-5/src/test/org/quilt/cl/TestTryStacks.java|(4286,12,<108,55>,<108,67>),|java+method:///org/quilt/graph/Directed/size()|>,
  <<|java+class:///org/quilt/cl/ControlFlowGraph|,|java+class:///org/quilt/graph/Directed|>,210,|project://quilt-0.6-a-5/src/test/org/quilt/cl/TestTryStacks.java|(6421,16,<160,17>,<160,33>),|java+method:///org/quilt/graph/Directed/getEntry()|>,
  <<|java+class:///org/quilt/cl/CodeVertex|,|java+class:///org/quilt/graph/Vertex|>,210,|project://quilt-0.6-a-5/src/test/org/quilt/cl/TestTryStacks.java|(7257,17,<179,17>,<179,34>),|java+method:///org/quilt/graph/Vertex/getConnector()|>,
  <<|java+class:///org/quilt/cl/CodeVertex|,|java+class:///org/quilt/graph/Vertex|>,210,|project://quilt-0.6-a-5/src/test/org/quilt/cl/TestTryStacks.java|(7293,12,<180,17>,<180,29>),|java+method:///org/quilt/graph/Vertex/getEdge()|>,
  <<|java+class:///org/quilt/graph/Entry|,|java+class:///org/quilt/graph/Vertex|>,210,|project://quilt-0.6-a-5/src/test/org/quilt/cl/TestTryStacks.java|(7631,13,<186,56>,<186,69>),|java+method:///org/quilt/graph/Vertex/getIndex()|>,
  <<|java+class:///org/quilt/graph/Entry|,|java+class:///org/quilt/graph/Vertex|>,210,|project://quilt-0.6-a-5/src/test/org/quilt/cl/TestTryStacks.java|(7703,13,<187,56>,<187,69>),|java+method:///org/quilt/graph/Vertex/getIndex()|>,
  <<|java+class:///org/quilt/graph/Entry|,|java+class:///org/quilt/graph/Vertex|>,210,|project://quilt-0.6-a-5/src/test/org/quilt/cl/TestTryStacks.java|(7775,13,<188,56>,<188,69>),|java+method:///org/quilt/graph/Vertex/getIndex()|>,
  <<|java+class:///org/quilt/cl/CodeVertex|,|java+class:///org/quilt/graph/Vertex|>,210,|project://quilt-0.6-a-5/src/test/org/quilt/cl/TestTryStacks.java|(8066,13,<194,52>,<194,65>),|java+method:///org/quilt/graph/Vertex/getGraph()|>,
  <<|java+class:///org/quilt/cl/CodeVertex|,|java+class:///org/quilt/graph/Vertex|>,210,|project://quilt-0.6-a-5/src/test/org/quilt/cl/TestTryStacks.java|(8177,13,<196,48>,<196,61>),|java+method:///org/quilt/graph/Vertex/getIndex()|>,
  <<|java+class:///org/quilt/cl/CodeVertex|,|java+class:///org/quilt/graph/Vertex|>,210,|project://quilt-0.6-a-5/src/test/org/quilt/cl/TestTryStacks.java|(9200,14,<218,54>,<218,68>),|java+method:///org/quilt/graph/Vertex/getTarget()|>,
  <<|java+class:///org/quilt/graph/Exit|,|java+class:///org/quilt/graph/Vertex|>,210,|project://quilt-0.6-a-5/src/test/org/quilt/cl/TestTryStacks.java|(9415,13,<222,55>,<222,68>),|java+method:///org/quilt/graph/Vertex/getIndex()|>,
  <<|java+class:///org/quilt/graph/Exit|,|java+class:///org/quilt/graph/Vertex|>,210,|project://quilt-0.6-a-5/src/test/org/quilt/cl/TestTryStacks.java|(9486,13,<223,55>,<223,68>),|java+method:///org/quilt/graph/Vertex/getIndex()|>,
  <<|java+class:///org/quilt/graph/Exit|,|java+class:///org/quilt/graph/Vertex|>,210,|project://quilt-0.6-a-5/src/test/org/quilt/cl/TestTryStacks.java|(9557,13,<224,55>,<224,68>),|java+method:///org/quilt/graph/Vertex/getIndex()|>,
  <<|java+class:///org/quilt/cl/CodeVertex|,|java+class:///org/quilt/graph/Vertex|>,210,|project://quilt-0.6-a-5/src/test/org/quilt/cl/TestTryStacks.java|(9777,13,<230,17>,<230,30>),|java+method:///org/quilt/graph/Vertex/getEdge()|>,
  <<|java+class:///org/quilt/cl/CodeVertex|,|java+class:///org/quilt/graph/Vertex|>,210,|project://quilt-0.6-a-5/src/test/org/quilt/cl/TestTryStacks.java|(10109,14,<235,56>,<235,70>),|java+method:///org/quilt/graph/Vertex/getIndex()|>,
  <<|java+class:///org/quilt/cl/CodeVertex|,|java+class:///org/quilt/graph/Vertex|>,210,|project://quilt-0.6-a-5/src/test/org/quilt/cl/TestTryStacks.java|(10269,13,<239,17>,<239,30>),|java+method:///org/quilt/graph/Vertex/getEdge()|>,
  <<|java+class:///org/quilt/cl/CodeVertex|,|java+class:///org/quilt/graph/Vertex|>,210,|project://quilt-0.6-a-5/src/test/org/quilt/cl/TestTryStacks.java|(10601,14,<244,56>,<244,70>),|java+method:///org/quilt/graph/Vertex/getIndex()|>,
  <<|java+class:///org/quilt/cl/CodeVertex|,|java+class:///org/quilt/graph/Vertex|>,210,|project://quilt-0.6-a-5/src/test/org/quilt/cl/TestTryStacks.java|(10730,13,<248,17>,<248,30>),|java+method:///org/quilt/graph/Vertex/getEdge()|>,
  <<|java+class:///org/quilt/cl/CodeVertex|,|java+class:///org/quilt/graph/Vertex|>,210,|project://quilt-0.6-a-5/src/test/org/quilt/cl/TestTryStacks.java|(11062,14,<253,56>,<253,70>),|java+method:///org/quilt/graph/Vertex/getIndex()|>,
  <<|java+class:///org/quilt/cl/CodeVertex|,|java+class:///org/quilt/graph/Vertex|>,210,|project://quilt-0.6-a-5/src/test/org/quilt/cl/TestTryStacks.java|(11270,13,<259,17>,<259,30>),|java+method:///org/quilt/graph/Vertex/getEdge()|>,
  <<|java+class:///org/quilt/cl/CodeVertex|,|java+class:///org/quilt/graph/Vertex|>,210,|project://quilt-0.6-a-5/src/test/org/quilt/cl/TestTryStacks.java|(11602,14,<264,56>,<264,70>),|java+method:///org/quilt/graph/Vertex/getIndex()|>,
  <<|java+class:///org/quilt/cl/CodeVertex|,|java+class:///org/quilt/graph/Vertex|>,210,|project://quilt-0.6-a-5/src/test/org/quilt/cl/TestTryStacks.java|(11731,13,<268,17>,<268,30>),|java+method:///org/quilt/graph/Vertex/getEdge()|>,
  <<|java+class:///org/quilt/cl/CodeVertex|,|java+class:///org/quilt/graph/Vertex|>,210,|project://quilt-0.6-a-5/src/test/org/quilt/cl/TestTryStacks.java|(12063,14,<273,56>,<273,70>),|java+method:///org/quilt/graph/Vertex/getIndex()|>,
  <<|java+class:///org/quilt/cl/ControlFlowGraph|,|java+class:///org/quilt/graph/Directed|>,210,|project://quilt-0.6-a-5/src/test/org/quilt/cl/TestTryStacks.java|(12553,12,<286,52>,<286,64>),|java+method:///org/quilt/graph/Directed/size()|>,
  <<|java+class:///org/quilt/cl/ControlFlowGraph|,|java+class:///org/quilt/graph/Directed|>,210,|project://quilt-0.6-a-5/src/test/org/quilt/cl/TestVertexData.java|(2320,16,<60,48>,<60,64>),|java+method:///org/quilt/graph/Directed/getEntry()|>,
  <<|java+class:///org/quilt/runner/Runner|,|java+interface:///org/quilt/runner/RunnerConst|>,210,|project://quilt-0.6-a-5/src/java/org/quilt/frontend/ant/TestExec.java|(1494,6,<50,31>,<50,37>),|java+field:///org/quilt/runner/RunnerConst/ERRORS|>,
  <<|java+class:///org/quilt/runner/Runner|,|java+interface:///org/quilt/runner/RunnerConst|>,210,|project://quilt-0.6-a-5/src/java/org/quilt/frontend/ant/TestExec.java|(2030,6,<64,50>,<64,56>),|java+field:///org/quilt/runner/RunnerConst/ERRORS|>,
  <<|java+class:///org/quilt/runner/Runner|,|java+interface:///org/quilt/runner/RunnerConst|>,210,|project://quilt-0.6-a-5/src/java/org/quilt/frontend/ant/TestExec.java|(2161,7,<67,50>,<67,57>),|java+field:///org/quilt/runner/RunnerConst/SUCCESS|>,
  <<|java+class:///org/quilt/cl/CodeVertex|,|java+class:///org/quilt/graph/Vertex|>,210,|project://quilt-0.6-a-5/src/java/org/quilt/cl/SortedBlocks.java|(2278,12,<69,56>,<69,68>),|java+method:///org/quilt/graph/Vertex/getGraph()|>,
  <<|java+class:///org/quilt/cl/ControlFlowGraph|,|java+class:///org/quilt/graph/Directed|>,210,|project://quilt-0.6-a-5/src/java/org/quilt/cl/SortedBlocks.java|(2456,30,<73,29>,<73,59>),|java+method:///org/quilt/graph/Directed/closestEntry(org.quilt.graph.Directed)|>,
  <<|java+class:///org/quilt/cl/ControlFlowGraph|,|java+class:///org/quilt/graph/Directed|>,210,|project://quilt-0.6-a-5/src/java/org/quilt/cl/SortedBlocks.java|(2839,19,<80,28>,<80,47>),|java+method:///org/quilt/graph/Directed/getExit()|>,
  <<|java+class:///org/quilt/cl/CodeVertex|,|java+class:///org/quilt/graph/Vertex|>,210,|project://quilt-0.6-a-5/src/java/org/quilt/cl/SortedBlocks.java|(5668,12,<163,24>,<163,36>),|java+method:///org/quilt/graph/Vertex/getIndex()|>,
  <<|java+class:///org/quilt/cl/CodeVertex|,|java+class:///org/quilt/graph/Vertex|>,210,|project://quilt-0.6-a-5/src/java/org/quilt/cl/BytecodeCollector.java|(7444,16,<199,42>,<199,58>),|java+method:///org/quilt/graph/Vertex/getConnector()|>,
  <<|java+class:///org/quilt/cl/CodeVertex|,|java+class:///org/quilt/graph/Vertex|>,210,|project://quilt-0.6-a-5/src/java/org/quilt/cl/BytecodeCollector.java|(7815,16,<206,44>,<206,60>),|java+method:///org/quilt/graph/Vertex/getConnector()|>,
  <<|java+class:///org/quilt/cl/CodeVertex|,|java+class:///org/quilt/graph/Vertex|>,210,|project://quilt-0.6-a-5/src/java/org/quilt/cl/BytecodeCollector.java|(8358,11,<216,51>,<216,62>),|java+method:///org/quilt/graph/Vertex/getEdge()|>,
  <<|java+class:///org/quilt/cl/CodeVertex|,|java+class:///org/quilt/graph/Vertex|>,210,|project://quilt-0.6-a-5/src/java/org/quilt/cl/BytecodeCollector.java|(8773,11,<224,51>,<224,62>),|java+method:///org/quilt/graph/Vertex/getEdge()|>,
  <<|java+class:///org/quilt/cl/CodeVertex|,|java+class:///org/quilt/graph/Vertex|>,210,|project://quilt-0.6-a-5/src/java/org/quilt/cl/BytecodeCollector.java|(9378,16,<237,62>,<237,78>),|java+method:///org/quilt/graph/Vertex/getConnector()|>,
  <<|java+class:///org/quilt/frontend/ant/QuiltTask|,|java+class:///org/apache/tools/ant/Task|>,211,|project://quilt-0.6-a-5/src/java/org/quilt/frontend/ant/TaskControl.java|(2988,17,<82,43>,<82,60>),|java+method:///org/apache/tools/ant/ProjectComponent/getProject()|>,
  <<|java+class:///org/quilt/frontend/ant/QuiltTask|,|java+class:///org/apache/tools/ant/Task|>,211,|project://quilt-0.6-a-5/src/java/org/quilt/frontend/ant/TaskControl.java|(8000,17,<232,19>,<232,36>),|java+method:///org/apache/tools/ant/ProjectComponent/getProject()|>,
  <<|java+class:///org/quilt/frontend/ant/QuiltTask|,|java+class:///org/apache/tools/ant/Task|>,211,|project://quilt-0.6-a-5/src/java/org/quilt/frontend/ant/TaskControl.java|(10551,18,<295,41>,<295,59>),|java+method:///org/apache/tools/ant/Task/getTaskName()|>,
  <<|java+class:///org/quilt/graph/Entry|,|java+class:///org/quilt/graph/Vertex|>,210,|project://quilt-0.6-a-5/src/test/org/quilt/graph/TestA2O.java|(1156,20,<43,8>,<43,28>),|java+method:///org/quilt/graph/Vertex/setLabel(java.lang.String)|>,
  <<|java+class:///org/quilt/graph/Exit|,|java+class:///org/quilt/graph/Vertex|>,210,|project://quilt-0.6-a-5/src/test/org/quilt/graph/TestA2O.java|(1219,19,<45,8>,<45,27>),|java+method:///org/quilt/graph/Vertex/setLabel(java.lang.String)|>,
  <<|java+class:///org/quilt/graph/Entry|,|java+class:///org/quilt/graph/Vertex|>,210,|project://quilt-0.6-a-5/src/test/org/quilt/graph/TestA2O.java|(1498,18,<56,8>,<56,26>),|java+method:///org/quilt/graph/Vertex/setLabel(java.lang.String)|>,
  <<|java+class:///org/quilt/graph/Exit|,|java+class:///org/quilt/graph/Vertex|>,210,|project://quilt-0.6-a-5/src/test/org/quilt/graph/TestA2O.java|(1564,16,<59,8>,<59,24>),|java+method:///org/quilt/graph/Vertex/setLabel(java.lang.String)|>
]