[
  <<|java+class:///org/quilt/graph/MultiConnector|,|java+class:///org/quilt/graph/Connector|>,220,<|java+method:///org/quilt/graph/Connector/getEdge()|,|java+constructor:///org/quilt/graph/MultiConnector/MultiConnector(org.quilt.graph.Connector,int)|>>,
  <<|java+class:///org/quilt/textui/TestRunner|,|java+class:///org/quilt/textui/Textui|>,220,<|java+field:///org/quilt/textui/Textui/stmtReg|,|java+method:///org/quilt/textui/TestRunner/runWithIt(org.quilt.framework.QuiltTest,java.util.Vector)|>>,
  <<|java+class:///org/quilt/textui/TestRunner|,|java+class:///org/quilt/textui/Textui|>,220,<|java+field:///org/quilt/textui/Textui/quiltLoader|,|java+method:///org/quilt/textui/TestRunner/runWithIt(org.quilt.framework.QuiltTest,java.util.Vector)|>>,
  <<|java+class:///org/quilt/textui/TestRunner|,|java+class:///org/quilt/textui/Textui|>,220,<|java+method:///org/quilt/textui/Textui/handleArgs(java.lang.String%5B%5D)|,|java+method:///org/quilt/textui/TestRunner/main(java.lang.String%5B%5D)|>>,
  <<|java+class:///org/quilt/graph/Entry|,|java+class:///org/quilt/graph/Vertex|>,220,<|java+field:///org/quilt/graph/Vertex/connector|,|java+method:///org/quilt/graph/Entry/getEdge()|>>,
  <<|java+class:///org/quilt/graph/Entry|,|java+class:///org/quilt/graph/Vertex|>,220,<|java+method:///org/quilt/graph/Vertex/toString()|,|java+method:///org/quilt/graph/Entry/toString()|>>,
  <<|java+class:///org/quilt/graph/Entry|,|java+class:///org/quilt/graph/Vertex|>,220,<|java+method:///org/quilt/graph/Vertex/checkForNull(java.lang.Object,java.lang.String)|,|java+method:///org/quilt/graph/Entry/setTarget(org.quilt.graph.Vertex)|>>,
  <<|java+class:///org/quilt/graph/Entry|,|java+class:///org/quilt/graph/Vertex|>,220,<|java+field:///org/quilt/graph/Vertex/connector|,|java+method:///org/quilt/graph/Entry/setTarget(org.quilt.graph.Vertex)|>>,
  <<|java+class:///org/quilt/graph/Entry|,|java+class:///org/quilt/graph/Vertex|>,220,<|java+method:///org/quilt/graph/Vertex/getGraph()|,|java+method:///org/quilt/graph/Entry/setTarget(org.quilt.graph.Vertex)|>>,
  <<|java+class:///org/quilt/graph/Entry|,|java+class:///org/quilt/graph/Vertex|>,220,<|java+field:///org/quilt/graph/Vertex/graph|,|java+method:///org/quilt/graph/Entry/setTarget(org.quilt.graph.Vertex)|>>,
  <<|java+class:///org/quilt/graph/Entry|,|java+class:///org/quilt/graph/Vertex|>,220,<|java+field:///org/quilt/graph/Vertex/connector|,|java+constructor:///org/quilt/graph/Entry/Entry(org.quilt.graph.Directed)|>>,
  <<|java+class:///org/quilt/graph/Entry|,|java+class:///org/quilt/graph/Vertex|>,220,<|java+field:///org/quilt/graph/Vertex/graph|,|java+constructor:///org/quilt/graph/Entry/Entry(org.quilt.graph.Directed)|>>,
  <<|java+class:///org/quilt/graph/Entry|,|java+class:///org/quilt/graph/Vertex|>,220,<|java+field:///org/quilt/graph/Vertex/index|,|java+constructor:///org/quilt/graph/Entry/Entry(org.quilt.graph.Directed)|>>,
  <<|java+class:///org/quilt/graph/Entry|,|java+class:///org/quilt/graph/Vertex|>,220,<|java+field:///org/quilt/graph/Vertex/connector|,|java+method:///org/quilt/graph/Entry/getTarget()|>>,
  <<|java+class:///org/quilt/graph/Entry|,|java+class:///org/quilt/graph/Vertex|>,220,<|java+field:///org/quilt/graph/Vertex/connector|,|java+method:///org/quilt/graph/Entry/getConnector()|>>,
  <<|java+class:///org/quilt/runner/BaseTestRunner|,|java+class:///org/quilt/framework/QuiltTest|>,220,<|java+method:///org/quilt/framework/QuiltTest/getName()|,|java+constructor:///org/quilt/runner/BaseTestRunner/BaseTestRunner(org.quilt.framework.QuiltTest,java.lang.ClassLoader)|>>,
  <<|java+class:///org/quilt/runner/BaseTestRunner|,|java+class:///org/quilt/framework/QuiltTest|>,220,<|java+method:///org/quilt/framework/QuiltTest/getHaltOnFailure()|,|java+method:///org/quilt/runner/BaseTestRunner/addFailure(junit.framework.Test,java.lang.Throwable)|>>,
  <<|java+class:///org/quilt/runner/BaseTestRunner|,|java+class:///org/quilt/framework/QuiltTest|>,220,<|java+method:///org/quilt/framework/QuiltTest/getFiltertrace()|,|java+method:///org/quilt/runner/BaseTestRunner/fireStartTestSuite()|>>,
  <<|java+class:///org/quilt/runner/BaseTestRunner|,|java+class:///org/quilt/framework/QuiltTest|>,220,<|java+method:///org/quilt/framework/QuiltTest/getHaltOnError()|,|java+method:///org/quilt/runner/BaseTestRunner/addError(junit.framework.Test,java.lang.Throwable)|>>,
  <<|java+class:///org/quilt/runner/BaseTestRunner|,|java+class:///org/quilt/framework/QuiltTest|>,220,<|java+method:///org/quilt/framework/QuiltTest/getFork()|,|java+method:///org/quilt/runner/BaseTestRunner/run()|>>,
  <<|java+class:///org/quilt/runner/BaseTestRunner|,|java+class:///org/quilt/framework/QuiltTest|>,220,<|java+method:///org/quilt/framework/QuiltTest/setCounts(long,long,long)|,|java+method:///org/quilt/runner/BaseTestRunner/run()|>>,
  <<|java+class:///org/quilt/runner/BaseTestRunner|,|java+class:///org/quilt/framework/QuiltTest|>,220,<|java+method:///org/quilt/framework/QuiltTest/setRunTime(long)|,|java+method:///org/quilt/runner/BaseTestRunner/run()|>>,
  <<|java+class:///org/quilt/runner/BaseTestRunner|,|java+class:///org/quilt/framework/QuiltTest|>,220,<|java+method:///org/quilt/framework/QuiltTest/getShowOutput()|,|java+method:///org/quilt/runner/BaseTestRunner/run()|>>,
  <<|java+class:///org/quilt/cover/stmt/StmtRegistry|,|java+class:///org/quilt/reg/Registry|>,220,<|java+method:///org/quilt/reg/Registry/get(java.lang.String%5B%5D)|,|java+method:///org/quilt/cover/stmt/StmtRegistry/getClassCoverage(java.lang.String)|>>,
  <<|java+class:///org/quilt/cover/stmt/StmtRegistry|,|java+class:///org/quilt/reg/Registry|>,220,<|java+method:///org/quilt/reg/Registry/get(java.lang.String%5B%5D)|,|java+method:///org/quilt/cover/stmt/StmtRegistry/getCounts(java.lang.String)|>>,
  <<|java+class:///org/quilt/cover/stmt/StmtRegistry|,|java+class:///org/quilt/reg/Registry|>,220,<|java+method:///org/quilt/reg/Registry/get(java.lang.String%5B%5D)|,|java+method:///org/quilt/cover/stmt/StmtRegistry/getMethodCoverage(java.lang.String,int)|>>,
  <<|java+class:///org/quilt/cover/stmt/StmtRegistry|,|java+class:///org/quilt/reg/QuiltRegistry|>,220,<|java+field:///org/quilt/reg/QuiltRegistry/cxf|,|java+constructor:///org/quilt/cover/stmt/StmtRegistry/StmtRegistry(org.quilt.cl.QuiltClassLoader)|>>,
  <<|java+class:///org/quilt/cover/stmt/StmtRegistry|,|java+class:///org/quilt/reg/QuiltRegistry|>,220,<|java+field:///org/quilt/reg/QuiltRegistry/gxf|,|java+constructor:///org/quilt/cover/stmt/StmtRegistry/StmtRegistry(org.quilt.cl.QuiltClassLoader)|>>,
  <<|java+class:///org/quilt/cover/stmt/StmtRegistry|,|java+class:///org/quilt/reg/QuiltRegistry|>,220,<|java+method:///org/quilt/reg/QuiltRegistry/setTransformers()|,|java+constructor:///org/quilt/cover/stmt/StmtRegistry/StmtRegistry(org.quilt.cl.QuiltClassLoader)|>>,
  <<|java+class:///org/quilt/cover/stmt/StmtRegistry|,|java+class:///org/quilt/reg/QuiltRegistry|>,220,<|java+field:///org/quilt/reg/QuiltRegistry/mxf|,|java+constructor:///org/quilt/cover/stmt/StmtRegistry/StmtRegistry(org.quilt.cl.QuiltClassLoader)|>>,
  <<|java+class:///org/quilt/cover/stmt/StmtRegistry|,|java+class:///org/quilt/reg/Registry|>,220,<|java+method:///org/quilt/reg/Registry/keySet()|,|java+method:///org/quilt/cover/stmt/StmtRegistry/getReport()|>>,
  <<|java+class:///org/quilt/cover/stmt/StmtRegistry|,|java+class:///org/quilt/reg/Registry|>,220,<|java+method:///org/quilt/reg/Registry/isEmpty()|,|java+method:///org/quilt/cover/stmt/StmtRegistry/getReport()|>>,
  <<|java+class:///org/quilt/cover/stmt/StmtRegistry|,|java+class:///org/quilt/reg/Registry|>,220,<|java+method:///org/quilt/reg/Registry/get(java.lang.String%5B%5D)|,|java+method:///org/quilt/cover/stmt/StmtRegistry/getReport()|>>,
  <<|java+class:///org/quilt/cover/stmt/StmtRegistry|,|java+class:///org/quilt/reg/Registry|>,220,<|java+method:///org/quilt/reg/Registry/put(java.lang.String%5B%5D,java.lang.Object)|,|java+method:///org/quilt/cover/stmt/StmtRegistry/registerCounts(java.lang.String,int%5B%5D)|>>,
  <<|java+class:///org/quilt/graph/ComplexConnector|,|java+class:///org/quilt/graph/Connector|>,220,<|java+method:///org/quilt/graph/Connector/getEdge()|,|java+constructor:///org/quilt/graph/ComplexConnector/ComplexConnector(org.quilt.graph.Connector,int)|>>,
  <<|java+class:///org/quilt/reports/BriefFormatter|,|java+class:///org/quilt/reports/BaseFormatter|>,220,<|java+method:///org/quilt/reports/BaseFormatter/endTest(junit.framework.Test)|,|java+method:///org/quilt/reports/BriefFormatter/formatError(java.lang.String,junit.framework.Test,java.lang.Throwable)|>>,
  <<|java+class:///org/quilt/reports/BriefFormatter|,|java+class:///org/quilt/reports/BaseFormatter|>,220,<|java+field:///org/quilt/reports/BaseFormatter/filtertrace|,|java+method:///org/quilt/reports/BriefFormatter/formatError(java.lang.String,junit.framework.Test,java.lang.Throwable)|>>,
  <<|java+class:///org/quilt/reports/BriefFormatter|,|java+class:///org/quilt/reports/BaseFormatter|>,220,<|java+field:///org/quilt/reports/BaseFormatter/resultWriter|,|java+method:///org/quilt/reports/BriefFormatter/formatError(java.lang.String,junit.framework.Test,java.lang.Throwable)|>>,
  <<|java+class:///org/quilt/reports/BriefFormatter|,|java+class:///org/quilt/reports/BaseFormatter|>,220,<|java+field:///org/quilt/reports/BaseFormatter/runner|,|java+method:///org/quilt/reports/BriefFormatter/formatError(java.lang.String,junit.framework.Test,java.lang.Throwable)|>>,
  <<|java+class:///org/quilt/reports/BriefFormatter|,|java+class:///org/quilt/reports/BaseFormatter|>,220,<|java+field:///org/quilt/reports/BaseFormatter/resultWriter|,|java+constructor:///org/quilt/reports/BriefFormatter/BriefFormatter()|>>,
  <<|java+class:///org/quilt/reports/BriefFormatter|,|java+class:///org/quilt/reports/BaseFormatter|>,220,<|java+field:///org/quilt/reports/BaseFormatter/results|,|java+constructor:///org/quilt/reports/BriefFormatter/BriefFormatter()|>>,
  <<|java+class:///org/quilt/reports/BriefFormatter|,|java+class:///org/quilt/reports/BaseFormatter|>,220,<|java+field:///org/quilt/reports/BaseFormatter/results|,|java+method:///org/quilt/reports/BriefFormatter/endTestSuite(org.quilt.framework.QuiltTest)|>>,
  <<|java+class:///org/quilt/reports/BriefFormatter|,|java+class:///org/quilt/reports/BaseFormatter|>,220,<|java+field:///org/quilt/reports/BaseFormatter/systemError|,|java+method:///org/quilt/reports/BriefFormatter/endTestSuite(org.quilt.framework.QuiltTest)|>>,
  <<|java+class:///org/quilt/reports/BriefFormatter|,|java+class:///org/quilt/reports/BaseFormatter|>,220,<|java+field:///org/quilt/reports/BaseFormatter/numberFormat|,|java+method:///org/quilt/reports/BriefFormatter/endTestSuite(org.quilt.framework.QuiltTest)|>>,
  <<|java+class:///org/quilt/reports/BriefFormatter|,|java+class:///org/quilt/reports/BaseFormatter|>,220,<|java+field:///org/quilt/reports/BaseFormatter/output|,|java+method:///org/quilt/reports/BriefFormatter/endTestSuite(org.quilt.framework.QuiltTest)|>>,
  <<|java+class:///org/quilt/reports/BriefFormatter|,|java+class:///org/quilt/reports/BaseFormatter|>,220,<|java+field:///org/quilt/reports/BaseFormatter/out|,|java+method:///org/quilt/reports/BriefFormatter/endTestSuite(org.quilt.framework.QuiltTest)|>>,
  <<|java+class:///org/quilt/reports/BriefFormatter|,|java+class:///org/quilt/reports/BaseFormatter|>,220,<|java+field:///org/quilt/reports/BaseFormatter/resultWriter|,|java+method:///org/quilt/reports/BriefFormatter/endTestSuite(org.quilt.framework.QuiltTest)|>>,
  <<|java+class:///org/quilt/reports/BriefFormatter|,|java+class:///org/quilt/reports/BaseFormatter|>,220,<|java+field:///org/quilt/reports/BaseFormatter/systemOutput|,|java+method:///org/quilt/reports/BriefFormatter/endTestSuite(org.quilt.framework.QuiltTest)|>>,
  <<|java+class:///org/quilt/textui/MockTestRunner|,|java+class:///org/quilt/textui/Textui|>,220,<|java+method:///org/quilt/textui/Textui/handleArgs(java.lang.String%5B%5D)|,|java+method:///org/quilt/textui/MockTestRunner/main(java.lang.String%5B%5D)|>>,
  <<|java+class:///ComplicatedConstructor|,|java+class:///SuperClass|>,220,<|java+method:///SuperClass/getValue()|,|java+method:///ComplicatedConstructor/runTest(int)|>>,
  <<|java+class:///org/quilt/frontend/ant/BatchTest|,|java+class:///org/quilt/framework/QuiltTest|>,220,<|java+method:///org/quilt/framework/QuiltTest/runMe(org.apache.tools.ant.Project)|,|java+method:///org/quilt/frontend/ant/BatchTest/unbatch(org.quilt.frontend.ant.Scheduler)|>>,
  <<|java+class:///org/quilt/frontend/ant/BatchTest|,|java+class:///org/quilt/framework/QuiltTest|>,220,<|java+method:///org/quilt/framework/QuiltTest/clone()|,|java+method:///org/quilt/frontend/ant/BatchTest/unbatch(org.quilt.frontend.ant.Scheduler)|>>,
  <<|java+class:///org/quilt/frontend/ant/BatchTest|,|java+class:///org/quilt/framework/QuiltTest|>,220,<|java+method:///org/quilt/framework/QuiltTest/setName(java.lang.String)|,|java+method:///org/quilt/frontend/ant/BatchTest/unbatch(org.quilt.frontend.ant.Scheduler)|>>,
  <<|java+class:///org/quilt/reports/PlainFormatter|,|java+class:///org/quilt/reports/BaseFormatter|>,220,<|java+field:///org/quilt/reports/BaseFormatter/filtertrace|,|java+method:///org/quilt/reports/PlainFormatter/formatError(java.lang.String,junit.framework.Test,java.lang.Throwable)|>>,
  <<|java+class:///org/quilt/reports/PlainFormatter|,|java+class:///org/quilt/reports/BaseFormatter|>,220,<|java+field:///org/quilt/reports/BaseFormatter/resultWriter|,|java+method:///org/quilt/reports/PlainFormatter/formatError(java.lang.String,junit.framework.Test,java.lang.Throwable)|>>,
  <<|java+class:///org/quilt/reports/PlainFormatter|,|java+class:///org/quilt/reports/BaseFormatter|>,220,<|java+field:///org/quilt/reports/BaseFormatter/runner|,|java+method:///org/quilt/reports/PlainFormatter/formatError(java.lang.String,junit.framework.Test,java.lang.Throwable)|>>,
  <<|java+class:///org/quilt/reports/PlainFormatter|,|java+class:///org/quilt/reports/BaseFormatter|>,220,<|java+field:///org/quilt/reports/BaseFormatter/results|,|java+method:///org/quilt/reports/PlainFormatter/endTestSuite(org.quilt.framework.QuiltTest)|>>,
  <<|java+class:///org/quilt/reports/PlainFormatter|,|java+class:///org/quilt/reports/BaseFormatter|>,220,<|java+field:///org/quilt/reports/BaseFormatter/systemError|,|java+method:///org/quilt/reports/PlainFormatter/endTestSuite(org.quilt.framework.QuiltTest)|>>,
  <<|java+class:///org/quilt/reports/PlainFormatter|,|java+class:///org/quilt/reports/BaseFormatter|>,220,<|java+field:///org/quilt/reports/BaseFormatter/numberFormat|,|java+method:///org/quilt/reports/PlainFormatter/endTestSuite(org.quilt.framework.QuiltTest)|>>,
  <<|java+class:///org/quilt/reports/PlainFormatter|,|java+class:///org/quilt/reports/BaseFormatter|>,220,<|java+field:///org/quilt/reports/BaseFormatter/out|,|java+method:///org/quilt/reports/PlainFormatter/endTestSuite(org.quilt.framework.QuiltTest)|>>,
  <<|java+class:///org/quilt/reports/PlainFormatter|,|java+class:///org/quilt/reports/BaseFormatter|>,220,<|java+field:///org/quilt/reports/BaseFormatter/resultWriter|,|java+method:///org/quilt/reports/PlainFormatter/endTestSuite(org.quilt.framework.QuiltTest)|>>,
  <<|java+class:///org/quilt/reports/PlainFormatter|,|java+class:///org/quilt/reports/BaseFormatter|>,220,<|java+field:///org/quilt/reports/BaseFormatter/systemOutput|,|java+method:///org/quilt/reports/PlainFormatter/endTestSuite(org.quilt.framework.QuiltTest)|>>,
  <<|java+class:///org/quilt/reports/PlainFormatter|,|java+class:///org/quilt/reports/BaseFormatter|>,220,<|java+field:///org/quilt/reports/BaseFormatter/resultWriter|,|java+method:///org/quilt/reports/PlainFormatter/endTest(junit.framework.Test)|>>,
  <<|java+class:///org/quilt/reports/PlainFormatter|,|java+class:///org/quilt/reports/BaseFormatter|>,220,<|java+field:///org/quilt/reports/BaseFormatter/numberFormat|,|java+method:///org/quilt/reports/PlainFormatter/endTest(junit.framework.Test)|>>,
  <<|java+class:///org/quilt/reports/PlainFormatter|,|java+class:///org/quilt/reports/BaseFormatter|>,220,<|java+method:///org/quilt/reports/BaseFormatter/getTestName(junit.framework.Test)|,|java+method:///org/quilt/reports/PlainFormatter/endTest(junit.framework.Test)|>>,
  <<|java+class:///org/quilt/reports/PlainFormatter|,|java+class:///org/quilt/reports/BaseFormatter|>,220,<|java+field:///org/quilt/reports/BaseFormatter/resultWriter|,|java+constructor:///org/quilt/reports/PlainFormatter/PlainFormatter()|>>,
  <<|java+class:///org/quilt/reports/PlainFormatter|,|java+class:///org/quilt/reports/BaseFormatter|>,220,<|java+field:///org/quilt/reports/BaseFormatter/results|,|java+constructor:///org/quilt/reports/PlainFormatter/PlainFormatter()|>>,
  <<|java+class:///org/quilt/cl/CodeVertex|,|java+class:///org/quilt/graph/Vertex|>,220,<|java+field:///org/quilt/graph/Vertex/label_|,|java+constructor:///org/quilt/cl/CodeVertex/CodeVertex(org.quilt.cl.ControlFlowGraph,java.lang.String)|>>,
  <<|java+class:///org/quilt/cl/CodeVertex|,|java+class:///org/quilt/graph/Vertex|>,220,<|java+method:///org/quilt/graph/Vertex/setConnector(org.quilt.graph.Connector)|,|java+method:///org/quilt/cl/CodeVertex/moveGoto(org.quilt.cl.CodeVertex)|>>,
  <<|java+class:///org/quilt/cl/CodeVertex|,|java+class:///org/quilt/graph/Vertex|>,220,<|java+method:///org/quilt/graph/Vertex/getConnector()|,|java+method:///org/quilt/cl/CodeVertex/moveGoto(org.quilt.cl.CodeVertex)|>>,
  <<|java+class:///org/quilt/cl/CodeVertex|,|java+class:///org/quilt/graph/Vertex|>,220,<|java+field:///org/quilt/graph/Vertex/label_|,|java+method:///org/quilt/cl/CodeVertex/toString(boolean)|>>,
  <<|java+class:///org/quilt/cl/CodeVertex|,|java+class:///org/quilt/graph/Vertex|>,220,<|java+method:///org/quilt/graph/Vertex/toString()|,|java+method:///org/quilt/cl/CodeVertex/toString()|>>,
  <<|java+class:///org/quilt/graph/Exit|,|java+class:///org/quilt/graph/Vertex|>,220,<|java+field:///org/quilt/graph/Vertex/connector|,|java+method:///org/quilt/graph/Exit/getEdge()|>>,
  <<|java+class:///org/quilt/graph/Exit|,|java+class:///org/quilt/graph/Vertex|>,220,<|java+method:///org/quilt/graph/Vertex/toString()|,|java+method:///org/quilt/graph/Exit/toString()|>>,
  <<|java+class:///org/quilt/graph/Exit|,|java+class:///org/quilt/graph/Vertex|>,220,<|java+method:///org/quilt/graph/Vertex/checkForNull(java.lang.Object,java.lang.String)|,|java+constructor:///org/quilt/graph/Exit/Exit(org.quilt.graph.Directed)|>>,
  <<|java+class:///org/quilt/graph/Exit|,|java+class:///org/quilt/graph/Vertex|>,220,<|java+field:///org/quilt/graph/Vertex/connector|,|java+constructor:///org/quilt/graph/Exit/Exit(org.quilt.graph.Directed)|>>,
  <<|java+class:///org/quilt/graph/Exit|,|java+class:///org/quilt/graph/Vertex|>,220,<|java+field:///org/quilt/graph/Vertex/graph|,|java+constructor:///org/quilt/graph/Exit/Exit(org.quilt.graph.Directed)|>>,
  <<|java+class:///org/quilt/graph/Exit|,|java+class:///org/quilt/graph/Vertex|>,220,<|java+field:///org/quilt/graph/Vertex/index|,|java+constructor:///org/quilt/graph/Exit/Exit(org.quilt.graph.Directed)|>>,
  <<|java+class:///org/quilt/graph/Exit|,|java+class:///org/quilt/graph/Vertex|>,220,<|java+field:///org/quilt/graph/Vertex/connector|,|java+method:///org/quilt/graph/Exit/getConnector()|>>,
  <<|java+class:///org/quilt/graph/Exit|,|java+class:///org/quilt/graph/Vertex|>,220,<|java+method:///org/quilt/graph/Vertex/checkForNull(java.lang.Object,java.lang.String)|,|java+method:///org/quilt/graph/Exit/setTarget(org.quilt.graph.Vertex)|>>,
  <<|java+class:///org/quilt/graph/Exit|,|java+class:///org/quilt/graph/Vertex|>,220,<|java+field:///org/quilt/graph/Vertex/connector|,|java+method:///org/quilt/graph/Exit/setTarget(org.quilt.graph.Vertex)|>>,
  <<|java+class:///org/quilt/graph/Exit|,|java+class:///org/quilt/graph/Vertex|>,220,<|java+method:///org/quilt/graph/Vertex/getGraph()|,|java+method:///org/quilt/graph/Exit/setTarget(org.quilt.graph.Vertex)|>>,
  <<|java+class:///org/quilt/graph/Exit|,|java+class:///org/quilt/graph/Vertex|>,220,<|java+field:///org/quilt/graph/Vertex/graph|,|java+method:///org/quilt/graph/Exit/setTarget(org.quilt.graph.Vertex)|>>,
  <<|java+class:///org/quilt/graph/Exit|,|java+class:///org/quilt/graph/Vertex|>,220,<|java+field:///org/quilt/graph/Vertex/connector|,|java+method:///org/quilt/graph/Exit/getTarget()|>>,
  <<|java+class:///org/quilt/cover/stmt/CounterVertex|,|java+class:///org/quilt/cl/CodeVertex|>,220,<|java+field:///org/quilt/cl/CodeVertex/ilist|,|java+method:///org/quilt/cover/stmt/CounterVertex/toString(boolean)|>>,
  <<|java+class:///org/quilt/cover/stmt/CounterVertex|,|java+class:///org/quilt/graph/Vertex|>,220,<|java+field:///org/quilt/graph/Vertex/label_|,|java+method:///org/quilt/cover/stmt/CounterVertex/toString()|>>,
  <<|java+class:///org/quilt/cover/stmt/CounterVertex|,|java+class:///org/quilt/graph/Vertex|>,220,<|java+method:///org/quilt/graph/Vertex/getGraph()|,|java+method:///org/quilt/cover/stmt/CounterVertex/toString()|>>,
  <<|java+class:///org/quilt/cover/stmt/CounterVertex|,|java+class:///org/quilt/graph/Vertex|>,220,<|java+method:///org/quilt/graph/Vertex/getIndex()|,|java+method:///org/quilt/cover/stmt/CounterVertex/toString()|>>,
  <<|java+class:///org/quilt/cover/stmt/CounterVertex|,|java+class:///org/quilt/graph/Vertex|>,220,<|java+field:///org/quilt/graph/Vertex/label_|,|java+constructor:///org/quilt/cover/stmt/CounterVertex/CounterVertex(org.quilt.cl.ControlFlowGraph,java.lang.String)|>>,
  <<|java+class:///org/quilt/cl/ControlFlowGraph|,|java+class:///org/quilt/graph/Directed|>,220,<|java+method:///org/quilt/graph/Directed/insertVertex(org.quilt.graph.Vertex,org.quilt.graph.Edge)|,|java+method:///org/quilt/cl/ControlFlowGraph/insertCodeVertex(org.quilt.cl.CodeVertex,org.quilt.graph.Edge)|>>,
  <<|java+class:///org/quilt/cl/ControlFlowGraph|,|java+class:///org/quilt/graph/Directed|>,220,<|java+method:///org/quilt/graph/Directed/connectSubgraph(org.quilt.graph.Directed,org.quilt.graph.Edge,int)|,|java+method:///org/quilt/cl/ControlFlowGraph/subgraph(org.quilt.graph.Edge,int)|>>,
  <<|java+class:///org/quilt/cl/ControlFlowGraph|,|java+class:///org/quilt/graph/Directed|>,220,<|java+method:///org/quilt/graph/Directed/insertVertex(org.quilt.graph.Vertex,org.quilt.graph.Edge)|,|java+method:///org/quilt/cl/ControlFlowGraph/insertCodeVertex(org.quilt.graph.Edge)|>>,
  <<|java+class:///org/quilt/graph/BinaryConnector|,|java+class:///org/quilt/graph/Connector|>,220,<|java+method:///org/quilt/graph/Connector/getEdge()|,|java+constructor:///org/quilt/graph/BinaryConnector/BinaryConnector(org.quilt.graph.Connector,org.quilt.graph.Edge)|>>
]