[
  <<|java+class:///org/quilt/graph/TestDirected|,|java+class:///junit/framework/TestCase|>,|project://quilt-0.6-a-5/src/test/org/quilt/graph/TestDirected.java|(290,12,<15,8>,<15,20>)>,
  <<|java+class:///org/quilt/cover/seg/TestSegment|,|java+class:///junit/framework/TestCase|>,|project://quilt-0.6-a-5/src/test/org/quilt/cover/seg/TestSegment.java|(174,13,<9,8>,<9,21>)>,
  <<|java+class:///org/quilt/reg/QuiltRegistry|,|java+class:///org/quilt/reg/Registry|>,|project://quilt-0.6-a-5/src/java/org/quilt/reg/QuiltRegistry.java|(891,8,<28,8>,<28,16>)>,
  <<|java+class:///org/quilt/cover/stmt/TestStmtCoverage|,|java+class:///junit/framework/TestCase|>,|project://quilt-0.6-a-5/src/test/org/quilt/cover/stmt/TestStmtCoverage.java|(1736,12,<62,8>,<62,20>)>,
  <<|java+class:///org/quilt/cl/TestQCLJars|,|java+class:///junit/framework/TestCase|>,|project://quilt-0.6-a-5/src/test/org/quilt/cl/TestQCLJars.java|(935,12,<35,8>,<35,20>)>,
  <<|java+class:///org/quilt/cover/stmt/StmtRegistry|,|java+class:///org/quilt/reg/QuiltRegistry|>,|project://quilt-0.6-a-5/src/java/org/quilt/cover/stmt/StmtRegistry.java|(2062,11,<58,8>,<58,19>)>,
  <<|java+class:///org/quilt/cl/TestQuiltClassLoader|,|java+class:///junit/framework/TestCase|>,|project://quilt-0.6-a-5/src/test/org/quilt/cl/TestQuiltClassLoader.java|(1027,12,<37,8>,<37,20>)>,
  <<|java+class:///org/quilt/cl/CodeVertex|,|java+class:///org/quilt/graph/Vertex|>,|project://quilt-0.6-a-5/src/java/org/quilt/cl/CodeVertex.java|(1430,9,<46,8>,<46,17>)>,
  <<|java+class:///org/quilt/cl/CodeVertex|,|java+class:///org/quilt/graph/Vertex|>,|project://quilt-0.6-a-5/src/java/org/quilt/cl/CodeVertex.java|(2152,9,<68,8>,<68,17>)>,
  <<|java+class:///org/quilt/cl/CodeVertex|,|java+class:///org/quilt/graph/Vertex|>,|project://quilt-0.6-a-5/src/java/org/quilt/cl/CodeVertex.java|(1731,9,<54,8>,<54,17>)>,
  <<|java+class:///org/quilt/cl/TestTransformer|,|java+class:///junit/framework/TestCase|>,|project://quilt-0.6-a-5/src/test/org/quilt/cl/TestTransformer.java|(1162,12,<46,8>,<46,20>)>,
  <<|java+class:///org/quilt/exception/QuiltException|,|java+class:///java/lang/Exception|>,|project://quilt-0.6-a-5/src/java/org/quilt/exception/QuiltException.java|(279,11,<13,8>,<13,19>)>,
  <<|java+class:///org/quilt/exception/QuiltException|,|java+class:///java/lang/Exception|>,|project://quilt-0.6-a-5/src/java/org/quilt/exception/QuiltException.java|(214,8,<10,8>,<10,16>)>,
  <<|java+class:///org/quilt/cl/TestSortedBlocks|,|java+class:///junit/framework/TestCase|>,|project://quilt-0.6-a-5/src/test/org/quilt/cl/TestSortedBlocks.java|(323,12,<15,8>,<15,20>)>,
  <<|java+class:///ComplicatedConstructor|,|java+class:///SuperClass|>,|project://quilt-0.6-a-5/src/test-data/ComplicatedConstructor.java|(258,28,<12,8>,<12,36>)>,
  <<|java+class:///org/quilt/cl/GraphBuildException|,|java+class:///java/lang/RuntimeException|>,|project://quilt-0.6-a-5/src/java/org/quilt/cl/GraphBuildException.java|(552,8,<25,8>,<25,16>)>,
  <<|java+class:///org/quilt/cl/GraphBuildException|,|java+class:///java/lang/RuntimeException|>,|project://quilt-0.6-a-5/src/java/org/quilt/cl/GraphBuildException.java|(316,8,<13,8>,<13,16>)>,
  <<|java+class:///org/quilt/cl/GraphBuildException|,|java+class:///java/lang/RuntimeException|>,|project://quilt-0.6-a-5/src/java/org/quilt/cl/GraphBuildException.java|(474,12,<21,8>,<21,20>)>,
  <<|java+class:///org/quilt/cl/GraphBuildException|,|java+class:///java/lang/RuntimeException|>,|project://quilt-0.6-a-5/src/java/org/quilt/cl/GraphBuildException.java|(385,11,<17,8>,<17,19>)>,
  <<|java+class:///org/quilt/reg/TestRegistry|,|java+class:///junit/framework/TestCase|>,|project://quilt-0.6-a-5/src/test/org/quilt/reg/TestRegistry.java|(203,12,<12,8>,<12,20>)>,
  <<|java+class:///org/quilt/cl/TestGraphTransformer|,|java+class:///junit/framework/TestCase|>,|project://quilt-0.6-a-5/src/test/org/quilt/cl/TestGraphTransformer.java|(742,12,<33,8>,<33,20>)>,
  <<|java+class:///org/quilt/cl/TestClassFactory/CFClassLoader|,|java+class:///java/net/URLClassLoader|>,|project://quilt-0.6-a-5/src/test/org/quilt/cl/TestClassFactory.java|(716,59,<30,6>,<30,65>)>,
  <<|java+class:///org/quilt/cl/QuiltClassLoader|,|java+class:///java/net/URLClassLoader|>,|project://quilt-0.6-a-5/src/java/org/quilt/cl/QuiltClassLoader.java|(4575,44,<127,8>,<127,52>)>,
  <<|java+class:///org/quilt/cl/TestTryStacks|,|java+class:///junit/framework/TestCase|>,|project://quilt-0.6-a-5/src/test/org/quilt/cl/TestTryStacks.java|(875,12,<29,8>,<29,20>)>,
  <<|java+class:///org/quilt/cl/TestVertexData|,|java+class:///junit/framework/TestCase|>,|project://quilt-0.6-a-5/src/test/org/quilt/cl/TestVertexData.java|(646,12,<25,8>,<25,20>)>,
  <<|java+class:///org/quilt/cover/stmt/CounterVertex|,|java+class:///org/quilt/cl/CodeVertex|>,|project://quilt-0.6-a-5/src/java/org/quilt/cover/stmt/CounterVertex.java|(1024,9,<29,8>,<29,17>)>,
  <<|java+class:///org/quilt/cl/ControlFlowGraph|,|java+class:///org/quilt/graph/Directed|>,|project://quilt-0.6-a-5/src/java/org/quilt/cl/ControlFlowGraph.java|(2007,14,<60,8>,<60,22>)>,
  <<|java+class:///org/quilt/cl/ControlFlowGraph|,|java+class:///org/quilt/graph/Directed|>,|project://quilt-0.6-a-5/src/java/org/quilt/cl/ControlFlowGraph.java|(1581,8,<48,8>,<48,16>)>,
  <<|java+class:///org/quilt/cl/TestSamples|,|java+class:///junit/framework/TestCase|>,|project://quilt-0.6-a-5/src/test/org/quilt/cl/TestSamples.java|(447,12,<19,8>,<19,20>)>,
  <<|java+class:///org/quilt/cl/TestClassFactory|,|java+class:///junit/framework/TestCase|>,|project://quilt-0.6-a-5/src/test/org/quilt/cl/TestClassFactory.java|(1963,12,<73,8>,<73,20>)>,
  <<|java+class:///org/quilt/cl/TestNestedTryBlocks|,|java+class:///junit/framework/TestCase|>,|project://quilt-0.6-a-5/src/test/org/quilt/cl/TestNestedTryBlocks.java|(1020,12,<40,8>,<40,20>)>,
  <<|java+class:///org/quilt/graph/TestA2O|,|java+class:///junit/framework/TestCase|>,|project://quilt-0.6-a-5/src/test/org/quilt/graph/TestA2O.java|(377,12,<18,8>,<18,20>)>
]