[
  <<|java+class:///org/castor/test/entity/Book|,|java+class:///org/castor/test/entity/BookType|>,{|java+interface:///java/io/Serializable|},|project://castor-1.3.3_xml/src/test/java/org/castor/test/entity/Book.java|(2906,99,<101,15>,<101,114>)>,
  <<|java+class:///org/exolab/castor/mapping/loader/CollectionHandlers/EmptyEnumerator|,|java+interface:///java/util/Enumeration|>,{|java+interface:///java/io/Serializable|},|project://castor-1.3.3_xml/src/main/java/org/exolab/castor/xml/validators/SimpleTypeValidator.java|(6392,19,<171,42>,<171,61>)>,
  <<|java+class:///org/castor/test/entity/Author|,|java+class:///org/castor/test/entity/AuthorType|>,{|java+interface:///java/io/Serializable|},|project://castor-1.3.3_xml/src/test/java/org/castor/test/entity/Author.java|(2920,103,<101,15>,<101,118>)>,
  <<|java+class:///org/exolab/castor/xml/util/DefaultNaming|,|java+interface:///org/castor/xml/XMLNaming|>,{|java+class:///org/exolab/castor/xml/AbstractXMLNaming|},|project://castor-1.3.3_xml/src/main/java/org/castor/xml/AbstractInternalContext.java|(6939,17,<195,25>,<195,42>)>,
  <<|java+class:///org/exolab/castor/mapping/loader/CollectionHandlers/EmptyEnumerator|,|java+interface:///java/util/Enumeration|>,{|java+interface:///java/io/Serializable|},|project://castor-1.3.3_xml/src/main/java/org/exolab/castor/xml/FieldValidator.java|(9910,19,<262,47>,<262,66>)>,
  <<|java+class:///org/exolab/castor/xml/util/XMLFieldDescriptorImpl|,|java+interface:///org/exolab/castor/xml/XMLFieldDescriptor|>,{|java+class:///org/exolab/castor/mapping/loader/FieldDescriptorImpl|},|project://castor-1.3.3_xml/src/main/java/org/exolab/castor/xml/util/XMLFieldDescriptorImpl.java|(23375,24,<710,40>,<710,64>)>,
  <<|java+class:///org/exolab/castor/xml/util/SAX2ANY|,|java+interface:///org/xml/sax/DocumentHandler|>,{
    |java+interface:///org/xml/sax/ErrorHandler|,
    |java+interface:///org/xml/sax/ContentHandler|
  },|project://castor-1.3.3_xml/src/main/java/org/exolab/castor/xml/BaseXercesJDK5Serializer.java|(3157,83,<92,19>,<93,57>)>,
  <<|java+class:///org/exolab/castor/xml/util/XMLClassDescriptorImpl|,|java+interface:///org/exolab/castor/xml/XMLClassDescriptor|>,{|java+class:///org/exolab/castor/xml/Validator|},|project://castor-1.3.3_xml/src/main/java/org/exolab/castor/xml/util/XMLClassDescriptorResolverImpl.java|(25155,45,<649,44>,<649,89>)>,
  <<|java+class:///org/castor/test/entity/Author|,|java+class:///org/castor/test/entity/AuthorType|>,{|java+interface:///java/io/Serializable|},|project://castor-1.3.3_xml/src/test/java/org/castor/test/entity/AuthorType.java|(4400,107,<179,15>,<179,122>)>,
  <<|java+class:///org/exolab/castor/xml/UnmarshalHandler|,|java+interface:///org/xml/sax/DocumentHandler|>,{
    |java+interface:///org/xml/sax/ErrorHandler|,
    |java+class:///org/exolab/castor/xml/MarshalFramework|,
    |java+interface:///org/xml/sax/ContentHandler|
  },|project://castor-1.3.3_xml/src/main/java/org/exolab/castor/xml/wls8/WeblogicXercesSerializer.java|(3389,71,<90,15>,<90,86>)>,
  <<|java+class:///org/exolab/castor/mapping/loader/CollectionHandlers/EmptyEnumerator|,|java+interface:///java/util/Enumeration|>,{|java+interface:///java/io/Serializable|},|project://castor-1.3.3_xml/src/main/java/org/exolab/castor/xml/handlers/DateFieldHandler.java|(5866,17,<136,38>,<136,55>)>,
  <<|java+class:///org/exolab/castor/mapping/loader/CollectionHandlers/EmptyEnumerator|,|java+interface:///java/util/Enumeration|>,{|java+interface:///java/io/Serializable|},|project://castor-1.3.3_xml/src/main/java/org/exolab/castor/mapping/GeneralizedFieldHandler.java|(7137,18,<182,54>,<182,72>)>,
  <<|java+class:///org/exolab/castor/xml/UnmarshalHandler|,|java+interface:///org/xml/sax/DocumentHandler|>,{
    |java+interface:///org/xml/sax/ErrorHandler|,
    |java+class:///org/exolab/castor/xml/MarshalFramework|,
    |java+interface:///org/xml/sax/ContentHandler|
  },|project://castor-1.3.3_xml/src/main/java/org/exolab/castor/xml/XercesSerializer.java|(2891,61,<83,13>,<83,74>)>,
  <<|java+class:///org/exolab/castor/xml/util/XMLClassDescriptorImpl|,|java+interface:///org/exolab/castor/xml/XMLClassDescriptor|>,{|java+class:///org/exolab/castor/xml/Validator|},|project://castor-1.3.3_xml/src/main/java/org/exolab/castor/xml/descriptors/CoreDescriptors.java|(7133,50,<178,33>,<178,83>)>,
  <<|java+class:///org/exolab/castor/xml/util/XMLClassDescriptorImpl|,|java+interface:///org/exolab/castor/xml/XMLClassDescriptor|>,{|java+class:///org/exolab/castor/xml/Validator|},|project://castor-1.3.3_xml/src/main/java/org/exolab/castor/xml/MarshalFramework.java|(19369,51,<542,30>,<542,81>)>,
  <<|java+class:///org/exolab/castor/mapping/loader/CollectionHandlers/EmptyEnumerator|,|java+interface:///java/util/Enumeration|>,{|java+interface:///java/io/Serializable|},|project://castor-1.3.3_xml/src/main/java/org/exolab/castor/mapping/loader/collection/handler/EnumerateCollectionHandler.java|(639,27,<18,14>,<18,41>)>,
  <<|java+class:///org/exolab/castor/mapping/xml/Property|,|java+class:///org/exolab/castor/mapping/xml/PropertyType|>,{|java+interface:///java/io/Serializable|},|project://castor-1.3.3_xml/target/generated-sources/castor/org/exolab/castor/mapping/xml/descriptors/PropertyTypeDescriptor.java|(2188,21,<81,38>,<81,59>)>,
  <<|java+class:///org/exolab/castor/mapping/xml/Property|,|java+class:///org/exolab/castor/mapping/xml/PropertyType|>,{|java+interface:///java/io/Serializable|},|project://castor-1.3.3_xml/target/generated-sources/castor/org/exolab/castor/mapping/xml/descriptors/PropertyTypeDescriptor.java|(2521,21,<89,42>,<89,63>)>,
  <<|java+class:///org/exolab/castor/mapping/xml/Property|,|java+class:///org/exolab/castor/mapping/xml/PropertyType|>,{|java+interface:///java/io/Serializable|},|project://castor-1.3.3_xml/target/generated-sources/castor/org/exolab/castor/mapping/xml/descriptors/PropertyTypeDescriptor.java|(4118,21,<126,38>,<126,59>)>,
  <<|java+class:///org/exolab/castor/mapping/xml/Property|,|java+class:///org/exolab/castor/mapping/xml/PropertyType|>,{|java+interface:///java/io/Serializable|},|project://castor-1.3.3_xml/target/generated-sources/castor/org/exolab/castor/mapping/xml/descriptors/PropertyTypeDescriptor.java|(4452,21,<134,42>,<134,63>)>,
  <<|java+class:///org/exolab/castor/mapping/loader/CollectionHandlers/EmptyEnumerator|,|java+interface:///java/util/Enumeration|>,{|java+interface:///java/io/Serializable|},|project://castor-1.3.3_xml/src/main/java/org/exolab/castor/xml/Marshaller.java|(75744,20,<1958,56>,<1958,76>)>,
  <<|java+class:///org/exolab/castor/mapping/loader/CollectionHandlers/EmptyEnumerator|,|java+interface:///java/util/Enumeration|>,{|java+interface:///java/io/Serializable|},|project://castor-1.3.3_xml/src/main/java/org/exolab/castor/xml/Marshaller.java|(106858,21,<2707,34>,<2707,55>)>,
  <<|java+class:///org/exolab/castor/mapping/loader/CollectionHandlers/EmptyEnumerator|,|java+interface:///java/util/Enumeration|>,{|java+interface:///java/io/Serializable|},|project://castor-1.3.3_xml/src/main/java/org/exolab/castor/xml/Marshaller.java|(109286,21,<2765,26>,<2765,47>)>,
  <<|java+class:///org/exolab/castor/mapping/loader/CollectionHandlers/EmptyEnumerator|,|java+interface:///java/util/Enumeration|>,{|java+interface:///java/io/Serializable|},|project://castor-1.3.3_xml/src/main/java/org/exolab/castor/xml/Marshaller.java|(113209,23,<2863,41>,<2863,64>)>,
  <<|java+class:///org/castor/test/entity/Book|,|java+class:///org/castor/test/entity/BookType|>,{|java+interface:///java/io/Serializable|},|project://castor-1.3.3_xml/src/test/java/org/castor/test/entity/BookType.java|(4045,103,<154,15>,<154,118>)>
]