{
  <<|java+interface:///org/picocontainer/InjectionFactory|,|java+interface:///org/picocontainer/ComponentFactory|>,2,|java+interface:///org/picocontainer/ComponentFactory|>,
  <<|java+class:///org/picocontainer/containers/AbstractDelegatingMutablePicoContainer|,|java+class:///org/picocontainer/containers/AbstractDelegatingPicoContainer|>,2,|java+interface:///org/picocontainer/Converting|>,
  <<|java+class:///org/picocontainer/containers/CommandLinePicoContainer|,|java+class:///org/picocontainer/containers/AbstractDelegatingPicoContainer|>,2,|java+interface:///org/picocontainer/PicoContainer|>,
  <<|java+class:///org/picocontainer/injectors/TypedFieldInjector|,|java+class:///org/picocontainer/injectors/IterativeInjector|>,2,|java+interface:///org/picocontainer/Injector|>,
  <<|java+class:///org/picocontainer/injectors/AbstractInjector|,|java+class:///org/picocontainer/adapters/AbstractAdapter|>,2,|java+interface:///org/picocontainer/ComponentMonitorStrategy|>,
  <<|java+class:///org/picocontainer/behaviors/Synchronized|,|java+class:///org/picocontainer/behaviors/AbstractBehavior|>,2,|java+interface:///org/picocontainer/Behavior|>,
  <<|java+class:///org/picocontainer/DefaultPicoContainer|,|java+interface:///org/picocontainer/Converting|>,2,|java+interface:///org/picocontainer/Converting|>,
  <<|java+class:///org/picocontainer/injectors/IterativeInjector|,|java+class:///org/picocontainer/injectors/AbstractInjector|>,2,|java+interface:///org/picocontainer/ComponentAdapter|>,
  <<|java+class:///org/picocontainer/containers/AbstractDelegatingPicoContainer|,|java+interface:///org/picocontainer/Converting|>,2,|java+interface:///org/picocontainer/Converting|>,
  <<|java+class:///org/picocontainer/PicoCompositionException|,|java+class:///org/picocontainer/PicoException|>,2,|java+class:///java/lang/reflect/Constructor|>,
  <<|java+class:///org/picocontainer/parameters/ComponentParameter|,|java+class:///org/picocontainer/parameters/BasicComponentParameter|>,2,|java+interface:///org/picocontainer/Parameter|>,
  <<|java+class:///org/picocontainer/injectors/AnnotatedMethodInjector|,|java+class:///org/picocontainer/injectors/SetterInjector|>,2,|java+interface:///org/picocontainer/ComponentMonitorStrategy|>,
  <<|java+class:///org/picocontainer/DefaultPicoContainer|,|java+interface:///org/picocontainer/MutablePicoContainer|>,2,|java+interface:///org/picocontainer/PicoContainer|>,
  <<|java+class:///org/picocontainer/behaviors/HiddenImplementation|,|java+class:///org/picocontainer/behaviors/AbstractBehavior|>,2,|java+interface:///org/picocontainer/ComponentAdapter|>,
  <<|java+class:///org/picocontainer/classname/DefaultClassLoadingPicoContainer|,|java+class:///org/picocontainer/containers/AbstractDelegatingMutablePicoContainer|>,2,|java+class:///org/picocontainer/containers/AbstractDelegatingPicoContainer|>,
  <<|java+class:///org/picocontainer/behaviors/AbstractBehavior|,|java+interface:///org/picocontainer/Behavior|>,2,|java+interface:///org/picocontainer/ComponentAdapter|>,
  <<|java+class:///org/picocontainer/injectors/MultiInjector|,|java+class:///org/picocontainer/injectors/CompositeInjector|>,2,|java+interface:///org/picocontainer/ComponentMonitorStrategy|>,
  <<|java+class:///org/picocontainer/injectors/IterativeInjector|,|java+class:///org/picocontainer/injectors/AbstractInjector|>,2,|java+interface:///org/picocontainer/Injector|>,
  <<|java+class:///org/picocontainer/PicoCompositionException|,|java+class:///org/picocontainer/PicoException|>,2,|java+class:///java/lang/Object|>,
  <<|java+class:///org/picocontainer/DefaultPicoContainer|,|java+interface:///org/picocontainer/ComponentMonitorStrategy|>,2,|java+interface:///org/picocontainer/ComponentMonitorStrategy|>,
  <<|java+class:///org/picocontainer/injectors/AbstractInjectionFactory|,|java+interface:///org/picocontainer/InjectionFactory|>,2,|java+interface:///org/picocontainer/ComponentFactory|>,
  <<|java+interface:///org/picocontainer/MutablePicoContainer|,|java+interface:///org/picocontainer/Disposable|>,2,|java+interface:///org/picocontainer/Disposable|>,
  <<|java+class:///org/picocontainer/adapters/InstanceAdapter|,|java+class:///org/picocontainer/adapters/AbstractAdapter|>,2,|java+interface:///org/picocontainer/ComponentAdapter|>,
  <<|java+class:///org/picocontainer/security/CustomPermissionsURLClassLoader|,|java+class:///java/net/URLClassLoader|>,2,|java+class:///java/lang/Object|>,
  <<|java+class:///org/picocontainer/injectors/TypedFieldInjector|,|java+class:///org/picocontainer/injectors/IterativeInjector|>,2,|java+interface:///org/picocontainer/ComponentAdapter|>,
  <<|java+class:///org/picocontainer/containers/TieringPicoContainer|,|java+class:///org/picocontainer/DefaultPicoContainer|>,2,|java+interface:///org/picocontainer/PicoContainer|>,
  <<|java+class:///org/picocontainer/PicoCompositionException|,|java+class:///org/picocontainer/PicoException|>,2,|java+class:///java/lang/reflect/Method|>,
  <<|java+class:///org/picocontainer/behaviors/AbstractBehaviorFactory|,|java+interface:///org/picocontainer/BehaviorFactory|>,2,|java+interface:///org/picocontainer/BehaviorFactory|>,
  <<|java+class:///org/picocontainer/containers/CommandLinePicoContainer|,|java+class:///org/picocontainer/containers/AbstractDelegatingPicoContainer|>,2,|java+interface:///org/picocontainer/Converting|>,
  <<|java+class:///org/picocontainer/parameters/NullParameter|,|java+class:///org/picocontainer/parameters/AbstractParameter|>,2,|java+interface:///org/picocontainer/Parameter|>,
  <<|java+class:///org/picocontainer/classname/DefaultClassLoadingPicoContainer|,|java+interface:///org/picocontainer/classname/ClassLoadingPicoContainer|>,2,|java+interface:///org/picocontainer/MutablePicoContainer|>,
  <<|java+class:///org/picocontainer/classname/DefaultClassLoadingPicoContainer|,|java+interface:///org/picocontainer/classname/ClassLoadingPicoContainer|>,2,|java+interface:///org/picocontainer/Disposable|>,
  <<|java+class:///org/picocontainer/behaviors/PropertyApplicator|,|java+class:///org/picocontainer/behaviors/AbstractBehavior|>,2,|java+interface:///org/picocontainer/Behavior|>,
  <<|java+class:///org/picocontainer/behaviors/ThreadCached|,|java+class:///org/picocontainer/behaviors/Stored|>,2,|java+interface:///org/picocontainer/ComponentAdapter|>,
  <<|java+class:///org/picocontainer/behaviors/Synchronizing|,|java+class:///org/picocontainer/behaviors/AbstractBehaviorFactory|>,2,|java+interface:///org/picocontainer/BehaviorFactory|>,
  <<|java+class:///org/picocontainer/injectors/SetterInjector|,|java+class:///org/picocontainer/injectors/IterativeInjector|>,2,|java+interface:///org/picocontainer/ComponentMonitorStrategy|>,
  <<|java+class:///org/picocontainer/behaviors/Guarded|,|java+class:///org/picocontainer/behaviors/AbstractBehavior|>,2,|java+interface:///org/picocontainer/Behavior|>,
  <<|java+class:///org/picocontainer/behaviors/Stored|,|java+class:///org/picocontainer/behaviors/AbstractBehavior|>,2,|java+interface:///org/picocontainer/LifecycleStrategy|>,
  <<|java+class:///org/picocontainer/behaviors/Cached|,|java+class:///org/picocontainer/behaviors/Stored|>,2,|java+interface:///org/picocontainer/Behavior|>,
  <<|java+class:///org/picocontainer/containers/AbstractDelegatingMutablePicoContainer|,|java+interface:///org/picocontainer/MutablePicoContainer|>,2,|java+interface:///org/picocontainer/MutablePicoContainer|>,
  <<|java+class:///org/picocontainer/behaviors/Storing/StoreThreadLocal|,|java+class:///java/lang/ThreadLocal|>,2,|java+class:///java/lang/Object|>,
  <<|java+class:///org/picocontainer/behaviors/ThreadCached|,|java+class:///org/picocontainer/behaviors/Stored|>,2,|java+interface:///org/picocontainer/LifecycleStrategy|>,
  <<|java+class:///org/picocontainer/injectors/TypedFieldInjection|,|java+class:///org/picocontainer/injectors/AbstractInjectionFactory|>,2,|java+interface:///org/picocontainer/InjectionFactory|>,
  <<|java+class:///org/picocontainer/lifecycle/StartableLifecycleStrategy|,|java+class:///org/picocontainer/lifecycle/AbstractMonitoringLifecycleStrategy|>,2,|java+interface:///org/picocontainer/LifecycleStrategy|>,
  <<|java+class:///org/picocontainer/containers/AbstractDelegatingMutablePicoContainer|,|java+interface:///org/picocontainer/MutablePicoContainer|>,2,|java+interface:///org/picocontainer/Startable|>,
  <<|java+class:///org/picocontainer/injectors/Reinjection/ReinjectionInjector|,|java+class:///org/picocontainer/injectors/AbstractInjector|>,2,|java+class:///|>,
  <<|java+class:///org/picocontainer/injectors/AbstractInjector|,|java+class:///org/picocontainer/adapters/AbstractAdapter|>,2,|java+class:///|>,
  <<|java+class:///org/picocontainer/injectors/AdaptingInjection|,|java+class:///org/picocontainer/injectors/AbstractInjectionFactory|>,2,|java+interface:///org/picocontainer/ComponentFactory|>,
  <<|java+class:///org/picocontainer/injectors/ConstructorInjection|,|java+class:///org/picocontainer/injectors/AbstractInjectionFactory|>,2,|java+interface:///org/picocontainer/ComponentFactory|>,
  <<|java+class:///org/picocontainer/injectors/MethodInjector|,|java+class:///org/picocontainer/injectors/SingleMemberInjector|>,2,|java+class:///org/picocontainer/injectors/AbstractInjector|>,
  <<|java+class:///org/picocontainer/injectors/TypedFieldInjector|,|java+class:///org/picocontainer/injectors/IterativeInjector|>,2,|java+interface:///org/picocontainer/ComponentMonitorStrategy|>,
  <<|java+class:///org/picocontainer/PicoException|,|java+class:///java/lang/RuntimeException|>,2,|java+class:///java/lang/reflect/Constructor|>,
  <<|java+class:///org/picocontainer/injectors/ConstructorInjector|,|java+class:///org/picocontainer/injectors/SingleMemberInjector|>,2,|java+class:///org/picocontainer/injectors/AbstractInjector|>,
  <<|java+class:///org/picocontainer/DefaultPicoContainer|,|java+interface:///org/picocontainer/MutablePicoContainer|>,2,|java+interface:///org/picocontainer/MutablePicoContainer|>,
  <<|java+class:///org/picocontainer/behaviors/Stored|,|java+class:///org/picocontainer/behaviors/AbstractBehavior|>,2,|java+interface:///org/picocontainer/ComponentAdapter|>,
  <<|java+class:///org/picocontainer/containers/TransientPicoContainer|,|java+class:///org/picocontainer/DefaultPicoContainer|>,2,|java+interface:///org/picocontainer/Converting|>,
  <<|java+class:///org/picocontainer/injectors/MultiInjector|,|java+class:///org/picocontainer/injectors/CompositeInjector|>,2,|java+interface:///org/picocontainer/Injector|>,
  <<|java+interface:///org/picocontainer/Behavior|,|java+interface:///org/picocontainer/ComponentAdapter|>,2,|java+interface:///org/picocontainer/ComponentAdapter|>,
  <<|java+class:///org/picocontainer/injectors/SingleMemberInjector|,|java+class:///org/picocontainer/injectors/AbstractInjector|>,2,|java+class:///java/lang/Object|>,
  <<|java+class:///org/picocontainer/injectors/AnnotatedMethodInjector|,|java+class:///org/picocontainer/injectors/SetterInjector|>,2,|java+interface:///org/picocontainer/Injector|>,
  <<|java+interface:///org/picocontainer/BehaviorFactory|,|java+interface:///org/picocontainer/ComponentFactory|>,2,|java+interface:///org/picocontainer/ComponentFactory|>,
  <<|java+class:///org/picocontainer/containers/TieringPicoContainer/TieringGuard|,|java+class:///org/picocontainer/containers/AbstractDelegatingPicoContainer|>,2,|java+interface:///org/picocontainer/PicoContainer|>,
  <<|java+class:///org/picocontainer/behaviors/Locked|,|java+class:///org/picocontainer/behaviors/AbstractBehavior|>,2,|java+interface:///org/picocontainer/Behavior|>,
  <<|java+class:///org/picocontainer/containers/SystemPropertiesPicoContainer|,|java+class:///org/picocontainer/containers/PropertiesPicoContainer|>,2,|java+interface:///org/picocontainer/Converting|>,
  <<|java+class:///org/picocontainer/behaviors/Locking|,|java+class:///org/picocontainer/behaviors/AbstractBehaviorFactory|>,2,|java+interface:///org/picocontainer/BehaviorFactory|>,
  <<|java+class:///org/picocontainer/injectors/FactoryInjector|,|java+interface:///org/picocontainer/Injector|>,2,|java+interface:///org/picocontainer/ComponentAdapter|>,
  <<|java+class:///org/picocontainer/behaviors/AbstractBehavior|,|java+interface:///org/picocontainer/Behavior|>,2,|java+interface:///org/picocontainer/ComponentLifecycle|>,
  <<|java+class:///org/picocontainer/containers/AbstractDelegatingMutablePicoContainer|,|java+interface:///org/picocontainer/MutablePicoContainer|>,2,|java+interface:///org/picocontainer/PicoContainer|>,
  <<|java+class:///org/picocontainer/PicoException|,|java+class:///java/lang/RuntimeException|>,2,|java+class:///java/lang/Object|>,
  <<|java+class:///org/picocontainer/behaviors/FieldDecorated|,|java+class:///org/picocontainer/behaviors/AbstractBehavior|>,2,|java+interface:///org/picocontainer/LifecycleStrategy|>,
  <<|java+class:///org/picocontainer/PicoException|,|java+class:///java/lang/RuntimeException|>,2,|java+class:///java/lang/reflect/Method|>,
  <<|java+class:///org/picocontainer/injectors/IterativeInjector|,|java+class:///org/picocontainer/injectors/AbstractInjector|>,2,|java+interface:///org/picocontainer/ComponentMonitorStrategy|>,
  <<|java+class:///org/picocontainer/behaviors/HiddenImplementation|,|java+class:///org/picocontainer/behaviors/AbstractBehavior|>,2,|java+interface:///org/picocontainer/ComponentLifecycle|>,
  <<|java+class:///org/picocontainer/behaviors/AbstractBehavior|,|java+interface:///org/picocontainer/ComponentMonitorStrategy|>,2,|java+interface:///org/picocontainer/ComponentMonitorStrategy|>,
  <<|java+class:///org/picocontainer/injectors/SingleMemberInjector|,|java+class:///org/picocontainer/injectors/AbstractInjector|>,2,|java+class:///org/picocontainer/injectors/AbstractInjector|>,
  <<|java+class:///org/picocontainer/adapters/AbstractAdapter|,|java+interface:///org/picocontainer/ComponentMonitorStrategy|>,2,|java+interface:///org/picocontainer/ComponentMonitorStrategy|>,
  <<|java+class:///org/picocontainer/injectors/MethodInjector|,|java+class:///org/picocontainer/injectors/SingleMemberInjector|>,2,|java+class:///java/lang/Object|>,
  <<|java+class:///org/picocontainer/containers/SystemPropertiesPicoContainer|,|java+class:///org/picocontainer/containers/PropertiesPicoContainer|>,2,|java+interface:///org/picocontainer/PicoContainer|>,
  <<|java+class:///org/picocontainer/containers/TieringPicoContainer|,|java+class:///org/picocontainer/DefaultPicoContainer|>,2,|java+interface:///org/picocontainer/MutablePicoContainer|>,
  <<|java+class:///org/picocontainer/containers/TieringPicoContainer/TieringGuard|,|java+class:///org/picocontainer/containers/AbstractDelegatingPicoContainer|>,2,|java+interface:///org/picocontainer/Converting|>,
  <<|java+class:///org/picocontainer/classname/DefaultClassLoadingPicoContainer|,|java+interface:///org/picocontainer/classname/ClassLoadingPicoContainer|>,2,|java+interface:///org/picocontainer/PicoContainer|>,
  <<|java+class:///org/picocontainer/containers/TransientPicoContainer|,|java+class:///org/picocontainer/DefaultPicoContainer|>,2,|java+interface:///org/picocontainer/PicoContainer|>,
  <<|java+class:///org/picocontainer/behaviors/FieldDecorated|,|java+class:///org/picocontainer/behaviors/AbstractBehavior|>,2,|java+interface:///org/picocontainer/ComponentMonitorStrategy|>,
  <<|java+class:///org/picocontainer/injectors/SetterInjector|,|java+class:///org/picocontainer/injectors/IterativeInjector|>,2,|java+interface:///org/picocontainer/Injector|>,
  <<|java+class:///org/picocontainer/injectors/ConstructorInjector|,|java+class:///org/picocontainer/injectors/SingleMemberInjector|>,2,|java+class:///java/lang/Object|>,
  <<|java+interface:///org/picocontainer/MutablePicoContainer|,|java+interface:///org/picocontainer/PicoContainer|>,2,|java+interface:///org/picocontainer/PicoContainer|>,
  <<|java+class:///org/picocontainer/injectors/SingleMemberInjector|,|java+class:///org/picocontainer/injectors/AbstractInjector|>,2,|java+interface:///org/picocontainer/ComponentAdapter|>,
  <<|java+class:///org/picocontainer/DefaultPicoContainer/AsPropertiesPicoContainer|,|java+class:///org/picocontainer/containers/AbstractDelegatingMutablePicoContainer|>,2,|java+interface:///org/picocontainer/Startable|>,
  <<|java+class:///org/picocontainer/injectors/MethodInjector|,|java+class:///org/picocontainer/injectors/SingleMemberInjector|>,2,|java+interface:///org/picocontainer/Injector|>,
  <<|java+class:///org/picocontainer/behaviors/PropertyApplicator|,|java+class:///org/picocontainer/behaviors/AbstractBehavior|>,2,|java+interface:///org/picocontainer/ComponentLifecycle|>,
  <<|java+class:///org/picocontainer/injectors/MethodInjector/ByReflectionMethod|,|java+class:///org/picocontainer/injectors/MethodInjector|>,2,|java+interface:///org/picocontainer/ComponentAdapter|>,
  <<|java+interface:///org/picocontainer/classname/ClassLoadingPicoContainer|,|java+interface:///org/picocontainer/MutablePicoContainer|>,2,|java+interface:///org/picocontainer/MutablePicoContainer|>,
  <<|java+class:///org/picocontainer/injectors/ConstructorInjector|,|java+class:///org/picocontainer/injectors/SingleMemberInjector|>,2,|java+interface:///org/picocontainer/Injector|>,
  <<|java+class:///org/picocontainer/containers/PropertiesPicoContainer|,|java+class:///org/picocontainer/containers/AbstractDelegatingPicoContainer|>,2,|java+interface:///org/picocontainer/Converting|>,
  <<|java+interface:///org/picocontainer/classname/ClassLoadingPicoContainer|,|java+interface:///org/picocontainer/MutablePicoContainer|>,2,|java+interface:///org/picocontainer/Disposable|>,
  <<|java+class:///org/picocontainer/injectors/NamedFieldInjector|,|java+class:///org/picocontainer/injectors/IterativeInjector|>,2,|java+interface:///org/picocontainer/Injector|>,
  <<|java+class:///org/picocontainer/behaviors/Stored|,|java+class:///org/picocontainer/behaviors/AbstractBehavior|>,2,|java+interface:///org/picocontainer/Behavior|>,
  <<|java+class:///org/picocontainer/behaviors/Cached|,|java+class:///org/picocontainer/behaviors/Stored|>,2,|java+interface:///org/picocontainer/LifecycleStrategy|>,
  <<|java+class:///org/picocontainer/injectors/AnnotatedFieldInjector|,|java+class:///org/picocontainer/injectors/IterativeInjector|>,2,|java+interface:///org/picocontainer/Injector|>,
  <<|java+class:///org/picocontainer/containers/AbstractDelegatingMutablePicoContainer|,|java+class:///org/picocontainer/containers/AbstractDelegatingPicoContainer|>,2,|java+class:///org/picocontainer/containers/AbstractDelegatingPicoContainer|>,
  <<|java+class:///org/picocontainer/behaviors/Guarded|,|java+class:///org/picocontainer/behaviors/AbstractBehavior|>,2,|java+interface:///org/picocontainer/ComponentLifecycle|>,
  <<|java+class:///org/picocontainer/injectors/CompositeInjector|,|java+class:///org/picocontainer/injectors/AbstractInjector|>,2,|java+interface:///org/picocontainer/ComponentMonitorStrategy|>,
  <<|java+class:///org/picocontainer/injectors/AbstractInjectionFactory|,|java+interface:///org/picocontainer/InjectionFactory|>,2,|java+interface:///org/picocontainer/InjectionFactory|>,
  <<|java+class:///org/picocontainer/DefaultPicoContainer/AsPropertiesPicoContainer|,|java+class:///org/picocontainer/containers/AbstractDelegatingMutablePicoContainer|>,2,|java+interface:///org/picocontainer/PicoContainer|>,
  <<|java+class:///org/picocontainer/injectors/ConstructorInjector|,|java+class:///org/picocontainer/injectors/SingleMemberInjector|>,2,|java+interface:///org/picocontainer/ComponentAdapter|>,
  <<|java+class:///org/picocontainer/behaviors/Decorated|,|java+class:///org/picocontainer/behaviors/AbstractBehavior|>,2,|java+interface:///org/picocontainer/Behavior|>,
  <<|java+class:///org/picocontainer/behaviors/Caching|,|java+class:///org/picocontainer/behaviors/AbstractBehaviorFactory|>,2,|java+interface:///org/picocontainer/BehaviorFactory|>,
  <<|java+class:///org/picocontainer/containers/AbstractDelegatingPicoContainer|,|java+interface:///org/picocontainer/PicoContainer|>,2,|java+interface:///org/picocontainer/PicoContainer|>,
  <<|java+class:///org/picocontainer/containers/PropertiesPicoContainer|,|java+class:///org/picocontainer/containers/AbstractDelegatingPicoContainer|>,2,|java+interface:///org/picocontainer/PicoContainer|>,
  <<|java+class:///org/picocontainer/injectors/NamedMethodInjector|,|java+class:///org/picocontainer/injectors/SetterInjector|>,2,|java+interface:///org/picocontainer/Injector|>,
  <<|java+class:///org/picocontainer/behaviors/PropertyApplying|,|java+class:///org/picocontainer/behaviors/AbstractBehaviorFactory|>,2,|java+interface:///org/picocontainer/BehaviorFactory|>,
  <<|java+class:///org/picocontainer/injectors/MethodInjector/ByReflectionMethod|,|java+class:///org/picocontainer/injectors/MethodInjector|>,2,|java+interface:///org/picocontainer/Injector|>,
  <<|java+interface:///org/picocontainer/Injector|,|java+interface:///org/picocontainer/ComponentAdapter|>,2,|java+interface:///org/picocontainer/ComponentAdapter|>,
  <<|java+class:///org/picocontainer/containers/TransientPicoContainer|,|java+class:///org/picocontainer/DefaultPicoContainer|>,2,|java+interface:///org/picocontainer/ComponentMonitorStrategy|>,
  <<|java+class:///org/picocontainer/injectors/MethodInjector|,|java+class:///org/picocontainer/injectors/SingleMemberInjector|>,2,|java+interface:///org/picocontainer/ComponentAdapter|>,
  <<|java+class:///org/picocontainer/lifecycle/AbstractMonitoringLifecycleStrategy|,|java+interface:///org/picocontainer/LifecycleStrategy|>,2,|java+interface:///org/picocontainer/LifecycleStrategy|>,
  <<|java+class:///org/picocontainer/behaviors/Synchronized|,|java+class:///org/picocontainer/behaviors/AbstractBehavior|>,2,|java+interface:///org/picocontainer/ComponentLifecycle|>,
  <<|java+class:///org/picocontainer/injectors/SingleMemberInjector|,|java+class:///org/picocontainer/injectors/AbstractInjector|>,2,|java+interface:///org/picocontainer/Injector|>,
  <<|java+class:///org/picocontainer/parameters/AbstractParameter|,|java+interface:///org/picocontainer/Parameter|>,2,|java+interface:///org/picocontainer/Parameter|>,
  <<|java+class:///org/picocontainer/injectors/AbstractInjector|,|java+class:///org/picocontainer/adapters/AbstractAdapter|>,2,|java+class:///java/lang/Object|>,
  <<|java+class:///org/picocontainer/injectors/AnnotatedFieldInjection|,|java+class:///org/picocontainer/injectors/AbstractInjectionFactory|>,2,|java+interface:///org/picocontainer/InjectionFactory|>,
  <<|java+class:///org/picocontainer/injectors/AdaptingInjection|,|java+class:///org/picocontainer/injectors/AbstractInjectionFactory|>,2,|java+interface:///org/picocontainer/InjectionFactory|>,
  <<|java+interface:///org/picocontainer/Behavior|,|java+interface:///org/picocontainer/ComponentLifecycle|>,2,|java+interface:///org/picocontainer/ComponentLifecycle|>,
  <<|java+class:///org/picocontainer/behaviors/FieldDecorated|,|java+class:///org/picocontainer/behaviors/AbstractBehavior|>,2,|java+interface:///org/picocontainer/Behavior|>,
  <<|java+class:///org/picocontainer/injectors/ConstructorInjection|,|java+class:///org/picocontainer/injectors/AbstractInjectionFactory|>,2,|java+interface:///org/picocontainer/InjectionFactory|>,
  <<|java+class:///org/picocontainer/behaviors/AbstractBehavior|,|java+interface:///org/picocontainer/Behavior|>,2,|java+interface:///org/picocontainer/Behavior|>,
  <<|java+interface:///org/picocontainer/MutablePicoContainer|,|java+interface:///org/picocontainer/Startable|>,2,|java+interface:///org/picocontainer/Startable|>,
  <<|java+class:///org/picocontainer/injectors/NamedMethodInjection|,|java+class:///org/picocontainer/injectors/AbstractInjectionFactory|>,2,|java+interface:///org/picocontainer/InjectionFactory|>,
  <<|java+class:///org/picocontainer/injectors/MethodInjector|,|java+class:///org/picocontainer/injectors/SingleMemberInjector|>,2,|java+interface:///org/picocontainer/ComponentMonitorStrategy|>,
  <<|java+class:///org/picocontainer/parameters/BasicComponentParameter|,|java+interface:///org/picocontainer/Parameter|>,2,|java+interface:///org/picocontainer/Parameter|>,
  <<|java+class:///org/picocontainer/injectors/NamedFieldInjection|,|java+class:///org/picocontainer/injectors/AbstractInjectionFactory|>,2,|java+interface:///org/picocontainer/InjectionFactory|>,
  <<|java+class:///org/picocontainer/behaviors/Caching|,|java+class:///org/picocontainer/behaviors/AbstractBehaviorFactory|>,2,|java+interface:///org/picocontainer/ComponentFactory|>,
  <<|java+class:///org/picocontainer/injectors/MethodInjection|,|java+class:///org/picocontainer/injectors/AbstractInjectionFactory|>,2,|java+interface:///org/picocontainer/InjectionFactory|>,
  <<|java+class:///org/picocontainer/behaviors/HiddenImplementation|,|java+class:///org/picocontainer/behaviors/AbstractBehavior|>,2,|java+interface:///org/picocontainer/Behavior|>,
  <<|java+class:///org/picocontainer/injectors/CompositeInjector|,|java+class:///org/picocontainer/injectors/AbstractInjector|>,2,|java+interface:///org/picocontainer/Injector|>,
  <<|java+class:///org/picocontainer/injectors/IterativeInjector|,|java+class:///org/picocontainer/injectors/AbstractInjector|>,2,|java+class:///java/lang/Object|>,
  <<|java+interface:///org/picocontainer/classname/ClassLoadingPicoContainer|,|java+interface:///org/picocontainer/MutablePicoContainer|>,2,|java+interface:///org/picocontainer/PicoContainer|>,
  <<|java+class:///org/picocontainer/behaviors/AbstractBehaviorFactory|,|java+interface:///org/picocontainer/ComponentFactory|>,2,|java+interface:///org/picocontainer/ComponentFactory|>,
  <<|java+class:///org/picocontainer/behaviors/Synchronized|,|java+class:///org/picocontainer/behaviors/AbstractBehavior|>,2,|java+interface:///org/picocontainer/ComponentAdapter|>,
  <<|java+class:///org/picocontainer/injectors/AnnotatedMethodInjection|,|java+class:///org/picocontainer/injectors/AbstractInjectionFactory|>,2,|java+interface:///org/picocontainer/InjectionFactory|>,
  <<|java+class:///org/picocontainer/injectors/SetterInjection|,|java+class:///org/picocontainer/injectors/AbstractInjectionFactory|>,2,|java+interface:///org/picocontainer/InjectionFactory|>,
  <<|java+class:///org/picocontainer/adapters/AbstractAdapter|,|java+interface:///org/picocontainer/ComponentAdapter|>,2,|java+interface:///org/picocontainer/ComponentAdapter|>,
  <<|java+class:///org/picocontainer/security/CustomPermissionsURLClassLoader|,|java+class:///java/net/URLClassLoader|>,2,|java+class:///java/lang/ClassLoader|>,
  <<|java+class:///org/picocontainer/behaviors/AbstractBehavior|,|java+interface:///org/picocontainer/LifecycleStrategy|>,2,|java+interface:///org/picocontainer/LifecycleStrategy|>,
  <<|java+class:///org/picocontainer/injectors/AbstractInjector|,|java+interface:///org/picocontainer/Injector|>,2,|java+interface:///org/picocontainer/Injector|>,
  <<|java+class:///org/picocontainer/behaviors/Intercepted|,|java+class:///org/picocontainer/behaviors/HiddenImplementation|>,2,|java+interface:///org/picocontainer/Behavior|>,
  <<|java+class:///org/picocontainer/injectors/SingleMemberInjector|,|java+class:///org/picocontainer/injectors/AbstractInjector|>,2,|java+interface:///org/picocontainer/ComponentMonitorStrategy|>,
  <<|java+class:///org/picocontainer/behaviors/Cached|,|java+class:///org/picocontainer/behaviors/Stored|>,2,|java+interface:///org/picocontainer/ComponentAdapter|>,
  <<|java+class:///org/picocontainer/behaviors/Automating|,|java+class:///org/picocontainer/behaviors/AbstractBehaviorFactory|>,2,|java+interface:///org/picocontainer/BehaviorFactory|>,
  <<|java+class:///org/picocontainer/behaviors/Guarded|,|java+class:///org/picocontainer/behaviors/AbstractBehavior|>,2,|java+interface:///org/picocontainer/ComponentAdapter|>,
  <<|java+class:///org/picocontainer/behaviors/ImplementationHiding|,|java+class:///org/picocontainer/behaviors/AbstractBehaviorFactory|>,2,|java+interface:///org/picocontainer/BehaviorFactory|>,
  <<|java+class:///org/picocontainer/injectors/MethodInjector/ByReflectionMethod|,|java+class:///org/picocontainer/injectors/MethodInjector|>,2,|java+interface:///org/picocontainer/ComponentMonitorStrategy|>,
  <<|java+class:///org/picocontainer/injectors/CompositeInjection|,|java+class:///org/picocontainer/injectors/AbstractInjectionFactory|>,2,|java+interface:///org/picocontainer/ComponentFactory|>,
  <<|java+class:///org/picocontainer/classname/DefaultClassLoadingPicoContainer/AsPropertiesPicoContainer|,|java+interface:///org/picocontainer/classname/ClassLoadingPicoContainer|>,2,|java+interface:///org/picocontainer/MutablePicoContainer|>,
  <<|java+class:///org/picocontainer/behaviors/ThreadCached|,|java+class:///org/picocontainer/behaviors/Stored|>,2,|java+interface:///org/picocontainer/Behavior|>,
  <<|java+class:///org/picocontainer/behaviors/AdaptingBehavior|,|java+interface:///org/picocontainer/BehaviorFactory|>,2,|java+interface:///org/picocontainer/ComponentFactory|>,
  <<|java+class:///org/picocontainer/injectors/AbstractInjector|,|java+interface:///org/picocontainer/Injector|>,2,|java+interface:///org/picocontainer/ComponentAdapter|>,
  <<|java+class:///org/picocontainer/behaviors/PropertyApplicator|,|java+class:///org/picocontainer/behaviors/AbstractBehavior|>,2,|java+interface:///org/picocontainer/ComponentAdapter|>,
  <<|java+class:///org/picocontainer/DefaultPicoContainer/LateInstance|,|java+class:///org/picocontainer/adapters/AbstractAdapter|>,2,|java+interface:///org/picocontainer/ComponentAdapter|>,
  <<|java+class:///org/picocontainer/DefaultPicoContainer/AsPropertiesPicoContainer|,|java+class:///org/picocontainer/containers/AbstractDelegatingMutablePicoContainer|>,2,|java+interface:///org/picocontainer/MutablePicoContainer|>,
  <<|java+class:///org/picocontainer/containers/TieringPicoContainer|,|java+class:///org/picocontainer/DefaultPicoContainer|>,2,|java+interface:///org/picocontainer/ComponentMonitorStrategy|>
}