[
  <<|java+class:///org/picocontainer/converters/DoubleConverter|,|java+interface:///org/picocontainer/converters/Converter|>,|java+class:///org/picocontainer/converters/UrlConverter|>,
  <<|java+class:///org/picocontainer/injectors/AbstractInjectionFactory/LifecycleAdapter|,|java+interface:///org/picocontainer/ComponentMonitorStrategy|>,|java+class:///org/picocontainer/adapters/AbstractAdapter|>,
  <<|java+class:///org/picocontainer/converters/LongConverter|,|java+interface:///org/picocontainer/converters/Converter|>,|java+class:///org/picocontainer/converters/UrlConverter|>,
  <<|java+class:///org/picocontainer/converters/BooleanConverter|,|java+interface:///org/picocontainer/converters/Converter|>,|java+class:///org/picocontainer/converters/UrlConverter|>,
  <<|java+class:///org/picocontainer/converters/CharacterConverter|,|java+interface:///org/picocontainer/converters/Converter|>,|java+class:///org/picocontainer/converters/UrlConverter|>,
  <<|java+class:///org/picocontainer/monitors/ConsoleComponentMonitor|,|java+interface:///org/picocontainer/ComponentMonitor|>,|java+class:///org/picocontainer/monitors/NullComponentMonitor|>,
  <<|java+class:///org/picocontainer/parameters/AbstractParameter|,|java+interface:///org/picocontainer/Parameter|>,|java+class:///org/picocontainer/parameters/BasicComponentParameter|>,
  <<|java+class:///org/picocontainer/converters/NewInstanceConverter|,|java+interface:///org/picocontainer/converters/Converter|>,|java+class:///org/picocontainer/converters/UrlConverter|>,
  <<|java+class:///org/picocontainer/lifecycle/AbstractMonitoringLifecycleStrategy|,|java+interface:///org/picocontainer/ComponentMonitorStrategy|>,|java+class:///org/picocontainer/adapters/AbstractAdapter|>,
  <<|java+class:///org/picocontainer/classname/DefaultClassLoadingPicoContainer/AsPropertiesPicoContainer|,|java+interface:///org/picocontainer/classname/ClassLoadingPicoContainer|>,|java+class:///org/picocontainer/classname/DefaultClassLoadingPicoContainer|>,
  <<|java+class:///org/picocontainer/behaviors/Intercepted/ControllerImpl|,|java+interface:///org/picocontainer/behaviors/Intercepted/Controller|>,|java+class:///org/picocontainer/behaviors/Intercepted/ControllerWrapper|>,
  <<|java+class:///org/picocontainer/adapters/InstanceAdapter|,|java+interface:///org/picocontainer/LifecycleStrategy|>,|java+class:///org/picocontainer/lifecycle/NullLifecycleStrategy|>,
  <<|java+class:///org/picocontainer/behaviors/AbstractBehavior|,|java+interface:///org/picocontainer/ComponentMonitorStrategy|>,|java+class:///org/picocontainer/adapters/AbstractAdapter|>,
  <<|java+class:///org/picocontainer/containers/CompositePicoContainer|,|java+interface:///org/picocontainer/PicoContainer|>,|java+class:///org/picocontainer/containers/ImmutablePicoContainer|>,
  <<|java+class:///org/picocontainer/behaviors/AbstractBehavior|,|java+interface:///org/picocontainer/Behavior|>,|java+class:///org/picocontainer/behaviors/Automated|>,
  <<|java+class:///org/picocontainer/monitors/LifecycleComponentMonitor|,|java+interface:///org/picocontainer/ComponentMonitor|>,|java+class:///org/picocontainer/monitors/NullComponentMonitor|>,
  <<|java+class:///org/picocontainer/converters/ShortConverter|,|java+interface:///org/picocontainer/converters/Converter|>,|java+class:///org/picocontainer/converters/UrlConverter|>,
  <<|java+class:///org/picocontainer/converters/FloatConverter|,|java+interface:///org/picocontainer/converters/Converter|>,|java+class:///org/picocontainer/converters/UrlConverter|>,
  <<|java+class:///org/picocontainer/monitors/WriterComponentMonitor|,|java+interface:///org/picocontainer/ComponentMonitor|>,|java+class:///org/picocontainer/monitors/NullComponentMonitor|>,
  <<|java+class:///org/picocontainer/converters/IntegerConverter|,|java+interface:///org/picocontainer/converters/Converter|>,|java+class:///org/picocontainer/converters/UrlConverter|>,
  <<|java+class:///org/picocontainer/injectors/ProviderAdapter|,|java+interface:///org/picocontainer/LifecycleStrategy|>,|java+class:///org/picocontainer/lifecycle/NullLifecycleStrategy|>,
  <<|java+class:///org/picocontainer/lifecycle/AbstractMonitoringLifecycleStrategy|,|java+interface:///org/picocontainer/LifecycleStrategy|>,|java+class:///org/picocontainer/lifecycle/NullLifecycleStrategy|>,
  <<|java+class:///org/picocontainer/lifecycle/CompositeLifecycleStrategy|,|java+interface:///org/picocontainer/LifecycleStrategy|>,|java+class:///org/picocontainer/lifecycle/NullLifecycleStrategy|>,
  <<|java+class:///org/picocontainer/converters/ByteConverter|,|java+interface:///org/picocontainer/converters/Converter|>,|java+class:///org/picocontainer/converters/UrlConverter|>,
  <<|java+class:///org/picocontainer/references/ThreadLocalMapObjectReference|,|java+interface:///org/picocontainer/ObjectReference|>,|java+class:///org/picocontainer/references/ThreadLocalReference|>,
  <<|java+class:///org/picocontainer/Parameter/DelegateResolver|,|java+interface:///org/picocontainer/Parameter/Resolver|>,|java+anonymousClass:///org/picocontainer/parameters/BasicComponentParameter/resolve(org/picocontainer/PicoContainer,org/picocontainer/ComponentAdapter,org/picocontainer/ComponentAdapter,java/lang/reflect/Type,org/picocontainer/NameBinding,boolean,java/lang/annotation/Annotation)/$anonymous1|>
]