RESULTS LOG: 
INTERNAL REUSE TOTAL: 58 
<|java+class:///org/picocontainer/DefaultPicoContainer/AsPropertiesPicoContainer|,|java+class:///org/picocontainer/containers/AbstractDelegatingMutablePicoContainer|> 
<|java+class:///org/picocontainer/behaviors/Automating|,|java+class:///org/picocontainer/behaviors/AbstractBehaviorFactory|> 
<|java+class:///org/picocontainer/behaviors/Cached|,|java+class:///org/picocontainer/behaviors/Stored|> 
<|java+class:///org/picocontainer/behaviors/Caching|,|java+class:///org/picocontainer/behaviors/AbstractBehaviorFactory|> 
<|java+class:///org/picocontainer/behaviors/Decorated|,|java+class:///org/picocontainer/behaviors/AbstractBehavior|> 
<|java+class:///org/picocontainer/behaviors/Decorating|,|java+class:///org/picocontainer/behaviors/AbstractBehaviorFactory|> 
<|java+class:///org/picocontainer/behaviors/FieldDecorated|,|java+class:///org/picocontainer/behaviors/AbstractBehavior|> 
<|java+class:///org/picocontainer/behaviors/FieldDecorating|,|java+class:///org/picocontainer/behaviors/AbstractBehaviorFactory|> 
<|java+class:///org/picocontainer/behaviors/Guarded|,|java+class:///org/picocontainer/behaviors/AbstractBehavior|> 
<|java+class:///org/picocontainer/behaviors/Guarding|,|java+class:///org/picocontainer/behaviors/AbstractBehaviorFactory|> 
<|java+class:///org/picocontainer/behaviors/HiddenImplementation|,|java+class:///org/picocontainer/behaviors/AbstractBehavior|> 
<|java+class:///org/picocontainer/behaviors/ImplementationHiding|,|java+class:///org/picocontainer/behaviors/AbstractBehaviorFactory|> 
<|java+class:///org/picocontainer/behaviors/Intercepting|,|java+class:///org/picocontainer/behaviors/AbstractBehaviorFactory|> 
<|java+class:///org/picocontainer/behaviors/Locked|,|java+class:///org/picocontainer/behaviors/AbstractBehavior|> 
<|java+class:///org/picocontainer/behaviors/Locking|,|java+class:///org/picocontainer/behaviors/AbstractBehaviorFactory|> 
<|java+class:///org/picocontainer/behaviors/OptInCaching|,|java+class:///org/picocontainer/behaviors/AbstractBehaviorFactory|> 
<|java+class:///org/picocontainer/behaviors/PropertyApplicator|,|java+class:///org/picocontainer/behaviors/AbstractBehavior|> 
<|java+class:///org/picocontainer/behaviors/PropertyApplying|,|java+class:///org/picocontainer/behaviors/AbstractBehaviorFactory|> 
<|java+class:///org/picocontainer/behaviors/Stored|,|java+class:///org/picocontainer/behaviors/AbstractBehavior|> 
<|java+class:///org/picocontainer/behaviors/Storing|,|java+class:///org/picocontainer/behaviors/AbstractBehaviorFactory|> 
<|java+class:///org/picocontainer/behaviors/Synchronized|,|java+class:///org/picocontainer/behaviors/AbstractBehavior|> 
<|java+class:///org/picocontainer/behaviors/Synchronizing|,|java+class:///org/picocontainer/behaviors/AbstractBehaviorFactory|> 
<|java+class:///org/picocontainer/behaviors/ThreadCached|,|java+class:///org/picocontainer/behaviors/Stored|> 
<|java+class:///org/picocontainer/behaviors/ThreadCaching|,|java+class:///org/picocontainer/behaviors/AbstractBehaviorFactory|> 
<|java+class:///org/picocontainer/classname/DefaultClassLoadingPicoContainer|,|java+class:///org/picocontainer/containers/AbstractDelegatingMutablePicoContainer|> 
<|java+class:///org/picocontainer/containers/AbstractDelegatingMutablePicoContainer|,|java+class:///org/picocontainer/containers/AbstractDelegatingPicoContainer|> 
<|java+class:///org/picocontainer/containers/CommandLinePicoContainer|,|java+class:///org/picocontainer/containers/AbstractDelegatingPicoContainer|> 
<|java+class:///org/picocontainer/containers/PropertiesPicoContainer|,|java+class:///org/picocontainer/containers/AbstractDelegatingPicoContainer|> 
<|java+class:///org/picocontainer/containers/TieringPicoContainer|,|java+class:///org/picocontainer/DefaultPicoContainer|> 
<|java+class:///org/picocontainer/containers/TieringPicoContainer/TieringGuard|,|java+class:///org/picocontainer/containers/AbstractDelegatingPicoContainer|> 
<|java+class:///org/picocontainer/injectors/AbstractInjector|,|java+class:///org/picocontainer/adapters/AbstractAdapter|> 
<|java+class:///org/picocontainer/injectors/AnnotatedFieldInjection|,|java+class:///org/picocontainer/injectors/AbstractInjectionFactory|> 
<|java+class:///org/picocontainer/injectors/AnnotatedFieldInjector|,|java+class:///org/picocontainer/injectors/IterativeInjector|> 
<|java+class:///org/picocontainer/injectors/AnnotatedMethodInjection|,|java+class:///org/picocontainer/injectors/AbstractInjectionFactory|> 
<|java+class:///org/picocontainer/injectors/CompositeInjection|,|java+class:///org/picocontainer/injectors/AbstractInjectionFactory|> 
<|java+class:///org/picocontainer/injectors/CompositeInjector|,|java+class:///org/picocontainer/injectors/AbstractInjector|> 
<|java+class:///org/picocontainer/injectors/ConstructorInjection|,|java+class:///org/picocontainer/injectors/AbstractInjectionFactory|> 
<|java+class:///org/picocontainer/injectors/ConstructorInjector|,|java+class:///org/picocontainer/injectors/SingleMemberInjector|> 
<|java+class:///org/picocontainer/injectors/IterativeInjector|,|java+class:///org/picocontainer/injectors/AbstractInjector|> 
<|java+class:///org/picocontainer/injectors/MethodInjection/MethodInjectionByName|,|java+class:///org/picocontainer/injectors/AbstractInjectionFactory|> 
<|java+class:///org/picocontainer/injectors/MethodInjection/MethodInjectionByReflectionMethod|,|java+class:///org/picocontainer/injectors/AbstractInjectionFactory|> 
<|java+class:///org/picocontainer/injectors/MethodInjector|,|java+class:///org/picocontainer/injectors/SingleMemberInjector|> 
<|java+class:///org/picocontainer/injectors/MultiInjection|,|java+class:///org/picocontainer/injectors/AbstractInjectionFactory|> 
<|java+class:///org/picocontainer/injectors/NamedFieldInjection|,|java+class:///org/picocontainer/injectors/AbstractInjectionFactory|> 
<|java+class:///org/picocontainer/injectors/NamedFieldInjector|,|java+class:///org/picocontainer/injectors/IterativeInjector|> 
<|java+class:///org/picocontainer/injectors/NamedMethodInjection|,|java+class:///org/picocontainer/injectors/AbstractInjectionFactory|> 
<|java+class:///org/picocontainer/injectors/SetterInjection|,|java+class:///org/picocontainer/injectors/AbstractInjectionFactory|> 
<|java+class:///org/picocontainer/injectors/SingleMemberInjector|,|java+class:///org/picocontainer/injectors/AbstractInjector|> 
<|java+class:///org/picocontainer/injectors/TypedFieldInjection|,|java+class:///org/picocontainer/injectors/AbstractInjectionFactory|> 
<|java+class:///org/picocontainer/injectors/TypedFieldInjector|,|java+class:///org/picocontainer/injectors/IterativeInjector|> 
<|java+class:///org/picocontainer/lifecycle/JavaEE5LifecycleStrategy|,|java+class:///org/picocontainer/lifecycle/AbstractMonitoringLifecycleStrategy|> 
<|java+class:///org/picocontainer/lifecycle/ReflectionLifecycleStrategy|,|java+class:///org/picocontainer/lifecycle/AbstractMonitoringLifecycleStrategy|> 
<|java+class:///org/picocontainer/lifecycle/StartableLifecycleStrategy|,|java+class:///org/picocontainer/lifecycle/AbstractMonitoringLifecycleStrategy|> 
<|java+class:///org/picocontainer/monitors/ComposingMonitor|,|java+class:///org/picocontainer/monitors/AbstractComponentMonitor|> 
<|java+class:///org/picocontainer/parameters/ComponentParameter|,|java+class:///org/picocontainer/parameters/BasicComponentParameter|> 
<|java+class:///org/picocontainer/visitors/MethodCallingVisitor|,|java+class:///org/picocontainer/visitors/TraversalCheckingVisitor|> 
<|java+class:///org/picocontainer/visitors/TraversalCheckingVisitor|,|java+class:///org/picocontainer/visitors/AbstractPicoVisitor|> 
<|java+class:///org/picocontainer/visitors/VerifyingVisitor|,|java+class:///org/picocontainer/visitors/TraversalCheckingVisitor|> 

EXTERNAL REUSE TOTAL: 6 
<|java+class:///org/picocontainer/behaviors/Caching|,|java+class:///org/picocontainer/behaviors/AbstractBehaviorFactory|> 
<|java+class:///org/picocontainer/classname/DefaultClassLoadingPicoContainer|,|java+class:///org/picocontainer/containers/AbstractDelegatingMutablePicoContainer|> 
<|java+class:///org/picocontainer/containers/AbstractDelegatingMutablePicoContainer|,|java+class:///org/picocontainer/containers/AbstractDelegatingPicoContainer|> 
<|java+class:///org/picocontainer/containers/TransientPicoContainer|,|java+class:///org/picocontainer/DefaultPicoContainer|> 
<|java+class:///org/picocontainer/injectors/Reinjection|,|java+class:///org/picocontainer/injectors/CompositeInjection|> 
<|java+class:///org/picocontainer/lifecycle/StartableLifecycleStrategy|,|java+class:///org/picocontainer/lifecycle/AbstractMonitoringLifecycleStrategy|> 

SUBTYPE TOTAL: 60 
<|java+class:///org/picocontainer/DefaultPicoContainer/AsPropertiesPicoContainer|,|java+class:///org/picocontainer/containers/AbstractDelegatingMutablePicoContainer|> 
<|java+class:///org/picocontainer/DefaultPicoContainer/LateInstance|,|java+class:///org/picocontainer/adapters/AbstractAdapter|> 
<|java+class:///org/picocontainer/PicoCompositionException|,|java+class:///org/picocontainer/PicoException|> 
<|java+class:///org/picocontainer/adapters/InstanceAdapter|,|java+class:///org/picocontainer/adapters/AbstractAdapter|> 
<|java+class:///org/picocontainer/behaviors/Automating|,|java+class:///org/picocontainer/behaviors/AbstractBehaviorFactory|> 
<|java+class:///org/picocontainer/behaviors/Cached|,|java+class:///org/picocontainer/behaviors/Stored|> 
<|java+class:///org/picocontainer/behaviors/Caching|,|java+class:///org/picocontainer/behaviors/AbstractBehaviorFactory|> 
<|java+class:///org/picocontainer/behaviors/Decorated|,|java+class:///org/picocontainer/behaviors/AbstractBehavior|> 
<|java+class:///org/picocontainer/behaviors/FieldDecorated|,|java+class:///org/picocontainer/behaviors/AbstractBehavior|> 
<|java+class:///org/picocontainer/behaviors/Guarded|,|java+class:///org/picocontainer/behaviors/AbstractBehavior|> 
<|java+class:///org/picocontainer/behaviors/HiddenImplementation|,|java+class:///org/picocontainer/behaviors/AbstractBehavior|> 
<|java+class:///org/picocontainer/behaviors/ImplementationHiding|,|java+class:///org/picocontainer/behaviors/AbstractBehaviorFactory|> 
<|java+class:///org/picocontainer/behaviors/Intercepted|,|java+class:///org/picocontainer/behaviors/HiddenImplementation|> 
<|java+class:///org/picocontainer/behaviors/Locked|,|java+class:///org/picocontainer/behaviors/AbstractBehavior|> 
<|java+class:///org/picocontainer/behaviors/Locking|,|java+class:///org/picocontainer/behaviors/AbstractBehaviorFactory|> 
<|java+class:///org/picocontainer/behaviors/PropertyApplicator|,|java+class:///org/picocontainer/behaviors/AbstractBehavior|> 
<|java+class:///org/picocontainer/behaviors/PropertyApplying|,|java+class:///org/picocontainer/behaviors/AbstractBehaviorFactory|> 
<|java+class:///org/picocontainer/behaviors/Stored|,|java+class:///org/picocontainer/behaviors/AbstractBehavior|> 
<|java+class:///org/picocontainer/behaviors/Synchronized|,|java+class:///org/picocontainer/behaviors/AbstractBehavior|> 
<|java+class:///org/picocontainer/behaviors/Synchronizing|,|java+class:///org/picocontainer/behaviors/AbstractBehaviorFactory|> 
<|java+class:///org/picocontainer/behaviors/ThreadCached|,|java+class:///org/picocontainer/behaviors/Stored|> 
<|java+class:///org/picocontainer/classname/DefaultClassLoadingPicoContainer|,|java+class:///org/picocontainer/containers/AbstractDelegatingMutablePicoContainer|> 
<|java+class:///org/picocontainer/containers/AbstractDelegatingMutablePicoContainer|,|java+class:///org/picocontainer/containers/AbstractDelegatingPicoContainer|> 
<|java+class:///org/picocontainer/containers/CommandLinePicoContainer|,|java+class:///org/picocontainer/containers/AbstractDelegatingPicoContainer|> 
<|java+class:///org/picocontainer/containers/PropertiesPicoContainer|,|java+class:///org/picocontainer/containers/AbstractDelegatingPicoContainer|> 
<|java+class:///org/picocontainer/containers/SystemPropertiesPicoContainer|,|java+class:///org/picocontainer/containers/PropertiesPicoContainer|> 
<|java+class:///org/picocontainer/containers/TieringPicoContainer|,|java+class:///org/picocontainer/DefaultPicoContainer|> 
<|java+class:///org/picocontainer/containers/TieringPicoContainer/TieringGuard|,|java+class:///org/picocontainer/containers/AbstractDelegatingPicoContainer|> 
<|java+class:///org/picocontainer/containers/TransientPicoContainer|,|java+class:///org/picocontainer/DefaultPicoContainer|> 
<|java+class:///org/picocontainer/injectors/AbstractInjector|,|java+class:///org/picocontainer/adapters/AbstractAdapter|> 
<|java+class:///org/picocontainer/injectors/AdaptingInjection|,|java+class:///org/picocontainer/injectors/AbstractInjectionFactory|> 
<|java+class:///org/picocontainer/injectors/AnnotatedFieldInjection|,|java+class:///org/picocontainer/injectors/AbstractInjectionFactory|> 
<|java+class:///org/picocontainer/injectors/AnnotatedFieldInjector|,|java+class:///org/picocontainer/injectors/IterativeInjector|> 
<|java+class:///org/picocontainer/injectors/AnnotatedMethodInjection|,|java+class:///org/picocontainer/injectors/AbstractInjectionFactory|> 
<|java+class:///org/picocontainer/injectors/AnnotatedMethodInjector|,|java+class:///org/picocontainer/injectors/SetterInjector|> 
<|java+class:///org/picocontainer/injectors/CompositeInjection|,|java+class:///org/picocontainer/injectors/AbstractInjectionFactory|> 
<|java+class:///org/picocontainer/injectors/CompositeInjector|,|java+class:///org/picocontainer/injectors/AbstractInjector|> 
<|java+class:///org/picocontainer/injectors/ConstructorInjection|,|java+class:///org/picocontainer/injectors/AbstractInjectionFactory|> 
<|java+class:///org/picocontainer/injectors/ConstructorInjector|,|java+class:///org/picocontainer/injectors/SingleMemberInjector|> 
<|java+class:///org/picocontainer/injectors/IterativeInjector|,|java+class:///org/picocontainer/injectors/AbstractInjector|> 
<|java+class:///org/picocontainer/injectors/MethodInjection|,|java+class:///org/picocontainer/injectors/AbstractInjectionFactory|> 
<|java+class:///org/picocontainer/injectors/MethodInjection/MethodInjectionByName|,|java+class:///org/picocontainer/injectors/AbstractInjectionFactory|> 
<|java+class:///org/picocontainer/injectors/MethodInjection/MethodInjectionByReflectionMethod|,|java+class:///org/picocontainer/injectors/AbstractInjectionFactory|> 
<|java+class:///org/picocontainer/injectors/MethodInjector|,|java+class:///org/picocontainer/injectors/SingleMemberInjector|> 
<|java+class:///org/picocontainer/injectors/MethodInjector/ByReflectionMethod|,|java+class:///org/picocontainer/injectors/MethodInjector|> 
<|java+class:///org/picocontainer/injectors/MultiInjector|,|java+class:///org/picocontainer/injectors/CompositeInjector|> 
<|java+class:///org/picocontainer/injectors/NamedFieldInjection|,|java+class:///org/picocontainer/injectors/AbstractInjectionFactory|> 
<|java+class:///org/picocontainer/injectors/NamedFieldInjector|,|java+class:///org/picocontainer/injectors/IterativeInjector|> 
<|java+class:///org/picocontainer/injectors/NamedMethodInjection|,|java+class:///org/picocontainer/injectors/AbstractInjectionFactory|> 
<|java+class:///org/picocontainer/injectors/NamedMethodInjector|,|java+class:///org/picocontainer/injectors/SetterInjector|> 
<|java+class:///org/picocontainer/injectors/Reinjection/ReinjectionInjector|,|java+class:///org/picocontainer/injectors/AbstractInjector|> 
<|java+class:///org/picocontainer/injectors/SetterInjection|,|java+class:///org/picocontainer/injectors/AbstractInjectionFactory|> 
<|java+class:///org/picocontainer/injectors/SetterInjector|,|java+class:///org/picocontainer/injectors/IterativeInjector|> 
<|java+class:///org/picocontainer/injectors/SingleMemberInjector|,|java+class:///org/picocontainer/injectors/AbstractInjector|> 
<|java+class:///org/picocontainer/injectors/TypedFieldInjection|,|java+class:///org/picocontainer/injectors/AbstractInjectionFactory|> 
<|java+class:///org/picocontainer/injectors/TypedFieldInjector|,|java+class:///org/picocontainer/injectors/IterativeInjector|> 
<|java+class:///org/picocontainer/lifecycle/StartableLifecycleStrategy|,|java+class:///org/picocontainer/lifecycle/AbstractMonitoringLifecycleStrategy|> 
<|java+class:///org/picocontainer/parameters/ComponentParameter|,|java+class:///org/picocontainer/parameters/BasicComponentParameter|> 
<|java+class:///org/picocontainer/parameters/NullParameter|,|java+class:///org/picocontainer/parameters/AbstractParameter|> 
<|java+class:///org/picocontainer/visitors/TraversalCheckingVisitor|,|java+class:///org/picocontainer/visitors/AbstractPicoVisitor|> 

DOWNCALL ACTUAL TOTAL: 0 

DOWNCALL CANDIDATE TOTAL: 0 

CONSTANT TOTAL: 0 

MARKER TOTAL: 0 

SUPER TOTAL: 56 
<|java+class:///org/picocontainer/DefaultPicoContainer/AsPropertiesPicoContainer|,|java+class:///org/picocontainer/containers/AbstractDelegatingMutablePicoContainer|> 
<|java+class:///org/picocontainer/DefaultPicoContainer/LateInstance|,|java+class:///org/picocontainer/adapters/AbstractAdapter|> 
<|java+class:///org/picocontainer/PicoClassNotFoundException|,|java+class:///org/picocontainer/PicoException|> 
<|java+class:///org/picocontainer/PicoCompositionException|,|java+class:///org/picocontainer/PicoException|> 
<|java+class:///org/picocontainer/PicoLifecycleException|,|java+class:///org/picocontainer/PicoException|> 
<|java+class:///org/picocontainer/adapters/InstanceAdapter|,|java+class:///org/picocontainer/adapters/AbstractAdapter|> 
<|java+class:///org/picocontainer/behaviors/Automated|,|java+class:///org/picocontainer/behaviors/AbstractBehavior|> 
<|java+class:///org/picocontainer/behaviors/Cached|,|java+class:///org/picocontainer/behaviors/Stored|> 
<|java+class:///org/picocontainer/behaviors/Decorated|,|java+class:///org/picocontainer/behaviors/AbstractBehavior|> 
<|java+class:///org/picocontainer/behaviors/FieldDecorated|,|java+class:///org/picocontainer/behaviors/AbstractBehavior|> 
<|java+class:///org/picocontainer/behaviors/Guarded|,|java+class:///org/picocontainer/behaviors/AbstractBehavior|> 
<|java+class:///org/picocontainer/behaviors/HiddenImplementation|,|java+class:///org/picocontainer/behaviors/AbstractBehavior|> 
<|java+class:///org/picocontainer/behaviors/Intercepted|,|java+class:///org/picocontainer/behaviors/HiddenImplementation|> 
<|java+class:///org/picocontainer/behaviors/Locked|,|java+class:///org/picocontainer/behaviors/AbstractBehavior|> 
<|java+class:///org/picocontainer/behaviors/PropertyApplicator|,|java+class:///org/picocontainer/behaviors/AbstractBehavior|> 
<|java+class:///org/picocontainer/behaviors/Stored|,|java+class:///org/picocontainer/behaviors/AbstractBehavior|> 
<|java+class:///org/picocontainer/behaviors/Synchronized|,|java+class:///org/picocontainer/behaviors/AbstractBehavior|> 
<|java+class:///org/picocontainer/behaviors/ThreadCached|,|java+class:///org/picocontainer/behaviors/Stored|> 
<|java+class:///org/picocontainer/classname/DefaultClassLoadingPicoContainer|,|java+class:///org/picocontainer/containers/AbstractDelegatingMutablePicoContainer|> 
<|java+class:///org/picocontainer/containers/AbstractDelegatingMutablePicoContainer|,|java+class:///org/picocontainer/containers/AbstractDelegatingPicoContainer|> 
<|java+class:///org/picocontainer/containers/CommandLineArgumentsPicoContainer|,|java+class:///org/picocontainer/containers/CommandLinePicoContainer|> 
<|java+class:///org/picocontainer/containers/CommandLinePicoContainer|,|java+class:///org/picocontainer/containers/AbstractDelegatingPicoContainer|> 
<|java+class:///org/picocontainer/containers/PropertiesPicoContainer|,|java+class:///org/picocontainer/containers/AbstractDelegatingPicoContainer|> 
<|java+class:///org/picocontainer/containers/SystemPropertiesPicoContainer|,|java+class:///org/picocontainer/containers/PropertiesPicoContainer|> 
<|java+class:///org/picocontainer/containers/TieringPicoContainer|,|java+class:///org/picocontainer/DefaultPicoContainer|> 
<|java+class:///org/picocontainer/containers/TieringPicoContainer/TieringGuard|,|java+class:///org/picocontainer/containers/AbstractDelegatingPicoContainer|> 
<|java+class:///org/picocontainer/containers/TransientPicoContainer|,|java+class:///org/picocontainer/DefaultPicoContainer|> 
<|java+class:///org/picocontainer/injectors/AbstractInjector|,|java+class:///org/picocontainer/adapters/AbstractAdapter|> 
<|java+class:///org/picocontainer/injectors/AbstractInjector/AmbiguousComponentResolutionException|,|java+class:///org/picocontainer/PicoCompositionException|> 
<|java+class:///org/picocontainer/injectors/AbstractInjector/CyclicDependencyException|,|java+class:///org/picocontainer/PicoCompositionException|> 
<|java+class:///org/picocontainer/injectors/AbstractInjector/NotConcreteRegistrationException|,|java+class:///org/picocontainer/PicoCompositionException|> 
<|java+class:///org/picocontainer/injectors/AbstractInjector/UnsatisfiableDependenciesException|,|java+class:///org/picocontainer/PicoCompositionException|> 
<|java+class:///org/picocontainer/injectors/AnnotatedFieldInjector|,|java+class:///org/picocontainer/injectors/IterativeInjector|> 
<|java+class:///org/picocontainer/injectors/AnnotatedMethodInjector|,|java+class:///org/picocontainer/injectors/SetterInjector|> 
<|java+class:///org/picocontainer/injectors/CompositeInjector|,|java+class:///org/picocontainer/injectors/AbstractInjector|> 
<|java+class:///org/picocontainer/injectors/ConstructorInjector|,|java+class:///org/picocontainer/injectors/SingleMemberInjector|> 
<|java+class:///org/picocontainer/injectors/ForgetfulConstructorInjection|,|java+class:///org/picocontainer/injectors/ConstructorInjection|> 
<|java+class:///org/picocontainer/injectors/IterativeInjector|,|java+class:///org/picocontainer/injectors/AbstractInjector|> 
<|java+class:///org/picocontainer/injectors/MethodInjector|,|java+class:///org/picocontainer/injectors/SingleMemberInjector|> 
<|java+class:///org/picocontainer/injectors/MethodInjector/ByReflectionMethod|,|java+class:///org/picocontainer/injectors/MethodInjector|> 
<|java+class:///org/picocontainer/injectors/MultiInjector|,|java+class:///org/picocontainer/injectors/CompositeInjector|> 
<|java+class:///org/picocontainer/injectors/NamedFieldInjector|,|java+class:///org/picocontainer/injectors/IterativeInjector|> 
<|java+class:///org/picocontainer/injectors/NamedMethodInjector|,|java+class:///org/picocontainer/injectors/SetterInjector|> 
<|java+class:///org/picocontainer/injectors/Reinjection|,|java+class:///org/picocontainer/injectors/CompositeInjection|> 
<|java+class:///org/picocontainer/injectors/Reinjection/ReinjectionInjector|,|java+class:///org/picocontainer/injectors/AbstractInjector|> 
<|java+class:///org/picocontainer/injectors/SetterInjector|,|java+class:///org/picocontainer/injectors/IterativeInjector|> 
<|java+class:///org/picocontainer/injectors/SingleMemberInjector|,|java+class:///org/picocontainer/injectors/AbstractInjector|> 
<|java+class:///org/picocontainer/injectors/SingleMemberInjector/ParameterCannotBeNullException|,|java+class:///org/picocontainer/PicoCompositionException|> 
<|java+class:///org/picocontainer/injectors/TypedFieldInjector|,|java+class:///org/picocontainer/injectors/IterativeInjector|> 
<|java+class:///org/picocontainer/lifecycle/JavaEE5LifecycleStrategy|,|java+class:///org/picocontainer/lifecycle/AbstractMonitoringLifecycleStrategy|> 
<|java+class:///org/picocontainer/lifecycle/ReflectionLifecycleException|,|java+class:///org/picocontainer/PicoException|> 
<|java+class:///org/picocontainer/lifecycle/ReflectionLifecycleStrategy|,|java+class:///org/picocontainer/lifecycle/AbstractMonitoringLifecycleStrategy|> 
<|java+class:///org/picocontainer/lifecycle/StartableLifecycleStrategy|,|java+class:///org/picocontainer/lifecycle/AbstractMonitoringLifecycleStrategy|> 
<|java+class:///org/picocontainer/monitors/ComposingMonitor|,|java+class:///org/picocontainer/monitors/AbstractComponentMonitor|> 
<|java+class:///org/picocontainer/parameters/ComponentParameter|,|java+class:///org/picocontainer/parameters/BasicComponentParameter|> 
<|java+class:///org/picocontainer/visitors/AbstractPicoVisitor/PicoVisitorTraversalException|,|java+class:///org/picocontainer/PicoException|> 

GENERIC TOTAL: 0 

CATEGORY TOTAL: 0 

FRAMEWORK TOTAL: 56 
<|java+class:///org/picocontainer/DefaultPicoContainer/LateInstance|,|java+class:///org/picocontainer/adapters/AbstractAdapter|> 
<|java+class:///org/picocontainer/PicoClassNotFoundException|,|java+class:///org/picocontainer/PicoException|> 
<|java+class:///org/picocontainer/PicoCompositionException|,|java+class:///org/picocontainer/PicoException|> 
<|java+class:///org/picocontainer/PicoLifecycleException|,|java+class:///org/picocontainer/PicoException|> 
<|java+class:///org/picocontainer/PicoVerificationException|,|java+class:///org/picocontainer/PicoException|> 
<|java+class:///org/picocontainer/adapters/InstanceAdapter|,|java+class:///org/picocontainer/adapters/AbstractAdapter|> 
<|java+class:///org/picocontainer/behaviors/Automated|,|java+class:///org/picocontainer/behaviors/AbstractBehavior|> 
<|java+class:///org/picocontainer/behaviors/Automating|,|java+class:///org/picocontainer/behaviors/AbstractBehaviorFactory|> 
<|java+class:///org/picocontainer/behaviors/Caching|,|java+class:///org/picocontainer/behaviors/AbstractBehaviorFactory|> 
<|java+class:///org/picocontainer/behaviors/Decorated|,|java+class:///org/picocontainer/behaviors/AbstractBehavior|> 
<|java+class:///org/picocontainer/behaviors/Decorating|,|java+class:///org/picocontainer/behaviors/AbstractBehaviorFactory|> 
<|java+class:///org/picocontainer/behaviors/FieldDecorated|,|java+class:///org/picocontainer/behaviors/AbstractBehavior|> 
<|java+class:///org/picocontainer/behaviors/FieldDecorating|,|java+class:///org/picocontainer/behaviors/AbstractBehaviorFactory|> 
<|java+class:///org/picocontainer/behaviors/Guarded|,|java+class:///org/picocontainer/behaviors/AbstractBehavior|> 
<|java+class:///org/picocontainer/behaviors/Guarding|,|java+class:///org/picocontainer/behaviors/AbstractBehaviorFactory|> 
<|java+class:///org/picocontainer/behaviors/HiddenImplementation|,|java+class:///org/picocontainer/behaviors/AbstractBehavior|> 
<|java+class:///org/picocontainer/behaviors/ImplementationHiding|,|java+class:///org/picocontainer/behaviors/AbstractBehaviorFactory|> 
<|java+class:///org/picocontainer/behaviors/Intercepting|,|java+class:///org/picocontainer/behaviors/AbstractBehaviorFactory|> 
<|java+class:///org/picocontainer/behaviors/Locked|,|java+class:///org/picocontainer/behaviors/AbstractBehavior|> 
<|java+class:///org/picocontainer/behaviors/Locking|,|java+class:///org/picocontainer/behaviors/AbstractBehaviorFactory|> 
<|java+class:///org/picocontainer/behaviors/OptInCaching|,|java+class:///org/picocontainer/behaviors/AbstractBehaviorFactory|> 
<|java+class:///org/picocontainer/behaviors/PropertyApplicator|,|java+class:///org/picocontainer/behaviors/AbstractBehavior|> 
<|java+class:///org/picocontainer/behaviors/PropertyApplying|,|java+class:///org/picocontainer/behaviors/AbstractBehaviorFactory|> 
<|java+class:///org/picocontainer/behaviors/Stored|,|java+class:///org/picocontainer/behaviors/AbstractBehavior|> 
<|java+class:///org/picocontainer/behaviors/Storing|,|java+class:///org/picocontainer/behaviors/AbstractBehaviorFactory|> 
<|java+class:///org/picocontainer/behaviors/Synchronized|,|java+class:///org/picocontainer/behaviors/AbstractBehavior|> 
<|java+class:///org/picocontainer/behaviors/Synchronizing|,|java+class:///org/picocontainer/behaviors/AbstractBehaviorFactory|> 
<|java+class:///org/picocontainer/behaviors/ThreadCaching|,|java+class:///org/picocontainer/behaviors/AbstractBehaviorFactory|> 
<|java+class:///org/picocontainer/containers/AbstractDelegatingMutablePicoContainer|,|java+class:///org/picocontainer/containers/AbstractDelegatingPicoContainer|> 
<|java+class:///org/picocontainer/containers/CommandLinePicoContainer|,|java+class:///org/picocontainer/containers/AbstractDelegatingPicoContainer|> 
<|java+class:///org/picocontainer/containers/PropertiesPicoContainer|,|java+class:///org/picocontainer/containers/AbstractDelegatingPicoContainer|> 
<|java+class:///org/picocontainer/containers/TieringPicoContainer|,|java+class:///org/picocontainer/DefaultPicoContainer|> 
<|java+class:///org/picocontainer/containers/TieringPicoContainer/TieringGuard|,|java+class:///org/picocontainer/containers/AbstractDelegatingPicoContainer|> 
<|java+class:///org/picocontainer/containers/TransientPicoContainer|,|java+class:///org/picocontainer/DefaultPicoContainer|> 
<|java+class:///org/picocontainer/injectors/AbstractInjector|,|java+class:///org/picocontainer/adapters/AbstractAdapter|> 
<|java+class:///org/picocontainer/injectors/AdaptingInjection|,|java+class:///org/picocontainer/injectors/AbstractInjectionFactory|> 
<|java+class:///org/picocontainer/injectors/AnnotatedFieldInjection|,|java+class:///org/picocontainer/injectors/AbstractInjectionFactory|> 
<|java+class:///org/picocontainer/injectors/AnnotatedMethodInjection|,|java+class:///org/picocontainer/injectors/AbstractInjectionFactory|> 
<|java+class:///org/picocontainer/injectors/CompositeInjection|,|java+class:///org/picocontainer/injectors/AbstractInjectionFactory|> 
<|java+class:///org/picocontainer/injectors/ConstructorInjection|,|java+class:///org/picocontainer/injectors/AbstractInjectionFactory|> 
<|java+class:///org/picocontainer/injectors/MethodInjection|,|java+class:///org/picocontainer/injectors/AbstractInjectionFactory|> 
<|java+class:///org/picocontainer/injectors/MethodInjection/MethodInjectionByName|,|java+class:///org/picocontainer/injectors/AbstractInjectionFactory|> 
<|java+class:///org/picocontainer/injectors/MethodInjection/MethodInjectionByReflectionMethod|,|java+class:///org/picocontainer/injectors/AbstractInjectionFactory|> 
<|java+class:///org/picocontainer/injectors/MultiInjection|,|java+class:///org/picocontainer/injectors/AbstractInjectionFactory|> 
<|java+class:///org/picocontainer/injectors/NamedFieldInjection|,|java+class:///org/picocontainer/injectors/AbstractInjectionFactory|> 
<|java+class:///org/picocontainer/injectors/NamedMethodInjection|,|java+class:///org/picocontainer/injectors/AbstractInjectionFactory|> 
<|java+class:///org/picocontainer/injectors/SetterInjection|,|java+class:///org/picocontainer/injectors/AbstractInjectionFactory|> 
<|java+class:///org/picocontainer/injectors/TypedFieldInjection|,|java+class:///org/picocontainer/injectors/AbstractInjectionFactory|> 
<|java+class:///org/picocontainer/lifecycle/JavaEE5LifecycleStrategy|,|java+class:///org/picocontainer/lifecycle/AbstractMonitoringLifecycleStrategy|> 
<|java+class:///org/picocontainer/lifecycle/ReflectionLifecycleException|,|java+class:///org/picocontainer/PicoException|> 
<|java+class:///org/picocontainer/lifecycle/ReflectionLifecycleStrategy|,|java+class:///org/picocontainer/lifecycle/AbstractMonitoringLifecycleStrategy|> 
<|java+class:///org/picocontainer/lifecycle/StartableLifecycleStrategy|,|java+class:///org/picocontainer/lifecycle/AbstractMonitoringLifecycleStrategy|> 
<|java+class:///org/picocontainer/monitors/ComposingMonitor|,|java+class:///org/picocontainer/monitors/AbstractComponentMonitor|> 
<|java+class:///org/picocontainer/monitors/LifecycleComponentMonitor/LifecycleFailuresException|,|java+class:///org/picocontainer/PicoException|> 
<|java+class:///org/picocontainer/parameters/ComponentParameter|,|java+class:///org/picocontainer/parameters/BasicComponentParameter|> 
<|java+class:///org/picocontainer/visitors/AbstractPicoVisitor/PicoVisitorTraversalException|,|java+class:///org/picocontainer/PicoException|> 

DOWNCALL TOTAL: 18 
<|java+class:///org/picocontainer/behaviors/Decorated|,|java+class:///org/picocontainer/behaviors/AbstractBehavior|> 
<|java+class:///org/picocontainer/behaviors/FieldDecorated|,|java+class:///org/picocontainer/behaviors/AbstractBehavior|> 
<|java+class:///org/picocontainer/behaviors/Guarded|,|java+class:///org/picocontainer/behaviors/AbstractBehavior|> 
<|java+class:///org/picocontainer/behaviors/HiddenImplementation|,|java+class:///org/picocontainer/behaviors/AbstractBehavior|> 
<|java+class:///org/picocontainer/behaviors/Intercepted|,|java+class:///org/picocontainer/behaviors/HiddenImplementation|> 
<|java+class:///org/picocontainer/behaviors/Locked|,|java+class:///org/picocontainer/behaviors/AbstractBehavior|> 
<|java+class:///org/picocontainer/behaviors/PropertyApplicator|,|java+class:///org/picocontainer/behaviors/AbstractBehavior|> 
<|java+class:///org/picocontainer/behaviors/Stored|,|java+class:///org/picocontainer/behaviors/AbstractBehavior|> 
<|java+class:///org/picocontainer/behaviors/Synchronized|,|java+class:///org/picocontainer/behaviors/AbstractBehavior|> 
<|java+class:///org/picocontainer/containers/TieringPicoContainer|,|java+class:///org/picocontainer/DefaultPicoContainer|> 
<|java+class:///org/picocontainer/injectors/AnnotatedFieldInjector|,|java+class:///org/picocontainer/injectors/IterativeInjector|> 
<|java+class:///org/picocontainer/injectors/IterativeInjector|,|java+class:///org/picocontainer/injectors/AbstractInjector|> 
<|java+class:///org/picocontainer/injectors/MethodInjector|,|java+class:///org/picocontainer/injectors/SingleMemberInjector|> 
<|java+class:///org/picocontainer/injectors/MethodInjector/ByReflectionMethod|,|java+class:///org/picocontainer/injectors/MethodInjector|> 
<|java+class:///org/picocontainer/injectors/NamedFieldInjector|,|java+class:///org/picocontainer/injectors/IterativeInjector|> 
<|java+class:///org/picocontainer/injectors/Reinjection/ReinjectionInjector|,|java+class:///org/picocontainer/injectors/AbstractInjector|> 
<|java+class:///org/picocontainer/injectors/SetterInjector|,|java+class:///org/picocontainer/injectors/IterativeInjector|> 
<|java+class:///org/picocontainer/injectors/TypedFieldInjector|,|java+class:///org/picocontainer/injectors/IterativeInjector|> 




INTERNAL REUSE TOTAL: 0 

EXTERNAL REUSE TOTAL: 4 
<|java+class:///org/picocontainer/adapters/AbstractAdapter|,|java+interface:///org/picocontainer/ComponentAdapter|> 
<|java+class:///org/picocontainer/behaviors/AbstractBehavior|,|java+interface:///org/picocontainer/LifecycleStrategy|> 
<|java+class:///org/picocontainer/injectors/AbstractInjectionFactory|,|java+interface:///org/picocontainer/InjectionFactory|> 
<|java+class:///org/picocontainer/injectors/ProviderAdapter|,|java+interface:///org/picocontainer/Injector|> 

SUBTYPE TOTAL: 55 
<|java+class:///org/picocontainer/DefaultPicoContainer|,|java+interface:///org/picocontainer/ComponentMonitorStrategy|> 
<|java+class:///org/picocontainer/DefaultPicoContainer|,|java+interface:///org/picocontainer/Converting|> 
<|java+class:///org/picocontainer/DefaultPicoContainer|,|java+interface:///org/picocontainer/MutablePicoContainer|> 
<|java+class:///org/picocontainer/DefaultPicoContainer/KnowsContainerAdapter|,|java+interface:///org/picocontainer/ComponentAdapter|> 
<|java+class:///org/picocontainer/Parameter/NotResolved|,|java+interface:///org/picocontainer/Parameter/Resolver|> 
<|java+class:///org/picocontainer/Parameter/ValueResolver|,|java+interface:///org/picocontainer/Parameter/Resolver|> 
<|java+class:///org/picocontainer/adapters/AbstractAdapter|,|java+interface:///org/picocontainer/ComponentAdapter|> 
<|java+class:///org/picocontainer/adapters/AbstractAdapter|,|java+interface:///org/picocontainer/ComponentMonitorStrategy|> 
<|java+class:///org/picocontainer/adapters/InstanceAdapter|,|java+interface:///org/picocontainer/ComponentLifecycle|> 
<|java+class:///org/picocontainer/behaviors/AbstractBehavior|,|java+interface:///org/picocontainer/Behavior|> 
<|java+class:///org/picocontainer/behaviors/AbstractBehavior|,|java+interface:///org/picocontainer/ComponentMonitorStrategy|> 
<|java+class:///org/picocontainer/behaviors/AbstractBehavior|,|java+interface:///org/picocontainer/LifecycleStrategy|> 
<|java+class:///org/picocontainer/behaviors/AbstractBehaviorFactory|,|java+interface:///org/picocontainer/BehaviorFactory|> 
<|java+class:///org/picocontainer/behaviors/AbstractBehaviorFactory|,|java+interface:///org/picocontainer/ComponentFactory|> 
<|java+class:///org/picocontainer/behaviors/AdaptingBehavior|,|java+interface:///org/picocontainer/BehaviorFactory|> 
<|java+class:///org/picocontainer/behaviors/Automated|,|java+interface:///org/picocontainer/Behavior|> 
<|java+class:///org/picocontainer/behaviors/Decorating|,|java+interface:///org/picocontainer/behaviors/Decorated/Decorator|> 
<|java+class:///org/picocontainer/behaviors/FieldDecorating|,|java+interface:///org/picocontainer/behaviors/FieldDecorated/Decorator|> 
<|java+class:///org/picocontainer/behaviors/Intercepted/ControllerWrapper|,|java+interface:///org/picocontainer/behaviors/Intercepted/Controller|> 
<|java+class:///org/picocontainer/behaviors/Stored/NoComponentLifecycle|,|java+interface:///org/picocontainer/ComponentLifecycle|> 
<|java+class:///org/picocontainer/behaviors/Stored/RealComponentLifecycle|,|java+interface:///org/picocontainer/ComponentLifecycle|> 
<|java+class:///org/picocontainer/classname/DefaultClassLoadingPicoContainer|,|java+interface:///org/picocontainer/ComponentMonitorStrategy|> 
<|java+class:///org/picocontainer/classname/DefaultClassLoadingPicoContainer|,|java+interface:///org/picocontainer/classname/ClassLoadingPicoContainer|> 
<|java+class:///org/picocontainer/classname/DefaultClassLoadingPicoContainer/AsPropertiesPicoContainer|,|java+interface:///org/picocontainer/classname/ClassLoadingPicoContainer|> 
<|java+class:///org/picocontainer/containers/AbstractDelegatingMutablePicoContainer|,|java+interface:///org/picocontainer/MutablePicoContainer|> 
<|java+class:///org/picocontainer/containers/AbstractDelegatingPicoContainer|,|java+interface:///org/picocontainer/Converting|> 
<|java+class:///org/picocontainer/containers/AbstractDelegatingPicoContainer|,|java+interface:///org/picocontainer/PicoContainer|> 
<|java+class:///org/picocontainer/containers/CompositePicoContainer/CompositeConverters|,|java+interface:///org/picocontainer/Converters|> 
<|java+class:///org/picocontainer/containers/EmptyPicoContainer|,|java+interface:///org/picocontainer/PicoContainer|> 
<|java+class:///org/picocontainer/containers/ImmutablePicoContainer|,|java+interface:///org/picocontainer/PicoContainer|> 
<|java+class:///org/picocontainer/converters/BuiltInConverters|,|java+interface:///org/picocontainer/Converters|> 
<|java+class:///org/picocontainer/converters/ConvertsNothing|,|java+interface:///org/picocontainer/Converters|> 
<|java+class:///org/picocontainer/converters/FileConverter|,|java+interface:///org/picocontainer/converters/Converter|> 
<|java+class:///org/picocontainer/converters/UrlConverter|,|java+interface:///org/picocontainer/converters/Converter|> 
<|java+class:///org/picocontainer/injectors/AbstractInjectionFactory|,|java+interface:///org/picocontainer/InjectionFactory|> 
<|java+class:///org/picocontainer/injectors/AbstractInjectionFactory/LifecycleAdapter|,|java+interface:///org/picocontainer/ComponentAdapter|> 
<|java+class:///org/picocontainer/injectors/AbstractInjectionFactory/LifecycleAdapter|,|java+interface:///org/picocontainer/LifecycleStrategy|> 
<|java+class:///org/picocontainer/injectors/AbstractInjector|,|java+interface:///org/picocontainer/Injector|> 
<|java+class:///org/picocontainer/injectors/FactoryInjector|,|java+interface:///org/picocontainer/Injector|> 
<|java+class:///org/picocontainer/injectors/ParameterNameBinding|,|java+interface:///org/picocontainer/NameBinding|> 
<|java+class:///org/picocontainer/lifecycle/AbstractMonitoringLifecycleStrategy|,|java+interface:///org/picocontainer/LifecycleStrategy|> 
<|java+class:///org/picocontainer/lifecycle/DefaultLifecycleState|,|java+interface:///org/picocontainer/lifecycle/LifecycleState|> 
<|java+class:///org/picocontainer/lifecycle/NullLifecycleStrategy|,|java+interface:///org/picocontainer/LifecycleStrategy|> 
<|java+class:///org/picocontainer/monitors/AbstractComponentMonitor|,|java+interface:///org/picocontainer/ComponentMonitor|> 
<|java+class:///org/picocontainer/monitors/AbstractComponentMonitor|,|java+interface:///org/picocontainer/ComponentMonitorStrategy|> 
<|java+class:///org/picocontainer/monitors/NullComponentMonitor|,|java+interface:///org/picocontainer/ComponentMonitor|> 
<|java+class:///org/picocontainer/parameters/AbstractParameter|,|java+interface:///org/picocontainer/Parameter|> 
<|java+class:///org/picocontainer/parameters/BasicComponentParameter|,|java+interface:///org/picocontainer/Parameter|> 
<|java+class:///org/picocontainer/parameters/CollectionComponentParameter|,|java+interface:///org/picocontainer/Parameter|> 
<|java+class:///org/picocontainer/parameters/ConstantParameter|,|java+interface:///org/picocontainer/Parameter|> 
<|java+class:///org/picocontainer/parameters/DefaultConstructorParameter|,|java+interface:///org/picocontainer/Parameter|> 
<|java+class:///org/picocontainer/references/SimpleReference|,|java+interface:///org/picocontainer/ObjectReference|> 
<|java+class:///org/picocontainer/references/ThreadLocalReference|,|java+interface:///org/picocontainer/ObjectReference|> 
<|java+class:///org/picocontainer/visitors/AbstractPicoVisitor|,|java+interface:///org/picocontainer/PicoVisitor|> 
<|java+class:///org/picocontainer/visitors/VerifyingVisitor/ComponentAdapterCollector|,|java+interface:///org/picocontainer/PicoVisitor|> 

DOWNCALL ACTUAL TOTAL: 0 

DOWNCALL CANDIDATE TOTAL: 0 

CONSTANT TOTAL: 0 

MARKER TOTAL: 1 
<|java+class:///org/picocontainer/injectors/ProviderAdapter|,|java+interface:///org/picocontainer/injectors/Provider|> 

SUPER TOTAL: 0 

GENERIC TOTAL: 4 
<|java+class:///org/picocontainer/DefaultPicoContainer|,|java+interface:///org/picocontainer/MutablePicoContainer|> 
<|java+class:///org/picocontainer/adapters/AbstractAdapter|,|java+interface:///org/picocontainer/ComponentAdapter|> 
<|java+class:///org/picocontainer/behaviors/AbstractBehaviorFactory|,|java+interface:///org/picocontainer/ComponentFactory|> 
<|java+class:///org/picocontainer/containers/AbstractDelegatingMutablePicoContainer|,|java+interface:///org/picocontainer/MutablePicoContainer|> 

CATEGORY TOTAL: 26 
<|java+class:///org/picocontainer/Parameter/DelegateResolver|,|java+interface:///org/picocontainer/Parameter/Resolver|> 
<|java+class:///org/picocontainer/adapters/InstanceAdapter|,|java+interface:///org/picocontainer/LifecycleStrategy|> 
<|java+class:///org/picocontainer/behaviors/AbstractBehavior|,|java+interface:///org/picocontainer/Behavior|> 
<|java+class:///org/picocontainer/behaviors/AbstractBehavior|,|java+interface:///org/picocontainer/ComponentMonitorStrategy|> 
<|java+class:///org/picocontainer/behaviors/Intercepted/ControllerImpl|,|java+interface:///org/picocontainer/behaviors/Intercepted/Controller|> 
<|java+class:///org/picocontainer/classname/DefaultClassLoadingPicoContainer/AsPropertiesPicoContainer|,|java+interface:///org/picocontainer/classname/ClassLoadingPicoContainer|> 
<|java+class:///org/picocontainer/containers/CompositePicoContainer|,|java+interface:///org/picocontainer/PicoContainer|> 
<|java+class:///org/picocontainer/converters/BooleanConverter|,|java+interface:///org/picocontainer/converters/Converter|> 
<|java+class:///org/picocontainer/converters/ByteConverter|,|java+interface:///org/picocontainer/converters/Converter|> 
<|java+class:///org/picocontainer/converters/CharacterConverter|,|java+interface:///org/picocontainer/converters/Converter|> 
<|java+class:///org/picocontainer/converters/DoubleConverter|,|java+interface:///org/picocontainer/converters/Converter|> 
<|java+class:///org/picocontainer/converters/FloatConverter|,|java+interface:///org/picocontainer/converters/Converter|> 
<|java+class:///org/picocontainer/converters/IntegerConverter|,|java+interface:///org/picocontainer/converters/Converter|> 
<|java+class:///org/picocontainer/converters/LongConverter|,|java+interface:///org/picocontainer/converters/Converter|> 
<|java+class:///org/picocontainer/converters/NewInstanceConverter|,|java+interface:///org/picocontainer/converters/Converter|> 
<|java+class:///org/picocontainer/converters/ShortConverter|,|java+interface:///org/picocontainer/converters/Converter|> 
<|java+class:///org/picocontainer/injectors/AbstractInjectionFactory/LifecycleAdapter|,|java+interface:///org/picocontainer/ComponentMonitorStrategy|> 
<|java+class:///org/picocontainer/injectors/ProviderAdapter|,|java+interface:///org/picocontainer/LifecycleStrategy|> 
<|java+class:///org/picocontainer/lifecycle/AbstractMonitoringLifecycleStrategy|,|java+interface:///org/picocontainer/ComponentMonitorStrategy|> 
<|java+class:///org/picocontainer/lifecycle/AbstractMonitoringLifecycleStrategy|,|java+interface:///org/picocontainer/LifecycleStrategy|> 
<|java+class:///org/picocontainer/lifecycle/CompositeLifecycleStrategy|,|java+interface:///org/picocontainer/LifecycleStrategy|> 
<|java+class:///org/picocontainer/monitors/ConsoleComponentMonitor|,|java+interface:///org/picocontainer/ComponentMonitor|> 
<|java+class:///org/picocontainer/monitors/LifecycleComponentMonitor|,|java+interface:///org/picocontainer/ComponentMonitor|> 
<|java+class:///org/picocontainer/monitors/WriterComponentMonitor|,|java+interface:///org/picocontainer/ComponentMonitor|> 
<|java+class:///org/picocontainer/parameters/AbstractParameter|,|java+interface:///org/picocontainer/Parameter|> 
<|java+class:///org/picocontainer/references/ThreadLocalMapObjectReference|,|java+interface:///org/picocontainer/ObjectReference|> 

FRAMEWORK TOTAL: 0 

DOWNCALL TOTAL: 0 




INTERNAL REUSE TOTAL: 0 

EXTERNAL REUSE TOTAL: 6 
<|java+interface:///org/picocontainer/Behavior|,|java+interface:///org/picocontainer/ComponentLifecycle|> 
<|java+interface:///org/picocontainer/InjectionFactory|,|java+interface:///org/picocontainer/ComponentFactory|> 
<|java+interface:///org/picocontainer/Injector|,|java+interface:///org/picocontainer/ComponentAdapter|> 
<|java+interface:///org/picocontainer/MutablePicoContainer|,|java+interface:///org/picocontainer/Disposable|> 
<|java+interface:///org/picocontainer/MutablePicoContainer|,|java+interface:///org/picocontainer/PicoContainer|> 
<|java+interface:///org/picocontainer/MutablePicoContainer|,|java+interface:///org/picocontainer/Startable|> 

SUBTYPE TOTAL: 9 
<|java+interface:///org/picocontainer/Behavior|,|java+interface:///org/picocontainer/ComponentAdapter|> 
<|java+interface:///org/picocontainer/Behavior|,|java+interface:///org/picocontainer/ComponentLifecycle|> 
<|java+interface:///org/picocontainer/BehaviorFactory|,|java+interface:///org/picocontainer/ComponentFactory|> 
<|java+interface:///org/picocontainer/InjectionFactory|,|java+interface:///org/picocontainer/ComponentFactory|> 
<|java+interface:///org/picocontainer/Injector|,|java+interface:///org/picocontainer/ComponentAdapter|> 
<|java+interface:///org/picocontainer/MutablePicoContainer|,|java+interface:///org/picocontainer/Disposable|> 
<|java+interface:///org/picocontainer/MutablePicoContainer|,|java+interface:///org/picocontainer/PicoContainer|> 
<|java+interface:///org/picocontainer/MutablePicoContainer|,|java+interface:///org/picocontainer/Startable|> 
<|java+interface:///org/picocontainer/classname/ClassLoadingPicoContainer|,|java+interface:///org/picocontainer/MutablePicoContainer|> 

DOWNCALL ACTUAL TOTAL: 0 

DOWNCALL CANDIDATE TOTAL: 0 

CONSTANT TOTAL: 0 

MARKER TOTAL: 0 

SUPER TOTAL: 0 

GENERIC TOTAL: 0 

CATEGORY TOTAL: 0 

FRAMEWORK TOTAL: 0 

DOWNCALL TOTAL: 0 




