[
  <<|java+class:///org/picocontainer/injectors/ConstructorInjector|,|java+class:///org/picocontainer/injectors/SingleMemberInjector|>,|project://picocontainer-2.10.2/src/org/picocontainer/injectors/ConstructorInjector.java|(5051,76,<102,8>,<102,84>)>,
  <<|java+class:///org/picocontainer/injectors/ConstructorInjector|,|java+class:///org/picocontainer/injectors/SingleMemberInjector|>,|project://picocontainer-2.10.2/src/org/picocontainer/injectors/ConstructorInjector.java|(3872,76,<84,8>,<84,84>)>,
  <<|java+class:///org/picocontainer/injectors/NamedMethodInjector|,|java+class:///org/picocontainer/injectors/SetterInjector|>,|project://picocontainer-2.10.2/src/org/picocontainer/injectors/NamedMethodInjector.java|(2409,52,<56,8>,<56,60>)>,
  <<|java+class:///org/picocontainer/injectors/MethodInjector|,|java+class:///org/picocontainer/injectors/SingleMemberInjector|>,|project://picocontainer-2.10.2/src/org/picocontainer/injectors/MethodInjector.java|(2702,76,<57,8>,<57,84>)>,
  <<|java+class:///org/picocontainer/injectors/NamedFieldInjector|,|java+class:///org/picocontainer/injectors/IterativeInjector|>,|project://picocontainer-2.10.2/src/org/picocontainer/injectors/NamedFieldInjector.java|(1824,53,<44,8>,<44,61>)>,
  <<|java+class:///org/picocontainer/injectors/AnnotatedFieldInjector|,|java+class:///org/picocontainer/injectors/IterativeInjector|>,|project://picocontainer-2.10.2/src/org/picocontainer/injectors/AnnotatedFieldInjector.java|(1935,57,<42,8>,<42,65>)>,
  <<|java+class:///org/picocontainer/lifecycle/StartableLifecycleStrategy|,|java+class:///org/picocontainer/lifecycle/AbstractMonitoringLifecycleStrategy|>,|project://picocontainer-2.10.2/src/org/picocontainer/lifecycle/StartableLifecycleStrategy.java|(1440,15,<37,8>,<37,23>)>,
  <<|java+class:///org/picocontainer/injectors/AbstractInjector|,|java+class:///org/picocontainer/adapters/AbstractAdapter|>,|project://picocontainer-2.10.2/src/org/picocontainer/injectors/AbstractInjector.java|(3155,54,<65,8>,<65,62>)>,
  <<|java+class:///org/picocontainer/injectors/SingleMemberInjector|,|java+class:///org/picocontainer/injectors/AbstractInjector|>,|project://picocontainer-2.10.2/src/org/picocontainer/injectors/SingleMemberInjector.java|(1928,76,<44,8>,<44,84>)>,
  <<|java+class:///org/picocontainer/monitors/ComposingMonitor|,|java+class:///org/picocontainer/monitors/AbstractComponentMonitor|>,|project://picocontainer-2.10.2/src/org/picocontainer/monitors/ComposingMonitor.java|(1036,16,<22,8>,<22,24>)>,
  <<|java+class:///org/picocontainer/injectors/SingleMemberInjector/ParameterCannotBeNullException|,|java+class:///org/picocontainer/PicoCompositionException|>,|project://picocontainer-2.10.2/src/org/picocontainer/injectors/SingleMemberInjector.java|(5210,86,<117,12>,<117,98>)>,
  <<|java+class:///org/picocontainer/containers/CommandLineArgumentsPicoContainer|,|java+class:///org/picocontainer/containers/CommandLinePicoContainer|>,|project://picocontainer-2.10.2/src/org/picocontainer/containers/CommandLineArgumentsPicoContainer.java|(1836,33,<55,2>,<55,35>)>,
  <<|java+class:///org/picocontainer/containers/CommandLineArgumentsPicoContainer|,|java+class:///org/picocontainer/containers/CommandLinePicoContainer|>,|project://picocontainer-2.10.2/src/org/picocontainer/containers/CommandLineArgumentsPicoContainer.java|(2152,48,<67,2>,<67,50>)>,
  <<|java+class:///org/picocontainer/containers/CommandLineArgumentsPicoContainer|,|java+class:///org/picocontainer/containers/CommandLinePicoContainer|>,|project://picocontainer-2.10.2/src/org/picocontainer/containers/CommandLineArgumentsPicoContainer.java|(2884,25,<96,2>,<96,27>)>,
  <<|java+class:///org/picocontainer/containers/CommandLineArgumentsPicoContainer|,|java+class:///org/picocontainer/containers/CommandLinePicoContainer|>,|project://picocontainer-2.10.2/src/org/picocontainer/containers/CommandLineArgumentsPicoContainer.java|(1337,28,<35,2>,<35,30>)>,
  <<|java+class:///org/picocontainer/containers/CommandLineArgumentsPicoContainer|,|java+class:///org/picocontainer/containers/CommandLinePicoContainer|>,|project://picocontainer-2.10.2/src/org/picocontainer/containers/CommandLineArgumentsPicoContainer.java|(2530,56,<80,2>,<80,58>)>,
  <<|java+class:///org/picocontainer/containers/CommandLineArgumentsPicoContainer|,|java+class:///org/picocontainer/containers/CommandLinePicoContainer|>,|project://picocontainer-2.10.2/src/org/picocontainer/containers/CommandLineArgumentsPicoContainer.java|(1577,36,<45,2>,<45,38>)>,
  <<|java+class:///org/picocontainer/containers/CommandLineArgumentsPicoContainer|,|java+class:///org/picocontainer/containers/CommandLinePicoContainer|>,|project://picocontainer-2.10.2/src/org/picocontainer/containers/CommandLineArgumentsPicoContainer.java|(2701,17,<87,2>,<87,19>)>,
  <<|java+class:///org/picocontainer/behaviors/Automated|,|java+class:///org/picocontainer/behaviors/AbstractBehavior|>,|project://picocontainer-2.10.2/src/org/picocontainer/behaviors/Automated.java|(1040,16,<22,8>,<22,24>)>,
  <<|java+class:///org/picocontainer/visitors/AbstractPicoVisitor/PicoVisitorTraversalException|,|java+class:///org/picocontainer/PicoException|>,|project://picocontainer-2.10.2/src/org/picocontainer/visitors/AbstractPicoVisitor.java|(3584,126,<90,12>,<90,138>)>,
  <<|java+class:///org/picocontainer/injectors/AbstractInjector/AmbiguousComponentResolutionException|,|java+class:///org/picocontainer/PicoCompositionException|>,|project://picocontainer-2.10.2/src/org/picocontainer/injectors/AbstractInjector.java|(13519,10,<343,12>,<343,22>)>,
  <<|java+class:///org/picocontainer/PicoLifecycleException|,|java+class:///org/picocontainer/PicoException|>,|project://picocontainer-2.10.2/src/org/picocontainer/PicoLifecycleException.java|(965,13,<21,8>,<21,21>)>,
  <<|java+class:///org/picocontainer/PicoCompositionException|,|java+class:///org/picocontainer/PicoException|>,|project://picocontainer-2.10.2/src/org/picocontainer/PicoCompositionException.java|(1654,13,<39,8>,<39,21>)>,
  <<|java+class:///org/picocontainer/PicoCompositionException|,|java+class:///org/picocontainer/PicoException|>,|project://picocontainer-2.10.2/src/org/picocontainer/PicoCompositionException.java|(1401,15,<30,8>,<30,23>)>,
  <<|java+class:///org/picocontainer/PicoCompositionException|,|java+class:///org/picocontainer/PicoException|>,|project://picocontainer-2.10.2/src/org/picocontainer/PicoCompositionException.java|(1998,22,<49,8>,<49,30>)>,
  <<|java+class:///org/picocontainer/behaviors/HiddenImplementation|,|java+class:///org/picocontainer/behaviors/AbstractBehavior|>,|project://picocontainer-2.10.2/src/org/picocontainer/behaviors/HiddenImplementation.java|(2037,16,<43,8>,<43,24>)>,
  <<|java+class:///org/picocontainer/behaviors/FieldDecorated|,|java+class:///org/picocontainer/behaviors/AbstractBehavior|>,|project://picocontainer-2.10.2/src/org/picocontainer/behaviors/FieldDecorated.java|(504,16,<16,8>,<16,24>)>,
  <<|java+class:///org/picocontainer/containers/PropertiesPicoContainer|,|java+class:///org/picocontainer/containers/AbstractDelegatingPicoContainer|>,|project://picocontainer-2.10.2/src/org/picocontainer/containers/PropertiesPicoContainer.java|(1318,40,<33,2>,<33,42>)>,
  <<|java+class:///org/picocontainer/PicoClassNotFoundException|,|java+class:///org/picocontainer/PicoException|>,|project://picocontainer-2.10.2/src/org/picocontainer/PicoClassNotFoundException.java|(940,51,<16,8>,<16,59>)>,
  <<|java+class:///org/picocontainer/injectors/AbstractInjector/NotConcreteRegistrationException|,|java+class:///org/picocontainer/PicoCompositionException|>,|project://picocontainer-2.10.2/src/org/picocontainer/injectors/AbstractInjector.java|(17075,85,<432,12>,<432,97>)>,
  <<|java+class:///org/picocontainer/lifecycle/JavaEE5LifecycleStrategy|,|java+class:///org/picocontainer/lifecycle/AbstractMonitoringLifecycleStrategy|>,|project://picocontainer-2.10.2/src/org/picocontainer/lifecycle/JavaEE5LifecycleStrategy.java|(1410,15,<35,8>,<35,23>)>,
  <<|java+class:///org/picocontainer/behaviors/Decorated|,|java+class:///org/picocontainer/behaviors/AbstractBehavior|>,|project://picocontainer-2.10.2/src/org/picocontainer/behaviors/Decorated.java|(1098,16,<24,8>,<24,24>)>,
  <<|java+class:///org/picocontainer/adapters/InstanceAdapter|,|java+class:///org/picocontainer/adapters/AbstractAdapter|>,|project://picocontainer-2.10.2/src/org/picocontainer/adapters/InstanceAdapter.java|(2034,75,<50,8>,<50,83>)>,
  <<|java+class:///org/picocontainer/behaviors/Cached|,|java+class:///org/picocontainer/behaviors/Stored|>,|project://picocontainer-2.10.2/src/org/picocontainer/behaviors/Cached.java|(1845,35,<43,2>,<43,37>)>,
  <<|java+class:///org/picocontainer/PicoException|,|java+class:///java/lang/RuntimeException|>,|project://picocontainer-2.10.2/src/org/picocontainer/PicoException.java|(1939,13,<45,8>,<45,21>)>,
  <<|java+class:///org/picocontainer/PicoException|,|java+class:///java/lang/RuntimeException|>,|project://picocontainer-2.10.2/src/org/picocontainer/PicoException.java|(2275,21,<55,8>,<55,29>)>,
  <<|java+class:///org/picocontainer/PicoException|,|java+class:///java/lang/RuntimeException|>,|project://picocontainer-2.10.2/src/org/picocontainer/PicoException.java|(1694,15,<36,8>,<36,23>)>,
  <<|java+class:///org/picocontainer/injectors/CompositeInjector|,|java+class:///org/picocontainer/injectors/AbstractInjector|>,|project://picocontainer-2.10.2/src/org/picocontainer/injectors/CompositeInjector.java|(1298,76,<27,8>,<27,84>)>,
  <<|java+class:///org/picocontainer/behaviors/Stored|,|java+class:///org/picocontainer/behaviors/AbstractBehavior|>,|project://picocontainer-2.10.2/src/org/picocontainer/behaviors/Stored.java|(1485,16,<34,8>,<34,24>)>,
  <<|java+class:///org/picocontainer/lifecycle/ReflectionLifecycleStrategy|,|java+class:///org/picocontainer/lifecycle/AbstractMonitoringLifecycleStrategy|>,|project://picocontainer-2.10.2/src/org/picocontainer/lifecycle/ReflectionLifecycleStrategy.java|(2968,15,<82,8>,<82,23>)>,
  <<|java+class:///org/picocontainer/injectors/MethodInjector/ByReflectionMethod|,|java+class:///org/picocontainer/injectors/MethodInjector|>,|project://picocontainer-2.10.2/src/org/picocontainer/injectors/MethodInjector.java|(9560,82,<203,12>,<203,94>)>,
  <<|java+class:///org/picocontainer/injectors/TypedFieldInjector|,|java+class:///org/picocontainer/injectors/IterativeInjector|>,|project://picocontainer-2.10.2/src/org/picocontainer/injectors/TypedFieldInjector.java|(1818,53,<43,8>,<43,61>)>,
  <<|java+class:///org/picocontainer/DefaultPicoContainer/LateInstance|,|java+class:///org/picocontainer/adapters/AbstractAdapter|>,|project://picocontainer-2.10.2/src/org/picocontainer/DefaultPicoContainer.java|(11536,41,<294,12>,<294,53>)>,
  <<|java+class:///org/picocontainer/lifecycle/ReflectionLifecycleException|,|java+class:///org/picocontainer/PicoException|>,|project://picocontainer-2.10.2/src/org/picocontainer/lifecycle/ReflectionLifecycleException.java|(1241,22,<30,8>,<30,30>)>,
  <<|java+class:///org/picocontainer/containers/TransientPicoContainer|,|java+class:///org/picocontainer/DefaultPicoContainer|>,|project://picocontainer-2.10.2/src/org/picocontainer/containers/TransientPicoContainer.java|(1430,119,<28,8>,<28,127>)>,
  <<|java+class:///org/picocontainer/containers/TransientPicoContainer|,|java+class:///org/picocontainer/DefaultPicoContainer|>,|project://picocontainer-2.10.2/src/org/picocontainer/containers/TransientPicoContainer.java|(1239,117,<24,8>,<24,125>)>,
  <<|java+class:///org/picocontainer/containers/TransientPicoContainer|,|java+class:///org/picocontainer/DefaultPicoContainer|>,|project://picocontainer-2.10.2/src/org/picocontainer/containers/TransientPicoContainer.java|(1662,89,<32,8>,<32,97>)>,
  <<|java+class:///org/picocontainer/parameters/ComponentParameter|,|java+class:///org/picocontainer/parameters/BasicComponentParameter|>,|project://picocontainer-2.10.2/src/org/picocontainer/parameters/ComponentParameter.java|(4925,20,<111,8>,<111,28>)>,
  <<|java+class:///org/picocontainer/injectors/IterativeInjector|,|java+class:///org/picocontainer/injectors/AbstractInjector|>,|project://picocontainer-2.10.2/src/org/picocontainer/injectors/IterativeInjector.java|(2440,76,<57,8>,<57,84>)>,
  <<|java+class:///org/picocontainer/behaviors/Locked|,|java+class:///org/picocontainer/behaviors/AbstractBehavior|>,|project://picocontainer-2.10.2/src/org/picocontainer/behaviors/Locked.java|(1253,16,<33,8>,<33,24>)>,
  <<|java+class:///org/picocontainer/behaviors/Intercepted|,|java+class:///org/picocontainer/behaviors/HiddenImplementation|>,|project://picocontainer-2.10.2/src/org/picocontainer/behaviors/Intercepted.java|(1333,16,<29,8>,<29,24>)>,
  <<|java+class:///org/picocontainer/injectors/Reinjection|,|java+class:///org/picocontainer/injectors/CompositeInjection|>,|project://picocontainer-2.10.2/src/org/picocontainer/injectors/Reinjection.java|(1288,705,<27,8>,<35,31>)>,
  <<|java+class:///org/picocontainer/behaviors/ThreadCached|,|java+class:///org/picocontainer/behaviors/Stored|>,|project://picocontainer-2.10.2/src/org/picocontainer/behaviors/ThreadCached.java|(1102,57,<27,8>,<27,65>)>,
  <<|java+class:///org/picocontainer/containers/TieringPicoContainer/TieringGuard|,|java+class:///org/picocontainer/containers/AbstractDelegatingPicoContainer|>,|project://picocontainer-2.10.2/src/org/picocontainer/containers/TieringPicoContainer.java|(4999,14,<127,12>,<127,26>)>,
  <<|java+class:///org/picocontainer/behaviors/Guarded|,|java+class:///org/picocontainer/behaviors/AbstractBehavior|>,|project://picocontainer-2.10.2/src/org/picocontainer/behaviors/Guarded.java|(1333,16,<32,8>,<32,24>)>,
  <<|java+class:///org/picocontainer/containers/SystemPropertiesPicoContainer|,|java+class:///org/picocontainer/containers/PropertiesPicoContainer|>,|project://picocontainer-2.10.2/src/org/picocontainer/containers/SystemPropertiesPicoContainer.java|(1078,37,<24,2>,<24,39>)>,
  <<|java+class:///org/picocontainer/containers/AbstractDelegatingMutablePicoContainer|,|java+class:///org/picocontainer/containers/AbstractDelegatingPicoContainer|>,|project://picocontainer-2.10.2/src/org/picocontainer/containers/AbstractDelegatingMutablePicoContainer.java|(1362,16,<27,2>,<27,18>)>,
  <<|java+class:///org/picocontainer/behaviors/PropertyApplicator|,|java+class:///org/picocontainer/behaviors/AbstractBehavior|>,|project://picocontainer-2.10.2/src/org/picocontainer/behaviors/PropertyApplicator.java|(2761,16,<65,8>,<65,24>)>,
  <<|java+class:///org/picocontainer/containers/TieringPicoContainer|,|java+class:///org/picocontainer/DefaultPicoContainer|>,|project://picocontainer-2.10.2/src/org/picocontainer/containers/TieringPicoContainer.java|(4286,14,<106,8>,<106,22>)>,
  <<|java+class:///org/picocontainer/containers/TieringPicoContainer|,|java+class:///org/picocontainer/DefaultPicoContainer|>,|project://picocontainer-2.10.2/src/org/picocontainer/containers/TieringPicoContainer.java|(2401,23,<52,8>,<52,31>)>,
  <<|java+class:///org/picocontainer/containers/TieringPicoContainer|,|java+class:///org/picocontainer/DefaultPicoContainer|>,|project://picocontainer-2.10.2/src/org/picocontainer/containers/TieringPicoContainer.java|(3706,24,<86,8>,<86,32>)>,
  <<|java+class:///org/picocontainer/containers/TieringPicoContainer|,|java+class:///org/picocontainer/DefaultPicoContainer|>,|project://picocontainer-2.10.2/src/org/picocontainer/containers/TieringPicoContainer.java|(3411,33,<76,8>,<76,41>)>,
  <<|java+class:///org/picocontainer/containers/TieringPicoContainer|,|java+class:///org/picocontainer/DefaultPicoContainer|>,|project://picocontainer-2.10.2/src/org/picocontainer/containers/TieringPicoContainer.java|(2969,42,<65,8>,<65,50>)>,
  <<|java+class:///org/picocontainer/containers/TieringPicoContainer|,|java+class:///org/picocontainer/DefaultPicoContainer|>,|project://picocontainer-2.10.2/src/org/picocontainer/containers/TieringPicoContainer.java|(1968,69,<41,8>,<41,77>)>,
  <<|java+class:///org/picocontainer/containers/TieringPicoContainer|,|java+class:///org/picocontainer/DefaultPicoContainer|>,|project://picocontainer-2.10.2/src/org/picocontainer/containers/TieringPicoContainer.java|(4444,8,<111,8>,<111,16>)>,
  <<|java+class:///org/picocontainer/containers/TieringPicoContainer|,|java+class:///org/picocontainer/DefaultPicoContainer|>,|project://picocontainer-2.10.2/src/org/picocontainer/containers/TieringPicoContainer.java|(3982,15,<96,8>,<96,23>)>,
  <<|java+class:///org/picocontainer/containers/TieringPicoContainer|,|java+class:///org/picocontainer/DefaultPicoContainer|>,|project://picocontainer-2.10.2/src/org/picocontainer/containers/TieringPicoContainer.java|(1682,51,<36,8>,<36,59>)>,
  <<|java+class:///org/picocontainer/containers/CommandLinePicoContainer|,|java+class:///org/picocontainer/containers/AbstractDelegatingPicoContainer|>,|project://picocontainer-2.10.2/src/org/picocontainer/containers/CommandLinePicoContainer.java|(1576,40,<35,5>,<35,45>)>,
  <<|java+class:///org/picocontainer/containers/CommandLinePicoContainer|,|java+class:///org/picocontainer/containers/AbstractDelegatingPicoContainer|>,|project://picocontainer-2.10.2/src/org/picocontainer/containers/CommandLinePicoContainer.java|(2251,40,<50,5>,<50,45>)>,
  <<|java+class:///org/picocontainer/security/CustomPermissionsURLClassLoader|,|java+class:///java/net/URLClassLoader|>,|project://picocontainer-2.10.2/src/org/picocontainer/security/CustomPermissionsURLClassLoader.java|(1610,20,<34,8>,<34,28>)>,
  <<|java+class:///org/picocontainer/injectors/AbstractInjector/UnsatisfiableDependenciesException|,|java+class:///org/picocontainer/PicoCompositionException|>,|project://picocontainer-2.10.2/src/org/picocontainer/injectors/AbstractInjector.java|(15714,329,<397,12>,<399,79>)>,
  <<|java+class:///org/picocontainer/injectors/AbstractInjector/CyclicDependencyException|,|java+class:///org/picocontainer/PicoCompositionException|>,|project://picocontainer-2.10.2/src/org/picocontainer/injectors/AbstractInjector.java|(12049,23,<297,12>,<297,35>)>,
  <<|java+class:///org/picocontainer/behaviors/Synchronized|,|java+class:///org/picocontainer/behaviors/AbstractBehavior|>,|project://picocontainer-2.10.2/src/org/picocontainer/behaviors/Synchronized.java|(1265,16,<30,8>,<30,24>)>,
  <<|java+class:///org/picocontainer/classname/DefaultClassLoadingPicoContainer|,|java+class:///org/picocontainer/containers/AbstractDelegatingMutablePicoContainer|>,|project://picocontainer-2.10.2/src/org/picocontainer/classname/DefaultClassLoadingPicoContainer.java|(3087,16,<72,8>,<72,24>)>,
  <<|java+class:///org/picocontainer/classname/DefaultClassLoadingPicoContainer|,|java+class:///org/picocontainer/containers/AbstractDelegatingMutablePicoContainer|>,|project://picocontainer-2.10.2/src/org/picocontainer/classname/DefaultClassLoadingPicoContainer.java|(4680,95,<112,8>,<112,103>)>,
  <<|java+class:///org/picocontainer/classname/DefaultClassLoadingPicoContainer|,|java+class:///org/picocontainer/containers/AbstractDelegatingMutablePicoContainer|>,|project://picocontainer-2.10.2/src/org/picocontainer/classname/DefaultClassLoadingPicoContainer.java|(4341,34,<105,8>,<105,42>)>,
  <<|java+class:///org/picocontainer/classname/DefaultClassLoadingPicoContainer|,|java+class:///org/picocontainer/containers/AbstractDelegatingMutablePicoContainer|>,|project://picocontainer-2.10.2/src/org/picocontainer/classname/DefaultClassLoadingPicoContainer.java|(3796,40,<90,8>,<90,48>)>,
  <<|java+class:///org/picocontainer/classname/DefaultClassLoadingPicoContainer|,|java+class:///org/picocontainer/containers/AbstractDelegatingMutablePicoContainer|>,|project://picocontainer-2.10.2/src/org/picocontainer/classname/DefaultClassLoadingPicoContainer.java|(3289,55,<78,8>,<78,63>)>,
  <<|java+class:///org/picocontainer/classname/DefaultClassLoadingPicoContainer|,|java+class:///org/picocontainer/containers/AbstractDelegatingMutablePicoContainer|>,|project://picocontainer-2.10.2/src/org/picocontainer/classname/DefaultClassLoadingPicoContainer.java|(4202,34,<100,8>,<100,42>)>,
  <<|java+class:///org/picocontainer/classname/DefaultClassLoadingPicoContainer|,|java+class:///org/picocontainer/containers/AbstractDelegatingMutablePicoContainer|>,|project://picocontainer-2.10.2/src/org/picocontainer/classname/DefaultClassLoadingPicoContainer.java|(3566,56,<84,8>,<84,64>)>,
  <<|java+class:///org/picocontainer/classname/DefaultClassLoadingPicoContainer|,|java+class:///org/picocontainer/containers/AbstractDelegatingMutablePicoContainer|>,|project://picocontainer-2.10.2/src/org/picocontainer/classname/DefaultClassLoadingPicoContainer.java|(4014,16,<95,8>,<95,24>)>,
  <<|java+class:///org/picocontainer/classname/DefaultClassLoadingPicoContainer|,|java+class:///org/picocontainer/containers/AbstractDelegatingMutablePicoContainer|>,|project://picocontainer-2.10.2/src/org/picocontainer/classname/DefaultClassLoadingPicoContainer.java|(2870,58,<67,8>,<67,66>)>,
  <<|java+class:///org/picocontainer/injectors/ForgetfulConstructorInjection|,|java+class:///org/picocontainer/injectors/ConstructorInjection|>,|project://picocontainer-2.10.2/src/org/picocontainer/injectors/ForgetfulConstructorInjection.java|(964,13,<19,8>,<19,21>)>,
  <<|java+class:///org/picocontainer/injectors/SetterInjector|,|java+class:///org/picocontainer/injectors/IterativeInjector|>,|project://picocontainer-2.10.2/src/org/picocontainer/injectors/SetterInjector.java|(2693,76,<59,8>,<59,84>)>,
  <<|java+class:///org/picocontainer/injectors/Reinjection/ReinjectionInjector|,|java+class:///org/picocontainer/injectors/AbstractInjector|>,|project://picocontainer-2.10.2/src/org/picocontainer/injectors/Reinjection.java|(2324,85,<42,12>,<42,97>)>,
  <<|java+class:///org/picocontainer/injectors/AnnotatedMethodInjector|,|java+class:///org/picocontainer/injectors/SetterInjector|>,|project://picocontainer-2.10.2/src/org/picocontainer/injectors/AnnotatedMethodInjector.java|(1520,52,<31,8>,<31,60>)>,
  <<|java+class:///org/picocontainer/DefaultPicoContainer/AsPropertiesPicoContainer|,|java+class:///org/picocontainer/containers/AbstractDelegatingMutablePicoContainer|>,|project://picocontainer-2.10.2/src/org/picocontainer/DefaultPicoContainer.java|(43805,33,<1104,12>,<1104,45>)>,
  <<|java+class:///org/picocontainer/injectors/MultiInjector|,|java+class:///org/picocontainer/injectors/CompositeInjector|>,|project://picocontainer-2.10.2/src/org/picocontainer/injectors/MultiInjector.java|(1212,729,<24,8>,<28,167>)>
]