[
  <<|java+class:///org/apache/cayenne/jpa/entity/cayenne/MockCayenneEntity1|,|java+class:///org/apache/cayenne/CayenneDataObject|>,|java+class:///org/apache/cayenne/testdo/mt/auto/_MtMapToManyTarget|>,
  <<|java+class:///org/apache/cayenne/jpa/entity/cayenne/MockCayenneEntity2|,|java+class:///org/apache/cayenne/CayenneDataObject|>,|java+class:///org/apache/cayenne/testdo/mt/auto/_MtMapToManyTarget|>,
  <<|java+class:///org/apache/cayenne/jpa/bridge/JpaProcedureQuery|,|java+class:///org/apache/cayenne/jpa/bridge/JpaIndirectQuery|>,|java+class:///org/apache/cayenne/jpa/bridge/JpaEjbQLQuery|>,
  <<|java+class:///org/apache/cayenne/dba/h2/H2Adapter|,|java+class:///org/apache/cayenne/dba/JdbcAdapter|>,|java+class:///org/apache/cayenne/dba/ingres/IngresAdapter|>,
  <<|java+class:///org/apache/cayenne/access/MockNoRoutingQuery|,|java+class:///org/apache/cayenne/query/AbstractQuery|>,|java+class:///org/apache/cayenne/query/SQLTemplate|>,
  <<|java+class:///org/apache/cayenne/exp/parser/ASTAnd|,|java+interface:///org/apache/cayenne/exp/ValueInjector|>,|java+class:///org/apache/cayenne/exp/parser/ASTEqual|>,
  <<|java+class:///org/apache/cayenne/access/types/AbstractType|,|java+interface:///org/apache/cayenne/access/types/ExtendedType|>,|java+class:///org/apache/cayenne/access/types/ShortType|>,
  <<|java+class:///org/apache/cayenne/jpa/conf/ClassAnnotationProcessorFactory/AbstractChildProcessor|,|java+interface:///org/apache/cayenne/jpa/conf/AnnotationProcessor|>,|java+anonymousClass:///org/apache/cayenne/jpa/conf/AnnotationProcessorFactory/$anonymous1|>,
  <<|java+class:///org/apache/cayenne/access/types/ExtendedTypeDecorator|,|java+interface:///org/apache/cayenne/access/types/ExtendedType|>,|java+class:///org/apache/cayenne/access/types/ShortType|>,
  <<|java+class:///org/apache/cayenne/reflect/PersistentDescriptorFactory|,|java+interface:///org/apache/cayenne/reflect/ClassDescriptorFactory|>,|java+class:///org/apache/cayenne/reflect/MockClassDescriptorFactory|>,
  <<|java+class:///org/apache/cayenne/jpa/conf/ClassAnnotationProcessorFactory/EntityProcessor|,|java+interface:///org/apache/cayenne/jpa/conf/AnnotationProcessor|>,|java+anonymousClass:///org/apache/cayenne/jpa/conf/AnnotationProcessorFactory/$anonymous1|>,
  <<|java+class:///org/apache/cayenne/jpa/conf/ClassAnnotationProcessorFactory/EmbeddableProcessor|,|java+interface:///org/apache/cayenne/jpa/conf/AnnotationProcessor|>,|java+anonymousClass:///org/apache/cayenne/jpa/conf/AnnotationProcessorFactory/$anonymous1|>,
  <<|java+class:///org/apache/cayenne/reflect/BaseProperty|,|java+interface:///org/apache/cayenne/reflect/Property|>,|java+class:///org/apache/cayenne/reflect/generic/DataObjectBaseProperty|>,
  <<|java+class:///org/apache/cayenne/cache/MapQueryCacheFactory|,|java+interface:///org/apache/cayenne/cache/QueryCacheFactory|>,|java+class:///org/apache/cayenne/cache/OSQueryCacheFactory|>,
  <<|java+class:///org/apache/cayenne/dba/derby/DerbySniffer|,|java+interface:///org/apache/cayenne/dba/DbAdapterFactory|>,|java+class:///org/apache/cayenne/dba/DbAdapterFactoryChain|>,
  <<|java+class:///org/apache/cayenne/access/DataDomain|,|java+interface:///org/apache/cayenne/access/QueryEngine|>,|java+class:///org/apache/cayenne/access/MockQueryEngine|>,
  <<|java+class:///org/apache/cayenne/exp/TraversalHelper|,|java+interface:///org/apache/cayenne/exp/TraversalHandler|>,|java+class:///org/apache/cayenne/access/trans/QualifierTranslator|>,
  <<|java+class:///org/apache/cayenne/access/jdbc/BaseRowReader|,|java+interface:///org/apache/cayenne/access/jdbc/RowReader|>,|java+class:///org/apache/cayenne/access/jdbc/CompoundRowReader|>,
  <<|java+class:///org/apache/cayenne/access/types/ByteOrCharArrayFactory|,|java+interface:///org/apache/cayenne/access/types/ExtendedTypeFactory|>,|java+class:///org/apache/cayenne/access/types/SubclassTypeFactory|>,
  <<|java+class:///org/apache/cayenne/access/AbstractDbLoaderDelegate|,|java+interface:///org/apache/cayenne/access/DbLoaderDelegate|>,|java+class:///org/apache/cayenne/modeler/dialog/db/DbLoaderHelper/LoaderDelegate|>,
  <<|java+class:///org/apache/cayenne/access/MockTransactionDelegate|,|java+interface:///org/apache/cayenne/access/TransactionDelegate|>,|java+class:///org/apache/cayenne/access/TransactionThreadTest/Delegate|>,
  <<|java+class:///org/apache/cayenne/dba/mysql/MySQLSniffer|,|java+interface:///org/apache/cayenne/dba/DbAdapterFactory|>,|java+class:///org/apache/cayenne/dba/DbAdapterFactoryChain|>,
  <<|java+class:///org/apache/cayenne/cache/NestedQueryCache|,|java+interface:///org/apache/cayenne/cache/QueryCache|>,|java+class:///org/apache/cayenne/cache/MapQueryCache|>,
  <<|java+class:///org/apache/cayenne/gen/EmbeddableArtifact|,|java+interface:///org/apache/cayenne/gen/Artifact|>,|java+class:///org/apache/cayenne/gen/EntityArtifact|>,
  <<|java+class:///org/apache/cayenne/access/util/DefaultOperationObserver|,|java+interface:///org/apache/cayenne/access/OperationObserver|>,|java+class:///org/apache/cayenne/dba/sqlserver/SQLServerProcedureAction/Observer|>,
  <<|java+class:///org/apache/cayenne/dba/sqlserver/SQLServerSniffer|,|java+interface:///org/apache/cayenne/dba/DbAdapterFactory|>,|java+class:///org/apache/cayenne/dba/DbAdapterFactoryChain|>,
  <<|java+class:///org/apache/cayenne/dba/db2/DB2Sniffer|,|java+interface:///org/apache/cayenne/dba/DbAdapterFactory|>,|java+class:///org/apache/cayenne/dba/DbAdapterFactoryChain|>,
  <<|java+class:///org/apache/cayenne/merge/AbstractToModelToken|,|java+interface:///org/apache/cayenne/merge/MergerToken|>,|java+class:///org/apache/cayenne/merge/DummyReverseToken|>,
  <<|java+class:///org/apache/cayenne/map/ProcedureParameter|,|java+interface:///org/apache/cayenne/util/CayenneMapEntry|>,|java+class:///org/apache/cayenne/map/Attribute|>,
  <<|java+class:///org/apache/cayenne/access/dbsync/BaseSchemaUpdateStrategy|,|java+interface:///org/apache/cayenne/access/dbsync/SchemaUpdateStrategy|>,|java+class:///org/apache/cayenne/access/dbsync/SkipSchemaUpdateStrategy|>,
  <<|java+class:///org/apache/cayenne/map/MockSQLAction|,|java+interface:///org/apache/cayenne/query/SQLAction|>,|java+class:///org/apache/cayenne/access/jdbc/SQLTemplateAction|>,
  <<|java+class:///org/apache/cayenne/jpa/conf/EntityCallbackAnnotationProcessorFactory/AbstractCallbackAnnotationProcessor|,|java+interface:///org/apache/cayenne/jpa/conf/AnnotationProcessor|>,|java+anonymousClass:///org/apache/cayenne/jpa/conf/AnnotationProcessorFactory/$anonymous1|>,
  <<|java+class:///org/apache/cayenne/access/types/SerializableTypeFactory|,|java+interface:///org/apache/cayenne/access/types/ExtendedTypeFactory|>,|java+class:///org/apache/cayenne/access/types/SubclassTypeFactory|>,
  <<|java+class:///org/apache/cayenne/merge/DefaultValueForNullProvider|,|java+interface:///org/apache/cayenne/merge/ValueForNullProvider|>,|java+class:///org/apache/cayenne/merge/EmptyValueForNullProvider|>,
  <<|java+class:///org/apache/cayenne/access/DataDomainActionBuilder|,|java+interface:///org/apache/cayenne/query/SQLActionVisitor|>,|java+class:///org/apache/cayenne/dba/JdbcActionBuilder|>,
  <<|java+class:///org/apache/cayenne/access/jdbc/BaseSQLAction|,|java+interface:///org/apache/cayenne/query/SQLAction|>,|java+class:///org/apache/cayenne/access/jdbc/SQLTemplateAction|>,
  <<|java+class:///org/apache/cayenne/modeler/pref/PreferencesDataSourceFactory|,|java+interface:///org/apache/cayenne/conf/DataSourceFactory|>,|java+class:///org/apache/cayenne/project/ProjectDataSourceFactory|>,
  <<|java+class:///org/apache/cayenne/jpa/conf/ClassAnnotationProcessorFactory/MappedSuperclassProcessor|,|java+interface:///org/apache/cayenne/jpa/conf/AnnotationProcessor|>,|java+anonymousClass:///org/apache/cayenne/jpa/conf/AnnotationProcessorFactory/$anonymous1|>,
  <<|java+class:///org/apache/cayenne/access/dbsync/TestSchemaUpdateStrategy|,|java+interface:///org/apache/cayenne/access/dbsync/SchemaUpdateStrategy|>,|java+class:///org/apache/cayenne/access/dbsync/SkipSchemaUpdateStrategy|>,
  <<|java+class:///org/apache/cayenne/dba/sqlite/SQLiteSniffer|,|java+interface:///org/apache/cayenne/dba/DbAdapterFactory|>,|java+class:///org/apache/cayenne/dba/DbAdapterFactoryChain|>,
  <<|java+class:///org/apache/cayenne/dba/postgres/PostgresSniffer|,|java+interface:///org/apache/cayenne/dba/DbAdapterFactory|>,|java+class:///org/apache/cayenne/dba/DbAdapterFactoryChain|>,
  <<|java+class:///org/apache/cayenne/dba/h2/H2Sniffer|,|java+interface:///org/apache/cayenne/dba/DbAdapterFactory|>,|java+class:///org/apache/cayenne/dba/DbAdapterFactoryChain|>,
  <<|java+class:///org/apache/cayenne/conf/MockDataSourceFactory1|,|java+interface:///org/apache/cayenne/conf/DataSourceFactory|>,|java+class:///org/apache/cayenne/project/ProjectDataSourceFactory|>,
  <<|java+class:///org/apache/cayenne/dba/hsqldb/HSQLDBSniffer|,|java+interface:///org/apache/cayenne/dba/DbAdapterFactory|>,|java+class:///org/apache/cayenne/dba/DbAdapterFactoryChain|>,
  <<|java+class:///org/apache/cayenne/access/types/EnumTypeFactory|,|java+interface:///org/apache/cayenne/access/types/ExtendedTypeFactory|>,|java+class:///org/apache/cayenne/access/types/SubclassTypeFactory|>,
  <<|java+class:///org/apache/cayenne/dba/openbase/OpenBaseSniffer|,|java+interface:///org/apache/cayenne/dba/DbAdapterFactory|>,|java+class:///org/apache/cayenne/dba/DbAdapterFactoryChain|>,
  <<|java+class:///org/apache/cayenne/dba/ingres/IngresSniffer|,|java+interface:///org/apache/cayenne/dba/DbAdapterFactory|>,|java+class:///org/apache/cayenne/dba/DbAdapterFactoryChain|>,
  <<|java+class:///org/apache/cayenne/dba/oracle/OracleSniffer|,|java+interface:///org/apache/cayenne/dba/DbAdapterFactory|>,|java+class:///org/apache/cayenne/dba/DbAdapterFactoryChain|>,
  <<|java+class:///org/apache/cayenne/dba/sybase/SybaseSniffer|,|java+interface:///org/apache/cayenne/dba/DbAdapterFactory|>,|java+class:///org/apache/cayenne/dba/DbAdapterFactoryChain|>,
  <<|java+class:///org/apache/cayenne/conf/MockDataSourceFactory|,|java+interface:///org/apache/cayenne/conf/DataSourceFactory|>,|java+class:///org/apache/cayenne/project/ProjectDataSourceFactory|>,
  <<|java+class:///org/apache/cayenne/conf/JNDIDataSourceFactory|,|java+interface:///org/apache/cayenne/conf/DataSourceFactory|>,|java+class:///org/apache/cayenne/project/ProjectDataSourceFactory|>,
  <<|java+class:///org/apache/cayenne/dba/frontbase/FrontBaseSniffer|,|java+interface:///org/apache/cayenne/dba/DbAdapterFactory|>,|java+class:///org/apache/cayenne/dba/DbAdapterFactoryChain|>,
  <<|java+class:///org/apache/cayenne/jpa/conf/MemberAnnotationProcessorFactory/L1Processor|,|java+interface:///org/apache/cayenne/jpa/conf/AnnotationProcessor|>,|java+anonymousClass:///org/apache/cayenne/jpa/conf/AnnotationProcessorFactory/$anonymous1|>,
  <<|java+class:///org/apache/cayenne/MockGraphEventListener|,|java+interface:///org/apache/cayenne/DataChannelListener|>,|java+class:///org/apache/cayenne/access/DataContextDataChannelEventsTest/MockChannelListener|>,
  <<|java+class:///org/apache/cayenne/pref/HSQLEmbeddedPreferenceService/HSQLDataSourceFactory|,|java+interface:///org/apache/cayenne/conf/DataSourceFactory|>,|java+class:///org/apache/cayenne/project/ProjectDataSourceFactory|>,
  <<|java+class:///org/apache/cayenne/jpa/conf/MemberAnnotationProcessorFactory/L2Processor|,|java+interface:///org/apache/cayenne/jpa/conf/AnnotationProcessor|>,|java+anonymousClass:///org/apache/cayenne/jpa/conf/AnnotationProcessorFactory/$anonymous1|>,
  <<|java+class:///org/apache/cayenne/access/MockDataContextDelegate|,|java+interface:///org/apache/cayenne/access/DataContextDelegate|>,|java+class:///org/apache/cayenne/access/NoopDelegate|>,
  <<|java+class:///org/apache/cayenne/remote/BaseConnection|,|java+interface:///org/apache/cayenne/remote/ClientConnection|>,|java+class:///org/apache/cayenne/remote/MockClientConnection|>,
  <<|java+class:///org/apache/cayenne/conf/DBCPDataSourceFactory|,|java+interface:///org/apache/cayenne/conf/DataSourceFactory|>,|java+class:///org/apache/cayenne/project/ProjectDataSourceFactory|>,
  <<|java+class:///org/apache/cayenne/access/MockDataContextFactory|,|java+interface:///org/apache/cayenne/access/DataContextFactory|>,|java+anonymousClass:///org/apache/cayenne/access/DataDomainTest/testDataContextFactory()/$anonymous1|>,
  <<|java+class:///org/apache/cayenne/conf/DriverDataSourceFactory|,|java+interface:///org/apache/cayenne/conf/DataSourceFactory|>,|java+class:///org/apache/cayenne/project/ProjectDataSourceFactory|>,
  <<|java+class:///org/apache/cayenne/ObjectContextStateLog|,|java+interface:///org/apache/cayenne/graph/GraphChangeHandler|>,|java+class:///org/apache/cayenne/remote/ClientChannelServerDiffsTest/NoopGraphChangeHandler|>
]