[
  <<|java+class:///com/gargoylesoftware/htmlunit/BrowserRunner|,|java+class:///org/junit/runners/Suite|>,|project://htmlunit-2.8/src/test/java/com/gargoylesoftware/htmlunit/BrowserRunner.java|(2011,46,<62,8>,<62,54>)>,
  <<|java+class:///com/gargoylesoftware/htmlunit/BrowserVersionClassRunner|,|java+class:///org/junit/runners/BlockJUnit4ClassRunner|>,|project://htmlunit-2.8/src/test/java/com/gargoylesoftware/htmlunit/BrowserVersionClassRunner.java|(2228,13,<57,8>,<57,21>)>,
  <<|java+class:///com/gargoylesoftware/htmlunit/html/HtmlAbbreviated|,|java+class:///com/gargoylesoftware/htmlunit/html/HtmlElement|>,|project://htmlunit-2.8/src/main/java/com/gargoylesoftware/htmlunit/html/HtmlAbbreviated.java|(1521,53,<44,8>,<44,61>)>,
  <<|java+class:///com/gargoylesoftware/htmlunit/html/HtmlEmbed|,|java+class:///com/gargoylesoftware/htmlunit/html/HtmlElement|>,|project://htmlunit-2.8/src/main/java/com/gargoylesoftware/htmlunit/html/HtmlEmbed.java|(1512,53,<44,8>,<44,61>)>,
  <<|java+class:///com/gargoylesoftware/htmlunit/html/HtmlSample|,|java+class:///com/gargoylesoftware/htmlunit/html/HtmlElement|>,|project://htmlunit-2.8/src/main/java/com/gargoylesoftware/htmlunit/html/HtmlSample.java|(1512,53,<44,8>,<44,61>)>,
  <<|java+class:///com/gargoylesoftware/htmlunit/html/DomText|,|java+class:///com/gargoylesoftware/htmlunit/html/DomCharacterData|>,|project://htmlunit-2.8/src/main/java/com/gargoylesoftware/htmlunit/html/DomText.java|(1585,18,<50,8>,<50,26>)>,
  <<|java+class:///com/gargoylesoftware/htmlunit/html/HtmlSpan|,|java+class:///com/gargoylesoftware/htmlunit/html/HtmlElement|>,|project://htmlunit-2.8/src/main/java/com/gargoylesoftware/htmlunit/html/HtmlSpan.java|(1731,53,<49,8>,<49,61>)>,
  <<|java+class:///com/gargoylesoftware/htmlunit/javascript/background/JavaScriptFunctionJob|,|java+class:///com/gargoylesoftware/htmlunit/javascript/background/JavaScriptExecutionJob|>,|project://htmlunit-2.8/src/main/java/com/gargoylesoftware/htmlunit/javascript/background/JavaScriptFunctionJob.java|(1852,43,<44,8>,<44,51>)>,
  <<|java+class:///com/gargoylesoftware/htmlunit/html/HtmlTableDataCell|,|java+class:///com/gargoylesoftware/htmlunit/html/HtmlTableCell|>,|project://htmlunit-2.8/src/main/java/com/gargoylesoftware/htmlunit/html/HtmlTableDataCell.java|(1693,53,<47,8>,<47,61>)>,
  <<|java+class:///com/gargoylesoftware/htmlunit/protocol/about/AboutURLConnection|,|java+class:///java/net/URLConnection|>,|project://htmlunit-2.8/src/main/java/com/gargoylesoftware/htmlunit/protocol/about/AboutURLConnection.java|(1075,14,<33,8>,<33,22>)>,
  <<|java+class:///com/gargoylesoftware/htmlunit/html/HtmlHtml|,|java+class:///com/gargoylesoftware/htmlunit/html/HtmlElement|>,|project://htmlunit-2.8/src/main/java/com/gargoylesoftware/htmlunit/html/HtmlHtml.java|(1547,53,<45,8>,<45,61>)>,
  <<|java+class:///com/gargoylesoftware/htmlunit/html/HtmlImage|,|java+class:///com/gargoylesoftware/htmlunit/html/HtmlElement|>,|project://htmlunit-2.8/src/main/java/com/gargoylesoftware/htmlunit/html/HtmlImage.java|(2736,53,<75,8>,<75,61>)>,
  <<|java+class:///com/gargoylesoftware/htmlunit/html/HtmlTableHeader|,|java+class:///com/gargoylesoftware/htmlunit/html/TableRowGroup|>,|project://htmlunit-2.8/src/main/java/com/gargoylesoftware/htmlunit/html/HtmlTableHeader.java|(1681,53,<46,8>,<46,61>)>,
  <<|java+class:///com/gargoylesoftware/htmlunit/html/HtmlScript|,|java+class:///com/gargoylesoftware/htmlunit/html/HtmlElement|>,|project://htmlunit-2.8/src/main/java/com/gargoylesoftware/htmlunit/html/HtmlScript.java|(3872,53,<84,8>,<84,61>)>,
  <<|java+class:///com/gargoylesoftware/htmlunit/html/HtmlVideo|,|java+class:///com/gargoylesoftware/htmlunit/html/HtmlElement|>,|project://htmlunit-2.8/src/main/java/com/gargoylesoftware/htmlunit/html/HtmlVideo.java|(1525,53,<44,8>,<44,61>)>,
  <<|java+class:///com/gargoylesoftware/htmlunit/html/HtmlSpacer|,|java+class:///com/gargoylesoftware/htmlunit/html/HtmlElement|>,|project://htmlunit-2.8/src/main/java/com/gargoylesoftware/htmlunit/html/HtmlSpacer.java|(1515,53,<44,8>,<44,61>)>,
  <<|java+class:///com/gargoylesoftware/htmlunit/WebClient2Test/RedirectServlet307|,|java+class:///com/gargoylesoftware/htmlunit/WebClient2Test/RedirectServlet|>,|project://htmlunit-2.8/src/test/java/com/gargoylesoftware/htmlunit/WebClient2Test.java|(14590,35,<370,12>,<370,47>)>,
  <<|java+class:///com/gargoylesoftware/htmlunit/html/HtmlTableRow|,|java+class:///com/gargoylesoftware/htmlunit/html/HtmlElement|>,|project://htmlunit-2.8/src/main/java/com/gargoylesoftware/htmlunit/html/HtmlTableRow.java|(1831,53,<52,8>,<52,61>)>,
  <<|java+class:///com/gargoylesoftware/htmlunit/DummyWebResponse|,|java+class:///com/gargoylesoftware/htmlunit/WebResponse|>,|project://htmlunit-2.8/src/test/java/com/gargoylesoftware/htmlunit/CacheTest.java|(10443,21,<283,8>,<283,29>)>,
  <<|java+class:///com/gargoylesoftware/htmlunit/html/HtmlMap|,|java+class:///com/gargoylesoftware/htmlunit/html/HtmlElement|>,|project://htmlunit-2.8/src/main/java/com/gargoylesoftware/htmlunit/html/HtmlMap.java|(1677,53,<47,8>,<47,61>)>,
  <<|java+class:///com/gargoylesoftware/htmlunit/html/HtmlBlink|,|java+class:///com/gargoylesoftware/htmlunit/html/HtmlElement|>,|project://htmlunit-2.8/src/main/java/com/gargoylesoftware/htmlunit/html/HtmlBlink.java|(1511,53,<44,8>,<44,61>)>,
  <<|java+class:///com/gargoylesoftware/htmlunit/html/HtmlElement|,|java+class:///com/gargoylesoftware/htmlunit/html/DomElement|>,|project://htmlunit-2.8/src/main/java/com/gargoylesoftware/htmlunit/html/HtmlElement.java|(4157,53,<106,8>,<106,61>)>,
  <<|java+class:///com/gargoylesoftware/htmlunit/javascript/ThreadTest/TestThread|,|java+class:///java/lang/Thread|>,|project://htmlunit-2.8/src/test/java/com/gargoylesoftware/htmlunit/javascript/ThreadTest.java|(3014,12,<96,12>,<96,24>)>,
  <<|java+class:///com/gargoylesoftware/htmlunit/html/HtmlNoScript|,|java+class:///com/gargoylesoftware/htmlunit/html/HtmlElement|>,|project://htmlunit-2.8/src/main/java/com/gargoylesoftware/htmlunit/html/HtmlNoScript.java|(1703,53,<47,8>,<47,61>)>,
  <<|java+class:///com/gargoylesoftware/htmlunit/javascript/JavaScriptEngineTest/CountingJavaScriptEngine|,|java+class:///com/gargoylesoftware/htmlunit/javascript/JavaScriptEngine|>,|project://htmlunit-2.8/src/test/java/com/gargoylesoftware/htmlunit/javascript/JavaScriptEngineTest.java|(41976,14,<1115,12>,<1115,26>)>,
  <<|java+class:///com/gargoylesoftware/htmlunit/html/HtmlDivision|,|java+class:///com/gargoylesoftware/htmlunit/html/HtmlElement|>,|project://htmlunit-2.8/src/main/java/com/gargoylesoftware/htmlunit/html/HtmlDivision.java|(1798,53,<49,8>,<49,61>)>,
  <<|java+class:///com/gargoylesoftware/htmlunit/html/XHtmlPage|,|java+class:///com/gargoylesoftware/htmlunit/html/HtmlPage|>,|project://htmlunit-2.8/src/main/java/com/gargoylesoftware/htmlunit/html/XHtmlPage.java|(1537,46,<41,8>,<41,54>)>,
  <<|java+class:///com/gargoylesoftware/htmlunit/html/HtmlTextInput|,|java+class:///com/gargoylesoftware/htmlunit/html/HtmlInput|>,|project://htmlunit-2.8/src/main/java/com/gargoylesoftware/htmlunit/html/HtmlTextInput.java|(2335,53,<62,8>,<62,61>)>,
  <<|java+class:///com/gargoylesoftware/htmlunit/html/HtmlLegend|,|java+class:///com/gargoylesoftware/htmlunit/html/HtmlElement|>,|project://htmlunit-2.8/src/main/java/com/gargoylesoftware/htmlunit/html/HtmlLegend.java|(1693,53,<47,8>,<47,61>)>,
  <<|java+class:///com/gargoylesoftware/htmlunit/html/HtmlArea|,|java+class:///com/gargoylesoftware/htmlunit/html/HtmlElement|>,|project://htmlunit-2.8/src/main/java/com/gargoylesoftware/htmlunit/html/HtmlArea.java|(2203,53,<61,8>,<61,61>)>,
  <<|java+class:///com/gargoylesoftware/htmlunit/html/HtmlTableHeaderCell|,|java+class:///com/gargoylesoftware/htmlunit/html/HtmlTableCell|>,|project://htmlunit-2.8/src/main/java/com/gargoylesoftware/htmlunit/html/HtmlTableHeaderCell.java|(1695,53,<47,8>,<47,61>)>,
  <<|java+class:///com/gargoylesoftware/htmlunit/javascript/host/css/CSSPrimitiveValue|,|java+class:///com/gargoylesoftware/htmlunit/javascript/host/css/CSSValue|>,|project://htmlunit-2.8/src/main/java/com/gargoylesoftware/htmlunit/javascript/host/css/CSSPrimitiveValue.java|(7286,25,<200,8>,<200,33>)>,
  <<|java+class:///com/gargoylesoftware/htmlunit/html/HtmlCode|,|java+class:///com/gargoylesoftware/htmlunit/html/HtmlElement|>,|project://htmlunit-2.8/src/main/java/com/gargoylesoftware/htmlunit/html/HtmlCode.java|(1507,53,<44,8>,<44,61>)>,
  <<|java+class:///com/gargoylesoftware/htmlunit/html/DomAttr|,|java+class:///com/gargoylesoftware/htmlunit/html/DomNamespaceNode|>,|project://htmlunit-2.8/src/main/java/com/gargoylesoftware/htmlunit/html/DomAttr.java|(1875,41,<50,8>,<50,49>)>,
  <<|java+class:///com/gargoylesoftware/htmlunit/html/DomProcessingInstruction|,|java+class:///com/gargoylesoftware/htmlunit/html/DomNode|>,|project://htmlunit-2.8/src/main/java/com/gargoylesoftware/htmlunit/html/DomProcessingInstruction.java|(1422,12,<45,8>,<45,20>)>,
  <<|java+class:///com/gargoylesoftware/htmlunit/html/HtmlAttributeChangeEvent|,|java+class:///java/util/EventObject|>,|project://htmlunit-2.8/src/main/java/com/gargoylesoftware/htmlunit/html/HtmlAttributeChangeEvent.java|(1555,15,<42,8>,<42,23>)>,
  <<|java+class:///com/gargoylesoftware/htmlunit/html/TableRowGroup|,|java+class:///com/gargoylesoftware/htmlunit/html/HtmlElement|>,|project://htmlunit-2.8/src/main/java/com/gargoylesoftware/htmlunit/html/TableRowGroup.java|(1794,53,<48,8>,<48,61>)>,
  <<|java+class:///com/gargoylesoftware/htmlunit/html/HtmlNoBreak|,|java+class:///com/gargoylesoftware/htmlunit/html/HtmlElement|>,|project://htmlunit-2.8/src/main/java/com/gargoylesoftware/htmlunit/html/HtmlNoBreak.java|(1512,53,<44,8>,<44,61>)>,
  <<|java+class:///com/gargoylesoftware/htmlunit/html/xpath/HtmlUnitPrefixResolver|,|java+class:///org/apache/xml/utils/PrefixResolverDefault|>,|project://htmlunit-2.8/src/main/java/com/gargoylesoftware/htmlunit/html/xpath/HtmlUnitPrefixResolver.java|(1372,30,<40,8>,<40,38>)>,
  <<|java+class:///com/gargoylesoftware/htmlunit/html/HtmlFont|,|java+class:///com/gargoylesoftware/htmlunit/html/HtmlElement|>,|project://htmlunit-2.8/src/main/java/com/gargoylesoftware/htmlunit/html/HtmlFont.java|(1696,53,<48,8>,<48,61>)>,
  <<|java+class:///com/gargoylesoftware/htmlunit/html/HtmlImageInput|,|java+class:///com/gargoylesoftware/htmlunit/html/HtmlInput|>,|project://htmlunit-2.8/src/main/java/com/gargoylesoftware/htmlunit/html/HtmlImageInput.java|(2061,53,<58,8>,<58,61>)>,
  <<|java+class:///com/gargoylesoftware/htmlunit/html/DomElement|,|java+class:///com/gargoylesoftware/htmlunit/html/DomNamespaceNode|>,|project://htmlunit-2.8/src/main/java/com/gargoylesoftware/htmlunit/html/DomElement.java|(2616,41,<67,8>,<67,49>)>,
  <<|java+class:///com/gargoylesoftware/htmlunit/html/HtmlHeading1|,|java+class:///com/gargoylesoftware/htmlunit/html/HtmlElement|>,|project://htmlunit-2.8/src/main/java/com/gargoylesoftware/htmlunit/html/HtmlHeading1.java|(1674,53,<47,8>,<47,61>)>,
  <<|java+class:///com/gargoylesoftware/htmlunit/javascript/ThreadTest|,|java+class:///junit/framework/TestCase|>,|project://htmlunit-2.8/src/test/java/com/gargoylesoftware/htmlunit/javascript/ThreadTest.java|(1422,12,<45,8>,<45,20>)>,
  <<|java+class:///com/gargoylesoftware/htmlunit/html/HtmlPage|,|java+class:///com/gargoylesoftware/htmlunit/SgmlPage|>,|project://htmlunit-2.8/src/main/java/com/gargoylesoftware/htmlunit/html/HtmlPage.java|(6706,30,<158,8>,<158,38>)>,
  <<|java+class:///com/gargoylesoftware/htmlunit/html/HtmlBreak|,|java+class:///com/gargoylesoftware/htmlunit/html/HtmlElement|>,|project://htmlunit-2.8/src/main/java/com/gargoylesoftware/htmlunit/html/HtmlBreak.java|(1668,53,<47,8>,<47,61>)>,
  <<|java+class:///com/gargoylesoftware/htmlunit/html/HtmlBlockQuote|,|java+class:///com/gargoylesoftware/htmlunit/html/HtmlElement|>,|project://htmlunit-2.8/src/main/java/com/gargoylesoftware/htmlunit/html/HtmlBlockQuote.java|(1695,53,<47,8>,<47,61>)>,
  <<|java+class:///com/gargoylesoftware/htmlunit/javascript/background/JavaScriptExecutionJob|,|java+class:///com/gargoylesoftware/htmlunit/javascript/background/JavaScriptJob|>,|project://htmlunit-2.8/src/main/java/com/gargoylesoftware/htmlunit/javascript/background/JavaScriptExecutionJob.java|(2021,28,<52,8>,<52,36>)>,
  <<|java+class:///com/gargoylesoftware/htmlunit/html/HtmlHiddenInput|,|java+class:///com/gargoylesoftware/htmlunit/html/HtmlInput|>,|project://htmlunit-2.8/src/main/java/com/gargoylesoftware/htmlunit/html/HtmlHiddenInput.java|(1646,53,<46,8>,<46,61>)>,
  <<|java+class:///com/gargoylesoftware/htmlunit/html/HtmlBig|,|java+class:///com/gargoylesoftware/htmlunit/html/HtmlElement|>,|project://htmlunit-2.8/src/main/java/com/gargoylesoftware/htmlunit/html/HtmlBig.java|(1504,53,<44,8>,<44,61>)>,
  <<|java+class:///com/gargoylesoftware/htmlunit/html/HtmlHeading2|,|java+class:///com/gargoylesoftware/htmlunit/html/HtmlElement|>,|project://htmlunit-2.8/src/main/java/com/gargoylesoftware/htmlunit/html/HtmlHeading2.java|(1674,53,<47,8>,<47,61>)>,
  <<|java+class:///com/gargoylesoftware/htmlunit/html/HtmlItalic|,|java+class:///com/gargoylesoftware/htmlunit/html/HtmlElement|>,|project://htmlunit-2.8/src/main/java/com/gargoylesoftware/htmlunit/html/HtmlItalic.java|(1506,53,<44,8>,<44,61>)>,
  <<|java+class:///com/gargoylesoftware/htmlunit/javascript/HtmlUnitContextFactory/TimeoutContext|,|java+class:///net/sourceforge/htmlunit/corejs/javascript/Context|>,|project://htmlunit-2.8/src/main/java/com/gargoylesoftware/htmlunit/javascript/HtmlUnitContextFactory.java|(4612,15,<118,12>,<118,27>)>,
  <<|java+class:///com/gargoylesoftware/htmlunit/html/DomNamespaceNode|,|java+class:///com/gargoylesoftware/htmlunit/html/DomNode|>,|project://htmlunit-2.8/src/main/java/com/gargoylesoftware/htmlunit/html/DomNamespaceNode.java|(1687,12,<44,8>,<44,20>)>,
  <<|java+class:///com/gargoylesoftware/htmlunit/html/HtmlBase|,|java+class:///com/gargoylesoftware/htmlunit/html/HtmlElement|>,|project://htmlunit-2.8/src/main/java/com/gargoylesoftware/htmlunit/html/HtmlBase.java|(1643,53,<46,8>,<46,61>)>,
  <<|java+class:///com/gargoylesoftware/htmlunit/html/HtmlHeading3|,|java+class:///com/gargoylesoftware/htmlunit/html/HtmlElement|>,|project://htmlunit-2.8/src/main/java/com/gargoylesoftware/htmlunit/html/HtmlHeading3.java|(1674,53,<47,8>,<47,61>)>,
  <<|java+class:///com/gargoylesoftware/htmlunit/html/HtmlDefinitionList|,|java+class:///com/gargoylesoftware/htmlunit/html/HtmlElement|>,|project://htmlunit-2.8/src/main/java/com/gargoylesoftware/htmlunit/html/HtmlDefinitionList.java|(1686,53,<47,8>,<47,61>)>,
  <<|java+class:///com/gargoylesoftware/htmlunit/html/HtmlListItem|,|java+class:///com/gargoylesoftware/htmlunit/html/HtmlElement|>,|project://htmlunit-2.8/src/main/java/com/gargoylesoftware/htmlunit/html/HtmlListItem.java|(1691,53,<47,8>,<47,61>)>,
  <<|java+class:///com/gargoylesoftware/htmlunit/javascript/background/JavaScriptStringJob|,|java+class:///com/gargoylesoftware/htmlunit/javascript/background/JavaScriptExecutionJob|>,|project://htmlunit-2.8/src/main/java/com/gargoylesoftware/htmlunit/javascript/background/JavaScriptStringJob.java|(1658,43,<40,8>,<40,51>)>,
  <<|java+class:///com/gargoylesoftware/htmlunit/html/HtmlBackgroundSound|,|java+class:///com/gargoylesoftware/htmlunit/html/HtmlElement|>,|project://htmlunit-2.8/src/main/java/com/gargoylesoftware/htmlunit/html/HtmlBackgroundSound.java|(1536,53,<44,8>,<44,61>)>,
  <<|java+class:///com/gargoylesoftware/htmlunit/javascript/host/UIEvent|,|java+class:///com/gargoylesoftware/htmlunit/javascript/host/Event|>,|project://htmlunit-2.8/src/main/java/com/gargoylesoftware/htmlunit/javascript/host/UIEvent.java|(1686,21,<51,8>,<51,29>)>,
  <<|java+class:///com/gargoylesoftware/htmlunit/html/HtmlUnknownElement|,|java+class:///com/gargoylesoftware/htmlunit/html/HtmlElement|>,|project://htmlunit-2.8/src/main/java/com/gargoylesoftware/htmlunit/html/HtmlUnknownElement.java|(2033,53,<56,8>,<56,61>)>,
  <<|java+class:///com/gargoylesoftware/htmlunit/html/HtmlHeading4|,|java+class:///com/gargoylesoftware/htmlunit/html/HtmlElement|>,|project://htmlunit-2.8/src/main/java/com/gargoylesoftware/htmlunit/html/HtmlHeading4.java|(1674,53,<47,8>,<47,61>)>,
  <<|java+class:///com/gargoylesoftware/htmlunit/html/DomDocumentType|,|java+class:///com/gargoylesoftware/htmlunit/html/DomNode|>,|project://htmlunit-2.8/src/main/java/com/gargoylesoftware/htmlunit/html/DomDocumentType.java|(1442,12,<44,8>,<44,20>)>,
  <<|java+class:///com/gargoylesoftware/htmlunit/html/HtmlMarquee|,|java+class:///com/gargoylesoftware/htmlunit/html/HtmlElement|>,|project://htmlunit-2.8/src/main/java/com/gargoylesoftware/htmlunit/html/HtmlMarquee.java|(1520,53,<44,8>,<44,61>)>,
  <<|java+class:///com/gargoylesoftware/htmlunit/html/HtmlButton|,|java+class:///com/gargoylesoftware/htmlunit/html/HtmlElement|>,|project://htmlunit-2.8/src/main/java/com/gargoylesoftware/htmlunit/html/HtmlButton.java|(2325,53,<62,8>,<62,61>)>,
  <<|java+class:///com/gargoylesoftware/htmlunit/html/DomComment|,|java+class:///com/gargoylesoftware/htmlunit/html/DomCharacterData|>,|project://htmlunit-2.8/src/main/java/com/gargoylesoftware/htmlunit/html/DomComment.java|(1365,18,<44,8>,<44,26>)>,
  <<|java+class:///com/gargoylesoftware/htmlunit/html/HtmlStrike|,|java+class:///com/gargoylesoftware/htmlunit/html/HtmlElement|>,|project://htmlunit-2.8/src/main/java/com/gargoylesoftware/htmlunit/html/HtmlStrike.java|(1515,53,<44,8>,<44,61>)>,
  <<|java+class:///com/gargoylesoftware/htmlunit/javascript/host/html/HTMLCollectionTags|,|java+class:///com/gargoylesoftware/htmlunit/javascript/host/html/HTMLCollection|>,|project://htmlunit-2.8/src/main/java/com/gargoylesoftware/htmlunit/javascript/host/html/HTMLCollectionTags.java|(1416,19,<44,8>,<44,27>)>,
  <<|java+class:///com/gargoylesoftware/htmlunit/html/HtmlHeading5|,|java+class:///com/gargoylesoftware/htmlunit/html/HtmlElement|>,|project://htmlunit-2.8/src/main/java/com/gargoylesoftware/htmlunit/html/HtmlHeading5.java|(1674,53,<47,8>,<47,61>)>,
  <<|java+class:///com/gargoylesoftware/htmlunit/html/HtmlAcronym|,|java+class:///com/gargoylesoftware/htmlunit/html/HtmlElement|>,|project://htmlunit-2.8/src/main/java/com/gargoylesoftware/htmlunit/html/HtmlAcronym.java|(1519,53,<44,8>,<44,61>)>,
  <<|java+class:///com/gargoylesoftware/htmlunit/html/HtmlDefinition|,|java+class:///com/gargoylesoftware/htmlunit/html/HtmlElement|>,|project://htmlunit-2.8/src/main/java/com/gargoylesoftware/htmlunit/html/HtmlDefinition.java|(1517,53,<44,8>,<44,61>)>,
  <<|java+class:///com/gargoylesoftware/htmlunit/html/HtmlHeading6|,|java+class:///com/gargoylesoftware/htmlunit/html/HtmlElement|>,|project://htmlunit-2.8/src/main/java/com/gargoylesoftware/htmlunit/html/HtmlHeading6.java|(1675,53,<47,8>,<47,61>)>,
  <<|java+class:///com/gargoylesoftware/htmlunit/html/HtmlListing|,|java+class:///com/gargoylesoftware/htmlunit/html/HtmlElement|>,|project://htmlunit-2.8/src/main/java/com/gargoylesoftware/htmlunit/html/HtmlListing.java|(1520,53,<44,8>,<44,61>)>,
  <<|java+class:///com/gargoylesoftware/htmlunit/html/HtmlTableColumn|,|java+class:///com/gargoylesoftware/htmlunit/html/HtmlElement|>,|project://htmlunit-2.8/src/main/java/com/gargoylesoftware/htmlunit/html/HtmlTableColumn.java|(1701,53,<47,8>,<47,61>)>,
  <<|java+class:///com/gargoylesoftware/htmlunit/html/HtmlCenter|,|java+class:///com/gargoylesoftware/htmlunit/html/HtmlElement|>,|project://htmlunit-2.8/src/main/java/com/gargoylesoftware/htmlunit/html/HtmlCenter.java|(1692,53,<47,8>,<47,61>)>,
  <<|java+class:///com/gargoylesoftware/htmlunit/html/DomCDataSection|,|java+class:///com/gargoylesoftware/htmlunit/html/DomText|>,|project://htmlunit-2.8/src/main/java/com/gargoylesoftware/htmlunit/html/DomCDataSection.java|(1389,18,<44,8>,<44,26>)>,
  <<|java+class:///com/gargoylesoftware/htmlunit/html/HtmlAnchor|,|java+class:///com/gargoylesoftware/htmlunit/html/HtmlElement|>,|project://htmlunit-2.8/src/main/java/com/gargoylesoftware/htmlunit/html/HtmlAnchor.java|(2209,53,<60,8>,<60,61>)>,
  <<|java+class:///com/gargoylesoftware/htmlunit/ScriptException|,|java+class:///java/lang/RuntimeException|>,|project://htmlunit-2.8/src/main/java/com/gargoylesoftware/htmlunit/ScriptException.java|(2136,44,<56,8>,<56,52>)>,
  <<|java+class:///com/gargoylesoftware/htmlunit/StringWebResponse|,|java+class:///com/gargoylesoftware/htmlunit/WebResponse|>,|project://htmlunit-2.8/src/main/java/com/gargoylesoftware/htmlunit/StringWebResponse.java|(2911,89,<74,8>,<74,97>)>,
  <<|java+class:///com/gargoylesoftware/htmlunit/StringWebResponse|,|java+class:///com/gargoylesoftware/htmlunit/WebResponse|>,|project://htmlunit-2.8/src/main/java/com/gargoylesoftware/htmlunit/StringWebResponse.java|(2429,96,<64,8>,<64,104>)>,
  <<|java+class:///com/gargoylesoftware/htmlunit/html/HtmlOption|,|java+class:///com/gargoylesoftware/htmlunit/html/HtmlElement|>,|project://htmlunit-2.8/src/main/java/com/gargoylesoftware/htmlunit/html/HtmlOption.java|(2023,53,<58,8>,<58,61>)>,
  <<|java+class:///com/gargoylesoftware/htmlunit/html/HtmlFrameSet|,|java+class:///com/gargoylesoftware/htmlunit/html/HtmlElement|>,|project://htmlunit-2.8/src/main/java/com/gargoylesoftware/htmlunit/html/HtmlFrameSet.java|(1686,53,<47,8>,<47,61>)>,
  <<|java+class:///com/gargoylesoftware/htmlunit/util/KeyDataPair|,|java+class:///com/gargoylesoftware/htmlunit/util/NameValuePair|>,|project://htmlunit-2.8/src/main/java/com/gargoylesoftware/htmlunit/util/KeyDataPair.java|(1436,27,<47,8>,<47,35>)>,
  <<|java+class:///com/gargoylesoftware/htmlunit/WebWindowEvent|,|java+class:///java/util/EventObject|>,|project://htmlunit-2.8/src/main/java/com/gargoylesoftware/htmlunit/WebWindowEvent.java|(1813,17,<54,8>,<54,25>)>,
  <<|java+class:///com/gargoylesoftware/htmlunit/html/applets/AppletClassLoader|,|java+class:///java/lang/ClassLoader|>,|project://htmlunit-2.8/src/main/java/com/gargoylesoftware/htmlunit/html/applets/AppletClassLoader.java|(1745,48,<54,8>,<54,56>)>,
  <<|java+class:///com/gargoylesoftware/htmlunit/html/HtmlSuperscript|,|java+class:///com/gargoylesoftware/htmlunit/html/HtmlElement|>,|project://htmlunit-2.8/src/main/java/com/gargoylesoftware/htmlunit/html/HtmlSuperscript.java|(1519,53,<44,8>,<44,61>)>,
  <<|java+class:///com/gargoylesoftware/htmlunit/html/HtmlDeletedText|,|java+class:///com/gargoylesoftware/htmlunit/html/HtmlElement|>,|project://htmlunit-2.8/src/main/java/com/gargoylesoftware/htmlunit/html/HtmlDeletedText.java|(1682,53,<47,8>,<47,61>)>,
  <<|java+class:///com/gargoylesoftware/htmlunit/html/HtmlCaption|,|java+class:///com/gargoylesoftware/htmlunit/html/HtmlElement|>,|project://htmlunit-2.8/src/main/java/com/gargoylesoftware/htmlunit/html/HtmlCaption.java|(1683,53,<47,8>,<47,61>)>,
  <<|java+class:///com/gargoylesoftware/htmlunit/DialogWindow|,|java+class:///com/gargoylesoftware/htmlunit/WebWindowImpl|>,|project://htmlunit-2.8/src/main/java/com/gargoylesoftware/htmlunit/DialogWindow.java|(1481,17,<38,8>,<38,25>)>,
  <<|java+class:///com/gargoylesoftware/htmlunit/html/HtmlSmall|,|java+class:///com/gargoylesoftware/htmlunit/html/HtmlElement|>,|project://htmlunit-2.8/src/main/java/com/gargoylesoftware/htmlunit/html/HtmlSmall.java|(1512,53,<44,8>,<44,61>)>,
  <<|java+class:///com/gargoylesoftware/htmlunit/html/HtmlStrong|,|java+class:///com/gargoylesoftware/htmlunit/html/HtmlElement|>,|project://htmlunit-2.8/src/main/java/com/gargoylesoftware/htmlunit/html/HtmlStrong.java|(1516,53,<44,8>,<44,61>)>,
  <<|java+class:///com/gargoylesoftware/htmlunit/html/HtmlCheckBoxInput|,|java+class:///com/gargoylesoftware/htmlunit/html/HtmlInput|>,|project://htmlunit-2.8/src/main/java/com/gargoylesoftware/htmlunit/html/HtmlCheckBoxInput.java|(2178,53,<57,8>,<57,61>)>,
  <<|java+class:///com/gargoylesoftware/htmlunit/html/BaseFrame|,|java+class:///com/gargoylesoftware/htmlunit/html/HtmlElement|>,|project://htmlunit-2.8/src/main/java/com/gargoylesoftware/htmlunit/html/BaseFrame.java|(2452,53,<65,8>,<65,61>)>,
  <<|java+class:///com/gargoylesoftware/htmlunit/html/HtmlIsIndex|,|java+class:///com/gargoylesoftware/htmlunit/html/HtmlElement|>,|project://htmlunit-2.8/src/main/java/com/gargoylesoftware/htmlunit/html/HtmlIsIndex.java|(1956,53,<53,8>,<53,61>)>,
  <<|java+class:///com/gargoylesoftware/htmlunit/html/FrameWindow|,|java+class:///com/gargoylesoftware/htmlunit/WebWindowImpl|>,|project://htmlunit-2.8/src/main/java/com/gargoylesoftware/htmlunit/html/FrameWindow.java|(1209,38,<37,8>,<37,46>)>,
  <<|java+class:///com/gargoylesoftware/htmlunit/javascript/host/xml/XMLHttpRequest/NetworkErrorWebResponse|,|java+class:///com/gargoylesoftware/htmlunit/WebResponse|>,|project://htmlunit-2.8/src/main/java/com/gargoylesoftware/htmlunit/javascript/host/xml/XMLHttpRequest.java|(24740,21,<625,12>,<625,33>)>,
  <<|java+class:///com/gargoylesoftware/htmlunit/html/HtmlCanvas|,|java+class:///com/gargoylesoftware/htmlunit/html/HtmlElement|>,|project://htmlunit-2.8/src/main/java/com/gargoylesoftware/htmlunit/html/HtmlCanvas.java|(1515,53,<44,8>,<44,61>)>,
  <<|java+class:///com/gargoylesoftware/htmlunit/html/HtmlUnderlined|,|java+class:///com/gargoylesoftware/htmlunit/html/HtmlElement|>,|project://htmlunit-2.8/src/main/java/com/gargoylesoftware/htmlunit/html/HtmlUnderlined.java|(1513,53,<44,8>,<44,61>)>,
  <<|java+class:///com/gargoylesoftware/htmlunit/html/HtmlParameter|,|java+class:///com/gargoylesoftware/htmlunit/html/HtmlElement|>,|project://htmlunit-2.8/src/main/java/com/gargoylesoftware/htmlunit/html/HtmlParameter.java|(1672,53,<46,8>,<46,61>)>,
  <<|java+class:///com/gargoylesoftware/htmlunit/javascript/host/MouseEvent|,|java+class:///com/gargoylesoftware/htmlunit/javascript/host/UIEvent|>,|project://htmlunit-2.8/src/main/java/com/gargoylesoftware/htmlunit/javascript/host/MouseEvent.java|(4088,21,<104,8>,<104,29>)>,
  <<|java+class:///com/gargoylesoftware/htmlunit/html/HtmlDefinitionDescription|,|java+class:///com/gargoylesoftware/htmlunit/html/HtmlElement|>,|project://htmlunit-2.8/src/main/java/com/gargoylesoftware/htmlunit/html/HtmlDefinitionDescription.java|(1729,53,<47,8>,<47,61>)>,
  <<|java+class:///com/gargoylesoftware/htmlunit/html/HtmlTableFooter|,|java+class:///com/gargoylesoftware/htmlunit/html/TableRowGroup|>,|project://htmlunit-2.8/src/main/java/com/gargoylesoftware/htmlunit/html/HtmlTableFooter.java|(1681,53,<46,8>,<46,61>)>,
  <<|java+class:///com/gargoylesoftware/htmlunit/javascript/host/css/CSSStyleRule|,|java+class:///com/gargoylesoftware/htmlunit/javascript/host/css/CSSRule|>,|project://htmlunit-2.8/src/main/java/com/gargoylesoftware/htmlunit/javascript/host/css/CSSStyleRule.java|(1437,24,<46,8>,<46,32>)>,
  <<|java+class:///com/gargoylesoftware/htmlunit/javascript/TimeoutError|,|java+class:///java/lang/Error|>,|project://htmlunit-2.8/src/main/java/com/gargoylesoftware/htmlunit/javascript/TimeoutError.java|(988,135,<28,8>,<29,63>)>,
  <<|java+class:///com/gargoylesoftware/htmlunit/html/HtmlTextArea|,|java+class:///com/gargoylesoftware/htmlunit/html/HtmlElement|>,|project://htmlunit-2.8/src/main/java/com/gargoylesoftware/htmlunit/html/HtmlTextArea.java|(3213,53,<84,8>,<84,61>)>,
  <<|java+class:///com/gargoylesoftware/htmlunit/gae/GAETestRunner|,|java+class:///org/junit/runners/BlockJUnit4ClassRunner|>,|project://htmlunit-2.8/src/test/java/com/gargoylesoftware/htmlunit/gae/GAETestRunner.java|(2977,45,<76,8>,<76,53>)>,
  <<|java+class:///com/gargoylesoftware/htmlunit/html/HtmlExample|,|java+class:///com/gargoylesoftware/htmlunit/html/HtmlElement|>,|project://htmlunit-2.8/src/main/java/com/gargoylesoftware/htmlunit/html/HtmlExample.java|(1511,53,<44,8>,<44,61>)>,
  <<|java+class:///com/gargoylesoftware/htmlunit/html/HtmlApplet|,|java+class:///com/gargoylesoftware/htmlunit/html/HtmlElement|>,|project://htmlunit-2.8/src/main/java/com/gargoylesoftware/htmlunit/html/HtmlApplet.java|(2219,53,<61,8>,<61,61>)>,
  <<|java+class:///com/gargoylesoftware/htmlunit/html/HtmlInput|,|java+class:///com/gargoylesoftware/htmlunit/html/HtmlElement|>,|project://htmlunit-2.8/src/main/java/com/gargoylesoftware/htmlunit/html/HtmlInput.java|(2837,53,<76,8>,<76,61>)>,
  <<|java+class:///com/gargoylesoftware/htmlunit/html/HtmlLink|,|java+class:///com/gargoylesoftware/htmlunit/html/HtmlElement|>,|project://htmlunit-2.8/src/main/java/com/gargoylesoftware/htmlunit/html/HtmlLink.java|(2058,53,<56,8>,<56,61>)>,
  <<|java+class:///com/gargoylesoftware/htmlunit/html/HtmlOptionGroup|,|java+class:///com/gargoylesoftware/htmlunit/html/HtmlElement|>,|project://htmlunit-2.8/src/main/java/com/gargoylesoftware/htmlunit/html/HtmlOptionGroup.java|(1852,53,<50,8>,<50,61>)>,
  <<|java+class:///com/gargoylesoftware/htmlunit/html/HtmlResetInput|,|java+class:///com/gargoylesoftware/htmlunit/html/HtmlInput|>,|project://htmlunit-2.8/src/main/java/com/gargoylesoftware/htmlunit/html/HtmlResetInput.java|(1628,53,<46,8>,<46,61>)>,
  <<|java+class:///com/gargoylesoftware/htmlunit/html/HtmlOrderedList|,|java+class:///com/gargoylesoftware/htmlunit/html/HtmlElement|>,|project://htmlunit-2.8/src/main/java/com/gargoylesoftware/htmlunit/html/HtmlOrderedList.java|(1700,53,<47,8>,<47,61>)>,
  <<|java+class:///com/gargoylesoftware/htmlunit/WebWindowNotFoundException|,|java+class:///java/lang/RuntimeException|>,|project://htmlunit-2.8/src/main/java/com/gargoylesoftware/htmlunit/WebWindowNotFoundException.java|(1189,38,<33,8>,<33,46>)>,
  <<|java+class:///com/gargoylesoftware/htmlunit/html/HtmlTableColumnGroup|,|java+class:///com/gargoylesoftware/htmlunit/html/HtmlElement|>,|project://htmlunit-2.8/src/main/java/com/gargoylesoftware/htmlunit/html/HtmlTableColumnGroup.java|(1726,53,<47,8>,<47,61>)>,
  <<|java+class:///com/gargoylesoftware/htmlunit/html/HtmlSubscript|,|java+class:///com/gargoylesoftware/htmlunit/html/HtmlElement|>,|project://htmlunit-2.8/src/main/java/com/gargoylesoftware/htmlunit/html/HtmlSubscript.java|(1515,53,<44,8>,<44,61>)>,
  <<|java+class:///com/gargoylesoftware/htmlunit/html/HtmlSource|,|java+class:///com/gargoylesoftware/htmlunit/html/HtmlElement|>,|project://htmlunit-2.8/src/main/java/com/gargoylesoftware/htmlunit/html/HtmlSource.java|(1530,53,<44,8>,<44,61>)>,
  <<|java+class:///com/gargoylesoftware/htmlunit/html/HtmlVariable|,|java+class:///com/gargoylesoftware/htmlunit/html/HtmlElement|>,|project://htmlunit-2.8/src/main/java/com/gargoylesoftware/htmlunit/html/HtmlVariable.java|(1513,53,<44,8>,<44,61>)>,
  <<|java+class:///com/gargoylesoftware/htmlunit/util/FalsifyingWebConnection|,|java+class:///com/gargoylesoftware/htmlunit/util/WebConnectionWrapper|>,|project://htmlunit-2.8/src/main/java/com/gargoylesoftware/htmlunit/util/FalsifyingWebConnection.java|(1654,21,<43,8>,<43,29>)>,
  <<|java+class:///com/gargoylesoftware/htmlunit/util/FalsifyingWebConnection|,|java+class:///com/gargoylesoftware/htmlunit/util/WebConnectionWrapper|>,|project://htmlunit-2.8/src/main/java/com/gargoylesoftware/htmlunit/util/FalsifyingWebConnection.java|(2037,17,<52,8>,<52,25>)>,
  <<|java+class:///com/gargoylesoftware/htmlunit/html/HtmlEmphasis|,|java+class:///com/gargoylesoftware/htmlunit/html/HtmlElement|>,|project://htmlunit-2.8/src/main/java/com/gargoylesoftware/htmlunit/html/HtmlEmphasis.java|(1512,53,<44,8>,<44,61>)>,
  <<|java+class:///com/gargoylesoftware/htmlunit/util/WebResponseWrapper|,|java+class:///com/gargoylesoftware/htmlunit/WebResponse|>,|project://htmlunit-2.8/src/main/java/com/gargoylesoftware/htmlunit/util/WebResponseWrapper.java|(1725,21,<46,8>,<46,29>)>,
  <<|java+class:///com/gargoylesoftware/htmlunit/html/HtmlSelect|,|java+class:///com/gargoylesoftware/htmlunit/html/HtmlElement|>,|project://htmlunit-2.8/src/main/java/com/gargoylesoftware/htmlunit/html/HtmlSelect.java|(2464,53,<67,8>,<67,61>)>,
  <<|java+class:///com/gargoylesoftware/htmlunit/WebRequestSettings|,|java+class:///com/gargoylesoftware/htmlunit/WebRequest|>,|project://htmlunit-2.8/src/main/java/com/gargoylesoftware/htmlunit/WebRequestSettings.java|(1957,25,<59,8>,<59,33>)>,
  <<|java+class:///com/gargoylesoftware/htmlunit/WebRequestSettings|,|java+class:///com/gargoylesoftware/htmlunit/WebRequest|>,|project://htmlunit-2.8/src/main/java/com/gargoylesoftware/htmlunit/WebRequestSettings.java|(1257,11,<40,8>,<40,19>)>,
  <<|java+class:///com/gargoylesoftware/htmlunit/WebRequestSettings|,|java+class:///com/gargoylesoftware/htmlunit/WebRequest|>,|project://htmlunit-2.8/src/main/java/com/gargoylesoftware/htmlunit/WebRequestSettings.java|(1618,28,<50,8>,<50,36>)>,
  <<|java+class:///com/gargoylesoftware/htmlunit/html/HtmlRadioButtonInput|,|java+class:///com/gargoylesoftware/htmlunit/html/HtmlInput|>,|project://htmlunit-2.8/src/main/java/com/gargoylesoftware/htmlunit/html/HtmlRadioButtonInput.java|(2290,53,<60,8>,<60,61>)>,
  <<|java+class:///com/gargoylesoftware/htmlunit/html/HtmlDirectory|,|java+class:///com/gargoylesoftware/htmlunit/html/HtmlElement|>,|project://htmlunit-2.8/src/main/java/com/gargoylesoftware/htmlunit/html/HtmlDirectory.java|(1695,53,<47,8>,<47,61>)>,
  <<|java+class:///com/gargoylesoftware/htmlunit/html/DomChangeEvent|,|java+class:///java/util/EventObject|>,|project://htmlunit-2.8/src/main/java/com/gargoylesoftware/htmlunit/html/DomChangeEvent.java|(1350,18,<39,8>,<39,26>)>,
  <<|java+class:///com/gargoylesoftware/htmlunit/javascript/background/GAEJavaScriptExecutor|,|java+class:///com/gargoylesoftware/htmlunit/javascript/background/JavaScriptExecutor|>,|project://htmlunit-2.8/src/main/java/com/gargoylesoftware/htmlunit/javascript/background/GAEJavaScriptExecutor.java|(1178,17,<35,8>,<35,25>)>,
  <<|java+class:///com/gargoylesoftware/htmlunit/html/HtmlFrame|,|java+class:///com/gargoylesoftware/htmlunit/html/BaseFrame|>,|project://htmlunit-2.8/src/main/java/com/gargoylesoftware/htmlunit/html/HtmlFrame.java|(1703,53,<48,8>,<48,61>)>,
  <<|java+class:///com/gargoylesoftware/htmlunit/html/AttributesTest|,|java+class:///junit/framework/TestCase|>,|project://htmlunit-2.8/src/test/java/com/gargoylesoftware/htmlunit/html/AttributesTest.java|(7305,46,<170,8>,<170,54>)>,
  <<|java+class:///com/gargoylesoftware/htmlunit/html/HtmlTable|,|java+class:///com/gargoylesoftware/htmlunit/html/HtmlElement|>,|project://htmlunit-2.8/src/main/java/com/gargoylesoftware/htmlunit/html/HtmlTable.java|(1883,53,<53,8>,<53,61>)>,
  <<|java+class:///com/gargoylesoftware/htmlunit/html/HtmlParagraph|,|java+class:///com/gargoylesoftware/htmlunit/html/HtmlElement|>,|project://htmlunit-2.8/src/main/java/com/gargoylesoftware/htmlunit/html/HtmlParagraph.java|(1716,53,<48,8>,<48,61>)>,
  <<|java+class:///com/gargoylesoftware/htmlunit/TopLevelWindow|,|java+class:///com/gargoylesoftware/htmlunit/WebWindowImpl|>,|project://htmlunit-2.8/src/main/java/com/gargoylesoftware/htmlunit/TopLevelWindow.java|(1601,17,<47,8>,<47,25>)>,
  <<|java+class:///com/gargoylesoftware/htmlunit/html/HtmlFileInput|,|java+class:///com/gargoylesoftware/htmlunit/html/HtmlInput|>,|project://htmlunit-2.8/src/main/java/com/gargoylesoftware/htmlunit/html/HtmlFileInput.java|(1982,53,<56,8>,<56,61>)>,
  <<|java+class:///com/gargoylesoftware/htmlunit/FixedWebDriverHtmlUnitWebElement|,|java+class:///org/openqa/selenium/htmlunit/HtmlUnitWebElement|>,|project://htmlunit-2.8/src/test/java/com/gargoylesoftware/htmlunit/WebDriverTestCase.java|(24861,23,<645,8>,<645,31>)>,
  <<|java+class:///com/gargoylesoftware/htmlunit/html/HtmlDefinitionTerm|,|java+class:///com/gargoylesoftware/htmlunit/html/HtmlElement|>,|project://htmlunit-2.8/src/main/java/com/gargoylesoftware/htmlunit/html/HtmlDefinitionTerm.java|(1709,53,<47,8>,<47,61>)>,
  <<|java+class:///com/gargoylesoftware/htmlunit/html/HtmlMenu|,|java+class:///com/gargoylesoftware/htmlunit/html/HtmlElement|>,|project://htmlunit-2.8/src/main/java/com/gargoylesoftware/htmlunit/html/HtmlMenu.java|(1682,53,<47,8>,<47,61>)>,
  <<|java+class:///com/gargoylesoftware/htmlunit/html/HtmlMultiColumn|,|java+class:///com/gargoylesoftware/htmlunit/html/HtmlElement|>,|project://htmlunit-2.8/src/main/java/com/gargoylesoftware/htmlunit/html/HtmlMultiColumn.java|(1529,53,<44,8>,<44,61>)>,
  <<|java+class:///com/gargoylesoftware/htmlunit/xml/XmlPage|,|java+class:///com/gargoylesoftware/htmlunit/SgmlPage|>,|project://htmlunit-2.8/src/main/java/com/gargoylesoftware/htmlunit/xml/XmlPage.java|(3866,36,<103,8>,<103,44>)>,
  <<|java+class:///com/gargoylesoftware/htmlunit/xml/XmlPage|,|java+class:///com/gargoylesoftware/htmlunit/SgmlPage|>,|project://htmlunit-2.8/src/main/java/com/gargoylesoftware/htmlunit/xml/XmlPage.java|(3066,29,<84,8>,<84,37>)>,
  <<|java+class:///com/gargoylesoftware/htmlunit/javascript/host/KeyboardEvent|,|java+class:///com/gargoylesoftware/htmlunit/javascript/host/UIEvent|>,|project://htmlunit-2.8/src/main/java/com/gargoylesoftware/htmlunit/javascript/host/KeyboardEvent.java|(11618,21,<399,8>,<399,29>)>,
  <<|java+class:///com/gargoylesoftware/htmlunit/html/HtmlPasswordInput|,|java+class:///com/gargoylesoftware/htmlunit/html/HtmlInput|>,|project://htmlunit-2.8/src/main/java/com/gargoylesoftware/htmlunit/html/HtmlPasswordInput.java|(2295,53,<60,8>,<60,61>)>,
  <<|java+class:///com/gargoylesoftware/htmlunit/html/HtmlBidirectionalOverride|,|java+class:///com/gargoylesoftware/htmlunit/html/HtmlElement|>,|project://htmlunit-2.8/src/main/java/com/gargoylesoftware/htmlunit/html/HtmlBidirectionalOverride.java|(1702,53,<47,8>,<47,61>)>,
  <<|java+class:///com/gargoylesoftware/htmlunit/javascript/host/css/ComputedCSSStyleDeclaration|,|java+class:///com/gargoylesoftware/htmlunit/javascript/host/css/CSSStyleDeclaration|>,|project://htmlunit-2.8/src/main/java/com/gargoylesoftware/htmlunit/javascript/host/css/ComputedCSSStyleDeclaration.java|(3835,26,<101,8>,<101,34>)>,
  <<|java+class:///com/gargoylesoftware/htmlunit/html/HtmlObject|,|java+class:///com/gargoylesoftware/htmlunit/html/HtmlElement|>,|project://htmlunit-2.8/src/main/java/com/gargoylesoftware/htmlunit/html/HtmlObject.java|(1769,53,<48,8>,<48,61>)>,
  <<|java+class:///com/gargoylesoftware/htmlunit/html/HtmlBaseFont|,|java+class:///com/gargoylesoftware/htmlunit/html/HtmlElement|>,|project://htmlunit-2.8/src/main/java/com/gargoylesoftware/htmlunit/html/HtmlBaseFont.java|(1662,53,<46,8>,<46,61>)>,
  <<|java+class:///com/gargoylesoftware/htmlunit/html/HtmlTableCell|,|java+class:///com/gargoylesoftware/htmlunit/html/HtmlElement|>,|project://htmlunit-2.8/src/main/java/com/gargoylesoftware/htmlunit/html/HtmlTableCell.java|(1718,53,<46,8>,<46,61>)>,
  <<|java+class:///com/gargoylesoftware/htmlunit/html/HtmlTableBody|,|java+class:///com/gargoylesoftware/htmlunit/html/TableRowGroup|>,|project://htmlunit-2.8/src/main/java/com/gargoylesoftware/htmlunit/html/HtmlTableBody.java|(1674,53,<46,8>,<46,61>)>,
  <<|java+class:///com/gargoylesoftware/htmlunit/html/HtmlHorizontalRule|,|java+class:///com/gargoylesoftware/htmlunit/html/HtmlElement|>,|project://htmlunit-2.8/src/main/java/com/gargoylesoftware/htmlunit/html/HtmlHorizontalRule.java|(1686,53,<47,8>,<47,61>)>,
  <<|java+class:///com/gargoylesoftware/htmlunit/ObjectInstantiationException|,|java+class:///java/lang/RuntimeException|>,|project://htmlunit-2.8/src/main/java/com/gargoylesoftware/htmlunit/ObjectInstantiationException.java|(1318,15,<36,8>,<36,23>)>,
  <<|java+class:///com/gargoylesoftware/htmlunit/html/HtmlHead|,|java+class:///com/gargoylesoftware/htmlunit/html/HtmlElement|>,|project://htmlunit-2.8/src/main/java/com/gargoylesoftware/htmlunit/html/HtmlHead.java|(1648,53,<46,8>,<46,61>)>,
  <<|java+class:///com/gargoylesoftware/htmlunit/SgmlPage|,|java+class:///com/gargoylesoftware/htmlunit/html/DomNode|>,|project://htmlunit-2.8/src/main/java/com/gargoylesoftware/htmlunit/SgmlPage.java|(1896,12,<52,8>,<52,20>)>,
  <<|java+class:///com/gargoylesoftware/htmlunit/HttpWebConnectionTest/EmptyPutServlet|,|java+class:///com/gargoylesoftware/htmlunit/util/ServletContentWrapper|>,|project://htmlunit-2.8/src/test/java/com/gargoylesoftware/htmlunit/HttpWebConnectionTest.java|(11520,593,<312,12>,<324,29>)>,
  <<|java+class:///com/gargoylesoftware/htmlunit/html/HtmlStyle|,|java+class:///com/gargoylesoftware/htmlunit/html/HtmlElement|>,|project://htmlunit-2.8/src/main/java/com/gargoylesoftware/htmlunit/html/HtmlStyle.java|(1686,53,<47,8>,<47,61>)>,
  <<|java+class:///com/gargoylesoftware/htmlunit/html/HtmlUnorderedList|,|java+class:///com/gargoylesoftware/htmlunit/html/HtmlElement|>,|project://htmlunit-2.8/src/main/java/com/gargoylesoftware/htmlunit/html/HtmlUnorderedList.java|(1707,53,<47,8>,<47,61>)>,
  <<|java+class:///com/gargoylesoftware/htmlunit/html/HtmlBody|,|java+class:///com/gargoylesoftware/htmlunit/html/HtmlElement|>,|project://htmlunit-2.8/src/main/java/com/gargoylesoftware/htmlunit/html/HtmlBody.java|(2046,53,<54,8>,<54,61>)>,
  <<|java+class:///com/gargoylesoftware/htmlunit/util/DebuggingWebConnection|,|java+class:///com/gargoylesoftware/htmlunit/util/WebConnectionWrapper|>,|project://htmlunit-2.8/src/main/java/com/gargoylesoftware/htmlunit/util/DebuggingWebConnection.java|(3336,21,<83,8>,<83,29>)>,
  <<|java+class:///com/gargoylesoftware/htmlunit/WebResponseFromCache|,|java+class:///com/gargoylesoftware/htmlunit/util/WebResponseWrapper|>,|project://htmlunit-2.8/src/main/java/com/gargoylesoftware/htmlunit/WebResponseFromCache.java|(1378,22,<38,8>,<38,30>)>,
  <<|java+class:///com/gargoylesoftware/htmlunit/html/HtmlSubmitInput|,|java+class:///com/gargoylesoftware/htmlunit/html/HtmlInput|>,|project://htmlunit-2.8/src/main/java/com/gargoylesoftware/htmlunit/html/HtmlSubmitInput.java|(1996,53,<57,8>,<57,61>)>,
  <<|java+class:///com/gargoylesoftware/htmlunit/FailingHttpStatusCodeException|,|java+class:///java/lang/RuntimeException|>,|project://htmlunit-2.8/src/main/java/com/gargoylesoftware/htmlunit/FailingHttpStatusCodeException.java|(1548,15,<46,8>,<46,23>)>,
  <<|java+class:///com/gargoylesoftware/htmlunit/html/HtmlInlineQuotation|,|java+class:///com/gargoylesoftware/htmlunit/html/HtmlElement|>,|project://htmlunit-2.8/src/main/java/com/gargoylesoftware/htmlunit/html/HtmlInlineQuotation.java|(1710,53,<47,8>,<47,61>)>,
  <<|java+class:///com/gargoylesoftware/htmlunit/javascript/host/xml/XMLHttpRequest2Test/PostServlet1|,|java+class:///com/gargoylesoftware/htmlunit/util/ServletContentWrapper|>,|project://htmlunit-2.8/src/test/java/com/gargoylesoftware/htmlunit/javascript/host/xml/XMLHttpRequest2Test.java|(16397,428,<418,12>,<425,79>)>,
  <<|java+class:///com/gargoylesoftware/htmlunit/javascript/host/html/HTMLImageElement/ImageOnLoadAction|,|java+class:///com/gargoylesoftware/htmlunit/javascript/PostponedAction|>,|project://htmlunit-2.8/src/main/java/com/gargoylesoftware/htmlunit/javascript/host/html/HTMLImageElement.java|(4387,12,<120,12>,<120,24>)>,
  <<|java+class:///com/gargoylesoftware/htmlunit/ElementNotFoundException|,|java+class:///java/lang/RuntimeException|>,|project://htmlunit-2.8/src/main/java/com/gargoylesoftware/htmlunit/ElementNotFoundException.java|(1532,155,<40,8>,<42,64>)>,
  <<|java+class:///com/gargoylesoftware/htmlunit/html/HtmlS|,|java+class:///com/gargoylesoftware/htmlunit/html/HtmlElement|>,|project://htmlunit-2.8/src/main/java/com/gargoylesoftware/htmlunit/html/HtmlS.java|(1525,53,<44,8>,<44,61>)>,
  <<|java+class:///com/gargoylesoftware/htmlunit/javascript/host/css/CSSImportRule|,|java+class:///com/gargoylesoftware/htmlunit/javascript/host/css/CSSRule|>,|project://htmlunit-2.8/src/main/java/com/gargoylesoftware/htmlunit/javascript/host/css/CSSImportRule.java|(1524,24,<47,8>,<47,32>)>,
  <<|java+class:///com/gargoylesoftware/htmlunit/javascript/host/html/HTMLElement/ProxyDomNode|,|java+class:///com/gargoylesoftware/htmlunit/html/HtmlDivision|>,|project://htmlunit-2.8/src/main/java/com/gargoylesoftware/htmlunit/javascript/host/html/HTMLElement.java|(36646,47,<952,12>,<952,59>)>,
  <<|java+class:///com/gargoylesoftware/htmlunit/html/HtmlForm|,|java+class:///com/gargoylesoftware/htmlunit/html/HtmlElement|>,|project://htmlunit-2.8/src/main/java/com/gargoylesoftware/htmlunit/html/HtmlForm.java|(3184,57,<84,8>,<84,65>)>,
  <<|java+class:///com/gargoylesoftware/htmlunit/html/HtmlInlineFrame|,|java+class:///com/gargoylesoftware/htmlunit/html/BaseFrame|>,|project://htmlunit-2.8/src/main/java/com/gargoylesoftware/htmlunit/html/HtmlInlineFrame.java|(1733,53,<48,8>,<48,61>)>,
  <<|java+class:///com/gargoylesoftware/htmlunit/html/HtmlAddress|,|java+class:///com/gargoylesoftware/htmlunit/html/HtmlElement|>,|project://htmlunit-2.8/src/main/java/com/gargoylesoftware/htmlunit/html/HtmlAddress.java|(1683,53,<47,8>,<47,61>)>,
  <<|java+class:///com/gargoylesoftware/htmlunit/html/HtmlTeletype|,|java+class:///com/gargoylesoftware/htmlunit/html/HtmlElement|>,|project://htmlunit-2.8/src/main/java/com/gargoylesoftware/htmlunit/html/HtmlTeletype.java|(1511,53,<44,8>,<44,61>)>,
  <<|java+class:///com/gargoylesoftware/htmlunit/html/HtmlLabel|,|java+class:///com/gargoylesoftware/htmlunit/html/HtmlElement|>,|project://htmlunit-2.8/src/main/java/com/gargoylesoftware/htmlunit/html/HtmlLabel.java|(1848,53,<51,8>,<51,61>)>,
  <<|java+class:///com/gargoylesoftware/htmlunit/html/HtmlBold|,|java+class:///com/gargoylesoftware/htmlunit/html/HtmlElement|>,|project://htmlunit-2.8/src/main/java/com/gargoylesoftware/htmlunit/html/HtmlBold.java|(1501,53,<44,8>,<44,61>)>,
  <<|java+class:///com/gargoylesoftware/htmlunit/html/NamedAttrNodeMapImpl|,|java+class:///com/gargoylesoftware/htmlunit/util/MapWrapper|>,|project://htmlunit-2.8/src/main/java/com/gargoylesoftware/htmlunit/html/DomElement.java|(16076,38,<471,8>,<471,46>)>,
  <<|java+class:///com/gargoylesoftware/htmlunit/html/NamedAttrNodeMapImpl|,|java+class:///com/gargoylesoftware/htmlunit/util/MapWrapper|>,|project://htmlunit-2.8/src/main/java/com/gargoylesoftware/htmlunit/html/DomElement.java|(16319,18,<478,8>,<478,26>)>,
  <<|java+class:///com/gargoylesoftware/htmlunit/html/HtmlMeta|,|java+class:///com/gargoylesoftware/htmlunit/html/HtmlElement|>,|project://htmlunit-2.8/src/main/java/com/gargoylesoftware/htmlunit/html/HtmlMeta.java|(1794,53,<51,8>,<51,61>)>,
  <<|java+class:///com/gargoylesoftware/htmlunit/html/HtmlInsertedText|,|java+class:///com/gargoylesoftware/htmlunit/html/HtmlElement|>,|project://htmlunit-2.8/src/main/java/com/gargoylesoftware/htmlunit/html/HtmlInsertedText.java|(1705,53,<47,8>,<47,61>)>,
  <<|java+class:///com/gargoylesoftware/htmlunit/html/HtmlWordBreak|,|java+class:///com/gargoylesoftware/htmlunit/html/HtmlElement|>,|project://htmlunit-2.8/src/main/java/com/gargoylesoftware/htmlunit/html/HtmlWordBreak.java|(1515,53,<44,8>,<44,61>)>,
  <<|java+class:///com/gargoylesoftware/htmlunit/html/HtmlPreformattedText|,|java+class:///com/gargoylesoftware/htmlunit/html/HtmlElement|>,|project://htmlunit-2.8/src/main/java/com/gargoylesoftware/htmlunit/html/HtmlPreformattedText.java|(1717,53,<47,8>,<47,61>)>,
  <<|java+class:///com/gargoylesoftware/htmlunit/html/HtmlAudio|,|java+class:///com/gargoylesoftware/htmlunit/html/HtmlElement|>,|project://htmlunit-2.8/src/main/java/com/gargoylesoftware/htmlunit/html/HtmlAudio.java|(1525,53,<44,8>,<44,61>)>,
  <<|java+class:///com/gargoylesoftware/htmlunit/protocol/data/DataURLConnection|,|java+class:///java/net/URLConnection|>,|project://htmlunit-2.8/src/main/java/com/gargoylesoftware/htmlunit/protocol/data/DataURLConnection.java|(1592,11,<49,8>,<49,19>)>,
  <<|java+class:///com/gargoylesoftware/htmlunit/WebResponseImpl|,|java+class:///com/gargoylesoftware/htmlunit/WebResponse|>,|project://htmlunit-2.8/src/main/java/com/gargoylesoftware/htmlunit/WebResponseImpl.java|(2035,39,<57,8>,<57,47>)>,
  <<|java+class:///com/gargoylesoftware/htmlunit/protocol/javascript/JavaScriptURLConnection|,|java+class:///java/net/URLConnection|>,|project://htmlunit-2.8/src/main/java/com/gargoylesoftware/htmlunit/protocol/javascript/JavaScriptURLConnection.java|(1346,14,<42,8>,<42,22>)>,
  <<|java+class:///com/gargoylesoftware/htmlunit/html/DomCharacterData|,|java+class:///com/gargoylesoftware/htmlunit/html/DomNode|>,|project://htmlunit-2.8/src/main/java/com/gargoylesoftware/htmlunit/html/DomCharacterData.java|(1428,12,<44,8>,<44,20>)>,
  <<|java+class:///com/gargoylesoftware/htmlunit/BrowserNoneClassRunner|,|java+class:///org/junit/runners/BlockJUnit4ClassRunner|>,|project://htmlunit-2.8/src/test/java/com/gargoylesoftware/htmlunit/BrowserNoneClassRunner.java|(1614,13,<43,8>,<43,21>)>,
  <<|java+class:///com/gargoylesoftware/htmlunit/html/HtmlKeyboard|,|java+class:///com/gargoylesoftware/htmlunit/html/HtmlElement|>,|project://htmlunit-2.8/src/main/java/com/gargoylesoftware/htmlunit/html/HtmlKeyboard.java|(1513,53,<44,8>,<44,61>)>,
  <<|java+class:///com/gargoylesoftware/htmlunit/html/HtmlPlainText|,|java+class:///com/gargoylesoftware/htmlunit/html/HtmlElement|>,|project://htmlunit-2.8/src/main/java/com/gargoylesoftware/htmlunit/html/HtmlPlainText.java|(1528,53,<44,8>,<44,61>)>,
  <<|java+class:///com/gargoylesoftware/htmlunit/html/HtmlNoFrames|,|java+class:///com/gargoylesoftware/htmlunit/html/HtmlElement|>,|project://htmlunit-2.8/src/main/java/com/gargoylesoftware/htmlunit/html/HtmlNoFrames.java|(1728,53,<48,8>,<48,61>)>,
  <<|java+class:///com/gargoylesoftware/htmlunit/html/HtmlCitation|,|java+class:///com/gargoylesoftware/htmlunit/html/HtmlElement|>,|project://htmlunit-2.8/src/main/java/com/gargoylesoftware/htmlunit/html/HtmlCitation.java|(1515,53,<44,8>,<44,61>)>,
  <<|java+class:///com/gargoylesoftware/htmlunit/RetriesRunner|,|java+class:///org/junit/runners/BlockJUnit4ClassRunner|>,|project://htmlunit-2.8/src/test/java/com/gargoylesoftware/htmlunit/RetriesRunner.java|(1398,13,<42,8>,<42,21>)>,
  <<|java+class:///com/gargoylesoftware/htmlunit/html/HTMLParser/HtmlUnitDOMBuilder|,|java+class:///org/apache/xerces/parsers/AbstractSAXParser|>,|project://htmlunit-2.8/src/main/java/com/gargoylesoftware/htmlunit/html/HTMLParser.java|(15320,58,<373,12>,<373,70>)>,
  <<|java+class:///com/gargoylesoftware/htmlunit/html/HtmlButtonInput|,|java+class:///com/gargoylesoftware/htmlunit/html/HtmlInput|>,|project://htmlunit-2.8/src/main/java/com/gargoylesoftware/htmlunit/html/HtmlButtonInput.java|(1598,53,<44,8>,<44,61>)>,
  <<|java+class:///com/gargoylesoftware/htmlunit/html/HtmlFieldSet|,|java+class:///com/gargoylesoftware/htmlunit/html/HtmlElement|>,|project://htmlunit-2.8/src/main/java/com/gargoylesoftware/htmlunit/html/HtmlFieldSet.java|(1702,53,<47,8>,<47,61>)>,
  <<|java+class:///com/gargoylesoftware/htmlunit/html/DomDocumentFragment|,|java+class:///com/gargoylesoftware/htmlunit/html/DomNode|>,|project://htmlunit-2.8/src/main/java/com/gargoylesoftware/htmlunit/html/DomDocumentFragment.java|(1257,12,<39,8>,<39,20>)>,
  <<|java+class:///com/gargoylesoftware/htmlunit/WebClient2Test/RedirectServlet303|,|java+class:///com/gargoylesoftware/htmlunit/WebClient2Test/RedirectServlet|>,|project://htmlunit-2.8/src/test/java/com/gargoylesoftware/htmlunit/WebClient2Test.java|(14184,35,<358,12>,<358,47>)>,
  <<|java+class:///com/gargoylesoftware/htmlunit/html/HtmlNoEmbed|,|java+class:///com/gargoylesoftware/htmlunit/html/HtmlElement|>,|project://htmlunit-2.8/src/main/java/com/gargoylesoftware/htmlunit/html/HtmlNoEmbed.java|(1519,53,<44,8>,<44,61>)>,
  <<|java+class:///com/gargoylesoftware/htmlunit/html/HtmlTitle|,|java+class:///com/gargoylesoftware/htmlunit/html/HtmlElement|>,|project://htmlunit-2.8/src/main/java/com/gargoylesoftware/htmlunit/html/HtmlTitle.java|(1712,53,<48,8>,<48,61>)>
]