[
  <<|java+class:///org/apache/xalan/templates/NamespaceAlias|,|java+class:///org/apache/xalan/templates/ElemTemplateElement|>,|project://xalan-2.7.1/src/org/apache/xalan/templates/NamespaceAlias.java|(1537,8,<41,4>,<41,12>)>,
  <<|java+class:///org/apache/xalan/xsltc/compiler/RoundCall|,|java+class:///org/apache/xalan/xsltc/compiler/FunctionCall|>,|project://xalan-2.7.1/src/org/apache/xalan/xsltc/compiler/RoundCall.java|(1415,24,<39,1>,<39,25>)>,
  <<|java+class:///org/apache/xalan/transformer/KeyIterator|,|java+class:///org/apache/xpath/axes/OneStepIteratorForward|>,|project://xalan-2.7.1/src/org/apache/xalan/transformer/KeyIterator.java|(2451,16,<83,4>,<83,20>)>,
  <<|java+class:///org/apache/xalan/xsltc/compiler/ObjectFactory/ConfigurationError|,|java+class:///java/lang/Error|>,|project://xalan-2.7.1/src/org/apache/xalan/xsltc/compiler/ObjectFactory.java|(26242,11,<646,12>,<646,23>)>,
  <<|java+class:///org/apache/xpath/axes/UnionPathIterator|,|java+class:///org/apache/xpath/axes/LocPathIterator|>,|project://xalan-2.7.1/src/org/apache/xpath/axes/UnionPathIterator.java|(4930,8,<160,4>,<160,12>)>,
  <<|java+class:///org/apache/xpath/axes/UnionPathIterator|,|java+class:///org/apache/xpath/axes/LocPathIterator|>,|project://xalan-2.7.1/src/org/apache/xpath/axes/UnionPathIterator.java|(1999,8,<52,4>,<52,12>)>,
  <<|java+class:///org/apache/xpath/patterns/StepPattern|,|java+class:///org/apache/xpath/patterns/NodeTest|>,|project://xalan-2.7.1/src/org/apache/xpath/patterns/StepPattern.java|(2225,35,<60,4>,<60,39>)>,
  <<|java+class:///org/apache/xpath/patterns/StepPattern|,|java+class:///org/apache/xpath/patterns/NodeTest|>,|project://xalan-2.7.1/src/org/apache/xpath/patterns/StepPattern.java|(2678,18,<76,4>,<76,22>)>,
  <<|java+class:///org/apache/xpath/domapi/XPathStylesheetDOM3Exception|,|java+class:///javax/xml/transform/TransformerException|>,|project://xalan-2.7.1/src/org/apache/xpath/domapi/XPathStylesheetDOM3Exception.java|(1315,17,<32,2>,<32,19>)>,
  <<|java+class:///org/apache/xpath/objects/XBooleanStatic|,|java+class:///org/apache/xpath/objects/XBoolean|>,|project://xalan-2.7.1/src/org/apache/xpath/objects/XBooleanStatic.java|(1418,9,<44,4>,<44,13>)>,
  <<|java+class:///org/apache/xalan/xsltc/dom/FilteredStepIterator|,|java+class:///org/apache/xalan/xsltc/dom/StepIterator|>,|project://xalan-2.7.1/src/org/apache/xalan/xsltc/dom/FilteredStepIterator.java|(1428,24,<40,1>,<40,25>)>,
  <<|java+class:///org/apache/xml/utils/ObjectFactory/ConfigurationError|,|java+class:///java/lang/Error|>,|project://xalan-2.7.1/src/org/apache/xml/utils/ObjectFactory.java|(26120,11,<646,12>,<646,23>)>,
  <<|java+class:///org/apache/xalan/xsltc/dom/AdaptiveResultTreeImpl|,|java+class:///org/apache/xalan/xsltc/dom/SimpleResultTreeImpl|>,|project://xalan-2.7.1/src/org/apache/xalan/xsltc/dom/AdaptiveResultTreeImpl.java|(4402,30,<106,8>,<106,38>)>,
  <<|java+class:///org/apache/xpath/axes/WalkingIteratorSorted|,|java+class:///org/apache/xpath/axes/WalkingIterator|>,|project://xalan-2.7.1/src/org/apache/xpath/axes/WalkingIteratorSorted.java|(2582,52,<72,4>,<72,56>)>,
  <<|java+class:///org/apache/xpath/axes/WalkingIteratorSorted|,|java+class:///org/apache/xpath/axes/WalkingIterator|>,|project://xalan-2.7.1/src/org/apache/xpath/axes/WalkingIteratorSorted.java|(1794,17,<50,4>,<50,21>)>,
  <<|java+class:///org/apache/xpath/axes/NodeSequence|,|java+class:///org/apache/xpath/objects/XObject|>,|project://xalan-2.7.1/src/org/apache/xpath/axes/NodeSequence.java|(5810,24,<202,4>,<202,28>)>,
  <<|java+class:///org/apache/xpath/axes/NodeSequence|,|java+class:///org/apache/xpath/objects/XObject|>,|project://xalan-2.7.1/src/org/apache/xpath/axes/NodeSequence.java|(5180,18,<179,3>,<179,21>)>,
  <<|java+class:///org/apache/xalan/xsltc/compiler/FunctionAvailableCall|,|java+class:///org/apache/xalan/xsltc/compiler/FunctionCall|>,|project://xalan-2.7.1/src/org/apache/xalan/xsltc/compiler/FunctionAvailableCall.java|(2120,24,<55,1>,<55,25>)>,
  <<|java+class:///org/apache/xalan/xsltc/compiler/DocumentCall|,|java+class:///org/apache/xalan/xsltc/compiler/FunctionCall|>,|project://xalan-2.7.1/src/org/apache/xalan/xsltc/compiler/DocumentCall.java|(1891,24,<52,8>,<52,32>)>,
  <<|java+class:///org/apache/xpath/axes/FilterExprWalker|,|java+class:///org/apache/xpath/axes/AxesWalker|>,|project://xalan-2.7.1/src/org/apache/xpath/axes/FilterExprWalker.java|(1865,42,<50,4>,<50,46>)>,
  <<|java+class:///org/apache/xml/serializer/ObjectFactory/ConfigurationError|,|java+class:///java/lang/Error|>,|project://xalan-2.7.1/src/org/apache/xml/serializer/ObjectFactory.java|(26183,11,<645,12>,<645,23>)>,
  <<|java+class:///org/apache/xalan/templates/TemplateList|,|java+project:///|>,|project://xalan-2.7.1/src/org/apache/xalan/templates/TemplateList.java|(1892,8,<54,4>,<54,12>)>,
  <<|java+class:///org/apache/xpath/objects/XString|,|java+class:///org/apache/xpath/objects/XObject|>,|project://xalan-2.7.1/src/org/apache/xpath/objects/XString.java|(1829,11,<52,4>,<52,15>)>,
  <<|java+class:///org/apache/xpath/objects/XString|,|java+class:///org/apache/xpath/objects/XObject|>,|project://xalan-2.7.1/src/org/apache/xpath/objects/XString.java|(1990,11,<62,4>,<62,15>)>,
  <<|java+class:///org/apache/xalan/xsltc/compiler/CompilerException|,|java+class:///java/lang/Exception|>,|project://xalan-2.7.1/src/org/apache/xalan/xsltc/compiler/CompilerException.java|(1349,15,<42,1>,<42,16>)>,
  <<|java+class:///org/apache/xalan/xsltc/compiler/CompilerException|,|java+class:///java/lang/Exception|>,|project://xalan-2.7.1/src/org/apache/xalan/xsltc/compiler/CompilerException.java|(1172,8,<33,1>,<33,9>)>,
  <<|java+class:///org/apache/xalan/xsltc/compiler/CompilerException|,|java+class:///java/lang/Exception|>,|project://xalan-2.7.1/src/org/apache/xalan/xsltc/compiler/CompilerException.java|(1241,20,<37,1>,<37,21>)>,
  <<|java+class:///org/apache/xml/dtm/ref/DTMDefaultBaseTraversers|,|java+class:///org/apache/xml/dtm/ref/DTMDefaultBase|>,|project://xalan-2.7.1/src/org/apache/xml/dtm/ref/DTMDefaultBaseTraversers.java|(2523,89,<62,4>,<63,22>)>,
  <<|java+class:///org/apache/xml/dtm/ref/DTMDefaultBaseTraversers|,|java+class:///org/apache/xml/dtm/ref/DTMDefaultBase|>,|project://xalan-2.7.1/src/org/apache/xml/dtm/ref/DTMDefaultBaseTraversers.java|(3896,126,<90,4>,<91,59>)>,
  <<|java+class:///org/apache/xpath/objects/XNodeSetForDOM|,|java+class:///org/apache/xpath/objects/XNodeSet|>,|project://xalan-2.7.1/src/org/apache/xpath/objects/XNodeSetForDOM.java|(1836,11,<56,3>,<56,14>)>,
  <<|java+class:///org/apache/xalan/xsltc/cmdline/getopt/GetOptsException|,|java+class:///java/lang/Exception|>,|project://xalan-2.7.1/src/org/apache/xalan/xsltc/cmdline/getopt/GetOptsException.java|(1146,11,<30,1>,<30,12>)>,
  <<|java+class:///org/apache/xalan/xsltc/dom/SAXImpl/NamespaceAttributeIterator|,|java+class:///org/apache/xml/dtm/ref/DTMDefaultBaseIterators/InternalAxisIteratorBase|>,|project://xalan-2.7.1/src/org/apache/xalan/xsltc/dom/SAXImpl.java|(48504,8,<1471,12>,<1471,20>)>,
  <<|java+class:///org/apache/xalan/xsltc/compiler/NotCall|,|java+class:///org/apache/xalan/xsltc/compiler/FunctionCall|>,|project://xalan-2.7.1/src/org/apache/xalan/xsltc/compiler/NotCall.java|(1396,24,<38,1>,<38,25>)>,
  <<|java+class:///org/apache/xpath/axes/OneStepIteratorForward|,|java+class:///org/apache/xpath/axes/ChildTestIterator|>,|project://xalan-2.7.1/src/org/apache/xpath/axes/OneStepIteratorForward.java|(2109,33,<55,4>,<55,37>)>,
  <<|java+class:///org/apache/xpath/axes/OneStepIteratorForward|,|java+class:///org/apache/xpath/axes/ChildTestIterator|>,|project://xalan-2.7.1/src/org/apache/xpath/axes/OneStepIteratorForward.java|(2565,12,<71,4>,<71,16>)>,
  <<|java+class:///org/apache/xalan/extensions/ExtensionHandlerJavaClass|,|java+class:///org/apache/xalan/extensions/ExtensionHandlerJava|>,|project://xalan-2.7.1/src/org/apache/xalan/extensions/ExtensionHandlerJavaClass.java|(2933,43,<81,4>,<81,47>)>,
  <<|java+class:///org/apache/xml/utils/IntStack|,|java+class:///org/apache/xml/utils/IntVector|>,|project://xalan-2.7.1/src/org/apache/xml/utils/IntStack.java|(1653,17,<53,4>,<53,21>)>,
  <<|java+class:///org/apache/xml/utils/IntStack|,|java+class:///org/apache/xml/utils/IntVector|>,|project://xalan-2.7.1/src/org/apache/xml/utils/IntStack.java|(1467,8,<43,4>,<43,12>)>,
  <<|java+class:///org/apache/xml/utils/IntStack|,|java+class:///org/apache/xml/utils/IntVector|>,|project://xalan-2.7.1/src/org/apache/xml/utils/IntStack.java|(1810,9,<63,3>,<63,12>)>,
  <<|java+class:///org/apache/xpath/jaxp/JAXPVariableStack|,|java+class:///org/apache/xpath/VariableStack|>,|project://xalan-2.7.1/src/org/apache/xpath/jaxp/JAXPVariableStack.java|(1652,9,<45,8>,<45,17>)>,
  <<|java+class:///org/apache/xpath/axes/WalkingIterator|,|java+class:///org/apache/xpath/axes/LocPathIterator|>,|project://xalan-2.7.1/src/org/apache/xpath/axes/WalkingIterator.java|(2722,17,<78,4>,<78,21>)>,
  <<|java+class:///org/apache/xpath/axes/WalkingIterator|,|java+class:///org/apache/xpath/axes/LocPathIterator|>,|project://xalan-2.7.1/src/org/apache/xpath/axes/WalkingIterator.java|(2216,52,<58,4>,<58,56>)>,
  <<|java+class:///org/apache/xpath/NodeSetDTM|,|java+class:///org/apache/xml/utils/NodeVector|>,|project://xalan-2.7.1/src/org/apache/xpath/NodeSetDTM.java|(3678,8,<111,4>,<111,12>)>,
  <<|java+class:///org/apache/xpath/NodeSetDTM|,|java+class:///org/apache/xml/utils/NodeVector|>,|project://xalan-2.7.1/src/org/apache/xpath/NodeSetDTM.java|(3084,17,<83,4>,<83,21>)>,
  <<|java+class:///org/apache/xpath/NodeSetDTM|,|java+class:///org/apache/xml/utils/NodeVector|>,|project://xalan-2.7.1/src/org/apache/xpath/NodeSetDTM.java|(5417,8,<186,4>,<186,12>)>,
  <<|java+class:///org/apache/xpath/NodeSetDTM|,|java+class:///org/apache/xml/utils/NodeVector|>,|project://xalan-2.7.1/src/org/apache/xpath/NodeSetDTM.java|(4048,8,<127,4>,<127,12>)>,
  <<|java+class:///org/apache/xpath/NodeSetDTM|,|java+class:///org/apache/xml/utils/NodeVector|>,|project://xalan-2.7.1/src/org/apache/xpath/NodeSetDTM.java|(4421,8,<143,4>,<143,12>)>,
  <<|java+class:///org/apache/xpath/NodeSetDTM|,|java+class:///org/apache/xml/utils/NodeVector|>,|project://xalan-2.7.1/src/org/apache/xpath/NodeSetDTM.java|(4838,8,<163,4>,<163,12>)>,
  <<|java+class:///org/apache/xpath/NodeSetDTM|,|java+class:///org/apache/xml/utils/NodeVector|>,|project://xalan-2.7.1/src/org/apache/xpath/NodeSetDTM.java|(2791,8,<71,4>,<71,12>)>,
  <<|java+class:///org/apache/xalan/xsltc/compiler/NameBase|,|java+class:///org/apache/xalan/xsltc/compiler/FunctionCall|>,|project://xalan-2.7.1/src/org/apache/xalan/xsltc/compiler/NameBase.java|(1855,24,<54,1>,<54,25>)>,
  <<|java+class:///org/apache/xalan/xsltc/compiler/NameBase|,|java+class:///org/apache/xalan/xsltc/compiler/FunctionCall|>,|project://xalan-2.7.1/src/org/apache/xalan/xsltc/compiler/NameBase.java|(1690,13,<47,1>,<47,14>)>,
  <<|java+class:///org/apache/xalan/xsltc/compiler/ContainsCall|,|java+class:///org/apache/xalan/xsltc/compiler/FunctionCall|>,|project://xalan-2.7.1/src/org/apache/xalan/xsltc/compiler/ContainsCall.java|(1819,24,<50,1>,<50,25>)>,
  <<|java+class:///org/apache/xalan/xsltc/cmdline/getopt/IllegalArgumentException|,|java+class:///org/apache/xalan/xsltc/cmdline/getopt/GetOptsException|>,|project://xalan-2.7.1/src/org/apache/xalan/xsltc/cmdline/getopt/IllegalArgumentException.java|(1134,11,<28,1>,<28,12>)>,
  <<|java+class:///org/apache/xml/utils/MutableAttrListImpl|,|java+class:///org/xml/sax/helpers/AttributesImpl|>,|project://xalan-2.7.1/src/org/apache/xml/utils/MutableAttrListImpl.java|(1378,8,<43,4>,<43,12>)>,
  <<|java+class:///org/apache/xml/utils/MutableAttrListImpl|,|java+class:///org/xml/sax/helpers/AttributesImpl|>,|project://xalan-2.7.1/src/org/apache/xml/utils/MutableAttrListImpl.java|(1656,12,<56,4>,<56,16>)>,
  <<|java+class:///org/apache/xalan/xsltc/compiler/CastCall|,|java+class:///org/apache/xalan/xsltc/compiler/FunctionCall|>,|project://xalan-2.7.1/src/org/apache/xalan/xsltc/compiler/CastCall.java|(1914,24,<56,1>,<56,25>)>,
  <<|java+class:///org/apache/xalan/xsltc/dom/ObjectFactory/ConfigurationError|,|java+class:///java/lang/Error|>,|project://xalan-2.7.1/src/org/apache/xalan/xsltc/dom/ObjectFactory.java|(26238,11,<646,12>,<646,23>)>,
  <<|java+class:///org/apache/xalan/lib/sql/SQLDocument|,|java+class:///org/apache/xalan/lib/sql/DTMDocument|>,|project://xalan-2.7.1/src/org/apache/xalan/lib/sql/SQLDocument.java|(7626,18,<311,4>,<311,22>)>,
  <<|java+class:///org/apache/xpath/axes/AttributeIterator|,|java+class:///org/apache/xpath/axes/ChildTestIterator|>,|project://xalan-2.7.1/src/org/apache/xpath/axes/AttributeIterator.java|(1756,33,<48,4>,<48,37>)>,
  <<|java+class:///org/apache/xalan/xsltc/compiler/FormatNumberCall|,|java+class:///org/apache/xalan/xsltc/compiler/FunctionCall|>,|project://xalan-2.7.1/src/org/apache/xalan/xsltc/compiler/FormatNumberCall.java|(1917,24,<50,1>,<50,25>)>,
  <<|java+class:///org/apache/xpath/axes/ChildIterator|,|java+class:///org/apache/xpath/axes/LocPathIterator|>,|project://xalan-2.7.1/src/org/apache/xpath/axes/ChildIterator.java|(1913,40,<52,4>,<52,44>)>,
  <<|java+class:///org/apache/xalan/xsltc/compiler/util/InternalError|,|java+class:///java/lang/Error|>,|project://xalan-2.7.1/src/org/apache/xalan/xsltc/compiler/util/InternalError.java|(1248,11,<34,8>,<34,19>)>,
  <<|java+class:///org/apache/xml/dtm/DTMDOMException|,|java+class:///org/w3c/dom/DOMException|>,|project://xalan-2.7.1/src/org/apache/xml/dtm/DTMDOMException.java|(1416,21,<41,4>,<41,25>)>,
  <<|java+class:///org/apache/xml/dtm/DTMDOMException|,|java+class:///org/w3c/dom/DOMException|>,|project://xalan-2.7.1/src/org/apache/xml/dtm/DTMDOMException.java|(1571,16,<52,4>,<52,20>)>,
  <<|java+class:///org/apache/xalan/trace/EndSelectionEvent|,|java+class:///org/apache/xalan/trace/SelectionEvent|>,|project://xalan-2.7.1/src/org/apache/xalan/trace/EndSelectionEvent.java|(2032,73,<54,4>,<54,77>)>,
  <<|java+class:///org/apache/xalan/xsltc/compiler/LocalNameCall|,|java+class:///org/apache/xalan/xsltc/compiler/NameBase|>,|project://xalan-2.7.1/src/org/apache/xalan/xsltc/compiler/LocalNameCall.java|(1683,24,<49,1>,<49,25>)>,
  <<|java+class:///org/apache/xalan/xsltc/compiler/LocalNameCall|,|java+class:///org/apache/xalan/xsltc/compiler/NameBase|>,|project://xalan-2.7.1/src/org/apache/xalan/xsltc/compiler/LocalNameCall.java|(1513,13,<42,1>,<42,14>)>,
  <<|java+class:///org/apache/xpath/objects/XRTreeFragSelectWrapper|,|java+class:///org/apache/xpath/objects/XRTreeFrag|>,|project://xalan-2.7.1/src/org/apache/xpath/objects/XRTreeFragSelectWrapper.java|(1484,12,<38,4>,<38,16>)>,
  <<|java+class:///org/apache/xalan/xsltc/compiler/util/AttributeSetMethodGenerator|,|java+class:///org/apache/xalan/xsltc/compiler/util/MethodGenerator|>,|project://xalan-2.7.1/src/org/apache/xalan/xsltc/compiler/util/AttributeSetMethodGenerator.java|(2341,229,<61,1>,<66,35>)>,
  <<|java+class:///org/apache/xalan/xsltc/compiler/IdPattern|,|java+class:///org/apache/xalan/xsltc/compiler/IdKeyPattern|>,|project://xalan-2.7.1/src/org/apache/xalan/xsltc/compiler/IdPattern.java|(1100,17,<32,1>,<32,18>)>,
  <<|java+class:///org/apache/xalan/templates/XUnresolvedVariableSimple|,|java+class:///org/apache/xpath/objects/XObject|>,|project://xalan-2.7.1/src/org/apache/xalan/templates/XUnresolvedVariableSimple.java|(1561,11,<40,4>,<40,15>)>,
  <<|java+class:///org/apache/xalan/xsltc/trax/ObjectFactory/ConfigurationError|,|java+class:///java/lang/Error|>,|project://xalan-2.7.1/src/org/apache/xalan/xsltc/trax/ObjectFactory.java|(26239,11,<646,12>,<646,23>)>,
  <<|java+class:///org/apache/xpath/patterns/ContextMatchStepPattern|,|java+class:///org/apache/xpath/patterns/StepPattern|>,|project://xalan-2.7.1/src/org/apache/xpath/patterns/ContextMatchStepPattern.java|(1525,39,<43,4>,<43,43>)>,
  <<|java+class:///org/apache/xml/utils/StopParseException|,|java+class:///org/xml/sax/SAXException|>,|project://xalan-2.7.1/src/org/apache/xml/utils/StopParseException.java|(1436,46,<38,4>,<38,50>)>,
  <<|java+class:///org/apache/xml/dtm/ref/DTMDefaultBaseIterators/NamespaceAttributeIterator|,|java+class:///org/apache/xml/dtm/ref/DTMDefaultBaseIterators/InternalAxisIteratorBase|>,|project://xalan-2.7.1/src/org/apache/xml/dtm/ref/DTMDefaultBaseIterators.java|(24033,8,<816,6>,<816,14>)>,
  <<|java+class:///org/apache/xpath/axes/DescendantIterator|,|java+class:///org/apache/xpath/axes/LocPathIterator|>,|project://xalan-2.7.1/src/org/apache/xpath/axes/DescendantIterator.java|(2144,40,<57,4>,<57,44>)>,
  <<|java+class:///org/apache/xpath/axes/DescendantIterator|,|java+class:///org/apache/xpath/axes/LocPathIterator|>,|project://xalan-2.7.1/src/org/apache/xpath/axes/DescendantIterator.java|(4306,12,<134,4>,<134,16>)>,
  <<|java+class:///org/apache/xalan/xslt/ObjectFactory/ConfigurationError|,|java+class:///java/lang/Error|>,|project://xalan-2.7.1/src/org/apache/xalan/xslt/ObjectFactory.java|(26232,11,<646,12>,<646,23>)>,
  <<|java+class:///org/apache/xalan/xsltc/compiler/VariableRef|,|java+class:///org/apache/xalan/xsltc/compiler/VariableRefBase|>,|project://xalan-2.7.1/src/org/apache/xalan/xsltc/compiler/VariableRef.java|(1601,16,<42,1>,<42,17>)>,
  <<|java+class:///org/apache/xalan/xsltc/compiler/CurrentCall|,|java+class:///org/apache/xalan/xsltc/compiler/FunctionCall|>,|project://xalan-2.7.1/src/org/apache/xalan/xsltc/compiler/CurrentCall.java|(1229,13,<33,1>,<33,14>)>,
  <<|java+class:///org/apache/xalan/xsltc/dom/UnionIterator/LookAheadIterator|,|java+class:///org/apache/xalan/xsltc/dom/MultiValuedNodeHeapIterator/HeapNode|>,|project://xalan-2.7.1/src/org/apache/xalan/xsltc/dom/UnionIterator.java|(1834,8,<49,12>,<49,20>)>,
  <<|java+class:///org/apache/xml/dtm/ref/DTMDefaultBaseIterators/RootIterator|,|java+class:///org/apache/xml/dtm/ref/DTMDefaultBaseIterators/InternalAxisIteratorBase|>,|project://xalan-2.7.1/src/org/apache/xml/dtm/ref/DTMDefaultBaseIterators.java|(21300,8,<699,6>,<699,14>)>,
  <<|java+class:///org/apache/xalan/templates/StylesheetComposed|,|java+class:///org/apache/xalan/templates/Stylesheet|>,|project://xalan-2.7.1/src/org/apache/xalan/templates/StylesheetComposed.java|(2190,14,<56,4>,<56,18>)>,
  <<|java+class:///org/apache/xpath/objects/XNodeSet|,|java+class:///org/apache/xpath/axes/NodeSequence|>,|project://xalan-2.7.1/src/org/apache/xpath/objects/XNodeSet.java|(1756,8,<55,3>,<55,11>)>,
  <<|java+class:///org/apache/xpath/objects/XNodeSet|,|java+class:///org/apache/xpath/axes/NodeSequence|>,|project://xalan-2.7.1/src/org/apache/xpath/objects/XNodeSet.java|(3037,30,<108,4>,<108,34>)>,
  <<|java+class:///org/apache/xpath/objects/XNodeSet|,|java+class:///org/apache/xpath/axes/NodeSequence|>,|project://xalan-2.7.1/src/org/apache/xpath/objects/XNodeSet.java|(2448,8,<81,3>,<81,11>)>,
  <<|java+class:///org/apache/xpath/axes/BasicTestIterator|,|java+class:///org/apache/xpath/axes/LocPathIterator|>,|project://xalan-2.7.1/src/org/apache/xpath/axes/BasicTestIterator.java|(2477,40,<76,4>,<76,44>)>,
  <<|java+class:///org/apache/xpath/axes/BasicTestIterator|,|java+class:///org/apache/xpath/axes/LocPathIterator|>,|project://xalan-2.7.1/src/org/apache/xpath/axes/BasicTestIterator.java|(1885,17,<58,4>,<58,21>)>,
  <<|java+class:///org/apache/xpath/axes/BasicTestIterator|,|java+class:///org/apache/xpath/axes/LocPathIterator|>,|project://xalan-2.7.1/src/org/apache/xpath/axes/BasicTestIterator.java|(3931,52,<115,4>,<115,56>)>,
  <<|java+class:///org/apache/xalan/xsltc/trax/TemplatesImpl/TransletClassLoader|,|java+class:///java/lang/ClassLoader|>,|project://xalan-2.7.1/src/org/apache/xalan/xsltc/trax/TemplatesImpl.java|(4009,14,<121,5>,<121,19>)>,
  <<|java+class:///org/apache/xml/dtm/ref/DTMDefaultBaseIterators/NamespaceIterator|,|java+class:///org/apache/xml/dtm/ref/DTMDefaultBaseIterators/InternalAxisIteratorBase|>,|project://xalan-2.7.1/src/org/apache/xml/dtm/ref/DTMDefaultBaseIterators.java|(18743,8,<594,6>,<594,14>)>,
  <<|java+class:///org/apache/xml/serializer/ToXMLSAXHandler|,|java+class:///org/apache/xml/serializer/ToSAXHandler|>,|project://xalan-2.7.1/src/org/apache/xml/serializer/ToXMLSAXHandler.java|(14263,30,<485,8>,<485,38>)>,
  <<|java+class:///org/apache/xml/serializer/ToXMLSAXHandler|,|java+class:///org/apache/xml/serializer/ToSAXHandler|>,|project://xalan-2.7.1/src/org/apache/xml/serializer/ToXMLSAXHandler.java|(13993,25,<473,8>,<473,33>)>,
  <<|java+class:///org/apache/xalan/transformer/KeyRefIterator|,|java+class:///org/apache/xpath/axes/ChildTestIterator|>,|project://xalan-2.7.1/src/org/apache/xalan/transformer/KeyRefIterator.java|(1900,12,<52,4>,<52,16>)>,
  <<|java+class:///org/apache/xalan/xsltc/compiler/util/RtMethodGenerator|,|java+class:///org/apache/xalan/xsltc/compiler/util/MethodGenerator|>,|project://xalan-2.7.1/src/org/apache/xalan/xsltc/compiler/util/RtMethodGenerator.java|(1845,97,<46,1>,<47,27>)>,
  <<|java+class:///org/apache/xalan/xsltc/compiler/IllegalCharException|,|java+class:///java/lang/Exception|>,|project://xalan-2.7.1/src/org/apache/xalan/xsltc/compiler/IllegalCharException.java|(1183,9,<31,1>,<31,10>)>,
  <<|java+class:///org/apache/xml/dtm/ref/dom2dtm/DOM2DTM|,|java+class:///org/apache/xml/dtm/ref/DTMDefaultBaseIterators|>,|project://xalan-2.7.1/src/org/apache/xml/dtm/ref/dom2dtm/DOM2DTM.java|(4940,93,<123,4>,<124,38>)>,
  <<|java+class:///org/apache/xpath/axes/FilterExprIteratorSimple|,|java+class:///org/apache/xpath/axes/LocPathIterator|>,|project://xalan-2.7.1/src/org/apache/xpath/axes/FilterExprIteratorSimple.java|(2134,12,<65,4>,<65,16>)>,
  <<|java+class:///org/apache/xpath/axes/FilterExprIteratorSimple|,|java+class:///org/apache/xpath/axes/LocPathIterator|>,|project://xalan-2.7.1/src/org/apache/xpath/axes/FilterExprIteratorSimple.java|(1982,12,<56,4>,<56,16>)>,
  <<|java+class:///org/apache/xpath/objects/XRTreeFrag|,|java+class:///org/apache/xpath/objects/XObject|>,|project://xalan-2.7.1/src/org/apache/xpath/objects/XRTreeFrag.java|(2869,12,<95,4>,<95,16>)>,
  <<|java+class:///org/apache/xpath/objects/XRTreeFrag|,|java+class:///org/apache/xpath/objects/XObject|>,|project://xalan-2.7.1/src/org/apache/xpath/objects/XRTreeFrag.java|(2001,12,<63,4>,<63,16>)>,
  <<|java+class:///org/apache/xpath/objects/XRTreeFrag|,|java+class:///org/apache/xpath/objects/XObject|>,|project://xalan-2.7.1/src/org/apache/xpath/objects/XRTreeFrag.java|(1804,12,<52,4>,<52,16>)>,
  <<|java+class:///org/apache/xml/utils/URI/MalformedURIException|,|java+class:///java/io/IOException|>,|project://xalan-2.7.1/src/org/apache/xml/utils/URI.java|(3429,13,<90,6>,<90,19>)>,
  <<|java+class:///org/apache/xml/utils/URI/MalformedURIException|,|java+class:///java/io/IOException|>,|project://xalan-2.7.1/src/org/apache/xml/utils/URI.java|(3183,8,<79,6>,<79,14>)>,
  <<|java+class:///org/apache/xml/serializer/utils/URI/MalformedURIException|,|java+class:///java/io/IOException|>,|project://xalan-2.7.1/src/org/apache/xml/serializer/utils/URI.java|(3360,8,<82,6>,<82,14>)>,
  <<|java+class:///org/apache/xml/serializer/utils/URI/MalformedURIException|,|java+class:///java/io/IOException|>,|project://xalan-2.7.1/src/org/apache/xml/serializer/utils/URI.java|(3606,13,<93,6>,<93,19>)>,
  <<|java+class:///org/apache/xml/utils/WrappedRuntimeException|,|java+class:///java/lang/RuntimeException|>,|project://xalan-2.7.1/src/org/apache/xml/utils/WrappedRuntimeException.java|(1799,11,<60,4>,<60,15>)>,
  <<|java+class:///org/apache/xml/utils/WrappedRuntimeException|,|java+class:///java/lang/RuntimeException|>,|project://xalan-2.7.1/src/org/apache/xml/utils/WrappedRuntimeException.java|(1525,22,<45,4>,<45,26>)>,
  <<|java+class:///org/apache/xalan/transformer/TreeWalker2Result|,|java+class:///org/apache/xml/dtm/ref/DTMTreeWalker|>,|project://xalan-2.7.1/src/org/apache/xalan/transformer/TreeWalker2Result.java|(1849,21,<56,4>,<56,25>)>,
  <<|java+class:///org/apache/xml/utils/WrongParserException|,|java+class:///java/lang/RuntimeException|>,|project://xalan-2.7.1/src/org/apache/xml/utils/WrongParserException.java|(1381,15,<38,4>,<38,19>)>,
  <<|java+class:///org/apache/xalan/extensions/ExtensionHandlerExsltFunction|,|java+class:///org/apache/xalan/extensions/ExtensionHandler|>,|project://xalan-2.7.1/src/org/apache/xalan/extensions/ExtensionHandlerExsltFunction.java|(2448,60,<61,4>,<61,64>)>,
  <<|java+class:///org/apache/xalan/xsltc/compiler/CeilingCall|,|java+class:///org/apache/xalan/xsltc/compiler/FunctionCall|>,|project://xalan-2.7.1/src/org/apache/xalan/xsltc/compiler/CeilingCall.java|(1419,24,<38,1>,<38,25>)>,
  <<|java+class:///org/apache/xalan/processor/WhitespaceInfoPaths|,|java+class:///org/apache/xalan/templates/WhiteSpaceInfo|>,|project://xalan-2.7.1/src/org/apache/xalan/processor/WhitespaceInfoPaths.java|(2291,17,<76,3>,<76,20>)>,
  <<|java+class:///org/apache/xml/serializer/utils/WrappedRuntimeException|,|java+class:///java/lang/RuntimeException|>,|project://xalan-2.7.1/src/org/apache/xml/serializer/utils/WrappedRuntimeException.java|(2084,11,<67,4>,<67,15>)>,
  <<|java+class:///org/apache/xml/serializer/utils/WrappedRuntimeException|,|java+class:///java/lang/RuntimeException|>,|project://xalan-2.7.1/src/org/apache/xml/serializer/utils/WrappedRuntimeException.java|(1810,22,<52,4>,<52,26>)>,
  <<|java+class:///org/apache/xalan/xsltc/compiler/util/MethodGenerator|,|java+class:///org/apache/bcel/generic/MethodGen|>,|project://xalan-2.7.1/src/org/apache/xalan/xsltc/compiler/util/MethodGenerator.java|(5392,98,<138,1>,<139,28>)>,
  <<|java+class:///org/apache/xalan/xsltc/compiler/util/MatchGenerator|,|java+class:///org/apache/xalan/xsltc/compiler/util/MethodGenerator|>,|project://xalan-2.7.1/src/org/apache/xalan/xsltc/compiler/util/MatchGenerator.java|(1820,97,<49,1>,<50,27>)>,
  <<|java+class:///org/apache/xalan/xsltc/compiler/util/CompareGenerator|,|java+class:///org/apache/xalan/xsltc/compiler/util/MethodGenerator|>,|project://xalan-2.7.1/src/org/apache/xalan/xsltc/compiler/util/CompareGenerator.java|(2321,97,<60,1>,<61,27>)>,
  <<|java+class:///org/apache/xpath/XPathProcessorException|,|java+class:///org/apache/xpath/XPathException|>,|project://xalan-2.7.1/src/org/apache/xpath/XPathProcessorException.java|(1747,18,<52,4>,<52,22>)>,
  <<|java+class:///org/apache/xpath/XPathProcessorException|,|java+class:///org/apache/xpath/XPathException|>,|project://xalan-2.7.1/src/org/apache/xpath/XPathProcessorException.java|(1398,15,<39,4>,<39,19>)>,
  <<|java+class:///org/apache/xpath/objects/XStringForFSB|,|java+class:///org/apache/xpath/objects/XString|>,|project://xalan-2.7.1/src/org/apache/xpath/objects/XStringForFSB.java|(2404,11,<77,4>,<77,15>)>,
  <<|java+class:///org/apache/xpath/objects/XStringForFSB|,|java+class:///org/apache/xpath/objects/XString|>,|project://xalan-2.7.1/src/org/apache/xpath/objects/XStringForFSB.java|(2015,11,<59,4>,<59,15>)>,
  <<|java+class:///org/apache/xpath/axes/RTFIterator|,|java+class:///org/apache/xpath/NodeSetDTM|>,|project://xalan-2.7.1/src/org/apache/xpath/axes/RTFIterator.java|(1400,21,<40,2>,<40,23>)>,
  <<|java+class:///org/apache/xalan/xsltc/compiler/XPathParser|,|java+class:///java_cup/runtime/lr_parser|>,|project://xalan-2.7.1/src/org/apache/xalan/xsltc/compiler/XPathParser.java|(764,8,<25,24>,<25,32>)>,
  <<|java+class:///org/apache/xalan/xsltc/compiler/XPathParser|,|java+class:///java_cup/runtime/lr_parser|>,|project://xalan-2.7.1/src/org/apache/xalan/xsltc/compiler/XPathParser.java|(881,9,<28,50>,<28,59>)>,
  <<|java+class:///org/apache/xalan/templates/ElemParam|,|java+class:///org/apache/xalan/templates/ElemVariable|>,|project://xalan-2.7.1/src/org/apache/xalan/templates/ElemParam.java|(2259,13,<82,4>,<82,17>)>,
  <<|java+class:///org/apache/xalan/xsltc/compiler/util/MarkerInstruction|,|java+class:///org/apache/bcel/generic/Instruction|>,|project://xalan-2.7.1/src/org/apache/xalan/xsltc/compiler/util/MarkerInstruction.java|(1744,38,<46,8>,<46,46>)>,
  <<|java+class:///org/apache/xalan/xsltc/cmdline/getopt/MissingOptArgException|,|java+class:///org/apache/xalan/xsltc/cmdline/getopt/GetOptsException|>,|project://xalan-2.7.1/src/org/apache/xalan/xsltc/cmdline/getopt/MissingOptArgException.java|(1167,11,<31,1>,<31,12>)>,
  <<|java+class:///org/apache/xalan/xsltc/compiler/UnparsedEntityUriCall|,|java+class:///org/apache/xalan/xsltc/compiler/FunctionCall|>,|project://xalan-2.7.1/src/org/apache/xalan/xsltc/compiler/UnparsedEntityUriCall.java|(1692,24,<44,8>,<44,32>)>,
  <<|java+class:///org/apache/xalan/xsltc/compiler/UnsupportedElement|,|java+class:///org/apache/xalan/xsltc/compiler/SyntaxTreeNode|>,|project://xalan-2.7.1/src/org/apache/xalan/xsltc/compiler/UnsupportedElement.java|(1900,26,<51,1>,<51,27>)>,
  <<|java+class:///org/apache/xalan/transformer/XSLInfiniteLoopException|,|java+project:///|>,|project://xalan-2.7.1/src/org/apache/xalan/transformer/XSLInfiniteLoopException.java|(1174,8,<36,4>,<36,12>)>,
  <<|java+class:///org/apache/xalan/xsltc/compiler/PositionCall|,|java+class:///org/apache/xalan/xsltc/compiler/FunctionCall|>,|project://xalan-2.7.1/src/org/apache/xalan/xsltc/compiler/PositionCall.java|(1572,13,<41,1>,<41,14>)>,
  <<|java+class:///org/apache/xalan/xsltc/runtime/ObjectFactory/ConfigurationError|,|java+class:///java/lang/Error|>,|project://xalan-2.7.1/src/org/apache/xalan/xsltc/runtime/ObjectFactory.java|(26242,11,<646,12>,<646,23>)>,
  <<|java+class:///org/apache/xalan/extensions/ExtensionHandlerJava|,|java+class:///org/apache/xalan/extensions/ExtensionHandler|>,|project://xalan-2.7.1/src/org/apache/xalan/extensions/ExtensionHandlerJava.java|(2289,32,<59,4>,<59,36>)>,
  <<|java+class:///org/apache/xalan/xsltc/compiler/NumberCall|,|java+class:///org/apache/xalan/xsltc/compiler/FunctionCall|>,|project://xalan-2.7.1/src/org/apache/xalan/xsltc/compiler/NumberCall.java|(1435,24,<39,1>,<39,25>)>,
  <<|java+class:///org/apache/xalan/xsltc/compiler/KeyCall|,|java+class:///org/apache/xalan/xsltc/compiler/FunctionCall|>,|project://xalan-2.7.1/src/org/apache/xalan/xsltc/compiler/KeyCall.java|(3058,24,<86,1>,<86,25>)>,
  <<|java+class:///org/apache/xml/dtm/ref/DTMDefaultBaseIterators|,|java+class:///org/apache/xml/dtm/ref/DTMDefaultBaseTraversers|>,|project://xalan-2.7.1/src/org/apache/xml/dtm/ref/DTMDefaultBaseIterators.java|(2242,90,<57,4>,<58,38>)>,
  <<|java+class:///org/apache/xml/dtm/ref/DTMDefaultBaseIterators|,|java+class:///org/apache/xml/dtm/ref/DTMDefaultBaseTraversers|>,|project://xalan-2.7.1/src/org/apache/xml/dtm/ref/DTMDefaultBaseIterators.java|(3609,127,<85,4>,<86,75>)>,
  <<|java+class:///org/apache/xpath/functions/ObjectFactory/ConfigurationError|,|java+class:///java/lang/Error|>,|project://xalan-2.7.1/src/org/apache/xpath/functions/ObjectFactory.java|(26238,11,<646,12>,<646,23>)>,
  <<|java+class:///org/apache/xml/dtm/ref/ObjectFactory/ConfigurationError|,|java+class:///java/lang/Error|>,|project://xalan-2.7.1/src/org/apache/xml/dtm/ref/ObjectFactory.java|(26233,11,<646,12>,<646,23>)>,
  <<|java+class:///org/apache/xml/dtm/DTMException|,|java+class:///java/lang/RuntimeException|>,|project://xalan-2.7.1/src/org/apache/xml/dtm/DTMException.java|(5170,22,<150,8>,<150,30>)>,
  <<|java+class:///org/apache/xml/dtm/DTMException|,|java+class:///java/lang/RuntimeException|>,|project://xalan-2.7.1/src/org/apache/xml/dtm/DTMException.java|(5706,111,<168,8>,<170,25>)>,
  <<|java+class:///org/apache/xml/dtm/DTMException|,|java+class:///java/lang/RuntimeException|>,|project://xalan-2.7.1/src/org/apache/xml/dtm/DTMException.java|(4872,15,<137,8>,<137,23>)>,
  <<|java+class:///org/apache/xml/dtm/DTMException|,|java+class:///java/lang/RuntimeException|>,|project://xalan-2.7.1/src/org/apache/xml/dtm/DTMException.java|(6363,15,<188,8>,<188,23>)>,
  <<|java+class:///org/apache/xml/dtm/DTMException|,|java+class:///java/lang/RuntimeException|>,|project://xalan-2.7.1/src/org/apache/xml/dtm/DTMException.java|(6909,15,<205,8>,<205,23>)>,
  <<|java+class:///org/apache/xml/dtm/ref/sax2dtm/SAX2DTM2|,|java+class:///org/apache/xml/dtm/ref/sax2dtm/SAX2DTM|>,|project://xalan-2.7.1/src/org/apache/xml/dtm/ref/sax2dtm/SAX2DTM2.java|(50943,126,<1868,4>,<1869,75>)>,
  <<|java+class:///org/apache/xalan/xsltc/compiler/util/NodeSortRecordFactGenerator|,|java+class:///org/apache/xalan/xsltc/compiler/util/ClassGenerator|>,|project://xalan-2.7.1/src/org/apache/xalan/xsltc/compiler/util/NodeSortRecordFactGenerator.java|(1379,88,<36,1>,<37,44>)>,
  <<|java+class:///org/apache/xpath/objects/XBoolean|,|java+class:///org/apache/xpath/objects/XObject|>,|project://xalan-2.7.1/src/org/apache/xpath/objects/XBoolean.java|(1960,8,<69,4>,<69,12>)>,
  <<|java+class:///org/apache/xpath/objects/XBoolean|,|java+class:///org/apache/xpath/objects/XObject|>,|project://xalan-2.7.1/src/org/apache/xpath/objects/XBoolean.java|(1784,8,<56,4>,<56,12>)>,
  <<|java+class:///org/apache/xalan/extensions/ExtensionHandlerJavaPackage|,|java+class:///org/apache/xalan/extensions/ExtensionHandlerJava|>,|project://xalan-2.7.1/src/org/apache/xalan/extensions/ExtensionHandlerJavaPackage.java|(3052,43,<79,4>,<79,47>)>,
  <<|java+class:///org/apache/xml/serializer/ToHTMLSAXHandler|,|java+class:///org/apache/xml/serializer/ToSAXHandler|>,|project://xalan-2.7.1/src/org/apache/xml/serializer/ToHTMLSAXHandler.java|(14749,28,<507,8>,<507,36>)>,
  <<|java+class:///org/apache/xml/serializer/ToHTMLSAXHandler|,|java+class:///org/apache/xml/serializer/ToSAXHandler|>,|project://xalan-2.7.1/src/org/apache/xml/serializer/ToHTMLSAXHandler.java|(14375,24,<494,8>,<494,32>)>,
  <<|java+class:///org/apache/xalan/xsltc/compiler/NameCall|,|java+class:///org/apache/xalan/xsltc/compiler/NameBase|>,|project://xalan-2.7.1/src/org/apache/xalan/xsltc/compiler/NameCall.java|(1683,24,<50,1>,<50,25>)>,
  <<|java+class:///org/apache/xalan/xsltc/compiler/NameCall|,|java+class:///org/apache/xalan/xsltc/compiler/NameBase|>,|project://xalan-2.7.1/src/org/apache/xalan/xsltc/compiler/NameCall.java|(1518,13,<43,1>,<43,14>)>,
  <<|java+class:///org/apache/xml/serializer/ToHTMLStream|,|java+class:///org/apache/xml/serializer/ToStream|>,|project://xalan-2.7.1/src/org/apache/xml/serializer/ToHTMLStream.java|(26427,8,<662,8>,<662,16>)>,
  <<|java+class:///org/apache/xml/dtm/DTMConfigurationException|,|java+class:///org/apache/xml/dtm/DTMException|>,|project://xalan-2.7.1/src/org/apache/xml/dtm/DTMConfigurationException.java|(1967,9,<57,8>,<57,17>)>,
  <<|java+class:///org/apache/xml/dtm/DTMConfigurationException|,|java+class:///org/apache/xml/dtm/DTMException|>,|project://xalan-2.7.1/src/org/apache/xml/dtm/DTMConfigurationException.java|(1328,29,<36,8>,<36,37>)>,
  <<|java+class:///org/apache/xml/dtm/DTMConfigurationException|,|java+class:///org/apache/xml/dtm/DTMException|>,|project://xalan-2.7.1/src/org/apache/xml/dtm/DTMConfigurationException.java|(2338,14,<68,8>,<68,22>)>,
  <<|java+class:///org/apache/xml/dtm/DTMConfigurationException|,|java+class:///org/apache/xml/dtm/DTMException|>,|project://xalan-2.7.1/src/org/apache/xml/dtm/DTMConfigurationException.java|(1639,11,<46,8>,<46,19>)>,
  <<|java+class:///org/apache/xml/dtm/DTMConfigurationException|,|java+class:///org/apache/xml/dtm/DTMException|>,|project://xalan-2.7.1/src/org/apache/xml/dtm/DTMConfigurationException.java|(2887,24,<83,8>,<83,32>)>,
  <<|java+class:///org/apache/xml/dtm/DTMConfigurationException|,|java+class:///org/apache/xml/dtm/DTMException|>,|project://xalan-2.7.1/src/org/apache/xml/dtm/DTMConfigurationException.java|(3439,27,<97,8>,<97,35>)>,
  <<|java+class:///org/apache/xpath/patterns/FunctionPattern|,|java+class:///org/apache/xpath/patterns/StepPattern|>,|project://xalan-2.7.1/src/org/apache/xpath/patterns/FunctionPattern.java|(1682,37,<49,4>,<49,41>)>,
  <<|java+class:///org/apache/xalan/xsltc/compiler/ParameterRef|,|java+class:///org/apache/xalan/xsltc/compiler/VariableRefBase|>,|project://xalan-2.7.1/src/org/apache/xalan/xsltc/compiler/ParameterRef.java|(1740,13,<48,1>,<48,14>)>,
  <<|java+class:///org/apache/xml/serializer/ToTextSAXHandler|,|java+class:///org/apache/xml/serializer/ToSAXHandler|>,|project://xalan-2.7.1/src/org/apache/xml/serializer/ToTextSAXHandler.java|(2232,27,<69,8>,<69,35>)>,
  <<|java+class:///org/apache/xml/serializer/ToTextSAXHandler|,|java+class:///org/apache/xml/serializer/ToSAXHandler|>,|project://xalan-2.7.1/src/org/apache/xml/serializer/ToTextSAXHandler.java|(2400,24,<77,8>,<77,32>)>,
  <<|java+class:///org/apache/xalan/lib/sql/SQLErrorDocument|,|java+class:///org/apache/xalan/lib/sql/DTMDocument|>,|project://xalan-2.7.1/src/org/apache/xalan/lib/sql/SQLErrorDocument.java|(3563,18,<141,4>,<141,22>)>,
  <<|java+class:///org/apache/xalan/lib/sql/SQLErrorDocument|,|java+class:///org/apache/xalan/lib/sql/DTMDocument|>,|project://xalan-2.7.1/src/org/apache/xalan/lib/sql/SQLErrorDocument.java|(2855,18,<113,4>,<113,22>)>,
  <<|java+class:///org/apache/xalan/lib/sql/SQLErrorDocument|,|java+class:///org/apache/xalan/lib/sql/DTMDocument|>,|project://xalan-2.7.1/src/org/apache/xalan/lib/sql/SQLErrorDocument.java|(3913,18,<154,4>,<154,22>)>,
  <<|java+class:///org/apache/xalan/xsltc/compiler/ElementAvailableCall|,|java+class:///org/apache/xalan/xsltc/compiler/FunctionCall|>,|project://xalan-2.7.1/src/org/apache/xalan/xsltc/compiler/ElementAvailableCall.java|(1558,24,<41,1>,<41,25>)>,
  <<|java+class:///org/apache/xalan/xsltc/dom/SAXImpl/TypedNamespaceIterator|,|java+class:///org/apache/xml/dtm/ref/DTMDefaultBaseIterators/NamespaceIterator|>,|project://xalan-2.7.1/src/org/apache/xalan/xsltc/dom/SAXImpl.java|(11092,8,<326,12>,<326,20>)>,
  <<|java+class:///org/apache/xalan/lib/ObjectFactory/ConfigurationError|,|java+class:///java/lang/Error|>,|project://xalan-2.7.1/src/org/apache/xalan/lib/ObjectFactory.java|(26232,11,<646,12>,<646,23>)>,
  <<|java+class:///org/apache/xml/serializer/ToTextStream|,|java+class:///org/apache/xml/serializer/ToStream|>,|project://xalan-2.7.1/src/org/apache/xml/serializer/ToTextStream.java|(1502,8,<46,4>,<46,12>)>,
  <<|java+class:///org/apache/xalan/xsltc/compiler/LangCall|,|java+class:///org/apache/xalan/xsltc/compiler/FunctionCall|>,|project://xalan-2.7.1/src/org/apache/xalan/xsltc/compiler/LangCall.java|(1793,24,<49,1>,<49,25>)>,
  <<|java+class:///org/apache/xml/dtm/ObjectFactory/ConfigurationError|,|java+class:///java/lang/Error|>,|project://xalan-2.7.1/src/org/apache/xml/dtm/ObjectFactory.java|(26229,11,<646,12>,<646,23>)>,
  <<|java+class:///org/apache/xalan/xsltc/compiler/UnresolvedRef|,|java+class:///org/apache/xalan/xsltc/compiler/VariableRefBase|>,|project://xalan-2.7.1/src/org/apache/xalan/xsltc/compiler/UnresolvedRef.java|(1454,8,<39,1>,<39,9>)>,
  <<|java+class:///org/apache/xalan/xsltc/TransletException|,|java+class:///org/xml/sax/SAXException|>,|project://xalan-2.7.1/src/org/apache/xalan/xsltc/TransletException.java|(1409,15,<43,1>,<43,16>)>,
  <<|java+class:///org/apache/xalan/xsltc/TransletException|,|java+class:///org/xml/sax/SAXException|>,|project://xalan-2.7.1/src/org/apache/xalan/xsltc/TransletException.java|(1240,24,<35,1>,<35,25>)>,
  <<|java+class:///org/apache/xalan/xsltc/TransletException|,|java+class:///org/xml/sax/SAXException|>,|project://xalan-2.7.1/src/org/apache/xalan/xsltc/TransletException.java|(1325,20,<39,1>,<39,21>)>,
  <<|java+class:///org/apache/xalan/lib/sql/ObjectFactory/ConfigurationError|,|java+class:///java/lang/Error|>,|project://xalan-2.7.1/src/org/apache/xalan/lib/sql/ObjectFactory.java|(26235,11,<646,12>,<646,23>)>,
  <<|java+class:///org/apache/xalan/lib/sql/DTMDocument|,|java+class:///org/apache/xml/dtm/ref/DTMDefaultBaseIterators|>,|project://xalan-2.7.1/src/org/apache/xalan/lib/sql/DTMDocument.java|(3713,70,<132,4>,<133,45>)>,
  <<|java+class:///org/apache/xalan/xsltc/compiler/util/ObjectFactory/ConfigurationError|,|java+class:///java/lang/Error|>,|project://xalan-2.7.1/src/org/apache/xalan/xsltc/compiler/util/ObjectFactory.java|(26248,11,<646,12>,<646,23>)>,
  <<|java+class:///org/apache/xalan/extensions/ExtensionHandlerGeneral|,|java+class:///org/apache/xalan/extensions/ExtensionHandler|>,|project://xalan-2.7.1/src/org/apache/xalan/extensions/ExtensionHandlerGeneral.java|(4267,32,<121,4>,<121,36>)>,
  <<|java+class:///org/apache/xml/dtm/ref/sax2dtm/SAX2RTFDTM|,|java+class:///org/apache/xml/dtm/ref/sax2dtm/SAX2DTM|>,|project://xalan-2.7.1/src/org/apache/xml/dtm/ref/sax2dtm/SAX2RTFDTM.java|(4850,90,<126,4>,<127,38>)>,
  <<|java+class:///org/apache/xalan/xsltc/dom/MultipleNodeCounter|,|java+class:///org/apache/xalan/xsltc/dom/NodeCounter|>,|project://xalan-2.7.1/src/org/apache/xalan/xsltc/dom/MultipleNodeCounter.java|(1448,36,<39,1>,<39,37>)>,
  <<|java+class:///org/apache/xalan/xsltc/dom/SAXImpl|,|java+class:///org/apache/xml/dtm/ref/sax2dtm/SAX2DTM2|>,|project://xalan-2.7.1/src/org/apache/xalan/xsltc/dom/SAXImpl.java|(24086,137,<729,8>,<730,70>)>,
  <<|java+class:///org/apache/xalan/templates/XUnresolvedVariable|,|java+class:///org/apache/xpath/objects/XObject|>,|project://xalan-2.7.1/src/org/apache/xalan/templates/XUnresolvedVariable.java|(3430,11,<82,4>,<82,15>)>,
  <<|java+class:///org/apache/xpath/functions/WrongNumberArgsException|,|java+class:///java/lang/Exception|>,|project://xalan-2.7.1/src/org/apache/xpath/functions/WrongNumberArgsException.java|(1458,20,<41,4>,<41,24>)>,
  <<|java+class:///org/apache/xalan/xsltc/compiler/GenerateIdCall|,|java+class:///org/apache/xalan/xsltc/compiler/FunctionCall|>,|project://xalan-2.7.1/src/org/apache/xalan/xsltc/compiler/GenerateIdCall.java|(1428,24,<38,1>,<38,25>)>,
  <<|java+class:///org/apache/xpath/objects/XStringForChars|,|java+class:///org/apache/xpath/objects/XString|>,|project://xalan-2.7.1/src/org/apache/xpath/objects/XStringForChars.java|(2200,11,<67,4>,<67,15>)>,
  <<|java+class:///org/apache/xpath/objects/XStringForChars|,|java+class:///org/apache/xpath/objects/XString|>,|project://xalan-2.7.1/src/org/apache/xpath/objects/XStringForChars.java|(1742,11,<51,4>,<51,15>)>,
  <<|java+class:///org/apache/xalan/xsltc/compiler/util/FilterGenerator|,|java+class:///org/apache/xalan/xsltc/compiler/util/ClassGenerator|>,|project://xalan-2.7.1/src/org/apache/xalan/xsltc/compiler/util/FilterGenerator.java|(1664,88,<43,1>,<44,44>)>,
  <<|java+class:///org/apache/xpath/axes/MatchPatternIterator|,|java+class:///org/apache/xpath/axes/LocPathIterator|>,|project://xalan-2.7.1/src/org/apache/xpath/axes/MatchPatternIterator.java|(3004,40,<78,4>,<78,44>)>,
  <<|java+class:///org/apache/xpath/domapi/XPathNSResolverImpl|,|java+class:///org/apache/xml/utils/PrefixResolverDefault|>,|project://xalan-2.7.1/src/org/apache/xpath/domapi/XPathNSResolverImpl.java|(1978,30,<51,2>,<51,32>)>,
  <<|java+class:///org/apache/xalan/xsltc/compiler/NamespaceUriCall|,|java+class:///org/apache/xalan/xsltc/compiler/NameBase|>,|project://xalan-2.7.1/src/org/apache/xalan/xsltc/compiler/NamespaceUriCall.java|(1649,24,<48,1>,<48,25>)>,
  <<|java+class:///org/apache/xalan/xsltc/compiler/NamespaceUriCall|,|java+class:///org/apache/xalan/xsltc/compiler/NameBase|>,|project://xalan-2.7.1/src/org/apache/xalan/xsltc/compiler/NamespaceUriCall.java|(1476,13,<41,1>,<41,14>)>,
  <<|java+class:///org/apache/xalan/xsltc/compiler/StringCall|,|java+class:///org/apache/xalan/xsltc/compiler/FunctionCall|>,|project://xalan-2.7.1/src/org/apache/xalan/xsltc/compiler/StringCall.java|(1488,24,<39,1>,<39,25>)>,
  <<|java+class:///org/apache/xpath/axes/ChildTestIterator|,|java+class:///org/apache/xpath/axes/BasicTestIterator|>,|project://xalan-2.7.1/src/org/apache/xpath/axes/ChildTestIterator.java|(2447,12,<70,4>,<70,16>)>,
  <<|java+class:///org/apache/xpath/axes/ChildTestIterator|,|java+class:///org/apache/xpath/axes/BasicTestIterator|>,|project://xalan-2.7.1/src/org/apache/xpath/axes/ChildTestIterator.java|(2132,33,<57,4>,<57,37>)>,
  <<|java+class:///org/apache/xpath/XPathException|,|java+class:///javax/xml/transform/TransformerException|>,|project://xalan-2.7.1/src/org/apache/xpath/XPathException.java|(2651,15,<86,4>,<86,19>)>,
  <<|java+class:///org/apache/xpath/XPathException|,|java+class:///javax/xml/transform/TransformerException|>,|project://xalan-2.7.1/src/org/apache/xpath/XPathException.java|(2375,15,<74,4>,<74,19>)>,
  <<|java+class:///org/apache/xpath/XPathException|,|java+class:///javax/xml/transform/TransformerException|>,|project://xalan-2.7.1/src/org/apache/xpath/XPathException.java|(3913,15,<132,4>,<132,19>)>,
  <<|java+class:///org/apache/xpath/XPathException|,|java+class:///javax/xml/transform/TransformerException|>,|project://xalan-2.7.1/src/org/apache/xpath/XPathException.java|(4811,15,<165,4>,<165,19>)>,
  <<|java+class:///org/apache/xpath/XPathException|,|java+class:///javax/xml/transform/TransformerException|>,|project://xalan-2.7.1/src/org/apache/xpath/XPathException.java|(4423,15,<149,4>,<149,19>)>,
  <<|java+class:///org/apache/xml/dtm/ref/DTMDefaultBaseIterators/TypedNamespaceIterator|,|java+class:///org/apache/xml/dtm/ref/DTMDefaultBaseIterators/NamespaceIterator|>,|project://xalan-2.7.1/src/org/apache/xml/dtm/ref/DTMDefaultBaseIterators.java|(20324,8,<656,6>,<656,14>)>,
  <<|java+class:///org/apache/xalan/xsltc/compiler/util/NodeCounterGenerator|,|java+class:///org/apache/xalan/xsltc/compiler/util/ClassGenerator|>,|project://xalan-2.7.1/src/org/apache/xalan/xsltc/compiler/util/NodeCounterGenerator.java|(1718,88,<45,1>,<46,44>)>,
  <<|java+class:///org/apache/xalan/xsltc/compiler/util/NamedMethodGenerator|,|java+class:///org/apache/xalan/xsltc/compiler/util/MethodGenerator|>,|project://xalan-2.7.1/src/org/apache/xalan/xsltc/compiler/util/NamedMethodGenerator.java|(1905,97,<47,1>,<48,27>)>,
  <<|java+class:///org/apache/xml/dtm/ref/CustomStringPool|,|java+class:///org/apache/xml/dtm/ref/DTMStringPool|>,|project://xalan-2.7.1/src/org/apache/xml/dtm/ref/CustomStringPool.java|(2765,361,<57,16>,<62,38>)>,
  <<|java+class:///org/apache/xalan/xsltc/compiler/BooleanCall|,|java+class:///org/apache/xalan/xsltc/compiler/FunctionCall|>,|project://xalan-2.7.1/src/org/apache/xalan/xsltc/compiler/BooleanCall.java|(1428,24,<40,1>,<40,25>)>,
  <<|java+class:///org/apache/xalan/extensions/ObjectFactory/ConfigurationError|,|java+class:///java/lang/Error|>,|project://xalan-2.7.1/src/org/apache/xalan/extensions/ObjectFactory.java|(26238,11,<646,12>,<646,23>)>,
  <<|java+class:///org/apache/xpath/axes/SelfIteratorNoPredicate|,|java+class:///org/apache/xpath/axes/LocPathIterator|>,|project://xalan-2.7.1/src/org/apache/xpath/axes/SelfIteratorNoPredicate.java|(2167,12,<61,4>,<61,16>)>,
  <<|java+class:///org/apache/xpath/axes/SelfIteratorNoPredicate|,|java+class:///org/apache/xpath/axes/LocPathIterator|>,|project://xalan-2.7.1/src/org/apache/xpath/axes/SelfIteratorNoPredicate.java|(1890,40,<50,4>,<50,44>)>,
  <<|java+class:///org/apache/xpath/objects/XNull|,|java+class:///org/apache/xpath/objects/XNodeSet|>,|project://xalan-2.7.1/src/org/apache/xpath/objects/XNull.java|(1328,8,<40,4>,<40,12>)>,
  <<|java+class:///org/apache/xpath/axes/UnionChildIterator|,|java+class:///org/apache/xpath/axes/ChildTestIterator|>,|project://xalan-2.7.1/src/org/apache/xpath/axes/UnionChildIterator.java|(1860,12,<49,4>,<49,16>)>,
  <<|java+class:///org/apache/xalan/xsltc/compiler/KeyPattern|,|java+class:///org/apache/xalan/xsltc/compiler/IdKeyPattern|>,|project://xalan-2.7.1/src/org/apache/xalan/xsltc/compiler/KeyPattern.java|(1118,19,<31,1>,<31,20>)>,
  <<|java+class:///org/apache/xpath/axes/FilterExprIterator|,|java+class:///org/apache/xpath/axes/BasicTestIterator|>,|project://xalan-2.7.1/src/org/apache/xpath/axes/FilterExprIterator.java|(1819,12,<57,4>,<57,16>)>,
  <<|java+class:///org/apache/xpath/axes/FilterExprIterator|,|java+class:///org/apache/xpath/axes/BasicTestIterator|>,|project://xalan-2.7.1/src/org/apache/xpath/axes/FilterExprIterator.java|(1679,12,<48,4>,<48,16>)>,
  <<|java+class:///org/apache/xpath/axes/ReverseAxesWalker|,|java+class:///org/apache/xpath/axes/AxesWalker|>,|project://xalan-2.7.1/src/org/apache/xpath/axes/ReverseAxesWalker.java|(1523,29,<42,4>,<42,33>)>,
  <<|java+class:///org/apache/xml/utils/ObjectStack|,|java+class:///org/apache/xml/utils/ObjectVector|>,|project://xalan-2.7.1/src/org/apache/xml/utils/ObjectStack.java|(1622,17,<53,4>,<53,21>)>,
  <<|java+class:///org/apache/xml/utils/ObjectStack|,|java+class:///org/apache/xml/utils/ObjectVector|>,|project://xalan-2.7.1/src/org/apache/xml/utils/ObjectStack.java|(1430,8,<43,4>,<43,12>)>,
  <<|java+class:///org/apache/xml/utils/ObjectStack|,|java+class:///org/apache/xml/utils/ObjectVector|>,|project://xalan-2.7.1/src/org/apache/xml/utils/ObjectStack.java|(1789,9,<63,3>,<63,12>)>,
  <<|java+class:///org/apache/xalan/templates/StylesheetRoot|,|java+class:///org/apache/xalan/templates/StylesheetComposed|>,|project://xalan-2.7.1/src/org/apache/xalan/templates/StylesheetRoot.java|(2890,12,<85,4>,<85,16>)>,
  <<|java+class:///org/apache/xalan/xsltc/cmdline/ObjectFactory/ConfigurationError|,|java+class:///java/lang/Error|>,|project://xalan-2.7.1/src/org/apache/xalan/xsltc/cmdline/ObjectFactory.java|(26242,11,<646,12>,<646,23>)>,
  <<|java+class:///org/apache/xalan/xsltc/compiler/util/TypeCheckError|,|java+class:///java/lang/Exception|>,|project://xalan-2.7.1/src/org/apache/xalan/xsltc/compiler/util/TypeCheckError.java|(1618,8,<51,1>,<51,9>)>,
  <<|java+class:///org/apache/xalan/xsltc/compiler/util/TypeCheckError|,|java+class:///java/lang/Exception|>,|project://xalan-2.7.1/src/org/apache/xalan/xsltc/compiler/util/TypeCheckError.java|(1488,8,<46,1>,<46,9>)>,
  <<|java+class:///org/apache/xalan/xsltc/compiler/util/TypeCheckError|,|java+class:///java/lang/Exception|>,|project://xalan-2.7.1/src/org/apache/xalan/xsltc/compiler/util/TypeCheckError.java|(1393,8,<41,1>,<41,9>)>,
  <<|java+class:///org/apache/xalan/xsltc/compiler/util/TypeCheckError|,|java+class:///java/lang/Exception|>,|project://xalan-2.7.1/src/org/apache/xalan/xsltc/compiler/util/TypeCheckError.java|(1312,8,<36,1>,<36,9>)>,
  <<|java+class:///org/apache/xpath/axes/AxesWalker|,|java+class:///org/apache/xpath/axes/PredicatedNodeTest|>,|project://xalan-2.7.1/src/org/apache/xpath/axes/AxesWalker.java|(1871,25,<52,4>,<52,29>)>,
  <<|java+class:///org/apache/xalan/xsltc/compiler/util/ClassGenerator|,|java+class:///org/apache/bcel/generic/ClassGen|>,|project://xalan-2.7.1/src/org/apache/xalan/xsltc/compiler/util/ClassGenerator.java|(2476,81,<64,1>,<65,33>)>,
  <<|java+class:///org/apache/xalan/xsltc/compiler/ConcatCall|,|java+class:///org/apache/xalan/xsltc/compiler/FunctionCall|>,|project://xalan-2.7.1/src/org/apache/xalan/xsltc/compiler/ConcatCall.java|(1696,24,<44,1>,<44,25>)>,
  <<|java+class:///org/apache/xalan/transformer/TransformerHandlerImpl|,|java+project:///|>,|project://xalan-2.7.1/src/org/apache/xalan/transformer/TransformerHandlerImpl.java|(3199,8,<92,4>,<92,12>)>,
  <<|java+class:///org/apache/xpath/objects/XNumber|,|java+class:///org/apache/xpath/objects/XObject|>,|project://xalan-2.7.1/src/org/apache/xpath/objects/XNumber.java|(1519,8,<47,4>,<47,12>)>,
  <<|java+class:///org/apache/xpath/objects/XNumber|,|java+class:///org/apache/xpath/objects/XObject|>,|project://xalan-2.7.1/src/org/apache/xpath/objects/XNumber.java|(1689,8,<60,4>,<60,12>)>,
  <<|java+class:///org/apache/xalan/xsltc/dom/XSLTCDTMManager|,|java+class:///org/apache/xml/dtm/ref/DTMManagerDefault|>,|project://xalan-2.7.1/src/org/apache/xalan/xsltc/dom/XSLTCDTMManager.java|(2410,8,<68,8>,<68,16>)>,
  <<|java+class:///org/apache/xml/dtm/ref/DTMDefaultBaseIterators/TypedRootIterator|,|java+class:///org/apache/xml/dtm/ref/DTMDefaultBaseIterators/RootIterator|>,|project://xalan-2.7.1/src/org/apache/xml/dtm/ref/DTMDefaultBaseIterators.java|(22657,8,<757,6>,<757,14>)>,
  <<|java+class:///org/apache/xml/dtm/ref/sax2dtm/SAX2DTM|,|java+class:///org/apache/xml/dtm/ref/DTMDefaultBaseIterators|>,|project://xalan-2.7.1/src/org/apache/xml/dtm/ref/sax2dtm/SAX2DTM.java|(9505,126,<253,4>,<254,75>)>,
  <<|java+class:///org/apache/xalan/xsltc/compiler/FloorCall|,|java+class:///org/apache/xalan/xsltc/compiler/FunctionCall|>,|project://xalan-2.7.1/src/org/apache/xalan/xsltc/compiler/FloorCall.java|(1315,24,<36,1>,<36,25>)>,
  <<|java+class:///org/apache/xalan/xsltc/compiler/LastCall|,|java+class:///org/apache/xalan/xsltc/compiler/FunctionCall|>,|project://xalan-2.7.1/src/org/apache/xalan/xsltc/compiler/LastCall.java|(1531,13,<40,1>,<40,14>)>,
  <<|java+class:///org/apache/xpath/axes/OneStepIterator|,|java+class:///org/apache/xpath/axes/ChildTestIterator|>,|project://xalan-2.7.1/src/org/apache/xpath/axes/OneStepIterator.java|(2815,12,<78,4>,<78,16>)>,
  <<|java+class:///org/apache/xpath/axes/OneStepIterator|,|java+class:///org/apache/xpath/axes/ChildTestIterator|>,|project://xalan-2.7.1/src/org/apache/xpath/axes/OneStepIterator.java|(2239,33,<59,4>,<59,37>)>,
  <<|java+class:///org/apache/xml/dtm/ref/sax2dtm/SAX2DTM2/TypedRootIterator|,|java+class:///org/apache/xml/dtm/ref/DTMDefaultBaseIterators/RootIterator|>,|project://xalan-2.7.1/src/org/apache/xml/dtm/ref/sax2dtm/SAX2DTM2.java|(11231,8,<361,6>,<361,14>)>,
  <<|java+class:///org/apache/xalan/xsltc/compiler/util/TestGenerator|,|java+class:///org/apache/xalan/xsltc/compiler/util/MethodGenerator|>,|project://xalan-2.7.1/src/org/apache/xalan/xsltc/compiler/util/TestGenerator.java|(2111,97,<55,1>,<56,27>)>,
  <<|java+class:///org/apache/xalan/xsltc/compiler/util/NodeSortRecordGenerator|,|java+class:///org/apache/xalan/xsltc/compiler/util/ClassGenerator|>,|project://xalan-2.7.1/src/org/apache/xalan/xsltc/compiler/util/NodeSortRecordGenerator.java|(1568,88,<42,1>,<43,44>)>,
  <<|java+class:///org/apache/xalan/xsltc/compiler/ProcessingInstructionPattern|,|java+class:///org/apache/xalan/xsltc/compiler/StepPattern|>,|project://xalan-2.7.1/src/org/apache/xalan/xsltc/compiler/ProcessingInstructionPattern.java|(2044,57,<53,1>,<53,58>)>,
  <<|java+class:///org/apache/xalan/xsltc/dom/MultipleNodeCounter/DefaultMultipleNodeCounter|,|java+class:///org/apache/xalan/xsltc/dom/MultipleNodeCounter|>,|project://xalan-2.7.1/src/org/apache/xalan/xsltc/dom/MultipleNodeCounter.java|(3651,36,<108,5>,<108,41>)>,
  <<|java+class:///org/apache/xml/dtm/ref/DTMNamedNodeMap/DTMException|,|java+class:///org/w3c/dom/DOMException|>,|project://xalan-2.7.1/src/org/apache/xml/dtm/ref/DTMNamedNodeMap.java|(10314,21,<286,6>,<286,27>)>,
  <<|java+class:///org/apache/xml/dtm/ref/DTMNamedNodeMap/DTMException|,|java+class:///org/w3c/dom/DOMException|>,|project://xalan-2.7.1/src/org/apache/xml/dtm/ref/DTMNamedNodeMap.java|(10483,16,<297,6>,<297,22>)>,
  <<|java+class:///org/apache/xalan/xsltc/dom/AnyNodeCounter/DefaultAnyNodeCounter|,|java+class:///org/apache/xalan/xsltc/dom/AnyNodeCounter|>,|project://xalan-2.7.1/src/org/apache/xalan/xsltc/dom/AnyNodeCounter.java|(2785,36,<87,5>,<87,41>)>,
  <<|java+class:///org/apache/xalan/xsltc/dom/AnyNodeCounter|,|java+class:///org/apache/xalan/xsltc/dom/NodeCounter|>,|project://xalan-2.7.1/src/org/apache/xalan/xsltc/dom/AnyNodeCounter.java|(1292,36,<35,1>,<35,37>)>,
  <<|java+class:///org/apache/xalan/xsltc/compiler/StringLengthCall|,|java+class:///org/apache/xalan/xsltc/compiler/FunctionCall|>,|project://xalan-2.7.1/src/org/apache/xalan/xsltc/compiler/StringLengthCall.java|(1486,24,<39,1>,<39,25>)>,
  <<|java+class:///org/apache/xalan/xsltc/dom/SingleNodeCounter/DefaultSingleNodeCounter|,|java+class:///org/apache/xalan/xsltc/dom/SingleNodeCounter|>,|project://xalan-2.7.1/src/org/apache/xalan/xsltc/dom/SingleNodeCounter.java|(3173,36,<99,5>,<99,41>)>,
  <<|java+class:///org/apache/xalan/xsltc/dom/SingleNodeCounter|,|java+class:///org/apache/xalan/xsltc/dom/NodeCounter|>,|project://xalan-2.7.1/src/org/apache/xalan/xsltc/dom/SingleNodeCounter.java|(1454,36,<41,1>,<41,37>)>,
  <<|java+class:///org/apache/xalan/xsltc/compiler/StartsWithCall|,|java+class:///org/apache/xalan/xsltc/compiler/FunctionCall|>,|project://xalan-2.7.1/src/org/apache/xalan/xsltc/compiler/StartsWithCall.java|(1790,24,<49,1>,<49,25>)>
]