{
  <<|java+class:///org/columba/addressbook/model/GroupItem|,|java+interface:///org/columba/addressbook/model/IGroupItem|>,2,|java+interface:///org/columba/addressbook/model/IHeaderItem|>,
  <<|java+class:///org/columba/addressbook/gui/autocomplete/BasicAddressAutocompleteComboBox|,|java+class:///javax/swing/JComboBox|>,2,|java+class:///java/awt/Component|>,
  <<|java+class:///org/columba/addressbook/folder/LocalFolder|,|java+class:///org/columba/addressbook/folder/AbstractFolder|>,2,|java+class:///org/columba/addressbook/folder/AddressbookTreeNode|>,
  <<|java+class:///org/columba/addressbook/gui/tree/TreeView|,|java+class:///javax/swing/JTree|>,2,|java+class:///javax/swing/JComponent|>,
  <<|java+class:///org/columba/addressbook/folder/LocalFolder|,|java+class:///org/columba/addressbook/folder/AbstractFolder|>,2,|java+class:///org/columba/addressbook/folder/AbstractFolder|>,
  <<|java+class:///org/columba/addressbook/gui/list/AddressbookListModel|,|java+class:///javax/swing/AbstractListModel|>,2,|java+interface:///javax/swing/ListModel|>,
  <<|java+class:///org/columba/addressbook/gui/dialog/contact/AttributComboBox|,|java+class:///javax/swing/JPanel|>,2,|java+class:///javax/swing/JComponent|>,
  <<|java+interface:///org/columba/addressbook/model/IGroupItem|,|java+interface:///org/columba/addressbook/model/IHeaderItem|>,2,|java+interface:///org/columba/addressbook/model/IHeaderItem|>,
  <<|java+class:///org/columba/addressbook/folder/LocalFolder|,|java+class:///org/columba/addressbook/folder/AbstractFolder|>,2,|java+interface:///org/columba/addressbook/folder/IFolder|>,
  <<|java+class:///org/columba/addressbook/folder/AbstractFolder|,|java+class:///org/columba/addressbook/folder/AddressbookTreeNode|>,2,|java+interface:///javax/swing/tree/TreeNode|>,
  <<|java+class:///org/columba/addressbook/folder/AbstractFolder|,|java+class:///org/columba/addressbook/folder/AddressbookTreeNode|>,2,|java+class:///java/lang/Object|>,
  <<|java+class:///org/columba/addressbook/folder/AbstractFolder|,|java+interface:///org/columba/addressbook/folder/IContactFolder|>,2,|java+interface:///org/columba/addressbook/folder/IFolder|>,
  <<|java+class:///org/columba/addressbook/folder/AbstractFolder|,|java+class:///org/columba/addressbook/folder/AddressbookTreeNode|>,2,|java+class:///org/columba/addressbook/folder/AddressbookTreeNode|>,
  <<|java+class:///org/columba/addressbook/model/ContactItem|,|java+interface:///org/columba/addressbook/model/IContactItem|>,2,|java+interface:///org/columba/addressbook/model/IHeaderItem|>,
  <<|java+class:///org/columba/addressbook/folder/AddressbookTreeNode|,|java+class:///javax/swing/tree/DefaultMutableTreeNode|>,2,|java+interface:///javax/swing/tree/TreeNode|>,
  <<|java+class:///org/columba/addressbook/gui/list/AddressbookDNDListView|,|java+class:///org/columba/addressbook/gui/list/AddressbookListView|>,2,|java+class:///java/awt/Component|>,
  <<|java+class:///org/columba/addressbook/gui/table/renderer/DefaultLabelRenderer|,|java+class:///javax/swing/JLabel|>,2,|java+class:///java/awt/Component|>,
  <<|java+class:///org/columba/addressbook/gui/autocomplete/DefaultAddressComboBox|,|java+class:///org/columba/addressbook/gui/autocomplete/BasicAddressAutocompleteComboBox|>,2,|java+class:///java/awt/Component|>,
  <<|java+class:///org/columba/addressbook/gui/dialog/contact/IdentityPanel|,|java+class:///javax/swing/JPanel|>,2,|java+class:///java/awt/Component|>,
  <<|java+class:///org/columba/addressbook/folder/AddressbookTreeNode|,|java+class:///javax/swing/tree/DefaultMutableTreeNode|>,2,|java+class:///java/lang/Object|>,
  <<|java+class:///org/columba/addressbook/plugin/FolderExtensionHandler|,|java+class:///org/columba/core/plugin/ExtensionHandler|>,2,|java+interface:///org/columba/api/plugin/IExtensionHandler|>,
  <<|java+class:///org/columba/addressbook/gui/dialog/contact/AttributComboBox|,|java+class:///javax/swing/JPanel|>,2,|java+class:///java/awt/Component|>,
  <<|java+class:///org/columba/addressbook/gui/frame/AddressbookFrameController|,|java+interface:///org/columba/addressbook/gui/frame/AddressbookFrameMediator|>,2,|java+interface:///org/columba/api/gui/frame/IFrameMediator|>,
  <<|java+class:///org/columba/addressbook/folder/AddressbookFolder|,|java+class:///org/columba/addressbook/folder/LocalFolder|>,2,|java+class:///org/columba/addressbook/folder/AddressbookTreeNode|>,
  <<|java+class:///org/columba/addressbook/folder/AddressbookFolder|,|java+class:///org/columba/addressbook/folder/LocalFolder|>,2,|java+class:///org/columba/addressbook/folder/AbstractFolder|>,
  <<|java+class:///org/columba/addressbook/gui/dialog/importfilter/PluginListCellRenderer|,|java+class:///javax/swing/DefaultListCellRenderer|>,2,|java+class:///java/awt/Component|>,
  <<|java+interface:///org/columba/addressbook/gui/table/model/ContactItemTableModel|,|java+interface:///javax/swing/table/TableModel|>,2,|java+interface:///javax/swing/table/TableModel|>,
  <<|java+class:///org/columba/addressbook/gui/tree/TreeView|,|java+class:///javax/swing/JTree|>,2,|java+class:///java/awt/Component|>,
  <<|java+class:///org/columba/addressbook/gui/table/model/SortDecorator|,|java+class:///org/columba/addressbook/gui/table/model/TableModelDecorator|>,2,|java+interface:///org/columba/addressbook/gui/table/model/ContactItemTableModel|>,
  <<|java+interface:///org/columba/addressbook/folder/IContactStorage|,|java+interface:///org/columba/addressbook/folder/IFolder|>,2,|java+interface:///org/columba/addressbook/folder/IFolder|>,
  <<|java+class:///org/columba/addressbook/gui/table/FilterToolbar|,|java+class:///javax/swing/JPanel|>,2,|java+class:///java/awt/Component|>,
  <<|java+interface:///org/columba/addressbook/folder/FolderListener|,|java+interface:///java/util/EventListener|>,2,|java+class:///java/lang/Object|>,
  <<|java+class:///org/columba/addressbook/gui/tree/util/AddressbookTreeCellRenderer|,|java+class:///javax/swing/tree/DefaultTreeCellRenderer|>,2,|java+class:///java/awt/Component|>,
  <<|java+class:///org/columba/addressbook/gui/list/AddressbookListRenderer|,|java+class:///javax/swing/JLabel|>,2,|java+class:///java/awt/Component|>,
  <<|java+class:///org/columba/addressbook/plugin/ImportExtensionHandler|,|java+class:///org/columba/core/plugin/ExtensionHandler|>,2,|java+class:///java/lang/Object|>,
  <<|java+class:///org/columba/addressbook/plugin/ImportExtensionHandler|,|java+class:///org/columba/core/plugin/ExtensionHandler|>,2,|java+interface:///org/columba/api/plugin/IExtensionHandler|>,
  <<|java+class:///org/columba/addressbook/gui/list/AddressbookListView|,|java+class:///javax/swing/JList|>,2,|java+class:///java/awt/Component|>,
  <<|java+class:///org/columba/addressbook/gui/table/model/FilterDecorator|,|java+class:///org/columba/addressbook/gui/table/model/TableModelDecorator|>,2,|java+interface:///javax/swing/table/TableModel|>,
  <<|java+interface:///org/columba/addressbook/model/IContactItem|,|java+interface:///org/columba/addressbook/model/IHeaderItem|>,2,|java+class:///java/lang/Object|>,
  <<|java+class:///org/columba/addressbook/gui/util/LabelTextFieldPanel|,|java+class:///javax/swing/JPanel|>,2,|java+class:///java/awt/Component|>,
  <<|java+interface:///org/columba/addressbook/model/IContactItem|,|java+interface:///org/columba/addressbook/model/IHeaderItem|>,2,|java+interface:///org/columba/addressbook/model/IHeaderItem|>,
  <<|java+class:///org/columba/addressbook/gui/dialog/importfilter/PluginListCellRenderer|,|java+class:///javax/swing/DefaultListCellRenderer|>,2,|java+interface:///javax/swing/ListCellRenderer|>,
  <<|java+class:///org/columba/addressbook/model/ContactItem|,|java+class:///org/columba/addressbook/model/HeaderItem|>,2,|java+class:///java/lang/Object|>,
  <<|java+class:///org/columba/addressbook/folder/AddressbookFolder|,|java+class:///org/columba/addressbook/folder/LocalFolder|>,2,|java+interface:///org/columba/addressbook/folder/IFolder|>,
  <<|java+class:///org/columba/addressbook/gui/table/TableView|,|java+class:///javax/swing/JTable|>,2,|java+class:///java/awt/Component|>,
  <<|java+class:///org/columba/addressbook/gui/table/renderer/DefaultHeaderRenderer|,|java+class:///javax/swing/table/DefaultTableCellRenderer|>,2,|java+interface:///javax/swing/table/TableCellRenderer|>,
  <<|java+interface:///org/columba/addressbook/folder/IContactFolder|,|java+interface:///org/columba/addressbook/folder/IContactStorage|>,2,|java+interface:///org/columba/addressbook/folder/IFolder|>,
  <<|java+class:///org/columba/addressbook/gui/table/model/TableModelDecorator|,|java+interface:///org/columba/addressbook/gui/table/model/ContactItemTableModel|>,2,|java+interface:///org/columba/addressbook/gui/table/model/ContactItemTableModel|>,
  <<|java+class:///org/columba/addressbook/gui/table/renderer/DefaultHeaderRenderer|,|java+class:///javax/swing/table/DefaultTableCellRenderer|>,2,|java+class:///java/awt/Component|>,
  <<|java+class:///org/columba/addressbook/gui/dialog/group/EditGroupDialog|,|java+class:///javax/swing/JDialog|>,2,|java+class:///java/awt/Component|>,
  <<|java+interface:///org/columba/addressbook/gui/frame/AddressbookFrameMediator|,|java+interface:///org/columba/api/gui/frame/IFrameMediator|>,2,|java+interface:///org/columba/api/gui/frame/IFrameMediator|>,
  <<|java+class:///org/columba/addressbook/gui/table/model/TableModelDecorator|,|java+interface:///org/columba/addressbook/gui/table/model/ContactItemTableModel|>,2,|java+interface:///javax/swing/table/TableModel|>,
  <<|java+class:///org/columba/addressbook/gui/table/TableView|,|java+class:///javax/swing/JTable|>,2,|java+class:///javax/swing/JComponent|>,
  <<|java+class:///org/columba/addressbook/model/GroupItem|,|java+class:///org/columba/addressbook/model/HeaderItem|>,2,|java+class:///java/lang/Object|>
}