[
  <<|java+class:///java/lang/String|,|java+class:///java/lang/Object|>,207,|project://jFin_DateMath-R1.0.1_src-main/java/org/jfin/date/Tenor.java|(3075,23,<135,7>,<135,30>)>,
  <<|java+class:///java/util/Calendar|,|java+class:///java/lang/Object|>,207,|project://jFin_DateMath-R1.0.1_src-main/java/org/jfin/date/daycount/defaultimpl/US30360.java|(1489,32,<44,6>,<44,38>)>,
  <<|java+class:///java/util/Calendar|,|java+class:///java/lang/Object|>,207,|project://jFin_DateMath-R1.0.1_src-main/java/org/jfin/date/daycount/defaultimpl/US30360.java|(1701,33,<52,6>,<52,39>)>,
  <<|java+class:///java/util/Calendar|,|java+class:///java/lang/Object|>,207,|project://jFin_DateMath-R1.0.1_src-main/java/org/jfin/date/daycount/defaultimpl/ISMAActualActual.java|(2306,32,<67,6>,<67,38>)>,
  <<|java+class:///java/util/Calendar|,|java+class:///java/lang/Object|>,207,|project://jFin_DateMath-R1.0.1_src-main/java/org/jfin/date/daycount/defaultimpl/ISMAActualActual.java|(2517,33,<74,6>,<74,39>)>,
  <<|java+class:///java/util/Calendar|,|java+class:///java/lang/Object|>,207,|project://jFin_DateMath-R1.0.1_src-main/java/org/jfin/date/daycount/defaultimpl/ISMAActualActual.java|(3060,34,<91,9>,<91,43>)>,
  <<|java+class:///java/util/Calendar|,|java+class:///java/lang/Object|>,207,|project://jFin_DateMath-R1.0.1_src-main/java/org/jfin/date/daycount/defaultimpl/ISMAActualActual.java|(3098,38,<91,47>,<92,25>)>,
  <<|java+class:///java/util/Calendar|,|java+class:///java/lang/Object|>,203,|project://jFin_DateMath-R1.0.1_src-main/java/org/jfin/date/daycount/defaultimpl/ISMAActualActual.java|(4031,32,<119,18>,<119,50>)>,
  <<|java+class:///java/util/Calendar|,|java+class:///java/lang/Object|>,207,|project://jFin_DateMath-R1.0.1_src-main/java/org/jfin/date/daycount/defaultimpl/ISMAActualActual.java|(4225,32,<128,6>,<128,38>)>,
  <<|java+class:///java/util/Calendar|,|java+class:///java/lang/Object|>,207,|project://jFin_DateMath-R1.0.1_src-main/java/org/jfin/date/daycount/defaultimpl/ISMAActualActual.java|(4265,32,<129,7>,<129,39>)>,
  <<|java+class:///java/util/Calendar|,|java+class:///java/lang/Object|>,207,|project://jFin_DateMath-R1.0.1_src-main/java/org/jfin/date/daycount/defaultimpl/ISMAActualActual.java|(4391,35,<133,7>,<133,42>)>,
  <<|java+class:///java/util/Calendar|,|java+class:///java/lang/Object|>,207,|project://jFin_DateMath-R1.0.1_src-main/java/org/jfin/date/daycount/defaultimpl/ISMAActualActual.java|(4435,36,<134,8>,<134,44>)>,
  <<|java+class:///java/util/Calendar|,|java+class:///java/lang/Object|>,203,|project://jFin_DateMath-R1.0.1_src-main/java/org/jfin/date/daycount/defaultimpl/ISMAActualActual.java|(5527,32,<160,27>,<160,59>)>,
  <<|java+class:///java/util/Calendar|,|java+class:///java/lang/Object|>,207,|project://jFin_DateMath-R1.0.1_src-main/java/org/jfin/date/daycount/defaultimpl/ISMAActualActual.java|(5721,33,<165,8>,<165,41>)>,
  <<|java+class:///java/util/Calendar|,|java+class:///java/lang/Object|>,207,|project://jFin_DateMath-R1.0.1_src-main/java/org/jfin/date/daycount/defaultimpl/ISMAActualActual.java|(6250,36,<179,10>,<179,46>)>,
  <<|java+class:///java/util/Calendar|,|java+class:///java/lang/Object|>,207,|project://jFin_DateMath-R1.0.1_src-main/java/org/jfin/date/daycount/defaultimpl/ISMAActualActual.java|(6290,42,<179,50>,<180,27>)>,
  <<|java+class:///java/util/Calendar|,|java+class:///java/lang/Object|>,203,|project://jFin_DateMath-R1.0.1_src-main/java/org/jfin/date/daycount/defaultimpl/ISMAActualActual.java|(6933,31,<200,18>,<200,49>)>,
  <<|java+class:///java/util/Calendar|,|java+class:///java/lang/Object|>,203,|project://jFin_DateMath-R1.0.1_src-main/java/org/jfin/date/daycount/defaultimpl/ISMAActualActual.java|(7031,31,<202,16>,<202,47>)>,
  <<|java+class:///java/util/Calendar|,|java+class:///java/lang/Object|>,207,|project://jFin_DateMath-R1.0.1_src-main/java/org/jfin/date/daycount/defaultimpl/ISMAActualActual.java|(7131,29,<204,8>,<204,37>)>,
  <<|java+class:///java/lang/String|,|java+class:///java/lang/Object|>,207,|project://jFin_DateMath-R1.0.1_src-main/java/org/jfin/date/holiday/financialcalendarimpl/FinancialCalendarHolidayCalendar.java|(1933,40,<64,6>,<64,46>)>,
  <<|java+class:///org/jfin/date/accrual/impl/FixedAccrualPeriod|,|java+class:///org/jfin/date/Period|>,203,|project://jFin_DateMath-R1.0.1_src-main/java/org/jfin/date/accrual/impl/FixedAccrualPeriod.java|(1539,26,<49,49>,<49,75>)>,
  <<|java+class:///org/jfin/date/accrual/impl/FixedAccrualPeriod|,|java+class:///org/jfin/date/Period|>,207,|project://jFin_DateMath-R1.0.1_src-main/java/org/jfin/date/accrual/impl/FixedAccrualPeriod.java|(1730,28,<59,9>,<59,37>)>,
  <<|java+class:///java/util/ArrayList|,|java+interface:///java/util/List|>,202,|java+variable:///org/jfin/date/TypedScheduleGenerator/generateScheduleInternal(java.util.Calendar,java.util.Calendar,int,int,org.jfin.date.StubType)/schedule|>,
  <<|java+class:///java/util/Calendar|,|java+class:///java/lang/Object|>,207,|project://jFin_DateMath-R1.0.1_src-main/java/org/jfin/date/TypedScheduleGenerator.java|(6630,18,<208,11>,<208,29>)>,
  <<|java+class:///java/util/Calendar|,|java+class:///java/lang/Object|>,207,|project://jFin_DateMath-R1.0.1_src-main/java/org/jfin/date/TypedScheduleGenerator.java|(6652,19,<208,33>,<208,52>)>,
  <<|java+class:///java/util/Calendar|,|java+class:///java/lang/Object|>,207,|project://jFin_DateMath-R1.0.1_src-main/java/org/jfin/date/TypedScheduleGenerator.java|(6783,18,<213,10>,<213,28>)>,
  <<|java+class:///java/util/Calendar|,|java+class:///java/lang/Object|>,207,|project://jFin_DateMath-R1.0.1_src-main/java/org/jfin/date/TypedScheduleGenerator.java|(6824,18,<215,10>,<215,28>)>,
  <<|java+class:///java/util/Calendar|,|java+class:///java/lang/Object|>,203,|project://jFin_DateMath-R1.0.1_src-main/java/org/jfin/date/TypedScheduleGenerator.java|(7179,26,<226,18>,<226,44>)>,
  <<|java+class:///java/util/Calendar|,|java+class:///java/lang/Object|>,207,|project://jFin_DateMath-R1.0.1_src-main/java/org/jfin/date/daycount/defaultimpl/ISDAActualActual.java|(1981,32,<59,6>,<59,38>)>,
  <<|java+class:///java/util/Calendar|,|java+class:///java/lang/Object|>,207,|project://jFin_DateMath-R1.0.1_src-main/java/org/jfin/date/daycount/defaultimpl/ISDAActualActual.java|(2192,33,<66,6>,<66,39>)>,
  <<|java+class:///java/util/ArrayList|,|java+interface:///java/util/List|>,202,|java+variable:///org/jfin/date/daycount/defaultimpl/ISDAActualActual/getPeriods(java.util.Calendar,java.util.Calendar)/periods|>,
  <<|java+class:///java/util/Calendar|,|java+class:///java/lang/Object|>,207,|project://jFin_DateMath-R1.0.1_src-main/java/org/jfin/date/daycount/defaultimpl/Actual360.java|(1567,32,<45,6>,<45,38>)>,
  <<|java+class:///java/util/Calendar|,|java+class:///java/lang/Object|>,207,|project://jFin_DateMath-R1.0.1_src-main/java/org/jfin/date/daycount/defaultimpl/Actual360.java|(1779,33,<53,6>,<53,39>)>,
  <<|java+class:///java/io/IOException|,|java+class:///java/lang/Throwable|>,207,|project://jFin_DateMath-R1.0.1_src-main/java/org/jfin/date/holiday/financialcalendarimpl/HolidayCalendarFactoryFinancialCalendarImpl.java|(2611,150,<78,9>,<80,7>)>,
  <<|java+class:///org/jfin/date/holiday/financialcalendarimpl/FinancialCalendarHolidayCalendar|,|java+class:///org/jfin/date/holiday/HolidayCalendar|>,206,|project://jFin_DateMath-R1.0.1_src-main/java/org/jfin/date/holiday/financialcalendarimpl/HolidayCalendarFactoryFinancialCalendarImpl.java|(3137,60,<98,10>,<98,70>)>,
  <<|java+class:///java/text/SimpleDateFormat|,|java+class:///java/text/DateFormat|>,202,|java+field:///org/jfin/date/holiday/financialcalendarimpl/HolidayFileEntry/dateFormat|>,
  <<|java+class:///java/util/Calendar|,|java+class:///java/lang/Object|>,203,|project://jFin_DateMath-R1.0.1_src-main/java/org/jfin/date/ScheduleGenerator.java|(5405,28,<161,21>,<161,49>)>,
  <<|java+class:///java/util/Calendar|,|java+class:///java/lang/Object|>,203,|project://jFin_DateMath-R1.0.1_src-main/java/org/jfin/date/ScheduleGenerator.java|(6755,28,<203,21>,<203,49>)>,
  <<|java+class:///java/util/Calendar|,|java+class:///java/lang/Object|>,207,|project://jFin_DateMath-R1.0.1_src-main/java/org/jfin/date/ScheduleGenerator.java|(12584,29,<380,10>,<380,39>)>,
  <<|java+class:///java/util/Calendar|,|java+class:///java/lang/Object|>,207,|project://jFin_DateMath-R1.0.1_src-main/java/org/jfin/date/ScheduleGenerator.java|(12823,28,<388,8>,<388,36>)>,
  <<|java+class:///java/util/Calendar|,|java+class:///java/lang/Object|>,207,|project://jFin_DateMath-R1.0.1_src-main/java/org/jfin/date/ScheduleGenerator.java|(13804,30,<424,10>,<424,40>)>,
  <<|java+class:///java/util/Calendar|,|java+class:///java/lang/Object|>,207,|project://jFin_DateMath-R1.0.1_src-main/java/org/jfin/date/ScheduleGenerator.java|(14048,31,<433,8>,<433,39>)>,
  <<|java+class:///java/util/Calendar|,|java+class:///java/lang/Object|>,207,|project://jFin_DateMath-R1.0.1_src-main/java/org/jfin/date/ScheduleGenerator.java|(14850,29,<462,10>,<462,39>)>,
  <<|java+class:///java/util/Calendar|,|java+class:///java/lang/Object|>,207,|project://jFin_DateMath-R1.0.1_src-main/java/org/jfin/date/ScheduleGenerator.java|(15201,29,<473,8>,<473,37>)>,
  <<|java+class:///java/util/Calendar|,|java+class:///java/lang/Object|>,207,|project://jFin_DateMath-R1.0.1_src-main/java/org/jfin/date/ScheduleGenerator.java|(15994,30,<502,10>,<502,40>)>,
  <<|java+class:///java/util/Calendar|,|java+class:///java/lang/Object|>,207,|project://jFin_DateMath-R1.0.1_src-main/java/org/jfin/date/ScheduleGenerator.java|(16351,32,<512,8>,<512,40>)>,
  <<|java+class:///java/util/Calendar|,|java+class:///java/lang/Object|>,203,|project://jFin_DateMath-R1.0.1_src-main/java/org/jfin/date/ScheduleGenerator.java|(17389,26,<548,18>,<548,44>)>,
  <<|java+class:///java/util/ArrayList|,|java+interface:///java/util/List|>,206,|project://jFin_DateMath-R1.0.1_src-main/java/org/jfin/date/ScheduleGenerator.java|(13609,8,<415,10>,<415,18>)>,
  <<|java+class:///java/util/ArrayList|,|java+interface:///java/util/List|>,206,|project://jFin_DateMath-R1.0.1_src-main/java/org/jfin/date/ScheduleGenerator.java|(14655,8,<453,10>,<453,18>)>,
  <<|java+class:///java/util/ArrayList|,|java+interface:///java/util/List|>,206,|project://jFin_DateMath-R1.0.1_src-main/java/org/jfin/date/ScheduleGenerator.java|(15803,8,<494,10>,<494,18>)>,
  <<|java+class:///java/util/ArrayList|,|java+interface:///java/util/List|>,206,|project://jFin_DateMath-R1.0.1_src-main/java/org/jfin/date/ScheduleGenerator.java|(16961,8,<533,10>,<533,18>)>,
  <<|java+class:///org/jfin/date/holiday/HolidayCalendar|,|java+class:///java/lang/Object|>,207,|project://jFin_DateMath-R1.0.1_src-main/java/org/jfin/date/holiday/HolidayCalendarSet.java|(1812,33,<63,2>,<63,35>)>,
  <<|java+class:///org/jfin/date/holiday/HolidayCalendar|,|java+class:///java/lang/Object|>,203,|project://jFin_DateMath-R1.0.1_src-main/java/org/jfin/date/holiday/HolidayCalendarSet.java|(2624,27,<100,23>,<100,50>)>,
  <<|java+class:///org/jfin/date/holiday/HolidayCalendar|,|java+class:///java/lang/Object|>,203,|project://jFin_DateMath-R1.0.1_src-main/java/org/jfin/date/holiday/HolidayCalendarSet.java|(3095,27,<121,23>,<121,50>)>,
  <<|java+class:///java/util/HashSet|,|java+interface:///java/util/Set|>,206,|project://jFin_DateMath-R1.0.1_src-main/java/org/jfin/date/holiday/HolidayCalendarSet.java|(2025,9,<73,9>,<73,18>)>,
  <<|java+class:///java/util/Calendar|,|java+class:///java/lang/Object|>,203,|project://jFin_DateMath-R1.0.1_src-main/java/org/jfin/date/holiday/HolidayCalendar.java|(3556,27,<112,17>,<112,44>)>,
  <<|java+class:///java/util/Calendar|,|java+class:///java/lang/Object|>,203,|project://jFin_DateMath-R1.0.1_src-main/java/org/jfin/date/holiday/HolidayCalendar.java|(4053,27,<135,17>,<135,44>)>,
  <<|java+class:///java/util/Calendar|,|java+class:///java/lang/Object|>,203,|project://jFin_DateMath-R1.0.1_src-main/java/org/jfin/date/holiday/HolidayCalendar.java|(4241,27,<140,17>,<140,44>)>,
  <<|java+class:///java/util/ArrayList|,|java+interface:///java/util/List|>,202,|java+variable:///org/jfin/date/holiday/HolidayCalendar/adjust(java.util.List,org.jfin.date.BusinessDayConvention)/returnPeriods|>,
  <<|java+class:///java/util/Calendar|,|java+class:///java/lang/Object|>,203,|project://jFin_DateMath-R1.0.1_src-main/java/org/jfin/date/holiday/HolidayCalendar.java|(7009,27,<237,16>,<237,43>)>,
  <<|java+class:///java/util/Calendar|,|java+class:///java/lang/Object|>,203,|project://jFin_DateMath-R1.0.1_src-main/java/org/jfin/date/holiday/HolidayCalendar.java|(8438,26,<285,8>,<285,34>)>,
  <<|java+class:///java/util/Calendar|,|java+class:///java/lang/Object|>,203,|project://jFin_DateMath-R1.0.1_src-main/java/org/jfin/date/holiday/HolidayCalendar.java|(10058,32,<351,26>,<351,58>)>,
  <<|java+class:///java/util/Calendar|,|java+class:///java/lang/Object|>,207,|project://jFin_DateMath-R1.0.1_src-main/java/org/jfin/date/holiday/HolidayCalendar.java|(10137,32,<355,10>,<355,42>)>,
  <<|java+class:///org/jfin/date/holiday/HolidayCalendarException|,|java+class:///java/lang/Throwable|>,207,|project://jFin_DateMath-R1.0.1_src-main/java/org/jfin/date/holiday/HolidayCalendar.java|(10334,31,<363,9>,<363,40>)>,
  <<|java+class:///java/util/ArrayList|,|java+interface:///java/util/List|>,202,|java+variable:///org/jfin/date/accrual/impl/FlatNotionalSchedule/getNotionalPeriodsBetween(java.util.Calendar,java.util.Calendar)/resultantNotionalPeriods|>,
  <<|java+class:///java/util/Calendar|,|java+class:///java/lang/Object|>,207,|project://jFin_DateMath-R1.0.1_src-main/java/org/jfin/date/daycount/defaultimpl/Business252.java|(1712,32,<53,6>,<53,38>)>,
  <<|java+class:///java/util/Calendar|,|java+class:///java/lang/Object|>,207,|project://jFin_DateMath-R1.0.1_src-main/java/org/jfin/date/daycount/defaultimpl/Business252.java|(1924,33,<61,6>,<61,39>)>,
  <<|java+class:///org/jfin/date/holiday/HolidayCalendarException|,|java+class:///java/lang/Throwable|>,207,|project://jFin_DateMath-R1.0.1_src-main/java/org/jfin/date/daycount/defaultimpl/Business252.java|(2245,24,<75,9>,<75,33>)>,
  <<|java+class:///org/jfin/date/accrual/impl/FloatAccrualPeriod|,|java+class:///org/jfin/date/Period|>,203,|project://jFin_DateMath-R1.0.1_src-main/java/org/jfin/date/accrual/impl/FloatAccrualPeriod.java|(1995,26,<60,49>,<60,75>)>,
  <<|java+class:///org/jfin/date/accrual/impl/FloatAccrualPeriod|,|java+class:///org/jfin/date/Period|>,207,|project://jFin_DateMath-R1.0.1_src-main/java/org/jfin/date/accrual/impl/FloatAccrualPeriod.java|(2565,28,<75,9>,<75,37>)>,
  <<|java+class:///java/io/FileReader|,|java+class:///java/io/Reader|>,207,|project://jFin_DateMath-R1.0.1_src-main/java/org/jfin/date/holiday/financialcalendarimpl/InfoFile.java|(1815,37,<61,26>,<61,63>)>,
  <<|java+class:///java/lang/String|,|java+class:///java/lang/Object|>,207,|project://jFin_DateMath-R1.0.1_src-main/java/org/jfin/date/holiday/financialcalendarimpl/InfoFile.java|(2556,17,<94,9>,<94,26>)>,
  <<|java+interface:///java/util/Set|,|java+interface:///java/util/Collection|>,207,|project://jFin_DateMath-R1.0.1_src-main/java/org/jfin/date/holiday/financialcalendarimpl/InfoFile.java|(2642,39,<99,23>,<99,62>)>,
  <<|java+class:///java/util/ArrayList|,|java+interface:///java/util/List|>,202,|java+variable:///org/jfin/date/holiday/financialcalendarimpl/InfoFile/getAvailableCodes()/codes|>,
  <<|java+class:///org/jfin/date/holiday/HolidayCalendarFactory|,|java+class:///java/lang/Object|>,203,|project://jFin_DateMath-R1.0.1_src-main/java/org/jfin/date/holiday/HolidayCalendarFactory.java|(4014,73,<115,51>,<116,19>)>,
  <<|java+class:///java/lang/ClassNotFoundException|,|java+class:///java/lang/Throwable|>,207,|project://jFin_DateMath-R1.0.1_src-main/java/org/jfin/date/holiday/HolidayCalendarFactory.java|(4168,219,<121,3>,<127,9>)>,
  <<|java+class:///java/lang/ClassNotFoundException|,|java+class:///java/lang/Throwable|>,207,|project://jFin_DateMath-R1.0.1_src-main/java/org/jfin/date/holiday/HolidayCalendarFactory.java|(4398,31,<128,9>,<128,40>)>,
  <<|java+class:///java/lang/InstantiationException|,|java+class:///java/lang/Throwable|>,207,|project://jFin_DateMath-R1.0.1_src-main/java/org/jfin/date/holiday/HolidayCalendarFactory.java|(4475,224,<131,3>,<137,9>)>,
  <<|java+class:///java/lang/InstantiationException|,|java+class:///java/lang/Throwable|>,207,|project://jFin_DateMath-R1.0.1_src-main/java/org/jfin/date/holiday/HolidayCalendarFactory.java|(4710,31,<138,9>,<138,40>)>,
  <<|java+class:///java/lang/IllegalAccessException|,|java+class:///java/lang/Throwable|>,207,|project://jFin_DateMath-R1.0.1_src-main/java/org/jfin/date/holiday/HolidayCalendarFactory.java|(4787,231,<141,3>,<147,9>)>,
  <<|java+class:///java/lang/IllegalAccessException|,|java+class:///java/lang/Throwable|>,207,|project://jFin_DateMath-R1.0.1_src-main/java/org/jfin/date/holiday/HolidayCalendarFactory.java|(5029,31,<148,9>,<148,40>)>,
  <<|java+class:///java/lang/ClassCastException|,|java+class:///java/lang/Throwable|>,207,|project://jFin_DateMath-R1.0.1_src-main/java/org/jfin/date/holiday/HolidayCalendarFactory.java|(5102,222,<151,3>,<157,9>)>,
  <<|java+class:///java/lang/ClassCastException|,|java+class:///java/lang/Throwable|>,207,|project://jFin_DateMath-R1.0.1_src-main/java/org/jfin/date/holiday/HolidayCalendarFactory.java|(5335,31,<158,9>,<158,40>)>,
  <<|java+class:///org/jfin/date/holiday/HolidayCalendarSet|,|java+class:///org/jfin/date/holiday/HolidayCalendar|>,206,|project://jFin_DateMath-R1.0.1_src-main/java/org/jfin/date/holiday/HolidayCalendarFactory.java|(6596,18,<210,9>,<210,27>)>,
  <<|java+class:///org/jfin/date/daycount/defaultimpl/ISMAActualActual|,|java+class:///org/jfin/date/daycount/DaycountCalculator|>,206,|project://jFin_DateMath-R1.0.1_src-main/java/org/jfin/date/daycount/defaultimpl/DaycountCalculatorFactoryImpl.java|(1450,22,<44,9>,<44,31>)>,
  <<|java+class:///org/jfin/date/daycount/defaultimpl/AFBActualActual|,|java+class:///org/jfin/date/daycount/DaycountCalculator|>,206,|project://jFin_DateMath-R1.0.1_src-main/java/org/jfin/date/daycount/defaultimpl/DaycountCalculatorFactoryImpl.java|(1549,21,<50,9>,<50,30>)>,
  <<|java+class:///org/jfin/date/daycount/defaultimpl/Business252|,|java+class:///org/jfin/date/daycount/DaycountCalculator|>,206,|project://jFin_DateMath-R1.0.1_src-main/java/org/jfin/date/daycount/defaultimpl/DaycountCalculatorFactoryImpl.java|(2188,32,<92,9>,<92,41>)>,
  <<|java+class:///org/jfin/date/daycount/defaultimpl/Actual360|,|java+class:///org/jfin/date/daycount/DaycountCalculator|>,206,|project://jFin_DateMath-R1.0.1_src-main/java/org/jfin/date/daycount/defaultimpl/DaycountCalculatorFactoryImpl.java|(1887,15,<74,9>,<74,24>)>,
  <<|java+class:///org/jfin/date/daycount/defaultimpl/EU30360|,|java+class:///org/jfin/date/daycount/DaycountCalculator|>,206,|project://jFin_DateMath-R1.0.1_src-main/java/org/jfin/date/daycount/defaultimpl/DaycountCalculatorFactoryImpl.java|(1721,13,<62,9>,<62,22>)>,
  <<|java+class:///org/jfin/date/daycount/defaultimpl/ISDAActualActual|,|java+class:///org/jfin/date/daycount/DaycountCalculator|>,206,|project://jFin_DateMath-R1.0.1_src-main/java/org/jfin/date/daycount/defaultimpl/DaycountCalculatorFactoryImpl.java|(1350,22,<38,9>,<38,31>)>,
  <<|java+class:///org/jfin/date/daycount/defaultimpl/Actual365Fixed|,|java+class:///org/jfin/date/daycount/DaycountCalculator|>,206,|project://jFin_DateMath-R1.0.1_src-main/java/org/jfin/date/daycount/defaultimpl/DaycountCalculatorFactoryImpl.java|(1978,20,<80,9>,<80,29>)>,
  <<|java+class:///org/jfin/date/daycount/defaultimpl/US30360|,|java+class:///org/jfin/date/daycount/DaycountCalculator|>,206,|project://jFin_DateMath-R1.0.1_src-main/java/org/jfin/date/daycount/defaultimpl/DaycountCalculatorFactoryImpl.java|(1639,13,<56,9>,<56,22>)>,
  <<|java+class:///org/jfin/date/daycount/defaultimpl/IT30360|,|java+class:///org/jfin/date/daycount/DaycountCalculator|>,206,|project://jFin_DateMath-R1.0.1_src-main/java/org/jfin/date/daycount/defaultimpl/DaycountCalculatorFactoryImpl.java|(1803,13,<68,9>,<68,22>)>,
  <<|java+class:///org/jfin/date/daycount/defaultimpl/Actual366|,|java+class:///org/jfin/date/daycount/DaycountCalculator|>,206,|project://jFin_DateMath-R1.0.1_src-main/java/org/jfin/date/daycount/defaultimpl/DaycountCalculatorFactoryImpl.java|(2069,15,<86,9>,<86,24>)>,
  <<|java+class:///java/util/ArrayList|,|java+interface:///java/util/List|>,201,|project://jFin_DateMath-R1.0.1_src-main/java/org/jfin/date/accrual/AccrualSchedule.java|(1421,35,<42,2>,<42,37>)>,
  <<|java+class:///java/util/ArrayList|,|java+interface:///java/util/List|>,202,|java+variable:///org/jfin/date/accrual/AccrualSchedule/netPayments(java.util.List)/nettedPayments|>,
  <<|java+class:///java/util/ArrayList|,|java+interface:///java/util/List|>,202,|java+variable:///org/jfin/date/accrual/AccrualSchedule/getPayments(org.jfin.date.accrual.NotionalSchedule)/ret|>,
  <<|java+interface:///java/util/List|,|java+class:///org/jfin/date/accrual/NotionalPeriod|>,207,|project://jFin_DateMath-R1.0.1_src-main/java/org/jfin/date/accrual/AccrualSchedule.java|(3316,67,<100,44>,<100,111>)>,
  <<|java+class:///java/lang/String|,|java+class:///java/lang/Object|>,207,|project://jFin_DateMath-R1.0.1_src-main/java/org/jfin/date/holiday/financialcalendarimpl/InfoFileEntry.java|(6367,28,<339,6>,<339,34>)>,
  <<|java+class:///java/lang/String|,|java+class:///java/lang/Object|>,207,|project://jFin_DateMath-R1.0.1_src-main/java/org/jfin/date/holiday/financialcalendarimpl/InfoFileEntry.java|(6433,28,<341,9>,<341,37>)>,
  <<|java+class:///java/util/Calendar|,|java+class:///java/lang/Object|>,207,|project://jFin_DateMath-R1.0.1_src-main/java/org/jfin/date/daycount/defaultimpl/AFBActualActual.java|(1580,32,<46,6>,<46,38>)>,
  <<|java+class:///java/util/Calendar|,|java+class:///java/lang/Object|>,207,|project://jFin_DateMath-R1.0.1_src-main/java/org/jfin/date/daycount/defaultimpl/AFBActualActual.java|(1792,33,<54,6>,<54,39>)>,
  <<|java+class:///java/util/Calendar|,|java+class:///java/lang/Object|>,203,|project://jFin_DateMath-R1.0.1_src-main/java/org/jfin/date/daycount/defaultimpl/AFBActualActual.java|(1955,30,<61,18>,<61,48>)>,
  <<|java+class:///java/util/Calendar|,|java+class:///java/lang/Object|>,207,|project://jFin_DateMath-R1.0.1_src-main/java/org/jfin/date/daycount/defaultimpl/AFBActualActual.java|(2016,25,<63,9>,<63,34>)>,
  <<|java+class:///java/util/Calendar|,|java+class:///java/lang/Object|>,203,|project://jFin_DateMath-R1.0.1_src-main/java/org/jfin/date/daycount/defaultimpl/AFBActualActual.java|(2057,24,<65,10>,<65,34>)>,
  <<|java+class:///java/util/Calendar|,|java+class:///java/lang/Object|>,207,|project://jFin_DateMath-R1.0.1_src-main/java/org/jfin/date/daycount/defaultimpl/AFBActualActual.java|(2330,25,<73,7>,<73,32>)>,
  <<|java+class:///java/util/Calendar|,|java+class:///java/lang/Object|>,207,|project://jFin_DateMath-R1.0.1_src-main/java/org/jfin/date/daycount/defaultimpl/AFBActualActual.java|(2359,26,<73,36>,<73,62>)>,
  <<|java+class:///java/util/Calendar|,|java+class:///java/lang/Object|>,203,|project://jFin_DateMath-R1.0.1_src-main/java/org/jfin/date/daycount/defaultimpl/AFBActualActual.java|(2532,24,<84,10>,<84,34>)>,
  <<|java+class:///java/util/Calendar|,|java+class:///java/lang/Object|>,207,|project://jFin_DateMath-R1.0.1_src-main/java/org/jfin/date/daycount/defaultimpl/AFBActualActual.java|(2653,17,<87,7>,<87,24>)>,
  <<|java+class:///java/util/Calendar|,|java+class:///java/lang/Object|>,207,|project://jFin_DateMath-R1.0.1_src-main/java/org/jfin/date/daycount/defaultimpl/AFBActualActual.java|(2681,26,<88,10>,<88,36>)>,
  <<|java+class:///java/util/Calendar|,|java+class:///java/lang/Object|>,207,|project://jFin_DateMath-R1.0.1_src-main/java/org/jfin/date/daycount/defaultimpl/AFBActualActual.java|(2711,34,<88,40>,<89,20>)>,
  <<|java+class:///java/util/Calendar|,|java+class:///java/lang/Object|>,203,|project://jFin_DateMath-R1.0.1_src-main/java/org/jfin/date/daycount/defaultimpl/AFBActualActual.java|(2853,32,<93,10>,<93,42>)>,
  <<|java+class:///java/util/Calendar|,|java+class:///java/lang/Object|>,207,|project://jFin_DateMath-R1.0.1_src-main/java/org/jfin/date/daycount/defaultimpl/AFBActualActual.java|(2982,17,<96,7>,<96,24>)>,
  <<|java+class:///java/util/Calendar|,|java+class:///java/lang/Object|>,207,|project://jFin_DateMath-R1.0.1_src-main/java/org/jfin/date/daycount/defaultimpl/AFBActualActual.java|(3010,26,<97,10>,<97,36>)>,
  <<|java+class:///java/util/Calendar|,|java+class:///java/lang/Object|>,207,|project://jFin_DateMath-R1.0.1_src-main/java/org/jfin/date/daycount/defaultimpl/AFBActualActual.java|(3040,34,<97,40>,<98,20>)>,
  <<|java+class:///java/util/Calendar|,|java+class:///java/lang/Object|>,207,|project://jFin_DateMath-R1.0.1_src-main/java/org/jfin/date/daycount/defaultimpl/EU30360.java|(1489,32,<44,6>,<44,38>)>,
  <<|java+class:///java/util/Calendar|,|java+class:///java/lang/Object|>,207,|project://jFin_DateMath-R1.0.1_src-main/java/org/jfin/date/daycount/defaultimpl/EU30360.java|(1701,33,<52,6>,<52,39>)>,
  <<|java+class:///java/util/ArrayList|,|java+interface:///java/util/List|>,202,|java+variable:///org/jfin/date/ScheduleCutter/cutSchedules(java.util.List,java.util.List)/cutCalendars|>,
  <<|java+class:///java/util/Calendar|,|java+class:///java/lang/Object|>,207,|project://jFin_DateMath-R1.0.1_src-main/java/org/jfin/date/ScheduleCutter.java|(2484,59,<60,7>,<60,66>)>,
  <<|java+class:///java/util/Calendar|,|java+class:///java/lang/Object|>,207,|project://jFin_DateMath-R1.0.1_src-main/java/org/jfin/date/ScheduleCutter.java|(2619,57,<63,7>,<63,64>)>,
  <<|java+class:///org/jfin/date/ScheduleCutterPeriodComparator|,|java+interface:///java/util/Comparator|>,207,|project://jFin_DateMath-R1.0.1_src-main/java/org/jfin/date/ScheduleCutter.java|(3011,62,<75,2>,<75,64>)>,
  <<|java+class:///java/util/ArrayList|,|java+interface:///java/util/List|>,202,|java+variable:///org/jfin/date/ScheduleCutter/cutScheduleByDates(java.util.List,java.util.List)/resultantSchedule|>,
  <<|java+interface:///java/util/List|,|java+interface:///java/util/Collection|>,207,|project://jFin_DateMath-R1.0.1_src-main/java/org/jfin/date/ScheduleCutter.java|(3558,59,<92,3>,<92,62>)>,
  <<|java+class:///java/util/ArrayList|,|java+interface:///java/util/List|>,202,|java+variable:///org/jfin/date/ScheduleCutter/cutPeriodByDates(T,java.util.List)/resultantSchedule|>,
  <<|java+interface:///java/util/List|,|java+interface:///java/util/Collection|>,207,|project://jFin_DateMath-R1.0.1_src-main/java/org/jfin/date/ScheduleCutter.java|(4402,63,<120,4>,<120,67>)>,
  <<|java+interface:///java/util/List|,|java+interface:///java/util/Collection|>,207,|project://jFin_DateMath-R1.0.1_src-main/java/org/jfin/date/ScheduleCutter.java|(4471,63,<121,4>,<121,67>)>,
  <<|java+class:///java/util/Calendar|,|java+class:///java/lang/Object|>,207,|project://jFin_DateMath-R1.0.1_src-main/java/org/jfin/date/ScheduleCutter.java|(5167,38,<144,9>,<144,47>)>,
  <<|java+class:///java/util/Calendar|,|java+class:///java/lang/Object|>,207,|project://jFin_DateMath-R1.0.1_src-main/java/org/jfin/date/ScheduleCutter.java|(5209,35,<144,51>,<144,86>)>,
  <<|java+class:///org/jfin/date/accrual/AccrualPeriod|,|java+class:///org/jfin/date/Period|>,203,|project://jFin_DateMath-R1.0.1_src-main/java/org/jfin/date/accrual/AccrualPeriod.java|(1960,21,<59,39>,<59,60>)>,
  <<|java+class:///java/util/Calendar|,|java+class:///java/lang/Object|>,203,|project://jFin_DateMath-R1.0.1_src-main/java/org/jfin/date/accrual/AccrualPeriod.java|(2056,53,<61,22>,<61,75>)>,
  <<|java+class:///org/jfin/date/daycount/DaycountCalculatorFactory|,|java+class:///java/lang/Object|>,203,|project://jFin_DateMath-R1.0.1_src-main/java/org/jfin/date/daycount/DaycountCalculatorFactory.java|(4041,78,<113,13>,<114,19>)>,
  <<|java+class:///java/lang/ClassNotFoundException|,|java+class:///java/lang/Throwable|>,207,|project://jFin_DateMath-R1.0.1_src-main/java/org/jfin/date/daycount/DaycountCalculatorFactory.java|(4165,224,<117,3>,<123,9>)>,
  <<|java+class:///java/lang/ClassNotFoundException|,|java+class:///java/lang/Throwable|>,207,|project://jFin_DateMath-R1.0.1_src-main/java/org/jfin/date/daycount/DaycountCalculatorFactory.java|(4400,24,<124,9>,<124,33>)>,
  <<|java+class:///java/lang/InstantiationException|,|java+class:///java/lang/Throwable|>,207,|project://jFin_DateMath-R1.0.1_src-main/java/org/jfin/date/daycount/DaycountCalculatorFactory.java|(4470,229,<127,3>,<133,9>)>,
  <<|java+class:///java/lang/InstantiationException|,|java+class:///java/lang/Throwable|>,207,|project://jFin_DateMath-R1.0.1_src-main/java/org/jfin/date/daycount/DaycountCalculatorFactory.java|(4710,24,<134,9>,<134,33>)>,
  <<|java+class:///java/lang/IllegalAccessException|,|java+class:///java/lang/Throwable|>,207,|project://jFin_DateMath-R1.0.1_src-main/java/org/jfin/date/daycount/DaycountCalculatorFactory.java|(4780,236,<137,3>,<143,9>)>,
  <<|java+class:///java/lang/IllegalAccessException|,|java+class:///java/lang/Throwable|>,207,|project://jFin_DateMath-R1.0.1_src-main/java/org/jfin/date/daycount/DaycountCalculatorFactory.java|(5027,24,<144,9>,<144,33>)>,
  <<|java+class:///java/lang/ClassCastException|,|java+class:///java/lang/Throwable|>,207,|project://jFin_DateMath-R1.0.1_src-main/java/org/jfin/date/daycount/DaycountCalculatorFactory.java|(5093,230,<147,3>,<153,9>)>,
  <<|java+class:///java/lang/ClassCastException|,|java+class:///java/lang/Throwable|>,207,|project://jFin_DateMath-R1.0.1_src-main/java/org/jfin/date/daycount/DaycountCalculatorFactory.java|(5334,24,<154,9>,<154,33>)>,
  <<|java+class:///java/lang/String|,|java+class:///java/lang/Object|>,207,|project://jFin_DateMath-R1.0.1_src-main/java/org/jfin/date/daycount/DaycountCalculatorFactory.java|(7631,31,<250,5>,<250,36>)>,
  <<|java+class:///java/lang/String|,|java+class:///java/lang/Object|>,207,|project://jFin_DateMath-R1.0.1_src-main/java/org/jfin/date/daycount/DaycountCalculatorFactory.java|(7711,31,<252,12>,<252,43>)>,
  <<|java+class:///java/lang/String|,|java+class:///java/lang/Object|>,207,|project://jFin_DateMath-R1.0.1_src-main/java/org/jfin/date/daycount/DaycountCalculatorFactory.java|(7791,30,<254,12>,<254,42>)>,
  <<|java+class:///java/lang/String|,|java+class:///java/lang/Object|>,207,|project://jFin_DateMath-R1.0.1_src-main/java/org/jfin/date/daycount/DaycountCalculatorFactory.java|(7869,22,<256,12>,<256,34>)>,
  <<|java+class:///java/lang/String|,|java+class:///java/lang/Object|>,207,|project://jFin_DateMath-R1.0.1_src-main/java/org/jfin/date/daycount/DaycountCalculatorFactory.java|(7931,22,<258,12>,<258,34>)>,
  <<|java+class:///java/lang/String|,|java+class:///java/lang/Object|>,207,|project://jFin_DateMath-R1.0.1_src-main/java/org/jfin/date/daycount/DaycountCalculatorFactory.java|(7993,22,<260,12>,<260,34>)>,
  <<|java+class:///java/lang/String|,|java+class:///java/lang/Object|>,207,|project://jFin_DateMath-R1.0.1_src-main/java/org/jfin/date/daycount/DaycountCalculatorFactory.java|(8055,24,<262,12>,<262,36>)>,
  <<|java+class:///java/lang/String|,|java+class:///java/lang/Object|>,207,|project://jFin_DateMath-R1.0.1_src-main/java/org/jfin/date/daycount/DaycountCalculatorFactory.java|(8121,29,<264,12>,<264,41>)>,
  <<|java+class:///java/lang/String|,|java+class:///java/lang/Object|>,207,|project://jFin_DateMath-R1.0.1_src-main/java/org/jfin/date/daycount/DaycountCalculatorFactory.java|(8197,24,<266,12>,<266,36>)>,
  <<|java+class:///java/lang/String|,|java+class:///java/lang/Object|>,207,|project://jFin_DateMath-R1.0.1_src-main/java/org/jfin/date/holiday/defaultimpl/HolidayCalendarFactoryImpl.java|(1669,27,<46,6>,<46,33>)>,
  <<|java+class:///org/jfin/date/holiday/defaultimpl/WeekendHolidayCalendar|,|java+class:///org/jfin/date/holiday/HolidayCalendar|>,206,|project://jFin_DateMath-R1.0.1_src-main/java/org/jfin/date/holiday/defaultimpl/HolidayCalendarFactoryImpl.java|(1712,31,<48,10>,<48,41>)>,
  <<|java+class:///java/io/FileReader|,|java+class:///java/io/Reader|>,207,|project://jFin_DateMath-R1.0.1_src-main/java/org/jfin/date/holiday/financialcalendarimpl/HolidayFile.java|(1478,37,<48,26>,<48,63>)>,
  <<|java+class:///java/lang/String|,|java+class:///java/lang/Object|>,207,|project://jFin_DateMath-R1.0.1_src-main/java/org/jfin/date/holiday/financialcalendarimpl/HolidayFile.java|(2270,17,<82,9>,<82,26>)>,
  <<|java+class:///java/util/Calendar|,|java+class:///java/lang/Object|>,207,|project://jFin_DateMath-R1.0.1_src-main/java/org/jfin/date/daycount/defaultimpl/IT30360.java|(1564,32,<46,6>,<46,38>)>,
  <<|java+class:///java/util/Calendar|,|java+class:///java/lang/Object|>,207,|project://jFin_DateMath-R1.0.1_src-main/java/org/jfin/date/daycount/defaultimpl/IT30360.java|(1776,33,<54,6>,<54,39>)>,
  <<|java+class:///java/util/Calendar|,|java+class:///java/lang/Object|>,207,|project://jFin_DateMath-R1.0.1_src-main/java/org/jfin/date/daycount/defaultimpl/Actual366.java|(1428,32,<41,6>,<41,38>)>,
  <<|java+class:///java/util/Calendar|,|java+class:///java/lang/Object|>,207,|project://jFin_DateMath-R1.0.1_src-main/java/org/jfin/date/daycount/defaultimpl/Actual366.java|(1640,33,<49,6>,<49,39>)>,
  <<|java+class:///java/text/SimpleDateFormat|,|java+class:///java/text/DateFormat|>,202,|java+variable:///org/jfin/date/util/ISDADateFormat/parse(java.lang.String)/df|>,
  <<|java+class:///java/util/GregorianCalendar|,|java+class:///java/util/Calendar|>,201,|project://jFin_DateMath-R1.0.1_src-main/java/org/jfin/date/util/ISDADateFormat.java|(3211,29,<110,2>,<110,31>)>,
  <<|java+class:///java/text/SimpleDateFormat|,|java+class:///java/text/DateFormat|>,202,|java+field:///org/jfin/date/util/jfinLoggingFormatter/df|>,
  <<|java+class:///java/util/Calendar|,|java+class:///java/lang/Object|>,207,|project://jFin_DateMath-R1.0.1_src-main/java/org/jfin/date/daycount/defaultimpl/Actual365Fixed.java|(1577,32,<45,6>,<45,38>)>,
  <<|java+class:///java/util/Calendar|,|java+class:///java/lang/Object|>,207,|project://jFin_DateMath-R1.0.1_src-main/java/org/jfin/date/daycount/defaultimpl/Actual365Fixed.java|(1789,33,<53,6>,<53,39>)>,
  <<|java+class:///org/jfin/date/Period|,|java+class:///java/lang/Object|>,203,|project://jFin_DateMath-R1.0.1_src-main/java/org/jfin/date/Period.java|(5325,13,<218,19>,<218,32>)>,
  <<|java+class:///java/util/Calendar|,|java+class:///java/lang/Object|>,203,|project://jFin_DateMath-R1.0.1_src-main/java/org/jfin/date/Period.java|(5577,15,<231,23>,<231,38>)>,
  <<|java+class:///org/jfin/date/accrual/NotionalPeriod|,|java+class:///org/jfin/date/Period|>,207,|project://jFin_DateMath-R1.0.1_src-main/java/org/jfin/date/accrual/NotionalPeriod.java|(1441,14,<48,2>,<48,16>)>,
  <<|java+class:///java/util/ArrayList|,|java+interface:///java/util/List|>,202,|java+variable:///org/jfin/common/CSVFileFormatTokenizer/split(java.lang.String)/split|>,
  <<|java+class:///java/util/ArrayList|,|java+interface:///java/util/List|>,202,|java+variable:///org/jfin/common/CSVFileFormatTokenizer/initialise(java.lang.String)/collectedTokens|>,
  <<|java+class:///java/lang/String|,|java+class:///java/lang/Object|>,207,|project://jFin_DateMath-R1.0.1_src-main/java/org/jfin/common/CSVFileFormatTokenizer.java|(2753,25,<110,8>,<110,33>)>
]