{
  <<|java+class:///org/springframework/core/task/SimpleAsyncTaskExecutorTests/ThreadNameHarvester|,|java+class:///org/springframework/core/task/SimpleAsyncTaskExecutorTests/AbstractNotifyingRunnable|>,2,|java+interface:///java/lang/Runnable|>,
  <<|java+class:///org/springframework/core/io/InputStreamResource|,|java+class:///org/springframework/core/io/AbstractResource|>,2,|java+interface:///org/springframework/core/io/Resource|>,
  <<|java+class:///org/springframework/core/enums/LabeledEnumTests/Other|,|java+class:///org/springframework/core/enums/StaticLabeledEnum|>,2,|java+class:///java/lang/Object|>,
  <<|java+class:///org/springframework/core/io/VfsResource|,|java+class:///org/springframework/core/io/AbstractResource|>,2,|java+interface:///org/springframework/core/io/Resource|>,
  <<|java+interface:///org/springframework/core/io/Resource|,|java+interface:///org/springframework/core/io/InputStreamSource|>,2,|java+class:///java/lang/Object|>,
  <<|java+class:///org/springframework/core/io/InputStreamResource|,|java+class:///org/springframework/core/io/AbstractResource|>,2,|java+class:///java/lang/Object|>,
  <<|java+class:///org/springframework/core/io/ClassRelativeResourceLoader/ClassRelativeContextResource|,|java+interface:///org/springframework/core/io/ContextResource|>,2,|java+interface:///org/springframework/core/io/Resource|>,
  <<|java+class:///org/springframework/core/io/AbstractFileResolvingResource|,|java+class:///org/springframework/core/io/AbstractResource|>,2,|java+interface:///org/springframework/core/io/Resource|>,
  <<|java+class:///org/springframework/core/enums/LabeledEnumTests/ValuedEnum|,|java+class:///org/springframework/core/enums/StaticLabeledEnum|>,2,|java+interface:///org/springframework/core/enums/LabeledEnum|>,
  <<|java+interface:///org/springframework/util/MultiValueMap|,|java+interface:///java/util/Map|>,2,|java+class:///java/lang/Object|>,
  <<|java+interface:///org/springframework/core/type/AnnotationMetadata|,|java+interface:///org/springframework/core/type/ClassMetadata|>,2,|java+interface:///org/springframework/core/type/ClassMetadata|>,
  <<|java+class:///org/springframework/core/io/ClassPathResource|,|java+class:///org/springframework/core/io/AbstractFileResolvingResource|>,2,|java+class:///java/lang/Object|>,
  <<|java+class:///org/springframework/core/enums/LabeledEnumTests/Dog|,|java+class:///org/springframework/core/enums/StaticLabeledEnum|>,2,|java+class:///java/lang/Object|>,
  <<|java+interface:///org/springframework/core/convert/support/GenericConversionServiceTests/MyInterface|,|java+interface:///org/springframework/core/convert/support/GenericConversionServiceTests/MyBaseInterface|>,2,|java+class:///java/lang/Object|>,
  <<|java+class:///org/springframework/core/style/ToStringCreatorTests|,|java+class:///junit/framework/TestCase|>,2,|java+class:///java/lang/Object|>,
  <<|java+class:///org/springframework/core/io/VfsResource|,|java+class:///org/springframework/core/io/AbstractResource|>,2,|java+class:///java/lang/Object|>,
  <<|java+class:///org/springframework/core/task/SimpleAsyncTaskExecutorTests/AbstractNotifyingRunnable|,|java+interface:///java/lang/Runnable|>,2,|java+interface:///java/lang/Runnable|>,
  <<|java+class:///org/springframework/util/xml/StaxEventXMLReader|,|java+class:///org/springframework/util/xml/AbstractStaxXMLReader|>,2,|java+interface:///org/xml/sax/XMLReader|>,
  <<|java+class:///org/springframework/core/enums/StandAloneStaticLabeledEnum|,|java+class:///org/springframework/core/enums/StaticLabeledEnum|>,2,|java+class:///java/lang/Object|>,
  <<|java+class:///org/springframework/core/io/ResourceEditor|,|java+class:///java/beans/PropertyEditorSupport|>,2,|java+interface:///java/beans/PropertyEditor|>,
  <<|java+interface:///org/springframework/core/io/ContextResource|,|java+interface:///org/springframework/core/io/Resource|>,2,|java+interface:///org/springframework/core/io/Resource|>,
  <<|java+class:///org/springframework/core/type/classreading/MethodMetadataReadingVisitor|,|java+class:///org/springframework/asm/MethodAdapter|>,2,|java+interface:///org/springframework/asm/MethodVisitor|>,
  <<|java+class:///org/springframework/core/LocalVariableTableParameterNameDiscoverer/LocalVariableTableVisitor|,|java+class:///org/springframework/asm/commons/EmptyVisitor|>,2,|java+interface:///org/springframework/asm/MethodVisitor|>,
  <<|java+class:///org/springframework/core/io/ByteArrayResource|,|java+class:///org/springframework/core/io/AbstractResource|>,2,|java+interface:///org/springframework/core/io/Resource|>,
  <<|java+class:///org/springframework/util/xml/AbstractXMLReader|,|java+interface:///org/xml/sax/XMLReader|>,2,|java+interface:///org/xml/sax/XMLReader|>,
  <<|java+class:///org/springframework/core/NestedRuntimeException|,|java+class:///java/lang/RuntimeException|>,2,|java+class:///java/lang/Throwable|>,
  <<|java+class:///org/springframework/core/enums/StandAloneStaticLabeledEnum|,|java+class:///org/springframework/core/enums/StaticLabeledEnum|>,2,|java+interface:///org/springframework/core/enums/LabeledEnum|>,
  <<|java+interface:///org/springframework/core/task/TaskExecutor|,|java+interface:///java/util/concurrent/Executor|>,2,|java+class:///java/lang/Object|>,
  <<|java+class:///org/springframework/core/convert/support/CollectionToObjectConverter|,|java+interface:///org/springframework/core/convert/converter/ConditionalGenericConverter|>,2,|java+interface:///org/springframework/core/convert/converter/GenericConverter|>,
  <<|java+class:///org/springframework/util/xml/StaxSource|,|java+class:///javax/xml/transform/sax/SAXSource|>,2,|java+interface:///javax/xml/transform/Source|>,
  <<|java+class:///org/springframework/core/convert/support/ObjectToCollectionConverter|,|java+interface:///org/springframework/core/convert/converter/ConditionalGenericConverter|>,2,|java+interface:///org/springframework/core/convert/converter/GenericConverter|>,
  <<|java+class:///org/springframework/core/convert/support/CollectionToArrayConverter|,|java+interface:///org/springframework/core/convert/converter/ConditionalGenericConverter|>,2,|java+interface:///org/springframework/core/convert/converter/GenericConverter|>,
  <<|java+class:///org/springframework/core/task/TaskRejectedException|,|java+class:///java/util/concurrent/RejectedExecutionException|>,2,|java+class:///java/lang/Throwable|>,
  <<|java+class:///org/springframework/core/io/AbstractResource|,|java+interface:///org/springframework/core/io/Resource|>,2,|java+interface:///org/springframework/core/io/Resource|>,
  <<|java+class:///org/springframework/core/convert/support/ObjectToObjectConverter|,|java+interface:///org/springframework/core/convert/converter/ConditionalGenericConverter|>,2,|java+interface:///org/springframework/core/convert/converter/GenericConverter|>,
  <<|java+class:///org/springframework/core/convert/support/IdToEntityConverter|,|java+interface:///org/springframework/core/convert/converter/ConditionalGenericConverter|>,2,|java+interface:///org/springframework/core/convert/converter/GenericConverter|>,
  <<|java+class:///org/springframework/core/type/classreading/CachingMetadataReaderFactory|,|java+class:///org/springframework/core/type/classreading/SimpleMetadataReaderFactory|>,2,|java+interface:///org/springframework/core/type/classreading/MetadataReaderFactory|>,
  <<|java+interface:///org/springframework/core/convert/converter/ConditionalGenericConverter|,|java+interface:///org/springframework/core/convert/converter/GenericConverter|>,2,|java+interface:///org/springframework/core/convert/converter/GenericConverter|>,
  <<|java+class:///org/springframework/core/type/classreading/AnnotationMetadataReadingVisitor|,|java+interface:///org/springframework/core/type/AnnotationMetadata|>,2,|java+interface:///org/springframework/core/type/ClassMetadata|>,
  <<|java+class:///org/springframework/core/io/FileSystemResource|,|java+class:///org/springframework/core/io/AbstractResource|>,2,|java+interface:///org/springframework/core/io/Resource|>,
  <<|java+class:///org/springframework/core/enums/LabeledEnumTests/ValuedEnum|,|java+class:///org/springframework/core/enums/StaticLabeledEnum|>,2,|java+class:///java/lang/Object|>,
  <<|java+class:///org/springframework/core/enums/LabeledEnumTests/Dog|,|java+class:///org/springframework/core/enums/StaticLabeledEnum|>,2,|java+interface:///org/springframework/core/enums/LabeledEnum|>,
  <<|java+class:///org/springframework/core/convert/support/ObjectToArrayConverter|,|java+interface:///org/springframework/core/convert/converter/ConditionalGenericConverter|>,2,|java+interface:///org/springframework/core/convert/converter/GenericConverter|>,
  <<|java+class:///org/springframework/core/convert/support/CollectionToCollectionConverter|,|java+interface:///org/springframework/core/convert/converter/ConditionalGenericConverter|>,2,|java+interface:///org/springframework/core/convert/converter/GenericConverter|>,
  <<|java+class:///org/springframework/beans/DerivedTestBean|,|java+class:///org/springframework/beans/TestBean|>,2,|java+class:///java/lang/Object|>,
  <<|java+class:///org/springframework/core/io/DescriptiveResource|,|java+class:///org/springframework/core/io/AbstractResource|>,2,|java+interface:///org/springframework/core/io/Resource|>,
  <<|java+class:///org/springframework/util/xml/StaxEventContentHandler|,|java+class:///org/springframework/util/xml/AbstractStaxContentHandler|>,2,|java+interface:///org/xml/sax/ContentHandler|>,
  <<|java+class:///org/springframework/core/io/UrlResource|,|java+class:///org/springframework/core/io/AbstractFileResolvingResource|>,2,|java+interface:///org/springframework/core/io/Resource|>,
  <<|java+class:///org/springframework/util/ReflectionUtilsTests/TestBeanSubclassWithNewField|,|java+class:///org/springframework/beans/TestBean|>,2,|java+class:///java/lang/Object|>,
  <<|java+class:///org/springframework/util/xml/AbstractStaxXMLReader|,|java+class:///org/springframework/util/xml/AbstractXMLReader|>,2,|java+interface:///org/xml/sax/XMLReader|>,
  <<|java+class:///org/springframework/core/io/DefaultResourceLoader/ClassPathContextResource|,|java+interface:///org/springframework/core/io/ContextResource|>,2,|java+interface:///org/springframework/core/io/Resource|>,
  <<|java+class:///org/springframework/core/io/UrlResource|,|java+class:///org/springframework/core/io/AbstractFileResolvingResource|>,2,|java+class:///java/lang/Object|>,
  <<|java+class:///org/springframework/util/xml/AbstractXMLStreamReader|,|java+interface:///javax/xml/stream/XMLStreamReader|>,2,|java+interface:///javax/xml/stream/XMLStreamReader|>,
  <<|java+class:///org/springframework/util/xml/XMLEventStreamReader|,|java+class:///org/springframework/util/xml/AbstractXMLStreamReader|>,2,|java+interface:///javax/xml/stream/XMLStreamReader|>,
  <<|java+interface:///org/springframework/core/convert/converter/ConditionalGenericConverter|,|java+interface:///org/springframework/core/convert/converter/GenericConverter|>,2,|java+class:///java/lang/Object|>,
  <<|java+class:///org/springframework/core/io/DescriptiveResource|,|java+class:///org/springframework/core/io/AbstractResource|>,2,|java+class:///java/lang/Object|>,
  <<|java+class:///org/springframework/core/io/FileSystemResourceLoader/FileSystemContextResource|,|java+interface:///org/springframework/core/io/ContextResource|>,2,|java+interface:///org/springframework/core/io/Resource|>,
  <<|java+class:///org/springframework/core/enums/StaticLabeledEnum|,|java+class:///org/springframework/core/enums/AbstractLabeledEnum|>,2,|java+interface:///org/springframework/core/enums/LabeledEnum|>,
  <<|java+class:///org/springframework/core/io/FileSystemResource|,|java+class:///org/springframework/core/io/AbstractResource|>,2,|java+class:///java/lang/Object|>,
  <<|java+class:///org/springframework/util/xml/StaxResult|,|java+class:///javax/xml/transform/sax/SAXResult|>,2,|java+interface:///javax/xml/transform/Result|>,
  <<|java+class:///org/springframework/util/xml/StaxStreamXMLReader|,|java+class:///org/springframework/util/xml/AbstractStaxXMLReader|>,2,|java+interface:///org/xml/sax/XMLReader|>,
  <<|java+class:///org/springframework/core/NestedRuntimeException|,|java+class:///java/lang/RuntimeException|>,2,|java+class:///java/lang/Object|>,
  <<|java+class:///org/springframework/core/io/support/ResourceArrayPropertyEditor|,|java+class:///java/beans/PropertyEditorSupport|>,2,|java+interface:///java/beans/PropertyEditor|>,
  <<|java+class:///org/springframework/core/io/ByteArrayResource|,|java+class:///org/springframework/core/io/AbstractResource|>,2,|java+class:///java/lang/Object|>,
  <<|java+class:///org/springframework/core/convert/support/ArrayToStringConverter|,|java+interface:///org/springframework/core/convert/converter/ConditionalGenericConverter|>,2,|java+interface:///org/springframework/core/convert/converter/GenericConverter|>,
  <<|java+class:///org/springframework/core/convert/support/CollectionToStringConverter|,|java+interface:///org/springframework/core/convert/converter/ConditionalGenericConverter|>,2,|java+interface:///org/springframework/core/convert/converter/GenericConverter|>,
  <<|java+class:///org/springframework/util/LinkedCaseInsensitiveMap|,|java+class:///java/util/LinkedHashMap|>,2,|java+interface:///java/util/Map|>,
  <<|java+class:///org/springframework/core/convert/support/StringToCollectionConverter|,|java+interface:///org/springframework/core/convert/converter/ConditionalGenericConverter|>,2,|java+interface:///org/springframework/core/convert/converter/GenericConverter|>,
  <<|java+class:///org/springframework/core/enums/AbstractLabeledEnum|,|java+interface:///org/springframework/core/enums/LabeledEnum|>,2,|java+interface:///org/springframework/core/enums/LabeledEnum|>,
  <<|java+class:///org/springframework/core/convert/support/ArrayToCollectionConverter|,|java+interface:///org/springframework/core/convert/converter/ConditionalGenericConverter|>,2,|java+interface:///org/springframework/core/convert/converter/GenericConverter|>,
  <<|java+class:///org/springframework/core/convert/support/ArrayToObjectConverter|,|java+interface:///org/springframework/core/convert/converter/ConditionalGenericConverter|>,2,|java+interface:///org/springframework/core/convert/converter/GenericConverter|>,
  <<|java+class:///org/springframework/core/convert/support/ObjectToStringConverter|,|java+interface:///org/springframework/core/convert/converter/ConditionalGenericConverter|>,2,|java+interface:///org/springframework/core/convert/converter/GenericConverter|>,
  <<|java+class:///org/springframework/core/io/AbstractFileResolvingResource|,|java+class:///org/springframework/core/io/AbstractResource|>,2,|java+class:///java/lang/Object|>,
  <<|java+class:///org/springframework/core/io/ClassPathResource|,|java+class:///org/springframework/core/io/AbstractFileResolvingResource|>,2,|java+interface:///org/springframework/core/io/Resource|>,
  <<|java+class:///org/springframework/util/xml/AbstractStaxContentHandler|,|java+interface:///org/xml/sax/ContentHandler|>,2,|java+interface:///org/xml/sax/ContentHandler|>,
  <<|java+class:///org/springframework/util/xml/StaxStreamContentHandler|,|java+class:///org/springframework/util/xml/AbstractStaxContentHandler|>,2,|java+interface:///org/xml/sax/ContentHandler|>,
  <<|java+class:///org/springframework/core/enums/StaticLabeledEnum|,|java+class:///org/springframework/core/enums/AbstractLabeledEnum|>,2,|java+class:///java/lang/Object|>,
  <<|java+class:///org/springframework/core/type/classreading/SimpleMetadataReaderFactory|,|java+interface:///org/springframework/core/type/classreading/MetadataReaderFactory|>,2,|java+interface:///org/springframework/core/type/classreading/MetadataReaderFactory|>,
  <<|java+class:///org/springframework/core/convert/support/StringToArrayConverter|,|java+interface:///org/springframework/core/convert/converter/ConditionalGenericConverter|>,2,|java+interface:///org/springframework/core/convert/converter/GenericConverter|>,
  <<|java+class:///org/springframework/core/convert/support/MapToMapConverter|,|java+interface:///org/springframework/core/convert/converter/ConditionalGenericConverter|>,2,|java+interface:///org/springframework/core/convert/converter/GenericConverter|>
}