[
  <<|java+class:///org/springframework/core/convert/support/PropertyTypeDescriptor|,|java+class:///org/springframework/core/convert/TypeDescriptor|>,|project://springframework-3.0.5_projects-org.springframework.core/src/main/java/org/springframework/core/convert/support/PropertyTypeDescriptor.java|(2348,29,<63,2>,<63,31>)>,
  <<|java+class:///org/springframework/core/convert/support/PropertyTypeDescriptor|,|java+class:///org/springframework/core/convert/TypeDescriptor|>,|project://springframework-3.0.5_projects-org.springframework.core/src/main/java/org/springframework/core/convert/support/PropertyTypeDescriptor.java|(1852,23,<52,2>,<52,25>)>,
  <<|java+class:///org/springframework/core/ConstantException|,|java+class:///java/lang/IllegalArgumentException|>,|project://springframework-3.0.5_projects-org.springframework.core/src/main/java/org/springframework/core/ConstantException.java|(1630,101,<46,2>,<46,103>)>,
  <<|java+class:///org/springframework/core/ConstantException|,|java+class:///java/lang/IllegalArgumentException|>,|project://springframework-3.0.5_projects-org.springframework.core/src/main/java/org/springframework/core/ConstantException.java|(1221,76,<36,2>,<36,78>)>,
  <<|java+class:///org/springframework/core/convert/ConverterNotFoundException|,|java+class:///org/springframework/core/convert/ConversionException|>,|project://springframework-3.0.5_projects-org.springframework.core/src/main/java/org/springframework/core/convert/ConverterNotFoundException.java|(1316,124,<40,2>,<41,43>)>,
  <<|java+class:///org/springframework/core/io/ClassRelativeResourceLoader/ClassRelativeContextResource|,|java+class:///org/springframework/core/io/ClassPathResource|>,|project://springframework-3.0.5_projects-org.springframework.core/src/main/java/org/springframework/core/io/ClassRelativeResourceLoader.java|(1960,19,<60,3>,<60,22>)>,
  <<|java+class:///org/springframework/core/type/filter/AssignableTypeFilter|,|java+class:///org/springframework/core/type/filter/AbstractTypeHierarchyTraversingFilter|>,|project://springframework-3.0.5_projects-org.springframework.core/src/main/java/org/springframework/core/type/filter/AssignableTypeFilter.java|(1125,18,<37,2>,<37,20>)>,
  <<|java+class:///org/springframework/core/type/classreading/CachingMetadataReaderFactory|,|java+class:///org/springframework/core/type/classreading/SimpleMetadataReaderFactory|>,|project://springframework-3.0.5_projects-org.springframework.core/src/main/java/org/springframework/core/type/classreading/CachingMetadataReaderFactory.java|(2074,22,<65,2>,<65,24>)>,
  <<|java+class:///org/springframework/core/type/classreading/CachingMetadataReaderFactory|,|java+class:///org/springframework/core/type/classreading/SimpleMetadataReaderFactory|>,|project://springframework-3.0.5_projects-org.springframework.core/src/main/java/org/springframework/core/type/classreading/CachingMetadataReaderFactory.java|(1798,8,<56,2>,<56,10>)>,
  <<|java+class:///org/springframework/core/type/classreading/CachingMetadataReaderFactory|,|java+class:///org/springframework/core/type/classreading/SimpleMetadataReaderFactory|>,|project://springframework-3.0.5_projects-org.springframework.core/src/main/java/org/springframework/core/type/classreading/CachingMetadataReaderFactory.java|(2297,19,<73,2>,<73,21>)>,
  <<|java+class:///org/springframework/core/NestedCheckedException|,|java+class:///java/lang/Exception|>,|project://springframework-3.0.5_projects-org.springframework.core/src/main/java/org/springframework/core/NestedCheckedException.java|(1956,11,<54,2>,<54,13>)>,
  <<|java+class:///org/springframework/core/NestedCheckedException|,|java+class:///java/lang/Exception|>,|project://springframework-3.0.5_projects-org.springframework.core/src/main/java/org/springframework/core/NestedCheckedException.java|(2230,18,<64,2>,<64,20>)>,
  <<|java+class:///org/springframework/core/type/StandardAnnotationMetadata|,|java+class:///org/springframework/core/type/StandardClassMetadata|>,|project://springframework-3.0.5_projects-org.springframework.core/src/main/java/org/springframework/core/type/StandardAnnotationMetadata.java|(1371,25,<42,2>,<42,27>)>,
  <<|java+class:///org/springframework/core/enums/LetterCodedLabeledEnum|,|java+class:///org/springframework/core/enums/AbstractGenericLabeledEnum|>,|project://springframework-3.0.5_projects-org.springframework.core/src/main/java/org/springframework/core/enums/LetterCodedLabeledEnum.java|(1507,13,<47,2>,<47,15>)>,
  <<|java+class:///org/springframework/util/AutoPopulatingList/ElementInstantiationException|,|java+class:///java/lang/RuntimeException|>,|project://springframework-3.0.5_projects-org.springframework.core/src/main/java/org/springframework/util/AutoPopulatingList.java|(6554,11,<240,3>,<240,14>)>,
  <<|java+class:///org/springframework/core/BridgeMethodResolverTests/SettingsDaoImpl|,|java+class:///org/springframework/core/BridgeMethodResolverTests/AbstractDaoImpl|>,|project://springframework-3.0.5_projects-org.springframework.core/src/test/java/org/springframework/core/BridgeMethodResolverTests.java|(16916,29,<512,3>,<512,32>)>,
  <<|java+class:///org/springframework/core/task/TaskRejectedException|,|java+class:///java/util/concurrent/RejectedExecutionException|>,|project://springframework-3.0.5_projects-org.springframework.core/src/main/java/org/springframework/core/task/TaskRejectedException.java|(1210,11,<38,2>,<38,13>)>,
  <<|java+class:///org/springframework/core/task/TaskRejectedException|,|java+class:///java/util/concurrent/RejectedExecutionException|>,|project://springframework-3.0.5_projects-org.springframework.core/src/main/java/org/springframework/core/task/TaskRejectedException.java|(1635,18,<50,2>,<50,20>)>,
  <<|java+class:///org/springframework/core/NestedIOException|,|java+class:///java/io/IOException|>,|project://springframework-3.0.5_projects-org.springframework.core/src/main/java/org/springframework/core/NestedIOException.java|(2067,11,<62,2>,<62,13>)>,
  <<|java+class:///org/springframework/core/NestedIOException|,|java+class:///java/io/IOException|>,|project://springframework-3.0.5_projects-org.springframework.core/src/main/java/org/springframework/core/NestedIOException.java|(1803,11,<52,2>,<52,13>)>,
  <<|java+class:///org/springframework/core/ConfigurableObjectInputStream|,|java+class:///java/io/ObjectInputStream|>,|project://springframework-3.0.5_projects-org.springframework.core/src/main/java/org/springframework/core/ConfigurableObjectInputStream.java|(1618,10,<47,2>,<47,12>)>,
  <<|java+class:///org/springframework/core/type/filter/AnnotationTypeFilter|,|java+class:///org/springframework/core/type/filter/AbstractTypeHierarchyTraversingFilter|>,|project://springframework-3.0.5_projects-org.springframework.core/src/main/java/org/springframework/core/type/filter/AnnotationTypeFilter.java|(2110,66,<60,2>,<60,68>)>,
  <<|java+class:///org/springframework/core/BridgeMethodResolverTests/MessageBroadcasterImpl|,|java+class:///org/springframework/core/BridgeMethodResolverTests/GenericEventBroadcasterImpl|>,|project://springframework-3.0.5_projects-org.springframework.core/src/test/java/org/springframework/core/BridgeMethodResolverTests.java|(22214,29,<800,3>,<800,32>)>,
  <<|java+class:///org/springframework/core/io/DefaultResourceLoader/ClassPathContextResource|,|java+class:///org/springframework/core/io/ClassPathResource|>,|project://springframework-3.0.5_projects-org.springframework.core/src/main/java/org/springframework/core/io/DefaultResourceLoader.java|(4523,25,<128,3>,<128,28>)>,
  <<|java+class:///org/springframework/util/xml/StaxSource|,|java+class:///javax/xml/transform/sax/SAXSource|>,|project://springframework-3.0.5_projects-org.springframework.core/src/main/java/org/springframework/util/xml/StaxSource.java|(2519,64,<61,2>,<61,66>)>,
  <<|java+class:///org/springframework/util/xml/StaxSource|,|java+class:///javax/xml/transform/sax/SAXSource|>,|project://springframework-3.0.5_projects-org.springframework.core/src/main/java/org/springframework/util/xml/StaxSource.java|(3100,62,<74,2>,<74,64>)>,
  <<|java+class:///org/springframework/core/io/FileSystemResourceLoader/FileSystemContextResource|,|java+class:///org/springframework/core/io/FileSystemResource|>,|project://springframework-3.0.5_projects-org.springframework.core/src/main/java/org/springframework/core/io/FileSystemResourceLoader.java|(2473,12,<65,3>,<65,15>)>,
  <<|java+class:///org/springframework/core/enums/LabeledEnumTests/ValuedEnum|,|java+class:///org/springframework/core/enums/StaticLabeledEnum|>,|project://springframework-3.0.5_projects-org.springframework.core/src/test/java/org/springframework/core/enums/LabeledEnumTests.java|(5824,18,<177,3>,<177,21>)>,
  <<|java+class:///org/springframework/core/CollectionFactory/JdkConcurrentHashMap|,|java+class:///java/util/concurrent/ConcurrentHashMap|>,|project://springframework-3.0.5_projects-org.springframework.core/src/main/java/org/springframework/core/CollectionFactory.java|(11574,23,<333,3>,<333,26>)>,
  <<|java+class:///org/springframework/core/enums/StringCodedLabeledEnum|,|java+class:///org/springframework/core/enums/AbstractGenericLabeledEnum|>,|project://springframework-3.0.5_projects-org.springframework.core/src/main/java/org/springframework/core/enums/StringCodedLabeledEnum.java|(1610,13,<49,2>,<49,15>)>,
  <<|java+class:///org/springframework/core/enums/LabeledEnumTests/Other|,|java+class:///org/springframework/core/enums/StaticLabeledEnum|>,|project://springframework-3.0.5_projects-org.springframework.core/src/test/java/org/springframework/core/enums/LabeledEnumTests.java|(4757,18,<128,3>,<128,21>)>,
  <<|java+class:///org/springframework/core/task/SimpleAsyncTaskExecutorTests/ThreadNameHarvester|,|java+class:///org/springframework/core/task/SimpleAsyncTaskExecutorTests/AbstractNotifyingRunnable|>,|project://springframework-3.0.5_projects-org.springframework.core/src/test/java/org/springframework/core/task/SimpleAsyncTaskExecutorTests.java|(3542,15,<125,3>,<125,18>)>,
  <<|java+class:///org/springframework/util/SerializationTestUtils|,|java+class:///junit/framework/TestCase|>,|project://springframework-3.0.5_projects-org.springframework.core/src/test/java/org/springframework/util/SerializationTestUtils.java|(1659,9,<63,2>,<63,11>)>,
  <<|java+class:///org/springframework/core/enums/ShortCodedLabeledEnum|,|java+class:///org/springframework/core/enums/AbstractGenericLabeledEnum|>,|project://springframework-3.0.5_projects-org.springframework.core/src/main/java/org/springframework/core/enums/ShortCodedLabeledEnum.java|(1454,13,<45,2>,<45,15>)>,
  <<|java+class:///org/springframework/core/convert/ConversionException|,|java+class:///org/springframework/core/NestedRuntimeException|>,|project://springframework-3.0.5_projects-org.springframework.core/src/main/java/org/springframework/core/convert/ConversionException.java|(1051,15,<34,2>,<34,17>)>,
  <<|java+class:///org/springframework/core/convert/ConversionException|,|java+class:///org/springframework/core/NestedRuntimeException|>,|project://springframework-3.0.5_projects-org.springframework.core/src/main/java/org/springframework/core/convert/ConversionException.java|(1256,22,<43,2>,<43,24>)>,
  <<|java+class:///org/springframework/core/task/TaskTimeoutException|,|java+class:///org/springframework/core/task/TaskRejectedException|>,|project://springframework-3.0.5_projects-org.springframework.core/src/main/java/org/springframework/core/task/TaskTimeoutException.java|(1618,18,<48,2>,<48,20>)>,
  <<|java+class:///org/springframework/core/task/TaskTimeoutException|,|java+class:///org/springframework/core/task/TaskRejectedException|>,|project://springframework-3.0.5_projects-org.springframework.core/src/main/java/org/springframework/core/task/TaskTimeoutException.java|(1195,11,<36,2>,<36,13>)>,
  <<|java+class:///org/springframework/core/NestedRuntimeException|,|java+class:///java/lang/RuntimeException|>,|project://springframework-3.0.5_projects-org.springframework.core/src/main/java/org/springframework/core/NestedRuntimeException.java|(1963,11,<54,2>,<54,13>)>,
  <<|java+class:///org/springframework/core/NestedRuntimeException|,|java+class:///java/lang/RuntimeException|>,|project://springframework-3.0.5_projects-org.springframework.core/src/main/java/org/springframework/core/NestedRuntimeException.java|(2237,18,<64,2>,<64,20>)>,
  <<|java+class:///org/springframework/core/serializer/support/SerializationFailedException|,|java+class:///org/springframework/core/NestedRuntimeException|>,|project://springframework-3.0.5_projects-org.springframework.core/src/main/java/org/springframework/core/serializer/support/SerializationFailedException.java|(1636,22,<48,2>,<48,24>)>,
  <<|java+class:///org/springframework/core/serializer/support/SerializationFailedException|,|java+class:///org/springframework/core/NestedRuntimeException|>,|project://springframework-3.0.5_projects-org.springframework.core/src/main/java/org/springframework/core/serializer/support/SerializationFailedException.java|(1344,15,<38,2>,<38,17>)>,
  <<|java+class:///org/springframework/core/convert/ConversionFailedException|,|java+class:///org/springframework/core/convert/ConversionException|>,|project://springframework-3.0.5_projects-org.springframework.core/src/main/java/org/springframework/core/convert/ConversionFailedException.java|(1418,172,<45,2>,<46,78>)>,
  <<|java+class:///org/springframework/core/DecoratingClassLoader|,|java+class:///java/lang/ClassLoader|>,|project://springframework-3.0.5_projects-org.springframework.core/src/main/java/org/springframework/core/DecoratingClassLoader.java|(1584,14,<53,2>,<53,16>)>,
  <<|java+class:///org/springframework/util/LinkedCaseInsensitiveMap|,|java+class:///java/util/LinkedHashMap|>,|project://springframework-3.0.5_projects-org.springframework.core/src/main/java/org/springframework/util/LinkedCaseInsensitiveMap.java|(1847,8,<58,2>,<58,10>)>,
  <<|java+class:///org/springframework/util/LinkedCaseInsensitiveMap|,|java+class:///java/util/LinkedHashMap|>,|project://springframework-3.0.5_projects-org.springframework.core/src/main/java/org/springframework/util/LinkedCaseInsensitiveMap.java|(2800,23,<83,2>,<83,25>)>,
  <<|java+class:///org/springframework/core/OverridingClassLoader|,|java+class:///org/springframework/core/DecoratingClassLoader|>,|project://springframework-3.0.5_projects-org.springframework.core/src/main/java/org/springframework/core/OverridingClassLoader.java|(1758,14,<50,2>,<50,16>)>,
  <<|java+class:///org/springframework/core/enums/AbstractCachingLabeledEnumResolver/LabeledEnumCache|,|java+class:///org/springframework/util/CachingMapDecorator|>,|project://springframework-3.0.5_projects-org.springframework.core/src/main/java/org/springframework/core/enums/AbstractCachingLabeledEnumResolver.java|(3675,12,<105,3>,<105,15>)>,
  <<|java+class:///org/springframework/util/MethodInvokerTests/VIP|,|java+class:///org/springframework/util/MethodInvokerTests/Regular|>,|project://springframework-3.0.5_projects-org.springframework.core/src/test/java/org/springframework/util/MethodInvokerTests.java|(7524,12,<277,3>,<277,15>)>,
  <<|java+class:///org/springframework/core/enums/StandAloneStaticLabeledEnum|,|java+class:///org/springframework/core/enums/StaticLabeledEnum|>,|project://springframework-3.0.5_projects-org.springframework.core/src/test/java/org/springframework/core/enums/StandAloneStaticLabeledEnum.java|(1166,18,<34,2>,<34,20>)>,
  <<|java+class:///org/springframework/core/enums/LabeledEnumTests/Dog|,|java+class:///org/springframework/core/enums/StaticLabeledEnum|>,|project://springframework-3.0.5_projects-org.springframework.core/src/test/java/org/springframework/core/enums/LabeledEnumTests.java|(5440,18,<157,3>,<157,21>)>,
  <<|java+class:///org/springframework/core/type/classreading/MethodMetadataReadingVisitor|,|java+class:///org/springframework/asm/MethodAdapter|>,|project://springframework-3.0.5_projects-org.springframework.core/src/main/java/org/springframework/core/type/classreading/MethodMetadataReadingVisitor.java|(1922,26,<56,2>,<56,28>)>,
  <<|java+class:///org/springframework/core/task/SimpleAsyncTaskExecutor|,|java+class:///org/springframework/util/CustomizableThreadCreator|>,|project://springframework-3.0.5_projects-org.springframework.core/src/main/java/org/springframework/core/task/SimpleAsyncTaskExecutor.java|(2781,24,<78,2>,<78,26>)>,
  <<|java+class:///org/springframework/core/task/SimpleAsyncTaskExecutor|,|java+class:///org/springframework/util/CustomizableThreadCreator|>,|project://springframework-3.0.5_projects-org.springframework.core/src/main/java/org/springframework/core/task/SimpleAsyncTaskExecutor.java|(2536,8,<70,2>,<70,10>)>,
  <<|java+class:///org/springframework/beans/Colour|,|java+class:///org/springframework/core/enums/ShortCodedLabeledEnum|>,|project://springframework-3.0.5_projects-org.springframework.core/src/test/java/org/springframework/beans/Colour.java|(1084,19,<32,2>,<32,21>)>
]