{
  <<|java+class:///org/castor/cpa/persistence/sql/driver/InstantDBFactory|,|java+class:///org/castor/cpa/persistence/sql/driver/GenericFactory|>,2,|java+interface:///org/exolab/castor/persist/spi/PersistenceFactory|>,
  <<|java+class:///org/castor/cpa/query/object/literal/EnumLiteral|,|java+class:///org/castor/cpa/query/object/literal/AbstractLiteral|>,2,|java+interface:///org/castor/cpa/query/QueryObject|>,
  <<|java+class:///org/castor/cpa/persistence/sql/query/expression/Function|,|java+class:///org/castor/cpa/persistence/sql/query/expression/Expression|>,2,|java+class:///org/castor/cpa/persistence/sql/query/expression/Expression|>,
  <<|java+class:///org/castor/jdo/conf/descriptors/PackageMappingDescriptor|,|java+class:///org/exolab/castor/xml/util/XMLClassDescriptorImpl|>,2,|java+interface:///org/exolab/castor/xml/TypeValidator|>,
  <<|java+interface:///org/castor/cpa/persistence/convertor/TypeConvertor|,|java+interface:///org/exolab/castor/mapping/TypeConvertor|>,2,|java+interface:///org/exolab/castor/mapping/TypeConvertor|>,
  <<|java+class:///org/castor/cpa/query/object/condition/MockCompoundCondition|,|java+class:///org/castor/cpa/query/object/condition/CompoundCondition|>,2,|java+interface:///org/castor/cpa/query/QueryObject|>,
  <<|java+class:///org/castor/cache/hashbelt/multithreaded/TestMultiThreadedLRUHashbeltWithWeadReferenceContainer|,|java+class:///org/castor/cache/hashbelt/multithreaded/AbstractTestMultiThreadedHashbelt|>,2,|java+interface:///junit/framework/Test|>,
  <<|java+class:///org/castor/jdo/conf/descriptors/DriverDescriptor|,|java+class:///org/exolab/castor/xml/util/XMLClassDescriptorImpl|>,2,|java+interface:///org/exolab/castor/xml/TypeValidator|>,
  <<|java+class:///org/castor/cpa/query/object/function/Locate|,|java+class:///org/castor/cpa/query/object/function/AbstractFunction|>,2,|java+interface:///org/castor/cpa/query/Function|>,
  <<|java+class:///org/castor/cpa/persistence/sql/keygen/TableKeyGenerator|,|java+class:///org/castor/cpa/persistence/sql/keygen/AbstractBeforeKeyGenerator|>,2,|java+interface:///org/castor/cpa/persistence/sql/keygen/KeyGenerator|>,
  <<|java+class:///org/castor/cpa/util/classresolution/command/ClassResolutionByMappingLoader|,|java+class:///org/castor/cpa/util/classresolution/command/BaseResolutionCommand|>,2,|java+interface:///org/castor/core/nature/PropertyHolder|>,
  <<|java+class:///org/castor/cpa/jpa/info/JPAClassAnnotationProcessingService|,|java+class:///org/castor/core/annotationprocessing/BaseTargetAwareAnnotationProcessingService|>,2,|java+interface:///org/castor/core/annotationprocessing/TargetAwareAnnotationProcessingService|>,
  <<|java+class:///org/castor/cpa/jpa/processors/fieldprocessors/JPASequenceGeneratorFieldProcessor|,|java+class:///org/castor/cpa/jpa/processors/BaseJPAAnnotationProcessor|>,2,|java+interface:///org/castor/core/annotationprocessing/TargetAwareAnnotationProcessor|>,
  <<|java+class:///org/castor/cache/hashbelt/multithreaded/TestMultiThreadedLRUHashbeltWithFastIteratingContainer|,|java+class:///org/castor/cache/hashbelt/multithreaded/AbstractTestMultiThreadedHashbelt|>,2,|java+interface:///junit/framework/Test|>,
  <<|java+class:///org/exolab/castor/jdo/oql/OQLSyntaxException|,|java+class:///org/exolab/castor/jdo/QueryException|>,2,|java+class:///java/lang/Throwable|>,
  <<|java+interface:///org/castor/cpa/query/Schema|,|java+interface:///org/castor/cpa/query/Field|>,2,|java+class:///java/lang/Object|>,
  <<|java+class:///org/castor/cpa/query/object/function/MockFunction|,|java+class:///org/castor/cpa/query/object/function/AbstractFunction|>,2,|java+interface:///org/castor/cpa/query/QueryObject|>,
  <<|java+class:///org/castor/cpa/jpa/processors/BaseJPAAnnotationProcessor|,|java+interface:///org/castor/core/annotationprocessing/TargetAwareAnnotationProcessor|>,2,|java+interface:///org/castor/core/annotationprocessing/TargetAwareAnnotationProcessor|>,
  <<|java+class:///org/castor/cpa/query/object/literal/MockLiteral|,|java+class:///org/castor/cpa/query/object/literal/AbstractLiteral|>,2,|java+interface:///org/castor/cpa/query/Literal|>,
  <<|java+class:///org/castor/cpa/persistence/sql/keygen/AbstractAfterKeyGenerator|,|java+class:///org/castor/cpa/persistence/sql/keygen/AbstractKeyGenerator|>,2,|java+interface:///org/castor/cpa/persistence/sql/keygen/KeyGenerator|>,
  <<|java+interface:///org/castor/cpa/query/Literal|,|java+interface:///org/castor/cpa/query/Expression|>,2,|java+class:///java/lang/Object|>,
  <<|java+class:///org/castor/cache/hashbelt/container/MapContainer|,|java+class:///java/util/HashMap|>,2,|java+class:///java/lang/Object|>,
  <<|java+class:///org/castor/cpa/query/object/literal/AbstractLiteral|,|java+class:///org/castor/cpa/query/object/expression/AbstractExpression|>,2,|java+class:///java/lang/Object|>,
  <<|java+class:///org/castor/cpa/persistence/sql/driver/OracleQueryExpression|,|java+class:///org/castor/cpa/persistence/sql/driver/JDBCQueryExpression|>,2,|java+interface:///org/exolab/castor/persist/spi/QueryExpression|>,
  <<|java+class:///org/castor/jdo/conf/descriptors/JdoConfDescriptor|,|java+class:///org/exolab/castor/xml/util/XMLClassDescriptorImpl|>,2,|java+interface:///org/exolab/castor/xml/TypeValidator|>,
  <<|java+class:///org/castor/cpa/persistence/sql/query/expression/NextVal|,|java+class:///org/castor/cpa/persistence/sql/query/expression/Function|>,2,|java+class:///org/castor/cpa/persistence/sql/query/expression/Expression|>,
  <<|java+class:///org/castor/cpa/query/object/function/Trim|,|java+class:///org/castor/cpa/query/object/function/AbstractFunction|>,2,|java+interface:///org/castor/cpa/query/QueryObject|>,
  <<|java+class:///org/castor/cache/distributed/TestEHCache|,|java+class:///junit/framework/TestCase|>,2,|java+interface:///junit/framework/Test|>,
  <<|java+class:///org/castor/cpa/query/object/condition/Like|,|java+class:///org/castor/cpa/query/object/condition/SimpleCondition|>,2,|java+interface:///org/castor/cpa/query/Condition|>,
  <<|java+class:///org/castor/jdo/conf/descriptors/DatabaseChoiceDescriptor|,|java+class:///org/exolab/castor/xml/util/XMLClassDescriptorImpl|>,2,|java+interface:///org/exolab/castor/mapping/ClassDescriptor|>,
  <<|java+class:///org/castor/cache/distributed/GigaspacesCache|,|java+class:///org/castor/cache/distributed/AbstractDistributedCache|>,2,|java+interface:///org/castor/cache/Cache|>,
  <<|java+interface:///org/castor/cpa/query/Literal|,|java+interface:///org/castor/cpa/query/Expression|>,2,|java+interface:///org/castor/cpa/query/QueryObject|>,
  <<|java+class:///org/castor/cpa/persistence/sql/driver/InterbaseQueryExpression|,|java+class:///org/castor/cpa/persistence/sql/driver/JDBCQueryExpression|>,2,|java+interface:///org/exolab/castor/persist/spi/QueryExpression|>,
  <<|java+class:///org/castor/cpa/jpa/processors/fieldprocessors/JPAOneToManyProcessor|,|java+class:///org/castor/cpa/jpa/processors/BaseJPAAnnotationProcessor|>,2,|java+interface:///org/castor/core/annotationprocessing/TargetAwareAnnotationProcessor|>,
  <<|java+class:///org/castor/cpa/query/object/expression/Add|,|java+class:///org/castor/cpa/query/object/expression/CompoundExpression|>,2,|java+interface:///org/castor/cpa/query/QueryObject|>,
  <<|java+class:///org/castor/cpa/query/object/literal/LongLiteral|,|java+class:///org/castor/cpa/query/object/literal/AbstractNumericLiteral|>,2,|java+interface:///org/castor/cpa/query/Expression|>,
  <<|java+class:///org/castor/cache/hashbelt/multithreaded/TestMultiThreadedFIFOHashbeltWithWeakReferenceContainer|,|java+class:///org/castor/cache/hashbelt/multithreaded/AbstractTestMultiThreadedHashbelt|>,2,|java+interface:///junit/framework/Test|>,
  <<|java+class:///org/castor/cache/hashbelt/LRUHashbelt|,|java+class:///org/castor/cache/hashbelt/AbstractHashbelt|>,2,|java+interface:///org/castor/cache/Cache|>,
  <<|java+class:///org/castor/cpa/query/object/condition/And|,|java+class:///org/castor/cpa/query/object/condition/CompoundCondition|>,2,|java+interface:///org/castor/cpa/query/Condition|>,
  <<|java+class:///org/castor/cpa/jpa/info/JPAFieldAnnotationProcessingService|,|java+class:///org/castor/core/annotationprocessing/BaseTargetAwareAnnotationProcessingService|>,2,|java+interface:///org/castor/core/annotationprocessing/TargetAwareAnnotationProcessingService|>,
  <<|java+interface:///org/castor/cpa/query/Schema|,|java+interface:///org/castor/cpa/query/Field|>,2,|java+interface:///org/castor/cpa/query/QueryObject|>,
  <<|java+class:///org/castor/cache/hashbelt/container/TestWeakReferenceContainer|,|java+class:///junit/framework/TestCase|>,2,|java+interface:///junit/framework/Test|>,
  <<|java+class:///org/castor/cache/distributed/TestJcsCacheFactory|,|java+class:///junit/framework/TestCase|>,2,|java+interface:///junit/framework/Test|>,
  <<|java+class:///org/castor/cpa/persistence/convertor/AbstractSimpleTypeConvertor|,|java+class:///org/castor/cpa/persistence/convertor/AbstractTypeConvertor|>,2,|java+interface:///org/exolab/castor/mapping/TypeConvertor|>,
  <<|java+class:///org/castor/cpa/persistence/sql/driver/PointbaseFactory|,|java+class:///org/castor/cpa/persistence/sql/driver/GenericFactory|>,2,|java+interface:///org/exolab/castor/persist/spi/PersistenceFactory|>,
  <<|java+class:///org/castor/cpa/query/object/function/AbstractFunction|,|java+interface:///org/castor/cpa/query/Function|>,2,|java+interface:///org/castor/cpa/query/Function|>,
  <<|java+class:///org/castor/cpa/query/object/MockParameter|,|java+class:///org/castor/cpa/query/object/parameter/AbstractParameter|>,2,|java+interface:///org/castor/cpa/query/Parameter|>,
  <<|java+class:///org/castor/persist/AbstractTransactionContext|,|java+interface:///org/castor/persist/TransactionContext|>,2,|java+interface:///org/castor/persist/TransactionContext|>,
  <<|java+class:///org/castor/cpa/query/object/condition/Null|,|java+class:///org/castor/cpa/query/object/condition/SimpleCondition|>,2,|java+interface:///org/castor/cpa/query/QueryObject|>,
  <<|java+class:///org/castor/cpa/persistence/sql/query/condition/CompoundCondition|,|java+class:///org/castor/cpa/persistence/sql/query/condition/Condition|>,2,|java+class:///org/castor/cpa/persistence/sql/query/condition/Condition|>,
  <<|java+class:///org/castor/cache/CacheMock|,|java+class:///org/castor/cache/AbstractBaseCache|>,2,|java+interface:///org/castor/cache/Cache|>,
  <<|java+class:///org/castor/cache/CacheFactoryMock|,|java+class:///org/castor/cache/AbstractCacheFactory|>,2,|java+interface:///org/castor/cache/CacheFactory|>,
  <<|java+class:///org/castor/cache/hashbelt/reaper/NotifyingReaperMock|,|java+class:///org/castor/cache/hashbelt/reaper/NotifyingReaper|>,2,|java+class:///org/castor/cache/hashbelt/reaper/AbstractReaper|>,
  <<|java+class:///org/castor/cpa/persistence/sql/driver/SapDbFactory|,|java+class:///org/castor/cpa/persistence/sql/driver/GenericFactory|>,2,|java+interface:///org/exolab/castor/persist/spi/PersistenceFactory|>,
  <<|java+class:///org/exolab/castor/jdo/TransactionAbortedException|,|java+class:///org/exolab/castor/jdo/PersistenceException|>,2,|java+class:///java/lang/Object|>,
  <<|java+class:///org/castor/cpa/query/object/condition/MockCompoundCondition|,|java+class:///org/castor/cpa/query/object/condition/CompoundCondition|>,2,|java+class:///java/lang/Object|>,
  <<|java+class:///org/castor/cpa/jpa/processors/fieldprocessors/JPALobProcessor|,|java+class:///org/castor/cpa/jpa/processors/BaseJPAAnnotationProcessor|>,2,|java+interface:///org/castor/core/annotationprocessing/TargetAwareAnnotationProcessor|>,
  <<|java+class:///org/castor/jdo/conf/descriptors/DataSourceDescriptor|,|java+class:///org/exolab/castor/xml/util/XMLClassDescriptorImpl|>,2,|java+interface:///org/exolab/castor/xml/TypeValidator|>,
  <<|java+class:///org/castor/cpa/query/object/parameter/CastorParameter|,|java+class:///org/castor/cpa/query/object/parameter/AbstractParameter|>,2,|java+interface:///org/castor/cpa/query/Parameter|>,
  <<|java+class:///org/castor/cpa/jpa/natures/JPAFieldNature|,|java+class:///org/castor/core/nature/BaseNature|>,2,|java+class:///java/lang/Object|>,
  <<|java+class:///org/exolab/castor/jdo/TransactionAbortedException|,|java+class:///org/exolab/castor/jdo/PersistenceException|>,2,|java+class:///java/lang/Exception|>,
  <<|java+class:///org/castor/cache/distributed/AbstractDistributedCache|,|java+class:///org/castor/cache/AbstractBaseCache|>,2,|java+interface:///org/castor/cache/Cache|>,
  <<|java+class:///org/castor/cpa/persistence/sql/keygen/HighLowKeyGenerator|,|java+class:///org/castor/cpa/persistence/sql/keygen/AbstractBeforeKeyGenerator|>,2,|java+interface:///org/castor/cpa/persistence/sql/keygen/KeyGenerator|>,
  <<|java+class:///org/castor/cpa/persistence/sql/query/visitor/SybaseQueryVisitor|,|java+class:///org/castor/cpa/persistence/sql/query/visitor/DefaultDoubleQuoteNameQueryVisitor|>,2,|java+class:///org/castor/cpa/persistence/sql/query/visitor/DefaultQueryVisitor|>,
  <<|java+class:///org/castor/cpa/persistence/sql/query/condition/Predicate|,|java+class:///org/castor/cpa/persistence/sql/query/condition/Condition|>,2,|java+class:///java/lang/Object|>,
  <<|java+class:///org/castor/cache/distributed/EHCacheFactory|,|java+class:///org/castor/cache/AbstractCacheFactory|>,2,|java+interface:///org/castor/cache/CacheFactory|>,
  <<|java+class:///org/castor/cpa/query/object/parameter/NamedParameter|,|java+class:///org/castor/cpa/query/object/parameter/AbstractParameter|>,2,|java+interface:///org/castor/cpa/query/QueryObject|>,
  <<|java+class:///org/castor/cpa/query/object/condition/SimpleCondition|,|java+class:///org/castor/cpa/query/object/condition/AbstractCondition|>,2,|java+class:///java/lang/Object|>,
  <<|java+class:///org/castor/cache/distributed/TestJcsCache|,|java+class:///junit/framework/TestCase|>,2,|java+interface:///junit/framework/Test|>,
  <<|java+class:///org/castor/cpa/persistence/sql/query/expression/NextVal|,|java+class:///org/castor/cpa/persistence/sql/query/expression/Function|>,2,|java+class:///java/lang/Object|>,
  <<|java+interface:///org/castor/cpa/query/Expression|,|java+interface:///org/castor/cpa/query/QueryObject|>,2,|java+class:///java/lang/Object|>,
  <<|java+class:///org/exolab/castor/jdo/engine/JDOMappingLoader|,|java+class:///org/exolab/castor/mapping/loader/AbstractMappingLoader|>,2,|java+interface:///org/exolab/castor/mapping/MappingLoader|>,
  <<|java+class:///org/castor/cache/hashbelt/LRUHashbeltFactory|,|java+class:///org/castor/cache/AbstractCacheFactory|>,2,|java+interface:///org/castor/cache/CacheFactory|>,
  <<|java+class:///org/castor/cpa/persistence/sql/query/expression/Function|,|java+class:///org/castor/cpa/persistence/sql/query/expression/Expression|>,2,|java+class:///java/lang/Object|>,
  <<|java+class:///org/exolab/castor/jdo/engine/GlobalDatabaseImpl|,|java+class:///org/exolab/castor/jdo/engine/AbstractDatabaseImpl|>,2,|java+class:///java/lang/Object|>,
  <<|java+class:///org/castor/cpa/jpa/processors/classprocessors/JPANamedQueriesProcessor|,|java+class:///org/castor/cpa/jpa/processors/BaseJPAAnnotationProcessor|>,2,|java+interface:///org/castor/core/annotationprocessing/TargetAwareAnnotationProcessor|>,
  <<|java+class:///org/castor/cpa/persistence/convertor/EnumToOrdinal|,|java+class:///org/castor/cpa/persistence/convertor/AbstractSimpleTypeConvertor|>,2,|java+class:///org/exolab/castor/mapping/loader/TypeInfo|>,
  <<|java+class:///org/castor/cpa/query/object/literal/EnumLiteral|,|java+class:///org/castor/cpa/query/object/literal/AbstractLiteral|>,2,|java+interface:///org/castor/cpa/query/Expression|>,
  <<|java+class:///org/castor/cpa/jpa/natures/JPAClassNature|,|java+class:///org/castor/core/nature/BaseNature|>,2,|java+class:///java/lang/Object|>,
  <<|java+class:///org/castor/cpa/persistence/sql/driver/ProgressFactory|,|java+class:///org/castor/cpa/persistence/sql/driver/GenericFactory|>,2,|java+interface:///org/exolab/castor/persist/spi/PersistenceFactory|>,
  <<|java+class:///org/castor/cache/TestDebuggingCacheProxy|,|java+class:///junit/framework/TestCase|>,2,|java+interface:///junit/framework/Test|>,
  <<|java+class:///org/castor/cpa/jpa/processors/classprocessors/JPAMappedSuperclassProcessor|,|java+class:///org/castor/cpa/jpa/processors/BaseJPAAnnotationProcessor|>,2,|java+interface:///org/castor/core/annotationprocessing/TargetAwareAnnotationProcessor|>,
  <<|java+class:///org/castor/cpa/jpa/processors/fieldprocessors/JPAJoinTableProcessor|,|java+class:///org/castor/cpa/jpa/processors/BaseJPAAnnotationProcessor|>,2,|java+interface:///org/castor/core/annotationprocessing/TargetAwareAnnotationProcessor|>,
  <<|java+class:///org/castor/cpa/jpa/processors/classprocessors/JPACacheProcessor|,|java+class:///org/castor/cpa/jpa/processors/BaseJPAAnnotationProcessor|>,2,|java+interface:///org/castor/core/annotationprocessing/TargetAwareAnnotationProcessor|>,
  <<|java+class:///org/castor/cpa/query/object/condition/MockExpression|,|java+class:///org/castor/cpa/query/object/expression/AbstractExpression|>,2,|java+interface:///org/castor/cpa/query/Expression|>,
  <<|java+class:///org/castor/persist/GlobalTransactionContext|,|java+class:///org/castor/persist/AbstractTransactionContext|>,2,|java+interface:///org/castor/persist/TransactionContext|>,
  <<|java+interface:///org/castor/cpa/query/Schema|,|java+interface:///org/castor/cpa/query/Field|>,2,|java+interface:///org/castor/cpa/query/Field|>,
  <<|java+class:///org/castor/transactionmanager/TestWebSphere5TransactionManagerFactory|,|java+class:///junit/framework/TestCase|>,2,|java+interface:///junit/framework/Test|>,
  <<|java+class:///org/castor/cpa/persistence/sql/driver/DerbyQueryExpression|,|java+class:///org/castor/cpa/persistence/sql/driver/JDBCQueryExpression|>,2,|java+interface:///org/exolab/castor/persist/spi/QueryExpression|>,
  <<|java+class:///org/castor/cpa/query/object/expression/Add|,|java+class:///org/castor/cpa/query/object/expression/CompoundExpression|>,2,|java+interface:///org/castor/cpa/query/Expression|>,
  <<|java+class:///org/castor/transactionmanager/TestTransactionManagerAcquireException|,|java+class:///junit/framework/TestCase|>,2,|java+interface:///junit/framework/Test|>,
  <<|java+class:///org/castor/persist/resolver/PrimitiveResolver|,|java+class:///org/castor/persist/resolver/BaseRelationResolver|>,2,|java+interface:///org/castor/persist/resolver/ResolverStrategy|>,
  <<|java+class:///org/castor/cpa/query/object/parameter/PositionalParameter|,|java+class:///org/castor/cpa/query/object/parameter/AbstractParameter|>,2,|java+interface:///org/castor/cpa/query/QueryObject|>,
  <<|java+class:///org/castor/cache/distributed/JcsCacheFactory|,|java+class:///org/castor/cache/AbstractCacheFactory|>,2,|java+interface:///org/castor/cache/CacheFactory|>,
  <<|java+class:///org/castor/cpa/query/object/condition/SimpleCondition|,|java+class:///org/castor/cpa/query/object/condition/AbstractCondition|>,2,|java+interface:///org/castor/cpa/query/QueryObject|>,
  <<|java+class:///org/castor/cpa/jpa/processors/classprocessors/JPANamedQueryProcessor|,|java+class:///org/castor/cpa/jpa/processors/BaseJPAAnnotationProcessor|>,2,|java+interface:///org/castor/core/annotationprocessing/TargetAwareAnnotationProcessor|>,
  <<|java+class:///org/castor/cache/simple/TimeLimited|,|java+class:///org/castor/cache/AbstractBaseCache|>,2,|java+interface:///org/castor/cache/Cache|>,
  <<|java+interface:///org/castor/cpa/query/Expression|,|java+interface:///org/castor/cpa/query/QueryObject|>,2,|java+interface:///org/castor/cpa/query/QueryObject|>,
  <<|java+interface:///org/castor/cpa/query/Literal|,|java+interface:///org/castor/cpa/query/Expression|>,2,|java+interface:///org/castor/cpa/query/Expression|>,
  <<|java+class:///org/castor/cpa/persistence/sql/query/visitor/PostgreSQLQueryVisitor|,|java+class:///org/castor/cpa/persistence/sql/query/visitor/DefaultDoubleQuoteNameQueryVisitor|>,2,|java+class:///org/castor/cpa/persistence/sql/query/visitor/DefaultQueryVisitor|>,
  <<|java+class:///org/castor/cpa/query/object/function/Sqrt|,|java+class:///org/castor/cpa/query/object/function/AbstractFunction|>,2,|java+interface:///org/castor/cpa/query/QueryObject|>,
  <<|java+class:///org/castor/cpa/persistence/sql/query/visitor/ProgressQueryVisitor|,|java+class:///org/castor/cpa/persistence/sql/query/visitor/DefaultDoubleQuoteNameQueryVisitor|>,2,|java+interface:///org/castor/cpa/persistence/sql/query/Visitor|>,
  <<|java+class:///org/castor/cpa/query/object/condition/In|,|java+interface:///org/castor/cpa/query/InCondition|>,2,|java+interface:///org/castor/cpa/query/QueryObject|>,
  <<|java+class:///org/castor/cpa/persistence/sql/driver/InformixQueryExpression|,|java+class:///org/castor/cpa/persistence/sql/driver/JDBCQueryExpression|>,2,|java+interface:///org/exolab/castor/persist/spi/QueryExpression|>,
  <<|java+class:///org/castor/cpa/query/object/literal/LongLiteral|,|java+class:///org/castor/cpa/query/object/literal/AbstractNumericLiteral|>,2,|java+interface:///org/castor/cpa/query/QueryObject|>,
  <<|java+class:///org/castor/cpa/query/object/condition/Or|,|java+class:///org/castor/cpa/query/object/condition/CompoundCondition|>,2,|java+interface:///org/castor/cpa/query/QueryObject|>,
  <<|java+class:///org/castor/cpa/query/object/expression/AbstractExpression|,|java+interface:///org/castor/cpa/query/Expression|>,2,|java+interface:///org/castor/cpa/query/Expression|>,
  <<|java+class:///org/castor/cpa/query/object/expression/CompoundExpression|,|java+class:///org/castor/cpa/query/object/expression/AbstractExpression|>,2,|java+interface:///org/castor/cpa/query/Expression|>,
  <<|java+class:///org/castor/cpa/persistence/sql/query/visitor/SQLServerQueryVisitor|,|java+class:///org/castor/cpa/persistence/sql/query/visitor/DefaultDoubleQuoteNameQueryVisitor|>,2,|java+class:///org/castor/cpa/persistence/sql/query/visitor/DefaultQueryVisitor|>,
  <<|java+class:///org/castor/cpa/query/object/literal/DoubleLiteral|,|java+class:///org/castor/cpa/query/object/literal/AbstractNumericLiteral|>,2,|java+interface:///org/castor/cpa/query/Literal|>,
  <<|java+class:///org/castor/cpa/query/object/AbstractField|,|java+interface:///org/castor/cpa/query/Field|>,2,|java+interface:///org/castor/cpa/query/QueryObject|>,
  <<|java+class:///org/castor/cpa/query/object/literal/DateLiteral|,|java+class:///org/castor/cpa/query/object/literal/AbstractTemporalLiteral|>,2,|java+interface:///org/castor/cpa/query/Expression|>,
  <<|java+class:///org/castor/cpa/query/object/function/Substring|,|java+class:///org/castor/cpa/query/object/function/AbstractFunction|>,2,|java+interface:///org/castor/cpa/query/QueryObject|>,
  <<|java+class:///org/castor/cache/distributed/TestOsCacheFactory|,|java+class:///junit/framework/TestCase|>,2,|java+interface:///junit/framework/Test|>,
  <<|java+class:///org/castor/cpa/query/object/parameter/AbstractParameter|,|java+interface:///org/castor/cpa/query/Parameter|>,2,|java+interface:///org/castor/cpa/query/Expression|>,
  <<|java+class:///org/castor/cpa/query/object/function/Upper|,|java+class:///org/castor/cpa/query/object/function/AbstractFunction|>,2,|java+interface:///org/castor/cpa/query/Function|>,
  <<|java+class:///org/castor/cache/hashbelt/TestLRUHashbeltFactory|,|java+class:///junit/framework/TestCase|>,2,|java+interface:///junit/framework/Test|>,
  <<|java+class:///org/castor/cpa/query/object/literal/BigDecimalLiteral|,|java+class:///org/castor/cpa/query/object/literal/AbstractNumericLiteral|>,2,|java+interface:///org/castor/cpa/query/Literal|>,
  <<|java+class:///org/castor/cpa/query/object/OrderImpl|,|java+interface:///org/castor/cpa/query/Order|>,2,|java+interface:///org/castor/cpa/query/QueryObject|>,
  <<|java+class:///org/castor/cpa/query/object/literal/BooleanLiteral|,|java+class:///org/castor/cpa/query/object/literal/AbstractLiteral|>,2,|java+interface:///org/castor/cpa/query/Literal|>,
  <<|java+class:///org/castor/cpa/query/object/literal/AbstractNumericLiteral|,|java+class:///org/castor/cpa/query/object/literal/AbstractLiteral|>,2,|java+interface:///org/castor/cpa/query/Expression|>,
  <<|java+class:///org/castor/cpa/query/object/function/Lower|,|java+class:///org/castor/cpa/query/object/function/AbstractFunction|>,2,|java+interface:///org/castor/cpa/query/Function|>,
  <<|java+class:///org/castor/cpa/query/object/parameter/MockParameter|,|java+class:///org/castor/cpa/query/object/parameter/AbstractParameter|>,2,|java+interface:///org/castor/cpa/query/QueryObject|>,
  <<|java+interface:///org/castor/cpa/query/Parameter|,|java+interface:///org/castor/cpa/query/Expression|>,2,|java+interface:///org/castor/cpa/query/Expression|>,
  <<|java+class:///org/castor/cache/hashbelt/reaper/ReinsertingReaperMock|,|java+class:///org/castor/cache/hashbelt/reaper/ReinsertingReaper|>,2,|java+class:///org/castor/cache/hashbelt/reaper/AbstractReaper|>,
  <<|java+class:///org/castor/persist/resolver/SerializableResolver|,|java+class:///org/castor/persist/resolver/BaseRelationResolver|>,2,|java+interface:///org/castor/persist/resolver/ResolverStrategy|>,
  <<|java+class:///org/castor/cpa/persistence/sql/keygen/IdentityKeyGenerator|,|java+class:///org/castor/cpa/persistence/sql/keygen/AbstractAfterKeyGenerator|>,2,|java+interface:///org/castor/cpa/persistence/sql/keygen/KeyGenerator|>,
  <<|java+class:///org/castor/cpa/query/object/expression/Subtract|,|java+class:///org/castor/cpa/query/object/expression/CompoundExpression|>,2,|java+interface:///org/castor/cpa/query/QueryObject|>,
  <<|java+class:///org/castor/transactionmanager/TestJNDIENCTransactionManagerFactory|,|java+class:///junit/framework/TestCase|>,2,|java+interface:///junit/framework/Test|>,
  <<|java+class:///org/castor/cpa/query/object/condition/Comparison|,|java+class:///org/castor/cpa/query/object/condition/AbstractCondition|>,2,|java+interface:///org/castor/cpa/query/QueryObject|>,
  <<|java+class:///org/castor/cpa/persistence/sql/driver/HsqlQueryExpression|,|java+class:///org/castor/cpa/persistence/sql/driver/JDBCQueryExpression|>,2,|java+interface:///org/exolab/castor/persist/spi/QueryExpression|>,
  <<|java+class:///org/castor/cache/hashbelt/reaper/ReinsertingReaper|,|java+class:///org/castor/cache/hashbelt/reaper/AbstractReaper|>,2,|java+class:///org/castor/cache/hashbelt/reaper/AbstractReaper|>,
  <<|java+class:///org/castor/cpa/query/object/function/Abs|,|java+class:///org/castor/cpa/query/object/function/AbstractFunction|>,2,|java+interface:///org/castor/cpa/query/QueryObject|>,
  <<|java+class:///org/castor/cpa/query/object/expression/Concat|,|java+class:///org/castor/cpa/query/object/expression/CompoundExpression|>,2,|java+interface:///org/castor/cpa/query/QueryObject|>,
  <<|java+class:///org/castor/cache/TestCacheAcquireException|,|java+class:///junit/framework/TestCase|>,2,|java+interface:///junit/framework/Test|>,
  <<|java+class:///org/castor/cpa/query/object/function/CustomFunction|,|java+class:///org/castor/cpa/query/object/function/AbstractFunction|>,2,|java+interface:///org/castor/cpa/query/Function|>,
  <<|java+class:///org/castor/cpa/persistence/sql/driver/HsqlFactory|,|java+class:///org/castor/cpa/persistence/sql/driver/GenericFactory|>,2,|java+interface:///org/exolab/castor/persist/spi/PersistenceFactory|>,
  <<|java+class:///org/castor/cache/hashbelt/FIFOHashbelt|,|java+class:///org/castor/cache/hashbelt/AbstractHashbelt|>,2,|java+interface:///org/castor/cache/Cache|>,
  <<|java+class:///org/castor/cpa/query/object/condition/AbstractCondition|,|java+interface:///org/castor/cpa/query/Condition|>,2,|java+interface:///org/castor/cpa/query/Condition|>,
  <<|java+class:///org/castor/cache/distributed/TestEHCacheFactory|,|java+class:///junit/framework/TestCase|>,2,|java+interface:///junit/framework/Test|>,
  <<|java+class:///org/castor/cache/hashbelt/reaper/TestReinsertingReaper|,|java+class:///junit/framework/TestCase|>,2,|java+interface:///junit/framework/Test|>,
  <<|java+class:///org/castor/cpa/query/object/literal/AbstractLiteral|,|java+interface:///org/castor/cpa/query/Literal|>,2,|java+interface:///org/castor/cpa/query/Expression|>,
  <<|java+class:///org/castor/cache/hashbelt/reaper/TestNotifyingReaper|,|java+class:///junit/framework/TestCase|>,2,|java+interface:///junit/framework/Test|>,
  <<|java+class:///org/castor/cpa/persistence/sql/query/condition/Predicate|,|java+class:///org/castor/cpa/persistence/sql/query/condition/Condition|>,2,|java+class:///org/castor/cpa/persistence/sql/query/condition/Condition|>,
  <<|java+class:///org/castor/cache/distributed/FKCacheFactory|,|java+class:///org/castor/cache/AbstractCacheFactory|>,2,|java+interface:///org/castor/cache/CacheFactory|>,
  <<|java+class:///org/castor/persist/LocalTransactionContext|,|java+class:///org/castor/persist/AbstractTransactionContext|>,2,|java+interface:///org/castor/persist/TransactionContext|>,
  <<|java+class:///org/castor/cpa/util/classresolution/command/ClassResolutionByMappingLoader|,|java+class:///org/castor/cpa/util/classresolution/command/BaseResolutionCommand|>,2,|java+interface:///org/castor/cpa/util/classresolution/command/ClassDescriptorResolutionCommand|>,
  <<|java+class:///org/castor/cpa/query/object/literal/StringLiteral|,|java+class:///org/castor/cpa/query/object/literal/AbstractLiteral|>,2,|java+interface:///org/castor/cpa/query/Literal|>,
  <<|java+class:///org/castor/cpa/persistence/sql/driver/GenericFactory|,|java+class:///org/castor/cpa/persistence/sql/driver/BaseFactory|>,2,|java+interface:///org/exolab/castor/persist/spi/PersistenceFactory|>,
  <<|java+class:///org/castor/cache/simple/TestTimeLimitedFactory|,|java+class:///junit/framework/TestCase|>,2,|java+interface:///junit/framework/Test|>,
  <<|java+class:///org/castor/cache/distributed/TestCoherenceCache|,|java+class:///junit/framework/TestCase|>,2,|java+interface:///junit/framework/Test|>,
  <<|java+class:///org/exolab/castor/jdo/engine/jdo_descriptors/AddressJDODescriptor|,|java+class:///org/exolab/castor/mapping/loader/ClassDescriptorImpl|>,2,|java+interface:///org/exolab/castor/mapping/ClassDescriptor|>,
  <<|java+class:///org/castor/cpa/query/object/literal/TimeLiteral|,|java+class:///org/castor/cpa/query/object/literal/AbstractTemporalLiteral|>,2,|java+interface:///org/castor/cpa/query/Expression|>,
  <<|java+class:///org/castor/cpa/persistence/sql/query/expression/Column|,|java+class:///org/castor/cpa/persistence/sql/query/expression/Expression|>,2,|java+class:///java/lang/Object|>,
  <<|java+class:///org/castor/cpa/query/object/expression/Negate|,|java+class:///org/castor/cpa/query/object/expression/AbstractExpression|>,2,|java+interface:///org/castor/cpa/query/Expression|>,
  <<|java+class:///org/castor/cpa/query/object/expression/Remainder|,|java+class:///org/castor/cpa/query/object/expression/CompoundExpression|>,2,|java+interface:///org/castor/cpa/query/Expression|>,
  <<|java+interface:///org/castor/cache/Cache|,|java+interface:///java/util/Map|>,2,|java+class:///java/lang/String|>,
  <<|java+class:///org/castor/cache/simple/Unlimited|,|java+class:///org/castor/cache/AbstractBaseCache|>,2,|java+interface:///org/castor/cache/Cache|>,
  <<|java+class:///org/castor/cache/simple/TimeLimitedFactory|,|java+class:///org/castor/cache/AbstractCacheFactory|>,2,|java+interface:///org/castor/cache/CacheFactory|>,
  <<|java+class:///org/exolab/castor/jdo/PersistenceException|,|java+class:///org/exolab/castor/core/exceptions/CastorException|>,2,|java+class:///java/lang/Object|>,
  <<|java+class:///org/castor/cache/simple/NoCache|,|java+class:///org/castor/cache/AbstractBaseCache|>,2,|java+interface:///org/castor/cache/Cache|>,
  <<|java+class:///org/castor/cpa/persistence/sql/driver/DB2QueryExpression|,|java+class:///org/castor/cpa/persistence/sql/driver/JDBCQueryExpression|>,2,|java+interface:///org/exolab/castor/persist/spi/QueryExpression|>,
  <<|java+class:///org/castor/transactionmanager/TestTransactionManagerRegistry|,|java+class:///junit/framework/TestCase|>,2,|java+interface:///junit/framework/Test|>,
  <<|java+class:///org/castor/cpa/query/object/function/MockExpression|,|java+class:///org/castor/cpa/query/object/expression/AbstractExpression|>,2,|java+interface:///org/castor/cpa/query/Expression|>,
  <<|java+class:///org/castor/cache/distributed/TestFKCacheFactory|,|java+class:///junit/framework/TestCase|>,2,|java+interface:///junit/framework/Test|>,
  <<|java+class:///org/castor/cpa/query/object/expression/MockExpression|,|java+class:///org/castor/cpa/query/object/expression/AbstractExpression|>,2,|java+interface:///org/castor/cpa/query/Expression|>,
  <<|java+class:///org/castor/cpa/query/object/expression/Subtract|,|java+class:///org/castor/cpa/query/object/expression/CompoundExpression|>,2,|java+interface:///org/castor/cpa/query/Expression|>,
  <<|java+class:///org/castor/cpa/query/object/AbstractField|,|java+interface:///org/castor/cpa/query/Field|>,2,|java+interface:///org/castor/cpa/query/Field|>,
  <<|java+class:///org/castor/jdo/conf/descriptors/MappingDescriptor|,|java+class:///org/exolab/castor/xml/util/XMLClassDescriptorImpl|>,2,|java+interface:///org/exolab/castor/xml/TypeValidator|>,
  <<|java+class:///org/castor/cache/hashbelt/reaper/RefreshingReaper|,|java+class:///org/castor/cache/hashbelt/reaper/AbstractReaper|>,2,|java+class:///org/castor/cache/hashbelt/reaper/AbstractReaper|>,
  <<|java+class:///org/castor/cpa/query/object/expression/Concat|,|java+class:///org/castor/cpa/query/object/expression/CompoundExpression|>,2,|java+interface:///org/castor/cpa/query/Expression|>,
  <<|java+class:///org/castor/cpa/persistence/sql/query/visitor/DB2QueryVisitor|,|java+class:///org/castor/cpa/persistence/sql/query/visitor/DefaultDoubleQuoteNameQueryVisitor|>,2,|java+interface:///org/castor/cpa/persistence/sql/query/Visitor|>,
  <<|java+class:///org/castor/cache/hashbelt/multithreaded/ThreadedTestCase|,|java+class:///junit/framework/TestCase|>,2,|java+interface:///junit/framework/Test|>,
  <<|java+class:///org/castor/cpa/query/object/condition/MockField|,|java+class:///org/castor/cpa/query/object/AbstractField|>,2,|java+interface:///org/castor/cpa/query/Expression|>,
  <<|java+interface:///org/castor/cpa/query/Parameter|,|java+interface:///org/castor/cpa/query/Expression|>,2,|java+interface:///org/castor/cpa/query/QueryObject|>,
  <<|java+class:///org/castor/jdo/conf/descriptors/DatabaseChoiceDescriptor|,|java+class:///org/exolab/castor/xml/util/XMLClassDescriptorImpl|>,2,|java+interface:///org/exolab/castor/xml/TypeValidator|>,
  <<|java+class:///org/castor/cpa/query/object/function/Length|,|java+class:///org/castor/cpa/query/object/function/AbstractFunction|>,2,|java+interface:///org/castor/cpa/query/Function|>,
  <<|java+class:///org/castor/cpa/jpa/processors/classprocessors/JPANamedNativeQueriesProcessor|,|java+class:///org/castor/cpa/jpa/processors/BaseJPAAnnotationProcessor|>,2,|java+interface:///org/castor/core/annotationprocessing/TargetAwareAnnotationProcessor|>,
  <<|java+interface:///org/castor/cpa/query/Condition|,|java+interface:///org/castor/cpa/query/QueryObject|>,2,|java+interface:///org/castor/cpa/query/QueryObject|>,
  <<|java+class:///org/castor/cpa/query/object/literal/AbstractNumericLiteral|,|java+class:///org/castor/cpa/query/object/literal/AbstractLiteral|>,2,|java+interface:///org/castor/cpa/query/QueryObject|>,
  <<|java+class:///org/exolab/castor/jdo/PersistenceException|,|java+class:///org/exolab/castor/core/exceptions/CastorException|>,2,|java+class:///java/lang/Exception|>,
  <<|java+class:///org/castor/cpa/query/object/condition/MockCondition|,|java+class:///org/castor/cpa/query/object/condition/AbstractCondition|>,2,|java+interface:///org/castor/cpa/query/Condition|>,
  <<|java+class:///org/castor/cpa/jpa/processors/fieldprocessors/JPATransientProcessor|,|java+class:///org/castor/cpa/jpa/processors/BaseJPAAnnotationProcessor|>,2,|java+interface:///org/castor/core/annotationprocessing/TargetAwareAnnotationProcessor|>,
  <<|java+class:///org/exolab/castor/jdo/QueryException|,|java+class:///org/exolab/castor/jdo/PersistenceException|>,2,|java+class:///java/lang/Throwable|>,
  <<|java+class:///org/castor/cpa/query/object/literal/MockNumericLiteral|,|java+class:///org/castor/cpa/query/object/literal/AbstractNumericLiteral|>,2,|java+interface:///org/castor/cpa/query/Literal|>,
  <<|java+class:///org/castor/cpa/persistence/sql/query/visitor/OracleQueryVisitor|,|java+class:///org/castor/cpa/persistence/sql/query/visitor/DefaultDoubleQuoteNameQueryVisitor|>,2,|java+class:///org/castor/cpa/persistence/sql/query/visitor/DefaultQueryVisitor|>,
  <<|java+class:///org/castor/cpa/query/object/expression/CompoundExpression|,|java+class:///org/castor/cpa/query/object/expression/AbstractExpression|>,2,|java+interface:///org/castor/cpa/query/QueryObject|>,
  <<|java+class:///org/castor/cache/hashbelt/TestFIFOHashbelt|,|java+class:///junit/framework/TestCase|>,2,|java+interface:///junit/framework/Test|>,
  <<|java+class:///org/castor/cpa/persistence/sql/query/condition/CompoundCondition|,|java+class:///org/castor/cpa/persistence/sql/query/condition/Condition|>,2,|java+class:///java/lang/Object|>,
  <<|java+class:///org/castor/cpa/query/object/AbstractField|,|java+interface:///org/castor/cpa/query/Field|>,2,|java+interface:///org/castor/cpa/query/Expression|>,
  <<|java+class:///org/castor/cpa/query/object/literal/DateLiteral|,|java+class:///org/castor/cpa/query/object/literal/AbstractTemporalLiteral|>,2,|java+interface:///org/castor/cpa/query/QueryObject|>,
  <<|java+class:///org/castor/jdo/conf/descriptors/DatabaseDescriptor|,|java+class:///org/exolab/castor/xml/util/XMLClassDescriptorImpl|>,2,|java+interface:///org/exolab/castor/xml/TypeValidator|>,
  <<|java+class:///org/castor/cpa/query/object/expression/AbstractExpression|,|java+interface:///org/castor/cpa/query/Expression|>,2,|java+interface:///org/castor/cpa/query/QueryObject|>,
  <<|java+class:///org/castor/jdo/conf/descriptors/ParamDescriptor|,|java+class:///org/exolab/castor/xml/util/XMLClassDescriptorImpl|>,2,|java+interface:///org/exolab/castor/xml/TypeValidator|>,
  <<|java+class:///org/castor/cache/distributed/JCache|,|java+class:///org/castor/cache/distributed/AbstractDistributedCache|>,2,|java+interface:///org/castor/cache/Cache|>,
  <<|java+class:///org/castor/persist/resolver/ManyRelationResolver|,|java+class:///org/castor/persist/resolver/BaseRelationResolver|>,2,|java+interface:///org/castor/persist/resolver/ResolverStrategy|>,
  <<|java+class:///org/castor/cpa/query/object/parameter/AbstractParameter|,|java+interface:///org/castor/cpa/query/Parameter|>,2,|java+interface:///org/castor/cpa/query/QueryObject|>,
  <<|java+class:///org/castor/cpa/query/object/function/MockExpression|,|java+class:///org/castor/cpa/query/object/expression/AbstractExpression|>,2,|java+class:///java/lang/Object|>,
  <<|java+class:///org/castor/cpa/query/object/expression/MockExpression|,|java+class:///org/castor/cpa/query/object/expression/AbstractExpression|>,2,|java+class:///java/lang/Object|>,
  <<|java+class:///org/castor/cache/hashbelt/reaper/TestAbstractReaper|,|java+class:///junit/framework/TestCase|>,2,|java+interface:///junit/framework/Test|>,
  <<|java+class:///org/castor/cpa/query/object/condition/CompoundCondition|,|java+class:///org/castor/cpa/query/object/condition/AbstractCondition|>,2,|java+interface:///org/castor/cpa/query/Condition|>,
  <<|java+class:///org/castor/persist/resolver/ManyToManyRelationResolver|,|java+class:///org/castor/persist/resolver/ManyRelationResolver|>,2,|java+interface:///org/castor/persist/resolver/ResolverStrategy|>,
  <<|java+class:///org/castor/cpa/query/object/condition/Not|,|java+class:///org/castor/cpa/query/object/condition/AbstractCondition|>,2,|java+interface:///org/castor/cpa/query/Condition|>,
  <<|java+class:///org/castor/cpa/query/object/condition/MockParameter|,|java+class:///org/castor/cpa/query/object/parameter/AbstractParameter|>,2,|java+interface:///org/castor/cpa/query/Parameter|>,
  <<|java+class:///org/castor/cpa/persistence/sql/query/Table|,|java+class:///org/castor/cpa/persistence/sql/query/Qualifier|>,2,|java+class:///java/lang/Object|>,
  <<|java+class:///org/castor/cpa/persistence/sql/query/TableAlias|,|java+class:///org/castor/cpa/persistence/sql/query/Qualifier|>,2,|java+class:///java/lang/Object|>,
  <<|java+class:///org/castor/cpa/jpa/processors/fieldprocessors/JPAManyToOneProcessor|,|java+class:///org/castor/cpa/jpa/processors/BaseJPAAnnotationProcessor|>,2,|java+interface:///org/castor/core/annotationprocessing/TargetAwareAnnotationProcessor|>,
  <<|java+class:///org/castor/cache/hashbelt/reaper/NotifyingReaper|,|java+class:///org/castor/cache/hashbelt/reaper/AbstractReaper|>,2,|java+class:///org/castor/cache/hashbelt/reaper/AbstractReaper|>,
  <<|java+class:///org/castor/cpa/jpa/processors/fieldprocessors/JPAColumnProcessor|,|java+class:///org/castor/cpa/jpa/processors/BaseJPAAnnotationProcessor|>,2,|java+interface:///org/castor/core/annotationprocessing/TargetAwareAnnotationProcessor|>,
  <<|java+class:///org/castor/cpa/query/object/expression/Negate|,|java+class:///org/castor/cpa/query/object/expression/AbstractExpression|>,2,|java+interface:///org/castor/cpa/query/QueryObject|>,
  <<|java+class:///org/castor/cpa/persistence/sql/driver/SQLServerQueryExpression|,|java+class:///org/castor/cpa/persistence/sql/driver/JDBCQueryExpression|>,2,|java+interface:///org/exolab/castor/persist/spi/QueryExpression|>,
  <<|java+class:///org/castor/cpa/query/object/expression/MockCompoundExpression|,|java+class:///org/castor/cpa/query/object/expression/CompoundExpression|>,2,|java+interface:///org/castor/cpa/query/QueryObject|>,
  <<|java+class:///org/castor/cpa/query/object/literal/TimeLiteral|,|java+class:///org/castor/cpa/query/object/literal/AbstractTemporalLiteral|>,2,|java+interface:///org/castor/cpa/query/QueryObject|>,
  <<|java+class:///org/castor/cpa/query/object/ProjectionImpl|,|java+interface:///org/castor/cpa/query/Projection|>,2,|java+interface:///org/castor/cpa/query/QueryObject|>,
  <<|java+class:///org/castor/cache/CacheMock|,|java+class:///org/castor/cache/AbstractBaseCache|>,2,|java+class:///java/lang/String|>,
  <<|java+class:///org/castor/cache/simple/TestCountLimitedFactory|,|java+class:///junit/framework/TestCase|>,2,|java+interface:///junit/framework/Test|>,
  <<|java+class:///org/exolab/castor/jdo/engine/GlobalDatabaseImpl|,|java+class:///org/exolab/castor/jdo/engine/AbstractDatabaseImpl|>,2,|java+interface:///org/exolab/castor/jdo/Database|>,
  <<|java+class:///org/castor/cpa/query/object/expression/Remainder|,|java+class:///org/castor/cpa/query/object/expression/CompoundExpression|>,2,|java+interface:///org/castor/cpa/query/QueryObject|>,
  <<|java+class:///org/castor/cache/distributed/GigaspacesCacheFactory|,|java+class:///org/castor/cache/AbstractCacheFactory|>,2,|java+interface:///org/castor/cache/CacheFactory|>,
  <<|java+class:///org/castor/cpa/query/object/function/MockExpression|,|java+class:///org/castor/cpa/query/object/expression/AbstractExpression|>,2,|java+interface:///org/castor/cpa/query/QueryObject|>,
  <<|java+class:///org/castor/cpa/jpa/processors/classprocessors/JPAInheritanceProcessor|,|java+class:///org/castor/cpa/jpa/processors/BaseJPAAnnotationProcessor|>,2,|java+interface:///org/castor/core/annotationprocessing/TargetAwareAnnotationProcessor|>,
  <<|java+class:///org/castor/cpa/jpa/processors/classprocessors/JPANamedNativeQueryProcessor|,|java+class:///org/castor/cpa/jpa/processors/BaseJPAAnnotationProcessor|>,2,|java+interface:///org/castor/core/annotationprocessing/TargetAwareAnnotationProcessor|>,
  <<|java+class:///org/castor/cpa/persistence/sql/query/visitor/DefaultDoubleQuoteNameQueryVisitor|,|java+class:///org/castor/cpa/persistence/sql/query/visitor/DefaultQueryVisitor|>,2,|java+interface:///org/castor/cpa/persistence/sql/query/Visitor|>,
  <<|java+interface:///org/castor/cpa/query/Parameter|,|java+interface:///org/castor/cpa/query/Expression|>,2,|java+class:///java/lang/Object|>,
  <<|java+class:///org/castor/cpa/persistence/sql/keygen/UUIDKeyGenerator|,|java+class:///org/castor/cpa/persistence/sql/keygen/AbstractBeforeKeyGenerator|>,2,|java+interface:///org/castor/cpa/persistence/sql/keygen/KeyGenerator|>,
  <<|java+class:///org/castor/cache/simple/CountLimited|,|java+class:///org/castor/cache/AbstractBaseCache|>,2,|java+interface:///org/castor/cache/Cache|>,
  <<|java+class:///org/castor/cpa/query/object/literal/MockTemporalLiteral|,|java+class:///org/castor/cpa/query/object/literal/AbstractTemporalLiteral|>,2,|java+interface:///org/castor/cpa/query/QueryObject|>,
  <<|java+interface:///org/castor/cpa/query/Condition|,|java+interface:///org/castor/cpa/query/QueryObject|>,2,|java+class:///java/lang/Object|>,
  <<|java+class:///org/castor/cache/distributed/TestGigaspacesCacheFactory|,|java+class:///junit/framework/TestCase|>,2,|java+interface:///junit/framework/Test|>,
  <<|java+class:///org/castor/cpa/query/object/condition/Between|,|java+class:///org/castor/cpa/query/object/condition/SimpleCondition|>,2,|java+interface:///org/castor/cpa/query/QueryObject|>,
  <<|java+interface:///org/castor/cache/Cache|,|java+interface:///java/util/Map|>,2,|java+class:///java/lang/Object|>,
  <<|java+class:///org/castor/cpa/util/classresolution/command/ClassResolutionByAnnotations|,|java+class:///org/castor/cpa/util/classresolution/command/BaseResolutionCommand|>,2,|java+interface:///org/castor/cpa/util/classresolution/command/ClassDescriptorResolutionCommand|>,
  <<|java+class:///org/castor/cpa/query/object/condition/AbstractCondition|,|java+class:///org/castor/cpa/query/object/AbstractQueryObject|>,2,|java+class:///java/lang/Object|>,
  <<|java+class:///org/castor/transactionmanager/TestLocalTransactionManagerFactory|,|java+class:///junit/framework/TestCase|>,2,|java+interface:///junit/framework/Test|>,
  <<|java+class:///org/castor/cpa/persistence/sql/driver/BaseFactory|,|java+interface:///org/exolab/castor/persist/spi/PersistenceFactory|>,2,|java+interface:///org/exolab/castor/persist/spi/PersistenceFactory|>,
  <<|java+class:///org/castor/cpa/query/object/literal/AbstractLiteral|,|java+interface:///org/castor/cpa/query/Literal|>,2,|java+interface:///org/castor/cpa/query/QueryObject|>,
  <<|java+class:///org/castor/cpa/persistence/sql/driver/DB2Factory|,|java+class:///org/castor/cpa/persistence/sql/driver/GenericFactory|>,2,|java+interface:///org/exolab/castor/persist/spi/PersistenceFactory|>,
  <<|java+class:///org/castor/cache/hashbelt/reaper/TestNullReaper|,|java+class:///junit/framework/TestCase|>,2,|java+interface:///junit/framework/Test|>,
  <<|java+interface:///org/castor/cpa/query/Projection|,|java+interface:///org/castor/cpa/query/Field|>,2,|java+interface:///org/castor/cpa/query/QueryObject|>,
  <<|java+class:///org/castor/cache/simple/TestUnlimited|,|java+class:///junit/framework/TestCase|>,2,|java+interface:///junit/framework/Test|>,
  <<|java+class:///org/castor/cache/hashbelt/reaper/TestRefreshingReaper|,|java+class:///junit/framework/TestCase|>,2,|java+interface:///junit/framework/Test|>,
  <<|java+class:///org/castor/cpa/persistence/sql/driver/InstantDBQueryExpression|,|java+class:///org/castor/cpa/persistence/sql/driver/JDBCQueryExpression|>,2,|java+interface:///org/exolab/castor/persist/spi/QueryExpression|>,
  <<|java+class:///org/castor/cpa/query/object/function/Trim|,|java+class:///org/castor/cpa/query/object/function/AbstractFunction|>,2,|java+interface:///org/castor/cpa/query/Function|>,
  <<|java+class:///org/castor/cpa/query/object/literal/StringLiteral|,|java+class:///org/castor/cpa/query/object/literal/AbstractLiteral|>,2,|java+interface:///org/castor/cpa/query/QueryObject|>,
  <<|java+class:///org/castor/cpa/persistence/sql/keygen/SequenceBeforeKeyGenerator|,|java+class:///org/castor/cpa/persistence/sql/keygen/AbstractBeforeKeyGenerator|>,2,|java+interface:///org/castor/cpa/persistence/sql/keygen/KeyGenerator|>,
  <<|java+class:///org/exolab/castor/persist/ObjectDeletedWaitingForLockException|,|java+class:///org/exolab/castor/jdo/LockNotGrantedException|>,2,|java+class:///java/lang/Throwable|>,
  <<|java+class:///org/castor/cpa/jpa/processors/fieldprocessors/JPABasicProcessor|,|java+class:///org/castor/cpa/jpa/processors/BaseJPAAnnotationProcessor|>,2,|java+interface:///org/castor/core/annotationprocessing/TargetAwareAnnotationProcessor|>,
  <<|java+class:///org/castor/cpa/util/classresolution/command/ClassResolutionByCDR|,|java+class:///org/castor/cpa/util/classresolution/command/BaseResolutionCommand|>,2,|java+interface:///org/castor/core/nature/PropertyHolder|>,
  <<|java+class:///org/castor/cpa/query/object/function/MockFunction|,|java+class:///org/castor/cpa/query/object/function/AbstractFunction|>,2,|java+interface:///org/castor/cpa/query/Function|>,
  <<|java+class:///org/castor/cache/simple/TestNoCache|,|java+class:///junit/framework/TestCase|>,2,|java+interface:///junit/framework/Test|>,
  <<|java+interface:///org/castor/cache/hashbelt/container/Container|,|java+interface:///java/util/Map|>,2,|java+class:///java/lang/Object|>,
  <<|java+class:///org/castor/cpa/persistence/sql/query/visitor/SapDbQueryVisitor|,|java+class:///org/castor/cpa/persistence/sql/query/visitor/DefaultQueryVisitor|>,2,|java+interface:///org/castor/cpa/persistence/sql/query/Visitor|>,
  <<|java+interface:///org/castor/cpa/query/InCondition|,|java+interface:///org/castor/cpa/query/Condition|>,2,|java+class:///java/lang/Object|>,
  <<|java+class:///org/castor/cpa/query/object/condition/Null|,|java+class:///org/castor/cpa/query/object/condition/SimpleCondition|>,2,|java+interface:///org/castor/cpa/query/Condition|>,
  <<|java+class:///org/castor/cpa/query/object/parameter/NamedParameter|,|java+class:///org/castor/cpa/query/object/parameter/AbstractParameter|>,2,|java+interface:///org/castor/cpa/query/Parameter|>,
  <<|java+class:///org/castor/cache/distributed/CacheMock|,|java+class:///org/castor/cache/distributed/AbstractDistributedCache|>,2,|java+interface:///org/castor/cache/Cache|>,
  <<|java+class:///org/castor/cpa/query/object/function/Locate|,|java+class:///org/castor/cpa/query/object/function/AbstractFunction|>,2,|java+interface:///org/castor/cpa/query/QueryObject|>,
  <<|java+class:///org/castor/cpa/query/object/condition/And|,|java+class:///org/castor/cpa/query/object/condition/CompoundCondition|>,2,|java+interface:///org/castor/cpa/query/QueryObject|>,
  <<|java+class:///org/castor/cpa/persistence/sql/query/visitor/SQLServerQueryVisitor|,|java+class:///org/castor/cpa/persistence/sql/query/visitor/DefaultDoubleQuoteNameQueryVisitor|>,2,|java+interface:///org/castor/cpa/persistence/sql/query/Visitor|>,
  <<|java+class:///org/castor/cpa/persistence/sql/driver/OracleFactory|,|java+class:///org/castor/cpa/persistence/sql/driver/GenericFactory|>,2,|java+interface:///org/exolab/castor/persist/spi/PersistenceFactory|>,
  <<|java+class:///org/castor/cpa/util/classresolution/command/ClassResolutionByFile|,|java+class:///org/castor/cpa/util/classresolution/command/BaseResolutionCommand|>,2,|java+interface:///org/castor/cpa/util/classresolution/command/ClassDescriptorResolutionCommand|>,
  <<|java+class:///org/castor/cache/hashbelt/multithreaded/AbstractTestMultiThreadedHashbelt|,|java+class:///org/castor/cache/hashbelt/multithreaded/ThreadedTestCase|>,2,|java+interface:///junit/framework/Test|>,
  <<|java+class:///org/castor/cache/AbstractBaseCache|,|java+interface:///org/castor/cache/Cache|>,2,|java+interface:///org/castor/cache/Cache|>,
  <<|java+class:///org/castor/cpa/persistence/sql/driver/ProgressQueryExpression|,|java+class:///org/castor/cpa/persistence/sql/driver/JDBCQueryExpression|>,2,|java+interface:///org/exolab/castor/persist/spi/QueryExpression|>,
  <<|java+class:///org/castor/cache/distributed/TestJCacheFactory|,|java+class:///junit/framework/TestCase|>,2,|java+interface:///junit/framework/Test|>,
  <<|java+class:///org/castor/jdo/conf/descriptors/ClassMappingDescriptor|,|java+class:///org/exolab/castor/xml/util/XMLClassDescriptorImpl|>,2,|java+interface:///org/exolab/castor/xml/TypeValidator|>,
  <<|java+class:///org/castor/cpa/persistence/sql/driver/SQLServerFactory|,|java+class:///org/castor/cpa/persistence/sql/driver/GenericFactory|>,2,|java+interface:///org/exolab/castor/persist/spi/PersistenceFactory|>,
  <<|java+class:///org/exolab/castor/jdo/engine/LocalDatabaseImpl|,|java+class:///org/exolab/castor/jdo/engine/AbstractDatabaseImpl|>,2,|java+interface:///org/exolab/castor/jdo/Database|>,
  <<|java+class:///org/castor/cpa/query/object/literal/DoubleLiteral|,|java+class:///org/castor/cpa/query/object/literal/AbstractNumericLiteral|>,2,|java+interface:///org/castor/cpa/query/QueryObject|>,
  <<|java+class:///org/castor/cpa/query/object/expression/Divide|,|java+class:///org/castor/cpa/query/object/expression/CompoundExpression|>,2,|java+interface:///org/castor/cpa/query/QueryObject|>,
  <<|java+class:///org/castor/cpa/query/object/parameter/PositionalParameter|,|java+class:///org/castor/cpa/query/object/parameter/AbstractParameter|>,2,|java+interface:///org/castor/cpa/query/Parameter|>,
  <<|java+class:///org/castor/cpa/query/object/literal/BigDecimalLiteral|,|java+class:///org/castor/cpa/query/object/literal/AbstractNumericLiteral|>,2,|java+interface:///org/castor/cpa/query/QueryObject|>,
  <<|java+interface:///org/castor/cpa/persistence/sql/query/PreparedStatementMock|,|java+interface:///java/sql/PreparedStatement|>,2,|java+class:///java/lang/Object|>,
  <<|java+class:///org/castor/cpa/jpa/processors/classprocessors/JPATableProcessor|,|java+class:///org/castor/cpa/jpa/processors/BaseJPAAnnotationProcessor|>,2,|java+interface:///org/castor/core/annotationprocessing/TargetAwareAnnotationProcessor|>,
  <<|java+class:///org/exolab/castor/jdo/engine/jdo_descriptors/AddressJDODescriptor|,|java+class:///org/exolab/castor/mapping/loader/ClassDescriptorImpl|>,2,|java+interface:///org/castor/core/nature/PropertyHolder|>,
  <<|java+interface:///org/castor/cpa/query/InCondition|,|java+interface:///org/castor/cpa/query/Condition|>,2,|java+interface:///org/castor/cpa/query/QueryObject|>,
  <<|java+class:///org/castor/cpa/persistence/sql/query/condition/Compare|,|java+class:///org/castor/cpa/persistence/sql/query/condition/Condition|>,2,|java+class:///java/lang/Object|>,
  <<|java+class:///org/castor/cpa/query/object/condition/Like|,|java+class:///org/castor/cpa/query/object/condition/SimpleCondition|>,2,|java+interface:///org/castor/cpa/query/QueryObject|>,
  <<|java+class:///org/castor/persist/resolver/BaseRelationResolver|,|java+interface:///org/castor/persist/resolver/ResolverStrategy|>,2,|java+interface:///org/castor/persist/resolver/ResolverStrategy|>,
  <<|java+class:///org/castor/cpa/persistence/sql/query/visitor/DefaultQueryVisitor|,|java+interface:///org/castor/cpa/persistence/sql/query/Visitor|>,2,|java+interface:///org/castor/cpa/persistence/sql/query/Visitor|>,
  <<|java+class:///org/castor/persist/proxy/LazyHashSet|,|java+interface:///org/castor/persist/proxy/LazyCollection|>,2,|java+interface:///org/exolab/castor/persist/TxSynchronizable|>,
  <<|java+interface:///org/castor/cpa/query/Order|,|java+interface:///org/castor/cpa/query/QueryObject|>,2,|java+interface:///org/castor/cpa/query/QueryObject|>,
  <<|java+class:///org/castor/cpa/query/object/expression/AbstractExpression|,|java+class:///org/castor/cpa/query/object/AbstractQueryObject|>,2,|java+class:///java/lang/Object|>,
  <<|java+interface:///org/castor/cpa/query/Projection|,|java+interface:///org/castor/cpa/query/Field|>,2,|java+class:///java/lang/Object|>,
  <<|java+class:///org/castor/cpa/query/object/function/AbstractFunction|,|java+interface:///org/castor/cpa/query/Function|>,2,|java+interface:///org/castor/cpa/query/QueryObject|>,
  <<|java+class:///org/castor/persist/resolver/PersistanceCapableRelationResolver|,|java+class:///org/castor/persist/resolver/BaseRelationResolver|>,2,|java+interface:///org/castor/persist/resolver/ResolverStrategy|>,
  <<|java+class:///org/castor/cpa/query/object/literal/StringLiteral|,|java+class:///org/castor/cpa/query/object/literal/AbstractLiteral|>,2,|java+class:///java/lang/Object|>,
  <<|java+class:///org/castor/cpa/query/object/condition/MockCompoundCondition|,|java+class:///org/castor/cpa/query/object/condition/CompoundCondition|>,2,|java+interface:///org/castor/cpa/query/Condition|>,
  <<|java+class:///org/castor/cpa/persistence/sql/driver/JDBCQueryExpression|,|java+interface:///org/exolab/castor/persist/spi/QueryExpression|>,2,|java+interface:///org/exolab/castor/persist/spi/QueryExpression|>,
  <<|java+class:///org/castor/cache/simple/CountLimitedFactory|,|java+class:///org/castor/cache/AbstractCacheFactory|>,2,|java+interface:///org/castor/cache/CacheFactory|>,
  <<|java+class:///org/castor/cpa/query/object/FieldImpl|,|java+class:///org/castor/cpa/query/object/AbstractField|>,2,|java+interface:///org/castor/cpa/query/Field|>,
  <<|java+class:///org/castor/cpa/jpa/processors/fieldprocessors/JPAManyToManyProcessor|,|java+class:///org/castor/cpa/jpa/processors/BaseJPAAnnotationProcessor|>,2,|java+interface:///org/castor/core/annotationprocessing/TargetAwareAnnotationProcessor|>,
  <<|java+class:///org/castor/cpa/query/object/condition/Or|,|java+class:///org/castor/cpa/query/object/condition/CompoundCondition|>,2,|java+interface:///org/castor/cpa/query/Condition|>,
  <<|java+class:///org/castor/cpa/persistence/sql/keygen/AbstractKeyGenerator|,|java+interface:///org/castor/cpa/persistence/sql/keygen/KeyGenerator|>,2,|java+interface:///org/castor/cpa/persistence/sql/keygen/KeyGenerator|>,
  <<|java+class:///org/castor/cache/distributed/TestJCache|,|java+class:///junit/framework/TestCase|>,2,|java+interface:///junit/framework/Test|>,
  <<|java+interface:///org/castor/cache/hashbelt/container/Container|,|java+interface:///java/util/Map|>,2,|java+class:///java/lang/String|>,
  <<|java+class:///org/castor/cpa/query/object/condition/SimpleCondition|,|java+class:///org/castor/cpa/query/object/condition/AbstractCondition|>,2,|java+interface:///org/castor/cpa/query/Condition|>,
  <<|java+class:///org/castor/cpa/persistence/sql/query/visitor/OracleQueryVisitor|,|java+class:///org/castor/cpa/persistence/sql/query/visitor/DefaultDoubleQuoteNameQueryVisitor|>,2,|java+interface:///org/castor/cpa/persistence/sql/query/Visitor|>,
  <<|java+class:///org/castor/cpa/jpa/processors/fieldprocessors/JPAIdProcessor|,|java+class:///org/castor/cpa/jpa/processors/BaseJPAAnnotationProcessor|>,2,|java+interface:///org/castor/core/annotationprocessing/TargetAwareAnnotationProcessor|>,
  <<|java+interface:///org/castor/cpa/query/Function|,|java+interface:///org/castor/cpa/query/Expression|>,2,|java+interface:///org/castor/cpa/query/QueryObject|>,
  <<|java+class:///org/castor/cpa/query/object/literal/StringLiteral|,|java+class:///org/castor/cpa/query/object/literal/AbstractLiteral|>,2,|java+interface:///org/castor/cpa/query/Expression|>,
  <<|java+class:///org/castor/cpa/util/classresolution/command/BaseResolutionCommand|,|java+interface:///org/castor/cpa/util/classresolution/command/ClassDescriptorResolutionCommand|>,2,|java+interface:///org/castor/cpa/util/classresolution/command/ClassDescriptorResolutionCommand|>,
  <<|java+class:///org/castor/cpa/query/object/literal/AbstractLiteral|,|java+interface:///org/castor/cpa/query/Literal|>,2,|java+interface:///org/castor/cpa/query/Literal|>,
  <<|java+interface:///org/castor/persist/proxy/LazyCGLIB|,|java+interface:///java/io/Serializable|>,2,|java+class:///java/lang/Object|>,
  <<|java+class:///org/castor/cache/simple/TestNoCacheFactory|,|java+class:///junit/framework/TestCase|>,2,|java+interface:///junit/framework/Test|>,
  <<|java+class:///org/castor/cpa/query/object/literal/MockNumericLiteral|,|java+class:///org/castor/cpa/query/object/literal/AbstractNumericLiteral|>,2,|java+interface:///org/castor/cpa/query/QueryObject|>,
  <<|java+class:///org/castor/cpa/persistence/sql/query/visitor/DefaultDoubleQuoteNameQueryVisitor|,|java+class:///org/castor/cpa/persistence/sql/query/visitor/DefaultQueryVisitor|>,2,|java+class:///org/castor/cpa/persistence/sql/query/visitor/DefaultQueryVisitor|>,
  <<|java+class:///org/castor/cpa/query/object/literal/BooleanLiteral|,|java+class:///org/castor/cpa/query/object/literal/AbstractLiteral|>,2,|java+interface:///org/castor/cpa/query/Expression|>,
  <<|java+class:///org/castor/cache/simple/TestUnlimitedFactory|,|java+class:///junit/framework/TestCase|>,2,|java+interface:///junit/framework/Test|>,
  <<|java+class:///org/castor/cpa/persistence/convertor/AbstractTypeConvertor|,|java+interface:///org/castor/cpa/persistence/convertor/TypeConvertor|>,2,|java+interface:///org/exolab/castor/mapping/TypeConvertor|>,
  <<|java+class:///org/castor/cpa/query/object/literal/AbstractNumericLiteral|,|java+class:///org/castor/cpa/query/object/literal/AbstractLiteral|>,2,|java+interface:///org/castor/cpa/query/Literal|>,
  <<|java+class:///org/castor/cpa/persistence/sql/keygen/SequenceAfterKeyGenerator|,|java+class:///org/castor/cpa/persistence/sql/keygen/AbstractAfterKeyGenerator|>,2,|java+interface:///org/castor/cpa/persistence/sql/keygen/KeyGenerator|>,
  <<|java+class:///org/castor/cpa/query/object/function/Sqrt|,|java+class:///org/castor/cpa/query/object/function/AbstractFunction|>,2,|java+interface:///org/castor/cpa/query/Function|>,
  <<|java+class:///org/exolab/castor/jdo/DuplicateIdentityException|,|java+class:///org/exolab/castor/jdo/PersistenceException|>,2,|java+class:///java/lang/Exception|>,
  <<|java+class:///org/castor/cache/hashbelt/multithreaded/TestMultiThreadedFIFOHashbelt|,|java+class:///org/castor/cache/hashbelt/multithreaded/AbstractTestMultiThreadedHashbelt|>,2,|java+interface:///junit/framework/Test|>,
  <<|java+class:///org/castor/cpa/persistence/sql/driver/InterbaseFactory|,|java+class:///org/castor/cpa/persistence/sql/driver/GenericFactory|>,2,|java+interface:///org/exolab/castor/persist/spi/PersistenceFactory|>,
  <<|java+class:///org/exolab/castor/jdo/PersistenceException|,|java+class:///org/exolab/castor/core/exceptions/CastorException|>,2,|java+class:///java/lang/Throwable|>,
  <<|java+class:///org/castor/cache/TestCacheFactoryRegistry|,|java+class:///junit/framework/TestCase|>,2,|java+interface:///junit/framework/Test|>,
  <<|java+class:///org/castor/cache/simple/NoCacheFactory|,|java+class:///org/castor/cache/AbstractCacheFactory|>,2,|java+interface:///org/castor/cache/CacheFactory|>,
  <<|java+class:///org/castor/cpa/query/object/FieldImpl|,|java+class:///org/castor/cpa/query/object/AbstractField|>,2,|java+interface:///org/castor/cpa/query/QueryObject|>,
  <<|java+class:///org/castor/cache/distributed/JCacheFactory|,|java+class:///org/castor/cache/AbstractCacheFactory|>,2,|java+interface:///org/castor/cache/CacheFactory|>,
  <<|java+class:///org/castor/cpa/query/object/expression/Divide|,|java+class:///org/castor/cpa/query/object/expression/CompoundExpression|>,2,|java+interface:///org/castor/cpa/query/Expression|>,
  <<|java+class:///org/exolab/castor/jdo/engine/JDOMappingLoader/Enum2StringTypeConvertor|,|java+class:///org/castor/cpa/persistence/convertor/AbstractSimpleTypeConvertor|>,2,|java+interface:///org/exolab/castor/mapping/TypeConvertor|>,
  <<|java+class:///org/exolab/castor/jdo/QueryException|,|java+class:///org/exolab/castor/jdo/PersistenceException|>,2,|java+class:///java/lang/Exception|>,
  <<|java+class:///org/castor/jdo/conf/descriptors/TransactionDemarcationDescriptor|,|java+class:///org/exolab/castor/xml/util/XMLClassDescriptorImpl|>,2,|java+interface:///org/exolab/castor/xml/TypeValidator|>,
  <<|java+class:///org/castor/cache/simple/UnlimitedFactory|,|java+class:///org/castor/cache/AbstractCacheFactory|>,2,|java+interface:///org/castor/cache/CacheFactory|>,
  <<|java+class:///org/castor/cpa/persistence/sql/query/condition/OrCondition|,|java+class:///org/castor/cpa/persistence/sql/query/condition/CompoundCondition|>,2,|java+class:///java/lang/Object|>,
  <<|java+class:///org/castor/cache/distributed/CoherenceCache|,|java+class:///org/castor/cache/distributed/AbstractDistributedCache|>,2,|java+interface:///org/castor/cache/Cache|>,
  <<|java+class:///org/exolab/castor/jdo/engine/JDOMappingLoader/String2EnumTypeConvertor|,|java+class:///org/castor/cpa/persistence/convertor/AbstractSimpleTypeConvertor|>,2,|java+interface:///org/exolab/castor/mapping/TypeConvertor|>,
  <<|java+class:///org/castor/cpa/query/object/literal/DoubleLiteral|,|java+class:///org/castor/cpa/query/object/literal/AbstractNumericLiteral|>,2,|java+interface:///org/castor/cpa/query/Expression|>,
  <<|java+class:///org/castor/cpa/query/object/literal/BigDecimalLiteral|,|java+class:///org/castor/cpa/query/object/literal/AbstractNumericLiteral|>,2,|java+interface:///org/castor/cpa/query/Expression|>,
  <<|java+class:///org/castor/cpa/persistence/sql/query/condition/AndCondition|,|java+class:///org/castor/cpa/persistence/sql/query/condition/CompoundCondition|>,2,|java+class:///java/lang/Object|>,
  <<|java+class:///org/castor/cpa/query/object/parameter/AbstractParameter|,|java+interface:///org/castor/cpa/query/Parameter|>,2,|java+interface:///org/castor/cpa/query/Parameter|>,
  <<|java+class:///org/castor/cpa/query/object/function/CustomFunction|,|java+class:///org/castor/cpa/query/object/function/AbstractFunction|>,2,|java+interface:///org/castor/cpa/query/QueryObject|>,
  <<|java+class:///org/castor/cache/hashbelt/AbstractHashbelt|,|java+class:///org/castor/cache/AbstractBaseCache|>,2,|java+interface:///org/castor/cache/Cache|>,
  <<|java+class:///org/castor/cpa/query/object/function/Abs|,|java+class:///org/castor/cpa/query/object/function/AbstractFunction|>,2,|java+interface:///org/castor/cpa/query/Function|>,
  <<|java+interface:///org/castor/cpa/util/classresolution/command/ClassDescriptorResolutionCommand|,|java+interface:///org/castor/core/nature/PropertyHolder|>,2,|java+interface:///org/castor/core/nature/PropertyHolder|>,
  <<|java+class:///org/castor/cpa/query/object/literal/AbstractTemporalLiteral|,|java+class:///org/castor/cpa/query/object/literal/AbstractLiteral|>,2,|java+interface:///org/castor/cpa/query/Expression|>,
  <<|java+class:///org/castor/cpa/jpa/processors/fieldprocessors/JPAJoinColumnProcessor|,|java+class:///org/castor/cpa/jpa/processors/BaseJPAAnnotationProcessor|>,2,|java+interface:///org/castor/core/annotationprocessing/TargetAwareAnnotationProcessor|>,
  <<|java+class:///org/castor/cpa/persistence/sql/driver/SybaseQueryExpression|,|java+class:///org/castor/cpa/persistence/sql/driver/JDBCQueryExpression|>,2,|java+interface:///org/exolab/castor/persist/spi/QueryExpression|>,
  <<|java+class:///org/castor/cache/simple/TestCountLimited|,|java+class:///junit/framework/TestCase|>,2,|java+interface:///junit/framework/Test|>,
  <<|java+class:///org/castor/cpa/persistence/sql/driver/SybaseFactory|,|java+class:///org/castor/cpa/persistence/sql/driver/GenericFactory|>,2,|java+interface:///org/exolab/castor/persist/spi/PersistenceFactory|>,
  <<|java+class:///org/castor/cpa/jpa/processors/fieldprocessors/JPAEnumeratedProcessor|,|java+class:///org/castor/cpa/jpa/processors/BaseJPAAnnotationProcessor|>,2,|java+interface:///org/castor/core/annotationprocessing/TargetAwareAnnotationProcessor|>,
  <<|java+class:///org/exolab/castor/jdo/ObjectNotFoundException|,|java+class:///org/exolab/castor/jdo/PersistenceException|>,2,|java+class:///java/lang/Throwable|>,
  <<|java+interface:///org/castor/cpa/query/Field|,|java+interface:///org/castor/cpa/query/Expression|>,2,|java+interface:///org/castor/cpa/query/Expression|>,
  <<|java+class:///org/castor/cache/hashbelt/reaper/RefreshingReaperMock|,|java+class:///org/castor/cache/hashbelt/reaper/RefreshingReaper|>,2,|java+class:///org/castor/cache/hashbelt/reaper/AbstractReaper|>,
  <<|java+class:///org/castor/transactionmanager/TestAbstractTransactionManagerFactory|,|java+class:///junit/framework/TestCase|>,2,|java+interface:///junit/framework/Test|>,
  <<|java+class:///org/castor/cpa/query/object/function/Lower|,|java+class:///org/castor/cpa/query/object/function/AbstractFunction|>,2,|java+interface:///org/castor/cpa/query/QueryObject|>,
  <<|java+class:///org/castor/cpa/query/object/condition/MockSimpleCondition|,|java+class:///org/castor/cpa/query/object/condition/SimpleCondition|>,2,|java+interface:///org/castor/cpa/query/QueryObject|>,
  <<|java+class:///org/castor/cpa/query/object/MockField|,|java+class:///org/castor/cpa/query/object/AbstractField|>,2,|java+interface:///org/castor/cpa/query/Field|>,
  <<|java+class:///org/castor/cpa/query/object/function/Upper|,|java+class:///org/castor/cpa/query/object/function/AbstractFunction|>,2,|java+interface:///org/castor/cpa/query/QueryObject|>,
  <<|java+class:///org/castor/cpa/query/object/function/Substring|,|java+class:///org/castor/cpa/query/object/function/AbstractFunction|>,2,|java+interface:///org/castor/cpa/query/Function|>,
  <<|java+class:///org/castor/cpa/persistence/sql/driver/ReturnedRSCallQuery|,|java+class:///org/exolab/castor/persist/spi/AbstractCallQuery|>,2,|java+interface:///org/exolab/castor/persist/spi/PersistenceQuery|>,
  <<|java+class:///org/castor/cpa/persistence/sql/query/condition/AndCondition|,|java+class:///org/castor/cpa/persistence/sql/query/condition/CompoundCondition|>,2,|java+class:///org/castor/cpa/persistence/sql/query/condition/Condition|>,
  <<|java+class:///org/castor/cpa/jpa/info/JPATableGeneratorDescriptor|,|java+class:///org/castor/cpa/jpa/info/JPAKeyGeneratorDescriptor|>,2,|java+class:///java/lang/Object|>,
  <<|java+class:///org/castor/cpa/query/object/SchemaImpl|,|java+interface:///org/castor/cpa/query/Schema|>,2,|java+interface:///org/castor/cpa/query/QueryObject|>,
  <<|java+class:///org/castor/cpa/jpa/processors/fieldprocessors/JPATableGeneratorFieldProcessor|,|java+class:///org/castor/cpa/jpa/processors/BaseJPAAnnotationProcessor|>,2,|java+interface:///org/castor/core/annotationprocessing/TargetAwareAnnotationProcessor|>,
  <<|java+class:///org/castor/cpa/persistence/sql/query/condition/OrCondition|,|java+class:///org/castor/cpa/persistence/sql/query/condition/CompoundCondition|>,2,|java+class:///org/castor/cpa/persistence/sql/query/condition/Condition|>,
  <<|java+class:///org/castor/cpa/query/object/expression/Multiply|,|java+class:///org/castor/cpa/query/object/expression/CompoundExpression|>,2,|java+interface:///org/castor/cpa/query/QueryObject|>,
  <<|java+class:///org/castor/cpa/jpa/processors/classprocessors/JPATableGeneratorClassProcessor|,|java+class:///org/castor/cpa/jpa/processors/BaseJPAAnnotationProcessor|>,2,|java+interface:///org/castor/core/annotationprocessing/TargetAwareAnnotationProcessor|>,
  <<|java+class:///org/castor/jdo/conf/descriptors/TransactionManagerDescriptor|,|java+class:///org/exolab/castor/xml/util/XMLClassDescriptorImpl|>,2,|java+interface:///org/exolab/castor/xml/TypeValidator|>,
  <<|java+class:///org/castor/cpa/persistence/convertor/ObjectToString|,|java+class:///org/castor/cpa/persistence/convertor/AbstractSimpleTypeConvertor|>,2,|java+class:///org/exolab/castor/mapping/loader/TypeInfo|>,
  <<|java+class:///org/castor/transactionmanager/TestWebSphereTransactionManagerFactory|,|java+class:///junit/framework/TestCase|>,2,|java+interface:///junit/framework/Test|>,
  <<|java+class:///org/castor/transactionmanager/TestTransactionManagerFactoryRegistry|,|java+class:///junit/framework/TestCase|>,2,|java+interface:///junit/framework/Test|>,
  <<|java+class:///org/castor/cache/TestAbstractCacheFactory|,|java+class:///junit/framework/TestCase|>,2,|java+interface:///junit/framework/Test|>,
  <<|java+class:///org/castor/cache/hashbelt/multithreaded/TestMultiThreadedFIFOHashbeltWithFastIteratingContainer|,|java+class:///org/castor/cache/hashbelt/multithreaded/AbstractTestMultiThreadedHashbelt|>,2,|java+interface:///junit/framework/Test|>,
  <<|java+class:///org/castor/cpa/query/object/condition/AbstractCondition|,|java+interface:///org/castor/cpa/query/Condition|>,2,|java+interface:///org/castor/cpa/query/QueryObject|>,
  <<|java+class:///org/castor/cpa/query/object/literal/EnumLiteral|,|java+class:///org/castor/cpa/query/object/literal/AbstractLiteral|>,2,|java+interface:///org/castor/cpa/query/Literal|>,
  <<|java+class:///org/castor/cache/hashbelt/container/TestFastIteratingContainer|,|java+class:///junit/framework/TestCase|>,2,|java+interface:///junit/framework/Test|>,
  <<|java+class:///org/exolab/castor/persist/spi/AbstractCallQuery|,|java+interface:///org/exolab/castor/persist/spi/PersistenceQuery|>,2,|java+interface:///org/exolab/castor/persist/spi/PersistenceQuery|>,
  <<|java+class:///org/castor/cpa/util/classresolution/command/ClassResolutionByCDR|,|java+class:///org/castor/cpa/util/classresolution/command/BaseResolutionCommand|>,2,|java+interface:///org/castor/cpa/util/classresolution/command/ClassDescriptorResolutionCommand|>,
  <<|java+class:///org/castor/cpa/jpa/processors/fieldprocessors/JPAGeneratedValueProcessor|,|java+class:///org/castor/cpa/jpa/processors/BaseJPAAnnotationProcessor|>,2,|java+interface:///org/castor/core/annotationprocessing/TargetAwareAnnotationProcessor|>,
  <<|java+class:///org/castor/cpa/persistence/sql/query/expression/Parameter|,|java+class:///org/castor/cpa/persistence/sql/query/expression/Expression|>,2,|java+class:///java/lang/Object|>,
  <<|java+class:///org/castor/cpa/persistence/sql/query/visitor/InformixQueryVisitor|,|java+class:///org/castor/cpa/persistence/sql/query/visitor/DefaultDoubleQuoteNameQueryVisitor|>,2,|java+interface:///org/castor/cpa/persistence/sql/query/Visitor|>,
  <<|java+class:///org/castor/cpa/jpa/processors/fieldprocessors/JPATemporalProcessor|,|java+class:///org/castor/cpa/jpa/processors/BaseJPAAnnotationProcessor|>,2,|java+interface:///org/castor/core/annotationprocessing/TargetAwareAnnotationProcessor|>,
  <<|java+class:///org/castor/cpa/query/object/condition/Comparison|,|java+class:///org/castor/cpa/query/object/condition/AbstractCondition|>,2,|java+interface:///org/castor/cpa/query/Condition|>,
  <<|java+class:///org/castor/cpa/jpa/processors/fieldprocessors/JPAVersionProcessor|,|java+class:///org/castor/cpa/jpa/processors/BaseJPAAnnotationProcessor|>,2,|java+interface:///org/castor/core/annotationprocessing/TargetAwareAnnotationProcessor|>,
  <<|java+class:///org/castor/cpa/persistence/sql/query/condition/IsNullPredicate|,|java+class:///org/castor/cpa/persistence/sql/query/condition/Predicate|>,2,|java+class:///org/castor/cpa/persistence/sql/query/condition/Condition|>,
  <<|java+class:///org/castor/cpa/persistence/sql/keygen/MaxKeyGenerator|,|java+class:///org/castor/cpa/persistence/sql/keygen/AbstractBeforeKeyGenerator|>,2,|java+interface:///org/castor/cpa/persistence/sql/keygen/KeyGenerator|>,
  <<|java+class:///org/castor/cpa/util/classresolution/command/ClassResolutionByFile|,|java+class:///org/castor/cpa/util/classresolution/command/BaseResolutionCommand|>,2,|java+interface:///org/castor/core/nature/PropertyHolder|>,
  <<|java+class:///org/castor/cpa/persistence/sql/driver/DerbyFactory|,|java+class:///org/castor/cpa/persistence/sql/driver/GenericFactory|>,2,|java+interface:///org/exolab/castor/persist/spi/PersistenceFactory|>,
  <<|java+class:///org/castor/cache/distributed/TestGigaspacesCache|,|java+class:///junit/framework/TestCase|>,2,|java+interface:///junit/framework/Test|>,
  <<|java+class:///org/castor/cpa/persistence/sql/driver/PostgreSQLQueryExpression|,|java+class:///org/castor/cpa/persistence/sql/driver/JDBCQueryExpression|>,2,|java+interface:///org/exolab/castor/persist/spi/QueryExpression|>,
  <<|java+class:///org/castor/cpa/query/object/condition/MockSimpleCondition|,|java+class:///org/castor/cpa/query/object/condition/SimpleCondition|>,2,|java+class:///java/lang/Object|>,
  <<|java+class:///org/castor/transactionmanager/TestLocalTransactionManager|,|java+class:///junit/framework/TestCase|>,2,|java+interface:///junit/framework/Test|>,
  <<|java+class:///org/castor/cache/hashbelt/container/TestMapContainer|,|java+class:///junit/framework/TestCase|>,2,|java+interface:///junit/framework/Test|>,
  <<|java+class:///org/castor/cpa/query/object/literal/TimestampLiteral|,|java+class:///org/castor/cpa/query/object/literal/AbstractTemporalLiteral|>,2,|java+interface:///org/castor/cpa/query/QueryObject|>,
  <<|java+class:///org/castor/cpa/jpa/processors/classprocessors/JPAEntityProcessor|,|java+class:///org/castor/cpa/jpa/processors/BaseJPAAnnotationProcessor|>,2,|java+interface:///org/castor/core/annotationprocessing/TargetAwareAnnotationProcessor|>,
  <<|java+class:///org/castor/cpa/query/object/literal/MockLiteral|,|java+class:///org/castor/cpa/query/object/literal/AbstractLiteral|>,2,|java+interface:///org/castor/cpa/query/QueryObject|>,
  <<|java+class:///org/castor/cpa/persistence/sql/keygen/SequenceDuringKeyGenerator|,|java+class:///org/castor/cpa/persistence/sql/keygen/AbstractKeyGenerator|>,2,|java+interface:///org/castor/cpa/persistence/sql/keygen/KeyGenerator|>,
  <<|java+class:///org/castor/cpa/persistence/sql/driver/InformixFactory|,|java+class:///org/castor/cpa/persistence/sql/driver/GenericFactory|>,2,|java+interface:///org/exolab/castor/persist/spi/PersistenceFactory|>,
  <<|java+class:///org/castor/cache/distributed/TestCoherenceCacheFactory|,|java+class:///junit/framework/TestCase|>,2,|java+interface:///junit/framework/Test|>,
  <<|java+class:///org/castor/cpa/query/object/condition/Between|,|java+class:///org/castor/cpa/query/object/condition/SimpleCondition|>,2,|java+interface:///org/castor/cpa/query/Condition|>,
  <<|java+class:///org/castor/cpa/query/object/parameter/MockParameter|,|java+class:///org/castor/cpa/query/object/parameter/AbstractParameter|>,2,|java+interface:///org/castor/cpa/query/Parameter|>,
  <<|java+class:///org/castor/cache/simple/TestTimeLimited|,|java+class:///junit/framework/TestCase|>,2,|java+interface:///junit/framework/Test|>,
  <<|java+class:///org/castor/cache/distributed/EHCache|,|java+class:///org/castor/cache/distributed/AbstractDistributedCache|>,2,|java+interface:///org/castor/cache/Cache|>,
  <<|java+class:///org/castor/cache/hashbelt/FIFOHashbeltFactory|,|java+class:///org/castor/cache/AbstractCacheFactory|>,2,|java+interface:///org/castor/cache/CacheFactory|>,
  <<|java+class:///org/castor/cpa/persistence/sql/keygen/NoKeyGenerator|,|java+class:///org/castor/cpa/persistence/sql/keygen/AbstractKeyGenerator|>,2,|java+interface:///org/castor/cpa/persistence/sql/keygen/KeyGenerator|>,
  <<|java+class:///org/castor/cpa/query/object/expression/Multiply|,|java+class:///org/castor/cpa/query/object/expression/CompoundExpression|>,2,|java+interface:///org/castor/cpa/query/Expression|>,
  <<|java+class:///org/exolab/castor/jdo/oql/SyntaxNotSupportedException|,|java+class:///org/exolab/castor/jdo/oql/OQLSyntaxException|>,2,|java+class:///java/lang/Throwable|>,
  <<|java+class:///org/castor/transactionmanager/TestJOTMTransactionManagerFactory|,|java+class:///junit/framework/TestCase|>,2,|java+interface:///junit/framework/Test|>,
  <<|java+class:///org/castor/cpa/persistence/sql/query/visitor/HsqlQueryVisitor|,|java+class:///org/castor/cpa/persistence/sql/query/visitor/DefaultQueryVisitor|>,2,|java+interface:///org/castor/cpa/persistence/sql/query/Visitor|>,
  <<|java+class:///org/castor/cpa/jpa/processors/classprocessors/JPASequenceGeneratorClassProcessor|,|java+class:///org/castor/cpa/jpa/processors/BaseJPAAnnotationProcessor|>,2,|java+interface:///org/castor/core/annotationprocessing/TargetAwareAnnotationProcessor|>,
  <<|java+class:///org/castor/cpa/persistence/sql/keygen/AbstractBeforeKeyGenerator|,|java+class:///org/castor/cpa/persistence/sql/keygen/AbstractKeyGenerator|>,2,|java+interface:///org/castor/cpa/persistence/sql/keygen/KeyGenerator|>,
  <<|java+class:///org/castor/cpa/persistence/sql/driver/MySQLFactory|,|java+class:///org/castor/cpa/persistence/sql/driver/GenericFactory|>,2,|java+interface:///org/exolab/castor/persist/spi/PersistenceFactory|>,
  <<|java+interface:///org/castor/persist/proxy/LazyCollection|,|java+interface:///org/exolab/castor/persist/TxSynchronizable|>,2,|java+interface:///org/exolab/castor/persist/TxSynchronizable|>,
  <<|java+class:///org/castor/cpa/query/object/literal/LongLiteral|,|java+class:///org/castor/cpa/query/object/literal/AbstractNumericLiteral|>,2,|java+interface:///org/castor/cpa/query/Literal|>,
  <<|java+class:///org/castor/cpa/query/object/literal/AbstractTemporalLiteral|,|java+class:///org/castor/cpa/query/object/literal/AbstractLiteral|>,2,|java+interface:///org/castor/cpa/query/QueryObject|>,
  <<|java+class:///org/castor/cache/distributed/CoherenceCacheFactory|,|java+class:///org/castor/cache/AbstractCacheFactory|>,2,|java+interface:///org/castor/cache/CacheFactory|>,
  <<|java+class:///org/castor/transactionmanager/TestWebSphere51TransactionManagerFactory|,|java+class:///junit/framework/TestCase|>,2,|java+interface:///junit/framework/Test|>,
  <<|java+class:///org/castor/cpa/query/object/condition/CompoundCondition|,|java+class:///org/castor/cpa/query/object/condition/AbstractCondition|>,2,|java+class:///java/lang/Object|>,
  <<|java+class:///org/exolab/castor/jdo/LockNotGrantedException|,|java+class:///org/exolab/castor/jdo/PersistenceException|>,2,|java+class:///java/lang/Throwable|>,
  <<|java+class:///org/castor/cache/TestAbstractBaseCache|,|java+class:///junit/framework/TestCase|>,2,|java+interface:///junit/framework/Test|>,
  <<|java+class:///org/castor/cpa/persistence/sql/driver/MySQLQueryExpression|,|java+class:///org/castor/cpa/persistence/sql/driver/JDBCQueryExpression|>,2,|java+interface:///org/exolab/castor/persist/spi/QueryExpression|>,
  <<|java+class:///org/castor/cache/distributed/JcsCache|,|java+class:///org/castor/cache/distributed/AbstractDistributedCache|>,2,|java+interface:///org/castor/cache/Cache|>,
  <<|java+class:///org/castor/cpa/query/object/condition/Not|,|java+class:///org/castor/cpa/query/object/condition/AbstractCondition|>,2,|java+interface:///org/castor/cpa/query/QueryObject|>,
  <<|java+class:///org/castor/cpa/persistence/sql/query/visitor/SybaseQueryVisitor|,|java+class:///org/castor/cpa/persistence/sql/query/visitor/DefaultDoubleQuoteNameQueryVisitor|>,2,|java+interface:///org/castor/cpa/persistence/sql/query/Visitor|>,
  <<|java+class:///org/castor/cpa/query/object/SchemaImpl|,|java+interface:///org/castor/cpa/query/Schema|>,2,|java+interface:///org/castor/cpa/query/Field|>,
  <<|java+interface:///org/castor/cpa/query/Field|,|java+interface:///org/castor/cpa/query/Expression|>,2,|java+interface:///org/castor/cpa/query/QueryObject|>,
  <<|java+class:///org/castor/cpa/query/object/function/Length|,|java+class:///org/castor/cpa/query/object/function/AbstractFunction|>,2,|java+interface:///org/castor/cpa/query/QueryObject|>,
  <<|java+class:///org/castor/cache/hashbelt/multithreaded/TestMultiThreadedLRUHashbelt|,|java+class:///org/castor/cache/hashbelt/multithreaded/AbstractTestMultiThreadedHashbelt|>,2,|java+interface:///junit/framework/Test|>,
  <<|java+class:///org/castor/cache/AbstractCacheFactory|,|java+interface:///org/castor/cache/CacheFactory|>,2,|java+interface:///org/castor/cache/CacheFactory|>,
  <<|java+class:///org/castor/cache/hashbelt/TestFIFOHashbeltFactory|,|java+class:///junit/framework/TestCase|>,2,|java+interface:///junit/framework/Test|>,
  <<|java+class:///org/castor/persist/cache/TestCacheEntry|,|java+class:///junit/framework/TestCase|>,2,|java+interface:///junit/framework/Test|>,
  <<|java+class:///org/castor/cpa/query/object/MockField|,|java+class:///org/castor/cpa/query/object/AbstractField|>,2,|java+interface:///org/castor/cpa/query/QueryObject|>,
  <<|java+class:///org/castor/cpa/query/object/literal/TimestampLiteral|,|java+class:///org/castor/cpa/query/object/literal/AbstractTemporalLiteral|>,2,|java+interface:///org/castor/cpa/query/Expression|>,
  <<|java+class:///org/castor/cache/hashbelt/TestLRUHashbelt|,|java+class:///junit/framework/TestCase|>,2,|java+interface:///junit/framework/Test|>,
  <<|java+class:///org/castor/cpa/persistence/sql/driver/PointbaseQueryExpression|,|java+class:///org/castor/cpa/persistence/sql/driver/JDBCQueryExpression|>,2,|java+interface:///org/exolab/castor/persist/spi/QueryExpression|>,
  <<|java+class:///org/castor/cpa/persistence/sql/query/visitor/PostgreSQLQueryVisitor|,|java+class:///org/castor/cpa/persistence/sql/query/visitor/DefaultDoubleQuoteNameQueryVisitor|>,2,|java+interface:///org/castor/cpa/persistence/sql/query/Visitor|>,
  <<|java+class:///org/castor/cpa/persistence/sql/query/visitor/MySQLQueryVisitor|,|java+class:///org/castor/cpa/persistence/sql/query/visitor/DefaultDoubleQuoteNameQueryVisitor|>,2,|java+interface:///org/castor/cpa/persistence/sql/query/Visitor|>,
  <<|java+class:///org/castor/cache/distributed/FKCache|,|java+class:///org/castor/cache/distributed/AbstractDistributedCache|>,2,|java+interface:///org/castor/cache/Cache|>,
  <<|java+class:///org/castor/cache/distributed/TestOsCache|,|java+class:///junit/framework/TestCase|>,2,|java+interface:///junit/framework/Test|>,
  <<|java+class:///org/castor/cpa/query/object/condition/CompoundCondition|,|java+class:///org/castor/cpa/query/object/condition/AbstractCondition|>,2,|java+interface:///org/castor/cpa/query/QueryObject|>,
  <<|java+class:///org/exolab/castor/jdo/engine/AbstractDatabaseImpl|,|java+interface:///org/exolab/castor/jdo/Database|>,2,|java+interface:///org/exolab/castor/jdo/Database|>,
  <<|java+interface:///org/castor/cpa/query/Field|,|java+interface:///org/castor/cpa/query/Expression|>,2,|java+class:///java/lang/Object|>,
  <<|java+class:///org/castor/persist/resolver/OneToManyRelationResolver|,|java+class:///org/castor/persist/resolver/ManyRelationResolver|>,2,|java+interface:///org/castor/persist/resolver/ResolverStrategy|>,
  <<|java+class:///org/castor/cpa/persistence/sql/query/visitor/ProgressQueryVisitor|,|java+class:///org/castor/cpa/persistence/sql/query/visitor/DefaultDoubleQuoteNameQueryVisitor|>,2,|java+class:///org/castor/cpa/persistence/sql/query/visitor/DefaultQueryVisitor|>,
  <<|java+class:///org/castor/cache/distributed/TestFKCache|,|java+class:///junit/framework/TestCase|>,2,|java+interface:///junit/framework/Test|>,
  <<|java+class:///org/castor/cache/distributed/OsCache|,|java+class:///org/castor/cache/distributed/AbstractDistributedCache|>,2,|java+interface:///org/castor/cache/Cache|>,
  <<|java+class:///org/castor/cpa/util/classresolution/command/BaseResolutionCommand|,|java+interface:///org/castor/cpa/util/classresolution/command/ClassDescriptorResolutionCommand|>,2,|java+interface:///org/castor/core/nature/PropertyHolder|>,
  <<|java+class:///org/castor/cpa/jpa/processors/fieldprocessors/JPAOneToOneProcessor|,|java+class:///org/castor/cpa/jpa/processors/BaseJPAAnnotationProcessor|>,2,|java+interface:///org/castor/core/annotationprocessing/TargetAwareAnnotationProcessor|>,
  <<|java+class:///org/castor/jdo/conf/descriptors/JndiDescriptor|,|java+class:///org/exolab/castor/xml/util/XMLClassDescriptorImpl|>,2,|java+interface:///org/exolab/castor/xml/TypeValidator|>,
  <<|java+class:///org/castor/cache/distributed/TestAbstractDistributedCache|,|java+class:///junit/framework/TestCase|>,2,|java+interface:///junit/framework/Test|>,
  <<|java+class:///org/castor/cpa/persistence/sql/driver/MultiRSCallQuery|,|java+class:///org/exolab/castor/persist/spi/AbstractCallQuery|>,2,|java+interface:///org/exolab/castor/persist/spi/PersistenceQuery|>,
  <<|java+class:///org/castor/cpa/persistence/convertor/AbstractSimpleTypeConvertor|,|java+class:///org/castor/cpa/persistence/convertor/AbstractTypeConvertor|>,2,|java+class:///org/exolab/castor/mapping/loader/TypeInfo|>,
  <<|java+class:///org/exolab/castor/jdo/TransactionAbortedException|,|java+class:///org/exolab/castor/jdo/PersistenceException|>,2,|java+class:///java/lang/Throwable|>,
  <<|java+class:///org/castor/cpa/persistence/sql/driver/PostgreSQLFactory|,|java+class:///org/castor/cpa/persistence/sql/driver/GenericFactory|>,2,|java+interface:///org/exolab/castor/persist/spi/PersistenceFactory|>,
  <<|java+class:///org/castor/cpa/persistence/sql/driver/SapDbQueryExpression|,|java+class:///org/castor/cpa/persistence/sql/driver/JDBCQueryExpression|>,2,|java+interface:///org/exolab/castor/persist/spi/QueryExpression|>,
  <<|java+class:///org/castor/cpa/query/object/condition/MockCondition|,|java+class:///org/castor/cpa/query/object/condition/AbstractCondition|>,2,|java+interface:///org/castor/cpa/query/QueryObject|>
}