[
  <<|java+class:///org/apache/jmeter/JMeter/ListenToTest|,|java+interface:///org/apache/jmeter/testelement/TestListener|>,|java+class:///org/apache/jmeter/samplers/RemoteListenerWrapper|>,
  <<|java+class:///org/apache/jmeter/visualizers/MonitorHealthVisualizer|,|java+interface:///org/apache/jmeter/visualizers/GraphListener|>,|java+class:///org/apache/jmeter/visualizers/SplineVisualizer|>,
  <<|java+class:///org/apache/jmeter/gui/MainFrame|,|java+interface:///org/apache/jmeter/testelement/TestListener|>,|java+class:///org/apache/jmeter/samplers/RemoteListenerWrapper|>,
  <<|java+class:///org/apache/jmeter/protocol/http/sampler/HTTPSamplerBase|,|java+interface:///org/apache/jmeter/testelement/ThreadListener|>,|java+class:///org/apache/jmeter/protocol/http/util/accesslog/SessionFilter|>,
  <<|java+class:///org/apache/jmeter/assertions/CompareAssertion|,|java+interface:///org/apache/jmeter/assertions/Assertion|>,|java+class:///org/apache/jmeter/assertions/BeanShellAssertion|>,
  <<|java+class:///org/apache/jmeter/config/CSVDataSet|,|java+interface:///org/apache/jmeter/engine/event/LoopIterationListener|>,|java+class:///org/apache/jmeter/control/OnceOnlyController|>,
  <<|java+class:///org/apache/jmeter/protocol/http/control/CacheManager|,|java+interface:///org/apache/jmeter/testelement/TestListener|>,|java+class:///org/apache/jmeter/samplers/RemoteListenerWrapper|>,
  <<|java+class:///org/apache/jmeter/protocol/http/modifier/UserParameterModifier|,|java+interface:///org/apache/jmeter/testelement/TestListener|>,|java+class:///org/apache/jmeter/samplers/RemoteListenerWrapper|>,
  <<|java+class:///org/apache/jmeter/modifiers/UserParameters|,|java+interface:///org/apache/jmeter/engine/event/LoopIterationListener|>,|java+class:///org/apache/jmeter/control/OnceOnlyController|>,
  <<|java+class:///org/apache/jmeter/functions/StringFromFile|,|java+interface:///org/apache/jmeter/testelement/TestListener|>,|java+class:///org/apache/jmeter/samplers/RemoteListenerWrapper|>,
  <<|java+class:///org/apache/jmeter/assertions/CompareAssertion|,|java+interface:///org/apache/jmeter/engine/event/LoopIterationListener|>,|java+class:///org/apache/jmeter/control/OnceOnlyController|>,
  <<|java+class:///org/apache/jmeter/visualizers/MonitorAccumModel|,|java+interface:///org/apache/jmeter/samplers/Clearable|>,|java+class:///org/apache/jmeter/visualizers/AssertionVisualizer|>,
  <<|java+class:///org/apache/jmeter/visualizers/DistributionGraph|,|java+interface:///org/apache/jmeter/samplers/Clearable|>,|java+class:///org/apache/jmeter/visualizers/AssertionVisualizer|>,
  <<|java+class:///org/apache/jmeter/reporters/Summariser|,|java+interface:///org/apache/jmeter/samplers/SampleListener|>,|java+class:///org/apache/jmeter/reporters/ResultCollector|>,
  <<|java+class:///org/apache/jmeter/protocol/http/sampler/HTTPSampler|,|java+interface:///org/apache/jmeter/samplers/Interruptible|>,|java+class:///org/apache/jmeter/protocol/http/sampler/HTTPSampler3|>,
  <<|java+class:///org/apache/jmeter/protocol/http/sampler/SoapSampler|,|java+interface:///org/apache/jmeter/samplers/Interruptible|>,|java+class:///org/apache/jmeter/protocol/http/sampler/HTTPSampler3|>,
  <<|java+class:///org/apache/jmeter/protocol/mail/sampler/MailReaderSampler|,|java+interface:///org/apache/jmeter/samplers/Interruptible|>,|java+class:///org/apache/jmeter/protocol/http/sampler/HTTPSampler3|>,
  <<|java+class:///org/apache/jmeter/extractor/DebugPostProcessor|,|java+interface:///org/apache/jmeter/processor/PostProcessor|>,|java+class:///org/apache/jmeter/extractor/BSFPostProcessor|>,
  <<|java+class:///org/apache/jmeter/extractor/JSR223PostProcessor|,|java+interface:///org/apache/jmeter/processor/PostProcessor|>,|java+class:///org/apache/jmeter/extractor/BSFPostProcessor|>,
  <<|java+class:///org/apache/jmeter/visualizers/MailerVisualizer|,|java+interface:///org/apache/jmeter/samplers/Clearable|>,|java+class:///org/apache/jmeter/visualizers/AssertionVisualizer|>,
  <<|java+class:///org/apache/jmeter/visualizers/DistributionGraphVisualizer|,|java+interface:///org/apache/jmeter/samplers/Clearable|>,|java+class:///org/apache/jmeter/visualizers/AssertionVisualizer|>,
  <<|java+class:///org/apache/jmeter/protocol/http/modifier/UserParameterModifier|,|java+interface:///org/apache/jmeter/processor/PreProcessor|>,|java+class:///org/apache/jmeter/modifiers/BeanShellPreProcessor|>,
  <<|java+class:///org/apache/jmeter/samplers/RemoteSampleListenerImpl|,|java+interface:///org/apache/jmeter/testelement/TestListener|>,|java+class:///org/apache/jmeter/samplers/RemoteListenerWrapper|>,
  <<|java+class:///org/apache/jmeter/timers/ConstantThroughputTimer|,|java+interface:///org/apache/jmeter/testelement/TestListener|>,|java+class:///org/apache/jmeter/samplers/RemoteListenerWrapper|>,
  <<|java+class:///org/apache/jmeter/visualizers/GraphAccumVisualizer|,|java+interface:///org/apache/jmeter/samplers/Clearable|>,|java+class:///org/apache/jmeter/visualizers/AssertionVisualizer|>,
  <<|java+class:///org/apache/jmeter/assertions/DurationAssertion|,|java+interface:///org/apache/jmeter/assertions/Assertion|>,|java+class:///org/apache/jmeter/assertions/BeanShellAssertion|>,
  <<|java+class:///org/apache/jmeter/protocol/jms/sampler/PublisherSampler|,|java+interface:///org/apache/jmeter/testelement/TestListener|>,|java+class:///org/apache/jmeter/samplers/RemoteListenerWrapper|>,
  <<|java+class:///org/apache/jmeter/modifiers/JSR223PreProcessor|,|java+interface:///org/apache/jmeter/processor/PreProcessor|>,|java+class:///org/apache/jmeter/modifiers/BeanShellPreProcessor|>,
  <<|java+class:///org/apache/jmeter/visualizers/MonitorPerformancePanel|,|java+interface:///org/apache/jmeter/samplers/Clearable|>,|java+class:///org/apache/jmeter/visualizers/AssertionVisualizer|>,
  <<|java+class:///org/apache/jmeter/protocol/java/sampler/JavaSampler|,|java+interface:///org/apache/jmeter/testelement/TestListener|>,|java+class:///org/apache/jmeter/samplers/RemoteListenerWrapper|>,
  <<|java+class:///org/apache/jmeter/assertions/SMIMEAssertionTestElement|,|java+interface:///org/apache/jmeter/assertions/Assertion|>,|java+class:///org/apache/jmeter/assertions/BeanShellAssertion|>,
  <<|java+class:///org/apache/jmeter/visualizers/Graph|,|java+interface:///org/apache/jmeter/samplers/Clearable|>,|java+class:///org/apache/jmeter/visualizers/AssertionVisualizer|>,
  <<|java+class:///org/apache/jmeter/visualizers/BeanShellListener|,|java+interface:///org/apache/jmeter/visualizers/Visualizer|>,|java+class:///org/apache/jmeter/visualizers/gui/AbstractVisualizer|>,
  <<|java+class:///org/apache/jmeter/visualizers/JSR223Listener|,|java+interface:///org/apache/jmeter/samplers/SampleListener|>,|java+class:///org/apache/jmeter/reporters/ResultCollector|>,
  <<|java+class:///org/apache/jmeter/visualizers/ComparisonVisualizer|,|java+interface:///org/apache/jmeter/samplers/Clearable|>,|java+class:///org/apache/jmeter/visualizers/AssertionVisualizer|>,
  <<|java+class:///org/apache/jmeter/reporters/ResultCollector|,|java+interface:///org/apache/jmeter/samplers/Clearable|>,|java+class:///org/apache/jmeter/visualizers/AssertionVisualizer|>,
  <<|java+class:///org/apache/jmeter/visualizers/TableVisualizer|,|java+interface:///org/apache/jmeter/samplers/Clearable|>,|java+class:///org/apache/jmeter/visualizers/AssertionVisualizer|>,
  <<|java+class:///org/apache/jmeter/protocol/http/control/CookieManager|,|java+interface:///org/apache/jmeter/testelement/TestListener|>,|java+class:///org/apache/jmeter/samplers/RemoteListenerWrapper|>,
  <<|java+class:///org/apache/jmeter/visualizers/GraphVisualizer|,|java+interface:///org/apache/jmeter/samplers/Clearable|>,|java+class:///org/apache/jmeter/visualizers/AssertionVisualizer|>,
  <<|java+class:///org/apache/jmeter/protocol/http/sampler/HTTPSampler2|,|java+interface:///org/apache/jmeter/samplers/Interruptible|>,|java+class:///org/apache/jmeter/protocol/http/sampler/HTTPSampler3|>,
  <<|java+class:///org/apache/jmeter/threads/JMeterThread|,|java+interface:///org/apache/jmeter/samplers/Interruptible|>,|java+class:///org/apache/jmeter/protocol/http/sampler/HTTPSampler3|>,
  <<|java+class:///org/apache/jmeter/assertions/XMLSchemaAssertion|,|java+interface:///org/apache/jmeter/assertions/Assertion|>,|java+class:///org/apache/jmeter/assertions/BeanShellAssertion|>,
  <<|java+class:///org/apache/jmeter/protocol/http/control/gui/HttpMirrorControlGui|,|java+interface:///org/apache/jmeter/gui/JMeterGUIComponent|>,|java+class:///org/apache/jmeter/testbeans/gui/TestBeanGUI|>,
  <<|java+class:///org/apache/jmeter/extractor/XPathExtractor|,|java+interface:///org/apache/jmeter/processor/PostProcessor|>,|java+class:///org/apache/jmeter/extractor/BSFPostProcessor|>,
  <<|java+class:///org/apache/jmeter/protocol/java/sampler/JUnitSampler|,|java+interface:///org/apache/jmeter/testelement/ThreadListener|>,|java+class:///org/apache/jmeter/protocol/http/util/accesslog/SessionFilter|>,
  <<|java+class:///org/apache/jmeter/assertions/XMLAssertion|,|java+interface:///org/apache/jmeter/assertions/Assertion|>,|java+class:///org/apache/jmeter/assertions/BeanShellAssertion|>,
  <<|java+class:///org/apache/jmeter/config/RandomVariableConfig|,|java+interface:///org/apache/jmeter/engine/event/LoopIterationListener|>,|java+class:///org/apache/jmeter/control/OnceOnlyController|>,
  <<|java+class:///org/apache/jmeter/protocol/jms/sampler/SubscriberSampler|,|java+interface:///org/apache/jmeter/samplers/Interruptible|>,|java+class:///org/apache/jmeter/protocol/http/sampler/HTTPSampler3|>,
  <<|java+class:///org/apache/jmeter/assertions/HTMLAssertion|,|java+interface:///org/apache/jmeter/assertions/Assertion|>,|java+class:///org/apache/jmeter/assertions/BeanShellAssertion|>,
  <<|java+class:///org/apache/jmeter/extractor/BeanShellPostProcessor|,|java+interface:///org/apache/jmeter/processor/PostProcessor|>,|java+class:///org/apache/jmeter/extractor/BSFPostProcessor|>,
  <<|java+class:///org/apache/jmeter/protocol/http/modifier/URLRewritingModifier|,|java+interface:///org/apache/jmeter/processor/PreProcessor|>,|java+class:///org/apache/jmeter/modifiers/BeanShellPreProcessor|>,
  <<|java+class:///org/apache/jmeter/gui/AbstractJMeterGuiComponent|,|java+interface:///org/apache/jmeter/gui/JMeterGUIComponent|>,|java+class:///org/apache/jmeter/testbeans/gui/TestBeanGUI|>,
  <<|java+class:///org/apache/jmeter/visualizers/SplineVisualizer|,|java+interface:///org/apache/jmeter/samplers/Clearable|>,|java+class:///org/apache/jmeter/visualizers/AssertionVisualizer|>,
  <<|java+class:///org/apache/jmeter/visualizers/MonitorModel|,|java+interface:///org/apache/jmeter/samplers/Clearable|>,|java+class:///org/apache/jmeter/visualizers/AssertionVisualizer|>,
  <<|java+class:///org/apache/jmeter/assertions/JSR223Assertion|,|java+interface:///org/apache/jmeter/assertions/Assertion|>,|java+class:///org/apache/jmeter/assertions/BeanShellAssertion|>,
  <<|java+class:///org/apache/jmeter/reporters/ResultAction|,|java+interface:///org/apache/jmeter/samplers/SampleListener|>,|java+class:///org/apache/jmeter/reporters/ResultCollector|>,
  <<|java+class:///org/apache/jmeter/visualizers/MonitorHealthVisualizer|,|java+interface:///org/apache/jmeter/samplers/Clearable|>,|java+class:///org/apache/jmeter/visualizers/AssertionVisualizer|>,
  <<|java+class:///org/apache/jmeter/visualizers/MonitorHealthPanel|,|java+interface:///org/apache/jmeter/samplers/Clearable|>,|java+class:///org/apache/jmeter/visualizers/AssertionVisualizer|>,
  <<|java+class:///org/apache/jmeter/visualizers/DistributionGraphVisualizer|,|java+interface:///org/apache/jmeter/visualizers/GraphListener|>,|java+class:///org/apache/jmeter/visualizers/SplineVisualizer|>,
  <<|java+class:///org/apache/jmeter/gui/ReportMainFrame|,|java+interface:///org/apache/jmeter/testelement/TestListener|>,|java+class:///org/apache/jmeter/samplers/RemoteListenerWrapper|>,
  <<|java+class:///org/apache/jmeter/visualizers/MonitorGraph|,|java+interface:///org/apache/jmeter/samplers/Clearable|>,|java+class:///org/apache/jmeter/visualizers/AssertionVisualizer|>,
  <<|java+class:///org/apache/jmeter/visualizers/gui/AbstractVisualizer|,|java+interface:///org/apache/jmeter/samplers/Clearable|>,|java+class:///org/apache/jmeter/visualizers/AssertionVisualizer|>,
  <<|java+class:///org/apache/jmeter/visualizers/SummaryReport|,|java+interface:///org/apache/jmeter/samplers/Clearable|>,|java+class:///org/apache/jmeter/visualizers/AssertionVisualizer|>,
  <<|java+class:///org/apache/jmeter/gui/NamePanel|,|java+interface:///org/apache/jmeter/gui/JMeterGUIComponent|>,|java+class:///org/apache/jmeter/testbeans/gui/TestBeanGUI|>,
  <<|java+class:///org/apache/jmeter/control/ThroughputController|,|java+interface:///org/apache/jmeter/testelement/TestListener|>,|java+class:///org/apache/jmeter/samplers/RemoteListenerWrapper|>,
  <<|java+class:///org/apache/jmeter/gui/util/ReportMenuBar|,|java+interface:///org/apache/jmeter/util/LocaleChangeListener|>,|java+class:///org/apache/jmeter/gui/GuiPackage|>,
  <<|java+class:///org/apache/jmeter/visualizers/StatGraphVisualizer|,|java+interface:///org/apache/jmeter/samplers/Clearable|>,|java+class:///org/apache/jmeter/visualizers/AssertionVisualizer|>,
  <<|java+class:///org/apache/jmeter/protocol/java/sampler/BeanShellSampler|,|java+interface:///org/apache/jmeter/samplers/Interruptible|>,|java+class:///org/apache/jmeter/protocol/http/sampler/HTTPSampler3|>,
  <<|java+class:///org/apache/jmeter/protocol/http/modifier/AnchorModifier|,|java+interface:///org/apache/jmeter/processor/PreProcessor|>,|java+class:///org/apache/jmeter/modifiers/BeanShellPreProcessor|>,
  <<|java+class:///org/apache/jmeter/visualizers/StatVisualizer|,|java+interface:///org/apache/jmeter/samplers/Clearable|>,|java+class:///org/apache/jmeter/visualizers/AssertionVisualizer|>,
  <<|java+class:///org/apache/jmeter/visualizers/SplineModel|,|java+interface:///org/apache/jmeter/samplers/Clearable|>,|java+class:///org/apache/jmeter/visualizers/AssertionVisualizer|>,
  <<|java+class:///org/apache/jmeter/protocol/http/sampler/HTTPSamplerProxy|,|java+interface:///org/apache/jmeter/samplers/Interruptible|>,|java+class:///org/apache/jmeter/protocol/http/sampler/HTTPSampler3|>,
  <<|java+class:///org/apache/jmeter/samplers/RemoteListenerWrapper|,|java+interface:///org/apache/jmeter/samplers/SampleListener|>,|java+class:///org/apache/jmeter/reporters/ResultCollector|>,
  <<|java+class:///org/apache/jmeter/protocol/http/sampler/AccessLogSampler|,|java+interface:///org/apache/jmeter/testelement/ThreadListener|>,|java+class:///org/apache/jmeter/protocol/http/util/accesslog/SessionFilter|>,
  <<|java+class:///org/apache/jmeter/protocol/ldap/sampler/LDAPExtSampler|,|java+interface:///org/apache/jmeter/testelement/TestListener|>,|java+class:///org/apache/jmeter/samplers/RemoteListenerWrapper|>,
  <<|java+class:///org/apache/jmeter/reporters/Summariser|,|java+interface:///org/apache/jmeter/testelement/TestListener|>,|java+class:///org/apache/jmeter/samplers/RemoteListenerWrapper|>,
  <<|java+class:///org/apache/jmeter/protocol/tcp/sampler/TCPSampler|,|java+interface:///org/apache/jmeter/testelement/ThreadListener|>,|java+class:///org/apache/jmeter/protocol/http/util/accesslog/SessionFilter|>,
  <<|java+class:///org/apache/jmeter/visualizers/GraphAccumModel|,|java+interface:///org/apache/jmeter/samplers/Clearable|>,|java+class:///org/apache/jmeter/visualizers/AssertionVisualizer|>,
  <<|java+class:///org/apache/jmeter/protocol/http/modifier/ParamModifier|,|java+interface:///org/apache/jmeter/processor/PreProcessor|>,|java+class:///org/apache/jmeter/modifiers/BeanShellPreProcessor|>,
  <<|java+class:///org/apache/jmeter/protocol/jdbc/config/DataSourceElement|,|java+interface:///org/apache/jmeter/testelement/TestListener|>,|java+class:///org/apache/jmeter/samplers/RemoteListenerWrapper|>,
  <<|java+class:///org/apache/jmeter/samplers/RemoteSampleListenerWrapper|,|java+interface:///org/apache/jmeter/samplers/SampleListener|>,|java+class:///org/apache/jmeter/reporters/ResultCollector|>,
  <<|java+class:///org/apache/jmeter/visualizers/JSR223Listener|,|java+interface:///org/apache/jmeter/visualizers/Visualizer|>,|java+class:///org/apache/jmeter/visualizers/gui/AbstractVisualizer|>,
  <<|java+class:///org/apache/jmeter/protocol/http/sampler/AjpSampler|,|java+interface:///org/apache/jmeter/samplers/Interruptible|>,|java+class:///org/apache/jmeter/protocol/http/sampler/HTTPSampler3|>,
  <<|java+class:///org/apache/jmeter/modifiers/BSFPreProcessor|,|java+interface:///org/apache/jmeter/processor/PreProcessor|>,|java+class:///org/apache/jmeter/modifiers/BeanShellPreProcessor|>,
  <<|java+class:///org/apache/jmeter/protocol/jms/sampler/JMSSampler|,|java+interface:///org/apache/jmeter/testelement/ThreadListener|>,|java+class:///org/apache/jmeter/protocol/http/util/accesslog/SessionFilter|>,
  <<|java+class:///org/apache/jmeter/assertions/SizeAssertion|,|java+interface:///org/apache/jmeter/assertions/Assertion|>,|java+class:///org/apache/jmeter/assertions/BeanShellAssertion|>,
  <<|java+class:///org/apache/jmeter/util/BeanShellTestElement|,|java+interface:///org/apache/jmeter/testelement/TestListener|>,|java+class:///org/apache/jmeter/samplers/RemoteListenerWrapper|>,
  <<|java+class:///org/apache/jmeter/assertions/ResponseAssertion|,|java+interface:///org/apache/jmeter/assertions/Assertion|>,|java+class:///org/apache/jmeter/assertions/BeanShellAssertion|>,
  <<|java+class:///org/apache/jmeter/reporters/ResultSaver|,|java+interface:///org/apache/jmeter/samplers/SampleListener|>,|java+class:///org/apache/jmeter/reporters/ResultCollector|>,
  <<|java+interface:///org/apache/jmeter/report/DataSet|,|java+interface:///org/apache/jmeter/visualizers/Visualizer|>,|java+class:///org/apache/jmeter/visualizers/gui/AbstractVisualizer|>,
  <<|java+class:///org/apache/jmeter/timers/ConstantTimer|,|java+interface:///org/apache/jmeter/engine/event/LoopIterationListener|>,|java+class:///org/apache/jmeter/control/OnceOnlyController|>,
  <<|java+class:///org/apache/jmeter/samplers/RemoteTestListenerWrapper|,|java+interface:///org/apache/jmeter/testelement/TestListener|>,|java+class:///org/apache/jmeter/samplers/RemoteListenerWrapper|>,
  <<|java+class:///org/apache/jmeter/util/BeanShellTestElement|,|java+interface:///org/apache/jmeter/testelement/ThreadListener|>,|java+class:///org/apache/jmeter/protocol/http/util/accesslog/SessionFilter|>,
  <<|java+class:///org/apache/jmeter/protocol/ftp/sampler/FTPSampler|,|java+interface:///org/apache/jmeter/samplers/Interruptible|>,|java+class:///org/apache/jmeter/protocol/http/sampler/HTTPSampler3|>,
  <<|java+class:///org/apache/jmeter/protocol/jms/sampler/SubscriberSampler|,|java+interface:///org/apache/jmeter/testelement/TestListener|>,|java+class:///org/apache/jmeter/samplers/RemoteListenerWrapper|>,
  <<|java+class:///org/apache/jmeter/testelement/TestPlan|,|java+interface:///org/apache/jmeter/testelement/TestListener|>,|java+class:///org/apache/jmeter/samplers/RemoteListenerWrapper|>,
  <<|java+class:///org/apache/jmeter/visualizers/BSFListener|,|java+interface:///org/apache/jmeter/visualizers/Visualizer|>,|java+class:///org/apache/jmeter/visualizers/gui/AbstractVisualizer|>,
  <<|java+class:///org/apache/jmeter/reporters/ResultCollector|,|java+interface:///org/apache/jmeter/testelement/TestListener|>,|java+class:///org/apache/jmeter/samplers/RemoteListenerWrapper|>,
  <<|java+class:///org/apache/jmeter/reporters/gui/ResultSaverGui|,|java+interface:///org/apache/jmeter/samplers/Clearable|>,|java+class:///org/apache/jmeter/visualizers/AssertionVisualizer|>,
  <<|java+class:///org/apache/jmeter/assertions/MD5HexAssertion|,|java+interface:///org/apache/jmeter/assertions/Assertion|>,|java+class:///org/apache/jmeter/assertions/BeanShellAssertion|>
]