[
  <<|java+class:///org/apache/jmeter/protocol/http/util/HTTPArgument|,|java+class:///org/apache/jmeter/config/Argument|>,{|java+interface:///java/io/Serializable|},|project://jmeter-2.5.1/src/core/org/apache/jmeter/functions/gui/FunctionHelper.java|(6123,39,<146,31>,<146,70>)>,
  <<|java+class:///org/apache/jmeter/control/gui/IfControllerPanel|,|java+interface:///java/awt/event/ActionListener|>,{|java+class:///org/apache/jmeter/control/gui/AbstractControllerGui|},|project://jmeter-2.5.1/src/reports/org/apache/jmeter/report/gui/action/ReportActionRouter.java|(8705,29,<236,21>,<236,50>)>,
  <<|java+class:///org/apache/jmeter/config/gui/SimpleConfigGui|,|java+interface:///java/awt/event/ActionListener|>,{|java+class:///org/apache/jmeter/config/gui/AbstractConfigGui|},|project://jmeter-2.5.1/src/reports/org/apache/jmeter/report/gui/action/ReportActionRouter.java|(9224,29,<248,21>,<248,50>)>,
  <<|java+class:///org/apache/jmeter/gui/tree/JMeterTreeNode|,|java+class:///javax/swing/tree/DefaultMutableTreeNode|>,{|java+interface:///org/apache/jmeter/gui/tree/NamedTreeNode|},|project://jmeter-2.5.1/src/components/org/apache/jmeter/visualizers/ViewResultsFullVisualizer.java|(7696,61,<225,38>,<225,99>)>,
  <<|java+class:///org/apache/jmeter/samplers/StatisticalSampleResult|,|java+class:///org/apache/jmeter/samplers/SampleResult|>,{|java+interface:///java/io/Serializable|},|project://jmeter-2.5.1/src/components/org/apache/jmeter/visualizers/ViewResultsFullVisualizer.java|(8291,25,<237,44>,<237,69>)>,
  <<|java+class:///org/apache/jmeter/visualizers/RenderAsText|,|java+interface:///org/apache/jmeter/visualizers/ResultRenderer|>,{|java+class:///org/apache/jmeter/visualizers/SamplerResultTab|},|project://jmeter-2.5.1/src/components/org/apache/jmeter/visualizers/ViewResultsFullVisualizer.java|(11922,38,<322,32>,<322,70>)>,
  <<|java+class:///org/apache/jmeter/report/gui/tree/ReportTreeNode|,|java+class:///javax/swing/tree/DefaultMutableTreeNode|>,{|java+interface:///org/apache/jmeter/gui/tree/NamedTreeNode|},|project://jmeter-2.5.1/src/components/org/apache/jmeter/visualizers/ViewResultsFullVisualizer.java|(14359,30,<374,33>,<374,63>)>,
  <<|java+class:///org/apache/jmeter/samplers/StatisticalSampleResult|,|java+class:///org/apache/jmeter/samplers/SampleResult|>,{|java+interface:///java/io/Serializable|},|project://jmeter-2.5.1/src/components/org/apache/jmeter/visualizers/ViewResultsFullVisualizer.java|(14491,25,<376,29>,<376,54>)>,
  <<|java+class:///org/apache/jmeter/testelement/AbstractTestElement|,|java+interface:///org/apache/jmeter/testelement/TestElement|>,{|java+interface:///java/io/Serializable|},|project://jmeter-2.5.1/src/core/org/apache/jmeter/engine/TurnElementsOn.java|(1395,18,<36,13>,<36,31>)>,
  <<|java+interface:///org/apache/jmeter/samplers/Sampler|,|java+interface:///org/apache/jmeter/testelement/TestElement|>,{|java+interface:///java/io/Serializable|},|project://jmeter-2.5.1/src/core/org/apache/jmeter/gui/tree/JMeterTreeNode.java|(4686,29,<122,15>,<122,44>)>,
  <<|java+class:///org/apache/jmeter/testelement/AbstractTestElement|,|java+interface:///org/apache/jmeter/testelement/TestElement|>,{|java+interface:///java/io/Serializable|},|project://jmeter-2.5.1/src/core/org/apache/jmeter/gui/tree/JMeterTreeNode.java|(4808,29,<126,47>,<126,76>)>,
  <<|java+class:///org/apache/jmeter/testelement/AbstractTestElement|,|java+interface:///org/apache/jmeter/testelement/TestElement|>,{|java+interface:///java/io/Serializable|},|project://jmeter-2.5.1/src/core/org/apache/jmeter/gui/tree/JMeterTreeNode.java|(4946,29,<130,47>,<130,76>)>,
  <<|java+interface:///org/apache/jmeter/samplers/Sampler|,|java+interface:///org/apache/jmeter/testelement/TestElement|>,{|java+interface:///java/io/Serializable|},|project://jmeter-2.5.1/src/core/org/apache/jmeter/gui/tree/JMeterTreeNode.java|(5073,29,<135,9>,<135,38>)>,
  <<|java+class:///org/apache/jmeter/testelement/AbstractTestElement|,|java+interface:///org/apache/jmeter/testelement/TestElement|>,{|java+interface:///java/io/Serializable|},|project://jmeter-2.5.1/src/core/org/apache/jmeter/gui/tree/JMeterTreeNode.java|(5197,29,<140,16>,<140,45>)>,
  <<|java+class:///org/apache/jmeter/modifiers/BeanShellPreProcessor|,|java+class:///org/apache/jmeter/util/BeanShellTestElement|>,{
    |java+interface:///java/lang/Cloneable|,
    |java+interface:///org/apache/jmeter/processor/PreProcessor|,
    |java+interface:///org/apache/jmeter/testbeans/TestBean|
  },|project://jmeter-2.5.1/src/core/org/apache/jmeter/util/BeanShellTestElement.java|(4201,36,<123,33>,<123,69>)>,
  <<|java+class:///org/apache/jmeter/protocol/http/util/HTTPArgument|,|java+class:///org/apache/jmeter/config/Argument|>,{|java+interface:///java/io/Serializable|},|project://jmeter-2.5.1/src/protocol/http/org/apache/jmeter/protocol/http/modifier/ParamModifier.java|(4225,39,<119,27>,<119,66>)>,
  <<|java+class:///org/apache/jmeter/protocol/http/util/HTTPArgument|,|java+class:///org/apache/jmeter/config/Argument|>,{|java+interface:///java/io/Serializable|},|project://jmeter-2.5.1/src/protocol/ldap/org/apache/jmeter/protocol/ldap/sampler/LDAPSampler.java|(7930,39,<256,28>,<256,67>)>,
  <<|java+class:///org/apache/jmeter/protocol/http/util/HTTPArgument|,|java+class:///org/apache/jmeter/config/Argument|>,{|java+interface:///java/io/Serializable|},|project://jmeter-2.5.1/src/protocol/ldap/org/apache/jmeter/protocol/ldap/sampler/LDAPSampler.java|(8685,39,<276,28>,<276,67>)>,
  <<|java+class:///org/apache/jmeter/visualizers/GraphAccum|,|java+class:///javax/swing/JComponent|>,{
    |java+interface:///javax/swing/Scrollable|,
    |java+interface:///org/apache/jmeter/visualizers/GraphAccumListener|
  },|project://jmeter-2.5.1/src/core/org/apache/jmeter/gui/action/AddToTree.java|(2237,26,<68,68>,<68,94>)>,
  <<|java+interface:///org/apache/jmeter/samplers/Sampler|,|java+interface:///org/apache/jmeter/testelement/TestElement|>,{|java+interface:///java/io/Serializable|},|project://jmeter-2.5.1/src/protocol/http/org/apache/jmeter/protocol/http/gui/HeaderPanel.java|(2890,35,<88,15>,<88,50>)>,
  <<|java+class:///org/apache/jmeter/extractor/BSFPostProcessor|,|java+class:///org/apache/jmeter/util/BSFTestElement|>,{
    |java+interface:///java/lang/Cloneable|,
    |java+interface:///org/apache/jmeter/testbeans/TestBean|,
    |java+interface:///org/apache/jmeter/processor/PostProcessor|
  },|project://jmeter-2.5.1/src/core/org/apache/jmeter/util/BSFTestElement.java|(2990,30,<87,27>,<87,57>)>,
  <<|java+class:///org/apache/jmeter/samplers/StatisticalSampleResult|,|java+class:///org/apache/jmeter/samplers/SampleResult|>,{|java+interface:///java/io/Serializable|},|project://jmeter-2.5.1/src/core/org/apache/jmeter/save/converters/SampleResultConverter.java|(5497,18,<113,27>,<113,45>)>,
  <<|java+class:///org/apache/jmeter/samplers/StatisticalSampleResult|,|java+class:///org/apache/jmeter/samplers/SampleResult|>,{|java+interface:///java/io/Serializable|},|project://jmeter-2.5.1/src/core/org/apache/jmeter/save/converters/SampleResultConverter.java|(12653,58,<306,27>,<306,85>)>,
  <<|java+class:///org/apache/jmeter/samplers/StatisticalSampleResult|,|java+class:///org/apache/jmeter/samplers/SampleResult|>,{|java+interface:///java/io/Serializable|},|project://jmeter-2.5.1/src/core/org/apache/jmeter/save/converters/SampleResultConverter.java|(13828,22,<337,31>,<337,53>)>,
  <<|java+class:///org/apache/jmeter/testelement/AbstractTestElement|,|java+interface:///org/apache/jmeter/testelement/TestElement|>,{|java+interface:///java/io/Serializable|},|project://jmeter-2.5.1/src/protocol/http/org/apache/jmeter/protocol/http/proxy/ProxyControl.java|(22489,30,<606,40>,<606,70>)>,
  <<|java+interface:///org/apache/jmeter/samplers/Sampler|,|java+interface:///org/apache/jmeter/testelement/TestElement|>,{|java+interface:///java/io/Serializable|},|project://jmeter-2.5.1/src/protocol/http/org/apache/jmeter/protocol/http/proxy/ProxyControl.java|(26807,37,<712,38>,<712,75>)>,
  <<|java+interface:///org/apache/jmeter/samplers/Sampler|,|java+interface:///org/apache/jmeter/testelement/TestElement|>,{|java+interface:///java/io/Serializable|},|project://jmeter-2.5.1/src/protocol/http/org/apache/jmeter/protocol/http/proxy/ProxyControl.java|(27599,37,<730,42>,<730,79>)>,
  <<|java+class:///org/apache/jmeter/testelement/AbstractTestElement|,|java+interface:///org/apache/jmeter/testelement/TestElement|>,{|java+interface:///java/io/Serializable|},|project://jmeter-2.5.1/src/core/org/apache/jmeter/testelement/property/AbstractProperty.java|(11252,18,<362,44>,<362,62>)>,
  <<|java+class:///org/apache/jmeter/testelement/AbstractTestElement|,|java+interface:///org/apache/jmeter/testelement/TestElement|>,{|java+interface:///java/io/Serializable|},|project://jmeter-2.5.1/src/core/org/apache/jmeter/testelement/property/AbstractProperty.java|(11303,18,<363,20>,<363,38>)>,
  <<|java+class:///org/apache/jorphan/collections/HashTree|,|java+interface:///java/util/Map|>,{
    |java+interface:///java/lang/Cloneable|,
    |java+interface:///java/io/Serializable|
  },|project://jmeter-2.5.1/src/core/org/apache/jmeter/testelement/property/AbstractProperty.java|(11574,16,<369,57>,<369,73>)>,
  <<|java+class:///org/apache/jmeter/gui/tree/JMeterTreeNode|,|java+class:///javax/swing/tree/DefaultMutableTreeNode|>,{|java+interface:///org/apache/jmeter/gui/tree/NamedTreeNode|},|project://jmeter-2.5.1/src/core/org/apache/jmeter/gui/MainFrame.java|(16028,33,<482,46>,<482,79>)>,
  <<|java+interface:///org/apache/jmeter/samplers/Sampler|,|java+interface:///org/apache/jmeter/testelement/TestElement|>,{|java+interface:///java/io/Serializable|},|project://jmeter-2.5.1/src/core/org/apache/jmeter/gui/MainFrame.java|(16192,25,<484,46>,<484,71>)>,
  <<|java+class:///org/apache/jmeter/protocol/http/sampler/HTTPSampler3|,|java+class:///org/apache/jmeter/protocol/http/sampler/HTTPSamplerBase|>,{|java+interface:///org/apache/jmeter/samplers/Interruptible|},|project://jmeter-2.5.1/test/src/org/apache/jmeter/protocol/http/modifier/TestAnchorModifier.java|(1930,159,<50,37>,<51,119>)>,
  <<|java+class:///org/apache/jmeter/protocol/http/sampler/HTTPSampler2|,|java+class:///org/apache/jmeter/protocol/http/sampler/HTTPSamplerBase|>,{|java+interface:///org/apache/jmeter/samplers/Interruptible|},|project://jmeter-2.5.1/test/src/org/apache/jmeter/protocol/http/modifier/TestAnchorModifier.java|(2235,162,<54,38>,<55,122>)>,
  <<|java+class:///org/apache/jorphan/collections/SortedHashTree|,|java+class:///org/apache/jorphan/collections/HashTree|>,{|java+interface:///java/io/Serializable|},|project://jmeter-2.5.1/src/jorphan/org/apache/jorphan/collections/HashTree.java|(20593,31,<619,29>,<619,60>)>,
  <<|java+class:///org/apache/jorphan/collections/SortedHashTree|,|java+class:///org/apache/jorphan/collections/HashTree|>,{|java+interface:///java/io/Serializable|},|project://jmeter-2.5.1/src/jorphan/org/apache/jorphan/collections/HashTree.java|(29200,12,<862,22>,<862,34>)>,
  <<|java+class:///org/apache/jmeter/reporters/ResultCollector|,|java+class:///org/apache/jmeter/reporters/AbstractListenerElement|>,{
    |java+interface:///org/apache/jmeter/testelement/TestListener|,
    |java+interface:///org/apache/jmeter/samplers/SampleListener|,
    |java+interface:///org/apache/jmeter/samplers/Remoteable|,
    |java+interface:///org/apache/jmeter/engine/util/NoThreadClone|,
    |java+interface:///java/io/Serializable|,
    |java+interface:///org/apache/jmeter/samplers/Clearable|
  },|project://jmeter-2.5.1/src/core/org/apache/jmeter/reporters/AbstractListenerElement.java|(1679,39,<52,40>,<52,79>)>,
  <<|java+class:///org/apache/jmeter/testelement/AbstractTestElement|,|java+interface:///org/apache/jmeter/testelement/TestElement|>,{|java+interface:///java/io/Serializable|},|project://jmeter-2.5.1/src/core/org/apache/jmeter/threads/gui/ThreadGroupGui.java|(3710,74,<105,28>,<105,102>)>,
  <<|java+class:///org/apache/jmeter/protocol/http/util/HTTPArgument|,|java+class:///org/apache/jmeter/config/Argument|>,{|java+interface:///java/io/Serializable|},|project://jmeter-2.5.1/src/protocol/mail/org/apache/jmeter/protocol/smtp/sampler/protocol/SendMailCommand.java|(9525,69,<242,32>,<242,101>)>,
  <<|java+class:///org/apache/jmeter/testelement/AbstractTestElement|,|java+interface:///org/apache/jmeter/testelement/TestElement|>,{|java+interface:///java/io/Serializable|},|project://jmeter-2.5.1/src/core/org/apache/jmeter/visualizers/gui/AbstractVisualizer.java|(10855,31,<263,15>,<263,46>)>,
  <<|java+class:///org/apache/jmeter/gui/tree/JMeterTreeNode|,|java+class:///javax/swing/tree/DefaultMutableTreeNode|>,{|java+interface:///org/apache/jmeter/gui/tree/NamedTreeNode|},|project://jmeter-2.5.1/src/components/org/apache/jmeter/visualizers/ComparisonVisualizer.java|(4675,67,<133,46>,<133,113>)>,
  <<|java+class:///org/apache/jmeter/samplers/StatisticalSampleResult|,|java+class:///org/apache/jmeter/samplers/SampleResult|>,{|java+interface:///java/io/Serializable|},|project://jmeter-2.5.1/src/components/org/apache/jmeter/visualizers/ComparisonVisualizer.java|(4778,35,<134,34>,<134,69>)>,
  <<|java+class:///org/apache/jmeter/testelement/AbstractTestElement|,|java+interface:///org/apache/jmeter/testelement/TestElement|>,{|java+interface:///java/io/Serializable|},|project://jmeter-2.5.1/src/core/org/apache/jmeter/engine/PreCompiler.java|(2448,18,<66,39>,<66,57>)>,
  <<|java+class:///org/apache/jmeter/testelement/AbstractTestElement|,|java+interface:///org/apache/jmeter/testelement/TestElement|>,{|java+interface:///java/io/Serializable|},|project://jmeter-2.5.1/src/core/org/apache/jmeter/engine/PreCompiler.java|(2756,18,<77,39>,<77,57>)>,
  <<|java+class:///org/apache/jmeter/config/ConfigTestElement|,|java+interface:///org/apache/jmeter/config/ConfigElement|>,{
    |java+class:///org/apache/jmeter/testelement/AbstractTestElement|,
    |java+interface:///java/io/Serializable|
  },|project://jmeter-2.5.1/src/core/org/apache/jmeter/samplers/Entry.java|(2695,30,<88,15>,<88,45>)>,
  <<|java+class:///org/apache/jmeter/visualizers/Graph|,|java+class:///javax/swing/JComponent|>,{
    |java+interface:///javax/swing/Scrollable|,
    |java+interface:///org/apache/jmeter/samplers/Clearable|
  },|project://jmeter-2.5.1/src/reports/org/apache/jmeter/report/gui/action/ReportAddToTree.java|(2111,26,<61,40>,<61,66>)>,
  <<|java+interface:///org/apache/jmeter/samplers/Sampler|,|java+interface:///org/apache/jmeter/testelement/TestElement|>,{|java+interface:///java/io/Serializable|},|project://jmeter-2.5.1/src/reports/org/apache/jmeter/report/gui/action/ReportAddToTree.java|(2713,74,<75,12>,<75,86>)>,
  <<|java+class:///org/apache/jmeter/protocol/http/util/HTTPArgument|,|java+class:///org/apache/jmeter/config/Argument|>,{|java+interface:///java/io/Serializable|},|project://jmeter-2.5.1/src/protocol/http/org/apache/jmeter/protocol/http/util/HTTPArgument.java|(7389,39,<215,27>,<215,66>)>,
  <<|java+class:///org/apache/jmeter/gui/tree/JMeterTreeNode|,|java+class:///javax/swing/tree/DefaultMutableTreeNode|>,{|java+interface:///org/apache/jmeter/gui/tree/NamedTreeNode|},|project://jmeter-2.5.1/src/monitor/components/org/apache/jmeter/visualizers/MonitorPerformancePanel.java|(9623,66,<263,38>,<263,104>)>,
  <<|java+class:///org/apache/jmeter/gui/tree/JMeterTreeNode|,|java+class:///javax/swing/tree/DefaultMutableTreeNode|>,{|java+interface:///org/apache/jmeter/gui/tree/NamedTreeNode|},|project://jmeter-2.5.1/src/monitor/components/org/apache/jmeter/visualizers/MonitorPerformancePanel.java|(10373,66,<281,42>,<281,108>)>,
  <<|java+interface:///org/apache/jmeter/samplers/Sampler|,|java+interface:///org/apache/jmeter/testelement/TestElement|>,{|java+interface:///java/io/Serializable|},|project://jmeter-2.5.1/src/protocol/http/org/apache/jmeter/protocol/http/gui/AuthPanel.java|(3282,29,<98,15>,<98,44>)>,
  <<|java+class:///org/apache/jmeter/testelement/AbstractTestElement|,|java+interface:///org/apache/jmeter/testelement/TestElement|>,{|java+interface:///java/io/Serializable|},|project://jmeter-2.5.1/src/protocol/http/org/apache/jmeter/protocol/http/gui/AuthPanel.java|(3707,40,<111,26>,<111,66>)>,
  <<|java+interface:///org/apache/jmeter/samplers/Sampler|,|java+interface:///org/apache/jmeter/testelement/TestElement|>,{|java+interface:///java/io/Serializable|},|project://jmeter-2.5.1/src/reports/org/apache/jmeter/report/gui/tree/ReportTreeModel.java|(2865,25,<75,31>,<75,56>)>,
  <<|java+interface:///org/apache/jmeter/samplers/Sampler|,|java+interface:///org/apache/jmeter/testelement/TestElement|>,{|java+interface:///java/io/Serializable|},|project://jmeter-2.5.1/src/reports/org/apache/jmeter/report/gui/tree/ReportTreeModel.java|(3067,37,<79,17>,<79,54>)>,
  <<|java+class:///org/apache/jmeter/protocol/http/util/HTTPArgument|,|java+class:///org/apache/jmeter/config/Argument|>,{|java+interface:///java/io/Serializable|},|project://jmeter-2.5.1/src/protocol/mail/org/apache/jmeter/protocol/smtp/sampler/gui/SmtpPanel.java|(12821,63,<468,32>,<468,95>)>,
  <<|java+class:///org/apache/jmeter/protocol/http/util/HTTPArgument|,|java+class:///org/apache/jmeter/config/Argument|>,{|java+interface:///java/io/Serializable|},|project://jmeter-2.5.1/src/core/org/apache/jmeter/config/Arguments.java|(2807,39,<86,27>,<86,66>)>,
  <<|java+class:///org/apache/jmeter/protocol/http/util/HTTPArgument|,|java+class:///org/apache/jmeter/config/Argument|>,{|java+interface:///java/io/Serializable|},|project://jmeter-2.5.1/src/core/org/apache/jmeter/config/Arguments.java|(4970,39,<158,27>,<158,66>)>,
  <<|java+class:///org/apache/jmeter/protocol/http/util/HTTPArgument|,|java+class:///org/apache/jmeter/config/Argument|>,{|java+interface:///java/io/Serializable|},|project://jmeter-2.5.1/src/core/org/apache/jmeter/config/Arguments.java|(6034,39,<195,28>,<195,67>)>,
  <<|java+class:///org/apache/jmeter/protocol/http/util/HTTPArgument|,|java+class:///org/apache/jmeter/config/Argument|>,{|java+interface:///java/io/Serializable|},|project://jmeter-2.5.1/src/core/org/apache/jmeter/config/Arguments.java|(6491,39,<211,27>,<211,66>)>,
  <<|java+class:///org/apache/jmeter/protocol/http/util/HTTPArgument|,|java+class:///org/apache/jmeter/config/Argument|>,{|java+interface:///java/io/Serializable|},|project://jmeter-2.5.1/src/core/org/apache/jmeter/config/Arguments.java|(7600,51,<254,23>,<254,74>)>,
  <<|java+interface:///org/apache/jmeter/samplers/Sampler|,|java+interface:///org/apache/jmeter/testelement/TestElement|>,{|java+interface:///java/io/Serializable|},|project://jmeter-2.5.1/src/components/org/apache/jmeter/control/IncludeController.java|(2873,24,<77,31>,<77,55>)>,
  <<|java+class:///org/apache/jorphan/collections/ListedHashTree|,|java+class:///org/apache/jorphan/collections/HashTree|>,{
    |java+interface:///java/lang/Cloneable|,
    |java+interface:///java/io/Serializable|
  },|project://jmeter-2.5.1/src/components/org/apache/jmeter/control/IncludeController.java|(2959,30,<80,28>,<80,58>)>,
  <<|java+interface:///org/apache/jmeter/samplers/Sampler|,|java+interface:///org/apache/jmeter/testelement/TestElement|>,{|java+interface:///java/io/Serializable|},|project://jmeter-2.5.1/src/components/org/apache/jmeter/control/IncludeController.java|(3039,30,<81,48>,<81,78>)>,
  <<|java+class:///org/apache/jmeter/testelement/AbstractTestElement|,|java+interface:///org/apache/jmeter/testelement/TestElement|>,{|java+interface:///java/io/Serializable|},|project://jmeter-2.5.1/src/components/org/apache/jmeter/control/IncludeController.java|(6679,25,<179,31>,<179,56>)>,
  <<|java+class:///org/apache/jmeter/testelement/AbstractTestElement|,|java+interface:///org/apache/jmeter/testelement/TestElement|>,{|java+interface:///java/io/Serializable|},|project://jmeter-2.5.1/src/components/org/apache/jmeter/control/IncludeController.java|(7416,25,<201,31>,<201,56>)>,
  <<|java+class:///org/apache/jmeter/protocol/http/util/HTTPArgument|,|java+class:///org/apache/jmeter/config/Argument|>,{|java+interface:///java/io/Serializable|},|project://jmeter-2.5.1/src/protocol/http/org/apache/jmeter/protocol/http/modifier/AnchorModifier.java|(4332,39,<103,35>,<103,74>)>,
  <<|java+class:///org/apache/jmeter/protocol/http/util/HTTPArgument|,|java+class:///org/apache/jmeter/config/Argument|>,{|java+interface:///java/io/Serializable|},|project://jmeter-2.5.1/src/protocol/http/org/apache/jmeter/protocol/http/modifier/AnchorModifier.java|(5154,39,<126,29>,<126,68>)>,
  <<|java+class:///org/apache/jmeter/testelement/AbstractTestElement|,|java+interface:///org/apache/jmeter/testelement/TestElement|>,{|java+interface:///java/io/Serializable|},|project://jmeter-2.5.1/src/core/org/apache/jmeter/save/converters/TestElementConverter.java|(2304,18,<57,25>,<57,43>)>,
  <<|java+class:///org/apache/jmeter/protocol/http/modifier/ParamModifier|,|java+interface:///org/apache/jmeter/testelement/TestListener|>,{
    |java+interface:///org/apache/jmeter/processor/PreProcessor|,
    |java+class:///org/apache/jmeter/testelement/AbstractTestElement|,
    |java+interface:///java/io/Serializable|
  },|project://jmeter-2.5.1/src/core/org/apache/jmeter/engine/util/FunctionParser.java|(5842,23,<142,58>,<142,81>)>,
  <<|java+class:///org/apache/jmeter/protocol/http/util/HTTPArgument|,|java+class:///org/apache/jmeter/config/Argument|>,{|java+interface:///java/io/Serializable|},|project://jmeter-2.5.1/test/src/org/apache/jmeter/config/gui/TestArgumentsPanel.java|(2031,87,<57,31>,<57,118>)>,
  <<|java+class:///org/apache/jmeter/protocol/http/util/HTTPArgument|,|java+class:///org/apache/jmeter/config/Argument|>,{|java+interface:///java/io/Serializable|},|project://jmeter-2.5.1/src/core/org/apache/jmeter/config/gui/ArgumentsPanel.java|(6252,39,<188,31>,<188,70>)>,
  <<|java+class:///org/apache/jmeter/testelement/AbstractTestElement|,|java+interface:///org/apache/jmeter/testelement/TestElement|>,{|java+interface:///java/io/Serializable|},|project://jmeter-2.5.1/src/core/org/apache/jmeter/gui/tree/JMeterTreeModel.java|(3603,25,<96,31>,<96,56>)>,
  <<|java+class:///org/apache/jmeter/testelement/AbstractTestElement|,|java+interface:///org/apache/jmeter/testelement/TestElement|>,{|java+interface:///java/io/Serializable|},|project://jmeter-2.5.1/src/core/org/apache/jmeter/gui/tree/JMeterTreeModel.java|(4367,37,<108,49>,<108,86>)>,
  <<|java+interface:///org/apache/jmeter/samplers/Sampler|,|java+interface:///org/apache/jmeter/testelement/TestElement|>,{|java+interface:///java/io/Serializable|},|project://jmeter-2.5.1/src/protocol/http/org/apache/jmeter/protocol/http/config/gui/UrlConfigGui.java|(7376,72,<196,28>,<196,100>)>,
  <<|java+class:///org/apache/jmeter/testelement/AbstractTestElement|,|java+interface:///org/apache/jmeter/testelement/TestElement|>,{|java+interface:///java/io/Serializable|},|project://jmeter-2.5.1/src/protocol/ldap/org/apache/jmeter/protocol/ldap/config/gui/LdapExtConfigGui.java|(10670,76,<241,36>,<241,112>)>,
  <<|java+interface:///org/apache/jmeter/samplers/Sampler|,|java+interface:///org/apache/jmeter/testelement/TestElement|>,{|java+interface:///java/io/Serializable|},|project://jmeter-2.5.1/src/protocol/ldap/org/apache/jmeter/protocol/ldap/config/gui/LdapExtConfigGui.java|(11038,80,<247,31>,<247,111>)>,
  <<|java+class:///org/apache/jmeter/report/gui/tree/ReportTreeNode|,|java+class:///javax/swing/tree/DefaultMutableTreeNode|>,{|java+interface:///org/apache/jmeter/gui/tree/NamedTreeNode|},|project://jmeter-2.5.1/src/components/org/apache/jmeter/visualizers/TreeNodeRenderer.java|(2119,30,<56,22>,<56,52>)>,
  <<|java+class:///org/apache/jmeter/samplers/StatisticalSampleResult|,|java+class:///org/apache/jmeter/samplers/SampleResult|>,{|java+interface:///java/io/Serializable|},|project://jmeter-2.5.1/src/components/org/apache/jmeter/visualizers/TreeNodeRenderer.java|(2236,18,<59,18>,<59,36>)>,
  <<|java+class:///org/apache/jmeter/testelement/AbstractTestElement|,|java+interface:///org/apache/jmeter/testelement/TestElement|>,{|java+interface:///java/io/Serializable|},|project://jmeter-2.5.1/src/protocol/http/org/apache/jmeter/protocol/http/gui/HTTPArgumentsPanel.java|(3669,26,<94,15>,<94,41>)>,
  <<|java+class:///org/apache/jmeter/samplers/StatisticalSampleResult|,|java+class:///org/apache/jmeter/samplers/SampleResult|>,{|java+interface:///java/io/Serializable|},|project://jmeter-2.5.1/src/components/org/apache/jmeter/visualizers/RenderAsRegexp.java|(7664,25,<214,27>,<214,52>)>,
  <<|java+class:///org/apache/jorphan/collections/HashTree|,|java+interface:///java/util/Map|>,{
    |java+interface:///java/lang/Cloneable|,
    |java+interface:///java/io/Serializable|
  },|project://jmeter-2.5.1/src/protocol/jdbc/org/apache/jmeter/protocol/jdbc/sampler/JDBCSampler.java|(5992,15,<139,40>,<139,55>)>,
  <<|java+class:///org/apache/jmeter/protocol/http/sampler/HTTPSamplerBase|,|java+interface:///org/apache/jmeter/testelement/TestListener|>,{
    |java+interface:///org/apache/jmeter/protocol/http/util/HTTPConstantsInterface|,
    |java+class:///org/apache/jmeter/samplers/AbstractSampler|,
    |java+interface:///org/apache/jmeter/testelement/ThreadListener|
  },|project://jmeter-2.5.1/src/core/org/apache/jmeter/samplers/RemoteSampleListenerImpl.java|(1563,23,<42,27>,<42,50>)>,
  <<|java+class:///org/apache/jmeter/samplers/RemoteSampleListenerImpl|,|java+interface:///org/apache/jmeter/samplers/SampleListener|>,{
    |java+interface:///org/apache/jmeter/testelement/TestListener|,
    |java+interface:///org/apache/jmeter/samplers/RemoteSampleListener|,
    |java+class:///java/rmi/server/UnicastRemoteObject|
  },|project://jmeter-2.5.1/src/core/org/apache/jmeter/samplers/RemoteSampleListenerImpl.java|(1727,25,<47,29>,<47,54>)>,
  <<|java+interface:///org/apache/jmeter/samplers/Sampler|,|java+interface:///org/apache/jmeter/testelement/TestElement|>,{|java+interface:///java/io/Serializable|},|project://jmeter-2.5.1/src/reports/org/apache/jmeter/report/gui/action/ReportCopy.java|(2715,34,<82,32>,<82,66>)>,
  <<|java+interface:///org/apache/jmeter/samplers/Sampler|,|java+interface:///org/apache/jmeter/testelement/TestElement|>,{|java+interface:///java/io/Serializable|},|project://jmeter-2.5.1/src/reports/org/apache/jmeter/report/gui/action/ReportCopy.java|(3766,35,<108,38>,<108,73>)>,
  <<|java+class:///org/apache/jorphan/collections/SortedHashTree|,|java+class:///org/apache/jorphan/collections/HashTree|>,{|java+interface:///java/io/Serializable|},|project://jmeter-2.5.1/src/core/org/apache/jmeter/gui/action/CheckDirty.java|(2795,24,<81,31>,<81,55>)>,
  <<|java+interface:///org/apache/jmeter/samplers/Sampler|,|java+interface:///org/apache/jmeter/testelement/TestElement|>,{|java+interface:///java/io/Serializable|},|project://jmeter-2.5.1/src/core/org/apache/jmeter/gui/action/CheckDirty.java|(4986,47,<133,43>,<133,90>)>,
  <<|java+class:///org/apache/jmeter/protocol/http/util/accesslog/LogFilter|,|java+interface:///org/apache/jmeter/protocol/http/util/accesslog/Filter|>,{|java+interface:///java/io/Serializable|},|project://jmeter-2.5.1/src/protocol/http/org/apache/jmeter/protocol/http/sampler/AccessLogSampler.java|(10178,41,<304,35>,<304,76>)>,
  <<|java+class:///org/apache/jmeter/reporters/MailerResultCollector|,|java+class:///org/apache/jmeter/reporters/ResultCollector|>,{|java+interface:///java/io/Serializable|},|project://jmeter-2.5.1/src/core/org/apache/jmeter/reporters/ResultCollector.java|(5955,31,<155,32>,<155,63>)>,
  <<|java+class:///org/apache/jmeter/testelement/AbstractTestElement|,|java+interface:///org/apache/jmeter/testelement/TestElement|>,{|java+interface:///java/io/Serializable|},|project://jmeter-2.5.1/src/core/org/apache/jmeter/save/converters/TestElementPropertyConverter.java|(2939,34,<66,29>,<66,63>)>,
  <<|java+interface:///org/apache/jmeter/samplers/Sampler|,|java+interface:///org/apache/jmeter/testelement/TestElement|>,{|java+interface:///java/io/Serializable|},|project://jmeter-2.5.1/src/core/org/apache/jmeter/save/converters/TestElementPropertyConverter.java|(5167,34,<109,29>,<109,63>)>,
  <<|java+interface:///org/apache/jmeter/samplers/Sampler|,|java+interface:///org/apache/jmeter/testelement/TestElement|>,{|java+interface:///java/io/Serializable|},|project://jmeter-2.5.1/src/core/org/apache/jmeter/gui/action/What.java|(1953,33,<55,25>,<55,58>)>,
  <<|java+class:///org/apache/jmeter/samplers/StatisticalSampleResult|,|java+class:///org/apache/jmeter/samplers/SampleResult|>,{|java+interface:///java/io/Serializable|},|project://jmeter-2.5.1/src/core/org/apache/jmeter/save/converters/TestResultWrapperConverter.java|(3700,49,<96,34>,<96,83>)>,
  <<|java+class:///org/apache/jmeter/protocol/http/util/HTTPArgument|,|java+class:///org/apache/jmeter/config/Argument|>,{|java+interface:///java/io/Serializable|},|project://jmeter-2.5.1/src/protocol/http/org/apache/jmeter/protocol/http/parser/HtmlParsingUtils.java|(4132,39,<112,28>,<112,67>)>,
  <<|java+class:///org/apache/jorphan/collections/HashTree|,|java+interface:///java/util/Map|>,{
    |java+interface:///java/lang/Cloneable|,
    |java+interface:///java/io/Serializable|
  },|project://jmeter-2.5.1/src/core/org/apache/jmeter/testbeans/gui/GenericTestBeanCustomizer.java|(12038,25,<327,22>,<327,47>)>,
  <<|java+class:///org/apache/jmeter/timers/JSR223Timer|,|java+class:///org/apache/jmeter/util/JSR223TestElement|>,{
    |java+interface:///java/lang/Cloneable|,
    |java+interface:///org/apache/jmeter/testbeans/TestBean|,
    |java+interface:///org/apache/jmeter/timers/Timer|
  },|project://jmeter-2.5.1/src/core/org/apache/jmeter/util/JSR223TestElement.java|(2463,33,<77,30>,<77,63>)>,
  <<|java+class:///org/apache/jmeter/samplers/StatisticalSampleResult|,|java+class:///org/apache/jmeter/samplers/SampleResult|>,{|java+interface:///java/io/Serializable|},|project://jmeter-2.5.1/src/components/org/apache/jmeter/visualizers/SamplerResultTab.java|(7851,25,<215,31>,<215,56>)>,
  <<|java+class:///org/apache/jmeter/testelement/AbstractTestElement|,|java+interface:///org/apache/jmeter/testelement/TestElement|>,{|java+interface:///java/io/Serializable|},|project://jmeter-2.5.1/src/core/org/apache/jmeter/testelement/property/TestElementProperty.java|(2189,15,<75,20>,<75,35>)>,
  <<|java+interface:///org/apache/jmeter/samplers/Sampler|,|java+interface:///org/apache/jmeter/testelement/TestElement|>,{|java+interface:///java/io/Serializable|},|project://jmeter-2.5.1/src/core/org/apache/jmeter/testelement/property/TestElementProperty.java|(2637,27,<100,21>,<100,48>)>,
  <<|java+class:///org/apache/jmeter/testelement/AbstractTestElement|,|java+interface:///org/apache/jmeter/testelement/TestElement|>,{|java+interface:///java/io/Serializable|},|project://jmeter-2.5.1/src/core/org/apache/jmeter/testelement/property/TestElementProperty.java|(2858,35,<110,33>,<110,68>)>,
  <<|java+class:///org/apache/jmeter/report/gui/tree/ReportTreeNode|,|java+class:///javax/swing/tree/DefaultMutableTreeNode|>,{|java+interface:///org/apache/jmeter/gui/tree/NamedTreeNode|},|project://jmeter-2.5.1/src/components/org/apache/jmeter/visualizers/RenderAsXML.java|(6477,30,<170,55>,<170,85>)>,
  <<|java+class:///org/apache/jmeter/protocol/http/util/HTTPArgument|,|java+class:///org/apache/jmeter/config/Argument|>,{|java+interface:///java/io/Serializable|},|project://jmeter-2.5.1/test/src/org/apache/jmeter/protocol/http/modifier/TestURLRewritingModifier.java|(2817,54,<69,55>,<69,109>)>,
  <<|java+class:///org/apache/jmeter/protocol/http/util/HTTPArgument|,|java+class:///org/apache/jmeter/config/Argument|>,{|java+interface:///java/io/Serializable|},|project://jmeter-2.5.1/test/src/org/apache/jmeter/protocol/http/modifier/TestURLRewritingModifier.java|(3633,54,<84,52>,<84,106>)>,
  <<|java+class:///org/apache/jmeter/protocol/http/util/HTTPArgument|,|java+class:///org/apache/jmeter/config/Argument|>,{|java+interface:///java/io/Serializable|},|project://jmeter-2.5.1/test/src/org/apache/jmeter/protocol/http/modifier/TestURLRewritingModifier.java|(4609,54,<106,52>,<106,106>)>,
  <<|java+class:///org/apache/jmeter/protocol/http/util/HTTPArgument|,|java+class:///org/apache/jmeter/config/Argument|>,{|java+interface:///java/io/Serializable|},|project://jmeter-2.5.1/test/src/org/apache/jmeter/protocol/http/modifier/TestURLRewritingModifier.java|(5266,54,<119,39>,<119,93>)>,
  <<|java+class:///org/apache/jmeter/protocol/http/util/HTTPArgument|,|java+class:///org/apache/jmeter/config/Argument|>,{|java+interface:///java/io/Serializable|},|project://jmeter-2.5.1/test/src/org/apache/jmeter/protocol/http/modifier/TestURLRewritingModifier.java|(6533,54,<145,52>,<145,106>)>,
  <<|java+class:///org/apache/jmeter/protocol/http/util/HTTPArgument|,|java+class:///org/apache/jmeter/config/Argument|>,{|java+interface:///java/io/Serializable|},|project://jmeter-2.5.1/test/src/org/apache/jmeter/protocol/http/modifier/TestURLRewritingModifier.java|(8018,54,<174,55>,<174,109>)>,
  <<|java+class:///org/apache/jmeter/protocol/http/util/HTTPArgument|,|java+class:///org/apache/jmeter/config/Argument|>,{|java+interface:///java/io/Serializable|},|project://jmeter-2.5.1/test/src/org/apache/jmeter/protocol/http/modifier/TestURLRewritingModifier.java|(9549,54,<203,25>,<203,79>)>,
  <<|java+class:///org/apache/jmeter/protocol/http/util/HTTPArgument|,|java+class:///org/apache/jmeter/config/Argument|>,{|java+interface:///java/io/Serializable|},|project://jmeter-2.5.1/test/src/org/apache/jmeter/protocol/http/modifier/TestURLRewritingModifier.java|(10306,54,<219,39>,<219,93>)>,
  <<|java+class:///org/apache/jmeter/protocol/http/util/HTTPArgument|,|java+class:///org/apache/jmeter/config/Argument|>,{|java+interface:///java/io/Serializable|},|project://jmeter-2.5.1/test/src/org/apache/jmeter/protocol/http/modifier/TestURLRewritingModifier.java|(11398,54,<242,25>,<242,79>)>,
  <<|java+class:///org/apache/jmeter/protocol/http/util/HTTPArgument|,|java+class:///org/apache/jmeter/config/Argument|>,{|java+interface:///java/io/Serializable|},|project://jmeter-2.5.1/test/src/org/apache/jmeter/protocol/http/modifier/TestURLRewritingModifier.java|(12467,54,<264,25>,<264,79>)>,
  <<|java+interface:///org/apache/jmeter/samplers/Sampler|,|java+interface:///org/apache/jmeter/testelement/TestElement|>,{|java+interface:///java/io/Serializable|},|project://jmeter-2.5.1/src/core/org/apache/jmeter/gui/action/Copy.java|(2777,34,<90,32>,<90,66>)>,
  <<|java+class:///org/apache/jmeter/testelement/AbstractTestElement|,|java+interface:///org/apache/jmeter/testelement/TestElement|>,{|java+interface:///java/io/Serializable|},|project://jmeter-2.5.1/src/core/org/apache/jmeter/gui/action/Copy.java|(3787,35,<115,38>,<115,73>)>,
  <<|java+interface:///org/apache/jmeter/samplers/Sampler|,|java+interface:///org/apache/jmeter/testelement/TestElement|>,{|java+interface:///java/io/Serializable|},|project://jmeter-2.5.1/src/core/org/apache/jmeter/gui/action/Load.java|(6042,31,<162,38>,<162,69>)>,
  <<|java+class:///org/apache/jmeter/testelement/AbstractTestElement|,|java+interface:///org/apache/jmeter/testelement/TestElement|>,{|java+interface:///java/io/Serializable|},|project://jmeter-2.5.1/src/core/org/apache/jmeter/gui/action/Load.java|(6180,31,<166,29>,<166,60>)>,
  <<|java+class:///org/apache/jmeter/control/ModuleController|,|java+class:///org/apache/jmeter/control/GenericController|>,{|java+interface:///org/apache/jmeter/control/ReplaceableController|},|project://jmeter-2.5.1/test/src/org/apache/jmeter/engine/TestTreeCloner.java|(2574,42,<56,26>,<56,68>)>,
  <<|java+class:///org/apache/jmeter/control/IfController|,|java+class:///org/apache/jmeter/control/GenericController|>,{|java+interface:///java/io/Serializable|},|project://jmeter-2.5.1/test/src/org/apache/jmeter/engine/TestTreeCloner.java|(2630,62,<56,82>,<57,34>)>,
  <<|java+class:///org/apache/jmeter/protocol/http/util/HTTPArgument|,|java+class:///org/apache/jmeter/config/Argument|>,{|java+interface:///java/io/Serializable|},|project://jmeter-2.5.1/test/src/org/apache/jmeter/engine/TestTreeCloner.java|(3680,35,<71,31>,<71,66>)>,
  <<|java+class:///org/apache/jmeter/samplers/StatisticalSampleResult|,|java+class:///org/apache/jmeter/samplers/SampleResult|>,{|java+interface:///java/io/Serializable|},|project://jmeter-2.5.1/src/components/org/apache/jmeter/visualizers/RequestViewRaw.java|(2285,27,<70,40>,<70,67>)>,
  <<|java+class:///org/apache/jmeter/protocol/http/util/HTTPArgument|,|java+class:///org/apache/jmeter/config/Argument|>,{|java+interface:///java/io/Serializable|},|project://jmeter-2.5.1/src/protocol/http/org/apache/jmeter/protocol/http/modifier/UserParameterModifier.java|(4220,39,<111,27>,<111,66>)>,
  <<|java+class:///org/apache/jmeter/protocol/http/util/HTTPArgument|,|java+class:///org/apache/jmeter/config/Argument|>,{|java+interface:///java/io/Serializable|},|project://jmeter-2.5.1/src/protocol/http/org/apache/jmeter/protocol/http/sampler/HTTPSamplerBase.java|(33502,22,<892,40>,<892,62>)>,
  <<|java+class:///org/apache/jmeter/protocol/http/sampler/HTTPSampler3|,|java+class:///org/apache/jmeter/protocol/http/sampler/HTTPSamplerBase|>,{|java+interface:///org/apache/jmeter/samplers/Interruptible|},|project://jmeter-2.5.1/src/protocol/http/org/apache/jmeter/protocol/http/sampler/HTTPSamplerBase.java|(49379,31,<1304,31>,<1304,62>)>,
  <<|java+interface:///org/apache/jmeter/samplers/Sampler|,|java+interface:///org/apache/jmeter/testelement/TestElement|>,{|java+interface:///java/io/Serializable|},|project://jmeter-2.5.1/src/components/org/apache/jmeter/control/ModuleController.java|(6504,34,<185,32>,<185,66>)>,
  <<|java+interface:///org/apache/jmeter/samplers/Sampler|,|java+interface:///org/apache/jmeter/testelement/TestElement|>,{|java+interface:///java/io/Serializable|},|project://jmeter-2.5.1/src/components/org/apache/jmeter/control/ModuleController.java|(6970,35,<195,38>,<195,73>)>,
  <<|java+class:///org/apache/jmeter/testelement/AbstractTestElement|,|java+interface:///org/apache/jmeter/testelement/TestElement|>,{|java+interface:///java/io/Serializable|},|project://jmeter-2.5.1/src/core/org/apache/jmeter/engine/TreeCloner.java|(2202,18,<64,20>,<64,38>)>,
  <<|java+class:///org/apache/jmeter/protocol/http/sampler/HTTPSampler3|,|java+class:///org/apache/jmeter/protocol/http/sampler/HTTPSamplerBase|>,{|java+interface:///org/apache/jmeter/samplers/Interruptible|},|project://jmeter-2.5.1/test/src/org/apache/jmeter/protocol/http/control/gui/TestHttpTestSampleGui.java|(1476,33,<40,44>,<40,77>)>,
  <<|java+interface:///org/apache/jmeter/samplers/Sampler|,|java+interface:///org/apache/jmeter/testelement/TestElement|>,{|java+interface:///java/io/Serializable|},|project://jmeter-2.5.1/src/core/org/apache/jmeter/JMeter.java|(39314,15,<826,35>,<826,50>)>,
  <<|java+class:///org/apache/jmeter/control/IncludeController|,|java+interface:///org/apache/jmeter/control/ReplaceableController|>,{|java+class:///org/apache/jmeter/control/GenericController|},|project://jmeter-2.5.1/src/core/org/apache/jmeter/JMeter.java|(39969,36,<837,33>,<837,69>)>,
  <<|java+class:///org/apache/jmeter/protocol/http/proxy/gui/ProxyControlGui|,|java+interface:///org/apache/jmeter/gui/JMeterGUIComponent|>,{
    |java+interface:///org/apache/jmeter/gui/UnsharedComponent|,
    |java+interface:///java/awt/event/ItemListener|,
    |java+interface:///java/awt/event/ActionListener|,
    |java+class:///org/apache/jmeter/control/gui/LogicControllerGui|,
    |java+interface:///java/awt/event/KeyListener|
  },|project://jmeter-2.5.1/test/src/org/apache/jmeter/junit/JMeterTest.java|(10120,32,<277,38>,<277,70>)>,
  <<|java+interface:///org/apache/jmeter/samplers/Sampler|,|java+interface:///org/apache/jmeter/testelement/TestElement|>,{|java+interface:///java/io/Serializable|},|project://jmeter-2.5.1/test/src/org/apache/jmeter/junit/JMeterTest.java|(18022,42,<457,13>,<457,55>)>,
  <<|java+class:///org/apache/jmeter/gui/util/TextAreaTableCellEditor/EditorDelegate|,|java+interface:///java/io/Serializable|>,{|java+interface:///java/awt/event/FocusListener|},|project://jmeter-2.5.1/test/src/org/apache/jmeter/junit/JMeterTest.java|(18761,26,<473,34>,<473,60>)>,
  <<|java+class:///org/apache/jmeter/testelement/AbstractTestElement|,|java+interface:///org/apache/jmeter/testelement/TestElement|>,{|java+interface:///java/io/Serializable|},|project://jmeter-2.5.1/test/src/org/apache/jmeter/junit/JMeterTest.java|(20319,25,<512,31>,<512,56>)>,
  <<|java+interface:///org/apache/jmeter/samplers/Sampler|,|java+interface:///org/apache/jmeter/testelement/TestElement|>,{|java+interface:///java/io/Serializable|},|project://jmeter-2.5.1/test/src/org/apache/jmeter/junit/JMeterTest.java|(25910,26,<640,33>,<640,59>)>,
  <<|java+class:///org/apache/jorphan/collections/ListedHashTree|,|java+class:///org/apache/jorphan/collections/HashTree|>,{
    |java+interface:///java/lang/Cloneable|,
    |java+interface:///java/io/Serializable|
  },|project://jmeter-2.5.1/src/reports/org/apache/jmeter/report/gui/action/ReportCheckDirty.java|(3356,24,<91,31>,<91,55>)>,
  <<|java+interface:///org/apache/jmeter/samplers/Sampler|,|java+interface:///org/apache/jmeter/testelement/TestElement|>,{|java+interface:///java/io/Serializable|},|project://jmeter-2.5.1/src/reports/org/apache/jmeter/report/gui/action/ReportCheckDirty.java|(5178,47,<134,43>,<134,90>)>,
  <<|java+class:///org/apache/jmeter/protocol/http/control/Header|,|java+class:///org/apache/jmeter/testelement/AbstractTestElement|>,{|java+interface:///java/io/Serializable|},|project://jmeter-2.5.1/src/core/org/apache/jmeter/testelement/AbstractTestElement.java|(3768,23,<111,20>,<111,43>)>,
  <<|java+class:///org/apache/jmeter/testelement/AbstractTestElement|,|java+interface:///org/apache/jmeter/testelement/TestElement|>,{|java+interface:///java/io/Serializable|},|project://jmeter-2.5.1/src/core/org/apache/jmeter/testelement/AbstractTestElement.java|(6002,36,<189,13>,<189,49>)>,
  <<|java+class:///org/apache/jorphan/collections/ListedHashTree|,|java+class:///org/apache/jorphan/collections/HashTree|>,{
    |java+interface:///java/lang/Cloneable|,
    |java+interface:///java/io/Serializable|
  },|project://jmeter-2.5.1/src/core/org/apache/jmeter/save/ScriptWrapperConverter.java|(3318,60,<87,28>,<87,88>)>,
  <<|java+class:///org/apache/jmeter/control/GenericController|,|java+interface:///org/apache/jmeter/control/Controller|>,{
    |java+class:///org/apache/jmeter/testelement/AbstractTestElement|,
    |java+interface:///java/io/Serializable|
  },|project://jmeter-2.5.1/src/core/org/apache/jmeter/threads/JMeterThread.java|(5287,35,<138,21>,<138,56>)>,
  <<|java+class:///org/apache/jmeter/protocol/jms/sampler/SubscriberSampler|,|java+interface:///org/apache/jmeter/testelement/ThreadListener|>,{
    |java+interface:///org/apache/jmeter/testelement/TestListener|,
    |java+interface:///org/apache/jmeter/samplers/Interruptible|,
    |java+class:///org/apache/jmeter/protocol/jms/sampler/BaseJMSSampler|
  },|project://jmeter-2.5.1/src/core/org/apache/jmeter/threads/JMeterThread.java|(23382,21,<573,36>,<573,57>)>,
  <<|java+class:///org/apache/jmeter/control/GenericController|,|java+interface:///org/apache/jmeter/control/Controller|>,{
    |java+class:///org/apache/jmeter/testelement/AbstractTestElement|,
    |java+interface:///java/io/Serializable|
  },|project://jmeter-2.5.1/src/core/org/apache/jmeter/threads/AbstractThreadGroup.java|(3162,58,<84,23>,<84,81>)>,
  <<|java+interface:///org/apache/jmeter/samplers/Sampler|,|java+interface:///org/apache/jmeter/testelement/TestElement|>,{|java+interface:///java/io/Serializable|},|project://jmeter-2.5.1/src/protocol/ldap/org/apache/jmeter/protocol/ldap/config/gui/LdapConfigGui.java|(4625,73,<123,36>,<123,109>)>,
  <<|java+interface:///org/apache/jmeter/samplers/Sampler|,|java+interface:///org/apache/jmeter/testelement/TestElement|>,{|java+interface:///java/io/Serializable|},|project://jmeter-2.5.1/src/protocol/ldap/org/apache/jmeter/protocol/ldap/config/gui/LdapConfigGui.java|(4959,73,<128,39>,<128,112>)>,
  <<|java+class:///org/apache/jorphan/collections/HashTree|,|java+interface:///java/util/Map|>,{
    |java+interface:///java/lang/Cloneable|,
    |java+interface:///java/io/Serializable|
  },|project://jmeter-2.5.1/src/core/org/apache/jmeter/testelement/property/MapProperty.java|(2059,13,<67,19>,<67,32>)>,
  <<|java+class:///org/apache/jmeter/testelement/AbstractTestElement|,|java+interface:///org/apache/jmeter/testelement/TestElement|>,{|java+interface:///java/io/Serializable|},|project://jmeter-2.5.1/src/core/org/apache/jmeter/threads/TestCompiler.java|(3874,18,<103,22>,<103,40>)>,
  <<|java+class:///org/apache/jmeter/config/Arguments|,|java+class:///org/apache/jmeter/config/ConfigTestElement|>,{|java+interface:///java/io/Serializable|},|project://jmeter-2.5.1/src/core/org/apache/jmeter/threads/TestCompiler.java|(6639,24,<168,32>,<168,56>)>,
  <<|java+class:///org/apache/jmeter/control/TransactionController|,|java+interface:///org/apache/jmeter/samplers/SampleListener|>,{
    |java+interface:///java/io/Serializable|,
    |java+interface:///org/apache/jmeter/control/Controller|,
    |java+class:///org/apache/jmeter/control/GenericController|
  },|project://jmeter-2.5.1/src/core/org/apache/jmeter/threads/TestCompiler.java|(6772,21,<171,34>,<171,55>)>,
  <<|java+class:///org/apache/jmeter/timers/RandomTimer|,|java+interface:///org/apache/jmeter/timers/Timer|>,{
    |java+class:///org/apache/jmeter/timers/ConstantTimer|,
    |java+interface:///java/io/Serializable|
  },|project://jmeter-2.5.1/src/core/org/apache/jmeter/threads/TestCompiler.java|(6890,12,<174,31>,<174,43>)>,
  <<|java+class:///org/apache/jmeter/assertions/BSFAssertion|,|java+interface:///org/apache/jmeter/assertions/Assertion|>,{
    |java+interface:///java/lang/Cloneable|,
    |java+class:///org/apache/jmeter/util/BSFTestElement|,
    |java+interface:///org/apache/jmeter/testbeans/TestBean|
  },|project://jmeter-2.5.1/src/core/org/apache/jmeter/threads/TestCompiler.java|(7007,16,<177,35>,<177,51>)>,
  <<|java+class:///org/apache/jmeter/extractor/RegexExtractor|,|java+interface:///org/apache/jmeter/processor/PostProcessor|>,{
    |java+class:///org/apache/jmeter/testelement/AbstractScopedTestElement|,
    |java+interface:///java/io/Serializable|
  },|project://jmeter-2.5.1/src/core/org/apache/jmeter/threads/TestCompiler.java|(7130,20,<180,33>,<180,53>)>,
  <<|java+class:///org/apache/jmeter/modifiers/UserParameters|,|java+interface:///org/apache/jmeter/processor/PreProcessor|>,{
    |java+interface:///org/apache/jmeter/engine/event/LoopIterationListener|,
    |java+class:///org/apache/jmeter/testelement/AbstractTestElement|,
    |java+interface:///java/io/Serializable|
  },|project://jmeter-2.5.1/src/core/org/apache/jmeter/threads/TestCompiler.java|(7255,19,<183,32>,<183,51>)>,
  <<|java+class:///org/apache/jmeter/visualizers/BeanShellListener|,|java+interface:///org/apache/jmeter/samplers/SampleListener|>,{
    |java+interface:///java/lang/Cloneable|,
    |java+interface:///org/apache/jmeter/visualizers/Visualizer|,
    |java+interface:///org/apache/jmeter/gui/UnsharedComponent|,
    |java+interface:///org/apache/jmeter/testbeans/TestBean|,
    |java+class:///org/apache/jmeter/util/BeanShellTestElement|
  },|project://jmeter-2.5.1/src/core/org/apache/jmeter/threads/TestCompiler.java|(8576,21,<211,34>,<211,55>)>,
  <<|java+class:///org/apache/jmeter/assertions/XPathAssertion|,|java+interface:///org/apache/jmeter/assertions/Assertion|>,{
    |java+class:///org/apache/jmeter/testelement/AbstractTestElement|,
    |java+interface:///java/io/Serializable|
  },|project://jmeter-2.5.1/src/core/org/apache/jmeter/threads/TestCompiler.java|(8702,16,<214,35>,<214,51>)>,
  <<|java+class:///org/apache/jorphan/gui/JLabeledTextArea|,|java+class:///javax/swing/JPanel|>,{
    |java+interface:///org/apache/jorphan/gui/JLabeledField|,
    |java+interface:///java/awt/event/FocusListener|
  },|project://jmeter-2.5.1/src/components/org/apache/jmeter/visualizers/GraphAccum.java|(7197,36,<250,9>,<250,45>)>,
  <<|java+class:///org/apache/jorphan/gui/JLabeledChoice|,|java+class:///javax/swing/JPanel|>,{|java+interface:///org/apache/jorphan/gui/JLabeledField|},|project://jmeter-2.5.1/src/components/org/apache/jmeter/visualizers/GraphAccum.java|(7922,36,<273,24>,<273,60>)>,
  <<|java+class:///org/apache/jmeter/protocol/http/util/HTTPArgument|,|java+class:///org/apache/jmeter/config/Argument|>,{|java+interface:///java/io/Serializable|},|project://jmeter-2.5.1/src/protocol/java/org/apache/jmeter/protocol/java/config/gui/JavaConfigGui.java|(6818,36,<183,39>,<183,75>)>,
  <<|java+class:///org/apache/jorphan/collections/ListedHashTree|,|java+class:///org/apache/jorphan/collections/HashTree|>,{
    |java+interface:///java/lang/Cloneable|,
    |java+interface:///java/io/Serializable|
  },|project://jmeter-2.5.1/src/core/org/apache/jmeter/save/converters/HashTreeConverter.java|(1953,15,<51,24>,<51,39>)>,
  <<|java+class:///org/apache/jorphan/collections/ListedHashTree|,|java+class:///org/apache/jorphan/collections/HashTree|>,{
    |java+interface:///java/lang/Cloneable|,
    |java+interface:///java/io/Serializable|
  },|project://jmeter-2.5.1/src/core/org/apache/jmeter/save/converters/HashTreeConverter.java|(2434,54,<66,24>,<66,78>)>,
  <<|java+class:///org/apache/jorphan/collections/SortedHashTree|,|java+class:///org/apache/jorphan/collections/HashTree|>,{|java+interface:///java/io/Serializable|},|project://jmeter-2.5.1/src/core/org/apache/jmeter/save/converters/HashTreeConverter.java|(2798,15,<75,34>,<75,49>)>,
  <<|java+class:///org/apache/jmeter/testelement/AbstractTestElement|,|java+interface:///org/apache/jmeter/testelement/TestElement|>,{|java+interface:///java/io/Serializable|},|project://jmeter-2.5.1/src/reports/org/apache/jmeter/report/gui/tree/ReportTreeNode.java|(4997,29,<134,15>,<134,44>)>,
  <<|java+class:///org/apache/jmeter/testelement/AbstractTestElement|,|java+interface:///org/apache/jmeter/testelement/TestElement|>,{|java+interface:///java/io/Serializable|},|project://jmeter-2.5.1/src/reports/org/apache/jmeter/report/gui/tree/ReportTreeNode.java|(5125,29,<138,53>,<138,82>)>,
  <<|java+class:///org/apache/jmeter/testelement/AbstractTestElement|,|java+interface:///org/apache/jmeter/testelement/TestElement|>,{|java+interface:///java/io/Serializable|},|project://jmeter-2.5.1/src/reports/org/apache/jmeter/report/gui/tree/ReportTreeNode.java|(5286,29,<143,53>,<143,82>)>,
  <<|java+class:///org/apache/jmeter/testelement/AbstractTestElement|,|java+interface:///org/apache/jmeter/testelement/TestElement|>,{|java+interface:///java/io/Serializable|},|project://jmeter-2.5.1/src/reports/org/apache/jmeter/report/gui/tree/ReportTreeNode.java|(5430,29,<149,9>,<149,38>)>,
  <<|java+interface:///org/apache/jmeter/samplers/Sampler|,|java+interface:///org/apache/jmeter/testelement/TestElement|>,{|java+interface:///java/io/Serializable|},|project://jmeter-2.5.1/src/reports/org/apache/jmeter/report/gui/tree/ReportTreeNode.java|(5554,29,<154,16>,<154,45>)>,
  <<|java+class:///org/apache/jmeter/protocol/http/sampler/AjpSampler|,|java+class:///org/apache/jmeter/protocol/http/sampler/HTTPSamplerBase|>,{|java+interface:///org/apache/jmeter/samplers/Interruptible|},|project://jmeter-2.5.1/src/protocol/http/org/apache/jmeter/protocol/http/sampler/HTTPSamplerBaseConverter.java|(2091,50,<63,44>,<63,94>)>,
  <<|java+class:///org/apache/jmeter/protocol/http/util/HTTPArgument|,|java+class:///org/apache/jmeter/config/Argument|>,{|java+interface:///java/io/Serializable|},|project://jmeter-2.5.1/src/protocol/ldap/org/apache/jmeter/protocol/ldap/sampler/LDAPExtSampler.java|(18705,39,<492,28>,<492,67>)>,
  <<|java+interface:///org/apache/jmeter/samplers/Sampler|,|java+interface:///org/apache/jmeter/testelement/TestElement|>,{|java+interface:///java/io/Serializable|},|project://jmeter-2.5.1/src/protocol/ldap/org/apache/jmeter/protocol/ldap/config/gui/LDAPArgumentsPanel.java|(4422,26,<129,15>,<129,41>)>
]