{
  <<|java+class:///net/sf/jmoney/model/CategoryNode|,|java+class:///net/sf/jmoney/SortedTreeNode|>,2,|java+interface:///javax/swing/tree/TreeNode|>,
  <<|java+class:///net/sf/jmoney/gui/EntryListItemLabels|,|java+class:///javax/swing/JPanel|>,2,|java+class:///java/awt/Component|>,
  <<|java+class:///net/sf/jmoney/gui/AccountPropertiesPanel|,|java+class:///javax/swing/JPanel|>,2,|java+class:///java/awt/Component|>,
  <<|java+class:///net/sf/jmoney/gui/IncomeExpenseReportPanel|,|java+class:///javax/swing/JPanel|>,2,|java+class:///java/awt/Component|>,
  <<|java+class:///net/sf/jmoney/gui/AccountBalancesReportPanel|,|java+class:///javax/swing/JPanel|>,2,|java+class:///java/awt/Component|>,
  <<|java+class:///net/sf/jmoney/gui/CategoryComboBox|,|java+class:///net/sf/jmoney/gui/SelectionComboBox|>,2,|java+class:///java/awt/Component|>,
  <<|java+class:///net/sf/jmoney/gui/CategoryPanel/CategoryTreeCellRenderer|,|java+class:///javax/swing/tree/DefaultTreeCellRenderer|>,2,|java+class:///java/awt/Component|>,
  <<|java+class:///net/sf/jmoney/model/CategoryNode|,|java+class:///net/sf/jmoney/SortedTreeNode|>,2,|java+interface:///javax/swing/tree/MutableTreeNode|>,
  <<|java+class:///net/sf/jmoney/gui/EditableMetalTheme|,|java+class:///javax/swing/plaf/metal/DefaultMetalTheme|>,2,|java+class:///java/lang/Object|>,
  <<|java+class:///net/sf/jmoney/gui/MainFrame|,|java+class:///javax/swing/JFrame|>,2,|java+class:///java/awt/Component|>,
  <<|java+class:///net/sf/jmoney/gui/DateComboBox/MotifDateComboBoxUI|,|java+class:///com/sun/java/swing/plaf/motif/MotifComboBoxUI|>,2,|java+class:///javax/swing/plaf/ComboBoxUI|>,
  <<|java+class:///net/sf/jmoney/SortedTreeNode|,|java+class:///javax/swing/tree/DefaultMutableTreeNode|>,2,|java+class:///java/lang/Object|>,
  <<|java+class:///net/sf/jmoney/model/SimpleCategory|,|java+class:///net/sf/jmoney/model/AbstractCategory|>,2,|java+interface:///net/sf/jmoney/model/Category|>,
  <<|java+class:///net/sf/jmoney/gui/SelectionList|,|java+class:///javax/swing/JList|>,2,|java+class:///java/lang/Object|>,
  <<|java+class:///net/sf/jmoney/gui/DateComboBox/MetalDateComboBoxUI|,|java+class:///javax/swing/plaf/metal/MetalComboBoxUI|>,2,|java+class:///javax/swing/plaf/ComboBoxUI|>,
  <<|java+class:///net/sf/jmoney/SortedTreeNode|,|java+class:///javax/swing/tree/DefaultMutableTreeNode|>,2,|java+interface:///javax/swing/tree/TreeNode|>,
  <<|java+class:///net/sf/jmoney/NavigationTreeModel|,|java+class:///net/sf/jmoney/SortedTreeModel|>,2,|java+interface:///javax/swing/tree/TreeModel|>,
  <<|java+class:///net/sf/jmoney/SortedTreeNode|,|java+class:///javax/swing/tree/DefaultMutableTreeNode|>,2,|java+interface:///javax/swing/tree/MutableTreeNode|>,
  <<|java+class:///net/sf/jmoney/gui/PreferencesDialog|,|java+class:///javax/swing/JDialog|>,2,|java+class:///java/awt/Component|>,
  <<|java+class:///net/sf/jmoney/gui/MainFrame|,|java+class:///javax/swing/JFrame|>,2,|java+class:///java/awt/Frame|>,
  <<|java+class:///net/sf/jmoney/model/CategoryNode|,|java+class:///net/sf/jmoney/SortedTreeNode|>,2,|java+class:///java/lang/Object|>,
  <<|java+class:///net/sf/jmoney/gui/WaitDialog|,|java+class:///javax/swing/JDialog|>,2,|java+class:///java/awt/Component|>,
  <<|java+class:///net/sf/jmoney/model/SimpleCategory|,|java+class:///net/sf/jmoney/model/AbstractCategory|>,2,|java+class:///java/lang/Object|>,
  <<|java+class:///net/sf/jmoney/model/DoubleEntry|,|java+class:///net/sf/jmoney/model/Entry|>,2,|java+class:///java/lang/Object|>,
  <<|java+class:///net/sf/jmoney/gui/CategoryComboBox|,|java+class:///net/sf/jmoney/gui/SelectionComboBox|>,2,|java+class:///javax/swing/JComboBox|>,
  <<|java+class:///net/sf/jmoney/gui/AccountEntriesPanel|,|java+class:///javax/swing/JPanel|>,2,|java+class:///java/awt/Component|>,
  <<|java+class:///net/sf/jmoney/gui/AboutDialog|,|java+class:///javax/swing/JDialog|>,2,|java+class:///java/awt/Component|>,
  <<|java+class:///net/sf/jmoney/SortedTreeModel|,|java+class:///javax/swing/tree/DefaultTreeModel|>,2,|java+interface:///javax/swing/tree/TreeModel|>,
  <<|java+class:///net/sf/jmoney/gui/AccountPanel|,|java+class:///javax/swing/JPanel|>,2,|java+class:///java/awt/Component|>,
  <<|java+class:///net/sf/jmoney/gui/NavigationTreeCellRenderer|,|java+class:///javax/swing/tree/DefaultTreeCellRenderer|>,2,|java+class:///java/awt/Component|>,
  <<|java+class:///net/sf/jmoney/gui/TransferDialog|,|java+class:///javax/swing/JDialog|>,2,|java+class:///java/awt/Component|>,
  <<|java+class:///net/sf/jmoney/gui/MainFrame/ToolBar|,|java+class:///javax/swing/JToolBar|>,2,|java+class:///java/awt/Component|>,
  <<|java+class:///net/sf/jmoney/gui/SelectionComboBox|,|java+class:///javax/swing/JComboBox|>,2,|java+class:///java/awt/Component|>,
  <<|java+class:///net/sf/jmoney/gui/SelectionComboBox|,|java+class:///javax/swing/JComboBox|>,2,|java+class:///java/lang/Object|>,
  <<|java+class:///net/sf/jmoney/model/AbstractCategory|,|java+interface:///net/sf/jmoney/model/Category|>,2,|java+interface:///net/sf/jmoney/model/Category|>,
  <<|java+class:///net/sf/jmoney/gui/EntryFilterPanel|,|java+class:///javax/swing/JPanel|>,2,|java+class:///java/awt/Component|>,
  <<|java+class:///net/sf/jmoney/gui/CategoryComboBox/Renderer|,|java+class:///javax/swing/JLabel|>,2,|java+class:///java/awt/Component|>,
  <<|java+class:///net/sf/jmoney/model/CategoryTreeModel|,|java+class:///net/sf/jmoney/SortedTreeModel|>,2,|java+interface:///javax/swing/tree/TreeModel|>,
  <<|java+class:///net/sf/jmoney/gui/EntryListItem|,|java+class:///javax/swing/JPanel|>,2,|java+class:///java/awt/Component|>,
  <<|java+class:///net/sf/jmoney/gui/DateComboBox/WindowsDateComboBoxUI|,|java+class:///com/sun/java/swing/plaf/windows/WindowsComboBoxUI|>,2,|java+class:///javax/swing/plaf/ComboBoxUI|>,
  <<|java+class:///net/sf/jmoney/gui/CategoryPanel|,|java+class:///javax/swing/JPanel|>,2,|java+class:///java/awt/Component|>,
  <<|java+class:///net/sf/jmoney/gui/AccountChooser|,|java+class:///javax/swing/JDialog|>,2,|java+class:///java/awt/Component|>,
  <<|java+class:///net/sf/jmoney/gui/StatusComboBox/Renderer|,|java+class:///javax/swing/JLabel|>,2,|java+class:///java/awt/Component|>,
  <<|java+class:///net/sf/jmoney/gui/SelectionComboBox|,|java+class:///javax/swing/JComboBox|>,2,|java+class:///javax/swing/JComboBox|>
}