[
  <<|java+class:///net/sf/jmoney/gui/AccountChooser|,|java+class:///javax/swing/JDialog|>,211,|project://jmoney-0.4.4/source/net/sf/jmoney/gui/AccountChooser.java|(3555,19,<122,2>,<122,21>),|java+method:///java/awt/Dialog/setModal(boolean)|>,
  <<|java+class:///net/sf/jmoney/gui/MainFrame|,|java+class:///javax/swing/JFrame|>,211,|project://jmoney-0.4.4/source/net/sf/jmoney/gui/MainFrame.java|(6669,22,<172,8>,<172,30>),|java+method:///java/awt/Window/setLocation(int,int)|>,
  <<|java+class:///net/sf/jmoney/gui/MainFrame|,|java+class:///javax/swing/JFrame|>,211,|project://jmoney-0.4.4/source/net/sf/jmoney/gui/MainFrame.java|(6701,18,<173,8>,<173,26>),|java+method:///java/awt/Window/setSize(int,int)|>,
  <<|java+class:///net/sf/jmoney/gui/MainFrame|,|java+class:///javax/swing/JFrame|>,211,|project://jmoney-0.4.4/source/net/sf/jmoney/gui/MainFrame.java|(11824,21,<312,8>,<312,29>),|java+method:///javax/swing/JFrame/getContentPane()|>,
  <<|java+class:///net/sf/jmoney/gui/MainFrame|,|java+class:///javax/swing/JFrame|>,211,|project://jmoney-0.4.4/source/net/sf/jmoney/gui/MainFrame.java|(12006,21,<315,8>,<315,29>),|java+method:///javax/swing/JFrame/getContentPane()|>,
  <<|java+class:///net/sf/jmoney/NavigationTreeModel|,|java+class:///net/sf/jmoney/SortedTreeModel|>,210,|project://jmoney-0.4.4/source/net/sf/jmoney/gui/MainFrame.java|(21327,61,<580,8>,<580,69>),|java+method:///net/sf/jmoney/SortedTreeModel/insertNodeInto(javax.swing.tree.MutableTreeNode,javax.swing.tree.MutableTreeNode,int)|>,
  <<|java+class:///net/sf/jmoney/NavigationTreeModel|,|java+class:///net/sf/jmoney/SortedTreeModel|>,211,|project://jmoney-0.4.4/source/net/sf/jmoney/gui/MainFrame.java|(21414,29,<581,24>,<581,53>),|java+method:///javax/swing/tree/DefaultTreeModel/getPathToRoot(javax.swing.tree.TreeNode)|>,
  <<|java+class:///net/sf/jmoney/model/CategoryNode|,|java+class:///net/sf/jmoney/SortedTreeNode|>,211,|project://jmoney-0.4.4/source/net/sf/jmoney/gui/MainFrame.java|(21880,20,<595,36>,<595,56>),|java+method:///javax/swing/tree/DefaultMutableTreeNode/getUserObject()|>,
  <<|java+class:///net/sf/jmoney/model/CategoryTreeModel|,|java+class:///net/sf/jmoney/SortedTreeModel|>,211,|project://jmoney-0.4.4/source/net/sf/jmoney/gui/MainFrame.java|(21910,71,<596,8>,<596,79>),|java+method:///javax/swing/tree/DefaultTreeModel/removeNodeFromParent(javax.swing.tree.MutableTreeNode)|>,
  <<|java+class:///net/sf/jmoney/NavigationTreeModel|,|java+class:///net/sf/jmoney/SortedTreeModel|>,211,|project://jmoney-0.4.4/source/net/sf/jmoney/gui/MainFrame.java|(22045,36,<598,8>,<598,44>),|java+method:///javax/swing/tree/DefaultTreeModel/removeNodeFromParent(javax.swing.tree.MutableTreeNode)|>,
  <<|java+class:///net/sf/jmoney/NavigationTreeModel|,|java+class:///net/sf/jmoney/SortedTreeModel|>,211,|project://jmoney-0.4.4/source/net/sf/jmoney/gui/MainFrame.java|(23321,51,<639,24>,<639,75>),|java+method:///javax/swing/tree/DefaultTreeModel/getPathToRoot(javax.swing.tree.TreeNode)|>,
  <<|java+class:///net/sf/jmoney/NavigationTreeModel|,|java+class:///net/sf/jmoney/SortedTreeModel|>,211,|project://jmoney-0.4.4/source/net/sf/jmoney/gui/MainFrame.java|(23444,50,<641,15>,<641,65>),|java+method:///javax/swing/tree/DefaultTreeModel/getPathToRoot(javax.swing.tree.TreeNode)|>,
  <<|java+class:///net/sf/jmoney/SortedTreeNode|,|java+class:///javax/swing/tree/DefaultMutableTreeNode|>,211,|project://jmoney-0.4.4/source/net/sf/jmoney/gui/MainFrame.java|(23800,37,<651,29>,<651,66>),|java+method:///javax/swing/tree/DefaultMutableTreeNode/children()|>,
  <<|java+class:///net/sf/jmoney/model/CategoryNode|,|java+class:///net/sf/jmoney/SortedTreeNode|>,211,|project://jmoney-0.4.4/source/net/sf/jmoney/gui/MainFrame.java|(23938,48,<655,26>,<655,74>),|java+method:///javax/swing/tree/DefaultMutableTreeNode/getUserObject()|>,
  <<|java+class:///net/sf/jmoney/NavigationTreeModel|,|java+class:///net/sf/jmoney/SortedTreeModel|>,210,|project://jmoney-0.4.4/source/net/sf/jmoney/gui/MainFrame.java|(24988,50,<686,8>,<686,58>),|java+method:///net/sf/jmoney/SortedTreeModel/sortChildren(net.sf.jmoney.SortedTreeNode)|>,
  <<|java+class:///net/sf/jmoney/model/CategoryTreeModel|,|java+class:///net/sf/jmoney/SortedTreeModel|>,210,|project://jmoney-0.4.4/source/net/sf/jmoney/model/Session.java|(2462,132,<84,8>,<87,14>),|java+method:///net/sf/jmoney/SortedTreeModel/insertNodeInto(javax.swing.tree.MutableTreeNode,javax.swing.tree.MutableTreeNode,int)|>,
  <<|java+class:///net/sf/jmoney/model/CategoryNode|,|java+class:///net/sf/jmoney/SortedTreeNode|>,211,|project://jmoney-0.4.4/source/net/sf/jmoney/gui/IncomeExpenseReportPanel.java|(11377,46,<468,19>,<468,65>),|java+method:///javax/swing/tree/DefaultMutableTreeNode/getUserObjectPath()|>,
  <<|java+class:///net/sf/jmoney/model/CategoryNode|,|java+class:///net/sf/jmoney/SortedTreeNode|>,211,|project://jmoney-0.4.4/source/net/sf/jmoney/gui/CategoryPanel.java|(5105,20,<195,32>,<195,52>),|java+method:///javax/swing/tree/DefaultMutableTreeNode/getUserObject()|>,
  <<|java+class:///net/sf/jmoney/model/CategoryTreeModel|,|java+class:///net/sf/jmoney/SortedTreeModel|>,211,|project://jmoney-0.4.4/source/net/sf/jmoney/gui/CategoryPanel.java|(5625,45,<211,18>,<211,63>),|java+method:///javax/swing/tree/DefaultTreeModel/getPathToRoot(javax.swing.tree.TreeNode)|>,
  <<|java+class:///net/sf/jmoney/model/CategoryNode|,|java+class:///net/sf/jmoney/SortedTreeNode|>,211,|project://jmoney-0.4.4/source/net/sf/jmoney/gui/CategoryPanel.java|(5920,46,<219,18>,<219,64>),|java+method:///javax/swing/tree/DefaultMutableTreeNode/getParent()|>,
  <<|java+class:///net/sf/jmoney/model/SimpleCategory|,|java+class:///net/sf/jmoney/model/AbstractCategory|>,210,|project://jmoney-0.4.4/source/net/sf/jmoney/gui/CategoryPanel.java|(5996,26,<220,28>,<220,54>),|java+method:///net/sf/jmoney/model/AbstractCategory/getCategoryNode()|>,
  <<|java+class:///net/sf/jmoney/model/CategoryTreeModel|,|java+class:///net/sf/jmoney/SortedTreeModel|>,210,|project://jmoney-0.4.4/source/net/sf/jmoney/gui/CategoryPanel.java|(5970,64,<220,2>,<220,66>),|java+method:///net/sf/jmoney/SortedTreeModel/insertNodeInto(javax.swing.tree.MutableTreeNode,javax.swing.tree.MutableTreeNode,int)|>,
  <<|java+class:///net/sf/jmoney/model/SimpleCategory|,|java+class:///net/sf/jmoney/model/AbstractCategory|>,210,|project://jmoney-0.4.4/source/net/sf/jmoney/gui/CategoryPanel.java|(6330,26,<229,28>,<229,54>),|java+method:///net/sf/jmoney/model/AbstractCategory/getCategoryNode()|>,
  <<|java+class:///net/sf/jmoney/model/CategoryTreeModel|,|java+class:///net/sf/jmoney/SortedTreeModel|>,210,|project://jmoney-0.4.4/source/net/sf/jmoney/gui/CategoryPanel.java|(6304,64,<229,2>,<229,66>),|java+method:///net/sf/jmoney/SortedTreeModel/insertNodeInto(javax.swing.tree.MutableTreeNode,javax.swing.tree.MutableTreeNode,int)|>,
  <<|java+class:///net/sf/jmoney/model/CategoryTreeModel|,|java+class:///net/sf/jmoney/SortedTreeModel|>,211,|project://jmoney-0.4.4/source/net/sf/jmoney/gui/CategoryPanel.java|(6517,37,<236,2>,<236,39>),|java+method:///javax/swing/tree/DefaultTreeModel/removeNodeFromParent(javax.swing.tree.MutableTreeNode)|>,
  <<|java+class:///net/sf/jmoney/model/SimpleCategory|,|java+class:///net/sf/jmoney/model/AbstractCategory|>,210,|project://jmoney-0.4.4/source/net/sf/jmoney/gui/CategoryPanel.java|(6762,21,<244,18>,<244,39>),|java+method:///net/sf/jmoney/model/AbstractCategory/getCategoryNode()|>,
  <<|java+class:///net/sf/jmoney/model/CategoryNode|,|java+class:///net/sf/jmoney/SortedTreeNode|>,211,|project://jmoney-0.4.4/source/net/sf/jmoney/gui/CategoryPanel.java|(6762,33,<244,18>,<244,51>),|java+method:///javax/swing/tree/DefaultMutableTreeNode/getParent()|>,
  <<|java+class:///net/sf/jmoney/model/CategoryTreeModel|,|java+class:///net/sf/jmoney/SortedTreeModel|>,210,|project://jmoney-0.4.4/source/net/sf/jmoney/gui/CategoryPanel.java|(6719,77,<243,2>,<244,52>),|java+method:///net/sf/jmoney/SortedTreeModel/sortChildren(net.sf.jmoney.SortedTreeNode)|>,
  <<|java+class:///net/sf/jmoney/model/CategoryNode|,|java+class:///net/sf/jmoney/SortedTreeNode|>,211,|project://jmoney-0.4.4/source/net/sf/jmoney/model/SimpleCategory.java|(1319,37,<47,19>,<47,56>),|java+method:///javax/swing/tree/DefaultMutableTreeNode/getUserObjectPath()|>,
  <<|java+class:///net/sf/jmoney/model/DoubleEntry|,|java+class:///net/sf/jmoney/model/Entry|>,210,|project://jmoney-0.4.4/source/net/sf/jmoney/io/QIF.java|(8680,16,<250,38>,<250,54>),|java+method:///net/sf/jmoney/model/Entry/getCategory()|>,
  <<|java+class:///net/sf/jmoney/model/CategoryNode|,|java+class:///net/sf/jmoney/SortedTreeNode|>,211,|project://jmoney-0.4.4/source/net/sf/jmoney/io/QIF.java|(8868,54,<255,23>,<255,77>),|java+method:///javax/swing/tree/DefaultMutableTreeNode/getUserObject()|>,
  <<|java+class:///net/sf/jmoney/model/SplittedEntry|,|java+class:///net/sf/jmoney/model/Entry|>,210,|project://jmoney-0.4.4/source/net/sf/jmoney/io/QIF.java|(8829,94,<254,8>,<255,78>),|java+method:///net/sf/jmoney/model/Entry/setCategory(net.sf.jmoney.model.Category)|>,
  <<|java+class:///net/sf/jmoney/model/DoubleEntry|,|java+class:///net/sf/jmoney/model/Entry|>,210,|project://jmoney-0.4.4/source/net/sf/jmoney/io/QIF.java|(9667,54,<279,13>,<279,67>),|java+method:///net/sf/jmoney/model/Entry/setAmount(long)|>,
  <<|java+class:///net/sf/jmoney/model/DoubleEntry|,|java+class:///net/sf/jmoney/model/Entry|>,210,|project://jmoney-0.4.4/source/net/sf/jmoney/io/QIF.java|(11033,30,<321,16>,<321,46>),|java+method:///net/sf/jmoney/model/Entry/setCategory(net.sf.jmoney.model.Category)|>,
  <<|java+class:///net/sf/jmoney/model/DoubleEntry|,|java+class:///net/sf/jmoney/model/Entry|>,210,|project://jmoney-0.4.4/source/net/sf/jmoney/io/QIF.java|(11081,43,<322,16>,<322,59>),|java+method:///net/sf/jmoney/model/Entry/setCategory(net.sf.jmoney.model.Category)|>,
  <<|java+class:///net/sf/jmoney/model/SimpleCategory|,|java+class:///net/sf/jmoney/model/AbstractCategory|>,210,|project://jmoney-0.4.4/source/net/sf/jmoney/io/QIF.java|(17225,26,<479,16>,<479,42>),|java+method:///net/sf/jmoney/model/AbstractCategory/getCategoryNode()|>,
  <<|java+class:///net/sf/jmoney/model/CategoryTreeModel|,|java+class:///net/sf/jmoney/SortedTreeModel|>,210,|project://jmoney-0.4.4/source/net/sf/jmoney/io/QIF.java|(17169,157,<478,12>,<481,18>),|java+method:///net/sf/jmoney/SortedTreeModel/insertNodeInto(javax.swing.tree.MutableTreeNode,javax.swing.tree.MutableTreeNode,int)|>,
  <<|java+class:///net/sf/jmoney/model/SimpleCategory|,|java+class:///net/sf/jmoney/model/AbstractCategory|>,210,|project://jmoney-0.4.4/source/net/sf/jmoney/io/QIF.java|(17698,26,<495,33>,<495,59>),|java+method:///net/sf/jmoney/model/AbstractCategory/getCategoryNode()|>,
  <<|java+class:///net/sf/jmoney/model/SimpleCategory|,|java+class:///net/sf/jmoney/model/AbstractCategory|>,210,|project://jmoney-0.4.4/source/net/sf/jmoney/io/QIF.java|(17882,29,<499,16>,<499,45>),|java+method:///net/sf/jmoney/model/AbstractCategory/getCategoryNode()|>,
  <<|java+class:///net/sf/jmoney/model/SimpleCategory|,|java+class:///net/sf/jmoney/model/AbstractCategory|>,210,|project://jmoney-0.4.4/source/net/sf/jmoney/io/QIF.java|(17929,26,<500,16>,<500,42>),|java+method:///net/sf/jmoney/model/AbstractCategory/getCategoryNode()|>,
  <<|java+class:///net/sf/jmoney/model/CategoryTreeModel|,|java+class:///net/sf/jmoney/SortedTreeModel|>,210,|project://jmoney-0.4.4/source/net/sf/jmoney/io/QIF.java|(17826,149,<498,12>,<501,18>),|java+method:///net/sf/jmoney/SortedTreeModel/insertNodeInto(javax.swing.tree.MutableTreeNode,javax.swing.tree.MutableTreeNode,int)|>,
  <<|java+class:///net/sf/jmoney/model/DoubleEntry|,|java+class:///net/sf/jmoney/model/Entry|>,210,|project://jmoney-0.4.4/source/net/sf/jmoney/io/QIF.java|(18615,20,<517,43>,<517,63>),|java+method:///net/sf/jmoney/model/Entry/getCategory()|>,
  <<|java+class:///net/sf/jmoney/model/DoubleEntry|,|java+class:///net/sf/jmoney/model/Entry|>,210,|project://jmoney-0.4.4/source/net/sf/jmoney/io/QIF.java|(18924,18,<522,32>,<522,50>),|java+method:///net/sf/jmoney/model/Entry/getAmount()|>,
  <<|java+class:///net/sf/jmoney/model/DoubleEntry|,|java+class:///net/sf/jmoney/model/Entry|>,210,|project://jmoney-0.4.4/source/net/sf/jmoney/io/QIF.java|(19003,16,<523,38>,<523,54>),|java+method:///net/sf/jmoney/model/Entry/getDate()|>,
  <<|java+class:///net/sf/jmoney/model/DoubleEntry|,|java+class:///net/sf/jmoney/model/Entry|>,210,|project://jmoney-0.4.4/source/net/sf/jmoney/io/QIF.java|(19109,20,<525,32>,<525,52>),|java+method:///net/sf/jmoney/model/Entry/getCategory()|>,
  <<|java+class:///net/sf/jmoney/model/DoubleEntry|,|java+class:///net/sf/jmoney/model/Entry|>,210,|project://jmoney-0.4.4/source/net/sf/jmoney/io/QIF.java|(19832,19,<540,30>,<540,49>),|java+method:///net/sf/jmoney/model/Entry/getCategory()|>,
  <<|java+class:///net/sf/jmoney/model/DoubleEntry|,|java+class:///net/sf/jmoney/model/Entry|>,210,|project://jmoney-0.4.4/source/net/sf/jmoney/io/QIF.java|(19894,17,<541,24>,<541,41>),|java+method:///net/sf/jmoney/model/Entry/getAmount()|>,
  <<|java+class:///net/sf/jmoney/model/DoubleEntry|,|java+class:///net/sf/jmoney/model/Entry|>,210,|project://jmoney-0.4.4/source/net/sf/jmoney/io/QIF.java|(19960,15,<542,30>,<542,45>),|java+method:///net/sf/jmoney/model/Entry/getDate()|>,
  <<|java+class:///net/sf/jmoney/model/DoubleEntry|,|java+class:///net/sf/jmoney/model/Entry|>,210,|project://jmoney-0.4.4/source/net/sf/jmoney/io/QIF.java|(20020,16,<543,30>,<543,46>),|java+method:///net/sf/jmoney/model/Entry/getCheck()|>,
  <<|java+class:///net/sf/jmoney/model/DoubleEntry|,|java+class:///net/sf/jmoney/model/Entry|>,210,|project://jmoney-0.4.4/source/net/sf/jmoney/io/QIF.java|(20082,22,<544,30>,<544,52>),|java+method:///net/sf/jmoney/model/Entry/getDescription()|>,
  <<|java+class:///net/sf/jmoney/model/DoubleEntry|,|java+class:///net/sf/jmoney/model/Entry|>,210,|project://jmoney-0.4.4/source/net/sf/jmoney/io/QIF.java|(20156,15,<545,30>,<545,45>),|java+method:///net/sf/jmoney/model/Entry/getMemo()|>,
  <<|java+class:///net/sf/jmoney/model/CategoryNode|,|java+class:///net/sf/jmoney/SortedTreeNode|>,211,|project://jmoney-0.4.4/source/net/sf/jmoney/io/QIF.java|(20671,15,<563,29>,<563,44>),|java+method:///javax/swing/tree/DefaultMutableTreeNode/children()|>,
  <<|java+class:///net/sf/jmoney/model/CategoryNode|,|java+class:///net/sf/jmoney/SortedTreeNode|>,211,|project://jmoney-0.4.4/source/net/sf/jmoney/io/QIF.java|(20801,20,<565,25>,<565,45>),|java+method:///javax/swing/tree/DefaultMutableTreeNode/getUserObject()|>,
  <<|java+class:///net/sf/jmoney/gui/AboutDialog|,|java+class:///javax/swing/JDialog|>,211,|project://jmoney-0.4.4/source/net/sf/jmoney/gui/AboutDialog.java|(1569,54,<50,8>,<50,62>),|java+method:///java/awt/Dialog/setTitle(java.lang.String)|>,
  <<|java+class:///net/sf/jmoney/gui/MainFrame|,|java+class:///javax/swing/JFrame|>,211,|project://jmoney-0.4.4/source/net/sf/jmoney/Start.java|(1117,12,<38,3>,<38,15>),|java+method:///java/awt/Window/show()|>,
  <<|java+class:///net/sf/jmoney/gui/TransferDialog|,|java+class:///javax/swing/JDialog|>,211,|project://jmoney-0.4.4/source/net/sf/jmoney/gui/TransferDialog.java|(3708,19,<141,2>,<141,21>),|java+method:///java/awt/Dialog/setModal(boolean)|>,
  <<|java+class:///net/sf/jmoney/model/RootCategory|,|java+class:///net/sf/jmoney/model/AbstractCategory|>,210,|project://jmoney-0.4.4/source/net/sf/jmoney/model/CategoryTreeModel.java|(1185,38,<38,35>,<38,73>),|java+method:///net/sf/jmoney/model/AbstractCategory/getCategoryNode()|>,
  <<|java+class:///net/sf/jmoney/model/TransferCategory|,|java+class:///net/sf/jmoney/model/AbstractCategory|>,210,|project://jmoney-0.4.4/source/net/sf/jmoney/model/CategoryTreeModel.java|(1267,42,<41,2>,<41,44>),|java+method:///net/sf/jmoney/model/AbstractCategory/getCategoryNode()|>,
  <<|java+class:///net/sf/jmoney/model/SplitCategory|,|java+class:///net/sf/jmoney/model/AbstractCategory|>,210,|project://jmoney-0.4.4/source/net/sf/jmoney/model/CategoryTreeModel.java|(1348,39,<43,36>,<43,75>),|java+method:///net/sf/jmoney/model/AbstractCategory/getCategoryNode()|>,
  <<|java+class:///net/sf/jmoney/model/CategoryNode|,|java+class:///net/sf/jmoney/SortedTreeNode|>,211,|project://jmoney-0.4.4/source/net/sf/jmoney/model/CategoryTreeModel.java|(1727,26,<61,2>,<61,28>),|java+method:///javax/swing/tree/DefaultMutableTreeNode/add(javax.swing.tree.MutableTreeNode)|>,
  <<|java+class:///net/sf/jmoney/model/CategoryNode|,|java+class:///net/sf/jmoney/SortedTreeNode|>,211,|project://jmoney-0.4.4/source/net/sf/jmoney/model/CategoryTreeModel.java|(1757,23,<62,2>,<62,25>),|java+method:///javax/swing/tree/DefaultMutableTreeNode/add(javax.swing.tree.MutableTreeNode)|>,
  <<|java+class:///net/sf/jmoney/gui/AccountPanel|,|java+class:///javax/swing/JPanel|>,211,|project://jmoney-0.4.4/source/net/sf/jmoney/gui/AccountPanel.java|(1667,29,<57,2>,<57,31>),|java+method:///java/awt/Container/setLayout(java.awt.LayoutManager)|>,
  <<|java+class:///net/sf/jmoney/gui/AccountPanel|,|java+class:///javax/swing/JPanel|>,211,|project://jmoney-0.4.4/source/net/sf/jmoney/gui/AccountPanel.java|(1700,41,<58,2>,<58,43>),|java+method:///java/awt/Container/add(java.awt.Component,java.lang.Object)|>,
  <<|java+class:///net/sf/jmoney/model/DoubleEntry|,|java+class:///net/sf/jmoney/model/Entry|>,210,|project://jmoney-0.4.4/source/net/sf/jmoney/model/Account.java|(4456,31,<205,3>,<205,34>),|java+method:///net/sf/jmoney/model/Entry/setCategory(net.sf.jmoney.model.Category)|>,
  <<|java+class:///net/sf/jmoney/model/CategoryNode|,|java+class:///net/sf/jmoney/SortedTreeNode|>,211,|project://jmoney-0.4.4/source/net/sf/jmoney/gui/CategoryComboBox.java|(2345,52,<90,14>,<90,66>),|java+method:///javax/swing/tree/DefaultMutableTreeNode/getUserObject()|>,
  <<|java+class:///net/sf/jmoney/model/CategoryNode|,|java+class:///net/sf/jmoney/SortedTreeNode|>,211,|project://jmoney-0.4.4/source/net/sf/jmoney/gui/CategoryComboBox.java|(2617,37,<98,29>,<98,66>),|java+method:///javax/swing/tree/DefaultMutableTreeNode/getUserObject()|>,
  <<|java+class:///net/sf/jmoney/model/CategoryNode|,|java+class:///net/sf/jmoney/SortedTreeNode|>,211,|project://jmoney-0.4.4/source/net/sf/jmoney/gui/CategoryComboBox.java|(3756,37,<143,16>,<143,53>),|java+method:///javax/swing/tree/DefaultMutableTreeNode/getLevel()|>,
  <<|java+interface:///net/sf/jmoney/model/Category|,|java+interface:///java/io/Serializable|>,211,|project://jmoney-0.4.4/source/net/sf/jmoney/model/Entry.java|(5252,26,<251,26>,<251,52>),|java+method:///java/lang/Object/equals(java.lang.Object)|>,
  <<|java+class:///net/sf/jmoney/gui/PreferencesDialog|,|java+class:///javax/swing/JDialog|>,211,|project://jmoney-0.4.4/source/net/sf/jmoney/gui/PreferencesDialog.java|(4882,19,<145,2>,<145,21>),|java+method:///java/awt/Dialog/setModal(boolean)|>,
  <<|java+class:///net/sf/jmoney/gui/PreferencesDialog|,|java+class:///javax/swing/JDialog|>,211,|project://jmoney-0.4.4/source/net/sf/jmoney/gui/PreferencesDialog.java|(5197,21,<162,2>,<162,23>),|java+method:///javax/swing/JDialog/getContentPane()|>,
  <<|java+class:///net/sf/jmoney/gui/SplittedEntryDialog|,|java+class:///javax/swing/JDialog|>,211,|project://jmoney-0.4.4/source/net/sf/jmoney/gui/SplittedEntryDialog.java|(4317,21,<125,1>,<125,22>),|java+method:///javax/swing/JDialog/getContentPane()|>,
  <<|java+class:///net/sf/jmoney/model/DoubleEntry|,|java+class:///net/sf/jmoney/model/Entry|>,210,|project://jmoney-0.4.4/source/net/sf/jmoney/gui/SplittedEntryDialog.java|(6151,49,<181,6>,<181,55>),|java+method:///net/sf/jmoney/model/Entry/setCategory(net.sf.jmoney.model.Category)|>,
  <<|java+class:///net/sf/jmoney/model/DoubleEntry|,|java+class:///net/sf/jmoney/model/Entry|>,210,|project://jmoney-0.4.4/source/net/sf/jmoney/gui/SplittedEntryDialog.java|(6374,27,<189,6>,<189,33>),|java+method:///net/sf/jmoney/model/Entry/setAmount(long)|>,
  <<|java+class:///net/sf/jmoney/gui/SplittedEntryDialog/EntryTableModel|,|java+class:///javax/swing/table/AbstractTableModel|>,211,|project://jmoney-0.4.4/source/net/sf/jmoney/gui/SplittedEntryDialog.java|(6466,35,<195,5>,<195,40>),|java+method:///javax/swing/table/AbstractTableModel/fireTableCellUpdated(int,int)|>,
  <<|java+class:///net/sf/jmoney/gui/SplittedEntryDialog/EntryTableModel|,|java+class:///javax/swing/table/AbstractTableModel|>,211,|project://jmoney-0.4.4/source/net/sf/jmoney/gui/SplittedEntryDialog.java|(6577,62,<200,5>,<200,67>),|java+method:///javax/swing/table/AbstractTableModel/fireTableRowsInserted(int,int)|>,
  <<|java+class:///net/sf/jmoney/gui/SplittedEntryDialog/EntryTableModel|,|java+class:///javax/swing/table/AbstractTableModel|>,211,|project://jmoney-0.4.4/source/net/sf/jmoney/gui/SplittedEntryDialog.java|(6731,39,<205,5>,<205,44>),|java+method:///javax/swing/table/AbstractTableModel/fireTableRowsDeleted(int,int)|>,
  <<|java+class:///net/sf/jmoney/gui/CategoryComboBox|,|java+class:///net/sf/jmoney/gui/SelectionComboBox|>,211,|project://jmoney-0.4.4/source/net/sf/jmoney/gui/AccountEntriesPanel.java|(9441,50,<288,8>,<288,58>),|java+method:///javax/swing/JComponent/setPreferredSize(java.awt.Dimension)|>,
  <<|java+class:///net/sf/jmoney/gui/CategoryComboBox|,|java+class:///net/sf/jmoney/gui/SelectionComboBox|>,210,|project://jmoney-0.4.4/source/net/sf/jmoney/gui/AccountEntriesPanel.java|(9501,195,<289,8>,<293,10>),|java+method:///net/sf/jmoney/gui/SelectionComboBox/addElementSelectionListener(java.beans.PropertyChangeListener)|>,
  <<|java+class:///net/sf/jmoney/gui/SelectionComboBox|,|java+class:///javax/swing/JComboBox|>,211,|project://jmoney-0.4.4/source/net/sf/jmoney/gui/AccountEntriesPanel.java|(11303,48,<341,8>,<341,56>),|java+method:///javax/swing/JComponent/setPreferredSize(java.awt.Dimension)|>,
  <<|java+class:///net/sf/jmoney/model/DoubleEntry|,|java+class:///net/sf/jmoney/model/Entry|>,210,|project://jmoney-0.4.4/source/net/sf/jmoney/gui/AccountEntriesPanel.java|(20349,27,<635,40>,<635,67>),|java+method:///net/sf/jmoney/model/Entry/getCategory()|>,
  <<|java+class:///net/sf/jmoney/model/DoubleEntry|,|java+class:///net/sf/jmoney/model/Entry|>,210,|project://jmoney-0.4.4/source/net/sf/jmoney/gui/AccountEntriesPanel.java|(20423,16,<636,45>,<636,61>),|java+method:///net/sf/jmoney/model/Entry/getCategory()|>,
  <<|java+class:///net/sf/jmoney/model/DoubleEntry|,|java+class:///net/sf/jmoney/model/Entry|>,210,|project://jmoney-0.4.4/source/net/sf/jmoney/gui/AccountEntriesPanel.java|(20600,14,<640,41>,<640,55>),|java+method:///net/sf/jmoney/model/Entry/getAmount()|>,
  <<|java+class:///net/sf/jmoney/model/DoubleEntry|,|java+class:///net/sf/jmoney/model/Entry|>,210,|project://jmoney-0.4.4/source/net/sf/jmoney/gui/AccountEntriesPanel.java|(20575,40,<640,16>,<640,56>),|java+method:///net/sf/jmoney/model/Entry/setAmount(long)|>,
  <<|java+class:///net/sf/jmoney/model/DoubleEntry|,|java+class:///net/sf/jmoney/model/Entry|>,210,|project://jmoney-0.4.4/source/net/sf/jmoney/gui/AccountEntriesPanel.java|(20809,14,<646,24>,<646,38>),|java+method:///net/sf/jmoney/model/Entry/getAmount()|>,
  <<|java+class:///net/sf/jmoney/model/DoubleEntry|,|java+class:///net/sf/jmoney/model/Entry|>,210,|project://jmoney-0.4.4/source/net/sf/jmoney/gui/AccountEntriesPanel.java|(20849,25,<647,24>,<647,49>),|java+method:///net/sf/jmoney/model/Entry/getAmount()|>,
  <<|java+class:///net/sf/jmoney/model/DoubleEntry|,|java+class:///net/sf/jmoney/model/Entry|>,210,|project://jmoney-0.4.4/source/net/sf/jmoney/gui/AccountEntriesPanel.java|(20941,56,<649,20>,<649,76>),|java+method:///net/sf/jmoney/model/Entry/setAmount(long)|>,
  <<|java+class:///net/sf/jmoney/gui/CategoryComboBox|,|java+class:///net/sf/jmoney/gui/SelectionComboBox|>,211,|project://jmoney-0.4.4/source/net/sf/jmoney/gui/AccountEntriesPanel.java|(21282,30,<661,8>,<661,38>),|java+method:///javax/swing/JComboBox/setEnabled(boolean)|>,
  <<|java+class:///net/sf/jmoney/gui/SelectionComboBox|,|java+class:///javax/swing/JComboBox|>,211,|project://jmoney-0.4.4/source/net/sf/jmoney/gui/AccountEntriesPanel.java|(21322,28,<662,8>,<662,36>),|java+method:///javax/swing/JComboBox/setEnabled(boolean)|>,
  <<|java+class:///net/sf/jmoney/gui/CategoryComboBox|,|java+class:///net/sf/jmoney/gui/SelectionComboBox|>,210,|project://jmoney-0.4.4/source/net/sf/jmoney/gui/AccountEntriesPanel.java|(21885,85,<678,12>,<679,44>),|java+method:///net/sf/jmoney/gui/SelectionComboBox/setSelectedItemWithoutEvent(java.lang.Object)|>,
  <<|java+class:///net/sf/jmoney/gui/CategoryComboBox|,|java+class:///net/sf/jmoney/gui/SelectionComboBox|>,210,|project://jmoney-0.4.4/source/net/sf/jmoney/gui/AccountEntriesPanel.java|(22699,45,<699,8>,<699,53>),|java+method:///net/sf/jmoney/gui/SelectionComboBox/setSelectedItemWithoutEvent(java.lang.Object)|>,
  <<|java+class:///net/sf/jmoney/gui/CategoryComboBox|,|java+class:///net/sf/jmoney/gui/SelectionComboBox|>,211,|project://jmoney-0.4.4/source/net/sf/jmoney/gui/AccountEntriesPanel.java|(24221,29,<752,42>,<752,71>),|java+method:///javax/swing/JComboBox/getSelectedItem()|>,
  <<|java+class:///net/sf/jmoney/gui/CategoryComboBox|,|java+class:///net/sf/jmoney/gui/SelectionComboBox|>,210,|project://jmoney-0.4.4/source/net/sf/jmoney/gui/AccountEntriesPanel.java|(24358,85,<756,12>,<757,44>),|java+method:///net/sf/jmoney/gui/SelectionComboBox/setSelectedItemWithoutEvent(java.lang.Object)|>,
  <<|java+class:///net/sf/jmoney/gui/SelectionComboBox|,|java+class:///javax/swing/JComboBox|>,211,|project://jmoney-0.4.4/source/net/sf/jmoney/gui/AccountEntriesPanel.java|(26755,28,<826,32>,<826,60>),|java+method:///javax/swing/JComboBox/getSelectedIndex()|>,
  <<|java+class:///net/sf/jmoney/gui/CategoryComboBox|,|java+class:///net/sf/jmoney/gui/SelectionComboBox|>,210,|project://jmoney-0.4.4/source/net/sf/jmoney/gui/AccountEntriesPanel.java|(28201,86,<870,16>,<871,45>),|java+method:///net/sf/jmoney/gui/SelectionComboBox/setSelectedItemWithoutEvent(java.lang.Object)|>,
  <<|java+class:///net/sf/jmoney/gui/AccountOverviewPanel|,|java+class:///javax/swing/JPanel|>,211,|project://jmoney-0.4.4/source/net/sf/jmoney/gui/AccountOverviewPanel.java|(1905,27,<58,4>,<58,31>),|java+method:///java/awt/Container/setLayout(java.awt.LayoutManager)|>,
  <<|java+class:///net/sf/jmoney/gui/AccountOverviewPanel|,|java+class:///javax/swing/JPanel|>,211,|project://jmoney-0.4.4/source/net/sf/jmoney/gui/AccountOverviewPanel.java|(2370,29,<70,4>,<70,33>),|java+method:///java/awt/Container/add(java.awt.Component,java.lang.Object)|>,
  <<|java+class:///net/sf/jmoney/gui/AccountOverviewPanel|,|java+class:///javax/swing/JPanel|>,211,|project://jmoney-0.4.4/source/net/sf/jmoney/gui/AccountOverviewPanel.java|(2405,26,<71,4>,<71,30>),|java+method:///java/awt/Container/add(java.awt.Component,java.lang.Object)|>,
  <<|java+class:///net/sf/jmoney/gui/AccountOverviewPanel|,|java+class:///javax/swing/JPanel|>,211,|project://jmoney-0.4.4/source/net/sf/jmoney/gui/AccountOverviewPanel.java|(2437,23,<72,4>,<72,27>),|java+method:///java/awt/Container/add(java.awt.Component,java.lang.Object)|>,
  <<|java+class:///net/sf/jmoney/gui/AccountOverviewPanel|,|java+class:///javax/swing/JPanel|>,211,|project://jmoney-0.4.4/source/net/sf/jmoney/gui/AccountOverviewPanel.java|(2466,23,<73,4>,<73,27>),|java+method:///java/awt/Container/add(java.awt.Component,java.lang.Object)|>
]