[
  <<|java+class:///net/sf/jmoney/SortedTreeNode|,|java+class:///javax/swing/tree/DefaultMutableTreeNode|>,{|java+interface:///java/lang/Comparable|},|project://jmoney-0.4.4/source/net/sf/jmoney/NavigationTreeModel.java|(2291,34,<69,9>,<69,43>)>,
  <<|java+class:///net/sf/jmoney/model/Account|,|java+interface:///net/sf/jmoney/model/Category|>,{
    |java+interface:///net/sf/jmoney/Constants|,
    |java+interface:///java/io/Serializable|
  },|project://jmoney-0.4.4/source/net/sf/jmoney/gui/CategoryComboBox.java|(2606,48,<98,18>,<98,66>)>,
  <<|java+class:///net/sf/jmoney/model/Account|,|java+interface:///net/sf/jmoney/model/Category|>,{
    |java+interface:///net/sf/jmoney/Constants|,
    |java+interface:///java/io/Serializable|
  },|project://jmoney-0.4.4/source/net/sf/jmoney/gui/CategoryComboBox.java|(3464,16,<131,23>,<131,39>)>,
  <<|java+class:///net/sf/jmoney/model/Account|,|java+interface:///net/sf/jmoney/model/Category|>,{
    |java+interface:///net/sf/jmoney/Constants|,
    |java+interface:///java/io/Serializable|
  },|project://jmoney-0.4.4/source/net/sf/jmoney/io/QIF.java|(8857,65,<255,12>,<255,77>)>,
  <<|java+class:///net/sf/jmoney/SortedTreeNode|,|java+class:///javax/swing/tree/DefaultMutableTreeNode|>,{|java+interface:///java/lang/Comparable|},|project://jmoney-0.4.4/source/net/sf/jmoney/gui/MainFrame.java|(11593,109,<306,20>,<308,47>)>,
  <<|java+class:///net/sf/jmoney/SortedTreeNode|,|java+class:///javax/swing/tree/DefaultMutableTreeNode|>,{|java+interface:///java/lang/Comparable|},|project://jmoney-0.4.4/source/net/sf/jmoney/gui/MainFrame.java|(13471,147,<348,28>,<350,55>)>,
  <<|java+class:///net/sf/jmoney/model/Account|,|java+interface:///net/sf/jmoney/model/Category|>,{
    |java+interface:///net/sf/jmoney/Constants|,
    |java+interface:///java/io/Serializable|
  },|project://jmoney-0.4.4/source/net/sf/jmoney/model/CategoryNode.java|(1239,26,<43,43>,<43,69>)>,
  <<|java+class:///net/sf/jmoney/model/Account|,|java+interface:///net/sf/jmoney/model/Category|>,{
    |java+interface:///net/sf/jmoney/Constants|,
    |java+interface:///java/io/Serializable|
  },|project://jmoney-0.4.4/source/net/sf/jmoney/model/AbstractCategory.java|(1434,12,<52,15>,<52,27>)>,
  <<|java+class:///net/sf/jmoney/model/Account|,|java+interface:///net/sf/jmoney/model/Category|>,{
    |java+interface:///net/sf/jmoney/Constants|,
    |java+interface:///java/io/Serializable|
  },|project://jmoney-0.4.4/source/net/sf/jmoney/gui/SplittedEntryDialog.java|(5796,16,<171,25>,<171,41>)>,
  <<|java+class:///net/sf/jmoney/SortedTreeNode|,|java+class:///javax/swing/tree/DefaultMutableTreeNode|>,{|java+interface:///java/lang/Comparable|},|project://jmoney-0.4.4/source/net/sf/jmoney/gui/NavigationTreeCellRenderer.java|(1505,30,<54,32>,<54,62>)>,
  <<|java+class:///net/sf/jmoney/model/Account|,|java+interface:///net/sf/jmoney/model/Category|>,{
    |java+interface:///net/sf/jmoney/Constants|,
    |java+interface:///java/io/Serializable|
  },|project://jmoney-0.4.4/source/net/sf/jmoney/gui/CategoryPanel.java|(5094,31,<195,21>,<195,52>)>,
  <<|java+class:///net/sf/jmoney/SortedTreeNode|,|java+class:///javax/swing/tree/DefaultMutableTreeNode|>,{|java+interface:///java/lang/Comparable|},|project://jmoney-0.4.4/source/net/sf/jmoney/gui/CategoryPanel.java|(7241,30,<267,33>,<267,63>)>,
  <<|java+class:///net/sf/jmoney/model/Account|,|java+interface:///net/sf/jmoney/model/Category|>,{
    |java+interface:///net/sf/jmoney/Constants|,
    |java+interface:///java/io/Serializable|
  },|project://jmoney-0.4.4/source/net/sf/jmoney/gui/AccountEntriesPanel.java|(24210,40,<752,31>,<752,71>)>
]