[
  <<|java+class:///net/sf/jmoney/gui/FontChooser|,|java+class:///javax/swing/JDialog|>,|project://jmoney-0.4.4/source/net/sf/jmoney/gui/FontChooser.java|(2987,44,<123,2>,<123,46>)>,
  <<|java+class:///net/sf/jmoney/SortedTreeNode|,|java+class:///javax/swing/tree/DefaultMutableTreeNode|>,|project://jmoney-0.4.4/source/net/sf/jmoney/SortedTreeNode.java|(1139,20,<38,2>,<38,22>)>,
  <<|java+class:///net/sf/jmoney/gui/AccountChooser|,|java+class:///javax/swing/JDialog|>,|project://jmoney-0.4.4/source/net/sf/jmoney/gui/AccountChooser.java|(2161,84,<68,2>,<71,9>)>,
  <<|java+class:///net/sf/jmoney/gui/StatusComboBox|,|java+class:///javax/swing/JComboBox|>,|project://jmoney-0.4.4/source/net/sf/jmoney/gui/StatusComboBox.java|(1028,13,<32,1>,<32,14>)>,
  <<|java+class:///net/sf/jmoney/model/SplittedEntry|,|java+class:///net/sf/jmoney/model/Entry|>,|project://jmoney-0.4.4/source/net/sf/jmoney/model/SplittedEntry.java|(1049,13,<34,1>,<34,14>)>,
  <<|java+class:///net/sf/jmoney/gui/SelectionComboBox|,|java+class:///javax/swing/JComboBox|>,|project://jmoney-0.4.4/source/net/sf/jmoney/gui/SelectionComboBox.java|(1107,8,<36,2>,<36,10>)>,
  <<|java+class:///net/sf/jmoney/gui/SelectionComboBox|,|java+class:///javax/swing/JComboBox|>,|project://jmoney-0.4.4/source/net/sf/jmoney/gui/SelectionComboBox.java|(1232,15,<44,2>,<44,17>)>,
  <<|java+class:///net/sf/jmoney/NavigationTreeModel|,|java+class:///net/sf/jmoney/SortedTreeModel|>,|project://jmoney-0.4.4/source/net/sf/jmoney/NavigationTreeModel.java|(1925,73,<55,2>,<56,38>)>,
  <<|java+class:///net/sf/jmoney/model/DoubleEntry|,|java+class:///net/sf/jmoney/model/Entry|>,|project://jmoney-0.4.4/source/net/sf/jmoney/model/DoubleEntry.java|(1226,13,<46,1>,<46,14>)>,
  <<|java+class:///net/sf/jmoney/model/DoubleEntry|,|java+class:///net/sf/jmoney/model/Entry|>,|project://jmoney-0.4.4/source/net/sf/jmoney/model/DoubleEntry.java|(1362,13,<52,1>,<52,14>)>,
  <<|java+class:///net/sf/jmoney/gui/AboutDialog|,|java+class:///javax/swing/JDialog|>,|project://jmoney-0.4.4/source/net/sf/jmoney/gui/AboutDialog.java|(1536,24,<49,8>,<49,32>)>,
  <<|java+class:///net/sf/jmoney/model/CategoryNode|,|java+class:///net/sf/jmoney/SortedTreeNode|>,|project://jmoney-0.4.4/source/net/sf/jmoney/model/CategoryNode.java|(1136,11,<38,40>,<38,51>)>,
  <<|java+class:///net/sf/jmoney/gui/TransferDialog|,|java+class:///javax/swing/JDialog|>,|project://jmoney-0.4.4/source/net/sf/jmoney/gui/TransferDialog.java|(1839,68,<60,2>,<60,70>)>,
  <<|java+class:///net/sf/jmoney/model/CategoryTreeModel|,|java+class:///net/sf/jmoney/SortedTreeModel|>,|project://jmoney-0.4.4/source/net/sf/jmoney/model/CategoryTreeModel.java|(1456,36,<49,2>,<49,38>)>,
  <<|java+class:///net/sf/jmoney/io/MT940/CanceledException|,|java+class:///java/lang/Exception|>,|project://jmoney-0.4.4/source/net/sf/jmoney/io/MT940.java|(12112,8,<317,12>,<317,20>)>,
  <<|java+class:///net/sf/jmoney/io/MT940/CanceledException|,|java+class:///java/lang/Exception|>,|project://jmoney-0.4.4/source/net/sf/jmoney/io/MT940.java|(12188,9,<320,12>,<320,21>)>,
  <<|java+class:///net/sf/jmoney/io/QIF/CanceledException|,|java+class:///java/lang/Exception|>,|project://jmoney-0.4.4/source/net/sf/jmoney/io/QIF.java|(23306,8,<636,12>,<636,20>)>,
  <<|java+class:///net/sf/jmoney/io/QIF/CanceledException|,|java+class:///java/lang/Exception|>,|project://jmoney-0.4.4/source/net/sf/jmoney/io/QIF.java|(23382,9,<639,12>,<639,21>)>,
  <<|java+class:///net/sf/jmoney/gui/PreferencesDialog|,|java+class:///javax/swing/JDialog|>,|project://jmoney-0.4.4/source/net/sf/jmoney/gui/PreferencesDialog.java|(2849,24,<81,2>,<81,26>)>,
  <<|java+class:///net/sf/jmoney/gui/SplittedEntryDialog|,|java+class:///javax/swing/JDialog|>,|project://jmoney-0.4.4/source/net/sf/jmoney/gui/SplittedEntryDialog.java|(1998,38,<56,1>,<56,39>)>,
  <<|java+class:///net/sf/jmoney/gui/WaitDialog|,|java+class:///javax/swing/JDialog|>,|project://jmoney-0.4.4/source/net/sf/jmoney/gui/WaitDialog.java|(428,54,<20,2>,<20,56>)>,
  <<|java+class:///net/sf/jmoney/SortedTreeModel|,|java+class:///javax/swing/tree/DefaultTreeModel|>,|project://jmoney-0.4.4/source/net/sf/jmoney/SortedTreeModel.java|(1077,19,<32,2>,<32,21>)>
]