{
  <<|java+class:///net/sf/jmoney/model/SplittedEntry|,|java+class:///net/sf/jmoney/model/Entry|>,<|java+method:///net/sf/jmoney/model/Entry/toEntry()|,|project://jmoney-0.4.4/source/net/sf/jmoney/model/Entry.java|(2315,15,<98,9>,<98,24>)>>,
  <<|java+class:///net/sf/jmoney/EntryComparator/DateComparator|,|java+class:///net/sf/jmoney/EntryComparator|>,<|java+method:///net/sf/jmoney/EntryComparator/getInstance(java.lang.String,java.lang.String)|,|project://jmoney-0.4.4/source/net/sf/jmoney/EntryComparator.java|(1414,13,<48,3>,<48,16>)>>,
  <<|java+class:///net/sf/jmoney/model/DoubleEntry|,|java+class:///net/sf/jmoney/model/Entry|>,<|java+method:///net/sf/jmoney/model/Entry/toSplittedEntry()|,|project://jmoney-0.4.4/source/net/sf/jmoney/model/Entry.java|(2461,23,<106,9>,<106,32>)>>,
  <<|java+class:///net/sf/jmoney/model/DoubleEntry|,|java+class:///net/sf/jmoney/model/Entry|>,<|java+method:///net/sf/jmoney/model/Entry/toEntry()|,|project://jmoney-0.4.4/source/net/sf/jmoney/model/Entry.java|(2315,15,<98,9>,<98,24>)>>,
  <<|java+class:///net/sf/jmoney/EntryComparator/DateComparator|,|java+class:///net/sf/jmoney/EntryComparator|>,<|java+method:///net/sf/jmoney/EntryComparator/getInstance(java.lang.String,java.lang.String)|,|project://jmoney-0.4.4/source/net/sf/jmoney/EntryComparator.java|(2097,13,<68,3>,<68,16>)>>,
  <<|java+class:///net/sf/jmoney/EntryComparator/ValutaComparator|,|java+class:///net/sf/jmoney/EntryComparator|>,<|java+method:///net/sf/jmoney/EntryComparator/getInstance(java.lang.String,java.lang.String)|,|project://jmoney-0.4.4/source/net/sf/jmoney/EntryComparator.java|(1414,13,<48,3>,<48,16>)>>,
  <<|java+class:///net/sf/jmoney/model/SplittedEntry|,|java+class:///net/sf/jmoney/model/Entry|>,<|java+method:///net/sf/jmoney/model/Entry/toDoubleEntry()|,|project://jmoney-0.4.4/source/net/sf/jmoney/model/Entry.java|(2383,21,<102,9>,<102,30>)>>,
  <<|java+class:///net/sf/jmoney/EntryComparator/MemoComparator|,|java+class:///net/sf/jmoney/EntryComparator|>,<|java+method:///net/sf/jmoney/EntryComparator/getInstance(java.lang.String,java.lang.String)|,|project://jmoney-0.4.4/source/net/sf/jmoney/EntryComparator.java|(2097,13,<68,3>,<68,16>)>>,
  <<|java+class:///net/sf/jmoney/EntryComparator/ValutaComparator|,|java+class:///net/sf/jmoney/EntryComparator|>,<|java+method:///net/sf/jmoney/EntryComparator/getInstance(java.lang.String,java.lang.String)|,|project://jmoney-0.4.4/source/net/sf/jmoney/EntryComparator.java|(2097,13,<68,3>,<68,16>)>>,
  <<|java+class:///net/sf/jmoney/EntryComparator/MemoComparator|,|java+class:///net/sf/jmoney/EntryComparator|>,<|java+method:///net/sf/jmoney/EntryComparator/getInstance(java.lang.String,java.lang.String)|,|project://jmoney-0.4.4/source/net/sf/jmoney/EntryComparator.java|(1414,13,<48,3>,<48,16>)>>,
  <<|java+class:///net/sf/jmoney/EntryComparator/DescriptionComparator|,|java+class:///net/sf/jmoney/EntryComparator|>,<|java+method:///net/sf/jmoney/EntryComparator/getInstance(java.lang.String,java.lang.String)|,|project://jmoney-0.4.4/source/net/sf/jmoney/EntryComparator.java|(1414,13,<48,3>,<48,16>)>>,
  <<|java+class:///net/sf/jmoney/model/SplittedEntry|,|java+class:///net/sf/jmoney/model/Entry|>,<|java+class:///net/sf/jmoney/model/Entry|,|project://jmoney-0.4.4/source/net/sf/jmoney/model/Entry.java|(1789,31,<74,2>,<74,33>)>>,
  <<|java+class:///net/sf/jmoney/EntryComparator/StatusComparator|,|java+class:///net/sf/jmoney/EntryComparator|>,<|java+method:///net/sf/jmoney/EntryComparator/getInstance(java.lang.String,java.lang.String)|,|project://jmoney-0.4.4/source/net/sf/jmoney/EntryComparator.java|(1414,13,<48,3>,<48,16>)>>,
  <<|java+class:///net/sf/jmoney/EntryComparator/StatusComparator|,|java+class:///net/sf/jmoney/EntryComparator|>,<|java+method:///net/sf/jmoney/EntryComparator/getInstance(java.lang.String,java.lang.String)|,|project://jmoney-0.4.4/source/net/sf/jmoney/EntryComparator.java|(2097,13,<68,3>,<68,16>)>>,
  <<|java+class:///net/sf/jmoney/model/DoubleEntry|,|java+class:///net/sf/jmoney/model/Entry|>,<|java+class:///net/sf/jmoney/model/Entry|,|project://jmoney-0.4.4/source/net/sf/jmoney/model/Entry.java|(1789,31,<74,2>,<74,33>)>>,
  <<|java+class:///net/sf/jmoney/EntryComparator/DescriptionComparator|,|java+class:///net/sf/jmoney/EntryComparator|>,<|java+method:///net/sf/jmoney/EntryComparator/getInstance(java.lang.String,java.lang.String)|,|project://jmoney-0.4.4/source/net/sf/jmoney/EntryComparator.java|(2097,13,<68,3>,<68,16>)>>,
  <<|java+class:///net/sf/jmoney/gui/CategoryComboBox|,|java+class:///net/sf/jmoney/gui/SelectionComboBox|>,<|java+class:///net/sf/jmoney/gui/SelectionComboBox|,|project://jmoney-0.4.4/source/net/sf/jmoney/gui/SelectionComboBox.java|(1310,31,<48,2>,<48,33>)>>,
  <<|java+class:///net/sf/jmoney/model/SimpleCategory|,|java+class:///net/sf/jmoney/model/AbstractCategory|>,<|java+class:///net/sf/jmoney/model/AbstractCategory|,|project://jmoney-0.4.4/source/net/sf/jmoney/model/AbstractCategory.java|(1021,22,<30,39>,<30,61>)>>,
  <<|java+class:///net/sf/jmoney/model/SplitCategory|,|java+class:///net/sf/jmoney/model/AbstractCategory|>,<|java+class:///net/sf/jmoney/model/AbstractCategory|,|project://jmoney-0.4.4/source/net/sf/jmoney/model/AbstractCategory.java|(1021,22,<30,39>,<30,61>)>>,
  <<|java+class:///net/sf/jmoney/model/TransferCategory|,|java+class:///net/sf/jmoney/model/AbstractCategory|>,<|java+class:///net/sf/jmoney/model/AbstractCategory|,|project://jmoney-0.4.4/source/net/sf/jmoney/model/AbstractCategory.java|(1021,22,<30,39>,<30,61>)>>,
  <<|java+class:///net/sf/jmoney/model/SplittedEntry|,|java+class:///net/sf/jmoney/model/Entry|>,<|java+method:///net/sf/jmoney/model/Entry/readObject(java.io.ObjectInputStream)|,|project://jmoney-0.4.4/source/net/sf/jmoney/model/Entry.java|(6518,31,<304,18>,<304,49>)>>,
  <<|java+class:///net/sf/jmoney/EntryComparator/AmountComparator|,|java+class:///net/sf/jmoney/EntryComparator|>,<|java+method:///net/sf/jmoney/EntryComparator/getInstance(java.lang.String,java.lang.String)|,|project://jmoney-0.4.4/source/net/sf/jmoney/EntryComparator.java|(2097,13,<68,3>,<68,16>)>>,
  <<|java+class:///net/sf/jmoney/EntryComparator/CheckComparator|,|java+class:///net/sf/jmoney/EntryComparator|>,<|java+method:///net/sf/jmoney/EntryComparator/getInstance(java.lang.String,java.lang.String)|,|project://jmoney-0.4.4/source/net/sf/jmoney/EntryComparator.java|(1414,13,<48,3>,<48,16>)>>,
  <<|java+class:///net/sf/jmoney/EntryComparator/CategoryComparator|,|java+class:///net/sf/jmoney/EntryComparator|>,<|java+method:///net/sf/jmoney/EntryComparator/getInstance(java.lang.String,java.lang.String)|,|project://jmoney-0.4.4/source/net/sf/jmoney/EntryComparator.java|(1414,13,<48,3>,<48,16>)>>,
  <<|java+class:///net/sf/jmoney/EntryComparator/AmountComparator|,|java+class:///net/sf/jmoney/EntryComparator|>,<|java+method:///net/sf/jmoney/EntryComparator/getInstance(java.lang.String,java.lang.String)|,|project://jmoney-0.4.4/source/net/sf/jmoney/EntryComparator.java|(1414,13,<48,3>,<48,16>)>>,
  <<|java+class:///net/sf/jmoney/model/DoubleEntry|,|java+class:///net/sf/jmoney/model/Entry|>,<|java+method:///net/sf/jmoney/model/Entry/readObject(java.io.ObjectInputStream)|,|project://jmoney-0.4.4/source/net/sf/jmoney/model/Entry.java|(6518,31,<304,18>,<304,49>)>>,
  <<|java+class:///net/sf/jmoney/EntryComparator/CheckComparator|,|java+class:///net/sf/jmoney/EntryComparator|>,<|java+method:///net/sf/jmoney/EntryComparator/getInstance(java.lang.String,java.lang.String)|,|project://jmoney-0.4.4/source/net/sf/jmoney/EntryComparator.java|(2097,13,<68,3>,<68,16>)>>,
  <<|java+class:///net/sf/jmoney/EntryComparator/CategoryComparator|,|java+class:///net/sf/jmoney/EntryComparator|>,<|java+method:///net/sf/jmoney/EntryComparator/getInstance(java.lang.String,java.lang.String)|,|project://jmoney-0.4.4/source/net/sf/jmoney/EntryComparator.java|(2097,13,<68,3>,<68,16>)>>,
  <<|java+class:///net/sf/jmoney/model/RootCategory|,|java+class:///net/sf/jmoney/model/AbstractCategory|>,<|java+class:///net/sf/jmoney/model/AbstractCategory|,|project://jmoney-0.4.4/source/net/sf/jmoney/model/AbstractCategory.java|(1021,22,<30,39>,<30,61>)>>,
  <<|java+class:///net/sf/jmoney/gui/DateComboBox|,|java+class:///net/sf/jmoney/gui/SelectionComboBox|>,<|java+class:///net/sf/jmoney/gui/SelectionComboBox|,|project://jmoney-0.4.4/source/net/sf/jmoney/gui/SelectionComboBox.java|(1310,31,<48,2>,<48,33>)>>
}