RESULTS LOG: 
INTERNAL REUSE TOTAL: 72 
<|java+class:///com/jgraph/components/OverviewExample|,|java+class:///com/jgraph/example/GraphEdX|> 
<|java+class:///com/jgraph/components/labels/MultiLineVertexRenderer|,|java+class:///org/jgraph/graph/VertexRenderer|> 
<|java+class:///com/jgraph/components/labels/RichTextEditor|,|java+class:///org/jgraph/graph/DefaultGraphCellEditor|> 
<|java+class:///com/jgraph/components/labels/RichTextEditor/ModifiedEditorContainer|,|java+class:///org/jgraph/graph/DefaultGraphCellEditor/EditorContainer|> 
<|java+class:///com/jgraph/components/labels/RichTextGraphModel|,|java+class:///org/jgraph/graph/DefaultGraphModel|> 
<|java+class:///com/jgraph/example/EditorGraph|,|java+class:///org/jgraph/JGraph|> 
<|java+class:///com/jgraph/example/EditorGraph/EditorGraphUI|,|java+class:///org/jgraph/plaf/basic/BasicGraphUI|> 
<|java+class:///com/jgraph/example/GraphEdMV|,|java+class:///org/jgraph/example/GraphEd|> 
<|java+class:///com/jgraph/example/GraphEdX|,|java+class:///org/jgraph/example/GraphEd|> 
<|java+class:///com/jgraph/example/JGraphGroupRenderer|,|java+class:///org/jgraph/graph/VertexRenderer|> 
<|java+class:///com/jgraph/example/MyPortView|,|java+class:///org/jgraph/graph/PortView|> 
<|java+class:///com/jgraph/example/adapter/JGraphAdapterExample|,|java+class:///org/jgraph/example/GraphEd|> 
<|java+class:///com/jgraph/example/adapter/JGraphAdapterModel|,|java+class:///org/jgraph/graph/DefaultGraphModel|> 
<|java+class:///com/jgraph/example/adapter/JGraphAdapterModel/BusinessModelEdit|,|java+class:///org/jgraph/graph/DefaultGraphModel/GraphModelEdit|> 
<|java+class:///com/jgraph/example/adapter/JGraphSQLBusinessModel|,|java+class:///com/jgraph/example/adapter/JGraphAdapterModel|> 
<|java+class:///com/jgraph/example/adapter/JGraphSQLEntity|,|java+class:///com/jgraph/example/adapter/JGraphBusinessObject|> 
<|java+class:///com/jgraph/example/fastgraph/FastCircleView/JGraphEllipseRenderer|,|java+class:///org/jgraph/graph/VertexRenderer|> 
<|java+class:///com/jgraph/example/fastgraph/FastEdgeView|,|java+class:///org/jgraph/graph/EdgeView|> 
<|java+class:///com/jgraph/example/fastgraph/FastGraph|,|java+class:///org/jgraph/example/GraphEd|> 
<|java+class:///com/jgraph/example/fastgraph/FastGraph/FastMarqueeHandler|,|java+class:///org/jgraph/example/GraphEd/MyMarqueeHandler|> 
<|java+class:///com/jgraph/example/fastgraph/FastGraph/MyFastGraph|,|java+class:///org/jgraph/JGraph|> 
<|java+class:///com/jgraph/example/fastgraph/FastGraphFactory|,|java+class:///com/jgraph/example/JGraphGraphFactory|> 
<|java+class:///com/jgraph/example/fastgraph/FastGraphFactory/FastFactoryConfigDialog|,|java+class:///com/jgraph/example/JGraphGraphFactory/FactoryConfigDialog|> 
<|java+class:///com/jgraph/example/fastgraph/FastGraphModel|,|java+class:///org/jgraph/graph/DefaultGraphModel|> 
<|java+class:///com/jgraph/example/fastgraph/FastGraphUI|,|java+class:///org/jgraph/plaf/basic/BasicGraphUI|> 
<|java+class:///com/jgraph/example/fastgraph/FastVertexView|,|java+class:///org/jgraph/graph/VertexView|> 
<|java+class:///com/jgraph/example/groupeditor/EditableGroupDemo|,|java+class:///com/jgraph/example/GraphEdX|> 
<|java+class:///com/jgraph/example/groupeditor/EditableGroupRenderer|,|java+class:///org/jgraph/graph/VertexRenderer|> 
<|java+class:///com/jgraph/example/mycellview/GPCellViewFactory|,|java+class:///org/jgraph/graph/DefaultCellViewFactory|> 
<|java+class:///com/jgraph/example/mycellview/JGraphEllipseView|,|java+class:///org/jgraph/graph/VertexView|> 
<|java+class:///com/jgraph/example/mycellview/JGraphEllipseView/JGraphEllipseRenderer|,|java+class:///org/jgraph/graph/VertexRenderer|> 
<|java+class:///com/jgraph/example/mycellview/JGraphRoundRectView/ActivityRenderer|,|java+class:///org/jgraph/graph/VertexRenderer|> 
<|java+class:///com/jgraph/example/panelexample/PortLabelGraph|,|java+class:///org/jgraph/example/GraphEd|> 
<|java+class:///com/jgraph/example/portlabels/PortLabelGraph|,|java+class:///org/jgraph/example/GraphEd|> 
<|java+class:///com/jgraph/example/portlabels/PortLabelVertexView/PortLabelVertexRenderer|,|java+class:///org/jgraph/graph/VertexRenderer|> 
<|java+class:///com/jgraph/io/svg/SVGVertexRenderer|,|java+class:///org/jgraph/graph/VertexRenderer|> 
<|java+class:///com/jgraph/layout/DataGraphLayoutCache|,|java+class:///org/jgraph/graph/GraphLayoutCache|> 
<|java+class:///com/jgraph/layout/JGraphExampleLayoutCache|,|java+class:///org/jgraph/graph/GraphLayoutCache|> 
<|java+class:///com/jgraph/layout/JGraphExampleLayoutCache/JGraphMoveSelectionFacade|,|java+class:///com/jgraph/layout/JGraphFacade|> 
<|java+class:///com/jgraph/layout/JGraphLayoutExample|,|java+class:///com/jgraph/example/GraphEdX|> 
<|java+class:///com/jgraph/layout/JGraphLayoutExampleMenuBar|,|java+class:///com/jgraph/example/GraphEdXMenuBar|> 
<|java+class:///com/jgraph/layout/JGraphModelFacade|,|java+class:///com/jgraph/layout/JGraphFacade|> 
<|java+class:///com/jgraph/layout/JGraphWordBrowser|,|java+class:///org/jgraph/graph/DefaultGraphModel|> 
<|java+class:///com/jgraph/layout/JGraphWordBrowser/SynonymRenderer|,|java+class:///org/jgraph/graph/VertexRenderer|> 
<|java+class:///com/jgraph/layout/hierarchical/model/JGraphHierarchyEdge|,|java+class:///com/jgraph/layout/hierarchical/model/JGraphAbstractHierarchyCell|> 
<|java+class:///com/jgraph/layout/hierarchical/model/JGraphHierarchyNode|,|java+class:///com/jgraph/layout/hierarchical/model/JGraphAbstractHierarchyCell|> 
<|java+class:///com/jgraph/layout/svg/SVGExample|,|java+class:///com/jgraph/example/GraphEdX|> 
<|java+class:///com/jgraph/layout/tree/JGraphCompactTreeLayout|,|java+class:///com/jgraph/layout/tree/JGraphAbstractTreeLayout|> 
<|java+class:///com/jgraph/layout/tree/JGraphCompactTreeLayout/CompactTreeNode|,|java+class:///com/jgraph/layout/tree/JGraphAbstractTreeLayout/TreeNode|> 
<|java+class:///com/jgraph/layout/tree/JGraphTreeLayout|,|java+class:///com/jgraph/layout/tree/JGraphAbstractTreeLayout|> 
<|java+class:///com/jgraph/layout/tree/JGraphTreeLayout/StandardTreeNode|,|java+class:///com/jgraph/layout/tree/JGraphAbstractTreeLayout/TreeNode|> 
<|java+class:///com/jgraph/layout/tree/OrganizationalChart|,|java+class:///com/jgraph/layout/tree/JGraphTreeLayout|> 
<|java+class:///com/jgraph/layout/tree/OrganizationalChart/OrganizationalTreeNode|,|java+class:///com/jgraph/layout/tree/JGraphTreeLayout/StandardTreeNode|> 
<|java+class:///com/jgraph/navigation/NavigationExample|,|java+class:///com/jgraph/example/GraphEdX|> 
<|java+class:///com/jgraph/navigation/PanningTool|,|java+class:///org/jgraph/graph/BasicMarqueeHandler|> 
<|java+class:///org/jgraph/example/CompoundVertexView|,|java+class:///org/jgraph/graph/VertexView|> 
<|java+class:///org/jgraph/example/GraphEd/MyGraph|,|java+class:///org/jgraph/JGraph|> 
<|java+class:///org/jgraph/example/GraphEd/MyMarqueeHandler|,|java+class:///org/jgraph/graph/BasicMarqueeHandler|> 
<|java+class:///org/jgraph/example/IconExample|,|java+class:///org/jgraph/example/GraphEd|> 
<|java+class:///org/jgraph/example/IconExample/InvisiblePortRenderer|,|java+class:///org/jgraph/graph/PortRenderer|> 
<|java+class:///org/jgraph/example/IconExample/InvisiblePortView|,|java+class:///org/jgraph/graph/PortView|> 
<|java+class:///org/jgraph/example/JGraphIconView|,|java+class:///org/jgraph/graph/VertexView|> 
<|java+class:///org/jgraph/example/JGraphIconView/MultiLinedEditor|,|java+class:///org/jgraph/graph/DefaultGraphCellEditor|> 
<|java+class:///org/jgraph/example/JGraphIconView/MultiLinedEditor/ModifiedEditorContainer|,|java+class:///org/jgraph/graph/DefaultGraphCellEditor/EditorContainer|> 
<|java+class:///org/jgraph/example/JGraphIconView/MyMultiLinedEditor|,|java+class:///org/jgraph/example/JGraphIconView/MultiLinedEditor|> 
<|java+class:///org/jgraph/graph/DefaultEdge|,|java+class:///org/jgraph/graph/DefaultGraphCell|> 
<|java+class:///org/jgraph/graph/DefaultPort|,|java+class:///org/jgraph/graph/DefaultGraphCell|> 
<|java+class:///org/jgraph/graph/EdgeView|,|java+class:///org/jgraph/graph/AbstractCellView|> 
<|java+class:///org/jgraph/graph/PortView|,|java+class:///org/jgraph/graph/AbstractCellView|> 
<|java+class:///org/jgraph/graph/VertexView|,|java+class:///org/jgraph/graph/AbstractCellView|> 
<|java+class:///org/jgraph/plaf/basic/BasicGraphUI/GraphDropTargetListener|,|java+class:///org/jgraph/plaf/basic/BasicGraphDropTargetListener|> 
<|java+class:///org/jgraph/util/ParallelEdgeRouter|,|java+class:///org/jgraph/graph/DefaultEdge/LoopRouting|> 

EXTERNAL REUSE TOTAL: 25 
<|java+class:///com/jgraph/example/GraphEdX|,|java+class:///org/jgraph/example/GraphEd|> 
<|java+class:///com/jgraph/example/adapter/JGraphAdapterModel|,|java+class:///org/jgraph/graph/DefaultGraphModel|> 
<|java+class:///com/jgraph/example/adapter/JGraphSQLBusinessModel|,|java+class:///com/jgraph/example/adapter/JGraphAdapterModel|> 
<|java+class:///com/jgraph/example/adapter/JGraphSQLEntity|,|java+class:///com/jgraph/example/adapter/JGraphBusinessObject|> 
<|java+class:///com/jgraph/example/adapter/JGraphSQLRelation|,|java+class:///com/jgraph/example/adapter/JGraphSQLEntity|> 
<|java+class:///com/jgraph/example/fastgraph/FastGraph|,|java+class:///org/jgraph/example/GraphEd|> 
<|java+class:///com/jgraph/example/panelexample/PortLabelGraph|,|java+class:///org/jgraph/example/GraphEd|> 
<|java+class:///com/jgraph/example/portlabels/PortLabelGraph|,|java+class:///org/jgraph/example/GraphEd|> 
<|java+class:///com/jgraph/example/portlabels/PortLabelVertexView/PortLabelVertexRenderer|,|java+class:///org/jgraph/graph/VertexRenderer|> 
<|java+class:///com/jgraph/layout/JGraphExampleGraph|,|java+class:///org/jgraph/example/GraphEd/MyGraph|> 
<|java+class:///com/jgraph/layout/hierarchical/model/JGraphHierarchyEdge|,|java+class:///com/jgraph/layout/hierarchical/model/JGraphAbstractHierarchyCell|> 
<|java+class:///com/jgraph/layout/hierarchical/model/JGraphHierarchyNode|,|java+class:///com/jgraph/layout/hierarchical/model/JGraphAbstractHierarchyCell|> 
<|java+class:///com/jgraph/layout/routing/JGraphParallelRouter|,|java+class:///org/jgraph/util/ParallelEdgeRouter|> 
<|java+class:///com/jgraph/layout/svg/SVGExample|,|java+class:///com/jgraph/example/GraphEdX|> 
<|java+class:///com/jgraph/layout/tree/JGraphCompactTreeLayout/CompactTreeNode|,|java+class:///com/jgraph/layout/tree/JGraphAbstractTreeLayout/TreeNode|> 
<|java+class:///com/jgraph/layout/tree/JGraphTreeLayout/StandardTreeNode|,|java+class:///com/jgraph/layout/tree/JGraphAbstractTreeLayout/TreeNode|> 
<|java+class:///com/jgraph/layout/tree/OrganizationalChart/OrganizationalTreeNode|,|java+class:///com/jgraph/layout/tree/JGraphTreeLayout/StandardTreeNode|> 
<|java+class:///com/jgraph/navigation/NavigationExample|,|java+class:///com/jgraph/example/GraphEdX|> 
<|java+class:///org/jgraph/example/GraphEd/MyGraph|,|java+class:///org/jgraph/JGraph|> 
<|java+class:///org/jgraph/example/JGraphIconView|,|java+class:///org/jgraph/graph/VertexView|> 
<|java+class:///org/jgraph/graph/DefaultEdge|,|java+class:///org/jgraph/graph/DefaultGraphCell|> 
<|java+class:///org/jgraph/graph/DefaultPort|,|java+class:///org/jgraph/graph/DefaultGraphCell|> 
<|java+class:///org/jgraph/graph/EdgeView|,|java+class:///org/jgraph/graph/AbstractCellView|> 
<|java+class:///org/jgraph/graph/PortView|,|java+class:///org/jgraph/graph/AbstractCellView|> 
<|java+class:///org/jgraph/graph/VertexView|,|java+class:///org/jgraph/graph/AbstractCellView|> 

SUBTYPE TOTAL: 95 
<|java+class:///com/jgraph/components/OverviewExample|,|java+class:///com/jgraph/example/GraphEdX|> 
<|java+class:///com/jgraph/components/RichTextExample|,|java+class:///com/jgraph/example/GraphEdX|> 
<|java+class:///com/jgraph/components/labels/MultiLineVertexRenderer|,|java+class:///org/jgraph/graph/VertexRenderer|> 
<|java+class:///com/jgraph/components/labels/MultiLineVertexView|,|java+class:///org/jgraph/graph/VertexView|> 
<|java+class:///com/jgraph/components/labels/RedirectingEditor|,|java+class:///org/jgraph/graph/DefaultGraphCellEditor|> 
<|java+class:///com/jgraph/components/labels/RichTextEditor|,|java+class:///org/jgraph/graph/DefaultGraphCellEditor|> 
<|java+class:///com/jgraph/components/labels/RichTextEditor/ModifiedEditorContainer|,|java+class:///org/jgraph/graph/DefaultGraphCellEditor/EditorContainer|> 
<|java+class:///com/jgraph/components/labels/RichTextGraphModel|,|java+class:///org/jgraph/graph/DefaultGraphModel|> 
<|java+class:///com/jgraph/example/EditorGraph|,|java+class:///org/jgraph/JGraph|> 
<|java+class:///com/jgraph/example/EditorGraph/EditorGraphUI|,|java+class:///org/jgraph/plaf/basic/BasicGraphUI|> 
<|java+class:///com/jgraph/example/GraphEdMV|,|java+class:///org/jgraph/example/GraphEd|> 
<|java+class:///com/jgraph/example/GraphEdX|,|java+class:///org/jgraph/example/GraphEd|> 
<|java+class:///com/jgraph/example/GraphEdX/MyGraphModel|,|java+class:///org/jgraph/graph/DefaultGraphModel|> 
<|java+class:///com/jgraph/example/JGraphGroupRenderer|,|java+class:///org/jgraph/graph/VertexRenderer|> 
<|java+class:///com/jgraph/example/MyPortView/MyPortRenderer|,|java+class:///org/jgraph/graph/PortRenderer|> 
<|java+class:///com/jgraph/example/adapter/JGraphAdapterExample|,|java+class:///org/jgraph/example/GraphEd|> 
<|java+class:///com/jgraph/example/adapter/JGraphAdapterModel|,|java+class:///org/jgraph/graph/DefaultGraphModel|> 
<|java+class:///com/jgraph/example/adapter/JGraphAdapterModel/BusinessModelEdit|,|java+class:///org/jgraph/graph/DefaultGraphModel/GraphModelEdit|> 
<|java+class:///com/jgraph/example/adapter/JGraphSQLBusinessModel|,|java+class:///com/jgraph/example/adapter/JGraphAdapterModel|> 
<|java+class:///com/jgraph/example/adapter/JGraphSQLEntity|,|java+class:///com/jgraph/example/adapter/JGraphBusinessObject|> 
<|java+class:///com/jgraph/example/adapter/JGraphSQLRelation|,|java+class:///com/jgraph/example/adapter/JGraphSQLEntity|> 
<|java+class:///com/jgraph/example/fastgraph/FastCircleCell|,|java+class:///org/jgraph/graph/DefaultGraphCell|> 
<|java+class:///com/jgraph/example/fastgraph/FastCircleView|,|java+class:///com/jgraph/example/fastgraph/FastVertexView|> 
<|java+class:///com/jgraph/example/fastgraph/FastCircleView/JGraphEllipseRenderer|,|java+class:///org/jgraph/graph/VertexRenderer|> 
<|java+class:///com/jgraph/example/fastgraph/FastEdge|,|java+class:///org/jgraph/graph/DefaultEdge|> 
<|java+class:///com/jgraph/example/fastgraph/FastEdgeView|,|java+class:///org/jgraph/graph/EdgeView|> 
<|java+class:///com/jgraph/example/fastgraph/FastGraph|,|java+class:///org/jgraph/example/GraphEd|> 
<|java+class:///com/jgraph/example/fastgraph/FastGraph/FastMarqueeHandler|,|java+class:///org/jgraph/example/GraphEd/MyMarqueeHandler|> 
<|java+class:///com/jgraph/example/fastgraph/FastGraph/MyFastGraph|,|java+class:///org/jgraph/JGraph|> 
<|java+class:///com/jgraph/example/fastgraph/FastGraphFactory|,|java+class:///com/jgraph/example/JGraphGraphFactory|> 
<|java+class:///com/jgraph/example/fastgraph/FastGraphFactory/FastFactoryConfigDialog|,|java+class:///com/jgraph/example/JGraphGraphFactory/FactoryConfigDialog|> 
<|java+class:///com/jgraph/example/fastgraph/FastGraphModel|,|java+class:///org/jgraph/graph/DefaultGraphModel|> 
<|java+class:///com/jgraph/example/fastgraph/FastGraphUI|,|java+class:///org/jgraph/plaf/basic/BasicGraphUI|> 
<|java+class:///com/jgraph/example/fastgraph/FastPortView|,|java+class:///org/jgraph/graph/PortView|> 
<|java+class:///com/jgraph/example/fastgraph/FastVertexView|,|java+class:///org/jgraph/graph/VertexView|> 
<|java+class:///com/jgraph/example/groupeditor/EditableGroupDemo|,|java+class:///com/jgraph/example/GraphEdX|> 
<|java+class:///com/jgraph/example/groupeditor/EditableGroupRenderer|,|java+class:///org/jgraph/graph/VertexRenderer|> 
<|java+class:///com/jgraph/example/mycellmodeleditor/BusinessObjectEditor|,|java+class:///org/jgraph/graph/DefaultGraphCellEditor|> 
<|java+class:///com/jgraph/example/mycellview/GPCellViewFactory|,|java+class:///org/jgraph/graph/DefaultCellViewFactory|> 
<|java+class:///com/jgraph/example/mycellview/JGraphEllipseView/JGraphEllipseRenderer|,|java+class:///org/jgraph/graph/VertexRenderer|> 
<|java+class:///com/jgraph/example/mycellview/JGraphRoundRectView/ActivityRenderer|,|java+class:///org/jgraph/graph/VertexRenderer|> 
<|java+class:///com/jgraph/example/panelexample/BusinessObjectEditor2|,|java+class:///org/jgraph/graph/DefaultGraphCellEditor|> 
<|java+class:///com/jgraph/example/panelexample/PortLabelCell|,|java+class:///org/jgraph/graph/DefaultGraphCell|> 
<|java+class:///com/jgraph/example/panelexample/PortLabelGraph|,|java+class:///org/jgraph/example/GraphEd|> 
<|java+class:///com/jgraph/example/panelexample/PortLabelVertexView|,|java+class:///org/jgraph/graph/VertexView|> 
<|java+class:///com/jgraph/example/portlabels/PortLabelCell|,|java+class:///org/jgraph/graph/DefaultGraphCell|> 
<|java+class:///com/jgraph/example/portlabels/PortLabelGraph|,|java+class:///org/jgraph/example/GraphEd|> 
<|java+class:///com/jgraph/example/portlabels/PortLabelVertexView|,|java+class:///org/jgraph/graph/VertexView|> 
<|java+class:///com/jgraph/example/portlabels/PortLabelVertexView/PortLabelVertexRenderer|,|java+class:///org/jgraph/graph/VertexRenderer|> 
<|java+class:///com/jgraph/io/svg/SVGVertexRenderer|,|java+class:///org/jgraph/graph/VertexRenderer|> 
<|java+class:///com/jgraph/layout/DataGraphLayoutCache|,|java+class:///org/jgraph/graph/GraphLayoutCache|> 
<|java+class:///com/jgraph/layout/JGraphExampleGraph|,|java+class:///org/jgraph/example/GraphEd/MyGraph|> 
<|java+class:///com/jgraph/layout/JGraphExampleLayoutCache|,|java+class:///org/jgraph/graph/GraphLayoutCache|> 
<|java+class:///com/jgraph/layout/JGraphExampleLayoutCache/JGraphMoveSelectionFacade|,|java+class:///com/jgraph/layout/JGraphFacade|> 
<|java+class:///com/jgraph/layout/JGraphLayoutExample|,|java+class:///com/jgraph/example/GraphEdX|> 
<|java+class:///com/jgraph/layout/JGraphLayoutExampleMenuBar|,|java+class:///com/jgraph/example/GraphEdXMenuBar|> 
<|java+class:///com/jgraph/layout/JGraphModelFacade|,|java+class:///com/jgraph/layout/JGraphFacade|> 
<|java+class:///com/jgraph/layout/JGraphWordBrowser|,|java+class:///org/jgraph/graph/DefaultGraphModel|> 
<|java+class:///com/jgraph/layout/JGraphWordBrowser/SynonymRenderer|,|java+class:///org/jgraph/graph/VertexRenderer|> 
<|java+class:///com/jgraph/layout/graph/JGraphFRLayout|,|java+class:///com/jgraph/layout/organic/JGraphFastOrganicLayout|> 
<|java+class:///com/jgraph/layout/hierarchical/model/JGraphHierarchyEdge|,|java+class:///com/jgraph/layout/hierarchical/model/JGraphAbstractHierarchyCell|> 
<|java+class:///com/jgraph/layout/hierarchical/model/JGraphHierarchyNode|,|java+class:///com/jgraph/layout/hierarchical/model/JGraphAbstractHierarchyCell|> 
<|java+class:///com/jgraph/layout/svg/SVGExample|,|java+class:///com/jgraph/example/GraphEdX|> 
<|java+class:///com/jgraph/layout/tree/JGraphCompactTreeLayout|,|java+class:///com/jgraph/layout/tree/JGraphAbstractTreeLayout|> 
<|java+class:///com/jgraph/layout/tree/JGraphCompactTreeLayout/CompactTreeNode|,|java+class:///com/jgraph/layout/tree/JGraphAbstractTreeLayout/TreeNode|> 
<|java+class:///com/jgraph/layout/tree/JGraphTreeLayout|,|java+class:///com/jgraph/layout/tree/JGraphAbstractTreeLayout|> 
<|java+class:///com/jgraph/layout/tree/JGraphTreeLayout/StandardTreeNode|,|java+class:///com/jgraph/layout/tree/JGraphAbstractTreeLayout/TreeNode|> 
<|java+class:///com/jgraph/layout/tree/OrganizationalChart/OrganizationalTreeNode|,|java+class:///com/jgraph/layout/tree/JGraphTreeLayout/StandardTreeNode|> 
<|java+class:///com/jgraph/navigation/NavigationExample|,|java+class:///com/jgraph/example/GraphEdX|> 
<|java+class:///com/jgraph/navigation/PanningTool|,|java+class:///org/jgraph/graph/BasicMarqueeHandler|> 
<|java+class:///org/jgraph/JGraph/EmptySelectionModel|,|java+class:///org/jgraph/graph/DefaultGraphSelectionModel|> 
<|java+class:///org/jgraph/example/GraphEd/EdStatusBar|,|java+class:///org/jgraph/example/GraphEd/StatusBarGraphListener|> 
<|java+class:///org/jgraph/example/GraphEd/MyEdgeHandle|,|java+class:///org/jgraph/graph/EdgeView/EdgeHandle|> 
<|java+class:///org/jgraph/example/GraphEd/MyGraph|,|java+class:///org/jgraph/JGraph|> 
<|java+class:///org/jgraph/example/GraphEd/MyMarqueeHandler|,|java+class:///org/jgraph/graph/BasicMarqueeHandler|> 
<|java+class:///org/jgraph/example/GraphEd/MyModel|,|java+class:///org/jgraph/graph/DefaultGraphModel|> 
<|java+class:///org/jgraph/example/IconExample|,|java+class:///org/jgraph/example/GraphEd|> 
<|java+class:///org/jgraph/example/IconExample/CustomCell|,|java+class:///org/jgraph/graph/DefaultGraphCell|> 
<|java+class:///org/jgraph/example/IconExample/IconGraph|,|java+class:///org/jgraph/example/GraphEd/MyGraph|> 
<|java+class:///org/jgraph/example/IconExample/InvisiblePortRenderer|,|java+class:///org/jgraph/graph/PortRenderer|> 
<|java+class:///org/jgraph/example/IconExample/InvisiblePortView|,|java+class:///org/jgraph/graph/PortView|> 
<|java+class:///org/jgraph/example/JGraphIconView|,|java+class:///org/jgraph/graph/VertexView|> 
<|java+class:///org/jgraph/example/JGraphIconView/MultiLinedEditor|,|java+class:///org/jgraph/graph/DefaultGraphCellEditor|> 
<|java+class:///org/jgraph/example/JGraphIconView/MultiLinedEditor/ModifiedEditorContainer|,|java+class:///org/jgraph/graph/DefaultGraphCellEditor/EditorContainer|> 
<|java+class:///org/jgraph/example/JGraphIconView/MyMultiLinedEditor|,|java+class:///org/jgraph/example/JGraphIconView/MultiLinedEditor|> 
<|java+class:///org/jgraph/graph/DefaultEdge|,|java+class:///org/jgraph/graph/DefaultGraphCell|> 
<|java+class:///org/jgraph/graph/DefaultEdge/DefaultRouting|,|java+class:///org/jgraph/graph/DefaultEdge/LoopRouting|> 
<|java+class:///org/jgraph/graph/DefaultPort|,|java+class:///org/jgraph/graph/DefaultGraphCell|> 
<|java+class:///org/jgraph/graph/EdgeView|,|java+class:///org/jgraph/graph/AbstractCellView|> 
<|java+class:///org/jgraph/graph/GraphTransferable|,|java+class:///org/jgraph/plaf/basic/BasicGraphTransferable|> 
<|java+class:///org/jgraph/graph/PortView|,|java+class:///org/jgraph/graph/AbstractCellView|> 
<|java+class:///org/jgraph/graph/VertexView|,|java+class:///org/jgraph/graph/AbstractCellView|> 
<|java+class:///org/jgraph/plaf/basic/BasicGraphUI|,|java+class:///org/jgraph/plaf/GraphUI|> 
<|java+class:///org/jgraph/plaf/basic/BasicGraphUI/GraphDropTargetListener|,|java+class:///org/jgraph/plaf/basic/BasicGraphDropTargetListener|> 
<|java+class:///org/jgraph/util/ParallelEdgeRouter|,|java+class:///org/jgraph/graph/DefaultEdge/LoopRouting|> 

DOWNCALL ACTUAL TOTAL: 0 

DOWNCALL CANDIDATE TOTAL: 0 

CONSTANT TOTAL: 0 

MARKER TOTAL: 0 

SUPER TOTAL: 54 
<|java+class:///com/jgraph/components/labels/MultiLineVertexView|,|java+class:///org/jgraph/graph/VertexView|> 
<|java+class:///com/jgraph/components/labels/RedirectingEditor|,|java+class:///org/jgraph/graph/DefaultGraphCellEditor|> 
<|java+class:///com/jgraph/components/labels/RichTextEditor|,|java+class:///org/jgraph/graph/DefaultGraphCellEditor|> 
<|java+class:///com/jgraph/components/labels/RichTextGraphModel|,|java+class:///org/jgraph/graph/DefaultGraphModel|> 
<|java+class:///com/jgraph/example/EditorGraph|,|java+class:///org/jgraph/JGraph|> 
<|java+class:///com/jgraph/example/GraphEdX/MyGraphModel|,|java+class:///org/jgraph/graph/DefaultGraphModel|> 
<|java+class:///com/jgraph/example/MyPortView|,|java+class:///org/jgraph/graph/PortView|> 
<|java+class:///com/jgraph/example/adapter/JGraphAdapterModel|,|java+class:///org/jgraph/graph/DefaultGraphModel|> 
<|java+class:///com/jgraph/example/adapter/JGraphAdapterModel/BusinessModelEdit|,|java+class:///org/jgraph/graph/DefaultGraphModel/GraphModelEdit|> 
<|java+class:///com/jgraph/example/adapter/JGraphSQLBusinessModel|,|java+class:///com/jgraph/example/adapter/JGraphAdapterModel|> 
<|java+class:///com/jgraph/example/adapter/JGraphSQLEntity|,|java+class:///com/jgraph/example/adapter/JGraphBusinessObject|> 
<|java+class:///com/jgraph/example/adapter/JGraphSQLRelation|,|java+class:///com/jgraph/example/adapter/JGraphSQLEntity|> 
<|java+class:///com/jgraph/example/fastgraph/FastCircleCell|,|java+class:///org/jgraph/graph/DefaultGraphCell|> 
<|java+class:///com/jgraph/example/fastgraph/FastCircleView|,|java+class:///com/jgraph/example/fastgraph/FastVertexView|> 
<|java+class:///com/jgraph/example/fastgraph/FastEdge|,|java+class:///org/jgraph/graph/DefaultEdge|> 
<|java+class:///com/jgraph/example/fastgraph/FastEdgeView|,|java+class:///org/jgraph/graph/EdgeView|> 
<|java+class:///com/jgraph/example/fastgraph/FastGraph/MyFastGraph|,|java+class:///org/jgraph/JGraph|> 
<|java+class:///com/jgraph/example/fastgraph/FastGraphFactory/FastFactoryConfigDialog|,|java+class:///com/jgraph/example/JGraphGraphFactory/FactoryConfigDialog|> 
<|java+class:///com/jgraph/example/fastgraph/FastPortView|,|java+class:///org/jgraph/graph/PortView|> 
<|java+class:///com/jgraph/example/fastgraph/FastVertexView|,|java+class:///org/jgraph/graph/VertexView|> 
<|java+class:///com/jgraph/example/mycellview/JGraphEllipseView|,|java+class:///org/jgraph/graph/VertexView|> 
<|java+class:///com/jgraph/example/mycellview/JGraphRoundRectView|,|java+class:///org/jgraph/graph/VertexView|> 
<|java+class:///com/jgraph/example/panelexample/PortLabelCell|,|java+class:///org/jgraph/graph/DefaultGraphCell|> 
<|java+class:///com/jgraph/example/panelexample/PortLabelVertexView|,|java+class:///org/jgraph/graph/VertexView|> 
<|java+class:///com/jgraph/example/portlabels/PortLabelCell|,|java+class:///org/jgraph/graph/DefaultGraphCell|> 
<|java+class:///com/jgraph/example/portlabels/PortLabelVertexView|,|java+class:///org/jgraph/graph/VertexView|> 
<|java+class:///com/jgraph/layout/DataGraphLayoutCache|,|java+class:///org/jgraph/graph/GraphLayoutCache|> 
<|java+class:///com/jgraph/layout/JGraphExampleGraph|,|java+class:///org/jgraph/example/GraphEd/MyGraph|> 
<|java+class:///com/jgraph/layout/JGraphExampleLayoutCache|,|java+class:///org/jgraph/graph/GraphLayoutCache|> 
<|java+class:///com/jgraph/layout/JGraphExampleLayoutCache/JGraphMoveSelectionFacade|,|java+class:///com/jgraph/layout/JGraphFacade|> 
<|java+class:///com/jgraph/layout/JGraphLayoutExampleMenuBar|,|java+class:///com/jgraph/example/GraphEdXMenuBar|> 
<|java+class:///com/jgraph/layout/JGraphModelFacade|,|java+class:///com/jgraph/layout/JGraphFacade|> 
<|java+class:///com/jgraph/layout/graph/JGraphAnnealingLayout|,|java+class:///com/jgraph/layout/organic/JGraphOrganicLayout|> 
<|java+class:///com/jgraph/layout/graph/JGraphFRLayout|,|java+class:///com/jgraph/layout/organic/JGraphFastOrganicLayout|> 
<|java+class:///com/jgraph/layout/graph/JGraphISOMLayout|,|java+class:///com/jgraph/layout/organic/JGraphSelfOrganizingOrganicLayout|> 
<|java+class:///com/jgraph/layout/tree/JGraphCompactTreeLayout/CompactTreeNode|,|java+class:///com/jgraph/layout/tree/JGraphAbstractTreeLayout/TreeNode|> 
<|java+class:///com/jgraph/layout/tree/JGraphMoenLayout|,|java+class:///com/jgraph/layout/tree/JGraphCompactTreeLayout|> 
<|java+class:///com/jgraph/layout/tree/JGraphTreeLayout/StandardTreeNode|,|java+class:///com/jgraph/layout/tree/JGraphAbstractTreeLayout/TreeNode|> 
<|java+class:///com/jgraph/layout/tree/OrganizationalChart/OrganizationalTreeNode|,|java+class:///com/jgraph/layout/tree/JGraphTreeLayout/StandardTreeNode|> 
<|java+class:///org/jgraph/JGraph/EmptySelectionModel|,|java+class:///org/jgraph/graph/DefaultGraphSelectionModel|> 
<|java+class:///org/jgraph/example/CompoundVertexView|,|java+class:///org/jgraph/graph/VertexView|> 
<|java+class:///org/jgraph/example/GraphEd/EdStatusBar|,|java+class:///org/jgraph/example/GraphEd/StatusBarGraphListener|> 
<|java+class:///org/jgraph/example/GraphEd/MyEdgeHandle|,|java+class:///org/jgraph/graph/EdgeView/EdgeHandle|> 
<|java+class:///org/jgraph/example/GraphEd/MyGraph|,|java+class:///org/jgraph/JGraph|> 
<|java+class:///org/jgraph/example/IconExample/IconGraph|,|java+class:///org/jgraph/example/GraphEd/MyGraph|> 
<|java+class:///org/jgraph/example/IconExample/InvisiblePortView|,|java+class:///org/jgraph/graph/PortView|> 
<|java+class:///org/jgraph/example/JGraphIconView|,|java+class:///org/jgraph/graph/VertexView|> 
<|java+class:///org/jgraph/example/JGraphIconView/MultiLinedEditor|,|java+class:///org/jgraph/graph/DefaultGraphCellEditor|> 
<|java+class:///org/jgraph/graph/DefaultEdge|,|java+class:///org/jgraph/graph/DefaultGraphCell|> 
<|java+class:///org/jgraph/graph/DefaultPort|,|java+class:///org/jgraph/graph/DefaultGraphCell|> 
<|java+class:///org/jgraph/graph/EdgeView|,|java+class:///org/jgraph/graph/AbstractCellView|> 
<|java+class:///org/jgraph/graph/PortView|,|java+class:///org/jgraph/graph/AbstractCellView|> 
<|java+class:///org/jgraph/graph/VertexView|,|java+class:///org/jgraph/graph/AbstractCellView|> 
<|java+class:///org/jgraph/plaf/basic/BasicGraphUI|,|java+class:///org/jgraph/plaf/GraphUI|> 

GENERIC TOTAL: 3 
<|java+class:///com/jgraph/layout/DataGraphLayoutCache|,|java+class:///org/jgraph/graph/GraphLayoutCache|> 
<|java+class:///org/jgraph/graph/DefaultEdge|,|java+class:///org/jgraph/graph/DefaultGraphCell|> 
<|java+class:///org/jgraph/graph/DefaultPort|,|java+class:///org/jgraph/graph/DefaultGraphCell|> 

CATEGORY TOTAL: 1 
<|java+class:///com/jgraph/components/RichTextExample|,|java+class:///com/jgraph/example/GraphEdX|> 

FRAMEWORK TOTAL: 58 
<|java+class:///com/jgraph/components/labels/MultiLineVertexRenderer|,|java+class:///org/jgraph/graph/VertexRenderer|> 
<|java+class:///com/jgraph/components/labels/RedirectingEditor|,|java+class:///org/jgraph/graph/DefaultGraphCellEditor|> 
<|java+class:///com/jgraph/components/labels/RichTextEditor|,|java+class:///org/jgraph/graph/DefaultGraphCellEditor|> 
<|java+class:///com/jgraph/components/labels/RichTextEditor/ModifiedEditorContainer|,|java+class:///org/jgraph/graph/DefaultGraphCellEditor/EditorContainer|> 
<|java+class:///com/jgraph/components/labels/RichTextGraphModel|,|java+class:///org/jgraph/graph/DefaultGraphModel|> 
<|java+class:///com/jgraph/example/EditorGraph|,|java+class:///org/jgraph/JGraph|> 
<|java+class:///com/jgraph/example/EditorGraph/EditorGraphUI|,|java+class:///org/jgraph/plaf/basic/BasicGraphUI|> 
<|java+class:///com/jgraph/example/GraphEdMV|,|java+class:///org/jgraph/example/GraphEd|> 
<|java+class:///com/jgraph/example/GraphEdX|,|java+class:///org/jgraph/example/GraphEd|> 
<|java+class:///com/jgraph/example/GraphEdX/MyGraphModel|,|java+class:///org/jgraph/graph/DefaultGraphModel|> 
<|java+class:///com/jgraph/example/JGraphGroupRenderer|,|java+class:///org/jgraph/graph/VertexRenderer|> 
<|java+class:///com/jgraph/example/MyPortView/MyPortRenderer|,|java+class:///org/jgraph/graph/PortRenderer|> 
<|java+class:///com/jgraph/example/adapter/JGraphAdapterExample|,|java+class:///org/jgraph/example/GraphEd|> 
<|java+class:///com/jgraph/example/adapter/JGraphAdapterModel|,|java+class:///org/jgraph/graph/DefaultGraphModel|> 
<|java+class:///com/jgraph/example/adapter/JGraphAdapterModel/BusinessModelEdit|,|java+class:///org/jgraph/graph/DefaultGraphModel/GraphModelEdit|> 
<|java+class:///com/jgraph/example/adapter/JGraphSQLEntity|,|java+class:///com/jgraph/example/adapter/JGraphBusinessObject|> 
<|java+class:///com/jgraph/example/fastgraph/FastCircleCell|,|java+class:///org/jgraph/graph/DefaultGraphCell|> 
<|java+class:///com/jgraph/example/fastgraph/FastCircleView/JGraphEllipseRenderer|,|java+class:///org/jgraph/graph/VertexRenderer|> 
<|java+class:///com/jgraph/example/fastgraph/FastGraph|,|java+class:///org/jgraph/example/GraphEd|> 
<|java+class:///com/jgraph/example/fastgraph/FastGraph/MyFastGraph|,|java+class:///org/jgraph/JGraph|> 
<|java+class:///com/jgraph/example/fastgraph/FastGraphFactory/FastFactoryConfigDialog|,|java+class:///com/jgraph/example/JGraphGraphFactory/FactoryConfigDialog|> 
<|java+class:///com/jgraph/example/fastgraph/FastGraphModel|,|java+class:///org/jgraph/graph/DefaultGraphModel|> 
<|java+class:///com/jgraph/example/fastgraph/FastGraphUI|,|java+class:///org/jgraph/plaf/basic/BasicGraphUI|> 
<|java+class:///com/jgraph/example/groupeditor/EditableGroupRenderer|,|java+class:///org/jgraph/graph/VertexRenderer|> 
<|java+class:///com/jgraph/example/mycellmodeleditor/BusinessObjectEditor|,|java+class:///org/jgraph/graph/DefaultGraphCellEditor|> 
<|java+class:///com/jgraph/example/mycellview/GPCellViewFactory|,|java+class:///org/jgraph/graph/DefaultCellViewFactory|> 
<|java+class:///com/jgraph/example/mycellview/JGraphEllipseView/JGraphEllipseRenderer|,|java+class:///org/jgraph/graph/VertexRenderer|> 
<|java+class:///com/jgraph/example/mycellview/JGraphRoundRectView/ActivityRenderer|,|java+class:///org/jgraph/graph/VertexRenderer|> 
<|java+class:///com/jgraph/example/panelexample/BusinessObjectEditor2|,|java+class:///org/jgraph/graph/DefaultGraphCellEditor|> 
<|java+class:///com/jgraph/example/panelexample/PortLabelCell|,|java+class:///org/jgraph/graph/DefaultGraphCell|> 
<|java+class:///com/jgraph/example/panelexample/PortLabelGraph|,|java+class:///org/jgraph/example/GraphEd|> 
<|java+class:///com/jgraph/example/portlabels/PortLabelCell|,|java+class:///org/jgraph/graph/DefaultGraphCell|> 
<|java+class:///com/jgraph/example/portlabels/PortLabelGraph|,|java+class:///org/jgraph/example/GraphEd|> 
<|java+class:///com/jgraph/example/portlabels/PortLabelVertexView/PortLabelVertexRenderer|,|java+class:///org/jgraph/graph/VertexRenderer|> 
<|java+class:///com/jgraph/io/svg/SVGVertexRenderer|,|java+class:///org/jgraph/graph/VertexRenderer|> 
<|java+class:///com/jgraph/layout/DataGraphLayoutCache|,|java+class:///org/jgraph/graph/GraphLayoutCache|> 
<|java+class:///com/jgraph/layout/JGraphExampleLayoutCache|,|java+class:///org/jgraph/graph/GraphLayoutCache|> 
<|java+class:///com/jgraph/layout/JGraphLayoutExampleMenuBar|,|java+class:///com/jgraph/example/GraphEdXMenuBar|> 
<|java+class:///com/jgraph/layout/JGraphWordBrowser|,|java+class:///org/jgraph/graph/DefaultGraphModel|> 
<|java+class:///com/jgraph/layout/JGraphWordBrowser/SynonymRenderer|,|java+class:///org/jgraph/graph/VertexRenderer|> 
<|java+class:///org/jgraph/JGraph/EmptySelectionModel|,|java+class:///org/jgraph/graph/DefaultGraphSelectionModel|> 
<|java+class:///org/jgraph/example/GraphEd/EdStatusBar|,|java+class:///org/jgraph/example/GraphEd/StatusBarGraphListener|> 
<|java+class:///org/jgraph/example/GraphEd/MyEdgeHandle|,|java+class:///org/jgraph/graph/EdgeView/EdgeHandle|> 
<|java+class:///org/jgraph/example/GraphEd/MyGraph|,|java+class:///org/jgraph/JGraph|> 
<|java+class:///org/jgraph/example/GraphEd/MyModel|,|java+class:///org/jgraph/graph/DefaultGraphModel|> 
<|java+class:///org/jgraph/example/IconExample|,|java+class:///org/jgraph/example/GraphEd|> 
<|java+class:///org/jgraph/example/IconExample/CustomCell|,|java+class:///org/jgraph/graph/DefaultGraphCell|> 
<|java+class:///org/jgraph/example/IconExample/InvisiblePortRenderer|,|java+class:///org/jgraph/graph/PortRenderer|> 
<|java+class:///org/jgraph/example/JGraphIconView/MultiLinedEditor|,|java+class:///org/jgraph/graph/DefaultGraphCellEditor|> 
<|java+class:///org/jgraph/example/JGraphIconView/MultiLinedEditor/ModifiedEditorContainer|,|java+class:///org/jgraph/graph/DefaultGraphCellEditor/EditorContainer|> 
<|java+class:///org/jgraph/graph/DefaultEdge|,|java+class:///org/jgraph/graph/DefaultGraphCell|> 
<|java+class:///org/jgraph/graph/DefaultPort|,|java+class:///org/jgraph/graph/DefaultGraphCell|> 
<|java+class:///org/jgraph/graph/EdgeView|,|java+class:///org/jgraph/graph/AbstractCellView|> 
<|java+class:///org/jgraph/graph/GraphTransferable|,|java+class:///org/jgraph/plaf/basic/BasicGraphTransferable|> 
<|java+class:///org/jgraph/graph/PortView|,|java+class:///org/jgraph/graph/AbstractCellView|> 
<|java+class:///org/jgraph/graph/VertexView|,|java+class:///org/jgraph/graph/AbstractCellView|> 
<|java+class:///org/jgraph/plaf/basic/BasicGraphUI|,|java+class:///org/jgraph/plaf/GraphUI|> 
<|java+class:///org/jgraph/plaf/basic/BasicGraphUI/GraphDropTargetListener|,|java+class:///org/jgraph/plaf/basic/BasicGraphDropTargetListener|> 

DOWNCALL TOTAL: 47 
<|java+class:///com/jgraph/components/labels/MultiLineVertexView|,|java+class:///org/jgraph/graph/VertexView|> 
<|java+class:///com/jgraph/components/labels/RedirectingEditor|,|java+class:///org/jgraph/graph/DefaultGraphCellEditor|> 
<|java+class:///com/jgraph/components/labels/RichTextEditor|,|java+class:///org/jgraph/graph/DefaultGraphCellEditor|> 
<|java+class:///com/jgraph/components/labels/RichTextGraphModel|,|java+class:///org/jgraph/graph/DefaultGraphModel|> 
<|java+class:///com/jgraph/example/EditorGraph|,|java+class:///org/jgraph/JGraph|> 
<|java+class:///com/jgraph/example/EditorGraph/EditorGraphUI|,|java+class:///org/jgraph/plaf/basic/BasicGraphUI|> 
<|java+class:///com/jgraph/example/GraphEdMV|,|java+class:///org/jgraph/example/GraphEd|> 
<|java+class:///com/jgraph/example/GraphEdX|,|java+class:///org/jgraph/example/GraphEd|> 
<|java+class:///com/jgraph/example/adapter/JGraphAdapterExample|,|java+class:///org/jgraph/example/GraphEd|> 
<|java+class:///com/jgraph/example/adapter/JGraphAdapterModel|,|java+class:///org/jgraph/graph/DefaultGraphModel|> 
<|java+class:///com/jgraph/example/adapter/JGraphAdapterModel/BusinessModelEdit|,|java+class:///org/jgraph/graph/DefaultGraphModel/GraphModelEdit|> 
<|java+class:///com/jgraph/example/fastgraph/FastEdgeView|,|java+class:///org/jgraph/graph/EdgeView|> 
<|java+class:///com/jgraph/example/fastgraph/FastGraph|,|java+class:///org/jgraph/example/GraphEd|> 
<|java+class:///com/jgraph/example/fastgraph/FastGraph/MyFastGraph|,|java+class:///org/jgraph/JGraph|> 
<|java+class:///com/jgraph/example/fastgraph/FastGraphFactory|,|java+class:///com/jgraph/example/JGraphGraphFactory|> 
<|java+class:///com/jgraph/example/fastgraph/FastGraphUI|,|java+class:///org/jgraph/plaf/basic/BasicGraphUI|> 
<|java+class:///com/jgraph/example/groupeditor/EditableGroupDemo|,|java+class:///com/jgraph/example/GraphEdX|> 
<|java+class:///com/jgraph/example/mycellmodeleditor/BusinessObjectEditor|,|java+class:///org/jgraph/graph/DefaultGraphCellEditor|> 
<|java+class:///com/jgraph/example/mycellview/GPCellViewFactory|,|java+class:///org/jgraph/graph/DefaultCellViewFactory|> 
<|java+class:///com/jgraph/example/mycellview/JGraphRoundRectView|,|java+class:///org/jgraph/graph/VertexView|> 
<|java+class:///com/jgraph/example/panelexample/BusinessObjectEditor2|,|java+class:///org/jgraph/graph/DefaultGraphCellEditor|> 
<|java+class:///com/jgraph/example/panelexample/PortLabelGraph|,|java+class:///org/jgraph/example/GraphEd|> 
<|java+class:///com/jgraph/example/panelexample/PortLabelVertexView|,|java+class:///org/jgraph/graph/VertexView|> 
<|java+class:///com/jgraph/example/portlabels/PortLabelGraph|,|java+class:///org/jgraph/example/GraphEd|> 
<|java+class:///com/jgraph/example/portlabels/PortLabelVertexView|,|java+class:///org/jgraph/graph/VertexView|> 
<|java+class:///com/jgraph/io/svg/SVGVertexRenderer|,|java+class:///org/jgraph/graph/VertexRenderer|> 
<|java+class:///com/jgraph/layout/JGraphExampleLayoutCache|,|java+class:///org/jgraph/graph/GraphLayoutCache|> 
<|java+class:///com/jgraph/layout/JGraphExampleLayoutCache/JGraphMoveSelectionFacade|,|java+class:///com/jgraph/layout/JGraphFacade|> 
<|java+class:///com/jgraph/layout/JGraphLayoutExample|,|java+class:///com/jgraph/example/GraphEdX|> 
<|java+class:///com/jgraph/layout/JGraphModelFacade|,|java+class:///com/jgraph/layout/JGraphFacade|> 
<|java+class:///com/jgraph/layout/JGraphWordBrowser/SynonymRenderer|,|java+class:///org/jgraph/graph/VertexRenderer|> 
<|java+class:///com/jgraph/layout/hierarchical/model/JGraphHierarchyEdge|,|java+class:///com/jgraph/layout/hierarchical/model/JGraphAbstractHierarchyCell|> 
<|java+class:///com/jgraph/layout/hierarchical/model/JGraphHierarchyNode|,|java+class:///com/jgraph/layout/hierarchical/model/JGraphAbstractHierarchyCell|> 
<|java+class:///com/jgraph/navigation/NavigationExample|,|java+class:///com/jgraph/example/GraphEdX|> 
<|java+class:///org/jgraph/JGraph/EmptySelectionModel|,|java+class:///org/jgraph/graph/DefaultGraphSelectionModel|> 
<|java+class:///org/jgraph/example/GraphEd/EdStatusBar|,|java+class:///org/jgraph/example/GraphEd/StatusBarGraphListener|> 
<|java+class:///org/jgraph/example/GraphEd/MyEdgeHandle|,|java+class:///org/jgraph/graph/EdgeView/EdgeHandle|> 
<|java+class:///org/jgraph/example/IconExample|,|java+class:///org/jgraph/example/GraphEd|> 
<|java+class:///org/jgraph/example/JGraphIconView|,|java+class:///org/jgraph/graph/VertexView|> 
<|java+class:///org/jgraph/example/JGraphIconView/MultiLinedEditor|,|java+class:///org/jgraph/graph/DefaultGraphCellEditor|> 
<|java+class:///org/jgraph/graph/DefaultEdge/DefaultRouting|,|java+class:///org/jgraph/graph/DefaultEdge/LoopRouting|> 
<|java+class:///org/jgraph/graph/EdgeView|,|java+class:///org/jgraph/graph/AbstractCellView|> 
<|java+class:///org/jgraph/graph/GraphTransferable|,|java+class:///org/jgraph/plaf/basic/BasicGraphTransferable|> 
<|java+class:///org/jgraph/graph/PortView|,|java+class:///org/jgraph/graph/AbstractCellView|> 
<|java+class:///org/jgraph/graph/VertexView|,|java+class:///org/jgraph/graph/AbstractCellView|> 
<|java+class:///org/jgraph/plaf/basic/BasicGraphUI/GraphDropTargetListener|,|java+class:///org/jgraph/plaf/basic/BasicGraphDropTargetListener|> 
<|java+class:///org/jgraph/util/ParallelEdgeRouter|,|java+class:///org/jgraph/graph/DefaultEdge/LoopRouting|> 




INTERNAL REUSE TOTAL: 0 

EXTERNAL REUSE TOTAL: 0 

SUBTYPE TOTAL: 58 
<|java+class:///com/jgraph/algebra/cost/JGraphDistanceCostFunction|,|java+interface:///com/jgraph/algebra/cost/JGraphCostFunction|> 
<|java+class:///com/jgraph/components/labels/RedirectingEditor/RealCellEditor|,|java+interface:///org/jgraph/graph/GraphCellEditor|> 
<|java+class:///com/jgraph/components/labels/RichTextEditor/RealCellEditor|,|java+interface:///org/jgraph/graph/GraphCellEditor|> 
<|java+class:///com/jgraph/example/GraphEdMV|,|java+interface:///org/jgraph/event/GraphSelectionListener|> 
<|java+class:///com/jgraph/example/GraphSelectionDemo|,|java+interface:///org/jgraph/event/GraphModelListener|> 
<|java+class:///com/jgraph/example/GraphSelectionDemo/SyncGraphSelectionListener|,|java+interface:///org/jgraph/event/GraphSelectionListener|> 
<|java+class:///com/jgraph/example/GraphTreeModel|,|java+interface:///org/jgraph/event/GraphModelListener|> 
<|java+class:///com/jgraph/example/adapter/JGraphSQLBackend|,|java+interface:///com/jgraph/example/adapter/JGraphAdapterBackend|> 
<|java+class:///com/jgraph/example/fastgraph/FastCellViewFactory|,|java+interface:///org/jgraph/graph/CellViewFactory|> 
<|java+class:///com/jgraph/example/mycellmodeleditor/BusinessObjectEditor/RealCellEditor|,|java+interface:///org/jgraph/graph/GraphCellEditor|> 
<|java+class:///com/jgraph/example/panelexample/BusinessObjectEditor2/RealCellEditor|,|java+interface:///org/jgraph/graph/GraphCellEditor|> 
<|java+class:///com/jgraph/example/panelexample/PortLabelVertexView/WrapperPortLabelRenderer|,|java+interface:///org/jgraph/graph/CellViewRenderer|> 
<|java+class:///com/jgraph/example/portlabels/PortLabelVertexView/WrapperPortLabelRenderer|,|java+interface:///org/jgraph/graph/CellViewRenderer|> 
<|java+class:///com/jgraph/layout/DataGraphLayoutCache|,|java+interface:///org/jgraph/event/GraphModelListener|> 
<|java+class:///com/jgraph/layout/graph/JGraphSimpleLayout|,|java+interface:///com/jgraph/layout/JGraphLayout|> 
<|java+class:///com/jgraph/layout/hierarchical/JGraphCoordinateAssignment|,|java+interface:///com/jgraph/layout/hierarchical/JGraphHierarchicalLayoutStep|> 
<|java+class:///com/jgraph/layout/hierarchical/JGraphHierarchicalLayout|,|java+interface:///com/jgraph/layout/JGraphLayout|> 
<|java+class:///com/jgraph/layout/hierarchical/JGraphHierarchicalLayout|,|java+interface:///com/jgraph/layout/JGraphLayout/Stoppable|> 
<|java+class:///com/jgraph/layout/hierarchical/JGraphLongestPathLayering|,|java+interface:///com/jgraph/layout/hierarchical/JGraphHierarchicalLayoutStep|> 
<|java+class:///com/jgraph/layout/hierarchical/JGraphMedianHybridCrossingReduction|,|java+interface:///com/jgraph/layout/hierarchical/JGraphHierarchicalLayoutStep|> 
<|java+class:///com/jgraph/layout/hierarchical/JGraphMinimumCycleRemover|,|java+interface:///com/jgraph/layout/hierarchical/JGraphHierarchicalLayoutStep|> 
<|java+class:///com/jgraph/layout/organic/JGraphFastOrganicLayout|,|java+interface:///com/jgraph/layout/JGraphLayout|> 
<|java+class:///com/jgraph/layout/organic/JGraphFastOrganicLayout|,|java+interface:///com/jgraph/layout/JGraphLayout/Stoppable|> 
<|java+class:///com/jgraph/layout/organic/JGraphOrganicLayout|,|java+interface:///com/jgraph/layout/JGraphLayout|> 
<|java+class:///com/jgraph/layout/organic/JGraphSelfOrganizingOrganicLayout|,|java+interface:///com/jgraph/layout/JGraphLayout|> 
<|java+class:///com/jgraph/layout/tree/JGraphAbstractTreeLayout|,|java+interface:///com/jgraph/layout/JGraphLayout|> 
<|java+class:///com/jgraph/layout/tree/JGraphRadialTreeLayout|,|java+interface:///com/jgraph/layout/JGraphLayout|> 
<|java+class:///com/jgraph/navigation/GraphNavigator|,|java+interface:///org/jgraph/event/GraphLayoutCacheListener|> 
<|java+class:///com/jgraph/navigation/GraphNavigator|,|java+interface:///org/jgraph/event/GraphModelListener|> 
<|java+class:///org/jgraph/JGraph/GraphSelectionRedirector|,|java+interface:///org/jgraph/event/GraphSelectionListener|> 
<|java+class:///org/jgraph/example/GraphEd|,|java+interface:///org/jgraph/event/GraphSelectionListener|> 
<|java+class:///org/jgraph/example/GraphEd/StatusBarGraphListener|,|java+interface:///org/jgraph/event/GraphModelListener|> 
<|java+class:///org/jgraph/example/JGraphIconView/IconRenderer|,|java+interface:///org/jgraph/graph/CellViewRenderer|> 
<|java+class:///org/jgraph/example/JGraphIconView/MultiLinedEditor/RealCellEditor|,|java+interface:///org/jgraph/graph/GraphCellEditor|> 
<|java+class:///org/jgraph/graph/AbstractCellView|,|java+interface:///org/jgraph/graph/CellView|> 
<|java+class:///org/jgraph/graph/DefaultCellViewFactory|,|java+interface:///org/jgraph/graph/CellViewFactory|> 
<|java+class:///org/jgraph/graph/DefaultEdge|,|java+interface:///org/jgraph/graph/Edge|> 
<|java+class:///org/jgraph/graph/DefaultEdge/LoopRouting|,|java+interface:///org/jgraph/graph/Edge/Routing|> 
<|java+class:///org/jgraph/graph/DefaultGraphCellEditor|,|java+interface:///org/jgraph/event/GraphSelectionListener|> 
<|java+class:///org/jgraph/graph/DefaultGraphCellEditor|,|java+interface:///org/jgraph/graph/GraphCellEditor|> 
<|java+class:///org/jgraph/graph/DefaultGraphModel|,|java+interface:///org/jgraph/graph/GraphModel|> 
<|java+class:///org/jgraph/graph/DefaultGraphModel/GraphModelEdit|,|java+interface:///org/jgraph/event/GraphModelEvent/GraphModelChange|> 
<|java+class:///org/jgraph/graph/DefaultGraphModel/GraphModelLayerEdit|,|java+interface:///org/jgraph/event/GraphModelEvent/GraphModelChange|> 
<|java+class:///org/jgraph/graph/DefaultGraphSelectionModel|,|java+interface:///org/jgraph/graph/GraphSelectionModel|> 
<|java+class:///org/jgraph/graph/DefaultPort|,|java+interface:///org/jgraph/graph/Port|> 
<|java+class:///org/jgraph/graph/DefaultRealEditor|,|java+interface:///org/jgraph/graph/GraphCellEditor|> 
<|java+class:///org/jgraph/graph/EdgeRenderer|,|java+interface:///org/jgraph/graph/CellViewRenderer|> 
<|java+class:///org/jgraph/graph/EdgeView/EdgeHandle|,|java+interface:///org/jgraph/graph/CellHandle|> 
<|java+class:///org/jgraph/graph/GraphContext|,|java+interface:///org/jgraph/graph/CellMapper|> 
<|java+class:///org/jgraph/graph/GraphLayoutCache|,|java+interface:///org/jgraph/graph/CellMapper|> 
<|java+class:///org/jgraph/graph/GraphLayoutCache/GraphLayoutCacheEdit|,|java+interface:///org/jgraph/event/GraphLayoutCacheEvent/GraphLayoutCacheChange|> 
<|java+class:///org/jgraph/graph/PortRenderer|,|java+interface:///org/jgraph/graph/CellViewRenderer|> 
<|java+class:///org/jgraph/graph/VertexRenderer|,|java+interface:///org/jgraph/graph/CellViewRenderer|> 
<|java+class:///org/jgraph/graph/VertexView/SizeHandle|,|java+interface:///org/jgraph/graph/CellHandle|> 
<|java+class:///org/jgraph/plaf/basic/BasicGraphUI/GraphLayoutCacheHandler|,|java+interface:///org/jgraph/event/GraphLayoutCacheListener|> 
<|java+class:///org/jgraph/plaf/basic/BasicGraphUI/GraphModelHandler|,|java+interface:///org/jgraph/event/GraphModelListener|> 
<|java+class:///org/jgraph/plaf/basic/BasicGraphUI/GraphSelectionHandler|,|java+interface:///org/jgraph/event/GraphSelectionListener|> 
<|java+class:///org/jgraph/plaf/basic/BasicGraphUI/RootHandle|,|java+interface:///org/jgraph/graph/CellHandle|> 

DOWNCALL ACTUAL TOTAL: 0 

DOWNCALL CANDIDATE TOTAL: 0 

CONSTANT TOTAL: 0 

MARKER TOTAL: 0 

SUPER TOTAL: 0 

GENERIC TOTAL: 11 
<|java+class:///com/jgraph/example/GraphTreeModel|,|java+interface:///org/jgraph/event/GraphModelListener|> 
<|java+class:///com/jgraph/example/panelexample/BusinessObjectEditor2/RealCellEditor|,|java+interface:///org/jgraph/graph/GraphCellEditor|> 
<|java+class:///com/jgraph/layout/graph/JGraphSpringLayout|,|java+interface:///com/jgraph/layout/JGraphLayout|> 
<|java+class:///org/jgraph/graph/AbstractCellView|,|java+interface:///org/jgraph/graph/CellView|> 
<|java+class:///org/jgraph/graph/DefaultEdge|,|java+interface:///org/jgraph/graph/Edge|> 
<|java+class:///org/jgraph/graph/DefaultGraphCell|,|java+interface:///org/jgraph/graph/GraphCell|> 
<|java+class:///org/jgraph/graph/DefaultGraphCellEditor|,|java+interface:///org/jgraph/event/GraphSelectionListener|> 
<|java+class:///org/jgraph/graph/DefaultGraphModel|,|java+interface:///org/jgraph/graph/GraphModel|> 
<|java+class:///org/jgraph/graph/DefaultGraphSelectionModel|,|java+interface:///org/jgraph/graph/GraphSelectionModel|> 
<|java+class:///org/jgraph/graph/DefaultPort|,|java+interface:///org/jgraph/graph/Port|> 
<|java+class:///org/jgraph/plaf/basic/BasicGraphUI/GraphLayoutCacheHandler|,|java+interface:///org/jgraph/event/GraphLayoutCacheListener|> 

CATEGORY TOTAL: 10 
<|java+class:///com/jgraph/algebra/cost/JGraphConstantCostFunction|,|java+interface:///com/jgraph/algebra/cost/JGraphCostFunction|> 
<|java+class:///com/jgraph/layout/JGraphCompoundLayout|,|java+interface:///com/jgraph/layout/JGraphLayout|> 
<|java+class:///com/jgraph/layout/graph/JGraphSpringLayout|,|java+interface:///com/jgraph/layout/JGraphLayout/Stoppable|> 
<|java+class:///com/jgraph/layout/hierarchical/JGraphGreedyCycleRemover|,|java+interface:///com/jgraph/layout/hierarchical/JGraphHierarchicalLayoutStep|> 
<|java+class:///com/jgraph/layout/hierarchical/JGraphMedianHybridCrossingReduction|,|java+interface:///com/jgraph/layout/JGraphLayout/Stoppable|> 
<|java+class:///com/jgraph/layout/hierarchical/JGraphNetworkSimplexLayering|,|java+interface:///com/jgraph/layout/hierarchical/JGraphHierarchicalLayoutStep|> 
<|java+class:///com/jgraph/layout/organic/JGraphFastOrganicLayout|,|java+interface:///com/jgraph/layout/JGraphLayout/Stoppable|> 
<|java+class:///com/jgraph/layout/organic/JGraphOrganicLayout|,|java+interface:///com/jgraph/layout/JGraphLayout/Stoppable|> 
<|java+class:///com/jgraph/layout/simple/SimpleGridLayout|,|java+interface:///com/jgraph/layout/JGraphLayout|> 
<|java+class:///com/jgraph/layout/tree/JGraphAbstractTreeLayout|,|java+interface:///com/jgraph/layout/JGraphLayout|> 

FRAMEWORK TOTAL: 22 
<|java+class:///com/jgraph/components/labels/RedirectingEditor/RealCellEditor|,|java+interface:///org/jgraph/graph/GraphCellEditor|> 
<|java+class:///com/jgraph/components/labels/RichTextEditor/RealCellEditor|,|java+interface:///org/jgraph/graph/GraphCellEditor|> 
<|java+class:///com/jgraph/example/GraphEdMV|,|java+interface:///org/jgraph/event/GraphSelectionListener|> 
<|java+class:///com/jgraph/example/GraphSelectionDemo|,|java+interface:///org/jgraph/event/GraphModelListener|> 
<|java+class:///com/jgraph/example/GraphSelectionDemo/SyncGraphSelectionListener|,|java+interface:///org/jgraph/event/GraphSelectionListener|> 
<|java+class:///com/jgraph/example/GraphTreeModel|,|java+interface:///org/jgraph/event/GraphModelListener|> 
<|java+class:///com/jgraph/example/mycellmodeleditor/BusinessObjectEditor/RealCellEditor|,|java+interface:///org/jgraph/graph/GraphCellEditor|> 
<|java+class:///com/jgraph/example/panelexample/BusinessObjectEditor2/RealCellEditor|,|java+interface:///org/jgraph/graph/GraphCellEditor|> 
<|java+class:///com/jgraph/layout/DataGraphLayoutCache|,|java+interface:///org/jgraph/event/GraphModelListener|> 
<|java+class:///com/jgraph/navigation/GraphNavigator|,|java+interface:///org/jgraph/event/GraphLayoutCacheListener|> 
<|java+class:///com/jgraph/navigation/GraphNavigator|,|java+interface:///org/jgraph/event/GraphModelListener|> 
<|java+class:///org/jgraph/JGraph/GraphSelectionRedirector|,|java+interface:///org/jgraph/event/GraphSelectionListener|> 
<|java+class:///org/jgraph/example/GraphEd|,|java+interface:///org/jgraph/event/GraphSelectionListener|> 
<|java+class:///org/jgraph/example/GraphEd/StatusBarGraphListener|,|java+interface:///org/jgraph/event/GraphModelListener|> 
<|java+class:///org/jgraph/example/JGraphIconView/MultiLinedEditor/RealCellEditor|,|java+interface:///org/jgraph/graph/GraphCellEditor|> 
<|java+class:///org/jgraph/graph/DefaultEdge/LoopRouting|,|java+interface:///org/jgraph/graph/Edge/Routing|> 
<|java+class:///org/jgraph/graph/DefaultGraphCellEditor|,|java+interface:///org/jgraph/event/GraphSelectionListener|> 
<|java+class:///org/jgraph/graph/DefaultGraphCellEditor|,|java+interface:///org/jgraph/graph/GraphCellEditor|> 
<|java+class:///org/jgraph/graph/DefaultRealEditor|,|java+interface:///org/jgraph/graph/GraphCellEditor|> 
<|java+class:///org/jgraph/plaf/basic/BasicGraphUI/GraphLayoutCacheHandler|,|java+interface:///org/jgraph/event/GraphLayoutCacheListener|> 
<|java+class:///org/jgraph/plaf/basic/BasicGraphUI/GraphModelHandler|,|java+interface:///org/jgraph/event/GraphModelListener|> 
<|java+class:///org/jgraph/plaf/basic/BasicGraphUI/GraphSelectionHandler|,|java+interface:///org/jgraph/event/GraphSelectionListener|> 

DOWNCALL TOTAL: 0 




INTERNAL REUSE TOTAL: 0 

EXTERNAL REUSE TOTAL: 1 
<|java+interface:///org/jgraph/event/GraphModelEvent/GraphModelChange|,|java+interface:///org/jgraph/event/GraphLayoutCacheEvent/GraphLayoutCacheChange|> 

SUBTYPE TOTAL: 3 
<|java+interface:///org/jgraph/event/GraphModelEvent/GraphModelChange|,|java+interface:///org/jgraph/event/GraphLayoutCacheEvent/GraphLayoutCacheChange|> 
<|java+interface:///org/jgraph/graph/Edge|,|java+interface:///org/jgraph/graph/GraphCell|> 
<|java+interface:///org/jgraph/graph/Port|,|java+interface:///org/jgraph/graph/GraphCell|> 

DOWNCALL ACTUAL TOTAL: 0 

DOWNCALL CANDIDATE TOTAL: 0 

CONSTANT TOTAL: 0 

MARKER TOTAL: 0 

SUPER TOTAL: 0 

GENERIC TOTAL: 0 

CATEGORY TOTAL: 0 

FRAMEWORK TOTAL: 0 

DOWNCALL TOTAL: 0 




