{
  <<|java+class:///cern/colt/list/LongArrayList|,|java+class:///cern/colt/list/AbstractLongList|>,2,|java+class:///java/lang/Object|>,
  <<|java+class:///cern/colt/matrix/impl/DenseObjectMatrix1D|,|java+class:///cern/colt/matrix/ObjectMatrix1D|>,2,|java+class:///cern/colt/matrix/impl/AbstractMatrix1D|>,
  <<|java+class:///cern/colt/list/CharArrayList|,|java+class:///cern/colt/list/AbstractCharList|>,2,|java+class:///java/lang/Object|>,
  <<|java+class:///cern/colt/bitvector/BitVector|,|java+class:///cern/colt/PersistentObject|>,2,|java+class:///java/lang/Object|>,
  <<|java+class:///cern/colt/list/AbstractCollection|,|java+class:///cern/colt/PersistentObject|>,2,|java+class:///java/lang/Object|>,
  <<|java+class:///cern/colt/list/AbstractIntList|,|java+class:///cern/colt/list/AbstractList|>,2,|java+class:///java/lang/Object|>,
  <<|java+class:///cern/colt/list/AbstractList|,|java+class:///cern/colt/list/AbstractCollection|>,2,|java+class:///java/lang/Object|>,
  <<|java+class:///cern/colt/matrix/doublealgo/Formatter|,|java+class:///cern/colt/matrix/impl/AbstractFormatter|>,2,|java+class:///java/lang/Object|>,
  <<|java+class:///hep/aida/bin/MightyStaticBin1D|,|java+class:///hep/aida/bin/StaticBin1D|>,2,|java+class:///hep/aida/bin/AbstractBin1D|>,
  <<|java+class:///cern/colt/list/AbstractLongList|,|java+class:///cern/colt/list/AbstractList|>,2,|java+class:///java/lang/Object|>,
  <<|java+class:///cern/jet/stat/quantile/UnknownDoubleQuantileEstimator|,|java+class:///cern/jet/stat/quantile/DoubleQuantileEstimator|>,2,|java+interface:///cern/jet/stat/quantile/DoubleQuantileFinder|>,
  <<|java+class:///cern/colt/matrix/DoubleMatrix1D|,|java+class:///cern/colt/matrix/impl/AbstractMatrix1D|>,2,|java+class:///cern/colt/matrix/impl/AbstractMatrix1D|>,
  <<|java+class:///cern/colt/matrix/DoubleMatrix2D|,|java+class:///cern/colt/matrix/impl/AbstractMatrix2D|>,2,|java+class:///cern/colt/matrix/impl/AbstractMatrix2D|>,
  <<|java+class:///cern/colt/matrix/impl/RCDoubleMatrix2D|,|java+class:///cern/colt/matrix/impl/WrapperDoubleMatrix2D|>,2,|java+class:///cern/colt/matrix/impl/AbstractMatrix2D|>,
  <<|java+class:///cern/colt/bitvector/BitMatrix|,|java+class:///cern/colt/PersistentObject|>,2,|java+class:///java/lang/Object|>,
  <<|java+class:///cern/jet/random/AbstractContinousDistribution|,|java+class:///cern/jet/random/AbstractDistribution|>,2,|java+class:///cern/jet/random/AbstractDistribution|>,
  <<|java+class:///cern/colt/matrix/impl/SelectedSparseDoubleMatrix3D|,|java+class:///cern/colt/matrix/DoubleMatrix3D|>,2,|java+class:///cern/colt/matrix/impl/AbstractMatrix3D|>,
  <<|java+class:///cern/colt/matrix/impl/AbstractMatrix|,|java+class:///cern/colt/PersistentObject|>,2,|java+class:///EDU/oswego/cs/dl/util/concurrent/FJTask|>,
  <<|java+class:///cern/jet/stat/quantile/BufferSet|,|java+class:///cern/colt/PersistentObject|>,2,|java+class:///java/lang/Object|>,
  <<|java+class:///cern/colt/matrix/impl/AbstractMatrix2D|,|java+class:///cern/colt/matrix/impl/AbstractMatrix|>,2,|java+class:///EDU/oswego/cs/dl/util/concurrent/FJTask|>,
  <<|java+class:///cern/jet/random/Gamma|,|java+class:///cern/jet/random/AbstractContinousDistribution|>,2,|java+class:///java/lang/Object|>,
  <<|java+class:///cern/jet/random/Poisson|,|java+class:///cern/jet/random/AbstractDiscreteDistribution|>,2,|java+class:///java/lang/Object|>,
  <<|java+class:///hep/aida/bin/StaticBin1D|,|java+class:///hep/aida/bin/AbstractBin1D|>,2,|java+class:///hep/aida/bin/AbstractBin1D|>,
  <<|java+class:///cern/jet/random/engine/MersenneTwister|,|java+class:///cern/jet/random/engine/RandomEngine|>,2,|java+interface:///cern/colt/function/IntFunction|>,
  <<|java+class:///cern/colt/matrix/DoubleMatrix3D|,|java+class:///cern/colt/matrix/impl/AbstractMatrix3D|>,2,|java+class:///java/lang/Object|>,
  <<|java+class:///cern/jet/random/engine/MersenneTwister|,|java+class:///cern/jet/random/engine/RandomEngine|>,2,|java+class:///java/lang/Object|>,
  <<|java+class:///cern/colt/map/AbstractIntObjectMap|,|java+class:///cern/colt/map/AbstractMap|>,2,|java+class:///java/lang/Object|>,
  <<|java+class:///cern/colt/matrix/impl/TridiagonalDoubleMatrix2D|,|java+class:///cern/colt/matrix/impl/WrapperDoubleMatrix2D|>,2,|java+class:///cern/colt/matrix/impl/AbstractMatrix2D|>,
  <<|java+class:///cern/jet/stat/quantile/DoubleBufferSet|,|java+class:///cern/jet/stat/quantile/BufferSet|>,2,|java+class:///java/lang/Object|>,
  <<|java+class:///cern/colt/PersistentObject|,|java+class:///java/lang/Object|>,2,|java+class:///java/lang/Object|>,
  <<|java+class:///cern/colt/list/ShortArrayList|,|java+class:///cern/colt/list/AbstractShortList|>,2,|java+class:///java/lang/Object|>,
  <<|java+class:///cern/jet/random/AbstractDiscreteDistribution|,|java+class:///cern/jet/random/AbstractDistribution|>,2,|java+class:///java/lang/Object|>,
  <<|java+class:///cern/jet/random/sampling/RandomSampler|,|java+class:///cern/colt/PersistentObject|>,2,|java+class:///java/lang/Object|>,
  <<|java+class:///hep/aida/bin/AbstractBin1D|,|java+class:///hep/aida/bin/AbstractBin|>,2,|java+class:///java/lang/Object|>,
  <<|java+class:///cern/jet/random/EmpiricalWalker|,|java+class:///cern/jet/random/AbstractDiscreteDistribution|>,2,|java+class:///java/lang/Object|>,
  <<|java+class:///cern/colt/map/OpenLongObjectHashMap|,|java+class:///cern/colt/map/AbstractLongObjectMap|>,2,|java+class:///java/lang/Object|>,
  <<|java+class:///cern/jet/random/BreitWigner|,|java+class:///cern/jet/random/AbstractContinousDistribution|>,2,|java+class:///java/lang/Object|>,
  <<|java+class:///cern/jet/random/NegativeBinomial|,|java+class:///cern/jet/random/AbstractDiscreteDistribution|>,2,|java+class:///java/lang/Object|>,
  <<|java+class:///cern/colt/matrix/impl/SelectedDenseObjectMatrix3D|,|java+class:///cern/colt/matrix/ObjectMatrix3D|>,2,|java+class:///cern/colt/matrix/impl/AbstractMatrix3D|>,
  <<|java+class:///cern/colt/matrix/impl/DenseObjectMatrix3D|,|java+class:///cern/colt/matrix/ObjectMatrix3D|>,2,|java+class:///cern/colt/matrix/impl/AbstractMatrix3D|>,
  <<|java+class:///cern/jet/random/sampling/RandomSamplingAssistant|,|java+class:///cern/colt/PersistentObject|>,2,|java+class:///java/lang/Object|>,
  <<|java+class:///cern/jet/random/engine/MersenneTwister|,|java+class:///cern/jet/random/engine/RandomEngine|>,2,|java+class:///cern/jet/random/engine/RandomEngine|>,
  <<|java+class:///hep/aida/bin/MightyStaticBin1D|,|java+class:///hep/aida/bin/StaticBin1D|>,2,|java+class:///java/lang/Object|>,
  <<|java+interface:///cern/jet/stat/quantile/DoubleQuantileFinder|,|java+interface:///java/io/Serializable|>,2,|java+class:///java/lang/Object|>,
  <<|java+class:///cern/colt/map/OpenIntObjectHashMap|,|java+class:///cern/colt/map/AbstractIntObjectMap|>,2,|java+class:///java/lang/Object|>,
  <<|java+class:///cern/colt/matrix/impl/SelectedSparseDoubleMatrix2D|,|java+class:///cern/colt/matrix/DoubleMatrix2D|>,2,|java+class:///cern/colt/matrix/impl/AbstractMatrix2D|>,
  <<|java+class:///cern/jet/random/engine/RandomEngine|,|java+interface:///cern/colt/function/IntFunction|>,2,|java+interface:///cern/colt/function/IntFunction|>,
  <<|java+class:///cern/jet/random/Uniform|,|java+class:///cern/jet/random/AbstractContinousDistribution|>,2,|java+class:///java/lang/Object|>,
  <<|java+class:///cern/colt/matrix/ObjectMatrix3D|,|java+class:///cern/colt/matrix/impl/AbstractMatrix3D|>,2,|java+class:///cern/colt/matrix/impl/AbstractMatrix3D|>,
  <<|java+class:///cern/colt/matrix/impl/RCMDoubleMatrix2D|,|java+class:///cern/colt/matrix/impl/WrapperDoubleMatrix2D|>,2,|java+class:///cern/colt/matrix/impl/AbstractMatrix2D|>,
  <<|java+class:///hep/aida/bin/AbstractBin|,|java+class:///cern/colt/PersistentObject|>,2,|java+class:///java/lang/Object|>,
  <<|java+class:///cern/jet/random/engine/RandomEngine|,|java+class:///cern/colt/PersistentObject|>,2,|java+class:///java/lang/Object|>,
  <<|java+class:///cern/colt/map/OpenIntDoubleHashMap|,|java+class:///cern/colt/map/AbstractIntDoubleMap|>,2,|java+class:///java/lang/Object|>,
  <<|java+class:///cern/colt/list/IntArrayList|,|java+class:///cern/colt/list/AbstractIntList|>,2,|java+class:///java/lang/Object|>,
  <<|java+class:///cern/jet/stat/quantile/KnownDoubleQuantileEstimator|,|java+class:///cern/jet/stat/quantile/DoubleQuantileEstimator|>,2,|java+interface:///cern/jet/stat/quantile/DoubleQuantileFinder|>,
  <<|java+class:///cern/colt/matrix/DoubleMatrix2D|,|java+class:///cern/colt/matrix/impl/AbstractMatrix2D|>,2,|java+class:///|>,
  <<|java+class:///cern/jet/random/BreitWignerMeanSquare|,|java+class:///cern/jet/random/BreitWigner|>,2,|java+class:///java/lang/Object|>,
  <<|java+class:///cern/colt/matrix/ObjectMatrix2D|,|java+class:///cern/colt/matrix/impl/AbstractMatrix2D|>,2,|java+class:///java/lang/Object|>,
  <<|java+class:///cern/colt/matrix/impl/AbstractMatrix|,|java+class:///cern/colt/PersistentObject|>,2,|java+class:///java/lang/Object|>,
  <<|java+class:///cern/colt/matrix/ObjectMatrix1D|,|java+class:///cern/colt/matrix/impl/AbstractMatrix1D|>,2,|java+class:///java/lang/Object|>,
  <<|java+class:///cern/colt/matrix/impl/SparseDoubleMatrix2D|,|java+class:///cern/colt/matrix/DoubleMatrix2D|>,2,|java+class:///cern/colt/matrix/impl/AbstractMatrix2D|>,
  <<|java+class:///cern/colt/matrix/impl/AbstractMatrix2D|,|java+class:///cern/colt/matrix/impl/AbstractMatrix|>,2,|java+class:///java/lang/Object|>,
  <<|java+class:///cern/colt/matrix/impl/SelectedSparseObjectMatrix2D|,|java+class:///cern/colt/matrix/ObjectMatrix2D|>,2,|java+class:///cern/colt/matrix/impl/AbstractMatrix2D|>,
  <<|java+class:///cern/colt/map/AbstractLongObjectMap|,|java+class:///cern/colt/map/AbstractMap|>,2,|java+class:///java/lang/Object|>,
  <<|java+class:///cern/colt/list/DoubleArrayList|,|java+class:///cern/colt/list/AbstractDoubleList|>,2,|java+class:///java/lang/Object|>,
  <<|java+class:///cern/colt/matrix/impl/AbstractMatrix1D|,|java+class:///cern/colt/matrix/impl/AbstractMatrix|>,2,|java+class:///java/lang/Object|>,
  <<|java+class:///cern/colt/list/ObjectArrayList|,|java+class:///cern/colt/list/AbstractList|>,2,|java+class:///java/lang/Object|>,
  <<|java+class:///cern/colt/matrix/impl/WrapperDoubleMatrix2D|,|java+class:///cern/colt/matrix/DoubleMatrix2D|>,2,|java+class:///cern/colt/matrix/impl/AbstractMatrix2D|>,
  <<|java+class:///cern/colt/list/AbstractShortList|,|java+class:///cern/colt/list/AbstractList|>,2,|java+class:///java/lang/Object|>,
  <<|java+class:///cern/colt/matrix/impl/DenseDoubleMatrix2D|,|java+class:///cern/colt/matrix/DoubleMatrix2D|>,2,|java+class:///java/lang/Object|>,
  <<|java+class:///cern/colt/list/AbstractByteList|,|java+class:///cern/colt/list/AbstractList|>,2,|java+class:///java/lang/Object|>,
  <<|java+class:///hep/aida/bin/StaticBin1D|,|java+class:///hep/aida/bin/AbstractBin1D|>,2,|java+class:///java/lang/Object|>,
  <<|java+class:///cern/colt/list/AbstractFloatList|,|java+class:///cern/colt/list/AbstractList|>,2,|java+class:///java/lang/Object|>,
  <<|java+class:///cern/jet/random/sampling/WeightedRandomSampler|,|java+class:///cern/colt/PersistentObject|>,2,|java+class:///java/lang/Object|>,
  <<|java+class:///cern/jet/random/AbstractDistribution|,|java+class:///cern/colt/PersistentObject|>,2,|java+class:///java/lang/Object|>,
  <<|java+class:///cern/colt/PersistentObject|,|java+class:///java/lang/Object|>,2,|java+class:///EDU/oswego/cs/dl/util/concurrent/FJTask|>,
  <<|java+class:///cern/colt/matrix/impl/AbstractMatrix3D|,|java+class:///cern/colt/matrix/impl/AbstractMatrix|>,2,|java+class:///java/lang/Object|>,
  <<|java+class:///cern/colt/matrix/linalg/Algebra|,|java+class:///cern/colt/PersistentObject|>,2,|java+class:///java/lang/Object|>,
  <<|java+class:///cern/jet/random/Poisson|,|java+class:///cern/jet/random/AbstractDiscreteDistribution|>,2,|java+class:///cern/jet/random/AbstractDistribution|>,
  <<|java+class:///cern/jet/random/Gamma|,|java+class:///cern/jet/random/AbstractContinousDistribution|>,2,|java+class:///cern/jet/random/AbstractDistribution|>,
  <<|java+class:///cern/colt/matrix/impl/WrapperDoubleMatrix1D|,|java+class:///cern/colt/matrix/DoubleMatrix1D|>,2,|java+class:///cern/colt/matrix/DoubleMatrix1D|>,
  <<|java+class:///cern/jet/stat/quantile/ExactDoubleQuantileFinder|,|java+class:///cern/colt/PersistentObject|>,2,|java+class:///java/lang/Object|>,
  <<|java+class:///hep/aida/bin/QuantileBin1D|,|java+class:///hep/aida/bin/MightyStaticBin1D|>,2,|java+class:///hep/aida/bin/AbstractBin1D|>,
  <<|java+class:///cern/colt/matrix/impl/SelectedDenseObjectMatrix2D|,|java+class:///cern/colt/matrix/ObjectMatrix2D|>,2,|java+class:///cern/colt/matrix/impl/AbstractMatrix2D|>,
  <<|java+class:///hep/aida/bin/DynamicBin1D|,|java+class:///hep/aida/bin/QuantileBin1D|>,2,|java+class:///java/lang/Object|>,
  <<|java+class:///cern/jet/random/engine/RandomSeedGenerator|,|java+class:///cern/colt/PersistentObject|>,2,|java+class:///java/lang/Object|>,
  <<|java+class:///cern/colt/matrix/impl/AbstractMatrix2D|,|java+class:///cern/colt/matrix/impl/AbstractMatrix|>,2,|java+class:///|>,
  <<|java+class:///cern/colt/map/OpenIntIntHashMap|,|java+class:///cern/colt/map/AbstractIntIntMap|>,2,|java+class:///java/lang/Object|>,
  <<|java+class:///cern/colt/matrix/impl/WrapperDoubleMatrix2D|,|java+class:///cern/colt/matrix/DoubleMatrix2D|>,2,|java+class:///cern/colt/matrix/DoubleMatrix2D|>,
  <<|java+class:///cern/jet/stat/quantile/UnknownDoubleQuantileEstimator|,|java+class:///cern/jet/stat/quantile/DoubleQuantileEstimator|>,2,|java+class:///java/lang/Object|>,
  <<|java+class:///cern/colt/map/AbstractIntIntMap|,|java+class:///cern/colt/map/AbstractMap|>,2,|java+class:///java/lang/Object|>,
  <<|java+class:///cern/colt/matrix/impl/DenseDoubleMatrix3D|,|java+class:///cern/colt/matrix/DoubleMatrix3D|>,2,|java+class:///cern/colt/matrix/impl/AbstractMatrix3D|>,
  <<|java+class:///cern/jet/random/engine/RandomEngine|,|java+interface:///cern/colt/function/DoubleFunction|>,2,|java+interface:///cern/colt/function/DoubleFunction|>,
  <<|java+class:///cern/jet/random/AbstractDiscreteDistribution|,|java+class:///cern/jet/random/AbstractDistribution|>,2,|java+class:///cern/jet/random/AbstractDistribution|>,
  <<|java+class:///cern/colt/matrix/objectalgo/Formatter|,|java+class:///cern/colt/matrix/impl/AbstractFormatter|>,2,|java+class:///java/lang/Object|>,
  <<|java+class:///cern/jet/stat/quantile/DoubleQuantileEstimator|,|java+class:///cern/colt/PersistentObject|>,2,|java+class:///java/lang/Object|>,
  <<|java+class:///cern/colt/matrix/impl/DelegateDoubleMatrix1D|,|java+class:///cern/colt/matrix/impl/WrapperDoubleMatrix1D|>,2,|java+class:///cern/colt/matrix/DoubleMatrix1D|>,
  <<|java+class:///cern/colt/matrix/impl/AbstractMatrix|,|java+class:///cern/colt/PersistentObject|>,2,|java+class:///|>,
  <<|java+class:///cern/colt/matrix/DoubleMatrix1D|,|java+class:///cern/colt/matrix/impl/AbstractMatrix1D|>,2,|java+class:///java/lang/Object|>,
  <<|java+class:///cern/colt/map/AbstractDoubleIntMap|,|java+class:///cern/colt/map/AbstractMap|>,2,|java+class:///java/lang/Object|>,
  <<|java+class:///cern/colt/list/BooleanArrayList|,|java+class:///cern/colt/list/AbstractBooleanList|>,2,|java+class:///java/lang/Object|>,
  <<|java+class:///cern/colt/matrix/DoubleMatrix2D|,|java+class:///cern/colt/matrix/impl/AbstractMatrix2D|>,2,|java+class:///java/lang/Object|>,
  <<|java+class:///cern/jet/random/engine/DRand|,|java+class:///cern/jet/random/engine/RandomEngine|>,2,|java+interface:///cern/colt/function/DoubleFunction|>,
  <<|java+class:///cern/jet/random/AbstractContinousDistribution|,|java+class:///cern/jet/random/AbstractDistribution|>,2,|java+class:///java/lang/Object|>,
  <<|java+class:///cern/jet/random/Empirical|,|java+class:///cern/jet/random/AbstractContinousDistribution|>,2,|java+class:///java/lang/Object|>,
  <<|java+class:///cern/colt/matrix/ObjectMatrix3D|,|java+class:///cern/colt/matrix/impl/AbstractMatrix3D|>,2,|java+class:///java/lang/Object|>,
  <<|java+class:///cern/jet/random/AbstractDistribution|,|java+interface:///cern/colt/function/DoubleFunction|>,2,|java+interface:///cern/colt/function/DoubleFunction|>,
  <<|java+class:///cern/colt/map/AbstractIntDoubleMap|,|java+class:///cern/colt/map/AbstractMap|>,2,|java+class:///java/lang/Object|>,
  <<|java+class:///cern/colt/matrix/impl/RCMDoubleMatrix2D|,|java+class:///cern/colt/matrix/impl/WrapperDoubleMatrix2D|>,2,|java+class:///cern/colt/matrix/DoubleMatrix2D|>,
  <<|java+class:///hep/aida/bin/DynamicBin1D|,|java+class:///hep/aida/bin/QuantileBin1D|>,2,|java+class:///hep/aida/bin/AbstractBin1D|>,
  <<|java+class:///cern/jet/stat/quantile/KnownDoubleQuantileEstimator|,|java+class:///cern/jet/stat/quantile/DoubleQuantileEstimator|>,2,|java+class:///java/lang/Object|>,
  <<|java+class:///cern/colt/list/ByteArrayList|,|java+class:///cern/colt/list/AbstractByteList|>,2,|java+class:///java/lang/Object|>,
  <<|java+class:///cern/colt/matrix/impl/SelectedSparseObjectMatrix3D|,|java+class:///cern/colt/matrix/ObjectMatrix3D|>,2,|java+class:///cern/colt/matrix/impl/AbstractMatrix3D|>,
  <<|java+class:///cern/colt/map/OpenDoubleIntHashMap|,|java+class:///cern/colt/map/AbstractDoubleIntMap|>,2,|java+class:///java/lang/Object|>,
  <<|java+class:///hep/aida/bin/QuantileBin1D|,|java+class:///hep/aida/bin/MightyStaticBin1D|>,2,|java+class:///java/lang/Object|>,
  <<|java+class:///cern/colt/list/FloatArrayList|,|java+class:///cern/colt/list/AbstractFloatList|>,2,|java+class:///java/lang/Object|>,
  <<|java+class:///cern/jet/random/engine/MersenneTwister|,|java+class:///cern/jet/random/engine/RandomEngine|>,2,|java+interface:///cern/colt/function/DoubleFunction|>,
  <<|java+class:///cern/colt/PersistentObject|,|java+class:///java/lang/Object|>,2,|java+class:///|>,
  <<|java+class:///cern/colt/matrix/impl/SelectedDenseDoubleMatrix3D|,|java+class:///cern/colt/matrix/DoubleMatrix3D|>,2,|java+class:///cern/colt/matrix/impl/AbstractMatrix3D|>,
  <<|java+class:///cern/colt/matrix/impl/DenseDoubleMatrix1D|,|java+class:///cern/colt/matrix/DoubleMatrix1D|>,2,|java+class:///cern/colt/matrix/impl/AbstractMatrix1D|>,
  <<|java+class:///cern/colt/matrix/impl/DenseDoubleMatrix2D|,|java+class:///cern/colt/matrix/DoubleMatrix2D|>,2,|java+class:///cern/colt/matrix/impl/AbstractMatrix2D|>,
  <<|java+class:///cern/colt/list/AbstractBooleanList|,|java+class:///cern/colt/list/AbstractList|>,2,|java+class:///java/lang/Object|>,
  <<|java+class:///cern/jet/random/Poisson|,|java+class:///cern/jet/random/AbstractDiscreteDistribution|>,2,|java+interface:///cern/colt/function/DoubleFunction|>,
  <<|java+class:///cern/jet/stat/quantile/DoubleQuantileEstimator|,|java+interface:///cern/jet/stat/quantile/DoubleQuantileFinder|>,2,|java+interface:///cern/jet/stat/quantile/DoubleQuantileFinder|>,
  <<|java+class:///cern/colt/list/AbstractDoubleList|,|java+class:///cern/colt/list/AbstractList|>,2,|java+class:///java/lang/Object|>,
  <<|java+class:///cern/colt/matrix/impl/AbstractFormatter|,|java+class:///cern/colt/PersistentObject|>,2,|java+class:///java/lang/Object|>,
  <<|java+class:///cern/jet/random/AbstractDiscreteDistribution|,|java+class:///cern/jet/random/AbstractDistribution|>,2,|java+interface:///cern/colt/function/DoubleFunction|>,
  <<|java+class:///cern/colt/map/AbstractMap|,|java+class:///cern/colt/PersistentObject|>,2,|java+class:///java/lang/Object|>,
  <<|java+class:///cern/colt/matrix/DoubleMatrix3D|,|java+class:///cern/colt/matrix/impl/AbstractMatrix3D|>,2,|java+class:///cern/colt/matrix/impl/AbstractMatrix3D|>,
  <<|java+class:///cern/colt/matrix/impl/TridiagonalDoubleMatrix2D|,|java+class:///cern/colt/matrix/impl/WrapperDoubleMatrix2D|>,2,|java+class:///cern/colt/matrix/DoubleMatrix2D|>,
  <<|java+class:///cern/jet/stat/quantile/Buffer|,|java+class:///cern/colt/PersistentObject|>,2,|java+class:///java/lang/Object|>,
  <<|java+class:///cern/colt/matrix/impl/SelectedDenseDoubleMatrix2D|,|java+class:///cern/colt/matrix/DoubleMatrix2D|>,2,|java+class:///cern/colt/matrix/impl/AbstractMatrix2D|>,
  <<|java+class:///cern/colt/matrix/impl/DenseObjectMatrix2D|,|java+class:///cern/colt/matrix/ObjectMatrix2D|>,2,|java+class:///cern/colt/matrix/impl/AbstractMatrix2D|>,
  <<|java+class:///cern/colt/matrix/impl/RCDoubleMatrix2D|,|java+class:///cern/colt/matrix/impl/WrapperDoubleMatrix2D|>,2,|java+class:///cern/colt/matrix/DoubleMatrix2D|>,
  <<|java+class:///cern/colt/Timer|,|java+class:///cern/colt/PersistentObject|>,2,|java+class:///java/lang/Object|>,
  <<|java+class:///cern/colt/matrix/DoubleMatrix2D|,|java+class:///cern/colt/matrix/impl/AbstractMatrix2D|>,2,|java+class:///EDU/oswego/cs/dl/util/concurrent/FJTask|>,
  <<|java+class:///cern/jet/stat/quantile/DoubleBuffer|,|java+class:///cern/jet/stat/quantile/Buffer|>,2,|java+class:///java/lang/Object|>,
  <<|java+class:///cern/colt/list/AbstractCharList|,|java+class:///cern/colt/list/AbstractList|>,2,|java+class:///java/lang/Object|>,
  <<|java+class:///cern/colt/matrix/ObjectMatrix1D|,|java+class:///cern/colt/matrix/impl/AbstractMatrix1D|>,2,|java+class:///cern/colt/matrix/impl/AbstractMatrix1D|>,
  <<|java+class:///cern/jet/random/engine/MersenneTwister64|,|java+class:///cern/jet/random/engine/MersenneTwister|>,2,|java+class:///cern/jet/random/engine/RandomEngine|>,
  <<|java+class:///cern/colt/matrix/ObjectMatrix2D|,|java+class:///cern/colt/matrix/impl/AbstractMatrix2D|>,2,|java+class:///cern/colt/matrix/impl/AbstractMatrix2D|>
}