RESULTS LOG: 
INTERNAL REUSE TOTAL: 82 
<|java+class:///cern/colt/bitvector/BitMatrix|,|java+class:///cern/colt/PersistentObject|> 
<|java+class:///cern/colt/bitvector/BitVector|,|java+class:///cern/colt/PersistentObject|> 
<|java+class:///cern/colt/list/AbstractBooleanList|,|java+class:///cern/colt/list/AbstractList|> 
<|java+class:///cern/colt/list/AbstractByteList|,|java+class:///cern/colt/list/AbstractList|> 
<|java+class:///cern/colt/list/AbstractCharList|,|java+class:///cern/colt/list/AbstractList|> 
<|java+class:///cern/colt/list/AbstractDoubleList|,|java+class:///cern/colt/list/AbstractList|> 
<|java+class:///cern/colt/list/AbstractFloatList|,|java+class:///cern/colt/list/AbstractList|> 
<|java+class:///cern/colt/list/AbstractIntList|,|java+class:///cern/colt/list/AbstractList|> 
<|java+class:///cern/colt/list/AbstractList|,|java+class:///cern/colt/list/AbstractCollection|> 
<|java+class:///cern/colt/list/AbstractLongList|,|java+class:///cern/colt/list/AbstractList|> 
<|java+class:///cern/colt/list/AbstractShortList|,|java+class:///cern/colt/list/AbstractList|> 
<|java+class:///cern/colt/list/BooleanArrayList|,|java+class:///cern/colt/list/AbstractBooleanList|> 
<|java+class:///cern/colt/list/ByteArrayList|,|java+class:///cern/colt/list/AbstractByteList|> 
<|java+class:///cern/colt/list/CharArrayList|,|java+class:///cern/colt/list/AbstractCharList|> 
<|java+class:///cern/colt/list/DistinctNumberList|,|java+class:///cern/colt/list/AbstractLongList|> 
<|java+class:///cern/colt/list/DoubleArrayList|,|java+class:///cern/colt/list/AbstractDoubleList|> 
<|java+class:///cern/colt/list/FloatArrayList|,|java+class:///cern/colt/list/AbstractFloatList|> 
<|java+class:///cern/colt/list/IntArrayList|,|java+class:///cern/colt/list/AbstractIntList|> 
<|java+class:///cern/colt/list/LongArrayList|,|java+class:///cern/colt/list/AbstractLongList|> 
<|java+class:///cern/colt/list/MinMaxNumberList|,|java+class:///cern/colt/list/AbstractLongList|> 
<|java+class:///cern/colt/list/ObjectArrayList|,|java+class:///cern/colt/list/AbstractList|> 
<|java+class:///cern/colt/list/ShortArrayList|,|java+class:///cern/colt/list/AbstractShortList|> 
<|java+class:///cern/colt/list/SimpleLongArrayList|,|java+class:///cern/colt/list/AbstractLongList|> 
<|java+class:///cern/colt/map/AbstractDoubleIntMap|,|java+class:///cern/colt/map/AbstractMap|> 
<|java+class:///cern/colt/map/AbstractIntDoubleMap|,|java+class:///cern/colt/map/AbstractMap|> 
<|java+class:///cern/colt/map/AbstractIntIntMap|,|java+class:///cern/colt/map/AbstractMap|> 
<|java+class:///cern/colt/map/AbstractIntObjectMap|,|java+class:///cern/colt/map/AbstractMap|> 
<|java+class:///cern/colt/map/AbstractLongObjectMap|,|java+class:///cern/colt/map/AbstractMap|> 
<|java+class:///cern/colt/map/OpenIntDoubleHashMap|,|java+class:///cern/colt/map/AbstractIntDoubleMap|> 
<|java+class:///cern/colt/map/QuickOpenIntIntHashMap|,|java+class:///cern/colt/map/OpenIntIntHashMap|> 
<|java+class:///cern/colt/matrix/DoubleMatrix1D|,|java+class:///cern/colt/matrix/impl/AbstractMatrix1D|> 
<|java+class:///cern/colt/matrix/DoubleMatrix2D|,|java+class:///cern/colt/matrix/impl/AbstractMatrix2D|> 
<|java+class:///cern/colt/matrix/DoubleMatrix3D|,|java+class:///cern/colt/matrix/impl/AbstractMatrix3D|> 
<|java+class:///cern/colt/matrix/ObjectMatrix1D|,|java+class:///cern/colt/matrix/impl/AbstractMatrix1D|> 
<|java+class:///cern/colt/matrix/ObjectMatrix2D|,|java+class:///cern/colt/matrix/impl/AbstractMatrix2D|> 
<|java+class:///cern/colt/matrix/ObjectMatrix3D|,|java+class:///cern/colt/matrix/impl/AbstractMatrix3D|> 
<|java+class:///cern/colt/matrix/doublealgo/Formatter|,|java+class:///cern/colt/matrix/impl/AbstractFormatter|> 
<|java+class:///cern/colt/matrix/impl/AbstractMatrix1D|,|java+class:///cern/colt/matrix/impl/AbstractMatrix|> 
<|java+class:///cern/colt/matrix/impl/AbstractMatrix2D|,|java+class:///cern/colt/matrix/impl/AbstractMatrix|> 
<|java+class:///cern/colt/matrix/impl/AbstractMatrix3D|,|java+class:///cern/colt/matrix/impl/AbstractMatrix|> 
<|java+class:///cern/colt/matrix/impl/DenseDoubleMatrix1D|,|java+class:///cern/colt/matrix/DoubleMatrix1D|> 
<|java+class:///cern/colt/matrix/impl/DenseDoubleMatrix2D|,|java+class:///cern/colt/matrix/DoubleMatrix2D|> 
<|java+class:///cern/colt/matrix/impl/DenseDoubleMatrix3D|,|java+class:///cern/colt/matrix/DoubleMatrix3D|> 
<|java+class:///cern/colt/matrix/impl/DenseObjectMatrix1D|,|java+class:///cern/colt/matrix/ObjectMatrix1D|> 
<|java+class:///cern/colt/matrix/impl/DenseObjectMatrix2D|,|java+class:///cern/colt/matrix/ObjectMatrix2D|> 
<|java+class:///cern/colt/matrix/impl/DenseObjectMatrix3D|,|java+class:///cern/colt/matrix/ObjectMatrix3D|> 
<|java+class:///cern/colt/matrix/impl/RCDoubleMatrix2D|,|java+class:///cern/colt/matrix/impl/WrapperDoubleMatrix2D|> 
<|java+class:///cern/colt/matrix/impl/SparseDoubleMatrix1D|,|java+class:///cern/colt/matrix/DoubleMatrix1D|> 
<|java+class:///cern/colt/matrix/impl/SparseDoubleMatrix2D|,|java+class:///cern/colt/matrix/DoubleMatrix2D|> 
<|java+class:///cern/colt/matrix/impl/SparseDoubleMatrix3D|,|java+class:///cern/colt/matrix/DoubleMatrix3D|> 
<|java+class:///cern/colt/matrix/impl/SparseObjectMatrix1D|,|java+class:///cern/colt/matrix/ObjectMatrix1D|> 
<|java+class:///cern/colt/matrix/impl/SparseObjectMatrix2D|,|java+class:///cern/colt/matrix/ObjectMatrix2D|> 
<|java+class:///cern/colt/matrix/impl/SparseObjectMatrix3D|,|java+class:///cern/colt/matrix/ObjectMatrix3D|> 
<|java+class:///cern/colt/matrix/impl/TridiagonalDoubleMatrix2D|,|java+class:///cern/colt/matrix/impl/WrapperDoubleMatrix2D|> 
<|java+class:///cern/colt/matrix/impl/WrapperDoubleMatrix1D|,|java+class:///cern/colt/matrix/DoubleMatrix1D|> 
<|java+class:///cern/colt/matrix/impl/WrapperDoubleMatrix2D|,|java+class:///cern/colt/matrix/DoubleMatrix2D|> 
<|java+class:///cern/colt/matrix/objectalgo/Formatter|,|java+class:///cern/colt/matrix/impl/AbstractFormatter|> 
<|java+class:///cern/jet/math/Bessel|,|java+class:///cern/jet/math/Constants|> 
<|java+class:///cern/jet/random/AbstractDistribution|,|java+class:///cern/colt/PersistentObject|> 
<|java+class:///cern/jet/random/Benchmark|,|java+class:///cern/colt/PersistentObject|> 
<|java+class:///cern/jet/random/BreitWignerMeanSquare|,|java+class:///cern/jet/random/BreitWigner|> 
<|java+class:///cern/jet/random/engine/RandomSeedGenerator|,|java+class:///cern/colt/PersistentObject|> 
<|java+class:///cern/jet/random/sampling/RandomSampler|,|java+class:///cern/colt/PersistentObject|> 
<|java+class:///cern/jet/random/sampling/RandomSamplingAssistant|,|java+class:///cern/colt/PersistentObject|> 
<|java+class:///cern/jet/random/sampling/WeightedRandomSampler|,|java+class:///cern/colt/PersistentObject|> 
<|java+class:///cern/jet/stat/Gamma|,|java+class:///cern/jet/math/Constants|> 
<|java+class:///cern/jet/stat/Probability|,|java+class:///cern/jet/math/Constants|> 
<|java+class:///cern/jet/stat/quantile/DoubleBuffer|,|java+class:///cern/jet/stat/quantile/Buffer|> 
<|java+class:///cern/jet/stat/quantile/DoubleQuantileEstimator|,|java+class:///cern/colt/PersistentObject|> 
<|java+class:///cern/jet/stat/quantile/ExactDoubleQuantileFinder|,|java+class:///cern/colt/PersistentObject|> 
<|java+class:///cern/jet/stat/quantile/KnownDoubleQuantileEstimator|,|java+class:///cern/jet/stat/quantile/DoubleQuantileEstimator|> 
<|java+class:///cern/jet/stat/quantile/UnknownDoubleQuantileEstimator|,|java+class:///cern/jet/stat/quantile/DoubleQuantileEstimator|> 
<|java+class:///hep/aida/bin/AbstractBin1D|,|java+class:///hep/aida/bin/AbstractBin|> 
<|java+class:///hep/aida/bin/DynamicBin1D|,|java+class:///hep/aida/bin/QuantileBin1D|> 
<|java+class:///hep/aida/bin/MightyStaticBin1D|,|java+class:///hep/aida/bin/StaticBin1D|> 
<|java+class:///hep/aida/bin/QuantileBin1D|,|java+class:///hep/aida/bin/MightyStaticBin1D|> 
<|java+class:///hep/aida/bin/StaticBin1D|,|java+class:///hep/aida/bin/AbstractBin1D|> 
<|java+class:///hep/aida/ref/AbstractHistogram2D|,|java+class:///hep/aida/ref/Histogram|> 
<|java+class:///hep/aida/ref/AbstractHistogram3D|,|java+class:///hep/aida/ref/Histogram|> 
<|java+class:///hep/aida/ref/Histogram1D|,|java+class:///hep/aida/ref/AbstractHistogram1D|> 
<|java+class:///hep/aida/ref/Histogram2D|,|java+class:///hep/aida/ref/AbstractHistogram2D|> 
<|java+class:///hep/aida/ref/Histogram3D|,|java+class:///hep/aida/ref/AbstractHistogram3D|> 

EXTERNAL REUSE TOTAL: 72 
<|java+class:///cern/colt/list/AbstractBooleanList|,|java+class:///cern/colt/list/AbstractList|> 
<|java+class:///cern/colt/list/AbstractByteList|,|java+class:///cern/colt/list/AbstractList|> 
<|java+class:///cern/colt/list/AbstractCharList|,|java+class:///cern/colt/list/AbstractList|> 
<|java+class:///cern/colt/list/AbstractDoubleList|,|java+class:///cern/colt/list/AbstractList|> 
<|java+class:///cern/colt/list/AbstractFloatList|,|java+class:///cern/colt/list/AbstractList|> 
<|java+class:///cern/colt/list/AbstractIntList|,|java+class:///cern/colt/list/AbstractList|> 
<|java+class:///cern/colt/list/AbstractLongList|,|java+class:///cern/colt/list/AbstractList|> 
<|java+class:///cern/colt/list/AbstractShortList|,|java+class:///cern/colt/list/AbstractList|> 
<|java+class:///cern/colt/list/BooleanArrayList|,|java+class:///cern/colt/list/AbstractBooleanList|> 
<|java+class:///cern/colt/list/ByteArrayList|,|java+class:///cern/colt/list/AbstractByteList|> 
<|java+class:///cern/colt/list/CharArrayList|,|java+class:///cern/colt/list/AbstractCharList|> 
<|java+class:///cern/colt/list/DoubleArrayList|,|java+class:///cern/colt/list/AbstractDoubleList|> 
<|java+class:///cern/colt/list/FloatArrayList|,|java+class:///cern/colt/list/AbstractFloatList|> 
<|java+class:///cern/colt/list/IntArrayList|,|java+class:///cern/colt/list/AbstractIntList|> 
<|java+class:///cern/colt/list/LongArrayList|,|java+class:///cern/colt/list/AbstractLongList|> 
<|java+class:///cern/colt/list/MinMaxNumberList|,|java+class:///cern/colt/list/AbstractLongList|> 
<|java+class:///cern/colt/list/ObjectArrayList|,|java+class:///cern/colt/list/AbstractList|> 
<|java+class:///cern/colt/list/ShortArrayList|,|java+class:///cern/colt/list/AbstractShortList|> 
<|java+class:///cern/colt/map/AbstractIntDoubleMap|,|java+class:///cern/colt/map/AbstractMap|> 
<|java+class:///cern/colt/map/AbstractIntObjectMap|,|java+class:///cern/colt/map/AbstractMap|> 
<|java+class:///cern/colt/map/OpenIntDoubleHashMap|,|java+class:///cern/colt/map/AbstractIntDoubleMap|> 
<|java+class:///cern/colt/map/QuickOpenIntIntHashMap|,|java+class:///cern/colt/map/OpenIntIntHashMap|> 
<|java+class:///cern/colt/matrix/DoubleMatrix1D|,|java+class:///cern/colt/matrix/impl/AbstractMatrix1D|> 
<|java+class:///cern/colt/matrix/DoubleMatrix2D|,|java+class:///cern/colt/matrix/impl/AbstractMatrix2D|> 
<|java+class:///cern/colt/matrix/DoubleMatrix3D|,|java+class:///cern/colt/matrix/impl/AbstractMatrix3D|> 
<|java+class:///cern/colt/matrix/ObjectMatrix1D|,|java+class:///cern/colt/matrix/impl/AbstractMatrix1D|> 
<|java+class:///cern/colt/matrix/ObjectMatrix2D|,|java+class:///cern/colt/matrix/impl/AbstractMatrix2D|> 
<|java+class:///cern/colt/matrix/ObjectMatrix3D|,|java+class:///cern/colt/matrix/impl/AbstractMatrix3D|> 
<|java+class:///cern/colt/matrix/doublealgo/Formatter|,|java+class:///cern/colt/matrix/impl/AbstractFormatter|> 
<|java+class:///cern/colt/matrix/impl/AbstractFormatter|,|java+class:///cern/colt/PersistentObject|> 
<|java+class:///cern/colt/matrix/impl/AbstractMatrix1D|,|java+class:///cern/colt/matrix/impl/AbstractMatrix|> 
<|java+class:///cern/colt/matrix/impl/AbstractMatrix2D|,|java+class:///cern/colt/matrix/impl/AbstractMatrix|> 
<|java+class:///cern/colt/matrix/impl/AbstractMatrix3D|,|java+class:///cern/colt/matrix/impl/AbstractMatrix|> 
<|java+class:///cern/colt/matrix/impl/DenseDoubleMatrix1D|,|java+class:///cern/colt/matrix/DoubleMatrix1D|> 
<|java+class:///cern/colt/matrix/impl/DenseDoubleMatrix2D|,|java+class:///cern/colt/matrix/DoubleMatrix2D|> 
<|java+class:///cern/colt/matrix/impl/DenseDoubleMatrix3D|,|java+class:///cern/colt/matrix/DoubleMatrix3D|> 
<|java+class:///cern/colt/matrix/impl/DenseObjectMatrix1D|,|java+class:///cern/colt/matrix/ObjectMatrix1D|> 
<|java+class:///cern/colt/matrix/impl/DenseObjectMatrix2D|,|java+class:///cern/colt/matrix/ObjectMatrix2D|> 
<|java+class:///cern/colt/matrix/impl/DenseObjectMatrix3D|,|java+class:///cern/colt/matrix/ObjectMatrix3D|> 
<|java+class:///cern/colt/matrix/impl/SparseDoubleMatrix2D|,|java+class:///cern/colt/matrix/DoubleMatrix2D|> 
<|java+class:///cern/colt/matrix/objectalgo/Formatter|,|java+class:///cern/colt/matrix/impl/AbstractFormatter|> 
<|java+class:///cern/jet/random/AbstractContinousDistribution|,|java+class:///cern/jet/random/AbstractDistribution|> 
<|java+class:///cern/jet/random/AbstractDiscreteDistribution|,|java+class:///cern/jet/random/AbstractDistribution|> 
<|java+class:///cern/jet/random/Beta|,|java+class:///cern/jet/random/AbstractContinousDistribution|> 
<|java+class:///cern/jet/random/Binomial|,|java+class:///cern/jet/random/AbstractDiscreteDistribution|> 
<|java+class:///cern/jet/random/BreitWigner|,|java+class:///cern/jet/random/AbstractContinousDistribution|> 
<|java+class:///cern/jet/random/BreitWignerMeanSquare|,|java+class:///cern/jet/random/BreitWigner|> 
<|java+class:///cern/jet/random/ChiSquare|,|java+class:///cern/jet/random/AbstractContinousDistribution|> 
<|java+class:///cern/jet/random/Empirical|,|java+class:///cern/jet/random/AbstractContinousDistribution|> 
<|java+class:///cern/jet/random/EmpiricalWalker|,|java+class:///cern/jet/random/AbstractDiscreteDistribution|> 
<|java+class:///cern/jet/random/Exponential|,|java+class:///cern/jet/random/AbstractContinousDistribution|> 
<|java+class:///cern/jet/random/ExponentialPower|,|java+class:///cern/jet/random/AbstractContinousDistribution|> 
<|java+class:///cern/jet/random/Gamma|,|java+class:///cern/jet/random/AbstractContinousDistribution|> 
<|java+class:///cern/jet/random/HyperGeometric|,|java+class:///cern/jet/random/AbstractDiscreteDistribution|> 
<|java+class:///cern/jet/random/Hyperbolic|,|java+class:///cern/jet/random/AbstractContinousDistribution|> 
<|java+class:///cern/jet/random/Logarithmic|,|java+class:///cern/jet/random/AbstractContinousDistribution|> 
<|java+class:///cern/jet/random/NegativeBinomial|,|java+class:///cern/jet/random/AbstractDiscreteDistribution|> 
<|java+class:///cern/jet/random/Normal|,|java+class:///cern/jet/random/AbstractContinousDistribution|> 
<|java+class:///cern/jet/random/Poisson|,|java+class:///cern/jet/random/AbstractDiscreteDistribution|> 
<|java+class:///cern/jet/random/PoissonSlow|,|java+class:///cern/jet/random/AbstractDiscreteDistribution|> 
<|java+class:///cern/jet/random/StudentT|,|java+class:///cern/jet/random/AbstractContinousDistribution|> 
<|java+class:///cern/jet/random/Uniform|,|java+class:///cern/jet/random/AbstractContinousDistribution|> 
<|java+class:///cern/jet/random/VonMises|,|java+class:///cern/jet/random/AbstractContinousDistribution|> 
<|java+class:///cern/jet/random/Zeta|,|java+class:///cern/jet/random/AbstractDiscreteDistribution|> 
<|java+class:///cern/jet/random/engine/RandomEngine|,|java+class:///cern/colt/PersistentObject|> 
<|java+class:///cern/jet/stat/quantile/DoubleBuffer|,|java+class:///cern/jet/stat/quantile/Buffer|> 
<|java+class:///cern/jet/stat/quantile/DoubleQuantileEstimator|,|java+class:///cern/colt/PersistentObject|> 
<|java+class:///cern/jet/stat/quantile/ExactDoubleQuantileFinder|,|java+class:///cern/colt/PersistentObject|> 
<|java+class:///hep/aida/bin/DynamicBin1D|,|java+class:///hep/aida/bin/QuantileBin1D|> 
<|java+class:///hep/aida/bin/MightyStaticBin1D|,|java+class:///hep/aida/bin/StaticBin1D|> 
<|java+class:///hep/aida/bin/QuantileBin1D|,|java+class:///hep/aida/bin/MightyStaticBin1D|> 
<|java+class:///hep/aida/bin/StaticBin1D|,|java+class:///hep/aida/bin/AbstractBin1D|> 

SUBTYPE TOTAL: 111 
<|java+class:///cern/colt/Timer|,|java+class:///cern/colt/PersistentObject|> 
<|java+class:///cern/colt/bitvector/BitMatrix|,|java+class:///cern/colt/PersistentObject|> 
<|java+class:///cern/colt/bitvector/BitVector|,|java+class:///cern/colt/PersistentObject|> 
<|java+class:///cern/colt/list/AbstractBooleanList|,|java+class:///cern/colt/list/AbstractList|> 
<|java+class:///cern/colt/list/AbstractByteList|,|java+class:///cern/colt/list/AbstractList|> 
<|java+class:///cern/colt/list/AbstractCharList|,|java+class:///cern/colt/list/AbstractList|> 
<|java+class:///cern/colt/list/AbstractCollection|,|java+class:///cern/colt/PersistentObject|> 
<|java+class:///cern/colt/list/AbstractDoubleList|,|java+class:///cern/colt/list/AbstractList|> 
<|java+class:///cern/colt/list/AbstractFloatList|,|java+class:///cern/colt/list/AbstractList|> 
<|java+class:///cern/colt/list/AbstractIntList|,|java+class:///cern/colt/list/AbstractList|> 
<|java+class:///cern/colt/list/AbstractList|,|java+class:///cern/colt/list/AbstractCollection|> 
<|java+class:///cern/colt/list/AbstractLongList|,|java+class:///cern/colt/list/AbstractList|> 
<|java+class:///cern/colt/list/AbstractShortList|,|java+class:///cern/colt/list/AbstractList|> 
<|java+class:///cern/colt/list/BooleanArrayList|,|java+class:///cern/colt/list/AbstractBooleanList|> 
<|java+class:///cern/colt/list/ByteArrayList|,|java+class:///cern/colt/list/AbstractByteList|> 
<|java+class:///cern/colt/list/CharArrayList|,|java+class:///cern/colt/list/AbstractCharList|> 
<|java+class:///cern/colt/list/DoubleArrayList|,|java+class:///cern/colt/list/AbstractDoubleList|> 
<|java+class:///cern/colt/list/FloatArrayList|,|java+class:///cern/colt/list/AbstractFloatList|> 
<|java+class:///cern/colt/list/IntArrayList|,|java+class:///cern/colt/list/AbstractIntList|> 
<|java+class:///cern/colt/list/LongArrayList|,|java+class:///cern/colt/list/AbstractLongList|> 
<|java+class:///cern/colt/list/MinMaxNumberList|,|java+class:///cern/colt/list/AbstractLongList|> 
<|java+class:///cern/colt/list/ObjectArrayList|,|java+class:///cern/colt/list/AbstractList|> 
<|java+class:///cern/colt/list/ShortArrayList|,|java+class:///cern/colt/list/AbstractShortList|> 
<|java+class:///cern/colt/map/AbstractDoubleIntMap|,|java+class:///cern/colt/map/AbstractMap|> 
<|java+class:///cern/colt/map/AbstractIntDoubleMap|,|java+class:///cern/colt/map/AbstractMap|> 
<|java+class:///cern/colt/map/AbstractIntIntMap|,|java+class:///cern/colt/map/AbstractMap|> 
<|java+class:///cern/colt/map/AbstractIntObjectMap|,|java+class:///cern/colt/map/AbstractMap|> 
<|java+class:///cern/colt/map/AbstractLongObjectMap|,|java+class:///cern/colt/map/AbstractMap|> 
<|java+class:///cern/colt/map/AbstractMap|,|java+class:///cern/colt/PersistentObject|> 
<|java+class:///cern/colt/map/OpenDoubleIntHashMap|,|java+class:///cern/colt/map/AbstractDoubleIntMap|> 
<|java+class:///cern/colt/map/OpenIntDoubleHashMap|,|java+class:///cern/colt/map/AbstractIntDoubleMap|> 
<|java+class:///cern/colt/map/OpenIntIntHashMap|,|java+class:///cern/colt/map/AbstractIntIntMap|> 
<|java+class:///cern/colt/map/OpenIntObjectHashMap|,|java+class:///cern/colt/map/AbstractIntObjectMap|> 
<|java+class:///cern/colt/map/OpenLongObjectHashMap|,|java+class:///cern/colt/map/AbstractLongObjectMap|> 
<|java+class:///cern/colt/matrix/DoubleMatrix1D|,|java+class:///cern/colt/matrix/impl/AbstractMatrix1D|> 
<|java+class:///cern/colt/matrix/DoubleMatrix2D|,|java+class:///cern/colt/matrix/impl/AbstractMatrix2D|> 
<|java+class:///cern/colt/matrix/DoubleMatrix3D|,|java+class:///cern/colt/matrix/impl/AbstractMatrix3D|> 
<|java+class:///cern/colt/matrix/ObjectMatrix1D|,|java+class:///cern/colt/matrix/impl/AbstractMatrix1D|> 
<|java+class:///cern/colt/matrix/ObjectMatrix2D|,|java+class:///cern/colt/matrix/impl/AbstractMatrix2D|> 
<|java+class:///cern/colt/matrix/ObjectMatrix3D|,|java+class:///cern/colt/matrix/impl/AbstractMatrix3D|> 
<|java+class:///cern/colt/matrix/doublealgo/Formatter|,|java+class:///cern/colt/matrix/impl/AbstractFormatter|> 
<|java+class:///cern/colt/matrix/impl/AbstractFormatter|,|java+class:///cern/colt/PersistentObject|> 
<|java+class:///cern/colt/matrix/impl/AbstractMatrix|,|java+class:///cern/colt/PersistentObject|> 
<|java+class:///cern/colt/matrix/impl/AbstractMatrix1D|,|java+class:///cern/colt/matrix/impl/AbstractMatrix|> 
<|java+class:///cern/colt/matrix/impl/AbstractMatrix2D|,|java+class:///cern/colt/matrix/impl/AbstractMatrix|> 
<|java+class:///cern/colt/matrix/impl/AbstractMatrix3D|,|java+class:///cern/colt/matrix/impl/AbstractMatrix|> 
<|java+class:///cern/colt/matrix/impl/DelegateDoubleMatrix1D|,|java+class:///cern/colt/matrix/impl/WrapperDoubleMatrix1D|> 
<|java+class:///cern/colt/matrix/impl/DenseDoubleMatrix1D|,|java+class:///cern/colt/matrix/DoubleMatrix1D|> 
<|java+class:///cern/colt/matrix/impl/DenseDoubleMatrix2D|,|java+class:///cern/colt/matrix/DoubleMatrix2D|> 
<|java+class:///cern/colt/matrix/impl/DenseDoubleMatrix3D|,|java+class:///cern/colt/matrix/DoubleMatrix3D|> 
<|java+class:///cern/colt/matrix/impl/DenseObjectMatrix1D|,|java+class:///cern/colt/matrix/ObjectMatrix1D|> 
<|java+class:///cern/colt/matrix/impl/DenseObjectMatrix2D|,|java+class:///cern/colt/matrix/ObjectMatrix2D|> 
<|java+class:///cern/colt/matrix/impl/DenseObjectMatrix3D|,|java+class:///cern/colt/matrix/ObjectMatrix3D|> 
<|java+class:///cern/colt/matrix/impl/RCDoubleMatrix2D|,|java+class:///cern/colt/matrix/impl/WrapperDoubleMatrix2D|> 
<|java+class:///cern/colt/matrix/impl/RCMDoubleMatrix2D|,|java+class:///cern/colt/matrix/impl/WrapperDoubleMatrix2D|> 
<|java+class:///cern/colt/matrix/impl/SelectedDenseDoubleMatrix1D|,|java+class:///cern/colt/matrix/DoubleMatrix1D|> 
<|java+class:///cern/colt/matrix/impl/SelectedDenseDoubleMatrix2D|,|java+class:///cern/colt/matrix/DoubleMatrix2D|> 
<|java+class:///cern/colt/matrix/impl/SelectedDenseDoubleMatrix3D|,|java+class:///cern/colt/matrix/DoubleMatrix3D|> 
<|java+class:///cern/colt/matrix/impl/SelectedDenseObjectMatrix1D|,|java+class:///cern/colt/matrix/ObjectMatrix1D|> 
<|java+class:///cern/colt/matrix/impl/SelectedDenseObjectMatrix2D|,|java+class:///cern/colt/matrix/ObjectMatrix2D|> 
<|java+class:///cern/colt/matrix/impl/SelectedDenseObjectMatrix3D|,|java+class:///cern/colt/matrix/ObjectMatrix3D|> 
<|java+class:///cern/colt/matrix/impl/SelectedSparseDoubleMatrix1D|,|java+class:///cern/colt/matrix/DoubleMatrix1D|> 
<|java+class:///cern/colt/matrix/impl/SelectedSparseDoubleMatrix2D|,|java+class:///cern/colt/matrix/DoubleMatrix2D|> 
<|java+class:///cern/colt/matrix/impl/SelectedSparseDoubleMatrix3D|,|java+class:///cern/colt/matrix/DoubleMatrix3D|> 
<|java+class:///cern/colt/matrix/impl/SelectedSparseObjectMatrix1D|,|java+class:///cern/colt/matrix/ObjectMatrix1D|> 
<|java+class:///cern/colt/matrix/impl/SelectedSparseObjectMatrix2D|,|java+class:///cern/colt/matrix/ObjectMatrix2D|> 
<|java+class:///cern/colt/matrix/impl/SelectedSparseObjectMatrix3D|,|java+class:///cern/colt/matrix/ObjectMatrix3D|> 
<|java+class:///cern/colt/matrix/impl/SparseDoubleMatrix1D|,|java+class:///cern/colt/matrix/DoubleMatrix1D|> 
<|java+class:///cern/colt/matrix/impl/SparseDoubleMatrix2D|,|java+class:///cern/colt/matrix/DoubleMatrix2D|> 
<|java+class:///cern/colt/matrix/impl/SparseDoubleMatrix3D|,|java+class:///cern/colt/matrix/DoubleMatrix3D|> 
<|java+class:///cern/colt/matrix/impl/SparseObjectMatrix1D|,|java+class:///cern/colt/matrix/ObjectMatrix1D|> 
<|java+class:///cern/colt/matrix/impl/SparseObjectMatrix2D|,|java+class:///cern/colt/matrix/ObjectMatrix2D|> 
<|java+class:///cern/colt/matrix/impl/SparseObjectMatrix3D|,|java+class:///cern/colt/matrix/ObjectMatrix3D|> 
<|java+class:///cern/colt/matrix/impl/TridiagonalDoubleMatrix2D|,|java+class:///cern/colt/matrix/impl/WrapperDoubleMatrix2D|> 
<|java+class:///cern/colt/matrix/impl/WrapperDoubleMatrix1D|,|java+class:///cern/colt/matrix/DoubleMatrix1D|> 
<|java+class:///cern/colt/matrix/impl/WrapperDoubleMatrix2D|,|java+class:///cern/colt/matrix/DoubleMatrix2D|> 
<|java+class:///cern/colt/matrix/linalg/Algebra|,|java+class:///cern/colt/PersistentObject|> 
<|java+class:///cern/colt/matrix/objectalgo/Formatter|,|java+class:///cern/colt/matrix/impl/AbstractFormatter|> 
<|java+class:///cern/jet/random/AbstractContinousDistribution|,|java+class:///cern/jet/random/AbstractDistribution|> 
<|java+class:///cern/jet/random/AbstractDiscreteDistribution|,|java+class:///cern/jet/random/AbstractDistribution|> 
<|java+class:///cern/jet/random/AbstractDistribution|,|java+class:///cern/colt/PersistentObject|> 
<|java+class:///cern/jet/random/BreitWigner|,|java+class:///cern/jet/random/AbstractContinousDistribution|> 
<|java+class:///cern/jet/random/BreitWignerMeanSquare|,|java+class:///cern/jet/random/BreitWigner|> 
<|java+class:///cern/jet/random/Empirical|,|java+class:///cern/jet/random/AbstractContinousDistribution|> 
<|java+class:///cern/jet/random/EmpiricalWalker|,|java+class:///cern/jet/random/AbstractDiscreteDistribution|> 
<|java+class:///cern/jet/random/Gamma|,|java+class:///cern/jet/random/AbstractContinousDistribution|> 
<|java+class:///cern/jet/random/NegativeBinomial|,|java+class:///cern/jet/random/AbstractDiscreteDistribution|> 
<|java+class:///cern/jet/random/Poisson|,|java+class:///cern/jet/random/AbstractDiscreteDistribution|> 
<|java+class:///cern/jet/random/Uniform|,|java+class:///cern/jet/random/AbstractContinousDistribution|> 
<|java+class:///cern/jet/random/engine/DRand|,|java+class:///cern/jet/random/engine/RandomEngine|> 
<|java+class:///cern/jet/random/engine/MersenneTwister|,|java+class:///cern/jet/random/engine/RandomEngine|> 
<|java+class:///cern/jet/random/engine/MersenneTwister64|,|java+class:///cern/jet/random/engine/MersenneTwister|> 
<|java+class:///cern/jet/random/engine/RandomEngine|,|java+class:///cern/colt/PersistentObject|> 
<|java+class:///cern/jet/random/engine/RandomSeedGenerator|,|java+class:///cern/colt/PersistentObject|> 
<|java+class:///cern/jet/random/sampling/RandomSampler|,|java+class:///cern/colt/PersistentObject|> 
<|java+class:///cern/jet/random/sampling/RandomSamplingAssistant|,|java+class:///cern/colt/PersistentObject|> 
<|java+class:///cern/jet/random/sampling/WeightedRandomSampler|,|java+class:///cern/colt/PersistentObject|> 
<|java+class:///cern/jet/stat/quantile/Buffer|,|java+class:///cern/colt/PersistentObject|> 
<|java+class:///cern/jet/stat/quantile/BufferSet|,|java+class:///cern/colt/PersistentObject|> 
<|java+class:///cern/jet/stat/quantile/DoubleBuffer|,|java+class:///cern/jet/stat/quantile/Buffer|> 
<|java+class:///cern/jet/stat/quantile/DoubleBufferSet|,|java+class:///cern/jet/stat/quantile/BufferSet|> 
<|java+class:///cern/jet/stat/quantile/DoubleQuantileEstimator|,|java+class:///cern/colt/PersistentObject|> 
<|java+class:///cern/jet/stat/quantile/ExactDoubleQuantileFinder|,|java+class:///cern/colt/PersistentObject|> 
<|java+class:///cern/jet/stat/quantile/KnownDoubleQuantileEstimator|,|java+class:///cern/jet/stat/quantile/DoubleQuantileEstimator|> 
<|java+class:///cern/jet/stat/quantile/UnknownDoubleQuantileEstimator|,|java+class:///cern/jet/stat/quantile/DoubleQuantileEstimator|> 
<|java+class:///hep/aida/bin/AbstractBin|,|java+class:///cern/colt/PersistentObject|> 
<|java+class:///hep/aida/bin/AbstractBin1D|,|java+class:///hep/aida/bin/AbstractBin|> 
<|java+class:///hep/aida/bin/DynamicBin1D|,|java+class:///hep/aida/bin/QuantileBin1D|> 
<|java+class:///hep/aida/bin/MightyStaticBin1D|,|java+class:///hep/aida/bin/StaticBin1D|> 
<|java+class:///hep/aida/bin/QuantileBin1D|,|java+class:///hep/aida/bin/MightyStaticBin1D|> 
<|java+class:///hep/aida/bin/StaticBin1D|,|java+class:///hep/aida/bin/AbstractBin1D|> 

DOWNCALL ACTUAL TOTAL: 0 

DOWNCALL CANDIDATE TOTAL: 0 

CONSTANT TOTAL: 0 

MARKER TOTAL: 0 

SUPER TOTAL: 16 
<|java+class:///cern/colt/list/SimpleLongArrayList|,|java+class:///cern/colt/list/AbstractLongList|> 
<|java+class:///cern/colt/matrix/impl/DelegateDoubleMatrix1D|,|java+class:///cern/colt/matrix/impl/WrapperDoubleMatrix1D|> 
<|java+class:///cern/colt/matrix/impl/RCDoubleMatrix2D|,|java+class:///cern/colt/matrix/impl/WrapperDoubleMatrix2D|> 
<|java+class:///cern/colt/matrix/impl/RCMDoubleMatrix2D|,|java+class:///cern/colt/matrix/impl/WrapperDoubleMatrix2D|> 
<|java+class:///cern/colt/matrix/impl/TridiagonalDoubleMatrix2D|,|java+class:///cern/colt/matrix/impl/WrapperDoubleMatrix2D|> 
<|java+class:///cern/jet/random/BreitWignerMeanSquare|,|java+class:///cern/jet/random/BreitWigner|> 
<|java+class:///cern/jet/random/engine/MersenneTwister64|,|java+class:///cern/jet/random/engine/MersenneTwister|> 
<|java+class:///cern/jet/stat/quantile/DoubleBuffer|,|java+class:///cern/jet/stat/quantile/Buffer|> 
<|java+class:///hep/aida/bin/DynamicBin1D|,|java+class:///hep/aida/bin/QuantileBin1D|> 
<|java+class:///hep/aida/bin/QuantileBin1D|,|java+class:///hep/aida/bin/MightyStaticBin1D|> 
<|java+class:///hep/aida/ref/AbstractHistogram1D|,|java+class:///hep/aida/ref/Histogram|> 
<|java+class:///hep/aida/ref/AbstractHistogram2D|,|java+class:///hep/aida/ref/Histogram|> 
<|java+class:///hep/aida/ref/AbstractHistogram3D|,|java+class:///hep/aida/ref/Histogram|> 
<|java+class:///hep/aida/ref/Histogram1D|,|java+class:///hep/aida/ref/AbstractHistogram1D|> 
<|java+class:///hep/aida/ref/Histogram2D|,|java+class:///hep/aida/ref/AbstractHistogram2D|> 
<|java+class:///hep/aida/ref/Histogram3D|,|java+class:///hep/aida/ref/AbstractHistogram3D|> 

GENERIC TOTAL: 1 
<|java+class:///hep/aida/bin/AbstractBin1D|,|java+class:///hep/aida/bin/AbstractBin|> 

CATEGORY TOTAL: 0 

FRAMEWORK TOTAL: 38 
<|java+class:///cern/colt/Timer|,|java+class:///cern/colt/PersistentObject|> 
<|java+class:///cern/colt/bitvector/BitMatrix|,|java+class:///cern/colt/PersistentObject|> 
<|java+class:///cern/colt/bitvector/BitVector|,|java+class:///cern/colt/PersistentObject|> 
<|java+class:///cern/colt/buffer/DoubleBuffer|,|java+class:///cern/colt/PersistentObject|> 
<|java+class:///cern/colt/buffer/DoubleBuffer2D|,|java+class:///cern/colt/PersistentObject|> 
<|java+class:///cern/colt/buffer/DoubleBuffer3D|,|java+class:///cern/colt/PersistentObject|> 
<|java+class:///cern/colt/buffer/IntBuffer|,|java+class:///cern/colt/PersistentObject|> 
<|java+class:///cern/colt/buffer/IntBuffer2D|,|java+class:///cern/colt/PersistentObject|> 
<|java+class:///cern/colt/buffer/IntBuffer3D|,|java+class:///cern/colt/PersistentObject|> 
<|java+class:///cern/colt/buffer/ObjectBuffer|,|java+class:///cern/colt/PersistentObject|> 
<|java+class:///cern/colt/list/AbstractCollection|,|java+class:///cern/colt/PersistentObject|> 
<|java+class:///cern/colt/map/AbstractMap|,|java+class:///cern/colt/PersistentObject|> 
<|java+class:///cern/colt/matrix/DoubleFactory1D|,|java+class:///cern/colt/PersistentObject|> 
<|java+class:///cern/colt/matrix/DoubleFactory2D|,|java+class:///cern/colt/PersistentObject|> 
<|java+class:///cern/colt/matrix/DoubleFactory3D|,|java+class:///cern/colt/PersistentObject|> 
<|java+class:///cern/colt/matrix/ObjectFactory1D|,|java+class:///cern/colt/PersistentObject|> 
<|java+class:///cern/colt/matrix/ObjectFactory2D|,|java+class:///cern/colt/PersistentObject|> 
<|java+class:///cern/colt/matrix/ObjectFactory3D|,|java+class:///cern/colt/PersistentObject|> 
<|java+class:///cern/colt/matrix/doublealgo/Sorting|,|java+class:///cern/colt/PersistentObject|> 
<|java+class:///cern/colt/matrix/doublealgo/Transform|,|java+class:///cern/colt/PersistentObject|> 
<|java+class:///cern/colt/matrix/impl/AbstractFormatter|,|java+class:///cern/colt/PersistentObject|> 
<|java+class:///cern/colt/matrix/impl/AbstractMatrix|,|java+class:///cern/colt/PersistentObject|> 
<|java+class:///cern/colt/matrix/linalg/Algebra|,|java+class:///cern/colt/PersistentObject|> 
<|java+class:///cern/colt/matrix/linalg/Property|,|java+class:///cern/colt/PersistentObject|> 
<|java+class:///cern/colt/matrix/objectalgo/Sorting|,|java+class:///cern/colt/PersistentObject|> 
<|java+class:///cern/jet/random/AbstractDistribution|,|java+class:///cern/colt/PersistentObject|> 
<|java+class:///cern/jet/random/Benchmark|,|java+class:///cern/colt/PersistentObject|> 
<|java+class:///cern/jet/random/engine/RandomEngine|,|java+class:///cern/colt/PersistentObject|> 
<|java+class:///cern/jet/random/engine/RandomSeedGenerator|,|java+class:///cern/colt/PersistentObject|> 
<|java+class:///cern/jet/random/sampling/RandomSampler|,|java+class:///cern/colt/PersistentObject|> 
<|java+class:///cern/jet/random/sampling/RandomSamplingAssistant|,|java+class:///cern/colt/PersistentObject|> 
<|java+class:///cern/jet/random/sampling/WeightedRandomSampler|,|java+class:///cern/colt/PersistentObject|> 
<|java+class:///cern/jet/stat/quantile/Buffer|,|java+class:///cern/colt/PersistentObject|> 
<|java+class:///cern/jet/stat/quantile/BufferSet|,|java+class:///cern/colt/PersistentObject|> 
<|java+class:///cern/jet/stat/quantile/DoubleQuantileEstimator|,|java+class:///cern/colt/PersistentObject|> 
<|java+class:///cern/jet/stat/quantile/EquiDepthHistogram|,|java+class:///cern/colt/PersistentObject|> 
<|java+class:///cern/jet/stat/quantile/ExactDoubleQuantileFinder|,|java+class:///cern/colt/PersistentObject|> 
<|java+class:///hep/aida/bin/AbstractBin|,|java+class:///cern/colt/PersistentObject|> 

DOWNCALL TOTAL: 73 
<|java+class:///cern/colt/list/AbstractBooleanList|,|java+class:///cern/colt/list/AbstractList|> 
<|java+class:///cern/colt/list/AbstractByteList|,|java+class:///cern/colt/list/AbstractList|> 
<|java+class:///cern/colt/list/AbstractCharList|,|java+class:///cern/colt/list/AbstractList|> 
<|java+class:///cern/colt/list/AbstractDoubleList|,|java+class:///cern/colt/list/AbstractList|> 
<|java+class:///cern/colt/list/AbstractFloatList|,|java+class:///cern/colt/list/AbstractList|> 
<|java+class:///cern/colt/list/AbstractIntList|,|java+class:///cern/colt/list/AbstractList|> 
<|java+class:///cern/colt/list/AbstractLongList|,|java+class:///cern/colt/list/AbstractList|> 
<|java+class:///cern/colt/list/AbstractShortList|,|java+class:///cern/colt/list/AbstractList|> 
<|java+class:///cern/colt/list/BooleanArrayList|,|java+class:///cern/colt/list/AbstractBooleanList|> 
<|java+class:///cern/colt/list/ByteArrayList|,|java+class:///cern/colt/list/AbstractByteList|> 
<|java+class:///cern/colt/list/CharArrayList|,|java+class:///cern/colt/list/AbstractCharList|> 
<|java+class:///cern/colt/list/DistinctNumberList|,|java+class:///cern/colt/list/AbstractLongList|> 
<|java+class:///cern/colt/list/DoubleArrayList|,|java+class:///cern/colt/list/AbstractDoubleList|> 
<|java+class:///cern/colt/list/FloatArrayList|,|java+class:///cern/colt/list/AbstractFloatList|> 
<|java+class:///cern/colt/list/IntArrayList|,|java+class:///cern/colt/list/AbstractIntList|> 
<|java+class:///cern/colt/list/LongArrayList|,|java+class:///cern/colt/list/AbstractLongList|> 
<|java+class:///cern/colt/list/MinMaxNumberList|,|java+class:///cern/colt/list/AbstractLongList|> 
<|java+class:///cern/colt/list/ObjectArrayList|,|java+class:///cern/colt/list/AbstractList|> 
<|java+class:///cern/colt/list/ShortArrayList|,|java+class:///cern/colt/list/AbstractShortList|> 
<|java+class:///cern/colt/list/SimpleLongArrayList|,|java+class:///cern/colt/list/AbstractLongList|> 
<|java+class:///cern/colt/map/OpenDoubleIntHashMap|,|java+class:///cern/colt/map/AbstractDoubleIntMap|> 
<|java+class:///cern/colt/map/OpenIntDoubleHashMap|,|java+class:///cern/colt/map/AbstractIntDoubleMap|> 
<|java+class:///cern/colt/map/OpenIntIntHashMap|,|java+class:///cern/colt/map/AbstractIntIntMap|> 
<|java+class:///cern/colt/map/OpenIntObjectHashMap|,|java+class:///cern/colt/map/AbstractIntObjectMap|> 
<|java+class:///cern/colt/map/OpenLongObjectHashMap|,|java+class:///cern/colt/map/AbstractLongObjectMap|> 
<|java+class:///cern/colt/map/QuickOpenIntIntHashMap|,|java+class:///cern/colt/map/OpenIntIntHashMap|> 
<|java+class:///cern/colt/matrix/doublealgo/Formatter|,|java+class:///cern/colt/matrix/impl/AbstractFormatter|> 
<|java+class:///cern/colt/matrix/impl/DenseDoubleMatrix1D|,|java+class:///cern/colt/matrix/DoubleMatrix1D|> 
<|java+class:///cern/colt/matrix/impl/DenseDoubleMatrix2D|,|java+class:///cern/colt/matrix/DoubleMatrix2D|> 
<|java+class:///cern/colt/matrix/impl/DenseDoubleMatrix3D|,|java+class:///cern/colt/matrix/DoubleMatrix3D|> 
<|java+class:///cern/colt/matrix/impl/DenseObjectMatrix1D|,|java+class:///cern/colt/matrix/ObjectMatrix1D|> 
<|java+class:///cern/colt/matrix/impl/DenseObjectMatrix2D|,|java+class:///cern/colt/matrix/ObjectMatrix2D|> 
<|java+class:///cern/colt/matrix/impl/DenseObjectMatrix3D|,|java+class:///cern/colt/matrix/ObjectMatrix3D|> 
<|java+class:///cern/colt/matrix/impl/SelectedDenseDoubleMatrix1D|,|java+class:///cern/colt/matrix/DoubleMatrix1D|> 
<|java+class:///cern/colt/matrix/impl/SelectedDenseDoubleMatrix2D|,|java+class:///cern/colt/matrix/DoubleMatrix2D|> 
<|java+class:///cern/colt/matrix/impl/SelectedDenseDoubleMatrix3D|,|java+class:///cern/colt/matrix/DoubleMatrix3D|> 
<|java+class:///cern/colt/matrix/impl/SelectedDenseObjectMatrix1D|,|java+class:///cern/colt/matrix/ObjectMatrix1D|> 
<|java+class:///cern/colt/matrix/impl/SelectedDenseObjectMatrix2D|,|java+class:///cern/colt/matrix/ObjectMatrix2D|> 
<|java+class:///cern/colt/matrix/impl/SelectedDenseObjectMatrix3D|,|java+class:///cern/colt/matrix/ObjectMatrix3D|> 
<|java+class:///cern/colt/matrix/impl/SelectedSparseDoubleMatrix1D|,|java+class:///cern/colt/matrix/DoubleMatrix1D|> 
<|java+class:///cern/colt/matrix/impl/SelectedSparseDoubleMatrix2D|,|java+class:///cern/colt/matrix/DoubleMatrix2D|> 
<|java+class:///cern/colt/matrix/impl/SelectedSparseDoubleMatrix3D|,|java+class:///cern/colt/matrix/DoubleMatrix3D|> 
<|java+class:///cern/colt/matrix/impl/SelectedSparseObjectMatrix1D|,|java+class:///cern/colt/matrix/ObjectMatrix1D|> 
<|java+class:///cern/colt/matrix/impl/SelectedSparseObjectMatrix2D|,|java+class:///cern/colt/matrix/ObjectMatrix2D|> 
<|java+class:///cern/colt/matrix/impl/SelectedSparseObjectMatrix3D|,|java+class:///cern/colt/matrix/ObjectMatrix3D|> 
<|java+class:///cern/colt/matrix/impl/SparseDoubleMatrix1D|,|java+class:///cern/colt/matrix/DoubleMatrix1D|> 
<|java+class:///cern/colt/matrix/impl/SparseDoubleMatrix2D|,|java+class:///cern/colt/matrix/DoubleMatrix2D|> 
<|java+class:///cern/colt/matrix/impl/SparseDoubleMatrix3D|,|java+class:///cern/colt/matrix/DoubleMatrix3D|> 
<|java+class:///cern/colt/matrix/impl/SparseObjectMatrix1D|,|java+class:///cern/colt/matrix/ObjectMatrix1D|> 
<|java+class:///cern/colt/matrix/impl/SparseObjectMatrix2D|,|java+class:///cern/colt/matrix/ObjectMatrix2D|> 
<|java+class:///cern/colt/matrix/impl/SparseObjectMatrix3D|,|java+class:///cern/colt/matrix/ObjectMatrix3D|> 
<|java+class:///cern/colt/matrix/impl/WrapperDoubleMatrix1D|,|java+class:///cern/colt/matrix/DoubleMatrix1D|> 
<|java+class:///cern/colt/matrix/impl/WrapperDoubleMatrix2D|,|java+class:///cern/colt/matrix/DoubleMatrix2D|> 
<|java+class:///cern/colt/matrix/objectalgo/Formatter|,|java+class:///cern/colt/matrix/impl/AbstractFormatter|> 
<|java+class:///cern/jet/random/AbstractDiscreteDistribution|,|java+class:///cern/jet/random/AbstractDistribution|> 
<|java+class:///cern/jet/random/Binomial|,|java+class:///cern/jet/random/AbstractDiscreteDistribution|> 
<|java+class:///cern/jet/random/BreitWignerMeanSquare|,|java+class:///cern/jet/random/BreitWigner|> 
<|java+class:///cern/jet/random/EmpiricalWalker|,|java+class:///cern/jet/random/AbstractDiscreteDistribution|> 
<|java+class:///cern/jet/random/HyperGeometric|,|java+class:///cern/jet/random/AbstractDiscreteDistribution|> 
<|java+class:///cern/jet/random/NegativeBinomial|,|java+class:///cern/jet/random/AbstractDiscreteDistribution|> 
<|java+class:///cern/jet/random/Poisson|,|java+class:///cern/jet/random/AbstractDiscreteDistribution|> 
<|java+class:///cern/jet/random/PoissonSlow|,|java+class:///cern/jet/random/AbstractDiscreteDistribution|> 
<|java+class:///cern/jet/random/Zeta|,|java+class:///cern/jet/random/AbstractDiscreteDistribution|> 
<|java+class:///cern/jet/random/engine/DRand|,|java+class:///cern/jet/random/engine/RandomEngine|> 
<|java+class:///cern/jet/random/engine/MersenneTwister|,|java+class:///cern/jet/random/engine/RandomEngine|> 
<|java+class:///cern/jet/stat/quantile/DoubleBuffer|,|java+class:///cern/jet/stat/quantile/Buffer|> 
<|java+class:///cern/jet/stat/quantile/KnownDoubleQuantileEstimator|,|java+class:///cern/jet/stat/quantile/DoubleQuantileEstimator|> 
<|java+class:///cern/jet/stat/quantile/UnknownDoubleQuantileEstimator|,|java+class:///cern/jet/stat/quantile/DoubleQuantileEstimator|> 
<|java+class:///hep/aida/bin/DynamicBin1D|,|java+class:///hep/aida/bin/QuantileBin1D|> 
<|java+class:///hep/aida/bin/MightyStaticBin1D|,|java+class:///hep/aida/bin/StaticBin1D|> 
<|java+class:///hep/aida/bin/StaticBin1D|,|java+class:///hep/aida/bin/AbstractBin1D|> 
<|java+class:///hep/aida/ref/Histogram2D|,|java+class:///hep/aida/ref/AbstractHistogram2D|> 
<|java+class:///hep/aida/ref/Histogram3D|,|java+class:///hep/aida/ref/AbstractHistogram3D|> 




INTERNAL REUSE TOTAL: 0 

EXTERNAL REUSE TOTAL: 1 
<|java+class:///cern/colt/matrix/bench/Double2DProcedure|,|java+interface:///cern/colt/matrix/bench/TimerProcedure|> 

SUBTYPE TOTAL: 17 
<|java+class:///cern/colt/bitvector/BitVector/IndexProcedure|,|java+interface:///cern/colt/function/IntProcedure|> 
<|java+class:///cern/colt/matrix/bench/Double2DProcedure|,|java+interface:///cern/colt/matrix/bench/TimerProcedure|> 
<|java+class:///cern/colt/matrix/linalg/SeqBlas|,|java+interface:///cern/colt/matrix/linalg/Blas|> 
<|java+class:///cern/colt/matrix/linalg/SmpBlas|,|java+interface:///cern/colt/matrix/linalg/Blas|> 
<|java+class:///cern/jet/math/Mult|,|java+interface:///cern/colt/function/DoubleFunction|> 
<|java+class:///cern/jet/math/PlusMult|,|java+interface:///cern/colt/function/DoubleDoubleFunction|> 
<|java+class:///cern/jet/random/AbstractDistribution|,|java+interface:///cern/colt/function/DoubleFunction|> 
<|java+class:///cern/jet/random/engine/RandomEngine|,|java+interface:///cern/colt/function/DoubleFunction|> 
<|java+class:///cern/jet/random/engine/RandomEngine|,|java+interface:///cern/colt/function/IntFunction|> 
<|java+class:///cern/jet/stat/quantile/DoubleQuantileEstimator|,|java+interface:///cern/jet/stat/quantile/DoubleQuantileFinder|> 
<|java+class:///cern/jet/stat/quantile/ExactDoubleQuantileFinder|,|java+interface:///cern/jet/stat/quantile/DoubleQuantileFinder|> 
<|java+class:///hep/aida/bin/AbstractBin1D|,|java+interface:///cern/colt/buffer/DoubleBufferConsumer|> 
<|java+class:///hep/aida/ref/FixedAxis|,|java+interface:///hep/aida/IAxis|> 
<|java+class:///hep/aida/ref/Histogram1D|,|java+interface:///hep/aida/IHistogram1D|> 
<|java+class:///hep/aida/ref/Histogram2D|,|java+interface:///hep/aida/IHistogram2D|> 
<|java+class:///hep/aida/ref/Histogram3D|,|java+interface:///hep/aida/IHistogram3D|> 
<|java+class:///hep/aida/ref/VariableAxis|,|java+interface:///hep/aida/IAxis|> 

DOWNCALL ACTUAL TOTAL: 0 

DOWNCALL CANDIDATE TOTAL: 0 

CONSTANT TOTAL: 0 

MARKER TOTAL: 0 

SUPER TOTAL: 0 

GENERIC TOTAL: 1 
<|java+class:///cern/jet/stat/quantile/DoubleQuantileEstimator|,|java+interface:///cern/jet/stat/quantile/DoubleQuantileFinder|> 

CATEGORY TOTAL: 9 
<|java+class:///cern/colt/buffer/DoubleBuffer|,|java+interface:///cern/colt/buffer/DoubleBufferConsumer|> 
<|java+class:///cern/colt/list/AbstractDoubleList|,|java+interface:///cern/colt/buffer/DoubleBufferConsumer|> 
<|java+class:///cern/jet/random/AbstractDistribution|,|java+interface:///cern/colt/function/DoubleFunction|> 
<|java+class:///cern/jet/random/AbstractDistribution|,|java+interface:///cern/colt/function/IntFunction|> 
<|java+class:///cern/jet/random/engine/RandomEngine|,|java+interface:///cern/colt/function/DoubleFunction|> 
<|java+class:///cern/jet/random/engine/RandomEngine|,|java+interface:///cern/colt/function/IntFunction|> 
<|java+class:///hep/aida/ref/AbstractHistogram1D|,|java+interface:///hep/aida/IHistogram1D|> 
<|java+class:///hep/aida/ref/AbstractHistogram2D|,|java+interface:///hep/aida/IHistogram2D|> 
<|java+class:///hep/aida/ref/AbstractHistogram3D|,|java+interface:///hep/aida/IHistogram3D|> 

FRAMEWORK TOTAL: 5 
<|java+class:///cern/jet/stat/quantile/DoubleQuantileEstimator|,|java+interface:///cern/jet/stat/quantile/DoubleQuantileFinder|> 
<|java+class:///cern/jet/stat/quantile/ExactDoubleQuantileFinder|,|java+interface:///cern/jet/stat/quantile/DoubleQuantileFinder|> 
<|java+class:///hep/aida/ref/FixedAxis|,|java+interface:///hep/aida/IAxis|> 
<|java+class:///hep/aida/ref/Histogram|,|java+interface:///hep/aida/IHistogram|> 
<|java+class:///hep/aida/ref/VariableAxis|,|java+interface:///hep/aida/IAxis|> 

DOWNCALL TOTAL: 0 




INTERNAL REUSE TOTAL: 0 

EXTERNAL REUSE TOTAL: 3 
<|java+interface:///hep/aida/IHistogram1D|,|java+interface:///hep/aida/IHistogram|> 
<|java+interface:///hep/aida/IHistogram2D|,|java+interface:///hep/aida/IHistogram|> 
<|java+interface:///hep/aida/IHistogram3D|,|java+interface:///hep/aida/IHistogram|> 

SUBTYPE TOTAL: 0 

DOWNCALL ACTUAL TOTAL: 0 

DOWNCALL CANDIDATE TOTAL: 0 

CONSTANT TOTAL: 0 

MARKER TOTAL: 0 

SUPER TOTAL: 0 

GENERIC TOTAL: 0 

CATEGORY TOTAL: 0 

FRAMEWORK TOTAL: 3 
<|java+interface:///hep/aida/IHistogram1D|,|java+interface:///hep/aida/IHistogram|> 
<|java+interface:///hep/aida/IHistogram2D|,|java+interface:///hep/aida/IHistogram|> 
<|java+interface:///hep/aida/IHistogram3D|,|java+interface:///hep/aida/IHistogram|> 

DOWNCALL TOTAL: 0 




