{
  <<|java+class:///cern/colt/matrix/impl/SelectedDenseObjectMatrix3D|,|java+class:///cern/colt/matrix/impl/AbstractMatrix3D|>,<|java+method:///cern/colt/matrix/impl/AbstractMatrix3D/toStringShort()|,|project://colt-1.2.0/src/cern/colt/matrix/impl/AbstractMatrix3D.java|(10917,29,<264,8>,<264,37>)>>,
  <<|java+class:///cern/colt/list/LongArrayList|,|java+class:///cern/colt/list/AbstractLongList|>,<|java+method:///cern/colt/list/AbstractLongList/removeFromTo(int,int)|,|project://colt-1.2.0/src/cern/colt/list/AbstractLongList.java|(23177,56,<515,2>,<515,58>)>>,
  <<|java+class:///cern/colt/list/BooleanArrayList|,|java+class:///cern/colt/list/AbstractBooleanList|>,<|java+method:///cern/colt/list/AbstractBooleanList/beforeInsertDummies(int,int)|,|project://colt-1.2.0/src/cern/colt/list/AbstractBooleanList.java|(4546,53,<93,2>,<93,55>)>>,
  <<|java+class:///cern/colt/matrix/impl/TridiagonalDoubleMatrix2D|,|java+class:///cern/colt/matrix/impl/WrapperDoubleMatrix2D|>,<|java+method:///cern/colt/matrix/impl/WrapperDoubleMatrix2D/viewStrides(int,int)|,|project://colt-1.2.0/src/cern/colt/matrix/impl/WrapperDoubleMatrix2D.java|(16140,282,<392,23>,<399,2>)>>,
  <<|java+class:///cern/colt/matrix/impl/DenseObjectMatrix1D|,|java+class:///cern/colt/matrix/ObjectMatrix1D|>,<|java+method:///cern/colt/matrix/ObjectMatrix1D/toString()|,|project://colt-1.2.0/src/cern/colt/matrix/ObjectMatrix1D.java|(17361,58,<440,8>,<440,66>)>>,
  <<|java+class:///cern/colt/matrix/DoubleMatrix2D|,|java+class:///cern/colt/matrix/impl/AbstractMatrix2D|>,<|java+method:///cern/colt/matrix/impl/AbstractMatrix2D/toStringShort()|,|project://colt-1.2.0/src/cern/colt/matrix/impl/AbstractMatrix2D.java|(8528,29,<211,8>,<211,37>)>>,
  <<|java+class:///cern/colt/matrix/impl/SelectedDenseDoubleMatrix3D|,|java+class:///cern/colt/matrix/DoubleMatrix3D|>,<|java+method:///cern/colt/matrix/DoubleMatrix3D/equals(java.lang.Object)|,|project://colt-1.2.0/src/cern/colt/matrix/DoubleMatrix3D.java|(11941,74,<310,8>,<310,82>)>>,
  <<|java+class:///hep/aida/bin/QuantileBin1D|,|java+class:///hep/aida/bin/AbstractBin1D|>,<|java+method:///hep/aida/bin/AbstractBin1D/buffered(int)|,|project://colt-1.2.0/src/hep/aida/bin/AbstractBin1D.java|(2628,48,<55,8>,<55,56>)>>,
  <<|java+class:///cern/colt/matrix/impl/SelectedSparseDoubleMatrix3D|,|java+class:///cern/colt/matrix/DoubleMatrix3D|>,<|java+method:///cern/colt/matrix/DoubleMatrix3D/copy()|,|project://colt-1.2.0/src/cern/colt/matrix/DoubleMatrix3D.java|(10921,19,<284,8>,<284,27>)>>,
  <<|java+class:///cern/colt/matrix/impl/SelectedSparseDoubleMatrix2D|,|java+class:///cern/colt/matrix/impl/AbstractMatrix2D|>,<|java+method:///cern/colt/matrix/impl/AbstractMatrix2D/toStringShort()|,|project://colt-1.2.0/src/cern/colt/matrix/impl/AbstractMatrix2D.java|(8528,29,<211,8>,<211,37>)>>,
  <<|java+class:///cern/colt/list/ByteArrayList|,|java+class:///cern/colt/list/AbstractByteList|>,<|java+method:///cern/colt/list/AbstractByteList/removeFromTo(int,int)|,|project://colt-1.2.0/src/cern/colt/list/AbstractByteList.java|(23221,56,<515,2>,<515,58>)>>,
  <<|java+class:///cern/colt/matrix/impl/SelectedDenseObjectMatrix2D|,|java+class:///cern/colt/matrix/impl/AbstractMatrix2D|>,<|java+method:///cern/colt/matrix/impl/AbstractMatrix2D/toStringShort()|,|project://colt-1.2.0/src/cern/colt/matrix/impl/AbstractMatrix2D.java|(8528,29,<211,8>,<211,37>)>>,
  <<|java+class:///cern/colt/matrix/impl/SelectedDenseObjectMatrix3D|,|java+class:///cern/colt/matrix/ObjectMatrix3D|>,<|java+method:///cern/colt/matrix/ObjectMatrix3D/copy()|,|project://colt-1.2.0/src/cern/colt/matrix/ObjectMatrix3D.java|(10900,19,<284,8>,<284,27>)>>,
  <<|java+class:///cern/colt/matrix/impl/RCMDoubleMatrix2D|,|java+class:///cern/colt/matrix/impl/WrapperDoubleMatrix2D|>,<|java+method:///cern/colt/matrix/impl/WrapperDoubleMatrix2D/viewPart(int,int,int,int)|,|project://colt-1.2.0/src/cern/colt/matrix/impl/WrapperDoubleMatrix2D.java|(10395,223,<238,23>,<245,2>)>>,
  <<|java+class:///cern/colt/matrix/impl/SelectedDenseDoubleMatrix3D|,|java+class:///cern/colt/matrix/DoubleMatrix3D|>,<|java+method:///cern/colt/matrix/DoubleMatrix3D/equals(double)|,|project://colt-1.2.0/src/cern/colt/matrix/DoubleMatrix3D.java|(11213,59,<293,8>,<293,67>)>>,
  <<|java+class:///cern/colt/matrix/impl/DenseObjectMatrix1D|,|java+class:///cern/colt/matrix/impl/AbstractMatrix1D|>,<|java+method:///cern/colt/matrix/impl/AbstractMatrix1D/toStringShort()|,|project://colt-1.2.0/src/cern/colt/matrix/impl/AbstractMatrix1D.java|(5846,29,<161,8>,<161,37>)>>,
  <<|java+class:///cern/colt/list/IntArrayList|,|java+class:///cern/colt/list/AbstractIntList|>,<|java+method:///cern/colt/list/AbstractIntList/beforeInsertDummies(int,int)|,|project://colt-1.2.0/src/cern/colt/list/AbstractIntList.java|(4831,53,<101,2>,<101,55>)>>,
  <<|java+class:///cern/colt/matrix/impl/RCMDoubleMatrix2D|,|java+class:///cern/colt/matrix/impl/WrapperDoubleMatrix2D|>,<|java+method:///cern/colt/matrix/impl/WrapperDoubleMatrix2D/viewRow(int)|,|project://colt-1.2.0/src/cern/colt/matrix/impl/WrapperDoubleMatrix2D.java|(11507,36,<275,8>,<275,44>)>>,
  <<|java+class:///cern/colt/matrix/impl/TridiagonalDoubleMatrix2D|,|java+class:///cern/colt/matrix/impl/WrapperDoubleMatrix2D|>,<|java+method:///cern/colt/matrix/impl/WrapperDoubleMatrix2D/viewSelection(int%5B%5D,int%5B%5D)|,|project://colt-1.2.0/src/cern/colt/matrix/impl/WrapperDoubleMatrix2D.java|(14590,221,<357,23>,<364,2>)>>,
  <<|java+class:///cern/colt/matrix/impl/RCDoubleMatrix2D|,|java+class:///cern/colt/matrix/impl/WrapperDoubleMatrix2D|>,<|java+method:///cern/colt/matrix/impl/WrapperDoubleMatrix2D/viewColumnFlip()|,|project://colt-1.2.0/src/cern/colt/matrix/impl/WrapperDoubleMatrix2D.java|(7175,249,<162,23>,<169,2>)>>,
  <<|java+class:///cern/colt/matrix/impl/SelectedDenseDoubleMatrix1D|,|java+class:///cern/colt/matrix/DoubleMatrix1D|>,<|java+method:///cern/colt/matrix/DoubleMatrix1D/copy()|,|project://colt-1.2.0/src/cern/colt/matrix/DoubleMatrix1D.java|(11131,17,<296,1>,<296,18>)>>,
  <<|java+class:///cern/colt/matrix/impl/DenseDoubleMatrix1D|,|java+class:///cern/colt/matrix/DoubleMatrix1D|>,<|java+method:///cern/colt/matrix/DoubleMatrix1D/equals(double)|,|project://colt-1.2.0/src/cern/colt/matrix/DoubleMatrix1D.java|(11436,59,<306,8>,<306,67>)>>,
  <<|java+class:///cern/colt/list/ByteArrayList|,|java+class:///cern/colt/list/AbstractByteList|>,<|java+method:///cern/colt/list/AbstractByteList/beforeInsertDummies(int,int)|,|project://colt-1.2.0/src/cern/colt/list/AbstractByteList.java|(4564,53,<94,2>,<94,55>)>>,
  <<|java+class:///cern/colt/matrix/impl/DelegateDoubleMatrix1D|,|java+class:///cern/colt/matrix/DoubleMatrix1D|>,<|java+method:///cern/colt/matrix/DoubleMatrix1D/viewSorted()|,|project://colt-1.2.0/src/cern/colt/matrix/DoubleMatrix1D.java|(26410,56,<677,8>,<677,64>)>>,
  <<|java+class:///cern/colt/matrix/impl/SparseDoubleMatrix2D|,|java+class:///cern/colt/matrix/impl/AbstractMatrix2D|>,<|java+method:///cern/colt/matrix/impl/AbstractMatrix2D/toStringShort()|,|project://colt-1.2.0/src/cern/colt/matrix/impl/AbstractMatrix2D.java|(8528,29,<211,8>,<211,37>)>>,
  <<|java+class:///cern/colt/matrix/impl/TridiagonalDoubleMatrix2D|,|java+class:///cern/colt/matrix/impl/WrapperDoubleMatrix2D|>,<|java+method:///cern/colt/matrix/impl/WrapperDoubleMatrix2D/viewColumnFlip()|,|project://colt-1.2.0/src/cern/colt/matrix/impl/WrapperDoubleMatrix2D.java|(7175,249,<162,23>,<169,2>)>>,
  <<|java+class:///cern/colt/matrix/impl/SelectedSparseObjectMatrix1D|,|java+class:///cern/colt/matrix/ObjectMatrix1D|>,<|java+method:///cern/colt/matrix/ObjectMatrix1D/viewSorted()|,|project://colt-1.2.0/src/cern/colt/matrix/ObjectMatrix1D.java|(22692,56,<570,8>,<570,64>)>>,
  <<|java+class:///cern/colt/matrix/impl/RCDoubleMatrix2D|,|java+class:///cern/colt/matrix/impl/WrapperDoubleMatrix2D|>,<|java+method:///cern/colt/matrix/impl/WrapperDoubleMatrix2D/viewSelection(int%5B%5D,int%5B%5D)|,|project://colt-1.2.0/src/cern/colt/matrix/impl/WrapperDoubleMatrix2D.java|(14590,221,<357,23>,<364,2>)>>,
  <<|java+class:///cern/colt/matrix/impl/SelectedDenseDoubleMatrix1D|,|java+class:///cern/colt/matrix/DoubleMatrix1D|>,<|java+method:///cern/colt/matrix/DoubleMatrix1D/equals(double)|,|project://colt-1.2.0/src/cern/colt/matrix/DoubleMatrix1D.java|(11436,59,<306,8>,<306,67>)>>,
  <<|java+class:///cern/colt/matrix/impl/DenseDoubleMatrix1D|,|java+class:///cern/colt/matrix/DoubleMatrix1D|>,<|java+method:///cern/colt/matrix/DoubleMatrix1D/copy()|,|project://colt-1.2.0/src/cern/colt/matrix/DoubleMatrix1D.java|(11131,17,<296,1>,<296,18>)>>,
  <<|java+class:///cern/colt/matrix/impl/WrapperDoubleMatrix2D|,|java+class:///cern/colt/matrix/impl/AbstractMatrix2D|>,<|java+method:///cern/colt/matrix/impl/AbstractMatrix2D/toStringShort()|,|project://colt-1.2.0/src/cern/colt/matrix/impl/AbstractMatrix2D.java|(8528,29,<211,8>,<211,37>)>>,
  <<|java+class:///cern/colt/matrix/impl/SelectedSparseObjectMatrix2D|,|java+class:///cern/colt/matrix/ObjectMatrix2D|>,<|java+method:///cern/colt/matrix/ObjectMatrix2D/toString()|,|project://colt-1.2.0/src/cern/colt/matrix/ObjectMatrix2D.java|(19979,58,<488,8>,<488,66>)>>,
  <<|java+class:///cern/colt/matrix/impl/DenseDoubleMatrix3D|,|java+class:///cern/colt/matrix/DoubleMatrix3D|>,<|java+method:///cern/colt/matrix/DoubleMatrix3D/toString()|,|project://colt-1.2.0/src/cern/colt/matrix/DoubleMatrix3D.java|(20905,58,<487,8>,<487,66>)>>,
  <<|java+class:///cern/colt/matrix/impl/SparseObjectMatrix2D|,|java+class:///cern/colt/matrix/ObjectMatrix2D|>,<|java+method:///cern/colt/matrix/ObjectMatrix2D/viewSorted(int)|,|project://colt-1.2.0/src/cern/colt/matrix/ObjectMatrix2D.java|(31728,63,<783,8>,<783,71>)>>,
  <<|java+class:///cern/colt/matrix/impl/RCMDoubleMatrix2D|,|java+class:///cern/colt/matrix/DoubleMatrix2D|>,<|java+method:///cern/colt/matrix/DoubleMatrix2D/toString()|,|project://colt-1.2.0/src/cern/colt/matrix/DoubleMatrix2D.java|(20311,58,<493,8>,<493,66>)>>,
  <<|java+class:///cern/colt/matrix/impl/SelectedDenseObjectMatrix3D|,|java+class:///cern/colt/matrix/ObjectMatrix3D|>,<|java+method:///cern/colt/matrix/ObjectMatrix3D/viewSorted(int,int)|,|project://colt-1.2.0/src/cern/colt/matrix/ObjectMatrix3D.java|(34976,67,<781,8>,<781,75>)>>,
  <<|java+class:///cern/colt/list/DistinctNumberList|,|java+class:///cern/colt/list/AbstractLongList|>,<|java+method:///cern/colt/list/AbstractLongList/times(int)|,|project://colt-1.2.0/src/cern/colt/list/AbstractLongList.java|(32496,39,<757,2>,<757,41>)>>,
  <<|java+class:///cern/colt/matrix/impl/RCDoubleMatrix2D|,|java+class:///cern/colt/matrix/impl/WrapperDoubleMatrix2D|>,<|java+method:///cern/colt/matrix/impl/WrapperDoubleMatrix2D/viewStrides(int,int)|,|project://colt-1.2.0/src/cern/colt/matrix/impl/WrapperDoubleMatrix2D.java|(16140,282,<392,23>,<399,2>)>>,
  <<|java+class:///cern/colt/matrix/impl/DelegateDoubleMatrix1D|,|java+class:///cern/colt/matrix/DoubleMatrix1D|>,<|java+method:///cern/colt/matrix/DoubleMatrix1D/toString()|,|project://colt-1.2.0/src/cern/colt/matrix/DoubleMatrix1D.java|(21079,58,<547,8>,<547,66>)>>,
  <<|java+class:///cern/colt/matrix/impl/SelectedSparseDoubleMatrix3D|,|java+class:///cern/colt/matrix/DoubleMatrix3D|>,<|java+method:///cern/colt/matrix/DoubleMatrix3D/viewSorted(int,int)|,|project://colt-1.2.0/src/cern/colt/matrix/DoubleMatrix3D.java|(33895,67,<753,8>,<753,75>)>>,
  <<|java+class:///cern/colt/matrix/impl/SparseDoubleMatrix3D|,|java+class:///cern/colt/matrix/impl/AbstractMatrix3D|>,<|java+method:///cern/colt/matrix/impl/AbstractMatrix3D/toStringShort()|,|project://colt-1.2.0/src/cern/colt/matrix/impl/AbstractMatrix3D.java|(10917,29,<264,8>,<264,37>)>>,
  <<|java+class:///cern/colt/list/DistinctNumberList|,|java+class:///cern/colt/list/AbstractLongList|>,<|java+method:///cern/colt/list/AbstractLongList/beforeInsertDummies(int,int)|,|project://colt-1.2.0/src/cern/colt/list/AbstractLongList.java|(4516,53,<94,2>,<94,55>)>>,
  <<|java+class:///cern/colt/matrix/impl/DenseObjectMatrix1D|,|java+class:///cern/colt/matrix/ObjectMatrix1D|>,<|java+method:///cern/colt/matrix/ObjectMatrix1D/copy()|,|project://colt-1.2.0/src/cern/colt/matrix/ObjectMatrix1D.java|(8155,17,<211,1>,<211,18>)>>,
  <<|java+class:///cern/colt/matrix/impl/RCMDoubleMatrix2D|,|java+class:///cern/colt/matrix/DoubleMatrix2D|>,<|java+method:///cern/colt/matrix/DoubleMatrix2D/viewSorted(int)|,|project://colt-1.2.0/src/cern/colt/matrix/DoubleMatrix2D.java|(32060,63,<788,8>,<788,71>)>>,
  <<|java+class:///cern/colt/matrix/impl/DenseObjectMatrix3D|,|java+class:///cern/colt/matrix/ObjectMatrix3D|>,<|java+method:///cern/colt/matrix/ObjectMatrix3D/toString()|,|project://colt-1.2.0/src/cern/colt/matrix/ObjectMatrix3D.java|(21986,58,<515,8>,<515,66>)>>,
  <<|java+class:///cern/colt/matrix/impl/SparseObjectMatrix2D|,|java+class:///cern/colt/matrix/ObjectMatrix2D|>,<|java+method:///cern/colt/matrix/ObjectMatrix2D/copy()|,|project://colt-1.2.0/src/cern/colt/matrix/ObjectMatrix2D.java|(9696,19,<256,8>,<256,27>)>>,
  <<|java+class:///cern/colt/matrix/impl/SelectedSparseObjectMatrix2D|,|java+class:///cern/colt/matrix/ObjectMatrix2D|>,<|java+method:///cern/colt/matrix/ObjectMatrix2D/viewSorted(int)|,|project://colt-1.2.0/src/cern/colt/matrix/ObjectMatrix2D.java|(31728,63,<783,8>,<783,71>)>>,
  <<|java+class:///cern/colt/matrix/impl/WrapperDoubleMatrix2D|,|java+class:///cern/colt/matrix/DoubleMatrix2D|>,<|java+method:///cern/colt/matrix/DoubleMatrix2D/copy()|,|project://colt-1.2.0/src/cern/colt/matrix/DoubleMatrix2D.java|(10031,19,<264,8>,<264,27>)>>,
  <<|java+class:///cern/colt/matrix/impl/RCMDoubleMatrix2D|,|java+class:///cern/colt/matrix/impl/WrapperDoubleMatrix2D|>,<|java+method:///cern/colt/matrix/impl/WrapperDoubleMatrix2D/viewColumnFlip()|,|project://colt-1.2.0/src/cern/colt/matrix/impl/WrapperDoubleMatrix2D.java|(7175,249,<162,23>,<169,2>)>>,
  <<|java+class:///cern/colt/matrix/impl/SelectedDenseObjectMatrix3D|,|java+class:///cern/colt/matrix/ObjectMatrix3D|>,<|java+method:///cern/colt/matrix/ObjectMatrix3D/toString()|,|project://colt-1.2.0/src/cern/colt/matrix/ObjectMatrix3D.java|(21986,58,<515,8>,<515,66>)>>,
  <<|java+class:///cern/colt/matrix/impl/SparseObjectMatrix2D|,|java+class:///cern/colt/matrix/ObjectMatrix2D|>,<|java+method:///cern/colt/matrix/ObjectMatrix2D/toString()|,|project://colt-1.2.0/src/cern/colt/matrix/ObjectMatrix2D.java|(19979,58,<488,8>,<488,66>)>>,
  <<|java+class:///cern/colt/matrix/impl/SparseDoubleMatrix2D|,|java+class:///cern/colt/matrix/DoubleMatrix2D|>,<|java+method:///cern/colt/matrix/DoubleMatrix2D/equals(java.lang.Object)|,|project://colt-1.2.0/src/cern/colt/matrix/DoubleMatrix2D.java|(11043,74,<290,8>,<290,82>)>>,
  <<|java+class:///cern/colt/matrix/impl/DenseDoubleMatrix2D|,|java+class:///cern/colt/matrix/DoubleMatrix2D|>,<|java+method:///cern/colt/matrix/DoubleMatrix2D/toString()|,|project://colt-1.2.0/src/cern/colt/matrix/DoubleMatrix2D.java|(20311,58,<493,8>,<493,66>)>>,
  <<|java+class:///cern/colt/matrix/impl/RCDoubleMatrix2D|,|java+class:///cern/colt/matrix/impl/WrapperDoubleMatrix2D|>,<|java+method:///cern/colt/matrix/impl/WrapperDoubleMatrix2D/viewRow(int)|,|project://colt-1.2.0/src/cern/colt/matrix/impl/WrapperDoubleMatrix2D.java|(11507,36,<275,8>,<275,44>)>>,
  <<|java+class:///cern/colt/matrix/impl/WrapperDoubleMatrix1D|,|java+class:///cern/colt/matrix/impl/AbstractMatrix1D|>,<|java+method:///cern/colt/matrix/impl/AbstractMatrix1D/toStringShort()|,|project://colt-1.2.0/src/cern/colt/matrix/impl/AbstractMatrix1D.java|(5846,29,<161,8>,<161,37>)>>,
  <<|java+class:///cern/colt/matrix/impl/DenseDoubleMatrix3D|,|java+class:///cern/colt/matrix/DoubleMatrix3D|>,<|java+method:///cern/colt/matrix/DoubleMatrix3D/equals(double)|,|project://colt-1.2.0/src/cern/colt/matrix/DoubleMatrix3D.java|(11213,59,<293,8>,<293,67>)>>,
  <<|java+class:///cern/colt/matrix/impl/DelegateDoubleMatrix1D|,|java+class:///cern/colt/matrix/DoubleMatrix1D|>,<|java+method:///cern/colt/matrix/DoubleMatrix1D/equals(double)|,|project://colt-1.2.0/src/cern/colt/matrix/DoubleMatrix1D.java|(11436,59,<306,8>,<306,67>)>>,
  <<|java+class:///cern/colt/matrix/impl/TridiagonalDoubleMatrix2D|,|java+class:///cern/colt/matrix/DoubleMatrix2D|>,<|java+method:///cern/colt/matrix/DoubleMatrix2D/toString()|,|project://colt-1.2.0/src/cern/colt/matrix/DoubleMatrix2D.java|(20311,58,<493,8>,<493,66>)>>,
  <<|java+class:///cern/colt/matrix/impl/DenseObjectMatrix3D|,|java+class:///cern/colt/matrix/ObjectMatrix3D|>,<|java+method:///cern/colt/matrix/ObjectMatrix3D/viewSorted(int,int)|,|project://colt-1.2.0/src/cern/colt/matrix/ObjectMatrix3D.java|(34976,67,<781,8>,<781,75>)>>,
  <<|java+class:///cern/colt/matrix/impl/DenseDoubleMatrix1D|,|java+class:///cern/colt/matrix/DoubleMatrix1D|>,<|java+method:///cern/colt/matrix/DoubleMatrix1D/viewSorted()|,|project://colt-1.2.0/src/cern/colt/matrix/DoubleMatrix1D.java|(26410,56,<677,8>,<677,64>)>>,
  <<|java+class:///cern/colt/list/CharArrayList|,|java+class:///cern/colt/list/AbstractCharList|>,<|java+method:///cern/colt/list/AbstractCharList/times(int)|,|project://colt-1.2.0/src/cern/colt/list/AbstractCharList.java|(32547,39,<757,2>,<757,41>)>>,
  <<|java+class:///cern/colt/matrix/impl/SparseDoubleMatrix1D|,|java+class:///cern/colt/matrix/DoubleMatrix1D|>,<|java+method:///cern/colt/matrix/DoubleMatrix1D/equals(java.lang.Object)|,|project://colt-1.2.0/src/cern/colt/matrix/DoubleMatrix1D.java|(12131,74,<323,8>,<323,82>)>>,
  <<|java+class:///cern/colt/matrix/impl/WrapperDoubleMatrix2D|,|java+class:///cern/colt/matrix/DoubleMatrix2D|>,<|java+method:///cern/colt/matrix/DoubleMatrix2D/equals(java.lang.Object)|,|project://colt-1.2.0/src/cern/colt/matrix/DoubleMatrix2D.java|(11043,74,<290,8>,<290,82>)>>,
  <<|java+class:///cern/colt/matrix/impl/RCDoubleMatrix2D|,|java+class:///cern/colt/matrix/impl/WrapperDoubleMatrix2D|>,<|java+method:///cern/colt/matrix/impl/WrapperDoubleMatrix2D/viewPart(int,int,int,int)|,|project://colt-1.2.0/src/cern/colt/matrix/impl/WrapperDoubleMatrix2D.java|(10395,223,<238,23>,<245,2>)>>,
  <<|java+class:///cern/colt/matrix/impl/SelectedDenseObjectMatrix1D|,|java+class:///cern/colt/matrix/impl/AbstractMatrix1D|>,<|java+method:///cern/colt/matrix/impl/AbstractMatrix1D/toStringShort()|,|project://colt-1.2.0/src/cern/colt/matrix/impl/AbstractMatrix1D.java|(5846,29,<161,8>,<161,37>)>>,
  <<|java+class:///cern/colt/matrix/impl/SparseDoubleMatrix2D|,|java+class:///cern/colt/matrix/DoubleMatrix2D|>,<|java+method:///cern/colt/matrix/DoubleMatrix2D/copy()|,|project://colt-1.2.0/src/cern/colt/matrix/DoubleMatrix2D.java|(10031,19,<264,8>,<264,27>)>>,
  <<|java+class:///cern/colt/matrix/impl/SelectedDenseObjectMatrix1D|,|java+class:///cern/colt/matrix/ObjectMatrix1D|>,<|java+method:///cern/colt/matrix/ObjectMatrix1D/toString()|,|project://colt-1.2.0/src/cern/colt/matrix/ObjectMatrix1D.java|(17361,58,<440,8>,<440,66>)>>,
  <<|java+class:///cern/colt/matrix/impl/SparseDoubleMatrix3D|,|java+class:///cern/colt/matrix/DoubleMatrix3D|>,<|java+method:///cern/colt/matrix/DoubleMatrix3D/copy()|,|project://colt-1.2.0/src/cern/colt/matrix/DoubleMatrix3D.java|(10921,19,<284,8>,<284,27>)>>,
  <<|java+class:///cern/colt/matrix/impl/DenseDoubleMatrix3D|,|java+class:///cern/colt/matrix/DoubleMatrix3D|>,<|java+method:///cern/colt/matrix/DoubleMatrix3D/equals(java.lang.Object)|,|project://colt-1.2.0/src/cern/colt/matrix/DoubleMatrix3D.java|(11941,74,<310,8>,<310,82>)>>,
  <<|java+class:///cern/colt/matrix/impl/DenseDoubleMatrix2D|,|java+class:///cern/colt/matrix/DoubleMatrix2D|>,<|java+method:///cern/colt/matrix/DoubleMatrix2D/viewSorted(int)|,|project://colt-1.2.0/src/cern/colt/matrix/DoubleMatrix2D.java|(32060,63,<788,8>,<788,71>)>>,
  <<|java+class:///cern/colt/matrix/impl/WrapperDoubleMatrix1D|,|java+class:///cern/colt/matrix/DoubleMatrix1D|>,<|java+method:///cern/colt/matrix/DoubleMatrix1D/equals(java.lang.Object)|,|project://colt-1.2.0/src/cern/colt/matrix/DoubleMatrix1D.java|(12131,74,<323,8>,<323,82>)>>,
  <<|java+class:///cern/colt/matrix/impl/SelectedSparseObjectMatrix2D|,|java+class:///cern/colt/matrix/ObjectMatrix2D|>,<|java+method:///cern/colt/matrix/ObjectMatrix2D/copy()|,|project://colt-1.2.0/src/cern/colt/matrix/ObjectMatrix2D.java|(9696,19,<256,8>,<256,27>)>>,
  <<|java+class:///cern/colt/matrix/impl/WrapperDoubleMatrix2D|,|java+class:///cern/colt/matrix/DoubleMatrix2D|>,<|java+method:///cern/colt/matrix/DoubleMatrix2D/equals(double)|,|project://colt-1.2.0/src/cern/colt/matrix/DoubleMatrix2D.java|(10323,59,<273,8>,<273,67>)>>,
  <<|java+class:///cern/colt/matrix/impl/SparseDoubleMatrix1D|,|java+class:///cern/colt/matrix/impl/AbstractMatrix1D|>,<|java+method:///cern/colt/matrix/impl/AbstractMatrix1D/toStringShort()|,|project://colt-1.2.0/src/cern/colt/matrix/impl/AbstractMatrix1D.java|(5846,29,<161,8>,<161,37>)>>,
  <<|java+class:///cern/colt/list/FloatArrayList|,|java+class:///cern/colt/list/AbstractFloatList|>,<|java+method:///cern/colt/list/AbstractFloatList/removeFromTo(int,int)|,|project://colt-1.2.0/src/cern/colt/list/AbstractFloatList.java|(23266,56,<515,2>,<515,58>)>>,
  <<|java+class:///cern/colt/matrix/impl/TridiagonalDoubleMatrix2D|,|java+class:///cern/colt/matrix/DoubleMatrix2D|>,<|java+method:///cern/colt/matrix/DoubleMatrix2D/viewSorted(int)|,|project://colt-1.2.0/src/cern/colt/matrix/DoubleMatrix2D.java|(32060,63,<788,8>,<788,71>)>>,
  <<|java+class:///cern/colt/matrix/impl/SparseDoubleMatrix2D|,|java+class:///cern/colt/matrix/DoubleMatrix2D|>,<|java+method:///cern/colt/matrix/DoubleMatrix2D/equals(double)|,|project://colt-1.2.0/src/cern/colt/matrix/DoubleMatrix2D.java|(10323,59,<273,8>,<273,67>)>>,
  <<|java+class:///cern/colt/matrix/impl/SelectedDenseDoubleMatrix1D|,|java+class:///cern/colt/matrix/DoubleMatrix1D|>,<|java+method:///cern/colt/matrix/DoubleMatrix1D/toString()|,|project://colt-1.2.0/src/cern/colt/matrix/DoubleMatrix1D.java|(21079,58,<547,8>,<547,66>)>>,
  <<|java+class:///cern/colt/list/CharArrayList|,|java+class:///cern/colt/list/AbstractCharList|>,<|java+method:///cern/colt/list/AbstractCharList/removeFromTo(int,int)|,|project://colt-1.2.0/src/cern/colt/list/AbstractCharList.java|(23225,56,<515,2>,<515,58>)>>,
  <<|java+class:///cern/colt/matrix/impl/RCDoubleMatrix2D|,|java+class:///cern/colt/matrix/DoubleMatrix2D|>,<|java+method:///cern/colt/matrix/DoubleMatrix2D/viewSorted(int)|,|project://colt-1.2.0/src/cern/colt/matrix/DoubleMatrix2D.java|(32060,63,<788,8>,<788,71>)>>,
  <<|java+class:///cern/colt/matrix/impl/DelegateDoubleMatrix1D|,|java+class:///cern/colt/matrix/impl/WrapperDoubleMatrix1D|>,<|java+method:///cern/colt/matrix/impl/WrapperDoubleMatrix1D/viewSelection(int%5B%5D)|,|project://colt-1.2.0/src/cern/colt/matrix/impl/WrapperDoubleMatrix1D.java|(7132,193,<167,23>,<174,2>)>>,
  <<|java+class:///cern/colt/matrix/impl/SelectedDenseObjectMatrix1D|,|java+class:///cern/colt/matrix/ObjectMatrix1D|>,<|java+method:///cern/colt/matrix/ObjectMatrix1D/copy()|,|project://colt-1.2.0/src/cern/colt/matrix/ObjectMatrix1D.java|(8155,17,<211,1>,<211,18>)>>,
  <<|java+class:///cern/colt/matrix/DoubleMatrix1D|,|java+class:///cern/colt/matrix/impl/AbstractMatrix1D|>,<|java+method:///cern/colt/matrix/impl/AbstractMatrix1D/toStringShort()|,|project://colt-1.2.0/src/cern/colt/matrix/impl/AbstractMatrix1D.java|(5846,29,<161,8>,<161,37>)>>,
  <<|java+class:///cern/colt/matrix/impl/SelectedSparseDoubleMatrix1D|,|java+class:///cern/colt/matrix/impl/AbstractMatrix1D|>,<|java+method:///cern/colt/matrix/impl/AbstractMatrix1D/toStringShort()|,|project://colt-1.2.0/src/cern/colt/matrix/impl/AbstractMatrix1D.java|(5846,29,<161,8>,<161,37>)>>,
  <<|java+class:///cern/colt/matrix/impl/DenseDoubleMatrix1D|,|java+class:///cern/colt/matrix/DoubleMatrix1D|>,<|java+method:///cern/colt/matrix/DoubleMatrix1D/toString()|,|project://colt-1.2.0/src/cern/colt/matrix/DoubleMatrix1D.java|(21079,58,<547,8>,<547,66>)>>,
  <<|java+class:///cern/colt/list/SimpleLongArrayList|,|java+class:///cern/colt/list/AbstractLongList|>,<|java+method:///cern/colt/list/AbstractLongList/times(int)|,|project://colt-1.2.0/src/cern/colt/list/AbstractLongList.java|(32496,39,<757,2>,<757,41>)>>,
  <<|java+class:///cern/colt/list/MinMaxNumberList|,|java+class:///cern/colt/list/AbstractLongList|>,<|java+method:///cern/colt/list/AbstractLongList/times(int)|,|project://colt-1.2.0/src/cern/colt/list/AbstractLongList.java|(32496,39,<757,2>,<757,41>)>>,
  <<|java+class:///cern/colt/matrix/impl/SelectedSparseDoubleMatrix2D|,|java+class:///cern/colt/matrix/DoubleMatrix2D|>,<|java+method:///cern/colt/matrix/DoubleMatrix2D/copy()|,|project://colt-1.2.0/src/cern/colt/matrix/DoubleMatrix2D.java|(10031,19,<264,8>,<264,27>)>>,
  <<|java+class:///cern/colt/list/SimpleLongArrayList|,|java+class:///cern/colt/list/AbstractLongList|>,<|java+method:///cern/colt/list/AbstractLongList/beforeInsertDummies(int,int)|,|project://colt-1.2.0/src/cern/colt/list/AbstractLongList.java|(4516,53,<94,2>,<94,55>)>>,
  <<|java+class:///cern/colt/list/DoubleArrayList|,|java+class:///cern/colt/list/AbstractDoubleList|>,<|java+method:///cern/colt/list/AbstractDoubleList/removeFromTo(int,int)|,|project://colt-1.2.0/src/cern/colt/list/AbstractDoubleList.java|(23682,56,<525,2>,<525,58>)>>,
  <<|java+class:///cern/colt/list/MinMaxNumberList|,|java+class:///cern/colt/list/AbstractLongList|>,<|java+method:///cern/colt/list/AbstractLongList/beforeInsertDummies(int,int)|,|project://colt-1.2.0/src/cern/colt/list/AbstractLongList.java|(4516,53,<94,2>,<94,55>)>>,
  <<|java+class:///cern/colt/matrix/impl/DenseObjectMatrix3D|,|java+class:///cern/colt/matrix/ObjectMatrix3D|>,<|java+method:///cern/colt/matrix/ObjectMatrix3D/copy()|,|project://colt-1.2.0/src/cern/colt/matrix/ObjectMatrix3D.java|(10900,19,<284,8>,<284,27>)>>,
  <<|java+class:///cern/colt/matrix/impl/SparseDoubleMatrix3D|,|java+class:///cern/colt/matrix/DoubleMatrix3D|>,<|java+method:///cern/colt/matrix/DoubleMatrix3D/viewSorted(int,int)|,|project://colt-1.2.0/src/cern/colt/matrix/DoubleMatrix3D.java|(33895,67,<753,8>,<753,75>)>>,
  <<|java+class:///cern/colt/list/BooleanArrayList|,|java+class:///cern/colt/list/AbstractBooleanList|>,<|java+method:///cern/colt/list/AbstractBooleanList/removeFromTo(int,int)|,|project://colt-1.2.0/src/cern/colt/list/AbstractBooleanList.java|(17372,56,<391,2>,<391,58>)>>,
  <<|java+class:///cern/colt/matrix/impl/RCMDoubleMatrix2D|,|java+class:///cern/colt/matrix/impl/WrapperDoubleMatrix2D|>,<|java+method:///cern/colt/matrix/impl/WrapperDoubleMatrix2D/viewStrides(int,int)|,|project://colt-1.2.0/src/cern/colt/matrix/impl/WrapperDoubleMatrix2D.java|(16140,282,<392,23>,<399,2>)>>,
  <<|java+class:///cern/colt/matrix/DoubleMatrix3D|,|java+class:///cern/colt/matrix/impl/AbstractMatrix3D|>,<|java+method:///cern/colt/matrix/impl/AbstractMatrix3D/toStringShort()|,|project://colt-1.2.0/src/cern/colt/matrix/impl/AbstractMatrix3D.java|(10917,29,<264,8>,<264,37>)>>,
  <<|java+class:///cern/colt/matrix/impl/SelectedSparseDoubleMatrix3D|,|java+class:///cern/colt/matrix/impl/AbstractMatrix3D|>,<|java+method:///cern/colt/matrix/impl/AbstractMatrix3D/toStringShort()|,|project://colt-1.2.0/src/cern/colt/matrix/impl/AbstractMatrix3D.java|(10917,29,<264,8>,<264,37>)>>,
  <<|java+class:///cern/colt/matrix/impl/SelectedDenseDoubleMatrix2D|,|java+class:///cern/colt/matrix/DoubleMatrix2D|>,<|java+method:///cern/colt/matrix/DoubleMatrix2D/toString()|,|project://colt-1.2.0/src/cern/colt/matrix/DoubleMatrix2D.java|(20311,58,<493,8>,<493,66>)>>,
  <<|java+class:///cern/colt/matrix/impl/SelectedSparseDoubleMatrix2D|,|java+class:///cern/colt/matrix/DoubleMatrix2D|>,<|java+method:///cern/colt/matrix/DoubleMatrix2D/equals(java.lang.Object)|,|project://colt-1.2.0/src/cern/colt/matrix/DoubleMatrix2D.java|(11043,74,<290,8>,<290,82>)>>,
  <<|java+class:///cern/colt/matrix/impl/RCDoubleMatrix2D|,|java+class:///cern/colt/matrix/DoubleMatrix2D|>,<|java+method:///cern/colt/matrix/DoubleMatrix2D/toString()|,|project://colt-1.2.0/src/cern/colt/matrix/DoubleMatrix2D.java|(20311,58,<493,8>,<493,66>)>>,
  <<|java+class:///cern/colt/matrix/impl/SelectedDenseDoubleMatrix3D|,|java+class:///cern/colt/matrix/DoubleMatrix3D|>,<|java+method:///cern/colt/matrix/DoubleMatrix3D/toString()|,|project://colt-1.2.0/src/cern/colt/matrix/DoubleMatrix3D.java|(20905,58,<487,8>,<487,66>)>>,
  <<|java+class:///cern/colt/matrix/impl/SelectedDenseDoubleMatrix1D|,|java+class:///cern/colt/matrix/DoubleMatrix1D|>,<|java+method:///cern/colt/matrix/DoubleMatrix1D/viewSorted()|,|project://colt-1.2.0/src/cern/colt/matrix/DoubleMatrix1D.java|(26410,56,<677,8>,<677,64>)>>,
  <<|java+class:///cern/colt/matrix/impl/DelegateDoubleMatrix1D|,|java+class:///cern/colt/matrix/DoubleMatrix1D|>,<|java+method:///cern/colt/matrix/DoubleMatrix1D/copy()|,|project://colt-1.2.0/src/cern/colt/matrix/DoubleMatrix1D.java|(11131,17,<296,1>,<296,18>)>>,
  <<|java+class:///cern/colt/matrix/impl/SelectedSparseDoubleMatrix1D|,|java+class:///cern/colt/matrix/DoubleMatrix1D|>,<|java+method:///cern/colt/matrix/DoubleMatrix1D/equals(java.lang.Object)|,|project://colt-1.2.0/src/cern/colt/matrix/DoubleMatrix1D.java|(12131,74,<323,8>,<323,82>)>>,
  <<|java+class:///cern/colt/matrix/impl/TridiagonalDoubleMatrix2D|,|java+class:///cern/colt/matrix/impl/WrapperDoubleMatrix2D|>,<|java+method:///cern/colt/matrix/impl/WrapperDoubleMatrix2D/viewPart(int,int,int,int)|,|project://colt-1.2.0/src/cern/colt/matrix/impl/WrapperDoubleMatrix2D.java|(10395,223,<238,23>,<245,2>)>>,
  <<|java+class:///cern/colt/matrix/impl/SelectedSparseDoubleMatrix2D|,|java+class:///cern/colt/matrix/DoubleMatrix2D|>,<|java+method:///cern/colt/matrix/DoubleMatrix2D/equals(double)|,|project://colt-1.2.0/src/cern/colt/matrix/DoubleMatrix2D.java|(10323,59,<273,8>,<273,67>)>>,
  <<|java+class:///cern/colt/matrix/impl/RCMDoubleMatrix2D|,|java+class:///cern/colt/matrix/impl/WrapperDoubleMatrix2D|>,<|java+method:///cern/colt/matrix/impl/WrapperDoubleMatrix2D/viewSelection(int%5B%5D,int%5B%5D)|,|project://colt-1.2.0/src/cern/colt/matrix/impl/WrapperDoubleMatrix2D.java|(14590,221,<357,23>,<364,2>)>>,
  <<|java+class:///cern/colt/matrix/impl/SelectedDenseDoubleMatrix2D|,|java+class:///cern/colt/matrix/DoubleMatrix2D|>,<|java+method:///cern/colt/matrix/DoubleMatrix2D/viewSorted(int)|,|project://colt-1.2.0/src/cern/colt/matrix/DoubleMatrix2D.java|(32060,63,<788,8>,<788,71>)>>,
  <<|java+class:///cern/colt/matrix/impl/DenseObjectMatrix3D|,|java+class:///cern/colt/matrix/impl/AbstractMatrix3D|>,<|java+method:///cern/colt/matrix/impl/AbstractMatrix3D/toStringShort()|,|project://colt-1.2.0/src/cern/colt/matrix/impl/AbstractMatrix3D.java|(10917,29,<264,8>,<264,37>)>>,
  <<|java+class:///cern/colt/matrix/impl/SparseObjectMatrix1D|,|java+class:///cern/colt/matrix/ObjectMatrix1D|>,<|java+method:///cern/colt/matrix/ObjectMatrix1D/viewSorted()|,|project://colt-1.2.0/src/cern/colt/matrix/ObjectMatrix1D.java|(22692,56,<570,8>,<570,64>)>>,
  <<|java+class:///cern/colt/list/ByteArrayList|,|java+class:///cern/colt/list/AbstractByteList|>,<|java+method:///cern/colt/list/AbstractByteList/times(int)|,|project://colt-1.2.0/src/cern/colt/list/AbstractByteList.java|(32543,39,<757,2>,<757,41>)>>,
  <<|java+class:///cern/colt/matrix/impl/DelegateDoubleMatrix1D|,|java+class:///cern/colt/matrix/impl/WrapperDoubleMatrix1D|>,<|java+method:///cern/colt/matrix/impl/WrapperDoubleMatrix1D/viewStrides(int)|,|project://colt-1.2.0/src/cern/colt/matrix/impl/WrapperDoubleMatrix1D.java|(8182,215,<198,23>,<205,2>)>>,
  <<|java+class:///cern/colt/matrix/impl/TridiagonalDoubleMatrix2D|,|java+class:///cern/colt/matrix/impl/WrapperDoubleMatrix2D|>,<|java+method:///cern/colt/matrix/impl/WrapperDoubleMatrix2D/viewRow(int)|,|project://colt-1.2.0/src/cern/colt/matrix/impl/WrapperDoubleMatrix2D.java|(11507,36,<275,8>,<275,44>)>>,
  <<|java+class:///cern/colt/matrix/impl/DenseObjectMatrix2D|,|java+class:///cern/colt/matrix/impl/AbstractMatrix2D|>,<|java+method:///cern/colt/matrix/impl/AbstractMatrix2D/toStringShort()|,|project://colt-1.2.0/src/cern/colt/matrix/impl/AbstractMatrix2D.java|(8528,29,<211,8>,<211,37>)>>,
  <<|java+class:///cern/colt/matrix/impl/SparseObjectMatrix3D|,|java+class:///cern/colt/matrix/impl/AbstractMatrix3D|>,<|java+method:///cern/colt/matrix/impl/AbstractMatrix3D/toStringShort()|,|project://colt-1.2.0/src/cern/colt/matrix/impl/AbstractMatrix3D.java|(10917,29,<264,8>,<264,37>)>>,
  <<|java+class:///hep/aida/bin/MightyStaticBin1D|,|java+class:///hep/aida/bin/AbstractBin1D|>,<|java+method:///hep/aida/bin/AbstractBin1D/buffered(int)|,|project://colt-1.2.0/src/hep/aida/bin/AbstractBin1D.java|(2628,48,<55,8>,<55,56>)>>,
  <<|java+class:///cern/colt/matrix/impl/WrapperDoubleMatrix1D|,|java+class:///cern/colt/matrix/DoubleMatrix1D|>,<|java+method:///cern/colt/matrix/DoubleMatrix1D/copy()|,|project://colt-1.2.0/src/cern/colt/matrix/DoubleMatrix1D.java|(11131,17,<296,1>,<296,18>)>>,
  <<|java+class:///cern/colt/matrix/impl/RCMDoubleMatrix2D|,|java+class:///cern/colt/matrix/DoubleMatrix2D|>,<|java+method:///cern/colt/matrix/DoubleMatrix2D/equals(java.lang.Object)|,|project://colt-1.2.0/src/cern/colt/matrix/DoubleMatrix2D.java|(11043,74,<290,8>,<290,82>)>>,
  <<|java+class:///cern/colt/matrix/impl/TridiagonalDoubleMatrix2D|,|java+class:///cern/colt/matrix/impl/AbstractMatrix2D|>,<|java+method:///cern/colt/matrix/impl/AbstractMatrix2D/toStringShort()|,|project://colt-1.2.0/src/cern/colt/matrix/impl/AbstractMatrix2D.java|(8528,29,<211,8>,<211,37>)>>,
  <<|java+class:///cern/colt/list/BooleanArrayList|,|java+class:///cern/colt/list/AbstractBooleanList|>,<|java+method:///cern/colt/list/AbstractBooleanList/times(int)|,|project://colt-1.2.0/src/cern/colt/list/AbstractBooleanList.java|(26728,39,<633,2>,<633,41>)>>,
  <<|java+class:///cern/colt/matrix/impl/SelectedSparseObjectMatrix1D|,|java+class:///cern/colt/matrix/ObjectMatrix1D|>,<|java+method:///cern/colt/matrix/ObjectMatrix1D/toString()|,|project://colt-1.2.0/src/cern/colt/matrix/ObjectMatrix1D.java|(17361,58,<440,8>,<440,66>)>>,
  <<|java+class:///cern/colt/matrix/impl/SparseDoubleMatrix3D|,|java+class:///cern/colt/matrix/DoubleMatrix3D|>,<|java+method:///cern/colt/matrix/DoubleMatrix3D/equals(java.lang.Object)|,|project://colt-1.2.0/src/cern/colt/matrix/DoubleMatrix3D.java|(11941,74,<310,8>,<310,82>)>>,
  <<|java+class:///cern/colt/matrix/impl/DenseDoubleMatrix3D|,|java+class:///cern/colt/matrix/DoubleMatrix3D|>,<|java+method:///cern/colt/matrix/DoubleMatrix3D/copy()|,|project://colt-1.2.0/src/cern/colt/matrix/DoubleMatrix3D.java|(10921,19,<284,8>,<284,27>)>>,
  <<|java+class:///cern/colt/list/ShortArrayList|,|java+class:///cern/colt/list/AbstractShortList|>,<|java+method:///cern/colt/list/AbstractShortList/removeFromTo(int,int)|,|project://colt-1.2.0/src/cern/colt/list/AbstractShortList.java|(23266,56,<515,2>,<515,58>)>>,
  <<|java+class:///cern/colt/matrix/impl/RCMDoubleMatrix2D|,|java+class:///cern/colt/matrix/DoubleMatrix2D|>,<|java+method:///cern/colt/matrix/DoubleMatrix2D/copy()|,|project://colt-1.2.0/src/cern/colt/matrix/DoubleMatrix2D.java|(10031,19,<264,8>,<264,27>)>>,
  <<|java+class:///cern/colt/list/ShortArrayList|,|java+class:///cern/colt/list/AbstractShortList|>,<|java+method:///cern/colt/list/AbstractShortList/times(int)|,|project://colt-1.2.0/src/cern/colt/list/AbstractShortList.java|(32597,39,<757,2>,<757,41>)>>,
  <<|java+class:///cern/colt/matrix/impl/DenseDoubleMatrix2D|,|java+class:///cern/colt/matrix/impl/AbstractMatrix2D|>,<|java+method:///cern/colt/matrix/impl/AbstractMatrix2D/toStringShort()|,|project://colt-1.2.0/src/cern/colt/matrix/impl/AbstractMatrix2D.java|(8528,29,<211,8>,<211,37>)>>,
  <<|java+class:///cern/colt/list/MinMaxNumberList|,|java+class:///cern/colt/list/AbstractLongList|>,<|java+method:///cern/colt/list/AbstractLongList/removeFromTo(int,int)|,|project://colt-1.2.0/src/cern/colt/list/AbstractLongList.java|(23177,56,<515,2>,<515,58>)>>,
  <<|java+class:///cern/colt/matrix/impl/SelectedSparseObjectMatrix1D|,|java+class:///cern/colt/matrix/impl/AbstractMatrix1D|>,<|java+method:///cern/colt/matrix/impl/AbstractMatrix1D/toStringShort()|,|project://colt-1.2.0/src/cern/colt/matrix/impl/AbstractMatrix1D.java|(5846,29,<161,8>,<161,37>)>>,
  <<|java+class:///cern/colt/matrix/impl/SparseObjectMatrix3D|,|java+class:///cern/colt/matrix/ObjectMatrix3D|>,<|java+method:///cern/colt/matrix/ObjectMatrix3D/copy()|,|project://colt-1.2.0/src/cern/colt/matrix/ObjectMatrix3D.java|(10900,19,<284,8>,<284,27>)>>,
  <<|java+class:///cern/colt/list/DoubleArrayList|,|java+class:///cern/colt/list/AbstractDoubleList|>,<|java+method:///cern/colt/list/AbstractDoubleList/beforeInsertDummies(int,int)|,|project://colt-1.2.0/src/cern/colt/list/AbstractDoubleList.java|(4870,53,<102,2>,<102,55>)>>,
  <<|java+class:///cern/colt/matrix/impl/RCDoubleMatrix2D|,|java+class:///cern/colt/matrix/impl/WrapperDoubleMatrix2D|>,<|java+method:///cern/colt/matrix/impl/WrapperDoubleMatrix2D/viewDice()|,|project://colt-1.2.0/src/cern/colt/matrix/impl/WrapperDoubleMatrix2D.java|(8487,229,<201,23>,<208,2>)>>,
  <<|java+class:///cern/colt/matrix/ObjectMatrix1D|,|java+class:///cern/colt/matrix/impl/AbstractMatrix1D|>,<|java+method:///cern/colt/matrix/impl/AbstractMatrix1D/toStringShort()|,|project://colt-1.2.0/src/cern/colt/matrix/impl/AbstractMatrix1D.java|(5846,29,<161,8>,<161,37>)>>,
  <<|java+class:///cern/colt/matrix/impl/SparseDoubleMatrix3D|,|java+class:///cern/colt/matrix/DoubleMatrix3D|>,<|java+method:///cern/colt/matrix/DoubleMatrix3D/equals(double)|,|project://colt-1.2.0/src/cern/colt/matrix/DoubleMatrix3D.java|(11213,59,<293,8>,<293,67>)>>,
  <<|java+class:///cern/colt/matrix/impl/SparseObjectMatrix2D|,|java+class:///cern/colt/matrix/impl/AbstractMatrix2D|>,<|java+method:///cern/colt/matrix/impl/AbstractMatrix2D/toStringShort()|,|project://colt-1.2.0/src/cern/colt/matrix/impl/AbstractMatrix2D.java|(8528,29,<211,8>,<211,37>)>>,
  <<|java+class:///cern/colt/list/SimpleLongArrayList|,|java+class:///cern/colt/list/AbstractLongList|>,<|java+method:///cern/colt/list/AbstractLongList/removeFromTo(int,int)|,|project://colt-1.2.0/src/cern/colt/list/AbstractLongList.java|(23177,56,<515,2>,<515,58>)>>,
  <<|java+class:///cern/colt/list/DistinctNumberList|,|java+class:///cern/colt/list/AbstractLongList|>,<|java+method:///cern/colt/list/AbstractLongList/partFromTo(int,int)|,|project://colt-1.2.0/src/cern/colt/list/AbstractLongList.java|(18930,33,<417,1>,<417,34>)>>,
  <<|java+class:///cern/colt/matrix/impl/SparseDoubleMatrix1D|,|java+class:///cern/colt/matrix/DoubleMatrix1D|>,<|java+method:///cern/colt/matrix/DoubleMatrix1D/copy()|,|project://colt-1.2.0/src/cern/colt/matrix/DoubleMatrix1D.java|(11131,17,<296,1>,<296,18>)>>,
  <<|java+class:///cern/colt/matrix/impl/RCMDoubleMatrix2D|,|java+class:///cern/colt/matrix/impl/WrapperDoubleMatrix2D|>,<|java+method:///cern/colt/matrix/impl/WrapperDoubleMatrix2D/viewRowFlip()|,|project://colt-1.2.0/src/cern/colt/matrix/impl/WrapperDoubleMatrix2D.java|(12358,243,<304,23>,<311,2>)>>,
  <<|java+class:///cern/colt/matrix/impl/RCMDoubleMatrix2D|,|java+class:///cern/colt/matrix/DoubleMatrix2D|>,<|java+method:///cern/colt/matrix/DoubleMatrix2D/equals(double)|,|project://colt-1.2.0/src/cern/colt/matrix/DoubleMatrix2D.java|(10323,59,<273,8>,<273,67>)>>,
  <<|java+class:///hep/aida/bin/DynamicBin1D|,|java+class:///hep/aida/bin/AbstractBin1D|>,<|java+method:///hep/aida/bin/AbstractBin1D/buffered(int)|,|project://colt-1.2.0/src/hep/aida/bin/AbstractBin1D.java|(2628,48,<55,8>,<55,56>)>>,
  <<|java+class:///cern/colt/matrix/impl/SelectedSparseDoubleMatrix1D|,|java+class:///cern/colt/matrix/DoubleMatrix1D|>,<|java+method:///cern/colt/matrix/DoubleMatrix1D/equals(double)|,|project://colt-1.2.0/src/cern/colt/matrix/DoubleMatrix1D.java|(11436,59,<306,8>,<306,67>)>>,
  <<|java+class:///cern/colt/matrix/impl/SelectedSparseDoubleMatrix1D|,|java+class:///cern/colt/matrix/DoubleMatrix1D|>,<|java+method:///cern/colt/matrix/DoubleMatrix1D/copy()|,|project://colt-1.2.0/src/cern/colt/matrix/DoubleMatrix1D.java|(11131,17,<296,1>,<296,18>)>>,
  <<|java+class:///cern/colt/matrix/impl/DelegateDoubleMatrix1D|,|java+class:///cern/colt/matrix/DoubleMatrix1D|>,<|java+method:///cern/colt/matrix/DoubleMatrix1D/equals(java.lang.Object)|,|project://colt-1.2.0/src/cern/colt/matrix/DoubleMatrix1D.java|(12131,74,<323,8>,<323,82>)>>,
  <<|java+class:///cern/colt/matrix/impl/SelectedDenseDoubleMatrix2D|,|java+class:///cern/colt/matrix/impl/AbstractMatrix2D|>,<|java+method:///cern/colt/matrix/impl/AbstractMatrix2D/toStringShort()|,|project://colt-1.2.0/src/cern/colt/matrix/impl/AbstractMatrix2D.java|(8528,29,<211,8>,<211,37>)>>,
  <<|java+class:///cern/colt/matrix/impl/DenseObjectMatrix1D|,|java+class:///cern/colt/matrix/ObjectMatrix1D|>,<|java+method:///cern/colt/matrix/ObjectMatrix1D/viewSorted()|,|project://colt-1.2.0/src/cern/colt/matrix/ObjectMatrix1D.java|(22692,56,<570,8>,<570,64>)>>,
  <<|java+class:///cern/colt/matrix/impl/SparseDoubleMatrix1D|,|java+class:///cern/colt/matrix/DoubleMatrix1D|>,<|java+method:///cern/colt/matrix/DoubleMatrix1D/equals(double)|,|project://colt-1.2.0/src/cern/colt/matrix/DoubleMatrix1D.java|(11436,59,<306,8>,<306,67>)>>,
  <<|java+class:///cern/colt/list/ShortArrayList|,|java+class:///cern/colt/list/AbstractShortList|>,<|java+method:///cern/colt/list/AbstractShortList/beforeInsertDummies(int,int)|,|project://colt-1.2.0/src/cern/colt/list/AbstractShortList.java|(4573,53,<94,2>,<94,55>)>>,
  <<|java+class:///cern/colt/matrix/impl/DelegateDoubleMatrix1D|,|java+class:///cern/colt/matrix/impl/WrapperDoubleMatrix1D|>,<|java+method:///cern/colt/matrix/impl/WrapperDoubleMatrix1D/viewFlip()|,|project://colt-1.2.0/src/cern/colt/matrix/impl/WrapperDoubleMatrix1D.java|(4268,213,<93,23>,<100,2>)>>,
  <<|java+class:///cern/colt/matrix/impl/SelectedSparseDoubleMatrix3D|,|java+class:///cern/colt/matrix/DoubleMatrix3D|>,<|java+method:///cern/colt/matrix/DoubleMatrix3D/toString()|,|project://colt-1.2.0/src/cern/colt/matrix/DoubleMatrix3D.java|(20905,58,<487,8>,<487,66>)>>,
  <<|java+class:///cern/colt/matrix/impl/SelectedDenseObjectMatrix2D|,|java+class:///cern/colt/matrix/ObjectMatrix2D|>,<|java+method:///cern/colt/matrix/ObjectMatrix2D/viewSorted(int)|,|project://colt-1.2.0/src/cern/colt/matrix/ObjectMatrix2D.java|(31728,63,<783,8>,<783,71>)>>,
  <<|java+class:///cern/colt/matrix/impl/TridiagonalDoubleMatrix2D|,|java+class:///cern/colt/matrix/impl/WrapperDoubleMatrix2D|>,<|java+method:///cern/colt/matrix/impl/WrapperDoubleMatrix2D/viewDice()|,|project://colt-1.2.0/src/cern/colt/matrix/impl/WrapperDoubleMatrix2D.java|(8487,229,<201,23>,<208,2>)>>,
  <<|java+class:///cern/colt/matrix/impl/DenseObjectMatrix2D|,|java+class:///cern/colt/matrix/ObjectMatrix2D|>,<|java+method:///cern/colt/matrix/ObjectMatrix2D/toString()|,|project://colt-1.2.0/src/cern/colt/matrix/ObjectMatrix2D.java|(19979,58,<488,8>,<488,66>)>>,
  <<|java+class:///cern/colt/matrix/impl/SelectedDenseDoubleMatrix3D|,|java+class:///cern/colt/matrix/impl/AbstractMatrix3D|>,<|java+method:///cern/colt/matrix/impl/AbstractMatrix3D/toStringShort()|,|project://colt-1.2.0/src/cern/colt/matrix/impl/AbstractMatrix3D.java|(10917,29,<264,8>,<264,37>)>>,
  <<|java+class:///cern/colt/matrix/impl/SparseObjectMatrix3D|,|java+class:///cern/colt/matrix/ObjectMatrix3D|>,<|java+method:///cern/colt/matrix/ObjectMatrix3D/viewSorted(int,int)|,|project://colt-1.2.0/src/cern/colt/matrix/ObjectMatrix3D.java|(34976,67,<781,8>,<781,75>)>>,
  <<|java+class:///cern/colt/matrix/impl/DenseDoubleMatrix3D|,|java+class:///cern/colt/matrix/DoubleMatrix3D|>,<|java+method:///cern/colt/matrix/DoubleMatrix3D/viewSorted(int,int)|,|project://colt-1.2.0/src/cern/colt/matrix/DoubleMatrix3D.java|(33895,67,<753,8>,<753,75>)>>,
  <<|java+class:///hep/aida/bin/StaticBin1D|,|java+class:///hep/aida/bin/AbstractBin1D|>,<|java+method:///hep/aida/bin/AbstractBin1D/buffered(int)|,|project://colt-1.2.0/src/hep/aida/bin/AbstractBin1D.java|(2628,48,<55,8>,<55,56>)>>,
  <<|java+class:///cern/colt/matrix/impl/DelegateDoubleMatrix1D|,|java+class:///cern/colt/matrix/impl/AbstractMatrix1D|>,<|java+method:///cern/colt/matrix/impl/AbstractMatrix1D/toStringShort()|,|project://colt-1.2.0/src/cern/colt/matrix/impl/AbstractMatrix1D.java|(5846,29,<161,8>,<161,37>)>>,
  <<|java+class:///cern/colt/list/IntArrayList|,|java+class:///cern/colt/list/AbstractIntList|>,<|java+method:///cern/colt/list/AbstractIntList/removeFromTo(int,int)|,|project://colt-1.2.0/src/cern/colt/list/AbstractIntList.java|(23544,56,<523,2>,<523,58>)>>,
  <<|java+class:///cern/colt/matrix/impl/SelectedDenseObjectMatrix2D|,|java+class:///cern/colt/matrix/ObjectMatrix2D|>,<|java+method:///cern/colt/matrix/ObjectMatrix2D/copy()|,|project://colt-1.2.0/src/cern/colt/matrix/ObjectMatrix2D.java|(9696,19,<256,8>,<256,27>)>>,
  <<|java+class:///cern/colt/matrix/impl/RCDoubleMatrix2D|,|java+class:///cern/colt/matrix/impl/AbstractMatrix2D|>,<|java+method:///cern/colt/matrix/impl/AbstractMatrix2D/toStringShort()|,|project://colt-1.2.0/src/cern/colt/matrix/impl/AbstractMatrix2D.java|(8528,29,<211,8>,<211,37>)>>,
  <<|java+class:///cern/colt/matrix/impl/WrapperDoubleMatrix1D|,|java+class:///cern/colt/matrix/DoubleMatrix1D|>,<|java+method:///cern/colt/matrix/DoubleMatrix1D/equals(double)|,|project://colt-1.2.0/src/cern/colt/matrix/DoubleMatrix1D.java|(11436,59,<306,8>,<306,67>)>>,
  <<|java+class:///cern/colt/matrix/impl/SelectedSparseObjectMatrix1D|,|java+class:///cern/colt/matrix/ObjectMatrix1D|>,<|java+method:///cern/colt/matrix/ObjectMatrix1D/copy()|,|project://colt-1.2.0/src/cern/colt/matrix/ObjectMatrix1D.java|(8155,17,<211,1>,<211,18>)>>,
  <<|java+class:///cern/colt/matrix/impl/SelectedSparseObjectMatrix3D|,|java+class:///cern/colt/matrix/ObjectMatrix3D|>,<|java+method:///cern/colt/matrix/ObjectMatrix3D/toString()|,|project://colt-1.2.0/src/cern/colt/matrix/ObjectMatrix3D.java|(21986,58,<515,8>,<515,66>)>>,
  <<|java+class:///cern/colt/matrix/impl/SelectedDenseObjectMatrix2D|,|java+class:///cern/colt/matrix/ObjectMatrix2D|>,<|java+method:///cern/colt/matrix/ObjectMatrix2D/toString()|,|project://colt-1.2.0/src/cern/colt/matrix/ObjectMatrix2D.java|(19979,58,<488,8>,<488,66>)>>,
  <<|java+class:///cern/colt/matrix/impl/DenseObjectMatrix2D|,|java+class:///cern/colt/matrix/ObjectMatrix2D|>,<|java+method:///cern/colt/matrix/ObjectMatrix2D/viewSorted(int)|,|project://colt-1.2.0/src/cern/colt/matrix/ObjectMatrix2D.java|(31728,63,<783,8>,<783,71>)>>,
  <<|java+class:///cern/colt/list/MinMaxNumberList|,|java+class:///cern/colt/list/AbstractLongList|>,<|java+method:///cern/colt/list/AbstractLongList/partFromTo(int,int)|,|project://colt-1.2.0/src/cern/colt/list/AbstractLongList.java|(18930,33,<417,1>,<417,34>)>>,
  <<|java+class:///cern/colt/matrix/impl/SparseObjectMatrix3D|,|java+class:///cern/colt/matrix/ObjectMatrix3D|>,<|java+method:///cern/colt/matrix/ObjectMatrix3D/toString()|,|project://colt-1.2.0/src/cern/colt/matrix/ObjectMatrix3D.java|(21986,58,<515,8>,<515,66>)>>,
  <<|java+class:///cern/colt/list/SimpleLongArrayList|,|java+class:///cern/colt/list/AbstractLongList|>,<|java+method:///cern/colt/list/AbstractLongList/partFromTo(int,int)|,|project://colt-1.2.0/src/cern/colt/list/AbstractLongList.java|(18930,33,<417,1>,<417,34>)>>,
  <<|java+class:///cern/colt/matrix/impl/WrapperDoubleMatrix1D|,|java+class:///cern/colt/matrix/DoubleMatrix1D|>,<|java+method:///cern/colt/matrix/DoubleMatrix1D/toString()|,|project://colt-1.2.0/src/cern/colt/matrix/DoubleMatrix1D.java|(21079,58,<547,8>,<547,66>)>>,
  <<|java+class:///cern/colt/matrix/impl/RCDoubleMatrix2D|,|java+class:///cern/colt/matrix/DoubleMatrix2D|>,<|java+method:///cern/colt/matrix/DoubleMatrix2D/equals(double)|,|project://colt-1.2.0/src/cern/colt/matrix/DoubleMatrix2D.java|(10323,59,<273,8>,<273,67>)>>,
  <<|java+class:///cern/colt/matrix/impl/RCDoubleMatrix2D|,|java+class:///cern/colt/matrix/impl/WrapperDoubleMatrix2D|>,<|java+method:///cern/colt/matrix/impl/WrapperDoubleMatrix2D/viewRowFlip()|,|project://colt-1.2.0/src/cern/colt/matrix/impl/WrapperDoubleMatrix2D.java|(12358,243,<304,23>,<311,2>)>>,
  <<|java+class:///cern/colt/matrix/impl/SelectedSparseDoubleMatrix2D|,|java+class:///cern/colt/matrix/DoubleMatrix2D|>,<|java+method:///cern/colt/matrix/DoubleMatrix2D/toString()|,|project://colt-1.2.0/src/cern/colt/matrix/DoubleMatrix2D.java|(20311,58,<493,8>,<493,66>)>>,
  <<|java+class:///cern/colt/matrix/impl/SelectedDenseDoubleMatrix2D|,|java+class:///cern/colt/matrix/DoubleMatrix2D|>,<|java+method:///cern/colt/matrix/DoubleMatrix2D/equals(java.lang.Object)|,|project://colt-1.2.0/src/cern/colt/matrix/DoubleMatrix2D.java|(11043,74,<290,8>,<290,82>)>>,
  <<|java+class:///cern/colt/matrix/impl/RCMDoubleMatrix2D|,|java+class:///cern/colt/matrix/impl/WrapperDoubleMatrix2D|>,<|java+method:///cern/colt/matrix/impl/WrapperDoubleMatrix2D/viewDice()|,|project://colt-1.2.0/src/cern/colt/matrix/impl/WrapperDoubleMatrix2D.java|(8487,229,<201,23>,<208,2>)>>,
  <<|java+class:///cern/colt/matrix/impl/SelectedSparseDoubleMatrix3D|,|java+class:///cern/colt/matrix/DoubleMatrix3D|>,<|java+method:///cern/colt/matrix/DoubleMatrix3D/equals(double)|,|project://colt-1.2.0/src/cern/colt/matrix/DoubleMatrix3D.java|(11213,59,<293,8>,<293,67>)>>,
  <<|java+class:///cern/colt/list/CharArrayList|,|java+class:///cern/colt/list/AbstractCharList|>,<|java+method:///cern/colt/list/AbstractCharList/beforeInsertDummies(int,int)|,|project://colt-1.2.0/src/cern/colt/list/AbstractCharList.java|(4564,53,<94,2>,<94,55>)>>,
  <<|java+class:///cern/colt/matrix/impl/SelectedSparseDoubleMatrix1D|,|java+class:///cern/colt/matrix/DoubleMatrix1D|>,<|java+method:///cern/colt/matrix/DoubleMatrix1D/viewSorted()|,|project://colt-1.2.0/src/cern/colt/matrix/DoubleMatrix1D.java|(26410,56,<677,8>,<677,64>)>>,
  <<|java+class:///cern/colt/matrix/impl/SelectedDenseDoubleMatrix2D|,|java+class:///cern/colt/matrix/DoubleMatrix2D|>,<|java+method:///cern/colt/matrix/DoubleMatrix2D/copy()|,|project://colt-1.2.0/src/cern/colt/matrix/DoubleMatrix2D.java|(10031,19,<264,8>,<264,27>)>>,
  <<|java+class:///cern/colt/matrix/impl/SelectedDenseDoubleMatrix1D|,|java+class:///cern/colt/matrix/DoubleMatrix1D|>,<|java+method:///cern/colt/matrix/DoubleMatrix1D/equals(java.lang.Object)|,|project://colt-1.2.0/src/cern/colt/matrix/DoubleMatrix1D.java|(12131,74,<323,8>,<323,82>)>>,
  <<|java+class:///cern/colt/matrix/impl/SparseObjectMatrix1D|,|java+class:///cern/colt/matrix/impl/AbstractMatrix1D|>,<|java+method:///cern/colt/matrix/impl/AbstractMatrix1D/toStringShort()|,|project://colt-1.2.0/src/cern/colt/matrix/impl/AbstractMatrix1D.java|(5846,29,<161,8>,<161,37>)>>,
  <<|java+class:///cern/colt/matrix/impl/SelectedSparseObjectMatrix3D|,|java+class:///cern/colt/matrix/ObjectMatrix3D|>,<|java+method:///cern/colt/matrix/ObjectMatrix3D/viewSorted(int,int)|,|project://colt-1.2.0/src/cern/colt/matrix/ObjectMatrix3D.java|(34976,67,<781,8>,<781,75>)>>,
  <<|java+class:///cern/colt/matrix/impl/DenseObjectMatrix2D|,|java+class:///cern/colt/matrix/ObjectMatrix2D|>,<|java+method:///cern/colt/matrix/ObjectMatrix2D/copy()|,|project://colt-1.2.0/src/cern/colt/matrix/ObjectMatrix2D.java|(9696,19,<256,8>,<256,27>)>>,
  <<|java+class:///cern/colt/matrix/impl/SelectedDenseDoubleMatrix3D|,|java+class:///cern/colt/matrix/DoubleMatrix3D|>,<|java+method:///cern/colt/matrix/DoubleMatrix3D/copy()|,|project://colt-1.2.0/src/cern/colt/matrix/DoubleMatrix3D.java|(10921,19,<284,8>,<284,27>)>>,
  <<|java+class:///cern/colt/matrix/impl/SelectedSparseDoubleMatrix3D|,|java+class:///cern/colt/matrix/DoubleMatrix3D|>,<|java+method:///cern/colt/matrix/DoubleMatrix3D/equals(java.lang.Object)|,|project://colt-1.2.0/src/cern/colt/matrix/DoubleMatrix3D.java|(11941,74,<310,8>,<310,82>)>>,
  <<|java+class:///cern/colt/matrix/impl/SelectedSparseDoubleMatrix2D|,|java+class:///cern/colt/matrix/DoubleMatrix2D|>,<|java+method:///cern/colt/matrix/DoubleMatrix2D/viewSorted(int)|,|project://colt-1.2.0/src/cern/colt/matrix/DoubleMatrix2D.java|(32060,63,<788,8>,<788,71>)>>,
  <<|java+class:///cern/colt/matrix/impl/RCDoubleMatrix2D|,|java+class:///cern/colt/matrix/DoubleMatrix2D|>,<|java+method:///cern/colt/matrix/DoubleMatrix2D/copy()|,|project://colt-1.2.0/src/cern/colt/matrix/DoubleMatrix2D.java|(10031,19,<264,8>,<264,27>)>>,
  <<|java+class:///cern/colt/matrix/impl/SparseObjectMatrix1D|,|java+class:///cern/colt/matrix/ObjectMatrix1D|>,<|java+method:///cern/colt/matrix/ObjectMatrix1D/toString()|,|project://colt-1.2.0/src/cern/colt/matrix/ObjectMatrix1D.java|(17361,58,<440,8>,<440,66>)>>,
  <<|java+class:///cern/colt/matrix/impl/SelectedDenseDoubleMatrix2D|,|java+class:///cern/colt/matrix/DoubleMatrix2D|>,<|java+method:///cern/colt/matrix/DoubleMatrix2D/equals(double)|,|project://colt-1.2.0/src/cern/colt/matrix/DoubleMatrix2D.java|(10323,59,<273,8>,<273,67>)>>,
  <<|java+class:///cern/colt/matrix/impl/SelectedDenseDoubleMatrix1D|,|java+class:///cern/colt/matrix/impl/AbstractMatrix1D|>,<|java+method:///cern/colt/matrix/impl/AbstractMatrix1D/toStringShort()|,|project://colt-1.2.0/src/cern/colt/matrix/impl/AbstractMatrix1D.java|(5846,29,<161,8>,<161,37>)>>,
  <<|java+class:///cern/colt/matrix/impl/SparseDoubleMatrix1D|,|java+class:///cern/colt/matrix/DoubleMatrix1D|>,<|java+method:///cern/colt/matrix/DoubleMatrix1D/toString()|,|project://colt-1.2.0/src/cern/colt/matrix/DoubleMatrix1D.java|(21079,58,<547,8>,<547,66>)>>,
  <<|java+class:///cern/colt/list/FloatArrayList|,|java+class:///cern/colt/list/AbstractFloatList|>,<|java+method:///cern/colt/list/AbstractFloatList/times(int)|,|project://colt-1.2.0/src/cern/colt/list/AbstractFloatList.java|(32597,39,<757,2>,<757,41>)>>,
  <<|java+class:///cern/colt/matrix/impl/RCDoubleMatrix2D|,|java+class:///cern/colt/matrix/DoubleMatrix2D|>,<|java+method:///cern/colt/matrix/DoubleMatrix2D/equals(java.lang.Object)|,|project://colt-1.2.0/src/cern/colt/matrix/DoubleMatrix2D.java|(11043,74,<290,8>,<290,82>)>>,
  <<|java+class:///cern/colt/matrix/impl/TridiagonalDoubleMatrix2D|,|java+class:///cern/colt/matrix/DoubleMatrix2D|>,<|java+method:///cern/colt/matrix/DoubleMatrix2D/equals(java.lang.Object)|,|project://colt-1.2.0/src/cern/colt/matrix/DoubleMatrix2D.java|(11043,74,<290,8>,<290,82>)>>,
  <<|java+class:///cern/colt/matrix/impl/RCMDoubleMatrix2D|,|java+class:///cern/colt/matrix/impl/AbstractMatrix2D|>,<|java+method:///cern/colt/matrix/impl/AbstractMatrix2D/toStringShort()|,|project://colt-1.2.0/src/cern/colt/matrix/impl/AbstractMatrix2D.java|(8528,29,<211,8>,<211,37>)>>,
  <<|java+class:///cern/colt/matrix/impl/SelectedSparseDoubleMatrix1D|,|java+class:///cern/colt/matrix/DoubleMatrix1D|>,<|java+method:///cern/colt/matrix/DoubleMatrix1D/toString()|,|project://colt-1.2.0/src/cern/colt/matrix/DoubleMatrix1D.java|(21079,58,<547,8>,<547,66>)>>,
  <<|java+class:///cern/colt/matrix/impl/WrapperDoubleMatrix2D|,|java+class:///cern/colt/matrix/DoubleMatrix2D|>,<|java+method:///cern/colt/matrix/DoubleMatrix2D/toString()|,|project://colt-1.2.0/src/cern/colt/matrix/DoubleMatrix2D.java|(20311,58,<493,8>,<493,66>)>>,
  <<|java+class:///cern/colt/matrix/impl/SparseObjectMatrix1D|,|java+class:///cern/colt/matrix/ObjectMatrix1D|>,<|java+method:///cern/colt/matrix/ObjectMatrix1D/copy()|,|project://colt-1.2.0/src/cern/colt/matrix/ObjectMatrix1D.java|(8155,17,<211,1>,<211,18>)>>,
  <<|java+class:///cern/colt/matrix/impl/DenseDoubleMatrix2D|,|java+class:///cern/colt/matrix/DoubleMatrix2D|>,<|java+method:///cern/colt/matrix/DoubleMatrix2D/copy()|,|project://colt-1.2.0/src/cern/colt/matrix/DoubleMatrix2D.java|(10031,19,<264,8>,<264,27>)>>,
  <<|java+class:///cern/colt/list/DoubleArrayList|,|java+class:///cern/colt/list/AbstractDoubleList|>,<|java+method:///cern/colt/list/AbstractDoubleList/times(int)|,|project://colt-1.2.0/src/cern/colt/list/AbstractDoubleList.java|(33017,39,<767,2>,<767,41>)>>,
  <<|java+class:///cern/colt/matrix/impl/DelegateDoubleMatrix1D|,|java+class:///cern/colt/matrix/impl/WrapperDoubleMatrix1D|>,<|java+method:///cern/colt/matrix/impl/WrapperDoubleMatrix1D/viewPart(int,int)|,|project://colt-1.2.0/src/cern/colt/matrix/impl/WrapperDoubleMatrix1D.java|(5708,195,<126,23>,<133,2>)>>,
  <<|java+class:///cern/colt/matrix/impl/DenseDoubleMatrix1D|,|java+class:///cern/colt/matrix/impl/AbstractMatrix1D|>,<|java+method:///cern/colt/matrix/impl/AbstractMatrix1D/toStringShort()|,|project://colt-1.2.0/src/cern/colt/matrix/impl/AbstractMatrix1D.java|(5846,29,<161,8>,<161,37>)>>,
  <<|java+class:///cern/colt/matrix/impl/DenseDoubleMatrix3D|,|java+class:///cern/colt/matrix/impl/AbstractMatrix3D|>,<|java+method:///cern/colt/matrix/impl/AbstractMatrix3D/toStringShort()|,|project://colt-1.2.0/src/cern/colt/matrix/impl/AbstractMatrix3D.java|(10917,29,<264,8>,<264,37>)>>,
  <<|java+class:///cern/colt/matrix/impl/TridiagonalDoubleMatrix2D|,|java+class:///cern/colt/matrix/DoubleMatrix2D|>,<|java+method:///cern/colt/matrix/DoubleMatrix2D/copy()|,|project://colt-1.2.0/src/cern/colt/matrix/DoubleMatrix2D.java|(10031,19,<264,8>,<264,27>)>>,
  <<|java+class:///cern/colt/matrix/impl/SelectedDenseDoubleMatrix3D|,|java+class:///cern/colt/matrix/DoubleMatrix3D|>,<|java+method:///cern/colt/matrix/DoubleMatrix3D/viewSorted(int,int)|,|project://colt-1.2.0/src/cern/colt/matrix/DoubleMatrix3D.java|(33895,67,<753,8>,<753,75>)>>,
  <<|java+class:///cern/colt/matrix/impl/DenseDoubleMatrix2D|,|java+class:///cern/colt/matrix/DoubleMatrix2D|>,<|java+method:///cern/colt/matrix/DoubleMatrix2D/equals(java.lang.Object)|,|project://colt-1.2.0/src/cern/colt/matrix/DoubleMatrix2D.java|(11043,74,<290,8>,<290,82>)>>,
  <<|java+class:///cern/colt/matrix/impl/SparseDoubleMatrix2D|,|java+class:///cern/colt/matrix/DoubleMatrix2D|>,<|java+method:///cern/colt/matrix/DoubleMatrix2D/toString()|,|project://colt-1.2.0/src/cern/colt/matrix/DoubleMatrix2D.java|(20311,58,<493,8>,<493,66>)>>,
  <<|java+class:///cern/colt/matrix/impl/SelectedSparseObjectMatrix3D|,|java+class:///cern/colt/matrix/ObjectMatrix3D|>,<|java+method:///cern/colt/matrix/ObjectMatrix3D/copy()|,|project://colt-1.2.0/src/cern/colt/matrix/ObjectMatrix3D.java|(10900,19,<284,8>,<284,27>)>>,
  <<|java+class:///cern/colt/matrix/impl/WrapperDoubleMatrix1D|,|java+class:///cern/colt/matrix/DoubleMatrix1D|>,<|java+method:///cern/colt/matrix/DoubleMatrix1D/viewSorted()|,|project://colt-1.2.0/src/cern/colt/matrix/DoubleMatrix1D.java|(26410,56,<677,8>,<677,64>)>>,
  <<|java+class:///cern/colt/matrix/impl/DenseDoubleMatrix2D|,|java+class:///cern/colt/matrix/DoubleMatrix2D|>,<|java+method:///cern/colt/matrix/DoubleMatrix2D/equals(double)|,|project://colt-1.2.0/src/cern/colt/matrix/DoubleMatrix2D.java|(10323,59,<273,8>,<273,67>)>>,
  <<|java+class:///cern/colt/matrix/impl/SparseDoubleMatrix1D|,|java+class:///cern/colt/matrix/DoubleMatrix1D|>,<|java+method:///cern/colt/matrix/DoubleMatrix1D/viewSorted()|,|project://colt-1.2.0/src/cern/colt/matrix/DoubleMatrix1D.java|(26410,56,<677,8>,<677,64>)>>,
  <<|java+class:///cern/colt/matrix/impl/SparseDoubleMatrix3D|,|java+class:///cern/colt/matrix/DoubleMatrix3D|>,<|java+method:///cern/colt/matrix/DoubleMatrix3D/toString()|,|project://colt-1.2.0/src/cern/colt/matrix/DoubleMatrix3D.java|(20905,58,<487,8>,<487,66>)>>,
  <<|java+class:///cern/colt/matrix/impl/DenseDoubleMatrix1D|,|java+class:///cern/colt/matrix/DoubleMatrix1D|>,<|java+method:///cern/colt/matrix/DoubleMatrix1D/equals(java.lang.Object)|,|project://colt-1.2.0/src/cern/colt/matrix/DoubleMatrix1D.java|(12131,74,<323,8>,<323,82>)>>,
  <<|java+class:///cern/colt/list/LongArrayList|,|java+class:///cern/colt/list/AbstractLongList|>,<|java+method:///cern/colt/list/AbstractLongList/times(int)|,|project://colt-1.2.0/src/cern/colt/list/AbstractLongList.java|(32496,39,<757,2>,<757,41>)>>,
  <<|java+class:///cern/colt/list/IntArrayList|,|java+class:///cern/colt/list/AbstractIntList|>,<|java+method:///cern/colt/list/AbstractIntList/times(int)|,|project://colt-1.2.0/src/cern/colt/list/AbstractIntList.java|(32851,39,<765,2>,<765,41>)>>,
  <<|java+class:///cern/colt/matrix/impl/WrapperDoubleMatrix2D|,|java+class:///cern/colt/matrix/DoubleMatrix2D|>,<|java+method:///cern/colt/matrix/DoubleMatrix2D/viewSorted(int)|,|project://colt-1.2.0/src/cern/colt/matrix/DoubleMatrix2D.java|(32060,63,<788,8>,<788,71>)>>,
  <<|java+class:///cern/colt/list/FloatArrayList|,|java+class:///cern/colt/list/AbstractFloatList|>,<|java+method:///cern/colt/list/AbstractFloatList/beforeInsertDummies(int,int)|,|project://colt-1.2.0/src/cern/colt/list/AbstractFloatList.java|(4573,53,<94,2>,<94,55>)>>,
  <<|java+class:///cern/colt/matrix/impl/SelectedSparseObjectMatrix3D|,|java+class:///cern/colt/matrix/impl/AbstractMatrix3D|>,<|java+method:///cern/colt/matrix/impl/AbstractMatrix3D/toStringShort()|,|project://colt-1.2.0/src/cern/colt/matrix/impl/AbstractMatrix3D.java|(10917,29,<264,8>,<264,37>)>>,
  <<|java+class:///cern/colt/matrix/impl/SelectedDenseObjectMatrix1D|,|java+class:///cern/colt/matrix/ObjectMatrix1D|>,<|java+method:///cern/colt/matrix/ObjectMatrix1D/viewSorted()|,|project://colt-1.2.0/src/cern/colt/matrix/ObjectMatrix1D.java|(22692,56,<570,8>,<570,64>)>>,
  <<|java+class:///cern/colt/matrix/impl/SparseDoubleMatrix2D|,|java+class:///cern/colt/matrix/DoubleMatrix2D|>,<|java+method:///cern/colt/matrix/DoubleMatrix2D/viewSorted(int)|,|project://colt-1.2.0/src/cern/colt/matrix/DoubleMatrix2D.java|(32060,63,<788,8>,<788,71>)>>,
  <<|java+class:///cern/colt/matrix/impl/TridiagonalDoubleMatrix2D|,|java+class:///cern/colt/matrix/DoubleMatrix2D|>,<|java+method:///cern/colt/matrix/DoubleMatrix2D/equals(double)|,|project://colt-1.2.0/src/cern/colt/matrix/DoubleMatrix2D.java|(10323,59,<273,8>,<273,67>)>>,
  <<|java+class:///cern/colt/matrix/impl/SelectedSparseObjectMatrix2D|,|java+class:///cern/colt/matrix/impl/AbstractMatrix2D|>,<|java+method:///cern/colt/matrix/impl/AbstractMatrix2D/toStringShort()|,|project://colt-1.2.0/src/cern/colt/matrix/impl/AbstractMatrix2D.java|(8528,29,<211,8>,<211,37>)>>,
  <<|java+class:///cern/colt/matrix/impl/TridiagonalDoubleMatrix2D|,|java+class:///cern/colt/matrix/impl/WrapperDoubleMatrix2D|>,<|java+method:///cern/colt/matrix/impl/WrapperDoubleMatrix2D/viewRowFlip()|,|project://colt-1.2.0/src/cern/colt/matrix/impl/WrapperDoubleMatrix2D.java|(12358,243,<304,23>,<311,2>)>>,
  <<|java+class:///cern/colt/matrix/ObjectMatrix2D|,|java+class:///cern/colt/matrix/impl/AbstractMatrix2D|>,<|java+method:///cern/colt/matrix/impl/AbstractMatrix2D/toStringShort()|,|project://colt-1.2.0/src/cern/colt/matrix/impl/AbstractMatrix2D.java|(8528,29,<211,8>,<211,37>)>>,
  <<|java+class:///cern/colt/list/LongArrayList|,|java+class:///cern/colt/list/AbstractLongList|>,<|java+method:///cern/colt/list/AbstractLongList/beforeInsertDummies(int,int)|,|project://colt-1.2.0/src/cern/colt/list/AbstractLongList.java|(4516,53,<94,2>,<94,55>)>>,
  <<|java+class:///cern/colt/matrix/ObjectMatrix3D|,|java+class:///cern/colt/matrix/impl/AbstractMatrix3D|>,<|java+method:///cern/colt/matrix/impl/AbstractMatrix3D/toStringShort()|,|project://colt-1.2.0/src/cern/colt/matrix/impl/AbstractMatrix3D.java|(10917,29,<264,8>,<264,37>)>>
}