[
  <<|java+class:///gnu/trove/THashIterator|,|java+class:///gnu/trove/TIterator|>,220,<|java+field:///gnu/trove/TIterator/_index|,|java+method:///gnu/trove/THashIterator/nextIndex()|>>,
  <<|java+class:///gnu/trove/THashIterator|,|java+class:///gnu/trove/TIterator|>,220,<|java+field:///gnu/trove/TIterator/_hash|,|java+method:///gnu/trove/THashIterator/nextIndex()|>>,
  <<|java+class:///gnu/trove/THashIterator|,|java+class:///gnu/trove/TIterator|>,220,<|java+field:///gnu/trove/TIterator/_expectedSize|,|java+method:///gnu/trove/THashIterator/nextIndex()|>>,
  <<|java+class:///gnu/trove/THashIterator|,|java+class:///gnu/trove/TIterator|>,220,<|java+field:///gnu/trove/TIterator/_index|,|java+method:///gnu/trove/THashIterator/next()|>>,
  <<|java+class:///gnu/trove/THashIterator|,|java+class:///gnu/trove/TIterator|>,220,<|java+method:///gnu/trove/TIterator/moveToNextIndex()|,|java+method:///gnu/trove/THashIterator/next()|>>,
  <<|java+class:///gnu/trove/TIdentityHashSetTest|,|java+class:///gnu/trove/THashSetTest|>,220,<|java+field:///gnu/trove/THashSetTest/s|,|java+method:///gnu/trove/TIdentityHashSetTest/setUp()|>>,
  <<|java+class:///gnu/trove/TIdentityHashSetTest|,|java+class:///gnu/trove/THashSetTest|>,220,<|java+method:///gnu/trove/THashSetTest/setUp()|,|java+method:///gnu/trove/TIdentityHashSetTest/setUp()|>>,
  <<|java+class:///gnu/trove/THashMap|,|java+class:///gnu/trove/TObjectHash|>,220,<|java+method:///gnu/trove/TObjectHash/setUp(int)|,|java+method:///gnu/trove/THashMap/setUp(int)|>>,
  <<|java+class:///gnu/trove/THashMap|,|java+class:///gnu/trove/TObjectHash|>,220,<|java+field:///gnu/trove/TObjectHash/_set|,|java+method:///gnu/trove/THashMap/transformValues(gnu.trove.TObjectFunction)|>>,
  <<|java+class:///gnu/trove/THashMap|,|java+class:///gnu/trove/TObjectHash|>,220,<|java+field:///gnu/trove/TObjectHash/REMOVED|,|java+method:///gnu/trove/THashMap/transformValues(gnu.trove.TObjectFunction)|>>,
  <<|java+class:///gnu/trove/THashMap|,|java+class:///gnu/trove/TObjectHash|>,220,<|java+field:///gnu/trove/TObjectHash/FREE|,|java+method:///gnu/trove/THashMap/transformValues(gnu.trove.TObjectFunction)|>>,
  <<|java+class:///gnu/trove/THashMap|,|java+class:///gnu/trove/TObjectHash|>,220,<|java+method:///gnu/trove/TObjectHash/forEach(gnu.trove.TObjectProcedure)|,|java+method:///gnu/trove/THashMap/forEachKey(gnu.trove.TObjectProcedure)|>>,
  <<|java+class:///gnu/trove/THashMap|,|java+class:///gnu/trove/TObjectHash|>,220,<|java+field:///gnu/trove/TObjectHash/_set|,|java+method:///gnu/trove/THashMap/containsValue(java.lang.Object)|>>,
  <<|java+class:///gnu/trove/THashMap|,|java+class:///gnu/trove/TObjectHash|>,220,<|java+field:///gnu/trove/TObjectHash/REMOVED|,|java+method:///gnu/trove/THashMap/containsValue(java.lang.Object)|>>,
  <<|java+class:///gnu/trove/THashMap|,|java+class:///gnu/trove/TObjectHash|>,220,<|java+field:///gnu/trove/TObjectHash/FREE|,|java+method:///gnu/trove/THashMap/containsValue(java.lang.Object)|>>,
  <<|java+class:///gnu/trove/THashMap|,|java+class:///gnu/trove/TObjectHash|>,220,<|java+method:///gnu/trove/TObjectHash/index(T)|,|java+method:///gnu/trove/THashMap/get(java.lang.Object)|>>,
  <<|java+class:///gnu/trove/THashMap|,|java+class:///gnu/trove/TObjectHash|>,220,<|java+method:///gnu/trove/TObjectHash/removeAt(int)|,|java+method:///gnu/trove/THashMap/removeAt(int)|>>,
  <<|java+class:///gnu/trove/THashMap|,|java+class:///gnu/trove/TObjectHash|>,220,<|java+method:///gnu/trove/TObjectHash/contains(java.lang.Object)|,|java+method:///gnu/trove/THashMap/containsKey(java.lang.Object)|>>,
  <<|java+class:///gnu/trove/THashMap|,|java+class:///gnu/trove/TObjectHash|>,220,<|java+field:///gnu/trove/TObjectHash/_set|,|java+method:///gnu/trove/THashMap/clear()|>>,
  <<|java+class:///gnu/trove/THashMap|,|java+class:///gnu/trove/TObjectHash|>,220,<|java+field:///gnu/trove/TObjectHash/FREE|,|java+method:///gnu/trove/THashMap/clear()|>>,
  <<|java+class:///gnu/trove/THashMap|,|java+class:///gnu/trove/THash|>,220,<|java+method:///gnu/trove/THash/clear()|,|java+method:///gnu/trove/THashMap/clear()|>>,
  <<|java+class:///gnu/trove/THashMap|,|java+class:///gnu/trove/THash|>,220,<|java+method:///gnu/trove/THash/size()|,|java+method:///gnu/trove/THashMap/clear()|>>,
  <<|java+class:///gnu/trove/THashMap|,|java+class:///gnu/trove/THash|>,220,<|java+field:///gnu/trove/THash/_size|,|java+method:///gnu/trove/THashMap/writeExternal(java.io.ObjectOutput)|>>,
  <<|java+class:///gnu/trove/THashMap|,|java+class:///gnu/trove/TObjectHash|>,220,<|java+method:///gnu/trove/TObjectHash/writeExternal(java.io.ObjectOutput)|,|java+method:///gnu/trove/THashMap/writeExternal(java.io.ObjectOutput)|>>,
  <<|java+class:///gnu/trove/THashMap|,|java+class:///gnu/trove/TObjectHash|>,220,<|java+method:///gnu/trove/TObjectHash/insertionIndex(T)|,|java+method:///gnu/trove/THashMap/put(K,V)|>>,
  <<|java+class:///gnu/trove/THashMap|,|java+class:///gnu/trove/THash|>,220,<|java+method:///gnu/trove/THash/size()|,|java+method:///gnu/trove/THashMap/equals(java.lang.Object)|>>,
  <<|java+class:///gnu/trove/THashMap|,|java+class:///gnu/trove/TObjectHash|>,220,<|java+field:///gnu/trove/TObjectHash/_set|,|java+method:///gnu/trove/THashMap/retainEntries(gnu.trove.TObjectObjectProcedure)|>>,
  <<|java+class:///gnu/trove/THashMap|,|java+class:///gnu/trove/TObjectHash|>,220,<|java+field:///gnu/trove/TObjectHash/REMOVED|,|java+method:///gnu/trove/THashMap/retainEntries(gnu.trove.TObjectObjectProcedure)|>>,
  <<|java+class:///gnu/trove/THashMap|,|java+class:///gnu/trove/THash|>,220,<|java+method:///gnu/trove/THash/tempDisableAutoCompaction()|,|java+method:///gnu/trove/THashMap/retainEntries(gnu.trove.TObjectObjectProcedure)|>>,
  <<|java+class:///gnu/trove/THashMap|,|java+class:///gnu/trove/TObjectHash|>,220,<|java+field:///gnu/trove/TObjectHash/FREE|,|java+method:///gnu/trove/THashMap/retainEntries(gnu.trove.TObjectObjectProcedure)|>>,
  <<|java+class:///gnu/trove/THashMap|,|java+class:///gnu/trove/THash|>,220,<|java+method:///gnu/trove/THash/reenableAutoCompaction(boolean)|,|java+method:///gnu/trove/THashMap/retainEntries(gnu.trove.TObjectObjectProcedure)|>>,
  <<|java+class:///gnu/trove/THashMap|,|java+class:///gnu/trove/TObjectHash|>,220,<|java+method:///gnu/trove/TObjectHash/clone()|,|java+method:///gnu/trove/THashMap/clone()|>>,
  <<|java+class:///gnu/trove/THashMap|,|java+class:///gnu/trove/TObjectHash|>,220,<|java+method:///gnu/trove/TObjectHash/index(T)|,|java+method:///gnu/trove/THashMap/remove(java.lang.Object)|>>,
  <<|java+class:///gnu/trove/THashMap|,|java+class:///gnu/trove/TObjectHash|>,220,<|java+field:///gnu/trove/TObjectHash/_set|,|java+method:///gnu/trove/THashMap/rehash(int)|>>,
  <<|java+class:///gnu/trove/THashMap|,|java+class:///gnu/trove/TObjectHash|>,220,<|java+field:///gnu/trove/TObjectHash/REMOVED|,|java+method:///gnu/trove/THashMap/rehash(int)|>>,
  <<|java+class:///gnu/trove/THashMap|,|java+class:///gnu/trove/TObjectHash|>,220,<|java+field:///gnu/trove/TObjectHash/FREE|,|java+method:///gnu/trove/THashMap/rehash(int)|>>,
  <<|java+class:///gnu/trove/THashMap|,|java+class:///gnu/trove/TObjectHash|>,220,<|java+method:///gnu/trove/TObjectHash/throwObjectContractViolation(java.lang.Object,java.lang.Object)|,|java+method:///gnu/trove/THashMap/rehash(int)|>>,
  <<|java+class:///gnu/trove/THashMap|,|java+class:///gnu/trove/TObjectHash|>,220,<|java+method:///gnu/trove/TObjectHash/insertionIndex(T)|,|java+method:///gnu/trove/THashMap/rehash(int)|>>,
  <<|java+class:///gnu/trove/THashMap|,|java+class:///gnu/trove/TObjectHash|>,220,<|java+method:///gnu/trove/TObjectHash/readExternal(java.io.ObjectInput)|,|java+method:///gnu/trove/THashMap/readExternal(java.io.ObjectInput)|>>,
  <<|java+class:///gnu/trove/THashMap|,|java+class:///gnu/trove/TObjectHash|>,220,<|java+field:///gnu/trove/TObjectHash/_set|,|java+method:///gnu/trove/THashMap/doPut(K,V,int)|>>,
  <<|java+class:///gnu/trove/THashMap|,|java+class:///gnu/trove/TObjectHash|>,220,<|java+field:///gnu/trove/TObjectHash/FREE|,|java+method:///gnu/trove/THashMap/doPut(K,V,int)|>>,
  <<|java+class:///gnu/trove/THashMap|,|java+class:///gnu/trove/THash|>,220,<|java+method:///gnu/trove/THash/postInsertHook(boolean)|,|java+method:///gnu/trove/THashMap/doPut(K,V,int)|>>,
  <<|java+class:///gnu/trove/THashMap|,|java+class:///gnu/trove/THash|>,220,<|java+method:///gnu/trove/THash/ensureCapacity(int)|,|java+method:///gnu/trove/THashMap/putAll(java.util.Map)|>>,
  <<|java+class:///gnu/trove/THashMap|,|java+class:///gnu/trove/TObjectHash|>,220,<|java+method:///gnu/trove/TObjectHash/insertionIndex(T)|,|java+method:///gnu/trove/THashMap/putIfAbsent(K,V)|>>,
  <<|java+class:///gnu/trove/THashMap|,|java+class:///gnu/trove/TObjectHash|>,220,<|java+field:///gnu/trove/TObjectHash/_set|,|java+method:///gnu/trove/THashMap/forEachEntry(gnu.trove.TObjectObjectProcedure)|>>,
  <<|java+class:///gnu/trove/THashMap|,|java+class:///gnu/trove/TObjectHash|>,220,<|java+field:///gnu/trove/TObjectHash/REMOVED|,|java+method:///gnu/trove/THashMap/forEachEntry(gnu.trove.TObjectObjectProcedure)|>>,
  <<|java+class:///gnu/trove/THashMap|,|java+class:///gnu/trove/TObjectHash|>,220,<|java+field:///gnu/trove/TObjectHash/FREE|,|java+method:///gnu/trove/THashMap/forEachEntry(gnu.trove.TObjectObjectProcedure)|>>,
  <<|java+class:///gnu/trove/THashMap|,|java+class:///gnu/trove/TObjectHash|>,220,<|java+field:///gnu/trove/TObjectHash/_set|,|java+method:///gnu/trove/THashMap/forEachValue(gnu.trove.TObjectProcedure)|>>,
  <<|java+class:///gnu/trove/THashMap|,|java+class:///gnu/trove/TObjectHash|>,220,<|java+field:///gnu/trove/TObjectHash/REMOVED|,|java+method:///gnu/trove/THashMap/forEachValue(gnu.trove.TObjectProcedure)|>>,
  <<|java+class:///gnu/trove/THashMap|,|java+class:///gnu/trove/TObjectHash|>,220,<|java+field:///gnu/trove/TObjectHash/FREE|,|java+method:///gnu/trove/THashMap/forEachValue(gnu.trove.TObjectProcedure)|>>,
  <<|java+class:///gnu/trove/THashSet|,|java+class:///gnu/trove/TObjectHash|>,220,<|java+field:///gnu/trove/TObjectHash/_set|,|java+method:///gnu/trove/THashSet/add(E)|>>,
  <<|java+class:///gnu/trove/THashSet|,|java+class:///gnu/trove/TObjectHash|>,220,<|java+field:///gnu/trove/TObjectHash/FREE|,|java+method:///gnu/trove/THashSet/add(E)|>>,
  <<|java+class:///gnu/trove/THashSet|,|java+class:///gnu/trove/THash|>,220,<|java+method:///gnu/trove/THash/postInsertHook(boolean)|,|java+method:///gnu/trove/THashSet/add(E)|>>,
  <<|java+class:///gnu/trove/THashSet|,|java+class:///gnu/trove/TObjectHash|>,220,<|java+method:///gnu/trove/TObjectHash/insertionIndex(T)|,|java+method:///gnu/trove/THashSet/add(E)|>>,
  <<|java+class:///gnu/trove/THashSet|,|java+class:///gnu/trove/TObjectHash|>,220,<|java+field:///gnu/trove/TObjectHash/_set|,|java+method:///gnu/trove/THashSet/clear()|>>,
  <<|java+class:///gnu/trove/THashSet|,|java+class:///gnu/trove/TObjectHash|>,220,<|java+field:///gnu/trove/TObjectHash/FREE|,|java+method:///gnu/trove/THashSet/clear()|>>,
  <<|java+class:///gnu/trove/THashSet|,|java+class:///gnu/trove/THash|>,220,<|java+method:///gnu/trove/THash/clear()|,|java+method:///gnu/trove/THashSet/clear()|>>,
  <<|java+class:///gnu/trove/THashSet|,|java+class:///gnu/trove/TObjectHash|>,220,<|java+method:///gnu/trove/TObjectHash/index(T)|,|java+method:///gnu/trove/THashSet/remove(java.lang.Object)|>>,
  <<|java+class:///gnu/trove/THashSet|,|java+class:///gnu/trove/TObjectHash|>,220,<|java+method:///gnu/trove/TObjectHash/removeAt(int)|,|java+method:///gnu/trove/THashSet/remove(java.lang.Object)|>>,
  <<|java+class:///gnu/trove/THashSet|,|java+class:///gnu/trove/TObjectHash|>,220,<|java+method:///gnu/trove/TObjectHash/forEach(gnu.trove.TObjectProcedure)|,|java+method:///gnu/trove/THashSet/hashCode()|>>,
  <<|java+class:///gnu/trove/THashSet|,|java+class:///gnu/trove/THash|>,220,<|java+method:///gnu/trove/THash/size()|,|java+method:///gnu/trove/THashSet/toArray(T%5B%5D)|>>,
  <<|java+class:///gnu/trove/THashSet|,|java+class:///gnu/trove/TObjectHash|>,220,<|java+method:///gnu/trove/TObjectHash/forEach(gnu.trove.TObjectProcedure)|,|java+method:///gnu/trove/THashSet/toArray(T%5B%5D)|>>,
  <<|java+class:///gnu/trove/THashSet|,|java+class:///gnu/trove/THash|>,220,<|java+method:///gnu/trove/THash/ensureCapacity(int)|,|java+method:///gnu/trove/THashSet/addAll(java.util.Collection)|>>,
  <<|java+class:///gnu/trove/THashSet|,|java+class:///gnu/trove/TObjectHash|>,220,<|java+method:///gnu/trove/TObjectHash/contains(java.lang.Object)|,|java+method:///gnu/trove/THashSet/containsAll(java.util.Collection)|>>,
  <<|java+class:///gnu/trove/THashSet|,|java+class:///gnu/trove/TObjectHash|>,220,<|java+method:///gnu/trove/TObjectHash/forEach(gnu.trove.TObjectProcedure)|,|java+method:///gnu/trove/THashSet/toString()|>>,
  <<|java+class:///gnu/trove/THashSet|,|java+class:///gnu/trove/THash|>,220,<|java+method:///gnu/trove/THash/size()|,|java+method:///gnu/trove/THashSet/equals(java.lang.Object)|>>,
  <<|java+class:///gnu/trove/THashSet|,|java+class:///gnu/trove/THash|>,220,<|java+field:///gnu/trove/THash/_size|,|java+method:///gnu/trove/THashSet/writeExternal(java.io.ObjectOutput)|>>,
  <<|java+class:///gnu/trove/THashSet|,|java+class:///gnu/trove/TObjectHash|>,220,<|java+method:///gnu/trove/TObjectHash/writeExternal(java.io.ObjectOutput)|,|java+method:///gnu/trove/THashSet/writeExternal(java.io.ObjectOutput)|>>,
  <<|java+class:///gnu/trove/THashSet|,|java+class:///gnu/trove/TObjectHash|>,220,<|java+method:///gnu/trove/TObjectHash/forEach(gnu.trove.TObjectProcedure)|,|java+method:///gnu/trove/THashSet/writeExternal(java.io.ObjectOutput)|>>,
  <<|java+class:///gnu/trove/THashSet|,|java+class:///gnu/trove/THash|>,220,<|java+method:///gnu/trove/THash/size()|,|java+method:///gnu/trove/THashSet/retainAll(java.util.Collection)|>>,
  <<|java+class:///gnu/trove/THashSet|,|java+class:///gnu/trove/THash|>,220,<|java+method:///gnu/trove/THash/size()|,|java+method:///gnu/trove/THashSet/toArray()|>>,
  <<|java+class:///gnu/trove/THashSet|,|java+class:///gnu/trove/TObjectHash|>,220,<|java+method:///gnu/trove/TObjectHash/forEach(gnu.trove.TObjectProcedure)|,|java+method:///gnu/trove/THashSet/toArray()|>>,
  <<|java+class:///gnu/trove/THashSet|,|java+class:///gnu/trove/TObjectHash|>,220,<|java+method:///gnu/trove/TObjectHash/setUp(int)|,|java+method:///gnu/trove/THashSet/readExternal(java.io.ObjectInput)|>>,
  <<|java+class:///gnu/trove/THashSet|,|java+class:///gnu/trove/TObjectHash|>,220,<|java+method:///gnu/trove/TObjectHash/readExternal(java.io.ObjectInput)|,|java+method:///gnu/trove/THashSet/readExternal(java.io.ObjectInput)|>>,
  <<|java+class:///gnu/trove/THashSet|,|java+class:///gnu/trove/TObjectHash|>,220,<|java+field:///gnu/trove/TObjectHash/_set|,|java+method:///gnu/trove/THashSet/rehash(int)|>>,
  <<|java+class:///gnu/trove/THashSet|,|java+class:///gnu/trove/TObjectHash|>,220,<|java+field:///gnu/trove/TObjectHash/REMOVED|,|java+method:///gnu/trove/THashSet/rehash(int)|>>,
  <<|java+class:///gnu/trove/THashSet|,|java+class:///gnu/trove/TObjectHash|>,220,<|java+field:///gnu/trove/TObjectHash/FREE|,|java+method:///gnu/trove/THashSet/rehash(int)|>>,
  <<|java+class:///gnu/trove/THashSet|,|java+class:///gnu/trove/TObjectHash|>,220,<|java+method:///gnu/trove/TObjectHash/throwObjectContractViolation(java.lang.Object,java.lang.Object)|,|java+method:///gnu/trove/THashSet/rehash(int)|>>,
  <<|java+class:///gnu/trove/THashSet|,|java+class:///gnu/trove/TObjectHash|>,220,<|java+method:///gnu/trove/TObjectHash/insertionIndex(T)|,|java+method:///gnu/trove/THashSet/rehash(int)|>>,
  <<|java+class:///gnu/trove/TObjectHash|,|java+class:///gnu/trove/THash|>,220,<|java+method:///gnu/trove/THash/removeAt(int)|,|java+method:///gnu/trove/TObjectHash/removeAt(int)|>>,
  <<|java+class:///gnu/trove/TObjectHash|,|java+class:///gnu/trove/THash|>,220,<|java+method:///gnu/trove/THash/writeExternal(java.io.ObjectOutput)|,|java+method:///gnu/trove/TObjectHash/writeExternal(java.io.ObjectOutput)|>>,
  <<|java+class:///gnu/trove/TObjectHash|,|java+class:///gnu/trove/THash|>,220,<|java+method:///gnu/trove/THash/clone()|,|java+method:///gnu/trove/TObjectHash/clone()|>>,
  <<|java+class:///gnu/trove/TObjectHash|,|java+class:///gnu/trove/THash|>,220,<|java+method:///gnu/trove/THash/setUp(int)|,|java+method:///gnu/trove/TObjectHash/setUp(int)|>>,
  <<|java+class:///gnu/trove/TObjectHash|,|java+class:///gnu/trove/THash|>,220,<|java+method:///gnu/trove/THash/readExternal(java.io.ObjectInput)|,|java+method:///gnu/trove/TObjectHash/readExternal(java.io.ObjectInput)|>>,
  <<|java+class:///gnu/trove/TIdentityHashMapTest|,|java+class:///gnu/trove/THashMapTest|>,220,<|java+method:///gnu/trove/THashMapTest/setUp()|,|java+method:///gnu/trove/TIdentityHashMapTest/setUp()|>>,
  <<|java+class:///gnu/trove/TIdentityHashMapTest|,|java+class:///gnu/trove/THashMapTest|>,220,<|java+field:///gnu/trove/THashMapTest/map|,|java+method:///gnu/trove/TIdentityHashMapTest/setUp()|>>,
  <<|java+class:///gnu/trove/TIdentityHashMapTest|,|java+class:///gnu/trove/THashMapTest|>,220,<|java+field:///gnu/trove/THashMapTest/count|,|java+method:///gnu/trove/TIdentityHashMapTest/setUp()|>>,
  <<|java+class:///gnu/trove/TIdentityHashMapTest|,|java+class:///gnu/trove/THashMapTest|>,220,<|java+field:///gnu/trove/THashMapTest/map|,|java+method:///gnu/trove/TIdentityHashMapTest/testIdentityHash()|>>,
  <<|java+class:///gnu/trove/TPrimitiveIterator|,|java+class:///gnu/trove/TIterator|>,220,<|java+field:///gnu/trove/TIterator/_index|,|java+method:///gnu/trove/TPrimitiveIterator/nextIndex()|>>,
  <<|java+class:///gnu/trove/TPrimitiveIterator|,|java+class:///gnu/trove/TIterator|>,220,<|java+field:///gnu/trove/TIterator/_expectedSize|,|java+method:///gnu/trove/TPrimitiveIterator/nextIndex()|>>,
  <<|java+class:///gnu/trove/TPrimitiveHash|,|java+class:///gnu/trove/THash|>,220,<|java+field:///gnu/trove/THash/DEFAULT_LOAD_FACTOR|,|java+constructor:///gnu/trove/TPrimitiveHash/TPrimitiveHash(int)|>>,
  <<|java+class:///gnu/trove/TPrimitiveHash|,|java+class:///gnu/trove/THash|>,220,<|java+method:///gnu/trove/THash/removeAt(int)|,|java+method:///gnu/trove/TPrimitiveHash/removeAt(int)|>>,
  <<|java+class:///gnu/trove/TPrimitiveHash|,|java+class:///gnu/trove/THash|>,220,<|java+field:///gnu/trove/THash/_loadFactor|,|java+constructor:///gnu/trove/TPrimitiveHash/TPrimitiveHash(int,float)|>>,
  <<|java+class:///gnu/trove/TPrimitiveHash|,|java+class:///gnu/trove/THash|>,220,<|java+method:///gnu/trove/THash/clone()|,|java+method:///gnu/trove/TPrimitiveHash/clone()|>>,
  <<|java+class:///gnu/trove/TPrimitiveHash|,|java+class:///gnu/trove/THash|>,220,<|java+method:///gnu/trove/THash/setUp(int)|,|java+method:///gnu/trove/TPrimitiveHash/setUp(int)|>>
]