{
  <<|java+class:///net/suberic/util/gui/ConfigurableMenu|,|java+class:///javax/swing/JMenu|>,2,|java+class:///java/lang/Object|>,
  <<|java+class:///net/suberic/util/gui/propedit/VariableEditorPane|,|java+class:///net/suberic/util/gui/propedit/CompositeSwingPropertyEditor|>,2,|java+class:///java/lang/Object|>,
  <<|java+class:///net/suberic/pooka/gui/MainPanel|,|java+class:///javax/swing/JPanel|>,2,|java+class:///java/awt/Component|>,
  <<|java+class:///net/suberic/pooka/gui/MessageFrame|,|java+interface:///net/suberic/pooka/gui/MessageUI|>,2,|java+interface:///net/suberic/pooka/gui/MessageUI|>,
  <<|java+class:///net/suberic/pooka/gui/MessageProxy/SaveAddressAction|,|java+class:///javax/swing/AbstractAction|>,2,|java+interface:///javax/swing/Action|>,
  <<|java+class:///net/suberic/pooka/gui/MessageProxy/MoveAction|,|java+class:///net/suberic/util/DynamicAbstractAction|>,2,|java+interface:///javax/swing/Action|>,
  <<|java+class:///net/suberic/util/gui/propedit/SwingPropertyEditor|,|java+interface:///net/suberic/util/gui/propedit/PropertyEditorUI|>,2,|java+interface:///net/suberic/util/gui/propedit/PropertyEditorUI|>,
  <<|java+class:///net/suberic/pooka/gui/PreviewContentPanel|,|java+class:///javax/swing/JPanel|>,2,|java+class:///javax/swing/JComponent|>,
  <<|java+class:///net/suberic/pooka/gui/ConnectionMonitor|,|java+class:///javax/swing/Box|>,2,|java+class:///java/awt/Component|>,
  <<|java+class:///net/suberic/util/gui/propedit/CompositeSwingPropertyEditor|,|java+class:///net/suberic/util/gui/propedit/SwingPropertyEditor|>,2,|java+interface:///net/suberic/util/gui/propedit/PropertyEditorUI|>,
  <<|java+class:///net/suberic/pooka/gui/MessageInternalFrame|,|java+class:///javax/swing/JInternalFrame|>,2,|java+class:///javax/swing/JComponent|>,
  <<|java+class:///net/suberic/pooka/gui/filechooser/FolderFileWrapper|,|java+class:///java/io/File|>,2,|java+class:///java/lang/Object|>,
  <<|java+class:///net/suberic/pooka/gui/MainPanel|,|java+class:///javax/swing/JPanel|>,2,|java+class:///java/lang/Object|>,
  <<|java+class:///net/suberic/pooka/gui/MailTreeNode|,|java+class:///javax/swing/tree/DefaultMutableTreeNode|>,2,|java+interface:///javax/swing/tree/TreeNode|>,
  <<|java+class:///net/suberic/util/gui/ConfigurableMenu|,|java+class:///javax/swing/JMenu|>,2,|java+class:///java/awt/Component|>,
  <<|java+class:///net/suberic/pooka/gui/search/SearchEntryPanel|,|java+class:///javax/swing/JPanel|>,2,|java+class:///java/awt/Container|>,
  <<|java+class:///net/suberic/util/gui/propedit/MultiEditorPane|,|java+class:///net/suberic/util/gui/propedit/CompositeSwingPropertyEditor|>,2,|java+interface:///net/suberic/util/gui/propedit/PropertyEditorUI|>,
  <<|java+class:///net/suberic/pooka/gui/FolderPanel|,|java+class:///javax/swing/JPanel|>,2,|java+class:///javax/swing/JComponent|>,
  <<|java+class:///net/suberic/pooka/UIDFolderInfo|,|java+class:///net/suberic/pooka/FolderInfo|>,2,|java+interface:///net/suberic/util/ValueChangeListener|>,
  <<|java+class:///net/suberic/util/swing/ExceptionDisplayPanel|,|java+class:///javax/swing/JPanel|>,2,|java+class:///java/awt/Container|>,
  <<|java+class:///net/suberic/pooka/gui/propedit/PookaFileSelector|,|java+class:///net/suberic/util/gui/propedit/FileSelectorPane|>,2,|java+class:///java/awt/Component|>,
  <<|java+class:///net/suberic/pooka/gui/FolderTableModel|,|java+class:///javax/swing/table/AbstractTableModel|>,2,|java+interface:///javax/swing/table/TableModel|>,
  <<|java+class:///net/suberic/pooka/gui/MailTreeNode|,|java+class:///javax/swing/tree/DefaultMutableTreeNode|>,2,|java+interface:///javax/swing/tree/MutableTreeNode|>,
  <<|java+class:///net/suberic/util/gui/propedit/FileSelectorPane|,|java+class:///net/suberic/util/gui/propedit/LabelValuePropertyEditor|>,2,|java+interface:///net/suberic/util/gui/propedit/PropertyEditorUI|>,
  <<|java+class:///net/suberic/util/gui/propedit/WizardPropertyEditor|,|java+class:///net/suberic/util/gui/propedit/PropertyEditorPane|>,2,|java+class:///java/lang/Object|>,
  <<|java+class:///net/suberic/util/gui/propedit/VariableEditorPane|,|java+class:///net/suberic/util/gui/propedit/CompositeSwingPropertyEditor|>,2,|java+class:///net/suberic/util/gui/propedit/SwingPropertyEditor|>,
  <<|java+class:///net/suberic/util/gui/propedit/DefaultBooleanEditorPane|,|java+class:///net/suberic/util/gui/propedit/ListEditorPane|>,2,|java+class:///net/suberic/util/gui/propedit/SwingPropertyEditor|>,
  <<|java+class:///net/suberic/util/swing/EntryTextArea|,|java+class:///javax/swing/JTextArea|>,2,|java+class:///java/lang/Object|>,
  <<|java+class:///net/suberic/pooka/gui/MailTreeNode|,|java+class:///javax/swing/tree/DefaultMutableTreeNode|>,2,|java+class:///java/lang/Object|>,
  <<|java+class:///net/suberic/pooka/gui/PreviewFolderPanel/ExpungeAction|,|java+class:///javax/swing/AbstractAction|>,2,|java+interface:///javax/swing/Action|>,
  <<|java+class:///net/suberic/pooka/gui/MessageProxy/ReplyAllAction|,|java+class:///javax/swing/AbstractAction|>,2,|java+interface:///javax/swing/Action|>,
  <<|java+class:///net/suberic/pooka/gui/MessageInternalFrame|,|java+interface:///net/suberic/pooka/gui/MessageUI|>,2,|java+interface:///net/suberic/pooka/gui/MessageUI|>,
  <<|java+class:///net/suberic/pooka/UIDMimeMessage|,|java+class:///javax/mail/internet/MimeMessage|>,2,|java+class:///javax/mail/Message|>,
  <<|java+class:///net/suberic/pooka/gui/LoadMessageTracker|,|java+class:///javax/swing/JProgressBar|>,2,|java+class:///java/awt/Component|>,
  <<|java+class:///net/suberic/pooka/gui/MessageProxy/CopyAction|,|java+class:///net/suberic/util/DynamicAbstractAction|>,2,|java+interface:///javax/swing/Action|>,
  <<|java+class:///net/suberic/pooka/gui/ProgressDialogImpl|,|java+interface:///net/suberic/util/swing/ProgressDialog|>,2,|java+interface:///net/suberic/util/swing/ProgressDialog|>,
  <<|java+class:///net/suberic/pooka/gui/propedit/PookaFileSelector|,|java+class:///net/suberic/util/gui/propedit/FileSelectorPane|>,2,|java+class:///net/suberic/util/gui/propedit/SwingPropertyEditor|>,
  <<|java+class:///net/suberic/pooka/gui/MessageDisplayPanel|,|java+class:///javax/swing/JPanel|>,2,|java+class:///java/awt/Component|>,
  <<|java+class:///net/suberic/pooka/gui/MailWrappedView|,|java+class:///javax/swing/text/WrappedPlainView|>,2,|java+class:///javax/swing/text/View|>,
  <<|java+class:///net/suberic/pooka/gui/MessageProxy/ForwardAsAttachmentAction|,|java+class:///javax/swing/AbstractAction|>,2,|java+interface:///javax/swing/Action|>,
  <<|java+class:///net/suberic/pooka/gui/StoreNode/SubscribeAction|,|java+class:///javax/swing/AbstractAction|>,2,|java+interface:///javax/swing/Action|>,
  <<|java+class:///net/suberic/util/swing/EntryTextArea|,|java+class:///javax/swing/JTextArea|>,2,|java+class:///java/awt/Component|>,
  <<|java+class:///net/suberic/pooka/FolderInfo/SendAllAction|,|java+class:///javax/swing/AbstractAction|>,2,|java+interface:///javax/swing/Action|>,
  <<|java+interface:///net/suberic/util/gui/propedit/ConfigurablePropertyEditorListener|,|java+interface:///net/suberic/util/gui/propedit/PropertyEditorListener|>,2,|java+interface:///net/suberic/util/gui/propedit/PropertyEditorListener|>,
  <<|java+class:///net/suberic/pooka/gui/MessageFrame|,|java+class:///javax/swing/JFrame|>,2,|java+class:///java/awt/Window|>,
  <<|java+class:///net/suberic/pooka/gui/MessagePanel|,|java+class:///javax/swing/JDesktopPane|>,2,|java+class:///javax/swing/JComponent|>,
  <<|java+class:///net/suberic/pooka/gui/AttachmentPopupMenu/SaveAllAction|,|java+class:///javax/swing/AbstractAction|>,2,|java+interface:///javax/swing/Action|>,
  <<|java+class:///net/suberic/pooka/gui/WindowMenu/ActivateWindowAction|,|java+class:///javax/swing/AbstractAction|>,2,|java+interface:///java/awt/event/ActionListener|>,
  <<|java+class:///net/suberic/pooka/gui/MailTreeNode|,|java+class:///javax/swing/tree/DefaultMutableTreeNode|>,2,|java+interface:///javax/swing/Action|>,
  <<|java+class:///net/suberic/util/gui/propedit/StringEditorPane|,|java+class:///net/suberic/util/gui/propedit/LabelValuePropertyEditor|>,2,|java+interface:///net/suberic/util/gui/propedit/PropertyEditorUI|>,
  <<|java+class:///net/suberic/pooka/gui/MessageProxy/EncryptionStatusAction|,|java+class:///javax/swing/AbstractAction|>,2,|java+interface:///javax/swing/Action|>,
  <<|java+class:///net/suberic/pooka/gui/NewMessageFrame|,|java+interface:///net/suberic/pooka/gui/NewMessageUI|>,2,|java+interface:///net/suberic/pooka/gui/MessageUI|>,
  <<|java+class:///net/suberic/pooka/gui/propedit/FolderSelectorPane|,|java+class:///net/suberic/util/gui/propedit/LabelValuePropertyEditor|>,2,|java+class:///net/suberic/util/gui/propedit/SwingPropertyEditor|>,
  <<|java+class:///net/suberic/pooka/gui/MessageNotificationManager/ExitPookaAction|,|java+class:///javax/swing/AbstractAction|>,2,|java+class:///java/lang/Object|>,
  <<|java+class:///net/suberic/util/gui/propedit/CompositeSwingPropertyEditor|,|java+class:///net/suberic/util/gui/propedit/SwingPropertyEditor|>,2,|java+class:///java/awt/Container|>,
  <<|java+class:///net/suberic/util/gui/propedit/WizardEditorPane|,|java+class:///net/suberic/util/gui/propedit/CompositeSwingPropertyEditor|>,2,|java+interface:///net/suberic/util/gui/propedit/PropertyEditorUI|>,
  <<|java+class:///net/suberic/pooka/gui/StoreNode/DisconnectAction|,|java+class:///javax/swing/AbstractAction|>,2,|java+interface:///javax/swing/Action|>,
  <<|java+class:///net/suberic/pooka/gui/search/SearchFolderPanel|,|java+class:///javax/swing/JPanel|>,2,|java+class:///java/awt/Component|>,
  <<|java+class:///net/suberic/util/gui/propedit/LabelValuePropertyEditor|,|java+class:///net/suberic/util/gui/propedit/SwingPropertyEditor|>,2,|java+interface:///net/suberic/util/gui/propedit/PropertyEditorUI|>,
  <<|java+class:///net/suberic/pooka/gui/FolderStatusBar|,|java+class:///javax/swing/JPanel|>,2,|java+class:///java/awt/Component|>,
  <<|java+class:///net/suberic/pooka/gui/MessageProxy/OpenRawDisplayAction|,|java+class:///net/suberic/pooka/gui/MessageProxy/OpenAction|>,2,|java+interface:///javax/swing/Action|>,
  <<|java+class:///net/suberic/pooka/gui/MessageProxy/ForwardAsInlineAction|,|java+class:///javax/swing/AbstractAction|>,2,|java+interface:///javax/swing/Action|>,
  <<|java+class:///net/suberic/util/gui/propedit/ColorSelectorPane|,|java+class:///net/suberic/util/gui/propedit/LabelValuePropertyEditor|>,2,|java+class:///net/suberic/util/gui/propedit/SwingPropertyEditor|>,
  <<|java+class:///net/suberic/pooka/gui/PreviewContentPanel|,|java+class:///javax/swing/JPanel|>,2,|java+class:///java/awt/Component|>,
  <<|java+class:///net/suberic/pooka/gui/AttachmentPane/OpenWithAction|,|java+class:///javax/swing/AbstractAction|>,2,|java+interface:///javax/swing/Action|>,
  <<|java+class:///net/suberic/util/gui/propedit/FontSelectorPane|,|java+class:///net/suberic/util/gui/propedit/LabelValuePropertyEditor|>,2,|java+class:///net/suberic/util/gui/propedit/SwingPropertyEditor|>,
  <<|java+class:///net/suberic/pooka/cache/WrappedMimePartDataSource|,|java+class:///javax/mail/internet/MimePartDataSource|>,2,|java+interface:///javax/activation/DataSource|>,
  <<|java+class:///net/suberic/pooka/gui/MessageProxy/DeleteAction|,|java+class:///javax/swing/AbstractAction|>,2,|java+interface:///javax/swing/Action|>,
  <<|java+class:///net/suberic/util/gui/propedit/CompositeEditorPane|,|java+class:///net/suberic/util/gui/propedit/CompositeSwingPropertyEditor|>,2,|java+class:///java/awt/Component|>,
  <<|java+class:///net/suberic/util/gui/ConfigurableToolbar|,|java+class:///javax/swing/JToolBar|>,2,|java+class:///java/awt/Component|>,
  <<|java+class:///net/suberic/util/gui/propedit/SectionedEditorPane/SEPCellRenderer|,|java+class:///javax/swing/JLabel|>,2,|java+class:///java/awt/Component|>,
  <<|java+class:///net/suberic/util/swing/ConfigurableMetalTheme|,|java+class:///javax/swing/plaf/metal/DefaultMetalTheme|>,2,|java+class:///javax/swing/plaf/metal/MetalTheme|>,
  <<|java+class:///net/suberic/pooka/gui/ReadMessageInternalFrame|,|java+class:///net/suberic/pooka/gui/MessageInternalFrame|>,2,|java+interface:///net/suberic/pooka/gui/MessageUI|>,
  <<|java+class:///net/suberic/pooka/gui/FolderPanel|,|java+class:///javax/swing/JPanel|>,2,|java+class:///java/lang/Object|>,
  <<|java+class:///net/suberic/pooka/gui/AttachmentPane/SaveAsAction|,|java+class:///javax/swing/AbstractAction|>,2,|java+interface:///javax/swing/Action|>,
  <<|java+class:///net/suberic/pooka/gui/MainPanel|,|java+class:///javax/swing/JPanel|>,2,|java+class:///javax/swing/JComponent|>,
  <<|java+class:///net/suberic/pooka/gui/filter/FilterEditorPane|,|java+class:///net/suberic/util/gui/propedit/LabelValuePropertyEditor|>,2,|java+class:///net/suberic/util/gui/propedit/SwingPropertyEditor|>,
  <<|java+class:///net/suberic/pooka/OutgoingMailServer/FailoverAuthenticator|,|java+class:///net/suberic/pooka/gui/SimpleAuthenticator|>,2,|java+class:///javax/mail/Authenticator|>,
  <<|java+class:///net/suberic/util/gui/propedit/UniqueFilter|,|java+interface:///net/suberic/util/gui/propedit/ConfigurablePropertyEditorListener|>,2,|java+interface:///net/suberic/util/gui/propedit/PropertyEditorListener|>,
  <<|java+class:///net/suberic/pooka/gui/FolderTableModel/RowComparator|,|java+interface:///java/util/Comparator|>,2,|java+interface:///java/util/Comparator|>,
  <<|java+class:///net/suberic/pooka/gui/AddressBookSelectionPanel|,|java+class:///javax/swing/JPanel|>,2,|java+class:///java/awt/Component|>,
  <<|java+class:///net/suberic/pooka/gui/propedit/FirstRunWizardController|,|java+class:///net/suberic/pooka/gui/propedit/NewStoreWizardController|>,2,|java+class:///java/lang/Object|>,
  <<|java+class:///net/suberic/pooka/gui/MessageProxy/OpenAction|,|java+class:///javax/swing/AbstractAction|>,2,|java+interface:///javax/swing/Action|>,
  <<|java+class:///net/suberic/pooka/gui/NewMessageProxy|,|java+class:///net/suberic/pooka/gui/MessageProxy|>,2,|java+class:///java/lang/Object|>,
  <<|java+class:///net/suberic/pooka/FolderInfo/EmptyTrashAction|,|java+class:///javax/swing/AbstractAction|>,2,|java+interface:///javax/swing/Action|>,
  <<|java+class:///net/suberic/pooka/gui/search/SearchEditorPane|,|java+class:///net/suberic/util/gui/propedit/LabelValuePropertyEditor|>,2,|java+class:///net/suberic/util/gui/propedit/SwingPropertyEditor|>,
  <<|java+interface:///net/suberic/pooka/gui/NewMessageUI|,|java+interface:///net/suberic/pooka/gui/MessageUI|>,2,|java+interface:///net/suberic/pooka/gui/MessageUI|>,
  <<|java+class:///net/suberic/util/gui/propedit/ListEditorPane|,|java+class:///net/suberic/util/gui/propedit/LabelValuePropertyEditor|>,2,|java+class:///net/suberic/util/gui/propedit/SwingPropertyEditor|>,
  <<|java+class:///net/suberic/pooka/gui/MessageProxy/SpamAction|,|java+class:///javax/swing/AbstractAction|>,2,|java+interface:///javax/swing/Action|>,
  <<|java+class:///net/suberic/pooka/gui/FolderPanel|,|java+class:///javax/swing/JPanel|>,2,|java+class:///java/awt/Component|>,
  <<|java+class:///net/suberic/util/gui/propedit/BooleanEditorPane|,|java+class:///net/suberic/util/gui/propedit/SwingPropertyEditor|>,2,|java+class:///java/awt/Component|>,
  <<|java+class:///net/suberic/pooka/gui/MessageInternalFrame|,|java+class:///javax/swing/JInternalFrame|>,2,|java+class:///java/awt/Component|>,
  <<|java+class:///net/suberic/pooka/gui/MessageProxy/PrintAction|,|java+class:///javax/swing/AbstractAction|>,2,|java+interface:///javax/swing/Action|>,
  <<|java+class:///net/suberic/pooka/gui/MessageProxy/DecryptAction|,|java+class:///javax/swing/AbstractAction|>,2,|java+interface:///javax/swing/Action|>,
  <<|java+class:///net/suberic/pooka/gui/MessageFrame|,|java+class:///javax/swing/JFrame|>,2,|java+class:///java/awt/Component|>,
  <<|java+class:///net/suberic/pooka/gui/MessageProxy/ForwardQuotedAction|,|java+class:///javax/swing/AbstractAction|>,2,|java+interface:///javax/swing/Action|>,
  <<|java+class:///net/suberic/util/gui/propedit/TabbedEditorPane|,|java+class:///net/suberic/util/gui/propedit/CompositeSwingPropertyEditor|>,2,|java+interface:///net/suberic/util/gui/propedit/PropertyEditorUI|>,
  <<|java+class:///net/suberic/util/gui/propedit/PropertyEditorPane|,|java+class:///javax/swing/JPanel|>,2,|java+class:///java/awt/Container|>,
  <<|java+class:///net/suberic/pooka/gui/InfoPanel|,|java+class:///javax/swing/JPanel|>,2,|java+class:///java/awt/Component|>,
  <<|java+class:///net/suberic/pooka/StringSignatureGenerator|,|java+class:///net/suberic/pooka/SignatureGeneratorImpl|>,2,|java+interface:///net/suberic/pooka/SignatureGenerator|>,
  <<|java+class:///net/suberic/pooka/ssl/PookaSSLSocketFactory|,|java+class:///javax/net/ssl/SSLSocketFactory|>,2,|java+class:///javax/net/SocketFactory|>,
  <<|java+class:///net/suberic/util/gui/propedit/ColorSelectorPane|,|java+class:///net/suberic/util/gui/propedit/LabelValuePropertyEditor|>,2,|java+class:///java/lang/Object|>,
  <<|java+class:///net/suberic/pooka/gui/MessagePanel|,|java+class:///javax/swing/JDesktopPane|>,2,|java+class:///java/lang/Object|>,
  <<|java+class:///net/suberic/pooka/cache/CachingMimeMessage|,|java+class:///net/suberic/pooka/UIDMimeMessage|>,2,|java+class:///javax/mail/Message|>,
  <<|java+class:///net/suberic/util/gui/propedit/FontSelectorPane|,|java+class:///net/suberic/util/gui/propedit/LabelValuePropertyEditor|>,2,|java+class:///java/lang/Object|>,
  <<|java+class:///net/suberic/pooka/gui/NewMessageDisplayPanel|,|java+class:///net/suberic/pooka/gui/MessageDisplayPanel|>,2,|java+class:///java/awt/Container|>,
  <<|java+class:///net/suberic/pooka/gui/MessageProxy/CheckSignatureAction|,|java+class:///javax/swing/AbstractAction|>,2,|java+interface:///javax/swing/Action|>,
  <<|java+class:///net/suberic/util/gui/propedit/ListEditorPane/ListEditorListener|,|java+class:///net/suberic/util/gui/propedit/PropertyEditorAdapter|>,2,|java+interface:///net/suberic/util/gui/propedit/PropertyEditorListener|>,
  <<|java+class:///net/suberic/pooka/gui/dnd/FolderTransferHandler/FolderTransferAction|,|java+class:///javax/swing/AbstractAction|>,2,|java+interface:///javax/swing/Action|>,
  <<|java+class:///net/suberic/pooka/gui/MainPanel|,|java+class:///javax/swing/JPanel|>,2,|java+interface:///java/lang/Runnable|>,
  <<|java+class:///net/suberic/util/gui/propedit/WizardEditorPane|,|java+class:///net/suberic/util/gui/propedit/CompositeSwingPropertyEditor|>,2,|java+class:///java/awt/Container|>,
  <<|java+class:///net/suberic/pooka/gui/MessageProxy/OpenTextDisplayAction|,|java+class:///net/suberic/pooka/gui/MessageProxy/OpenAction|>,2,|java+interface:///javax/swing/Action|>,
  <<|java+class:///net/suberic/pooka/crypto/CryptoAttachment|,|java+class:///net/suberic/pooka/Attachment|>,2,|java+class:///java/lang/Object|>,
  <<|java+class:///net/suberic/pooka/gui/MessageInternalFrame|,|java+class:///javax/swing/JInternalFrame|>,2,|java+class:///javax/swing/JInternalFrame|>,
  <<|java+class:///net/suberic/pooka/gui/FolderDisplayPanel|,|java+class:///javax/swing/JPanel|>,2,|java+class:///|>,
  <<|java+class:///net/suberic/pooka/gui/MessageProxy/ReplyAllWithAttachmentsAction|,|java+class:///javax/swing/AbstractAction|>,2,|java+interface:///javax/swing/Action|>,
  <<|java+class:///net/suberic/pooka/UserProfile|,|java+class:///java/lang/Object|>,2,|java+interface:///java/lang/Runnable|>,
  <<|java+class:///net/suberic/pooka/gui/ProgressInternalDialog|,|java+class:///net/suberic/pooka/gui/ProgressDialogImpl|>,2,|java+interface:///net/suberic/util/swing/ProgressDialog|>,
  <<|java+class:///net/suberic/util/gui/propedit/SwingPropertyEditor|,|java+class:///javax/swing/JPanel|>,2,|java+class:///java/awt/Container|>,
  <<|java+class:///net/suberic/util/gui/propedit/DisableFilter|,|java+interface:///net/suberic/util/gui/propedit/ConfigurablePropertyEditorListener|>,2,|java+interface:///net/suberic/util/gui/propedit/PropertyEditorListener|>,
  <<|java+class:///net/suberic/pooka/gui/crypto/CryptoButton|,|java+class:///javax/swing/JButton|>,2,|java+class:///java/awt/Component|>,
  <<|java+class:///net/suberic/util/gui/propedit/ColorSelectorPane|,|java+class:///net/suberic/util/gui/propedit/LabelValuePropertyEditor|>,2,|java+class:///java/awt/Component|>,
  <<|java+class:///net/suberic/pooka/gui/MessagePanel|,|java+class:///javax/swing/JDesktopPane|>,2,|java+class:///java/awt/Component|>,
  <<|java+class:///net/suberic/util/gui/propedit/FontSelectorPane|,|java+class:///net/suberic/util/gui/propedit/LabelValuePropertyEditor|>,2,|java+class:///java/awt/Component|>,
  <<|java+class:///net/suberic/pooka/gui/ReadMessageDisplayPanel|,|java+class:///net/suberic/pooka/gui/MessageDisplayPanel|>,2,|java+class:///java/awt/Container|>,
  <<|java+class:///net/suberic/pooka/gui/AttachmentPopupMenu|,|java+class:///javax/swing/JPopupMenu|>,2,|java+class:///java/awt/Component|>,
  <<|java+class:///net/suberic/pooka/gui/PookaPreviewPaneUIFactory|,|java+class:///net/suberic/pooka/gui/SwingUIFactory|>,2,|java+interface:///net/suberic/pooka/gui/PookaUIFactory|>,
  <<|java+class:///net/suberic/util/gui/ConfigurableMenu|,|java+class:///javax/swing/JMenu|>,2,|java+class:///javax/swing/JMenu|>,
  <<|java+class:///net/suberic/pooka/gui/AttachmentPopupMenu/AttachmentAction|,|java+class:///javax/swing/AbstractAction|>,2,|java+interface:///javax/swing/Action|>,
  <<|java+class:///net/suberic/util/gui/ConfigurableAwtMenu|,|java+class:///java/awt/Menu|>,2,|java+class:///java/awt/MenuItem|>,
  <<|java+class:///net/suberic/pooka/gui/propedit/EmailFilter|,|java+interface:///net/suberic/util/gui/propedit/ConfigurablePropertyEditorListener|>,2,|java+interface:///net/suberic/util/gui/propedit/PropertyEditorListener|>,
  <<|java+class:///net/suberic/util/gui/propedit/CompositeEditorPane|,|java+class:///net/suberic/util/gui/propedit/CompositeSwingPropertyEditor|>,2,|java+class:///net/suberic/util/gui/propedit/SwingPropertyEditor|>,
  <<|java+class:///net/suberic/pooka/gui/MultiValueIcon|,|java+class:///net/suberic/pooka/gui/BooleanIcon|>,2,|java+class:///java/lang/Object|>,
  <<|java+class:///net/suberic/pooka/gui/MessageDisplayPanel|,|java+class:///javax/swing/JPanel|>,2,|java+class:///javax/swing/JComponent|>,
  <<|java+class:///net/suberic/pooka/gui/DefaultFolderTreeCellRenderer|,|java+class:///javax/swing/tree/DefaultTreeCellRenderer|>,2,|java+class:///java/awt/Component|>,
  <<|java+class:///net/suberic/pooka/gui/MessageProxy/OpenFullDisplayAction|,|java+class:///net/suberic/pooka/gui/MessageProxy/OpenAction|>,2,|java+interface:///javax/swing/Action|>,
  <<|java+class:///net/suberic/pooka/VirtualFolderInfo|,|java+class:///net/suberic/pooka/FolderInfo|>,2,|java+interface:///javax/mail/event/MessageCountListener|>,
  <<|java+class:///net/suberic/pooka/gui/MessageNotificationManager/OpenMessageAction|,|java+class:///javax/swing/AbstractAction|>,2,|java+interface:///javax/swing/Action|>,
  <<|java+class:///net/suberic/util/swing/EntryTextArea|,|java+class:///javax/swing/JTextArea|>,2,|java+class:///javax/swing/JComponent|>,
  <<|java+class:///net/suberic/pooka/gui/propedit/LookAndFeelEditor|,|java+class:///net/suberic/util/gui/propedit/ListEditorPane|>,2,|java+class:///net/suberic/util/gui/propedit/SwingPropertyEditor|>,
  <<|java+class:///net/suberic/util/gui/propedit/SectionedEditorPane|,|java+class:///net/suberic/util/gui/propedit/CompositeSwingPropertyEditor|>,2,|java+interface:///net/suberic/util/gui/propedit/PropertyEditorUI|>,
  <<|java+class:///net/suberic/pooka/cache/CachingFolderInfo|,|java+class:///net/suberic/pooka/UIDFolderInfo|>,2,|java+interface:///net/suberic/util/ValueChangeListener|>,
  <<|java+class:///net/suberic/pooka/gui/StoreNode|,|java+class:///net/suberic/pooka/gui/MailTreeNode|>,2,|java+interface:///javax/swing/tree/MutableTreeNode|>,
  <<|java+class:///net/suberic/pooka/gui/AddressEntryTextArea|,|java+class:///net/suberic/util/swing/EntryTextArea|>,2,|java+class:///javax/swing/JComponent|>,
  <<|java+class:///net/suberic/pooka/cache/SimpleFileCache/LocalMimeMessage|,|java+class:///javax/mail/internet/MimeMessage|>,2,|java+class:///javax/mail/Message|>,
  <<|java+class:///net/suberic/pooka/gui/filter/ColorFilterEditor|,|java+class:///net/suberic/pooka/gui/filter/FilterEditor|>,2,|java+class:///java/awt/Component|>,
  <<|java+class:///net/suberic/util/gui/propedit/SectionedEditorPane|,|java+class:///net/suberic/util/gui/propedit/CompositeSwingPropertyEditor|>,2,|java+class:///net/suberic/util/gui/propedit/SwingPropertyEditor|>,
  <<|java+class:///net/suberic/util/gui/propedit/CompositeEditorPane|,|java+class:///net/suberic/util/gui/propedit/CompositeSwingPropertyEditor|>,2,|java+interface:///net/suberic/util/gui/propedit/PropertyEditorUI|>,
  <<|java+class:///net/suberic/pooka/gui/AttachmentPane/SaveAllAction|,|java+class:///javax/swing/AbstractAction|>,2,|java+interface:///javax/swing/Action|>,
  <<|java+class:///net/suberic/pooka/gui/NewMessageInternalFrame|,|java+class:///net/suberic/pooka/gui/MessageInternalFrame|>,2,|java+class:///javax/swing/JComponent|>,
  <<|java+class:///net/suberic/util/gui/propedit/SwingPropertyEditor|,|java+class:///javax/swing/JPanel|>,2,|java+class:///java/awt/Component|>,
  <<|java+class:///net/suberic/pooka/gui/filter/FilterEditor|,|java+class:///javax/swing/JPanel|>,2,|java+class:///java/awt/Component|>,
  <<|java+class:///net/suberic/util/thread/ActionWrapper|,|java+class:///net/suberic/util/DynamicAbstractAction|>,2,|java+class:///java/lang/Object|>,
  <<|java+class:///net/suberic/pooka/FolderInfo/UpdateCountAction|,|java+class:///javax/swing/AbstractAction|>,2,|java+interface:///javax/swing/Action|>,
  <<|java+class:///net/suberic/util/gui/propedit/LabelValuePropertyEditor|,|java+class:///net/suberic/util/gui/propedit/SwingPropertyEditor|>,2,|java+class:///java/awt/Component|>,
  <<|java+class:///net/suberic/pooka/gui/ReadMessageFrame|,|java+class:///net/suberic/pooka/gui/MessageFrame|>,2,|java+interface:///net/suberic/pooka/gui/MessageUI|>,
  <<|java+class:///net/suberic/pooka/gui/StoreNode|,|java+class:///net/suberic/pooka/gui/MailTreeNode|>,2,|java+interface:///javax/swing/tree/TreeNode|>,
  <<|java+class:///net/suberic/pooka/gui/FolderDisplayPanel|,|java+class:///javax/swing/JPanel|>,2,|java+class:///java/awt/Component|>,
  <<|java+class:///net/suberic/pooka/gui/MessageProxy/OpenDefaultDisplayAction|,|java+class:///net/suberic/pooka/gui/MessageProxy/OpenAction|>,2,|java+interface:///javax/swing/Action|>,
  <<|java+class:///net/suberic/pooka/gui/DisplayStyleComboBox|,|java+class:///net/suberic/util/gui/ConfigurableComboBox|>,2,|java+class:///java/awt/Component|>,
  <<|java+class:///net/suberic/util/gui/propedit/BooleanEditorPane|,|java+class:///net/suberic/util/gui/propedit/SwingPropertyEditor|>,2,|java+interface:///net/suberic/util/gui/propedit/PropertyEditorUI|>,
  <<|java+class:///net/suberic/util/gui/propedit/NumberFilter|,|java+interface:///net/suberic/util/gui/propedit/ConfigurablePropertyEditorListener|>,2,|java+interface:///net/suberic/util/gui/propedit/PropertyEditorListener|>,
  <<|java+class:///net/suberic/util/thread/ActionWrapper|,|java+class:///net/suberic/util/DynamicAbstractAction|>,2,|java+interface:///javax/swing/Action|>,
  <<|java+class:///net/suberic/util/swing/JFontChooser|,|java+class:///javax/swing/JComponent|>,2,|java+class:///java/awt/Component|>,
  <<|java+class:///net/suberic/pooka/gui/ReadMessageDisplayPanel|,|java+class:///net/suberic/pooka/gui/MessageDisplayPanel|>,2,|java+class:///java/awt/Component|>,
  <<|java+class:///net/suberic/pooka/gui/FolderNode/OpenAction|,|java+class:///javax/swing/AbstractAction|>,2,|java+interface:///javax/swing/Action|>,
  <<|java+class:///net/suberic/util/gui/propedit/SpacerEditorPane|,|java+class:///net/suberic/util/gui/propedit/SwingPropertyEditor|>,2,|java+class:///java/awt/Component|>,
  <<|java+class:///net/suberic/pooka/gui/NewMessageInternalFrame|,|java+class:///net/suberic/pooka/gui/MessageInternalFrame|>,2,|java+interface:///net/suberic/util/swing/ThemeSupporter|>,
  <<|java+class:///net/suberic/util/gui/propedit/LabelValuePropertyEditor|,|java+class:///net/suberic/util/gui/propedit/SwingPropertyEditor|>,2,|java+class:///java/lang/Object|>,
  <<|java+class:///net/suberic/pooka/gui/propedit/AddressBookEditorPane/AddressBookTableModel|,|java+class:///javax/swing/table/AbstractTableModel|>,2,|java+interface:///javax/swing/table/TableModel|>,
  <<|java+class:///net/suberic/pooka/gui/FolderDisplayPanel|,|java+class:///javax/swing/JPanel|>,2,|java+class:///java/lang/Object|>,
  <<|java+class:///net/suberic/pooka/gui/MessageProxy/OpenHtmlDisplayAction|,|java+class:///net/suberic/pooka/gui/MessageProxy/OpenAction|>,2,|java+interface:///javax/swing/Action|>,
  <<|java+class:///net/suberic/util/prefs/JDBCPreferences|,|java+class:///java/util/prefs/AbstractPreferences|>,2,|java+class:///java/util/prefs/Preferences|>,
  <<|java+class:///net/suberic/pooka/gui/NewMessageFrame|,|java+class:///net/suberic/pooka/gui/MessageFrame|>,2,|java+interface:///net/suberic/util/swing/ThemeSupporter|>,
  <<|java+class:///net/suberic/util/gui/propedit/SwingPropertyEditor|,|java+class:///javax/swing/JPanel|>,2,|java+class:///java/lang/Object|>,
  <<|java+class:///net/suberic/pooka/gui/MessageProxy/ForwardAction|,|java+class:///javax/swing/AbstractAction|>,2,|java+interface:///javax/swing/Action|>,
  <<|java+class:///net/suberic/pooka/gui/filter/FilterEditor|,|java+class:///javax/swing/JPanel|>,2,|java+class:///java/lang/Object|>,
  <<|java+class:///net/suberic/util/gui/propedit/SectionedEditorPane|,|java+class:///net/suberic/util/gui/propedit/CompositeSwingPropertyEditor|>,2,|java+class:///java/lang/Object|>,
  <<|java+class:///net/suberic/pooka/FolderInfo|,|java+interface:///javax/mail/event/MessageChangedListener|>,2,|java+interface:///javax/mail/event/MessageChangedListener|>,
  <<|java+class:///net/suberic/util/gui/propedit/ListEditorPane|,|java+class:///net/suberic/util/gui/propedit/LabelValuePropertyEditor|>,2,|java+interface:///net/suberic/util/gui/propedit/PropertyEditorUI|>,
  <<|java+class:///net/suberic/pooka/gui/AttachmentPane|,|java+class:///javax/swing/JPanel|>,2,|java+class:///java/awt/Component|>,
  <<|java+class:///net/suberic/pooka/gui/filechooser/FolderInfoFileWrapper|,|java+class:///java/io/File|>,2,|java+class:///java/lang/Object|>,
  <<|java+class:///net/suberic/util/gui/propedit/TabbedEditorPane|,|java+class:///net/suberic/util/gui/propedit/CompositeSwingPropertyEditor|>,2,|java+class:///net/suberic/util/gui/propedit/SwingPropertyEditor|>,
  <<|java+class:///net/suberic/util/gui/ConfigurableMenu|,|java+class:///javax/swing/JMenu|>,2,|java+class:///javax/swing/JMenuItem|>,
  <<|java+class:///net/suberic/pooka/gui/PreviewFolderPanel|,|java+class:///javax/swing/JPanel|>,2,|java+class:///java/lang/Object|>,
  <<|java+class:///net/suberic/pooka/gui/MessageProxy/DefaultOpenAction|,|java+class:///javax/swing/AbstractAction|>,2,|java+interface:///javax/swing/Action|>,
  <<|java+class:///net/suberic/pooka/gui/ReadMessageInternalFrame|,|java+class:///net/suberic/pooka/gui/MessageInternalFrame|>,2,|java+interface:///net/suberic/util/swing/ThemeSupporter|>,
  <<|java+class:///net/suberic/util/gui/propedit/PropertyEditorPane|,|java+class:///javax/swing/JPanel|>,2,|java+class:///java/lang/Object|>,
  <<|java+class:///net/suberic/util/gui/propedit/CompositeEditorPane|,|java+class:///net/suberic/util/gui/propedit/CompositeSwingPropertyEditor|>,2,|java+class:///java/awt/Container|>,
  <<|java+class:///net/suberic/pooka/gui/AttachmentPane|,|java+class:///javax/swing/JPanel|>,2,|java+class:///java/lang/Object|>,
  <<|java+class:///net/suberic/pooka/cache/CachingFolderInfo|,|java+class:///net/suberic/pooka/UIDFolderInfo|>,2,|java+class:///net/suberic/pooka/FolderInfo|>,
  <<|java+class:///net/suberic/pooka/gui/MessageProxy/ReplyAction|,|java+class:///javax/swing/AbstractAction|>,2,|java+interface:///javax/swing/Action|>,
  <<|java+class:///net/suberic/util/gui/ConfigurableComboBox|,|java+class:///javax/swing/JComboBox|>,2,|java+class:///java/awt/Component|>,
  <<|java+class:///net/suberic/util/gui/ConfigurablePopupMenu|,|java+class:///javax/swing/JPopupMenu|>,2,|java+class:///java/awt/Component|>,
  <<|java+class:///net/suberic/pooka/gui/AttachmentPane/OpenAction|,|java+class:///javax/swing/AbstractAction|>,2,|java+interface:///javax/swing/Action|>,
  <<|java+class:///net/suberic/pooka/VirtualFolderInfo|,|java+class:///net/suberic/pooka/FolderInfo|>,2,|java+interface:///javax/mail/event/MessageChangedListener|>,
  <<|java+class:///net/suberic/pooka/gui/ReadMessageInternalFrame|,|java+class:///net/suberic/pooka/gui/MessageInternalFrame|>,2,|java+class:///javax/swing/JComponent|>,
  <<|java+class:///net/suberic/pooka/gui/MessageProxy/SaveMessageAction|,|java+class:///javax/swing/AbstractAction|>,2,|java+interface:///javax/swing/Action|>,
  <<|java+class:///net/suberic/pooka/gui/MessageProxy/SignatureStatusAction|,|java+class:///javax/swing/AbstractAction|>,2,|java+interface:///javax/swing/Action|>,
  <<|java+class:///net/suberic/pooka/cache/CachingFolderInfo|,|java+class:///net/suberic/pooka/UIDFolderInfo|>,2,|java+interface:///javax/mail/event/MessageChangedListener|>,
  <<|java+class:///net/suberic/pooka/gui/PreviewFolderPanel|,|java+class:///javax/swing/JPanel|>,2,|java+class:///java/awt/Component|>,
  <<|java+class:///net/suberic/pooka/gui/StoreNode|,|java+class:///net/suberic/pooka/gui/MailTreeNode|>,2,|java+class:///java/lang/Object|>,
  <<|java+class:///net/suberic/util/gui/propedit/PropertyEditorPane|,|java+class:///javax/swing/JPanel|>,2,|java+class:///java/awt/Component|>,
  <<|java+class:///net/suberic/pooka/SignatureGeneratorImpl|,|java+interface:///net/suberic/pooka/SignatureGenerator|>,2,|java+interface:///net/suberic/pooka/SignatureGenerator|>,
  <<|java+class:///net/suberic/pooka/gui/FolderInternalFrame|,|java+class:///javax/swing/JInternalFrame|>,2,|java+class:///javax/swing/JComponent|>,
  <<|java+class:///net/suberic/util/gui/propedit/ColorSelectorPane|,|java+class:///net/suberic/util/gui/propedit/LabelValuePropertyEditor|>,2,|java+interface:///net/suberic/util/gui/propedit/PropertyEditorUI|>,
  <<|java+class:///net/suberic/util/gui/propedit/LabelValuePropertyEditor|,|java+class:///net/suberic/util/gui/propedit/SwingPropertyEditor|>,2,|java+class:///net/suberic/util/gui/propedit/SwingPropertyEditor|>,
  <<|java+class:///net/suberic/pooka/crypto/KeyAttachment|,|java+class:///net/suberic/pooka/Attachment|>,2,|java+class:///java/lang/Object|>,
  <<|java+class:///net/suberic/util/gui/propedit/FontSelectorPane|,|java+class:///net/suberic/util/gui/propedit/LabelValuePropertyEditor|>,2,|java+interface:///net/suberic/util/gui/propedit/PropertyEditorUI|>,
  <<|java+class:///net/suberic/util/gui/propedit/WizardEditorPane|,|java+class:///net/suberic/util/gui/propedit/CompositeSwingPropertyEditor|>,2,|java+class:///net/suberic/util/gui/propedit/SwingPropertyEditor|>,
  <<|java+class:///net/suberic/pooka/gui/MessageProxy/ForwardWithAttachmentsAction|,|java+class:///javax/swing/AbstractAction|>,2,|java+interface:///javax/swing/Action|>,
  <<|java+class:///net/suberic/pooka/gui/MessageProxy/CacheMessageAction|,|java+class:///javax/swing/AbstractAction|>,2,|java+interface:///javax/swing/Action|>,
  <<|java+interface:///net/suberic/util/gui/propedit/ConfigurablePropertyEditorListener|,|java+interface:///net/suberic/util/gui/propedit/PropertyEditorListener|>,2,|java+class:///java/lang/Object|>,
  <<|java+class:///net/suberic/pooka/gui/FolderNode/ReconnectAction|,|java+class:///javax/swing/AbstractAction|>,2,|java+interface:///javax/swing/Action|>,
  <<|java+class:///net/suberic/util/gui/propedit/StringEditorPane|,|java+class:///net/suberic/util/gui/propedit/LabelValuePropertyEditor|>,2,|java+class:///net/suberic/util/gui/propedit/SwingPropertyEditor|>,
  <<|java+class:///net/suberic/util/gui/propedit/DisableFilter|,|java+class:///net/suberic/util/gui/propedit/PropertyEditorAdapter|>,2,|java+class:///java/lang/Object|>,
  <<|java+class:///net/suberic/util/gui/propedit/RequiredFilter|,|java+interface:///net/suberic/util/gui/propedit/ConfigurablePropertyEditorListener|>,2,|java+interface:///net/suberic/util/gui/propedit/PropertyEditorListener|>,
  <<|java+class:///net/suberic/pooka/FolderInfo|,|java+interface:///net/suberic/util/ValueChangeListener|>,2,|java+interface:///net/suberic/util/ValueChangeListener|>,
  <<|java+class:///net/suberic/pooka/gui/propedit/FolderSelectorPane|,|java+class:///net/suberic/util/gui/propedit/LabelValuePropertyEditor|>,2,|java+interface:///net/suberic/util/gui/propedit/PropertyEditorUI|>,
  <<|java+class:///net/suberic/pooka/gui/FolderNode|,|java+class:///net/suberic/pooka/gui/MailTreeNode|>,2,|java+interface:///javax/swing/tree/TreeNode|>,
  <<|java+class:///net/suberic/pooka/gui/FolderDisplayPanel|,|java+class:///javax/swing/JPanel|>,2,|java+class:///javax/swing/JComponent|>,
  <<|java+class:///net/suberic/pooka/thread/FolderTracker/CheckFolderAction|,|java+class:///javax/swing/AbstractAction|>,2,|java+interface:///javax/swing/Action|>,
  <<|java+class:///net/suberic/pooka/gui/SwingUIFactory|,|java+interface:///net/suberic/pooka/gui/PookaUIFactory|>,2,|java+interface:///net/suberic/pooka/gui/PookaUIFactory|>,
  <<|java+class:///net/suberic/util/DynamicAbstractAction|,|java+class:///javax/swing/AbstractAction|>,2,|java+interface:///javax/swing/Action|>,
  <<|java+class:///net/suberic/pooka/gui/NewMessageDisplayPanel|,|java+class:///net/suberic/pooka/gui/MessageDisplayPanel|>,2,|java+class:///javax/swing/JComponent|>,
  <<|java+class:///net/suberic/pooka/gui/NewMessageFrame|,|java+class:///net/suberic/pooka/gui/MessageFrame|>,2,|java+class:///java/awt/Component|>,
  <<|java+class:///net/suberic/pooka/MBPAttachment|,|java+class:///net/suberic/pooka/Attachment|>,2,|java+class:///java/lang/Object|>,
  <<|java+class:///net/suberic/util/gui/propedit/CompositeSwingPropertyEditor|,|java+class:///net/suberic/util/gui/propedit/SwingPropertyEditor|>,2,|java+class:///java/lang/Object|>,
  <<|java+class:///net/suberic/util/gui/propedit/MultiEditorPane|,|java+class:///net/suberic/util/gui/propedit/CompositeSwingPropertyEditor|>,2,|java+class:///java/lang/Object|>,
  <<|java+class:///net/suberic/pooka/gui/MessageProxy/MessageFilterAction|,|java+class:///javax/swing/AbstractAction|>,2,|java+interface:///javax/swing/Action|>,
  <<|java+class:///net/suberic/pooka/gui/MessageInternalFrame|,|java+interface:///net/suberic/util/swing/ThemeSupporter|>,2,|java+interface:///net/suberic/util/swing/ThemeSupporter|>,
  <<|java+class:///net/suberic/pooka/gui/ReadMessageInternalFrame|,|java+class:///net/suberic/pooka/gui/MessageInternalFrame|>,2,|java+class:///javax/swing/JInternalFrame|>,
  <<|java+class:///net/suberic/pooka/gui/NewMessageInternalFrame|,|java+class:///net/suberic/pooka/gui/MessageInternalFrame|>,2,|java+class:///java/awt/Component|>,
  <<|java+class:///net/suberic/pooka/gui/SendFailedDialog|,|java+class:///javax/swing/JPanel|>,2,|java+interface:///java/lang/Runnable|>,
  <<|java+class:///net/suberic/pooka/UIDFolderInfo|,|java+class:///net/suberic/pooka/FolderInfo|>,2,|java+class:///net/suberic/pooka/FolderInfo|>,
  <<|java+class:///net/suberic/pooka/gui/EnhancedFolderTreeCellRenderer|,|java+class:///net/suberic/pooka/gui/DefaultFolderTreeCellRenderer|>,2,|java+class:///java/awt/Component|>,
  <<|java+class:///net/suberic/util/DynamicAbstractAction|,|java+class:///javax/swing/AbstractAction|>,2,|java+class:///java/lang/Object|>,
  <<|java+class:///net/suberic/pooka/gui/MessageDisplayPanel|,|java+class:///javax/swing/JPanel|>,2,|java+class:///java/awt/Container|>,
  <<|java+class:///net/suberic/pooka/gui/AddressBookSelectionPanel/AddressBookTableModel|,|java+class:///javax/swing/table/AbstractTableModel|>,2,|java+interface:///javax/swing/table/TableModel|>,
  <<|java+class:///net/suberic/pooka/gui/MessageDisplayPanel|,|java+class:///javax/swing/JPanel|>,2,|java+class:///|>,
  <<|java+class:///net/suberic/pooka/gui/FolderMenu|,|java+class:///net/suberic/util/gui/ConfigurableMenu|>,2,|java+class:///javax/swing/JMenu|>,
  <<|java+class:///net/suberic/pooka/gui/NewMessageInternalFrame|,|java+interface:///net/suberic/pooka/gui/NewMessageUI|>,2,|java+interface:///net/suberic/pooka/gui/MessageUI|>,
  <<|java+class:///net/suberic/util/gui/ConfigurableAwtMenu|,|java+class:///java/awt/Menu|>,2,|java+class:///java/lang/Object|>,
  <<|java+class:///net/suberic/pooka/gui/PookaDesktopPaneUIFactory|,|java+class:///net/suberic/pooka/gui/SwingUIFactory|>,2,|java+interface:///net/suberic/pooka/gui/PookaUIFactory|>,
  <<|java+class:///net/suberic/pooka/gui/propedit/NewStoreWizardController|,|java+class:///net/suberic/util/gui/propedit/WizardController|>,2,|java+class:///java/lang/Object|>,
  <<|java+class:///net/suberic/pooka/gui/StoreNode/OpenAction|,|java+class:///javax/swing/AbstractAction|>,2,|java+interface:///javax/swing/Action|>,
  <<|java+class:///net/suberic/pooka/gui/FolderTableModel/ReverseRowComparator|,|java+class:///net/suberic/pooka/gui/FolderTableModel/RowComparator|>,2,|java+interface:///java/util/Comparator|>,
  <<|java+class:///net/suberic/pooka/gui/ReadMessageDisplayPanel|,|java+class:///net/suberic/pooka/gui/MessageDisplayPanel|>,2,|java+class:///javax/swing/JComponent|>,
  <<|java+class:///net/suberic/util/gui/propedit/CompositeSwingPropertyEditor|,|java+class:///net/suberic/util/gui/propedit/SwingPropertyEditor|>,2,|java+class:///java/awt/Component|>,
  <<|java+class:///net/suberic/util/gui/propedit/VariableEditorPane|,|java+class:///net/suberic/util/gui/propedit/CompositeSwingPropertyEditor|>,2,|java+interface:///net/suberic/util/gui/propedit/PropertyEditorUI|>,
  <<|java+class:///net/suberic/pooka/gui/MessageProxy/ImportKeysAction|,|java+class:///javax/swing/AbstractAction|>,2,|java+interface:///javax/swing/Action|>,
  <<|java+interface:///net/suberic/pooka/gui/TableCellIcon|,|java+interface:///java/lang/Comparable|>,2,|java+class:///java/lang/Object|>,
  <<|java+class:///net/suberic/util/gui/propedit/MultiEditorPane|,|java+class:///net/suberic/util/gui/propedit/CompositeSwingPropertyEditor|>,2,|java+class:///java/awt/Component|>,
  <<|java+class:///net/suberic/pooka/gui/AddressEntryTextArea|,|java+class:///net/suberic/util/swing/EntryTextArea|>,2,|java+class:///java/lang/Object|>,
  <<|java+class:///net/suberic/pooka/gui/propedit/AddressBookEditorPane|,|java+class:///net/suberic/util/gui/propedit/MultiEditorPane|>,2,|java+class:///java/awt/Component|>,
  <<|java+class:///net/suberic/pooka/gui/SimpleAuthenticator|,|java+class:///javax/mail/Authenticator|>,2,|java+class:///javax/mail/Authenticator|>,
  <<|java+class:///net/suberic/util/gui/propedit/FileSelectorPane|,|java+class:///net/suberic/util/gui/propedit/LabelValuePropertyEditor|>,2,|java+class:///net/suberic/util/gui/propedit/SwingPropertyEditor|>,
  <<|java+class:///net/suberic/pooka/UIDFolderInfo|,|java+class:///net/suberic/pooka/FolderInfo|>,2,|java+interface:///javax/mail/event/MessageChangedListener|>,
  <<|java+class:///net/suberic/pooka/messaging/PookaMessageHandler|,|java+class:///java/lang/Thread|>,2,|java+class:///java/lang/Object|>,
  <<|java+class:///net/suberic/util/gui/propedit/PasswordEditorPane|,|java+class:///net/suberic/util/gui/propedit/StringEditorPane|>,2,|java+class:///net/suberic/util/gui/propedit/SwingPropertyEditor|>,
  <<|java+class:///net/suberic/pooka/gui/MessageProxy/ReplyWithAttachmentsAction|,|java+class:///javax/swing/AbstractAction|>,2,|java+interface:///javax/swing/Action|>,
  <<|java+class:///net/suberic/pooka/gui/MessageFrame|,|java+interface:///net/suberic/util/swing/ThemeSupporter|>,2,|java+interface:///net/suberic/util/swing/ThemeSupporter|>,
  <<|java+class:///net/suberic/util/gui/propedit/RadioEditorPane|,|java+class:///net/suberic/util/gui/propedit/SwingPropertyEditor|>,2,|java+class:///java/awt/Component|>,
  <<|java+class:///net/suberic/pooka/gui/MessageProxy/OpenAsNewAction|,|java+class:///javax/swing/AbstractAction|>,2,|java+interface:///javax/swing/Action|>,
  <<|java+class:///net/suberic/pooka/FullMailcapCommandMap|,|java+class:///javax/activation/MailcapCommandMap|>,2,|java+class:///javax/activation/CommandMap|>,
  <<|java+class:///net/suberic/util/gui/ConfigurableComboBox/ConfigurableComboRenderer|,|java+class:///javax/swing/JLabel|>,2,|java+class:///java/awt/Component|>,
  <<|java+class:///net/suberic/util/gui/propedit/CompositeSwingPropertyEditor|,|java+class:///net/suberic/util/gui/propedit/SwingPropertyEditor|>,2,|java+class:///net/suberic/util/gui/propedit/SwingPropertyEditor|>,
  <<|java+class:///net/suberic/util/gui/propedit/MultiEditorPane|,|java+class:///net/suberic/util/gui/propedit/CompositeSwingPropertyEditor|>,2,|java+class:///net/suberic/util/gui/propedit/SwingPropertyEditor|>,
  <<|java+class:///net/suberic/pooka/gui/MessageProxy/OpenCopyAction|,|java+class:///javax/swing/AbstractAction|>,2,|java+interface:///javax/swing/Action|>,
  <<|java+class:///net/suberic/pooka/gui/FolderInternalFrame/ExpungeAction|,|java+class:///javax/swing/AbstractAction|>,2,|java+interface:///javax/swing/Action|>,
  <<|java+class:///net/suberic/util/swing/ExceptionDisplayPanel|,|java+class:///javax/swing/JPanel|>,2,|java+class:///java/lang/Object|>,
  <<|java+class:///net/suberic/pooka/gui/propedit/AddressBookEditorPane/SearchAction|,|java+class:///javax/swing/AbstractAction|>,2,|java+interface:///javax/swing/Action|>,
  <<|java+class:///net/suberic/pooka/gui/FolderNode|,|java+class:///net/suberic/pooka/gui/MailTreeNode|>,2,|java+interface:///javax/swing/Action|>,
  <<|java+class:///net/suberic/util/gui/propedit/FileSelectorPane|,|java+class:///net/suberic/util/gui/propedit/LabelValuePropertyEditor|>,2,|java+class:///java/awt/Component|>,
  <<|java+class:///net/suberic/util/gui/propedit/PropertyEditorAdapter|,|java+interface:///net/suberic/util/gui/propedit/PropertyEditorListener|>,2,|java+interface:///net/suberic/util/gui/propedit/PropertyEditorListener|>,
  <<|java+class:///net/suberic/pooka/gui/AttachmentPane|,|java+class:///javax/swing/JPanel|>,2,|java+class:///javax/swing/JComponent|>,
  <<|java+class:///net/suberic/pooka/gui/propedit/AddressBookEditorPane|,|java+class:///net/suberic/util/gui/propedit/MultiEditorPane|>,2,|java+class:///net/suberic/util/gui/propedit/SwingPropertyEditor|>,
  <<|java+class:///net/suberic/util/gui/propedit/TextMessageEditorPane|,|java+class:///net/suberic/util/gui/propedit/SwingPropertyEditor|>,2,|java+class:///java/awt/Component|>,
  <<|java+class:///net/suberic/pooka/gui/FolderInternalFrame|,|java+class:///javax/swing/JInternalFrame|>,2,|java+class:///java/awt/Component|>,
  <<|java+class:///net/suberic/pooka/gui/propedit/KeySelectorPane|,|java+class:///net/suberic/util/gui/propedit/LabelValuePropertyEditor|>,2,|java+class:///net/suberic/util/gui/propedit/SwingPropertyEditor|>,
  <<|java+class:///net/suberic/pooka/gui/FolderNode|,|java+class:///net/suberic/pooka/gui/MailTreeNode|>,2,|java+class:///java/lang/Object|>,
  <<|java+class:///net/suberic/pooka/gui/search/SearchEntryPanel|,|java+class:///javax/swing/JPanel|>,2,|java+class:///java/awt/Component|>,
  <<|java+class:///net/suberic/pooka/gui/crypto/CryptoPanel|,|java+class:///javax/swing/JPanel|>,2,|java+class:///java/awt/Component|>,
  <<|java+class:///net/suberic/pooka/gui/PookaStartup/ImagePanel|,|java+class:///javax/swing/JPanel|>,2,|java+class:///java/awt/Component|>,
  <<|java+class:///net/suberic/util/gui/propedit/VariableEditorPane|,|java+class:///net/suberic/util/gui/propedit/CompositeSwingPropertyEditor|>,2,|java+class:///java/awt/Container|>,
  <<|java+class:///net/suberic/util/gui/propedit/RadioEditorPane|,|java+class:///net/suberic/util/gui/propedit/SwingPropertyEditor|>,2,|java+class:///java/lang/Object|>,
  <<|java+class:///net/suberic/pooka/gui/PreviewFolderPanel|,|java+class:///javax/swing/JPanel|>,2,|java+class:///javax/swing/JComponent|>,
  <<|java+class:///net/suberic/util/swing/ExceptionDisplayPanel|,|java+class:///javax/swing/JPanel|>,2,|java+class:///java/awt/Component|>,
  <<|java+class:///net/suberic/pooka/FolderInfo|,|java+interface:///javax/mail/event/MessageCountListener|>,2,|java+interface:///javax/mail/event/MessageCountListener|>,
  <<|java+class:///net/suberic/pooka/gui/FolderNode/CloseAction|,|java+class:///javax/swing/AbstractAction|>,2,|java+interface:///javax/swing/Action|>
}