[
  <<|java+class:///net/suberic/pooka/vcard/Vcard|,|java+interface:///net/suberic/pooka/AddressBookEntry|>,{|java+interface:///java/lang/Comparable|},|project://pooka-3.0-080505/src/net/suberic/pooka/gui/AddressBookSelectionPanel.java|(9366,39,<341,13>,<341,52>)>,
  <<|java+class:///net/suberic/util/swing/ThemeManager|,|java+interface:///net/suberic/util/ItemListChangeListener|>,{
    |java+interface:///net/suberic/util/ValueChangeListener|,
    |java+interface:///net/suberic/util/ItemCreator|
  },|project://pooka-3.0-080505/src/net/suberic/pooka/OutgoingMailServerManager.java|(3937,43,<137,7>,<137,50>)>,
  <<|java+class:///net/suberic/pooka/StoreInfo|,|java+interface:///net/suberic/pooka/NetworkConnectionListener|>,{
    |java+interface:///net/suberic/util/ValueChangeListener|,
    |java+interface:///net/suberic/util/Item|
  },|project://pooka-3.0-080505/src/net/suberic/pooka/NetworkConnection.java|(8022,47,<296,7>,<296,54>)>,
  <<|java+class:///net/suberic/pooka/gui/FolderNode|,|java+class:///net/suberic/pooka/gui/MailTreeNode|>,{
    |java+interface:///net/suberic/pooka/UserProfileContainer|,
    |java+interface:///javax/mail/event/ConnectionListener|,
    |java+interface:///javax/mail/event/MessageChangedListener|
  },|project://pooka-3.0-080505/src/net/suberic/pooka/gui/FolderPanel.java|(5887,26,<174,17>,<174,43>)>,
  <<|java+class:///net/suberic/pooka/gui/FolderNode|,|java+class:///net/suberic/pooka/gui/MailTreeNode|>,{
    |java+interface:///net/suberic/pooka/UserProfileContainer|,
    |java+interface:///javax/mail/event/ConnectionListener|,
    |java+interface:///javax/mail/event/MessageChangedListener|
  },|project://pooka-3.0-080505/src/net/suberic/pooka/gui/FolderPanel.java|(7763,39,<247,13>,<247,52>)>,
  <<|java+class:///net/suberic/pooka/gui/FolderNode|,|java+class:///net/suberic/pooka/gui/MailTreeNode|>,{
    |java+interface:///net/suberic/pooka/UserProfileContainer|,
    |java+interface:///javax/mail/event/ConnectionListener|,
    |java+interface:///javax/mail/event/MessageChangedListener|
  },|project://pooka-3.0-080505/src/net/suberic/pooka/gui/FolderPanel.java|(9294,50,<293,30>,<293,80>)>,
  <<|java+interface:///net/suberic/pooka/gui/FolderDisplayUI|,|java+interface:///net/suberic/pooka/event/MessageLoadedListener|>,{
    |java+interface:///net/suberic/pooka/UserProfileContainer|,
    |java+interface:///javax/mail/event/ConnectionListener|,
    |java+interface:///javax/mail/event/MessageCountListener|,
    |java+interface:///net/suberic/pooka/gui/ActionContainer|,
    |java+interface:///javax/mail/event/MessageChangedListener|,
    |java+interface:///net/suberic/pooka/gui/ErrorHandler|
  },|project://pooka-3.0-080505/src/net/suberic/pooka/thread/LoadMessageThread.java|(8725,52,<258,7>,<258,59>)>,
  <<|java+class:///net/suberic/pooka/gui/filter/ColorFilterEditor|,|java+class:///net/suberic/pooka/gui/filter/FilterEditor|>,{|java+interface:///java/awt/event/ActionListener|},|project://pooka-3.0-080505/src/net/suberic/pooka/SearchTermManager.java|(14813,69,<384,53>,<384,122>)>,
  <<|java+class:///net/suberic/pooka/UserProfile|,|java+interface:///net/suberic/util/Item|>,{
    |java+interface:///net/suberic/util/ValueChangeListener|,
    |java+class:///java/lang/Object|
  },|project://pooka-3.0-080505/src/net/suberic/util/ItemManager.java|(1785,27,<67,13>,<67,40>)>,
  <<|java+class:///net/suberic/pooka/StoreInfo|,|java+interface:///net/suberic/util/Item|>,{
    |java+interface:///net/suberic/util/ValueChangeListener|,
    |java+interface:///net/suberic/pooka/NetworkConnectionListener|
  },|project://pooka-3.0-080505/src/net/suberic/util/ItemManager.java|(6010,28,<211,23>,<211,51>)>,
  <<|java+class:///net/suberic/pooka/StoreInfo|,|java+interface:///net/suberic/util/Item|>,{
    |java+interface:///net/suberic/util/ValueChangeListener|,
    |java+interface:///net/suberic/pooka/NetworkConnectionListener|
  },|project://pooka-3.0-080505/src/net/suberic/util/ItemManager.java|(6406,42,<222,21>,<222,63>)>,
  <<|java+class:///net/suberic/pooka/UserProfileManager|,|java+interface:///net/suberic/util/ItemListChangeListener|>,{|java+interface:///net/suberic/util/ItemCreator|},|project://pooka-3.0-080505/src/net/suberic/util/ItemManager.java|(7744,43,<270,7>,<270,50>)>,
  <<|java+class:///net/suberic/util/gui/ConfigurableMenuBar|,|java+interface:///net/suberic/util/gui/ConfigurableUI|>,{|java+class:///javax/swing/JMenuBar|},|project://pooka-3.0-080505/src/net/suberic/util/gui/ConfigurableToolbar.java|(2106,42,<63,37>,<63,79>)>,
  <<|java+class:///net/suberic/util/gui/ConfigurableComboBox|,|java+interface:///net/suberic/util/gui/ConfigurableUI|>,{|java+class:///javax/swing/JComboBox|},|project://pooka-3.0-080505/src/net/suberic/util/gui/ConfigurableToolbar.java|(3554,26,<120,9>,<120,35>)>,
  <<|java+class:///net/suberic/pooka/gui/crypto/CryptoButton|,|java+class:///javax/swing/JButton|>,{
    |java+interface:///net/suberic/util/gui/ConfigurableUI|,
    |java+interface:///net/suberic/pooka/gui/crypto/CryptoStatusDisplay|
  },|project://pooka-3.0-080505/src/net/suberic/util/gui/ConfigurableToolbar.java|(3676,20,<122,21>,<122,41>)>,
  <<|java+class:///net/suberic/util/gui/propedit/SwingPropertyEditor|,|java+interface:///net/suberic/util/gui/propedit/PropertyEditorUI|>,{|java+class:///javax/swing/JPanel|},|project://pooka-3.0-080505/src/net/suberic/util/gui/propedit/PropertyEditorFactory.java|(9275,44,<245,20>,<245,64>)>,
  <<|java+class:///net/suberic/pooka/NetworkConnectionManager|,|java+interface:///net/suberic/util/ItemListChangeListener|>,{|java+interface:///net/suberic/util/ItemCreator|},|project://pooka-3.0-080505/src/net/suberic/pooka/NetworkConnectionManager.java|(3365,43,<125,7>,<125,50>)>,
  <<|java+class:///net/suberic/pooka/gui/filter/ColorFilterEditor|,|java+class:///net/suberic/pooka/gui/filter/FilterEditor|>,{|java+interface:///java/awt/event/ActionListener|},|project://pooka-3.0-080505/src/net/suberic/pooka/gui/filter/FilterEditorPane.java|(3873,59,<115,11>,<115,70>)>,
  <<|java+class:///net/suberic/pooka/gui/propedit/EmailFilter|,|java+interface:///net/suberic/util/gui/propedit/ConfigurablePropertyEditorListener|>,{|java+class:///net/suberic/util/gui/propedit/PropertyEditorAdapter|},|project://pooka-3.0-080505/src/net/suberic/util/gui/propedit/PropertyEditorManager.java|(6846,59,<237,47>,<237,106>)>,
  <<|java+class:///net/suberic/pooka/StoreInfo|,|java+interface:///net/suberic/util/ValueChangeListener|>,{
    |java+interface:///net/suberic/util/Item|,
    |java+interface:///net/suberic/pooka/NetworkConnectionListener|
  },|project://pooka-3.0-080505/src/net/suberic/util/VariableBundle.java|(10497,33,<359,34>,<359,67>)>,
  <<|java+class:///net/suberic/pooka/StoreInfo|,|java+interface:///net/suberic/util/ValueChangeListener|>,{
    |java+interface:///net/suberic/util/Item|,
    |java+interface:///net/suberic/pooka/NetworkConnectionListener|
  },|project://pooka-3.0-080505/src/net/suberic/util/VariableBundle.java|(11098,47,<374,51>,<374,98>)>,
  <<|java+class:///net/suberic/util/swing/ThemeManager|,|java+interface:///net/suberic/util/ItemListChangeListener|>,{
    |java+interface:///net/suberic/util/ValueChangeListener|,
    |java+interface:///net/suberic/util/ItemCreator|
  },|project://pooka-3.0-080505/src/net/suberic/util/swing/ThemeManager.java|(4203,35,<148,7>,<148,42>)>,
  <<|java+class:///net/suberic/pooka/gui/MessagePanel|,|java+interface:///net/suberic/util/swing/ThemeListener|>,{
    |java+interface:///net/suberic/pooka/gui/ContentPanel|,
    |java+class:///javax/swing/JDesktopPane|,
    |java+interface:///net/suberic/util/swing/ThemeSupporter|
  },|project://pooka-3.0-080505/src/net/suberic/util/swing/ConfigurableMetalTheme.java|(2773,27,<101,30>,<101,57>)>,
  <<|java+class:///net/suberic/util/swing/ThemeManager|,|java+interface:///net/suberic/util/ItemListChangeListener|>,{
    |java+interface:///net/suberic/util/ValueChangeListener|,
    |java+interface:///net/suberic/util/ItemCreator|
  },|project://pooka-3.0-080505/src/net/suberic/pooka/UserProfileManager.java|(3828,43,<144,7>,<144,50>)>,
  <<|java+class:///net/suberic/pooka/gui/AddressEntryTextArea|,|java+class:///net/suberic/util/swing/EntryTextArea|>,{|java+interface:///java/awt/event/FocusListener|},|project://pooka-3.0-080505/src/net/suberic/pooka/gui/NewMessageDisplayPanel.java|(17166,35,<510,35>,<510,70>)>,
  <<|java+class:///net/suberic/pooka/gui/AddressEntryTextArea|,|java+class:///net/suberic/util/swing/EntryTextArea|>,{|java+interface:///java/awt/event/FocusListener|},|project://pooka-3.0-080505/src/net/suberic/pooka/gui/NewMessageDisplayPanel.java|(17522,36,<516,19>,<516,55>)>,
  <<|java+class:///net/suberic/util/gui/ConfigurableComboBox|,|java+class:///javax/swing/JComboBox|>,{|java+interface:///net/suberic/util/gui/ConfigurableUI|},|project://pooka-3.0-080505/src/net/suberic/pooka/gui/NewMessageDisplayPanel.java|(30534,42,<905,26>,<905,68>)>,
  <<|java+class:///net/suberic/util/gui/ConfigurableComboBox|,|java+class:///javax/swing/JComboBox|>,{|java+interface:///net/suberic/util/gui/ConfigurableUI|},|project://pooka-3.0-080505/src/net/suberic/pooka/gui/NewMessageDisplayPanel.java|(30519,77,<905,11>,<905,88>)>,
  <<|java+class:///net/suberic/util/gui/ConfigurableComboBox|,|java+class:///javax/swing/JComboBox|>,{|java+interface:///net/suberic/util/gui/ConfigurableUI|},|project://pooka-3.0-080505/src/net/suberic/pooka/gui/NewMessageDisplayPanel.java|(30753,42,<913,7>,<913,49>)>,
  <<|java+class:///net/suberic/pooka/gui/MessageFrame|,|java+class:///javax/swing/JFrame|>,{
    |java+interface:///net/suberic/pooka/gui/MessageUI|,
    |java+interface:///net/suberic/util/swing/ThemeListener|,
    |java+interface:///net/suberic/util/swing/ThemeSupporter|
  },|project://pooka-3.0-080505/src/net/suberic/pooka/gui/PookaMinimalUIFactory.java|(17824,14,<571,15>,<571,29>)>,
  <<|java+class:///net/suberic/pooka/vcard/Vcard|,|java+interface:///java/lang/Comparable|>,{|java+interface:///net/suberic/pooka/AddressBookEntry|},|project://pooka-3.0-080505/src/net/suberic/pooka/gui/FolderTableModel.java|(9883,14,<339,20>,<339,34>)>,
  <<|java+class:///net/suberic/pooka/UserProfileManager|,|java+interface:///net/suberic/util/ItemListChangeListener|>,{|java+interface:///net/suberic/util/ItemCreator|},|project://pooka-3.0-080505/src/net/suberic/pooka/StoreManager.java|(5466,43,<198,7>,<198,50>)>,
  <<|java+class:///net/suberic/pooka/gui/FolderNode|,|java+class:///net/suberic/pooka/gui/MailTreeNode|>,{
    |java+interface:///net/suberic/pooka/UserProfileContainer|,
    |java+interface:///javax/mail/event/ConnectionListener|,
    |java+interface:///javax/mail/event/MessageChangedListener|
  },|project://pooka-3.0-080505/src/net/suberic/pooka/gui/FolderMenu.java|(895,57,<38,25>,<38,82>)>,
  <<|java+class:///net/suberic/pooka/gui/FolderNode|,|java+class:///net/suberic/pooka/gui/MailTreeNode|>,{
    |java+interface:///net/suberic/pooka/UserProfileContainer|,
    |java+interface:///javax/mail/event/ConnectionListener|,
    |java+interface:///javax/mail/event/MessageChangedListener|
  },|project://pooka-3.0-080505/src/net/suberic/pooka/gui/FolderMenu.java|(1219,36,<50,24>,<50,60>)>,
  <<|java+class:///net/suberic/pooka/gui/FolderNode|,|java+interface:///javax/mail/event/MessageChangedListener|>,{
    |java+interface:///net/suberic/pooka/UserProfileContainer|,
    |java+interface:///javax/mail/event/ConnectionListener|,
    |java+class:///net/suberic/pooka/gui/MailTreeNode|
  },|project://pooka-3.0-080505/src/net/suberic/pooka/FolderInfo.java|(46607,38,<1466,9>,<1466,47>)>,
  <<|java+interface:///net/suberic/pooka/gui/FolderDisplayUI|,|java+interface:///javax/mail/event/ConnectionListener|>,{
    |java+interface:///net/suberic/pooka/UserProfileContainer|,
    |java+interface:///net/suberic/pooka/event/MessageLoadedListener|,
    |java+interface:///javax/mail/event/MessageCountListener|,
    |java+interface:///net/suberic/pooka/gui/ActionContainer|,
    |java+interface:///javax/mail/event/MessageChangedListener|,
    |java+interface:///net/suberic/pooka/gui/ErrorHandler|
  },|project://pooka-3.0-080505/src/net/suberic/pooka/FolderInfo.java|(47590,35,<1494,38>,<1494,73>)>,
  <<|java+class:///net/suberic/pooka/gui/FolderStatusBar|,|java+interface:///javax/mail/event/MessageCountListener|>,{
    |java+class:///javax/swing/JPanel|,
    |java+interface:///javax/mail/event/MessageChangedListener|
  },|project://pooka-3.0-080505/src/net/suberic/pooka/FolderInfo.java|(59883,36,<1856,11>,<1856,47>)>,
  <<|java+class:///net/suberic/pooka/FolderInfo|,|java+interface:///javax/mail/event/MessageCountListener|>,{
    |java+interface:///net/suberic/util/ValueChangeListener|,
    |java+interface:///net/suberic/pooka/UserProfileContainer|,
    |java+interface:///javax/mail/event/ConnectionListener|,
    |java+interface:///javax/mail/event/MessageChangedListener|
  },|project://pooka-3.0-080505/src/net/suberic/pooka/FolderInfo.java|(60141,36,<1863,11>,<1863,47>)>,
  <<|java+class:///net/suberic/pooka/ldap/LDAPAddressBook|,|java+interface:///net/suberic/pooka/AddressBook|>,{|java+interface:///net/suberic/pooka/AddressMatcher|},|project://pooka-3.0-080505/src/net/suberic/pooka/AddressBookManager.java|(5381,42,<183,32>,<183,74>)>,
  <<|java+class:///net/suberic/util/swing/ThemeManager|,|java+interface:///net/suberic/util/ValueChangeListener|>,{
    |java+interface:///net/suberic/util/ItemCreator|,
    |java+interface:///net/suberic/util/ItemListChangeListener|
  },|project://pooka-3.0-080505/src/net/suberic/pooka/AddressBookManager.java|(6192,57,<212,7>,<212,64>)>
]