RESULTS LOG: 
INTERNAL REUSE TOTAL: 92 
<|java+class:///net/suberic/pooka/AlternativeAttachment|,|java+class:///net/suberic/pooka/Attachment|> 
<|java+class:///net/suberic/pooka/BackendMessageFilter|,|java+class:///net/suberic/pooka/MessageFilter|> 
<|java+class:///net/suberic/pooka/FileSignatureGenerator|,|java+class:///net/suberic/pooka/SignatureGeneratorImpl|> 
<|java+class:///net/suberic/pooka/MultiMessageInfo|,|java+class:///net/suberic/pooka/MessageInfo|> 
<|java+class:///net/suberic/pooka/NewMessageInfo|,|java+class:///net/suberic/pooka/MessageInfo|> 
<|java+class:///net/suberic/pooka/OutgoingFolderInfo|,|java+class:///net/suberic/pooka/FolderInfo|> 
<|java+class:///net/suberic/pooka/OutgoingMailServer/FailoverAuthenticator|,|java+class:///net/suberic/pooka/gui/SimpleAuthenticator|> 
<|java+class:///net/suberic/pooka/OutgoingMailServerManager/DefaultOutgoingMailServer|,|java+class:///net/suberic/pooka/OutgoingMailServer|> 
<|java+class:///net/suberic/pooka/PopInboxFolderInfo|,|java+class:///net/suberic/pooka/FolderInfo|> 
<|java+class:///net/suberic/pooka/StringSignatureGenerator|,|java+class:///net/suberic/pooka/SignatureGeneratorImpl|> 
<|java+class:///net/suberic/pooka/UIDFolderInfo|,|java+class:///net/suberic/pooka/FolderInfo|> 
<|java+class:///net/suberic/pooka/VirtualFolderInfo|,|java+class:///net/suberic/pooka/FolderInfo|> 
<|java+class:///net/suberic/pooka/cache/CachingFolderInfo|,|java+class:///net/suberic/pooka/UIDFolderInfo|> 
<|java+class:///net/suberic/pooka/cache/CachingMimeMessage|,|java+class:///net/suberic/pooka/UIDMimeMessage|> 
<|java+class:///net/suberic/pooka/crypto/CryptoAttachment|,|java+class:///net/suberic/pooka/Attachment|> 
<|java+class:///net/suberic/pooka/crypto/KeyAttachment|,|java+class:///net/suberic/pooka/Attachment|> 
<|java+class:///net/suberic/pooka/crypto/SignedAttachment|,|java+class:///net/suberic/pooka/Attachment|> 
<|java+class:///net/suberic/pooka/gui/DisplayStyleComboBox|,|java+class:///net/suberic/util/gui/ConfigurableComboBox|> 
<|java+class:///net/suberic/pooka/gui/EnhancedFolderTreeCellRenderer|,|java+class:///net/suberic/pooka/gui/DefaultFolderTreeCellRenderer|> 
<|java+class:///net/suberic/pooka/gui/FolderMenu|,|java+class:///net/suberic/util/gui/ConfigurableMenu|> 
<|java+class:///net/suberic/pooka/gui/FolderNode|,|java+class:///net/suberic/pooka/gui/MailTreeNode|> 
<|java+class:///net/suberic/pooka/gui/FolderTableModel/ReverseRowComparator|,|java+class:///net/suberic/pooka/gui/FolderTableModel/RowComparator|> 
<|java+class:///net/suberic/pooka/gui/LoginAuthenticator|,|java+class:///net/suberic/pooka/gui/AuthenticatorUI|> 
<|java+class:///net/suberic/pooka/gui/MessagePanel/ExtendedDesktopManager|,|java+class:///net/suberic/util/swing/ScrollingDesktopManager|> 
<|java+class:///net/suberic/pooka/gui/MessageProxy/OpenDefaultDisplayAction|,|java+class:///net/suberic/pooka/gui/MessageProxy/OpenAction|> 
<|java+class:///net/suberic/pooka/gui/MessageProxy/OpenFullDisplayAction|,|java+class:///net/suberic/pooka/gui/MessageProxy/OpenAction|> 
<|java+class:///net/suberic/pooka/gui/MessageProxy/OpenHtmlDisplayAction|,|java+class:///net/suberic/pooka/gui/MessageProxy/OpenAction|> 
<|java+class:///net/suberic/pooka/gui/MessageProxy/OpenRawDisplayAction|,|java+class:///net/suberic/pooka/gui/MessageProxy/OpenAction|> 
<|java+class:///net/suberic/pooka/gui/MessageProxy/OpenTextDisplayAction|,|java+class:///net/suberic/pooka/gui/MessageProxy/OpenAction|> 
<|java+class:///net/suberic/pooka/gui/MultiMessageProxy|,|java+class:///net/suberic/pooka/gui/MessageProxy|> 
<|java+class:///net/suberic/pooka/gui/MultiValueIcon|,|java+class:///net/suberic/pooka/gui/BooleanIcon|> 
<|java+class:///net/suberic/pooka/gui/NewMessageDisplayPanel|,|java+class:///net/suberic/pooka/gui/MessageDisplayPanel|> 
<|java+class:///net/suberic/pooka/gui/NewMessageFrame|,|java+class:///net/suberic/pooka/gui/MessageFrame|> 
<|java+class:///net/suberic/pooka/gui/NewMessageInternalFrame|,|java+class:///net/suberic/pooka/gui/MessageInternalFrame|> 
<|java+class:///net/suberic/pooka/gui/NewMessageProxy|,|java+class:///net/suberic/pooka/gui/MessageProxy|> 
<|java+class:///net/suberic/pooka/gui/PookaDesktopPaneUIFactory|,|java+class:///net/suberic/pooka/gui/SwingUIFactory|> 
<|java+class:///net/suberic/pooka/gui/PookaPreviewPaneUIFactory|,|java+class:///net/suberic/pooka/gui/SwingUIFactory|> 
<|java+class:///net/suberic/pooka/gui/ProgressInternalDialog|,|java+class:///net/suberic/pooka/gui/ProgressDialogImpl|> 
<|java+class:///net/suberic/pooka/gui/ReadMessageDisplayPanel|,|java+class:///net/suberic/pooka/gui/MessageDisplayPanel|> 
<|java+class:///net/suberic/pooka/gui/ReadMessageFrame|,|java+class:///net/suberic/pooka/gui/MessageFrame|> 
<|java+class:///net/suberic/pooka/gui/ReadMessageInternalFrame|,|java+class:///net/suberic/pooka/gui/MessageInternalFrame|> 
<|java+class:///net/suberic/pooka/gui/StoreNode|,|java+class:///net/suberic/pooka/gui/MailTreeNode|> 
<|java+class:///net/suberic/pooka/gui/WindowMenu|,|java+class:///net/suberic/util/gui/ConfigurableMenu|> 
<|java+class:///net/suberic/pooka/gui/filter/BounceFilterEditor|,|java+class:///net/suberic/pooka/gui/filter/FilterEditor|> 
<|java+class:///net/suberic/pooka/gui/filter/ColorFilterEditor|,|java+class:///net/suberic/pooka/gui/filter/FilterEditor|> 
<|java+class:///net/suberic/pooka/gui/filter/DeleteFilterEditor|,|java+class:///net/suberic/pooka/gui/filter/FilterEditor|> 
<|java+class:///net/suberic/pooka/gui/filter/FilterEditorPane|,|java+class:///net/suberic/util/gui/propedit/LabelValuePropertyEditor|> 
<|java+class:///net/suberic/pooka/gui/filter/FlagFilterEditor|,|java+class:///net/suberic/pooka/gui/filter/FilterEditor|> 
<|java+class:///net/suberic/pooka/gui/filter/FontFilterEditor|,|java+class:///net/suberic/pooka/gui/filter/FilterEditor|> 
<|java+class:///net/suberic/pooka/gui/filter/MoveFilterEditor|,|java+class:///net/suberic/pooka/gui/filter/FilterEditor|> 
<|java+class:///net/suberic/pooka/gui/propedit/AddressBookEditorPane|,|java+class:///net/suberic/util/gui/propedit/MultiEditorPane|> 
<|java+class:///net/suberic/pooka/gui/propedit/AddressBookWizardController|,|java+class:///net/suberic/util/gui/propedit/WizardController|> 
<|java+class:///net/suberic/pooka/gui/propedit/AddressEntryController|,|java+class:///net/suberic/util/gui/propedit/WizardController|> 
<|java+class:///net/suberic/pooka/gui/propedit/FirstRunWizardController|,|java+class:///net/suberic/pooka/gui/propedit/NewStoreWizardController|> 
<|java+class:///net/suberic/pooka/gui/propedit/FolderSelectorPane|,|java+class:///net/suberic/util/gui/propedit/LabelValuePropertyEditor|> 
<|java+class:///net/suberic/pooka/gui/propedit/JdbcWizardController|,|java+class:///net/suberic/util/gui/propedit/WizardController|> 
<|java+class:///net/suberic/pooka/gui/propedit/KeySelectorPane|,|java+class:///net/suberic/util/gui/propedit/LabelValuePropertyEditor|> 
<|java+class:///net/suberic/pooka/gui/propedit/LookAndFeelEditor|,|java+class:///net/suberic/util/gui/propedit/ListEditorPane|> 
<|java+class:///net/suberic/pooka/gui/propedit/NewOutgoingServerWizardController|,|java+class:///net/suberic/util/gui/propedit/WizardController|> 
<|java+class:///net/suberic/pooka/gui/propedit/NewStoreWizardController|,|java+class:///net/suberic/util/gui/propedit/WizardController|> 
<|java+class:///net/suberic/pooka/gui/propedit/NewUserProfileWizardController|,|java+class:///net/suberic/util/gui/propedit/WizardController|> 
<|java+class:///net/suberic/pooka/gui/propedit/PookaFileSelector|,|java+class:///net/suberic/util/gui/propedit/FileSelectorPane|> 
<|java+class:///net/suberic/pooka/gui/search/SearchEditorPane|,|java+class:///net/suberic/util/gui/propedit/LabelValuePropertyEditor|> 
<|java+class:///net/suberic/pooka/resource/FileResourceManager|,|java+class:///net/suberic/pooka/resource/ResourceManager|> 
<|java+class:///net/suberic/util/FileVariableBundle|,|java+class:///net/suberic/util/VariableBundle|> 
<|java+class:///net/suberic/util/JDBCVariableBundle|,|java+class:///net/suberic/util/VariableBundle|> 
<|java+class:///net/suberic/util/PreferencesVariableBundle|,|java+class:///net/suberic/util/VariableBundle|> 
<|java+class:///net/suberic/util/cache/FileSizedCache|,|java+class:///net/suberic/util/cache/AbstractSizedCache|> 
<|java+class:///net/suberic/util/cache/FileSizedCacheEntry|,|java+class:///net/suberic/util/cache/SizedCacheEntry|> 
<|java+class:///net/suberic/util/cache/MemorySizedCache|,|java+class:///net/suberic/util/cache/AbstractSizedCache|> 
<|java+class:///net/suberic/util/gui/propedit/BooleanEditorPane|,|java+class:///net/suberic/util/gui/propedit/SwingPropertyEditor|> 
<|java+class:///net/suberic/util/gui/propedit/ColorSelectorPane|,|java+class:///net/suberic/util/gui/propedit/LabelValuePropertyEditor|> 
<|java+class:///net/suberic/util/gui/propedit/CompositeEditorPane|,|java+class:///net/suberic/util/gui/propedit/CompositeSwingPropertyEditor|> 
<|java+class:///net/suberic/util/gui/propedit/CompositeSwingPropertyEditor|,|java+class:///net/suberic/util/gui/propedit/SwingPropertyEditor|> 
<|java+class:///net/suberic/util/gui/propedit/DefaultBooleanEditorPane|,|java+class:///net/suberic/util/gui/propedit/ListEditorPane|> 
<|java+class:///net/suberic/util/gui/propedit/DesktopPropertyEditorFactory|,|java+class:///net/suberic/util/gui/propedit/PropertyEditorFactory|> 
<|java+class:///net/suberic/util/gui/propedit/FileSelectorPane|,|java+class:///net/suberic/util/gui/propedit/LabelValuePropertyEditor|> 
<|java+class:///net/suberic/util/gui/propedit/FontSelectorPane|,|java+class:///net/suberic/util/gui/propedit/LabelValuePropertyEditor|> 
<|java+class:///net/suberic/util/gui/propedit/LabelValuePropertyEditor|,|java+class:///net/suberic/util/gui/propedit/SwingPropertyEditor|> 
<|java+class:///net/suberic/util/gui/propedit/ListEditorPane|,|java+class:///net/suberic/util/gui/propedit/LabelValuePropertyEditor|> 
<|java+class:///net/suberic/util/gui/propedit/MultiEditorPane|,|java+class:///net/suberic/util/gui/propedit/CompositeSwingPropertyEditor|> 
<|java+class:///net/suberic/util/gui/propedit/PasswordEditorPane|,|java+class:///net/suberic/util/gui/propedit/StringEditorPane|> 
<|java+class:///net/suberic/util/gui/propedit/RadioEditorPane|,|java+class:///net/suberic/util/gui/propedit/SwingPropertyEditor|> 
<|java+class:///net/suberic/util/gui/propedit/SectionedEditorPane|,|java+class:///net/suberic/util/gui/propedit/CompositeSwingPropertyEditor|> 
<|java+class:///net/suberic/util/gui/propedit/SpacerEditorPane|,|java+class:///net/suberic/util/gui/propedit/SwingPropertyEditor|> 
<|java+class:///net/suberic/util/gui/propedit/StringEditorPane|,|java+class:///net/suberic/util/gui/propedit/LabelValuePropertyEditor|> 
<|java+class:///net/suberic/util/gui/propedit/TabbedEditorPane|,|java+class:///net/suberic/util/gui/propedit/CompositeSwingPropertyEditor|> 
<|java+class:///net/suberic/util/gui/propedit/TextMessageEditorPane|,|java+class:///net/suberic/util/gui/propedit/SwingPropertyEditor|> 
<|java+class:///net/suberic/util/gui/propedit/VariableEditorPane|,|java+class:///net/suberic/util/gui/propedit/CompositeSwingPropertyEditor|> 
<|java+class:///net/suberic/util/gui/propedit/WizardEditorPane|,|java+class:///net/suberic/util/gui/propedit/CompositeSwingPropertyEditor|> 
<|java+class:///net/suberic/util/gui/propedit/WizardPropertyEditor|,|java+class:///net/suberic/util/gui/propedit/PropertyEditorPane|> 
<|java+class:///net/suberic/util/thread/ActionWrapper|,|java+class:///net/suberic/util/DynamicAbstractAction|> 

EXTERNAL REUSE TOTAL: 47 
<|java+class:///net/suberic/pooka/NewMessageInfo|,|java+class:///net/suberic/pooka/MessageInfo|> 
<|java+class:///net/suberic/pooka/UIDFolderInfo|,|java+class:///net/suberic/pooka/FolderInfo|> 
<|java+class:///net/suberic/pooka/cache/CachingFolderInfo|,|java+class:///net/suberic/pooka/UIDFolderInfo|> 
<|java+class:///net/suberic/pooka/cache/CachingMimeMessage|,|java+class:///net/suberic/pooka/UIDMimeMessage|> 
<|java+class:///net/suberic/pooka/gui/AddressEntryTextArea|,|java+class:///net/suberic/util/swing/EntryTextArea|> 
<|java+class:///net/suberic/pooka/gui/FolderMenu|,|java+class:///net/suberic/util/gui/ConfigurableMenu|> 
<|java+class:///net/suberic/pooka/gui/FolderNode|,|java+class:///net/suberic/pooka/gui/MailTreeNode|> 
<|java+class:///net/suberic/pooka/gui/NewMessageDisplayPanel|,|java+class:///net/suberic/pooka/gui/MessageDisplayPanel|> 
<|java+class:///net/suberic/pooka/gui/NewMessageFrame|,|java+class:///net/suberic/pooka/gui/MessageFrame|> 
<|java+class:///net/suberic/pooka/gui/NewMessageInternalFrame|,|java+class:///net/suberic/pooka/gui/MessageInternalFrame|> 
<|java+class:///net/suberic/pooka/gui/NewMessageProxy|,|java+class:///net/suberic/pooka/gui/MessageProxy|> 
<|java+class:///net/suberic/pooka/gui/ReadMessageDisplayPanel|,|java+class:///net/suberic/pooka/gui/MessageDisplayPanel|> 
<|java+class:///net/suberic/pooka/gui/ReadMessageFrame|,|java+class:///net/suberic/pooka/gui/MessageFrame|> 
<|java+class:///net/suberic/pooka/gui/ReadMessageInternalFrame|,|java+class:///net/suberic/pooka/gui/MessageInternalFrame|> 
<|java+class:///net/suberic/pooka/gui/RecentMessageMenu|,|java+class:///net/suberic/util/gui/ConfigurableAwtMenu|> 
<|java+class:///net/suberic/pooka/gui/StoreNode|,|java+class:///net/suberic/pooka/gui/MailTreeNode|> 
<|java+class:///net/suberic/pooka/gui/WindowMenu|,|java+class:///net/suberic/util/gui/ConfigurableMenu|> 
<|java+class:///net/suberic/pooka/gui/filter/BounceFilterEditor|,|java+class:///net/suberic/pooka/gui/filter/FilterEditor|> 
<|java+class:///net/suberic/pooka/gui/filter/ColorFilterEditor|,|java+class:///net/suberic/pooka/gui/filter/FilterEditor|> 
<|java+class:///net/suberic/pooka/gui/filter/FilterEditorPane|,|java+class:///net/suberic/util/gui/propedit/LabelValuePropertyEditor|> 
<|java+class:///net/suberic/pooka/gui/filter/FlagFilterEditor|,|java+class:///net/suberic/pooka/gui/filter/FilterEditor|> 
<|java+class:///net/suberic/pooka/gui/filter/FontFilterEditor|,|java+class:///net/suberic/pooka/gui/filter/FilterEditor|> 
<|java+class:///net/suberic/pooka/gui/filter/MoveFilterEditor|,|java+class:///net/suberic/pooka/gui/filter/FilterEditor|> 
<|java+class:///net/suberic/pooka/gui/propedit/AddressBookEditorPane|,|java+class:///net/suberic/util/gui/propedit/MultiEditorPane|> 
<|java+class:///net/suberic/pooka/gui/propedit/FolderSelectorPane|,|java+class:///net/suberic/util/gui/propedit/LabelValuePropertyEditor|> 
<|java+class:///net/suberic/pooka/gui/propedit/JdbcWizardController|,|java+class:///net/suberic/util/gui/propedit/WizardController|> 
<|java+class:///net/suberic/pooka/gui/propedit/KeySelectorPane|,|java+class:///net/suberic/util/gui/propedit/LabelValuePropertyEditor|> 
<|java+class:///net/suberic/util/FileVariableBundle|,|java+class:///net/suberic/util/VariableBundle|> 
<|java+class:///net/suberic/util/gui/propedit/BooleanEditorPane|,|java+class:///net/suberic/util/gui/propedit/SwingPropertyEditor|> 
<|java+class:///net/suberic/util/gui/propedit/ColorSelectorPane|,|java+class:///net/suberic/util/gui/propedit/LabelValuePropertyEditor|> 
<|java+class:///net/suberic/util/gui/propedit/CompositeEditorPane|,|java+class:///net/suberic/util/gui/propedit/CompositeSwingPropertyEditor|> 
<|java+class:///net/suberic/util/gui/propedit/CompositeSwingPropertyEditor|,|java+class:///net/suberic/util/gui/propedit/SwingPropertyEditor|> 
<|java+class:///net/suberic/util/gui/propedit/FileSelectorPane|,|java+class:///net/suberic/util/gui/propedit/LabelValuePropertyEditor|> 
<|java+class:///net/suberic/util/gui/propedit/FontSelectorPane|,|java+class:///net/suberic/util/gui/propedit/LabelValuePropertyEditor|> 
<|java+class:///net/suberic/util/gui/propedit/LabelValuePropertyEditor|,|java+class:///net/suberic/util/gui/propedit/SwingPropertyEditor|> 
<|java+class:///net/suberic/util/gui/propedit/ListEditorPane|,|java+class:///net/suberic/util/gui/propedit/LabelValuePropertyEditor|> 
<|java+class:///net/suberic/util/gui/propedit/MultiEditorPane|,|java+class:///net/suberic/util/gui/propedit/CompositeSwingPropertyEditor|> 
<|java+class:///net/suberic/util/gui/propedit/PasswordEditorPane|,|java+class:///net/suberic/util/gui/propedit/StringEditorPane|> 
<|java+class:///net/suberic/util/gui/propedit/RadioEditorPane|,|java+class:///net/suberic/util/gui/propedit/SwingPropertyEditor|> 
<|java+class:///net/suberic/util/gui/propedit/SectionedEditorPane|,|java+class:///net/suberic/util/gui/propedit/CompositeSwingPropertyEditor|> 
<|java+class:///net/suberic/util/gui/propedit/SpacerEditorPane|,|java+class:///net/suberic/util/gui/propedit/SwingPropertyEditor|> 
<|java+class:///net/suberic/util/gui/propedit/StringEditorPane|,|java+class:///net/suberic/util/gui/propedit/LabelValuePropertyEditor|> 
<|java+class:///net/suberic/util/gui/propedit/TabbedEditorPane|,|java+class:///net/suberic/util/gui/propedit/CompositeSwingPropertyEditor|> 
<|java+class:///net/suberic/util/gui/propedit/TextMessageEditorPane|,|java+class:///net/suberic/util/gui/propedit/SwingPropertyEditor|> 
<|java+class:///net/suberic/util/gui/propedit/VariableEditorPane|,|java+class:///net/suberic/util/gui/propedit/CompositeSwingPropertyEditor|> 
<|java+class:///net/suberic/util/gui/propedit/WizardEditorPane|,|java+class:///net/suberic/util/gui/propedit/CompositeSwingPropertyEditor|> 
<|java+class:///net/suberic/util/thread/ActionWrapper|,|java+class:///net/suberic/util/DynamicAbstractAction|> 

SUBTYPE TOTAL: 81 
<|java+class:///net/suberic/pooka/AlternativeAttachment|,|java+class:///net/suberic/pooka/Attachment|> 
<|java+class:///net/suberic/pooka/MBPAttachment|,|java+class:///net/suberic/pooka/Attachment|> 
<|java+class:///net/suberic/pooka/MultiMessageInfo|,|java+class:///net/suberic/pooka/MessageInfo|> 
<|java+class:///net/suberic/pooka/NewMessageInfo|,|java+class:///net/suberic/pooka/MessageInfo|> 
<|java+class:///net/suberic/pooka/OutgoingMailServer/FailoverAuthenticator|,|java+class:///net/suberic/pooka/gui/SimpleAuthenticator|> 
<|java+class:///net/suberic/pooka/OutgoingMailServerManager/DefaultOutgoingMailServer|,|java+class:///net/suberic/pooka/OutgoingMailServer|> 
<|java+class:///net/suberic/pooka/PopInboxFolderInfo|,|java+class:///net/suberic/pooka/FolderInfo|> 
<|java+class:///net/suberic/pooka/StringSignatureGenerator|,|java+class:///net/suberic/pooka/SignatureGeneratorImpl|> 
<|java+class:///net/suberic/pooka/UIDFolderInfo|,|java+class:///net/suberic/pooka/FolderInfo|> 
<|java+class:///net/suberic/pooka/VirtualFolderInfo|,|java+class:///net/suberic/pooka/FolderInfo|> 
<|java+class:///net/suberic/pooka/cache/CachingFolderInfo|,|java+class:///net/suberic/pooka/UIDFolderInfo|> 
<|java+class:///net/suberic/pooka/cache/CachingMimeMessage|,|java+class:///net/suberic/pooka/UIDMimeMessage|> 
<|java+class:///net/suberic/pooka/crypto/CryptoAttachment|,|java+class:///net/suberic/pooka/Attachment|> 
<|java+class:///net/suberic/pooka/crypto/KeyAttachment|,|java+class:///net/suberic/pooka/Attachment|> 
<|java+class:///net/suberic/pooka/crypto/SignedAttachment|,|java+class:///net/suberic/pooka/Attachment|> 
<|java+class:///net/suberic/pooka/gui/AddressEntryTextArea|,|java+class:///net/suberic/util/swing/EntryTextArea|> 
<|java+class:///net/suberic/pooka/gui/DisplayStyleComboBox|,|java+class:///net/suberic/util/gui/ConfigurableComboBox|> 
<|java+class:///net/suberic/pooka/gui/EnhancedFolderTreeCellRenderer|,|java+class:///net/suberic/pooka/gui/DefaultFolderTreeCellRenderer|> 
<|java+class:///net/suberic/pooka/gui/FolderMenu|,|java+class:///net/suberic/util/gui/ConfigurableMenu|> 
<|java+class:///net/suberic/pooka/gui/FolderNode|,|java+class:///net/suberic/pooka/gui/MailTreeNode|> 
<|java+class:///net/suberic/pooka/gui/FolderTableModel/ReverseRowComparator|,|java+class:///net/suberic/pooka/gui/FolderTableModel/RowComparator|> 
<|java+class:///net/suberic/pooka/gui/LoginAuthenticator|,|java+class:///net/suberic/pooka/gui/AuthenticatorUI|> 
<|java+class:///net/suberic/pooka/gui/MessageProxy/CopyAction|,|java+class:///net/suberic/util/DynamicAbstractAction|> 
<|java+class:///net/suberic/pooka/gui/MessageProxy/MoveAction|,|java+class:///net/suberic/util/DynamicAbstractAction|> 
<|java+class:///net/suberic/pooka/gui/MessageProxy/OpenDefaultDisplayAction|,|java+class:///net/suberic/pooka/gui/MessageProxy/OpenAction|> 
<|java+class:///net/suberic/pooka/gui/MessageProxy/OpenFullDisplayAction|,|java+class:///net/suberic/pooka/gui/MessageProxy/OpenAction|> 
<|java+class:///net/suberic/pooka/gui/MessageProxy/OpenHtmlDisplayAction|,|java+class:///net/suberic/pooka/gui/MessageProxy/OpenAction|> 
<|java+class:///net/suberic/pooka/gui/MessageProxy/OpenRawDisplayAction|,|java+class:///net/suberic/pooka/gui/MessageProxy/OpenAction|> 
<|java+class:///net/suberic/pooka/gui/MessageProxy/OpenTextDisplayAction|,|java+class:///net/suberic/pooka/gui/MessageProxy/OpenAction|> 
<|java+class:///net/suberic/pooka/gui/MultiMessageProxy|,|java+class:///net/suberic/pooka/gui/MessageProxy|> 
<|java+class:///net/suberic/pooka/gui/MultiValueIcon|,|java+class:///net/suberic/pooka/gui/BooleanIcon|> 
<|java+class:///net/suberic/pooka/gui/NewMessageDisplayPanel|,|java+class:///net/suberic/pooka/gui/MessageDisplayPanel|> 
<|java+class:///net/suberic/pooka/gui/NewMessageFrame|,|java+class:///net/suberic/pooka/gui/MessageFrame|> 
<|java+class:///net/suberic/pooka/gui/NewMessageInternalFrame|,|java+class:///net/suberic/pooka/gui/MessageInternalFrame|> 
<|java+class:///net/suberic/pooka/gui/NewMessageProxy|,|java+class:///net/suberic/pooka/gui/MessageProxy|> 
<|java+class:///net/suberic/pooka/gui/PookaDesktopPaneUIFactory|,|java+class:///net/suberic/pooka/gui/SwingUIFactory|> 
<|java+class:///net/suberic/pooka/gui/PookaPreviewPaneUIFactory|,|java+class:///net/suberic/pooka/gui/SwingUIFactory|> 
<|java+class:///net/suberic/pooka/gui/ProgressInternalDialog|,|java+class:///net/suberic/pooka/gui/ProgressDialogImpl|> 
<|java+class:///net/suberic/pooka/gui/ReadMessageDisplayPanel|,|java+class:///net/suberic/pooka/gui/MessageDisplayPanel|> 
<|java+class:///net/suberic/pooka/gui/ReadMessageFrame|,|java+class:///net/suberic/pooka/gui/MessageFrame|> 
<|java+class:///net/suberic/pooka/gui/ReadMessageInternalFrame|,|java+class:///net/suberic/pooka/gui/MessageInternalFrame|> 
<|java+class:///net/suberic/pooka/gui/StoreNode|,|java+class:///net/suberic/pooka/gui/MailTreeNode|> 
<|java+class:///net/suberic/pooka/gui/filter/ColorFilterEditor|,|java+class:///net/suberic/pooka/gui/filter/FilterEditor|> 
<|java+class:///net/suberic/pooka/gui/filter/FilterEditorPane|,|java+class:///net/suberic/util/gui/propedit/LabelValuePropertyEditor|> 
<|java+class:///net/suberic/pooka/gui/propedit/AddressBookEditorPane|,|java+class:///net/suberic/util/gui/propedit/MultiEditorPane|> 
<|java+class:///net/suberic/pooka/gui/propedit/AddressEntryController|,|java+class:///net/suberic/util/gui/propedit/WizardController|> 
<|java+class:///net/suberic/pooka/gui/propedit/FirstRunWizardController|,|java+class:///net/suberic/pooka/gui/propedit/NewStoreWizardController|> 
<|java+class:///net/suberic/pooka/gui/propedit/FolderSelectorPane|,|java+class:///net/suberic/util/gui/propedit/LabelValuePropertyEditor|> 
<|java+class:///net/suberic/pooka/gui/propedit/KeySelectorPane|,|java+class:///net/suberic/util/gui/propedit/LabelValuePropertyEditor|> 
<|java+class:///net/suberic/pooka/gui/propedit/LookAndFeelEditor|,|java+class:///net/suberic/util/gui/propedit/ListEditorPane|> 
<|java+class:///net/suberic/pooka/gui/propedit/NewStoreWizardController|,|java+class:///net/suberic/util/gui/propedit/WizardController|> 
<|java+class:///net/suberic/pooka/gui/propedit/PookaFileSelector|,|java+class:///net/suberic/util/gui/propedit/FileSelectorPane|> 
<|java+class:///net/suberic/pooka/gui/search/SearchEditorPane|,|java+class:///net/suberic/util/gui/propedit/LabelValuePropertyEditor|> 
<|java+class:///net/suberic/pooka/resource/DisklessResourceManager|,|java+class:///net/suberic/pooka/resource/ResourceManager|> 
<|java+class:///net/suberic/pooka/resource/FileResourceManager|,|java+class:///net/suberic/pooka/resource/ResourceManager|> 
<|java+class:///net/suberic/pooka/resource/JDBCResourceManager|,|java+class:///net/suberic/pooka/resource/ResourceManager|> 
<|java+class:///net/suberic/util/FileVariableBundle|,|java+class:///net/suberic/util/VariableBundle|> 
<|java+class:///net/suberic/util/PreferencesVariableBundle|,|java+class:///net/suberic/util/VariableBundle|> 
<|java+class:///net/suberic/util/gui/propedit/BooleanEditorPane|,|java+class:///net/suberic/util/gui/propedit/SwingPropertyEditor|> 
<|java+class:///net/suberic/util/gui/propedit/ColorSelectorPane|,|java+class:///net/suberic/util/gui/propedit/LabelValuePropertyEditor|> 
<|java+class:///net/suberic/util/gui/propedit/CompositeEditorPane|,|java+class:///net/suberic/util/gui/propedit/CompositeSwingPropertyEditor|> 
<|java+class:///net/suberic/util/gui/propedit/CompositeSwingPropertyEditor|,|java+class:///net/suberic/util/gui/propedit/SwingPropertyEditor|> 
<|java+class:///net/suberic/util/gui/propedit/DefaultBooleanEditorPane|,|java+class:///net/suberic/util/gui/propedit/ListEditorPane|> 
<|java+class:///net/suberic/util/gui/propedit/DisableFilter|,|java+class:///net/suberic/util/gui/propedit/PropertyEditorAdapter|> 
<|java+class:///net/suberic/util/gui/propedit/FileSelectorPane|,|java+class:///net/suberic/util/gui/propedit/LabelValuePropertyEditor|> 
<|java+class:///net/suberic/util/gui/propedit/FontSelectorPane|,|java+class:///net/suberic/util/gui/propedit/LabelValuePropertyEditor|> 
<|java+class:///net/suberic/util/gui/propedit/LabelValuePropertyEditor|,|java+class:///net/suberic/util/gui/propedit/SwingPropertyEditor|> 
<|java+class:///net/suberic/util/gui/propedit/ListEditorPane|,|java+class:///net/suberic/util/gui/propedit/LabelValuePropertyEditor|> 
<|java+class:///net/suberic/util/gui/propedit/ListEditorPane/ListEditorListener|,|java+class:///net/suberic/util/gui/propedit/PropertyEditorAdapter|> 
<|java+class:///net/suberic/util/gui/propedit/MultiEditorPane|,|java+class:///net/suberic/util/gui/propedit/CompositeSwingPropertyEditor|> 
<|java+class:///net/suberic/util/gui/propedit/PasswordEditorPane|,|java+class:///net/suberic/util/gui/propedit/StringEditorPane|> 
<|java+class:///net/suberic/util/gui/propedit/RadioEditorPane|,|java+class:///net/suberic/util/gui/propedit/SwingPropertyEditor|> 
<|java+class:///net/suberic/util/gui/propedit/SectionedEditorPane|,|java+class:///net/suberic/util/gui/propedit/CompositeSwingPropertyEditor|> 
<|java+class:///net/suberic/util/gui/propedit/SpacerEditorPane|,|java+class:///net/suberic/util/gui/propedit/SwingPropertyEditor|> 
<|java+class:///net/suberic/util/gui/propedit/StringEditorPane|,|java+class:///net/suberic/util/gui/propedit/LabelValuePropertyEditor|> 
<|java+class:///net/suberic/util/gui/propedit/TabbedEditorPane|,|java+class:///net/suberic/util/gui/propedit/CompositeSwingPropertyEditor|> 
<|java+class:///net/suberic/util/gui/propedit/TextMessageEditorPane|,|java+class:///net/suberic/util/gui/propedit/SwingPropertyEditor|> 
<|java+class:///net/suberic/util/gui/propedit/VariableEditorPane|,|java+class:///net/suberic/util/gui/propedit/CompositeSwingPropertyEditor|> 
<|java+class:///net/suberic/util/gui/propedit/WizardEditorPane|,|java+class:///net/suberic/util/gui/propedit/CompositeSwingPropertyEditor|> 
<|java+class:///net/suberic/util/gui/propedit/WizardPropertyEditor|,|java+class:///net/suberic/util/gui/propedit/PropertyEditorPane|> 
<|java+class:///net/suberic/util/thread/ActionWrapper|,|java+class:///net/suberic/util/DynamicAbstractAction|> 

DOWNCALL ACTUAL TOTAL: 0 

DOWNCALL CANDIDATE TOTAL: 0 

CONSTANT TOTAL: 0 

MARKER TOTAL: 0 

SUPER TOTAL: 45 
<|java+class:///net/suberic/pooka/AlternativeAttachment|,|java+class:///net/suberic/pooka/Attachment|> 
<|java+class:///net/suberic/pooka/BackendMessageFilter|,|java+class:///net/suberic/pooka/MessageFilter|> 
<|java+class:///net/suberic/pooka/MBPAttachment|,|java+class:///net/suberic/pooka/Attachment|> 
<|java+class:///net/suberic/pooka/OutgoingFolderInfo|,|java+class:///net/suberic/pooka/FolderInfo|> 
<|java+class:///net/suberic/pooka/OutgoingMailServer/FailoverAuthenticator|,|java+class:///net/suberic/pooka/gui/SimpleAuthenticator|> 
<|java+class:///net/suberic/pooka/OutgoingMailServerManager/DefaultOutgoingMailServer|,|java+class:///net/suberic/pooka/OutgoingMailServer|> 
<|java+class:///net/suberic/pooka/PopInboxFolderInfo|,|java+class:///net/suberic/pooka/FolderInfo|> 
<|java+class:///net/suberic/pooka/UIDFolderInfo|,|java+class:///net/suberic/pooka/FolderInfo|> 
<|java+class:///net/suberic/pooka/cache/CachingFolderInfo|,|java+class:///net/suberic/pooka/UIDFolderInfo|> 
<|java+class:///net/suberic/pooka/cache/CachingMimeMessage|,|java+class:///net/suberic/pooka/UIDMimeMessage|> 
<|java+class:///net/suberic/pooka/crypto/CryptoAttachment|,|java+class:///net/suberic/pooka/Attachment|> 
<|java+class:///net/suberic/pooka/crypto/KeyAttachment|,|java+class:///net/suberic/pooka/Attachment|> 
<|java+class:///net/suberic/pooka/crypto/SignedAttachment|,|java+class:///net/suberic/pooka/Attachment|> 
<|java+class:///net/suberic/pooka/gui/AddressEntryTextArea|,|java+class:///net/suberic/util/swing/EntryTextArea|> 
<|java+class:///net/suberic/pooka/gui/EnhancedFolderTreeCellRenderer|,|java+class:///net/suberic/pooka/gui/DefaultFolderTreeCellRenderer|> 
<|java+class:///net/suberic/pooka/gui/FolderNode|,|java+class:///net/suberic/pooka/gui/MailTreeNode|> 
<|java+class:///net/suberic/pooka/gui/FolderTableModel/ReverseRowComparator|,|java+class:///net/suberic/pooka/gui/FolderTableModel/RowComparator|> 
<|java+class:///net/suberic/pooka/gui/MessagePanel/ExtendedDesktopManager|,|java+class:///net/suberic/util/swing/ScrollingDesktopManager|> 
<|java+class:///net/suberic/pooka/gui/MessageProxy/CopyAction|,|java+class:///net/suberic/util/DynamicAbstractAction|> 
<|java+class:///net/suberic/pooka/gui/MessageProxy/MoveAction|,|java+class:///net/suberic/util/DynamicAbstractAction|> 
<|java+class:///net/suberic/pooka/gui/MessageProxy/OpenDefaultDisplayAction|,|java+class:///net/suberic/pooka/gui/MessageProxy/OpenAction|> 
<|java+class:///net/suberic/pooka/gui/MessageProxy/OpenFullDisplayAction|,|java+class:///net/suberic/pooka/gui/MessageProxy/OpenAction|> 
<|java+class:///net/suberic/pooka/gui/MessageProxy/OpenHtmlDisplayAction|,|java+class:///net/suberic/pooka/gui/MessageProxy/OpenAction|> 
<|java+class:///net/suberic/pooka/gui/MessageProxy/OpenRawDisplayAction|,|java+class:///net/suberic/pooka/gui/MessageProxy/OpenAction|> 
<|java+class:///net/suberic/pooka/gui/MessageProxy/OpenTextDisplayAction|,|java+class:///net/suberic/pooka/gui/MessageProxy/OpenAction|> 
<|java+class:///net/suberic/pooka/gui/MultiValueIcon|,|java+class:///net/suberic/pooka/gui/BooleanIcon|> 
<|java+class:///net/suberic/pooka/gui/NewMessageCryptoInfo|,|java+class:///net/suberic/pooka/MessageCryptoInfo|> 
<|java+class:///net/suberic/pooka/gui/NewMessageDisplayPanel|,|java+class:///net/suberic/pooka/gui/MessageDisplayPanel|> 
<|java+class:///net/suberic/pooka/gui/NewMessageFrame|,|java+class:///net/suberic/pooka/gui/MessageFrame|> 
<|java+class:///net/suberic/pooka/gui/NewMessageInternalFrame|,|java+class:///net/suberic/pooka/gui/MessageInternalFrame|> 
<|java+class:///net/suberic/pooka/gui/ReadMessageDisplayPanel|,|java+class:///net/suberic/pooka/gui/MessageDisplayPanel|> 
<|java+class:///net/suberic/pooka/gui/ReadMessageFrame|,|java+class:///net/suberic/pooka/gui/MessageFrame|> 
<|java+class:///net/suberic/pooka/gui/ReadMessageInternalFrame|,|java+class:///net/suberic/pooka/gui/MessageInternalFrame|> 
<|java+class:///net/suberic/pooka/gui/StoreNode|,|java+class:///net/suberic/pooka/gui/MailTreeNode|> 
<|java+class:///net/suberic/pooka/gui/WindowMenu|,|java+class:///net/suberic/util/gui/ConfigurableMenu|> 
<|java+class:///net/suberic/pooka/gui/propedit/AddressBookWizardController|,|java+class:///net/suberic/util/gui/propedit/WizardController|> 
<|java+class:///net/suberic/pooka/gui/propedit/AddressEntryController|,|java+class:///net/suberic/util/gui/propedit/WizardController|> 
<|java+class:///net/suberic/pooka/gui/propedit/FirstRunWizardController|,|java+class:///net/suberic/pooka/gui/propedit/NewStoreWizardController|> 
<|java+class:///net/suberic/pooka/gui/propedit/JdbcWizardController|,|java+class:///net/suberic/util/gui/propedit/WizardController|> 
<|java+class:///net/suberic/pooka/gui/propedit/NewOutgoingServerWizardController|,|java+class:///net/suberic/util/gui/propedit/WizardController|> 
<|java+class:///net/suberic/pooka/gui/propedit/NewStoreWizardController|,|java+class:///net/suberic/util/gui/propedit/WizardController|> 
<|java+class:///net/suberic/pooka/gui/propedit/NewUserProfileWizardController|,|java+class:///net/suberic/util/gui/propedit/WizardController|> 
<|java+class:///net/suberic/util/FileVariableBundle|,|java+class:///net/suberic/util/VariableBundle|> 
<|java+class:///net/suberic/util/gui/propedit/DesktopPropertyEditorFactory|,|java+class:///net/suberic/util/gui/propedit/PropertyEditorFactory|> 
<|java+class:///net/suberic/util/thread/ActionWrapper|,|java+class:///net/suberic/util/DynamicAbstractAction|> 

GENERIC TOTAL: 3 
<|java+class:///net/suberic/pooka/gui/AddressEntryTextArea|,|java+class:///net/suberic/util/swing/EntryTextArea|> 
<|java+class:///net/suberic/pooka/gui/FolderNode|,|java+class:///net/suberic/pooka/gui/MailTreeNode|> 
<|java+class:///net/suberic/pooka/gui/filter/ColorFilterEditor|,|java+class:///net/suberic/pooka/gui/filter/FilterEditor|> 

CATEGORY TOTAL: 0 

FRAMEWORK TOTAL: 50 
<|java+class:///net/suberic/pooka/OutgoingFolderInfo|,|java+class:///net/suberic/pooka/FolderInfo|> 
<|java+class:///net/suberic/pooka/OutgoingMailServer/FailoverAuthenticator|,|java+class:///net/suberic/pooka/gui/SimpleAuthenticator|> 
<|java+class:///net/suberic/pooka/PopInboxFolderInfo|,|java+class:///net/suberic/pooka/FolderInfo|> 
<|java+class:///net/suberic/pooka/UIDFolderInfo|,|java+class:///net/suberic/pooka/FolderInfo|> 
<|java+class:///net/suberic/pooka/VirtualFolderInfo|,|java+class:///net/suberic/pooka/FolderInfo|> 
<|java+class:///net/suberic/pooka/cache/CachingMimeMessage|,|java+class:///net/suberic/pooka/UIDMimeMessage|> 
<|java+class:///net/suberic/pooka/gui/AddressEntryTextArea|,|java+class:///net/suberic/util/swing/EntryTextArea|> 
<|java+class:///net/suberic/pooka/gui/DisplayStyleComboBox|,|java+class:///net/suberic/util/gui/ConfigurableComboBox|> 
<|java+class:///net/suberic/pooka/gui/EnhancedFolderTreeCellRenderer|,|java+class:///net/suberic/pooka/gui/DefaultFolderTreeCellRenderer|> 
<|java+class:///net/suberic/pooka/gui/FolderMenu|,|java+class:///net/suberic/util/gui/ConfigurableMenu|> 
<|java+class:///net/suberic/pooka/gui/FolderNode|,|java+class:///net/suberic/pooka/gui/MailTreeNode|> 
<|java+class:///net/suberic/pooka/gui/FolderTableModel/ReverseRowComparator|,|java+class:///net/suberic/pooka/gui/FolderTableModel/RowComparator|> 
<|java+class:///net/suberic/pooka/gui/LoginAuthenticator|,|java+class:///net/suberic/pooka/gui/AuthenticatorUI|> 
<|java+class:///net/suberic/pooka/gui/MessagePanel/ExtendedDesktopManager|,|java+class:///net/suberic/util/swing/ScrollingDesktopManager|> 
<|java+class:///net/suberic/pooka/gui/MessageProxy/CopyAction|,|java+class:///net/suberic/util/DynamicAbstractAction|> 
<|java+class:///net/suberic/pooka/gui/MessageProxy/MoveAction|,|java+class:///net/suberic/util/DynamicAbstractAction|> 
<|java+class:///net/suberic/pooka/gui/MessageProxy/OpenDefaultDisplayAction|,|java+class:///net/suberic/pooka/gui/MessageProxy/OpenAction|> 
<|java+class:///net/suberic/pooka/gui/MessageProxy/OpenFullDisplayAction|,|java+class:///net/suberic/pooka/gui/MessageProxy/OpenAction|> 
<|java+class:///net/suberic/pooka/gui/MessageProxy/OpenHtmlDisplayAction|,|java+class:///net/suberic/pooka/gui/MessageProxy/OpenAction|> 
<|java+class:///net/suberic/pooka/gui/MessageProxy/OpenRawDisplayAction|,|java+class:///net/suberic/pooka/gui/MessageProxy/OpenAction|> 
<|java+class:///net/suberic/pooka/gui/MessageProxy/OpenTextDisplayAction|,|java+class:///net/suberic/pooka/gui/MessageProxy/OpenAction|> 
<|java+class:///net/suberic/pooka/gui/MultiMessageProxy|,|java+class:///net/suberic/pooka/gui/MessageProxy|> 
<|java+class:///net/suberic/pooka/gui/NewMessageDisplayPanel|,|java+class:///net/suberic/pooka/gui/MessageDisplayPanel|> 
<|java+class:///net/suberic/pooka/gui/NewMessageFrame|,|java+class:///net/suberic/pooka/gui/MessageFrame|> 
<|java+class:///net/suberic/pooka/gui/NewMessageInternalFrame|,|java+class:///net/suberic/pooka/gui/MessageInternalFrame|> 
<|java+class:///net/suberic/pooka/gui/NewMessageProxy|,|java+class:///net/suberic/pooka/gui/MessageProxy|> 
<|java+class:///net/suberic/pooka/gui/ReadMessageDisplayPanel|,|java+class:///net/suberic/pooka/gui/MessageDisplayPanel|> 
<|java+class:///net/suberic/pooka/gui/ReadMessageFrame|,|java+class:///net/suberic/pooka/gui/MessageFrame|> 
<|java+class:///net/suberic/pooka/gui/ReadMessageInternalFrame|,|java+class:///net/suberic/pooka/gui/MessageInternalFrame|> 
<|java+class:///net/suberic/pooka/gui/RecentMessageMenu|,|java+class:///net/suberic/util/gui/ConfigurableAwtMenu|> 
<|java+class:///net/suberic/pooka/gui/StoreNode|,|java+class:///net/suberic/pooka/gui/MailTreeNode|> 
<|java+class:///net/suberic/pooka/gui/WindowMenu|,|java+class:///net/suberic/util/gui/ConfigurableMenu|> 
<|java+class:///net/suberic/pooka/gui/filter/BounceFilterEditor|,|java+class:///net/suberic/pooka/gui/filter/FilterEditor|> 
<|java+class:///net/suberic/pooka/gui/filter/ColorFilterEditor|,|java+class:///net/suberic/pooka/gui/filter/FilterEditor|> 
<|java+class:///net/suberic/pooka/gui/filter/DeleteFilterEditor|,|java+class:///net/suberic/pooka/gui/filter/FilterEditor|> 
<|java+class:///net/suberic/pooka/gui/filter/FlagFilterEditor|,|java+class:///net/suberic/pooka/gui/filter/FilterEditor|> 
<|java+class:///net/suberic/pooka/gui/filter/FontFilterEditor|,|java+class:///net/suberic/pooka/gui/filter/FilterEditor|> 
<|java+class:///net/suberic/pooka/gui/filter/MoveFilterEditor|,|java+class:///net/suberic/pooka/gui/filter/FilterEditor|> 
<|java+class:///net/suberic/pooka/gui/propedit/AddressBookEditorPane|,|java+class:///net/suberic/util/gui/propedit/MultiEditorPane|> 
<|java+class:///net/suberic/util/FileVariableBundle|,|java+class:///net/suberic/util/VariableBundle|> 
<|java+class:///net/suberic/util/JDBCVariableBundle|,|java+class:///net/suberic/util/VariableBundle|> 
<|java+class:///net/suberic/util/PreferencesVariableBundle|,|java+class:///net/suberic/util/VariableBundle|> 
<|java+class:///net/suberic/util/gui/propedit/BooleanEditorPane|,|java+class:///net/suberic/util/gui/propedit/SwingPropertyEditor|> 
<|java+class:///net/suberic/util/gui/propedit/CompositeSwingPropertyEditor|,|java+class:///net/suberic/util/gui/propedit/SwingPropertyEditor|> 
<|java+class:///net/suberic/util/gui/propedit/LabelValuePropertyEditor|,|java+class:///net/suberic/util/gui/propedit/SwingPropertyEditor|> 
<|java+class:///net/suberic/util/gui/propedit/RadioEditorPane|,|java+class:///net/suberic/util/gui/propedit/SwingPropertyEditor|> 
<|java+class:///net/suberic/util/gui/propedit/SpacerEditorPane|,|java+class:///net/suberic/util/gui/propedit/SwingPropertyEditor|> 
<|java+class:///net/suberic/util/gui/propedit/TextMessageEditorPane|,|java+class:///net/suberic/util/gui/propedit/SwingPropertyEditor|> 
<|java+class:///net/suberic/util/gui/propedit/WizardPropertyEditor|,|java+class:///net/suberic/util/gui/propedit/PropertyEditorPane|> 
<|java+class:///net/suberic/util/thread/ActionWrapper|,|java+class:///net/suberic/util/DynamicAbstractAction|> 

DOWNCALL TOTAL: 40 
<|java+class:///net/suberic/pooka/AlternativeAttachment|,|java+class:///net/suberic/pooka/Attachment|> 
<|java+class:///net/suberic/pooka/MultiMessageInfo|,|java+class:///net/suberic/pooka/MessageInfo|> 
<|java+class:///net/suberic/pooka/NewMessageInfo|,|java+class:///net/suberic/pooka/MessageInfo|> 
<|java+class:///net/suberic/pooka/OutgoingMailServerManager/DefaultOutgoingMailServer|,|java+class:///net/suberic/pooka/OutgoingMailServer|> 
<|java+class:///net/suberic/pooka/PopInboxFolderInfo|,|java+class:///net/suberic/pooka/FolderInfo|> 
<|java+class:///net/suberic/pooka/UIDFolderInfo|,|java+class:///net/suberic/pooka/FolderInfo|> 
<|java+class:///net/suberic/pooka/VirtualFolderInfo|,|java+class:///net/suberic/pooka/FolderInfo|> 
<|java+class:///net/suberic/pooka/cache/CachingFolderInfo|,|java+class:///net/suberic/pooka/UIDFolderInfo|> 
<|java+class:///net/suberic/pooka/crypto/CryptoAttachment|,|java+class:///net/suberic/pooka/Attachment|> 
<|java+class:///net/suberic/pooka/crypto/SignedAttachment|,|java+class:///net/suberic/pooka/Attachment|> 
<|java+class:///net/suberic/pooka/gui/DisplayStyleComboBox|,|java+class:///net/suberic/util/gui/ConfigurableComboBox|> 
<|java+class:///net/suberic/pooka/gui/FolderMenu|,|java+class:///net/suberic/util/gui/ConfigurableMenu|> 
<|java+class:///net/suberic/pooka/gui/FolderNode|,|java+class:///net/suberic/pooka/gui/MailTreeNode|> 
<|java+class:///net/suberic/pooka/gui/MultiMessageProxy|,|java+class:///net/suberic/pooka/gui/MessageProxy|> 
<|java+class:///net/suberic/pooka/gui/NewMessageProxy|,|java+class:///net/suberic/pooka/gui/MessageProxy|> 
<|java+class:///net/suberic/pooka/gui/PookaDesktopPaneUIFactory|,|java+class:///net/suberic/pooka/gui/SwingUIFactory|> 
<|java+class:///net/suberic/pooka/gui/PookaPreviewPaneUIFactory|,|java+class:///net/suberic/pooka/gui/SwingUIFactory|> 
<|java+class:///net/suberic/pooka/gui/ProgressInternalDialog|,|java+class:///net/suberic/pooka/gui/ProgressDialogImpl|> 
<|java+class:///net/suberic/pooka/gui/RecentMessageMenu|,|java+class:///net/suberic/util/gui/ConfigurableAwtMenu|> 
<|java+class:///net/suberic/pooka/gui/StoreNode|,|java+class:///net/suberic/pooka/gui/MailTreeNode|> 
<|java+class:///net/suberic/pooka/gui/WindowMenu|,|java+class:///net/suberic/util/gui/ConfigurableMenu|> 
<|java+class:///net/suberic/pooka/gui/propedit/AddressBookEditorPane|,|java+class:///net/suberic/util/gui/propedit/MultiEditorPane|> 
<|java+class:///net/suberic/pooka/gui/propedit/AddressBookWizardController|,|java+class:///net/suberic/util/gui/propedit/WizardController|> 
<|java+class:///net/suberic/pooka/gui/propedit/AddressEntryController|,|java+class:///net/suberic/util/gui/propedit/WizardController|> 
<|java+class:///net/suberic/pooka/gui/propedit/JdbcWizardController|,|java+class:///net/suberic/util/gui/propedit/WizardController|> 
<|java+class:///net/suberic/pooka/gui/propedit/LookAndFeelEditor|,|java+class:///net/suberic/util/gui/propedit/ListEditorPane|> 
<|java+class:///net/suberic/pooka/gui/propedit/NewOutgoingServerWizardController|,|java+class:///net/suberic/util/gui/propedit/WizardController|> 
<|java+class:///net/suberic/pooka/gui/propedit/NewStoreWizardController|,|java+class:///net/suberic/util/gui/propedit/WizardController|> 
<|java+class:///net/suberic/pooka/gui/propedit/NewUserProfileWizardController|,|java+class:///net/suberic/util/gui/propedit/WizardController|> 
<|java+class:///net/suberic/pooka/gui/propedit/PookaFileSelector|,|java+class:///net/suberic/util/gui/propedit/FileSelectorPane|> 
<|java+class:///net/suberic/util/cache/FileSizedCacheEntry|,|java+class:///net/suberic/util/cache/SizedCacheEntry|> 
<|java+class:///net/suberic/util/gui/propedit/BooleanEditorPane|,|java+class:///net/suberic/util/gui/propedit/SwingPropertyEditor|> 
<|java+class:///net/suberic/util/gui/propedit/DefaultBooleanEditorPane|,|java+class:///net/suberic/util/gui/propedit/ListEditorPane|> 
<|java+class:///net/suberic/util/gui/propedit/DesktopPropertyEditorFactory|,|java+class:///net/suberic/util/gui/propedit/PropertyEditorFactory|> 
<|java+class:///net/suberic/util/gui/propedit/LabelValuePropertyEditor|,|java+class:///net/suberic/util/gui/propedit/SwingPropertyEditor|> 
<|java+class:///net/suberic/util/gui/propedit/MultiEditorPane|,|java+class:///net/suberic/util/gui/propedit/CompositeSwingPropertyEditor|> 
<|java+class:///net/suberic/util/gui/propedit/RadioEditorPane|,|java+class:///net/suberic/util/gui/propedit/SwingPropertyEditor|> 
<|java+class:///net/suberic/util/gui/propedit/SectionedEditorPane|,|java+class:///net/suberic/util/gui/propedit/CompositeSwingPropertyEditor|> 
<|java+class:///net/suberic/util/gui/propedit/SpacerEditorPane|,|java+class:///net/suberic/util/gui/propedit/SwingPropertyEditor|> 
<|java+class:///net/suberic/util/gui/propedit/TextMessageEditorPane|,|java+class:///net/suberic/util/gui/propedit/SwingPropertyEditor|> 




INTERNAL REUSE TOTAL: 0 

EXTERNAL REUSE TOTAL: 4 
<|java+class:///net/suberic/pooka/FolderInfo|,|java+interface:///net/suberic/pooka/UserProfileContainer|> 
<|java+class:///net/suberic/pooka/FolderInfo|,|java+interface:///net/suberic/util/ValueChangeListener|> 
<|java+class:///net/suberic/pooka/cache/SimpleFileCache|,|java+interface:///net/suberic/pooka/cache/MessageCache|> 
<|java+class:///net/suberic/util/gui/propedit/SwingPropertyEditor|,|java+interface:///net/suberic/util/gui/propedit/PropertyEditorUI|> 

SUBTYPE TOTAL: 70 
<|java+class:///net/suberic/pooka/AddressBookManager|,|java+interface:///net/suberic/util/ValueChangeListener|> 
<|java+class:///net/suberic/pooka/FolderInfo|,|java+interface:///net/suberic/util/ValueChangeListener|> 
<|java+class:///net/suberic/pooka/NetworkConnection|,|java+interface:///net/suberic/util/Item|> 
<|java+class:///net/suberic/pooka/NetworkConnectionManager|,|java+interface:///net/suberic/util/ItemCreator|> 
<|java+class:///net/suberic/pooka/NetworkConnectionManager|,|java+interface:///net/suberic/util/ItemListChangeListener|> 
<|java+class:///net/suberic/pooka/OutgoingMailServer|,|java+interface:///net/suberic/pooka/NetworkConnectionListener|> 
<|java+class:///net/suberic/pooka/OutgoingMailServer|,|java+interface:///net/suberic/util/Item|> 
<|java+class:///net/suberic/pooka/OutgoingMailServer|,|java+interface:///net/suberic/util/ValueChangeListener|> 
<|java+class:///net/suberic/pooka/OutgoingMailServerManager|,|java+interface:///net/suberic/util/ItemCreator|> 
<|java+class:///net/suberic/pooka/OutgoingMailServerManager|,|java+interface:///net/suberic/util/ItemListChangeListener|> 
<|java+class:///net/suberic/pooka/PookaEncryptionManager|,|java+interface:///net/suberic/util/ValueChangeListener|> 
<|java+class:///net/suberic/pooka/PookaLogManager|,|java+interface:///net/suberic/util/ValueChangeListener|> 
<|java+class:///net/suberic/pooka/SignatureGeneratorImpl|,|java+interface:///net/suberic/pooka/SignatureGenerator|> 
<|java+class:///net/suberic/pooka/StoreInfo|,|java+interface:///net/suberic/pooka/NetworkConnectionListener|> 
<|java+class:///net/suberic/pooka/StoreInfo|,|java+interface:///net/suberic/util/Item|> 
<|java+class:///net/suberic/pooka/StoreInfo|,|java+interface:///net/suberic/util/ValueChangeListener|> 
<|java+class:///net/suberic/pooka/StoreManager|,|java+interface:///net/suberic/util/ItemCreator|> 
<|java+class:///net/suberic/pooka/StoreManager|,|java+interface:///net/suberic/util/ItemListChangeListener|> 
<|java+class:///net/suberic/pooka/UserProfile|,|java+interface:///net/suberic/util/Item|> 
<|java+class:///net/suberic/pooka/UserProfile|,|java+interface:///net/suberic/util/ValueChangeListener|> 
<|java+class:///net/suberic/pooka/UserProfileManager|,|java+interface:///net/suberic/util/ItemCreator|> 
<|java+class:///net/suberic/pooka/UserProfileManager|,|java+interface:///net/suberic/util/ItemListChangeListener|> 
<|java+class:///net/suberic/pooka/cache/SimpleFileCache|,|java+interface:///net/suberic/pooka/cache/MessageCache|> 
<|java+class:///net/suberic/pooka/gui/ConnectionMonitor|,|java+interface:///net/suberic/pooka/NetworkConnectionListener|> 
<|java+class:///net/suberic/pooka/gui/ConnectionMonitor|,|java+interface:///net/suberic/util/ItemListChangeListener|> 
<|java+class:///net/suberic/pooka/gui/FolderInternalFrame|,|java+interface:///net/suberic/pooka/gui/FolderDisplayUI|> 
<|java+class:///net/suberic/pooka/gui/FolderPanel|,|java+interface:///net/suberic/util/ItemListChangeListener|> 
<|java+class:///net/suberic/pooka/gui/FolderPanel|,|java+interface:///net/suberic/util/swing/ThemeListener|> 
<|java+class:///net/suberic/pooka/gui/FolderPanel|,|java+interface:///net/suberic/util/swing/ThemeSupporter|> 
<|java+class:///net/suberic/pooka/gui/MessageFrame|,|java+interface:///net/suberic/pooka/gui/MessageUI|> 
<|java+class:///net/suberic/pooka/gui/MessageFrame|,|java+interface:///net/suberic/util/swing/ThemeListener|> 
<|java+class:///net/suberic/pooka/gui/MessageFrame|,|java+interface:///net/suberic/util/swing/ThemeSupporter|> 
<|java+class:///net/suberic/pooka/gui/MessageInternalFrame|,|java+interface:///net/suberic/pooka/gui/MessageUI|> 
<|java+class:///net/suberic/pooka/gui/MessageInternalFrame|,|java+interface:///net/suberic/util/swing/ThemeListener|> 
<|java+class:///net/suberic/pooka/gui/MessageInternalFrame|,|java+interface:///net/suberic/util/swing/ThemeSupporter|> 
<|java+class:///net/suberic/pooka/gui/MessageNotificationManager|,|java+interface:///net/suberic/util/ValueChangeListener|> 
<|java+class:///net/suberic/pooka/gui/MessagePanel|,|java+interface:///net/suberic/pooka/gui/ContentPanel|> 
<|java+class:///net/suberic/pooka/gui/MessagePanel|,|java+interface:///net/suberic/util/swing/ThemeListener|> 
<|java+class:///net/suberic/pooka/gui/MessagePanel|,|java+interface:///net/suberic/util/swing/ThemeSupporter|> 
<|java+class:///net/suberic/pooka/gui/NewMessageFrame|,|java+interface:///net/suberic/pooka/gui/NewMessageUI|> 
<|java+class:///net/suberic/pooka/gui/NewMessageInternalFrame|,|java+interface:///net/suberic/pooka/gui/NewMessageUI|> 
<|java+class:///net/suberic/pooka/gui/PookaMinimalUIFactory|,|java+interface:///net/suberic/pooka/gui/PookaUIFactory|> 
<|java+class:///net/suberic/pooka/gui/PreviewContentPanel|,|java+interface:///net/suberic/pooka/gui/ContentPanel|> 
<|java+class:///net/suberic/pooka/gui/PreviewContentPanel|,|java+interface:///net/suberic/pooka/gui/MessageUI|> 
<|java+class:///net/suberic/pooka/gui/PreviewContentPanel|,|java+interface:///net/suberic/util/swing/ThemeListener|> 
<|java+class:///net/suberic/pooka/gui/PreviewContentPanel|,|java+interface:///net/suberic/util/swing/ThemeSupporter|> 
<|java+class:///net/suberic/pooka/gui/PreviewFolderPanel|,|java+interface:///net/suberic/pooka/gui/FolderDisplayUI|> 
<|java+class:///net/suberic/pooka/gui/ProgressDialogImpl|,|java+interface:///net/suberic/util/swing/ProgressDialog|> 
<|java+class:///net/suberic/pooka/gui/SwingUIFactory|,|java+interface:///net/suberic/pooka/gui/PookaUIFactory|> 
<|java+class:///net/suberic/pooka/gui/crypto/CryptoPanel|,|java+interface:///net/suberic/pooka/gui/crypto/CryptoStatusDisplay|> 
<|java+class:///net/suberic/pooka/gui/propedit/EmailFilter|,|java+interface:///net/suberic/util/gui/propedit/ConfigurablePropertyEditorListener|> 
<|java+class:///net/suberic/pooka/jdbcaddr/JDBCAddressBook|,|java+interface:///net/suberic/pooka/AddressMatcher|> 
<|java+class:///net/suberic/pooka/ldap/LDAPAddressBook|,|java+interface:///net/suberic/pooka/AddressMatcher|> 
<|java+class:///net/suberic/pooka/ldap/LDAPAddressEntry|,|java+interface:///net/suberic/pooka/AddressBookEntry|> 
<|java+class:///net/suberic/pooka/vcard/Vcard|,|java+interface:///net/suberic/pooka/AddressBookEntry|> 
<|java+class:///net/suberic/pooka/vcard/VcardAddressBook|,|java+interface:///net/suberic/pooka/AddressBook|> 
<|java+class:///net/suberic/pooka/vcard/VcardAddressBook|,|java+interface:///net/suberic/pooka/AddressMatcher|> 
<|java+class:///net/suberic/util/ItemManager|,|java+interface:///net/suberic/util/ValueChangeListener|> 
<|java+class:///net/suberic/util/gui/propedit/DisableFilter|,|java+interface:///net/suberic/util/gui/propedit/ConfigurablePropertyEditorListener|> 
<|java+class:///net/suberic/util/gui/propedit/NumberFilter|,|java+interface:///net/suberic/util/gui/propedit/ConfigurablePropertyEditorListener|> 
<|java+class:///net/suberic/util/gui/propedit/PropertyEditorAdapter|,|java+interface:///net/suberic/util/gui/propedit/PropertyEditorListener|> 
<|java+class:///net/suberic/util/gui/propedit/RequiredFilter|,|java+interface:///net/suberic/util/gui/propedit/ConfigurablePropertyEditorListener|> 
<|java+class:///net/suberic/util/gui/propedit/SwingPropertyEditor|,|java+interface:///net/suberic/util/gui/propedit/PropertyEditorUI|> 
<|java+class:///net/suberic/util/gui/propedit/UniqueFilter|,|java+interface:///net/suberic/util/gui/propedit/ConfigurablePropertyEditorListener|> 
<|java+class:///net/suberic/util/swing/ConfigurableMetalTheme|,|java+interface:///net/suberic/util/Item|> 
<|java+class:///net/suberic/util/swing/ConfigurableMetalTheme|,|java+interface:///net/suberic/util/ValueChangeListener|> 
<|java+class:///net/suberic/util/swing/ThemeManager|,|java+interface:///net/suberic/util/ItemCreator|> 
<|java+class:///net/suberic/util/swing/ThemeManager|,|java+interface:///net/suberic/util/ItemListChangeListener|> 
<|java+class:///net/suberic/util/swing/ThemeWrapperItem|,|java+interface:///net/suberic/util/Item|> 
<|java+class:///net/suberic/util/swing/ThemeWrapperItem|,|java+interface:///net/suberic/util/ValueChangeListener|> 

DOWNCALL ACTUAL TOTAL: 0 

DOWNCALL CANDIDATE TOTAL: 0 

CONSTANT TOTAL: 0 

MARKER TOTAL: 0 

SUPER TOTAL: 0 

GENERIC TOTAL: 15 
<|java+class:///net/suberic/pooka/NetworkConnectionManager|,|java+interface:///net/suberic/util/ItemListChangeListener|> 
<|java+class:///net/suberic/pooka/StoreInfo|,|java+interface:///net/suberic/pooka/NetworkConnectionListener|> 
<|java+class:///net/suberic/pooka/StoreInfo|,|java+interface:///net/suberic/util/Item|> 
<|java+class:///net/suberic/pooka/StoreInfo|,|java+interface:///net/suberic/util/ValueChangeListener|> 
<|java+class:///net/suberic/pooka/UserProfile|,|java+interface:///net/suberic/util/Item|> 
<|java+class:///net/suberic/pooka/UserProfileManager|,|java+interface:///net/suberic/util/ItemListChangeListener|> 
<|java+class:///net/suberic/pooka/gui/MessagePanel|,|java+interface:///net/suberic/util/swing/ThemeListener|> 
<|java+class:///net/suberic/pooka/gui/propedit/EmailFilter|,|java+interface:///net/suberic/util/gui/propedit/ConfigurablePropertyEditorListener|> 
<|java+class:///net/suberic/pooka/ldap/LDAPAddressBook|,|java+interface:///net/suberic/pooka/AddressBook|> 
<|java+class:///net/suberic/pooka/vcard/Vcard|,|java+interface:///net/suberic/pooka/AddressBookEntry|> 
<|java+class:///net/suberic/util/gui/ConfigurableComboBox|,|java+interface:///net/suberic/util/gui/ConfigurableUI|> 
<|java+class:///net/suberic/util/gui/ConfigurableMenuBar|,|java+interface:///net/suberic/util/gui/ConfigurableUI|> 
<|java+class:///net/suberic/util/gui/propedit/SwingPropertyEditor|,|java+interface:///net/suberic/util/gui/propedit/PropertyEditorUI|> 
<|java+class:///net/suberic/util/swing/ThemeManager|,|java+interface:///net/suberic/util/ItemListChangeListener|> 
<|java+class:///net/suberic/util/swing/ThemeManager|,|java+interface:///net/suberic/util/ValueChangeListener|> 

CATEGORY TOTAL: 4 
<|java+class:///net/suberic/pooka/gui/SwingUIFactory|,|java+interface:///net/suberic/pooka/gui/PookaUIFactory|> 
<|java+class:///net/suberic/pooka/gui/crypto/CryptoButton|,|java+interface:///net/suberic/pooka/gui/crypto/CryptoStatusDisplay|> 
<|java+class:///net/suberic/pooka/jdbcaddr/JDBCAddressBook|,|java+interface:///net/suberic/pooka/AddressBook|> 
<|java+class:///net/suberic/util/ValueChangeAdapter|,|java+interface:///net/suberic/util/ValueChangeListener|> 

FRAMEWORK TOTAL: 4 
<|java+class:///net/suberic/pooka/gui/BooleanIcon|,|java+interface:///net/suberic/pooka/gui/TableCellIcon|> 
<|java+class:///net/suberic/pooka/gui/FolderInternalFrame|,|java+interface:///net/suberic/pooka/gui/FolderDisplayUI|> 
<|java+class:///net/suberic/pooka/gui/PreviewFolderPanel|,|java+interface:///net/suberic/pooka/gui/FolderDisplayUI|> 
<|java+class:///net/suberic/pooka/gui/SearchTermIcon|,|java+interface:///net/suberic/pooka/gui/TableCellIcon|> 

DOWNCALL TOTAL: 0 




INTERNAL REUSE TOTAL: 0 

EXTERNAL REUSE TOTAL: 6 
<|java+interface:///net/suberic/pooka/gui/ContentPanel|,|java+interface:///net/suberic/pooka/UserProfileContainer|> 
<|java+interface:///net/suberic/pooka/gui/ContentPanel|,|java+interface:///net/suberic/pooka/gui/ActionContainer|> 
<|java+interface:///net/suberic/pooka/gui/FolderDisplayUI|,|java+interface:///net/suberic/pooka/gui/ErrorHandler|> 
<|java+interface:///net/suberic/pooka/gui/MessageUI|,|java+interface:///net/suberic/pooka/gui/ErrorHandler|> 
<|java+interface:///net/suberic/pooka/gui/NewMessageUI|,|java+interface:///net/suberic/pooka/gui/MessageUI|> 
<|java+interface:///net/suberic/pooka/gui/PookaUIFactory|,|java+interface:///net/suberic/pooka/gui/ErrorHandler|> 

SUBTYPE TOTAL: 4 
<|java+interface:///net/suberic/pooka/gui/FolderDisplayUI|,|java+interface:///net/suberic/pooka/event/MessageLoadedListener|> 
<|java+interface:///net/suberic/pooka/gui/NewMessageUI|,|java+interface:///net/suberic/pooka/gui/MessageUI|> 
<|java+interface:///net/suberic/pooka/gui/filter/DisplayFilter|,|java+interface:///net/suberic/pooka/filter/FilterAction|> 
<|java+interface:///net/suberic/util/gui/propedit/ConfigurablePropertyEditorListener|,|java+interface:///net/suberic/util/gui/propedit/PropertyEditorListener|> 

DOWNCALL ACTUAL TOTAL: 0 

DOWNCALL CANDIDATE TOTAL: 0 

CONSTANT TOTAL: 0 

MARKER TOTAL: 0 

SUPER TOTAL: 0 

GENERIC TOTAL: 1 
<|java+interface:///net/suberic/pooka/gui/FolderDisplayUI|,|java+interface:///net/suberic/pooka/event/MessageLoadedListener|> 

CATEGORY TOTAL: 0 

FRAMEWORK TOTAL: 0 

DOWNCALL TOTAL: 0 




