[
  <<|java+class:///org/lnicholls/galleon/apps/shoutcast/Shoutcast/ImagesScreen|,|java+class:///org/lnicholls/galleon/widget/DefaultScreen|>,|project://galleon-2.3.0/src/org/lnicholls/galleon/apps/shoutcast/Shoutcast.java|(26255,27,<1453,3>,<1453,30>)>,
  <<|java+class:///org/lnicholls/galleon/apps/podcasting/Podcasting/PodcastScreen|,|java+class:///org/lnicholls/galleon/widget/DefaultScreen|>,|project://galleon-2.3.0/src/org/lnicholls/galleon/apps/podcasting/Podcasting.java|(49663,21,<2843,3>,<2843,24>)>,
  <<|java+class:///org/lnicholls/galleon/app/AppConfigurationPanel/ComboWrapper|,|java+class:///org/lnicholls/galleon/util/NameValue|>,|project://galleon-2.3.0/src/org/lnicholls/galleon/app/AppConfigurationPanel.java|(1345,19,<67,3>,<67,22>)>,
  <<|java+class:///org/lnicholls/galleon/gui/DownloadedPanel/CustomTableCellRender|,|java+class:///javax/swing/table/DefaultTableCellRenderer|>,|project://galleon-2.3.0/src/org/lnicholls/galleon/gui/DownloadedPanel.java|(18525,8,<450,12>,<450,20>)>,
  <<|java+class:///org/lnicholls/galleon/apps/rss/RSS/OptionsScreen|,|java+class:///org/lnicholls/galleon/widget/DefaultOptionsScreen|>,|project://galleon-2.3.0/src/org/lnicholls/galleon/apps/rss/RSS.java|(5795,11,<261,3>,<261,14>)>,
  <<|java+class:///org/lnicholls/galleon/widget/DefaultApplication/VersionScreen|,|java+class:///org/lnicholls/galleon/widget/DefaultScreen|>,|project://galleon-2.3.0/src/org/lnicholls/galleon/widget/DefaultApplication.java|(35723,22,<2092,3>,<2092,25>)>,
  <<|java+class:///org/lnicholls/galleon/apps/jukebox/Jukebox/LyricsScreen|,|java+class:///org/lnicholls/galleon/widget/DefaultScreen|>,|project://galleon-2.3.0/src/org/lnicholls/galleon/apps/jukebox/Jukebox.java|(20378,28,<1224,3>,<1224,31>)>,
  <<|java+class:///org/lnicholls/galleon/apps/iTunes/iTunes/MusicMenuScreen|,|java+class:///org/lnicholls/galleon/widget/DefaultMenuScreen|>,|project://galleon-2.3.0/src/org/lnicholls/galleon/apps/iTunes/iTunes.java|(6426,20,<335,3>,<335,23>)>,
  <<|java+class:///org/lnicholls/galleon/apps/musicOrganizer/MusicOrganizer/MusicMenuScreen|,|java+class:///org/lnicholls/galleon/widget/DefaultMenuScreen|>,|project://galleon-2.3.0/src/org/lnicholls/galleon/apps/musicOrganizer/MusicOrganizer.java|(4971,20,<255,3>,<255,23>)>,
  <<|java+class:///org/lnicholls/galleon/apps/jukebox/Jukebox/ConfirmationScreen|,|java+class:///org/lnicholls/galleon/widget/DefaultScreen|>,|project://galleon-2.3.0/src/org/lnicholls/galleon/apps/jukebox/Jukebox.java|(31060,33,<1955,3>,<1955,36>)>,
  <<|java+class:///org/lnicholls/galleon/apps/musicOrganizer/MusicOrganizer/MusicScreen|,|java+class:///org/lnicholls/galleon/widget/DefaultScreen|>,|project://galleon-2.3.0/src/org/lnicholls/galleon/apps/musicOrganizer/MusicOrganizer.java|(21540,25,<1241,3>,<1241,28>)>,
  <<|java+class:///org/lnicholls/galleon/apps/rss/RSSConfiguration/SharedFeed|,|java+class:///org/lnicholls/galleon/util/SharedNameValue|>,|project://galleon-2.3.0/src/org/lnicholls/galleon/apps/rss/RSSConfiguration.java|(2874,47,<179,6>,<179,53>)>,
  <<|java+class:///org/lnicholls/galleon/widget/PlayBar|,|java+class:///com/tivo/hme/bananas/BView|>,|project://galleon-2.3.0/src/org/lnicholls/galleon/widget/PlayBar.java|(1568,88,<91,8>,<91,96>)>,
  <<|java+class:///org/lnicholls/galleon/apps/traffic/TrafficOptionsPanel|,|java+class:///org/lnicholls/galleon/app/AppConfigurationPanel|>,|project://galleon-2.3.0/src/org/lnicholls/galleon/apps/traffic/TrafficOptionsPanel.java|(1734,24,<85,2>,<85,26>)>,
  <<|java+class:///org/lnicholls/galleon/widget/BlockList/CustomHighlight|,|java+class:///com/tivo/hme/bananas/BHighlight|>,|project://galleon-2.3.0/src/org/lnicholls/galleon/widget/BlockList.java|(4951,28,<315,6>,<315,34>)>,
  <<|java+class:///org/lnicholls/galleon/widget/MusicOptionsScreen|,|java+class:///org/lnicholls/galleon/widget/DefaultOptionsScreen|>,|project://galleon-2.3.0/src/org/lnicholls/galleon/widget/MusicOptionsScreen.java|(619,11,<39,2>,<39,13>)>,
  <<|java+class:///org/lnicholls/galleon/apps/iTunes/iTunes/MusicScreen|,|java+class:///org/lnicholls/galleon/widget/DefaultScreen|>,|project://galleon-2.3.0/src/org/lnicholls/galleon/apps/iTunes/iTunes.java|(18005,25,<1031,3>,<1031,28>)>,
  <<|java+class:///org/lnicholls/galleon/winamp/WinampPlayer|,|java+class:///org/lnicholls/galleon/widget/DefaultPlayer|>,|project://galleon-2.3.0/src/org/lnicholls/galleon/winamp/WinampPlayer.java|(2114,44,<95,8>,<95,52>)>,
  <<|java+class:///org/lnicholls/galleon/widget/DefaultList|,|java+class:///com/tivo/hme/bananas/BList|>,|project://galleon-2.3.0/src/org/lnicholls/galleon/widget/DefaultList.java|(2340,55,<131,8>,<131,63>)>,
  <<|java+class:///org/lnicholls/galleon/util/SharedNameValue|,|java+class:///org/lnicholls/galleon/util/NameValue|>,|project://galleon-2.3.0/src/org/lnicholls/galleon/util/SharedNameValue.java|(1253,19,<37,2>,<37,21>)>,
  <<|java+class:///org/lnicholls/galleon/apps/videocasting/Videocasting/VideocastingMenuScreen|,|java+class:///org/lnicholls/galleon/widget/DefaultMenuScreen|>,|project://galleon-2.3.0/src/org/lnicholls/galleon/apps/videocasting/Videocasting.java|(27101,27,<1459,3>,<1459,30>)>,
  <<|java+class:///org/lnicholls/galleon/togo/DownloadThread/CancelThread|,|java+class:///java/lang/Thread|>,|project://galleon-2.3.0/src/org/lnicholls/galleon/togo/DownloadThread.java|(5425,22,<140,12>,<140,34>)>,
  <<|java+class:///org/lnicholls/galleon/widget/Grid|,|java+class:///com/tivo/hme/bananas/BList|>,|project://galleon-2.3.0/src/org/lnicholls/galleon/widget/Grid.java|(2460,55,<145,8>,<145,63>)>,
  <<|java+class:///org/lnicholls/galleon/goback/ListenThread|,|java+class:///java/lang/Thread|>,|project://galleon-2.3.0/src/org/lnicholls/galleon/goback/ListenThread.java|(2851,22,<52,8>,<52,30>)>,
  <<|java+class:///org/lnicholls/galleon/apps/music/Music/LyricsScreen|,|java+class:///org/lnicholls/galleon/widget/DefaultScreen|>,|project://galleon-2.3.0/src/org/lnicholls/galleon/apps/music/Music.java|(26109,28,<1565,3>,<1565,31>)>,
  <<|java+class:///org/lnicholls/galleon/util/GalleonException|,|java+class:///java/lang/Exception|>,|project://galleon-2.3.0/src/org/lnicholls/galleon/util/GalleonException.java|(1081,11,<59,2>,<59,13>)>,
  <<|java+class:///org/lnicholls/galleon/util/GalleonException|,|java+class:///java/lang/Exception|>,|project://galleon-2.3.0/src/org/lnicholls/galleon/util/GalleonException.java|(1005,11,<51,2>,<51,13>)>,
  <<|java+class:///org/lnicholls/galleon/util/GalleonException|,|java+class:///java/lang/Exception|>,|project://galleon-2.3.0/src/org/lnicholls/galleon/util/GalleonException.java|(943,8,<43,2>,<43,10>)>,
  <<|java+class:///org/lnicholls/galleon/goback/TiVoBeacon|,|java+class:///org/jawin/DispatchPtr|>,|project://galleon-2.3.0/src/org/lnicholls/galleon/goback/TiVoBeacon.java|(1727,13,<52,8>,<52,21>)>,
  <<|java+class:///org/lnicholls/galleon/goback/TiVoBeacon|,|java+class:///org/jawin/DispatchPtr|>,|project://galleon-2.3.0/src/org/lnicholls/galleon/goback/TiVoBeacon.java|(1638,13,<48,8>,<48,21>)>,
  <<|java+class:///org/lnicholls/galleon/goback/TiVoBeacon|,|java+class:///org/jawin/DispatchPtr|>,|project://galleon-2.3.0/src/org/lnicholls/galleon/goback/TiVoBeacon.java|(1544,14,<44,8>,<44,22>)>,
  <<|java+class:///org/lnicholls/galleon/goback/TiVoBeacon|,|java+class:///org/jawin/DispatchPtr|>,|project://galleon-2.3.0/src/org/lnicholls/galleon/goback/TiVoBeacon.java|(1457,8,<40,8>,<40,16>)>,
  <<|java+class:///org/lnicholls/galleon/widget/LabelText|,|java+class:///com/tivo/hme/bananas/BView|>,|project://galleon-2.3.0/src/org/lnicholls/galleon/widget/LabelText.java|(1930,44,<101,8>,<101,52>)>,
  <<|java+class:///org/lnicholls/galleon/gui/PropertyText|,|java+class:///javax/swing/JTextField|>,|project://galleon-2.3.0/src/org/lnicholls/galleon/gui/HMEConfigurationPanel.java|(9798,22,<695,2>,<695,24>)>,
  <<|java+class:///org/lnicholls/galleon/apps/jukebox/Jukebox/ImagesScreen|,|java+class:///org/lnicholls/galleon/widget/DefaultScreen|>,|project://galleon-2.3.0/src/org/lnicholls/galleon/apps/jukebox/Jukebox.java|(24911,27,<1536,3>,<1536,30>)>,
  <<|java+class:///org/lnicholls/galleon/app/AppFactory|,|java+class:///com/tivo/hme/sdk/Factory|>,|project://galleon-2.3.0/src/org/lnicholls/galleon/app/AppFactory.java|(1629,8,<58,2>,<58,10>)>,
  <<|java+class:///org/lnicholls/galleon/gui/MainFrame/AddAppDialog|,|java+class:///javax/swing/JDialog|>,|project://galleon-2.3.0/src/org/lnicholls/galleon/gui/MainFrame.java|(17682,30,<1049,3>,<1049,33>)>,
  <<|java+class:///org/lnicholls/galleon/widget/DefaultPlayer|,|java+class:///com/tivo/hme/bananas/BView|>,|project://galleon-2.3.0/src/org/lnicholls/galleon/widget/DefaultPlayer.java|(1264,44,<53,8>,<53,52>)>,
  <<|java+class:///org/lnicholls/galleon/apps/upcoming/Upcoming/UpcomingEventsLocationsMenuScreen|,|java+class:///org/lnicholls/galleon/widget/DefaultMenuScreen|>,|project://galleon-2.3.0/src/org/lnicholls/galleon/apps/upcoming/Upcoming.java|(6112,21,<315,3>,<315,24>)>,
  <<|java+class:///org/lnicholls/galleon/gui/OptionsPanelManager|,|java+class:///org/lnicholls/galleon/gui/InternalFrame|>,|project://galleon-2.3.0/src/org/lnicholls/galleon/gui/OptionsPanelManager.java|(1806,17,<95,2>,<95,19>)>,
  <<|java+class:///org/lnicholls/galleon/apps/movies/MoviesOptionsPanel|,|java+class:///org/lnicholls/galleon/app/AppConfigurationPanel|>,|project://galleon-2.3.0/src/org/lnicholls/galleon/apps/movies/MoviesOptionsPanel.java|(1836,24,<93,8>,<93,32>)>,
  <<|java+class:///org/lnicholls/galleon/apps/upcoming/UpcomingOptionsPanel|,|java+class:///org/lnicholls/galleon/app/AppConfigurationPanel|>,|project://galleon-2.3.0/src/org/lnicholls/galleon/apps/upcoming/UpcomingOptionsPanel.java|(1957,24,<97,2>,<97,26>)>,
  <<|java+class:///org/lnicholls/galleon/apps/jabber/JabberOptionsPanel|,|java+class:///org/lnicholls/galleon/app/AppConfigurationPanel|>,|project://galleon-2.3.0/src/org/lnicholls/galleon/apps/jabber/JabberOptionsPanel.java|(1747,24,<50,2>,<50,26>)>,
  <<|java+class:///org/lnicholls/galleon/widget/DefaultOptionsScreen|,|java+class:///org/lnicholls/galleon/widget/DefaultScreen|>,|project://galleon-2.3.0/src/org/lnicholls/galleon/widget/DefaultOptionsScreen.java|(1087,29,<53,2>,<53,31>)>,
  <<|java+class:///org/lnicholls/galleon/apps/togo/ToGoOptionsPanel|,|java+class:///org/lnicholls/galleon/app/AppConfigurationPanel|>,|project://galleon-2.3.0/src/org/lnicholls/galleon/apps/togo/ToGoOptionsPanel.java|(1597,24,<58,2>,<58,26>)>,
  <<|java+class:///org/lnicholls/galleon/apps/playlists/Playlists/MusicScreen|,|java+class:///org/lnicholls/galleon/widget/DefaultScreen|>,|project://galleon-2.3.0/src/org/lnicholls/galleon/apps/playlists/Playlists.java|(8480,25,<477,3>,<477,28>)>,
  <<|java+class:///org/lnicholls/galleon/apps/iTunes/iTunesOptionsPanel|,|java+class:///org/lnicholls/galleon/app/AppConfigurationPanel|>,|project://galleon-2.3.0/src/org/lnicholls/galleon/apps/iTunes/iTunesOptionsPanel.java|(1884,24,<91,8>,<91,32>)>,
  <<|java+class:///org/lnicholls/galleon/apps/menu/MenuOptionsPanel|,|java+class:///org/lnicholls/galleon/app/AppConfigurationPanel|>,|project://galleon-2.3.0/src/org/lnicholls/galleon/apps/menu/MenuOptionsPanel.java|(1722,24,<85,2>,<85,26>)>,
  <<|java+class:///org/lnicholls/galleon/apps/videocasting/VideocastingOptionsPanel|,|java+class:///org/lnicholls/galleon/app/AppConfigurationPanel|>,|project://galleon-2.3.0/src/org/lnicholls/galleon/apps/videocasting/VideocastingOptionsPanel.java|(1953,24,<93,8>,<93,32>)>,
  <<|java+class:///org/lnicholls/galleon/apps/audioScrobbler/AudioScrobblerOptionsPanel|,|java+class:///org/lnicholls/galleon/app/AppConfigurationPanel|>,|project://galleon-2.3.0/src/org/lnicholls/galleon/apps/audioScrobbler/AudioScrobblerOptionsPanel.java|(1919,24,<95,8>,<95,32>)>,
  <<|java+class:///org/lnicholls/galleon/apps/internetSlideshows/InternetSlideshowsOptionsPanel|,|java+class:///org/lnicholls/galleon/app/AppConfigurationPanel|>,|project://galleon-2.3.0/src/org/lnicholls/galleon/apps/internetSlideshows/InternetSlideshowsOptionsPanel.java|(2100,24,<111,2>,<111,26>)>,
  <<|java+class:///org/lnicholls/galleon/apps/podcasting/PodcastingOptionsPanel|,|java+class:///org/lnicholls/galleon/app/AppConfigurationPanel|>,|project://galleon-2.3.0/src/org/lnicholls/galleon/apps/podcasting/PodcastingOptionsPanel.java|(1945,24,<93,8>,<93,32>)>,
  <<|java+class:///org/lnicholls/galleon/apps/internet/InternetOptionsPanel|,|java+class:///org/lnicholls/galleon/app/AppConfigurationPanel|>,|project://galleon-2.3.0/src/org/lnicholls/galleon/apps/internet/InternetOptionsPanel.java|(1719,24,<61,2>,<61,26>)>,
  <<|java+class:///org/lnicholls/galleon/apps/photos/PhotosOptionsPanel|,|java+class:///org/lnicholls/galleon/app/AppConfigurationPanel|>,|project://galleon-2.3.0/src/org/lnicholls/galleon/apps/photos/PhotosOptionsPanel.java|(2052,24,<111,2>,<111,26>)>,
  <<|java+class:///org/lnicholls/galleon/apps/musicOrganizer/MusicOrganizerOptionsPanel|,|java+class:///org/lnicholls/galleon/app/AppConfigurationPanel|>,|project://galleon-2.3.0/src/org/lnicholls/galleon/apps/musicOrganizer/MusicOrganizerOptionsPanel.java|(4514,24,<231,8>,<231,32>)>,
  <<|java+class:///org/lnicholls/galleon/util/FileSystemContainer/FileItem|,|java+class:///org/lnicholls/galleon/util/FileSystemContainer/Item|>,|project://galleon-2.3.0/src/org/lnicholls/galleon/util/FileSystemContainer.java|(4871,18,<155,12>,<155,30>)>,
  <<|java+class:///org/lnicholls/galleon/apps/photos/Photos/PGrid|,|java+class:///org/lnicholls/galleon/widget/Grid|>,|project://galleon-2.3.0/src/org/lnicholls/galleon/apps/photos/Photos.java|(9014,46,<389,3>,<389,49>)>,
  <<|java+class:///org/lnicholls/galleon/util/LinuxNetworkInfo|,|java+class:///org/lnicholls/galleon/util/NetInfo|>,|project://galleon-2.3.0/src/org/lnicholls/galleon/util/LinuxNetworkInfo.java|(564,15,<21,5>,<21,20>)>,
  <<|java+class:///org/lnicholls/galleon/apps/traffic/Traffic/SlideshowScreen|,|java+class:///org/lnicholls/galleon/widget/DefaultScreen|>,|project://galleon-2.3.0/src/org/lnicholls/galleon/apps/traffic/Traffic.java|(8400,30,<501,3>,<501,33>)>,
  <<|java+class:///org/lnicholls/galleon/apps/podcasting/Podcasting/DirectoriesMenuScreen|,|java+class:///org/lnicholls/galleon/widget/DefaultMenuScreen|>,|project://galleon-2.3.0/src/org/lnicholls/galleon/apps/podcasting/Podcasting.java|(37053,34,<2091,3>,<2091,37>)>,
  <<|java+class:///org/lnicholls/galleon/winamp/ImageView|,|java+class:///com/tivo/hme/sdk/View|>,|project://galleon-2.3.0/src/org/lnicholls/galleon/winamp/ImageView.java|(1014,73,<26,8>,<26,81>)>,
  <<|java+class:///org/lnicholls/galleon/apps/upcoming/Upcoming/UpcomingSearchScreen/EventsList|,|java+class:///com/tivo/hme/bananas/BList|>,|project://galleon-2.3.0/src/org/lnicholls/galleon/apps/upcoming/Upcoming.java|(30040,46,<1823,4>,<1823,50>)>,
  <<|java+class:///org/lnicholls/galleon/togo/TiVoX509TrustManager|,|java+project:///|>,|project://galleon-2.3.0/src/org/lnicholls/galleon/togo/TiVoX509TrustManager.java|(1614,8,<85,8>,<85,16>)>,
  <<|java+class:///org/lnicholls/galleon/apps/music/Music/ImagesScreen|,|java+class:///org/lnicholls/galleon/widget/DefaultScreen|>,|project://galleon-2.3.0/src/org/lnicholls/galleon/apps/music/Music.java|(30634,27,<1877,3>,<1877,30>)>,
  <<|java+class:///org/lnicholls/galleon/apps/videocasting/Videocasting/DirectoriesMenuScreen|,|java+class:///org/lnicholls/galleon/widget/DefaultMenuScreen|>,|project://galleon-2.3.0/src/org/lnicholls/galleon/apps/videocasting/Videocasting.java|(36860,36,<2051,3>,<2051,39>)>,
  <<|java+class:///org/lnicholls/galleon/apps/weather/Weather/AlertsScreen|,|java+class:///com/tivo/hme/bananas/BView|>,|project://galleon-2.3.0/src/org/lnicholls/galleon/apps/weather/Weather.java|(29144,59,<1471,9>,<1471,68>)>,
  <<|java+class:///org/lnicholls/galleon/gui/MainFrame/ServerDialog|,|java+class:///javax/swing/JDialog|>,|project://galleon-2.3.0/src/org/lnicholls/galleon/gui/MainFrame.java|(26420,40,<1547,3>,<1547,43>)>,
  <<|java+class:///org/lnicholls/galleon/gui/InternalFrame/mGradientPanel|,|java+class:///javax/swing/JPanel|>,|project://galleon-2.3.0/src/org/lnicholls/galleon/gui/InternalFrame.java|(2334,21,<123,12>,<123,33>)>,
  <<|java+class:///org/lnicholls/galleon/media/M3uPlaylist|,|java+class:///org/lnicholls/galleon/media/Playlist|>,|project://galleon-2.3.0/src/org/lnicholls/galleon/media/M3uPlaylist.java|(1664,12,<45,8>,<45,20>)>,
  <<|java+class:///org/lnicholls/galleon/widget/MusicPlayer|,|java+class:///org/lnicholls/galleon/widget/DefaultPlayer|>,|project://galleon-2.3.0/src/org/lnicholls/galleon/widget/MusicPlayer.java|(2115,44,<95,2>,<95,46>)>,
  <<|java+class:///org/lnicholls/galleon/apps/videocasting/Videocasting/DirectoryScreen|,|java+class:///org/lnicholls/galleon/widget/DefaultMenuScreen|>,|project://galleon-2.3.0/src/org/lnicholls/galleon/apps/videocasting/Videocasting.java|(40273,27,<2255,3>,<2255,30>)>,
  <<|java+class:///org/lnicholls/galleon/winamp/ScrollTextControl|,|java+class:///com/tivo/hme/sdk/View|>,|project://galleon-2.3.0/src/org/lnicholls/galleon/winamp/ScrollTextControl.java|(1197,35,<29,8>,<29,43>)>,
  <<|java+class:///org/lnicholls/galleon/apps/podcasting/Podcasting/DirectoryScreen|,|java+class:///org/lnicholls/galleon/widget/DefaultMenuScreen|>,|project://galleon-2.3.0/src/org/lnicholls/galleon/apps/podcasting/Podcasting.java|(40732,25,<2315,3>,<2315,28>)>,
  <<|java+class:///org/lnicholls/galleon/apps/videocasting/Videocasting/VideocastItemScreen|,|java+class:///org/lnicholls/galleon/widget/DefaultScreen|>,|project://galleon-2.3.0/src/org/lnicholls/galleon/apps/videocasting/Videocasting.java|(64797,21,<3743,3>,<3743,24>)>,
  <<|java+class:///org/lnicholls/galleon/apps/videocasting/VideocastingThread|,|java+class:///java/lang/Thread|>,|project://galleon-2.3.0/src/org/lnicholls/galleon/apps/videocasting/VideocastingThread.java|(2157,28,<50,2>,<50,30>)>,
  <<|java+class:///org/lnicholls/galleon/apps/podcasting/PodcastingThread|,|java+class:///java/lang/Thread|>,|project://galleon-2.3.0/src/org/lnicholls/galleon/apps/podcasting/PodcastingThread.java|(2192,26,<51,2>,<51,28>)>,
  <<|java+class:///org/lnicholls/galleon/apps/shoutcast/Shoutcast/PlayerScreen|,|java+class:///org/lnicholls/galleon/widget/DefaultScreen|>,|project://galleon-2.3.0/src/org/lnicholls/galleon/apps/shoutcast/Shoutcast.java|(19479,17,<1013,3>,<1013,20>)>,
  <<|java+class:///org/lnicholls/galleon/apps/playlists/PlaylistsOptionsPanel|,|java+class:///org/lnicholls/galleon/app/AppConfigurationPanel|>,|project://galleon-2.3.0/src/org/lnicholls/galleon/apps/playlists/PlaylistsOptionsPanel.java|(1773,24,<85,8>,<85,32>)>,
  <<|java+class:///org/lnicholls/galleon/app/AppException|,|java+class:///java/lang/Exception|>,|project://galleon-2.3.0/src/org/lnicholls/galleon/app/AppException.java|(1072,15,<28,8>,<28,23>)>,
  <<|java+class:///org/lnicholls/galleon/apps/internetSlideshows/InternetSlideshows/SlideshowScreen|,|java+class:///org/lnicholls/galleon/widget/DefaultScreen|>,|project://galleon-2.3.0/src/org/lnicholls/galleon/apps/internetSlideshows/InternetSlideshows.java|(14076,30,<717,3>,<717,33>)>,
  <<|java+class:///org/lnicholls/galleon/apps/photos/Photos/SlideshowScreen|,|java+class:///org/lnicholls/galleon/widget/DefaultScreen|>,|project://galleon-2.3.0/src/org/lnicholls/galleon/apps/photos/Photos.java|(33984,30,<1812,3>,<1812,33>)>,
  <<|java+class:///org/lnicholls/galleon/gui/DownloadManagerDialog|,|java+class:///javax/swing/JDialog|>,|project://galleon-2.3.0/src/org/lnicholls/galleon/gui/DownloadManagerDialog.java|(4249,39,<227,2>,<227,41>)>,
  <<|java+class:///org/lnicholls/galleon/apps/playlists/Playlists/LyricsScreen|,|java+class:///org/lnicholls/galleon/widget/DefaultScreen|>,|project://galleon-2.3.0/src/org/lnicholls/galleon/apps/playlists/Playlists.java|(16355,28,<1021,3>,<1021,31>)>,
  <<|java+class:///org/lnicholls/galleon/togo/ToGoThread|,|java+class:///java/lang/Thread|>,|project://galleon-2.3.0/src/org/lnicholls/galleon/togo/ToGoThread.java|(1874,20,<45,8>,<45,28>)>,
  <<|java+class:///org/lnicholls/galleon/gui/HelpDialog|,|java+class:///javax/swing/JDialog|>,|project://galleon-2.3.0/src/org/lnicholls/galleon/gui/HelpDialog.java|(1680,28,<97,8>,<97,36>)>,
  <<|java+class:///org/lnicholls/galleon/gui/HelpDialog|,|java+class:///javax/swing/JDialog|>,|project://galleon-2.3.0/src/org/lnicholls/galleon/gui/HelpDialog.java|(1546,29,<87,8>,<87,37>)>,
  <<|java+class:///org/lnicholls/galleon/apps/rss/RSSOptionsPanel|,|java+class:///org/lnicholls/galleon/app/AppConfigurationPanel|>,|project://galleon-2.3.0/src/org/lnicholls/galleon/apps/rss/RSSOptionsPanel.java|(1848,24,<89,8>,<89,32>)>,
  <<|java+class:///org/lnicholls/galleon/apps/musicOrganizer/MusicOrganizer/QueryPart|,|java+class:///org/lnicholls/galleon/util/FileSystemContainer/FolderItem|>,|project://galleon-2.3.0/src/org/lnicholls/galleon/apps/musicOrganizer/MusicOrganizer.java|(61351,22,<3688,3>,<3688,25>)>,
  <<|java+class:///org/lnicholls/galleon/apps/weather/Weather/LocalRadarScreen|,|java+class:///com/tivo/hme/bananas/BView|>,|project://galleon-2.3.0/src/org/lnicholls/galleon/apps/weather/Weather.java|(25487,59,<1277,9>,<1277,68>)>,
  <<|java+class:///org/lnicholls/galleon/apps/movies/Movies/MovieMenuScreen|,|java+class:///org/lnicholls/galleon/widget/DefaultMenuScreen|>,|project://galleon-2.3.0/src/org/lnicholls/galleon/apps/movies/Movies.java|(9074,21,<509,3>,<509,24>)>,
  <<|java+class:///org/lnicholls/galleon/apps/weather/Weather/ForecastScreen|,|java+class:///com/tivo/hme/bananas/BView|>,|project://galleon-2.3.0/src/org/lnicholls/galleon/apps/weather/Weather.java|(20030,59,<1031,9>,<1031,68>)>,
  <<|java+class:///org/lnicholls/galleon/goback/VideoServer|,|java+class:///com/tivo/hme/host/http/server/HttpServer|>,|project://galleon-2.3.0/src/org/lnicholls/galleon/goback/VideoServer.java|(2983,14,<143,2>,<143,16>)>,
  <<|java+class:///org/lnicholls/galleon/util/MacNetworkInfo|,|java+class:///org/lnicholls/galleon/util/NetInfo|>,|project://galleon-2.3.0/src/org/lnicholls/galleon/util/MacNetworkInfo.java|(561,15,<21,5>,<21,20>)>,
  <<|java+class:///org/lnicholls/galleon/gui/MainFrame/MusicPlayerDialog/MusicWrapper|,|java+class:///org/lnicholls/galleon/util/NameValue|>,|project://galleon-2.3.0/src/org/lnicholls/galleon/gui/MainFrame.java|(40719,19,<2277,4>,<2277,23>)>,
  <<|java+class:///org/lnicholls/galleon/apps/shoutcast/Shoutcast/OptionsScreen|,|java+class:///org/lnicholls/galleon/widget/DefaultOptionsScreen|>,|project://galleon-2.3.0/src/org/lnicholls/galleon/apps/shoutcast/Shoutcast.java|(7576,11,<311,3>,<311,14>)>,
  <<|java+class:///org/lnicholls/galleon/apps/rss/RSS/TagsMenuScreen|,|java+class:///org/lnicholls/galleon/widget/DefaultMenuScreen|>,|project://galleon-2.3.0/src/org/lnicholls/galleon/apps/rss/RSS.java|(17547,23,<897,3>,<897,26>)>,
  <<|java+class:///org/lnicholls/galleon/apps/movies/Movies/MovieScreen|,|java+class:///org/lnicholls/galleon/widget/DefaultScreen|>,|project://galleon-2.3.0/src/org/lnicholls/galleon/apps/movies/Movies.java|(12202,21,<713,3>,<713,24>)>,
  <<|java+class:///org/lnicholls/galleon/gui/Galleon/ConnectionDialog|,|java+class:///javax/swing/JDialog|>,|project://galleon-2.3.0/src/org/lnicholls/galleon/gui/Galleon.java|(28807,48,<811,3>,<811,51>)>,
  <<|java+class:///org/lnicholls/galleon/apps/music/Music/MusicMenuScreen|,|java+class:///org/lnicholls/galleon/widget/DefaultMenuScreen|>,|project://galleon-2.3.0/src/org/lnicholls/galleon/apps/music/Music.java|(5110,20,<259,3>,<259,23>)>,
  <<|java+class:///org/lnicholls/galleon/apps/movies/Movies/TheaterMenuScreen|,|java+class:///org/lnicholls/galleon/widget/DefaultMenuScreen|>,|project://galleon-2.3.0/src/org/lnicholls/galleon/apps/movies/Movies.java|(4903,23,<259,3>,<259,26>)>,
  <<|java+class:///org/lnicholls/galleon/apps/weather/Weather/WeatherList|,|java+class:///org/lnicholls/galleon/widget/DefaultOptionList|>,|project://galleon-2.3.0/src/org/lnicholls/galleon/apps/weather/Weather.java|(32452,46,<1645,12>,<1645,58>)>,
  <<|java+class:///org/lnicholls/galleon/gui/ToGoDialog|,|java+class:///javax/swing/JDialog|>,|project://galleon-2.3.0/src/org/lnicholls/galleon/gui/ToGoDialog.java|(1931,27,<105,8>,<105,35>)>,
  <<|java+class:///org/lnicholls/galleon/apps/music/Music/MusicScreen|,|java+class:///org/lnicholls/galleon/widget/DefaultScreen|>,|project://galleon-2.3.0/src/org/lnicholls/galleon/apps/music/Music.java|(17414,25,<983,3>,<983,28>)>,
  <<|java+class:///org/lnicholls/galleon/gui/InternalFrame|,|java+class:///javax/swing/JPanel|>,|project://galleon-2.3.0/src/org/lnicholls/galleon/gui/InternalFrame.java|(2476,26,<137,8>,<137,34>)>,
  <<|java+class:///org/lnicholls/galleon/apps/jukebox/Jukebox/PlayerScreen|,|java+class:///org/lnicholls/galleon/widget/DefaultScreen|>,|project://galleon-2.3.0/src/org/lnicholls/galleon/apps/jukebox/Jukebox.java|(15998,17,<949,3>,<949,20>)>,
  <<|java+class:///org/lnicholls/galleon/widget/BlockList|,|java+class:///org/lnicholls/galleon/widget/DefaultList|>,|project://galleon-2.3.0/src/org/lnicholls/galleon/widget/BlockList.java|(2396,55,<139,8>,<139,63>)>,
  <<|java+class:///org/lnicholls/galleon/apps/shoutcast/Shoutcast/PathScreen|,|java+class:///org/lnicholls/galleon/widget/DefaultMenuScreen|>,|project://galleon-2.3.0/src/org/lnicholls/galleon/apps/shoutcast/Shoutcast.java|(9830,20,<413,3>,<413,23>)>,
  <<|java+class:///org/lnicholls/galleon/gui/FileOptionsTable|,|java+class:///javax/swing/JPanel|>,|project://galleon-2.3.0/src/org/lnicholls/galleon/gui/FileOptionsTable.java|(5057,8,<259,8>,<259,16>)>,
  <<|java+class:///org/lnicholls/galleon/apps/weather/Weather/GenericWeatherScreen|,|java+class:///org/lnicholls/galleon/widget/DefaultScreen|>,|project://galleon-2.3.0/src/org/lnicholls/galleon/apps/weather/Weather.java|(6016,17,<319,12>,<319,29>)>,
  <<|java+class:///org/lnicholls/galleon/apps/iTunes/iTunes/LyricsScreen|,|java+class:///org/lnicholls/galleon/widget/DefaultScreen|>,|project://galleon-2.3.0/src/org/lnicholls/galleon/apps/iTunes/iTunes.java|(26671,28,<1613,3>,<1613,31>)>,
  <<|java+class:///org/lnicholls/galleon/gui/MainFrame/DataDialog|,|java+class:///javax/swing/JDialog|>,|project://galleon-2.3.0/src/org/lnicholls/galleon/gui/MainFrame.java|(61538,33,<3405,3>,<3405,36>)>,
  <<|java+class:///org/lnicholls/galleon/apps/movies/Movies/LyricsScreen|,|java+class:///org/lnicholls/galleon/widget/DefaultScreen|>,|project://galleon-2.3.0/src/org/lnicholls/galleon/apps/movies/Movies.java|(19696,28,<1205,3>,<1205,31>)>,
  <<|java+class:///org/lnicholls/galleon/widget/DefaultMenuScreen|,|java+class:///org/lnicholls/galleon/widget/DefaultScreen|>,|project://galleon-2.3.0/src/org/lnicholls/galleon/widget/DefaultMenuScreen.java|(1190,11,<57,2>,<57,13>)>,
  <<|java+class:///org/lnicholls/galleon/apps/musicOrganizer/MusicOrganizer/LyricsScreen|,|java+class:///org/lnicholls/galleon/widget/DefaultScreen|>,|project://galleon-2.3.0/src/org/lnicholls/galleon/apps/musicOrganizer/MusicOrganizer.java|(29538,28,<1799,3>,<1799,31>)>,
  <<|java+class:///org/lnicholls/galleon/apps/upcoming/Upcoming/UpcomingEventsMenuScreen|,|java+class:///org/lnicholls/galleon/widget/DefaultMenuScreen|>,|project://galleon-2.3.0/src/org/lnicholls/galleon/apps/upcoming/Upcoming.java|(7888,27,<423,3>,<423,30>)>,
  <<|java+class:///org/lnicholls/galleon/apps/playlists/Playlists/ImagesScreen|,|java+class:///org/lnicholls/galleon/widget/DefaultScreen|>,|project://galleon-2.3.0/src/org/lnicholls/galleon/apps/playlists/Playlists.java|(20985,27,<1339,3>,<1339,30>)>,
  <<|java+class:///org/lnicholls/galleon/gui/RulesPanel|,|java+class:///javax/swing/JPanel|>,|project://galleon-2.3.0/src/org/lnicholls/galleon/gui/RulesPanel.java|(3329,8,<100,2>,<100,10>)>,
  <<|java+class:///org/lnicholls/galleon/apps/menu/Menu/LocationMenuScreen|,|java+class:///org/lnicholls/galleon/widget/DefaultMenuScreen|>,|project://galleon-2.3.0/src/org/lnicholls/galleon/apps/menu/Menu.java|(2859,19,<157,3>,<157,22>)>,
  <<|java+class:///org/lnicholls/galleon/media/PlsPlaylist|,|java+class:///org/lnicholls/galleon/media/Playlist|>,|project://galleon-2.3.0/src/org/lnicholls/galleon/media/PlsPlaylist.java|(1913,12,<54,8>,<54,20>)>,
  <<|java+class:///org/lnicholls/galleon/apps/jukebox/Jukebox/JukeboxMenuScreen|,|java+class:///org/lnicholls/galleon/widget/DefaultMenuScreen|>,|project://galleon-2.3.0/src/org/lnicholls/galleon/apps/jukebox/Jukebox.java|(5120,22,<262,3>,<262,25>)>,
  <<|java+class:///org/lnicholls/galleon/widget/DefaultScreen|,|java+class:///com/tivo/hme/bananas/BScreen|>,|project://galleon-2.3.0/src/org/lnicholls/galleon/widget/DefaultScreen.java|(3197,11,<171,8>,<171,19>)>,
  <<|java+class:///org/lnicholls/galleon/apps/weather/WeatherOptionsPanel|,|java+class:///org/lnicholls/galleon/app/AppConfigurationPanel|>,|project://galleon-2.3.0/src/org/lnicholls/galleon/apps/weather/WeatherOptionsPanel.java|(1906,24,<95,8>,<95,32>)>,
  <<|java+class:///org/lnicholls/galleon/togo/DownloadThread|,|java+class:///java/lang/Thread|>,|project://galleon-2.3.0/src/org/lnicholls/galleon/togo/DownloadThread.java|(1433,24,<37,8>,<37,32>)>,
  <<|java+class:///org/lnicholls/galleon/apps/upcoming/Upcoming/UpcomingEventsScreen|,|java+class:///org/lnicholls/galleon/widget/DefaultScreen|>,|project://galleon-2.3.0/src/org/lnicholls/galleon/apps/upcoming/Upcoming.java|(11293,17,<629,3>,<629,20>)>,
  <<|java+class:///org/lnicholls/galleon/apps/music/Music/PlayerScreen|,|java+class:///org/lnicholls/galleon/widget/DefaultScreen|>,|project://galleon-2.3.0/src/org/lnicholls/galleon/apps/music/Music.java|(21751,17,<1290,3>,<1290,20>)>,
  <<|java+class:///org/lnicholls/galleon/gui/MainFrame/MusicPlayerDialog|,|java+class:///javax/swing/JDialog|>,|project://galleon-2.3.0/src/org/lnicholls/galleon/gui/MainFrame.java|(40916,35,<2295,3>,<2295,38>)>,
  <<|java+class:///org/lnicholls/galleon/apps/audioScrobbler/AudioScrobbler/AudioScrobblerScreen|,|java+class:///org/lnicholls/galleon/widget/DefaultScreen|>,|project://galleon-2.3.0/src/org/lnicholls/galleon/apps/audioScrobbler/AudioScrobbler.java|(3431,35,<169,12>,<169,47>)>,
  <<|java+class:///org/lnicholls/galleon/gui/DownloadManagerDialog/NameValueWrapper|,|java+class:///org/lnicholls/galleon/util/NameValue|>,|project://galleon-2.3.0/src/org/lnicholls/galleon/gui/DownloadManagerDialog.java|(4052,19,<209,3>,<209,22>)>,
  <<|java+class:///org/lnicholls/galleon/apps/jukebox/Jukebox/JukeboxScreen|,|java+class:///org/lnicholls/galleon/widget/DefaultScreen|>,|project://galleon-2.3.0/src/org/lnicholls/galleon/apps/jukebox/Jukebox.java|(11647,25,<642,3>,<642,28>)>,
  <<|java+class:///org/lnicholls/galleon/apps/internet/InternetConfiguration/SharedUrl|,|java+class:///org/lnicholls/galleon/util/SharedNameValue|>,|project://galleon-2.3.0/src/org/lnicholls/galleon/apps/internet/InternetConfiguration.java|(3158,47,<203,6>,<203,53>)>,
  <<|java+class:///org/lnicholls/galleon/apps/email/Email/EmailAccountMenuScreen|,|java+class:///org/lnicholls/galleon/widget/DefaultMenuScreen|>,|project://galleon-2.3.0/src/org/lnicholls/galleon/apps/email/Email.java|(10472,17,<517,12>,<517,29>)>,
  <<|java+class:///org/lnicholls/galleon/gui/RecordedPanel|,|java+class:///javax/swing/JPanel|>,|project://galleon-2.3.0/src/org/lnicholls/galleon/gui/RecordedPanel.java|(3285,8,<88,8>,<88,16>)>,
  <<|java+class:///org/lnicholls/galleon/apps/email/Email/EmailMenuScreen|,|java+class:///org/lnicholls/galleon/widget/DefaultMenuScreen|>,|project://galleon-2.3.0/src/org/lnicholls/galleon/apps/email/Email.java|(4444,20,<227,12>,<227,32>)>,
  <<|java+class:///org/lnicholls/galleon/widget/DefaultScreen/HintsView|,|java+class:///com/tivo/hme/bananas/BView|>,|project://galleon-2.3.0/src/org/lnicholls/galleon/widget/DefaultScreen.java|(1842,41,<95,12>,<95,53>)>,
  <<|java+class:///org/lnicholls/galleon/gui/MainFrame|,|java+class:///javax/swing/JFrame|>,|project://galleon-2.3.0/src/org/lnicholls/galleon/gui/MainFrame.java|(4337,28,<235,2>,<235,30>)>,
  <<|java+class:///org/lnicholls/galleon/gui/MainFrame/MenuAction|,|java+class:///javax/swing/AbstractAction|>,|project://galleon-2.3.0/src/org/lnicholls/galleon/gui/MainFrame.java|(17089,18,<1001,3>,<1001,21>)>,
  <<|java+class:///org/lnicholls/galleon/apps/podcasting/Podcasting/NowPlayingMenuScreen|,|java+class:///org/lnicholls/galleon/widget/DefaultMenuScreen|>,|project://galleon-2.3.0/src/org/lnicholls/galleon/apps/podcasting/Podcasting.java|(29124,26,<1605,3>,<1605,29>)>,
  <<|java+class:///org/lnicholls/galleon/apps/rss/RSS/RSSFeedMenuScreen|,|java+class:///org/lnicholls/galleon/widget/DefaultMenuScreen|>,|project://galleon-2.3.0/src/org/lnicholls/galleon/apps/rss/RSS.java|(13384,17,<655,3>,<655,20>)>,
  <<|java+class:///org/lnicholls/galleon/apps/videocasting/Videocasting/NowPlayingMenuScreen|,|java+class:///org/lnicholls/galleon/widget/DefaultMenuScreen|>,|project://galleon-2.3.0/src/org/lnicholls/galleon/apps/videocasting/Videocasting.java|(29451,26,<1605,3>,<1605,29>)>,
  <<|java+class:///org/lnicholls/galleon/apps/music/MusicOptionsPanel|,|java+class:///org/lnicholls/galleon/app/AppConfigurationPanel|>,|project://galleon-2.3.0/src/org/lnicholls/galleon/apps/music/MusicOptionsPanel.java|(1757,24,<85,8>,<85,32>)>,
  <<|java+class:///org/lnicholls/galleon/apps/internetSlideshows/InternetSlideshowsOptionsPanel/ImagesWrapper|,|java+class:///org/lnicholls/galleon/util/NameValue|>,|project://galleon-2.3.0/src/org/lnicholls/galleon/apps/internetSlideshows/InternetSlideshowsOptionsPanel.java|(1921,19,<93,3>,<93,22>)>,
  <<|java+class:///org/lnicholls/galleon/apps/photos/PhotosOptionsPanel/ImagesWrapper|,|java+class:///org/lnicholls/galleon/util/NameValue|>,|project://galleon-2.3.0/src/org/lnicholls/galleon/apps/photos/PhotosOptionsPanel.java|(1885,19,<93,3>,<93,22>)>,
  <<|java+class:///org/lnicholls/galleon/gui/OptionsTable|,|java+class:///javax/swing/JPanel|>,|project://galleon-2.3.0/src/org/lnicholls/galleon/gui/OptionsTable.java|(2227,8,<115,8>,<115,16>)>,
  <<|java+class:///org/lnicholls/galleon/apps/movies/Movies/ImagesScreen|,|java+class:///org/lnicholls/galleon/widget/DefaultScreen|>,|project://galleon-2.3.0/src/org/lnicholls/galleon/apps/movies/Movies.java|(24225,27,<1517,3>,<1517,30>)>,
  <<|java+class:///org/lnicholls/galleon/apps/musicOrganizer/MusicOrganizer/ImagesScreen|,|java+class:///org/lnicholls/galleon/widget/DefaultScreen|>,|project://galleon-2.3.0/src/org/lnicholls/galleon/apps/musicOrganizer/MusicOrganizer.java|(34099,27,<2111,3>,<2111,30>)>,
  <<|java+class:///org/lnicholls/galleon/apps/shoutcast/Shoutcast/MusicMenuScreen|,|java+class:///org/lnicholls/galleon/widget/DefaultMenuScreen|>,|project://galleon-2.3.0/src/org/lnicholls/galleon/apps/shoutcast/Shoutcast.java|(3968,20,<120,3>,<120,23>)>,
  <<|java+class:///org/lnicholls/galleon/app/AppConfigurationPanel|,|java+class:///javax/swing/JPanel|>,|project://galleon-2.3.0/src/org/lnicholls/galleon/app/AppConfigurationPanel.java|(1515,8,<85,2>,<85,10>)>,
  <<|java+class:///org/lnicholls/galleon/apps/email/Email/EmailScreen|,|java+class:///org/lnicholls/galleon/widget/DefaultScreen|>,|project://galleon-2.3.0/src/org/lnicholls/galleon/apps/email/Email.java|(14080,17,<709,12>,<709,29>)>,
  <<|java+class:///org/lnicholls/galleon/widget/OptionsButton|,|java+class:///com/tivo/hme/bananas/BButton|>,|project://galleon-2.3.0/src/org/lnicholls/galleon/widget/OptionsButton.java|(3361,44,<205,5>,<205,49>)>,
  <<|java+class:///org/lnicholls/galleon/apps/traffic/Traffic/LocationMenuScreen|,|java+class:///org/lnicholls/galleon/widget/DefaultMenuScreen|>,|project://galleon-2.3.0/src/org/lnicholls/galleon/apps/traffic/Traffic.java|(3521,22,<193,3>,<193,25>)>,
  <<|java+class:///org/lnicholls/galleon/apps/internet/Internet/FavoritesMenuScreen|,|java+class:///org/lnicholls/galleon/widget/DefaultMenuScreen|>,|project://galleon-2.3.0/src/org/lnicholls/galleon/apps/internet/Internet.java|(9690,23,<525,3>,<525,26>)>,
  <<|java+class:///org/lnicholls/galleon/apps/desktop/Desktop/DesktopScreen|,|java+class:///org/lnicholls/galleon/widget/DefaultScreen|>,|project://galleon-2.3.0/src/org/lnicholls/galleon/apps/desktop/Desktop.java|(2102,24,<119,3>,<119,27>)>,
  <<|java+class:///org/lnicholls/galleon/apps/internet/Internet/TagsMenuScreen|,|java+class:///org/lnicholls/galleon/widget/DefaultMenuScreen|>,|project://galleon-2.3.0/src/org/lnicholls/galleon/apps/internet/Internet.java|(19568,28,<1211,3>,<1211,31>)>,
  <<|java+class:///org/lnicholls/galleon/apps/iTunes/iTunes/ImagesScreen|,|java+class:///org/lnicholls/galleon/widget/DefaultScreen|>,|project://galleon-2.3.0/src/org/lnicholls/galleon/apps/iTunes/iTunes.java|(31200,27,<1925,3>,<1925,30>)>,
  <<|java+class:///org/lnicholls/galleon/apps/rss/RSS/RssMenuScreen|,|java+class:///org/lnicholls/galleon/widget/DefaultMenuScreen|>,|project://galleon-2.3.0/src/org/lnicholls/galleon/apps/rss/RSS.java|(3759,63,<132,3>,<134,43>)>,
  <<|java+class:///org/lnicholls/galleon/apps/podcasting/Podcasting/SubscribedMenuScreen|,|java+class:///org/lnicholls/galleon/widget/DefaultMenuScreen|>,|project://galleon-2.3.0/src/org/lnicholls/galleon/apps/podcasting/Podcasting.java|(34471,28,<1919,3>,<1919,31>)>,
  <<|java+class:///org/lnicholls/galleon/gui/TiVoPanel|,|java+class:///javax/swing/JPanel|>,|project://galleon-2.3.0/src/org/lnicholls/galleon/gui/TiVoPanel.java|(3277,8,<89,8>,<89,16>)>,
  <<|java+class:///org/lnicholls/galleon/apps/music/Music/PathScreen|,|java+class:///org/lnicholls/galleon/widget/DefaultMenuScreen|>,|project://galleon-2.3.0/src/org/lnicholls/galleon/apps/music/Music.java|(9902,20,<543,3>,<543,23>)>,
  <<|java+class:///org/lnicholls/galleon/data/DataUpdateThread|,|java+class:///java/lang/Thread|>,|project://galleon-2.3.0/src/org/lnicholls/galleon/data/DataUpdateThread.java|(1390,26,<69,8>,<69,34>)>,
  <<|java+class:///org/lnicholls/galleon/apps/shoutcast/Shoutcast/MusicScreen|,|java+class:///org/lnicholls/galleon/widget/DefaultScreen|>,|project://galleon-2.3.0/src/org/lnicholls/galleon/apps/shoutcast/Shoutcast.java|(15528,25,<750,3>,<750,28>)>,
  <<|java+class:///org/lnicholls/galleon/gui/MainFrame/ServerDialog/NameValueWrapper|,|java+class:///org/lnicholls/galleon/util/NameValue|>,|project://galleon-2.3.0/src/org/lnicholls/galleon/gui/MainFrame.java|(26228,19,<1529,4>,<1529,23>)>,
  <<|java+class:///org/lnicholls/galleon/apps/jukebox/JukeboxOptionsPanel|,|java+class:///org/lnicholls/galleon/app/AppConfigurationPanel|>,|project://galleon-2.3.0/src/org/lnicholls/galleon/apps/jukebox/JukeboxOptionsPanel.java|(1594,24,<77,2>,<77,26>)>,
  <<|java+class:///org/lnicholls/galleon/apps/videocasting/Videocasting/SubscribedMenuScreen|,|java+class:///org/lnicholls/galleon/widget/DefaultMenuScreen|>,|project://galleon-2.3.0/src/org/lnicholls/galleon/apps/videocasting/Videocasting.java|(34581,28,<1901,3>,<1901,31>)>,
  <<|java+class:///org/lnicholls/galleon/apps/podcasting/Podcasting/PodcastItemScreen|,|java+class:///org/lnicholls/galleon/widget/DefaultScreen|>,|project://galleon-2.3.0/src/org/lnicholls/galleon/apps/podcasting/Podcasting.java|(65544,21,<3844,3>,<3844,24>)>,
  <<|java+class:///org/lnicholls/galleon/gui/MainFrame/GoBackDialog|,|java+class:///javax/swing/JDialog|>,|project://galleon-2.3.0/src/org/lnicholls/galleon/gui/MainFrame.java|(55595,29,<3095,3>,<3095,32>)>,
  <<|java+class:///org/lnicholls/galleon/apps/rss/RSS/RSSScreen|,|java+class:///org/lnicholls/galleon/widget/DefaultScreen|>,|project://galleon-2.3.0/src/org/lnicholls/galleon/apps/rss/RSS.java|(15255,17,<761,3>,<761,20>)>,
  <<|java+class:///org/lnicholls/galleon/apps/traffic/Traffic/TrafficMenuScreen|,|java+class:///org/lnicholls/galleon/widget/DefaultMenuScreen|>,|project://galleon-2.3.0/src/org/lnicholls/galleon/apps/traffic/Traffic.java|(5708,22,<319,3>,<319,25>)>,
  <<|java+class:///org/lnicholls/galleon/gui/RulesPanel/CustomTableCellRender|,|java+class:///javax/swing/table/DefaultTableCellRenderer|>,|project://galleon-2.3.0/src/org/lnicholls/galleon/gui/RulesPanel.java|(18360,8,<583,3>,<583,11>)>,
  <<|java+class:///org/lnicholls/galleon/apps/email/Email/OptionsScreen|,|java+class:///org/lnicholls/galleon/widget/DefaultOptionsScreen|>,|project://galleon-2.3.0/src/org/lnicholls/galleon/apps/email/Email.java|(7149,11,<359,3>,<359,14>)>,
  <<|java+class:///org/lnicholls/galleon/apps/upcoming/Upcoming/UpcomingMenuScreen|,|java+class:///org/lnicholls/galleon/widget/DefaultMenuScreen|>,|project://galleon-2.3.0/src/org/lnicholls/galleon/apps/upcoming/Upcoming.java|(3250,23,<177,3>,<177,26>)>,
  <<|java+class:///org/lnicholls/galleon/apps/internet/Internet/TagMenuScreen|,|java+class:///org/lnicholls/galleon/widget/DefaultMenuScreen|>,|project://galleon-2.3.0/src/org/lnicholls/galleon/apps/internet/Internet.java|(24291,27,<1457,3>,<1457,30>)>,
  <<|java+class:///org/lnicholls/galleon/apps/videocasting/Videocasting/VideocastMenuScreen|,|java+class:///org/lnicholls/galleon/widget/DefaultMenuScreen|>,|project://galleon-2.3.0/src/org/lnicholls/galleon/apps/videocasting/Videocasting.java|(61174,15,<3529,3>,<3529,18>)>,
  <<|java+class:///org/lnicholls/galleon/widget/MusicInfo|,|java+class:///com/tivo/hme/bananas/BView|>,|project://galleon-2.3.0/src/org/lnicholls/galleon/widget/MusicInfo.java|(2065,44,<101,8>,<101,52>)>,
  <<|java+class:///org/lnicholls/galleon/apps/jabber/Jabber/JabberChatScreen|,|java+class:///org/lnicholls/galleon/widget/DefaultScreen|>,|project://galleon-2.3.0/src/org/lnicholls/galleon/apps/jabber/Jabber.java|(6887,18,<288,3>,<288,21>)>,
  <<|java+class:///org/lnicholls/galleon/winamp/TextControl|,|java+class:///com/tivo/hme/sdk/View|>,|project://galleon-2.3.0/src/org/lnicholls/galleon/winamp/TextControl.java|(1115,35,<27,8>,<27,43>)>,
  <<|java+class:///org/lnicholls/galleon/widget/ScrollText|,|java+class:///com/tivo/hme/bananas/BView|>,|project://galleon-2.3.0/src/org/lnicholls/galleon/widget/ScrollText.java|(5207,44,<311,8>,<311,52>)>,
  <<|java+class:///org/lnicholls/galleon/widget/DefaultOptionList|,|java+class:///com/tivo/hme/bananas/BList|>,|project://galleon-2.3.0/src/org/lnicholls/galleon/widget/DefaultOptionList.java|(1127,46,<49,8>,<49,54>)>,
  <<|java+class:///org/lnicholls/galleon/apps/videocasting/Videocasting/VideocastScreen|,|java+class:///org/lnicholls/galleon/widget/DefaultScreen|>,|project://galleon-2.3.0/src/org/lnicholls/galleon/apps/videocasting/Videocasting.java|(49341,21,<2783,3>,<2783,24>)>,
  <<|java+class:///org/lnicholls/galleon/apps/playlists/Playlists/PlayerScreen|,|java+class:///org/lnicholls/galleon/widget/DefaultScreen|>,|project://galleon-2.3.0/src/org/lnicholls/galleon/apps/playlists/Playlists.java|(12654,17,<774,3>,<774,20>)>,
  <<|java+class:///org/lnicholls/galleon/apps/weather/Weather/CurrentConditionsScreen|,|java+class:///com/tivo/hme/bananas/BView|>,|project://galleon-2.3.0/src/org/lnicholls/galleon/apps/weather/Weather.java|(12689,59,<703,9>,<703,68>)>,
  <<|java+class:///org/lnicholls/galleon/gui/RecordedPanel/CustomTableCellRender|,|java+class:///javax/swing/table/DefaultTableCellRenderer|>,|project://galleon-2.3.0/src/org/lnicholls/galleon/gui/RecordedPanel.java|(17541,8,<441,12>,<441,20>)>,
  <<|java+class:///org/lnicholls/galleon/apps/shoutcast/ShoutcastOptionsPanel|,|java+class:///org/lnicholls/galleon/app/AppConfigurationPanel|>,|project://galleon-2.3.0/src/org/lnicholls/galleon/apps/shoutcast/ShoutcastOptionsPanel.java|(1995,24,<69,2>,<69,26>)>,
  <<|java+class:///org/lnicholls/galleon/media/Mp3Url/URLStream|,|java+class:///java/io/FilterInputStream|>,|project://galleon-2.3.0/src/org/lnicholls/galleon/media/Mp3Url.java|(6428,10,<289,12>,<289,22>)>,
  <<|java+class:///org/lnicholls/galleon/apps/podcasting/Podcasting/PodcastingMenuScreen|,|java+class:///org/lnicholls/galleon/widget/DefaultMenuScreen|>,|project://galleon-2.3.0/src/org/lnicholls/galleon/apps/podcasting/Podcasting.java|(26428,25,<1435,3>,<1435,28>)>,
  <<|java+class:///org/lnicholls/galleon/util/WindowsNetworkInfo|,|java+class:///org/lnicholls/galleon/util/NetInfo|>,|project://galleon-2.3.0/src/org/lnicholls/galleon/util/WindowsNetworkInfo.java|(575,15,<21,5>,<21,20>)>,
  <<|java+class:///org/lnicholls/galleon/apps/internet/Internet/ImageScreen|,|java+class:///org/lnicholls/galleon/widget/DefaultScreen|>,|project://galleon-2.3.0/src/org/lnicholls/galleon/apps/internet/Internet.java|(15398,30,<873,3>,<873,33>)>,
  <<|java+class:///org/lnicholls/galleon/gui/MainFrame/NetworkDialog|,|java+class:///javax/swing/JDialog|>,|project://galleon-2.3.0/src/org/lnicholls/galleon/gui/MainFrame.java|(49321,44,<2699,3>,<2699,47>)>,
  <<|java+class:///org/lnicholls/galleon/goback/BroadcastThread|,|java+class:///java/lang/Thread|>,|project://galleon-2.3.0/src/org/lnicholls/galleon/goback/BroadcastThread.java|(2909,25,<54,8>,<54,33>)>,
  <<|java+class:///org/lnicholls/galleon/util/FileSystemContainer/FolderItem|,|java+class:///org/lnicholls/galleon/util/FileSystemContainer/FileItem|>,|project://galleon-2.3.0/src/org/lnicholls/galleon/util/FileSystemContainer.java|(5143,18,<168,12>,<168,30>)>,
  <<|java+class:///org/lnicholls/galleon/apps/rss/RSS/FavoritesMenuScreen|,|java+class:///org/lnicholls/galleon/widget/DefaultMenuScreen|>,|project://galleon-2.3.0/src/org/lnicholls/galleon/apps/rss/RSS.java|(7746,18,<355,3>,<355,21>)>,
  <<|java+class:///org/lnicholls/galleon/apps/iTunes/PlaylistParser/TrackParser|,|java+class:///org/xml/sax/helpers/DefaultHandler|>,|project://galleon-2.3.0/src/org/lnicholls/galleon/apps/iTunes/PlaylistParser.java|(5439,8,<265,6>,<265,14>)>,
  <<|java+class:///org/lnicholls/galleon/apps/upcoming/Upcoming/UpcomingVenuesLocationsMenuScreen|,|java+class:///org/lnicholls/galleon/widget/DefaultMenuScreen|>,|project://galleon-2.3.0/src/org/lnicholls/galleon/apps/upcoming/Upcoming.java|(17432,21,<995,3>,<995,24>)>,
  <<|java+class:///org/lnicholls/galleon/gui/RulesPanel/ReloadWrapper|,|java+class:///org/lnicholls/galleon/util/NameValue|>,|project://galleon-2.3.0/src/org/lnicholls/galleon/gui/RulesPanel.java|(3185,19,<91,3>,<91,22>)>,
  <<|java+class:///org/lnicholls/galleon/apps/upcoming/Upcoming/UpcomingVenuesMenuScreen|,|java+class:///org/lnicholls/galleon/widget/DefaultMenuScreen|>,|project://galleon-2.3.0/src/org/lnicholls/galleon/apps/upcoming/Upcoming.java|(19208,27,<1103,3>,<1103,30>)>,
  <<|java+class:///org/lnicholls/galleon/goback/ConnectionThread|,|java+class:///java/lang/Thread|>,|project://galleon-2.3.0/src/org/lnicholls/galleon/goback/ConnectionThread.java|(3019,26,<55,8>,<55,34>)>,
  <<|java+class:///org/lnicholls/galleon/apps/weather/Weather/WeatherMenuScreen|,|java+class:///org/lnicholls/galleon/widget/DefaultMenuScreen|>,|project://galleon-2.3.0/src/org/lnicholls/galleon/apps/weather/Weather.java|(3331,22,<193,12>,<193,34>)>,
  <<|java+class:///org/lnicholls/galleon/widget/Skin|,|java+class:///com/tivo/hme/bananas/BSkin|>,|project://galleon-2.3.0/src/org/lnicholls/galleon/widget/Skin.java|(1026,11,<49,8>,<49,19>)>,
  <<|java+class:///org/lnicholls/galleon/gui/TiVoPanel/CustomTableCellRender|,|java+class:///javax/swing/table/DefaultTableCellRenderer|>,|project://galleon-2.3.0/src/org/lnicholls/galleon/gui/TiVoPanel.java|(17316,8,<471,12>,<471,20>)>,
  <<|java+class:///org/lnicholls/galleon/media/MediaRefreshThread|,|java+class:///java/lang/Thread|>,|project://galleon-2.3.0/src/org/lnicholls/galleon/media/MediaRefreshThread.java|(1602,28,<79,8>,<79,36>)>,
  <<|java+class:///org/lnicholls/galleon/gui/DownloadedPanel|,|java+class:///javax/swing/JPanel|>,|project://galleon-2.3.0/src/org/lnicholls/galleon/gui/DownloadedPanel.java|(3234,8,<90,8>,<90,16>)>,
  <<|java+class:///org/lnicholls/galleon/apps/upcoming/Upcoming/UpcomingVenuesScreen|,|java+class:///org/lnicholls/galleon/widget/DefaultScreen|>,|project://galleon-2.3.0/src/org/lnicholls/galleon/apps/upcoming/Upcoming.java|(22013,17,<1291,3>,<1291,20>)>,
  <<|java+class:///org/lnicholls/galleon/apps/togo/ToGo/OptionsScreen|,|java+class:///org/lnicholls/galleon/widget/DefaultOptionsScreen|>,|project://galleon-2.3.0/src/org/lnicholls/galleon/apps/togo/ToGo.java|(3669,11,<213,3>,<213,14>)>,
  <<|java+class:///org/lnicholls/galleon/apps/internet/Internet/InternetMenuScreen|,|java+class:///org/lnicholls/galleon/widget/DefaultMenuScreen|>,|project://galleon-2.3.0/src/org/lnicholls/galleon/apps/internet/Internet.java|(4440,23,<225,3>,<225,26>)>,
  <<|java+class:///org/lnicholls/galleon/apps/weather/Weather/NationalRadarScreen|,|java+class:///com/tivo/hme/bananas/BView|>,|project://galleon-2.3.0/src/org/lnicholls/galleon/apps/weather/Weather.java|(27225,59,<1367,9>,<1367,68>)>,
  <<|java+class:///org/lnicholls/galleon/apps/menu/Menu/OptionsScreen|,|java+class:///org/lnicholls/galleon/widget/DefaultOptionsScreen|>,|project://galleon-2.3.0/src/org/lnicholls/galleon/apps/menu/Menu.java|(8736,11,<477,3>,<477,14>)>,
  <<|java+class:///org/lnicholls/galleon/apps/photos/Photos/PhotosMenuScreen|,|java+class:///org/lnicholls/galleon/widget/DefaultMenuScreen|>,|project://galleon-2.3.0/src/org/lnicholls/galleon/apps/photos/Photos.java|(5514,21,<203,3>,<203,24>)>,
  <<|java+class:///org/lnicholls/galleon/apps/internetSlideshows/InternetSlideshows/PhotosMenuScreen|,|java+class:///org/lnicholls/galleon/widget/DefaultMenuScreen|>,|project://galleon-2.3.0/src/org/lnicholls/galleon/apps/internetSlideshows/InternetSlideshows.java|(11476,34,<567,3>,<567,37>)>,
  <<|java+class:///org/lnicholls/galleon/apps/videocasting/Videocasting/OptionsScreen|,|java+class:///org/lnicholls/galleon/widget/DefaultOptionsScreen|>,|project://galleon-2.3.0/src/org/lnicholls/galleon/apps/videocasting/Videocasting.java|(25018,11,<1355,3>,<1355,14>)>,
  <<|java+class:///org/lnicholls/galleon/winamp/ImageControl|,|java+class:///com/tivo/hme/sdk/View|>,|project://galleon-2.3.0/src/org/lnicholls/galleon/winamp/ImageControl.java|(1071,35,<26,8>,<26,43>)>,
  <<|java+class:///org/lnicholls/galleon/winamp/PositionControl|,|java+class:///com/tivo/hme/sdk/View|>,|project://galleon-2.3.0/src/org/lnicholls/galleon/winamp/PositionControl.java|(1141,35,<28,8>,<28,43>)>,
  <<|java+class:///org/lnicholls/galleon/apps/internetSlideshows/InternetSlideshows/OptionsScreen|,|java+class:///org/lnicholls/galleon/widget/DefaultOptionsScreen|>,|project://galleon-2.3.0/src/org/lnicholls/galleon/apps/internetSlideshows/InternetSlideshows.java|(6308,11,<319,3>,<319,14>)>,
  <<|java+class:///org/lnicholls/galleon/apps/podcasting/Podcasting/OptionsScreen|,|java+class:///org/lnicholls/galleon/widget/DefaultOptionsScreen|>,|project://galleon-2.3.0/src/org/lnicholls/galleon/apps/podcasting/Podcasting.java|(24377,11,<1331,3>,<1331,14>)>,
  <<|java+class:///org/lnicholls/galleon/apps/internet/Internet/OptionsScreen|,|java+class:///org/lnicholls/galleon/widget/DefaultOptionsScreen|>,|project://galleon-2.3.0/src/org/lnicholls/galleon/apps/internet/Internet.java|(6613,11,<373,3>,<373,14>)>,
  <<|java+class:///org/lnicholls/galleon/apps/photos/Photos/OptionsScreen|,|java+class:///org/lnicholls/galleon/widget/DefaultOptionsScreen|>,|project://galleon-2.3.0/src/org/lnicholls/galleon/apps/photos/Photos.java|(12426,11,<601,3>,<601,14>)>,
  <<|java+class:///org/lnicholls/galleon/apps/podcasting/Podcasting/PlayerScreen|,|java+class:///org/lnicholls/galleon/widget/DefaultScreen|>,|project://galleon-2.3.0/src/org/lnicholls/galleon/apps/podcasting/Podcasting.java|(85407,17,<5026,3>,<5026,20>)>,
  <<|java+class:///org/lnicholls/galleon/apps/videocasting/Videocasting/PlayerScreen|,|java+class:///org/lnicholls/galleon/widget/DefaultScreen|>,|project://galleon-2.3.0/src/org/lnicholls/galleon/apps/videocasting/Videocasting.java|(83765,17,<4845,3>,<4845,20>)>,
  <<|java+class:///org/lnicholls/galleon/apps/playlists/Playlists/PathScreen|,|java+class:///org/lnicholls/galleon/widget/DefaultMenuScreen|>,|project://galleon-2.3.0/src/org/lnicholls/galleon/apps/playlists/Playlists.java|(4277,24,<215,3>,<215,27>)>,
  <<|java+class:///org/lnicholls/galleon/apps/iTunes/iTunes/PlayerScreen|,|java+class:///org/lnicholls/galleon/widget/DefaultScreen|>,|project://galleon-2.3.0/src/org/lnicholls/galleon/apps/iTunes/iTunes.java|(22311,17,<1338,3>,<1338,20>)>,
  <<|java+class:///org/lnicholls/galleon/apps/photos/Photos/PhotosScreen|,|java+class:///org/lnicholls/galleon/widget/DefaultScreen|>,|project://galleon-2.3.0/src/org/lnicholls/galleon/apps/photos/Photos.java|(23438,17,<1169,3>,<1169,20>)>,
  <<|java+class:///org/lnicholls/galleon/apps/musicOrganizer/MusicOrganizer/PlayerScreen|,|java+class:///org/lnicholls/galleon/widget/DefaultScreen|>,|project://galleon-2.3.0/src/org/lnicholls/galleon/apps/musicOrganizer/MusicOrganizer.java|(25708,17,<1541,3>,<1541,20>)>,
  <<|java+class:///org/lnicholls/galleon/server/ServerControlImpl|,|java+class:///java/rmi/server/UnicastRemoteObject|>,|project://galleon-2.3.0/src/org/lnicholls/galleon/server/ServerControlImpl.java|(1486,8,<71,2>,<71,10>)>,
  <<|java+class:///org/lnicholls/galleon/apps/rss/RSS/TagMenuScreen|,|java+class:///org/lnicholls/galleon/widget/DefaultMenuScreen|>,|project://galleon-2.3.0/src/org/lnicholls/galleon/apps/rss/RSS.java|(21635,22,<1122,3>,<1122,25>)>,
  <<|java+class:///org/lnicholls/galleon/gui/AppTree|,|java+class:///javax/swing/JTree|>,|project://galleon-2.3.0/src/org/lnicholls/galleon/gui/AppTree.java|(1532,13,<75,8>,<75,21>)>,
  <<|java+class:///org/lnicholls/galleon/util/ReloadTask|,|java+class:///java/util/TimerTask|>,|project://galleon-2.3.0/src/org/lnicholls/galleon/util/ReloadTask.java|(1315,8,<65,8>,<65,16>)>,
  <<|java+class:///org/lnicholls/galleon/apps/togo/ToGo/ToGoMenuScreen|,|java+class:///org/lnicholls/galleon/widget/DefaultMenuScreen|>,|project://galleon-2.3.0/src/org/lnicholls/galleon/apps/togo/ToGo.java|(6444,31,<357,3>,<357,34>)>,
  <<|java+class:///org/lnicholls/galleon/apps/shoutcast/Shoutcast/LyricsScreen|,|java+class:///org/lnicholls/galleon/widget/DefaultScreen|>,|project://galleon-2.3.0/src/org/lnicholls/galleon/apps/shoutcast/Shoutcast.java|(22101,28,<1179,3>,<1179,31>)>,
  <<|java+class:///org/lnicholls/galleon/util/FileSystemContainer/PlaylistItem|,|java+class:///org/lnicholls/galleon/util/FileSystemContainer/Item|>,|project://galleon-2.3.0/src/org/lnicholls/galleon/util/FileSystemContainer.java|(5417,18,<181,12>,<181,30>)>,
  <<|java+class:///org/lnicholls/galleon/widget/DefaultMenuScreen/MenuList|,|java+class:///org/lnicholls/galleon/widget/DefaultList|>,|project://galleon-2.3.0/src/org/lnicholls/galleon/widget/DefaultMenuScreen.java|(4077,69,<245,3>,<245,72>)>,
  <<|java+class:///org/lnicholls/galleon/gui/Galleon/SplashWindow|,|java+class:///javax/swing/JWindow|>,|project://galleon-2.3.0/src/org/lnicholls/galleon/gui/Galleon.java|(3229,20,<89,3>,<89,23>)>,
  <<|java+class:///org/lnicholls/galleon/widget/DefaultApplication/PinScreen|,|java+class:///org/lnicholls/galleon/widget/DefaultScreen|>,|project://galleon-2.3.0/src/org/lnicholls/galleon/widget/DefaultApplication.java|(36841,22,<2150,3>,<2150,25>)>,
  <<|java+class:///org/lnicholls/galleon/apps/jabber/Jabber/JabberMenuScreen|,|java+class:///org/lnicholls/galleon/widget/DefaultMenuScreen|>,|project://galleon-2.3.0/src/org/lnicholls/galleon/apps/jabber/Jabber.java|(3682,21,<118,3>,<118,24>)>,
  <<|java+class:///org/lnicholls/galleon/apps/togo/ToGo/ToGoScreen|,|java+class:///org/lnicholls/galleon/widget/DefaultScreen|>,|project://galleon-2.3.0/src/org/lnicholls/galleon/apps/togo/ToGo.java|(14651,28,<806,3>,<806,31>)>,
  <<|java+class:///org/lnicholls/galleon/apps/upcoming/Upcoming/UpcomingSearchScreen|,|java+class:///org/lnicholls/galleon/widget/DefaultScreen|>,|project://galleon-2.3.0/src/org/lnicholls/galleon/apps/upcoming/Upcoming.java|(25321,18,<1515,3>,<1515,21>)>,
  <<|java+class:///org/lnicholls/galleon/apps/podcasting/Podcasting/PodcastMenuScreen|,|java+class:///org/lnicholls/galleon/widget/DefaultMenuScreen|>,|project://galleon-2.3.0/src/org/lnicholls/galleon/apps/podcasting/Podcasting.java|(61642,15,<3608,3>,<3608,18>)>,
  <<|java+class:///org/lnicholls/galleon/apps/email/EmailOptionsPanel|,|java+class:///org/lnicholls/galleon/app/AppConfigurationPanel|>,|project://galleon-2.3.0/src/org/lnicholls/galleon/apps/email/EmailOptionsPanel.java|(1935,24,<93,8>,<93,32>)>,
  <<|java+class:///org/lnicholls/galleon/apps/musicOrganizer/MusicOrganizer/PathScreen|,|java+class:///org/lnicholls/galleon/widget/DefaultMenuScreen|>,|project://galleon-2.3.0/src/org/lnicholls/galleon/apps/musicOrganizer/MusicOrganizer.java|(10978,20,<603,3>,<603,23>)>,
  <<|java+class:///org/lnicholls/galleon/apps/photos/Photos/PathScreen|,|java+class:///org/lnicholls/galleon/widget/DefaultScreen|>,|project://galleon-2.3.0/src/org/lnicholls/galleon/apps/photos/Photos.java|(17634,11,<821,3>,<821,14>)>,
  <<|java+class:///org/lnicholls/galleon/apps/desktop/DesktopOptionsPanel|,|java+class:///org/lnicholls/galleon/app/AppConfigurationPanel|>,|project://galleon-2.3.0/src/org/lnicholls/galleon/apps/desktop/DesktopOptionsPanel.java|(1731,24,<85,8>,<85,32>)>,
  <<|java+class:///org/lnicholls/galleon/apps/iTunes/iTunes/PathScreen|,|java+class:///org/lnicholls/galleon/widget/DefaultMenuScreen|>,|project://galleon-2.3.0/src/org/lnicholls/galleon/apps/iTunes/iTunes.java|(12889,20,<713,3>,<713,23>)>
]