[
  <<|java+class:///org/exolab/castor/xml/schema/reader/FieldOrSelectorUnmarshaller|,|java+class:///org/exolab/castor/xml/schema/reader/ComponentReader|>,|project://castor-1.3.3_xml-schema/src/main/java/org/exolab/castor/xml/schema/reader/FieldOrSelectorUnmarshaller.java|(4009,21,<108,8>,<108,29>)>,
  <<|java+class:///org/exolab/castor/xml/schema/reader/AttributeUnmarshaller|,|java+class:///org/exolab/castor/xml/schema/reader/ComponentReader|>,|project://castor-1.3.3_xml-schema/src/main/java/org/exolab/castor/xml/schema/reader/AttributeUnmarshaller.java|(3690,21,<102,8>,<102,29>)>,
  <<|java+class:///org/exolab/castor/xml/schema/annotations/jdo/descriptors/OneToOneDescriptor|,|java+class:///org/exolab/castor/xml/schema/annotations/jdo/descriptors/ReadonlyDirtyTypeDescriptor|>,|project://castor-1.3.3_xml-schema/target/generated-sources/castor/org/exolab/castor/xml/schema/annotations/jdo/descriptors/OneToOneDescriptor.java|(1241,8,<59,8>,<59,16>)>,
  <<|java+class:///org/exolab/castor/xml/schema/reader/ElementUnmarshaller|,|java+class:///org/exolab/castor/xml/schema/reader/ComponentReader|>,|project://castor-1.3.3_xml-schema/src/main/java/org/exolab/castor/xml/schema/reader/ElementUnmarshaller.java|(4488,21,<120,8>,<120,29>)>,
  <<|java+class:///org/exolab/castor/xml/schema/Group|,|java+class:///org/exolab/castor/xml/schema/Particle|>,|project://castor-1.3.3_xml-schema/src/main/java/org/exolab/castor/xml/schema/Group.java|(3575,8,<104,8>,<104,16>)>,
  <<|java+class:///org/exolab/castor/xml/schema/Key|,|java+class:///org/exolab/castor/xml/schema/IdentityConstraint|>,|project://castor-1.3.3_xml-schema/src/main/java/org/exolab/castor/xml/schema/Key.java|(2730,12,<68,8>,<68,20>)>,
  <<|java+class:///org/exolab/castor/xml/schema/annotations/jdo/descriptors/OneToManyDescriptor|,|java+class:///org/exolab/castor/xml/schema/annotations/jdo/descriptors/ReadonlyDirtyTypeDescriptor|>,|project://castor-1.3.3_xml-schema/target/generated-sources/castor/org/exolab/castor/xml/schema/annotations/jdo/descriptors/OneToManyDescriptor.java|(1245,8,<59,8>,<59,16>)>,
  <<|java+class:///org/exolab/castor/xml/schema/facets/MinExclusive|,|java+class:///org/exolab/castor/xml/schema/Facet|>,|project://castor-1.3.3_xml-schema/src/main/java/org/exolab/castor/xml/schema/facets/MinExclusive.java|(1907,34,<49,8>,<49,42>)>,
  <<|java+class:///org/exolab/castor/xml/schema/util/XMLInstance2SchemaHandler/StateInfo|,|java+project:///|>,|project://castor-1.3.3_xml-schema/src/main/java/org/exolab/castor/xml/schema/util/XMLInstance2SchemaHandler.java|(22825,8,<646,12>,<646,20>)>,
  <<|java+class:///org/exolab/castor/xml/schema/Particle|,|java+class:///org/exolab/castor/xml/schema/Annotated|>,|project://castor-1.3.3_xml-schema/src/main/java/org/exolab/castor/xml/schema/Particle.java|(3265,8,<90,8>,<90,16>)>,
  <<|java+class:///org/exolab/castor/xml/schema/reader/SchemaUnmarshaller|,|java+class:///org/exolab/castor/xml/schema/reader/ComponentReader|>,|project://castor-1.3.3_xml-schema/src/main/java/org/exolab/castor/xml/schema/reader/SchemaUnmarshaller.java|(8232,21,<227,8>,<227,29>)>,
  <<|java+class:///org/castor/xml/schema/writer/NamespaceTest|,|java+class:///org/castor/xml/schema/writer/AbstractSchemaTest|>,|project://castor-1.3.3_xml-schema/src/test/java/org/castor/xml/schema/writer/NamespaceTest.java|(877,16,<25,8>,<25,24>)>,
  <<|java+class:///org/exolab/castor/xml/schema/reader/ExtensionUnmarshaller|,|java+class:///org/exolab/castor/xml/schema/reader/ComponentReader|>,|project://castor-1.3.3_xml-schema/src/main/java/org/exolab/castor/xml/schema/reader/ExtensionUnmarshaller.java|(4432,21,<115,8>,<115,29>)>,
  <<|java+class:///org/exolab/castor/xml/schema/reader/GroupUnmarshaller|,|java+class:///org/exolab/castor/xml/schema/reader/ComponentReader|>,|project://castor-1.3.3_xml-schema/src/main/java/org/exolab/castor/xml/schema/reader/GroupUnmarshaller.java|(4756,21,<130,8>,<130,29>)>,
  <<|java+class:///org/exolab/castor/xml/dtd/parser/TokenMgrError|,|java+class:///java/lang/Error|>,|project://castor-1.3.3_xml-schema/src/main/java/org/exolab/castor/xml/dtd/parser/TokenMgrError.java|(6458,15,<180,6>,<180,21>)>,
  <<|java+class:///org/exolab/castor/xml/schema/reader/SimpleTypeRestrictionUnmarshaller|,|java+class:///org/exolab/castor/xml/schema/reader/ComponentReader|>,|project://castor-1.3.3_xml-schema/src/main/java/org/exolab/castor/xml/schema/reader/SimpleTypeRestrictionUnmarshaller.java|(4304,21,<113,8>,<113,29>)>,
  <<|java+class:///org/exolab/castor/xml/schema/reader/AttributeGroupUnmarshaller|,|java+class:///org/exolab/castor/xml/schema/reader/ComponentReader|>,|project://castor-1.3.3_xml-schema/src/main/java/org/exolab/castor/xml/schema/reader/AttributeGroupUnmarshaller.java|(4196,21,<110,8>,<110,29>)>,
  <<|java+class:///org/exolab/castor/xml/dtd/DTDException|,|java+class:///java/lang/Exception|>,|project://castor-1.3.3_xml-schema/src/main/java/org/exolab/castor/xml/dtd/DTDException.java|(3129,15,<75,8>,<75,23>)>,
  <<|java+class:///org/exolab/castor/xml/dtd/DTDException|,|java+class:///java/lang/Exception|>,|project://castor-1.3.3_xml-schema/src/main/java/org/exolab/castor/xml/dtd/DTDException.java|(2964,8,<68,8>,<68,16>)>,
  <<|java+class:///org/castor/xml/schema/writer/SimpleTypeTest|,|java+class:///org/castor/xml/schema/writer/AbstractSchemaTest|>,|project://castor-1.3.3_xml-schema/src/test/java/org/castor/xml/schema/writer/SimpleTypeTest.java|(1085,16,<33,8>,<33,24>)>,
  <<|java+class:///org/exolab/castor/xml/schema/annotations/jdo/OneToOne|,|java+class:///org/exolab/castor/xml/schema/annotations/jdo/ReadonlyDirtyType|>,|project://castor-1.3.3_xml-schema/target/generated-sources/castor/org/exolab/castor/xml/schema/annotations/jdo/OneToOne.java|(798,8,<39,8>,<39,16>)>,
  <<|java+class:///org/exolab/castor/xml/schema/DeferredSimpleType|,|java+class:///org/exolab/castor/xml/schema/SimpleType|>,|project://castor-1.3.3_xml-schema/src/main/java/org/exolab/castor/xml/schema/DeferredSimpleType.java|(3438,8,<92,8>,<92,16>)>,
  <<|java+class:///org/exolab/castor/xml/schema/DeferredSimpleType|,|java+class:///org/exolab/castor/xml/schema/SimpleType|>,|project://castor-1.3.3_xml-schema/src/main/java/org/exolab/castor/xml/schema/DeferredSimpleType.java|(3229,8,<83,8>,<83,16>)>,
  <<|java+class:///org/exolab/castor/xml/schema/reader/ImportUnmarshaller|,|java+class:///org/exolab/castor/xml/schema/reader/ComponentReader|>,|project://castor-1.3.3_xml-schema/src/main/java/org/exolab/castor/xml/schema/reader/ImportUnmarshaller.java|(3038,21,<73,8>,<73,29>)>,
  <<|java+class:///org/exolab/castor/xml/schema/reader/SimpleContentRestrictionUnmarshaller|,|java+class:///org/exolab/castor/xml/schema/reader/ComponentReader|>,|project://castor-1.3.3_xml-schema/src/main/java/org/exolab/castor/xml/schema/reader/SimpleContentRestrictionUnmarshaller.java|(4764,21,<121,8>,<121,29>)>,
  <<|java+class:///org/exolab/castor/xml/schema/reader/ComplexContentRestrictionUnmarshaller|,|java+class:///org/exolab/castor/xml/schema/reader/ComponentReader|>,|project://castor-1.3.3_xml-schema/src/main/java/org/exolab/castor/xml/schema/reader/ComplexContentRestrictionUnmarshaller.java|(4458,21,<113,8>,<113,29>)>,
  <<|java+class:///org/castor/xml/schema/writer/GroupTest|,|java+class:///org/castor/xml/schema/writer/AbstractSchemaTest|>,|project://castor-1.3.3_xml-schema/src/test/java/org/castor/xml/schema/writer/GroupTest.java|(526,16,<20,8>,<20,24>)>,
  <<|java+class:///org/exolab/castor/xml/schema/annotations/jdo/ReadonlyDirtyType|,|java+project:///|>,|project://castor-1.3.3_xml-schema/target/generated-sources/castor/org/exolab/castor/xml/schema/annotations/jdo/ReadonlyDirtyType.java|(1130,8,<53,8>,<53,16>)>,
  <<|java+class:///org/exolab/castor/xml/schema/AnyType|,|java+class:///org/exolab/castor/xml/schema/XMLType|>,|project://castor-1.3.3_xml-schema/src/main/java/org/exolab/castor/xml/schema/AnyType.java|(2949,8,<82,8>,<82,16>)>,
  <<|java+class:///org/exolab/castor/xml/schema/ElementDecl|,|java+class:///org/exolab/castor/xml/schema/Particle|>,|project://castor-1.3.3_xml-schema/src/main/java/org/exolab/castor/xml/schema/ElementDecl.java|(5750,8,<183,8>,<183,16>)>,
  <<|java+class:///org/exolab/castor/xml/schema/reader/Sax2ComponentReader|,|java+project:///|>,|project://castor-1.3.3_xml-schema/src/main/java/org/exolab/castor/xml/schema/reader/Sax2ComponentReader.java|(3460,8,<89,8>,<89,16>)>,
  <<|java+class:///org/exolab/castor/xml/schema/SimpleType|,|java+class:///org/exolab/castor/xml/schema/XMLType|>,|project://castor-1.3.3_xml-schema/src/main/java/org/exolab/castor/xml/schema/SimpleType.java|(3912,8,<114,8>,<114,16>)>,
  <<|java+class:///org/exolab/castor/xml/schema/SimpleContent|,|java+class:///org/exolab/castor/xml/schema/ContentType|>,|project://castor-1.3.3_xml-schema/src/main/java/org/exolab/castor/xml/schema/SimpleContent.java|(3100,26,<80,8>,<80,34>)>,
  <<|java+class:///org/exolab/castor/xml/schema/SimpleContent|,|java+class:///org/exolab/castor/xml/schema/ContentType|>,|project://castor-1.3.3_xml-schema/src/main/java/org/exolab/castor/xml/schema/SimpleContent.java|(3851,26,<105,8>,<105,34>)>,
  <<|java+class:///org/exolab/castor/xml/schema/SimpleContent|,|java+class:///org/exolab/castor/xml/schema/ContentType|>,|project://castor-1.3.3_xml-schema/src/main/java/org/exolab/castor/xml/schema/SimpleContent.java|(4244,26,<118,8>,<118,34>)>,
  <<|java+class:///org/exolab/castor/xml/schema/SimpleContent|,|java+class:///org/exolab/castor/xml/schema/ContentType|>,|project://castor-1.3.3_xml-schema/src/main/java/org/exolab/castor/xml/schema/SimpleContent.java|(3434,26,<91,8>,<91,34>)>,
  <<|java+class:///org/exolab/castor/xml/schema/annotations/solrj/Field|,|java+project:///|>,|project://castor-1.3.3_xml-schema/target/generated-sources/castor/org/exolab/castor/xml/schema/annotations/solrj/Field.java|(785,8,<38,8>,<38,16>)>,
  <<|java+class:///org/exolab/castor/xml/schema/reader/ComplexContentUnmarshaller|,|java+class:///org/exolab/castor/xml/schema/reader/ComponentReader|>,|project://castor-1.3.3_xml-schema/src/main/java/org/exolab/castor/xml/schema/reader/ComplexContentUnmarshaller.java|(3939,21,<103,8>,<103,29>)>,
  <<|java+class:///org/exolab/castor/xml/schema/annotations/jdo/Table|,|java+project:///|>,|project://castor-1.3.3_xml-schema/target/generated-sources/castor/org/exolab/castor/xml/schema/annotations/jdo/Table.java|(1355,8,<61,8>,<61,16>)>,
  <<|java+class:///org/exolab/castor/xml/schema/RedefineSchema|,|java+class:///org/exolab/castor/xml/schema/Annotated|>,|project://castor-1.3.3_xml-schema/src/main/java/org/exolab/castor/xml/schema/RedefineSchema.java|(3978,8,<115,2>,<115,10>)>,
  <<|java+class:///org/exolab/castor/xml/schema/RedefineSchema|,|java+class:///org/exolab/castor/xml/schema/Annotated|>,|project://castor-1.3.3_xml-schema/src/main/java/org/exolab/castor/xml/schema/RedefineSchema.java|(4184,8,<124,2>,<124,10>)>,
  <<|java+class:///org/exolab/castor/xml/schema/reader/SimpleContentUnmarshaller|,|java+class:///org/exolab/castor/xml/schema/reader/ComponentReader|>,|project://castor-1.3.3_xml-schema/src/main/java/org/exolab/castor/xml/schema/reader/SimpleContentUnmarshaller.java|(3901,21,<103,8>,<103,29>)>,
  <<|java+class:///org/exolab/castor/xml/schema/annotations/jdo/descriptors/ReadonlyDirtyTypeDescriptor|,|java+class:///org/exolab/castor/xml/util/XMLClassDescriptorImpl|>,|project://castor-1.3.3_xml-schema/target/generated-sources/castor/org/exolab/castor/xml/schema/annotations/jdo/descriptors/ReadonlyDirtyTypeDescriptor.java|(1242,8,<59,8>,<59,16>)>,
  <<|java+class:///org/exolab/castor/xml/schema/reader/IncludeUnmarshaller|,|java+class:///org/exolab/castor/xml/schema/reader/ComponentReader|>,|project://castor-1.3.3_xml-schema/src/main/java/org/exolab/castor/xml/schema/reader/IncludeUnmarshaller.java|(3524,21,<84,8>,<84,29>)>,
  <<|java+class:///org/exolab/castor/xml/schema/reader/SimpleTypeListUnmarshaller|,|java+class:///org/exolab/castor/xml/schema/reader/ComponentReader|>,|project://castor-1.3.3_xml-schema/src/main/java/org/exolab/castor/xml/schema/reader/SimpleTypeListUnmarshaller.java|(4170,21,<111,8>,<111,29>)>,
  <<|java+class:///org/exolab/castor/xml/schema/ComplexType|,|java+class:///org/exolab/castor/xml/schema/XMLType|>,|project://castor-1.3.3_xml-schema/src/main/java/org/exolab/castor/xml/schema/ComplexType.java|(5078,8,<151,8>,<151,16>)>,
  <<|java+class:///org/exolab/castor/xml/schema/reader/CharacterUnmarshaller|,|java+class:///org/exolab/castor/xml/schema/reader/ComponentReader|>,|project://castor-1.3.3_xml-schema/src/main/java/org/exolab/castor/xml/schema/reader/CharacterUnmarshaller.java|(2857,21,<68,8>,<68,29>)>,
  <<|java+class:///org/exolab/castor/xml/schema/Unique|,|java+class:///org/exolab/castor/xml/schema/IdentityConstraint|>,|project://castor-1.3.3_xml-schema/src/main/java/org/exolab/castor/xml/schema/Unique.java|(2744,12,<68,8>,<68,20>)>,
  <<|java+class:///org/exolab/castor/xml/schema/BlockList|,|java+project:///|>,|project://castor-1.3.3_xml-schema/src/main/java/org/exolab/castor/xml/schema/BlockList.java|(3778,8,<113,8>,<113,16>)>,
  <<|java+class:///org/exolab/castor/xml/schema/BlockList|,|java+project:///|>,|project://castor-1.3.3_xml-schema/src/main/java/org/exolab/castor/xml/schema/BlockList.java|(3385,8,<101,8>,<101,16>)>,
  <<|java+class:///org/exolab/castor/xml/schema/reader/SimpleTypeDefinition|,|java+project:///|>,|project://castor-1.3.3_xml-schema/src/main/java/org/exolab/castor/xml/schema/reader/SimpleTypeDefinition.java|(3012,8,<72,8>,<72,16>)>,
  <<|java+class:///org/exolab/castor/xml/schema/reader/ComplexTypeUnmarshaller|,|java+class:///org/exolab/castor/xml/schema/reader/ComponentReader|>,|project://castor-1.3.3_xml-schema/src/main/java/org/exolab/castor/xml/schema/reader/ComplexTypeUnmarshaller.java|(5523,21,<144,8>,<144,29>)>,
  <<|java+class:///org/exolab/castor/xml/schema/reader/UnknownUnmarshaller|,|java+class:///org/exolab/castor/xml/schema/reader/ComponentReader|>,|project://castor-1.3.3_xml-schema/src/main/java/org/exolab/castor/xml/schema/reader/UnknownUnmarshaller.java|(3019,21,<76,8>,<76,29>)>,
  <<|java+class:///org/exolab/castor/xml/schema/reader/SaxUnmarshaller|,|java+project:///|>,|project://castor-1.3.3_xml-schema/src/main/java/org/exolab/castor/xml/schema/reader/SaxUnmarshaller.java|(3124,8,<85,8>,<85,16>)>,
  <<|java+class:///org/exolab/castor/xml/schema/reader/SimpleTypeUnmarshaller|,|java+class:///org/exolab/castor/xml/schema/reader/ComponentReader|>,|project://castor-1.3.3_xml-schema/src/main/java/org/exolab/castor/xml/schema/reader/SimpleTypeUnmarshaller.java|(4101,21,<112,8>,<112,29>)>,
  <<|java+class:///org/exolab/castor/xml/schema/annotations/solrj/descriptors/FieldDescriptor|,|java+class:///org/exolab/castor/xml/util/XMLClassDescriptorImpl|>,|project://castor-1.3.3_xml-schema/target/generated-sources/castor/org/exolab/castor/xml/schema/annotations/solrj/descriptors/FieldDescriptor.java|(1198,8,<59,8>,<59,16>)>,
  <<|java+class:///org/exolab/castor/xml/schema/SimpleTypesFactoryException|,|java+class:///java/lang/RuntimeException|>,|project://castor-1.3.3_xml-schema/src/main/java/org/exolab/castor/xml/schema/SimpleTypesFactory.java|(24980,28,<586,8>,<586,36>)>,
  <<|java+class:///org/exolab/castor/xml/schema/SimpleTypesFactoryException|,|java+class:///java/lang/RuntimeException|>,|project://castor-1.3.3_xml-schema/src/main/java/org/exolab/castor/xml/schema/SimpleTypesFactory.java|(25370,15,<597,8>,<597,23>)>,
  <<|java+class:///org/exolab/castor/xml/schema/SimpleTypesFactoryException|,|java+class:///java/lang/RuntimeException|>,|project://castor-1.3.3_xml-schema/src/main/java/org/exolab/castor/xml/schema/SimpleTypesFactory.java|(24697,15,<576,8>,<576,23>)>,
  <<|java+class:///org/exolab/castor/xml/schema/annotations/jdo/descriptors/TableDescriptor|,|java+class:///org/exolab/castor/xml/util/XMLClassDescriptorImpl|>,|project://castor-1.3.3_xml-schema/target/generated-sources/castor/org/exolab/castor/xml/schema/annotations/jdo/descriptors/TableDescriptor.java|(1194,8,<59,8>,<59,16>)>,
  <<|java+class:///org/exolab/castor/xml/schema/AppInfoJpaNature|,|java+class:///org/castor/core/nature/BaseNature|>,|project://castor-1.3.3_xml-schema/src/main/java/org/exolab/castor/xml/schema/AppInfoJpaNature.java|(421,15,<19,8>,<19,23>)>,
  <<|java+class:///org/exolab/castor/xml/schema/facets/MinInclusive|,|java+class:///org/exolab/castor/xml/schema/Facet|>,|project://castor-1.3.3_xml-schema/src/main/java/org/exolab/castor/xml/schema/facets/MinInclusive.java|(1859,34,<49,8>,<49,42>)>,
  <<|java+class:///org/exolab/castor/xml/schema/facets/MaxExclusive|,|java+class:///org/exolab/castor/xml/schema/Facet|>,|project://castor-1.3.3_xml-schema/src/main/java/org/exolab/castor/xml/schema/facets/MaxExclusive.java|(1907,34,<49,8>,<49,42>)>,
  <<|java+class:///org/exolab/castor/xml/schema/KeyRef|,|java+class:///org/exolab/castor/xml/schema/IdentityConstraint|>,|project://castor-1.3.3_xml-schema/src/main/java/org/exolab/castor/xml/schema/KeyRef.java|(2956,12,<74,8>,<74,20>)>,
  <<|java+class:///org/exolab/castor/xml/schema/annotations/jdo/descriptors/PkTypeDescriptor|,|java+class:///org/exolab/castor/xml/util/XMLClassDescriptorImpl|>,|project://castor-1.3.3_xml-schema/target/generated-sources/castor/org/exolab/castor/xml/schema/annotations/jdo/descriptors/PkTypeDescriptor.java|(1198,8,<59,8>,<59,16>)>,
  <<|java+class:///org/exolab/castor/xml/schema/SchemaContextImpl|,|java+project:///|>,|project://castor-1.3.3_xml-schema/src/main/java/org/exolab/castor/xml/schema/SchemaContextImpl.java|(1140,8,<36,8>,<36,16>)>,
  <<|java+class:///org/exolab/castor/xml/schema/reader/RedefineUnmarshaller|,|java+class:///org/exolab/castor/xml/schema/reader/ComponentReader|>,|project://castor-1.3.3_xml-schema/src/main/java/org/exolab/castor/xml/schema/reader/RedefineUnmarshaller.java|(4424,21,<121,8>,<121,29>)>,
  <<|java+class:///org/exolab/castor/xml/schema/SchemaException|,|java+class:///org/exolab/castor/xml/XMLException|>,|project://castor-1.3.3_xml-schema/src/main/java/org/exolab/castor/xml/schema/SchemaException.java|(2661,8,<64,8>,<64,16>)>,
  <<|java+class:///org/exolab/castor/xml/schema/SchemaException|,|java+class:///org/exolab/castor/xml/XMLException|>,|project://castor-1.3.3_xml-schema/src/main/java/org/exolab/castor/xml/schema/SchemaException.java|(3138,17,<84,8>,<84,25>)>,
  <<|java+class:///org/exolab/castor/xml/schema/SchemaException|,|java+class:///org/exolab/castor/xml/XMLException|>,|project://castor-1.3.3_xml-schema/src/main/java/org/exolab/castor/xml/schema/SchemaException.java|(3473,26,<95,8>,<95,34>)>,
  <<|java+class:///org/exolab/castor/xml/schema/SchemaException|,|java+class:///org/exolab/castor/xml/XMLException|>,|project://castor-1.3.3_xml-schema/src/main/java/org/exolab/castor/xml/schema/SchemaException.java|(2888,15,<73,8>,<73,23>)>,
  <<|java+class:///org/exolab/castor/xml/schema/reader/ComponentReader|,|java+project:///|>,|project://castor-1.3.3_xml-schema/src/main/java/org/exolab/castor/xml/schema/reader/ComponentReader.java|(3203,8,<83,8>,<83,16>)>,
  <<|java+class:///org/exolab/castor/xml/schema/Union|,|java+class:///org/exolab/castor/xml/schema/SimpleType|>,|project://castor-1.3.3_xml-schema/src/main/java/org/exolab/castor/xml/schema/Union.java|(3133,8,<86,8>,<86,16>)>,
  <<|java+class:///org/exolab/castor/xml/schema/reader/AnnotationUnmarshaller|,|java+class:///org/exolab/castor/xml/schema/reader/ComponentReader|>,|project://castor-1.3.3_xml-schema/src/main/java/org/exolab/castor/xml/schema/reader/AnnotationUnmarshaller.java|(3642,21,<97,8>,<97,29>)>,
  <<|java+class:///org/exolab/castor/xml/schema/annotations/jdo/descriptors/ColumnDescriptor|,|java+class:///org/exolab/castor/xml/schema/annotations/jdo/descriptors/ReadonlyDirtyTypeDescriptor|>,|project://castor-1.3.3_xml-schema/target/generated-sources/castor/org/exolab/castor/xml/schema/annotations/jdo/descriptors/ColumnDescriptor.java|(1233,8,<59,8>,<59,16>)>,
  <<|java+class:///org/exolab/castor/xml/schema/AppInfo|,|java+class:///org/exolab/castor/xml/schema/AnnotationItem|>,|project://castor-1.3.3_xml-schema/src/main/java/org/exolab/castor/xml/schema/AppInfo.java|(3058,8,<81,8>,<81,16>)>,
  <<|java+class:///org/exolab/castor/xml/schema/reader/SchemaReader|,|java+project:///|>,|project://castor-1.3.3_xml-schema/src/main/java/org/exolab/castor/xml/schema/reader/SchemaReader.java|(6556,8,<209,8>,<209,16>)>,
  <<|java+class:///org/exolab/castor/xml/schema/ModelGroup|,|java+class:///org/exolab/castor/xml/schema/Group|>,|project://castor-1.3.3_xml-schema/src/main/java/org/exolab/castor/xml/schema/ModelGroup.java|(3568,12,<106,8>,<106,20>)>,
  <<|java+class:///org/castor/xml/schema/writer/ComplexTypeTest|,|java+class:///org/castor/xml/schema/writer/AbstractSchemaTest|>,|project://castor-1.3.3_xml-schema/src/test/java/org/castor/xml/schema/writer/ComplexTypeTest.java|(1178,16,<35,8>,<35,24>)>,
  <<|java+class:///org/exolab/castor/xml/schema/writer/SchemaWriter|,|java+project:///|>,|project://castor-1.3.3_xml-schema/src/main/java/org/exolab/castor/xml/schema/writer/SchemaWriter.java|(8664,8,<255,8>,<255,16>)>,
  <<|java+class:///org/exolab/castor/xml/schema/util/XMLInstance2SchemaHandler|,|java+project:///|>,|project://castor-1.3.3_xml-schema/src/main/java/org/exolab/castor/xml/schema/util/XMLInstance2SchemaHandler.java|(4282,8,<121,8>,<121,16>)>,
  <<|java+class:///org/exolab/castor/xml/schema/reader/UnionUnmarshaller|,|java+class:///org/exolab/castor/xml/schema/reader/ComponentReader|>,|project://castor-1.3.3_xml-schema/src/main/java/org/exolab/castor/xml/schema/reader/UnionUnmarshaller.java|(3962,21,<111,8>,<111,29>)>,
  <<|java+class:///org/exolab/castor/xml/schema/XMLType|,|java+class:///org/exolab/castor/xml/schema/Annotated|>,|project://castor-1.3.3_xml-schema/src/main/java/org/exolab/castor/xml/schema/XMLType.java|(3154,8,<91,8>,<91,16>)>,
  <<|java+class:///org/exolab/castor/xml/schema/reader/AppInfoUnmarshaller|,|java+class:///org/exolab/castor/xml/schema/reader/ComponentReader|>,|project://castor-1.3.3_xml-schema/src/main/java/org/exolab/castor/xml/schema/reader/AppInfoUnmarshaller.java|(3739,21,<93,6>,<93,27>)>,
  <<|java+class:///org/exolab/castor/xml/schema/annotations/jdo/descriptors/ManyToManyDescriptor|,|java+class:///org/exolab/castor/xml/util/XMLClassDescriptorImpl|>,|project://castor-1.3.3_xml-schema/target/generated-sources/castor/org/exolab/castor/xml/schema/annotations/jdo/descriptors/ManyToManyDescriptor.java|(1214,8,<59,8>,<59,16>)>,
  <<|java+class:///org/exolab/castor/xml/schema/util/DatatypeHandler|,|java+project:///|>,|project://castor-1.3.3_xml-schema/src/main/java/org/exolab/castor/xml/schema/util/DatatypeHandler.java|(4131,8,<126,8>,<126,16>)>,
  <<|java+class:///org/exolab/castor/xml/schema/Structure|,|java+project:///|>,|project://castor-1.3.3_xml-schema/src/main/java/org/exolab/castor/xml/schema/Structure.java|(4172,8,<94,8>,<94,16>)>,
  <<|java+class:///org/exolab/castor/xml/schema/annotations/jdo/PkType|,|java+project:///|>,|project://castor-1.3.3_xml-schema/target/generated-sources/castor/org/exolab/castor/xml/schema/annotations/jdo/PkType.java|(647,8,<34,8>,<34,16>)>,
  <<|java+class:///org/exolab/castor/xml/schema/FinalList|,|java+project:///|>,|project://castor-1.3.3_xml-schema/src/main/java/org/exolab/castor/xml/schema/FinalList.java|(3547,8,<104,8>,<104,16>)>,
  <<|java+class:///org/exolab/castor/xml/schema/FinalList|,|java+project:///|>,|project://castor-1.3.3_xml-schema/src/main/java/org/exolab/castor/xml/schema/FinalList.java|(3163,8,<92,8>,<92,16>)>,
  <<|java+class:///org/exolab/castor/xml/schema/util/XMLInstance2Schema|,|java+project:///|>,|project://castor-1.3.3_xml-schema/src/main/java/org/exolab/castor/xml/schema/util/XMLInstance2Schema.java|(3613,8,<96,8>,<96,16>)>,
  <<|java+class:///org/exolab/castor/xml/schema/annotations/jdo/Column|,|java+class:///org/exolab/castor/xml/schema/annotations/jdo/ReadonlyDirtyType|>,|project://castor-1.3.3_xml-schema/target/generated-sources/castor/org/exolab/castor/xml/schema/annotations/jdo/Column.java|(1229,8,<59,8>,<59,16>)>,
  <<|java+class:///org/exolab/castor/xml/schema/UnknownDef|,|java+class:///org/exolab/castor/xml/schema/Structure|>,|project://castor-1.3.3_xml-schema/src/main/java/org/exolab/castor/xml/schema/UnknownDef.java|(2615,8,<63,8>,<63,16>)>,
  <<|java+class:///org/exolab/castor/xml/schema/reader/ModelGroupUnmarshaller|,|java+class:///org/exolab/castor/xml/schema/reader/ComponentReader|>,|project://castor-1.3.3_xml-schema/src/main/java/org/exolab/castor/xml/schema/reader/ModelGroupUnmarshaller.java|(4334,21,<118,8>,<118,29>)>,
  <<|java+class:///org/exolab/castor/xml/schema/annotations/jdo/descriptors/PrimaryKeyDescriptor|,|java+class:///org/exolab/castor/xml/schema/annotations/jdo/descriptors/PkTypeDescriptor|>,|project://castor-1.3.3_xml-schema/target/generated-sources/castor/org/exolab/castor/xml/schema/annotations/jdo/descriptors/PrimaryKeyDescriptor.java|(1238,8,<59,8>,<59,16>)>,
  <<|java+class:///org/exolab/castor/xml/schema/annotations/jdo/ManyToMany|,|java+project:///|>,|project://castor-1.3.3_xml-schema/target/generated-sources/castor/org/exolab/castor/xml/schema/annotations/jdo/ManyToMany.java|(891,8,<39,8>,<39,16>)>,
  <<|java+class:///org/exolab/castor/xml/schema/reader/FacetUnmarshaller|,|java+class:///org/exolab/castor/xml/schema/reader/ComponentReader|>,|project://castor-1.3.3_xml-schema/src/main/java/org/exolab/castor/xml/schema/reader/FacetUnmarshaller.java|(3870,21,<106,8>,<106,29>)>,
  <<|java+class:///org/exolab/castor/xml/schema/simpletypes/UrType|,|java+class:///org/exolab/castor/xml/schema/SimpleType|>,|project://castor-1.3.3_xml-schema/src/main/java/org/exolab/castor/xml/schema/simpletypes/UrType.java|(2614,8,<62,8>,<62,16>)>,
  <<|java+class:///org/exolab/castor/xml/schema/Documentation|,|java+class:///org/exolab/castor/xml/schema/AnnotationItem|>,|project://castor-1.3.3_xml-schema/src/main/java/org/exolab/castor/xml/schema/Documentation.java|(2635,8,<63,8>,<63,16>)>,
  <<|java+class:///org/exolab/castor/xml/schema/simpletypes/ListType|,|java+class:///org/exolab/castor/xml/schema/SimpleType|>,|project://castor-1.3.3_xml-schema/src/main/java/org/exolab/castor/xml/schema/simpletypes/ListType.java|(3278,8,<80,8>,<80,16>)>,
  <<|java+class:///org/exolab/castor/xml/schema/AppInfoSolrjNature|,|java+class:///org/castor/core/nature/BaseNature|>,|project://castor-1.3.3_xml-schema/src/main/java/org/exolab/castor/xml/schema/AppInfoSolrjNature.java|(399,15,<17,8>,<17,23>)>,
  <<|java+class:///org/exolab/castor/xml/schema/reader/WildcardUnmarshaller|,|java+class:///org/exolab/castor/xml/schema/reader/ComponentReader|>,|project://castor-1.3.3_xml-schema/src/main/java/org/exolab/castor/xml/schema/reader/WildcardUnmarshaller.java|(5352,21,<150,8>,<150,29>)>,
  <<|java+class:///org/exolab/castor/xml/schema/annotations/jdo/OneToMany|,|java+class:///org/exolab/castor/xml/schema/annotations/jdo/ReadonlyDirtyType|>,|project://castor-1.3.3_xml-schema/target/generated-sources/castor/org/exolab/castor/xml/schema/annotations/jdo/OneToMany.java|(801,8,<39,8>,<39,16>)>,
  <<|java+class:///org/castor/xml/schema/writer/AbstractSchemaTest|,|java+class:///junit/framework/TestCase|>,|project://castor-1.3.3_xml-schema/src/test/java/org/castor/xml/schema/writer/AbstractSchemaTest.java|(1935,16,<61,8>,<61,24>)>,
  <<|java+class:///types/descriptors/TableAccessModeTypeDescriptor|,|java+class:///org/exolab/castor/xml/util/XMLClassDescriptorImpl|>,|project://castor-1.3.3_xml-schema/target/generated-sources/castor/types/descriptors/TableAccessModeTypeDescriptor.java|(1172,8,<59,8>,<59,16>)>,
  <<|java+class:///org/exolab/castor/xml/schema/reader/IdentityConstraintUnmarshaller|,|java+class:///org/exolab/castor/xml/schema/reader/ComponentReader|>,|project://castor-1.3.3_xml-schema/src/main/java/org/exolab/castor/xml/schema/reader/IdentityConstraintUnmarshaller.java|(4232,21,<111,8>,<111,29>)>,
  <<|java+class:///org/exolab/castor/xml/schema/facets/MaxInclusive|,|java+class:///org/exolab/castor/xml/schema/Facet|>,|project://castor-1.3.3_xml-schema/src/main/java/org/exolab/castor/xml/schema/facets/MaxInclusive.java|(1854,34,<49,8>,<49,42>)>,
  <<|java+class:///org/exolab/castor/xml/schema/Schema|,|java+class:///org/exolab/castor/xml/schema/Annotated|>,|project://castor-1.3.3_xml-schema/src/main/java/org/exolab/castor/xml/schema/Schema.java|(8082,8,<262,8>,<262,16>)>,
  <<|java+class:///org/exolab/castor/xml/schema/annotations/jdo/PrimaryKey|,|java+class:///org/exolab/castor/xml/schema/annotations/jdo/PkType|>,|project://castor-1.3.3_xml-schema/target/generated-sources/castor/org/exolab/castor/xml/schema/annotations/jdo/PrimaryKey.java|(473,8,<26,8>,<26,16>)>,
  <<|java+class:///org/exolab/castor/xml/schema/reader/DocumentationUnmarshaller|,|java+class:///org/exolab/castor/xml/schema/reader/ComponentReader|>,|project://castor-1.3.3_xml-schema/src/main/java/org/exolab/castor/xml/schema/reader/DocumentationUnmarshaller.java|(3544,21,<91,8>,<91,29>)>,
  <<|java+class:///org/exolab/castor/xml/dtd/parser/ParseException|,|java+class:///java/lang/Exception|>,|project://castor-1.3.3_xml-schema/src/main/java/org/exolab/castor/xml/dtd/parser/ParseException.java|(4373,15,<105,4>,<105,19>)>,
  <<|java+class:///org/exolab/castor/xml/dtd/parser/ParseException|,|java+class:///java/lang/Exception|>,|project://castor-1.3.3_xml-schema/src/main/java/org/exolab/castor/xml/dtd/parser/ParseException.java|(4276,8,<100,4>,<100,12>)>,
  <<|java+class:///org/exolab/castor/xml/dtd/parser/ParseException|,|java+class:///java/lang/Exception|>,|project://castor-1.3.3_xml-schema/src/main/java/org/exolab/castor/xml/dtd/parser/ParseException.java|(3620,10,<82,4>,<82,14>)>
]