{
  <<|java+class:///org/castor/ddlgen/engine/mysql/MysqlGeneratorTest|,|java+class:///org/castor/ddlgen/test/framework/AbstractGeneratorTest|>,2,|java+interface:///junit/framework/Test|>,
  <<|java+class:///org/castor/ddlgen/engine/sapdb/SapdbTypeMapper|,|java+class:///org/castor/ddlgen/AbstractTypeMapper|>,2,|java+interface:///org/castor/ddlgen/TypeMapper|>,
  <<|java+class:///org/castor/ddlgen/engine/sapdb/SapdbGeneratorTest|,|java+class:///org/castor/ddlgen/test/framework/AbstractGeneratorTest|>,2,|java+interface:///junit/framework/Test|>,
  <<|java+class:///org/castor/ddlgen/test/framework/AbstractGeneratorTest|,|java+class:///junit/framework/TestCase|>,2,|java+interface:///junit/framework/Test|>,
  <<|java+class:///org/castor/ddlgen/engine/db2/Db2TypeMapper|,|java+class:///org/castor/ddlgen/AbstractTypeMapper|>,2,|java+interface:///org/castor/ddlgen/TypeMapper|>,
  <<|java+class:///org/castor/ddlgen/schemaobject/Schema|,|java+class:///org/castor/ddlgen/schemaobject/AbstractSchemaObject|>,2,|java+class:///java/lang/Object|>,
  <<|java+class:///org/castor/ddlgen/schemaobject/Table|,|java+class:///org/castor/ddlgen/schemaobject/AbstractSchemaObject|>,2,|java+class:///java/lang/Object|>,
  <<|java+class:///org/castor/ddlgen/typeinfo/NoParamType|,|java+class:///org/castor/ddlgen/typeinfo/AbstractType|>,2,|java+interface:///org/castor/ddlgen/typeinfo/TypeInfo|>,
  <<|java+class:///org/castor/ddlgen/AbstractTypeMapper|,|java+interface:///org/castor/ddlgen/TypeMapper|>,2,|java+interface:///org/castor/ddlgen/TypeMapper|>,
  <<|java+class:///org/castor/ddlgen/typeinfo/AbstractType|,|java+interface:///org/castor/ddlgen/typeinfo/TypeInfo|>,2,|java+interface:///org/castor/ddlgen/typeinfo/TypeInfo|>,
  <<|java+class:///org/castor/ddlgen/engine/mysql/MysqlGenerator|,|java+class:///org/castor/ddlgen/AbstractGenerator|>,2,|java+interface:///org/castor/ddlgen/Generator|>,
  <<|java+class:///org/castor/ddlgen/schemaobject/Index|,|java+class:///org/castor/ddlgen/schemaobject/AbstractSchemaObject|>,2,|java+class:///java/lang/Object|>,
  <<|java+class:///org/castor/ddlgen/engine/db2/Db2GeneratorTest|,|java+class:///org/castor/ddlgen/test/framework/AbstractGeneratorTest|>,2,|java+interface:///junit/framework/Test|>,
  <<|java+class:///org/castor/ddlgen/typeinfo/NotSupportedType|,|java+class:///org/castor/ddlgen/typeinfo/AbstractType|>,2,|java+interface:///org/castor/ddlgen/typeinfo/TypeInfo|>,
  <<|java+class:///org/castor/ddlgen/GeneratorFactoryTest|,|java+class:///junit/framework/TestCase|>,2,|java+interface:///junit/framework/Test|>,
  <<|java+class:///org/castor/ddlgen/engine/oracle/OracleTypeMapper|,|java+class:///org/castor/ddlgen/AbstractTypeMapper|>,2,|java+interface:///org/castor/ddlgen/TypeMapper|>,
  <<|java+class:///org/castor/ddlgen/schemaobject/ForeignKey|,|java+class:///org/castor/ddlgen/schemaobject/AbstractSchemaObject|>,2,|java+class:///java/lang/Object|>,
  <<|java+class:///org/castor/ddlgen/engine/sybase/SybaseTypeMapper|,|java+class:///org/castor/ddlgen/AbstractTypeMapper|>,2,|java+interface:///org/castor/ddlgen/TypeMapper|>,
  <<|java+class:///org/castor/ddlgen/engine/postgresql/PostgresqlTypeMapper|,|java+class:///org/castor/ddlgen/AbstractTypeMapper|>,2,|java+interface:///org/castor/ddlgen/TypeMapper|>,
  <<|java+class:///org/castor/ddlgen/engine/hsql/HsqlTypeMapper|,|java+class:///org/castor/ddlgen/AbstractTypeMapper|>,2,|java+interface:///org/castor/ddlgen/TypeMapper|>,
  <<|java+class:///org/castor/ddlgen/schemaobject/Field|,|java+class:///org/castor/ddlgen/schemaobject/AbstractSchemaObject|>,2,|java+class:///java/lang/Object|>,
  <<|java+class:///org/castor/ddlgen/engine/pointbase/PointBaseGeneratorTest|,|java+class:///org/castor/ddlgen/test/framework/AbstractGeneratorTest|>,2,|java+interface:///junit/framework/Test|>,
  <<|java+class:///org/castor/ddlgen/engine/pointbase/PointBaseTypeMapper|,|java+class:///org/castor/ddlgen/AbstractTypeMapper|>,2,|java+interface:///org/castor/ddlgen/TypeMapper|>,
  <<|java+class:///org/castor/ddlgen/typeinfo/OptionalPrecisionDecimalsType|,|java+class:///org/castor/ddlgen/typeinfo/AbstractType|>,2,|java+interface:///org/castor/ddlgen/typeinfo/TypeInfo|>,
  <<|java+class:///org/castor/ddlgen/typeinfo/OptionalPrecisionType|,|java+class:///org/castor/ddlgen/typeinfo/AbstractType|>,2,|java+interface:///org/castor/ddlgen/typeinfo/TypeInfo|>,
  <<|java+class:///org/castor/ddlgen/engine/mysql/MysqlTypeMapper|,|java+class:///org/castor/ddlgen/AbstractTypeMapper|>,2,|java+interface:///org/castor/ddlgen/TypeMapper|>,
  <<|java+class:///org/castor/ddlgen/engine/oracle/OracleGeneratorTest|,|java+class:///org/castor/ddlgen/test/framework/AbstractGeneratorTest|>,2,|java+interface:///junit/framework/Test|>,
  <<|java+class:///org/castor/ddlgen/typeinfo/RequiredPrecisionType|,|java+class:///org/castor/ddlgen/typeinfo/AbstractType|>,2,|java+interface:///org/castor/ddlgen/typeinfo/TypeInfo|>,
  <<|java+class:///org/castor/ddlgen/engine/sybase/SybaseGeneratorTest|,|java+class:///org/castor/ddlgen/test/framework/AbstractGeneratorTest|>,2,|java+interface:///junit/framework/Test|>,
  <<|java+class:///org/castor/ddlgen/typeinfo/LobType|,|java+class:///org/castor/ddlgen/typeinfo/AbstractType|>,2,|java+interface:///org/castor/ddlgen/typeinfo/TypeInfo|>,
  <<|java+class:///org/castor/ddlgen/engine/postgresql/PostgresqlGeneratorTest|,|java+class:///org/castor/ddlgen/test/framework/AbstractGeneratorTest|>,2,|java+interface:///junit/framework/Test|>,
  <<|java+class:///org/castor/ddlgen/engine/hsql/HsqlGeneratorTest|,|java+class:///org/castor/ddlgen/test/framework/AbstractGeneratorTest|>,2,|java+interface:///junit/framework/Test|>,
  <<|java+class:///org/castor/ddlgen/typeinfo/OptionalLengthType|,|java+class:///org/castor/ddlgen/typeinfo/AbstractType|>,2,|java+interface:///org/castor/ddlgen/typeinfo/TypeInfo|>,
  <<|java+class:///org/castor/ddlgen/AbstractGenerator|,|java+interface:///org/castor/ddlgen/Generator|>,2,|java+interface:///org/castor/ddlgen/Generator|>,
  <<|java+class:///org/castor/ddlgen/schemaobject/KeyGenerator|,|java+class:///org/castor/ddlgen/schemaobject/AbstractSchemaObject|>,2,|java+class:///java/lang/Object|>,
  <<|java+class:///org/castor/ddlgen/typeinfo/RequiredLengthType|,|java+class:///org/castor/ddlgen/typeinfo/AbstractType|>,2,|java+interface:///org/castor/ddlgen/typeinfo/TypeInfo|>,
  <<|java+class:///org/castor/ddlgen/schemaobject/PrimaryKey|,|java+class:///org/castor/ddlgen/schemaobject/AbstractSchemaObject|>,2,|java+class:///java/lang/Object|>,
  <<|java+class:///org/castor/ddlgen/engine/derby/DerbyTypeMapper|,|java+class:///org/castor/ddlgen/AbstractTypeMapper|>,2,|java+interface:///org/castor/ddlgen/TypeMapper|>,
  <<|java+class:///org/castor/ddlgen/engine/mssql/MssqlTypeMapper|,|java+class:///org/castor/ddlgen/AbstractTypeMapper|>,2,|java+interface:///org/castor/ddlgen/TypeMapper|>,
  <<|java+class:///org/castor/ddlgen/engine/mssql/MssqlGeneratorTest|,|java+class:///org/castor/ddlgen/test/framework/AbstractGeneratorTest|>,2,|java+interface:///junit/framework/Test|>,
  <<|java+class:///org/castor/ddlgen/engine/derby/DerbyGeneratorTest|,|java+class:///org/castor/ddlgen/test/framework/AbstractGeneratorTest|>,2,|java+interface:///junit/framework/Test|>
}