[
  <<|java+class:///org/archive/crawler/datamodel/CrawlURI|,|java+class:///org/archive/crawler/datamodel/CandidateURI|>,{|java+interface:///org/archive/crawler/datamodel/FetchStatusCodes|},|project://heritrix-1.14.4/src/java/org/archive/crawler/deciderules/SeedAcceptDecideRule.java|(1725,20,<52,17>,<52,37>)>,
  <<|java+class:///org/archive/crawler/datamodel/CrawlOrder|,|java+class:///org/archive/crawler/settings/ModuleType|>,{|java+interface:///java/io/Serializable|},|project://heritrix-1.14.4/src/java/org/archive/crawler/settings/CrawlerSettingsTest.java|(2310,36,<74,36>,<74,72>)>,
  <<|java+class:///org/archive/crawler/framework/AbstractTracker|,|java+class:///org/archive/crawler/settings/ModuleType|>,{
    |java+interface:///org/archive/crawler/event/CrawlStatusListener|,
    |java+interface:///java/io/Serializable|,
    |java+interface:///org/archive/crawler/framework/StatisticsTracking|
  },|project://heritrix-1.14.4/src/java/org/archive/crawler/settings/CrawlerSettingsTest.java|(2861,36,<86,36>,<86,72>)>,
  <<|java+class:///org/archive/crawler/datamodel/CrawlURI|,|java+class:///org/archive/crawler/datamodel/CandidateURI|>,{|java+interface:///org/archive/crawler/datamodel/FetchStatusCodes|},|project://heritrix-1.14.4/src/java/org/archive/crawler/deciderules/ClassKeyMatchesRegExpDecideRule.java|(2582,20,<74,33>,<74,53>)>,
  <<|java+class:///org/archive/crawler/datamodel/CrawlURI|,|java+class:///org/archive/crawler/datamodel/CandidateURI|>,{|java+interface:///org/archive/crawler/datamodel/FetchStatusCodes|},|project://heritrix-1.14.4/src/java/org/archive/crawler/deciderules/TooManyPathSegmentsDecideRule.java|(2891,20,<84,19>,<84,39>)>,
  <<|java+class:///org/archive/crawler/settings/ListType|,|java+interface:///java/util/List|>,{|java+class:///org/archive/crawler/settings/Type|},|project://heritrix-1.14.4/src/java/org/archive/crawler/frontier/AbstractFrontier.java|(35554,40,<916,31>,<916,71>)>,
  <<|java+class:///org/archive/io/SeekInputStream|,|java+class:///java/io/InputStream|>,{|java+interface:///it/unimi/dsi/fastutil/io/RepositionableStream|},|project://heritrix-1.14.4/src/java/org/archive/io/arc/ARCReaderFactory.java|(13818,38,<406,37>,<406,75>)>,
  <<|java+class:///org/archive/crawler/settings/LegalValueTypeConstraint|,|java+class:///org/archive/crawler/settings/Constraint|>,{|java+interface:///java/io/Serializable|},|project://heritrix-1.14.4/src/java/org/archive/crawler/settings/MapType.java|(8413,22,<230,22>,<230,44>)>,
  <<|java+class:///org/archive/crawler/settings/ListType|,|java+class:///org/archive/crawler/settings/Type|>,{|java+interface:///java/util/List|},|project://heritrix-1.14.4/src/java/org/archive/crawler/settings/ComplexType.java|(5216,16,<142,25>,<142,41>)>,
  <<|java+class:///org/archive/crawler/settings/ListType|,|java+class:///org/archive/crawler/settings/Type|>,{|java+interface:///java/util/List|},|project://heritrix-1.14.4/src/java/org/archive/crawler/settings/ComplexType.java|(6173,16,<170,25>,<170,41>)>,
  <<|java+class:///org/archive/crawler/datamodel/CrawlURI|,|java+class:///org/archive/crawler/datamodel/CandidateURI|>,{|java+interface:///org/archive/crawler/datamodel/FetchStatusCodes|},|project://heritrix-1.14.4/src/java/org/archive/crawler/settings/ComplexType.java|(12167,16,<329,17>,<329,33>)>,
  <<|java+class:///org/archive/crawler/settings/LegalValueTypeConstraint|,|java+class:///org/archive/crawler/settings/Constraint|>,{|java+interface:///java/io/Serializable|},|project://heritrix-1.14.4/src/java/org/archive/crawler/settings/ComplexType.java|(26643,22,<675,23>,<675,45>)>,
  <<|java+class:///org/archive/crawler/settings/ListType|,|java+class:///org/archive/crawler/settings/Type|>,{|java+interface:///java/util/List|},|project://heritrix-1.14.4/src/java/org/archive/crawler/settings/ComplexType.java|(35461,16,<933,15>,<933,31>)>,
  <<|java+class:///org/archive/crawler/datamodel/CrawlURI|,|java+class:///org/archive/crawler/datamodel/CandidateURI|>,{|java+interface:///org/archive/crawler/datamodel/FetchStatusCodes|},|project://heritrix-1.14.4/src/java/org/archive/crawler/deciderules/QueueOverbudgetDecideRule.java|(2263,21,<56,29>,<56,50>)>,
  <<|java+class:///org/archive/crawler/framework/AbstractTracker|,|java+interface:///org/archive/crawler/framework/StatisticsTracking|>,{
    |java+interface:///org/archive/crawler/event/CrawlStatusListener|,
    |java+interface:///java/io/Serializable|,
    |java+class:///org/archive/crawler/settings/ModuleType|
  },|project://heritrix-1.14.4/src/java/org/archive/crawler/admin/CrawlJob.java|(29879,33,<781,21>,<781,54>)>,
  <<|java+class:///org/archive/crawler/framework/AbstractTracker|,|java+interface:///org/archive/crawler/framework/StatisticsTracking|>,{
    |java+interface:///org/archive/crawler/event/CrawlStatusListener|,
    |java+interface:///java/io/Serializable|,
    |java+class:///org/archive/crawler/settings/ModuleType|
  },|project://heritrix-1.14.4/src/java/org/archive/crawler/admin/CrawlJob.java|(30663,33,<797,21>,<797,54>)>,
  <<|java+class:///org/archive/crawler/datamodel/CrawlURI|,|java+class:///org/archive/crawler/datamodel/CandidateURI|>,{|java+interface:///org/archive/crawler/datamodel/FetchStatusCodes|},|project://heritrix-1.14.4/src/java/org/archive/crawler/deciderules/ExternalGeoLocationDecideRule.java|(3700,18,<94,12>,<94,30>)>,
  <<|java+class:///org/archive/crawler/frontier/WorkQueue|,|java+interface:///org/archive/util/Reporter|>,{
    |java+interface:///java/lang/Comparable|,
    |java+interface:///org/archive/crawler/framework/Frontier/FrontierGroup|,
    |java+interface:///java/io/Serializable|
  },|project://heritrix-1.14.4/src/java/org/archive/queue/QueueCat.java|(2682,11,<81,36>,<81,47>)>,
  <<|java+class:///org/archive/crawler/datamodel/CrawlURI|,|java+class:///org/archive/crawler/datamodel/CandidateURI|>,{|java+interface:///org/archive/crawler/datamodel/FetchStatusCodes|},|project://heritrix-1.14.4/src/java/org/archive/crawler/filter/TransclusionFilter.java|(4360,15,<120,23>,<120,38>)>,
  <<|java+class:///org/archive/crawler/datamodel/CrawlURI|,|java+class:///org/archive/crawler/datamodel/CandidateURI|>,{|java+interface:///org/archive/crawler/datamodel/FetchStatusCodes|},|project://heritrix-1.14.4/src/java/org/archive/crawler/deciderules/HopsPathMatchesRegExpDecideRule.java|(2535,20,<74,26>,<74,46>)>,
  <<|java+class:///org/archive/io/SeekInputStream|,|java+class:///java/io/InputStream|>,{|java+interface:///it/unimi/dsi/fastutil/io/RepositionableStream|},|project://heritrix-1.14.4/src/java/st/ata/util/HashtableAList.java|(6728,28,<213,24>,<213,52>)>,
  <<|java+class:///org/archive/io/SeekInputStream|,|java+class:///java/io/InputStream|>,{|java+interface:///it/unimi/dsi/fastutil/io/RepositionableStream|},|project://heritrix-1.14.4/src/java/st/ata/util/HashtableAList.java|(7836,31,<249,26>,<249,57>)>,
  <<|java+class:///org/archive/crawler/datamodel/CrawlURI|,|java+class:///org/archive/crawler/datamodel/CandidateURI|>,{|java+interface:///org/archive/crawler/datamodel/FetchStatusCodes|},|project://heritrix-1.14.4/src/java/org/archive/crawler/deciderules/ScopePlusOneDecideRule.java|(5718,15,<156,45>,<156,60>)>,
  <<|java+class:///org/archive/crawler/datamodel/CrawlURI|,|java+class:///org/archive/crawler/datamodel/CandidateURI|>,{|java+interface:///org/archive/crawler/datamodel/FetchStatusCodes|},|project://heritrix-1.14.4/src/java/org/archive/crawler/deciderules/IsCrossTopmostAssignedSurtHopDecideRule.java|(1951,21,<51,55>,<51,76>)>,
  <<|java+class:///org/archive/crawler/datamodel/CrawlURI|,|java+class:///org/archive/crawler/datamodel/CandidateURI|>,{|java+interface:///org/archive/crawler/datamodel/FetchStatusCodes|},|project://heritrix-1.14.4/src/java/org/archive/crawler/deciderules/IsCrossTopmostAssignedSurtHopDecideRule.java|(2086,21,<55,28>,<55,49>)>,
  <<|java+class:///org/archive/crawler/datamodel/CrawlURI|,|java+class:///org/archive/crawler/datamodel/CandidateURI|>,{|java+interface:///org/archive/crawler/datamodel/FetchStatusCodes|},|project://heritrix-1.14.4/src/java/org/archive/crawler/filter/HopsFilter.java|(2291,15,<71,23>,<71,38>)>,
  <<|java+class:///org/archive/io/warc/WARCWriter|,|java+class:///org/archive/io/WriterPoolMember|>,{|java+interface:///org/archive/io/warc/WARCConstants|},|project://heritrix-1.14.4/src/java/org/archive/io/WriterPool.java|(4618,42,<139,20>,<139,62>)>,
  <<|java+class:///org/archive/crawler/datamodel/CrawlURI|,|java+class:///org/archive/crawler/datamodel/CandidateURI|>,{|java+interface:///org/archive/crawler/datamodel/FetchStatusCodes|},|project://heritrix-1.14.4/src/java/org/archive/crawler/postprocessor/LinksScoper.java|(6639,15,<165,37>,<165,52>)>,
  <<|java+class:///org/archive/crawler/datamodel/CrawlURI|,|java+class:///org/archive/crawler/datamodel/CandidateURI|>,{|java+interface:///org/archive/crawler/datamodel/FetchStatusCodes|},|project://heritrix-1.14.4/src/java/org/archive/crawler/frontier/AdaptiveRevisitFrontier.java|(22719,25,<506,33>,<506,58>)>,
  <<|java+class:///org/archive/crawler/settings/ListType|,|java+interface:///java/util/List|>,{|java+class:///org/archive/crawler/settings/Type|},|project://heritrix-1.14.4/src/java/org/archive/crawler/frontier/AdaptiveRevisitFrontier.java|(29101,40,<677,31>,<677,71>)>,
  <<|java+class:///org/archive/crawler/selftest/CheckpointSelfTest|,|java+interface:///org/archive/crawler/event/CrawlURIDispositionListener|>,{
    |java+interface:///org/archive/crawler/event/CrawlStatusListener|,
    |java+class:///org/archive/crawler/selftest/SelfTestCase|
  },|project://heritrix-1.14.4/src/java/org/archive/crawler/framework/CrawlController.java|(21927,68,<571,24>,<572,35>)>,
  <<|java+class:///org/archive/crawler/selftest/SelfTestCrawlJobHandler|,|java+interface:///org/archive/crawler/event/CrawlURIDispositionListener|>,{|java+class:///org/archive/crawler/admin/CrawlJobHandler|},|project://heritrix-1.14.4/src/java/org/archive/crawler/framework/CrawlController.java|(23075,37,<601,17>,<601,54>)>,
  <<|java+class:///org/archive/crawler/selftest/CheckpointSelfTest|,|java+interface:///org/archive/crawler/event/CrawlURIDispositionListener|>,{
    |java+interface:///org/archive/crawler/event/CrawlStatusListener|,
    |java+class:///org/archive/crawler/selftest/SelfTestCase|
  },|project://heritrix-1.14.4/src/java/org/archive/crawler/framework/CrawlController.java|(24157,68,<627,24>,<628,35>)>,
  <<|java+class:///org/archive/crawler/admin/StatisticsTracker|,|java+interface:///org/archive/crawler/event/CrawlURIDispositionListener|>,{
    |java+class:///org/archive/crawler/framework/AbstractTracker|,
    |java+interface:///java/io/Serializable|
  },|project://heritrix-1.14.4/src/java/org/archive/crawler/framework/CrawlController.java|(25282,38,<654,21>,<654,59>)>,
  <<|java+class:///org/archive/crawler/frontier/AbstractFrontier|,|java+interface:///org/archive/crawler/framework/Frontier|>,{
    |java+interface:///org/archive/crawler/event/CrawlStatusListener|,
    |java+interface:///org/archive/crawler/datamodel/CoreAttributeConstants|,
    |java+interface:///java/io/Serializable|,
    |java+interface:///org/archive/crawler/datamodel/FetchStatusCodes|,
    |java+class:///org/archive/crawler/settings/ModuleType|
  },|project://heritrix-1.14.4/src/java/org/archive/crawler/framework/CrawlController.java|(26046,48,<675,28>,<675,76>)>,
  <<|java+class:///org/archive/crawler/framework/AbstractTracker|,|java+interface:///org/archive/crawler/framework/StatisticsTracking|>,{
    |java+interface:///org/archive/crawler/event/CrawlStatusListener|,
    |java+interface:///java/io/Serializable|,
    |java+class:///org/archive/crawler/settings/ModuleType|
  },|project://heritrix-1.14.4/src/java/org/archive/crawler/framework/CrawlController.java|(30725,29,<795,41>,<795,70>)>,
  <<|java+class:///org/archive/crawler/processor/recrawl/PersistStoreProcessor|,|java+interface:///org/archive/crawler/event/CrawlStatusListener|>,{|java+class:///org/archive/crawler/processor/recrawl/PersistOnlineProcessor|},|project://heritrix-1.14.4/src/java/org/archive/crawler/framework/CrawlController.java|(36609,29,<953,40>,<953,69>)>,
  <<|java+class:///org/archive/crawler/selftest/CheckpointSelfTest|,|java+interface:///org/archive/crawler/event/CrawlStatusListener|>,{
    |java+class:///org/archive/crawler/selftest/SelfTestCase|,
    |java+interface:///org/archive/crawler/event/CrawlURIDispositionListener|
  },|project://heritrix-1.14.4/src/java/org/archive/crawler/framework/CrawlController.java|(38571,29,<997,40>,<997,69>)>,
  <<|java+class:///org/archive/crawler/fetcher/FetchFTP|,|java+class:///org/archive/crawler/framework/Processor|>,{
    |java+interface:///org/archive/crawler/datamodel/CoreAttributeConstants|,
    |java+interface:///org/archive/crawler/datamodel/FetchStatusCodes|
  },|project://heritrix-1.14.4/src/java/org/archive/crawler/framework/CrawlController.java|(62081,21,<1668,17>,<1668,38>)>,
  <<|java+class:///org/archive/crawler/postprocessor/AcceptRevisitProcessor|,|java+class:///org/archive/crawler/framework/Processor|>,{|java+interface:///org/archive/crawler/frontier/AdaptiveRevisitAttributeConstants|},|project://heritrix-1.14.4/src/java/org/archive/crawler/framework/CrawlController.java|(62509,21,<1682,17>,<1682,38>)>,
  <<|java+class:///org/archive/crawler/postprocessor/WaitEvaluator|,|java+class:///org/archive/crawler/framework/Processor|>,{|java+interface:///org/archive/crawler/frontier/AdaptiveRevisitAttributeConstants|},|project://heritrix-1.14.4/src/java/org/archive/crawler/framework/CrawlController.java|(70430,21,<1925,30>,<1925,51>)>,
  <<|java+class:///org/archive/crawler/filter/HTTPMidFetchUnchangedFilter|,|java+class:///org/archive/crawler/framework/Filter|>,{|java+interface:///org/archive/crawler/frontier/AdaptiveRevisitAttributeConstants|},|project://heritrix-1.14.4/src/java/org/archive/crawler/deciderules/FilterDecideRule.java|(4367,16,<123,28>,<123,44>)>,
  <<|java+class:///org/archive/crawler/settings/ListType|,|java+interface:///java/util/List|>,{|java+class:///org/archive/crawler/settings/Type|},|project://heritrix-1.14.4/src/java/org/archive/crawler/datamodel/CrawlURI.java|(20937,52,<596,15>,<596,67>)>,
  <<|java+class:///org/archive/crawler/settings/ListType|,|java+interface:///java/util/List|>,{|java+class:///org/archive/crawler/settings/Type|},|project://heritrix-1.14.4/src/java/org/archive/crawler/datamodel/CrawlURI.java|(30542,34,<903,29>,<903,63>)>,
  <<|java+class:///org/archive/crawler/datamodel/CrawlURI|,|java+class:///org/archive/crawler/datamodel/CandidateURI|>,{|java+interface:///org/archive/crawler/datamodel/FetchStatusCodes|},|project://heritrix-1.14.4/src/java/org/archive/crawler/deciderules/TransclusionDecideRule.java|(3873,20,<104,19>,<104,39>)>,
  <<|java+class:///org/archive/io/SeekInputStream|,|java+class:///java/io/InputStream|>,{|java+interface:///it/unimi/dsi/fastutil/io/RepositionableStream|},|project://heritrix-1.14.4/src/java/org/archive/io/GzippedInputStreamTest.java|(3532,21,<106,17>,<106,38>)>,
  <<|java+class:///org/archive/crawler/framework/WriterPoolProcessor|,|java+class:///org/archive/crawler/framework/Processor|>,{
    |java+interface:///org/archive/crawler/event/CrawlStatusListener|,
    |java+interface:///org/archive/crawler/datamodel/CoreAttributeConstants|,
    |java+interface:///org/archive/crawler/datamodel/FetchStatusCodes|
  },|project://heritrix-1.14.4/src/java/org/archive/crawler/framework/ProcessorChain.java|(1806,21,<56,26>,<56,47>)>,
  <<|java+class:///org/archive/crawler/extractor/ChangeEvaluator|,|java+class:///org/archive/crawler/framework/Processor|>,{|java+interface:///org/archive/crawler/frontier/AdaptiveRevisitAttributeConstants|},|project://heritrix-1.14.4/src/java/org/archive/crawler/framework/ProcessorChain.java|(3300,21,<106,26>,<106,47>)>,
  <<|java+class:///org/archive/crawler/prefetch/PreconditionEnforcer|,|java+class:///org/archive/crawler/framework/Processor|>,{
    |java+interface:///org/archive/crawler/datamodel/CoreAttributeConstants|,
    |java+interface:///org/archive/crawler/datamodel/FetchStatusCodes|
  },|project://heritrix-1.14.4/src/java/org/archive/crawler/framework/ProcessorChain.java|(3982,23,<133,26>,<133,49>)>,
  <<|java+class:///org/archive/crawler/datamodel/CrawlURI|,|java+class:///org/archive/crawler/datamodel/CandidateURI|>,{|java+interface:///org/archive/crawler/datamodel/FetchStatusCodes|},|project://heritrix-1.14.4/src/java/org/archive/crawler/datamodel/CandidateURITest.java|(2340,56,<67,15>,<67,71>)>,
  <<|java+class:///org/archive/crawler/datamodel/CrawlURI|,|java+class:///org/archive/crawler/datamodel/CandidateURI|>,{|java+interface:///org/archive/crawler/datamodel/FetchStatusCodes|},|project://heritrix-1.14.4/src/java/org/archive/crawler/filter/PathDepthFilter.java|(2900,15,<81,21>,<81,36>)>,
  <<|java+class:///org/archive/crawler/datamodel/CrawlURI|,|java+class:///org/archive/crawler/datamodel/CandidateURI|>,{|java+interface:///org/archive/crawler/datamodel/FetchStatusCodes|},|project://heritrix-1.14.4/src/java/org/archive/crawler/filter/PathDepthFilter.java|(2966,15,<82,28>,<82,43>)>,
  <<|java+class:///org/archive/crawler/datamodel/CrawlURI|,|java+class:///org/archive/crawler/datamodel/CandidateURI|>,{|java+interface:///org/archive/crawler/datamodel/FetchStatusCodes|},|project://heritrix-1.14.4/src/java/org/archive/crawler/filter/PathDepthFilter.java|(3148,15,<87,21>,<87,36>)>,
  <<|java+class:///org/archive/crawler/filter/HTTPMidFetchUnchangedFilter|,|java+class:///org/archive/crawler/framework/Filter|>,{|java+interface:///org/archive/crawler/frontier/AdaptiveRevisitAttributeConstants|},|project://heritrix-1.14.4/src/java/org/archive/crawler/filter/OrFilter.java|(3711,19,<104,23>,<104,42>)>,
  <<|java+class:///org/archive/crawler/filter/HTTPMidFetchUnchangedFilter|,|java+class:///org/archive/crawler/framework/Filter|>,{|java+interface:///org/archive/crawler/frontier/AdaptiveRevisitAttributeConstants|},|project://heritrix-1.14.4/src/java/org/archive/crawler/filter/OrFilter.java|(4922,19,<147,13>,<147,32>)>,
  <<|java+class:///org/archive/crawler/datamodel/CrawlURI|,|java+class:///org/archive/crawler/datamodel/CandidateURI|>,{|java+interface:///org/archive/crawler/datamodel/FetchStatusCodes|},|project://heritrix-1.14.4/src/java/org/archive/crawler/postprocessor/FrontierScheduler.java|(2893,39,<84,17>,<84,56>)>,
  <<|java+class:///org/archive/crawler/url/canonicalize/BaseRule|,|java+interface:///org/archive/crawler/url/CanonicalizationRule|>,{|java+class:///org/archive/crawler/settings/ModuleType|},|project://heritrix-1.14.4/src/java/org/archive/crawler/url/Canonicalizer.java|(2984,34,<86,37>,<86,71>)>,
  <<|java+class:///org/archive/crawler/datamodel/CrawlURI|,|java+class:///org/archive/crawler/datamodel/CandidateURI|>,{|java+interface:///org/archive/crawler/datamodel/FetchStatusCodes|},|project://heritrix-1.14.4/src/java/org/archive/crawler/deciderules/HasViaDecideRule.java|(1860,20,<60,32>,<60,52>)>,
  <<|java+class:///org/archive/crawler/settings/ListType|,|java+interface:///java/util/List|>,{|java+class:///org/archive/crawler/settings/Type|},|project://heritrix-1.14.4/src/java/org/archive/crawler/datamodel/CandidateURI.java|(14101,43,<464,29>,<464,72>)>,
  <<|java+class:///org/archive/crawler/settings/ListType|,|java+interface:///java/util/List|>,{|java+class:///org/archive/crawler/settings/Type|},|project://heritrix-1.14.4/src/java/org/archive/crawler/datamodel/CandidateURI.java|(20506,42,<683,37>,<683,79>)>,
  <<|java+class:///org/archive/crawler/settings/ListType|,|java+interface:///java/util/List|>,{|java+class:///org/archive/crawler/settings/Type|},|project://heritrix-1.14.4/src/java/org/archive/crawler/datamodel/CandidateURI.java|(21106,34,<699,29>,<699,63>)>,
  <<|java+class:///org/archive/crawler/settings/ListType|,|java+class:///org/archive/crawler/settings/Type|>,{|java+interface:///java/util/List|},|project://heritrix-1.14.4/src/java/org/archive/crawler/settings/Type.java|(5455,8,<180,50>,<180,58>)>,
  <<|java+class:///org/archive/crawler/settings/ComplexType|,|java+class:///org/archive/crawler/settings/Type|>,{|java+interface:///javax/management/DynamicMBean|},|project://heritrix-1.14.4/src/java/org/archive/crawler/settings/Type.java|(5528,8,<181,44>,<181,52>)>,
  <<|java+class:///org/archive/crawler/frontier/BdbWorkQueue|,|java+class:///org/archive/crawler/frontier/WorkQueue|>,{
    |java+interface:///java/lang/Comparable|,
    |java+interface:///java/io/Serializable|
  },|project://heritrix-1.14.4/src/java/org/archive/crawler/frontier/WorkQueueFrontier.java|(32339,28,<840,23>,<840,51>)>,
  <<|java+class:///org/archive/crawler/frontier/BdbWorkQueue|,|java+class:///org/archive/crawler/frontier/WorkQueue|>,{
    |java+interface:///java/lang/Comparable|,
    |java+interface:///java/io/Serializable|
  },|project://heritrix-1.14.4/src/java/org/archive/crawler/frontier/WorkQueueFrontier.java|(43727,14,<1150,16>,<1150,30>)>,
  <<|java+class:///org/archive/crawler/frontier/BdbWorkQueue|,|java+class:///org/archive/crawler/frontier/WorkQueue|>,{
    |java+interface:///java/lang/Comparable|,
    |java+interface:///java/io/Serializable|
  },|project://heritrix-1.14.4/src/java/org/archive/crawler/frontier/WorkQueueFrontier.java|(49794,14,<1310,16>,<1310,30>)>,
  <<|java+class:///org/archive/crawler/url/canonicalize/BaseRule|,|java+class:///org/archive/crawler/settings/ModuleType|>,{|java+interface:///org/archive/crawler/url/CanonicalizationRule|},|project://heritrix-1.14.4/src/java/org/archive/crawler/settings/OverrideTest.java|(2541,83,<74,17>,<75,28>)>,
  <<|java+class:///org/archive/crawler/url/canonicalize/BaseRule|,|java+class:///org/archive/crawler/settings/ModuleType|>,{|java+interface:///org/archive/crawler/url/CanonicalizationRule|},|project://heritrix-1.14.4/src/java/org/archive/crawler/settings/OverrideTest.java|(2862,86,<80,17>,<81,28>)>,
  <<|java+class:///org/archive/crawler/url/canonicalize/BaseRule|,|java+class:///org/archive/crawler/settings/ModuleType|>,{|java+interface:///org/archive/crawler/url/CanonicalizationRule|},|project://heritrix-1.14.4/src/java/org/archive/crawler/settings/OverrideTest.java|(3206,84,<87,17>,<88,28>)>,
  <<|java+class:///org/archive/crawler/url/canonicalize/BaseRule|,|java+class:///org/archive/crawler/settings/ModuleType|>,{|java+interface:///org/archive/crawler/url/CanonicalizationRule|},|project://heritrix-1.14.4/src/java/org/archive/crawler/settings/OverrideTest.java|(4270,87,<110,21>,<111,32>)>,
  <<|java+class:///org/archive/crawler/frontier/AdaptiveRevisitFrontier|,|java+class:///org/archive/crawler/settings/ModuleType|>,{
    |java+interface:///org/archive/crawler/frontier/AdaptiveRevisitAttributeConstants|,
    |java+interface:///org/archive/crawler/event/CrawlStatusListener|,
    |java+interface:///org/archive/crawler/datamodel/UriUniqFilter/HasUriReceiver|,
    |java+interface:///org/archive/crawler/framework/Frontier|,
    |java+interface:///org/archive/crawler/datamodel/CoreAttributeConstants|,
    |java+interface:///org/archive/crawler/datamodel/FetchStatusCodes|
  },|project://heritrix-1.14.4/src/java/org/archive/crawler/settings/OverrideTest.java|(4538,86,<117,17>,<118,28>)>,
  <<|java+class:///org/archive/crawler/url/canonicalize/BaseRule|,|java+class:///org/archive/crawler/settings/ModuleType|>,{|java+interface:///org/archive/crawler/url/CanonicalizationRule|},|project://heritrix-1.14.4/src/java/org/archive/crawler/settings/OverrideTest.java|(4882,84,<124,17>,<125,28>)>,
  <<|java+class:///org/archive/crawler/frontier/BdbWorkQueue|,|java+class:///org/archive/crawler/frontier/WorkQueue|>,{
    |java+interface:///java/lang/Comparable|,
    |java+interface:///java/io/Serializable|
  },|project://heritrix-1.14.4/src/java/org/archive/crawler/frontier/WorkQueue.java|(9824,15,<354,26>,<354,41>)>,
  <<|java+class:///org/archive/crawler/datamodel/CrawlURI|,|java+class:///org/archive/crawler/datamodel/CandidateURI|>,{|java+interface:///org/archive/crawler/datamodel/FetchStatusCodes|},|project://heritrix-1.14.4/src/java/org/archive/crawler/deciderules/TooManyHopsDecideRule.java|(2605,20,<76,32>,<76,52>)>,
  <<|java+class:///org/archive/crawler/datamodel/CrawlURI|,|java+class:///org/archive/crawler/datamodel/CandidateURI|>,{|java+interface:///org/archive/crawler/datamodel/FetchStatusCodes|},|project://heritrix-1.14.4/src/java/org/archive/crawler/scope/SurtPrefixScope.java|(5423,20,<135,29>,<135,49>)>,
  <<|java+class:///org/archive/io/arc/ARCWriter|,|java+class:///org/archive/io/WriterPoolMember|>,{|java+interface:///org/archive/io/arc/ARCConstants|},|project://heritrix-1.14.4/src/java/org/archive/io/warc/WARCWriterPool.java|(2593,24,<71,17>,<71,41>)>,
  <<|java+class:///org/archive/crawler/prefetch/RuntimeLimitEnforcer|,|java+class:///org/archive/crawler/framework/Processor|>,{|java+interface:///org/archive/crawler/datamodel/FetchStatusCodes|},|project://heritrix-1.14.4/src/java/org/archive/crawler/extractor/ExtractorTool.java|(5074,46,<125,27>,<125,73>)>,
  <<|java+class:///org/archive/crawler/fetcher/FetchHTTP|,|java+class:///org/archive/crawler/framework/Processor|>,{
    |java+interface:///org/archive/crawler/event/CrawlStatusListener|,
    |java+interface:///org/archive/crawler/datamodel/CoreAttributeConstants|,
    |java+interface:///org/archive/crawler/datamodel/FetchStatusCodes|
  },|project://heritrix-1.14.4/src/java/org/archive/crawler/extractor/ExtractorTool.java|(5926,20,<143,17>,<143,37>)>,
  <<|java+class:///org/archive/net/UURI|,|java+interface:///java/lang/CharSequence|>,{
    |java+class:///org/archive/net/LaxURI|,
    |java+interface:///java/io/Serializable|
  },|project://heritrix-1.14.4/src/java/org/archive/crawler/settings/RegularExpressionConstraint.java|(3261,20,<95,38>,<95,58>)>,
  <<|java+class:///org/archive/crawler/datamodel/CrawlURI|,|java+class:///org/archive/crawler/datamodel/CandidateURI|>,{|java+interface:///org/archive/crawler/datamodel/FetchStatusCodes|},|project://heritrix-1.14.4/src/java/org/archive/crawler/framework/CrawlScope.java|(6345,16,<186,45>,<186,61>)>,
  <<|java+class:///org/archive/crawler/deciderules/SurtPrefixedDecideRule|,|java+interface:///org/archive/crawler/scope/SeedListener|>,{|java+class:///org/archive/crawler/deciderules/PredicatedDecideRule|},|project://heritrix-1.14.4/src/java/org/archive/crawler/framework/CrawlScope.java|(11361,25,<326,21>,<326,46>)>,
  <<|java+class:///org/archive/crawler/datamodel/CrawlURI|,|java+class:///org/archive/crawler/datamodel/CandidateURI|>,{|java+interface:///org/archive/crawler/datamodel/FetchStatusCodes|},|project://heritrix-1.14.4/src/java/org/archive/crawler/deciderules/AddRedirectFromRootServerToScope.java|(1791,21,<51,22>,<51,43>)>,
  <<|java+class:///org/archive/crawler/datamodel/CrawlURI|,|java+class:///org/archive/crawler/datamodel/CandidateURI|>,{|java+interface:///org/archive/crawler/datamodel/FetchStatusCodes|},|project://heritrix-1.14.4/src/java/org/archive/crawler/deciderules/AddRedirectFromRootServerToScope.java|(2672,15,<79,45>,<79,60>)>,
  <<|java+class:///org/archive/crawler/datamodel/CrawlURI|,|java+class:///org/archive/crawler/datamodel/CandidateURI|>,{|java+interface:///org/archive/crawler/datamodel/FetchStatusCodes|},|project://heritrix-1.14.4/src/java/org/archive/crawler/deciderules/SurtPrefixedDecideRule.java|(5941,20,<146,25>,<146,45>)>,
  <<|java+class:///org/archive/crawler/datamodel/CrawlURI|,|java+class:///org/archive/crawler/datamodel/CandidateURI|>,{|java+interface:///org/archive/crawler/datamodel/FetchStatusCodes|},|project://heritrix-1.14.4/src/java/org/archive/crawler/deciderules/PrerequisiteAcceptDecideRule.java|(1765,20,<51,31>,<51,51>)>,
  <<|java+class:///org/archive/crawler/datamodel/CrawlURI|,|java+class:///org/archive/crawler/datamodel/CandidateURI|>,{|java+interface:///org/archive/crawler/datamodel/FetchStatusCodes|},|project://heritrix-1.14.4/src/java/org/archive/crawler/scope/ClassicScope.java|(6865,16,<209,28>,<209,44>)>,
  <<|java+class:///org/archive/crawler/datamodel/CrawlURI|,|java+class:///org/archive/crawler/datamodel/CandidateURI|>,{|java+interface:///org/archive/crawler/datamodel/FetchStatusCodes|},|project://heritrix-1.14.4/src/java/org/archive/net/UURI.java|(12951,16,<411,17>,<411,33>)>,
  <<|java+class:///org/archive/crawler/datamodel/CrawlOrder|,|java+class:///org/archive/crawler/settings/ModuleType|>,{|java+interface:///java/io/Serializable|},|project://heritrix-1.14.4/src/java/org/archive/crawler/settings/SettingsHandler.java|(16324,50,<437,21>,<437,71>)>,
  <<|java+class:///org/archive/crawler/settings/CrawlSettingsSAXHandler|,|java+interface:///org/archive/crawler/settings/ValueErrorHandler|>,{|java+class:///org/xml/sax/helpers/DefaultHandler|},|project://heritrix-1.14.4/src/java/org/archive/crawler/settings/SettingsHandler.java|(19777,29,<519,17>,<519,46>)>,
  <<|java+class:///org/archive/crawler/io/UriErrorFormatter|,|java+class:///java/util/logging/Formatter|>,{|java+interface:///org/archive/crawler/datamodel/CoreAttributeConstants|},|project://heritrix-1.14.4/src/java/org/archive/crawler/util/LogUtils.java|(2875,43,<73,30>,<73,73>)>,
  <<|java+class:///org/archive/crawler/postprocessor/WaitEvaluator|,|java+class:///org/archive/crawler/framework/Processor|>,{|java+interface:///org/archive/crawler/frontier/AdaptiveRevisitAttributeConstants|},|project://heritrix-1.14.4/src/java/org/archive/crawler/framework/Processor.java|(6697,106,<210,16>,<212,22>)>,
  <<|java+class:///org/archive/io/arc/ARCWriter|,|java+class:///org/archive/io/WriterPoolMember|>,{|java+interface:///org/archive/io/arc/ARCConstants|},|project://heritrix-1.14.4/src/java/org/archive/io/arc/ARCWriterPool.java|(2518,27,<74,17>,<74,44>)>
]