[
  <<|java+class:///FindInFiles|,|java+interface:///org/jext/event/JextListener|>,{|java+class:///javax/swing/JPanel|},|project://jext-5.0/src/lib/org/jext/JextFrame.java|(12184,30,<449,7>,<449,37>)>,
  <<|java+class:///PHPBrowseTab|,|java+interface:///org/jext/event/JextListener|>,{
    |java+class:///javax/swing/JPanel|,
    |java+interface:///javax/swing/event/TreeSelectionListener|,
    |java+interface:///java/lang/Runnable|,
    |java+interface:///java/awt/event/ActionListener|
  },|project://jext-5.0/src/lib/org/jext/JextFrame.java|(12578,30,<465,9>,<465,39>)>,
  <<|java+class:///HyperTyperPlugin|,|java+interface:///org/jext/Plugin|>,{|java+interface:///org/jext/event/JextListener|},|project://jext-5.0/src/lib/org/jext/JextFrame.java|(58177,24,<1971,26>,<1971,50>)>,
  <<|java+class:///PHPPlugin|,|java+interface:///org/jext/Plugin|>,{|java+interface:///org/jext/RegisterablePlugin|},|project://jext-5.0/src/lib/org/jext/JARClassLoader.java|(11406,28,<360,22>,<360,50>)>,
  <<|java+class:///org/jext/actions/BeginLine|,|java+class:///org/jext/MenuAction|>,{|java+interface:///org/jext/EditAction|},|project://jext-5.0/src/lib/org/jext/Jext.java|(8116,14,<251,11>,<251,25>)>,
  <<|java+class:///KLNFPlugin|,|java+interface:///org/jext/Plugin|>,{|java+interface:///org/jext/gui/SkinFactory|},|project://jext-5.0/src/lib/org/jext/Jext.java|(12521,23,<369,22>,<369,45>)>,
  <<|java+class:///HyperTyperPlugin|,|java+interface:///org/jext/Plugin|>,{|java+interface:///org/jext/event/JextListener|},|project://jext-5.0/src/lib/org/jext/Jext.java|(14552,23,<451,17>,<451,40>)>,
  <<|java+class:///BackStab|,|java+class:///UML/Element|>,{|java+interface:///java/lang/Comparable|},|project://jext-5.0/src/plugins/Java/InsertClassName.java|(6306,15,<221,39>,<221,54>)>,
  <<|java+class:///gnu/regexp/CharIndexedCharArray|,|java+interface:///gnu/regexp/CharIndexed|>,{|java+interface:///java/io/Serializable|},|project://jext-5.0/src/lib/gnu/regexp/RE.java|(48778,19,<1339,8>,<1339,27>)>,
  <<|java+class:///CompleteTagList|,|java+interface:///javax/swing/event/CaretListener|>,{|java+class:///javax/swing/JWindow|},|project://jext-5.0/src/lib/org/gjt/sp/jedit/textarea/JEditTextArea.java|(42907,32,<1650,9>,<1650,41>)>,
  <<|java+class:///HyperTyperMappingGrid|,|java+interface:///SequenceChangedListener|>,{|java+class:///javax/swing/JPanel|},|project://jext-5.0/src/plugins/HyperTyper/HyperTyperSequenceList.java|(8406,52,<335,13>,<335,65>)>,
  <<|java+class:///HyperTyperMappingGrid|,|java+interface:///SequenceChangedListener|>,{|java+class:///javax/swing/JPanel|},|project://jext-5.0/src/plugins/HyperTyper/HyperTyperSequenceList.java|(8833,52,<351,13>,<351,65>)>,
  <<|java+class:///JBrowse|,|java+interface:///java/awt/event/ActionListener|>,{
    |java+class:///javax/swing/JPanel|,
    |java+interface:///org/jext/event/JextListener|
  },|project://jext-5.0/src/lib/org/jext/gui/EnhancedMenuItem.java|(3878,33,<128,9>,<128,42>)>,
  <<|java+class:///org/jext/misc/Workspaces|,|java+interface:///java/awt/event/ActionListener|>,{
    |java+class:///javax/swing/JPanel|,
    |java+interface:///javax/swing/event/ListSelectionListener|
  },|project://jext-5.0/src/lib/org/jext/gui/JextButton.java|(4136,33,<167,9>,<167,42>)>,
  <<|java+class:///org/jext/options/GeneralOptions|,|java+class:///org/jext/gui/AbstractOptionPane|>,{|java+interface:///java/awt/event/ActionListener|},|project://jext-5.0/src/lib/org/jext/options/OptionsDialog.java|(7260,36,<228,7>,<228,43>)>,
  <<|java+class:///org/jext/gui/AbstractOptionPane|,|java+interface:///org/jext/gui/OptionPane|>,{|java+class:///javax/swing/JPanel|},|project://jext-5.0/src/lib/org/jext/options/OptionsDialog.java|(7408,37,<233,58>,<233,95>)>,
  <<|java+class:///org/jext/gui/AbstractOptionPane|,|java+interface:///org/jext/gui/OptionPane|>,{|java+class:///javax/swing/JPanel|},|project://jext-5.0/src/lib/org/jext/options/OptionsDialog.java|(7583,23,<238,15>,<238,38>)>,
  <<|java+class:///org/jext/gui/AbstractOptionPane|,|java+interface:///org/jext/gui/OptionPane|>,{|java+class:///javax/swing/JPanel|},|project://jext-5.0/src/lib/org/jext/options/OptionsDialog.java|(8550,21,<254,25>,<254,46>)>,
  <<|java+class:///KLNFPlugin|,|java+interface:///org/jext/Plugin|>,{|java+interface:///org/jext/gui/SkinFactory|},|project://jext-5.0/src/lib/org/jext/options/OptionsDialog.java|(8707,19,<259,10>,<259,29>)>,
  <<|java+class:///org/jext/gui/AbstractOptionPane|,|java+interface:///org/jext/gui/OptionPane|>,{|java+class:///javax/swing/JPanel|},|project://jext-5.0/src/lib/org/jext/options/OptionsDialog.java|(10896,17,<308,22>,<308,39>)>,
  <<|java+class:///org/jext/gui/AbstractOptionPane|,|java+interface:///org/jext/gui/OptionPane|>,{|java+class:///javax/swing/JPanel|},|project://jext-5.0/src/lib/org/jext/options/OptionsDialog.java|(15009,20,<419,24>,<419,44>)>,
  <<|java+class:///org/jext/gui/AbstractOptionPane|,|java+interface:///org/jext/gui/OptionPane|>,{|java+class:///javax/swing/JPanel|},|project://jext-5.0/src/lib/org/jext/options/OptionsDialog.java|(17445,18,<504,16>,<504,34>)>,
  <<|java+class:///BackStab|,|java+class:///UML/Element|>,{|java+interface:///java/lang/Comparable|},|project://jext-5.0/src/plugins/Java/UMLTree.java|(10186,29,<357,13>,<357,42>)>,
  <<|java+class:///BackStab|,|java+class:///UML/Element|>,{|java+interface:///java/lang/Comparable|},|project://jext-5.0/src/plugins/Java/UMLTree.java|(10450,24,<366,11>,<366,35>)>,
  <<|java+class:///BackStab|,|java+class:///UML/Element|>,{|java+interface:///java/lang/Comparable|},|project://jext-5.0/src/plugins/Java/UMLTree.java|(10781,24,<382,13>,<382,37>)>,
  <<|java+class:///BackStab|,|java+class:///UML/Element|>,{|java+interface:///java/lang/Comparable|},|project://jext-5.0/src/plugins/Java/UMLTree.java|(11028,24,<393,6>,<393,30>)>,
  <<|java+class:///BackStab|,|java+class:///UML/Element|>,{|java+interface:///java/lang/Comparable|},|project://jext-5.0/src/plugins/Java/UMLTree.java|(11679,24,<416,11>,<416,35>)>,
  <<|java+class:///BackStab|,|java+class:///UML/Element|>,{|java+interface:///java/lang/Comparable|},|project://jext-5.0/src/plugins/Java/UMLTree.java|(13393,24,<472,12>,<472,36>)>,
  <<|java+class:///BackStab|,|java+class:///UML/Element|>,{|java+interface:///java/lang/Comparable|},|project://jext-5.0/src/plugins/Java/UMLTree.java|(14332,24,<503,11>,<503,35>)>,
  <<|java+class:///BackStab|,|java+class:///UML/Element|>,{|java+interface:///java/lang/Comparable|},|project://jext-5.0/src/plugins/Java/UMLTree.java|(15076,24,<532,11>,<532,35>)>,
  <<|java+class:///BackStab|,|java+class:///UML/Element|>,{|java+interface:///java/lang/Comparable|},|project://jext-5.0/src/plugins/Java/UMLTree.java|(16421,18,<585,21>,<585,39>)>,
  <<|java+class:///org/jext/gui/AbstractOptionPane|,|java+interface:///org/jext/gui/OptionPane|>,{|java+class:///javax/swing/JPanel|},|project://jext-5.0/src/lib/org/jext/gui/OptionGroup.java|(1913,17,<88,11>,<88,28>)>,
  <<|java+class:///org/gjt/sp/jedit/syntax/ASPTokenMarker|,|java+class:///org/gjt/sp/jedit/syntax/TokenMarker|>,{|java+interface:///org/gjt/sp/jedit/syntax/TokenMarkerWithAddToken|},|project://jext-5.0/src/lib/org/jext/Mode.java|(2461,31,<96,15>,<96,46>)>,
  <<|java+class:///PHPBrowseTab|,|java+interface:///java/awt/event/ActionListener|>,{
    |java+class:///javax/swing/JPanel|,
    |java+interface:///javax/swing/event/TreeSelectionListener|,
    |java+interface:///org/jext/event/JextListener|,
    |java+interface:///java/lang/Runnable|
  },|project://jext-5.0/src/lib/org/gjt/sp/jedit/textarea/InputHandler.java|(6027,33,<135,11>,<135,44>)>,
  <<|java+class:///org/jext/misc/AboutPlugins|,|java+class:///javax/swing/JDialog|>,{|java+interface:///java/awt/event/ActionListener|},|project://jext-5.0/src/lib/org/jext/misc/PluginDownload.java|(4069,14,<117,13>,<117,27>)>,
  <<|java+class:///PlugReader|,|java+interface:///org/jext/misc/AbstractPlugReader|>,{|java+class:///com/microstar/xml/HandlerBase|},|project://jext-5.0/src/lib/org/jext/misc/PluginDownload.java|(14408,56,<363,11>,<363,67>)>,
  <<|java+class:///FindInFiles|,|java+class:///javax/swing/JPanel|>,{|java+interface:///org/jext/event/JextListener|},|project://jext-5.0/src/lib/org/jext/misc/PluginDownload.java|(14524,44,<367,11>,<367,55>)>,
  <<|java+class:///org/gjt/sp/jedit/textarea/InputHandler/repeat|,|java+interface:///java/awt/event/ActionListener|>,{|java+interface:///org/gjt/sp/jedit/textarea/InputHandler/NonRecordable|},|project://jext-5.0/src/lib/org/gjt/sp/jedit/textarea/DefaultInputHandler.java|(6157,17,<205,23>,<205,40>)>,
  <<|java+class:///org/jext/misc/VirtualFolders|,|java+interface:///java/awt/event/ActionListener|>,{
    |java+class:///javax/swing/JPanel|,
    |java+interface:///javax/swing/event/TreeSelectionListener|,
    |java+interface:///org/jext/event/JextListener|
  },|project://jext-5.0/src/lib/org/gjt/sp/jedit/textarea/DefaultInputHandler.java|(7558,17,<253,23>,<253,40>)>,
  <<|java+class:///org/jext/misc/VirtualFolders|,|java+interface:///java/awt/event/ActionListener|>,{
    |java+class:///javax/swing/JPanel|,
    |java+interface:///javax/swing/event/TreeSelectionListener|,
    |java+interface:///org/jext/event/JextListener|
  },|project://jext-5.0/src/lib/org/gjt/sp/jedit/textarea/DefaultInputHandler.java|(8732,17,<291,24>,<291,41>)>
]