[
  <<|java+class:///org/gjt/sp/jedit/syntax/HTMLTokenMarker|,|java+class:///org/gjt/sp/jedit/syntax/TokenMarker|>,220,<|java+method:///org/gjt/sp/jedit/syntax/TokenMarker/addToken(int,byte)|,|java+method:///org/gjt/sp/jedit/syntax/HTMLTokenMarker/markTokensImpl(byte,javax.swing.text.Segment,int)|>>,
  <<|java+class:///org/gjt/sp/jedit/syntax/HTMLTokenMarker|,|java+class:///org/gjt/sp/jedit/syntax/TokenMarker|>,220,<|java+method:///org/gjt/sp/jedit/syntax/TokenMarker/addToken(int,byte)|,|java+method:///org/gjt/sp/jedit/syntax/HTMLTokenMarker/doKeyword(javax.swing.text.Segment,int,char)|>>,
  <<|java+class:///org/jext/misc/TabSwitcher|,|java+class:///org/jext/MenuAction|>,220,<|java+method:///org/jext/MenuAction/getTextArea(java.util.EventObject)|,|java+method:///org/jext/misc/TabSwitcher/actionPerformed(java.awt.event.ActionEvent)|>>,
  <<|java+class:///org/gjt/sp/jedit/syntax/EiffelTokenMarker|,|java+class:///org/gjt/sp/jedit/syntax/TokenMarker|>,220,<|java+method:///org/gjt/sp/jedit/syntax/TokenMarker/addToken(int,byte)|,|java+method:///org/gjt/sp/jedit/syntax/EiffelTokenMarker/markTokensImpl(byte,javax.swing.text.Segment,int)|>>,
  <<|java+class:///org/gjt/sp/jedit/syntax/EiffelTokenMarker|,|java+class:///org/gjt/sp/jedit/syntax/TokenMarker|>,220,<|java+method:///org/gjt/sp/jedit/syntax/TokenMarker/addToken(int,byte)|,|java+method:///org/gjt/sp/jedit/syntax/EiffelTokenMarker/doKeyword(javax.swing.text.Segment,int,char)|>>,
  <<|java+class:///org/jext/textarea/CsWord|,|java+class:///org/jext/MenuAction|>,220,<|java+method:///org/jext/MenuAction/getTextArea(java.util.EventObject)|,|java+method:///org/jext/textarea/CsWord/actionPerformed(java.awt.event.ActionEvent)|>>,
  <<|java+class:///org/jext/options/LoadingOptions|,|java+class:///org/jext/gui/AbstractOptionPane|>,220,<|java+method:///org/jext/gui/AbstractOptionPane/addComponent(java.awt.Component)|,|java+constructor:///org/jext/options/LoadingOptions/LoadingOptions()|>>,
  <<|java+class:///org/jext/actions/RemoveWhitespace|,|java+class:///org/jext/MenuAction|>,220,<|java+method:///org/jext/MenuAction/getTextArea(java.util.EventObject)|,|java+method:///org/jext/actions/RemoveWhitespace/actionPerformed(java.awt.event.ActionEvent)|>>,
  <<|java+class:///gnu/regexp/RETokenStart|,|java+class:///gnu/regexp/REToken|>,220,<|java+method:///gnu/regexp/REToken/next(gnu.regexp.CharIndexed,gnu.regexp.REMatch)|,|java+method:///gnu/regexp/RETokenStart/match(gnu.regexp.CharIndexed,gnu.regexp.REMatch)|>>,
  <<|java+class:///org/gjt/sp/jedit/syntax/ASPPerlscriptTokenMarker|,|java+class:///org/gjt/sp/jedit/syntax/TokenMarker|>,220,<|java+field:///org/gjt/sp/jedit/syntax/TokenMarker/lineInfo|,|java+method:///org/gjt/sp/jedit/syntax/ASPPerlscriptTokenMarker/markTokensImpl(byte,javax.swing.text.Segment,int)|>>,
  <<|java+class:///org/gjt/sp/jedit/syntax/ASPPerlscriptTokenMarker|,|java+class:///org/gjt/sp/jedit/syntax/TokenMarker|>,220,<|java+method:///org/gjt/sp/jedit/syntax/TokenMarker/addToken(int,byte)|,|java+method:///org/gjt/sp/jedit/syntax/ASPPerlscriptTokenMarker/addToken(int,byte)|>>,
  <<|java+class:///org/jext/oneclick/OneAutoIndent|,|java+class:///org/jext/MenuAction|>,220,<|java+method:///org/jext/MenuAction/getTextArea(java.util.EventObject)|,|java+method:///org/jext/oneclick/OneAutoIndent/oneClickActionPerformed(java.awt.event.ActionEvent)|>>,
  <<|java+class:///org/gjt/sp/jedit/syntax/MakefileTokenMarker|,|java+class:///org/gjt/sp/jedit/syntax/TokenMarker|>,220,<|java+method:///org/gjt/sp/jedit/syntax/TokenMarker/addToken(int,byte)|,|java+method:///org/gjt/sp/jedit/syntax/MakefileTokenMarker/markTokensImpl(byte,javax.swing.text.Segment,int)|>>,
  <<|java+class:///gnu/regexp/RETokenLookAhead|,|java+class:///gnu/regexp/REToken|>,220,<|java+method:///gnu/regexp/REToken/next(gnu.regexp.CharIndexed,gnu.regexp.REMatch)|,|java+method:///gnu/regexp/RETokenLookAhead/match(gnu.regexp.CharIndexed,gnu.regexp.REMatch)|>>,
  <<|java+class:///gnu/regexp/RETokenLookAhead|,|java+class:///gnu/regexp/REToken|>,220,<|java+method:///gnu/regexp/REToken/match(gnu.regexp.CharIndexed,gnu.regexp.REMatch)|,|java+method:///gnu/regexp/RETokenLookAhead/match(gnu.regexp.CharIndexed,gnu.regexp.REMatch)|>>,
  <<|java+class:///gnu/regexp/RETokenLookAhead|,|java+class:///gnu/regexp/REToken|>,220,<|java+method:///gnu/regexp/REToken/dumpAll(java.lang.StringBuffer)|,|java+method:///gnu/regexp/RETokenLookAhead/dump(java.lang.StringBuffer)|>>,
  <<|java+class:///org/gjt/sp/jedit/syntax/PHPTokenMarker|,|java+class:///org/gjt/sp/jedit/syntax/TokenMarker|>,220,<|java+method:///org/gjt/sp/jedit/syntax/TokenMarker/addToken(int,byte,boolean)|,|java+method:///org/gjt/sp/jedit/syntax/PHPTokenMarker/addToken(int,byte,boolean)|>>,
  <<|java+class:///UML/Attribute|,|java+class:///UML/Element|>,220,<|java+field:///UML/Element/line|,|java+method:///UML/Attribute/toString(Options.DisplayIro)|>>,
  <<|java+class:///UML/Attribute|,|java+class:///UML/Element|>,220,<|java+field:///UML/Element/mod|,|java+method:///UML/Attribute/toString(Options.DisplayIro)|>>,
  <<|java+class:///UML/Attribute|,|java+class:///UML/Element|>,220,<|java+field:///UML/Element/name|,|java+method:///UML/Attribute/toString(Options.DisplayIro)|>>,
  <<|java+class:///UML/Attribute|,|java+class:///UML/Element|>,220,<|java+field:///UML/Element/name|,|java+method:///UML/Attribute/isPrimitive()|>>,
  <<|java+class:///UML/Attribute|,|java+class:///UML/Element|>,220,<|java+field:///UML/Element/mod|,|java+method:///UML/Attribute/isVisible(Options.FilterIro)|>>,
  <<|java+class:///UML/Attribute|,|java+class:///UML/Element|>,220,<|java+field:///UML/Element/line|,|java+method:///UML/Attribute/toString()|>>,
  <<|java+class:///UML/Attribute|,|java+class:///UML/Element|>,220,<|java+field:///UML/Element/name|,|java+method:///UML/Attribute/toString()|>>,
  <<|java+class:///BeautifierOptions|,|java+class:///org/jext/gui/AbstractOptionPane|>,220,<|java+method:///org/jext/gui/AbstractOptionPane/addComponent(java.awt.Component)|,|java+constructor:///BeautifierOptions/BeautifierOptions()|>>,
  <<|java+class:///BeautifierOptions|,|java+class:///org/jext/gui/AbstractOptionPane|>,220,<|java+method:///org/jext/gui/AbstractOptionPane/addComponent(java.lang.String,java.awt.Component)|,|java+constructor:///BeautifierOptions/BeautifierOptions()|>>,
  <<|java+class:///org/jext/dawn/loop/ForFunction|,|java+class:///org/jext/dawn/Function|>,220,<|java+method:///org/jext/dawn/Function/invoke(org.jext.dawn.DawnParser)|,|java+method:///org/jext/dawn/loop/ForFunction/invoke(org.jext.dawn.DawnParser)|>>,
  <<|java+class:///gnu/regexp/RETokenPOSIX|,|java+class:///gnu/regexp/REToken|>,220,<|java+method:///gnu/regexp/REToken/next(gnu.regexp.CharIndexed,gnu.regexp.REMatch)|,|java+method:///gnu/regexp/RETokenPOSIX/match(gnu.regexp.CharIndexed,gnu.regexp.REMatch)|>>,
  <<|java+class:///PHPBrowse|,|java+class:///org/jext/MenuAction|>,220,<|java+method:///org/jext/MenuAction/getJextParent(java.util.EventObject)|,|java+method:///PHPBrowse/actionPerformed(java.awt.event.ActionEvent)|>>,
  <<|java+class:///PHPBrowse|,|java+class:///org/jext/MenuAction|>,220,<|java+method:///org/jext/MenuAction/getTextArea(java.util.EventObject)|,|java+method:///PHPBrowse/actionPerformed(java.awt.event.ActionEvent)|>>,
  <<|java+class:///org/jext/actions/CompleteWord|,|java+class:///org/jext/MenuAction|>,220,<|java+method:///org/jext/MenuAction/getJextParent(java.util.EventObject)|,|java+method:///org/jext/actions/CompleteWord/actionPerformed(java.awt.event.ActionEvent)|>>,
  <<|java+class:///org/jext/textarea/IndentOnTab|,|java+class:///org/jext/MenuAction|>,220,<|java+method:///org/jext/MenuAction/getTextArea(java.util.EventObject)|,|java+method:///org/jext/textarea/IndentOnTab/actionPerformed(java.awt.event.ActionEvent)|>>,
  <<|java+class:///HTMLIndenter|,|java+class:///org/jext/MenuAction|>,220,<|java+method:///org/jext/MenuAction/getTextArea(java.util.EventObject)|,|java+method:///HTMLIndenter/actionPerformed(java.awt.event.ActionEvent)|>>,
  <<|java+class:///org/gjt/sp/jedit/syntax/BatchFileTokenMarker|,|java+class:///org/gjt/sp/jedit/syntax/TokenMarker|>,220,<|java+method:///org/gjt/sp/jedit/syntax/TokenMarker/addToken(int,byte)|,|java+method:///org/gjt/sp/jedit/syntax/BatchFileTokenMarker/markTokensImpl(byte,javax.swing.text.Segment,int)|>>,
  <<|java+class:///PreviousTag|,|java+class:///org/jext/MenuAction|>,220,<|java+method:///org/jext/MenuAction/getTextArea(java.util.EventObject)|,|java+method:///PreviousTag/actionPerformed(java.awt.event.ActionEvent)|>>,
  <<|java+class:///org/jext/options/GutterOptions|,|java+class:///org/jext/gui/AbstractOptionPane|>,220,<|java+method:///org/jext/gui/AbstractOptionPane/addComponent(java.awt.Component)|,|java+constructor:///org/jext/options/GutterOptions/GutterOptions()|>>,
  <<|java+class:///org/jext/options/GutterOptions|,|java+class:///org/jext/gui/AbstractOptionPane|>,220,<|java+method:///org/jext/gui/AbstractOptionPane/addComponent(java.lang.String,java.awt.Component)|,|java+constructor:///org/jext/options/GutterOptions/GutterOptions()|>>,
  <<|java+class:///FindInFilesOptions|,|java+class:///org/jext/gui/AbstractOptionPane|>,220,<|java+method:///org/jext/gui/AbstractOptionPane/addComponent(java.awt.Component)|,|java+constructor:///FindInFilesOptions/FindInFilesOptions()|>>,
  <<|java+class:///org/jext/textarea/ScrollPageDown|,|java+class:///org/jext/MenuAction|>,220,<|java+method:///org/jext/MenuAction/getTextArea(java.util.EventObject)|,|java+method:///org/jext/textarea/ScrollPageDown/actionPerformed(java.awt.event.ActionEvent)|>>,
  <<|java+class:///org/jext/actions/OpenUrl|,|java+class:///org/jext/MenuAction|>,220,<|java+method:///org/jext/MenuAction/getJextParent(java.util.EventObject)|,|java+method:///org/jext/actions/OpenUrl/actionPerformed(java.awt.event.ActionEvent)|>>,
  <<|java+class:///org/jext/dawn/loop/DoLoopFunction|,|java+class:///org/jext/dawn/Function|>,220,<|java+method:///org/jext/dawn/Function/invoke(org.jext.dawn.DawnParser)|,|java+method:///org/jext/dawn/loop/DoLoopFunction/invoke(org.jext.dawn.DawnParser)|>>,
  <<|java+class:///org/gjt/sp/jedit/syntax/ASPVBScriptTokenMarker|,|java+class:///org/gjt/sp/jedit/syntax/TokenMarker|>,220,<|java+method:///org/gjt/sp/jedit/syntax/TokenMarker/addToken(int,byte)|,|java+method:///org/gjt/sp/jedit/syntax/ASPVBScriptTokenMarker/addToken(int,byte)|>>,
  <<|java+class:///org/gjt/sp/jedit/syntax/ASPVBScriptTokenMarker|,|java+class:///org/gjt/sp/jedit/syntax/TokenMarker|>,220,<|java+field:///org/gjt/sp/jedit/syntax/TokenMarker/lineInfo|,|java+method:///org/gjt/sp/jedit/syntax/ASPVBScriptTokenMarker/markTokensImpl(byte,javax.swing.text.Segment,int)|>>,
  <<|java+class:///org/jext/actions/WordCount|,|java+class:///org/jext/MenuAction|>,220,<|java+method:///org/jext/MenuAction/getJextParent(java.util.EventObject)|,|java+method:///org/jext/actions/WordCount/actionPerformed(java.awt.event.ActionEvent)|>>,
  <<|java+class:///org/jext/actions/WordCount|,|java+class:///org/jext/MenuAction|>,220,<|java+method:///org/jext/MenuAction/getTextArea(java.util.EventObject)|,|java+method:///org/jext/actions/WordCount/actionPerformed(java.awt.event.ActionEvent)|>>,
  <<|java+class:///org/gjt/sp/jedit/syntax/CSharpTokenMarker|,|java+class:///org/gjt/sp/jedit/syntax/TokenMarker|>,220,<|java+method:///org/gjt/sp/jedit/syntax/TokenMarker/addToken(int,byte)|,|java+method:///org/gjt/sp/jedit/syntax/CSharpTokenMarker/doKeyword(javax.swing.text.Segment,int,char)|>>,
  <<|java+class:///org/gjt/sp/jedit/syntax/CSharpTokenMarker|,|java+class:///org/gjt/sp/jedit/syntax/TokenMarker|>,220,<|java+method:///org/gjt/sp/jedit/syntax/TokenMarker/addToken(int,byte)|,|java+method:///org/gjt/sp/jedit/syntax/CSharpTokenMarker/markTokensImpl(byte,javax.swing.text.Segment,int)|>>,
  <<|java+class:///gnu/regexp/RETokenEndSub|,|java+class:///gnu/regexp/REToken|>,220,<|java+field:///gnu/regexp/REToken/subIndex|,|java+method:///gnu/regexp/RETokenEndSub/match(gnu.regexp.CharIndexed,gnu.regexp.REMatch)|>>,
  <<|java+class:///gnu/regexp/RETokenEndSub|,|java+class:///gnu/regexp/REToken|>,220,<|java+method:///gnu/regexp/REToken/next(gnu.regexp.CharIndexed,gnu.regexp.REMatch)|,|java+method:///gnu/regexp/RETokenEndSub/match(gnu.regexp.CharIndexed,gnu.regexp.REMatch)|>>,
  <<|java+class:///org/jext/dawn/test/IfFunction|,|java+class:///org/jext/dawn/Function|>,220,<|java+method:///org/jext/dawn/Function/invoke(org.jext.dawn.DawnParser)|,|java+method:///org/jext/dawn/test/IfFunction/invoke(org.jext.dawn.DawnParser)|>>,
  <<|java+class:///org/jext/actions/SpacesToTabs|,|java+class:///org/jext/MenuAction|>,220,<|java+method:///org/jext/MenuAction/getTextArea(java.util.EventObject)|,|java+method:///org/jext/actions/SpacesToTabs/actionPerformed(java.awt.event.ActionEvent)|>>,
  <<|java+class:///org/gjt/sp/jedit/syntax/SQRTokenMarker|,|java+class:///org/gjt/sp/jedit/syntax/TokenMarker|>,220,<|java+method:///org/gjt/sp/jedit/syntax/TokenMarker/addToken(int,byte)|,|java+method:///org/gjt/sp/jedit/syntax/SQRTokenMarker/doKeyword(javax.swing.text.Segment,int,char)|>>,
  <<|java+class:///org/gjt/sp/jedit/syntax/SQRTokenMarker|,|java+class:///org/gjt/sp/jedit/syntax/TokenMarker|>,220,<|java+method:///org/gjt/sp/jedit/syntax/TokenMarker/addToken(int,byte)|,|java+method:///org/gjt/sp/jedit/syntax/SQRTokenMarker/markTokensImpl(byte,javax.swing.text.Segment,int)|>>,
  <<|java+class:///UML/PackageMember|,|java+class:///UML/Element|>,220,<|java+field:///UML/Element/mod|,|java+method:///UML/PackageMember/isVisible(Options.FilterIro)|>>,
  <<|java+class:///UML/PackageMember|,|java+class:///UML/Element|>,220,<|java+field:///UML/Element/line|,|java+method:///UML/PackageMember/toString(Options.DisplayIro)|>>,
  <<|java+class:///UML/PackageMember|,|java+class:///UML/Element|>,220,<|java+field:///UML/Element/mod|,|java+method:///UML/PackageMember/toString(Options.DisplayIro)|>>,
  <<|java+class:///UML/PackageMember|,|java+class:///UML/Element|>,220,<|java+field:///UML/Element/name|,|java+method:///UML/PackageMember/toString(Options.DisplayIro)|>>,
  <<|java+class:///org/jext/actions/TabsToSpaces|,|java+class:///org/jext/MenuAction|>,220,<|java+method:///org/jext/MenuAction/getTextArea(java.util.EventObject)|,|java+method:///org/jext/actions/TabsToSpaces/actionPerformed(java.awt.event.ActionEvent)|>>,
  <<|java+class:///org/jext/textarea/IndentOnEnter|,|java+class:///org/jext/MenuAction|>,220,<|java+method:///org/jext/MenuAction/getTextArea(java.util.EventObject)|,|java+method:///org/jext/textarea/IndentOnEnter/actionPerformed(java.awt.event.ActionEvent)|>>,
  <<|java+class:///WheelMouseOptionPane|,|java+class:///org/jext/gui/AbstractOptionPane|>,220,<|java+method:///org/jext/gui/AbstractOptionPane/addComponent(java.awt.Component)|,|java+constructor:///WheelMouseOptionPane/WheelMouseOptionPane()|>>,
  <<|java+class:///WheelMouseOptionPane|,|java+class:///org/jext/gui/AbstractOptionPane|>,220,<|java+method:///org/jext/gui/AbstractOptionPane/addComponent(java.lang.String,java.awt.Component)|,|java+constructor:///WheelMouseOptionPane/WheelMouseOptionPane()|>>,
  <<|java+class:///org/jext/scripting/dawn/functions/CreateActionFunction/DawnAction|,|java+class:///org/jext/MenuAction|>,220,<|java+method:///org/jext/MenuAction/getJextParent(java.util.EventObject)|,|java+method:///org/jext/scripting/dawn/functions/CreateActionFunction/DawnAction/actionPerformed(java.awt.event.ActionEvent)|>>,
  <<|java+class:///org/jext/OneClickAction|,|java+class:///org/jext/MenuAction|>,220,<|java+method:///org/jext/MenuAction/getTextArea(java.util.EventObject)|,|java+method:///org/jext/OneClickAction/actionPerformed(java.awt.event.ActionEvent)|>>,
  <<|java+class:///org/gjt/sp/jedit/syntax/FortranTokenMarker|,|java+class:///org/gjt/sp/jedit/syntax/TokenMarker|>,220,<|java+method:///org/gjt/sp/jedit/syntax/TokenMarker/addToken(int,byte)|,|java+method:///org/gjt/sp/jedit/syntax/FortranTokenMarker/guardedAddToken(int,byte)|>>,
  <<|java+class:///org/gjt/sp/jedit/syntax/FortranTokenMarker|,|java+class:///org/gjt/sp/jedit/syntax/TokenMarker|>,220,<|java+method:///org/gjt/sp/jedit/syntax/TokenMarker/addToken(int,byte)|,|java+method:///org/gjt/sp/jedit/syntax/FortranTokenMarker/doKeyword(javax.swing.text.Segment,int)|>>,
  <<|java+class:///org/gjt/sp/jedit/syntax/FortranTokenMarker|,|java+class:///org/gjt/sp/jedit/syntax/TokenMarker|>,220,<|java+method:///org/gjt/sp/jedit/syntax/TokenMarker/addToken(int,byte)|,|java+method:///org/gjt/sp/jedit/syntax/FortranTokenMarker/markTokensImpl(byte,javax.swing.text.Segment,int)|>>,
  <<|java+class:///JBrowsePlugin/OpenAction|,|java+class:///org/jext/MenuAction|>,220,<|java+method:///org/jext/MenuAction/getJextParent(java.util.EventObject)|,|java+method:///JBrowsePlugin/OpenAction/actionPerformed(java.awt.event.ActionEvent)|>>,
  <<|java+class:///org/gjt/sp/jedit/syntax/CobolTokenMarker|,|java+class:///org/gjt/sp/jedit/syntax/TokenMarker|>,220,<|java+method:///org/gjt/sp/jedit/syntax/TokenMarker/addToken(int,byte)|,|java+method:///org/gjt/sp/jedit/syntax/CobolTokenMarker/doKeyword(javax.swing.text.Segment,int,char)|>>,
  <<|java+class:///org/gjt/sp/jedit/syntax/CobolTokenMarker|,|java+class:///org/gjt/sp/jedit/syntax/TokenMarker|>,220,<|java+method:///org/gjt/sp/jedit/syntax/TokenMarker/addToken(int,byte)|,|java+method:///org/gjt/sp/jedit/syntax/CobolTokenMarker/markTokensImpl(byte,javax.swing.text.Segment,int)|>>,
  <<|java+class:///UML/Throws|,|java+class:///UML/Element|>,220,<|java+field:///UML/Element/line|,|java+method:///UML/Throws/toString(Options.DisplayIro)|>>,
  <<|java+class:///UML/Throws|,|java+class:///UML/Element|>,220,<|java+field:///UML/Element/type|,|java+method:///UML/Throws/toString(Options.DisplayIro)|>>,
  <<|java+class:///UML/Throws|,|java+class:///UML/Element|>,220,<|java+field:///UML/Element/name|,|java+method:///UML/Throws/toString(Options.DisplayIro)|>>,
  <<|java+class:///org/jext/actions/RightIndent|,|java+class:///org/jext/MenuAction|>,220,<|java+method:///org/jext/MenuAction/getTextArea(java.util.EventObject)|,|java+method:///org/jext/actions/RightIndent/actionPerformed(java.awt.event.ActionEvent)|>>,
  <<|java+class:///NextTag|,|java+class:///org/jext/MenuAction|>,220,<|java+method:///org/jext/MenuAction/getTextArea(java.util.EventObject)|,|java+method:///NextTag/actionPerformed(java.awt.event.ActionEvent)|>>,
  <<|java+class:///BackStab|,|java+class:///UML/Element|>,220,<|java+field:///UML/Element/line|,|java+constructor:///BackStab/BackStab(UML.Element)|>>,
  <<|java+class:///BackStab|,|java+class:///UML/Element|>,220,<|java+field:///UML/Element/type|,|java+constructor:///BackStab/BackStab(UML.Element)|>>,
  <<|java+class:///BackStab|,|java+class:///UML/Element|>,220,<|java+field:///UML/Element/mod|,|java+constructor:///BackStab/BackStab(UML.Element)|>>,
  <<|java+class:///BackStab|,|java+class:///UML/Element|>,220,<|java+field:///UML/Element/parent|,|java+constructor:///BackStab/BackStab(UML.Element)|>>,
  <<|java+class:///BackStab|,|java+class:///UML/Element|>,220,<|java+field:///UML/Element/name|,|java+constructor:///BackStab/BackStab(UML.Element)|>>,
  <<|java+class:///BackStab|,|java+class:///UML/Element|>,220,<|java+field:///UML/Element/line|,|java+method:///BackStab/compareTo(java.lang.Object)|>>,
  <<|java+class:///BackStab|,|java+class:///UML/Element|>,220,<|java+field:///UML/Element/line|,|java+method:///BackStab/getLine(UML.Element)|>>,
  <<|java+class:///BackStab|,|java+class:///UML/Element|>,220,<|java+field:///UML/Element/line|,|java+method:///BackStab/toString()|>>,
  <<|java+class:///BackStab|,|java+class:///UML/Element|>,220,<|java+field:///UML/Element/name|,|java+method:///BackStab/toString()|>>,
  <<|java+class:///BackStab|,|java+class:///UML/Element|>,220,<|java+field:///UML/Element/line|,|java+method:///BackStab/getLine()|>>,
  <<|java+class:///org/jext/actions/JoinAllLines|,|java+class:///org/jext/MenuAction|>,220,<|java+method:///org/jext/MenuAction/getTextArea(java.util.EventObject)|,|java+method:///org/jext/actions/JoinAllLines/actionPerformed(java.awt.event.ActionEvent)|>>,
  <<|java+class:///org/gjt/sp/jedit/syntax/PLSQLTokenMarker|,|java+class:///org/gjt/sp/jedit/syntax/TSQLTokenMarker|>,220,<|java+field:///org/gjt/sp/jedit/syntax/TSQLTokenMarker/sqlKeywords|,|java+method:///org/gjt/sp/jedit/syntax/PLSQLTokenMarker/getKeywords()|>>,
  <<|java+class:///org/gjt/sp/jedit/syntax/JavaTokenMarker|,|java+class:///org/gjt/sp/jedit/syntax/CTokenMarker|>,220,<|java+method:///org/gjt/sp/jedit/syntax/CTokenMarker/doKeyword(javax.swing.text.Segment,int,char)|,|java+method:///org/gjt/sp/jedit/syntax/JavaTokenMarker/markTokensImpl(byte,javax.swing.text.Segment,int)|>>,
  <<|java+class:///org/gjt/sp/jedit/syntax/JavaTokenMarker|,|java+class:///org/gjt/sp/jedit/syntax/CTokenMarker|>,220,<|java+field:///org/gjt/sp/jedit/syntax/CTokenMarker/lastOffset|,|java+method:///org/gjt/sp/jedit/syntax/JavaTokenMarker/markTokensImpl(byte,javax.swing.text.Segment,int)|>>,
  <<|java+class:///org/gjt/sp/jedit/syntax/JavaTokenMarker|,|java+class:///org/gjt/sp/jedit/syntax/CTokenMarker|>,220,<|java+field:///org/gjt/sp/jedit/syntax/CTokenMarker/lastWhitespace|,|java+method:///org/gjt/sp/jedit/syntax/JavaTokenMarker/markTokensImpl(byte,javax.swing.text.Segment,int)|>>,
  <<|java+class:///org/gjt/sp/jedit/syntax/JavaTokenMarker|,|java+class:///org/gjt/sp/jedit/syntax/TokenMarker|>,220,<|java+method:///org/gjt/sp/jedit/syntax/TokenMarker/addToken(int,byte)|,|java+method:///org/gjt/sp/jedit/syntax/JavaTokenMarker/markTokensImpl(byte,javax.swing.text.Segment,int)|>>,
  <<|java+class:///org/gjt/sp/jedit/syntax/JavaTokenMarker|,|java+class:///org/gjt/sp/jedit/syntax/CTokenMarker|>,220,<|java+field:///org/gjt/sp/jedit/syntax/CTokenMarker/METHOD_DELIMITERS|,|java+method:///org/gjt/sp/jedit/syntax/JavaTokenMarker/markTokensImpl(byte,javax.swing.text.Segment,int)|>>,
  <<|java+class:///org/gjt/sp/jedit/syntax/JavaTokenMarker|,|java+class:///org/gjt/sp/jedit/syntax/CTokenMarker|>,220,<|java+field:///org/gjt/sp/jedit/syntax/CTokenMarker/lastKeyword|,|java+method:///org/gjt/sp/jedit/syntax/JavaTokenMarker/markTokensImpl(byte,javax.swing.text.Segment,int)|>>,
  <<|java+class:///org/gjt/sp/jedit/syntax/JavaTokenMarker|,|java+class:///org/gjt/sp/jedit/syntax/CTokenMarker|>,220,<|java+field:///org/gjt/sp/jedit/syntax/CTokenMarker/javadoc|,|java+method:///org/gjt/sp/jedit/syntax/JavaTokenMarker/markTokensImpl(byte,javax.swing.text.Segment,int)|>>,
  <<|java+class:///org/gjt/sp/jedit/syntax/PropsTokenMarker|,|java+class:///org/gjt/sp/jedit/syntax/TokenMarker|>,220,<|java+method:///org/gjt/sp/jedit/syntax/TokenMarker/addToken(int,byte)|,|java+method:///org/gjt/sp/jedit/syntax/PropsTokenMarker/markTokensImpl(byte,javax.swing.text.Segment,int)|>>,
  <<|java+class:///PHPBufferPartList|,|java+class:///PHPParser|>,220,<|java+method:///PHPParser/getIndice()|,|java+method:///PHPBufferPartList/P_DEBUT_PHP()|>>,
  <<|java+class:///PHPBufferPartList|,|java+class:///PHPParser|>,220,<|java+method:///PHPParser/getIndice()|,|java+method:///PHPBufferPartList/P_APRES()|>>,
  <<|java+class:///PHPBufferPartList|,|java+class:///PHPParser|>,220,<|java+field:///PHPParser/T_PHP|,|java+method:///PHPBufferPartList/P_APRES()|>>,
  <<|java+class:///PHPBufferPartList|,|java+class:///PHPParser|>,220,<|java+method:///PHPParser/testType(int)|,|java+method:///PHPBufferPartList/P_APRES()|>>,
  <<|java+class:///PHPBufferPartList|,|java+class:///PHPParser|>,220,<|java+method:///PHPParser/getIndice()|,|java+method:///PHPBufferPartList/P_FIN_PHP()|>>,
  <<|java+class:///org/jext/scripting/dawn/DawnLogWindow|,|java+class:///org/jext/scripting/AbstractLogWindow|>,220,<|java+field:///org/jext/scripting/AbstractLogWindow/parent|,|java+method:///org/jext/scripting/dawn/DawnLogWindow/actionPerformed(java.awt.event.ActionEvent)|>>,
  <<|java+class:///org/jext/scripting/dawn/DawnLogWindow|,|java+class:///org/jext/scripting/AbstractLogWindow|>,220,<|java+field:///org/jext/scripting/AbstractLogWindow/textArea|,|java+method:///org/jext/scripting/dawn/DawnLogWindow/actionPerformed(java.awt.event.ActionEvent)|>>,
  <<|java+class:///org/jext/scripting/dawn/DawnLogWindow|,|java+class:///org/jext/scripting/AbstractLogWindow|>,220,<|java+method:///org/jext/scripting/AbstractLogWindow/buildInstance(org.jext.scripting.AbstractLogWindow,java.lang.String,org.jext.JextFrame)|,|java+method:///org/jext/scripting/dawn/DawnLogWindow/getInstance(org.jext.JextFrame)|>>,
  <<|java+class:///org/jext/scripting/python/PythonLogWindow|,|java+class:///org/jext/scripting/AbstractLogWindow|>,220,<|java+field:///org/jext/scripting/AbstractLogWindow/contDock|,|java+method:///org/jext/scripting/python/PythonLogWindow/toggleDocking()|>>,
  <<|java+class:///org/jext/scripting/python/PythonLogWindow|,|java+class:///org/jext/scripting/AbstractLogWindow|>,220,<|java+field:///org/jext/scripting/AbstractLogWindow/contDock|,|java+method:///org/jext/scripting/python/PythonLogWindow/getInstance(org.jext.JextFrame)|>>,
  <<|java+class:///org/jext/scripting/python/PythonLogWindow|,|java+class:///org/jext/scripting/AbstractLogWindow|>,220,<|java+field:///org/jext/scripting/AbstractLogWindow/textArea|,|java+method:///org/jext/scripting/python/PythonLogWindow/actionPerformed(java.awt.event.ActionEvent)|>>,
  <<|java+class:///org/jext/scripting/python/PythonLogWindow|,|java+class:///org/jext/scripting/AbstractLogWindow|>,220,<|java+field:///org/jext/scripting/AbstractLogWindow/textArea|,|java+constructor:///org/jext/scripting/python/PythonLogWindow/PythonLogWindow(org.jext.JextFrame)|>>,
  <<|java+class:///UML/NestedMember|,|java+class:///UML/Element|>,220,<|java+field:///UML/Element/mod|,|java+method:///UML/NestedMember/isVisible(Options.FilterIro)|>>,
  <<|java+class:///UML/NestedMember|,|java+class:///UML/Element|>,220,<|java+field:///UML/Element/line|,|java+method:///UML/NestedMember/toString(Options.DisplayIro)|>>,
  <<|java+class:///UML/NestedMember|,|java+class:///UML/Element|>,220,<|java+method:///UML/Element/getParentElement()|,|java+method:///UML/NestedMember/toString(Options.DisplayIro)|>>,
  <<|java+class:///UML/NestedMember|,|java+class:///UML/Element|>,220,<|java+method:///UML/Element/getName()|,|java+method:///UML/NestedMember/toString(Options.DisplayIro)|>>,
  <<|java+class:///UML/NestedMember|,|java+class:///UML/Element|>,220,<|java+field:///UML/Element/mod|,|java+method:///UML/NestedMember/toString(Options.DisplayIro)|>>,
  <<|java+class:///UML/NestedMember|,|java+class:///UML/Element|>,220,<|java+field:///UML/Element/name|,|java+method:///UML/NestedMember/toString(Options.DisplayIro)|>>,
  <<|java+class:///PHPIndentPEAR|,|java+class:///PHPParser|>,220,<|java+method:///PHPParser/parse()|,|java+method:///PHPIndentPEAR/indent()|>>,
  <<|java+class:///PHPIndentPEAR|,|java+class:///PHPParser|>,220,<|java+field:///PHPParser/T_PHP|,|java+method:///PHPIndentPEAR/P_ESPACE()|>>,
  <<|java+class:///PHPIndentPEAR|,|java+class:///PHPParser|>,220,<|java+method:///PHPParser/testType(int)|,|java+method:///PHPIndentPEAR/P_ESPACE()|>>,
  <<|java+class:///PHPIndentPEAR|,|java+class:///PHPParser|>,220,<|java+field:///PHPParser/T_COM3|,|java+method:///PHPIndentPEAR/parseLigne()|>>,
  <<|java+class:///PHPIndentPEAR|,|java+class:///PHPParser|>,220,<|java+method:///PHPParser/testType(int)|,|java+method:///PHPIndentPEAR/parseLigne()|>>,
  <<|java+class:///PHPIndentPEAR|,|java+class:///PHPParser|>,220,<|java+method:///PHPParser/getStrLu()|,|java+method:///PHPIndentPEAR/P_FIN()|>>,
  <<|java+class:///PHPIndentPEAR|,|java+class:///PHPParser|>,220,<|java+field:///PHPParser/T_PHP|,|java+method:///PHPIndentPEAR/P_FIN()|>>,
  <<|java+class:///PHPIndentPEAR|,|java+class:///PHPParser|>,220,<|java+method:///PHPParser/testType(int)|,|java+method:///PHPIndentPEAR/P_FIN()|>>,
  <<|java+class:///PHPIndentPEAR|,|java+class:///PHPParser|>,220,<|java+field:///PHPParser/T_PHP|,|java+method:///PHPIndentPEAR/P_FIN_LIGNE()|>>,
  <<|java+class:///PHPIndentPEAR|,|java+class:///PHPParser|>,220,<|java+method:///PHPParser/testType(int)|,|java+method:///PHPIndentPEAR/P_FIN_LIGNE()|>>,
  <<|java+class:///org/jext/options/UIOptions|,|java+class:///org/jext/gui/AbstractOptionPane|>,220,<|java+method:///org/jext/gui/AbstractOptionPane/addComponent(java.awt.Component)|,|java+constructor:///org/jext/options/UIOptions/UIOptions()|>>,
  <<|java+class:///org/jext/options/UIOptions|,|java+class:///org/jext/gui/AbstractOptionPane|>,220,<|java+method:///org/jext/gui/AbstractOptionPane/addComponent(java.lang.String,java.awt.Component)|,|java+constructor:///org/jext/options/UIOptions/UIOptions()|>>,
  <<|java+class:///InsertClassName|,|java+class:///org/jext/MenuAction|>,220,<|java+method:///org/jext/MenuAction/getJextParent(java.util.EventObject)|,|java+method:///InsertClassName/actionPerformed(java.awt.event.ActionEvent)|>>,
  <<|java+class:///InsertClassName|,|java+class:///org/jext/MenuAction|>,220,<|java+method:///org/jext/MenuAction/getTextArea(java.util.EventObject)|,|java+method:///InsertClassName/actionPerformed(java.awt.event.ActionEvent)|>>,
  <<|java+class:///org/jext/dawn/loop/WhileFunction|,|java+class:///org/jext/dawn/Function|>,220,<|java+method:///org/jext/dawn/Function/invoke(org.jext.dawn.DawnParser)|,|java+method:///org/jext/dawn/loop/WhileFunction/invoke(org.jext.dawn.DawnParser)|>>,
  <<|java+class:///gnu/regexp/RETokenAny|,|java+class:///gnu/regexp/REToken|>,220,<|java+method:///gnu/regexp/REToken/next(gnu.regexp.CharIndexed,gnu.regexp.REMatch)|,|java+method:///gnu/regexp/RETokenAny/match(gnu.regexp.CharIndexed,gnu.regexp.REMatch)|>>,
  <<|java+class:///gnu/regexp/RETokenBackRef|,|java+class:///gnu/regexp/REToken|>,220,<|java+method:///gnu/regexp/REToken/next(gnu.regexp.CharIndexed,gnu.regexp.REMatch)|,|java+method:///gnu/regexp/RETokenBackRef/match(gnu.regexp.CharIndexed,gnu.regexp.REMatch)|>>,
  <<|java+class:///org/jext/actions/Print|,|java+class:///org/jext/MenuAction|>,220,<|java+method:///org/jext/MenuAction/getJextParent(java.util.EventObject)|,|java+method:///org/jext/actions/Print/actionPerformed(java.awt.event.ActionEvent)|>>,
  <<|java+class:///UML/Operation|,|java+class:///UML/Element|>,220,<|java+field:///UML/Element/mod|,|java+method:///UML/Operation/isVisible(Options.FilterIro)|>>,
  <<|java+class:///UML/Operation|,|java+class:///UML/Element|>,220,<|java+field:///UML/Element/mod|,|java+method:///UML/Operation/isBodyRequired()|>>,
  <<|java+class:///UML/Operation|,|java+class:///UML/Element|>,220,<|java+field:///UML/Element/line|,|java+method:///UML/Operation/toString(Options.DisplayIro)|>>,
  <<|java+class:///UML/Operation|,|java+class:///UML/Element|>,220,<|java+field:///UML/Element/mod|,|java+method:///UML/Operation/toString(Options.DisplayIro)|>>,
  <<|java+class:///UML/Operation|,|java+class:///UML/Element|>,220,<|java+field:///UML/Element/name|,|java+method:///UML/Operation/toString(Options.DisplayIro)|>>,
  <<|java+class:///UML/Operation|,|java+class:///UML/Element|>,220,<|java+field:///UML/Element/mod|,|java+method:///UML/Operation/isAbstract()|>>,
  <<|java+class:///UML/Operation|,|java+class:///UML/Element|>,220,<|java+method:///UML/Element/getParentElementType()|,|java+method:///UML/Operation/isAbstract()|>>,
  <<|java+class:///UML/Message|,|java+class:///UML/Element|>,220,<|java+field:///UML/Element/line|,|java+method:///UML/Message/toString(Options.DisplayIro)|>>,
  <<|java+class:///UML/Message|,|java+class:///UML/Element|>,220,<|java+field:///UML/Element/type|,|java+method:///UML/Message/toString(Options.DisplayIro)|>>,
  <<|java+class:///UML/Message|,|java+class:///UML/Element|>,220,<|java+field:///UML/Element/name|,|java+method:///UML/Message/toString(Options.DisplayIro)|>>,
  <<|java+class:///org/jext/actions/SimpleComment|,|java+class:///org/jext/MenuAction|>,220,<|java+method:///org/jext/MenuAction/getTextArea(java.util.EventObject)|,|java+method:///org/jext/actions/SimpleComment/actionPerformed(java.awt.event.ActionEvent)|>>,
  <<|java+class:///org/jext/actions/EndLine|,|java+class:///org/jext/MenuAction|>,220,<|java+method:///org/jext/MenuAction/getJextParent(java.util.EventObject)|,|java+method:///org/jext/actions/EndLine/actionPerformed(java.awt.event.ActionEvent)|>>,
  <<|java+class:///org/jext/actions/EndLine|,|java+class:///org/jext/MenuAction|>,220,<|java+method:///org/jext/MenuAction/getTextArea(java.util.EventObject)|,|java+method:///org/jext/actions/EndLine/actionPerformed(java.awt.event.ActionEvent)|>>,
  <<|java+class:///ClassBrowserOptions|,|java+class:///org/jext/gui/AbstractOptionPane|>,220,<|java+method:///org/jext/gui/AbstractOptionPane/addComponent(java.lang.String,java.awt.Component)|,|java+constructor:///ClassBrowserOptions/ClassBrowserOptions()|>>,
  <<|java+class:///org/gjt/sp/jedit/syntax/ASPJavascriptTokenMarker|,|java+class:///org/gjt/sp/jedit/syntax/TokenMarker|>,220,<|java+field:///org/gjt/sp/jedit/syntax/TokenMarker/lineInfo|,|java+method:///org/gjt/sp/jedit/syntax/ASPJavascriptTokenMarker/markTokensImpl(byte,javax.swing.text.Segment,int)|>>,
  <<|java+class:///org/gjt/sp/jedit/syntax/ASPJavascriptTokenMarker|,|java+class:///org/gjt/sp/jedit/syntax/TokenMarker|>,220,<|java+method:///org/gjt/sp/jedit/syntax/TokenMarker/addToken(int,byte)|,|java+method:///org/gjt/sp/jedit/syntax/ASPJavascriptTokenMarker/addToken(int,byte)|>>,
  <<|java+class:///org/jext/textarea/ScrollUp|,|java+class:///org/jext/MenuAction|>,220,<|java+method:///org/jext/MenuAction/getTextArea(java.util.EventObject)|,|java+method:///org/jext/textarea/ScrollUp/actionPerformed(java.awt.event.ActionEvent)|>>,
  <<|java+class:///ToAccents|,|java+class:///org/jext/MenuAction|>,220,<|java+method:///org/jext/MenuAction/getTextArea(java.util.EventObject)|,|java+method:///ToAccents/actionPerformed(java.awt.event.ActionEvent)|>>,
  <<|java+class:///org/jext/dawn/err/TryCatchFunction|,|java+class:///org/jext/dawn/Function|>,220,<|java+method:///org/jext/dawn/Function/invoke(org.jext.dawn.DawnParser)|,|java+method:///org/jext/dawn/err/TryCatchFunction/invoke(org.jext.dawn.DawnParser)|>>,
  <<|java+class:///org/jext/options/PrintOptions|,|java+class:///org/jext/gui/AbstractOptionPane|>,220,<|java+method:///org/jext/gui/AbstractOptionPane/addComponent(java.awt.Component)|,|java+constructor:///org/jext/options/PrintOptions/PrintOptions()|>>,
  <<|java+class:///org/jext/options/PrintOptions|,|java+class:///org/jext/gui/AbstractOptionPane|>,220,<|java+method:///org/jext/gui/AbstractOptionPane/addComponent(java.lang.String,java.awt.Component)|,|java+constructor:///org/jext/options/PrintOptions/PrintOptions()|>>,
  <<|java+class:///PHPIndenterBloc|,|java+class:///org/jext/MenuAction|>,220,<|java+method:///org/jext/MenuAction/getJextParent(java.util.EventObject)|,|java+method:///PHPIndenterBloc/actionPerformed(java.awt.event.ActionEvent)|>>,
  <<|java+class:///PHPIndenterBloc|,|java+class:///org/jext/MenuAction|>,220,<|java+method:///org/jext/MenuAction/getTextArea(java.util.EventObject)|,|java+method:///PHPIndenterBloc/actionPerformed(java.awt.event.ActionEvent)|>>,
  <<|java+class:///org/gjt/sp/jedit/syntax/PythonTokenMarker|,|java+class:///org/gjt/sp/jedit/syntax/TokenMarker|>,220,<|java+method:///org/gjt/sp/jedit/syntax/TokenMarker/addToken(int,byte)|,|java+method:///org/gjt/sp/jedit/syntax/PythonTokenMarker/markTokensImpl(byte,javax.swing.text.Segment,int)|>>,
  <<|java+class:///org/gjt/sp/jedit/syntax/PythonTokenMarker|,|java+class:///org/gjt/sp/jedit/syntax/TokenMarker|>,220,<|java+method:///org/gjt/sp/jedit/syntax/TokenMarker/addToken(int,byte)|,|java+method:///org/gjt/sp/jedit/syntax/PythonTokenMarker/doKeyword(javax.swing.text.Segment,int,char)|>>,
  <<|java+class:///org/gjt/sp/jedit/syntax/PlainTokenMarker|,|java+class:///org/gjt/sp/jedit/syntax/TokenMarker|>,220,<|java+method:///org/gjt/sp/jedit/syntax/TokenMarker/addToken(int,byte)|,|java+method:///org/gjt/sp/jedit/syntax/PlainTokenMarker/markTokensImpl(byte,javax.swing.text.Segment,int)|>>,
  <<|java+class:///TagsCompletionOptionPane|,|java+class:///org/jext/gui/AbstractOptionPane|>,220,<|java+method:///org/jext/gui/AbstractOptionPane/addComponent(java.awt.Component)|,|java+constructor:///TagsCompletionOptionPane/TagsCompletionOptionPane()|>>,
  <<|java+class:///org/gjt/sp/jedit/textarea/DefaultInputHandler|,|java+class:///org/gjt/sp/jedit/textarea/InputHandler|>,220,<|java+field:///org/gjt/sp/jedit/textarea/InputHandler/DELETE_WORD|,|java+method:///org/gjt/sp/jedit/textarea/DefaultInputHandler/addDefaultKeyBindings()|>>,
  <<|java+class:///org/gjt/sp/jedit/textarea/DefaultInputHandler|,|java+class:///org/gjt/sp/jedit/textarea/InputHandler|>,220,<|java+field:///org/gjt/sp/jedit/textarea/InputHandler/BACKSPACE|,|java+method:///org/gjt/sp/jedit/textarea/DefaultInputHandler/addDefaultKeyBindings()|>>,
  <<|java+class:///org/gjt/sp/jedit/textarea/DefaultInputHandler|,|java+class:///org/gjt/sp/jedit/textarea/InputHandler|>,220,<|java+field:///org/gjt/sp/jedit/textarea/InputHandler/DOCUMENT_HOME|,|java+method:///org/gjt/sp/jedit/textarea/DefaultInputHandler/addDefaultKeyBindings()|>>,
  <<|java+class:///org/gjt/sp/jedit/textarea/DefaultInputHandler|,|java+class:///org/gjt/sp/jedit/textarea/InputHandler|>,220,<|java+field:///org/gjt/sp/jedit/textarea/InputHandler/BACKSPACE_WORD|,|java+method:///org/gjt/sp/jedit/textarea/DefaultInputHandler/addDefaultKeyBindings()|>>,
  <<|java+class:///org/gjt/sp/jedit/textarea/DefaultInputHandler|,|java+class:///org/gjt/sp/jedit/textarea/InputHandler|>,220,<|java+field:///org/gjt/sp/jedit/textarea/InputHandler/OVERWRITE|,|java+method:///org/gjt/sp/jedit/textarea/DefaultInputHandler/addDefaultKeyBindings()|>>,
  <<|java+class:///org/gjt/sp/jedit/textarea/DefaultInputHandler|,|java+class:///org/gjt/sp/jedit/textarea/InputHandler|>,220,<|java+field:///org/gjt/sp/jedit/textarea/InputHandler/INSERT_TAB|,|java+method:///org/gjt/sp/jedit/textarea/DefaultInputHandler/addDefaultKeyBindings()|>>,
  <<|java+class:///org/gjt/sp/jedit/textarea/DefaultInputHandler|,|java+class:///org/gjt/sp/jedit/textarea/InputHandler|>,220,<|java+field:///org/gjt/sp/jedit/textarea/InputHandler/SELECT_DOC_END|,|java+method:///org/gjt/sp/jedit/textarea/DefaultInputHandler/addDefaultKeyBindings()|>>,
  <<|java+class:///org/gjt/sp/jedit/textarea/DefaultInputHandler|,|java+class:///org/gjt/sp/jedit/textarea/InputHandler|>,220,<|java+field:///org/gjt/sp/jedit/textarea/InputHandler/DOCUMENT_END|,|java+method:///org/gjt/sp/jedit/textarea/DefaultInputHandler/addDefaultKeyBindings()|>>,
  <<|java+class:///org/gjt/sp/jedit/textarea/DefaultInputHandler|,|java+class:///org/gjt/sp/jedit/textarea/InputHandler|>,220,<|java+field:///org/gjt/sp/jedit/textarea/InputHandler/INSERT_BREAK|,|java+method:///org/gjt/sp/jedit/textarea/DefaultInputHandler/addDefaultKeyBindings()|>>,
  <<|java+class:///org/gjt/sp/jedit/textarea/DefaultInputHandler|,|java+class:///org/gjt/sp/jedit/textarea/InputHandler|>,220,<|java+field:///org/gjt/sp/jedit/textarea/InputHandler/REPEAT|,|java+method:///org/gjt/sp/jedit/textarea/DefaultInputHandler/addDefaultKeyBindings()|>>,
  <<|java+class:///org/gjt/sp/jedit/textarea/DefaultInputHandler|,|java+class:///org/gjt/sp/jedit/textarea/InputHandler|>,220,<|java+field:///org/gjt/sp/jedit/textarea/InputHandler/NEXT_LINE|,|java+method:///org/gjt/sp/jedit/textarea/DefaultInputHandler/addDefaultKeyBindings()|>>,
  <<|java+class:///org/gjt/sp/jedit/textarea/DefaultInputHandler|,|java+class:///org/gjt/sp/jedit/textarea/InputHandler|>,220,<|java+field:///org/gjt/sp/jedit/textarea/InputHandler/PREV_LINE|,|java+method:///org/gjt/sp/jedit/textarea/DefaultInputHandler/addDefaultKeyBindings()|>>,
  <<|java+class:///org/gjt/sp/jedit/textarea/DefaultInputHandler|,|java+class:///org/gjt/sp/jedit/textarea/InputHandler|>,220,<|java+field:///org/gjt/sp/jedit/textarea/InputHandler/NEXT_CHAR|,|java+method:///org/gjt/sp/jedit/textarea/DefaultInputHandler/addDefaultKeyBindings()|>>,
  <<|java+class:///org/gjt/sp/jedit/textarea/DefaultInputHandler|,|java+class:///org/gjt/sp/jedit/textarea/InputHandler|>,220,<|java+field:///org/gjt/sp/jedit/textarea/InputHandler/PREV_CHAR|,|java+method:///org/gjt/sp/jedit/textarea/DefaultInputHandler/addDefaultKeyBindings()|>>,
  <<|java+class:///org/gjt/sp/jedit/textarea/DefaultInputHandler|,|java+class:///org/gjt/sp/jedit/textarea/InputHandler|>,220,<|java+field:///org/gjt/sp/jedit/textarea/InputHandler/SELECT_HOME|,|java+method:///org/gjt/sp/jedit/textarea/DefaultInputHandler/addDefaultKeyBindings()|>>,
  <<|java+class:///org/gjt/sp/jedit/textarea/DefaultInputHandler|,|java+class:///org/gjt/sp/jedit/textarea/InputHandler|>,220,<|java+field:///org/gjt/sp/jedit/textarea/InputHandler/DELETE|,|java+method:///org/gjt/sp/jedit/textarea/DefaultInputHandler/addDefaultKeyBindings()|>>,
  <<|java+class:///org/gjt/sp/jedit/textarea/DefaultInputHandler|,|java+class:///org/gjt/sp/jedit/textarea/InputHandler|>,220,<|java+field:///org/gjt/sp/jedit/textarea/InputHandler/SELECT_DOC_HOME|,|java+method:///org/gjt/sp/jedit/textarea/DefaultInputHandler/addDefaultKeyBindings()|>>,
  <<|java+class:///org/gjt/sp/jedit/textarea/DefaultInputHandler|,|java+class:///org/gjt/sp/jedit/textarea/InputHandler|>,220,<|java+field:///org/gjt/sp/jedit/textarea/InputHandler/SELECT_NEXT_WORD|,|java+method:///org/gjt/sp/jedit/textarea/DefaultInputHandler/addDefaultKeyBindings()|>>,
  <<|java+class:///org/gjt/sp/jedit/textarea/DefaultInputHandler|,|java+class:///org/gjt/sp/jedit/textarea/InputHandler|>,220,<|java+field:///org/gjt/sp/jedit/textarea/InputHandler/SELECT_PREV_WORD|,|java+method:///org/gjt/sp/jedit/textarea/DefaultInputHandler/addDefaultKeyBindings()|>>,
  <<|java+class:///org/gjt/sp/jedit/textarea/DefaultInputHandler|,|java+class:///org/gjt/sp/jedit/textarea/InputHandler|>,220,<|java+field:///org/gjt/sp/jedit/textarea/InputHandler/SELECT_PREV_PAGE|,|java+method:///org/gjt/sp/jedit/textarea/DefaultInputHandler/addDefaultKeyBindings()|>>,
  <<|java+class:///org/gjt/sp/jedit/textarea/DefaultInputHandler|,|java+class:///org/gjt/sp/jedit/textarea/InputHandler|>,220,<|java+field:///org/gjt/sp/jedit/textarea/InputHandler/SELECT_END|,|java+method:///org/gjt/sp/jedit/textarea/DefaultInputHandler/addDefaultKeyBindings()|>>,
  <<|java+class:///org/gjt/sp/jedit/textarea/DefaultInputHandler|,|java+class:///org/gjt/sp/jedit/textarea/InputHandler|>,220,<|java+field:///org/gjt/sp/jedit/textarea/InputHandler/NEXT_WORD|,|java+method:///org/gjt/sp/jedit/textarea/DefaultInputHandler/addDefaultKeyBindings()|>>,
  <<|java+class:///org/gjt/sp/jedit/textarea/DefaultInputHandler|,|java+class:///org/gjt/sp/jedit/textarea/InputHandler|>,220,<|java+field:///org/gjt/sp/jedit/textarea/InputHandler/PREV_WORD|,|java+method:///org/gjt/sp/jedit/textarea/DefaultInputHandler/addDefaultKeyBindings()|>>,
  <<|java+class:///org/gjt/sp/jedit/textarea/DefaultInputHandler|,|java+class:///org/gjt/sp/jedit/textarea/InputHandler|>,220,<|java+field:///org/gjt/sp/jedit/textarea/InputHandler/SELECT_NEXT_PAGE|,|java+method:///org/gjt/sp/jedit/textarea/DefaultInputHandler/addDefaultKeyBindings()|>>,
  <<|java+class:///org/gjt/sp/jedit/textarea/DefaultInputHandler|,|java+class:///org/gjt/sp/jedit/textarea/InputHandler|>,220,<|java+field:///org/gjt/sp/jedit/textarea/InputHandler/SELECT_NEXT_LINE|,|java+method:///org/gjt/sp/jedit/textarea/DefaultInputHandler/addDefaultKeyBindings()|>>,
  <<|java+class:///org/gjt/sp/jedit/textarea/DefaultInputHandler|,|java+class:///org/gjt/sp/jedit/textarea/InputHandler|>,220,<|java+field:///org/gjt/sp/jedit/textarea/InputHandler/NEXT_PAGE|,|java+method:///org/gjt/sp/jedit/textarea/DefaultInputHandler/addDefaultKeyBindings()|>>,
  <<|java+class:///org/gjt/sp/jedit/textarea/DefaultInputHandler|,|java+class:///org/gjt/sp/jedit/textarea/InputHandler|>,220,<|java+field:///org/gjt/sp/jedit/textarea/InputHandler/SELECT_PREV_LINE|,|java+method:///org/gjt/sp/jedit/textarea/DefaultInputHandler/addDefaultKeyBindings()|>>,
  <<|java+class:///org/gjt/sp/jedit/textarea/DefaultInputHandler|,|java+class:///org/gjt/sp/jedit/textarea/InputHandler|>,220,<|java+field:///org/gjt/sp/jedit/textarea/InputHandler/PREV_PAGE|,|java+method:///org/gjt/sp/jedit/textarea/DefaultInputHandler/addDefaultKeyBindings()|>>,
  <<|java+class:///org/gjt/sp/jedit/textarea/DefaultInputHandler|,|java+class:///org/gjt/sp/jedit/textarea/InputHandler|>,220,<|java+field:///org/gjt/sp/jedit/textarea/InputHandler/END|,|java+method:///org/gjt/sp/jedit/textarea/DefaultInputHandler/addDefaultKeyBindings()|>>,
  <<|java+class:///org/gjt/sp/jedit/textarea/DefaultInputHandler|,|java+class:///org/gjt/sp/jedit/textarea/InputHandler|>,220,<|java+field:///org/gjt/sp/jedit/textarea/InputHandler/SELECT_NEXT_CHAR|,|java+method:///org/gjt/sp/jedit/textarea/DefaultInputHandler/addDefaultKeyBindings()|>>,
  <<|java+class:///org/gjt/sp/jedit/textarea/DefaultInputHandler|,|java+class:///org/gjt/sp/jedit/textarea/InputHandler|>,220,<|java+field:///org/gjt/sp/jedit/textarea/InputHandler/SELECT_PREV_CHAR|,|java+method:///org/gjt/sp/jedit/textarea/DefaultInputHandler/addDefaultKeyBindings()|>>,
  <<|java+class:///org/gjt/sp/jedit/textarea/DefaultInputHandler|,|java+class:///org/gjt/sp/jedit/textarea/InputHandler|>,220,<|java+field:///org/gjt/sp/jedit/textarea/InputHandler/HOME|,|java+method:///org/gjt/sp/jedit/textarea/DefaultInputHandler/addDefaultKeyBindings()|>>,
  <<|java+class:///org/gjt/sp/jedit/textarea/DefaultInputHandler|,|java+class:///org/gjt/sp/jedit/textarea/InputHandler|>,220,<|java+method:///org/gjt/sp/jedit/textarea/InputHandler/getTextArea(java.util.EventObject)|,|java+method:///org/gjt/sp/jedit/textarea/DefaultInputHandler/keyTyped(java.awt.event.KeyEvent)|>>,
  <<|java+class:///org/gjt/sp/jedit/textarea/DefaultInputHandler|,|java+class:///org/gjt/sp/jedit/textarea/InputHandler|>,220,<|java+method:///org/gjt/sp/jedit/textarea/InputHandler/executeOneClickAction(org.jext.OneClickAction,java.lang.Object,java.lang.String)|,|java+method:///org/gjt/sp/jedit/textarea/DefaultInputHandler/keyTyped(java.awt.event.KeyEvent)|>>,
  <<|java+class:///org/gjt/sp/jedit/textarea/DefaultInputHandler|,|java+class:///org/gjt/sp/jedit/textarea/InputHandler|>,220,<|java+method:///org/gjt/sp/jedit/textarea/InputHandler/setRepeatCount(int)|,|java+method:///org/gjt/sp/jedit/textarea/DefaultInputHandler/keyTyped(java.awt.event.KeyEvent)|>>,
  <<|java+class:///org/gjt/sp/jedit/textarea/DefaultInputHandler|,|java+class:///org/gjt/sp/jedit/textarea/InputHandler|>,220,<|java+method:///org/gjt/sp/jedit/textarea/InputHandler/executeAction(java.awt.event.ActionListener,java.lang.Object,java.lang.String)|,|java+method:///org/gjt/sp/jedit/textarea/DefaultInputHandler/keyTyped(java.awt.event.KeyEvent)|>>,
  <<|java+class:///org/gjt/sp/jedit/textarea/DefaultInputHandler|,|java+class:///org/gjt/sp/jedit/textarea/InputHandler|>,220,<|java+field:///org/gjt/sp/jedit/textarea/InputHandler/repeatCount|,|java+method:///org/gjt/sp/jedit/textarea/DefaultInputHandler/keyTyped(java.awt.event.KeyEvent)|>>,
  <<|java+class:///org/gjt/sp/jedit/textarea/DefaultInputHandler|,|java+class:///org/gjt/sp/jedit/textarea/InputHandler|>,220,<|java+method:///org/gjt/sp/jedit/textarea/InputHandler/handleGrabAction(java.awt.event.KeyEvent)|,|java+method:///org/gjt/sp/jedit/textarea/DefaultInputHandler/keyTyped(java.awt.event.KeyEvent)|>>,
  <<|java+class:///org/gjt/sp/jedit/textarea/DefaultInputHandler|,|java+class:///org/gjt/sp/jedit/textarea/InputHandler|>,220,<|java+field:///org/gjt/sp/jedit/textarea/InputHandler/repeat|,|java+method:///org/gjt/sp/jedit/textarea/DefaultInputHandler/keyTyped(java.awt.event.KeyEvent)|>>,
  <<|java+class:///org/gjt/sp/jedit/textarea/DefaultInputHandler|,|java+class:///org/gjt/sp/jedit/textarea/InputHandler|>,220,<|java+field:///org/gjt/sp/jedit/textarea/InputHandler/grabAction|,|java+method:///org/gjt/sp/jedit/textarea/DefaultInputHandler/keyTyped(java.awt.event.KeyEvent)|>>,
  <<|java+class:///org/gjt/sp/jedit/textarea/DefaultInputHandler|,|java+class:///org/gjt/sp/jedit/textarea/InputHandler|>,220,<|java+field:///org/gjt/sp/jedit/textarea/InputHandler/inputAction|,|java+method:///org/gjt/sp/jedit/textarea/DefaultInputHandler/keyTyped(java.awt.event.KeyEvent)|>>,
  <<|java+class:///org/gjt/sp/jedit/textarea/DefaultInputHandler|,|java+class:///org/gjt/sp/jedit/textarea/InputHandler|>,220,<|java+method:///org/gjt/sp/jedit/textarea/InputHandler/getTextArea(java.util.EventObject)|,|java+method:///org/gjt/sp/jedit/textarea/DefaultInputHandler/keyPressed(java.awt.event.KeyEvent)|>>,
  <<|java+class:///org/gjt/sp/jedit/textarea/DefaultInputHandler|,|java+class:///org/gjt/sp/jedit/textarea/InputHandler|>,220,<|java+field:///org/gjt/sp/jedit/textarea/InputHandler/grabAction|,|java+method:///org/gjt/sp/jedit/textarea/DefaultInputHandler/keyPressed(java.awt.event.KeyEvent)|>>,
  <<|java+class:///org/gjt/sp/jedit/textarea/DefaultInputHandler|,|java+class:///org/gjt/sp/jedit/textarea/InputHandler|>,220,<|java+method:///org/gjt/sp/jedit/textarea/InputHandler/executeAction(java.awt.event.ActionListener,java.lang.Object,java.lang.String)|,|java+method:///org/gjt/sp/jedit/textarea/DefaultInputHandler/keyPressed(java.awt.event.KeyEvent)|>>,
  <<|java+class:///org/gjt/sp/jedit/textarea/DefaultInputHandler|,|java+class:///org/gjt/sp/jedit/textarea/InputHandler|>,220,<|java+field:///org/gjt/sp/jedit/textarea/InputHandler/repeatCount|,|java+method:///org/gjt/sp/jedit/textarea/DefaultInputHandler/keyPressed(java.awt.event.KeyEvent)|>>,
  <<|java+class:///org/gjt/sp/jedit/textarea/DefaultInputHandler|,|java+class:///org/gjt/sp/jedit/textarea/InputHandler|>,220,<|java+method:///org/gjt/sp/jedit/textarea/InputHandler/handleGrabAction(java.awt.event.KeyEvent)|,|java+method:///org/gjt/sp/jedit/textarea/DefaultInputHandler/keyPressed(java.awt.event.KeyEvent)|>>,
  <<|java+class:///org/gjt/sp/jedit/textarea/DefaultInputHandler|,|java+class:///org/gjt/sp/jedit/textarea/InputHandler|>,220,<|java+field:///org/gjt/sp/jedit/textarea/InputHandler/repeat|,|java+method:///org/gjt/sp/jedit/textarea/DefaultInputHandler/keyPressed(java.awt.event.KeyEvent)|>>,
  <<|java+class:///org/jext/project/DefaultProjectManager|,|java+class:///org/jext/project/AbstractProjectManager|>,220,<|java+method:///org/jext/project/AbstractProjectManager/fireProjectEvent(org.jext.project.ProjectEvent)|,|java+method:///org/jext/project/DefaultProjectManager/setCurrentProjectFromWorkspace()|>>,
  <<|java+class:///org/jext/project/DefaultProjectManager|,|java+class:///org/jext/project/AbstractProjectManager|>,220,<|java+method:///org/jext/project/AbstractProjectManager/fireProjectEvent(org.jext.project.ProjectEvent)|,|java+method:///org/jext/project/DefaultProjectManager/jextEventFired(org.jext.event.JextEvent)|>>,
  <<|java+class:///org/jext/project/DefaultProjectManager|,|java+class:///org/jext/project/AbstractProjectManager|>,220,<|java+method:///org/jext/project/AbstractProjectManager/fireProjectEvent(org.jext.project.ProjectEvent)|,|java+method:///org/jext/project/DefaultProjectManager/loadFromWorkspaces()|>>,
  <<|java+class:///PHPBrowseTabParser|,|java+class:///PHPParser|>,220,<|java+method:///PHPParser/getIndice()|,|java+method:///PHPBrowseTabParser/parseLigne()|>>,
  <<|java+class:///PHPBrowseTabParser|,|java+class:///PHPParser|>,220,<|java+field:///PHPParser/T_COM1|,|java+method:///PHPBrowseTabParser/P_FIN()|>>,
  <<|java+class:///PHPBrowseTabParser|,|java+class:///PHPParser|>,220,<|java+field:///PHPParser/T_COM2|,|java+method:///PHPBrowseTabParser/P_FIN()|>>,
  <<|java+class:///PHPBrowseTabParser|,|java+class:///PHPParser|>,220,<|java+field:///PHPParser/T_COM3|,|java+method:///PHPBrowseTabParser/P_FIN()|>>,
  <<|java+class:///PHPBrowseTabParser|,|java+class:///PHPParser|>,220,<|java+method:///PHPParser/getStrLu()|,|java+method:///PHPBrowseTabParser/P_FIN()|>>,
  <<|java+class:///PHPBrowseTabParser|,|java+class:///PHPParser|>,220,<|java+field:///PHPParser/T_PHP|,|java+method:///PHPBrowseTabParser/P_FIN()|>>,
  <<|java+class:///PHPBrowseTabParser|,|java+class:///PHPParser|>,220,<|java+method:///PHPParser/testType(int)|,|java+method:///PHPBrowseTabParser/P_FIN()|>>,
  <<|java+class:///JBrowseOptionPane|,|java+class:///org/jext/gui/AbstractOptionPane|>,220,<|java+method:///org/jext/gui/AbstractOptionPane/getName()|,|java+method:///JBrowseOptionPane/initGui()|>>,
  <<|java+class:///JBrowseOptionPane|,|java+class:///org/jext/gui/AbstractOptionPane|>,220,<|java+field:///org/jext/gui/AbstractOptionPane/gridBag|,|java+constructor:///JBrowseOptionPane/JBrowseOptionPane(java.lang.String)|>>,
  <<|java+class:///JBrowseOptionPane|,|java+class:///org/jext/gui/AbstractOptionPane|>,220,<|java+field:///org/jext/gui/AbstractOptionPane/y|,|java+method:///JBrowseOptionPane/addComponent(java.awt.Component)|>>,
  <<|java+class:///JBrowseOptionPane|,|java+class:///org/jext/gui/AbstractOptionPane|>,220,<|java+field:///org/jext/gui/AbstractOptionPane/gridBag|,|java+method:///JBrowseOptionPane/addComponent(java.awt.Component)|>>,
  <<|java+class:///JBrowseOptionPane|,|java+class:///org/jext/gui/AbstractOptionPane|>,220,<|java+field:///org/jext/gui/AbstractOptionPane/gridBag|,|java+constructor:///JBrowseOptionPane/JBrowseOptionPane()|>>,
  <<|java+class:///PHPIndenter|,|java+class:///org/jext/MenuAction|>,220,<|java+method:///org/jext/MenuAction/getJextParent(java.util.EventObject)|,|java+method:///PHPIndenter/actionPerformed(java.awt.event.ActionEvent)|>>,
  <<|java+class:///PHPIndenter|,|java+class:///org/jext/MenuAction|>,220,<|java+method:///org/jext/MenuAction/getTextArea(java.util.EventObject)|,|java+method:///PHPIndenter/actionPerformed(java.awt.event.ActionEvent)|>>,
  <<|java+class:///org/gjt/sp/jedit/syntax/VHDLTokenMarker|,|java+class:///org/gjt/sp/jedit/syntax/TokenMarker|>,220,<|java+method:///org/gjt/sp/jedit/syntax/TokenMarker/addToken(int,byte)|,|java+method:///org/gjt/sp/jedit/syntax/VHDLTokenMarker/doKeyword(javax.swing.text.Segment,int,char)|>>,
  <<|java+class:///org/gjt/sp/jedit/syntax/VHDLTokenMarker|,|java+class:///org/gjt/sp/jedit/syntax/TokenMarker|>,220,<|java+method:///org/gjt/sp/jedit/syntax/TokenMarker/addToken(int,byte)|,|java+method:///org/gjt/sp/jedit/syntax/VHDLTokenMarker/markTokensImpl(byte,javax.swing.text.Segment,int)|>>,
  <<|java+class:///org/gjt/sp/jedit/syntax/RubyTokenMarker|,|java+class:///org/gjt/sp/jedit/syntax/TokenMarker|>,220,<|java+method:///org/gjt/sp/jedit/syntax/TokenMarker/addToken(int,byte)|,|java+method:///org/gjt/sp/jedit/syntax/RubyTokenMarker/doKeyword(javax.swing.text.Segment,int,char)|>>,
  <<|java+class:///org/gjt/sp/jedit/syntax/RubyTokenMarker|,|java+class:///org/gjt/sp/jedit/syntax/TokenMarker|>,220,<|java+method:///org/gjt/sp/jedit/syntax/TokenMarker/addToken(int,byte)|,|java+method:///org/gjt/sp/jedit/syntax/RubyTokenMarker/markTokensImpl(byte,javax.swing.text.Segment,int)|>>,
  <<|java+class:///org/jext/options/EditorOptions|,|java+class:///org/jext/gui/AbstractOptionPane|>,220,<|java+method:///org/jext/gui/AbstractOptionPane/addComponent(java.awt.Component)|,|java+constructor:///org/jext/options/EditorOptions/EditorOptions()|>>,
  <<|java+class:///org/jext/options/EditorOptions|,|java+class:///org/jext/gui/AbstractOptionPane|>,220,<|java+method:///org/jext/gui/AbstractOptionPane/addComponent(java.lang.String,java.awt.Component)|,|java+constructor:///org/jext/options/EditorOptions/EditorOptions()|>>,
  <<|java+class:///org/gjt/sp/jedit/syntax/PatchTokenMarker|,|java+class:///org/gjt/sp/jedit/syntax/TokenMarker|>,220,<|java+method:///org/gjt/sp/jedit/syntax/TokenMarker/addToken(int,byte)|,|java+method:///org/gjt/sp/jedit/syntax/PatchTokenMarker/markTokensImpl(byte,javax.swing.text.Segment,int)|>>,
  <<|java+class:///PHPComplete|,|java+class:///org/jext/MenuAction|>,220,<|java+method:///org/jext/MenuAction/getTextArea(java.util.EventObject)|,|java+method:///PHPComplete/actionPerformed(java.awt.event.ActionEvent)|>>,
  <<|java+class:///org/gjt/sp/jedit/syntax/TSQLTokenMarker|,|java+class:///org/gjt/sp/jedit/syntax/TokenMarker|>,220,<|java+method:///org/gjt/sp/jedit/syntax/TokenMarker/addToken(int,byte)|,|java+method:///org/gjt/sp/jedit/syntax/TSQLTokenMarker/doKeyword(javax.swing.text.Segment,int,char)|>>,
  <<|java+class:///org/gjt/sp/jedit/syntax/TSQLTokenMarker|,|java+class:///org/gjt/sp/jedit/syntax/TokenMarker|>,220,<|java+method:///org/gjt/sp/jedit/syntax/TokenMarker/addToken(int,byte)|,|java+method:///org/gjt/sp/jedit/syntax/TSQLTokenMarker/markTokensImpl(byte,javax.swing.text.Segment,int)|>>,
  <<|java+class:///org/gjt/sp/jedit/syntax/JSPTokenMarker|,|java+class:///org/gjt/sp/jedit/syntax/TokenMarker|>,220,<|java+method:///org/gjt/sp/jedit/syntax/TokenMarker/addToken(int,byte)|,|java+method:///org/gjt/sp/jedit/syntax/JSPTokenMarker/markTokensImpl(byte,javax.swing.text.Segment,int)|>>,
  <<|java+class:///org/gjt/sp/jedit/syntax/JSPTokenMarker|,|java+class:///org/gjt/sp/jedit/syntax/TokenMarker|>,220,<|java+method:///org/gjt/sp/jedit/syntax/TokenMarker/addToken(int,byte)|,|java+method:///org/gjt/sp/jedit/syntax/JSPTokenMarker/doKeyword(javax.swing.text.Segment,int,char,boolean)|>>,
  <<|java+class:///org/gjt/sp/jedit/syntax/TeXTokenMarker|,|java+class:///org/gjt/sp/jedit/syntax/TokenMarker|>,220,<|java+method:///org/gjt/sp/jedit/syntax/TokenMarker/addToken(int,byte)|,|java+method:///org/gjt/sp/jedit/syntax/TeXTokenMarker/markTokensImpl(byte,javax.swing.text.Segment,int)|>>,
  <<|java+class:///org/jext/actions/LeftIndent|,|java+class:///org/jext/MenuAction|>,220,<|java+method:///org/jext/MenuAction/getTextArea(java.util.EventObject)|,|java+method:///org/jext/actions/LeftIndent/actionPerformed(java.awt.event.ActionEvent)|>>,
  <<|java+class:///PHPBeautifierBloc|,|java+class:///org/jext/MenuAction|>,220,<|java+method:///org/jext/MenuAction/getJextParent(java.util.EventObject)|,|java+method:///PHPBeautifierBloc/actionPerformed(java.awt.event.ActionEvent)|>>,
  <<|java+class:///PHPBeautifierBloc|,|java+class:///org/jext/MenuAction|>,220,<|java+method:///org/jext/MenuAction/getTextArea(java.util.EventObject)|,|java+method:///PHPBeautifierBloc/actionPerformed(java.awt.event.ActionEvent)|>>,
  <<|java+class:///PHPIndentPHP|,|java+class:///PHPParser|>,220,<|java+method:///PHPParser/parse()|,|java+method:///PHPIndentPHP/indent()|>>,
  <<|java+class:///PHPIndentPHP|,|java+class:///PHPParser|>,220,<|java+method:///PHPParser/getStrLu()|,|java+method:///PHPIndentPHP/P_FIN()|>>,
  <<|java+class:///PHPIndentPHP|,|java+class:///PHPParser|>,220,<|java+field:///PHPParser/T_PHP|,|java+method:///PHPIndentPHP/P_FIN()|>>,
  <<|java+class:///PHPIndentPHP|,|java+class:///PHPParser|>,220,<|java+method:///PHPParser/testType(int)|,|java+method:///PHPIndentPHP/P_FIN()|>>,
  <<|java+class:///gnu/regexp/RETokenWordBoundary|,|java+class:///gnu/regexp/REToken|>,220,<|java+method:///gnu/regexp/REToken/next(gnu.regexp.CharIndexed,gnu.regexp.REMatch)|,|java+method:///gnu/regexp/RETokenWordBoundary/match(gnu.regexp.CharIndexed,gnu.regexp.REMatch)|>>,
  <<|java+class:///org/jext/dawn/util/EvalFunction|,|java+class:///org/jext/dawn/Function|>,220,<|java+method:///org/jext/dawn/Function/invoke(org.jext.dawn.DawnParser)|,|java+method:///org/jext/dawn/util/EvalFunction/invoke(org.jext.dawn.DawnParser)|>>,
  <<|java+class:///org/jext/actions/SimpleUnComment|,|java+class:///org/jext/MenuAction|>,220,<|java+method:///org/jext/MenuAction/getTextArea(java.util.EventObject)|,|java+method:///org/jext/actions/SimpleUnComment/actionPerformed(java.awt.event.ActionEvent)|>>,
  <<|java+class:///org/jext/actions/BoxComment|,|java+class:///org/jext/MenuAction|>,220,<|java+method:///org/jext/MenuAction/getTextArea(java.util.EventObject)|,|java+method:///org/jext/actions/BoxComment/actionPerformed(java.awt.event.ActionEvent)|>>,
  <<|java+class:///org/jext/misc/DownloaderThread|,|java+class:///org/jext/misc/CopyThread|>,220,<|java+field:///org/jext/misc/CopyThread/in|,|java+method:///org/jext/misc/DownloaderThread/work()|>>,
  <<|java+class:///org/jext/misc/DownloaderThread|,|java+class:///org/jext/misc/CopyThread|>,220,<|java+method:///org/jext/misc/CopyThread/work()|,|java+method:///org/jext/misc/DownloaderThread/work()|>>,
  <<|java+class:///org/jext/misc/DownloaderThread|,|java+class:///org/jext/misc/CopyThread|>,220,<|java+field:///org/jext/misc/CopyThread/out|,|java+method:///org/jext/misc/DownloaderThread/work()|>>,
  <<|java+class:///org/jext/actions/WingComment|,|java+class:///org/jext/MenuAction|>,220,<|java+method:///org/jext/MenuAction/getTextArea(java.util.EventObject)|,|java+method:///org/jext/actions/WingComment/actionPerformed(java.awt.event.ActionEvent)|>>,
  <<|java+class:///IndenterOptionPane|,|java+class:///org/jext/gui/AbstractOptionPane|>,220,<|java+method:///org/jext/gui/AbstractOptionPane/addComponent(java.awt.Component)|,|java+constructor:///IndenterOptionPane/IndenterOptionPane()|>>,
  <<|java+class:///IndenterOptionPane|,|java+class:///org/jext/gui/AbstractOptionPane|>,220,<|java+method:///org/jext/gui/AbstractOptionPane/addComponent(java.lang.String,java.awt.Component)|,|java+constructor:///IndenterOptionPane/IndenterOptionPane()|>>,
  <<|java+class:///org/jext/options/GeneralOptions|,|java+class:///org/jext/gui/AbstractOptionPane|>,220,<|java+method:///org/jext/gui/AbstractOptionPane/addComponent(java.awt.Component)|,|java+constructor:///org/jext/options/GeneralOptions/GeneralOptions()|>>,
  <<|java+class:///org/jext/options/GeneralOptions|,|java+class:///org/jext/gui/AbstractOptionPane|>,220,<|java+method:///org/jext/gui/AbstractOptionPane/addComponent(java.lang.String,java.awt.Component)|,|java+constructor:///org/jext/options/GeneralOptions/GeneralOptions()|>>,
  <<|java+class:///AutoExpander|,|java+class:///org/jext/MenuAction|>,220,<|java+method:///org/jext/MenuAction/getTextArea(java.util.EventObject)|,|java+method:///AutoExpander/actionPerformed(java.awt.event.ActionEvent)|>>,
  <<|java+class:///org/jext/actions/JoinLines|,|java+class:///org/jext/MenuAction|>,220,<|java+method:///org/jext/MenuAction/getTextArea(java.util.EventObject)|,|java+method:///org/jext/actions/JoinLines/actionPerformed(java.awt.event.ActionEvent)|>>,
  <<|java+class:///PHPBeautifier|,|java+class:///org/jext/MenuAction|>,220,<|java+method:///org/jext/MenuAction/getJextParent(java.util.EventObject)|,|java+method:///PHPBeautifier/actionPerformed(java.awt.event.ActionEvent)|>>,
  <<|java+class:///PHPBeautifier|,|java+class:///org/jext/MenuAction|>,220,<|java+method:///org/jext/MenuAction/getTextArea(java.util.EventObject)|,|java+method:///PHPBeautifier/actionPerformed(java.awt.event.ActionEvent)|>>,
  <<|java+class:///KLNFOptionPane|,|java+class:///org/jext/gui/AbstractOptionPane|>,220,<|java+method:///org/jext/gui/AbstractOptionPane/addComponent(java.awt.Component)|,|java+constructor:///KLNFOptionPane/KLNFOptionPane()|>>,
  <<|java+class:///org/jext/actions/ToLowerCase|,|java+class:///org/jext/MenuAction|>,220,<|java+method:///org/jext/MenuAction/getTextArea(java.util.EventObject)|,|java+method:///org/jext/actions/ToLowerCase/actionPerformed(java.awt.event.ActionEvent)|>>,
  <<|java+class:///org/jext/actions/CreateTemplate|,|java+class:///org/jext/MenuAction|>,220,<|java+method:///org/jext/MenuAction/getJextParent(java.util.EventObject)|,|java+method:///org/jext/actions/CreateTemplate/actionPerformed(java.awt.event.ActionEvent)|>>,
  <<|java+class:///gnu/regexp/RETokenChar|,|java+class:///gnu/regexp/REToken|>,220,<|java+method:///gnu/regexp/REToken/chain(gnu.regexp.REToken)|,|java+method:///gnu/regexp/RETokenChar/chain(gnu.regexp.REToken)|>>,
  <<|java+class:///gnu/regexp/RETokenChar|,|java+class:///gnu/regexp/REToken|>,220,<|java+method:///gnu/regexp/REToken/next(gnu.regexp.CharIndexed,gnu.regexp.REMatch)|,|java+method:///gnu/regexp/RETokenChar/match(gnu.regexp.CharIndexed,gnu.regexp.REMatch)|>>,
  <<|java+class:///FunnyBrackets|,|java+class:///org/jext/MenuAction|>,220,<|java+method:///org/jext/MenuAction/getJextParent(java.util.EventObject)|,|java+method:///FunnyBrackets/actionPerformed(java.awt.event.ActionEvent)|>>,
  <<|java+class:///FunnyBrackets|,|java+class:///org/jext/MenuAction|>,220,<|java+method:///org/jext/MenuAction/getTextArea(java.util.EventObject)|,|java+method:///FunnyBrackets/actionPerformed(java.awt.event.ActionEvent)|>>,
  <<|java+class:///org/jext/textarea/ScrollDown|,|java+class:///org/jext/MenuAction|>,220,<|java+method:///org/jext/MenuAction/getTextArea(java.util.EventObject)|,|java+method:///org/jext/textarea/ScrollDown/actionPerformed(java.awt.event.ActionEvent)|>>,
  <<|java+class:///org/jext/project/DefaultProjectManager/DefaultProject|,|java+class:///org/jext/project/AbstractProject|>,220,<|java+field:///org/jext/project/AbstractProject/name|,|java+method:///org/jext/project/DefaultProjectManager/DefaultProject/openFile(java.io.File)|>>,
  <<|java+class:///org/jext/project/DefaultProjectManager/DefaultProject|,|java+class:///org/jext/project/AbstractProject|>,220,<|java+field:///org/jext/project/AbstractProject/name|,|java+method:///org/jext/project/DefaultProjectManager/DefaultProject/closeFile(java.io.File)|>>,
  <<|java+class:///org/jext/project/DefaultProjectManager/DefaultProject|,|java+class:///org/jext/project/AbstractProject|>,220,<|java+method:///org/jext/project/AbstractProject/fireProjectEvent(int)|,|java+constructor:///org/jext/project/DefaultProjectManager/DefaultProject/DefaultProject(org.jext.misc.Workspaces.WorkspaceElement)|>>,
  <<|java+class:///org/jext/project/DefaultProjectManager/DefaultProject|,|java+class:///org/jext/project/AbstractProject|>,220,<|java+field:///org/jext/project/AbstractProject/name|,|java+method:///org/jext/project/DefaultProjectManager/DefaultProject/equals(java.lang.Object)|>>,
  <<|java+class:///org/jext/project/DefaultProjectManager/DefaultProject|,|java+class:///org/jext/project/AbstractProject|>,220,<|java+field:///org/jext/project/AbstractProject/name|,|java+method:///org/jext/project/DefaultProjectManager/DefaultProject/toString()|>>,
  <<|java+class:///org/jext/project/DefaultProjectManager/DefaultProject|,|java+class:///org/jext/project/AbstractProject|>,220,<|java+field:///org/jext/project/AbstractProject/name|,|java+method:///org/jext/project/DefaultProjectManager/DefaultProject/hashCode()|>>,
  <<|java+class:///UML/Generalization|,|java+class:///UML/Element|>,220,<|java+field:///UML/Element/line|,|java+method:///UML/Generalization/toString(Options.DisplayIro)|>>,
  <<|java+class:///UML/Generalization|,|java+class:///UML/Element|>,220,<|java+field:///UML/Element/type|,|java+method:///UML/Generalization/toString(Options.DisplayIro)|>>,
  <<|java+class:///UML/Generalization|,|java+class:///UML/Element|>,220,<|java+field:///UML/Element/parent|,|java+method:///UML/Generalization/toString(Options.DisplayIro)|>>,
  <<|java+class:///UML/Generalization|,|java+class:///UML/Element|>,220,<|java+field:///UML/Element/name|,|java+method:///UML/Generalization/toString(Options.DisplayIro)|>>,
  <<|java+class:///UML/Generalization|,|java+class:///UML/Element|>,220,<|java+method:///UML/Element/isClass()|,|java+method:///UML/Generalization/toString(Options.DisplayIro)|>>,
  <<|java+class:///org/gjt/sp/jedit/syntax/CTokenMarker|,|java+class:///org/gjt/sp/jedit/syntax/TokenMarker|>,220,<|java+method:///org/gjt/sp/jedit/syntax/TokenMarker/addToken(int,byte)|,|java+method:///org/gjt/sp/jedit/syntax/CTokenMarker/doKeyword(javax.swing.text.Segment,int,char)|>>,
  <<|java+class:///org/gjt/sp/jedit/syntax/CTokenMarker|,|java+class:///org/gjt/sp/jedit/syntax/TokenMarker|>,220,<|java+method:///org/gjt/sp/jedit/syntax/TokenMarker/addToken(int,byte)|,|java+method:///org/gjt/sp/jedit/syntax/CTokenMarker/markTokensImpl(byte,javax.swing.text.Segment,int)|>>,
  <<|java+class:///org/jext/actions/ToUpperCase|,|java+class:///org/jext/MenuAction|>,220,<|java+method:///org/jext/MenuAction/getTextArea(java.util.EventObject)|,|java+method:///org/jext/actions/ToUpperCase/actionPerformed(java.awt.event.ActionEvent)|>>,
  <<|java+class:///org/gjt/sp/jedit/syntax/DawnTokenMarker|,|java+class:///org/gjt/sp/jedit/syntax/TokenMarker|>,220,<|java+method:///org/gjt/sp/jedit/syntax/TokenMarker/addToken(int,byte)|,|java+method:///org/gjt/sp/jedit/syntax/DawnTokenMarker/markTokensImpl(byte,javax.swing.text.Segment,int)|>>,
  <<|java+class:///org/gjt/sp/jedit/syntax/DawnTokenMarker|,|java+class:///org/gjt/sp/jedit/syntax/TokenMarker|>,220,<|java+method:///org/gjt/sp/jedit/syntax/TokenMarker/addToken(int,byte)|,|java+method:///org/gjt/sp/jedit/syntax/DawnTokenMarker/doKeyword(javax.swing.text.Segment,int,char)|>>,
  <<|java+class:///gnu/regexp/RE|,|java+class:///gnu/regexp/REToken|>,220,<|java+method:///gnu/regexp/REToken/chain(gnu.regexp.REToken)|,|java+method:///gnu/regexp/RE/chain(gnu.regexp.REToken)|>>,
  <<|java+class:///gnu/regexp/RE|,|java+class:///gnu/regexp/REToken|>,220,<|java+method:///gnu/regexp/REToken/getMinimumLength()|,|java+method:///gnu/regexp/RE/addToken(gnu.regexp.REToken)|>>,
  <<|java+class:///gnu/regexp/RE|,|java+class:///gnu/regexp/REToken|>,220,<|java+method:///gnu/regexp/REToken/chain(gnu.regexp.REToken)|,|java+method:///gnu/regexp/RE/addToken(gnu.regexp.REToken)|>>,
  <<|java+class:///gnu/regexp/RE|,|java+class:///gnu/regexp/REToken|>,220,<|java+field:///gnu/regexp/REToken/subIndex|,|java+method:///gnu/regexp/RE/dump(java.lang.StringBuffer)|>>,
  <<|java+class:///gnu/regexp/RE|,|java+class:///gnu/regexp/REToken|>,220,<|java+method:///gnu/regexp/REToken/dumpAll(java.lang.StringBuffer)|,|java+method:///gnu/regexp/RE/dump(java.lang.StringBuffer)|>>,
  <<|java+class:///gnu/regexp/RE|,|java+class:///gnu/regexp/REToken|>,220,<|java+method:///gnu/regexp/REToken/match(gnu.regexp.CharIndexed,gnu.regexp.REMatch)|,|java+method:///gnu/regexp/RE/isMatchImpl(gnu.regexp.CharIndexed,int,int)|>>,
  <<|java+class:///gnu/regexp/RE|,|java+class:///gnu/regexp/REToken|>,220,<|java+method:///gnu/regexp/REToken/setUncle(gnu.regexp.REToken)|,|java+method:///gnu/regexp/RE/setUncle(gnu.regexp.REToken)|>>,
  <<|java+class:///gnu/regexp/RE|,|java+class:///gnu/regexp/REToken|>,220,<|java+field:///gnu/regexp/REToken/subIndex|,|java+method:///gnu/regexp/RE/initialize(java.lang.Object,int,gnu.regexp.RESyntax,int,int)|>>,
  <<|java+class:///gnu/regexp/RE|,|java+class:///gnu/regexp/REToken|>,220,<|java+method:///gnu/regexp/REToken/getMinimumLength()|,|java+method:///gnu/regexp/RE/initialize(java.lang.Object,int,gnu.regexp.RESyntax,int,int)|>>,
  <<|java+class:///gnu/regexp/RE|,|java+class:///gnu/regexp/REToken|>,220,<|java+field:///gnu/regexp/REToken/subIndex|,|java+method:///gnu/regexp/RE/setRepeated(gnu.regexp.REToken,int,int,int)|>>,
  <<|java+class:///gnu/regexp/RE|,|java+class:///gnu/regexp/REToken|>,220,<|java+field:///gnu/regexp/REToken/subIndex|,|java+method:///gnu/regexp/RE/match(gnu.regexp.CharIndexed,gnu.regexp.REMatch)|>>,
  <<|java+class:///gnu/regexp/RE|,|java+class:///gnu/regexp/REToken|>,220,<|java+method:///gnu/regexp/REToken/next(gnu.regexp.CharIndexed,gnu.regexp.REMatch)|,|java+method:///gnu/regexp/RE/match(gnu.regexp.CharIndexed,gnu.regexp.REMatch)|>>,
  <<|java+class:///gnu/regexp/RE|,|java+class:///gnu/regexp/REToken|>,220,<|java+method:///gnu/regexp/REToken/match(gnu.regexp.CharIndexed,gnu.regexp.REMatch)|,|java+method:///gnu/regexp/RE/match(gnu.regexp.CharIndexed,gnu.regexp.REMatch)|>>,
  <<|java+class:///org/jext/textarea/NextLineIndent|,|java+class:///org/jext/MenuAction|>,220,<|java+method:///org/jext/MenuAction/getTextArea(java.util.EventObject)|,|java+method:///org/jext/textarea/NextLineIndent/actionPerformed(java.awt.event.ActionEvent)|>>,
  <<|java+class:///gnu/regexp/RETokenRepeated|,|java+class:///gnu/regexp/REToken|>,220,<|java+method:///gnu/regexp/REToken/next(gnu.regexp.CharIndexed,gnu.regexp.REMatch)|,|java+method:///gnu/regexp/RETokenRepeated/matchRest(gnu.regexp.CharIndexed,gnu.regexp.REMatch)|>>,
  <<|java+class:///gnu/regexp/RETokenRepeated|,|java+class:///gnu/regexp/REToken|>,220,<|java+method:///gnu/regexp/REToken/getMinimumLength()|,|java+method:///gnu/regexp/RETokenRepeated/getMinimumLength()|>>,
  <<|java+class:///gnu/regexp/RETokenRepeated|,|java+class:///gnu/regexp/REToken|>,220,<|java+method:///gnu/regexp/REToken/match(gnu.regexp.CharIndexed,gnu.regexp.REMatch)|,|java+method:///gnu/regexp/RETokenRepeated/match(gnu.regexp.CharIndexed,gnu.regexp.REMatch)|>>,
  <<|java+class:///gnu/regexp/RETokenRepeated|,|java+class:///gnu/regexp/REToken|>,220,<|java+method:///gnu/regexp/REToken/dumpAll(java.lang.StringBuffer)|,|java+method:///gnu/regexp/RETokenRepeated/dump(java.lang.StringBuffer)|>>,
  <<|java+class:///org/jext/textarea/PrevLineIndent|,|java+class:///org/jext/MenuAction|>,220,<|java+method:///org/jext/MenuAction/getTextArea(java.util.EventObject)|,|java+method:///org/jext/textarea/PrevLineIndent/actionPerformed(java.awt.event.ActionEvent)|>>,
  <<|java+class:///org/gjt/sp/jedit/syntax/SAP2000TokenMarker|,|java+class:///org/gjt/sp/jedit/syntax/TokenMarker|>,220,<|java+method:///org/gjt/sp/jedit/syntax/TokenMarker/addToken(int,byte)|,|java+method:///org/gjt/sp/jedit/syntax/SAP2000TokenMarker/markTokensImpl(byte,javax.swing.text.Segment,int)|>>,
  <<|java+class:///org/gjt/sp/jedit/syntax/SAP2000TokenMarker|,|java+class:///org/gjt/sp/jedit/syntax/TokenMarker|>,220,<|java+method:///org/gjt/sp/jedit/syntax/TokenMarker/addToken(int,byte)|,|java+method:///org/gjt/sp/jedit/syntax/SAP2000TokenMarker/doKeyword(javax.swing.text.Segment,int,char)|>>,
  <<|java+class:///gnu/regexp/UncheckedRE|,|java+class:///gnu/regexp/RE|>,220,<|java+method:///gnu/regexp/RE/initialize(java.lang.Object,int,gnu.regexp.RESyntax,int,int)|,|java+constructor:///gnu/regexp/UncheckedRE/UncheckedRE(java.lang.Object,int,gnu.regexp.RESyntax)|>>,
  <<|java+class:///gnu/regexp/RETokenEnd|,|java+class:///gnu/regexp/REToken|>,220,<|java+method:///gnu/regexp/REToken/next(gnu.regexp.CharIndexed,gnu.regexp.REMatch)|,|java+method:///gnu/regexp/RETokenEnd/match(gnu.regexp.CharIndexed,gnu.regexp.REMatch)|>>,
  <<|java+class:///Beautifier|,|java+class:///org/jext/MenuAction|>,220,<|java+method:///org/jext/MenuAction/getTextArea(java.util.EventObject)|,|java+method:///Beautifier/actionPerformed(java.awt.event.ActionEvent)|>>,
  <<|java+class:///org/gjt/sp/jedit/syntax/LATTokenMarker|,|java+class:///org/gjt/sp/jedit/syntax/TokenMarker|>,220,<|java+method:///org/gjt/sp/jedit/syntax/TokenMarker/addToken(int,byte)|,|java+method:///org/gjt/sp/jedit/syntax/LATTokenMarker/markTokensImpl(byte,javax.swing.text.Segment,int)|>>,
  <<|java+class:///org/gjt/sp/jedit/syntax/LATTokenMarker|,|java+class:///org/gjt/sp/jedit/syntax/TokenMarker|>,220,<|java+method:///org/gjt/sp/jedit/syntax/TokenMarker/addToken(int,byte)|,|java+method:///org/gjt/sp/jedit/syntax/LATTokenMarker/doKeyword(javax.swing.text.Segment,int,char)|>>,
  <<|java+class:///ToEntities|,|java+class:///org/jext/MenuAction|>,220,<|java+method:///org/jext/MenuAction/getTextArea(java.util.EventObject)|,|java+method:///ToEntities/actionPerformed(java.awt.event.ActionEvent)|>>,
  <<|java+class:///org/gjt/sp/jedit/syntax/VerilogTokenMarker|,|java+class:///org/gjt/sp/jedit/syntax/TokenMarker|>,220,<|java+method:///org/gjt/sp/jedit/syntax/TokenMarker/addToken(int,byte)|,|java+method:///org/gjt/sp/jedit/syntax/VerilogTokenMarker/doKeyword(javax.swing.text.Segment,int,char)|>>,
  <<|java+class:///org/gjt/sp/jedit/syntax/VerilogTokenMarker|,|java+class:///org/gjt/sp/jedit/syntax/TokenMarker|>,220,<|java+method:///org/gjt/sp/jedit/syntax/TokenMarker/addToken(int,byte)|,|java+method:///org/gjt/sp/jedit/syntax/VerilogTokenMarker/markTokensImpl(byte,javax.swing.text.Segment,int)|>>,
  <<|java+class:///PHPModifierSelection|,|java+class:///PHPModifier|>,220,<|java+field:///PHPModifier/mode|,|java+method:///PHPModifierSelection/modifier(org.jext.JextTextArea)|>>,
  <<|java+class:///org/gjt/sp/jedit/syntax/ASPTokenMarker|,|java+class:///org/gjt/sp/jedit/syntax/TokenMarker|>,220,<|java+method:///org/gjt/sp/jedit/syntax/TokenMarker/addToken(int,byte)|,|java+method:///org/gjt/sp/jedit/syntax/ASPTokenMarker/addToken(int,byte)|>>,
  <<|java+class:///org/gjt/sp/jedit/syntax/ASPTokenMarker|,|java+class:///org/gjt/sp/jedit/syntax/TokenMarker|>,220,<|java+field:///org/gjt/sp/jedit/syntax/TokenMarker/lineInfo|,|java+method:///org/gjt/sp/jedit/syntax/ASPTokenMarker/markTokensImpl(byte,javax.swing.text.Segment,int)|>>,
  <<|java+class:///gnu/regexp/RETokenRange|,|java+class:///gnu/regexp/REToken|>,220,<|java+method:///gnu/regexp/REToken/next(gnu.regexp.CharIndexed,gnu.regexp.REMatch)|,|java+method:///gnu/regexp/RETokenRange/match(gnu.regexp.CharIndexed,gnu.regexp.REMatch)|>>,
  <<|java+class:///HyperTyperHotkey|,|java+class:///org/jext/MenuAction|>,220,<|java+method:///org/jext/MenuAction/getTextArea(java.util.EventObject)|,|java+method:///HyperTyperHotkey/actionPerformed(java.awt.event.ActionEvent)|>>,
  <<|java+class:///org/jext/actions/BeginLine|,|java+class:///org/jext/MenuAction|>,220,<|java+method:///org/jext/MenuAction/getJextParent(java.util.EventObject)|,|java+method:///org/jext/actions/BeginLine/actionPerformed(java.awt.event.ActionEvent)|>>,
  <<|java+class:///org/jext/actions/BeginLine|,|java+class:///org/jext/MenuAction|>,220,<|java+method:///org/jext/MenuAction/getTextArea(java.util.EventObject)|,|java+method:///org/jext/actions/BeginLine/actionPerformed(java.awt.event.ActionEvent)|>>,
  <<|java+class:///gnu/regexp/RETokenOneOf|,|java+class:///gnu/regexp/REToken|>,220,<|java+method:///gnu/regexp/REToken/getMinimumLength()|,|java+method:///gnu/regexp/RETokenOneOf/getMinimumLength()|>>,
  <<|java+class:///gnu/regexp/RETokenOneOf|,|java+class:///gnu/regexp/REToken|>,220,<|java+method:///gnu/regexp/REToken/next(gnu.regexp.CharIndexed,gnu.regexp.REMatch)|,|java+method:///gnu/regexp/RETokenOneOf/match(gnu.regexp.CharIndexed,gnu.regexp.REMatch)|>>,
  <<|java+class:///gnu/regexp/RETokenOneOf|,|java+class:///gnu/regexp/REToken|>,220,<|java+method:///gnu/regexp/REToken/match(gnu.regexp.CharIndexed,gnu.regexp.REMatch)|,|java+method:///gnu/regexp/RETokenOneOf/match(gnu.regexp.CharIndexed,gnu.regexp.REMatch)|>>,
  <<|java+class:///gnu/regexp/RETokenOneOf|,|java+class:///gnu/regexp/REToken|>,220,<|java+method:///gnu/regexp/REToken/dumpAll(java.lang.StringBuffer)|,|java+method:///gnu/regexp/RETokenOneOf/dump(java.lang.StringBuffer)|>>,
  <<|java+class:///org/jext/actions/CompleteWordAll|,|java+class:///org/jext/MenuAction|>,220,<|java+method:///org/jext/MenuAction/getJextParent(java.util.EventObject)|,|java+method:///org/jext/actions/CompleteWordAll/actionPerformed(java.awt.event.ActionEvent)|>>,
  <<|java+class:///PHPModifierFichier|,|java+class:///PHPModifier|>,220,<|java+field:///PHPModifier/mode|,|java+method:///PHPModifierFichier/modifier(org.jext.JextTextArea)|>>,
  <<|java+class:///PHPQuickOpen|,|java+class:///org/jext/MenuAction|>,220,<|java+method:///org/jext/MenuAction/getJextParent(java.util.EventObject)|,|java+method:///PHPQuickOpen/actionPerformed(java.awt.event.ActionEvent)|>>,
  <<|java+class:///PHPQuickOpen|,|java+class:///org/jext/MenuAction|>,220,<|java+method:///org/jext/MenuAction/getTextArea(java.util.EventObject)|,|java+method:///PHPQuickOpen/actionPerformed(java.awt.event.ActionEvent)|>>,
  <<|java+class:///org/jext/textarea/ScrollPageUp|,|java+class:///org/jext/MenuAction|>,220,<|java+method:///org/jext/MenuAction/getTextArea(java.util.EventObject)|,|java+method:///org/jext/textarea/ScrollPageUp/actionPerformed(java.awt.event.ActionEvent)|>>,
  <<|java+class:///org/jext/options/SecurityOptions|,|java+class:///org/jext/gui/AbstractOptionPane|>,220,<|java+method:///org/jext/gui/AbstractOptionPane/addComponent(java.awt.Component)|,|java+constructor:///org/jext/options/SecurityOptions/SecurityOptions()|>>,
  <<|java+class:///org/gjt/sp/jedit/syntax/ShellScriptTokenMarker|,|java+class:///org/gjt/sp/jedit/syntax/TokenMarker|>,220,<|java+field:///org/gjt/sp/jedit/syntax/TokenMarker/lineInfo|,|java+method:///org/gjt/sp/jedit/syntax/ShellScriptTokenMarker/markTokensImpl(byte,javax.swing.text.Segment,int)|>>,
  <<|java+class:///org/gjt/sp/jedit/syntax/ShellScriptTokenMarker|,|java+class:///org/gjt/sp/jedit/syntax/TokenMarker|>,220,<|java+method:///org/gjt/sp/jedit/syntax/TokenMarker/addToken(int,byte)|,|java+method:///org/gjt/sp/jedit/syntax/ShellScriptTokenMarker/markTokensImpl(byte,javax.swing.text.Segment,int)|>>,
  <<|java+class:///org/jext/JextTextArea|,|java+class:///org/gjt/sp/jedit/textarea/JEditTextArea|>,220,<|java+field:///org/gjt/sp/jedit/textarea/JEditTextArea/document|,|java+method:///org/jext/JextTextArea/setTabSize(int)|>>,
  <<|java+class:///org/jext/JextTextArea|,|java+class:///org/gjt/sp/jedit/textarea/JEditTextArea|>,220,<|java+method:///org/gjt/sp/jedit/textarea/JEditTextArea/getCaretPosition()|,|java+method:///org/jext/JextTextArea/setAnchor()|>>,
  <<|java+class:///org/jext/JextTextArea|,|java+class:///org/gjt/sp/jedit/textarea/JEditTextArea|>,220,<|java+field:///org/gjt/sp/jedit/textarea/JEditTextArea/document|,|java+method:///org/jext/JextTextArea/setAnchor()|>>,
  <<|java+class:///org/jext/JextTextArea|,|java+class:///org/gjt/sp/jedit/textarea/JEditTextArea|>,220,<|java+method:///org/gjt/sp/jedit/textarea/JEditTextArea/setCaretPosition(int)|,|java+method:///org/jext/JextTextArea/gotoAnchor()|>>,
  <<|java+class:///org/jext/JextTextArea|,|java+class:///org/gjt/sp/jedit/textarea/JEditTextArea|>,220,<|java+method:///org/gjt/sp/jedit/textarea/JEditTextArea/getText()|,|java+method:///org/jext/JextTextArea/zipContent()|>>,
  <<|java+class:///org/jext/JextTextArea|,|java+class:///org/gjt/sp/jedit/textarea/JEditTextArea|>,220,<|java+field:///org/gjt/sp/jedit/textarea/JEditTextArea/document|,|java+method:///org/jext/JextTextArea/save(java.lang.String)|>>,
  <<|java+class:///org/jext/JextTextArea|,|java+class:///org/gjt/sp/jedit/textarea/JEditTextArea|>,220,<|java+method:///org/gjt/sp/jedit/textarea/JEditTextArea/setDocument(org.gjt.sp.jedit.syntax.SyntaxDocument)|,|java+method:///org/jext/JextTextArea/setDocument(org.gjt.sp.jedit.syntax.SyntaxDocument)|>>,
  <<|java+class:///org/jext/JextTextArea|,|java+class:///org/gjt/sp/jedit/textarea/JEditTextArea|>,220,<|java+field:///org/gjt/sp/jedit/textarea/JEditTextArea/document|,|java+method:///org/jext/JextTextArea/newFile()|>>,
  <<|java+class:///org/jext/JextTextArea|,|java+class:///org/gjt/sp/jedit/textarea/JEditTextArea|>,220,<|java+method:///org/gjt/sp/jedit/textarea/JEditTextArea/setEditable(boolean)|,|java+method:///org/jext/JextTextArea/newFile()|>>,
  <<|java+class:///org/jext/JextTextArea|,|java+class:///org/gjt/sp/jedit/textarea/JEditTextArea|>,220,<|java+method:///org/gjt/sp/jedit/textarea/JEditTextArea/setText(java.lang.String)|,|java+method:///org/jext/JextTextArea/newFile()|>>,
  <<|java+class:///org/jext/JextTextArea|,|java+class:///org/gjt/sp/jedit/textarea/JEditTextArea|>,220,<|java+method:///org/gjt/sp/jedit/textarea/JEditTextArea/isEditable()|,|java+method:///org/jext/JextTextArea/saveContent()|>>,
  <<|java+class:///org/jext/JextTextArea|,|java+class:///org/gjt/sp/jedit/textarea/JEditTextArea|>,220,<|java+method:///org/gjt/sp/jedit/textarea/JEditTextArea/getPainter()|,|java+method:///org/jext/JextTextArea/initSearchHighlight()|>>,
  <<|java+class:///org/jext/JextTextArea|,|java+class:///org/gjt/sp/jedit/textarea/JEditTextArea|>,220,<|java+field:///org/gjt/sp/jedit/textarea/JEditTextArea/document|,|java+method:///org/jext/JextTextArea/getLength()|>>,
  <<|java+class:///org/jext/JextTextArea|,|java+class:///org/gjt/sp/jedit/textarea/JEditTextArea|>,220,<|java+method:///org/gjt/sp/jedit/textarea/JEditTextArea/getText(int,int)|,|java+method:///org/jext/JextTextArea/zip(java.lang.String)|>>,
  <<|java+class:///org/jext/JextTextArea|,|java+class:///org/gjt/sp/jedit/textarea/JEditTextArea|>,220,<|java+field:///org/gjt/sp/jedit/textarea/JEditTextArea/document|,|java+method:///org/jext/JextTextArea/zip(java.lang.String)|>>,
  <<|java+class:///org/jext/JextTextArea|,|java+class:///org/gjt/sp/jedit/textarea/JEditTextArea|>,220,<|java+method:///org/gjt/sp/jedit/textarea/JEditTextArea/setSelectedText(java.lang.String)|,|java+method:///org/jext/JextTextArea/filteredPaste()|>>,
  <<|java+class:///org/jext/JextTextArea|,|java+class:///org/gjt/sp/jedit/textarea/JEditTextArea|>,220,<|java+field:///org/gjt/sp/jedit/textarea/JEditTextArea/editable|,|java+method:///org/jext/JextTextArea/filteredPaste()|>>,
  <<|java+class:///org/jext/JextTextArea|,|java+class:///org/gjt/sp/jedit/textarea/JEditTextArea|>,220,<|java+method:///org/gjt/sp/jedit/textarea/JEditTextArea/getPainter()|,|java+method:///org/jext/JextTextArea/changeFont()|>>,
  <<|java+class:///org/jext/JextTextArea|,|java+class:///org/gjt/sp/jedit/textarea/JEditTextArea|>,220,<|java+method:///org/gjt/sp/jedit/textarea/JEditTextArea/setCaretPosition(int)|,|java+method:///org/jext/JextTextArea/removeUpdate(javax.swing.event.DocumentEvent)|>>,
  <<|java+class:///org/jext/JextTextArea|,|java+class:///org/gjt/sp/jedit/textarea/JEditTextArea|>,220,<|java+method:///org/gjt/sp/jedit/textarea/JEditTextArea/setCaretPosition(int)|,|java+method:///org/jext/JextTextArea/open(java.lang.String,java.io.InputStreamReader,int,boolean,boolean)|>>,
  <<|java+class:///org/jext/JextTextArea|,|java+class:///org/gjt/sp/jedit/textarea/JEditTextArea|>,220,<|java+field:///org/gjt/sp/jedit/textarea/JEditTextArea/document|,|java+method:///org/jext/JextTextArea/open(java.lang.String,java.io.InputStreamReader,int,boolean,boolean)|>>,
  <<|java+class:///org/jext/JextTextArea|,|java+class:///org/gjt/sp/jedit/textarea/JEditTextArea|>,220,<|java+method:///org/gjt/sp/jedit/textarea/JEditTextArea/setEditable(boolean)|,|java+method:///org/jext/JextTextArea/open(java.lang.String,java.io.InputStreamReader,int,boolean,boolean)|>>,
  <<|java+class:///org/jext/JextTextArea|,|java+class:///org/gjt/sp/jedit/textarea/JEditTextArea|>,220,<|java+method:///org/gjt/sp/jedit/textarea/JEditTextArea/isEditable()|,|java+method:///org/jext/JextTextArea/open(java.lang.String,java.io.InputStreamReader,int,boolean,boolean)|>>,
  <<|java+class:///org/jext/JextTextArea|,|java+class:///org/gjt/sp/jedit/textarea/JEditTextArea|>,220,<|java+method:///org/gjt/sp/jedit/textarea/JEditTextArea/getCaretLine()|,|java+method:///org/jext/JextTextArea/userInput(char)|>>,
  <<|java+class:///org/jext/JextTextArea|,|java+class:///org/gjt/sp/jedit/textarea/JEditTextArea|>,220,<|java+method:///org/gjt/sp/jedit/textarea/JEditTextArea/setCaretPosition(int)|,|java+method:///org/jext/JextTextArea/insertUpdate(javax.swing.event.DocumentEvent)|>>,
  <<|java+class:///org/jext/JextTextArea|,|java+class:///org/gjt/sp/jedit/textarea/JEditTextArea|>,220,<|java+method:///org/gjt/sp/jedit/textarea/JEditTextArea/getPainter()|,|java+method:///org/jext/JextTextArea/enableColorizing(java.lang.String,org.gjt.sp.jedit.syntax.TokenMarker)|>>,
  <<|java+class:///org/jext/JextTextArea|,|java+class:///org/gjt/sp/jedit/textarea/JEditTextArea|>,220,<|java+method:///org/gjt/sp/jedit/textarea/JEditTextArea/setTokenMarker(org.gjt.sp.jedit.syntax.TokenMarker)|,|java+method:///org/jext/JextTextArea/enableColorizing(java.lang.String,org.gjt.sp.jedit.syntax.TokenMarker)|>>,
  <<|java+class:///org/jext/JextTextArea|,|java+class:///org/gjt/sp/jedit/textarea/JEditTextArea|>,220,<|java+field:///org/gjt/sp/jedit/textarea/JEditTextArea/LEFT_OF_SCROLLBAR|,|java+constructor:///org/jext/JextTextArea/JextTextArea(org.jext.JextFrame)|>>,
  <<|java+class:///org/jext/JextTextArea|,|java+class:///org/gjt/sp/jedit/textarea/JEditTextArea|>,220,<|java+method:///org/gjt/sp/jedit/textarea/JEditTextArea/addCaretListener(javax.swing.event.CaretListener)|,|java+constructor:///org/jext/JextTextArea/JextTextArea(org.jext.JextFrame)|>>,
  <<|java+class:///org/jext/JextTextArea|,|java+class:///org/gjt/sp/jedit/textarea/JEditTextArea|>,220,<|java+method:///org/gjt/sp/jedit/textarea/JEditTextArea/setRightClickPopup(javax.swing.JPopupMenu)|,|java+constructor:///org/jext/JextTextArea/JextTextArea(org.jext.JextFrame)|>>,
  <<|java+class:///org/jext/JextTextArea|,|java+class:///org/gjt/sp/jedit/textarea/JEditTextArea|>,220,<|java+method:///org/gjt/sp/jedit/textarea/JEditTextArea/getPainter()|,|java+constructor:///org/jext/JextTextArea/JextTextArea(org.jext.JextFrame)|>>,
  <<|java+class:///org/jext/JextTextArea|,|java+class:///org/gjt/sp/jedit/textarea/JEditTextArea|>,220,<|java+method:///org/gjt/sp/jedit/textarea/JEditTextArea/setCaretPosition(int)|,|java+method:///org/jext/JextTextArea/insert(java.lang.String,int)|>>,
  <<|java+class:///org/jext/JextTextArea|,|java+class:///org/gjt/sp/jedit/textarea/JEditTextArea|>,220,<|java+method:///org/gjt/sp/jedit/textarea/JEditTextArea/setSelectedText(java.lang.String)|,|java+method:///org/jext/JextTextArea/insert(java.lang.String,int)|>>,
  <<|java+class:///org/gjt/sp/jedit/syntax/TextTokenMarker|,|java+class:///org/gjt/sp/jedit/syntax/TokenMarker|>,220,<|java+method:///org/gjt/sp/jedit/syntax/TokenMarker/addToken(int,byte)|,|java+method:///org/gjt/sp/jedit/syntax/TextTokenMarker/markTokensImpl(byte,javax.swing.text.Segment,int)|>>,
  <<|java+class:///org/gjt/sp/jedit/syntax/ASMTokenMarker|,|java+class:///org/gjt/sp/jedit/syntax/TokenMarker|>,220,<|java+method:///org/gjt/sp/jedit/syntax/TokenMarker/addToken(int,byte)|,|java+method:///org/gjt/sp/jedit/syntax/ASMTokenMarker/markTokensImpl(byte,javax.swing.text.Segment,int)|>>,
  <<|java+class:///org/gjt/sp/jedit/syntax/ASMTokenMarker|,|java+class:///org/gjt/sp/jedit/syntax/TokenMarker|>,220,<|java+method:///org/gjt/sp/jedit/syntax/TokenMarker/addToken(int,byte)|,|java+method:///org/gjt/sp/jedit/syntax/ASMTokenMarker/doKeyword(javax.swing.text.Segment,int,char)|>>,
  <<|java+class:///HyperTyperOption|,|java+class:///org/jext/gui/AbstractOptionPane|>,220,<|java+method:///org/jext/gui/AbstractOptionPane/addComponent(java.awt.Component)|,|java+method:///HyperTyperOption/construct()|>>,
  <<|java+class:///HyperTyperOption|,|java+class:///org/jext/gui/AbstractOptionPane|>,220,<|java+method:///org/jext/gui/AbstractOptionPane/addComponent(java.lang.String,java.awt.Component)|,|java+method:///HyperTyperOption/construct()|>>,
  <<|java+class:///org/jext/PythonAction|,|java+class:///org/jext/MenuAction|>,220,<|java+method:///org/jext/MenuAction/getJextParent(java.util.EventObject)|,|java+method:///org/jext/PythonAction/actionPerformed(java.awt.event.ActionEvent)|>>,
  <<|java+class:///org/jext/PythonAction|,|java+class:///org/jext/MenuAction|>,220,<|java+method:///org/jext/MenuAction/getName()|,|java+method:///org/jext/PythonAction/actionPerformed(java.awt.event.ActionEvent)|>>,
  <<|java+class:///org/gjt/sp/jedit/syntax/PascalTokenMarker|,|java+class:///org/gjt/sp/jedit/syntax/TokenMarker|>,220,<|java+method:///org/gjt/sp/jedit/syntax/TokenMarker/addToken(int,byte)|,|java+method:///org/gjt/sp/jedit/syntax/PascalTokenMarker/markTokensImpl(byte,javax.swing.text.Segment,int)|>>,
  <<|java+class:///org/gjt/sp/jedit/syntax/PascalTokenMarker|,|java+class:///org/gjt/sp/jedit/syntax/TokenMarker|>,220,<|java+method:///org/gjt/sp/jedit/syntax/TokenMarker/addToken(int,byte)|,|java+method:///org/gjt/sp/jedit/syntax/PascalTokenMarker/doKeyword(javax.swing.text.Segment,int,char)|>>
]