RESULTS LOG: 
INTERNAL REUSE TOTAL: 142 
<|java+class:///AutoExpander|,|java+class:///org/jext/MenuAction|> 
<|java+class:///BackStab|,|java+class:///UML/Element|> 
<|java+class:///Beautifier|,|java+class:///org/jext/MenuAction|> 
<|java+class:///BeautifierOptions|,|java+class:///org/jext/gui/AbstractOptionPane|> 
<|java+class:///ClassBrowserOptions|,|java+class:///org/jext/gui/AbstractOptionPane|> 
<|java+class:///FindInFilesOptions|,|java+class:///org/jext/gui/AbstractOptionPane|> 
<|java+class:///FunnyBrackets|,|java+class:///org/jext/MenuAction|> 
<|java+class:///HTMLIndenter|,|java+class:///org/jext/MenuAction|> 
<|java+class:///HyperTyperHotkey|,|java+class:///org/jext/MenuAction|> 
<|java+class:///HyperTyperOption|,|java+class:///org/jext/gui/AbstractOptionPane|> 
<|java+class:///IndenterOptionPane|,|java+class:///org/jext/gui/AbstractOptionPane|> 
<|java+class:///InsertClassName|,|java+class:///org/jext/MenuAction|> 
<|java+class:///JBrowseOptionPane|,|java+class:///org/jext/gui/AbstractOptionPane|> 
<|java+class:///JBrowsePlugin/OpenAction|,|java+class:///org/jext/MenuAction|> 
<|java+class:///KLNFOptionPane|,|java+class:///org/jext/gui/AbstractOptionPane|> 
<|java+class:///NextTag|,|java+class:///org/jext/MenuAction|> 
<|java+class:///PHPBeautifier|,|java+class:///org/jext/MenuAction|> 
<|java+class:///PHPBeautifierBloc|,|java+class:///org/jext/MenuAction|> 
<|java+class:///PHPBrowse|,|java+class:///org/jext/MenuAction|> 
<|java+class:///PHPBrowseTabParser|,|java+class:///PHPParser|> 
<|java+class:///PHPBufferPartList|,|java+class:///PHPParser|> 
<|java+class:///PHPComplete|,|java+class:///org/jext/MenuAction|> 
<|java+class:///PHPIndentPEAR|,|java+class:///PHPParser|> 
<|java+class:///PHPIndentPHP|,|java+class:///PHPParser|> 
<|java+class:///PHPIndenter|,|java+class:///org/jext/MenuAction|> 
<|java+class:///PHPIndenterBloc|,|java+class:///org/jext/MenuAction|> 
<|java+class:///PHPModifierFichier|,|java+class:///PHPModifier|> 
<|java+class:///PHPModifierSelection|,|java+class:///PHPModifier|> 
<|java+class:///PHPQuickOpen|,|java+class:///org/jext/MenuAction|> 
<|java+class:///PreviousTag|,|java+class:///org/jext/MenuAction|> 
<|java+class:///TagsCompletionOptionPane|,|java+class:///org/jext/gui/AbstractOptionPane|> 
<|java+class:///ToAccents|,|java+class:///org/jext/MenuAction|> 
<|java+class:///ToEntities|,|java+class:///org/jext/MenuAction|> 
<|java+class:///UML/Attribute|,|java+class:///UML/Element|> 
<|java+class:///UML/Generalization|,|java+class:///UML/Element|> 
<|java+class:///UML/Message|,|java+class:///UML/Element|> 
<|java+class:///UML/NestedMember|,|java+class:///UML/Element|> 
<|java+class:///UML/Operation|,|java+class:///UML/Element|> 
<|java+class:///UML/PackageMember|,|java+class:///UML/Element|> 
<|java+class:///UML/Throws|,|java+class:///UML/Element|> 
<|java+class:///WheelMouseOptionPane|,|java+class:///org/jext/gui/AbstractOptionPane|> 
<|java+class:///gnu/regexp/RE|,|java+class:///gnu/regexp/REToken|> 
<|java+class:///gnu/regexp/RETokenAny|,|java+class:///gnu/regexp/REToken|> 
<|java+class:///gnu/regexp/RETokenBackRef|,|java+class:///gnu/regexp/REToken|> 
<|java+class:///gnu/regexp/RETokenChar|,|java+class:///gnu/regexp/REToken|> 
<|java+class:///gnu/regexp/RETokenEnd|,|java+class:///gnu/regexp/REToken|> 
<|java+class:///gnu/regexp/RETokenEndSub|,|java+class:///gnu/regexp/REToken|> 
<|java+class:///gnu/regexp/RETokenLookAhead|,|java+class:///gnu/regexp/REToken|> 
<|java+class:///gnu/regexp/RETokenOneOf|,|java+class:///gnu/regexp/REToken|> 
<|java+class:///gnu/regexp/RETokenPOSIX|,|java+class:///gnu/regexp/REToken|> 
<|java+class:///gnu/regexp/RETokenRange|,|java+class:///gnu/regexp/REToken|> 
<|java+class:///gnu/regexp/RETokenRepeated|,|java+class:///gnu/regexp/REToken|> 
<|java+class:///gnu/regexp/RETokenStart|,|java+class:///gnu/regexp/REToken|> 
<|java+class:///gnu/regexp/RETokenWordBoundary|,|java+class:///gnu/regexp/REToken|> 
<|java+class:///gnu/regexp/UncheckedRE|,|java+class:///gnu/regexp/RE|> 
<|java+class:///org/gjt/sp/jedit/syntax/ASMTokenMarker|,|java+class:///org/gjt/sp/jedit/syntax/TokenMarker|> 
<|java+class:///org/gjt/sp/jedit/syntax/ASPJavascriptTokenMarker|,|java+class:///org/gjt/sp/jedit/syntax/TokenMarker|> 
<|java+class:///org/gjt/sp/jedit/syntax/ASPPerlscriptTokenMarker|,|java+class:///org/gjt/sp/jedit/syntax/TokenMarker|> 
<|java+class:///org/gjt/sp/jedit/syntax/ASPTokenMarker|,|java+class:///org/gjt/sp/jedit/syntax/TokenMarker|> 
<|java+class:///org/gjt/sp/jedit/syntax/ASPVBScriptTokenMarker|,|java+class:///org/gjt/sp/jedit/syntax/TokenMarker|> 
<|java+class:///org/gjt/sp/jedit/syntax/BatchFileTokenMarker|,|java+class:///org/gjt/sp/jedit/syntax/TokenMarker|> 
<|java+class:///org/gjt/sp/jedit/syntax/CSharpTokenMarker|,|java+class:///org/gjt/sp/jedit/syntax/TokenMarker|> 
<|java+class:///org/gjt/sp/jedit/syntax/CTokenMarker|,|java+class:///org/gjt/sp/jedit/syntax/TokenMarker|> 
<|java+class:///org/gjt/sp/jedit/syntax/CobolTokenMarker|,|java+class:///org/gjt/sp/jedit/syntax/TokenMarker|> 
<|java+class:///org/gjt/sp/jedit/syntax/DawnTokenMarker|,|java+class:///org/gjt/sp/jedit/syntax/TokenMarker|> 
<|java+class:///org/gjt/sp/jedit/syntax/EiffelTokenMarker|,|java+class:///org/gjt/sp/jedit/syntax/TokenMarker|> 
<|java+class:///org/gjt/sp/jedit/syntax/FortranTokenMarker|,|java+class:///org/gjt/sp/jedit/syntax/TokenMarker|> 
<|java+class:///org/gjt/sp/jedit/syntax/HTMLTokenMarker|,|java+class:///org/gjt/sp/jedit/syntax/TokenMarker|> 
<|java+class:///org/gjt/sp/jedit/syntax/JSPTokenMarker|,|java+class:///org/gjt/sp/jedit/syntax/TokenMarker|> 
<|java+class:///org/gjt/sp/jedit/syntax/JavaTokenMarker|,|java+class:///org/gjt/sp/jedit/syntax/CTokenMarker|> 
<|java+class:///org/gjt/sp/jedit/syntax/LATTokenMarker|,|java+class:///org/gjt/sp/jedit/syntax/TokenMarker|> 
<|java+class:///org/gjt/sp/jedit/syntax/MakefileTokenMarker|,|java+class:///org/gjt/sp/jedit/syntax/TokenMarker|> 
<|java+class:///org/gjt/sp/jedit/syntax/PHPTokenMarker|,|java+class:///org/gjt/sp/jedit/syntax/TokenMarker|> 
<|java+class:///org/gjt/sp/jedit/syntax/PLSQLTokenMarker|,|java+class:///org/gjt/sp/jedit/syntax/TSQLTokenMarker|> 
<|java+class:///org/gjt/sp/jedit/syntax/PascalTokenMarker|,|java+class:///org/gjt/sp/jedit/syntax/TokenMarker|> 
<|java+class:///org/gjt/sp/jedit/syntax/PatchTokenMarker|,|java+class:///org/gjt/sp/jedit/syntax/TokenMarker|> 
<|java+class:///org/gjt/sp/jedit/syntax/PlainTokenMarker|,|java+class:///org/gjt/sp/jedit/syntax/TokenMarker|> 
<|java+class:///org/gjt/sp/jedit/syntax/PropsTokenMarker|,|java+class:///org/gjt/sp/jedit/syntax/TokenMarker|> 
<|java+class:///org/gjt/sp/jedit/syntax/PythonTokenMarker|,|java+class:///org/gjt/sp/jedit/syntax/TokenMarker|> 
<|java+class:///org/gjt/sp/jedit/syntax/RubyTokenMarker|,|java+class:///org/gjt/sp/jedit/syntax/TokenMarker|> 
<|java+class:///org/gjt/sp/jedit/syntax/SAP2000TokenMarker|,|java+class:///org/gjt/sp/jedit/syntax/TokenMarker|> 
<|java+class:///org/gjt/sp/jedit/syntax/SQRTokenMarker|,|java+class:///org/gjt/sp/jedit/syntax/TokenMarker|> 
<|java+class:///org/gjt/sp/jedit/syntax/ShellScriptTokenMarker|,|java+class:///org/gjt/sp/jedit/syntax/TokenMarker|> 
<|java+class:///org/gjt/sp/jedit/syntax/TSQLTokenMarker|,|java+class:///org/gjt/sp/jedit/syntax/TokenMarker|> 
<|java+class:///org/gjt/sp/jedit/syntax/TeXTokenMarker|,|java+class:///org/gjt/sp/jedit/syntax/TokenMarker|> 
<|java+class:///org/gjt/sp/jedit/syntax/TextTokenMarker|,|java+class:///org/gjt/sp/jedit/syntax/TokenMarker|> 
<|java+class:///org/gjt/sp/jedit/syntax/VHDLTokenMarker|,|java+class:///org/gjt/sp/jedit/syntax/TokenMarker|> 
<|java+class:///org/gjt/sp/jedit/syntax/VerilogTokenMarker|,|java+class:///org/gjt/sp/jedit/syntax/TokenMarker|> 
<|java+class:///org/gjt/sp/jedit/textarea/DefaultInputHandler|,|java+class:///org/gjt/sp/jedit/textarea/InputHandler|> 
<|java+class:///org/jext/JextTextArea|,|java+class:///org/gjt/sp/jedit/textarea/JEditTextArea|> 
<|java+class:///org/jext/OneClickAction|,|java+class:///org/jext/MenuAction|> 
<|java+class:///org/jext/PythonAction|,|java+class:///org/jext/MenuAction|> 
<|java+class:///org/jext/actions/BeginLine|,|java+class:///org/jext/MenuAction|> 
<|java+class:///org/jext/actions/BoxComment|,|java+class:///org/jext/MenuAction|> 
<|java+class:///org/jext/actions/CompleteWord|,|java+class:///org/jext/MenuAction|> 
<|java+class:///org/jext/actions/CompleteWordAll|,|java+class:///org/jext/MenuAction|> 
<|java+class:///org/jext/actions/CreateTemplate|,|java+class:///org/jext/MenuAction|> 
<|java+class:///org/jext/actions/EndLine|,|java+class:///org/jext/MenuAction|> 
<|java+class:///org/jext/actions/JoinAllLines|,|java+class:///org/jext/MenuAction|> 
<|java+class:///org/jext/actions/JoinLines|,|java+class:///org/jext/MenuAction|> 
<|java+class:///org/jext/actions/LeftIndent|,|java+class:///org/jext/MenuAction|> 
<|java+class:///org/jext/actions/OpenUrl|,|java+class:///org/jext/MenuAction|> 
<|java+class:///org/jext/actions/Print|,|java+class:///org/jext/MenuAction|> 
<|java+class:///org/jext/actions/RemoveWhitespace|,|java+class:///org/jext/MenuAction|> 
<|java+class:///org/jext/actions/RightIndent|,|java+class:///org/jext/MenuAction|> 
<|java+class:///org/jext/actions/SimpleComment|,|java+class:///org/jext/MenuAction|> 
<|java+class:///org/jext/actions/SimpleUnComment|,|java+class:///org/jext/MenuAction|> 
<|java+class:///org/jext/actions/SpacesToTabs|,|java+class:///org/jext/MenuAction|> 
<|java+class:///org/jext/actions/TabsToSpaces|,|java+class:///org/jext/MenuAction|> 
<|java+class:///org/jext/actions/ToLowerCase|,|java+class:///org/jext/MenuAction|> 
<|java+class:///org/jext/actions/ToUpperCase|,|java+class:///org/jext/MenuAction|> 
<|java+class:///org/jext/actions/WingComment|,|java+class:///org/jext/MenuAction|> 
<|java+class:///org/jext/actions/WordCount|,|java+class:///org/jext/MenuAction|> 
<|java+class:///org/jext/dawn/err/TryCatchFunction|,|java+class:///org/jext/dawn/Function|> 
<|java+class:///org/jext/dawn/loop/DoLoopFunction|,|java+class:///org/jext/dawn/Function|> 
<|java+class:///org/jext/dawn/loop/ForFunction|,|java+class:///org/jext/dawn/Function|> 
<|java+class:///org/jext/dawn/loop/WhileFunction|,|java+class:///org/jext/dawn/Function|> 
<|java+class:///org/jext/dawn/test/IfFunction|,|java+class:///org/jext/dawn/Function|> 
<|java+class:///org/jext/dawn/util/EvalFunction|,|java+class:///org/jext/dawn/Function|> 
<|java+class:///org/jext/misc/DownloaderThread|,|java+class:///org/jext/misc/CopyThread|> 
<|java+class:///org/jext/misc/TabSwitcher|,|java+class:///org/jext/MenuAction|> 
<|java+class:///org/jext/options/EditorOptions|,|java+class:///org/jext/gui/AbstractOptionPane|> 
<|java+class:///org/jext/options/GeneralOptions|,|java+class:///org/jext/gui/AbstractOptionPane|> 
<|java+class:///org/jext/options/GutterOptions|,|java+class:///org/jext/gui/AbstractOptionPane|> 
<|java+class:///org/jext/options/LoadingOptions|,|java+class:///org/jext/gui/AbstractOptionPane|> 
<|java+class:///org/jext/options/PrintOptions|,|java+class:///org/jext/gui/AbstractOptionPane|> 
<|java+class:///org/jext/options/SecurityOptions|,|java+class:///org/jext/gui/AbstractOptionPane|> 
<|java+class:///org/jext/options/UIOptions|,|java+class:///org/jext/gui/AbstractOptionPane|> 
<|java+class:///org/jext/project/DefaultProjectManager|,|java+class:///org/jext/project/AbstractProjectManager|> 
<|java+class:///org/jext/project/DefaultProjectManager/DefaultProject|,|java+class:///org/jext/project/AbstractProject|> 
<|java+class:///org/jext/scripting/dawn/DawnLogWindow|,|java+class:///org/jext/scripting/AbstractLogWindow|> 
<|java+class:///org/jext/scripting/dawn/functions/CreateActionFunction/DawnAction|,|java+class:///org/jext/MenuAction|> 
<|java+class:///org/jext/scripting/python/PythonLogWindow|,|java+class:///org/jext/scripting/AbstractLogWindow|> 
<|java+class:///org/jext/textarea/CsWord|,|java+class:///org/jext/MenuAction|> 
<|java+class:///org/jext/textarea/IndentOnEnter|,|java+class:///org/jext/MenuAction|> 
<|java+class:///org/jext/textarea/IndentOnTab|,|java+class:///org/jext/MenuAction|> 
<|java+class:///org/jext/textarea/NextLineIndent|,|java+class:///org/jext/MenuAction|> 
<|java+class:///org/jext/textarea/PrevLineIndent|,|java+class:///org/jext/MenuAction|> 
<|java+class:///org/jext/textarea/ScrollDown|,|java+class:///org/jext/MenuAction|> 
<|java+class:///org/jext/textarea/ScrollPageDown|,|java+class:///org/jext/MenuAction|> 
<|java+class:///org/jext/textarea/ScrollPageUp|,|java+class:///org/jext/MenuAction|> 
<|java+class:///org/jext/textarea/ScrollUp|,|java+class:///org/jext/MenuAction|> 

EXTERNAL REUSE TOTAL: 17 
<|java+class:///BackStab|,|java+class:///UML/Element|> 
<|java+class:///JBrowsePlugin/OptPane|,|java+class:///JBrowseOptionPane|> 
<|java+class:///PHPBrowseTabParser|,|java+class:///PHPParser|> 
<|java+class:///PHPBufferPartList|,|java+class:///PHPParser|> 
<|java+class:///PHPIndentPEAR|,|java+class:///PHPParser|> 
<|java+class:///PHPIndentPHP|,|java+class:///PHPParser|> 
<|java+class:///UML/Operation|,|java+class:///UML/Element|> 
<|java+class:///org/gjt/sp/jedit/textarea/DefaultInputHandler|,|java+class:///org/gjt/sp/jedit/textarea/InputHandler|> 
<|java+class:///org/jext/JextTextArea|,|java+class:///org/gjt/sp/jedit/textarea/JEditTextArea|> 
<|java+class:///org/jext/dawn/DawnUtilities|,|java+class:///org/jext/Utilities|> 
<|java+class:///org/jext/misc/CopyThread|,|java+class:///org/jext/misc/SwingWorker|> 
<|java+class:///org/jext/misc/DownloaderThread|,|java+class:///org/jext/misc/CopyThread|> 
<|java+class:///org/jext/options/EditorOptions|,|java+class:///org/jext/gui/AbstractOptionPane|> 
<|java+class:///org/jext/options/GeneralOptions|,|java+class:///org/jext/gui/AbstractOptionPane|> 
<|java+class:///org/jext/options/PrintOptions|,|java+class:///org/jext/gui/AbstractOptionPane|> 
<|java+class:///org/jext/options/UIOptions|,|java+class:///org/jext/gui/AbstractOptionPane|> 
<|java+class:///org/jext/project/DefaultProjectManager/DefaultProject|,|java+class:///org/jext/project/AbstractProject|> 

SUBTYPE TOTAL: 228 
<|java+class:///AutoExpander|,|java+class:///org/jext/MenuAction|> 
<|java+class:///BackStab|,|java+class:///UML/Element|> 
<|java+class:///Beautifier|,|java+class:///org/jext/MenuAction|> 
<|java+class:///BeautifierOptions|,|java+class:///org/jext/gui/AbstractOptionPane|> 
<|java+class:///ClassBrowserGUI|,|java+class:///org/jext/MenuAction|> 
<|java+class:///ClassBrowserOptions|,|java+class:///org/jext/gui/AbstractOptionPane|> 
<|java+class:///EntitiesListHandler|,|java+class:///com/microstar/xml/HandlerBase|> 
<|java+class:///FindAllAction|,|java+class:///org/jext/MenuAction|> 
<|java+class:///FindInFilesOptions|,|java+class:///org/jext/gui/AbstractOptionPane|> 
<|java+class:///FunnyBrackets|,|java+class:///org/jext/MenuAction|> 
<|java+class:///HTMLIndenter|,|java+class:///org/jext/MenuAction|> 
<|java+class:///HyperTyperHotkey|,|java+class:///org/jext/MenuAction|> 
<|java+class:///HyperTyperOption|,|java+class:///org/jext/gui/AbstractOptionPane|> 
<|java+class:///HyperTyperWindowGUI|,|java+class:///org/jext/MenuAction|> 
<|java+class:///IndenterOptionPane|,|java+class:///org/jext/gui/AbstractOptionPane|> 
<|java+class:///InsertClassName|,|java+class:///org/jext/MenuAction|> 
<|java+class:///JBrowseOptionPane|,|java+class:///org/jext/gui/AbstractOptionPane|> 
<|java+class:///JBrowsePlugin/OpenAction|,|java+class:///org/jext/MenuAction|> 
<|java+class:///JBrowsePlugin/OptPane|,|java+class:///JBrowseOptionPane|> 
<|java+class:///JextKLNFTheme|,|java+class:///org/jext/gui/JextMetalTheme|> 
<|java+class:///NextTag|,|java+class:///org/jext/MenuAction|> 
<|java+class:///PHPBeautifier|,|java+class:///org/jext/MenuAction|> 
<|java+class:///PHPBeautifierBloc|,|java+class:///org/jext/MenuAction|> 
<|java+class:///PHPBrowse|,|java+class:///org/jext/MenuAction|> 
<|java+class:///PHPComplete|,|java+class:///org/jext/MenuAction|> 
<|java+class:///PHPCompleteListHandler|,|java+class:///com/microstar/xml/HandlerBase|> 
<|java+class:///PHPIndenter|,|java+class:///org/jext/MenuAction|> 
<|java+class:///PHPIndenterBloc|,|java+class:///org/jext/MenuAction|> 
<|java+class:///PHPQuickOpen|,|java+class:///org/jext/MenuAction|> 
<|java+class:///PlugReader|,|java+class:///com/microstar/xml/HandlerBase|> 
<|java+class:///PreviousTag|,|java+class:///org/jext/MenuAction|> 
<|java+class:///TagsCompletionOptionPane|,|java+class:///org/jext/gui/AbstractOptionPane|> 
<|java+class:///TagsListHandler|,|java+class:///com/microstar/xml/HandlerBase|> 
<|java+class:///ToAccents|,|java+class:///org/jext/MenuAction|> 
<|java+class:///ToEntities|,|java+class:///org/jext/MenuAction|> 
<|java+class:///UML/Attribute|,|java+class:///UML/Element|> 
<|java+class:///UML/Generalization|,|java+class:///UML/Element|> 
<|java+class:///UML/Message|,|java+class:///UML/Element|> 
<|java+class:///UML/NestedMember|,|java+class:///UML/Element|> 
<|java+class:///UML/Operation|,|java+class:///UML/Element|> 
<|java+class:///UML/PackageMember|,|java+class:///UML/Element|> 
<|java+class:///UML/Throws|,|java+class:///UML/Element|> 
<|java+class:///WheelMouseOptionPane|,|java+class:///org/jext/gui/AbstractOptionPane|> 
<|java+class:///com/incors/plaf/kunststoff/KunststoffPasswordFieldUI|,|java+class:///com/incors/plaf/kunststoff/KunststoffTextFieldUI|> 
<|java+class:///gnu/regexp/RE|,|java+class:///gnu/regexp/REToken|> 
<|java+class:///gnu/regexp/RETokenAny|,|java+class:///gnu/regexp/REToken|> 
<|java+class:///gnu/regexp/RETokenBackRef|,|java+class:///gnu/regexp/REToken|> 
<|java+class:///gnu/regexp/RETokenChar|,|java+class:///gnu/regexp/REToken|> 
<|java+class:///gnu/regexp/RETokenEnd|,|java+class:///gnu/regexp/REToken|> 
<|java+class:///gnu/regexp/RETokenEndSub|,|java+class:///gnu/regexp/REToken|> 
<|java+class:///gnu/regexp/RETokenLookAhead|,|java+class:///gnu/regexp/REToken|> 
<|java+class:///gnu/regexp/RETokenOneOf|,|java+class:///gnu/regexp/REToken|> 
<|java+class:///gnu/regexp/RETokenPOSIX|,|java+class:///gnu/regexp/REToken|> 
<|java+class:///gnu/regexp/RETokenRepeated|,|java+class:///gnu/regexp/REToken|> 
<|java+class:///gnu/regexp/RETokenStart|,|java+class:///gnu/regexp/REToken|> 
<|java+class:///gnu/regexp/RETokenWordBoundary|,|java+class:///gnu/regexp/REToken|> 
<|java+class:///org/gjt/sp/jedit/textarea/DefaultInputHandler|,|java+class:///org/gjt/sp/jedit/textarea/InputHandler|> 
<|java+class:///org/jext/JextTextArea|,|java+class:///org/gjt/sp/jedit/textarea/JEditTextArea|> 
<|java+class:///org/jext/OneClickAction|,|java+class:///org/jext/MenuAction|> 
<|java+class:///org/jext/PythonAction|,|java+class:///org/jext/MenuAction|> 
<|java+class:///org/jext/PythonEditAction|,|java+class:///org/jext/PythonAction|> 
<|java+class:///org/jext/actions/BeginLine|,|java+class:///org/jext/MenuAction|> 
<|java+class:///org/jext/actions/BoxComment|,|java+class:///org/jext/MenuAction|> 
<|java+class:///org/jext/actions/CompleteWord|,|java+class:///org/jext/MenuAction|> 
<|java+class:///org/jext/actions/CompleteWordAll|,|java+class:///org/jext/MenuAction|> 
<|java+class:///org/jext/actions/CreateTemplate|,|java+class:///org/jext/MenuAction|> 
<|java+class:///org/jext/actions/EndLine|,|java+class:///org/jext/MenuAction|> 
<|java+class:///org/jext/actions/JoinAllLines|,|java+class:///org/jext/MenuAction|> 
<|java+class:///org/jext/actions/JoinLines|,|java+class:///org/jext/MenuAction|> 
<|java+class:///org/jext/actions/LeftIndent|,|java+class:///org/jext/MenuAction|> 
<|java+class:///org/jext/actions/OpenUrl|,|java+class:///org/jext/MenuAction|> 
<|java+class:///org/jext/actions/Print|,|java+class:///org/jext/MenuAction|> 
<|java+class:///org/jext/actions/RemoveWhitespace|,|java+class:///org/jext/MenuAction|> 
<|java+class:///org/jext/actions/RightIndent|,|java+class:///org/jext/MenuAction|> 
<|java+class:///org/jext/actions/SimpleComment|,|java+class:///org/jext/MenuAction|> 
<|java+class:///org/jext/actions/SimpleUnComment|,|java+class:///org/jext/MenuAction|> 
<|java+class:///org/jext/actions/SpacesToTabs|,|java+class:///org/jext/MenuAction|> 
<|java+class:///org/jext/actions/TabsToSpaces|,|java+class:///org/jext/MenuAction|> 
<|java+class:///org/jext/actions/ToLowerCase|,|java+class:///org/jext/MenuAction|> 
<|java+class:///org/jext/actions/ToUpperCase|,|java+class:///org/jext/MenuAction|> 
<|java+class:///org/jext/actions/WingComment|,|java+class:///org/jext/MenuAction|> 
<|java+class:///org/jext/actions/WordCount|,|java+class:///org/jext/MenuAction|> 
<|java+class:///org/jext/console/commands/ChangeDirCommand|,|java+class:///org/jext/console/commands/Command|> 
<|java+class:///org/jext/console/commands/ClearCommand|,|java+class:///org/jext/console/commands/Command|> 
<|java+class:///org/jext/console/commands/EvalCommand|,|java+class:///org/jext/console/commands/Command|> 
<|java+class:///org/jext/console/commands/ExitCommand|,|java+class:///org/jext/console/commands/Command|> 
<|java+class:///org/jext/console/commands/FileCommand|,|java+class:///org/jext/console/commands/Command|> 
<|java+class:///org/jext/console/commands/HelpCommand|,|java+class:///org/jext/console/commands/Command|> 
<|java+class:///org/jext/console/commands/HomeCommand|,|java+class:///org/jext/console/commands/Command|> 
<|java+class:///org/jext/console/commands/HttpCommand|,|java+class:///org/jext/console/commands/Command|> 
<|java+class:///org/jext/console/commands/JythonCommand|,|java+class:///org/jext/console/commands/Command|> 
<|java+class:///org/jext/console/commands/ListCommand|,|java+class:///org/jext/console/commands/Command|> 
<|java+class:///org/jext/console/commands/PwdCommand|,|java+class:///org/jext/console/commands/Command|> 
<|java+class:///org/jext/console/commands/RunCommand|,|java+class:///org/jext/console/commands/Command|> 
<|java+class:///org/jext/dawn/array/AddElementFunction|,|java+class:///org/jext/dawn/Function|> 
<|java+class:///org/jext/dawn/array/ClearArrayFunction|,|java+class:///org/jext/dawn/Function|> 
<|java+class:///org/jext/dawn/array/ElementAtFunction|,|java+class:///org/jext/dawn/Function|> 
<|java+class:///org/jext/dawn/array/ElementsFunction|,|java+class:///org/jext/dawn/Function|> 
<|java+class:///org/jext/dawn/array/InsertElementAtFunction|,|java+class:///org/jext/dawn/Function|> 
<|java+class:///org/jext/dawn/array/LengthFunction|,|java+class:///org/jext/dawn/Function|> 
<|java+class:///org/jext/dawn/array/RemoveElementAtFunction|,|java+class:///org/jext/dawn/Function|> 
<|java+class:///org/jext/dawn/array/SetElementAtFunction|,|java+class:///org/jext/dawn/Function|> 
<|java+class:///org/jext/dawn/err/TryCatchFunction|,|java+class:///org/jext/dawn/Function|> 
<|java+class:///org/jext/dawn/io/CloseFileFunction|,|java+class:///org/jext/dawn/Function|> 
<|java+class:///org/jext/dawn/io/ExistFunction|,|java+class:///org/jext/dawn/Function|> 
<|java+class:///org/jext/dawn/io/FileSizeFunction|,|java+class:///org/jext/dawn/Function|> 
<|java+class:///org/jext/dawn/io/InputLineFunction|,|java+class:///org/jext/dawn/Function|> 
<|java+class:///org/jext/dawn/io/IsAvailableFunction|,|java+class:///org/jext/dawn/Function|> 
<|java+class:///org/jext/dawn/io/OpenInputFunction|,|java+class:///org/jext/dawn/Function|> 
<|java+class:///org/jext/dawn/io/OpenOutputFunction|,|java+class:///org/jext/dawn/Function|> 
<|java+class:///org/jext/dawn/io/PrintFunction|,|java+class:///org/jext/dawn/Function|> 
<|java+class:///org/jext/dawn/io/PrintlnFunction|,|java+class:///org/jext/dawn/Function|> 
<|java+class:///org/jext/dawn/io/ReadFunction|,|java+class:///org/jext/dawn/Function|> 
<|java+class:///org/jext/dawn/io/ReadLineFunction|,|java+class:///org/jext/dawn/Function|> 
<|java+class:///org/jext/dawn/io/WriteFunction|,|java+class:///org/jext/dawn/Function|> 
<|java+class:///org/jext/dawn/io/WriteLineFunction|,|java+class:///org/jext/dawn/Function|> 
<|java+class:///org/jext/dawn/javaccess/ClassFunction|,|java+class:///org/jext/dawn/Function|> 
<|java+class:///org/jext/dawn/javaccess/ConstructorFunction|,|java+class:///org/jext/dawn/Function|> 
<|java+class:///org/jext/dawn/javaccess/FieldFunction|,|java+class:///org/jext/dawn/Function|> 
<|java+class:///org/jext/dawn/javaccess/InvokeFunction|,|java+class:///org/jext/dawn/Function|> 
<|java+class:///org/jext/dawn/javaccess/MethodFunction|,|java+class:///org/jext/dawn/Function|> 
<|java+class:///org/jext/dawn/javaccess/NewFunction|,|java+class:///org/jext/dawn/Function|> 
<|java+class:///org/jext/dawn/loop/DoLoopFunction|,|java+class:///org/jext/dawn/Function|> 
<|java+class:///org/jext/dawn/loop/ForFunction|,|java+class:///org/jext/dawn/Function|> 
<|java+class:///org/jext/dawn/loop/WhileFunction|,|java+class:///org/jext/dawn/Function|> 
<|java+class:///org/jext/dawn/math/DecreaseFunction|,|java+class:///org/jext/dawn/Function|> 
<|java+class:///org/jext/dawn/math/DivideFunction|,|java+class:///org/jext/dawn/Function|> 
<|java+class:///org/jext/dawn/math/IncreaseFunction|,|java+class:///org/jext/dawn/Function|> 
<|java+class:///org/jext/dawn/math/MinusFunction|,|java+class:///org/jext/dawn/Function|> 
<|java+class:///org/jext/dawn/math/ModuloFunction|,|java+class:///org/jext/dawn/Function|> 
<|java+class:///org/jext/dawn/math/PlusFunction|,|java+class:///org/jext/dawn/Function|> 
<|java+class:///org/jext/dawn/math/PowerFunction|,|java+class:///org/jext/dawn/Function|> 
<|java+class:///org/jext/dawn/math/SqrtFunction|,|java+class:///org/jext/dawn/Function|> 
<|java+class:///org/jext/dawn/math/TimesFunction|,|java+class:///org/jext/dawn/Function|> 
<|java+class:///org/jext/dawn/naming/CreateFunction|,|java+class:///org/jext/dawn/Function|> 
<|java+class:///org/jext/dawn/naming/CreateGlobalFunction|,|java+class:///org/jext/dawn/Function|> 
<|java+class:///org/jext/dawn/naming/FromLiteralFunction|,|java+class:///org/jext/dawn/Function|> 
<|java+class:///org/jext/dawn/naming/ToLiteralFunction|,|java+class:///org/jext/dawn/Function|> 
<|java+class:///org/jext/dawn/stack/DropFunction|,|java+class:///org/jext/dawn/Function|> 
<|java+class:///org/jext/dawn/stack/DropnFunction|,|java+class:///org/jext/dawn/Function|> 
<|java+class:///org/jext/dawn/stack/DupFunction|,|java+class:///org/jext/dawn/Function|> 
<|java+class:///org/jext/dawn/stack/DupnFunction|,|java+class:///org/jext/dawn/Function|> 
<|java+class:///org/jext/dawn/stack/NDupFunction|,|java+class:///org/jext/dawn/Function|> 
<|java+class:///org/jext/dawn/stack/PickFunction|,|java+class:///org/jext/dawn/Function|> 
<|java+class:///org/jext/dawn/stack/RclFunction|,|java+class:///org/jext/dawn/Function|> 
<|java+class:///org/jext/dawn/stack/ReverseFunction|,|java+class:///org/jext/dawn/Function|> 
<|java+class:///org/jext/dawn/stack/RollDownFunction|,|java+class:///org/jext/dawn/Function|> 
<|java+class:///org/jext/dawn/stack/RollFunction|,|java+class:///org/jext/dawn/Function|> 
<|java+class:///org/jext/dawn/stack/SetFunction|,|java+class:///org/jext/dawn/Function|> 
<|java+class:///org/jext/dawn/stack/StoFunction|,|java+class:///org/jext/dawn/Function|> 
<|java+class:///org/jext/dawn/stack/SwapFunction|,|java+class:///org/jext/dawn/Function|> 
<|java+class:///org/jext/dawn/string/CharAtFunction|,|java+class:///org/jext/dawn/Function|> 
<|java+class:///org/jext/dawn/string/ChrFunction|,|java+class:///org/jext/dawn/Function|> 
<|java+class:///org/jext/dawn/string/ConcatFunction|,|java+class:///org/jext/dawn/Function|> 
<|java+class:///org/jext/dawn/string/EndsWithFunction|,|java+class:///org/jext/dawn/Function|> 
<|java+class:///org/jext/dawn/string/FromStringFunction|,|java+class:///org/jext/dawn/Function|> 
<|java+class:///org/jext/dawn/string/HeadFunction|,|java+class:///org/jext/dawn/Function|> 
<|java+class:///org/jext/dawn/string/LastPosFunction|,|java+class:///org/jext/dawn/Function|> 
<|java+class:///org/jext/dawn/string/LowerCaseFunction|,|java+class:///org/jext/dawn/Function|> 
<|java+class:///org/jext/dawn/string/NumFunction|,|java+class:///org/jext/dawn/Function|> 
<|java+class:///org/jext/dawn/string/PosFunction|,|java+class:///org/jext/dawn/Function|> 
<|java+class:///org/jext/dawn/string/SizeFunction|,|java+class:///org/jext/dawn/Function|> 
<|java+class:///org/jext/dawn/string/StartsWithFunction|,|java+class:///org/jext/dawn/Function|> 
<|java+class:///org/jext/dawn/string/SubFunction|,|java+class:///org/jext/dawn/Function|> 
<|java+class:///org/jext/dawn/string/TailFunction|,|java+class:///org/jext/dawn/Function|> 
<|java+class:///org/jext/dawn/string/ToStringFunction|,|java+class:///org/jext/dawn/Function|> 
<|java+class:///org/jext/dawn/string/TokenizeFunction|,|java+class:///org/jext/dawn/Function|> 
<|java+class:///org/jext/dawn/string/TrimFunction|,|java+class:///org/jext/dawn/Function|> 
<|java+class:///org/jext/dawn/string/UpperCaseFunction|,|java+class:///org/jext/dawn/Function|> 
<|java+class:///org/jext/dawn/test/IfFunction|,|java+class:///org/jext/dawn/Function|> 
<|java+class:///org/jext/dawn/test/SameFunction|,|java+class:///org/jext/dawn/Function|> 
<|java+class:///org/jext/dawn/util/ConstructPathFunction|,|java+class:///org/jext/dawn/Function|> 
<|java+class:///org/jext/dawn/util/EvalFunction|,|java+class:///org/jext/dawn/Function|> 
<|java+class:///org/jext/dawn/util/ExecFunction|,|java+class:///org/jext/dawn/Function|> 
<|java+class:///org/jext/dawn/util/FormattedDateFunction|,|java+class:///org/jext/dawn/Function|> 
<|java+class:///org/jext/dawn/util/ScriptExecFunction|,|java+class:///org/jext/dawn/Function|> 
<|java+class:///org/jext/dawn/util/WaitFunction|,|java+class:///org/jext/dawn/Function|> 
<|java+class:///org/jext/gui/FontSelector|,|java+class:///org/jext/gui/JextHighlightButton|> 
<|java+class:///org/jext/menus/TemplatesMenu|,|java+class:///org/jext/gui/JextMenu|> 
<|java+class:///org/jext/misc/TabSwitcher|,|java+class:///org/jext/MenuAction|> 
<|java+class:///org/jext/misc/VirtualFolders/VirtualFoldersHandler|,|java+class:///com/microstar/xml/HandlerBase|> 
<|java+class:///org/jext/misc/Workspaces/WorkspacesHandler|,|java+class:///com/microstar/xml/HandlerBase|> 
<|java+class:///org/jext/oneclick/OneAutoIndent|,|java+class:///org/jext/OneClickAction|> 
<|java+class:///org/jext/options/EditorOptions|,|java+class:///org/jext/gui/AbstractOptionPane|> 
<|java+class:///org/jext/options/FileFiltersOptions|,|java+class:///org/jext/gui/AbstractOptionPane|> 
<|java+class:///org/jext/options/GeneralOptions|,|java+class:///org/jext/gui/AbstractOptionPane|> 
<|java+class:///org/jext/options/GutterOptions|,|java+class:///org/jext/gui/AbstractOptionPane|> 
<|java+class:///org/jext/options/KeyShortcutsOptions|,|java+class:///org/jext/gui/AbstractOptionPane|> 
<|java+class:///org/jext/options/LangOptions|,|java+class:///org/jext/gui/AbstractOptionPane|> 
<|java+class:///org/jext/options/LoadingOptions|,|java+class:///org/jext/gui/AbstractOptionPane|> 
<|java+class:///org/jext/options/PrintOptions|,|java+class:///org/jext/gui/AbstractOptionPane|> 
<|java+class:///org/jext/options/SecurityOptions|,|java+class:///org/jext/gui/AbstractOptionPane|> 
<|java+class:///org/jext/options/StylesOptions|,|java+class:///org/jext/gui/AbstractOptionPane|> 
<|java+class:///org/jext/options/UIOptions|,|java+class:///org/jext/gui/AbstractOptionPane|> 
<|java+class:///org/jext/project/DefaultProjectManager|,|java+class:///org/jext/project/AbstractProjectManager|> 
<|java+class:///org/jext/project/DefaultProjectManager/DefaultProject|,|java+class:///org/jext/project/AbstractProject|> 
<|java+class:///org/jext/scripting/dawn/DawnLogWindow|,|java+class:///org/jext/scripting/AbstractLogWindow|> 
<|java+class:///org/jext/scripting/dawn/functions/ConsoleFunction|,|java+class:///org/jext/dawn/Function|> 
<|java+class:///org/jext/scripting/dawn/functions/CreateActionFunction|,|java+class:///org/jext/dawn/Function|> 
<|java+class:///org/jext/scripting/dawn/functions/CreateActionFunction/DawnAction|,|java+class:///org/jext/MenuAction|> 
<|java+class:///org/jext/scripting/dawn/functions/GetPropertyFunction|,|java+class:///org/jext/dawn/Function|> 
<|java+class:///org/jext/scripting/dawn/functions/InputFunction|,|java+class:///org/jext/dawn/Function|> 
<|java+class:///org/jext/scripting/dawn/functions/InsertTextFunction|,|java+class:///org/jext/dawn/Function|> 
<|java+class:///org/jext/scripting/dawn/functions/IsPropertyEnabledFunction|,|java+class:///org/jext/dawn/Function|> 
<|java+class:///org/jext/scripting/dawn/functions/JextActionFunction|,|java+class:///org/jext/dawn/Function|> 
<|java+class:///org/jext/scripting/dawn/functions/MsgBoxFunction|,|java+class:///org/jext/dawn/Function|> 
<|java+class:///org/jext/scripting/dawn/functions/OpenFunction|,|java+class:///org/jext/dawn/Function|> 
<|java+class:///org/jext/scripting/dawn/functions/SetPropertyFunction|,|java+class:///org/jext/dawn/Function|> 
<|java+class:///org/jext/scripting/dawn/functions/SetTextFunction|,|java+class:///org/jext/dawn/Function|> 
<|java+class:///org/jext/scripting/dawn/functions/YesNoCancelFunction|,|java+class:///org/jext/dawn/Function|> 
<|java+class:///org/jext/scripting/dawn/functions/YesNoFunction|,|java+class:///org/jext/dawn/Function|> 
<|java+class:///org/jext/scripting/python/PythonLogWindow|,|java+class:///org/jext/scripting/AbstractLogWindow|> 
<|java+class:///org/jext/textarea/CsWord|,|java+class:///org/jext/MenuAction|> 
<|java+class:///org/jext/textarea/IndentOnEnter|,|java+class:///org/jext/MenuAction|> 
<|java+class:///org/jext/textarea/IndentOnTab|,|java+class:///org/jext/MenuAction|> 
<|java+class:///org/jext/textarea/NextLineIndent|,|java+class:///org/jext/MenuAction|> 
<|java+class:///org/jext/textarea/PrevLineIndent|,|java+class:///org/jext/MenuAction|> 
<|java+class:///org/jext/textarea/ScrollDown|,|java+class:///org/jext/MenuAction|> 
<|java+class:///org/jext/textarea/ScrollPageDown|,|java+class:///org/jext/MenuAction|> 
<|java+class:///org/jext/textarea/ScrollPageUp|,|java+class:///org/jext/MenuAction|> 
<|java+class:///org/jext/textarea/ScrollUp|,|java+class:///org/jext/MenuAction|> 
<|java+class:///org/jext/xml/OneClickActionsHandler|,|java+class:///com/microstar/xml/HandlerBase|> 
<|java+class:///org/jext/xml/PyActionsHandler|,|java+class:///com/microstar/xml/HandlerBase|> 
<|java+class:///org/jext/xml/XBarHandler|,|java+class:///com/microstar/xml/HandlerBase|> 
<|java+class:///org/jext/xml/XInsertHandler|,|java+class:///com/microstar/xml/HandlerBase|> 
<|java+class:///org/jext/xml/XMenuHandler|,|java+class:///com/microstar/xml/HandlerBase|> 
<|java+class:///org/jext/xml/XPopupHandler|,|java+class:///com/microstar/xml/HandlerBase|> 
<|java+class:///org/jext/xml/XPropertiesHandler|,|java+class:///com/microstar/xml/HandlerBase|> 

DOWNCALL ACTUAL TOTAL: 0 

DOWNCALL CANDIDATE TOTAL: 0 

CONSTANT TOTAL: 0 

MARKER TOTAL: 0 

SUPER TOTAL: 264 
<|java+class:///AutoExpander|,|java+class:///org/jext/MenuAction|> 
<|java+class:///BackStab|,|java+class:///UML/Element|> 
<|java+class:///Beautifier|,|java+class:///org/jext/MenuAction|> 
<|java+class:///BeautifierOptions|,|java+class:///org/jext/gui/AbstractOptionPane|> 
<|java+class:///ClassBrowserGUI|,|java+class:///org/jext/MenuAction|> 
<|java+class:///ClassBrowserOptions|,|java+class:///org/jext/gui/AbstractOptionPane|> 
<|java+class:///FindAllAction|,|java+class:///org/jext/MenuAction|> 
<|java+class:///FindInFilesOptions|,|java+class:///org/jext/gui/AbstractOptionPane|> 
<|java+class:///FunnyBrackets|,|java+class:///org/jext/MenuAction|> 
<|java+class:///HTMLIndenter|,|java+class:///org/jext/MenuAction|> 
<|java+class:///HyperTyperHotkey|,|java+class:///org/jext/MenuAction|> 
<|java+class:///HyperTyperOption|,|java+class:///org/jext/gui/AbstractOptionPane|> 
<|java+class:///HyperTyperWindowGUI|,|java+class:///org/jext/MenuAction|> 
<|java+class:///IndenterOptionPane|,|java+class:///org/jext/gui/AbstractOptionPane|> 
<|java+class:///InsertClassName|,|java+class:///org/jext/MenuAction|> 
<|java+class:///JBrowseOptionPane|,|java+class:///org/jext/gui/AbstractOptionPane|> 
<|java+class:///JBrowsePlugin/OpenAction|,|java+class:///org/jext/MenuAction|> 
<|java+class:///KLNFOptionPane|,|java+class:///org/jext/gui/AbstractOptionPane|> 
<|java+class:///NextTag|,|java+class:///org/jext/MenuAction|> 
<|java+class:///PHPBeautifier|,|java+class:///org/jext/MenuAction|> 
<|java+class:///PHPBeautifierBloc|,|java+class:///org/jext/MenuAction|> 
<|java+class:///PHPBrowse|,|java+class:///org/jext/MenuAction|> 
<|java+class:///PHPBrowseTabParser|,|java+class:///PHPParser|> 
<|java+class:///PHPBufferPartList|,|java+class:///PHPParser|> 
<|java+class:///PHPComplete|,|java+class:///org/jext/MenuAction|> 
<|java+class:///PHPIndentPEAR|,|java+class:///PHPParser|> 
<|java+class:///PHPIndentPHP|,|java+class:///PHPParser|> 
<|java+class:///PHPIndenter|,|java+class:///org/jext/MenuAction|> 
<|java+class:///PHPIndenterBloc|,|java+class:///org/jext/MenuAction|> 
<|java+class:///PHPModifierFichier|,|java+class:///PHPModifier|> 
<|java+class:///PHPModifierSelection|,|java+class:///PHPModifier|> 
<|java+class:///PHPQuickOpen|,|java+class:///org/jext/MenuAction|> 
<|java+class:///PreviousTag|,|java+class:///org/jext/MenuAction|> 
<|java+class:///TagsCompletionOptionPane|,|java+class:///org/jext/gui/AbstractOptionPane|> 
<|java+class:///ToAccents|,|java+class:///org/jext/MenuAction|> 
<|java+class:///ToEntities|,|java+class:///org/jext/MenuAction|> 
<|java+class:///UML/Attribute|,|java+class:///UML/Element|> 
<|java+class:///UML/Generalization|,|java+class:///UML/Element|> 
<|java+class:///UML/Message|,|java+class:///UML/Element|> 
<|java+class:///UML/NestedMember|,|java+class:///UML/Element|> 
<|java+class:///UML/Operation|,|java+class:///UML/Element|> 
<|java+class:///UML/PackageMember|,|java+class:///UML/Element|> 
<|java+class:///UML/Throws|,|java+class:///UML/Element|> 
<|java+class:///WheelMouseOptionPane|,|java+class:///org/jext/gui/AbstractOptionPane|> 
<|java+class:///com/incors/plaf/kunststoff/KunststoffPasswordFieldUI|,|java+class:///com/incors/plaf/kunststoff/KunststoffTextFieldUI|> 
<|java+class:///gnu/regexp/RE|,|java+class:///gnu/regexp/REToken|> 
<|java+class:///gnu/regexp/RETokenAny|,|java+class:///gnu/regexp/REToken|> 
<|java+class:///gnu/regexp/RETokenBackRef|,|java+class:///gnu/regexp/REToken|> 
<|java+class:///gnu/regexp/RETokenChar|,|java+class:///gnu/regexp/REToken|> 
<|java+class:///gnu/regexp/RETokenEnd|,|java+class:///gnu/regexp/REToken|> 
<|java+class:///gnu/regexp/RETokenEndSub|,|java+class:///gnu/regexp/REToken|> 
<|java+class:///gnu/regexp/RETokenLookAhead|,|java+class:///gnu/regexp/REToken|> 
<|java+class:///gnu/regexp/RETokenOneOf|,|java+class:///gnu/regexp/REToken|> 
<|java+class:///gnu/regexp/RETokenPOSIX|,|java+class:///gnu/regexp/REToken|> 
<|java+class:///gnu/regexp/RETokenRange|,|java+class:///gnu/regexp/REToken|> 
<|java+class:///gnu/regexp/RETokenRepeated|,|java+class:///gnu/regexp/REToken|> 
<|java+class:///gnu/regexp/RETokenStart|,|java+class:///gnu/regexp/REToken|> 
<|java+class:///gnu/regexp/RETokenWordBoundary|,|java+class:///gnu/regexp/REToken|> 
<|java+class:///org/gjt/sp/jedit/syntax/BeanShellTokenMarker|,|java+class:///org/gjt/sp/jedit/syntax/CTokenMarker|> 
<|java+class:///org/gjt/sp/jedit/syntax/CCTokenMarker|,|java+class:///org/gjt/sp/jedit/syntax/CTokenMarker|> 
<|java+class:///org/gjt/sp/jedit/syntax/IDLTokenMarker|,|java+class:///org/gjt/sp/jedit/syntax/CTokenMarker|> 
<|java+class:///org/gjt/sp/jedit/syntax/JavaScriptTokenMarker|,|java+class:///org/gjt/sp/jedit/syntax/CTokenMarker|> 
<|java+class:///org/gjt/sp/jedit/syntax/JavaTokenMarker|,|java+class:///org/gjt/sp/jedit/syntax/CTokenMarker|> 
<|java+class:///org/gjt/sp/jedit/syntax/PLSQLTokenMarker|,|java+class:///org/gjt/sp/jedit/syntax/TSQLTokenMarker|> 
<|java+class:///org/gjt/sp/jedit/syntax/PikeTokenMarker|,|java+class:///org/gjt/sp/jedit/syntax/CTokenMarker|> 
<|java+class:///org/gjt/sp/jedit/syntax/PovrayTokenMarker|,|java+class:///org/gjt/sp/jedit/syntax/CTokenMarker|> 
<|java+class:///org/jext/JextTextArea|,|java+class:///org/gjt/sp/jedit/textarea/JEditTextArea|> 
<|java+class:///org/jext/OneClickAction|,|java+class:///org/jext/MenuAction|> 
<|java+class:///org/jext/PythonAction|,|java+class:///org/jext/MenuAction|> 
<|java+class:///org/jext/PythonEditAction|,|java+class:///org/jext/PythonAction|> 
<|java+class:///org/jext/actions/BeginLine|,|java+class:///org/jext/MenuAction|> 
<|java+class:///org/jext/actions/BoxComment|,|java+class:///org/jext/MenuAction|> 
<|java+class:///org/jext/actions/CompleteWord|,|java+class:///org/jext/MenuAction|> 
<|java+class:///org/jext/actions/CompleteWordAll|,|java+class:///org/jext/MenuAction|> 
<|java+class:///org/jext/actions/CreateTemplate|,|java+class:///org/jext/MenuAction|> 
<|java+class:///org/jext/actions/EndLine|,|java+class:///org/jext/MenuAction|> 
<|java+class:///org/jext/actions/JoinAllLines|,|java+class:///org/jext/MenuAction|> 
<|java+class:///org/jext/actions/JoinLines|,|java+class:///org/jext/MenuAction|> 
<|java+class:///org/jext/actions/LeftIndent|,|java+class:///org/jext/MenuAction|> 
<|java+class:///org/jext/actions/OpenUrl|,|java+class:///org/jext/MenuAction|> 
<|java+class:///org/jext/actions/Print|,|java+class:///org/jext/MenuAction|> 
<|java+class:///org/jext/actions/RemoveWhitespace|,|java+class:///org/jext/MenuAction|> 
<|java+class:///org/jext/actions/RightIndent|,|java+class:///org/jext/MenuAction|> 
<|java+class:///org/jext/actions/SimpleComment|,|java+class:///org/jext/MenuAction|> 
<|java+class:///org/jext/actions/SimpleUnComment|,|java+class:///org/jext/MenuAction|> 
<|java+class:///org/jext/actions/SpacesToTabs|,|java+class:///org/jext/MenuAction|> 
<|java+class:///org/jext/actions/TabsToSpaces|,|java+class:///org/jext/MenuAction|> 
<|java+class:///org/jext/actions/ToLowerCase|,|java+class:///org/jext/MenuAction|> 
<|java+class:///org/jext/actions/ToUpperCase|,|java+class:///org/jext/MenuAction|> 
<|java+class:///org/jext/actions/WingComment|,|java+class:///org/jext/MenuAction|> 
<|java+class:///org/jext/actions/WordCount|,|java+class:///org/jext/MenuAction|> 
<|java+class:///org/jext/dawn/array/AddElementFunction|,|java+class:///org/jext/dawn/Function|> 
<|java+class:///org/jext/dawn/array/ArrayFunction|,|java+class:///org/jext/dawn/Function|> 
<|java+class:///org/jext/dawn/array/ClearArrayFunction|,|java+class:///org/jext/dawn/Function|> 
<|java+class:///org/jext/dawn/array/ElementAtFunction|,|java+class:///org/jext/dawn/Function|> 
<|java+class:///org/jext/dawn/array/ElementsFunction|,|java+class:///org/jext/dawn/Function|> 
<|java+class:///org/jext/dawn/array/InsertElementAtFunction|,|java+class:///org/jext/dawn/Function|> 
<|java+class:///org/jext/dawn/array/LengthFunction|,|java+class:///org/jext/dawn/Function|> 
<|java+class:///org/jext/dawn/array/RemoveElementAtFunction|,|java+class:///org/jext/dawn/Function|> 
<|java+class:///org/jext/dawn/array/SetElementAtFunction|,|java+class:///org/jext/dawn/Function|> 
<|java+class:///org/jext/dawn/err/ErrMsgFunction|,|java+class:///org/jext/dawn/Function|> 
<|java+class:///org/jext/dawn/err/ErrorFunction|,|java+class:///org/jext/dawn/Function|> 
<|java+class:///org/jext/dawn/err/TryCatchFunction|,|java+class:///org/jext/dawn/Function|> 
<|java+class:///org/jext/dawn/io/CloseFileFunction|,|java+class:///org/jext/dawn/Function|> 
<|java+class:///org/jext/dawn/io/ExistFunction|,|java+class:///org/jext/dawn/Function|> 
<|java+class:///org/jext/dawn/io/FileSizeFunction|,|java+class:///org/jext/dawn/Function|> 
<|java+class:///org/jext/dawn/io/InputLineFunction|,|java+class:///org/jext/dawn/Function|> 
<|java+class:///org/jext/dawn/io/IsAvailableFunction|,|java+class:///org/jext/dawn/Function|> 
<|java+class:///org/jext/dawn/io/LineSeparatorFunction|,|java+class:///org/jext/dawn/Function|> 
<|java+class:///org/jext/dawn/io/OpenInputFunction|,|java+class:///org/jext/dawn/Function|> 
<|java+class:///org/jext/dawn/io/OpenOutputFunction|,|java+class:///org/jext/dawn/Function|> 
<|java+class:///org/jext/dawn/io/PrintFunction|,|java+class:///org/jext/dawn/Function|> 
<|java+class:///org/jext/dawn/io/PrintlnFunction|,|java+class:///org/jext/dawn/Function|> 
<|java+class:///org/jext/dawn/io/ReadFunction|,|java+class:///org/jext/dawn/Function|> 
<|java+class:///org/jext/dawn/io/ReadLineFunction|,|java+class:///org/jext/dawn/Function|> 
<|java+class:///org/jext/dawn/io/WriteFunction|,|java+class:///org/jext/dawn/Function|> 
<|java+class:///org/jext/dawn/io/WriteLineFunction|,|java+class:///org/jext/dawn/Function|> 
<|java+class:///org/jext/dawn/javaccess/ClassFunction|,|java+class:///org/jext/dawn/Function|> 
<|java+class:///org/jext/dawn/javaccess/ConstructorFunction|,|java+class:///org/jext/dawn/Function|> 
<|java+class:///org/jext/dawn/javaccess/FieldFunction|,|java+class:///org/jext/dawn/Function|> 
<|java+class:///org/jext/dawn/javaccess/InvokeFunction|,|java+class:///org/jext/dawn/Function|> 
<|java+class:///org/jext/dawn/javaccess/MethodFunction|,|java+class:///org/jext/dawn/Function|> 
<|java+class:///org/jext/dawn/javaccess/NewFunction|,|java+class:///org/jext/dawn/Function|> 
<|java+class:///org/jext/dawn/javaccess/NullFunction|,|java+class:///org/jext/dawn/Function|> 
<|java+class:///org/jext/dawn/loop/DoLoopFunction|,|java+class:///org/jext/dawn/Function|> 
<|java+class:///org/jext/dawn/loop/ForFunction|,|java+class:///org/jext/dawn/Function|> 
<|java+class:///org/jext/dawn/loop/WhileFunction|,|java+class:///org/jext/dawn/Function|> 
<|java+class:///org/jext/dawn/math/ArcCosFunction|,|java+class:///org/jext/dawn/Function|> 
<|java+class:///org/jext/dawn/math/ArcSinFunction|,|java+class:///org/jext/dawn/Function|> 
<|java+class:///org/jext/dawn/math/ArcTanFunction|,|java+class:///org/jext/dawn/Function|> 
<|java+class:///org/jext/dawn/math/CosFunction|,|java+class:///org/jext/dawn/Function|> 
<|java+class:///org/jext/dawn/math/DecreaseFunction|,|java+class:///org/jext/dawn/Function|> 
<|java+class:///org/jext/dawn/math/DivideFunction|,|java+class:///org/jext/dawn/Function|> 
<|java+class:///org/jext/dawn/math/EFunction|,|java+class:///org/jext/dawn/Function|> 
<|java+class:///org/jext/dawn/math/FactFunction|,|java+class:///org/jext/dawn/Function|> 
<|java+class:///org/jext/dawn/math/IncreaseFunction|,|java+class:///org/jext/dawn/Function|> 
<|java+class:///org/jext/dawn/math/MinusFunction|,|java+class:///org/jext/dawn/Function|> 
<|java+class:///org/jext/dawn/math/ModuloFunction|,|java+class:///org/jext/dawn/Function|> 
<|java+class:///org/jext/dawn/math/PiFunction|,|java+class:///org/jext/dawn/Function|> 
<|java+class:///org/jext/dawn/math/PlusFunction|,|java+class:///org/jext/dawn/Function|> 
<|java+class:///org/jext/dawn/math/PowerFunction|,|java+class:///org/jext/dawn/Function|> 
<|java+class:///org/jext/dawn/math/RoundFunction|,|java+class:///org/jext/dawn/Function|> 
<|java+class:///org/jext/dawn/math/SinFunction|,|java+class:///org/jext/dawn/Function|> 
<|java+class:///org/jext/dawn/math/SqrtFunction|,|java+class:///org/jext/dawn/Function|> 
<|java+class:///org/jext/dawn/math/TanFunction|,|java+class:///org/jext/dawn/Function|> 
<|java+class:///org/jext/dawn/math/TimesFunction|,|java+class:///org/jext/dawn/Function|> 
<|java+class:///org/jext/dawn/naming/CreateFunction|,|java+class:///org/jext/dawn/Function|> 
<|java+class:///org/jext/dawn/naming/CreateGlobalFunction|,|java+class:///org/jext/dawn/Function|> 
<|java+class:///org/jext/dawn/naming/FromLiteralFunction|,|java+class:///org/jext/dawn/Function|> 
<|java+class:///org/jext/dawn/naming/ToLiteralFunction|,|java+class:///org/jext/dawn/Function|> 
<|java+class:///org/jext/dawn/stack/ClearFunction|,|java+class:///org/jext/dawn/Function|> 
<|java+class:///org/jext/dawn/stack/DepthFunction|,|java+class:///org/jext/dawn/Function|> 
<|java+class:///org/jext/dawn/stack/DropFunction|,|java+class:///org/jext/dawn/Function|> 
<|java+class:///org/jext/dawn/stack/DropnFunction|,|java+class:///org/jext/dawn/Function|> 
<|java+class:///org/jext/dawn/stack/DupFunction|,|java+class:///org/jext/dawn/Function|> 
<|java+class:///org/jext/dawn/stack/DupnFunction|,|java+class:///org/jext/dawn/Function|> 
<|java+class:///org/jext/dawn/stack/NDupFunction|,|java+class:///org/jext/dawn/Function|> 
<|java+class:///org/jext/dawn/stack/PickFunction|,|java+class:///org/jext/dawn/Function|> 
<|java+class:///org/jext/dawn/stack/RclFunction|,|java+class:///org/jext/dawn/Function|> 
<|java+class:///org/jext/dawn/stack/ReverseFunction|,|java+class:///org/jext/dawn/Function|> 
<|java+class:///org/jext/dawn/stack/RollDownFunction|,|java+class:///org/jext/dawn/Function|> 
<|java+class:///org/jext/dawn/stack/RollFunction|,|java+class:///org/jext/dawn/Function|> 
<|java+class:///org/jext/dawn/stack/SetFunction|,|java+class:///org/jext/dawn/Function|> 
<|java+class:///org/jext/dawn/stack/StoFunction|,|java+class:///org/jext/dawn/Function|> 
<|java+class:///org/jext/dawn/stack/SwapFunction|,|java+class:///org/jext/dawn/Function|> 
<|java+class:///org/jext/dawn/string/CharAtFunction|,|java+class:///org/jext/dawn/Function|> 
<|java+class:///org/jext/dawn/string/ChrFunction|,|java+class:///org/jext/dawn/Function|> 
<|java+class:///org/jext/dawn/string/ConcatFunction|,|java+class:///org/jext/dawn/Function|> 
<|java+class:///org/jext/dawn/string/EndsWithFunction|,|java+class:///org/jext/dawn/Function|> 
<|java+class:///org/jext/dawn/string/FromStringFunction|,|java+class:///org/jext/dawn/Function|> 
<|java+class:///org/jext/dawn/string/HeadFunction|,|java+class:///org/jext/dawn/Function|> 
<|java+class:///org/jext/dawn/string/LastPosFunction|,|java+class:///org/jext/dawn/Function|> 
<|java+class:///org/jext/dawn/string/LowerCaseFunction|,|java+class:///org/jext/dawn/Function|> 
<|java+class:///org/jext/dawn/string/NumFunction|,|java+class:///org/jext/dawn/Function|> 
<|java+class:///org/jext/dawn/string/PosFunction|,|java+class:///org/jext/dawn/Function|> 
<|java+class:///org/jext/dawn/string/SizeFunction|,|java+class:///org/jext/dawn/Function|> 
<|java+class:///org/jext/dawn/string/StartsWithFunction|,|java+class:///org/jext/dawn/Function|> 
<|java+class:///org/jext/dawn/string/SubFunction|,|java+class:///org/jext/dawn/Function|> 
<|java+class:///org/jext/dawn/string/TailFunction|,|java+class:///org/jext/dawn/Function|> 
<|java+class:///org/jext/dawn/string/ToStringFunction|,|java+class:///org/jext/dawn/Function|> 
<|java+class:///org/jext/dawn/string/TokenizeDelimFunction|,|java+class:///org/jext/dawn/Function|> 
<|java+class:///org/jext/dawn/string/TokenizeFunction|,|java+class:///org/jext/dawn/Function|> 
<|java+class:///org/jext/dawn/string/TrimFunction|,|java+class:///org/jext/dawn/Function|> 
<|java+class:///org/jext/dawn/string/UpperCaseFunction|,|java+class:///org/jext/dawn/Function|> 
<|java+class:///org/jext/dawn/test/AndFunction|,|java+class:///org/jext/dawn/Function|> 
<|java+class:///org/jext/dawn/test/BinAndFunction|,|java+class:///org/jext/dawn/Function|> 
<|java+class:///org/jext/dawn/test/BinOrFunction|,|java+class:///org/jext/dawn/Function|> 
<|java+class:///org/jext/dawn/test/DifferentFromFunction|,|java+class:///org/jext/dawn/Function|> 
<|java+class:///org/jext/dawn/test/EqualsFunction|,|java+class:///org/jext/dawn/Function|> 
<|java+class:///org/jext/dawn/test/GetTypeFunction|,|java+class:///org/jext/dawn/Function|> 
<|java+class:///org/jext/dawn/test/GreaterEqualsFunction|,|java+class:///org/jext/dawn/Function|> 
<|java+class:///org/jext/dawn/test/GreaterThanFunction|,|java+class:///org/jext/dawn/Function|> 
<|java+class:///org/jext/dawn/test/IfFunction|,|java+class:///org/jext/dawn/Function|> 
<|java+class:///org/jext/dawn/test/IsArrayFunction|,|java+class:///org/jext/dawn/Function|> 
<|java+class:///org/jext/dawn/test/IsLiteralFunction|,|java+class:///org/jext/dawn/Function|> 
<|java+class:///org/jext/dawn/test/IsNumericFunction|,|java+class:///org/jext/dawn/Function|> 
<|java+class:///org/jext/dawn/test/IsStringFunction|,|java+class:///org/jext/dawn/Function|> 
<|java+class:///org/jext/dawn/test/LowerEqualsFunction|,|java+class:///org/jext/dawn/Function|> 
<|java+class:///org/jext/dawn/test/LowerThanFunction|,|java+class:///org/jext/dawn/Function|> 
<|java+class:///org/jext/dawn/test/NotFunction|,|java+class:///org/jext/dawn/Function|> 
<|java+class:///org/jext/dawn/test/OrFunction|,|java+class:///org/jext/dawn/Function|> 
<|java+class:///org/jext/dawn/test/SameFunction|,|java+class:///org/jext/dawn/Function|> 
<|java+class:///org/jext/dawn/test/XorFunction|,|java+class:///org/jext/dawn/Function|> 
<|java+class:///org/jext/dawn/util/ConstructPathFunction|,|java+class:///org/jext/dawn/Function|> 
<|java+class:///org/jext/dawn/util/DateFunction|,|java+class:///org/jext/dawn/Function|> 
<|java+class:///org/jext/dawn/util/DumpFunction|,|java+class:///org/jext/dawn/Function|> 
<|java+class:///org/jext/dawn/util/EvalFunction|,|java+class:///org/jext/dawn/Function|> 
<|java+class:///org/jext/dawn/util/ExecFunction|,|java+class:///org/jext/dawn/Function|> 
<|java+class:///org/jext/dawn/util/ExitFunction|,|java+class:///org/jext/dawn/Function|> 
<|java+class:///org/jext/dawn/util/FormattedDateFunction|,|java+class:///org/jext/dawn/Function|> 
<|java+class:///org/jext/dawn/util/HelpFunction|,|java+class:///org/jext/dawn/Function|> 
<|java+class:///org/jext/dawn/util/RandomFunction|,|java+class:///org/jext/dawn/Function|> 
<|java+class:///org/jext/dawn/util/RandomizeFunction|,|java+class:///org/jext/dawn/Function|> 
<|java+class:///org/jext/dawn/util/RdzFunction|,|java+class:///org/jext/dawn/Function|> 
<|java+class:///org/jext/dawn/util/ScriptExecFunction|,|java+class:///org/jext/dawn/Function|> 
<|java+class:///org/jext/dawn/util/TimeFunction|,|java+class:///org/jext/dawn/Function|> 
<|java+class:///org/jext/dawn/util/VersionFunction|,|java+class:///org/jext/dawn/Function|> 
<|java+class:///org/jext/dawn/util/WaitFunction|,|java+class:///org/jext/dawn/Function|> 
<|java+class:///org/jext/gui/FontSelector|,|java+class:///org/jext/gui/JextHighlightButton|> 
<|java+class:///org/jext/menus/TemplatesMenu|,|java+class:///org/jext/gui/JextMenu|> 
<|java+class:///org/jext/misc/CopyThread|,|java+class:///org/jext/misc/SwingWorker|> 
<|java+class:///org/jext/misc/DownloaderThread|,|java+class:///org/jext/misc/CopyThread|> 
<|java+class:///org/jext/misc/TabSwitcher|,|java+class:///org/jext/MenuAction|> 
<|java+class:///org/jext/oneclick/OneAutoIndent|,|java+class:///org/jext/OneClickAction|> 
<|java+class:///org/jext/options/EditorOptions|,|java+class:///org/jext/gui/AbstractOptionPane|> 
<|java+class:///org/jext/options/FileFiltersOptions|,|java+class:///org/jext/gui/AbstractOptionPane|> 
<|java+class:///org/jext/options/GeneralOptions|,|java+class:///org/jext/gui/AbstractOptionPane|> 
<|java+class:///org/jext/options/GutterOptions|,|java+class:///org/jext/gui/AbstractOptionPane|> 
<|java+class:///org/jext/options/KeyShortcutsOptions|,|java+class:///org/jext/gui/AbstractOptionPane|> 
<|java+class:///org/jext/options/LangOptions|,|java+class:///org/jext/gui/AbstractOptionPane|> 
<|java+class:///org/jext/options/LoadingOptions|,|java+class:///org/jext/gui/AbstractOptionPane|> 
<|java+class:///org/jext/options/PrintOptions|,|java+class:///org/jext/gui/AbstractOptionPane|> 
<|java+class:///org/jext/options/SecurityOptions|,|java+class:///org/jext/gui/AbstractOptionPane|> 
<|java+class:///org/jext/options/StylesOptions|,|java+class:///org/jext/gui/AbstractOptionPane|> 
<|java+class:///org/jext/options/UIOptions|,|java+class:///org/jext/gui/AbstractOptionPane|> 
<|java+class:///org/jext/project/DefaultProjectManager|,|java+class:///org/jext/project/AbstractProjectManager|> 
<|java+class:///org/jext/project/DefaultProjectManager/DefaultProject|,|java+class:///org/jext/project/AbstractProject|> 
<|java+class:///org/jext/scripting/dawn/DawnLogWindow|,|java+class:///org/jext/scripting/AbstractLogWindow|> 
<|java+class:///org/jext/scripting/dawn/functions/ConsoleFunction|,|java+class:///org/jext/dawn/Function|> 
<|java+class:///org/jext/scripting/dawn/functions/CreateActionFunction|,|java+class:///org/jext/dawn/Function|> 
<|java+class:///org/jext/scripting/dawn/functions/CreateActionFunction/DawnAction|,|java+class:///org/jext/MenuAction|> 
<|java+class:///org/jext/scripting/dawn/functions/GetPropertyFunction|,|java+class:///org/jext/dawn/Function|> 
<|java+class:///org/jext/scripting/dawn/functions/GetSelectedTextFunction|,|java+class:///org/jext/dawn/Function|> 
<|java+class:///org/jext/scripting/dawn/functions/GetTextFunction|,|java+class:///org/jext/dawn/Function|> 
<|java+class:///org/jext/scripting/dawn/functions/InputFunction|,|java+class:///org/jext/dawn/Function|> 
<|java+class:///org/jext/scripting/dawn/functions/InsertTextFunction|,|java+class:///org/jext/dawn/Function|> 
<|java+class:///org/jext/scripting/dawn/functions/IsPropertyEnabledFunction|,|java+class:///org/jext/dawn/Function|> 
<|java+class:///org/jext/scripting/dawn/functions/JextActionFunction|,|java+class:///org/jext/dawn/Function|> 
<|java+class:///org/jext/scripting/dawn/functions/MsgBoxFunction|,|java+class:///org/jext/dawn/Function|> 
<|java+class:///org/jext/scripting/dawn/functions/OpenFunction|,|java+class:///org/jext/dawn/Function|> 
<|java+class:///org/jext/scripting/dawn/functions/SetPropertyFunction|,|java+class:///org/jext/dawn/Function|> 
<|java+class:///org/jext/scripting/dawn/functions/SetTextFunction|,|java+class:///org/jext/dawn/Function|> 
<|java+class:///org/jext/scripting/dawn/functions/YesNoCancelFunction|,|java+class:///org/jext/dawn/Function|> 
<|java+class:///org/jext/scripting/dawn/functions/YesNoFunction|,|java+class:///org/jext/dawn/Function|> 
<|java+class:///org/jext/scripting/python/PythonLogWindow|,|java+class:///org/jext/scripting/AbstractLogWindow|> 
<|java+class:///org/jext/textarea/CsWord|,|java+class:///org/jext/MenuAction|> 
<|java+class:///org/jext/textarea/IndentOnEnter|,|java+class:///org/jext/MenuAction|> 
<|java+class:///org/jext/textarea/IndentOnTab|,|java+class:///org/jext/MenuAction|> 
<|java+class:///org/jext/textarea/NextLineIndent|,|java+class:///org/jext/MenuAction|> 
<|java+class:///org/jext/textarea/PrevLineIndent|,|java+class:///org/jext/MenuAction|> 
<|java+class:///org/jext/textarea/ScrollDown|,|java+class:///org/jext/MenuAction|> 
<|java+class:///org/jext/textarea/ScrollPageDown|,|java+class:///org/jext/MenuAction|> 
<|java+class:///org/jext/textarea/ScrollPageUp|,|java+class:///org/jext/MenuAction|> 
<|java+class:///org/jext/textarea/ScrollUp|,|java+class:///org/jext/MenuAction|> 

GENERIC TOTAL: 4 
<|java+class:///BackStab|,|java+class:///UML/Element|> 
<|java+class:///org/gjt/sp/jedit/syntax/ASPTokenMarker|,|java+class:///org/gjt/sp/jedit/syntax/TokenMarker|> 
<|java+class:///org/jext/actions/BeginLine|,|java+class:///org/jext/MenuAction|> 
<|java+class:///org/jext/options/GeneralOptions|,|java+class:///org/jext/gui/AbstractOptionPane|> 

CATEGORY TOTAL: 0 

FRAMEWORK TOTAL: 100 
<|java+class:///AutoExpander|,|java+class:///org/jext/MenuAction|> 
<|java+class:///Beautifier|,|java+class:///org/jext/MenuAction|> 
<|java+class:///BeautifierOptions|,|java+class:///org/jext/gui/AbstractOptionPane|> 
<|java+class:///ClassBrowserGUI|,|java+class:///org/jext/MenuAction|> 
<|java+class:///ClassBrowserOptions|,|java+class:///org/jext/gui/AbstractOptionPane|> 
<|java+class:///FindAllAction|,|java+class:///org/jext/MenuAction|> 
<|java+class:///FindInFilesOptions|,|java+class:///org/jext/gui/AbstractOptionPane|> 
<|java+class:///FunnyBrackets|,|java+class:///org/jext/MenuAction|> 
<|java+class:///HTMLIndenter|,|java+class:///org/jext/MenuAction|> 
<|java+class:///HyperTyperHotkey|,|java+class:///org/jext/MenuAction|> 
<|java+class:///HyperTyperOption|,|java+class:///org/jext/gui/AbstractOptionPane|> 
<|java+class:///HyperTyperWindowGUI|,|java+class:///org/jext/MenuAction|> 
<|java+class:///IndenterOptionPane|,|java+class:///org/jext/gui/AbstractOptionPane|> 
<|java+class:///InsertClassName|,|java+class:///org/jext/MenuAction|> 
<|java+class:///JBrowseOptionPane|,|java+class:///org/jext/gui/AbstractOptionPane|> 
<|java+class:///JBrowsePlugin/OpenAction|,|java+class:///org/jext/MenuAction|> 
<|java+class:///JBrowsePlugin/OptPane|,|java+class:///JBrowseOptionPane|> 
<|java+class:///JextKLNFTheme|,|java+class:///org/jext/gui/JextMetalTheme|> 
<|java+class:///KLNFOptionPane|,|java+class:///org/jext/gui/AbstractOptionPane|> 
<|java+class:///NextTag|,|java+class:///org/jext/MenuAction|> 
<|java+class:///PHPBeautifier|,|java+class:///org/jext/MenuAction|> 
<|java+class:///PHPBeautifierBloc|,|java+class:///org/jext/MenuAction|> 
<|java+class:///PHPBrowse|,|java+class:///org/jext/MenuAction|> 
<|java+class:///PHPComplete|,|java+class:///org/jext/MenuAction|> 
<|java+class:///PHPIndenter|,|java+class:///org/jext/MenuAction|> 
<|java+class:///PHPIndenterBloc|,|java+class:///org/jext/MenuAction|> 
<|java+class:///PHPQuickOpen|,|java+class:///org/jext/MenuAction|> 
<|java+class:///PreviousTag|,|java+class:///org/jext/MenuAction|> 
<|java+class:///TagsCompletionOptionPane|,|java+class:///org/jext/gui/AbstractOptionPane|> 
<|java+class:///ToAccents|,|java+class:///org/jext/MenuAction|> 
<|java+class:///ToEntities|,|java+class:///org/jext/MenuAction|> 
<|java+class:///WheelMouseOptionPane|,|java+class:///org/jext/gui/AbstractOptionPane|> 
<|java+class:///com/incors/plaf/kunststoff/KunststoffPasswordFieldUI|,|java+class:///com/incors/plaf/kunststoff/KunststoffTextFieldUI|> 
<|java+class:///com/incors/plaf/kunststoff/themes/KunststoffDesktopTheme|,|java+class:///com/incors/plaf/kunststoff/KunststoffTheme|> 
<|java+class:///com/incors/plaf/kunststoff/themes/KunststoffNotebookTheme|,|java+class:///com/incors/plaf/kunststoff/KunststoffTheme|> 
<|java+class:///com/incors/plaf/kunststoff/themes/KunststoffPresentationTheme|,|java+class:///com/incors/plaf/kunststoff/KunststoffTheme|> 
<|java+class:///gnu/regexp/RE|,|java+class:///gnu/regexp/REToken|> 
<|java+class:///gnu/regexp/RETokenAny|,|java+class:///gnu/regexp/REToken|> 
<|java+class:///gnu/regexp/RETokenBackRef|,|java+class:///gnu/regexp/REToken|> 
<|java+class:///gnu/regexp/RETokenChar|,|java+class:///gnu/regexp/REToken|> 
<|java+class:///gnu/regexp/RETokenEnd|,|java+class:///gnu/regexp/REToken|> 
<|java+class:///gnu/regexp/RETokenEndSub|,|java+class:///gnu/regexp/REToken|> 
<|java+class:///gnu/regexp/RETokenLookAhead|,|java+class:///gnu/regexp/REToken|> 
<|java+class:///gnu/regexp/RETokenOneOf|,|java+class:///gnu/regexp/REToken|> 
<|java+class:///gnu/regexp/RETokenPOSIX|,|java+class:///gnu/regexp/REToken|> 
<|java+class:///gnu/regexp/RETokenRange|,|java+class:///gnu/regexp/REToken|> 
<|java+class:///gnu/regexp/RETokenRepeated|,|java+class:///gnu/regexp/REToken|> 
<|java+class:///gnu/regexp/RETokenStart|,|java+class:///gnu/regexp/REToken|> 
<|java+class:///gnu/regexp/RETokenWordBoundary|,|java+class:///gnu/regexp/REToken|> 
<|java+class:///org/gjt/sp/jedit/textarea/DefaultInputHandler|,|java+class:///org/gjt/sp/jedit/textarea/InputHandler|> 
<|java+class:///org/jext/JextTextArea|,|java+class:///org/gjt/sp/jedit/textarea/JEditTextArea|> 
<|java+class:///org/jext/OneClickAction|,|java+class:///org/jext/MenuAction|> 
<|java+class:///org/jext/PythonAction|,|java+class:///org/jext/MenuAction|> 
<|java+class:///org/jext/actions/BeginLine|,|java+class:///org/jext/MenuAction|> 
<|java+class:///org/jext/actions/BoxComment|,|java+class:///org/jext/MenuAction|> 
<|java+class:///org/jext/actions/CompleteWord|,|java+class:///org/jext/MenuAction|> 
<|java+class:///org/jext/actions/CompleteWordAll|,|java+class:///org/jext/MenuAction|> 
<|java+class:///org/jext/actions/CreateTemplate|,|java+class:///org/jext/MenuAction|> 
<|java+class:///org/jext/actions/EndLine|,|java+class:///org/jext/MenuAction|> 
<|java+class:///org/jext/actions/JoinAllLines|,|java+class:///org/jext/MenuAction|> 
<|java+class:///org/jext/actions/JoinLines|,|java+class:///org/jext/MenuAction|> 
<|java+class:///org/jext/actions/LeftIndent|,|java+class:///org/jext/MenuAction|> 
<|java+class:///org/jext/actions/OpenUrl|,|java+class:///org/jext/MenuAction|> 
<|java+class:///org/jext/actions/Print|,|java+class:///org/jext/MenuAction|> 
<|java+class:///org/jext/actions/RemoveWhitespace|,|java+class:///org/jext/MenuAction|> 
<|java+class:///org/jext/actions/RightIndent|,|java+class:///org/jext/MenuAction|> 
<|java+class:///org/jext/actions/SimpleComment|,|java+class:///org/jext/MenuAction|> 
<|java+class:///org/jext/actions/SimpleUnComment|,|java+class:///org/jext/MenuAction|> 
<|java+class:///org/jext/actions/SpacesToTabs|,|java+class:///org/jext/MenuAction|> 
<|java+class:///org/jext/actions/TabsToSpaces|,|java+class:///org/jext/MenuAction|> 
<|java+class:///org/jext/actions/ToLowerCase|,|java+class:///org/jext/MenuAction|> 
<|java+class:///org/jext/actions/ToUpperCase|,|java+class:///org/jext/MenuAction|> 
<|java+class:///org/jext/actions/WingComment|,|java+class:///org/jext/MenuAction|> 
<|java+class:///org/jext/actions/WordCount|,|java+class:///org/jext/MenuAction|> 
<|java+class:///org/jext/gui/FontSelector|,|java+class:///org/jext/gui/JextHighlightButton|> 
<|java+class:///org/jext/menus/TemplatesMenu|,|java+class:///org/jext/gui/JextMenu|> 
<|java+class:///org/jext/misc/TabSwitcher|,|java+class:///org/jext/MenuAction|> 
<|java+class:///org/jext/options/EditorOptions|,|java+class:///org/jext/gui/AbstractOptionPane|> 
<|java+class:///org/jext/options/FileFiltersOptions|,|java+class:///org/jext/gui/AbstractOptionPane|> 
<|java+class:///org/jext/options/GeneralOptions|,|java+class:///org/jext/gui/AbstractOptionPane|> 
<|java+class:///org/jext/options/GutterOptions|,|java+class:///org/jext/gui/AbstractOptionPane|> 
<|java+class:///org/jext/options/KeyShortcutsOptions|,|java+class:///org/jext/gui/AbstractOptionPane|> 
<|java+class:///org/jext/options/LangOptions|,|java+class:///org/jext/gui/AbstractOptionPane|> 
<|java+class:///org/jext/options/LoadingOptions|,|java+class:///org/jext/gui/AbstractOptionPane|> 
<|java+class:///org/jext/options/PrintOptions|,|java+class:///org/jext/gui/AbstractOptionPane|> 
<|java+class:///org/jext/options/SecurityOptions|,|java+class:///org/jext/gui/AbstractOptionPane|> 
<|java+class:///org/jext/options/StylesOptions|,|java+class:///org/jext/gui/AbstractOptionPane|> 
<|java+class:///org/jext/options/UIOptions|,|java+class:///org/jext/gui/AbstractOptionPane|> 
<|java+class:///org/jext/scripting/dawn/DawnLogWindow|,|java+class:///org/jext/scripting/AbstractLogWindow|> 
<|java+class:///org/jext/scripting/dawn/functions/CreateActionFunction/DawnAction|,|java+class:///org/jext/MenuAction|> 
<|java+class:///org/jext/scripting/python/PythonLogWindow|,|java+class:///org/jext/scripting/AbstractLogWindow|> 
<|java+class:///org/jext/textarea/CsWord|,|java+class:///org/jext/MenuAction|> 
<|java+class:///org/jext/textarea/IndentOnEnter|,|java+class:///org/jext/MenuAction|> 
<|java+class:///org/jext/textarea/IndentOnTab|,|java+class:///org/jext/MenuAction|> 
<|java+class:///org/jext/textarea/NextLineIndent|,|java+class:///org/jext/MenuAction|> 
<|java+class:///org/jext/textarea/PrevLineIndent|,|java+class:///org/jext/MenuAction|> 
<|java+class:///org/jext/textarea/ScrollDown|,|java+class:///org/jext/MenuAction|> 
<|java+class:///org/jext/textarea/ScrollPageDown|,|java+class:///org/jext/MenuAction|> 
<|java+class:///org/jext/textarea/ScrollPageUp|,|java+class:///org/jext/MenuAction|> 
<|java+class:///org/jext/textarea/ScrollUp|,|java+class:///org/jext/MenuAction|> 

DOWNCALL TOTAL: 50 
<|java+class:///PHPBrowseTabParser|,|java+class:///PHPParser|> 
<|java+class:///PHPBufferPartList|,|java+class:///PHPParser|> 
<|java+class:///PHPIndentPEAR|,|java+class:///PHPParser|> 
<|java+class:///PHPIndentPHP|,|java+class:///PHPParser|> 
<|java+class:///gnu/regexp/RE|,|java+class:///gnu/regexp/REToken|> 
<|java+class:///gnu/regexp/RETokenAny|,|java+class:///gnu/regexp/REToken|> 
<|java+class:///gnu/regexp/RETokenBackRef|,|java+class:///gnu/regexp/REToken|> 
<|java+class:///gnu/regexp/RETokenChar|,|java+class:///gnu/regexp/REToken|> 
<|java+class:///gnu/regexp/RETokenEnd|,|java+class:///gnu/regexp/REToken|> 
<|java+class:///gnu/regexp/RETokenEndSub|,|java+class:///gnu/regexp/REToken|> 
<|java+class:///gnu/regexp/RETokenLookAhead|,|java+class:///gnu/regexp/REToken|> 
<|java+class:///gnu/regexp/RETokenOneOf|,|java+class:///gnu/regexp/REToken|> 
<|java+class:///gnu/regexp/RETokenPOSIX|,|java+class:///gnu/regexp/REToken|> 
<|java+class:///gnu/regexp/RETokenRange|,|java+class:///gnu/regexp/REToken|> 
<|java+class:///gnu/regexp/RETokenRepeated|,|java+class:///gnu/regexp/REToken|> 
<|java+class:///gnu/regexp/RETokenStart|,|java+class:///gnu/regexp/REToken|> 
<|java+class:///gnu/regexp/RETokenWordBoundary|,|java+class:///gnu/regexp/REToken|> 
<|java+class:///org/gjt/sp/jedit/syntax/ASMTokenMarker|,|java+class:///org/gjt/sp/jedit/syntax/TokenMarker|> 
<|java+class:///org/gjt/sp/jedit/syntax/ASPJavascriptTokenMarker|,|java+class:///org/gjt/sp/jedit/syntax/TokenMarker|> 
<|java+class:///org/gjt/sp/jedit/syntax/ASPPerlscriptTokenMarker|,|java+class:///org/gjt/sp/jedit/syntax/TokenMarker|> 
<|java+class:///org/gjt/sp/jedit/syntax/ASPTokenMarker|,|java+class:///org/gjt/sp/jedit/syntax/TokenMarker|> 
<|java+class:///org/gjt/sp/jedit/syntax/ASPVBScriptTokenMarker|,|java+class:///org/gjt/sp/jedit/syntax/TokenMarker|> 
<|java+class:///org/gjt/sp/jedit/syntax/BatchFileTokenMarker|,|java+class:///org/gjt/sp/jedit/syntax/TokenMarker|> 
<|java+class:///org/gjt/sp/jedit/syntax/CSharpTokenMarker|,|java+class:///org/gjt/sp/jedit/syntax/TokenMarker|> 
<|java+class:///org/gjt/sp/jedit/syntax/CTokenMarker|,|java+class:///org/gjt/sp/jedit/syntax/TokenMarker|> 
<|java+class:///org/gjt/sp/jedit/syntax/CobolTokenMarker|,|java+class:///org/gjt/sp/jedit/syntax/TokenMarker|> 
<|java+class:///org/gjt/sp/jedit/syntax/DawnTokenMarker|,|java+class:///org/gjt/sp/jedit/syntax/TokenMarker|> 
<|java+class:///org/gjt/sp/jedit/syntax/EiffelTokenMarker|,|java+class:///org/gjt/sp/jedit/syntax/TokenMarker|> 
<|java+class:///org/gjt/sp/jedit/syntax/FortranTokenMarker|,|java+class:///org/gjt/sp/jedit/syntax/TokenMarker|> 
<|java+class:///org/gjt/sp/jedit/syntax/HTMLTokenMarker|,|java+class:///org/gjt/sp/jedit/syntax/TokenMarker|> 
<|java+class:///org/gjt/sp/jedit/syntax/JSPTokenMarker|,|java+class:///org/gjt/sp/jedit/syntax/TokenMarker|> 
<|java+class:///org/gjt/sp/jedit/syntax/LATTokenMarker|,|java+class:///org/gjt/sp/jedit/syntax/TokenMarker|> 
<|java+class:///org/gjt/sp/jedit/syntax/MakefileTokenMarker|,|java+class:///org/gjt/sp/jedit/syntax/TokenMarker|> 
<|java+class:///org/gjt/sp/jedit/syntax/PHPTokenMarker|,|java+class:///org/gjt/sp/jedit/syntax/TokenMarker|> 
<|java+class:///org/gjt/sp/jedit/syntax/PascalTokenMarker|,|java+class:///org/gjt/sp/jedit/syntax/TokenMarker|> 
<|java+class:///org/gjt/sp/jedit/syntax/PatchTokenMarker|,|java+class:///org/gjt/sp/jedit/syntax/TokenMarker|> 
<|java+class:///org/gjt/sp/jedit/syntax/PlainTokenMarker|,|java+class:///org/gjt/sp/jedit/syntax/TokenMarker|> 
<|java+class:///org/gjt/sp/jedit/syntax/PropsTokenMarker|,|java+class:///org/gjt/sp/jedit/syntax/TokenMarker|> 
<|java+class:///org/gjt/sp/jedit/syntax/PythonTokenMarker|,|java+class:///org/gjt/sp/jedit/syntax/TokenMarker|> 
<|java+class:///org/gjt/sp/jedit/syntax/RubyTokenMarker|,|java+class:///org/gjt/sp/jedit/syntax/TokenMarker|> 
<|java+class:///org/gjt/sp/jedit/syntax/SAP2000TokenMarker|,|java+class:///org/gjt/sp/jedit/syntax/TokenMarker|> 
<|java+class:///org/gjt/sp/jedit/syntax/SQRTokenMarker|,|java+class:///org/gjt/sp/jedit/syntax/TokenMarker|> 
<|java+class:///org/gjt/sp/jedit/syntax/ShellScriptTokenMarker|,|java+class:///org/gjt/sp/jedit/syntax/TokenMarker|> 
<|java+class:///org/gjt/sp/jedit/syntax/TSQLTokenMarker|,|java+class:///org/gjt/sp/jedit/syntax/TokenMarker|> 
<|java+class:///org/gjt/sp/jedit/syntax/TeXTokenMarker|,|java+class:///org/gjt/sp/jedit/syntax/TokenMarker|> 
<|java+class:///org/gjt/sp/jedit/syntax/TextTokenMarker|,|java+class:///org/gjt/sp/jedit/syntax/TokenMarker|> 
<|java+class:///org/gjt/sp/jedit/syntax/VHDLTokenMarker|,|java+class:///org/gjt/sp/jedit/syntax/TokenMarker|> 
<|java+class:///org/gjt/sp/jedit/syntax/VerilogTokenMarker|,|java+class:///org/gjt/sp/jedit/syntax/TokenMarker|> 
<|java+class:///org/jext/JextTextArea|,|java+class:///org/gjt/sp/jedit/textarea/JEditTextArea|> 
<|java+class:///org/jext/misc/CopyThread|,|java+class:///org/jext/misc/SwingWorker|> 




INTERNAL REUSE TOTAL: 0 

EXTERNAL REUSE TOTAL: 1 
<|java+class:///Options/Display|,|java+interface:///Options/DisplayIro|> 

SUBTYPE TOTAL: 51 
<|java+class:///ChoiceForm/DownloadErrorNotify|,|java+interface:///org/jext/misc/HandlingRunnable|> 
<|java+class:///FindAll|,|java+interface:///org/jext/event/JextListener|> 
<|java+class:///FindInFiles|,|java+interface:///org/jext/event/JextListener|> 
<|java+class:///HyperTyperMapping|,|java+interface:///SequenceChangedListener|> 
<|java+class:///HyperTyperMappingGrid|,|java+interface:///SequenceChangedListener|> 
<|java+class:///HyperTyperPlugin|,|java+interface:///org/jext/event/JextListener|> 
<|java+class:///JBrowse|,|java+interface:///org/jext/event/JextListener|> 
<|java+class:///JBrowseLineParser|,|java+interface:///JBrowseParser|> 
<|java+class:///JBrowsePlugin/OpenAction|,|java+interface:///JBrowse/Activator|> 
<|java+class:///JBrowsePlugin/PropAccessor|,|java+interface:///PropertyAccessor|> 
<|java+class:///JEditLineSource|,|java+interface:///JBrowseParser/LineSource|> 
<|java+class:///KLNFPlugin|,|java+interface:///org/jext/Plugin|> 
<|java+class:///KLNFPlugin|,|java+interface:///org/jext/gui/SkinFactory|> 
<|java+class:///Options/Display|,|java+interface:///Options/DisplayIro|> 
<|java+class:///Options/Filter|,|java+interface:///Options/FilterIro|> 
<|java+class:///PHPBrowseTab|,|java+interface:///org/jext/event/JextListener|> 
<|java+class:///PHPPlugin|,|java+interface:///org/jext/Plugin|> 
<|java+class:///PHPPlugin|,|java+interface:///org/jext/RegisterablePlugin|> 
<|java+class:///TagsCompletion|,|java+interface:///org/jext/event/JextListener|> 
<|java+class:///Track|,|java+interface:///org/gjt/sp/jedit/textarea/InputHandler/MacroRecorder|> 
<|java+class:///com/incors/plaf/kunststoff/KunststoffGradientTheme|,|java+interface:///com/incors/plaf/kunststoff/GradientTheme|> 
<|java+class:///com/microstar/xml/HandlerBase|,|java+interface:///com/microstar/xml/XmlHandler|> 
<|java+class:///gnu/regexp/CharIndexedCharArray|,|java+interface:///gnu/regexp/CharIndexed|> 
<|java+class:///gnu/regexp/CharIndexedInputStream|,|java+interface:///gnu/regexp/CharIndexed|> 
<|java+class:///gnu/regexp/CharIndexedReader|,|java+interface:///gnu/regexp/CharIndexed|> 
<|java+class:///gnu/regexp/CharIndexedString|,|java+interface:///gnu/regexp/CharIndexed|> 
<|java+class:///gnu/regexp/CharIndexedStringBuffer|,|java+interface:///gnu/regexp/CharIndexed|> 
<|java+class:///org/gjt/sp/jedit/syntax/ASPJavascriptTokenMarker|,|java+interface:///org/gjt/sp/jedit/syntax/MultiModeTokenMarkerWithContext|> 
<|java+class:///org/gjt/sp/jedit/syntax/ASPJavascriptTokenMarker|,|java+interface:///org/gjt/sp/jedit/syntax/TokenMarkerWithAddToken|> 
<|java+class:///org/gjt/sp/jedit/syntax/ASPPerlscriptTokenMarker|,|java+interface:///org/gjt/sp/jedit/syntax/MultiModeTokenMarkerWithContext|> 
<|java+class:///org/gjt/sp/jedit/syntax/ASPPerlscriptTokenMarker|,|java+interface:///org/gjt/sp/jedit/syntax/TokenMarkerWithAddToken|> 
<|java+class:///org/gjt/sp/jedit/syntax/ASPTokenMarker|,|java+interface:///org/gjt/sp/jedit/syntax/TokenMarkerWithAddToken|> 
<|java+class:///org/gjt/sp/jedit/syntax/ASPVBScriptTokenMarker|,|java+interface:///org/gjt/sp/jedit/syntax/MultiModeTokenMarkerWithContext|> 
<|java+class:///org/gjt/sp/jedit/syntax/ASPVBScriptTokenMarker|,|java+interface:///org/gjt/sp/jedit/syntax/TokenMarkerWithAddToken|> 
<|java+class:///org/jext/JextFrame/ModeHandler|,|java+interface:///org/jext/event/JextListener|> 
<|java+class:///org/jext/JextFrame/PluginHandler|,|java+interface:///org/jext/event/JextListener|> 
<|java+class:///org/jext/gui/AbstractOptionPane|,|java+interface:///org/jext/gui/OptionPane|> 
<|java+class:///org/jext/gui/BundledSkinFactory|,|java+interface:///org/jext/gui/SkinFactory|> 
<|java+class:///org/jext/misc/FindAccessory|,|java+interface:///org/jext/misc/FindProgressCallback|> 
<|java+class:///org/jext/misc/FindByDate/DateFilter|,|java+interface:///org/jext/misc/FindFilter|> 
<|java+class:///org/jext/misc/FindByName/NameFilter|,|java+interface:///org/jext/misc/FindFilter|> 
<|java+class:///org/jext/misc/VirtualFolders|,|java+interface:///org/jext/event/JextListener|> 
<|java+class:///org/jext/project/AbstractProject|,|java+interface:///org/jext/project/Project|> 
<|java+class:///org/jext/project/AbstractProjectManager|,|java+interface:///org/jext/project/ProjectManager|> 
<|java+class:///org/jext/project/DefaultProjectManagement|,|java+interface:///org/jext/project/ProjectManagement|> 
<|java+class:///org/jext/project/DefaultProjectManager|,|java+interface:///org/jext/event/JextListener|> 
<|java+class:///org/jext/search/BoyerMooreSearchMatcher|,|java+interface:///org/jext/search/SearchMatcher|> 
<|java+class:///org/jext/search/RESearchMatcher|,|java+interface:///org/jext/search/SearchMatcher|> 
<|java+class:///org/jext/search/SearchHighlight|,|java+interface:///org/gjt/sp/jedit/textarea/TextAreaHighlight|> 
<|java+class:///org/jext/toolbar/FastSyntax|,|java+interface:///org/jext/event/JextListener|> 
<|java+class:///org/jext/xinsert/XTree|,|java+interface:///org/jext/event/JextListener|> 

DOWNCALL ACTUAL TOTAL: 0 

DOWNCALL CANDIDATE TOTAL: 0 

CONSTANT TOTAL: 0 

MARKER TOTAL: 23 
<|java+class:///AutoExpander|,|java+interface:///org/gjt/sp/jedit/textarea/InputHandler/NonRepeatable|> 
<|java+class:///org/gjt/sp/jedit/textarea/InputHandler/insert_char|,|java+interface:///org/gjt/sp/jedit/textarea/InputHandler/NonRepeatable|> 
<|java+class:///org/gjt/sp/jedit/textarea/InputHandler/repeat|,|java+interface:///org/gjt/sp/jedit/textarea/InputHandler/NonRecordable|> 
<|java+class:///org/jext/PythonEditAction|,|java+interface:///org/jext/EditAction|> 
<|java+class:///org/jext/actions/BeginLine|,|java+interface:///org/jext/EditAction|> 
<|java+class:///org/jext/actions/BoxComment|,|java+interface:///org/jext/EditAction|> 
<|java+class:///org/jext/actions/CompleteWord|,|java+interface:///org/jext/EditAction|> 
<|java+class:///org/jext/actions/CompleteWordAll|,|java+interface:///org/jext/EditAction|> 
<|java+class:///org/jext/actions/EndLine|,|java+interface:///org/jext/EditAction|> 
<|java+class:///org/jext/actions/JoinAllLines|,|java+interface:///org/jext/EditAction|> 
<|java+class:///org/jext/actions/JoinLines|,|java+interface:///org/jext/EditAction|> 
<|java+class:///org/jext/actions/LeftIndent|,|java+interface:///org/jext/EditAction|> 
<|java+class:///org/jext/actions/RemoveWhitespace|,|java+interface:///org/jext/EditAction|> 
<|java+class:///org/jext/actions/RightIndent|,|java+interface:///org/jext/EditAction|> 
<|java+class:///org/jext/actions/SimpleComment|,|java+interface:///org/jext/EditAction|> 
<|java+class:///org/jext/actions/SimpleUnComment|,|java+interface:///org/jext/EditAction|> 
<|java+class:///org/jext/actions/SpacesToTabs|,|java+interface:///org/jext/EditAction|> 
<|java+class:///org/jext/actions/TabsToSpaces|,|java+interface:///org/jext/EditAction|> 
<|java+class:///org/jext/actions/ToLowerCase|,|java+interface:///org/jext/EditAction|> 
<|java+class:///org/jext/actions/ToUpperCase|,|java+interface:///org/jext/EditAction|> 
<|java+class:///org/jext/actions/WingComment|,|java+interface:///org/jext/EditAction|> 
<|java+class:///org/jext/textarea/IndentOnEnter|,|java+interface:///org/jext/EditAction|> 
<|java+class:///org/jext/textarea/IndentOnTab|,|java+interface:///org/jext/EditAction|> 

SUPER TOTAL: 0 

GENERIC TOTAL: 9 
<|java+class:///FindInFiles|,|java+interface:///org/jext/event/JextListener|> 
<|java+class:///HyperTyperMappingGrid|,|java+interface:///SequenceChangedListener|> 
<|java+class:///HyperTyperPlugin|,|java+interface:///org/jext/Plugin|> 
<|java+class:///KLNFPlugin|,|java+interface:///org/jext/Plugin|> 
<|java+class:///PHPBrowseTab|,|java+interface:///org/jext/event/JextListener|> 
<|java+class:///PHPPlugin|,|java+interface:///org/jext/Plugin|> 
<|java+class:///PlugReader|,|java+interface:///org/jext/misc/AbstractPlugReader|> 
<|java+class:///gnu/regexp/CharIndexedCharArray|,|java+interface:///gnu/regexp/CharIndexed|> 
<|java+class:///org/jext/gui/AbstractOptionPane|,|java+interface:///org/jext/gui/OptionPane|> 

CATEGORY TOTAL: 12 
<|java+class:///FindAllPlugin|,|java+interface:///org/jext/Plugin|> 
<|java+class:///FindInFilesPlugin|,|java+interface:///org/jext/Plugin|> 
<|java+class:///FunnyBracketsPlugin|,|java+interface:///org/jext/Plugin|> 
<|java+class:///FunnyBracketsPlugin|,|java+interface:///org/jext/RegisterablePlugin|> 
<|java+class:///HTMLPlugin|,|java+interface:///org/jext/Plugin|> 
<|java+class:///HTMLPlugin|,|java+interface:///org/jext/RegisterablePlugin|> 
<|java+class:///JBrowsePlugin|,|java+interface:///org/jext/Plugin|> 
<|java+class:///JavaPlugin|,|java+interface:///org/jext/Plugin|> 
<|java+class:///KeystrokeRecorderPlugin|,|java+interface:///org/jext/Plugin|> 
<|java+class:///PyBrowsePlugin|,|java+interface:///org/jext/Plugin|> 
<|java+class:///WheelMousePlugin|,|java+interface:///org/jext/Plugin|> 
<|java+class:///XMLBrowsePlugin|,|java+interface:///org/jext/Plugin|> 

FRAMEWORK TOTAL: 0 

DOWNCALL TOTAL: 0 




INTERNAL REUSE TOTAL: 0 

EXTERNAL REUSE TOTAL: 0 

SUBTYPE TOTAL: 0 

DOWNCALL ACTUAL TOTAL: 0 

DOWNCALL CANDIDATE TOTAL: 0 

CONSTANT TOTAL: 0 

MARKER TOTAL: 0 

SUPER TOTAL: 0 

GENERIC TOTAL: 0 

CATEGORY TOTAL: 0 

FRAMEWORK TOTAL: 0 

DOWNCALL TOTAL: 0 




