[
  <<|java+class:///com/incors/plaf/kunststoff/KunststoffInternalFrameTitlePane|,|java+class:///javax/swing/plaf/metal/MetalInternalFrameTitlePane|>,|project://jext-5.0/src/plugins/KLNF/com/incors/plaf/kunststoff/KunststoffInternalFrameTitlePane.java|(418,13,<16,4>,<16,17>)>,
  <<|java+class:///org/jext/options/LoadingOptions|,|java+class:///org/jext/gui/AbstractOptionPane|>,|project://jext-5.0/src/lib/org/jext/options/LoadingOptions.java|(1122,17,<38,4>,<38,21>)>,
  <<|java+class:///org/jext/misc/AutoSave|,|java+class:///java/lang/Thread|>,|project://jext-5.0/src/lib/org/jext/misc/AutoSave.java|(1090,40,<38,4>,<38,44>)>,
  <<|java+class:///UMLTree/CellRenderer|,|java+class:///javax/swing/tree/DefaultTreeCellRenderer|>,|project://jext-5.0/src/plugins/Java/UMLTree.java|(15698,8,<554,3>,<554,11>)>,
  <<|java+class:///org/jext/protocol/jextresource/PluginResURLConnection|,|java+class:///java/net/URLConnection|>,|project://jext-5.0/src/lib/org/jext/protocol/jextresource/PluginResURLConnection.java|(1125,11,<34,4>,<34,15>)>,
  <<|java+class:///org/jext/misc/TabSwitcher|,|java+class:///org/jext/MenuAction|>,|project://jext-5.0/src/lib/org/jext/misc/TabSwitcher.java|(1312,90,<44,4>,<45,43>)>,
  <<|java+class:///org/jext/dawn/array/LengthFunction|,|java+class:///org/jext/dawn/Function|>,|project://jext-5.0/src/lib/org/jext/dawn/array/LengthFunction.java|(1231,16,<39,4>,<39,20>)>,
  <<|java+class:///org/jext/textarea/CsWord|,|java+class:///org/jext/MenuAction|>,|project://jext-5.0/src/lib/org/jext/textarea/CsWord.java|(1458,87,<49,4>,<49,91>)>,
  <<|java+class:///org/jext/dawn/test/GreaterEqualsFunction|,|java+class:///org/jext/dawn/Function|>,|project://jext-5.0/src/lib/org/jext/dawn/test/GreaterEqualsFunction.java|(1141,12,<38,4>,<38,16>)>,
  <<|java+class:///org/jext/dawn/math/ArcTanFunction|,|java+class:///org/jext/dawn/Function|>,|project://jext-5.0/src/lib/org/jext/dawn/math/ArcTanFunction.java|(1086,14,<37,4>,<37,18>)>,
  <<|java+class:///org/jext/toolbar/FastSyntax|,|java+class:///javax/swing/JComboBox|>,|project://jext-5.0/src/lib/org/jext/toolbar/FastSyntax.java|(1335,17,<45,4>,<45,21>)>,
  <<|java+class:///org/jext/actions/RemoveWhitespace|,|java+class:///org/jext/MenuAction|>,|project://jext-5.0/src/lib/org/jext/actions/RemoveWhitespace.java|(1327,31,<45,4>,<45,35>)>,
  <<|java+class:///org/jext/misc/FindAccessory/FindTabs|,|java+class:///javax/swing/JTabbedPane|>,|project://jext-5.0/src/lib/org/jext/misc/FindAccessory.java|(17387,8,<629,6>,<629,14>)>,
  <<|java+class:///gnu/regexp/RETokenStart|,|java+class:///gnu/regexp/REToken|>,|project://jext-5.0/src/lib/gnu/regexp/RETokenStart.java|(981,16,<26,1>,<26,17>)>,
  <<|java+class:///com/incors/plaf/kunststoff/KunststoffPasswordFieldUI|,|java+class:///com/incors/plaf/kunststoff/KunststoffTextFieldUI|>,|project://jext-5.0/src/plugins/KLNF/com/incors/plaf/kunststoff/KunststoffPasswordFieldUI.java|(379,9,<15,4>,<15,13>)>,
  <<|java+class:///org/jext/dawn/util/FormattedDateFunction|,|java+class:///org/jext/dawn/Function|>,|project://jext-5.0/src/lib/org/jext/dawn/util/FormattedDateFunction.java|(1300,15,<43,4>,<43,19>)>,
  <<|java+class:///org/jext/oneclick/OneAutoIndent|,|java+class:///org/jext/OneClickAction|>,|project://jext-5.0/src/lib/org/jext/oneclick/OneAutoIndent.java|(994,25,<32,4>,<32,29>)>,
  <<|java+class:///org/jext/search/FindReplace|,|java+class:///javax/swing/JDialog|>,|project://jext-5.0/src/lib/org/jext/search/FindReplace.java|(2895,143,<89,4>,<90,75>)>,
  <<|java+class:///org/jext/toolbar/JextToolBar|,|java+class:///javax/swing/JToolBar|>,|project://jext-5.0/src/lib/org/jext/toolbar/JextToolBar.java|(1916,8,<68,4>,<68,12>)>,
  <<|java+class:///gnu/regexp/RETokenLookAhead|,|java+class:///gnu/regexp/REToken|>,|project://jext-5.0/src/lib/gnu/regexp/RETokenLookAhead.java|(1050,9,<31,4>,<31,13>)>,
  <<|java+class:///UML/Attribute|,|java+class:///UML/Element|>,|project://jext-5.0/src/plugins/Java/UML.java|(13174,51,<459,3>,<459,54>)>,
  <<|java+class:///org/jext/dawn/test/XorFunction|,|java+class:///org/jext/dawn/Function|>,|project://jext-5.0/src/lib/org/jext/dawn/test/XorFunction.java|(1070,13,<37,4>,<37,17>)>,
  <<|java+class:///BeautifierOptions|,|java+class:///org/jext/gui/AbstractOptionPane|>,|project://jext-5.0/src/plugins/Java/BeautifierOptions.java|(1198,20,<38,2>,<38,22>)>,
  <<|java+class:///org/jext/dawn/test/GreaterThanFunction|,|java+class:///org/jext/dawn/Function|>,|project://jext-5.0/src/lib/org/jext/dawn/test/GreaterThanFunction.java|(1131,11,<38,4>,<38,15>)>,
  <<|java+class:///org/jext/dawn/stack/DropnFunction|,|java+class:///org/jext/dawn/Function|>,|project://jext-5.0/src/lib/org/jext/dawn/stack/DropnFunction.java|(1080,15,<37,4>,<37,19>)>,
  <<|java+class:///org/jext/dawn/loop/ForFunction|,|java+class:///org/jext/dawn/Function|>,|project://jext-5.0/src/lib/org/jext/dawn/loop/ForFunction.java|(1091,13,<39,4>,<39,17>)>,
  <<|java+class:///org/jext/dawn/test/IsStringFunction|,|java+class:///org/jext/dawn/Function|>,|project://jext-5.0/src/lib/org/jext/dawn/test/IsStringFunction.java|(1088,18,<37,4>,<37,22>)>,
  <<|java+class:///org/jext/dawn/stack/DupFunction|,|java+class:///org/jext/dawn/Function|>,|project://jext-5.0/src/lib/org/jext/dawn/stack/DupFunction.java|(1056,13,<37,4>,<37,17>)>,
  <<|java+class:///org/jext/dawn/math/PowerFunction|,|java+class:///org/jext/dawn/Function|>,|project://jext-5.0/src/lib/org/jext/dawn/math/PowerFunction.java|(1047,11,<37,4>,<37,15>)>,
  <<|java+class:///org/jext/misc/JextMail|,|java+class:///javax/swing/JDialog|>,|project://jext-5.0/src/lib/org/jext/misc/JextMail.java|(2242,71,<81,4>,<81,75>)>,
  <<|java+class:///org/jext/dawn/naming/FromLiteralFunction|,|java+class:///org/jext/dawn/Function|>,|project://jext-5.0/src/lib/org/jext/dawn/naming/FromLiteralFunction.java|(1064,15,<35,4>,<35,19>)>,
  <<|java+class:///org/jext/dawn/math/EFunction|,|java+class:///org/jext/dawn/Function|>,|project://jext-5.0/src/lib/org/jext/dawn/math/EFunction.java|(978,11,<35,4>,<35,15>)>,
  <<|java+class:///org/jext/actions/CompleteWord|,|java+class:///org/jext/MenuAction|>,|project://jext-5.0/src/lib/org/jext/actions/CompleteWord.java|(1241,23,<42,4>,<42,27>)>,
  <<|java+class:///org/jext/textarea/IndentOnTab|,|java+class:///org/jext/MenuAction|>,|project://jext-5.0/src/lib/org/jext/textarea/IndentOnTab.java|(1266,23,<42,4>,<42,27>)>,
  <<|java+class:///HTMLIndenter|,|java+class:///org/jext/MenuAction|>,|project://jext-5.0/src/plugins/HTML/HTMLIndenter.java|(1024,21,<33,4>,<33,25>)>,
  <<|java+class:///gnu/regexp/RETokenPOSIX|,|java+class:///gnu/regexp/REToken|>,|project://jext-5.0/src/lib/gnu/regexp/RETokenPOSIX.java|(1834,16,<55,4>,<55,20>)>,
  <<|java+class:///PHPBrowse|,|java+class:///org/jext/MenuAction|>,|project://jext-5.0/src/plugins/Php/src/PHPBrowse.java|(1188,19,<40,1>,<40,20>)>,
  <<|java+class:///org/jext/dawn/string/FromStringFunction|,|java+class:///org/jext/dawn/Function|>,|project://jext-5.0/src/lib/org/jext/dawn/string/FromStringFunction.java|(1073,15,<35,4>,<35,19>)>,
  <<|java+class:///org/jext/misc/FindAccessory|,|java+class:///javax/swing/JPanel|>,|project://jext-5.0/src/lib/org/jext/misc/FindAccessory.java|(4171,8,<145,4>,<145,12>)>,
  <<|java+class:///com/jgoodies/uif_lite/component/UIFSplitPane|,|java+class:///javax/swing/JSplitPane|>,|project://jext-5.0/src/lib/com/jgoodies/uif_lite/component/UIFSplitPane.java|(7451,68,<176,8>,<176,76>)>,
  <<|java+class:///org/jext/dawn/array/ElementAtFunction|,|java+class:///org/jext/dawn/Function|>,|project://jext-5.0/src/lib/org/jext/dawn/array/ElementAtFunction.java|(1195,19,<38,4>,<38,23>)>,
  <<|java+class:///org/jext/dawn/string/TokenizeFunction|,|java+class:///org/jext/dawn/Function|>,|project://jext-5.0/src/lib/org/jext/dawn/string/TokenizeFunction.java|(1211,18,<39,4>,<39,22>)>,
  <<|java+class:///PreviousTag|,|java+class:///org/jext/MenuAction|>,|project://jext-5.0/src/plugins/HTML/PreviousTag.java|(986,22,<31,4>,<31,26>)>,
  <<|java+class:///org/jext/options/GutterOptions|,|java+class:///org/jext/gui/AbstractOptionPane|>,|project://jext-5.0/src/lib/org/jext/options/GutterOptions.java|(1212,16,<38,4>,<38,20>)>,
  <<|java+class:///FindInFilesOptions|,|java+class:///org/jext/gui/AbstractOptionPane|>,|project://jext-5.0/src/plugins/FindInFiles/src/FindInFilesOptions.java|(957,23,<29,4>,<29,27>)>,
  <<|java+class:///org/jext/dawn/math/TimesFunction|,|java+class:///org/jext/dawn/Function|>,|project://jext-5.0/src/lib/org/jext/dawn/math/TimesFunction.java|(1047,11,<37,4>,<37,15>)>,
  <<|java+class:///org/jext/misc/VersionCheck|,|java+class:///java/lang/Thread|>,|project://jext-5.0/src/lib/org/jext/misc/VersionCheck.java|(1073,45,<40,4>,<40,49>)>,
  <<|java+class:///org/jext/actions/OpenUrl|,|java+class:///org/jext/MenuAction|>,|project://jext-5.0/src/lib/org/jext/actions/OpenUrl.java|(995,18,<34,4>,<34,22>)>,
  <<|java+class:///org/jext/dawn/loop/DoLoopFunction|,|java+class:///org/jext/dawn/Function|>,|project://jext-5.0/src/lib/org/jext/dawn/loop/DoLoopFunction.java|(1099,12,<39,4>,<39,16>)>,
  <<|java+class:///org/jext/dawn/util/TimeFunction|,|java+class:///org/jext/dawn/Function|>,|project://jext-5.0/src/lib/org/jext/dawn/util/TimeFunction.java|(1015,14,<35,4>,<35,18>)>,
  <<|java+class:///org/jext/textarea/ScrollPageDown|,|java+class:///org/jext/MenuAction|>,|project://jext-5.0/src/lib/org/jext/textarea/ScrollPageDown.java|(1136,26,<36,4>,<36,30>)>,
  <<|java+class:///org/jext/console/Console/ConsoleProcess/StderrThread|,|java+class:///java/lang/Thread|>,|project://jext-5.0/src/lib/org/jext/console/Console.java|(34684,24,<1361,1>,<1361,25>)>,
  <<|java+class:///org/jext/dawn/math/CosFunction|,|java+class:///org/jext/dawn/Function|>,|project://jext-5.0/src/lib/org/jext/dawn/math/CosFunction.java|(1064,13,<37,4>,<37,17>)>,
  <<|java+class:///org/jext/actions/WordCount|,|java+class:///org/jext/MenuAction|>,|project://jext-5.0/src/lib/org/jext/actions/WordCount.java|(1209,20,<39,4>,<39,24>)>,
  <<|java+class:///org/jext/dawn/string/LastPosFunction|,|java+class:///org/jext/dawn/Function|>,|project://jext-5.0/src/lib/org/jext/dawn/string/LastPosFunction.java|(1187,17,<38,4>,<38,21>)>,
  <<|java+class:///gnu/regexp/RETokenEndSub|,|java+class:///gnu/regexp/REToken|>,|project://jext-5.0/src/lib/gnu/regexp/RETokenEndSub.java|(909,16,<24,1>,<24,17>)>,
  <<|java+class:///org/jext/dawn/test/IfFunction|,|java+class:///org/jext/dawn/Function|>,|project://jext-5.0/src/lib/org/jext/dawn/test/IfFunction.java|(1215,12,<41,4>,<41,16>)>,
  <<|java+class:///org/jext/actions/SpacesToTabs|,|java+class:///org/jext/MenuAction|>,|project://jext-5.0/src/lib/org/jext/actions/SpacesToTabs.java|(1090,24,<34,4>,<34,28>)>,
  <<|java+class:///UML/PackageMember|,|java+class:///UML/Element|>,|project://jext-5.0/src/plugins/Java/UML.java|(4706,35,<148,3>,<148,38>)>,
  <<|java+class:///org/jext/actions/TabsToSpaces|,|java+class:///org/jext/MenuAction|>,|project://jext-5.0/src/lib/org/jext/actions/TabsToSpaces.java|(1090,24,<34,4>,<34,28>)>,
  <<|java+class:///org/jext/textarea/IndentOnEnter|,|java+class:///org/jext/MenuAction|>,|project://jext-5.0/src/lib/org/jext/textarea/IndentOnEnter.java|(1164,25,<37,4>,<37,29>)>,
  <<|java+class:///org/jext/scripting/dawn/functions/ConsoleFunction|,|java+class:///org/jext/dawn/Function|>,|project://jext-5.0/src/lib/org/jext/scripting/dawn/functions/ConsoleFunction.java|(1143,17,<39,4>,<39,21>)>,
  <<|java+class:///org/jext/dawn/stack/SetFunction|,|java+class:///org/jext/dawn/Function|>,|project://jext-5.0/src/lib/org/jext/dawn/stack/SetFunction.java|(1082,12,<37,4>,<37,16>)>,
  <<|java+class:///org/jext/dawn/stack/ReverseFunction|,|java+class:///org/jext/dawn/Function|>,|project://jext-5.0/src/lib/org/jext/dawn/stack/ReverseFunction.java|(1088,13,<38,4>,<38,17>)>,
  <<|java+class:///WheelMouseOptionPane|,|java+class:///org/jext/gui/AbstractOptionPane|>,|project://jext-5.0/src/plugins/WheelMouse/WheelMouseOptionPane.java|(1139,21,<37,4>,<37,25>)>,
  <<|java+class:///org/jext/dawn/util/DateFunction|,|java+class:///org/jext/dawn/Function|>,|project://jext-5.0/src/lib/org/jext/dawn/util/DateFunction.java|(990,14,<35,4>,<35,18>)>,
  <<|java+class:///org/jext/console/ConsoleTextPane|,|java+class:///javax/swing/JTextPane|>,|project://jext-5.0/src/lib/org/jext/console/ConsoleTextPane.java|(1640,8,<59,4>,<59,12>)>,
  <<|java+class:///org/jext/scripting/dawn/functions/CreateActionFunction/DawnAction|,|java+class:///org/jext/MenuAction|>,|project://jext-5.0/src/lib/org/jext/scripting/dawn/functions/CreateActionFunction.java|(2471,12,<78,6>,<78,18>)>,
  <<|java+class:///org/jext/scripting/dawn/functions/SetPropertyFunction|,|java+class:///org/jext/dawn/Function|>,|project://jext-5.0/src/lib/org/jext/scripting/dawn/functions/SetPropertyFunction.java|(1120,21,<38,4>,<38,25>)>,
  <<|java+class:///org/jext/OneClickAction|,|java+class:///org/jext/MenuAction|>,|project://jext-5.0/src/lib/org/jext/OneClickAction.java|(1358,12,<46,4>,<46,16>)>,
  <<|java+class:///org/jext/OneClickAction|,|java+class:///org/jext/MenuAction|>,|project://jext-5.0/src/lib/org/jext/OneClickAction.java|(1280,12,<41,4>,<41,16>)>,
  <<|java+class:///org/jext/dawn/stack/DepthFunction|,|java+class:///org/jext/dawn/Function|>,|project://jext-5.0/src/lib/org/jext/dawn/stack/DepthFunction.java|(1033,15,<35,4>,<35,19>)>,
  <<|java+class:///JBrowsePlugin/OpenAction|,|java+class:///org/jext/MenuAction|>,|project://jext-5.0/src/plugins/Java/JBrowsePlugin.java|(3157,72,<106,3>,<107,25>)>,
  <<|java+class:///org/jext/dawn/string/SubFunction|,|java+class:///org/jext/dawn/Function|>,|project://jext-5.0/src/lib/org/jext/dawn/string/SubFunction.java|(1151,13,<38,4>,<38,17>)>,
  <<|java+class:///org/jext/dawn/array/ClearArrayFunction|,|java+class:///org/jext/dawn/Function|>,|project://jext-5.0/src/lib/org/jext/dawn/array/ClearArrayFunction.java|(1093,20,<37,4>,<37,24>)>,
  <<|java+class:///org/jext/dawn/test/EqualsFunction|,|java+class:///org/jext/dawn/Function|>,|project://jext-5.0/src/lib/org/jext/dawn/test/EqualsFunction.java|(1109,12,<38,4>,<38,16>)>,
  <<|java+class:///org/jext/options/OptionsDialog|,|java+class:///javax/swing/JDialog|>,|project://jext-5.0/src/lib/org/jext/options/OptionsDialog.java|(2778,56,<81,4>,<81,60>)>,
  <<|java+class:///UML/Throws|,|java+class:///UML/Element|>,|project://jext-5.0/src/plugins/Java/UML.java|(12145,116,<421,3>,<422,49>)>,
  <<|java+class:///org/jext/dawn/string/EndsWithFunction|,|java+class:///org/jext/dawn/Function|>,|project://jext-5.0/src/lib/org/jext/dawn/string/EndsWithFunction.java|(1162,18,<38,4>,<38,22>)>,
  <<|java+class:///org/jext/scripting/dawn/functions/InsertTextFunction|,|java+class:///org/jext/dawn/Function|>,|project://jext-5.0/src/lib/org/jext/scripting/dawn/functions/InsertTextFunction.java|(1142,20,<38,4>,<38,24>)>,
  <<|java+class:///org/jext/dawn/math/ArcCosFunction|,|java+class:///org/jext/dawn/Function|>,|project://jext-5.0/src/lib/org/jext/dawn/math/ArcCosFunction.java|(1085,14,<37,4>,<37,18>)>,
  <<|java+class:///org/jext/actions/RightIndent|,|java+class:///org/jext/MenuAction|>,|project://jext-5.0/src/lib/org/jext/actions/RightIndent.java|(1069,22,<34,4>,<34,26>)>,
  <<|java+class:///org/jext/misc/AboutPlugins|,|java+class:///javax/swing/JDialog|>,|project://jext-5.0/src/lib/org/jext/misc/AboutPlugins.java|(1689,62,<57,4>,<57,66>)>,
  <<|java+class:///BackStab|,|java+class:///UML/Element|>,|project://jext-5.0/src/plugins/Java/BackStab.java|(1044,57,<35,2>,<35,59>)>,
  <<|java+class:///BackStab|,|java+class:///UML/Element|>,|project://jext-5.0/src/plugins/Java/BackStab.java|(962,12,<29,2>,<29,14>)>,
  <<|java+class:///org/jext/actions/JoinAllLines|,|java+class:///org/jext/MenuAction|>,|project://jext-5.0/src/lib/org/jext/actions/JoinAllLines.java|(1056,24,<34,4>,<34,28>)>,
  <<|java+class:///org/jext/dawn/test/LowerEqualsFunction|,|java+class:///org/jext/dawn/Function|>,|project://jext-5.0/src/lib/org/jext/dawn/test/LowerEqualsFunction.java|(1133,12,<38,4>,<38,16>)>,
  <<|java+class:///org/jext/misc/AboutWindow|,|java+class:///javax/swing/JDialog|>,|project://jext-5.0/src/lib/org/jext/misc/AboutWindow.java|(1088,21,<40,4>,<40,25>)>,
  <<|java+class:///NextTag|,|java+class:///org/jext/MenuAction|>,|project://jext-5.0/src/plugins/HTML/NextTag.java|(974,18,<31,4>,<31,22>)>,
  <<|java+class:///org/jext/JextFrame|,|java+class:///javax/swing/JFrame|>,|project://jext-5.0/src/lib/org/jext/JextFrame.java|(48327,33,<1673,4>,<1673,37>)>,
  <<|java+class:///org/jext/dawn/math/ModuloFunction|,|java+class:///org/jext/dawn/Function|>,|project://jext-5.0/src/lib/org/jext/dawn/math/ModuloFunction.java|(1052,11,<37,4>,<37,15>)>,
  <<|java+class:///org/gjt/sp/jedit/syntax/PLSQLTokenMarker|,|java+class:///org/gjt/sp/jedit/syntax/TSQLTokenMarker|>,|project://jext-5.0/src/lib/org/gjt/sp/jedit/syntax/PLSQLTokenMarker.java|(974,21,<30,4>,<30,25>)>,
  <<|java+class:///org/jext/dawn/array/SetElementAtFunction|,|java+class:///org/jext/dawn/Function|>,|project://jext-5.0/src/lib/org/jext/dawn/array/SetElementAtFunction.java|(1115,22,<37,4>,<37,26>)>,
  <<|java+class:///org/jext/dawn/util/ExecFunction|,|java+class:///org/jext/dawn/Function|>,|project://jext-5.0/src/lib/org/jext/dawn/util/ExecFunction.java|(1201,14,<40,4>,<40,18>)>,
  <<|java+class:///org/jext/dawn/io/PrintFunction|,|java+class:///org/jext/dawn/Function|>,|project://jext-5.0/src/lib/org/jext/dawn/io/PrintFunction.java|(1056,15,<37,4>,<37,19>)>,
  <<|java+class:///org/jext/dawn/stack/RollFunction|,|java+class:///org/jext/dawn/Function|>,|project://jext-5.0/src/lib/org/jext/dawn/stack/RollFunction.java|(1181,14,<39,4>,<39,18>)>,
  <<|java+class:///org/jext/dawn/javaccess/InvokeFunction|,|java+class:///org/jext/dawn/Function|>,|project://jext-5.0/src/lib/org/jext/dawn/javaccess/InvokeFunction.java|(1213,16,<39,4>,<39,20>)>,
  <<|java+class:///org/jext/dawn/util/RandomizeFunction|,|java+class:///org/jext/dawn/Function|>,|project://jext-5.0/src/lib/org/jext/dawn/util/RandomizeFunction.java|(1068,19,<35,4>,<35,23>)>,
  <<|java+class:///org/jext/dawn/string/HeadFunction|,|java+class:///org/jext/dawn/Function|>,|project://jext-5.0/src/lib/org/jext/dawn/string/HeadFunction.java|(1071,14,<37,4>,<37,18>)>,
  <<|java+class:///org/jext/dawn/err/ErrorFunction|,|java+class:///org/jext/dawn/Function|>,|project://jext-5.0/src/lib/org/jext/dawn/err/ErrorFunction.java|(1049,15,<37,4>,<37,19>)>,
  <<|java+class:///org/gjt/sp/jedit/syntax/IDLTokenMarker|,|java+class:///org/gjt/sp/jedit/syntax/CTokenMarker|>,|project://jext-5.0/src/lib/org/gjt/sp/jedit/syntax/IDLTokenMarker.java|(1128,32,<35,2>,<35,34>)>,
  <<|java+class:///org/jext/dawn/string/SizeFunction|,|java+class:///org/jext/dawn/Function|>,|project://jext-5.0/src/lib/org/jext/dawn/string/SizeFunction.java|(1084,14,<37,4>,<37,18>)>,
  <<|java+class:///org/jext/JextTextArea/JextTextAreaPopupMenu|,|java+class:///java/lang/Thread|>,|project://jext-5.0/src/lib/org/jext/JextTextArea.java|(41181,41,<1618,6>,<1618,47>)>,
  <<|java+class:///org/jext/dawn/test/LowerThanFunction|,|java+class:///org/jext/dawn/Function|>,|project://jext-5.0/src/lib/org/jext/dawn/test/LowerThanFunction.java|(1123,11,<38,4>,<38,15>)>,
  <<|java+class:///org/gjt/sp/jedit/syntax/JavaTokenMarker|,|java+class:///org/gjt/sp/jedit/syntax/CTokenMarker|>,|project://jext-5.0/src/lib/org/gjt/sp/jedit/syntax/JavaTokenMarker.java|(1190,34,<36,2>,<36,36>)>,
  <<|java+class:///org/jext/gui/EnhancedMenuItem|,|java+class:///javax/swing/JMenuItem|>,|project://jext-5.0/src/lib/org/jext/gui/EnhancedMenuItem.java|(1796,13,<61,4>,<61,17>)>,
  <<|java+class:///org/jext/options/ColorTable|,|java+class:///javax/swing/JTable|>,|project://jext-5.0/src/lib/org/jext/options/ColorTable.java|(2062,13,<71,2>,<71,15>)>,
  <<|java+class:///org/jext/xinsert/XTree|,|java+class:///javax/swing/JPanel|>,|project://jext-5.0/src/lib/org/jext/xinsert/XTree.java|(3384,8,<118,4>,<118,12>)>,
  <<|java+class:///org/jext/PythonEditAction|,|java+class:///org/jext/PythonAction|>,|project://jext-5.0/src/lib/org/jext/PythonEditAction.java|(1490,20,<48,4>,<48,24>)>,
  <<|java+class:///org/jext/dawn/io/ReadFunction|,|java+class:///org/jext/dawn/Function|>,|project://jext-5.0/src/lib/org/jext/dawn/io/ReadFunction.java|(1091,14,<37,4>,<37,18>)>,
  <<|java+class:///PHPBufferPartList|,|java+class:///PHPParser|>,|project://jext-5.0/src/plugins/Php/src/PHPBufferPartList.java|(1132,23,<35,1>,<36,13>)>,
  <<|java+class:///org/jext/gui/JextButton|,|java+class:///javax/swing/JButton|>,|project://jext-5.0/src/lib/org/jext/gui/JextButton.java|(2627,12,<112,4>,<112,16>)>,
  <<|java+class:///org/jext/gui/JextButton|,|java+class:///javax/swing/JButton|>,|project://jext-5.0/src/lib/org/jext/gui/JextButton.java|(2556,12,<106,4>,<106,16>)>,
  <<|java+class:///org/jext/gui/JextButton|,|java+class:///javax/swing/JButton|>,|project://jext-5.0/src/lib/org/jext/gui/JextButton.java|(2491,8,<100,4>,<100,12>)>,
  <<|java+class:///org/jext/gui/JextButton|,|java+class:///javax/swing/JButton|>,|project://jext-5.0/src/lib/org/jext/gui/JextButton.java|(2709,18,<118,4>,<118,22>)>,
  <<|java+class:///org/jext/scripting/dawn/DawnLogWindow|,|java+class:///org/jext/scripting/AbstractLogWindow|>,|project://jext-5.0/src/lib/org/jext/scripting/dawn/DawnLogWindow.java|(1515,53,<50,4>,<50,57>)>,
  <<|java+class:///org/jext/dawn/test/OrFunction|,|java+class:///org/jext/dawn/Function|>,|project://jext-5.0/src/lib/org/jext/dawn/test/OrFunction.java|(1065,12,<37,4>,<37,16>)>,
  <<|java+class:///org/jext/misc/ZipExplorer|,|java+class:///javax/swing/JDialog|>,|project://jext-5.0/src/lib/org/jext/misc/ZipExplorer.java|(1565,60,<57,4>,<57,64>)>,
  <<|java+class:///org/jext/dawn/test/IsNumericFunction|,|java+class:///org/jext/dawn/Function|>,|project://jext-5.0/src/lib/org/jext/dawn/test/IsNumericFunction.java|(1095,19,<37,4>,<37,23>)>,
  <<|java+class:///org/jext/options/StyleTable/StyleEditor|,|java+class:///javax/swing/JDialog|>,|project://jext-5.0/src/lib/org/jext/options/StyleTable.java|(8497,97,<294,3>,<295,51>)>,
  <<|java+class:///UML/NestedMember|,|java+class:///UML/Element|>,|project://jext-5.0/src/plugins/Java/UML.java|(5675,37,<186,3>,<186,40>)>,
  <<|java+class:///org/jext/dawn/stack/RollDownFunction|,|java+class:///org/jext/dawn/Function|>,|project://jext-5.0/src/lib/org/jext/dawn/stack/RollDownFunction.java|(1208,15,<39,4>,<39,19>)>,
  <<|java+class:///org/jext/dawn/math/PiFunction|,|java+class:///org/jext/dawn/Function|>,|project://jext-5.0/src/lib/org/jext/dawn/math/PiFunction.java|(985,12,<35,4>,<35,16>)>,
  <<|java+class:///PHPIndentPEAR|,|java+class:///PHPParser|>,|project://jext-5.0/src/plugins/Php/src/PHPIndentPEAR.java|(1895,23,<41,1>,<42,13>)>,
  <<|java+class:///org/jext/scripting/dawn/functions/OpenFunction|,|java+class:///org/jext/dawn/Function|>,|project://jext-5.0/src/lib/org/jext/scripting/dawn/functions/OpenFunction.java|(1076,14,<38,4>,<38,18>)>,
  <<|java+class:///org/jext/dawn/io/PrintlnFunction|,|java+class:///org/jext/dawn/Function|>,|project://jext-5.0/src/lib/org/jext/dawn/io/PrintlnFunction.java|(1098,17,<37,4>,<37,21>)>,
  <<|java+class:///org/jext/options/UIOptions|,|java+class:///org/jext/gui/AbstractOptionPane|>,|project://jext-5.0/src/lib/org/jext/options/UIOptions.java|(2212,12,<66,4>,<66,16>)>,
  <<|java+class:///org/jext/dawn/math/DivideFunction|,|java+class:///org/jext/dawn/Function|>,|project://jext-5.0/src/lib/org/jext/dawn/math/DivideFunction.java|(1052,11,<37,4>,<37,15>)>,
  <<|java+class:///org/jext/scripting/python/PythonLogWindow|,|java+class:///org/jext/scripting/AbstractLogWindow|>,|project://jext-5.0/src/lib/org/jext/scripting/python/PythonLogWindow.java|(2200,156,<70,4>,<71,59>)>,
  <<|java+class:///org/jext/dawn/array/InsertElementAtFunction|,|java+class:///org/jext/dawn/Function|>,|project://jext-5.0/src/lib/org/jext/dawn/array/InsertElementAtFunction.java|(1133,25,<37,4>,<37,29>)>,
  <<|java+class:///InsertClassName|,|java+class:///org/jext/MenuAction|>,|project://jext-5.0/src/plugins/Java/InsertClassName.java|(1525,27,<52,4>,<52,31>)>,
  <<|java+class:///org/jext/scripting/dawn/functions/MsgBoxFunction|,|java+class:///org/jext/dawn/Function|>,|project://jext-5.0/src/lib/org/jext/scripting/dawn/functions/MsgBoxFunction.java|(1147,16,<40,4>,<40,20>)>,
  <<|java+class:///com/incors/plaf/ColorUIResource2|,|java+class:///javax/swing/plaf/ColorUIResource|>,|project://jext-5.0/src/plugins/KLNF/com/incors/plaf/ColorUIResource2.java|(1303,15,<50,4>,<50,19>)>,
  <<|java+class:///com/incors/plaf/ColorUIResource2|,|java+class:///javax/swing/plaf/ColorUIResource|>,|project://jext-5.0/src/plugins/KLNF/com/incors/plaf/ColorUIResource2.java|(972,15,<35,4>,<35,19>)>,
  <<|java+class:///com/incors/plaf/ColorUIResource2|,|java+class:///javax/swing/plaf/ColorUIResource|>,|project://jext-5.0/src/plugins/KLNF/com/incors/plaf/ColorUIResource2.java|(1071,15,<40,4>,<40,19>)>,
  <<|java+class:///com/incors/plaf/ColorUIResource2|,|java+class:///javax/swing/plaf/ColorUIResource|>,|project://jext-5.0/src/plugins/KLNF/com/incors/plaf/ColorUIResource2.java|(1430,15,<55,4>,<55,19>)>,
  <<|java+class:///com/incors/plaf/ColorUIResource2|,|java+class:///javax/swing/plaf/ColorUIResource|>,|project://jext-5.0/src/plugins/KLNF/com/incors/plaf/ColorUIResource2.java|(1182,15,<45,4>,<45,19>)>,
  <<|java+class:///com/incors/plaf/ColorUIResource2|,|java+class:///javax/swing/plaf/ColorUIResource|>,|project://jext-5.0/src/plugins/KLNF/com/incors/plaf/ColorUIResource2.java|(766,15,<25,4>,<25,19>)>,
  <<|java+class:///com/incors/plaf/ColorUIResource2|,|java+class:///javax/swing/plaf/ColorUIResource|>,|project://jext-5.0/src/plugins/KLNF/com/incors/plaf/ColorUIResource2.java|(857,15,<30,4>,<30,19>)>,
  <<|java+class:///org/jext/dawn/string/TrimFunction|,|java+class:///org/jext/dawn/Function|>,|project://jext-5.0/src/lib/org/jext/dawn/string/TrimFunction.java|(1111,14,<37,4>,<37,18>)>,
  <<|java+class:///org/jext/dawn/test/DifferentFromFunction|,|java+class:///org/jext/dawn/Function|>,|project://jext-5.0/src/lib/org/jext/dawn/test/DifferentFromFunction.java|(1138,12,<38,4>,<38,16>)>,
  <<|java+class:///org/jext/dawn/err/ErrMsgFunction|,|java+class:///org/jext/dawn/Function|>,|project://jext-5.0/src/lib/org/jext/dawn/err/ErrMsgFunction.java|(1070,16,<37,4>,<37,20>)>,
  <<|java+class:///org/jext/dawn/loop/WhileFunction|,|java+class:///org/jext/dawn/Function|>,|project://jext-5.0/src/lib/org/jext/dawn/loop/WhileFunction.java|(1106,15,<39,4>,<39,19>)>,
  <<|java+class:///org/jext/xinsert/XTreeNode|,|java+class:///javax/swing/tree/DefaultMutableTreeNode|>,|project://jext-5.0/src/lib/org/jext/xinsert/XTreeNode.java|(1315,18,<48,4>,<48,22>)>,
  <<|java+class:///org/jext/xinsert/XTreeNode|,|java+class:///javax/swing/tree/DefaultMutableTreeNode|>,|project://jext-5.0/src/lib/org/jext/xinsert/XTreeNode.java|(1198,18,<42,4>,<42,22>)>,
  <<|java+class:///org/jext/xinsert/XTreeNode|,|java+class:///javax/swing/tree/DefaultMutableTreeNode|>,|project://jext-5.0/src/lib/org/jext/xinsert/XTreeNode.java|(1114,18,<37,4>,<37,22>)>,
  <<|java+class:///gnu/regexp/RETokenAny|,|java+class:///gnu/regexp/REToken|>,|project://jext-5.0/src/lib/gnu/regexp/RETokenAny.java|(1124,16,<30,4>,<30,20>)>,
  <<|java+class:///org/gjt/sp/jedit/syntax/CCTokenMarker|,|java+class:///org/gjt/sp/jedit/syntax/CTokenMarker|>,|project://jext-5.0/src/lib/org/gjt/sp/jedit/syntax/CCTokenMarker.java|(1063,32,<33,2>,<33,34>)>,
  <<|java+class:///org/jext/dawn/util/DumpFunction|,|java+class:///org/jext/dawn/Function|>,|project://jext-5.0/src/lib/org/jext/dawn/util/DumpFunction.java|(1024,14,<36,4>,<36,18>)>,
  <<|java+class:///org/jext/dawn/math/PlusFunction|,|java+class:///org/jext/dawn/Function|>,|project://jext-5.0/src/lib/org/jext/dawn/math/PlusFunction.java|(1042,11,<37,4>,<37,15>)>,
  <<|java+class:///org/jext/scripting/AbstractLogWindow|,|java+class:///javax/swing/JFrame|>,|project://jext-5.0/src/lib/org/jext/scripting/AbstractLogWindow.java|(3073,13,<115,4>,<115,17>)>,
  <<|java+class:///ClassBrowserGUI|,|java+class:///org/jext/MenuAction|>,|project://jext-5.0/src/plugins/Java/ClassBrowserGUI.java|(973,23,<31,4>,<31,27>)>,
  <<|java+class:///org/jext/gui/JextLabeledMenuSeparator|,|java+class:///javax/swing/JPopupMenu/Separator|>,|project://jext-5.0/src/lib/org/jext/gui/JextLabeledMenuSeparator.java|(1404,8,<48,4>,<48,12>)>,
  <<|java+class:///org/jext/gui/JextLabeledMenuSeparator|,|java+class:///javax/swing/JPopupMenu/Separator|>,|project://jext-5.0/src/lib/org/jext/gui/JextLabeledMenuSeparator.java|(1334,8,<43,4>,<43,12>)>,
  <<|java+class:///org/jext/dawn/math/RoundFunction|,|java+class:///org/jext/dawn/Function|>,|project://jext-5.0/src/lib/org/jext/dawn/math/RoundFunction.java|(1069,15,<37,4>,<37,19>)>,
  <<|java+class:///gnu/regexp/RETokenBackRef|,|java+class:///gnu/regexp/REToken|>,|project://jext-5.0/src/lib/gnu/regexp/RETokenBackRef.java|(991,16,<27,4>,<27,20>)>,
  <<|java+class:///org/gjt/sp/jedit/textarea/JEditTextArea/MutableCaretEvent|,|java+class:///javax/swing/event/CaretEvent|>,|project://jext-5.0/src/lib/org/gjt/sp/jedit/textarea/JEditTextArea.java|(48163,26,<1845,6>,<1845,32>)>,
  <<|java+class:///org/jext/dawn/stack/PickFunction|,|java+class:///org/jext/dawn/Function|>,|project://jext-5.0/src/lib/org/jext/dawn/stack/PickFunction.java|(1114,14,<38,4>,<38,18>)>,
  <<|java+class:///org/jext/actions/Print|,|java+class:///org/jext/MenuAction|>,|project://jext-5.0/src/lib/org/jext/actions/Print.java|(954,15,<33,4>,<33,19>)>,
  <<|java+class:///org/jext/dawn/test/IsLiteralFunction|,|java+class:///org/jext/dawn/Function|>,|project://jext-5.0/src/lib/org/jext/dawn/test/IsLiteralFunction.java|(1095,19,<37,4>,<37,23>)>,
  <<|java+class:///UMLTree/Model|,|java+class:///javax/swing/tree/DefaultTreeModel|>,|project://jext-5.0/src/plugins/Java/UMLTree.java|(4933,12,<166,3>,<166,15>)>,
  <<|java+class:///UML/Operation|,|java+class:///UML/Element|>,|project://jext-5.0/src/plugins/Java/UML.java|(8747,48,<295,3>,<295,51>)>,
  <<|java+class:///org/jext/gui/JextHighlightButton|,|java+class:///javax/swing/JButton|>,|project://jext-5.0/src/lib/org/jext/gui/JextHighlightButton.java|(2004,13,<81,4>,<81,17>)>,
  <<|java+class:///org/jext/gui/JextHighlightButton|,|java+class:///javax/swing/JButton|>,|project://jext-5.0/src/lib/org/jext/gui/JextHighlightButton.java|(2083,12,<87,4>,<87,16>)>,
  <<|java+class:///org/jext/gui/JextHighlightButton|,|java+class:///javax/swing/JButton|>,|project://jext-5.0/src/lib/org/jext/gui/JextHighlightButton.java|(1927,8,<75,4>,<75,12>)>,
  <<|java+class:///org/jext/gui/JextHighlightButton|,|java+class:///javax/swing/JButton|>,|project://jext-5.0/src/lib/org/jext/gui/JextHighlightButton.java|(2175,19,<93,4>,<93,23>)>,
  <<|java+class:///org/jext/gui/JextProgressBar|,|java+class:///javax/swing/JProgressBar|>,|project://jext-5.0/src/lib/org/jext/gui/JextProgressBar.java|(1225,8,<40,4>,<40,12>)>,
  <<|java+class:///org/jext/gui/JextProgressBar|,|java+class:///javax/swing/JProgressBar|>,|project://jext-5.0/src/lib/org/jext/gui/JextProgressBar.java|(1440,24,<55,4>,<55,28>)>,
  <<|java+class:///org/jext/gui/JextProgressBar|,|java+class:///javax/swing/JProgressBar|>,|project://jext-5.0/src/lib/org/jext/gui/JextProgressBar.java|(1355,16,<50,4>,<50,20>)>,
  <<|java+class:///org/jext/gui/JextProgressBar|,|java+class:///javax/swing/JProgressBar|>,|project://jext-5.0/src/lib/org/jext/gui/JextProgressBar.java|(1284,14,<45,4>,<45,18>)>,
  <<|java+class:///org/jext/dawn/string/NumFunction|,|java+class:///org/jext/dawn/Function|>,|project://jext-5.0/src/lib/org/jext/dawn/string/NumFunction.java|(1131,13,<37,4>,<37,17>)>,
  <<|java+class:///org/jext/dawn/util/WaitFunction|,|java+class:///org/jext/dawn/Function|>,|project://jext-5.0/src/lib/org/jext/dawn/util/WaitFunction.java|(1065,14,<37,4>,<37,18>)>,
  <<|java+class:///UML/Message|,|java+class:///UML/Element|>,|project://jext-5.0/src/plugins/Java/UML.java|(7944,35,<268,3>,<268,38>)>,
  <<|java+class:///org/jext/actions/SimpleComment|,|java+class:///org/jext/MenuAction|>,|project://jext-5.0/src/lib/org/jext/actions/SimpleComment.java|(1084,24,<34,4>,<34,28>)>,
  <<|java+class:///org/jext/scripting/dawn/functions/GetSelectedTextFunction|,|java+class:///org/jext/dawn/Function|>,|project://jext-5.0/src/lib/org/jext/scripting/dawn/functions/GetSelectedTextFunction.java|(1165,25,<38,4>,<38,29>)>,
  <<|java+class:///org/jext/dawn/io/LineSeparatorFunction|,|java+class:///org/jext/dawn/Function|>,|project://jext-5.0/src/lib/org/jext/dawn/io/LineSeparatorFunction.java|(1182,23,<38,4>,<38,27>)>,
  <<|java+class:///org/jext/dawn/naming/CreateFunction|,|java+class:///org/jext/dawn/Function|>,|project://jext-5.0/src/lib/org/jext/dawn/naming/CreateFunction.java|(1158,18,<39,4>,<39,22>)>,
  <<|java+class:///org/jext/console/Console/ConsoleProcess/StdoutThread|,|java+class:///java/lang/Thread|>,|project://jext-5.0/src/lib/org/jext/console/Console.java|(32171,24,<1267,1>,<1267,25>)>,
  <<|java+class:///org/jext/dawn/test/SameFunction|,|java+class:///org/jext/dawn/Function|>,|project://jext-5.0/src/lib/org/jext/dawn/test/SameFunction.java|(1142,14,<38,4>,<38,18>)>,
  <<|java+class:///org/jext/dawn/math/MinusFunction|,|java+class:///org/jext/dawn/Function|>,|project://jext-5.0/src/lib/org/jext/dawn/math/MinusFunction.java|(1047,11,<37,4>,<37,15>)>,
  <<|java+class:///org/jext/dawn/array/ArrayFunction|,|java+class:///org/jext/dawn/Function|>,|project://jext-5.0/src/lib/org/jext/dawn/array/ArrayFunction.java|(1060,15,<37,4>,<37,19>)>,
  <<|java+class:///org/jext/scripting/dawn/functions/JextActionFunction|,|java+class:///org/jext/dawn/Function|>,|project://jext-5.0/src/lib/org/jext/scripting/dawn/functions/JextActionFunction.java|(1163,20,<40,4>,<40,24>)>,
  <<|java+class:///org/jext/menus/TemplatesMenu|,|java+class:///org/jext/gui/JextMenu|>,|project://jext-5.0/src/lib/org/jext/menus/TemplatesMenu.java|(1416,43,<50,4>,<50,47>)>,
  <<|java+class:///ClassBrowser|,|java+class:///javax/swing/JSplitPane|>,|project://jext-5.0/src/plugins/Java/ClassBrowser.java|(1831,28,<48,2>,<48,30>)>,
  <<|java+class:///org/jext/actions/EndLine|,|java+class:///org/jext/MenuAction|>,|project://jext-5.0/src/lib/org/jext/actions/EndLine.java|(1089,24,<35,4>,<35,28>)>,
  <<|java+class:///ClassBrowserOptions|,|java+class:///org/jext/gui/AbstractOptionPane|>,|project://jext-5.0/src/plugins/Java/ClassBrowserOptions.java|(1096,23,<35,4>,<35,27>)>,
  <<|java+class:///org/jext/dawn/io/WriteLineFunction|,|java+class:///org/jext/dawn/Function|>,|project://jext-5.0/src/lib/org/jext/dawn/io/WriteLineFunction.java|(1114,19,<37,4>,<37,23>)>,
  <<|java+class:///ToAccents|,|java+class:///org/jext/MenuAction|>,|project://jext-5.0/src/plugins/HTML/ToAccents.java|(1008,20,<32,4>,<32,24>)>,
  <<|java+class:///org/jext/dawn/err/TryCatchFunction|,|java+class:///org/jext/dawn/Function|>,|project://jext-5.0/src/lib/org/jext/dawn/err/TryCatchFunction.java|(1177,13,<40,4>,<40,17>)>,
  <<|java+class:///org/jext/misc/VirtualFolders|,|java+class:///javax/swing/JPanel|>,|project://jext-5.0/src/lib/org/jext/misc/VirtualFolders.java|(1971,26,<75,4>,<75,30>)>,
  <<|java+class:///org/jext/textarea/ScrollUp|,|java+class:///org/jext/MenuAction|>,|project://jext-5.0/src/lib/org/jext/textarea/ScrollUp.java|(1116,19,<36,4>,<36,23>)>,
  <<|java+class:///org/jext/gui/FontSelector/SelectorFrame|,|java+class:///javax/swing/JDialog|>,|project://jext-5.0/src/lib/org/jext/gui/FontSelector.java|(3715,118,<119,6>,<120,59>)>,
  <<|java+class:///org/jext/misc/FindByName|,|java+class:///javax/swing/JPanel|>,|project://jext-5.0/src/lib/org/jext/misc/FindAccessory.java|(32237,8,<1136,4>,<1136,12>)>,
  <<|java+class:///com/incors/plaf/kunststoff/KunststoffTextFieldUI|,|java+class:///javax/swing/plaf/basic/BasicTextFieldUI|>,|project://jext-5.0/src/plugins/KLNF/com/incors/plaf/kunststoff/KunststoffTextFieldUI.java|(479,8,<21,4>,<21,12>)>,
  <<|java+class:///com/incors/plaf/kunststoff/KunststoffTextFieldUI|,|java+class:///javax/swing/plaf/basic/BasicTextFieldUI|>,|project://jext-5.0/src/plugins/KLNF/com/incors/plaf/kunststoff/KunststoffTextFieldUI.java|(421,8,<17,4>,<17,12>)>,
  <<|java+class:///org/jext/dawn/math/DecreaseFunction|,|java+class:///org/jext/dawn/Function|>,|project://jext-5.0/src/lib/org/jext/dawn/math/DecreaseFunction.java|(1133,12,<37,4>,<37,16>)>,
  <<|java+class:///org/jext/gui/FontSelector|,|java+class:///org/jext/gui/JextHighlightButton|>,|project://jext-5.0/src/lib/org/jext/gui/FontSelector.java|(1596,8,<47,4>,<47,12>)>,
  <<|java+class:///org/jext/dawn/util/VersionFunction|,|java+class:///org/jext/dawn/Function|>,|project://jext-5.0/src/lib/org/jext/dawn/util/VersionFunction.java|(1035,17,<35,4>,<35,21>)>,
  <<|java+class:///PHPIndenterBloc|,|java+class:///org/jext/MenuAction|>,|project://jext-5.0/src/plugins/Php/src/PHPIndenterBloc.java|(1009,25,<32,1>,<32,26>)>,
  <<|java+class:///org/jext/options/PrintOptions|,|java+class:///org/jext/gui/AbstractOptionPane|>,|project://jext-5.0/src/lib/org/jext/options/PrintOptions.java|(1327,15,<42,4>,<42,19>)>,
  <<|java+class:///org/jext/dawn/io/CloseFileFunction|,|java+class:///org/jext/dawn/Function|>,|project://jext-5.0/src/lib/org/jext/dawn/io/CloseFileFunction.java|(1086,19,<37,4>,<37,23>)>,
  <<|java+class:///com/incors/plaf/kunststoff/KunststoffScrollButton|,|java+class:///javax/swing/plaf/metal/MetalScrollButton|>,|project://jext-5.0/src/plugins/KLNF/com/incors/plaf/kunststoff/KunststoffScrollButton.java|(436,38,<16,4>,<16,42>)>,
  <<|java+class:///org/jext/dawn/io/FileSizeFunction|,|java+class:///org/jext/dawn/Function|>,|project://jext-5.0/src/lib/org/jext/dawn/io/FileSizeFunction.java|(1110,18,<38,4>,<38,22>)>,
  <<|java+class:///TagsCompletionOptionPane|,|java+class:///org/jext/gui/AbstractOptionPane|>,|project://jext-5.0/src/plugins/HTML/TagsCompletionOptionPane.java|(1160,25,<38,4>,<38,29>)>,
  <<|java+class:///org/jext/dawn/naming/CreateGlobalFunction|,|java+class:///org/jext/dawn/Function|>,|project://jext-5.0/src/lib/org/jext/dawn/naming/CreateGlobalFunction.java|(1186,16,<39,4>,<39,20>)>,
  <<|java+class:///com/jgoodies/uif_lite/panel/SimpleInternalFrame|,|java+class:///javax/swing/JPanel|>,|project://jext-5.0/src/lib/com/jgoodies/uif_lite/panel/SimpleInternalFrame.java|(4668,26,<125,8>,<125,34>)>,
  <<|java+class:///org/jext/scripting/dawn/functions/YesNoCancelFunction|,|java+class:///org/jext/dawn/Function|>,|project://jext-5.0/src/lib/org/jext/scripting/dawn/functions/YesNoCancelFunction.java|(1180,21,<40,4>,<40,25>)>,
  <<|java+class:///org/jext/options/KeyShortcutsOptions|,|java+class:///org/jext/gui/AbstractOptionPane|>,|project://jext-5.0/src/lib/org/jext/options/KeyShortcutsOptions.java|(1288,22,<45,4>,<45,26>)>,
  <<|java+class:///org/jext/dawn/stack/ClearFunction|,|java+class:///org/jext/dawn/Function|>,|project://jext-5.0/src/lib/org/jext/dawn/stack/ClearFunction.java|(1050,15,<37,4>,<37,19>)>,
  <<|java+class:///org/jext/scripting/dawn/functions/IsPropertyEnabledFunction|,|java+class:///org/jext/dawn/Function|>,|project://jext-5.0/src/lib/org/jext/scripting/dawn/functions/IsPropertyEnabledFunction.java|(1171,27,<38,4>,<38,31>)>,
  <<|java+class:///org/jext/console/Console|,|java+class:///javax/swing/JScrollPane|>,|project://jext-5.0/src/lib/org/jext/console/Console.java|(4334,111,<131,4>,<132,58>)>,
  <<|java+class:///org/jext/project/DefaultProjectManager|,|java+class:///org/jext/project/AbstractProjectManager|>,|project://jext-5.0/src/lib/org/jext/project/DefaultProjectManager.java|(2074,8,<69,2>,<69,10>)>,
  <<|java+class:///PHPBrowseTabParser|,|java+class:///PHPParser|>,|project://jext-5.0/src/plugins/Php/src/PHPBrowseTabParser.java|(1230,49,<36,1>,<36,50>)>,
  <<|java+class:///org/jext/options/LangOptions|,|java+class:///org/jext/gui/AbstractOptionPane|>,|project://jext-5.0/src/lib/org/jext/options/LangOptions.java|(1057,14,<38,4>,<38,18>)>,
  <<|java+class:///org/jext/misc/FindAccessory/FindResults|,|java+class:///javax/swing/JPanel|>,|project://jext-5.0/src/lib/org/jext/misc/FindAccessory.java|(20403,8,<736,6>,<736,14>)>,
  <<|java+class:///JBrowseOptionPane|,|java+class:///org/jext/gui/AbstractOptionPane|>,|project://jext-5.0/src/plugins/Java/JBrowseOptionPane.java|(3269,17,<113,2>,<113,19>)>,
  <<|java+class:///JBrowseOptionPane|,|java+class:///org/jext/gui/AbstractOptionPane|>,|project://jext-5.0/src/plugins/Java/JBrowseOptionPane.java|(2815,56,<96,2>,<98,21>)>,
  <<|java+class:///PHPBrowseTab|,|java+class:///javax/swing/JPanel|>,|project://jext-5.0/src/plugins/Php/src/PHPBrowseTab.java|(1638,8,<56,1>,<56,9>)>,
  <<|java+class:///PHPIndenter|,|java+class:///org/jext/MenuAction|>,|project://jext-5.0/src/plugins/Php/src/PHPIndenter.java|(997,21,<32,1>,<32,22>)>,
  <<|java+class:///org/jext/dawn/math/SqrtFunction|,|java+class:///org/jext/dawn/Function|>,|project://jext-5.0/src/lib/org/jext/dawn/math/SqrtFunction.java|(1060,14,<37,4>,<37,18>)>,
  <<|java+class:///org/jext/scripting/dawn/functions/GetTextFunction|,|java+class:///org/jext/dawn/Function|>,|project://jext-5.0/src/lib/org/jext/scripting/dawn/functions/GetTextFunction.java|(1138,17,<38,4>,<38,21>)>,
  <<|java+class:///org/jext/dawn/array/ElementsFunction|,|java+class:///org/jext/dawn/Function|>,|project://jext-5.0/src/lib/org/jext/dawn/array/ElementsFunction.java|(1121,18,<39,4>,<39,22>)>,
  <<|java+class:///org/jext/dawn/javaccess/MethodFunction|,|java+class:///org/jext/dawn/Function|>,|project://jext-5.0/src/lib/org/jext/dawn/javaccess/MethodFunction.java|(1235,16,<39,4>,<39,20>)>,
  <<|java+class:///org/jext/dawn/stack/StoFunction|,|java+class:///org/jext/dawn/Function|>,|project://jext-5.0/src/lib/org/jext/dawn/stack/StoFunction.java|(1082,13,<37,4>,<37,17>)>,
  <<|java+class:///PHPComplete|,|java+class:///org/jext/MenuAction|>,|project://jext-5.0/src/plugins/Php/src/PHPComplete.java|(1190,21,<43,1>,<43,22>)>,
  <<|java+class:///org/jext/dawn/string/CharAtFunction|,|java+class:///org/jext/dawn/Function|>,|project://jext-5.0/src/lib/org/jext/dawn/string/CharAtFunction.java|(1108,16,<37,4>,<37,20>)>,
  <<|java+class:///org/jext/dawn/test/BinOrFunction|,|java+class:///org/jext/dawn/Function|>,|project://jext-5.0/src/lib/org/jext/dawn/test/BinOrFunction.java|(1083,11,<37,4>,<37,15>)>,
  <<|java+class:///org/jext/options/EditorOptions|,|java+class:///org/jext/gui/AbstractOptionPane|>,|project://jext-5.0/src/lib/org/jext/options/EditorOptions.java|(1619,16,<46,4>,<46,20>)>,
  <<|java+class:///org/jext/dawn/naming/ToLiteralFunction|,|java+class:///org/jext/dawn/Function|>,|project://jext-5.0/src/lib/org/jext/dawn/naming/ToLiteralFunction.java|(1053,15,<35,4>,<35,19>)>,
  <<|java+class:///org/jext/actions/LeftIndent|,|java+class:///org/jext/MenuAction|>,|project://jext-5.0/src/lib/org/jext/actions/LeftIndent.java|(1066,21,<34,4>,<34,25>)>,
  <<|java+class:///PHPBeautifierBloc|,|java+class:///org/jext/MenuAction|>,|project://jext-5.0/src/plugins/Php/src/PHPBeautifierBloc.java|(1015,27,<32,1>,<32,28>)>,
  <<|java+class:///org/jext/misc/Workspaces|,|java+class:///javax/swing/JPanel|>,|project://jext-5.0/src/lib/org/jext/misc/Workspaces.java|(1653,8,<60,4>,<60,12>)>,
  <<|java+class:///com/incors/plaf/kunststoff/KunststoffInternalFrameUI|,|java+class:///javax/swing/plaf/metal/MetalInternalFrameUI|>,|project://jext-5.0/src/plugins/KLNF/com/incors/plaf/kunststoff/KunststoffInternalFrameUI.java|(968,9,<28,4>,<28,13>)>,
  <<|java+class:///org/jext/misc/FindByDate|,|java+class:///javax/swing/JPanel|>,|project://jext-5.0/src/lib/org/jext/misc/FindAccessory.java|(26111,8,<916,4>,<916,12>)>,
  <<|java+class:///org/jext/dawn/io/ExistFunction|,|java+class:///org/jext/dawn/Function|>,|project://jext-5.0/src/lib/org/jext/dawn/io/ExistFunction.java|(1097,16,<38,4>,<38,20>)>,
  <<|java+class:///PHPIndentPHP|,|java+class:///PHPParser|>,|project://jext-5.0/src/plugins/Php/src/PHPIndentPHP.java|(981,23,<31,1>,<32,13>)>,
  <<|java+class:///org/jext/scripting/dawn/functions/CreateActionFunction|,|java+class:///org/jext/dawn/Function|>,|project://jext-5.0/src/lib/org/jext/scripting/dawn/functions/CreateActionFunction.java|(1466,22,<47,4>,<47,26>)>,
  <<|java+class:///gnu/regexp/RETokenWordBoundary|,|java+class:///gnu/regexp/REToken|>,|project://jext-5.0/src/lib/gnu/regexp/RETokenWordBoundary.java|(1148,16,<32,1>,<32,17>)>,
  <<|java+class:///org/jext/dawn/util/ScriptExecFunction|,|java+class:///org/jext/dawn/Function|>,|project://jext-5.0/src/lib/org/jext/dawn/util/ScriptExecFunction.java|(1273,13,<43,4>,<43,17>)>,
  <<|java+class:///org/jext/dawn/util/EvalFunction|,|java+class:///org/jext/dawn/Function|>,|project://jext-5.0/src/lib/org/jext/dawn/util/EvalFunction.java|(1154,14,<40,4>,<40,18>)>,
  <<|java+class:///org/jext/actions/SimpleUnComment|,|java+class:///org/jext/MenuAction|>,|project://jext-5.0/src/lib/org/jext/actions/SimpleUnComment.java|(1175,26,<37,4>,<37,30>)>,
  <<|java+class:///gnu/regexp/REFilterReader|,|java+class:///java/io/FilterReader|>,|project://jext-5.0/src/lib/gnu/regexp/REFilterReader.java|(1864,14,<53,4>,<53,18>)>,
  <<|java+class:///org/jext/dawn/util/ConstructPathFunction|,|java+class:///org/jext/dawn/Function|>,|project://jext-5.0/src/lib/org/jext/dawn/util/ConstructPathFunction.java|(1123,23,<37,4>,<37,27>)>,
  <<|java+class:///org/jext/dawn/math/IncreaseFunction|,|java+class:///org/jext/dawn/Function|>,|project://jext-5.0/src/lib/org/jext/dawn/math/IncreaseFunction.java|(1133,12,<37,4>,<37,16>)>,
  <<|java+class:///org/jext/dawn/string/ChrFunction|,|java+class:///org/jext/dawn/Function|>,|project://jext-5.0/src/lib/org/jext/dawn/string/ChrFunction.java|(1126,13,<37,4>,<37,17>)>,
  <<|java+class:///org/jext/misc/DownloaderThread|,|java+class:///org/jext/misc/CopyThread|>,|project://jext-5.0/src/lib/org/jext/misc/DownloaderThread.java|(1268,14,<38,4>,<38,18>)>,
  <<|java+class:///org/jext/misc/CopyThread|,|java+class:///org/jext/misc/SwingWorker|>,|project://jext-5.0/src/lib/org/jext/misc/CopyThread.java|(1113,16,<32,4>,<32,20>)>,
  <<|java+class:///org/jext/misc/CopyThread|,|java+class:///org/jext/misc/SwingWorker|>,|project://jext-5.0/src/lib/org/jext/misc/CopyThread.java|(1222,16,<36,4>,<36,20>)>,
  <<|java+class:///org/jext/misc/SaveDialog/WorkspaceLabel|,|java+class:///javax/swing/JLabel|>,|project://jext-5.0/src/lib/org/jext/misc/SaveDialog.java|(6785,13,<242,6>,<242,19>)>,
  <<|java+class:///PHPBrowseTabNode|,|java+class:///javax/swing/tree/DefaultMutableTreeNode|>,|project://jext-5.0/src/plugins/Php/src/PHPBrowseTabNode.java|(1653,12,<52,1>,<52,13>)>,
  <<|java+class:///PHPBrowseTabNode|,|java+class:///javax/swing/tree/DefaultMutableTreeNode|>,|project://jext-5.0/src/plugins/Php/src/PHPBrowseTabNode.java|(1421,12,<43,1>,<43,13>)>,
  <<|java+class:///PHPBrowseTabNode|,|java+class:///javax/swing/tree/DefaultMutableTreeNode|>,|project://jext-5.0/src/plugins/Php/src/PHPBrowseTabNode.java|(1248,12,<37,1>,<37,13>)>,
  <<|java+class:///org/jext/actions/WingComment|,|java+class:///org/jext/MenuAction|>,|project://jext-5.0/src/lib/org/jext/actions/WingComment.java|(1002,22,<32,4>,<32,26>)>,
  <<|java+class:///org/jext/menus/JextMenuBar|,|java+class:///javax/swing/JMenuBar|>,|project://jext-5.0/src/lib/org/jext/menus/JextMenuBar.java|(1825,8,<63,4>,<63,12>)>,
  <<|java+class:///org/jext/actions/BoxComment|,|java+class:///org/jext/MenuAction|>,|project://jext-5.0/src/lib/org/jext/actions/BoxComment.java|(1119,21,<35,4>,<35,25>)>,
  <<|java+class:///org/jext/options/GeneralOptions|,|java+class:///org/jext/gui/AbstractOptionPane|>,|project://jext-5.0/src/lib/org/jext/options/GeneralOptions.java|(1518,17,<47,4>,<47,21>)>,
  <<|java+class:///AutoExpander|,|java+class:///org/jext/MenuAction|>,|project://jext-5.0/src/plugins/HyperTyper/AutoExpander.java|(1063,21,<31,4>,<31,25>)>,
  <<|java+class:///org/jext/actions/JoinLines|,|java+class:///org/jext/MenuAction|>,|project://jext-5.0/src/lib/org/jext/actions/JoinLines.java|(1067,20,<34,4>,<34,24>)>,
  <<|java+class:///TokenSource/Exception|,|java+class:///java/lang/Exception|>,|project://jext-5.0/src/plugins/Java/TokenSource.java|(12722,15,<458,3>,<458,18>)>,
  <<|java+class:///PHPBeautifier|,|java+class:///org/jext/MenuAction|>,|project://jext-5.0/src/plugins/Php/src/PHPBeautifier.java|(1003,23,<32,1>,<32,24>)>,
  <<|java+class:///KLNFOptionPane|,|java+class:///org/jext/gui/AbstractOptionPane|>,|project://jext-5.0/src/plugins/KLNF/KLNFOptionPane.java|(1062,14,<36,4>,<36,18>)>,
  <<|java+class:///IndenterOptionPane|,|java+class:///org/jext/gui/AbstractOptionPane|>,|project://jext-5.0/src/plugins/HTML/IndenterOptionPane.java|(1063,23,<35,4>,<35,27>)>,
  <<|java+class:///org/jext/dawn/string/ToStringFunction|,|java+class:///org/jext/dawn/Function|>,|project://jext-5.0/src/lib/org/jext/dawn/string/ToStringFunction.java|(1048,15,<35,4>,<35,19>)>,
  <<|java+class:///org/jext/actions/ToLowerCase|,|java+class:///org/jext/MenuAction|>,|project://jext-5.0/src/lib/org/jext/actions/ToLowerCase.java|(1069,23,<34,4>,<34,27>)>,
  <<|java+class:///com/jgoodies/uif_lite/panel/SimpleInternalFrame/GradientPanel|,|java+class:///javax/swing/JPanel|>,|project://jext-5.0/src/lib/com/jgoodies/uif_lite/panel/SimpleInternalFrame.java|(16010,10,<472,12>,<472,22>)>,
  <<|java+class:///org/jext/misc/CompleteWordList|,|java+class:///javax/swing/JWindow|>,|project://jext-5.0/src/lib/org/jext/misc/CompleteWordList.java|(1321,14,<47,4>,<47,18>)>,
  <<|java+class:///gnu/regexp/REException|,|java+class:///java/lang/Exception|>,|project://jext-5.0/src/lib/gnu/regexp/REException.java|(3290,11,<127,4>,<127,15>)>,
  <<|java+class:///FunnyBracketsPopup|,|java+class:///javax/swing/JWindow|>,|project://jext-5.0/src/plugins/FunnyBrackets/src/FunnyBracketsPopup.java|(1259,14,<41,1>,<41,15>)>,
  <<|java+class:///org/jext/actions/CreateTemplate|,|java+class:///org/jext/MenuAction|>,|project://jext-5.0/src/lib/org/jext/actions/CreateTemplate.java|(1395,25,<50,4>,<50,29>)>,
  <<|java+class:///gnu/regexp/RETokenChar|,|java+class:///gnu/regexp/REToken|>,|project://jext-5.0/src/lib/gnu/regexp/RETokenChar.java|(978,16,<27,4>,<27,20>)>,
  <<|java+class:///FunnyBrackets|,|java+class:///org/jext/MenuAction|>,|project://jext-5.0/src/plugins/FunnyBrackets/src/FunnyBrackets.java|(1092,23,<33,1>,<33,24>)>,
  <<|java+class:///org/jext/dawn/array/AddElementFunction|,|java+class:///org/jext/dawn/Function|>,|project://jext-5.0/src/lib/org/jext/dawn/array/AddElementFunction.java|(1183,20,<38,4>,<38,24>)>,
  <<|java+class:///org/jext/textarea/ScrollDown|,|java+class:///org/jext/MenuAction|>,|project://jext-5.0/src/lib/org/jext/textarea/ScrollDown.java|(1086,21,<35,4>,<35,25>)>,
  <<|java+class:///org/jext/xinsert/XTree/XTreeCellRenderer|,|java+class:///javax/swing/tree/DefaultTreeCellRenderer|>,|project://jext-5.0/src/lib/org/jext/xinsert/XTree.java|(16545,8,<566,6>,<566,14>)>,
  <<|java+class:///org/jext/project/DefaultProjectManager/DefaultProject|,|java+class:///org/jext/project/AbstractProject|>,|project://jext-5.0/src/lib/org/jext/project/DefaultProjectManager.java|(7775,48,<280,3>,<280,51>)>,
  <<|java+class:///org/jext/dawn/util/ExitFunction|,|java+class:///org/jext/dawn/Function|>,|project://jext-5.0/src/lib/org/jext/dawn/util/ExitFunction.java|(994,14,<35,4>,<35,18>)>,
  <<|java+class:///UML/Generalization|,|java+class:///UML/Element|>,|project://jext-5.0/src/plugins/Java/UML.java|(6873,105,<231,3>,<232,38>)>,
  <<|java+class:///org/jext/dawn/math/SinFunction|,|java+class:///org/jext/dawn/Function|>,|project://jext-5.0/src/lib/org/jext/dawn/math/SinFunction.java|(1062,13,<37,4>,<37,17>)>,
  <<|java+class:///JBrowse/OptionDialog|,|java+class:///javax/swing/JDialog|>,|project://jext-5.0/src/plugins/Java/JBrowse.java|(17080,28,<567,3>,<567,31>)>,
  <<|java+class:///org/jext/toolbar/FastFind|,|java+class:///javax/swing/JTextField|>,|project://jext-5.0/src/lib/org/jext/toolbar/FastFind.java|(1096,8,<36,4>,<36,12>)>,
  <<|java+class:///org/jext/actions/ToUpperCase|,|java+class:///org/jext/MenuAction|>,|project://jext-5.0/src/lib/org/jext/actions/ToUpperCase.java|(1069,23,<34,4>,<34,27>)>,
  <<|java+class:///org/jext/search/FindAllDialog|,|java+class:///javax/swing/JFrame|>,|project://jext-5.0/src/lib/org/jext/search/FindAllDialog.java|(1516,42,<52,4>,<52,46>)>,
  <<|java+class:///org/jext/dawn/javaccess/ClassFunction|,|java+class:///org/jext/dawn/Function|>,|project://jext-5.0/src/lib/org/jext/dawn/javaccess/ClassFunction.java|(1165,15,<38,4>,<38,19>)>,
  <<|java+class:///org/jext/dawn/test/IsArrayFunction|,|java+class:///org/jext/dawn/Function|>,|project://jext-5.0/src/lib/org/jext/dawn/test/IsArrayFunction.java|(1077,17,<37,4>,<37,21>)>,
  <<|java+class:///org/jext/scripting/dawn/functions/YesNoFunction|,|java+class:///org/jext/dawn/Function|>,|project://jext-5.0/src/lib/org/jext/scripting/dawn/functions/YesNoFunction.java|(1149,15,<40,4>,<40,19>)>,
  <<|java+class:///org/jext/dawn/math/ArcSinFunction|,|java+class:///org/jext/dawn/Function|>,|project://jext-5.0/src/lib/org/jext/dawn/math/ArcSinFunction.java|(1083,14,<37,4>,<37,18>)>,
  <<|java+class:///org/jext/dawn/test/BinAndFunction|,|java+class:///org/jext/dawn/Function|>,|project://jext-5.0/src/lib/org/jext/dawn/test/BinAndFunction.java|(1088,11,<37,4>,<37,15>)>,
  <<|java+class:///org/jext/dawn/test/GetTypeFunction|,|java+class:///org/jext/dawn/Function|>,|project://jext-5.0/src/lib/org/jext/dawn/test/GetTypeFunction.java|(1119,14,<37,4>,<37,18>)>,
  <<|java+class:///org/jext/gui/JextMenu|,|java+class:///javax/swing/JMenu|>,|project://jext-5.0/src/lib/org/jext/gui/JextMenu.java|(1203,13,<47,4>,<47,17>)>,
  <<|java+class:///org/jext/gui/JextMenu|,|java+class:///javax/swing/JMenu|>,|project://jext-5.0/src/lib/org/jext/gui/JextMenu.java|(1131,8,<41,4>,<41,12>)>,
  <<|java+class:///org/jext/dawn/string/LowerCaseFunction|,|java+class:///org/jext/dawn/Function|>,|project://jext-5.0/src/lib/org/jext/dawn/string/LowerCaseFunction.java|(1130,19,<37,4>,<37,23>)>,
  <<|java+class:///org/jext/dawn/DawnRuntimeException|,|java+class:///java/lang/Exception|>,|project://jext-5.0/src/lib/org/jext/dawn/DawnRuntimeException.java|(1994,116,<55,4>,<55,120>)>,
  <<|java+class:///org/jext/dawn/DawnRuntimeException|,|java+class:///java/lang/Exception|>,|project://jext-5.0/src/lib/org/jext/dawn/DawnRuntimeException.java|(1512,58,<42,4>,<42,62>)>,
  <<|java+class:///org/jext/dawn/javaccess/NullFunction|,|java+class:///org/jext/dawn/Function|>,|project://jext-5.0/src/lib/org/jext/dawn/javaccess/NullFunction.java|(1244,14,<44,4>,<44,18>)>,
  <<|java+class:///org/jext/dawn/javaccess/FieldFunction|,|java+class:///org/jext/dawn/Function|>,|project://jext-5.0/src/lib/org/jext/dawn/javaccess/FieldFunction.java|(1228,15,<39,4>,<39,19>)>,
  <<|java+class:///gnu/regexp/REFilterInputStream|,|java+class:///java/io/FilterInputStream|>,|project://jext-5.0/src/lib/gnu/regexp/REFilterInputStream.java|(2106,14,<56,4>,<56,18>)>,
  <<|java+class:///org/jext/dawn/string/UpperCaseFunction|,|java+class:///org/jext/dawn/Function|>,|project://jext-5.0/src/lib/org/jext/dawn/string/UpperCaseFunction.java|(1130,19,<37,4>,<37,23>)>,
  <<|java+class:///org/jext/console/Console/ConsoleProcess/StdinThread|,|java+class:///java/lang/Thread|>,|project://jext-5.0/src/lib/org/jext/console/Console.java|(30060,23,<1181,1>,<1181,24>)>,
  <<|java+class:///org/jext/scripting/dawn/functions/InputFunction|,|java+class:///org/jext/dawn/Function|>,|project://jext-5.0/src/lib/org/jext/scripting/dawn/functions/InputFunction.java|(1149,15,<40,4>,<40,19>)>,
  <<|java+class:///org/jext/JextTabbedPane|,|java+class:///javax/swing/JTabbedPane|>,|project://jext-5.0/src/lib/org/jext/JextTabbedPane.java|(2429,8,<79,4>,<79,12>)>,
  <<|java+class:///org/jext/dawn/util/HelpFunction|,|java+class:///org/jext/dawn/Function|>,|project://jext-5.0/src/lib/org/jext/dawn/util/HelpFunction.java|(1081,14,<37,4>,<37,18>)>,
  <<|java+class:///org/jext/dawn/string/TailFunction|,|java+class:///org/jext/dawn/Function|>,|project://jext-5.0/src/lib/org/jext/dawn/string/TailFunction.java|(1088,14,<37,4>,<37,18>)>,
  <<|java+class:///gnu/regexp/RE|,|java+class:///gnu/regexp/REToken|>,|project://jext-5.0/src/lib/gnu/regexp/RE.java|(10371,53,<263,4>,<263,57>)>,
  <<|java+class:///gnu/regexp/RE|,|java+class:///gnu/regexp/REToken|>,|project://jext-5.0/src/lib/gnu/regexp/RE.java|(10542,9,<268,21>,<268,30>)>,
  <<|java+class:///gnu/regexp/RE|,|java+class:///gnu/regexp/REToken|>,|project://jext-5.0/src/lib/gnu/regexp/RE.java|(10097,16,<254,4>,<254,20>)>,
  <<|java+class:///org/gjt/sp/jedit/syntax/PikeTokenMarker|,|java+class:///org/gjt/sp/jedit/syntax/CTokenMarker|>,|project://jext-5.0/src/lib/org/gjt/sp/jedit/syntax/PikeTokenMarker.java|(992,34,<33,2>,<33,36>)>,
  <<|java+class:///org/gjt/sp/jedit/syntax/PovrayTokenMarker|,|java+class:///org/gjt/sp/jedit/syntax/CTokenMarker|>,|project://jext-5.0/src/lib/org/gjt/sp/jedit/syntax/PovrayTokenMarker.java|(1069,33,<36,4>,<36,37>)>,
  <<|java+class:///org/jext/dawn/javaccess/ConstructorFunction|,|java+class:///org/jext/dawn/Function|>,|project://jext-5.0/src/lib/org/jext/dawn/javaccess/ConstructorFunction.java|(1270,21,<39,4>,<39,25>)>,
  <<|java+class:///org/jext/textarea/NextLineIndent|,|java+class:///org/jext/MenuAction|>,|project://jext-5.0/src/lib/org/jext/textarea/NextLineIndent.java|(1142,26,<37,4>,<37,30>)>,
  <<|java+class:///org/gjt/sp/jedit/syntax/BeanShellTokenMarker|,|java+class:///org/gjt/sp/jedit/syntax/CTokenMarker|>,|project://jext-5.0/src/lib/org/gjt/sp/jedit/syntax/BeanShellTokenMarker.java|(1129,33,<33,2>,<33,35>)>,
  <<|java+class:///org/jext/misc/FindAccessory/FindAction|,|java+class:///javax/swing/AbstractAction|>,|project://jext-5.0/src/lib/org/jext/misc/FindAccessory.java|(14465,18,<536,6>,<536,24>)>,
  <<|java+class:///org/jext/dawn/io/InputLineFunction|,|java+class:///org/jext/dawn/Function|>,|project://jext-5.0/src/lib/org/jext/dawn/io/InputLineFunction.java|(1082,19,<38,4>,<38,23>)>,
  <<|java+class:///PHPCompletePopup|,|java+class:///javax/swing/JWindow|>,|project://jext-5.0/src/plugins/Php/src/PHPCompletePopup.java|(1364,14,<48,1>,<48,15>)>,
  <<|java+class:///org/jext/misc/FindAccessory/FindControls|,|java+class:///javax/swing/JPanel|>,|project://jext-5.0/src/lib/org/jext/misc/FindAccessory.java|(15324,8,<569,6>,<569,14>)>,
  <<|java+class:///gnu/regexp/RETokenRepeated|,|java+class:///gnu/regexp/REToken|>,|project://jext-5.0/src/lib/gnu/regexp/RETokenRepeated.java|(1063,16,<29,1>,<29,17>)>,
  <<|java+class:///org/jext/textarea/PrevLineIndent|,|java+class:///org/jext/MenuAction|>,|project://jext-5.0/src/lib/org/jext/textarea/PrevLineIndent.java|(1147,26,<38,4>,<38,30>)>,
  <<|java+class:///org/jext/misc/SaveDialog|,|java+class:///javax/swing/JDialog|>,|project://jext-5.0/src/lib/org/jext/misc/SaveDialog.java|(1573,131,<55,4>,<57,16>)>,
  <<|java+class:///org/jext/scripting/dawn/functions/GetPropertyFunction|,|java+class:///org/jext/dawn/Function|>,|project://jext-5.0/src/lib/org/jext/scripting/dawn/functions/GetPropertyFunction.java|(1114,21,<38,4>,<38,25>)>,
  <<|java+class:///org/jext/dawn/string/TokenizeDelimFunction|,|java+class:///org/jext/dawn/Function|>,|project://jext-5.0/src/lib/org/jext/dawn/string/TokenizeDelimFunction.java|(1223,19,<39,4>,<39,23>)>,
  <<|java+class:///org/jext/dawn/io/WriteFunction|,|java+class:///org/jext/dawn/Function|>,|project://jext-5.0/src/lib/org/jext/dawn/io/WriteFunction.java|(1102,15,<37,4>,<37,19>)>,
  <<|java+class:///gnu/regexp/RETokenEnd|,|java+class:///gnu/regexp/REToken|>,|project://jext-5.0/src/lib/gnu/regexp/RETokenEnd.java|(1030,16,<28,4>,<28,20>)>,
  <<|java+class:///org/jext/dawn/stack/DupnFunction|,|java+class:///org/jext/dawn/Function|>,|project://jext-5.0/src/lib/org/jext/dawn/stack/DupnFunction.java|(1095,14,<38,4>,<38,18>)>,
  <<|java+class:///Beautifier|,|java+class:///org/jext/MenuAction|>,|project://jext-5.0/src/plugins/Java/Beautifier.java|(1041,20,<31,2>,<31,22>)>,
  <<|java+class:///org/jext/dawn/io/IsAvailableFunction|,|java+class:///org/jext/dawn/Function|>,|project://jext-5.0/src/lib/org/jext/dawn/io/IsAvailableFunction.java|(1133,25,<37,4>,<37,29>)>,
  <<|java+class:///org/jext/dawn/string/PosFunction|,|java+class:///org/jext/dawn/Function|>,|project://jext-5.0/src/lib/org/jext/dawn/string/PosFunction.java|(1152,13,<38,4>,<38,17>)>,
  <<|java+class:///org/jext/dawn/util/RandomFunction|,|java+class:///org/jext/dawn/Function|>,|project://jext-5.0/src/lib/org/jext/dawn/util/RandomFunction.java|(1085,14,<38,4>,<38,18>)>,
  <<|java+class:///org/jext/gui/JextMetalTheme|,|java+class:///javax/swing/plaf/metal/DefaultMetalTheme|>,|project://jext-5.0/src/lib/org/jext/gui/JextMetalTheme.java|(1266,8,<39,4>,<39,12>)>,
  <<|java+class:///org/jext/dawn/stack/DropFunction|,|java+class:///org/jext/dawn/Function|>,|project://jext-5.0/src/lib/org/jext/dawn/stack/DropFunction.java|(1057,14,<37,4>,<37,18>)>,
  <<|java+class:///ToEntities|,|java+class:///org/jext/MenuAction|>,|project://jext-5.0/src/plugins/HTML/ToEntities.java|(983,21,<31,4>,<31,25>)>,
  <<|java+class:///org/jext/dawn/test/NotFunction|,|java+class:///org/jext/dawn/Function|>,|project://jext-5.0/src/lib/org/jext/dawn/test/NotFunction.java|(1071,13,<37,4>,<37,17>)>,
  <<|java+class:///org/jext/misc/VirtualFolders/VirtualFolderNode|,|java+class:///javax/swing/tree/DefaultMutableTreeNode|>,|project://jext-5.0/src/lib/org/jext/misc/VirtualFolders.java|(19529,8,<676,6>,<676,14>)>,
  <<|java+class:///org/jext/dawn/io/OpenInputFunction|,|java+class:///org/jext/dawn/Function|>,|project://jext-5.0/src/lib/org/jext/dawn/io/OpenInputFunction.java|(1291,22,<40,4>,<40,26>)>,
  <<|java+class:///org/jext/misc/PluginDownload/WaitDialog|,|java+class:///javax/swing/JDialog|>,|project://jext-5.0/src/lib/org/jext/misc/PluginDownload.java|(16450,67,<429,6>,<429,73>)>,
  <<|java+class:///org/jext/options/StyleTable|,|java+class:///javax/swing/JTable|>,|project://jext-5.0/src/lib/org/jext/options/StyleTable.java|(2255,13,<74,2>,<74,15>)>,
  <<|java+class:///PHPModifierSelection|,|java+class:///PHPModifier|>,|project://jext-5.0/src/plugins/Php/src/PHPModifierSelection.java|(990,9,<30,1>,<30,10>)>,
  <<|java+class:///org/jext/gui/JextCheckBox|,|java+class:///javax/swing/JCheckBox|>,|project://jext-5.0/src/lib/org/jext/gui/JextCheckBox.java|(996,18,<32,4>,<32,22>)>,
  <<|java+class:///org/jext/gui/JextCheckBox|,|java+class:///javax/swing/JCheckBox|>,|project://jext-5.0/src/lib/org/jext/gui/JextCheckBox.java|(1080,27,<37,4>,<37,31>)>,
  <<|java+class:///gnu/regexp/RETokenRange|,|java+class:///gnu/regexp/REToken|>,|project://jext-5.0/src/lib/gnu/regexp/RETokenRange.java|(993,16,<27,4>,<27,20>)>,
  <<|java+class:///org/jext/options/StylesOptions|,|java+class:///org/jext/gui/AbstractOptionPane|>,|project://jext-5.0/src/lib/org/jext/options/StylesOptions.java|(1359,16,<44,4>,<44,20>)>,
  <<|java+class:///com/incors/plaf/kunststoff/KunststoffComboBoxUI/MyMetalComboBoxButton|,|java+class:///javax/swing/plaf/metal/MetalComboBoxButton|>,|project://jext-5.0/src/plugins/KLNF/com/incors/plaf/kunststoff/KunststoffComboBoxUI.java|(1689,36,<46,6>,<46,42>)>,
  <<|java+class:///HyperTyperHotkey|,|java+class:///org/jext/MenuAction|>,|project://jext-5.0/src/plugins/HyperTyper/HyperTyperHotkey.java|(2127,19,<64,8>,<64,27>)>,
  <<|java+class:///org/jext/actions/BeginLine|,|java+class:///org/jext/MenuAction|>,|project://jext-5.0/src/lib/org/jext/actions/BeginLine.java|(1099,26,<35,4>,<35,30>)>,
  <<|java+class:///gnu/regexp/RETokenOneOf|,|java+class:///gnu/regexp/REToken|>,|project://jext-5.0/src/lib/gnu/regexp/RETokenOneOf.java|(1520,16,<40,4>,<40,20>)>,
  <<|java+class:///gnu/regexp/RETokenOneOf|,|java+class:///gnu/regexp/REToken|>,|project://jext-5.0/src/lib/gnu/regexp/RETokenOneOf.java|(1240,16,<32,4>,<32,20>)>,
  <<|java+class:///org/jext/dawn/stack/NDupFunction|,|java+class:///org/jext/dawn/Function|>,|project://jext-5.0/src/lib/org/jext/dawn/stack/NDupFunction.java|(1076,14,<37,4>,<37,18>)>,
  <<|java+class:///org/jext/dawn/string/ConcatFunction|,|java+class:///org/jext/dawn/Function|>,|project://jext-5.0/src/lib/org/jext/dawn/string/ConcatFunction.java|(1102,16,<37,4>,<37,20>)>,
  <<|java+class:///org/jext/options/FileFiltersOptions|,|java+class:///org/jext/gui/AbstractOptionPane|>,|project://jext-5.0/src/lib/org/jext/options/FileFiltersOptions.java|(1266,21,<44,4>,<44,25>)>,
  <<|java+class:///org/jext/actions/CompleteWordAll|,|java+class:///org/jext/MenuAction|>,|project://jext-5.0/src/lib/org/jext/actions/CompleteWordAll.java|(1301,27,<44,2>,<44,29>)>,
  <<|java+class:///PHPModifierFichier|,|java+class:///PHPModifier|>,|project://jext-5.0/src/plugins/Php/src/PHPModifierFichier.java|(984,9,<30,1>,<30,10>)>,
  <<|java+class:///UMLTree/Node|,|java+class:///javax/swing/tree/DefaultMutableTreeNode|>,|project://jext-5.0/src/plugins/Java/UMLTree.java|(7746,18,<267,3>,<267,21>)>,
  <<|java+class:///UMLTree/Node|,|java+class:///javax/swing/tree/DefaultMutableTreeNode|>,|project://jext-5.0/src/plugins/Java/UMLTree.java|(7684,18,<263,3>,<263,21>)>,
  <<|java+class:///org/jext/JARClassLoader|,|java+class:///java/lang/ClassLoader|>,|project://jext-5.0/src/lib/org/jext/JARClassLoader.java|(2109,14,<59,4>,<59,18>)>,
  <<|java+class:///org/jext/scripting/dawn/functions/SetTextFunction|,|java+class:///org/jext/dawn/Function|>,|project://jext-5.0/src/lib/org/jext/scripting/dawn/functions/SetTextFunction.java|(1118,17,<38,4>,<38,21>)>,
  <<|java+class:///PHPQuickOpen|,|java+class:///org/jext/MenuAction|>,|project://jext-5.0/src/plugins/Php/src/PHPQuickOpen.java|(1043,22,<35,1>,<35,23>)>,
  <<|java+class:///org/jext/dawn/io/ReadLineFunction|,|java+class:///org/jext/dawn/Function|>,|project://jext-5.0/src/lib/org/jext/dawn/io/ReadLineFunction.java|(1121,18,<37,4>,<37,22>)>,
  <<|java+class:///org/jext/dawn/math/FactFunction|,|java+class:///org/jext/dawn/Function|>,|project://jext-5.0/src/lib/org/jext/dawn/math/FactFunction.java|(1035,11,<37,4>,<37,15>)>,
  <<|java+class:///org/jext/textarea/ScrollPageUp|,|java+class:///org/jext/MenuAction|>,|project://jext-5.0/src/lib/org/jext/textarea/ScrollPageUp.java|(1128,24,<36,4>,<36,28>)>,
  <<|java+class:///org/jext/dawn/stack/SwapFunction|,|java+class:///org/jext/dawn/Function|>,|project://jext-5.0/src/lib/org/jext/dawn/stack/SwapFunction.java|(1066,14,<37,4>,<37,18>)>,
  <<|java+class:///org/jext/options/SecurityOptions|,|java+class:///org/jext/gui/AbstractOptionPane|>,|project://jext-5.0/src/lib/org/jext/options/SecurityOptions.java|(1079,18,<38,4>,<38,22>)>,
  <<|java+class:///com/incors/plaf/kunststoff/KunststoffTextAreaUI|,|java+class:///javax/swing/plaf/basic/BasicTextAreaUI|>,|project://jext-5.0/src/plugins/KLNF/com/incors/plaf/kunststoff/KunststoffTextAreaUI.java|(467,8,<18,4>,<18,12>)>,
  <<|java+class:///org/jext/dawn/math/TanFunction|,|java+class:///org/jext/dawn/Function|>,|project://jext-5.0/src/lib/org/jext/dawn/math/TanFunction.java|(1065,13,<37,4>,<37,17>)>,
  <<|java+class:///org/jext/dawn/javaccess/NewFunction|,|java+class:///org/jext/dawn/Function|>,|project://jext-5.0/src/lib/org/jext/dawn/javaccess/NewFunction.java|(1166,13,<39,4>,<39,17>)>,
  <<|java+class:///org/jext/dawn/stack/RclFunction|,|java+class:///org/jext/dawn/Function|>,|project://jext-5.0/src/lib/org/jext/dawn/stack/RclFunction.java|(1098,13,<39,4>,<39,17>)>,
  <<|java+class:///org/jext/JextTextArea|,|java+class:///org/gjt/sp/jedit/textarea/JEditTextArea|>,|project://jext-5.0/src/lib/org/jext/JextTextArea.java|(3538,14,<116,4>,<116,18>)>,
  <<|java+class:///org/jext/dawn/test/AndFunction|,|java+class:///org/jext/dawn/Function|>,|project://jext-5.0/src/lib/org/jext/dawn/test/AndFunction.java|(1072,13,<37,4>,<37,17>)>,
  <<|java+class:///org/gjt/sp/jedit/syntax/JavaScriptTokenMarker|,|java+class:///org/gjt/sp/jedit/syntax/CTokenMarker|>,|project://jext-5.0/src/lib/org/gjt/sp/jedit/syntax/JavaScriptTokenMarker.java|(1109,33,<33,2>,<33,35>)>,
  <<|java+class:///FindAllAction|,|java+class:///org/jext/MenuAction|>,|project://jext-5.0/src/plugins/FindAll/FindAllAction.java|(206,23,<12,4>,<12,27>)>,
  <<|java+class:///org/jext/gui/JextToggleButton|,|java+class:///javax/swing/JToggleButton|>,|project://jext-5.0/src/lib/org/jext/gui/JextToggleButton.java|(2006,13,<82,4>,<82,17>)>,
  <<|java+class:///org/jext/gui/JextToggleButton|,|java+class:///javax/swing/JToggleButton|>,|project://jext-5.0/src/lib/org/jext/gui/JextToggleButton.java|(2082,12,<88,4>,<88,16>)>,
  <<|java+class:///org/jext/gui/JextToggleButton|,|java+class:///javax/swing/JToggleButton|>,|project://jext-5.0/src/lib/org/jext/gui/JextToggleButton.java|(1932,8,<76,4>,<76,12>)>,
  <<|java+class:///org/jext/gui/JextToggleButton|,|java+class:///javax/swing/JToggleButton|>,|project://jext-5.0/src/lib/org/jext/gui/JextToggleButton.java|(2171,19,<94,4>,<94,23>)>,
  <<|java+class:///org/jext/dawn/io/OpenOutputFunction|,|java+class:///org/jext/dawn/Function|>,|project://jext-5.0/src/lib/org/jext/dawn/io/OpenOutputFunction.java|(1310,23,<40,4>,<40,27>)>,
  <<|java+class:///HyperTyperOption|,|java+class:///org/jext/gui/AbstractOptionPane|>,|project://jext-5.0/src/plugins/HyperTyper/HyperTyperOption.java|(2512,19,<68,8>,<68,27>)>,
  <<|java+class:///org/jext/scripting/dawn/Run/ThreadExecuter|,|java+class:///java/lang/Thread|>,|project://jext-5.0/src/lib/org/jext/scripting/dawn/Run.java|(2662,35,<94,6>,<94,41>)>,
  <<|java+class:///CompleteTagList|,|java+class:///javax/swing/JWindow|>,|project://jext-5.0/src/plugins/HTML/CompleteTagList.java|(1767,14,<60,4>,<60,18>)>,
  <<|java+class:///org/jext/PythonAction|,|java+class:///org/jext/MenuAction|>,|project://jext-5.0/src/lib/org/jext/PythonAction.java|(1480,12,<50,4>,<50,16>)>,
  <<|java+class:///org/jext/dawn/util/RdzFunction|,|java+class:///org/jext/dawn/Function|>,|project://jext-5.0/src/lib/org/jext/dawn/util/RdzFunction.java|(994,13,<35,4>,<35,17>)>,
  <<|java+class:///ChoiceForm/DetailForm|,|java+class:///javax/swing/JDialog|>,|project://jext-5.0/src/updating/ChoiceForm.java|(6584,79,<205,6>,<205,85>)>,
  <<|java+class:///org/jext/dawn/string/StartsWithFunction|,|java+class:///org/jext/dawn/Function|>,|project://jext-5.0/src/lib/org/jext/dawn/string/StartsWithFunction.java|(1188,20,<38,4>,<38,24>)>,
  <<|java+class:///HyperTyperWindowGUI|,|java+class:///org/jext/MenuAction|>,|project://jext-5.0/src/plugins/HyperTyper/HyperTyperWindowGUI.java|(2328,19,<64,8>,<64,27>)>,
  <<|java+class:///org/jext/dawn/array/RemoveElementAtFunction|,|java+class:///org/jext/dawn/Function|>,|project://jext-5.0/src/lib/org/jext/dawn/array/RemoveElementAtFunction.java|(1142,25,<37,4>,<37,29>)>,
  <<|java+class:///JBrowse/TreePane|,|java+class:///javax/swing/JPanel|>,|project://jext-5.0/src/plugins/Java/JBrowse.java|(11837,8,<389,3>,<389,11>)>,
  <<|java+class:///org/jext/misc/ProjectPanel|,|java+class:///javax/swing/JPanel|>,|project://jext-5.0/src/lib/org/jext/misc/ProjectPanel.java|(1220,26,<43,4>,<43,30>)>
]