[
  <<|java+class:///com/opensymphony/xwork2/util/ResolverUtil/NameEndsWith|,|java+class:///com/opensymphony/xwork2/util/ResolverUtil/ClassTest|>,|java+anonymousClass:///org/apache/struts2/config/ClasspathPackageProvider/createActionClassTest()/$anonymous1|>,
  <<|java+class:///com/opensymphony/xwork2/util/ResolverUtil/AnnotatedWith|,|java+class:///com/opensymphony/xwork2/util/ResolverUtil/ClassTest|>,|java+anonymousClass:///org/apache/struts2/config/ClasspathPackageProvider/createActionClassTest()/$anonymous1|>,
  <<|java+class:///com/opensymphony/xwork2/conversion/impl/AnnotationXWorkConverter|,|java+class:///com/opensymphony/xwork2/conversion/impl/XWorkConverter|>,|java+class:///org/apache/struts2/views/java/simple/AbstractTest/ConverterEx|>,
  <<|java+class:///com/opensymphony/xwork2/util/ResolverUtil/IsA|,|java+class:///com/opensymphony/xwork2/util/ResolverUtil/ClassTest|>,|java+anonymousClass:///org/apache/struts2/config/ClasspathPackageProvider/createActionClassTest()/$anonymous1|>,
  <<|java+class:///org/apache/struts2/components/PortletUrlRenderer|,|java+interface:///org/apache/struts2/components/UrlRenderer|>,|java+class:///org/apache/struts2/components/ServletUrlRenderer|>,
  <<|java+class:///org/apache/struts2/dispatcher/mapper/DefaultActionMapper|,|java+interface:///org/apache/struts2/dispatcher/mapper/ActionMapper|>,|java+class:///org/apache/struts2/dispatcher/FilterDispatcherTest/InnerActionMapper|>,
  <<|java+class:///org/apache/struts2/convention/actions/skip/Index|,|java+interface:///com/opensymphony/xwork2/Action|>,|java+class:///com/opensymphony/xwork2/interceptor/ParametersInterceptorTest/NoParametersAction|>,
  <<|java+class:///org/apache/struts2/dispatcher/FilterTest/NullInnerMapper|,|java+interface:///org/apache/struts2/dispatcher/mapper/ActionMapper|>,|java+class:///org/apache/struts2/dispatcher/FilterDispatcherTest/InnerActionMapper|>,
  <<|java+class:///org/apache/struts2/showcase/filedownload/FileDownloadAction|,|java+interface:///com/opensymphony/xwork2/Action|>,|java+class:///com/opensymphony/xwork2/interceptor/ParametersInterceptorTest/NoParametersAction|>,
  <<|java+class:///org/apache/struts2/util/SortIteratorFilter|,|java+interface:///com/opensymphony/xwork2/Action|>,|java+class:///com/opensymphony/xwork2/interceptor/ParametersInterceptorTest/NoParametersAction|>,
  <<|java+class:///org/apache/struts2/dispatcher/ServletActionRedirectResult|,|java+interface:///com/opensymphony/xwork2/util/reflection/ReflectionExceptionHandler|>,|java+class:///org/apache/struts2/portlet/result/PortletActionRedirectResult|>,
  <<|java+class:///com/opensymphony/xwork2/config/providers/NoNoArgsConstructorAction|,|java+interface:///com/opensymphony/xwork2/Action|>,|java+class:///com/opensymphony/xwork2/interceptor/ParametersInterceptorTest/NoParametersAction|>,
  <<|java+class:///com/opensymphony/xwork2/spring/ExternalReferenceAction|,|java+interface:///com/opensymphony/xwork2/Action|>,|java+class:///com/opensymphony/xwork2/interceptor/ParametersInterceptorTest/NoParametersAction|>,
  <<|java+class:///com/opensymphony/xwork2/config/ConfigurationTest/MyPackageProvider|,|java+interface:///com/opensymphony/xwork2/config/PackageProvider|>,|java+class:///org/apache/struts2/osgi/OsgiConfigurationProvider|>,
  <<|java+class:///org/apache/struts2/util/SubsetIteratorFilter|,|java+interface:///com/opensymphony/xwork2/Action|>,|java+class:///com/opensymphony/xwork2/interceptor/ParametersInterceptorTest/NoParametersAction|>,
  <<|java+class:///com/opensymphony/xwork2/config/providers/PrivateConstructorAction|,|java+interface:///com/opensymphony/xwork2/Action|>,|java+class:///com/opensymphony/xwork2/interceptor/ParametersInterceptorTest/NoParametersAction|>,
  <<|java+class:///org/apache/struts2/osgi/BundleClassLoaderInterface|,|java+interface:///com/opensymphony/xwork2/util/finder/ClassLoaderInterface|>,|java+class:///com/opensymphony/xwork2/util/finder/ClassLoaderInterfaceDelegate|>,
  <<|java+class:///org/apache/struts2/config/cltest/ActionImpl|,|java+interface:///com/opensymphony/xwork2/Action|>,|java+class:///com/opensymphony/xwork2/interceptor/ParametersInterceptorTest/NoParametersAction|>,
  <<|java+class:///com/opensymphony/xwork2/conversion/impl/DefaultTypeConverter|,|java+interface:///com/opensymphony/xwork2/conversion/TypeConverter|>,|java+class:///com/opensymphony/xwork2/ognl/XWorkTypeConverterWrapper|>,
  <<|java+class:///com/opensymphony/xwork2/test/StubConfigurationProvider|,|java+interface:///com/opensymphony/xwork2/config/ConfigurationProvider|>,|java+anonymousClass:///com/opensymphony/xwork2/config/ConfigurationManagerTest/testDestroyConfiguration()/$anonymous3|>,
  <<|java+class:///org/apache/struts2/convention/actions/Skip|,|java+interface:///com/opensymphony/xwork2/Action|>,|java+class:///com/opensymphony/xwork2/interceptor/ParametersInterceptorTest/NoParametersAction|>,
  <<|java+class:///org/apache/struts2/dispatcher/ServletRedirectResult|,|java+interface:///com/opensymphony/xwork2/util/reflection/ReflectionExceptionHandler|>,|java+class:///org/apache/struts2/portlet/result/PortletActionRedirectResult|>,
  <<|java+class:///com/opensymphony/xwork2/spring/SpringObjectFactoryTest/ConstructorAction|,|java+interface:///com/opensymphony/xwork2/Action|>,|java+class:///com/opensymphony/xwork2/interceptor/ParametersInterceptorTest/NoParametersAction|>,
  <<|java+class:///com/opensymphony/xwork2/NestedAction|,|java+interface:///com/opensymphony/xwork2/Action|>,|java+class:///com/opensymphony/xwork2/interceptor/ParametersInterceptorTest/NoParametersAction|>,
  <<|java+class:///com/opensymphony/xwork2/util/MyBeanAction|,|java+interface:///com/opensymphony/xwork2/Action|>,|java+class:///com/opensymphony/xwork2/interceptor/ParametersInterceptorTest/NoParametersAction|>,
  <<|java+class:///org/apache/struts2/dispatcher/StreamResultTest/MyImageAction|,|java+interface:///com/opensymphony/xwork2/Action|>,|java+class:///com/opensymphony/xwork2/interceptor/ParametersInterceptorTest/NoParametersAction|>,
  <<|java+class:///org/apache/struts2/views/xslt/XSLTResultTest/MyAction|,|java+interface:///com/opensymphony/xwork2/Action|>,|java+class:///com/opensymphony/xwork2/interceptor/ParametersInterceptorTest/NoParametersAction|>,
  <<|java+class:///org/apache/struts2/dispatcher/FilterDispatcherTest/NullActionMapper|,|java+interface:///org/apache/struts2/dispatcher/mapper/ActionMapper|>,|java+class:///org/apache/struts2/dispatcher/FilterDispatcherTest/InnerActionMapper|>,
  <<|java+class:///com/opensymphony/xwork2/DefaultActionProxyFactory|,|java+interface:///com/opensymphony/xwork2/ActionProxyFactory|>,|java+class:///com/opensymphony/xwork2/ChainResultTest/NamespaceActionNameTestActionProxyFactory|>,
  <<|java+class:///org/apache/struts2/rest/handler/JsonLibHandler|,|java+interface:///org/apache/struts2/rest/handler/ContentTypeHandler|>,|java+anonymousClass:///org/apache/struts2/rest/ContentTypeHandlerManagerTest/testHandleResultOK()/$anonymous1|>,
  <<|java+class:///org/apache/struts2/codebehind/CodebehindUnknownHandler|,|java+interface:///com/opensymphony/xwork2/UnknownHandler|>,|java+anonymousClass:///com/opensymphony/xwork2/ActionInvocationTest/testCommandInvocationUnknownHandler()/$anonymous1|>,
  <<|java+class:///org/apache/struts2/convention/ConventionUnknownHandler|,|java+interface:///com/opensymphony/xwork2/UnknownHandler|>,|java+anonymousClass:///com/opensymphony/xwork2/ActionInvocationTest/testCommandInvocationUnknownHandler()/$anonymous1|>,
  <<|java+class:///org/apache/struts2/rest/handler/HtmlHandler|,|java+interface:///org/apache/struts2/rest/handler/ContentTypeHandler|>,|java+anonymousClass:///org/apache/struts2/rest/ContentTypeHandlerManagerTest/testHandleResultOK()/$anonymous1|>,
  <<|java+class:///org/apache/struts2/util/IteratorGenerator|,|java+interface:///com/opensymphony/xwork2/Action|>,|java+class:///com/opensymphony/xwork2/interceptor/ParametersInterceptorTest/NoParametersAction|>,
  <<|java+class:///org/apache/struts2/dispatcher/NullActionMapper|,|java+interface:///org/apache/struts2/dispatcher/mapper/ActionMapper|>,|java+class:///org/apache/struts2/dispatcher/FilterDispatcherTest/InnerActionMapper|>,
  <<|java+class:///com/opensymphony/xwork2/ExternalReferenceAction|,|java+interface:///com/opensymphony/xwork2/Action|>,|java+class:///com/opensymphony/xwork2/interceptor/ParametersInterceptorTest/NoParametersAction|>,
  <<|java+class:///org/apache/struts2/config/ClasspathPackageProvider|,|java+interface:///com/opensymphony/xwork2/config/PackageProvider|>,|java+class:///org/apache/struts2/osgi/OsgiConfigurationProvider|>,
  <<|java+class:///com/opensymphony/xwork2/util/ResolverUtil/ResourceTest|,|java+interface:///com/opensymphony/xwork2/util/ResolverUtil/Test|>,|java+class:///com/opensymphony/xwork2/util/ResolverUtil/ClassTest|>,
  <<|java+class:///com/opensymphony/xwork2/conversion/ConversionTestAction|,|java+interface:///com/opensymphony/xwork2/Action|>,|java+class:///com/opensymphony/xwork2/interceptor/ParametersInterceptorTest/NoParametersAction|>,
  <<|java+class:///org/apache/struts2/convention/actions/idx/idx2/Index|,|java+interface:///com/opensymphony/xwork2/Action|>,|java+class:///com/opensymphony/xwork2/interceptor/ParametersInterceptorTest/NoParametersAction|>,
  <<|java+class:///org/apache/struts2/dispatcher/mapper/RestfulActionMapper|,|java+interface:///org/apache/struts2/dispatcher/mapper/ActionMapper|>,|java+class:///org/apache/struts2/dispatcher/FilterDispatcherTest/InnerActionMapper|>,
  <<|java+class:///org/apache/struts2/convention/ClasspathPackageProvider|,|java+interface:///com/opensymphony/xwork2/config/PackageProvider|>,|java+class:///org/apache/struts2/osgi/OsgiConfigurationProvider|>,
  <<|java+class:///org/apache/struts2/convention/actions/defaultinterceptor/SingleActionNameAction2|,|java+interface:///com/opensymphony/xwork2/Action|>,|java+class:///com/opensymphony/xwork2/interceptor/ParametersInterceptorTest/NoParametersAction|>,
  <<|java+class:///org/apache/struts2/dispatcher/mapper/CompositeActionMapper|,|java+interface:///org/apache/struts2/dispatcher/mapper/ActionMapper|>,|java+class:///org/apache/struts2/dispatcher/FilterDispatcherTest/InnerActionMapper|>,
  <<|java+class:///org/apache/struts2/interceptor/ExecuteAndWaitDelayAction|,|java+interface:///com/opensymphony/xwork2/Action|>,|java+class:///com/opensymphony/xwork2/interceptor/ParametersInterceptorTest/NoParametersAction|>,
  <<|java+class:///org/apache/struts2/rest/handler/FormUrlEncodedHandler|,|java+interface:///org/apache/struts2/rest/handler/ContentTypeHandler|>,|java+anonymousClass:///org/apache/struts2/rest/ContentTypeHandlerManagerTest/testHandleResultOK()/$anonymous1|>,
  <<|java+class:///org/apache/struts2/config/parenttest/SomeAction|,|java+interface:///com/opensymphony/xwork2/Action|>,|java+class:///com/opensymphony/xwork2/interceptor/ParametersInterceptorTest/NoParametersAction|>,
  <<|java+class:///org/apache/struts2/convention/actions/idx/Index|,|java+interface:///com/opensymphony/xwork2/Action|>,|java+class:///com/opensymphony/xwork2/interceptor/ParametersInterceptorTest/NoParametersAction|>,
  <<|java+class:///org/apache/struts2/util/RegexPatternMatcher|,|java+interface:///com/opensymphony/xwork2/util/PatternMatcher|>,|java+class:///com/opensymphony/xwork2/util/WildcardHelper|>,
  <<|java+class:///org/apache/struts2/rest/handler/XStreamHandler|,|java+interface:///org/apache/struts2/rest/handler/ContentTypeHandler|>,|java+anonymousClass:///org/apache/struts2/rest/ContentTypeHandlerManagerTest/testHandleResultOK()/$anonymous1|>,
  <<|java+class:///org/apache/struts2/dispatcher/multipart/PellMultiPartRequest|,|java+interface:///org/apache/struts2/dispatcher/multipart/MultiPartRequest|>,|java+class:///org/apache/struts2/dispatcher/multipart/JakartaMultiPartRequest|>,
  <<|java+class:///com/opensymphony/xwork2/util/NamedVariablePatternMatcher|,|java+interface:///com/opensymphony/xwork2/util/PatternMatcher|>,|java+class:///com/opensymphony/xwork2/util/WildcardHelper|>,
  <<|java+class:///org/apache/struts2/rest/handler/MultipartFormDataHandler|,|java+interface:///org/apache/struts2/rest/handler/ContentTypeHandler|>,|java+anonymousClass:///org/apache/struts2/rest/ContentTypeHandlerManagerTest/testHandleResultOK()/$anonymous1|>,
  <<|java+class:///org/apache/struts2/convention/DefaultActionNameBuilder|,|java+interface:///org/apache/struts2/convention/ActionNameBuilder|>,|java+class:///org/apache/struts2/convention/SEOActionNameBuilder|>
]