{
  <<|java+class:///org/apache/tapestry5/ioc/internal/RegistryImpl|,|java+interface:///org/apache/tapestry5/ioc/internal/InternalRegistry|>,2,|java+interface:///org/apache/tapestry5/ioc/OperationTracker|>,
  <<|java+class:///org/apache/tapestry5/internal/parser/EndElementToken|,|java+class:///org/apache/tapestry5/internal/parser/TemplateToken|>,2,|java+class:///java/lang/Object|>,
  <<|java+class:///org/apache/tapestry5/internal/structure/ComponentPageElementImpl/AfterRenderBodyPhase|,|java+class:///org/apache/tapestry5/internal/structure/ComponentPageElementImpl/AbstractPhase|>,2,|java+interface:///org/apache/tapestry5/runtime/RenderCommand|>,
  <<|java+class:///org/apache/tapestry5/ioc/util/AbstractMessages|,|java+interface:///org/apache/tapestry5/ioc/Messages|>,2,|java+interface:///org/apache/tapestry5/ioc/Messages|>,
  <<|java+class:///org/apache/tapestry5/ioc/internal/util/TapestryException|,|java+class:///java/lang/RuntimeException|>,2,|java+class:///java/lang/Throwable|>,
  <<|java+class:///org/apache/tapestry5/util/AbstractSelectModel|,|java+interface:///org/apache/tapestry5/SelectModel|>,2,|java+interface:///org/apache/tapestry5/SelectModel|>,
  <<|java+class:///org/apache/tapestry5/internal/parser/TemplateToken|,|java+class:///org/apache/tapestry5/ioc/BaseLocatable|>,2,|java+interface:///org/apache/tapestry5/ioc/Locatable|>,
  <<|java+interface:///org/apache/tapestry5/ComponentResources|,|java+interface:///org/apache/tapestry5/ComponentResourcesCommon|>,2,|java+interface:///org/apache/tapestry5/ioc/Locatable|>,
  <<|java+interface:///org/apache/tapestry5/ioc/ServiceBuilderResources|,|java+interface:///org/apache/tapestry5/ioc/ServiceResources|>,2,|java+interface:///org/apache/tapestry5/ioc/ServiceResources|>,
  <<|java+interface:///org/apache/tapestry5/Asset2|,|java+interface:///org/apache/tapestry5/Asset|>,2,|java+class:///java/lang/Object|>,
  <<|java+interface:///org/apache/tapestry5/beaneditor/PropertyModel|,|java+interface:///org/apache/tapestry5/ioc/AnnotationProvider|>,2,|java+class:///java/lang/Object|>,
  <<|java+class:///org/apache/tapestry5/ioc/internal/services/AbstractInvocation|,|java+interface:///org/apache/tapestry5/ioc/Invocation|>,2,|java+interface:///org/apache/tapestry5/ioc/Invocation|>,
  <<|java+interface:///org/apache/tapestry5/corelib/internal/InternalFormSupport|,|java+interface:///org/apache/tapestry5/services/FormSupport|>,2,|java+class:///java/lang/Object|>,
  <<|java+class:///org/apache/tapestry5/internal/structure/ComponentPageElementImpl/SetupRenderPhase|,|java+class:///org/apache/tapestry5/internal/structure/ComponentPageElementImpl/AbstractPhase|>,2,|java+interface:///org/apache/tapestry5/runtime/RenderCommand|>,
  <<|java+class:///org/apache/tapestry5/internal/DefaultValidationDecorator|,|java+class:///org/apache/tapestry5/BaseValidationDecorator|>,2,|java+interface:///org/apache/tapestry5/ValidationDecorator|>,
  <<|java+class:///org/apache/tapestry5/ioc/internal/ContributionDefImplTest|,|java+class:///org/apache/tapestry5/ioc/test/IOCTestCase|>,2,|java+class:///java/lang/Object|>,
  <<|java+class:///org/apache/tapestry5/internal/structure/AbstractComponentCallback|,|java+interface:///org/apache/tapestry5/internal/structure/ComponentCallback|>,2,|java+interface:///org/apache/tapestry5/internal/structure/ComponentCallback|>,
  <<|java+class:///org/apache/tapestry5/internal/structure/ComponentPageElementImpl/AbstractPhase|,|java+class:///org/apache/tapestry5/internal/structure/AbstractComponentCallback|>,2,|java+interface:///org/apache/tapestry5/internal/structure/ComponentCallback|>,
  <<|java+class:///org/apache/tapestry5/internal/bindings/BlockBinding|,|java+class:///org/apache/tapestry5/internal/bindings/AbstractBinding|>,2,|java+interface:///org/apache/tapestry5/Binding|>,
  <<|java+class:///org/apache/tapestry5/internal/SyntheticSymbolSourceContributionDef|,|java+class:///org/apache/tapestry5/internal/AbstractContributionDef|>,2,|java+interface:///org/apache/tapestry5/ioc/def/ContributionDef|>,
  <<|java+class:///org/apache/tapestry5/internal/services/SessionPersistentFieldStrategy|,|java+class:///org/apache/tapestry5/internal/services/AbstractSessionPersistentFieldStrategy|>,2,|java+interface:///org/apache/tapestry5/services/PersistentFieldStrategy|>,
  <<|java+class:///org/apache/tapestry5/ioc/internal/RegistryImpl|,|java+interface:///org/apache/tapestry5/ioc/Registry|>,2,|java+interface:///org/apache/tapestry5/ioc/ObjectLocator|>,
  <<|java+interface:///org/apache/tapestry5/services/BeanEditContext|,|java+interface:///org/apache/tapestry5/ioc/AnnotationProvider|>,2,|java+class:///java/lang/Object|>,
  <<|java+interface:///org/apache/tapestry5/ComponentAction|,|java+interface:///java/io/Serializable|>,2,|java+class:///java/lang/Object|>,
  <<|java+class:///org/apache/tapestry5/internal/services/AttributeExpansionBinding|,|java+class:///org/apache/tapestry5/internal/bindings/AbstractBinding|>,2,|java+interface:///org/apache/tapestry5/Binding|>,
  <<|java+class:///org/apache/tapestry5/ioc/util/CaseInsensitiveMap|,|java+class:///java/util/AbstractMap|>,2,|java+interface:///java/util/Map|>,
  <<|java+class:///org/apache/tapestry5/internal/bindings/TargetBean|,|java+class:///org/apache/tapestry5/internal/bindings/DefaultComponent|>,2,|java+interface:///org/apache/tapestry5/runtime/Component|>,
  <<|java+interface:///org/apache/tapestry5/ioc/internal/InternalRegistry|,|java+interface:///org/apache/tapestry5/ioc/OperationTracker|>,2,|java+interface:///org/apache/tapestry5/ioc/OperationTracker|>,
  <<|java+class:///org/apache/tapestry5/internal/gzip/GZIPEnabledResponse|,|java+class:///javax/servlet/http/HttpServletResponseWrapper|>,2,|java+interface:///javax/servlet/http/HttpServletResponse|>,
  <<|java+class:///org/apache/tapestry5/runtime/ComponentEventException|,|java+class:///org/apache/tapestry5/ioc/internal/util/TapestryException|>,2,|java+class:///java/lang/RuntimeException|>,
  <<|java+class:///org/apache/tapestry5/validator/Email|,|java+class:///org/apache/tapestry5/validator/AbstractValidator|>,2,|java+interface:///org/apache/tapestry5/Validator|>,
  <<|java+class:///org/apache/tapestry5/internal/structure/ComponentPageElementImpl/BeforeRenderBodyPhase|,|java+class:///org/apache/tapestry5/internal/structure/ComponentPageElementImpl/AbstractPhase|>,2,|java+interface:///org/apache/tapestry5/runtime/RenderCommand|>,
  <<|java+class:///org/apache/tapestry5/AbstractOptionModel|,|java+interface:///org/apache/tapestry5/OptionModel|>,2,|java+interface:///org/apache/tapestry5/OptionModel|>,
  <<|java+class:///org/apache/tapestry5/internal/DefaultValidationDecorator|,|java+class:///org/apache/tapestry5/BaseValidationDecorator|>,2,|java+interface:///org/apache/tapestry5/services/PartialMarkupRendererFilter|>,
  <<|java+class:///org/apache/tapestry5/internal/services/FlashPersistentFieldStrategy|,|java+class:///org/apache/tapestry5/internal/services/AbstractSessionPersistentFieldStrategy|>,2,|java+interface:///org/apache/tapestry5/services/PersistentFieldStrategy|>,
  <<|java+class:///org/apache/tapestry5/ioc/internal/ServiceResourcesImpl|,|java+interface:///org/apache/tapestry5/ioc/ServiceBuilderResources|>,2,|java+interface:///org/apache/tapestry5/ioc/ServiceResources|>,
  <<|java+class:///org/apache/tapestry5/internal/bindings/DefaultComponent|,|java+interface:///org/apache/tapestry5/runtime/Component|>,2,|java+interface:///org/apache/tapestry5/runtime/Component|>,
  <<|java+class:///org/apache/tapestry5/corelib/base/AbstractField|,|java+interface:///org/apache/tapestry5/Field|>,2,|java+interface:///org/apache/tapestry5/Field|>,
  <<|java+interface:///org/apache/tapestry5/services/PropertyEditContext|,|java+interface:///org/apache/tapestry5/ioc/AnnotationProvider|>,2,|java+class:///java/lang/Object|>,
  <<|java+interface:///org/apache/tapestry5/ioc/Registry|,|java+interface:///org/apache/tapestry5/ioc/ObjectLocator|>,2,|java+interface:///org/apache/tapestry5/ioc/ObjectLocator|>,
  <<|java+class:///org/apache/tapestry5/validator/Regexp|,|java+class:///org/apache/tapestry5/validator/AbstractValidator|>,2,|java+interface:///org/apache/tapestry5/Validator|>,
  <<|java+class:///org/apache/tapestry5/internal/util/SelectModelRenderer|,|java+interface:///org/apache/tapestry5/SelectModelVisitor|>,2,|java+interface:///org/apache/tapestry5/SelectModelVisitor|>,
  <<|java+interface:///org/apache/tapestry5/internal/test/TestableRequest|,|java+interface:///org/apache/tapestry5/services/Request|>,2,|java+interface:///org/apache/tapestry5/services/Request|>,
  <<|java+class:///org/apache/tapestry5/ioc/internal/ServiceDecoratorFixture|,|java+class:///org/testng/Assert|>,2,|java+class:///java/lang/Object|>,
  <<|java+class:///org/apache/tapestry5/internal/services/AbstractSessionPersistentFieldStrategy|,|java+interface:///org/apache/tapestry5/services/PersistentFieldStrategy|>,2,|java+interface:///org/apache/tapestry5/services/PersistentFieldStrategy|>,
  <<|java+class:///org/apache/tapestry5/internal/structure/ComponentPageElementImpl/AfterRenderPhase|,|java+class:///org/apache/tapestry5/internal/structure/ComponentPageElementImpl/AbstractPhase|>,2,|java+interface:///org/apache/tapestry5/runtime/RenderCommand|>,
  <<|java+class:///org/apache/tapestry5/ioc/IntegrationTest|,|java+class:///org/apache/tapestry5/ioc/internal/IOCInternalTestCase|>,2,|java+class:///java/lang/Object|>,
  <<|java+class:///org/apache/tapestry5/dom/XMLMarkupModel|,|java+class:///org/apache/tapestry5/dom/AbstractMarkupModel|>,2,|java+interface:///org/apache/tapestry5/dom/MarkupModel|>,
  <<|java+interface:///org/apache/tapestry5/internal/services/InternalClassTransformation|,|java+interface:///org/apache/tapestry5/services/ClassTransformation|>,2,|java+class:///java/lang/Object|>,
  <<|java+interface:///org/apache/tapestry5/services/FormSupport|,|java+interface:///org/apache/tapestry5/ClientElement|>,2,|java+class:///java/lang/Object|>,
  <<|java+interface:///org/apache/tapestry5/ioc/internal/Module|,|java+interface:///org/apache/tapestry5/ioc/ModuleBuilderSource|>,2,|java+class:///java/lang/Object|>,
  <<|java+class:///org/apache/tapestry5/ioc/internal/ServiceBuilderMethodFixture|,|java+class:///org/testng/Assert|>,2,|java+class:///java/lang/Object|>,
  <<|java+class:///org/apache/tapestry5/internal/AbstractContributionDef|,|java+interface:///org/apache/tapestry5/ioc/def/ContributionDef|>,2,|java+interface:///org/apache/tapestry5/ioc/def/ContributionDef|>,
  <<|java+interface:///org/apache/tapestry5/ComponentResourcesCommon|,|java+interface:///org/apache/tapestry5/ioc/Locatable|>,2,|java+class:///java/lang/Object|>,
  <<|java+class:///org/apache/tapestry5/internal/structure/ComponentPageElementImpl/AfterRenderTemplatePhase|,|java+class:///org/apache/tapestry5/internal/structure/ComponentPageElementImpl/AbstractPhase|>,2,|java+interface:///org/apache/tapestry5/runtime/RenderCommand|>,
  <<|java+class:///org/apache/tapestry5/corelib/components/TextField|,|java+class:///org/apache/tapestry5/corelib/base/AbstractTextField|>,2,|java+interface:///org/apache/tapestry5/Field|>,
  <<|java+class:///org/apache/tapestry5/upload/components/Upload|,|java+class:///org/apache/tapestry5/corelib/base/AbstractField|>,2,|java+interface:///org/apache/tapestry5/Field|>,
  <<|java+class:///org/apache/tapestry5/ioc/internal/SingletonServiceLifecycle|,|java+interface:///org/apache/tapestry5/ioc/ServiceLifecycle2|>,2,|java+interface:///org/apache/tapestry5/ioc/ServiceLifecycle|>,
  <<|java+class:///org/apache/tapestry5/BaseValidationDecorator|,|java+interface:///org/apache/tapestry5/ValidationDecorator|>,2,|java+interface:///org/apache/tapestry5/ValidationDecorator|>,
  <<|java+class:///org/apache/tapestry5/ioc/internal/IOCInternalTestCase|,|java+class:///org/apache/tapestry5/ioc/test/IOCTestCase|>,2,|java+class:///org/apache/tapestry5/ioc/test/IOCTestCase|>,
  <<|java+interface:///org/apache/tapestry5/ioc/ServiceLifecycle2|,|java+interface:///org/apache/tapestry5/ioc/ServiceLifecycle|>,2,|java+interface:///org/apache/tapestry5/ioc/services/ServiceLifecycleSource|>,
  <<|java+class:///org/apache/tapestry5/internal/translator/BigIntegerNumericFormatter|,|java+class:///org/apache/tapestry5/internal/translator/BigTypesFormatter|>,2,|java+interface:///org/apache/tapestry5/internal/translator/NumericFormatter|>,
  <<|java+class:///org/apache/tapestry5/ioc/test/TestBase|,|java+class:///org/testng/Assert|>,2,|java+class:///java/lang/Object|>,
  <<|java+class:///org/apache/tapestry5/internal/translator/AbstractTranslator|,|java+interface:///org/apache/tapestry5/Translator|>,2,|java+interface:///org/apache/tapestry5/Translator|>,
  <<|java+class:///org/apache/tapestry5/ioc/internal/ConstructorServiceCreator|,|java+class:///org/apache/tapestry5/ioc/internal/AbstractServiceCreator|>,2,|java+interface:///org/apache/tapestry5/ioc/ObjectCreator|>,
  <<|java+class:///org/apache/tapestry5/ioc/internal/util/AbstractResource|,|java+interface:///org/apache/tapestry5/ioc/Resource|>,2,|java+interface:///org/apache/tapestry5/ioc/Resource|>,
  <<|java+class:///org/apache/tapestry5/ioc/test/IOCTestCase|,|java+class:///org/apache/tapestry5/ioc/test/TestBase|>,2,|java+class:///java/lang/Object|>,
  <<|java+class:///org/apache/tapestry5/internal/parser/CDATAToken|,|java+class:///org/apache/tapestry5/internal/parser/TemplateToken|>,2,|java+interface:///org/apache/tapestry5/ioc/Locatable|>,
  <<|java+class:///org/apache/tapestry5/ioc/internal/ServiceDefImpl|,|java+interface:///org/apache/tapestry5/ioc/def/ServiceDef2|>,2,|java+interface:///org/apache/tapestry5/ioc/def/ServiceDef|>,
  <<|java+class:///org/apache/tapestry5/internal/DefaultValidationDecorator|,|java+class:///org/apache/tapestry5/BaseValidationDecorator|>,2,|java+interface:///org/apache/tapestry5/services/MarkupRendererFilter|>,
  <<|java+class:///org/apache/tapestry5/internal/model/MutableComponentModelImpl|,|java+interface:///org/apache/tapestry5/model/MutableComponentModel|>,2,|java+interface:///org/apache/tapestry5/model/ComponentModel|>,
  <<|java+interface:///org/apache/tapestry5/internal/InternalComponentResources|,|java+interface:///org/apache/tapestry5/ComponentResources|>,2,|java+interface:///org/apache/tapestry5/ComponentResources|>,
  <<|java+interface:///org/apache/tapestry5/ioc/services/PropertyAdapter|,|java+interface:///org/apache/tapestry5/ioc/AnnotationProvider|>,2,|java+class:///java/lang/Object|>,
  <<|java+class:///org/apache/tapestry5/internal/parser/StartComponentToken|,|java+class:///org/apache/tapestry5/internal/parser/TemplateToken|>,2,|java+interface:///org/apache/tapestry5/ioc/Locatable|>,
  <<|java+interface:///org/apache/tapestry5/model/MutableComponentModel|,|java+interface:///org/apache/tapestry5/model/ComponentModel|>,2,|java+interface:///org/apache/tapestry5/model/ComponentModel|>,
  <<|java+interface:///org/apache/tapestry5/ioc/services/RegistryShutdownListener|,|java+interface:///java/util/EventListener|>,2,|java+class:///java/lang/Object|>,
  <<|java+class:///org/apache/tapestry5/internal/services/ContextResource|,|java+class:///org/apache/tapestry5/ioc/internal/util/AbstractResource|>,2,|java+class:///java/lang/Object|>,
  <<|java+class:///org/apache/tapestry5/internal/parser/StartElementToken|,|java+class:///org/apache/tapestry5/internal/parser/TemplateToken|>,2,|java+interface:///org/apache/tapestry5/ioc/Locatable|>,
  <<|java+class:///org/apache/tapestry5/ioc/internal/util/ClasspathResource|,|java+class:///org/apache/tapestry5/ioc/internal/util/AbstractResource|>,2,|java+class:///java/lang/Object|>,
  <<|java+class:///org/apache/tapestry5/internal/bindings/RenderVariableBinding|,|java+class:///org/apache/tapestry5/internal/bindings/AbstractBinding|>,2,|java+interface:///org/apache/tapestry5/Binding|>,
  <<|java+class:///org/apache/tapestry5/corelib/components/ActionLink|,|java+class:///org/apache/tapestry5/corelib/base/AbstractComponentEventLink|>,2,|java+class:///java/lang/Object|>,
  <<|java+class:///org/apache/tapestry5/ioc/internal/ConstructorServiceCreator|,|java+class:///org/apache/tapestry5/ioc/internal/AbstractServiceCreator|>,2,|java+interface:///org/apache/tapestry5/ioc/internal/ObjectCreatorSource|>,
  <<|java+class:///org/apache/tapestry5/dom/AbstractMarkupModel|,|java+interface:///org/apache/tapestry5/dom/MarkupModel|>,2,|java+interface:///org/apache/tapestry5/dom/MarkupModel|>,
  <<|java+class:///org/apache/tapestry5/internal/bindings/AbstractBinding|,|java+class:///org/apache/tapestry5/ioc/BaseLocatable|>,2,|java+class:///java/lang/Object|>,
  <<|java+class:///org/apache/tapestry5/integration/app1/services/MusicLibraryParser/Handler|,|java+class:///org/xml/sax/helpers/DefaultHandler|>,2,|java+interface:///org/xml/sax/EntityResolver|>,
  <<|java+interface:///org/apache/tapestry5/ioc/ServiceLifecycle2|,|java+interface:///org/apache/tapestry5/ioc/ServiceLifecycle|>,2,|java+interface:///org/apache/tapestry5/ioc/ServiceLifecycle|>,
  <<|java+class:///org/apache/tapestry5/internal/services/StringHolder|,|java+class:///org/apache/tapestry5/internal/util/Holder|>,2,|java+class:///java/lang/Object|>,
  <<|java+class:///org/apache/tapestry5/internal/structure/ComponentPageElementImpl/BeforeRenderTemplatePhase|,|java+class:///org/apache/tapestry5/internal/structure/ComponentPageElementImpl/AbstractPhase|>,2,|java+interface:///org/apache/tapestry5/runtime/RenderCommand|>,
  <<|java+class:///org/apache/tapestry5/services/DelegatingRequest|,|java+interface:///org/apache/tapestry5/services/Request|>,2,|java+interface:///org/apache/tapestry5/services/Request|>,
  <<|java+class:///org/apache/tapestry5/internal/structure/BlockImpl|,|java+class:///org/apache/tapestry5/ioc/BaseLocatable|>,2,|java+class:///java/lang/Object|>,
  <<|java+class:///org/apache/tapestry5/validator/Max|,|java+class:///org/apache/tapestry5/validator/AbstractValidator|>,2,|java+interface:///org/apache/tapestry5/Validator|>,
  <<|java+interface:///org/apache/tapestry5/Field|,|java+interface:///org/apache/tapestry5/ClientElement|>,2,|java+class:///java/lang/Object|>,
  <<|java+class:///org/apache/tapestry5/ioc/internal/util/DefenseTest|,|java+class:///org/apache/tapestry5/ioc/test/TestBase|>,2,|java+class:///java/lang/Object|>,
  <<|java+class:///org/apache/tapestry5/corelib/internal/FormSupportImpl|,|java+interface:///org/apache/tapestry5/corelib/internal/InternalFormSupport|>,2,|java+interface:///org/apache/tapestry5/services/FormSupport|>,
  <<|java+class:///org/apache/tapestry5/ioc/BaseLocatableTest/LocatableFixture|,|java+class:///org/apache/tapestry5/ioc/BaseLocatable|>,2,|java+interface:///org/apache/tapestry5/ioc/Locatable|>,
  <<|java+interface:///org/apache/tapestry5/ioc/ServiceResources|,|java+interface:///org/apache/tapestry5/ioc/ObjectLocator|>,2,|java+class:///java/lang/Object|>,
  <<|java+class:///org/apache/tapestry5/test/TapestryTestCase|,|java+class:///org/apache/tapestry5/ioc/test/IOCTestCase|>,2,|java+class:///java/lang/Object|>,
  <<|java+class:///org/apache/tapestry5/internal/test/TestableRequestImpl|,|java+interface:///org/apache/tapestry5/internal/test/TestableRequest|>,2,|java+interface:///org/apache/tapestry5/services/Request|>,
  <<|java+class:///org/apache/tapestry5/ioc/internal/DefaultModuleDefImpl|,|java+interface:///org/apache/tapestry5/ioc/def/ModuleDef2|>,2,|java+interface:///org/apache/tapestry5/ioc/def/ModuleDef|>,
  <<|java+class:///org/apache/tapestry5/ioc/internal/ServiceBuilderMethodInvoker|,|java+class:///org/apache/tapestry5/ioc/internal/AbstractServiceCreator|>,2,|java+interface:///org/apache/tapestry5/ioc/ObjectCreator|>,
  <<|java+class:///org/apache/tapestry5/corelib/base/AbstractComponentEventLink|,|java+class:///org/apache/tapestry5/corelib/base/AbstractLink|>,2,|java+class:///java/lang/Object|>,
  <<|java+class:///org/apache/tapestry5/ioc/internal/ServiceResourcesImpl|,|java+class:///org/apache/tapestry5/ioc/internal/ObjectLocatorImpl|>,2,|java+interface:///org/apache/tapestry5/ioc/Invokable|>,
  <<|java+class:///org/apache/tapestry5/internal/services/MapMessages|,|java+class:///org/apache/tapestry5/ioc/util/AbstractMessages|>,2,|java+interface:///org/apache/tapestry5/ioc/Messages|>,
  <<|java+interface:///org/apache/tapestry5/runtime/ComponentEvent|,|java+interface:///org/apache/tapestry5/runtime/Event|>,2,|java+class:///java/lang/Object|>,
  <<|java+class:///org/apache/tapestry5/validator/Required|,|java+class:///org/apache/tapestry5/validator/AbstractValidator|>,2,|java+interface:///org/apache/tapestry5/Validator|>,
  <<|java+class:///org/apache/tapestry5/dom/DefaultMarkupModel|,|java+class:///org/apache/tapestry5/dom/AbstractMarkupModel|>,2,|java+interface:///org/apache/tapestry5/dom/MarkupModel|>,
  <<|java+class:///org/apache/tapestry5/corelib/components/TextArea|,|java+class:///org/apache/tapestry5/corelib/base/AbstractTextField|>,2,|java+interface:///org/apache/tapestry5/Field|>,
  <<|java+class:///org/apache/tapestry5/corelib/components/Select/Renderer|,|java+class:///org/apache/tapestry5/internal/util/SelectModelRenderer|>,2,|java+interface:///org/apache/tapestry5/SelectModelVisitor|>,
  <<|java+class:///org/apache/tapestry5/ioc/internal/util/MessagesImpl|,|java+class:///org/apache/tapestry5/ioc/util/AbstractMessages|>,2,|java+interface:///org/apache/tapestry5/ioc/Messages|>,
  <<|java+interface:///org/apache/tapestry5/ioc/ServiceResources|,|java+interface:///org/apache/tapestry5/ioc/ObjectLocator|>,2,|java+interface:///org/apache/tapestry5/ioc/ObjectLocator|>,
  <<|java+interface:///org/apache/tapestry5/ioc/ServiceLifecycle2|,|java+interface:///org/apache/tapestry5/ioc/ServiceLifecycle|>,2,|java+interface:///org/apache/tapestry5/ioc/Invokable|>,
  <<|java+class:///org/apache/tapestry5/internal/parser/TemplateToken|,|java+class:///org/apache/tapestry5/ioc/BaseLocatable|>,2,|java+class:///java/lang/Object|>,
  <<|java+interface:///org/apache/tapestry5/ComponentResources|,|java+interface:///org/apache/tapestry5/ComponentResourcesCommon|>,2,|java+class:///java/lang/Object|>,
  <<|java+interface:///org/apache/tapestry5/PropertyConduit|,|java+interface:///org/apache/tapestry5/ioc/AnnotationProvider|>,2,|java+class:///java/lang/Object|>,
  <<|java+interface:///org/apache/tapestry5/model/MutableEmbeddedComponentModel|,|java+interface:///org/apache/tapestry5/model/EmbeddedComponentModel|>,2,|java+class:///java/lang/Object|>,
  <<|java+class:///org/apache/tapestry5/internal/TapestryInternalUtilsTest|,|java+class:///org/apache/tapestry5/internal/test/InternalBaseTestCase|>,2,|java+class:///java/lang/Object|>,
  <<|java+class:///org/apache/tapestry5/ContentTypeTest|,|java+class:///org/testng/Assert|>,2,|java+class:///java/lang/Object|>,
  <<|java+class:///org/apache/tapestry5/internal/services/LiteralPropertyConduit|,|java+class:///org/apache/tapestry5/internal/services/BasePropertyConduit|>,2,|java+interface:///org/apache/tapestry5/PropertyConduit|>,
  <<|java+class:///org/apache/tapestry5/internal/bindings/ComponentBinding|,|java+class:///org/apache/tapestry5/internal/bindings/AbstractBinding|>,2,|java+interface:///org/apache/tapestry5/Binding|>,
  <<|java+class:///org/apache/tapestry5/validator/AbstractValidator|,|java+interface:///org/apache/tapestry5/Validator|>,2,|java+interface:///org/apache/tapestry5/Validator|>,
  <<|java+class:///org/apache/tapestry5/internal/util/Base64InputStream|,|java+class:///java/io/ByteArrayInputStream|>,2,|java+class:///java/io/InputStream|>,
  <<|java+interface:///org/apache/tapestry5/ioc/def/ModuleDef2|,|java+interface:///org/apache/tapestry5/ioc/def/ModuleDef|>,2,|java+interface:///org/apache/tapestry5/ioc/def/ModuleDef|>,
  <<|java+class:///org/apache/tapestry5/internal/bindings/AbstractBinding|,|java+interface:///org/apache/tapestry5/Binding|>,2,|java+interface:///org/apache/tapestry5/Binding|>,
  <<|java+class:///org/apache/tapestry5/internal/services/StringHolderBean|,|java+class:///org/apache/tapestry5/internal/services/GenericBean|>,2,|java+class:///java/lang/Object|>,
  <<|java+class:///org/apache/tapestry5/upload/internal/services/ParametersServletRequestWrapper|,|java+class:///javax/servlet/http/HttpServletRequestWrapper|>,2,|java+interface:///javax/servlet/http/HttpServletRequest|>,
  <<|java+class:///org/apache/tapestry5/ioc/internal/util/TapestryException|,|java+class:///java/lang/RuntimeException|>,2,|java+class:///java/lang/RuntimeException|>,
  <<|java+class:///org/apache/tapestry5/internal/translator/BigTypesFormatter|,|java+interface:///org/apache/tapestry5/internal/translator/NumericFormatter|>,2,|java+interface:///org/apache/tapestry5/internal/translator/NumericFormatter|>,
  <<|java+class:///org/apache/tapestry5/internal/bindings/PropBinding|,|java+class:///org/apache/tapestry5/internal/bindings/AbstractBinding|>,2,|java+interface:///org/apache/tapestry5/Binding|>,
  <<|java+class:///org/apache/tapestry5/ioc/internal/IOCInternalTestCase|,|java+class:///org/apache/tapestry5/ioc/test/IOCTestCase|>,2,|java+class:///java/lang/Object|>,
  <<|java+class:///org/apache/tapestry5/internal/OptionModelImplTest|,|java+class:///org/testng/Assert|>,2,|java+class:///java/lang/Object|>,
  <<|java+class:///org/apache/tapestry5/internal/structure/ComponentPageElementImpl/BeginRenderPhase|,|java+class:///org/apache/tapestry5/internal/structure/ComponentPageElementImpl/AbstractPhase|>,2,|java+interface:///org/apache/tapestry5/runtime/RenderCommand|>,
  <<|java+class:///org/apache/tapestry5/internal/SelectModelImpl|,|java+class:///org/apache/tapestry5/util/AbstractSelectModel|>,2,|java+interface:///org/apache/tapestry5/SelectModel|>,
  <<|java+class:///org/apache/tapestry5/internal/services/ComponentTemplateSourceImpl|,|java+class:///org/apache/tapestry5/internal/event/InvalidationEventHubImpl|>,2,|java+interface:///org/apache/tapestry5/services/InvalidationEventHub|>,
  <<|java+class:///org/apache/tapestry5/corelib/components/PasswordField|,|java+class:///org/apache/tapestry5/corelib/base/AbstractTextField|>,2,|java+interface:///org/apache/tapestry5/Field|>,
  <<|java+interface:///org/apache/tapestry5/Binding|,|java+interface:///org/apache/tapestry5/ioc/AnnotationProvider|>,2,|java+class:///java/lang/Object|>,
  <<|java+class:///org/apache/tapestry5/internal/services/ContextResource|,|java+class:///org/apache/tapestry5/ioc/internal/util/AbstractResource|>,2,|java+interface:///org/apache/tapestry5/ioc/Resource|>,
  <<|java+class:///org/apache/tapestry5/internal/util/Base64OutputStream|,|java+class:///java/io/ByteArrayOutputStream|>,2,|java+class:///java/io/OutputStream|>,
  <<|java+class:///org/apache/tapestry5/ioc/internal/util/ClasspathResource|,|java+class:///org/apache/tapestry5/ioc/internal/util/AbstractResource|>,2,|java+interface:///org/apache/tapestry5/ioc/Resource|>,
  <<|java+class:///org/apache/tapestry5/internal/structure/ComponentPageElementImpl|,|java+class:///org/apache/tapestry5/ioc/BaseLocatable|>,2,|java+class:///java/lang/Object|>,
  <<|java+class:///org/apache/tapestry5/ioc/util/CaseInsensitiveMapTest|,|java+class:///org/testng/Assert|>,2,|java+class:///java/lang/Object|>,
  <<|java+class:///org/apache/tapestry5/ioc/BaseLocatable|,|java+interface:///org/apache/tapestry5/ioc/Locatable|>,2,|java+interface:///org/apache/tapestry5/ioc/Locatable|>,
  <<|java+interface:///org/apache/tapestry5/ComponentResourcesCommon|,|java+interface:///org/apache/tapestry5/ioc/Locatable|>,2,|java+interface:///org/apache/tapestry5/ioc/Locatable|>,
  <<|java+class:///org/apache/tapestry5/validator/MaxLength|,|java+class:///org/apache/tapestry5/validator/AbstractValidator|>,2,|java+interface:///org/apache/tapestry5/Validator|>,
  <<|java+interface:///org/apache/tapestry5/services/ClassTransformation|,|java+interface:///org/apache/tapestry5/ioc/AnnotationProvider|>,2,|java+class:///java/lang/Object|>,
  <<|java+class:///org/apache/tapestry5/internal/structure/ComponentPageElementImpl/AbstractPhase|,|java+interface:///org/apache/tapestry5/runtime/RenderCommand|>,2,|java+interface:///org/apache/tapestry5/runtime/RenderCommand|>,
  <<|java+class:///org/apache/tapestry5/internal/OptionModelImpl|,|java+class:///org/apache/tapestry5/AbstractOptionModel|>,2,|java+interface:///org/apache/tapestry5/OptionModel|>,
  <<|java+interface:///org/apache/tapestry5/services/FormSupport|,|java+interface:///org/apache/tapestry5/ClientElement|>,2,|java+interface:///org/apache/tapestry5/services/PartialMarkupRendererFilter|>,
  <<|java+class:///org/apache/tapestry5/internal/structure/InternalComponentResourcesImpl|,|java+interface:///org/apache/tapestry5/internal/InternalComponentResources|>,2,|java+interface:///org/apache/tapestry5/ComponentResources|>,
  <<|java+class:///org/apache/tapestry5/ioc/internal/services/AbstractInvocationTest/TestInvocation|,|java+class:///org/apache/tapestry5/ioc/internal/services/AbstractInvocation|>,2,|java+interface:///org/apache/tapestry5/ioc/Invocation|>,
  <<|java+class:///org/apache/tapestry5/dom/Element|,|java+class:///org/apache/tapestry5/dom/Node|>,2,|java+interface:///java/lang/Iterable|>,
  <<|java+class:///org/apache/tapestry5/corelib/components/DateField|,|java+class:///org/apache/tapestry5/corelib/base/AbstractField|>,2,|java+interface:///org/apache/tapestry5/Field|>,
  <<|java+interface:///org/apache/tapestry5/ioc/def/ServiceDef2|,|java+interface:///org/apache/tapestry5/ioc/def/ServiceDef|>,2,|java+interface:///org/apache/tapestry5/ioc/def/ServiceDef|>,
  <<|java+class:///org/apache/tapestry5/validator/MinLength|,|java+class:///org/apache/tapestry5/validator/AbstractValidator|>,2,|java+interface:///org/apache/tapestry5/Validator|>,
  <<|java+class:///org/apache/tapestry5/util/EnumSelectModel|,|java+class:///org/apache/tapestry5/util/AbstractSelectModel|>,2,|java+interface:///org/apache/tapestry5/SelectModel|>,
  <<|java+interface:///org/apache/tapestry5/ioc/ServiceBuilderResources|,|java+interface:///org/apache/tapestry5/ioc/ServiceResources|>,2,|java+interface:///org/apache/tapestry5/ioc/ObjectLocator|>,
  <<|java+class:///org/apache/tapestry5/corelib/components/Checkbox|,|java+class:///org/apache/tapestry5/corelib/base/AbstractField|>,2,|java+interface:///org/apache/tapestry5/Field|>,
  <<|java+interface:///org/apache/tapestry5/ioc/Registry|,|java+interface:///org/apache/tapestry5/ioc/ObjectLocator|>,2,|java+class:///java/lang/Object|>,
  <<|java+class:///org/apache/tapestry5/internal/translator/BigDecimalNumericFormatter|,|java+class:///org/apache/tapestry5/internal/translator/BigTypesFormatter|>,2,|java+interface:///org/apache/tapestry5/internal/translator/NumericFormatter|>,
  <<|java+class:///org/apache/tapestry5/internal/util/AutofocusValidationDecorator|,|java+class:///org/apache/tapestry5/internal/util/ValidationDecoratorWrapper|>,2,|java+interface:///org/apache/tapestry5/ValidationDecorator|>,
  <<|java+interface:///org/apache/tapestry5/model/MutableComponentModel|,|java+interface:///org/apache/tapestry5/model/ComponentModel|>,2,|java+class:///java/lang/Object|>,
  <<|java+class:///org/apache/tapestry5/ioc/internal/ValidatingMappedConfigurationWrapperTest|,|java+class:///org/apache/tapestry5/ioc/internal/IOCInternalTestCase|>,2,|java+class:///org/apache/tapestry5/ioc/test/IOCTestCase|>,
  <<|java+class:///org/apache/tapestry5/urlrewriter/SimpleRequestWrapper|,|java+class:///org/apache/tapestry5/services/DelegatingRequest|>,2,|java+interface:///org/apache/tapestry5/services/Request|>,
  <<|java+class:///org/apache/tapestry5/internal/services/ComponentInstantiatorSourceImpl|,|java+class:///org/apache/tapestry5/internal/event/InvalidationEventHubImpl|>,2,|java+interface:///org/apache/tapestry5/services/InvalidationEventHub|>,
  <<|java+interface:///org/apache/tapestry5/corelib/internal/InternalFormSupport|,|java+interface:///org/apache/tapestry5/services/FormSupport|>,2,|java+interface:///org/apache/tapestry5/services/FormSupport|>,
  <<|java+class:///org/apache/tapestry5/internal/parser/StartComponentToken|,|java+class:///org/apache/tapestry5/internal/parser/TemplateToken|>,2,|java+class:///java/lang/Object|>,
  <<|java+class:///org/apache/tapestry5/dom/Element|,|java+class:///org/apache/tapestry5/dom/Node|>,2,|java+interface:///org/apache/tapestry5/runtime/RenderCommand|>,
  <<|java+class:///org/apache/tapestry5/internal/services/PropertyExpressionException|,|java+class:///java/lang/RuntimeException|>,2,|java+class:///java/lang/Throwable|>,
  <<|java+class:///org/apache/tapestry5/internal/util/ValidationDecoratorWrapper|,|java+interface:///org/apache/tapestry5/ValidationDecorator|>,2,|java+interface:///org/apache/tapestry5/ValidationDecorator|>,
  <<|java+class:///org/apache/tapestry5/internal/bindings/LiteralBinding|,|java+class:///org/apache/tapestry5/internal/bindings/AbstractBinding|>,2,|java+interface:///org/apache/tapestry5/Binding|>,
  <<|java+class:///org/apache/tapestry5/internal/services/BasePropertyConduit|,|java+interface:///org/apache/tapestry5/PropertyConduit|>,2,|java+interface:///org/apache/tapestry5/PropertyConduit|>,
  <<|java+class:///org/example/upload/pages/Start|,|java+class:///org/example/upload/base/UploadBasePage|>,2,|java+class:///java/lang/Object|>,
  <<|java+class:///org/apache/tapestry5/ioc/util/CaseInsensitiveMap/EntrySet|,|java+class:///java/util/AbstractSet|>,2,|java+interface:///java/util/Set|>,
  <<|java+class:///org/apache/tapestry5/internal/parser/TextToken|,|java+class:///org/apache/tapestry5/internal/parser/TemplateToken|>,2,|java+interface:///org/apache/tapestry5/ioc/Locatable|>,
  <<|java+class:///org/apache/tapestry5/ioc/internal/util/TapestryException|,|java+class:///java/lang/RuntimeException|>,2,|java+class:///java/lang/Object|>,
  <<|java+class:///org/apache/tapestry5/ValidationTrackerImpl|,|java+class:///org/apache/tapestry5/BaseOptimizedSessionPersistedObject|>,2,|java+class:///java/lang/Object|>,
  <<|java+class:///org/apache/tapestry5/internal/bindings/AssetBinding|,|java+class:///org/apache/tapestry5/internal/bindings/AbstractBinding|>,2,|java+interface:///org/apache/tapestry5/Binding|>,
  <<|java+class:///org/apache/tapestry5/internal/util/IntegerRangeTest|,|java+class:///org/testng/Assert|>,2,|java+class:///java/lang/Object|>,
  <<|java+class:///org/apache/tapestry5/internal/translator/NumericTranslator|,|java+class:///org/apache/tapestry5/internal/translator/AbstractTranslator|>,2,|java+interface:///org/apache/tapestry5/Translator|>,
  <<|java+class:///org/apache/tapestry5/internal/translator/StringTranslator|,|java+class:///org/apache/tapestry5/internal/translator/AbstractTranslator|>,2,|java+interface:///org/apache/tapestry5/Translator|>,
  <<|java+interface:///org/apache/tapestry5/ioc/def/ServiceDef2|,|java+interface:///org/apache/tapestry5/ioc/def/ServiceDef|>,2,|java+class:///java/lang/Object|>,
  <<|java+class:///org/apache/tapestry5/internal/test/InternalBaseTestCase|,|java+class:///org/apache/tapestry5/test/TapestryTestCase|>,2,|java+class:///java/lang/Object|>,
  <<|java+interface:///org/apache/tapestry5/corelib/internal/InternalFormSupport|,|java+interface:///org/apache/tapestry5/services/FormSupport|>,2,|java+interface:///org/apache/tapestry5/services/PartialMarkupRendererFilter|>,
  <<|java+class:///org/apache/tapestry5/internal/event/InvalidationEventHubImpl|,|java+interface:///org/apache/tapestry5/services/InvalidationEventHub|>,2,|java+interface:///org/apache/tapestry5/services/InvalidationEventHub|>,
  <<|java+class:///org/apache/tapestry5/internal/structure/ComponentPageElementImpl/CleanupRenderPhase|,|java+class:///org/apache/tapestry5/internal/structure/ComponentPageElementImpl/AbstractPhase|>,2,|java+interface:///org/apache/tapestry5/runtime/RenderCommand|>,
  <<|java+class:///org/apache/tapestry5/ioc/internal/AbstractServiceCreator|,|java+interface:///org/apache/tapestry5/ioc/ObjectCreator|>,2,|java+interface:///org/apache/tapestry5/ioc/ObjectCreator|>,
  <<|java+class:///org/apache/tapestry5/corelib/components/Select|,|java+class:///org/apache/tapestry5/corelib/base/AbstractField|>,2,|java+interface:///org/apache/tapestry5/Field|>,
  <<|java+class:///org/apache/tapestry5/corelib/base/AbstractTextField|,|java+class:///org/apache/tapestry5/corelib/base/AbstractField|>,2,|java+interface:///org/apache/tapestry5/Field|>,
  <<|java+interface:///org/apache/tapestry5/model/EmbeddedComponentModel|,|java+interface:///org/apache/tapestry5/ioc/Locatable|>,2,|java+class:///java/lang/Object|>,
  <<|java+class:///org/apache/tapestry5/dom/Element|,|java+class:///org/apache/tapestry5/dom/Node|>,2,|java+class:///java/lang/Object|>,
  <<|java+class:///org/apache/tapestry5/validator/Min|,|java+class:///org/apache/tapestry5/validator/AbstractValidator|>,2,|java+interface:///org/apache/tapestry5/Validator|>,
  <<|java+class:///org/apache/tapestry5/json/JSONObjectTest|,|java+class:///org/testng/Assert|>,2,|java+class:///java/lang/Object|>
}