[
  <<|java+class:///org/apache/tapestry5/ioc/internal/util/OneShotLockTest|,|java+class:///org/apache/tapestry5/ioc/test/IOCTestCase|>,|java+class:///org/apache/tapestry5/ioc/internal/ContributionDefImplTest|>,
  <<|java+class:///org/apache/tapestry5/ioc/internal/IOCInternalTestCase|,|java+class:///org/apache/tapestry5/ioc/test/IOCTestCase|>,|java+class:///org/apache/tapestry5/ioc/internal/ContributionDefImplTest|>,
  <<|java+class:///org/apache/tapestry5/ioc/BaseLocatableTest|,|java+class:///org/apache/tapestry5/ioc/test/IOCTestCase|>,|java+class:///org/apache/tapestry5/ioc/internal/ContributionDefImplTest|>,
  <<|java+class:///org/apache/tapestry5/ioc/RegistryBuilderTest|,|java+class:///org/apache/tapestry5/ioc/test/IOCTestCase|>,|java+class:///org/apache/tapestry5/ioc/internal/ContributionDefImplTest|>,
  <<|java+class:///org/apache/tapestry5/ioc/services/MethodIteratorTest|,|java+class:///org/apache/tapestry5/ioc/test/IOCTestCase|>,|java+class:///org/apache/tapestry5/ioc/internal/ContributionDefImplTest|>,
  <<|java+class:///org/apache/tapestry5/internal/hibernate/HibernateSessionSourceImplTest|,|java+class:///org/apache/tapestry5/ioc/test/IOCTestCase|>,|java+class:///org/apache/tapestry5/ioc/internal/ContributionDefImplTest|>,
  <<|java+class:///org/apache/tapestry5/ioc/services/MethodSignatureTest|,|java+class:///org/apache/tapestry5/ioc/test/IOCTestCase|>,|java+class:///org/apache/tapestry5/ioc/internal/ContributionDefImplTest|>,
  <<|java+class:///org/apache/tapestry5/ioc/internal/util/MessagesImplTest|,|java+class:///org/apache/tapestry5/ioc/test/IOCTestCase|>,|java+class:///org/apache/tapestry5/ioc/internal/ContributionDefImplTest|>,
  <<|java+class:///org/apache/tapestry5/ioc/internal/util/LocalizedNameGeneratorTest|,|java+class:///org/apache/tapestry5/ioc/test/IOCTestCase|>,|java+class:///org/apache/tapestry5/ioc/internal/ContributionDefImplTest|>,
  <<|java+class:///org/apache/tapestry5/internal/hibernate/HibernateTransactionDecoratorImplTest|,|java+class:///org/apache/tapestry5/ioc/test/IOCTestCase|>,|java+class:///org/apache/tapestry5/ioc/internal/ContributionDefImplTest|>,
  <<|java+class:///org/apache/tapestry5/ioc/internal/services/ClassFabImplTest|,|java+class:///org/apache/tapestry5/ioc/test/IOCTestCase|>,|java+class:///org/apache/tapestry5/ioc/internal/ContributionDefImplTest|>,
  <<|java+class:///org/apache/tapestry5/ioc/internal/util/LocationImplTest|,|java+class:///org/apache/tapestry5/ioc/test/IOCTestCase|>,|java+class:///org/apache/tapestry5/ioc/internal/ContributionDefImplTest|>,
  <<|java+class:///org/apache/tapestry5/ioc/internal/services/ClassFactoryImplTest|,|java+class:///org/apache/tapestry5/ioc/test/IOCTestCase|>,|java+class:///org/apache/tapestry5/ioc/internal/ContributionDefImplTest|>,
  <<|java+class:///org/apache/tapestry5/ioc/services/ClassFabUtilsTest|,|java+class:///org/apache/tapestry5/ioc/test/IOCTestCase|>,|java+class:///org/apache/tapestry5/ioc/internal/ContributionDefImplTest|>,
  <<|java+class:///org/apache/tapestry5/internal/grid/CollectionGridDataSource|,|java+interface:///org/apache/tapestry5/grid/GridDataSource|>,|java+anonymousClass:///org/apache/tapestry5/integration/app1/pages/ShortGrid/getData()/$anonymous1|>,
  <<|java+class:///org/apache/tapestry5/internal/transform/InjectPageWorker|,|java+interface:///org/apache/tapestry5/services/ComponentClassTransformWorker|>,|java+class:///org/apache/tapestry5/internal/transform/RetainWorker|>,
  <<|java+class:///org/apache/tapestry5/MarkupWriterAdapter|,|java+interface:///org/apache/tapestry5/MarkupWriterListener|>,|java+anonymousClass:///org/apache/tapestry5/corelib/internal/HiddenFieldPositioner/$anonymous1|>,
  <<|java+class:///org/apache/tapestry5/corelib/components/Zone|,|java+interface:///org/apache/tapestry5/ClientElement|>,|java+class:///org/apache/tapestry5/corelib/components/FormFragment|>,
  <<|java+class:///org/apache/tapestry5/ioc/internal/SingletonServiceLifecycle|,|java+interface:///org/apache/tapestry5/ioc/ServiceLifecycle2|>,|java+anonymousClass:///org/apache/tapestry5/ioc/internal/util/InternalUtils/toServiceLifecycle2(org/apache/tapestry5/ioc/ServiceLifecycle)/$anonymous1|>,
  <<|java+class:///org/apache/tapestry5/internal/renderers/LocationRenderer|,|java+interface:///org/apache/tapestry5/services/ObjectRenderer|>,|java+anonymousClass:///org/apache/tapestry5/services/TapestryModule/contributeObjectRenderer(org/apache/tapestry5/ioc/MappedConfiguration,org/apache/tapestry5/services/ObjectRenderer,org/apache/tapestry5/ioc/services/TypeCoercer)/$anonymous2|>,
  <<|java+class:///org/apache/tapestry5/internal/services/RequestErrorFilter|,|java+interface:///org/apache/tapestry5/services/RequestFilter|>,|java+anonymousClass:///org/apache/tapestry5/tutorial/services/AppModule/buildTimingFilter(org/slf4j/Logger)/$anonymous1|>,
  <<|java+class:///org/apache/tapestry5/internal/renderers/EventContextRenderer|,|java+interface:///org/apache/tapestry5/services/ObjectRenderer|>,|java+anonymousClass:///org/apache/tapestry5/services/TapestryModule/contributeObjectRenderer(org/apache/tapestry5/ioc/MappedConfiguration,org/apache/tapestry5/services/ObjectRenderer,org/apache/tapestry5/ioc/services/TypeCoercer)/$anonymous2|>,
  <<|java+class:///org/apache/tapestry5/internal/services/ClientInfrastructureImpl|,|java+interface:///org/apache/tapestry5/services/ClientInfrastructure|>,|java+class:///org/apache/tapestry5/internal/services/EmptyClientInfrastructure|>,
  <<|java+class:///org/apache/tapestry5/internal/services/JSONArrayEventResultProcessor|,|java+interface:///org/apache/tapestry5/services/ComponentEventResultProcessor|>,|java+class:///org/apache/tapestry5/internal/services/ComponentInstanceResultProcessor|>,
  <<|java+class:///org/apache/tapestry5/internal/services/VirtualAssetDispatcher|,|java+interface:///org/apache/tapestry5/services/Dispatcher|>,|java+class:///org/apache/tapestry5/internal/services/PageRenderDispatcher|>,
  <<|java+interface:///org/apache/tapestry5/internal/structure/ComponentPageElementResources|,|java+interface:///org/apache/tapestry5/services/ContextValueEncoder|>,|java+class:///org/apache/tapestry5/internal/services/ContextValueEncoderImpl|>,
  <<|java+class:///org/apache/tapestry5/internal/bindings/NullFieldStrategyBindingFactory|,|java+interface:///org/apache/tapestry5/services/BindingFactory|>,|java+class:///org/apache/tapestry5/internal/bindings/LiteralBindingFactory|>,
  <<|java+class:///org/apache/tapestry5/internal/services/ClassResultProcessor|,|java+interface:///org/apache/tapestry5/services/ComponentEventResultProcessor|>,|java+class:///org/apache/tapestry5/internal/services/ComponentInstanceResultProcessor|>,
  <<|java+class:///org/apache/tapestry5/internal/services/ApplicationStackTraceElementAnalyzer|,|java+interface:///org/apache/tapestry5/services/StackTraceElementAnalyzer|>,|java+class:///org/apache/tapestry5/internal/services/PrefixCheckStackTraceElementAnalyzer|>,
  <<|java+class:///org/apache/tapestry5/internal/bindings/MessageBindingFactory|,|java+interface:///org/apache/tapestry5/services/BindingFactory|>,|java+class:///org/apache/tapestry5/internal/bindings/LiteralBindingFactory|>,
  <<|java+class:///org/apache/tapestry5/internal/services/RootPathDispatcher|,|java+interface:///org/apache/tapestry5/services/Dispatcher|>,|java+class:///org/apache/tapestry5/internal/services/PageRenderDispatcher|>,
  <<|java+class:///org/apache/tapestry5/internal/services/TypeCoercedValueEncoderFactory|,|java+interface:///org/apache/tapestry5/services/ValueEncoderFactory|>,|java+anonymousClass:///org/apache/tapestry5/hibernate/HibernateModule/contributeValueEncoderSource(org/apache/tapestry5/ioc/MappedConfiguration,boolean,org/apache/tapestry5/hibernate/HibernateSessionSource,org/hibernate/Session,org/apache/tapestry5/ioc/services/TypeCoercer,org/apache/tapestry5/ioc/services/PropertyAccess,org/apache/tapestry5/ioc/LoggerSource)/$anonymous1|>,
  <<|java+class:///org/apache/tapestry5/ioc/FailedFieldInjectionStringTransformer|,|java+interface:///org/apache/tapestry5/ioc/StringTransformer|>,|java+class:///org/apache/tapestry5/ioc/SymbolExpandingTransformer|>,
  <<|java+class:///org/apache/tapestry5/internal/util/SelectModelRenderer|,|java+interface:///org/apache/tapestry5/SelectModelVisitor|>,|java+anonymousClass:///org/apache/tapestry5/corelib/components/Palette/setupRender(org/apache/tapestry5/MarkupWriter)/$anonymous1|>,
  <<|java+class:///org/apache/tapestry5/corelib/components/LinkSubmit|,|java+interface:///org/apache/tapestry5/ClientElement|>,|java+class:///org/apache/tapestry5/corelib/components/FormFragment|>,
  <<|java+class:///org/apache/tapestry5/ioc/internal/MultipleConstructorsAutobuildService|,|java+interface:///org/apache/tapestry5/ioc/StringHolder|>,|java+anonymousClass:///org/apache/tapestry5/ioc/LocalModule/buildLocalGreeterHolder(org/apache/tapestry5/ioc/Greeter)/$anonymous1|>,
  <<|java+class:///org/apache/tapestry5/ioc/internal/services/AccessableObjectAnnotationProvider|,|java+interface:///org/apache/tapestry5/ioc/AnnotationProvider|>,|java+anonymousClass:///org/apache/tapestry5/internal/services/PropertyConduitSourceImpl/$anonymous2|>,
  <<|java+class:///org/apache/tapestry5/ioc/ServiceIdGreeter|,|java+interface:///org/apache/tapestry5/ioc/Greeter|>,|java+anonymousClass:///org/apache/tapestry5/ioc/GreeterModule/buildHelloGreeter()/$anonymous1|>,
  <<|java+class:///org/apache/tapestry5/internal/renderers/ObjectArrayRenderer|,|java+interface:///org/apache/tapestry5/services/ObjectRenderer|>,|java+anonymousClass:///org/apache/tapestry5/services/TapestryModule/contributeObjectRenderer(org/apache/tapestry5/ioc/MappedConfiguration,org/apache/tapestry5/services/ObjectRenderer,org/apache/tapestry5/ioc/services/TypeCoercer)/$anonymous2|>,
  <<|java+class:///org/apache/tapestry5/internal/services/ValidationConstraintGeneratorImpl|,|java+interface:///org/apache/tapestry5/services/ValidationConstraintGenerator|>,|java+class:///org/apache/tapestry5/internal/beaneditor/ValidateAnnotationConstraintGenerator|>,
  <<|java+class:///org/apache/tapestry5/internal/services/AbstractAsset|,|java+interface:///org/apache/tapestry5/Asset2|>,|java+anonymousClass:///org/apache/tapestry5/internal/TapestryInternalUtils/toAsset2(org/apache/tapestry5/Asset)/$anonymous1|>,
  <<|java+class:///org/apache/tapestry5/internal/services/JSONObjectEventResultProcessor|,|java+interface:///org/apache/tapestry5/services/ComponentEventResultProcessor|>,|java+class:///org/apache/tapestry5/internal/services/ComponentInstanceResultProcessor|>,
  <<|java+class:///org/apache/tapestry5/ioc/internal/ExceptionInConstructorServiceImpl|,|java+interface:///org/apache/tapestry5/ioc/Pingable|>,|java+class:///org/apache/tapestry5/ioc/UnbuildablePingable|>,
  <<|java+class:///org/apache/tapestry5/ioc/internal/ToUpperCaseStringHolder|,|java+interface:///org/apache/tapestry5/ioc/StringHolder|>,|java+anonymousClass:///org/apache/tapestry5/ioc/LocalModule/buildLocalGreeterHolder(org/apache/tapestry5/ioc/Greeter)/$anonymous1|>,
  <<|java+class:///org/apache/tapestry5/internal/services/StreamResponseResultProcessor|,|java+interface:///org/apache/tapestry5/services/ComponentEventResultProcessor|>,|java+class:///org/apache/tapestry5/internal/services/ComponentInstanceResultProcessor|>,
  <<|java+class:///org/apache/tapestry5/ioc/RedGreeterImpl|,|java+interface:///org/apache/tapestry5/ioc/Greeter|>,|java+anonymousClass:///org/apache/tapestry5/ioc/GreeterModule/buildHelloGreeter()/$anonymous1|>,
  <<|java+class:///org/apache/tapestry5/internal/services/URLRewriterRequestFilterTest/InternalURLRewriterRule|,|java+interface:///org/apache/tapestry5/urlrewriter/URLRewriterRule|>,|java+anonymousClass:///org/apache/tapestry5/integration/app5/services/AppModule/contributeURLRewriter(org/apache/tapestry5/ioc/OrderedConfiguration)/$anonymous4|>,
  <<|java+class:///org/apache/tapestry5/ioc/internal/services/MapSymbolProvider|,|java+interface:///org/apache/tapestry5/ioc/services/SymbolProvider|>,|java+class:///org/apache/tapestry5/ioc/internal/services/SystemPropertiesSymbolProvider|>,
  <<|java+class:///org/apache/tapestry5/internal/bindings/ContextBindingFactory|,|java+interface:///org/apache/tapestry5/services/BindingFactory|>,|java+class:///org/apache/tapestry5/internal/bindings/LiteralBindingFactory|>,
  <<|java+class:///org/apache/tapestry5/corelib/components/FormInjector|,|java+interface:///org/apache/tapestry5/ClientElement|>,|java+class:///org/apache/tapestry5/corelib/components/FormFragment|>,
  <<|java+class:///org/apache/tapestry5/corelib/components/Submit|,|java+interface:///org/apache/tapestry5/ClientElement|>,|java+class:///org/apache/tapestry5/corelib/components/FormFragment|>,
  <<|java+class:///org/apache/tapestry5/integration/app1/ChattyValidationDecorator|,|java+interface:///org/apache/tapestry5/ValidationDecorator|>,|java+class:///org/apache/tapestry5/BaseValidationDecorator|>,
  <<|java+class:///org/apache/tapestry5/ioc/internal/services/ValueObjectProvider|,|java+interface:///org/apache/tapestry5/ioc/ObjectProvider|>,|java+anonymousClass:///org/apache/tapestry5/ioc/internal/services/ServiceOverrideImpl/getServiceOverrideProvider()/$anonymous1|>,
  <<|java+class:///org/apache/tapestry5/internal/bindings/AssetBindingFactory|,|java+interface:///org/apache/tapestry5/services/BindingFactory|>,|java+class:///org/apache/tapestry5/internal/bindings/LiteralBindingFactory|>,
  <<|java+class:///org/apache/tapestry5/internal/transform/CachedWorker|,|java+interface:///org/apache/tapestry5/services/ComponentClassTransformWorker|>,|java+class:///org/apache/tapestry5/internal/transform/RetainWorker|>,
  <<|java+class:///org/apache/tapestry5/internal/hibernate/DefaultHibernateConfigurer|,|java+interface:///org/apache/tapestry5/hibernate/HibernateConfigurer|>,|java+anonymousClass:///org/apache/tapestry5/internal/hibernate/HibernateSessionSourceImplTest/get_configuration()/$anonymous1|>,
  <<|java+class:///org/apache/tapestry5/internal/services/AbstractSessionPersistentFieldStrategy|,|java+interface:///org/apache/tapestry5/services/PersistentFieldStrategy|>,|java+class:///org/apache/tapestry5/internal/services/ClientPersistentFieldStrategy|>,
  <<|java+class:///org/apache/tapestry5/internal/test/CaptureRenderedDocument|,|java+interface:///org/apache/tapestry5/services/MarkupRendererFilter|>,|java+anonymousClass:///org/apache/tapestry5/services/TapestryModule/contributeMarkupRenderer(org/apache/tapestry5/ioc/OrderedConfiguration,boolean,org/apache/tapestry5/Asset,boolean,java/lang/String,boolean,org/apache/tapestry5/ioc/services/SymbolSource,org/apache/tapestry5/services/AssetSource,org/apache/tapestry5/services/ClientDataEncoder,org/apache/tapestry5/services/ClientInfrastructure)/$anonymous6|>,
  <<|java+class:///org/apache/tapestry5/internal/services/RenderCommandComponentEventResultProcessor|,|java+interface:///org/apache/tapestry5/services/ComponentEventResultProcessor|>,|java+class:///org/apache/tapestry5/internal/services/ComponentInstanceResultProcessor|>,
  <<|java+class:///org/apache/tapestry5/ioc/CountingGreeterImpl|,|java+interface:///org/apache/tapestry5/ioc/Greeter|>,|java+anonymousClass:///org/apache/tapestry5/ioc/GreeterModule/buildHelloGreeter()/$anonymous1|>,
  <<|java+class:///org/apache/tapestry5/internal/services/BasePropertyConduit|,|java+interface:///org/apache/tapestry5/PropertyConduit|>,|java+class:///org/apache/tapestry5/internal/services/CoercingPropertyConduitWrapper|>,
  <<|java+class:///org/apache/tapestry5/internal/renderers/ComponentResourcesRenderer|,|java+interface:///org/apache/tapestry5/services/ObjectRenderer|>,|java+anonymousClass:///org/apache/tapestry5/services/TapestryModule/contributeObjectRenderer(org/apache/tapestry5/ioc/MappedConfiguration,org/apache/tapestry5/services/ObjectRenderer,org/apache/tapestry5/ioc/services/TypeCoercer)/$anonymous2|>,
  <<|java+class:///org/apache/tapestry5/internal/test/TestableCookieSinkSource|,|java+interface:///org/apache/tapestry5/internal/services/CookieSink|>,|java+anonymousClass:///org/apache/tapestry5/internal/services/InternalModule/buildCookieSink()/$anonymous1|>,
  <<|java+class:///org/apache/tapestry5/internal/structure/ComponentPageElementImpl/AbstractPhase|,|java+interface:///org/apache/tapestry5/runtime/RenderCommand|>,|java+anonymousClass:///org/apache/tapestry5/services/ajax/SingleZonePartialRendererFilter/renderMarkup(org/apache/tapestry5/MarkupWriter,org/apache/tapestry5/json/JSONObject,org/apache/tapestry5/services/PartialMarkupRenderer)/$anonymous1/render(org/apache/tapestry5/MarkupWriter,org/apache/tapestry5/runtime/RenderQueue)/$anonymous1|>,
  <<|java+class:///org/apache/tapestry5/ioc/internal/RegistryImpl|,|java+interface:///org/apache/tapestry5/ioc/Registry|>,|java+class:///org/apache/tapestry5/ioc/internal/RegistryWrapper|>,
  <<|java+class:///org/apache/tapestry5/internal/services/PageElementFactoryImpl/LiteralStringProvider|,|java+interface:///org/apache/tapestry5/internal/services/StringProvider|>,|java+anonymousClass:///org/apache/tapestry5/internal/services/PageElementFactoryImpl/parseAttributeExpansionExpression(java/lang/String,org/apache/tapestry5/ComponentResources,org/apache/tapestry5/ioc/Location)/$anonymous2|>,
  <<|java+class:///org/apache/tapestry5/internal/transform/InjectServiceWorker|,|java+interface:///org/apache/tapestry5/services/ComponentClassTransformWorker|>,|java+class:///org/apache/tapestry5/internal/transform/RetainWorker|>,
  <<|java+class:///org/apache/tapestry5/internal/transform/LogWorker|,|java+interface:///org/apache/tapestry5/services/ComponentClassTransformWorker|>,|java+class:///org/apache/tapestry5/internal/transform/RetainWorker|>,
  <<|java+class:///org/apache/tapestry5/internal/test/EndOfRequestCleanupFilter|,|java+interface:///org/apache/tapestry5/services/RequestFilter|>,|java+anonymousClass:///org/apache/tapestry5/tutorial/services/AppModule/buildTimingFilter(org/slf4j/Logger)/$anonymous1|>,
  <<|java+interface:///org/apache/tapestry5/services/BeanEditContext|,|java+interface:///org/apache/tapestry5/ioc/AnnotationProvider|>,|java+anonymousClass:///org/apache/tapestry5/internal/services/PropertyConduitSourceImpl/$anonymous2|>,
  <<|java+class:///org/apache/tapestry5/internal/spring/SpringModuleDef|,|java+interface:///org/apache/tapestry5/ioc/def/ModuleDef|>,|java+class:///org/apache/tapestry5/internal/SyntheticModuleDef|>,
  <<|java+class:///org/apache/tapestry5/internal/util/ValidationDecoratorWrapper|,|java+interface:///org/apache/tapestry5/ValidationDecorator|>,|java+class:///org/apache/tapestry5/BaseValidationDecorator|>,
  <<|java+class:///org/apache/tapestry5/util/IdentifyTransformer|,|java+interface:///org/apache/tapestry5/util/Transformer|>,|java+class:///org/apache/tapestry5/util/UppercaseTransformer|>,
  <<|java+class:///org/apache/tapestry5/ioc/internal/AbstractServiceCreator|,|java+interface:///org/apache/tapestry5/ioc/ObjectCreator|>,|java+anonymousClass:///org/apache/tapestry5/ioc/internal/services/ParallelExecutorImpl/invoke(java/lang/Class,org/apache/tapestry5/ioc/Invokable)/$anonymous1|>,
  <<|java+class:///org/apache/tapestry5/internal/services/PageNameComponentEventResultProcessor|,|java+interface:///org/apache/tapestry5/services/ComponentEventResultProcessor|>,|java+class:///org/apache/tapestry5/internal/services/ComponentInstanceResultProcessor|>,
  <<|java+class:///org/apache/tapestry5/internal/services/AjaxLinkComponentEventResultProcessor|,|java+interface:///org/apache/tapestry5/services/ComponentEventResultProcessor|>,|java+class:///org/apache/tapestry5/internal/services/ComponentInstanceResultProcessor|>,
  <<|java+class:///org/apache/tapestry5/internal/services/AjaxPageNameComponentEventResultProcessor|,|java+interface:///org/apache/tapestry5/services/ComponentEventResultProcessor|>,|java+class:///org/apache/tapestry5/internal/services/ComponentInstanceResultProcessor|>,
  <<|java+class:///org/apache/tapestry5/corelib/components/Radio|,|java+interface:///org/apache/tapestry5/Field|>,|java+class:///org/apache/tapestry5/corelib/base/AbstractField|>,
  <<|java+class:///org/apache/tapestry5/internal/AbstractContributionDef|,|java+interface:///org/apache/tapestry5/ioc/def/ContributionDef|>,|java+class:///org/apache/tapestry5/ioc/internal/ContributionDefImpl|>,
  <<|java+class:///org/apache/tapestry5/internal/services/PartialMarkupRendererTerminator|,|java+interface:///org/apache/tapestry5/services/PartialMarkupRenderer|>,|java+class:///org/apache/tapestry5/internal/services/PageRenderQueueImpl/Bridge|>,
  <<|java+class:///org/apache/tapestry5/corelib/components/BeanEditForm|,|java+interface:///org/apache/tapestry5/ClientElement|>,|java+class:///org/apache/tapestry5/corelib/components/FormFragment|>,
  <<|java+class:///org/apache/tapestry5/corelib/base/AbstractLink|,|java+interface:///org/apache/tapestry5/ClientElement|>,|java+class:///org/apache/tapestry5/corelib/components/FormFragment|>,
  <<|java+class:///org/apache/tapestry5/internal/renderers/RequestRenderer|,|java+interface:///org/apache/tapestry5/services/ObjectRenderer|>,|java+anonymousClass:///org/apache/tapestry5/services/TapestryModule/contributeObjectRenderer(org/apache/tapestry5/ioc/MappedConfiguration,org/apache/tapestry5/services/ObjectRenderer,org/apache/tapestry5/ioc/services/TypeCoercer)/$anonymous2|>,
  <<|java+class:///org/apache/tapestry5/ioc/UnknownColorGreeterImpl|,|java+interface:///org/apache/tapestry5/ioc/Greeter|>,|java+anonymousClass:///org/apache/tapestry5/ioc/GreeterModule/buildHelloGreeter()/$anonymous1|>,
  <<|java+class:///org/apache/tapestry5/util/ResponseWrapper|,|java+interface:///org/apache/tapestry5/services/Response|>,|java+class:///org/apache/tapestry5/internal/services/ResponseImpl|>,
  <<|java+interface:///org/apache/tapestry5/services/PropertyEditContext|,|java+interface:///org/apache/tapestry5/ioc/AnnotationProvider|>,|java+anonymousClass:///org/apache/tapestry5/internal/services/PropertyConduitSourceImpl/$anonymous2|>,
  <<|java+class:///org/apache/tapestry5/internal/bindings/PropBindingFactory|,|java+interface:///org/apache/tapestry5/services/BindingFactory|>,|java+class:///org/apache/tapestry5/internal/bindings/LiteralBindingFactory|>,
  <<|java+class:///org/apache/tapestry5/upload/internal/services/UploadExceptionFilter|,|java+interface:///org/apache/tapestry5/services/ComponentEventRequestFilter|>,|java+class:///org/apache/tapestry5/internal/services/AjaxFilter|>,
  <<|java+class:///org/apache/tapestry5/internal/transform/EnvironmentalWorker|,|java+interface:///org/apache/tapestry5/services/ComponentClassTransformWorker|>,|java+class:///org/apache/tapestry5/internal/transform/RetainWorker|>,
  <<|java+class:///org/apache/tapestry5/internal/transform/AbstractIncludeAssetWorker|,|java+interface:///org/apache/tapestry5/services/ComponentClassTransformWorker|>,|java+class:///org/apache/tapestry5/internal/transform/RetainWorker|>,
  <<|java+class:///org/apache/tapestry5/ioc/internal/services/ResourceSymbolProvider|,|java+interface:///org/apache/tapestry5/ioc/services/SymbolProvider|>,|java+class:///org/apache/tapestry5/ioc/internal/services/SystemPropertiesSymbolProvider|>,
  <<|java+class:///org/apache/tapestry5/corelib/components/Any|,|java+interface:///org/apache/tapestry5/ClientElement|>,|java+class:///org/apache/tapestry5/corelib/components/FormFragment|>,
  <<|java+class:///org/apache/tapestry5/internal/services/ProxiesStackTraceElementAnalyzer|,|java+interface:///org/apache/tapestry5/services/StackTraceElementAnalyzer|>,|java+class:///org/apache/tapestry5/internal/services/PrefixCheckStackTraceElementAnalyzer|>,
  <<|java+class:///org/apache/tapestry5/ioc/internal/IOCInternalTestCase|,|java+interface:///org/apache/tapestry5/ioc/Registry|>,|java+class:///org/apache/tapestry5/ioc/internal/RegistryWrapper|>,
  <<|java+class:///org/apache/tapestry5/internal/renderers/ListRenderer|,|java+interface:///org/apache/tapestry5/services/ObjectRenderer|>,|java+anonymousClass:///org/apache/tapestry5/services/TapestryModule/contributeObjectRenderer(org/apache/tapestry5/ioc/MappedConfiguration,org/apache/tapestry5/services/ObjectRenderer,org/apache/tapestry5/ioc/services/TypeCoercer)/$anonymous2|>,
  <<|java+class:///org/apache/tapestry5/internal/hibernate/CommitAfterWorker|,|java+interface:///org/apache/tapestry5/services/ComponentClassTransformWorker|>,|java+class:///org/apache/tapestry5/internal/transform/RetainWorker|>,
  <<|java+class:///org/apache/tapestry5/corelib/components/Form|,|java+interface:///org/apache/tapestry5/ClientElement|>,|java+class:///org/apache/tapestry5/corelib/components/FormFragment|>,
  <<|java+class:///org/apache/tapestry5/internal/services/AjaxPageClassComponentEventResultProcessor|,|java+interface:///org/apache/tapestry5/services/ComponentEventResultProcessor|>,|java+class:///org/apache/tapestry5/internal/services/ComponentInstanceResultProcessor|>,
  <<|java+class:///org/apache/tapestry5/internal/test/InternalBaseTestCase|,|java+interface:///org/apache/tapestry5/ioc/Registry|>,|java+class:///org/apache/tapestry5/ioc/internal/RegistryWrapper|>,
  <<|java+class:///org/apache/tapestry5/internal/transform/ParameterWorker|,|java+interface:///org/apache/tapestry5/services/ComponentClassTransformWorker|>,|java+class:///org/apache/tapestry5/internal/transform/RetainWorker|>,
  <<|java+class:///org/apache/tapestry5/ioc/util/AbstractMessages|,|java+interface:///org/apache/tapestry5/ioc/Messages|>,|java+class:///org/apache/tapestry5/internal/services/ValidationMessagesSourceImpl/ValidationMessages|>,
  <<|java+class:///org/apache/tapestry5/ioc/internal/DefaultModuleDefImpl|,|java+interface:///org/apache/tapestry5/ioc/def/ModuleDef2|>,|java+anonymousClass:///org/apache/tapestry5/ioc/internal/util/InternalUtils/toModuleDef2(org/apache/tapestry5/ioc/def/ModuleDef)/$anonymous1|>,
  <<|java+class:///org/apache/tapestry5/internal/services/AbstractInstantiator|,|java+interface:///org/apache/tapestry5/internal/services/Instantiator|>,|java+anonymousClass:///org/apache/tapestry5/internal/services/InternalClassTransformationImpl/createInstantiator()/$anonymous1|>,
  <<|java+class:///org/apache/tapestry5/internal/hibernate/HibernateEntityValueEncoder|,|java+interface:///org/apache/tapestry5/ValueEncoder|>,|java+class:///org/apache/tapestry5/util/EnumValueEncoder|>,
  <<|java+class:///org/apache/tapestry5/internal/spring/SpringBeanServiceDef|,|java+interface:///org/apache/tapestry5/ioc/def/ServiceDef2|>,|java+anonymousClass:///org/apache/tapestry5/ioc/internal/RegistryImpl/addBuiltin(java/lang/String,java/lang/Class,T)/$anonymous1|>,
  <<|java+class:///org/apache/tapestry5/internal/test/TestableCookieSinkSource|,|java+interface:///org/apache/tapestry5/internal/services/CookieSource|>,|java+anonymousClass:///org/apache/tapestry5/internal/services/InternalModule/buildCookieSource()/$anonymous1|>,
  <<|java+class:///org/apache/tapestry5/services/ajax/MultiZoneUpdateEventResultProcessor|,|java+interface:///org/apache/tapestry5/services/ComponentEventResultProcessor|>,|java+class:///org/apache/tapestry5/internal/services/ComponentInstanceResultProcessor|>,
  <<|java+class:///org/apache/tapestry5/internal/translator/BigTypesFormatter|,|java+interface:///org/apache/tapestry5/internal/translator/NumericFormatter|>,|java+class:///org/apache/tapestry5/internal/translator/NumericFormatterImpl|>,
  <<|java+class:///org/apache/tapestry5/internal/hibernate/PackageNameHibernateConfigurer|,|java+interface:///org/apache/tapestry5/hibernate/HibernateConfigurer|>,|java+anonymousClass:///org/apache/tapestry5/internal/hibernate/HibernateSessionSourceImplTest/get_configuration()/$anonymous1|>,
  <<|java+class:///org/apache/tapestry5/internal/services/ImmediateActionRenderResponseFilter|,|java+interface:///org/apache/tapestry5/services/ComponentEventRequestFilter|>,|java+class:///org/apache/tapestry5/internal/services/AjaxFilter|>,
  <<|java+class:///org/apache/tapestry5/ioc/internal/ServiceDefImpl|,|java+interface:///org/apache/tapestry5/ioc/def/ServiceDef2|>,|java+anonymousClass:///org/apache/tapestry5/ioc/internal/RegistryImpl/addBuiltin(java/lang/String,java/lang/Class,T)/$anonymous1|>,
  <<|java+class:///org/apache/tapestry5/internal/spring/StaticObjectCreator|,|java+interface:///org/apache/tapestry5/ioc/ObjectCreator|>,|java+anonymousClass:///org/apache/tapestry5/ioc/internal/services/ParallelExecutorImpl/invoke(java/lang/Class,org/apache/tapestry5/ioc/Invokable)/$anonymous1|>,
  <<|java+class:///org/apache/tapestry5/internal/util/StringRenderable|,|java+interface:///org/apache/tapestry5/Renderable|>,|java+anonymousClass:///org/apache/tapestry5/integration/app1/pages/RenderableDemo/getRenderable()/$anonymous1|>,
  <<|java+class:///org/apache/tapestry5/hibernate/HibernateGridDataSource|,|java+interface:///org/apache/tapestry5/grid/GridDataSource|>,|java+anonymousClass:///org/apache/tapestry5/integration/app1/pages/ShortGrid/getData()/$anonymous1|>,
  <<|java+class:///org/apache/tapestry5/internal/pageload/AssemblerContext|,|java+interface:///org/apache/tapestry5/internal/pageload/TokenStream|>,|java+class:///org/apache/tapestry5/internal/pageload/TokenStreamImpl|>
]