{
  <<|java+class:///fitlibrary/collection/CollectionTraverse|,|java+class:///fitlibrary/traverse/Traverse|>,2,|java+interface:///fitlibrary/traverse/Evaluator|>,
  <<|java+class:///fitlibrary/parser/lookup/ParseDelegation/DelegateObjectSuperParser|,|java+class:///fitlibrary/parser/lookup/ParseDelegation/AbstractDelegateObjectParser|>,2,|java+class:///fitlibrary/parser/DelegateParser|>,
  <<|java+class:///fitlibrary/parser/graphic/GraphicParser|,|java+class:///fitlibrary/parser/HtmlStructureParser|>,2,|java+interface:///fitlibrary/parser/Parser|>,
  <<|java+interface:///fitlibrary/runtime/RuntimeContext|,|java+interface:///fitlibrary/dynamicVariable/VariableResolver|>,2,|java+interface:///fitlibrary/dynamicVariable/VariableResolver|>,
  <<|java+class:///fitlibrary/specify/SequenceFixtureFlowUnderTest/LocalRowFixture|,|java+class:///fit/RowFixture|>,2,|java+class:///fit/Fixture|>,
  <<|java+class:///fitlibrary/object/DomainInjectionTraverse|,|java+class:///fitlibrary/traverse/Traverse|>,2,|java+interface:///fitlibrary/traverse/Evaluator|>,
  <<|java+class:///fitlibraryGeneric/list/ListParser2|,|java+class:///fitlibrary/parser/collection/ListParser|>,2,|java+interface:///fitlibrary/parser/lookup/ParserFactory|>,
  <<|java+class:///fitlibraryGeneric/list/NestingListSetUpTraverse|,|java+class:///fitlibrary/traverse/workflow/DoTraverse|>,2,|java+interface:///fitlibrary/traverse/Evaluator|>,
  <<|java+interface:///fitlibrary/traverse/workflow/DoEvaluator|,|java+interface:///fitlibrary/traverse/Evaluator|>,2,|java+interface:///fitlibrary/traverse/Evaluator|>,
  <<|java+class:///fitlibraryGeneric/list/ListSetUpTraverse2|,|java+class:///fitlibrary/traverse/workflow/DoTraverse|>,2,|java+interface:///fitlibrary/dynamicVariable/VariableResolver|>,
  <<|java+class:///fitlibrary/object/DomainObjectSetUpTraverse|,|java+class:///fitlibrary/traverse/Traverse|>,2,|java+class:///java/lang/Object|>,
  <<|java+class:///fitlibrary/collection/map/ListOfMapsTraverse|,|java+class:///fitlibrary/traverse/Traverse|>,2,|java+interface:///fitlibrary/traverse/Evaluator|>,
  <<|java+class:///fitlibrary/traverse/function/CombinationTraverse|,|java+class:///fitlibrary/traverse/function/FunctionTraverse|>,2,|java+interface:///fitlibrary/traverse/Evaluator|>,
  <<|java+class:///fitlibrary/specify/DoFixtureFlowUnderTest|,|java+class:///fitlibrary/DoFixture|>,2,|java+interface:///fitlibrary/dynamicVariable/VariableResolver|>,
  <<|java+class:///fitlibrary/DoFixture|,|java+interface:///fitlibrary/traverse/workflow/DoEvaluator|>,2,|java+interface:///fitlibrary/dynamicVariable/VariableResolver|>,
  <<|java+class:///fitbook/StartBuying|,|java+class:///fit/ActionFixture|>,2,|java+class:///fit/Fixture|>,
  <<|java+interface:///fitlibrary/runtime/RuntimeContextInternal|,|java+interface:///fitlibrary/runtime/RuntimeContext|>,2,|java+interface:///fitlibrary/dynamicVariable/VariableResolver|>,
  <<|java+class:///fitlibrary/differences/FolderRunnerGlobalFile|,|java+class:///fitlibrary/differences/FolderRunnerLocalFile|>,2,|java+interface:///fitlibrary/differences/LocalFile|>,
  <<|java+class:///fitlibrary/exception/classes/ConstructorNotVisible|,|java+class:///fitlibrary/exception/FitLibraryException|>,2,|java+class:///java/lang/Exception|>,
  <<|java+class:///fitlibrary/specify/TimesCombination|,|java+class:///fitlibrary/CombinationFixture|>,2,|java+class:///java/lang/Object|>,
  <<|java+class:///fitlibrary/parser/lookup/ParseDelegation/AbstractDelegateObjectParser|,|java+class:///fitlibrary/parser/DelegateParser|>,2,|java+class:///fitlibrary/parser/DelegateParser|>,
  <<|java+class:///fitlibrary/GridFixture|,|java+class:///fitlibrary/FitLibraryFixture|>,2,|java+class:///java/lang/Object|>,
  <<|java+class:///fitbook/SetUpDiscounts|,|java+class:///fitlibrary/SetUpFixture|>,2,|java+class:///fitlibrary/DoFixture|>,
  <<|java+class:///fitlibrary/exception/FitLibraryException|,|java+class:///java/lang/RuntimeException|>,2,|java+class:///java/lang/Throwable|>,
  <<|java+class:///rps/transactionItems/ReturnItemsTransactionItem|,|java+class:///rps/transactionItems/ClientTransactionItem|>,2,|java+class:///rps/transactionItems/TransactionItem|>,
  <<|java+class:///fitlibrary/traverse/Traverse|,|java+interface:///fitlibrary/traverse/Evaluator|>,2,|java+interface:///fitlibrary/traverse/Evaluator|>,
  <<|java+interface:///fitlibrary/traverse/Evaluator|,|java+interface:///fitlibrary/traverse/RuntimeContextual|>,2,|java+interface:///fitlibrary/traverse/DomainAdapter|>,
  <<|java+class:///fitlibrary/definedAction/DefinedAction|,|java+class:///fitlibrary/definedAction/DefinedMultiAction|>,2,|java+class:///java/lang/Object|>,
  <<|java+class:///fitlibrary/specify/parser/ParserUnderTest|,|java+class:///fitlibrary/DoFixture|>,2,|java+class:///java/lang/Object|>,
  <<|java+class:///fit/TypeAdapterTest/TestFixture|,|java+class:///fit/ColumnFixture|>,2,|java+class:///fit/Fixture|>,
  <<|java+class:///fitlibrary/SetUpFixture|,|java+class:///fitlibrary/DoFixture|>,2,|java+class:///fit/Fixture|>,
  <<|java+class:///fit/decorator/performance/TimeBasedFixtureDecorator|,|java+class:///fit/decorator/FixtureDecorator|>,2,|java+class:///fit/Fixture|>,
  <<|java+interface:///fitlibrary/traverse/workflow/FlowEvaluator|,|java+interface:///fitlibrary/traverse/workflow/DoEvaluator|>,2,|java+class:///java/lang/Object|>,
  <<|java+class:///rent/CalculateRefund2/Refund|,|java+class:///fitlibrary/CalculateFixture|>,2,|java+class:///fit/Fixture|>,
  <<|java+class:///fitlibrary/specify/SetUpFixtureUnderTest2222|,|java+class:///fitlibrary/SetUpFixture|>,2,|java+class:///fitlibrary/DoFixture|>,
  <<|java+class:///fitlibrary/FitLibraryFixture|,|java+class:///fit/Fixture|>,2,|java+class:///fit/Fixture|>,
  <<|java+class:///fitlibrary/exception/classes/NoNullaryConstructor|,|java+class:///fitlibrary/exception/FitLibraryException|>,2,|java+class:///java/lang/Exception|>,
  <<|java+class:///fitlibrary/traverse/function/FunctionTraverse|,|java+class:///fitlibrary/traverse/Traverse|>,2,|java+class:///fitlibrary/traverse/Traverse|>,
  <<|java+interface:///fitlibrary/traverse/workflow/special/SpecialActionContext|,|java+interface:///fitlibrary/traverse/Evaluator|>,2,|java+interface:///fitlibrary/dynamicVariable/VariableResolver|>,
  <<|java+class:///rps/transactionItems/AcceptBookingTransactionItem|,|java+class:///rps/transactionItems/ClientTransactionItem|>,2,|java+class:///rps/transactionItems/TransactionItem|>,
  <<|java+class:///fit/TypeAdapter/ClassLongAdapter|,|java+class:///fit/TypeAdapter|>,2,|java+class:///fit/TypeAdapter|>,
  <<|java+class:///rps/transactionItems/BookTransactionItem|,|java+class:///rps/transactionItems/ClientTransactionItem|>,2,|java+class:///rps/transactionItems/TransactionItem|>,
  <<|java+class:///fitlibrary/traverse/Traverse|,|java+interface:///fitlibrary/traverse/Evaluator|>,2,|java+interface:///fitlibrary/dynamicVariable/VariableResolver|>,
  <<|java+interface:///fitlibrary/table/Tables|,|java+interface:///fitlibrary/table/TableElement|>,2,|java+class:///java/lang/Object|>,
  <<|java+class:///fit/exception/FitFailureException|,|java+class:///java/lang/RuntimeException|>,2,|java+class:///java/lang/Throwable|>,
  <<|java+class:///fit/TypeAdapter/ClassIntegerAdapter|,|java+class:///fit/TypeAdapter|>,2,|java+class:///fit/TypeAdapter|>,
  <<|java+class:///rps/transactionItems/AddHireItemTypeTransactionItem|,|java+class:///rps/transactionItems/TransactionItem|>,2,|java+class:///java/lang/Object|>,
  <<|java+class:///rps/transactionItems/ChangePeriodOfBookingTransactionItem|,|java+class:///rps/transactionItems/ClientTransactionItem|>,2,|java+class:///rps/transactionItems/TransactionItem|>,
  <<|java+class:///fitlibrary/dynamicVariable/GlobalDynamicVariables|,|java+class:///fitlibrary/dynamicVariable/DynamicVariablesMap|>,2,|java+interface:///fitlibrary/dynamicVariable/DynamicVariables|>,
  <<|java+class:///fit/TypeAdapter/BooleanAdapter|,|java+class:///fit/TypeAdapter/ClassBooleanAdapter|>,2,|java+class:///fit/TypeAdapter|>,
  <<|java+class:///fitlibrary/exception/FitLibraryExceptionInHtml|,|java+class:///fitlibrary/exception/FitLibraryException|>,2,|java+class:///java/lang/Exception|>,
  <<|java+class:///fitlibrary/CollectionFixture|,|java+class:///fitlibrary/FitLibraryFixture|>,2,|java+class:///fit/Fixture|>,
  <<|java+class:///fitlibrary/parser/table/TableParser|,|java+class:///fitlibrary/parser/HtmlStructureParser|>,2,|java+interface:///fitlibrary/parser/lookup/ParserFactory|>,
  <<|java+class:///fitlibrary/specify/References/SetUpAccounts|,|java+class:///fitlibrary/SetUpFixture|>,2,|java+class:///fitlibrary/DoFixture|>,
  <<|java+class:///fitlibrary/exception/method/MissingMethodException|,|java+class:///fitlibrary/exception/FitLibraryExceptionInHtml|>,2,|java+class:///java/lang/Exception|>,
  <<|java+interface:///fitlibrary/traverse/RuntimeContextual|,|java+interface:///fitlibrary/traverse/DomainAdapter|>,2,|java+class:///java/lang/Object|>,
  <<|java+class:///fit/TypeAdapter/ClassFloatAdapter|,|java+class:///fit/TypeAdapter|>,2,|java+class:///fit/TypeAdapter|>,
  <<|java+class:///fitlibrary/collection/map/ListOfMapsTraverse|,|java+class:///fitlibrary/traverse/Traverse|>,2,|java+interface:///fitlibrary/dynamicVariable/VariableResolver|>,
  <<|java+class:///fitlibrary/DoFixture|,|java+interface:///fitlibrary/traverse/workflow/DoEvaluator|>,2,|java+interface:///fitlibrary/traverse/Evaluator|>,
  <<|java+interface:///fitlibrary/dynamicVariable/DynamicVariables|,|java+interface:///fitlibrary/dynamicVariable/VariableResolver|>,2,|java+interface:///fitlibrary/dynamicVariable/VariableResolver|>,
  <<|java+class:///fitlibrary/ImageFixture|,|java+class:///fitlibrary/GridFixture|>,2,|java+class:///fit/Fixture|>,
  <<|java+class:///fitlibrary/traverse/function/CalculateTraverse|,|java+class:///fitlibrary/traverse/function/FunctionTraverse|>,2,|java+class:///fitlibrary/traverse/Traverse|>,
  <<|java+class:///fitlibrary/differences/FitLibraryRunnerDifference|,|java+class:///fitlibrary/differences/FolderRunnerDifference|>,2,|java+interface:///fitlibrary/differences/DifferenceInterface|>,
  <<|java+class:///fit/TypeAdapter/ShortAdapter|,|java+class:///fit/TypeAdapter/ClassShortAdapter|>,2,|java+class:///fit/TypeAdapter|>,
  <<|java+class:///fit/TypeAdapter/ClassShortAdapter|,|java+class:///fit/TypeAdapter|>,2,|java+class:///fit/TypeAdapter|>,
  <<|java+class:///fitlibraryGeneric/list/ListSetUpTraverse2|,|java+class:///fitlibrary/traverse/workflow/DoTraverse|>,2,|java+interface:///fitlibrary/traverse/Evaluator|>,
  <<|java+class:///fitlibrary/object/DomainInjectionTraverse|,|java+class:///fitlibrary/traverse/Traverse|>,2,|java+interface:///fitlibrary/dynamicVariable/VariableResolver|>,
  <<|java+class:///fitlibrary/SetFixture|,|java+class:///fitlibrary/CollectionFixture|>,2,|java+class:///fit/Fixture|>,
  <<|java+class:///fitlibrary/parser/tree/TreeParser|,|java+class:///fitlibrary/parser/HtmlStructureParser|>,2,|java+interface:///fitlibrary/parser/lookup/ParserFactory|>,
  <<|java+class:///fitlibrary/runtime/RuntimeContextContainer|,|java+interface:///fitlibrary/runtime/RuntimeContextInternal|>,2,|java+interface:///fitlibrary/dynamicVariable/VariableResolver|>,
  <<|java+class:///fitlibrary/definedAction/DefinedActionTraverse|,|java+class:///fitlibrary/traverse/Traverse|>,2,|java+interface:///fitlibrary/dynamicVariable/VariableResolver|>,
  <<|java+class:///fitlibrary/spec/matcher/FitLabelMatcher|,|java+class:///fitlibrary/spec/matcher/Matcher|>,2,|java+interface:///fitlibrary/spec/PipeLine|>,
  <<|java+class:///fitlibrary/exception/method/AmbiguousNameException|,|java+class:///fitlibrary/exception/FitLibraryExceptionWithHelp|>,2,|java+class:///java/lang/Exception|>,
  <<|java+class:///fitlibrary/ParamRowFixture|,|java+class:///fit/RowFixture|>,2,|java+class:///fit/Fixture|>,
  <<|java+class:///fitlibrary/collection/CollectionTraverse|,|java+class:///fitlibrary/traverse/Traverse|>,2,|java+interface:///fitlibrary/dynamicVariable/VariableResolver|>,
  <<|java+class:///fitlibrary/parser/lookup/LookupPropertyEditorBasedParser/CharPropertyEditor|,|java+class:///java/beans/PropertyEditorSupport|>,2,|java+interface:///java/beans/PropertyEditor|>,
  <<|java+interface:///fitlibrary/traverse/workflow/DoEvaluator|,|java+interface:///fitlibrary/traverse/Evaluator|>,2,|java+interface:///fitlibrary/dynamicVariable/VariableResolver|>,
  <<|java+class:///rps/person/Client|,|java+class:///rps/person/Person|>,2,|java+class:///java/lang/Object|>,
  <<|java+class:///fitbook/CalculateCredit4/Calculate|,|java+class:///fitlibrary/CalculateFixture|>,2,|java+class:///fit/Fixture|>,
  <<|java+class:///fitlibrary/ConstraintFixture|,|java+class:///fitlibrary/FunctionFixture|>,2,|java+class:///java/lang/Object|>,
  <<|java+class:///fitlibrary/traverse/function/ConstraintTraverse|,|java+class:///fitlibrary/traverse/function/FunctionTraverse|>,2,|java+interface:///fitlibrary/dynamicVariable/VariableResolver|>,
  <<|java+class:///fitlibrary/specify/References/SetUpAccountRefs|,|java+class:///fitlibrary/SetUpFixture|>,2,|java+class:///fitlibrary/DoFixture|>,
  <<|java+class:///fitbook/StartListing/ItemRowFixture|,|java+class:///fit/RowFixture|>,2,|java+class:///fit/Fixture|>,
  <<|java+class:///fitlibrary/differences/FolderRunnerLocalFile|,|java+interface:///fitlibrary/differences/LocalFile|>,2,|java+interface:///fitlibrary/differences/LocalFile|>,
  <<|java+class:///fitlibrary/spec/SpecifyFixture|,|java+class:///fitlibrary/traverse/Traverse|>,2,|java+interface:///fitlibrary/dynamicVariable/VariableResolver|>,
  <<|java+class:///fit/TypeAdapter/DoubleAdapter|,|java+class:///fit/TypeAdapter/ClassDoubleAdapter|>,2,|java+class:///fit/TypeAdapter|>,
  <<|java+class:///fitlibrary/dynamicVariable/GlobalDynamicVariables|,|java+class:///fitlibrary/dynamicVariable/DynamicVariablesMap|>,2,|java+interface:///fitlibrary/dynamicVariable/VariableResolver|>,
  <<|java+class:///fitlibrary/parser/lookup/LookupPropertyEditorBasedParser/ClassPropertyEditor|,|java+class:///java/beans/PropertyEditorSupport|>,2,|java+interface:///java/beans/PropertyEditor|>,
  <<|java+interface:///fitlibrary/table/Cell|,|java+interface:///fitlibrary/table/Tables|>,2,|java+class:///java/lang/Object|>,
  <<|java+class:///fitlibrary/collection/CollectionSetUpTraverse|,|java+class:///fitlibrary/traverse/workflow/DoTraverse|>,2,|java+class:///java/lang/Object|>,
  <<|java+class:///fitlibrary/DoFixture|,|java+class:///fitlibrary/FitLibraryFixture|>,2,|java+class:///java/lang/Object|>,
  <<|java+class:///fitbook/CalculateDiscounts2|,|java+class:///fitlibrary/CalculateFixture|>,2,|java+class:///fit/Fixture|>,
  <<|java+class:///fit/TypeAdapter/ClassDoubleAdapter|,|java+class:///fit/TypeAdapter|>,2,|java+class:///fit/TypeAdapter|>,
  <<|java+class:///fit/specify/MyColumnFixture|,|java+class:///fit/ColumnFixture|>,2,|java+class:///fit/Fixture|>,
  <<|java+class:///rps/transactionItems/RentalTransactionItem|,|java+class:///rps/transactionItems/ClientTransactionItem|>,2,|java+class:///java/lang/Object|>,
  <<|java+class:///CalculateCredit3|,|java+class:///fitlibrary/CalculateFixture|>,2,|java+class:///fit/Fixture|>,
  <<|java+class:///fitlibrary/DomainObjectSetUpFixture|,|java+class:///fitlibrary/FitLibraryFixture|>,2,|java+class:///java/lang/Object|>,
  <<|java+interface:///fitlibrary/batch/resultsOut/SuiteResult|,|java+interface:///fitlibrary/batch/trinidad/TestResult|>,2,|java+interface:///fitlibrary/batch/trinidad/TestResult|>,
  <<|java+class:///fitlibrary/collection/map/MapSetUpTraverse|,|java+class:///fitlibrary/traverse/Traverse|>,2,|java+interface:///fitlibrary/traverse/Evaluator|>,
  <<|java+class:///fitlibrary/CalculateFixture|,|java+class:///fitlibrary/FunctionFixture|>,2,|java+class:///java/lang/Object|>,
  <<|java+class:///fitlibrary/closure/ConstantMethodTarget|,|java+class:///fitlibrary/closure/CalledMethodTarget|>,2,|java+interface:///fitlibrary/closure/ICalledMethodTarget|>,
  <<|java+class:///fitlibrary/traverse/function/RuleTable|,|java+class:///fitlibrary/traverse/Traverse|>,2,|java+interface:///fitlibrary/traverse/Evaluator|>,
  <<|java+class:///fitlibrary/traverse/workflow/SetVariableTraverse|,|java+class:///fitlibrary/traverse/Traverse|>,2,|java+interface:///fitlibrary/dynamicVariable/VariableResolver|>,
  <<|java+class:///fitlibrary/SubsetFixture|,|java+class:///fitlibrary/CollectionFixture|>,2,|java+class:///fit/Fixture|>,
  <<|java+class:///fitlibrary/object/DomainCheckTraverse|,|java+class:///fitlibrary/traverse/Traverse|>,2,|java+class:///java/lang/Object|>,
  <<|java+class:///fitlibrary/FunctionFixture|,|java+class:///fitlibrary/FitLibraryFixture|>,2,|java+class:///fit/Fixture|>,
  <<|java+class:///fitlibrary/DefineAction|,|java+class:///fitlibrary/traverse/Traverse|>,2,|java+interface:///fitlibrary/dynamicVariable/VariableResolver|>,
  <<|java+class:///fitlibraryGeneric/set/SetParser2|,|java+class:///fitlibrary/parser/collection/SetParser|>,2,|java+interface:///fitlibrary/parser/lookup/ParserFactory|>,
  <<|java+interface:///fitlibrary/traverse/Evaluator|,|java+interface:///fitlibrary/dynamicVariable/VariableResolver|>,2,|java+interface:///fitlibrary/dynamicVariable/VariableResolver|>,
  <<|java+class:///fitlibrary/SequenceFixture|,|java+class:///fitlibrary/DoFixture|>,2,|java+class:///java/lang/Object|>,
  <<|java+class:///fitbook/SetUpDiscounts|,|java+class:///fitlibrary/SetUpFixture|>,2,|java+class:///fit/Fixture|>,
  <<|java+class:///fit/decorator/performance/TimeRange|,|java+class:///fit/decorator/performance/TimeBasedFixtureDecorator|>,2,|java+class:///fit/Fixture|>,
  <<|java+class:///fitlibrary/object/DomainObjectCheckTraverse|,|java+class:///fitlibrary/traverse/Traverse|>,2,|java+class:///java/lang/Object|>,
  <<|java+class:///fitlibrary/traverse/function/RuleTable|,|java+class:///fitlibrary/traverse/Traverse|>,2,|java+interface:///fitlibrary/dynamicVariable/VariableResolver|>,
  <<|java+interface:///fitlibrary/flow/IScopeStack|,|java+interface:///fitlibrary/flow/IScope|>,2,|java+interface:///fitlibrary/flow/IScope|>,
  <<|java+class:///fit/ScientificDouble|,|java+class:///java/lang/Number|>,2,|java+class:///java/lang/Object|>,
  <<|java+class:///fitlibrary/SetUpFixture|,|java+class:///fitlibrary/DoFixture|>,2,|java+class:///fitlibrary/DoFixture|>,
  <<|java+class:///rent/CalculateRefund/Refund|,|java+class:///fit/ColumnFixture|>,2,|java+class:///fit/Fixture|>,
  <<|java+class:///fit/TypeAdapter/ByteAdapter|,|java+class:///fit/TypeAdapter/ClassByteAdapter|>,2,|java+class:///fit/TypeAdapter|>,
  <<|java+class:///fitlibraryGeneric/set/NestingSetTraverse|,|java+class:///fitlibrary/traverse/Traverse|>,2,|java+interface:///fitlibrary/traverse/Evaluator|>,
  <<|java+class:///fitlibrary/specify/SequenceFixtureFlowUnderTest/MyColumnFixture|,|java+class:///fit/ColumnFixture|>,2,|java+class:///fit/Fixture|>,
  <<|java+class:///fitlibrary/exception/FitLibraryExceptionWithHelp|,|java+class:///fitlibrary/exception/FitLibraryException|>,2,|java+class:///java/lang/Exception|>,
  <<|java+class:///fitlibrary/specify/DoFixtureFlowUnderTest/LocalRowFixture|,|java+class:///fit/RowFixture|>,2,|java+class:///fit/Fixture|>,
  <<|java+class:///fitlibrary/closure/CalledMethodTarget|,|java+interface:///fitlibrary/closure/ICalledMethodTarget|>,2,|java+interface:///fitlibrary/closure/ICalledMethodTarget|>,
  <<|java+interface:///fitlibrary/traverse/RuntimeContextual|,|java+interface:///fitlibrary/traverse/DomainAdapter|>,2,|java+interface:///fitlibrary/traverse/DomainAdapter|>,
  <<|java+class:///fit/ActionFixture|,|java+class:///fit/Fixture|>,2,|java+class:///fit/Fixture|>,
  <<|java+class:///fitlibrary/spec/filter/StackTraceFilter|,|java+class:///fitlibrary/spec/filter/Filter|>,2,|java+interface:///fitlibrary/spec/PipeLine|>,
  <<|java+class:///fit/ColumnFixture|,|java+class:///fit/Fixture|>,2,|java+class:///fit/Fixture|>,
  <<|java+class:///rps/transactionItems/ChangeDeliveryTransactionItem|,|java+class:///rps/transactionItems/ClientTransactionItem|>,2,|java+class:///rps/transactionItems/TransactionItem|>,
  <<|java+class:///fitlibrary/traverse/workflow/caller/MultiDefinedActionRunnerTraverse|,|java+class:///fitlibrary/traverse/Traverse|>,2,|java+interface:///fitlibrary/dynamicVariable/VariableResolver|>,
  <<|java+interface:///fitlibrary/table/Table|,|java+interface:///fitlibrary/table/TableElement|>,2,|java+class:///java/lang/Object|>,
  <<|java+class:///fitlibrary/traverse/function/ConstraintTraverse|,|java+class:///fitlibrary/traverse/function/FunctionTraverse|>,2,|java+interface:///fitlibrary/traverse/Evaluator|>,
  <<|java+class:///rps/transactionItems/RentalTransactionItem|,|java+class:///rps/transactionItems/ClientTransactionItem|>,2,|java+class:///rps/transactionItems/TransactionItem|>,
  <<|java+class:///fitlibrary/tableOnParse/TablesOnParse|,|java+class:///fitlibrary/tableOnParse/TableElementOnParse|>,2,|java+class:///java/lang/Object|>,
  <<|java+class:///fit/TypeAdapter/ClassByteAdapter|,|java+class:///fit/TypeAdapter|>,2,|java+class:///fit/TypeAdapter|>,
  <<|java+class:///fitlibrary/spec/filter/Filter|,|java+interface:///fitlibrary/spec/PipeLine|>,2,|java+interface:///fitlibrary/spec/PipeLine|>,
  <<|java+class:///fitlibraryGeneric/list/NestingListSetUpTraverse|,|java+class:///fitlibrary/traverse/workflow/DoTraverse|>,2,|java+class:///fitlibrary/traverse/Traverse|>,
  <<|java+class:///fitlibrary/exception/FitLibraryShowException|,|java+class:///fitlibrary/exception/FitLibraryException|>,2,|java+class:///java/lang/Throwable|>,
  <<|java+class:///rps/transactionItems/ClientTransactionItem|,|java+class:///rps/transactionItems/TransactionItem|>,2,|java+class:///rps/transactionItems/TransactionItem|>,
  <<|java+class:///fitlibrary/parser/graphic/GraphicParser|,|java+class:///fitlibrary/parser/HtmlStructureParser|>,2,|java+interface:///fitlibrary/parser/lookup/ParserFactory|>,
  <<|java+class:///fitlibrary/traverse/function/CalculateTraverse|,|java+class:///fitlibrary/traverse/function/FunctionTraverse|>,2,|java+interface:///fitlibrary/dynamicVariable/VariableResolver|>,
  <<|java+class:///fitlibrary/object/DomainCheckTraverse|,|java+class:///fitlibrary/traverse/Traverse|>,2,|java+interface:///fitlibrary/traverse/Evaluator|>,
  <<|java+class:///fitlibrary/traverse/Traverse|,|java+interface:///fitlibrary/traverse/Evaluator|>,2,|java+interface:///fitlibrary/traverse/DomainAdapter|>,
  <<|java+class:///fitlibrary/object/DomainObjectCheckTraverse|,|java+class:///fitlibrary/traverse/Traverse|>,2,|java+interface:///fitlibrary/dynamicVariable/VariableResolver|>,
  <<|java+class:///fitlibrary/traverse/function/RuleTable|,|java+class:///fitlibrary/traverse/Traverse|>,2,|java+class:///java/lang/Object|>,
  <<|java+class:///fit/TypeAdapter/CharAdapter|,|java+class:///fit/TypeAdapter/ClassCharacterAdapter|>,2,|java+class:///fit/TypeAdapter|>,
  <<|java+class:///fitlibrary/traverse/workflow/DoTraverse|,|java+interface:///fitlibrary/traverse/workflow/FlowEvaluator|>,2,|java+interface:///fitlibrary/dynamicVariable/VariableResolver|>,
  <<|java+class:///fit/TypeAdapter/ClassBooleanAdapter|,|java+class:///fit/TypeAdapter|>,2,|java+class:///fit/TypeAdapter|>,
  <<|java+class:///CalculateCredit4/Calculate|,|java+class:///fitlibrary/CalculateFixture|>,2,|java+class:///fit/Fixture|>,
  <<|java+class:///fitlibrary/traverse/workflow/caller/MultiDefinedActionRunnerTraverse|,|java+class:///fitlibrary/traverse/Traverse|>,2,|java+class:///java/lang/Object|>,
  <<|java+class:///fitlibrary/spec/SpecifySuiteFixture|,|java+class:///fitlibrary/spec/SpecifyFixture|>,2,|java+interface:///fitlibrary/dynamicVariable/VariableResolver|>,
  <<|java+class:///rps/transactionItems/CancelBookingTransactionitem|,|java+class:///rps/transactionItems/ClientTransactionItem|>,2,|java+class:///rps/transactionItems/TransactionItem|>,
  <<|java+class:///fitlibrary/xref/CrossReferenceFixture|,|java+class:///fitlibrary/traverse/Traverse|>,2,|java+interface:///fitlibrary/dynamicVariable/VariableResolver|>,
  <<|java+class:///fitlibrary/exception/table/RowWrongWidthException|,|java+class:///fitlibrary/exception/FitLibraryException|>,2,|java+class:///java/lang/Throwable|>,
  <<|java+class:///fitlibrary/collection/map/MapTraverse|,|java+class:///fitlibrary/traverse/Traverse|>,2,|java+interface:///fitlibrary/dynamicVariable/VariableResolver|>,
  <<|java+class:///fit/TypeAdapter/ClassCharacterAdapter|,|java+class:///fit/TypeAdapter|>,2,|java+class:///fit/TypeAdapter|>,
  <<|java+class:///fitlibrary/differences/FolderRunnerDifference|,|java+interface:///fitlibrary/differences/DifferenceInterface|>,2,|java+interface:///fitlibrary/differences/DifferenceInterface|>,
  <<|java+class:///fitlibrary/runner/CustomRunnerException|,|java+class:///java/lang/RuntimeException|>,2,|java+class:///java/lang/Exception|>,
  <<|java+class:///fitlibraryGeneric/list/NestingListTraverse|,|java+class:///fitlibrary/traverse/Traverse|>,2,|java+interface:///fitlibrary/traverse/Evaluator|>,
  <<|java+class:///fitlibrary/collection/array/ArrayTraverse|,|java+class:///fitlibrary/traverse/Traverse|>,2,|java+interface:///fitlibrary/traverse/Evaluator|>,
  <<|java+class:///rent/StartApplication|,|java+class:///fitlibrary/DoFixture|>,2,|java+interface:///fitlibrary/traverse/Evaluator|>,
  <<|java+class:///fit/decorator/performance/MaxTime|,|java+class:///fit/decorator/performance/TimeBasedFixtureDecorator|>,2,|java+class:///fit/Fixture|>,
  <<|java+class:///fitlibrary/DomainFixture|,|java+class:///fitlibrary/DoFixture|>,2,|java+class:///java/lang/Object|>,
  <<|java+class:///fitlibrary/traverse/function/FunctionTraverse|,|java+class:///fitlibrary/traverse/Traverse|>,2,|java+interface:///fitlibrary/traverse/Evaluator|>,
  <<|java+class:///fitlibrary/collection/CollectionSetUpTraverse|,|java+class:///fitlibrary/traverse/workflow/DoTraverse|>,2,|java+interface:///fitlibrary/traverse/Evaluator|>,
  <<|java+class:///fitlibrary/collection/set/SetTraverse|,|java+class:///fitlibrary/collection/CollectionTraverse|>,2,|java+interface:///fitlibrary/dynamicVariable/VariableResolver|>,
  <<|java+class:///fitlibrary/FunctionFixture|,|java+class:///fitlibrary/FitLibraryFixture|>,2,|java+class:///java/lang/Object|>,
  <<|java+class:///fitlibrary/traverse/GridTraverse|,|java+class:///fitlibrary/traverse/Traverse|>,2,|java+interface:///fitlibrary/traverse/Evaluator|>,
  <<|java+class:///rps/person/StaffMember|,|java+class:///rps/person/Person|>,2,|java+class:///java/lang/Object|>,
  <<|java+class:///fitlibrary/dynamicVariable/DynamicVariablesMap|,|java+interface:///fitlibrary/dynamicVariable/DynamicVariables|>,2,|java+interface:///fitlibrary/dynamicVariable/DynamicVariables|>,
  <<|java+class:///fitlibrary/traverse/workflow/RandomSelectTraverse|,|java+class:///fitlibrary/traverse/Traverse|>,2,|java+interface:///fitlibrary/dynamicVariable/VariableResolver|>,
  <<|java+class:///rps/transactionItems/AccountPaymentTransactionItem|,|java+class:///rps/transactionItems/ClientTransactionItem|>,2,|java+class:///rps/transactionItems/TransactionItem|>,
  <<|java+class:///fit/TypeAdapter/FloatAdapter|,|java+class:///fit/TypeAdapter/ClassFloatAdapter|>,2,|java+class:///fit/TypeAdapter|>,
  <<|java+class:///fitlibrary/traverse/function/FunctionTraverse|,|java+class:///fitlibrary/traverse/Traverse|>,2,|java+interface:///fitlibrary/dynamicVariable/VariableResolver|>,
  <<|java+class:///fitlibrary/collection/set/SetTraverse|,|java+class:///fitlibrary/collection/CollectionTraverse|>,2,|java+interface:///fitlibrary/traverse/Evaluator|>,
  <<|java+class:///fitlibrary/CalculateFixture|,|java+class:///fitlibrary/FunctionFixture|>,2,|java+class:///fit/Fixture|>,
  <<|java+class:///fitlibrary/spec/matcher/Matcher|,|java+class:///fitlibrary/spec/filter/Filter|>,2,|java+interface:///fitlibrary/spec/PipeLine|>,
  <<|java+class:///fitlibrary/exception/FitLibraryExceptionWithHelp|,|java+class:///fitlibrary/exception/FitLibraryException|>,2,|java+class:///java/lang/Throwable|>,
  <<|java+class:///StartBuying|,|java+class:///fit/ActionFixture|>,2,|java+class:///fit/Fixture|>,
  <<|java+class:///fitlibrary/collection/map/MapTraverse|,|java+class:///fitlibrary/traverse/Traverse|>,2,|java+interface:///fitlibrary/traverse/Evaluator|>,
  <<|java+class:///fitlibrary/spec/SpecifyFixture|,|java+class:///fitlibrary/traverse/Traverse|>,2,|java+interface:///fitlibrary/traverse/ShowAfter|>,
  <<|java+class:///fitlibrary/parser/HtmlStructureParser|,|java+interface:///fitlibrary/parser/HtmlParser|>,2,|java+interface:///fitlibrary/parser/Parser|>,
  <<|java+class:///fitlibrary/traverse/workflow/DoTraverse|,|java+class:///fitlibrary/traverse/Traverse|>,2,|java+class:///java/lang/Object|>,
  <<|java+class:///fitlibrary/exception/table/NestedTableExpectedException|,|java+class:///fitlibrary/exception/FitLibraryException|>,2,|java+class:///java/lang/Throwable|>,
  <<|java+class:///fitlibrary/object/DomainCheckTraverse|,|java+class:///fitlibrary/traverse/Traverse|>,2,|java+interface:///fitlibrary/dynamicVariable/VariableResolver|>,
  <<|java+class:///fitlibraryGeneric/list/ListSetUpTraverse2|,|java+class:///fitlibrary/traverse/workflow/DoTraverse|>,2,|java+class:///fitlibrary/traverse/Traverse|>,
  <<|java+class:///fitlibraryGeneric/map/MapParser2|,|java+class:///fitlibrary/parser/collection/MapParser|>,2,|java+interface:///fitlibrary/parser/lookup/ParserFactory|>,
  <<|java+class:///fitlibrary/traverse/function/CalculateTraverse|,|java+class:///fitlibrary/traverse/function/FunctionTraverse|>,2,|java+interface:///fitlibrary/traverse/Evaluator|>,
  <<|java+class:///fitlibrary/DoFixture|,|java+class:///fitlibrary/FitLibraryFixture|>,2,|java+class:///fit/Fixture|>,
  <<|java+class:///fit/TypeAdapter/DelegateObjectAdapter|,|java+class:///fit/TypeAdapter|>,2,|java+class:///java/lang/Object|>,
  <<|java+class:///fitlibrary/traverse/workflow/DoTraverse|,|java+interface:///fitlibrary/traverse/workflow/FlowEvaluator|>,2,|java+interface:///fitlibrary/traverse/Evaluator|>,
  <<|java+class:///fitlibrary/object/DomainObjectCheckTraverse|,|java+class:///fitlibrary/traverse/Traverse|>,2,|java+interface:///fitlibrary/traverse/Evaluator|>,
  <<|java+class:///fitlibrary/tableOnParse/CellOnParse|,|java+class:///fitlibrary/tableOnParse/TablesOnParse|>,2,|java+class:///java/lang/Object|>,
  <<|java+class:///rps/transactionItems/ClientTransactionItem|,|java+class:///rps/transactionItems/TransactionItem|>,2,|java+class:///java/lang/Object|>,
  <<|java+class:///fitlibrary/DomainObjectCheckFixture|,|java+class:///fitlibrary/FitLibraryFixture|>,2,|java+class:///java/lang/Object|>,
  <<|java+class:///fit/TypeAdapter/DelegateClassAdapter|,|java+class:///fit/TypeAdapter|>,2,|java+class:///java/lang/Object|>,
  <<|java+class:///fitlibrary/parser/lookup/ParseDelegation/DelegateObjectParser|,|java+class:///fitlibrary/parser/lookup/ParseDelegation/AbstractDelegateObjectParser|>,2,|java+class:///fitlibrary/parser/DelegateParser|>,
  <<|java+interface:///fitlibrary/table/Cell|,|java+interface:///fitlibrary/table/Tables|>,2,|java+interface:///fitlibrary/table/TableElement|>,
  <<|java+class:///fit/exception/FitParseException|,|java+class:///java/text/ParseException|>,2,|java+class:///java/lang/Exception|>,
  <<|java+class:///SetUpDiscounts|,|java+class:///fitlibrary/SetUpFixture|>,2,|java+class:///fit/Fixture|>,
  <<|java+class:///fitlibrary/exception/AbandonException|,|java+class:///java/lang/RuntimeException|>,2,|java+class:///java/lang/Exception|>,
  <<|java+class:///fitbook/ChatStart|,|java+class:///fitlibrary/DoFixture|>,2,|java+class:///java/lang/Object|>,
  <<|java+class:///fitlibrary/batch/resultsOut/ParallelSuiteResult|,|java+interface:///fitlibrary/batch/resultsOut/SuiteResult|>,2,|java+interface:///fitlibrary/batch/trinidad/TestResult|>,
  <<|java+class:///fitlibrary/tableOnParse/RowOnParse|,|java+class:///fitlibrary/tableOnParse/TableElementOnParse|>,2,|java+class:///java/lang/Object|>,
  <<|java+class:///rent/FairChargeWithColumn|,|java+class:///fit/ColumnFixture|>,2,|java+class:///fit/Fixture|>,
  <<|java+class:///fitlibrary/exception/classes/NoNullaryConstructor|,|java+class:///fitlibrary/exception/FitLibraryException|>,2,|java+class:///java/lang/Throwable|>,
  <<|java+class:///fitlibrary/parser/lookup/LookupPropertyEditorBasedParser/BooleanPropertyEditor|,|java+class:///java/beans/PropertyEditorSupport|>,2,|java+interface:///java/beans/PropertyEditor|>,
  <<|java+class:///fit/RowFixture|,|java+class:///fit/ColumnFixture|>,2,|java+class:///fit/Fixture|>,
  <<|java+class:///SetUpDiscounts|,|java+class:///fitlibrary/SetUpFixture|>,2,|java+class:///fitlibrary/DoFixture|>,
  <<|java+class:///fitlibrary/exception/classes/ConstructorNotVisible|,|java+class:///fitlibrary/exception/FitLibraryException|>,2,|java+class:///java/lang/Throwable|>,
  <<|java+class:///rps/transactionItems/CancelDeliveryTransactionItem|,|java+class:///rps/transactionItems/ClientTransactionItem|>,2,|java+class:///rps/transactionItems/TransactionItem|>,
  <<|java+class:///fit/decorator/FixtureDecorator|,|java+class:///fit/Fixture|>,2,|java+class:///fit/Fixture|>,
  <<|java+class:///fitlibrary/exception/FitLibraryException|,|java+class:///java/lang/RuntimeException|>,2,|java+class:///java/lang/Exception|>,
  <<|java+class:///fitlibrary/spec/matcher/ImageSrcMatcher|,|java+class:///fitlibrary/spec/matcher/Matcher|>,2,|java+interface:///fitlibrary/spec/PipeLine|>,
  <<|java+class:///fitlibrary/exception/method/NoSuchPropertyException|,|java+class:///fitlibrary/exception/FitLibraryException|>,2,|java+class:///java/lang/Throwable|>,
  <<|java+class:///fitlibrary/dynamicVariable/LocalDynamicVariables|,|java+class:///fitlibrary/dynamicVariable/DynamicVariablesMap|>,2,|java+interface:///fitlibrary/dynamicVariable/DynamicVariables|>,
  <<|java+class:///fitlibrary/dynamicVariable/DynamicVariablesMap|,|java+interface:///fitlibrary/dynamicVariable/DynamicVariables|>,2,|java+interface:///fitlibrary/dynamicVariable/VariableResolver|>,
  <<|java+class:///fitlibrary/specify/References/SetUpTransAction|,|java+class:///fitlibrary/SetUpFixture|>,2,|java+class:///fitlibrary/DoFixture|>,
  <<|java+interface:///fitlibrary/traverse/workflow/FlowEvaluator|,|java+interface:///fitlibrary/traverse/workflow/DoEvaluator|>,2,|java+interface:///fitlibrary/traverse/Evaluator|>,
  <<|java+class:///fitlibrary/specify/SelfStartingActionFixture|,|java+class:///fit/ActionFixture|>,2,|java+class:///fit/Fixture|>,
  <<|java+class:///fitlibraryGeneric/traverse/ReferenceTraverse|,|java+class:///fitlibrary/traverse/Traverse|>,2,|java+interface:///fitlibrary/traverse/Evaluator|>,
  <<|java+interface:///fitlibrary/traverse/workflow/DoEvaluator|,|java+interface:///fitlibrary/traverse/Evaluator|>,2,|java+class:///java/lang/Object|>,
  <<|java+class:///fitlibrary/collection/CollectionTraverse|,|java+class:///fitlibrary/traverse/Traverse|>,2,|java+class:///java/lang/Object|>,
  <<|java+class:///fitlibrary/collection/list/ListTraverse|,|java+class:///fitlibrary/collection/CollectionTraverse|>,2,|java+interface:///fitlibrary/traverse/Evaluator|>,
  <<|java+class:///fitlibrary/DefaultPackages|,|java+class:///fitlibrary/traverse/Traverse|>,2,|java+interface:///fitlibrary/dynamicVariable/VariableResolver|>,
  <<|java+class:///fitlibrary/CollectionFixture|,|java+class:///fitlibrary/FitLibraryFixture|>,2,|java+class:///java/lang/Object|>,
  <<|java+interface:///fitlibrary/table/Tables|,|java+interface:///fitlibrary/table/TableElement|>,2,|java+interface:///fitlibrary/table/TableElement|>,
  <<|java+class:///fitlibrary/object/DomainInjectionTraverse|,|java+class:///fitlibrary/traverse/Traverse|>,2,|java+class:///java/lang/Object|>,
  <<|java+class:///fitlibrary/parser/graphic/ObjectDotGraphic|,|java+class:///fitlibrary/parser/graphic/DotGraphic|>,2,|java+class:///java/lang/Object|>,
  <<|java+interface:///fitlibrary/table/Row|,|java+interface:///fitlibrary/table/TableElement|>,2,|java+class:///java/lang/Object|>,
  <<|java+class:///fitlibrary/object/DomainObjectSetUpTraverse|,|java+class:///fitlibrary/traverse/Traverse|>,2,|java+interface:///fitlibrary/traverse/Evaluator|>,
  <<|java+class:///fitlibrary/SetUpFixture|,|java+class:///fitlibrary/DoFixture|>,2,|java+class:///java/lang/Object|>,
  <<|java+class:///fitlibrary/object/DomainObjectSetUpTraverse|,|java+class:///fitlibrary/traverse/Traverse|>,2,|java+interface:///fitlibrary/dynamicVariable/VariableResolver|>,
  <<|java+class:///fitlibrary/traverse/Traverse|,|java+interface:///fitlibrary/traverse/ShowAfter|>,2,|java+interface:///fitlibrary/traverse/ShowAfter|>,
  <<|java+class:///fitlibrary/FitLibraryFixture|,|java+class:///fit/Fixture|>,2,|java+class:///java/lang/Object|>,
  <<|java+interface:///fitlibrary/table/TableElement|,|java+interface:///java/lang/Iterable|>,2,|java+class:///java/lang/Object|>,
  <<|java+class:///fitlibrary/GridFixture|,|java+class:///fitlibrary/FitLibraryFixture|>,2,|java+class:///fit/Fixture|>,
  <<|java+class:///StartListing/ItemRowFixture|,|java+class:///fit/RowFixture|>,2,|java+class:///fit/Fixture|>,
  <<|java+class:///fitlibrary/CombinationFixture|,|java+class:///fitlibrary/FunctionFixture|>,2,|java+class:///java/lang/Object|>,
  <<|java+class:///fitlibraryGeneric/traverse/ReferenceTraverse|,|java+class:///fitlibrary/traverse/Traverse|>,2,|java+interface:///fitlibrary/dynamicVariable/VariableResolver|>,
  <<|java+class:///fit/TypeAdapter/LongAdapter|,|java+class:///fit/TypeAdapter/ClassLongAdapter|>,2,|java+class:///fit/TypeAdapter|>,
  <<|java+class:///rps/transaction/AdminTransaction|,|java+class:///rps/transaction/Transaction|>,2,|java+class:///java/lang/Object|>,
  <<|java+class:///rps/Rental|,|java+class:///rps/Use|>,2,|java+class:///java/lang/Object|>,
  <<|java+class:///fitlibrary/exception/FitLibraryExceptionInHtml|,|java+class:///fitlibrary/exception/FitLibraryException|>,2,|java+class:///java/lang/Throwable|>,
  <<|java+class:///fitlibrary/ArrayFixture|,|java+class:///fitlibrary/CollectionFixture|>,2,|java+class:///fit/Fixture|>,
  <<|java+interface:///fitlibrary/traverse/workflow/FlowEvaluator|,|java+interface:///fitlibrary/traverse/workflow/DoEvaluator|>,2,|java+interface:///fitlibrary/dynamicVariable/VariableResolver|>,
  <<|java+class:///CalculateDiscounts2|,|java+class:///fitlibrary/CalculateFixture|>,2,|java+class:///fit/Fixture|>,
  <<|java+class:///fitlibrary/exception/method/MissingMethodException|,|java+class:///fitlibrary/exception/FitLibraryExceptionInHtml|>,2,|java+class:///java/lang/Throwable|>,
  <<|java+class:///fit/TypeAdapter/IntAdapter|,|java+class:///fit/TypeAdapter/ClassIntegerAdapter|>,2,|java+class:///fit/TypeAdapter|>,
  <<|java+class:///fitlibrary/exception/FitLibraryException|,|java+class:///java/lang/RuntimeException|>,2,|java+class:///java/lang/Object|>,
  <<|java+class:///rps/Booking|,|java+class:///rps/Use|>,2,|java+class:///java/lang/Object|>,
  <<|java+class:///fitbook/CalculateCredit3|,|java+class:///fitlibrary/CalculateFixture|>,2,|java+class:///fit/Fixture|>,
  <<|java+interface:///fitlibrary/parser/HtmlParser|,|java+interface:///fitlibrary/parser/Parser|>,2,|java+interface:///fitlibrary/parser/Parser|>,
  <<|java+interface:///fitlibrary/suite/SuiteEvaluator|,|java+interface:///fitlibrary/traverse/workflow/DoEvaluator|>,2,|java+class:///java/lang/Object|>,
  <<|java+class:///fitlibrary/flow/ScopeStack|,|java+interface:///fitlibrary/flow/IScopeStack|>,2,|java+interface:///fitlibrary/flow/IScope|>,
  <<|java+class:///fitlibrary/traverse/workflow/DoTraverse|,|java+class:///fitlibrary/traverse/Traverse|>,2,|java+class:///fitlibrary/traverse/Traverse|>,
  <<|java+class:///fitlibrary/exception/table/MissingCellsException|,|java+class:///fitlibrary/exception/FitLibraryExceptionWithHelp|>,2,|java+class:///java/lang/Throwable|>
}