[
  <<|java+class:///ChatServer2|,|java+class:///fit/Fixture|>,|java+class:///fit/ColumnFixture|>,
  <<|java+class:///fitlibrary/specify/select/SelectWithTearDownFailing|,|java+class:///fitlibrary/DoFixture|>,|java+class:///fitlibrary/DomainFixture|>,
  <<|java+class:///fitlibrary/specify/CalculateFixtureUnderTest2|,|java+class:///fitlibrary/DoFixture|>,|java+class:///fitlibrary/DomainFixture|>,
  <<|java+class:///DiscountGroupsSetUp|,|java+class:///fitlibrary/SetUpFixture|>,|java+class:///fitlibrary/specify/References/SetUpTransAction|>,
  <<|java+class:///fitlibrary/specify/parser/ClassWithParseMethod2|,|java+class:///fitlibrary/DoFixture|>,|java+class:///fitlibrary/DomainFixture|>,
  <<|java+class:///fitlibrary/specify/select/FirstSelectTraverse|,|java+class:///fitlibrary/traverse/workflow/DoTraverse|>,|java+class:///fitlibrary/DomainFixture/DomainTraverse|>,
  <<|java+class:///fitlibrary/specify/parser/ObjectDelegate|,|java+class:///fitlibrary/DoFixture|>,|java+class:///fitlibrary/DomainFixture|>,
  <<|java+class:///fitlibrary/specify/CalculateFixtureUnderTest2/Calculate|,|java+class:///fitlibrary/CalculateFixture|>,|java+class:///fitlibrary/specify/calculate/DoubleUse/LocalCalculateFixture|>,
  <<|java+class:///fitlibrary/specify/TimesCombinationSetUp|,|java+class:///fitlibrary/DoFixture|>,|java+class:///fitlibrary/DomainFixture|>,
  <<|java+class:///fitlibrary/specify/SetUpFixtureUnderTest|,|java+class:///fitlibrary/SetUpFixture|>,|java+class:///fitlibrary/specify/References/SetUpTransAction|>,
  <<|java+class:///fitlibrary/specify/CalculateFixtureUnderTest3|,|java+class:///fitlibrary/DoFixture|>,|java+class:///fitlibrary/DomainFixture|>,
  <<|java+class:///fit/TheThirdFixture|,|java+class:///fit/Fixture|>,|java+class:///fit/ColumnFixture|>,
  <<|java+class:///fitlibrary/specify/CalculateFixtureUnderTest3/Calculate|,|java+class:///fitlibrary/CalculateFixture|>,|java+class:///fitlibrary/specify/calculate/DoubleUse/LocalCalculateFixture|>,
  <<|java+class:///BuyActions|,|java+class:///fit/Fixture|>,|java+class:///fit/ColumnFixture|>,
  <<|java+class:///fitbook/Discounts|,|java+class:///fitlibrary/DoFixture|>,|java+class:///fitlibrary/DomainFixture|>,
  <<|java+class:///fitlibrary/specify/AbstractNestedSets|,|java+class:///fitlibrary/DoFixture|>,|java+class:///fitlibrary/DomainFixture|>,
  <<|java+class:///fitlibrary/specify/DoCalculateFixtureSetUp|,|java+class:///fitlibrary/DoFixture|>,|java+class:///fitlibrary/DomainFixture|>,
  <<|java+class:///fitlibrary/eg/NestedArray|,|java+class:///fitlibrary/DoFixture|>,|java+class:///fitlibrary/DomainFixture|>,
  <<|java+class:///CalculateCredit2|,|java+class:///fitlibrary/CalculateFixture|>,|java+class:///fitlibrary/specify/calculate/DoubleUse/LocalCalculateFixture|>,
  <<|java+class:///fitlibrary/specify/References|,|java+class:///fitlibrary/DoFixture|>,|java+class:///fitlibrary/DomainFixture|>,
  <<|java+class:///fitlibrary/specify/DoFixtureFlowUnderTestWithoutSut|,|java+class:///fitlibrary/DoFixture|>,|java+class:///fitlibrary/DomainFixture|>,
  <<|java+class:///fitbook/CalculateDiscounts2|,|java+class:///fitlibrary/CalculateFixture|>,|java+class:///fitlibrary/specify/calculate/DoubleUse/LocalCalculateFixture|>,
  <<|java+class:///CalculateCredit3|,|java+class:///fitlibrary/CalculateFixture|>,|java+class:///fitlibrary/specify/calculate/DoubleUse/LocalCalculateFixture|>,
  <<|java+class:///temp/Action|,|java+class:///fit/Fixture|>,|java+class:///fit/ColumnFixture|>,
  <<|java+class:///fitbook/CalculatedDiscount|,|java+class:///fitlibrary/CalculateFixture|>,|java+class:///fitlibrary/specify/calculate/DoubleUse/LocalCalculateFixture|>,
  <<|java+class:///rental/RentEz|,|java+class:///fitlibrary/traverse/workflow/DoTraverse|>,|java+class:///fitlibrary/DomainFixture/DomainTraverse|>,
  <<|java+class:///fitlibrary/specify/initialClass/ClassWithNoNullaryConstructor|,|java+class:///fit/Fixture|>,|java+class:///fit/ColumnFixture|>,
  <<|java+class:///fitbook/RoomFixture|,|java+class:///fitlibrary/DoFixture|>,|java+class:///fitlibrary/DomainFixture|>,
  <<|java+class:///fit/FixtureTwo|,|java+class:///fit/Fixture|>,|java+class:///fit/ColumnFixture|>,
  <<|java+class:///fitlibrary/specify/parser/ObjectDelegateForDate|,|java+class:///fitlibrary/DoFixture|>,|java+class:///fitlibrary/DomainFixture|>,
  <<|java+class:///fit/testFxtr/NoDefaultConstructorFixture|,|java+class:///fit/Fixture|>,|java+class:///fit/ColumnFixture|>,
  <<|java+class:///CalculatedDiscount|,|java+class:///fitlibrary/CalculateFixture|>,|java+class:///fitlibrary/specify/calculate/DoubleUse/LocalCalculateFixture|>,
  <<|java+class:///fitlibrary/specify/suite/MyOtherDoTraverse|,|java+class:///fitlibrary/traverse/workflow/DoTraverse|>,|java+class:///fitlibrary/DomainFixture/DomainTraverse|>,
  <<|java+class:///fitbook/UsersAndRooms|,|java+class:///fitlibrary/DoFixture|>,|java+class:///fitlibrary/DomainFixture|>,
  <<|java+class:///fitlibrary/specify/TestCamelCase|,|java+class:///fitlibrary/CalculateFixture|>,|java+class:///fitlibrary/specify/calculate/DoubleUse/LocalCalculateFixture|>,
  <<|java+class:///fitbook/StartListing|,|java+class:///fitlibrary/DoFixture|>,|java+class:///fitlibrary/DomainFixture|>,
  <<|java+class:///fitbook/CalculateCredit4/Calculate|,|java+class:///fitlibrary/CalculateFixture|>,|java+class:///fitlibrary/specify/calculate/DoubleUse/LocalCalculateFixture|>,
  <<|java+class:///fitlibrary/specify/DoFixtureWithExceptionInConstructor|,|java+class:///fitlibrary/DoFixture|>,|java+class:///fitlibrary/DomainFixture|>,
  <<|java+class:///Discounts|,|java+class:///fitlibrary/DoFixture|>,|java+class:///fitlibrary/DomainFixture|>,
  <<|java+class:///fitlibrary/specify/CalculateFixtureUnderTest|,|java+class:///fitlibrary/DoFixture|>,|java+class:///fitlibrary/DomainFixture|>,
  <<|java+class:///fitlibrary/specify/DomainObjectUnderTest|,|java+class:///fitlibrary/DoFixture|>,|java+class:///fitlibrary/DomainFixture|>,
  <<|java+class:///CalculateCredit4|,|java+class:///fitlibrary/DoFixture|>,|java+class:///fitlibrary/DomainFixture|>,
  <<|java+class:///TestCreditJapanese|,|java+class:///fitlibrary/CalculateFixture|>,|java+class:///fitlibrary/specify/calculate/DoubleUse/LocalCalculateFixture|>,
  <<|java+class:///fit/specify/ClearActionFixture|,|java+class:///fitlibrary/DoFixture|>,|java+class:///fitlibrary/DomainFixture|>,
  <<|java+class:///fitlibrary/specify/CalculateFixtureTearDown|,|java+class:///fitlibrary/CalculateFixture|>,|java+class:///fitlibrary/specify/calculate/DoubleUse/LocalCalculateFixture|>,
  <<|java+class:///fit/FixtureOne|,|java+class:///fit/Fixture|>,|java+class:///fit/ColumnFixture|>,
  <<|java+class:///fitlibrary/specify/parser/ClassWithParseMethod|,|java+class:///fitlibrary/DoFixture|>,|java+class:///fitlibrary/DomainFixture|>,
  <<|java+class:///rent/CalculateRefund2/Refund|,|java+class:///fitlibrary/CalculateFixture|>,|java+class:///fitlibrary/specify/calculate/DoubleUse/LocalCalculateFixture|>,
  <<|java+class:///fitlibrary/specify/DoTable|,|java+class:///fitlibrary/DoFixture|>,|java+class:///fitlibrary/DomainFixture|>,
  <<|java+class:///fitlibrary/specify/parser/ParserUnderTest|,|java+class:///fitlibrary/DoFixture|>,|java+class:///fitlibrary/DomainFixture|>,
  <<|java+class:///RoomFixture|,|java+class:///fitlibrary/DoFixture|>,|java+class:///fitlibrary/DomainFixture|>,
  <<|java+class:///fitlibrary/specify/CalculateFixtureSetUp|,|java+class:///fitlibrary/CalculateFixture|>,|java+class:///fitlibrary/specify/calculate/DoubleUse/LocalCalculateFixture|>,
  <<|java+class:///CalculateDiscounts2|,|java+class:///fitlibrary/CalculateFixture|>,|java+class:///fitlibrary/specify/calculate/DoubleUse/LocalCalculateFixture|>,
  <<|java+class:///fitlibrary/specify/WithinFlow|,|java+class:///fitlibrary/DoFixture|>,|java+class:///fitlibrary/DomainFixture|>,
  <<|java+class:///fitbook/CalculateCredit2|,|java+class:///fitlibrary/CalculateFixture|>,|java+class:///fitlibrary/specify/calculate/DoubleUse/LocalCalculateFixture|>,
  <<|java+class:///fitlibrary/aboutToBeRemoved/SuiteSetUpOne|,|java+class:///fitlibrary/DoFixture|>,|java+class:///fitlibrary/DomainFixture|>,
  <<|java+class:///fitlibrary/specify/select/FirstSelect|,|java+class:///fitlibrary/DoFixture|>,|java+class:///fitlibrary/DomainFixture|>,
  <<|java+class:///fitbook/CalculateCredit3|,|java+class:///fitlibrary/CalculateFixture|>,|java+class:///fitlibrary/specify/calculate/DoubleUse/LocalCalculateFixture|>,
  <<|java+class:///fitlibrary/specify/ClearStartInActionFixture|,|java+class:///fit/Fixture|>,|java+class:///fit/ColumnFixture|>,
  <<|java+class:///fitbook/ChatServerActions2|,|java+class:///fit/Fixture|>,|java+class:///fit/ColumnFixture|>,
  <<|java+class:///rent/CalculateRefund2|,|java+class:///fitlibrary/DoFixture|>,|java+class:///fitlibrary/DomainFixture|>,
  <<|java+class:///fitbook/ChatServer2|,|java+class:///fit/Fixture|>,|java+class:///fit/ColumnFixture|>,
  <<|java+class:///fitlibrary/specify/workflow/ExceptionAddsCells|,|java+class:///fitlibrary/DoFixture|>,|java+class:///fitlibrary/DomainFixture|>,
  <<|java+class:///fitlibrary/specify/parser/UseToStringForChecking|,|java+class:///fitlibrary/DoFixture|>,|java+class:///fitlibrary/DomainFixture|>,
  <<|java+class:///StartSokoban|,|java+class:///fitlibrary/DoFixture|>,|java+class:///fitlibrary/DomainFixture|>,
  <<|java+class:///ChatServerActions|,|java+class:///fit/Fixture|>,|java+class:///fit/ColumnFixture|>,
  <<|java+class:///fitbook/CalculateCredit4|,|java+class:///fitlibrary/DoFixture|>,|java+class:///fitlibrary/DomainFixture|>,
  <<|java+class:///fitbook/TestCreditKorean|,|java+class:///fitlibrary/CalculateFixture|>,|java+class:///fitlibrary/specify/calculate/DoubleUse/LocalCalculateFixture|>,
  <<|java+class:///fit/Comment|,|java+class:///fit/Fixture|>,|java+class:///fit/ColumnFixture|>,
  <<|java+class:///fitlibrary/specify/CalculateFixtureSetUpWithException|,|java+class:///fitlibrary/CalculateFixture|>,|java+class:///fitlibrary/specify/calculate/DoubleUse/LocalCalculateFixture|>,
  <<|java+class:///fitlibrary/eg/StartListing|,|java+class:///fitlibrary/DoFixture|>,|java+class:///fitlibrary/DomainFixture|>,
  <<|java+class:///UsersAndRooms|,|java+class:///fitlibrary/DoFixture|>,|java+class:///fitlibrary/DomainFixture|>,
  <<|java+class:///fitlibrary/specify/dynamicVariable/DynamicVariablesUnderTest|,|java+class:///fitlibrary/DoFixture|>,|java+class:///fitlibrary/DomainFixture|>,
  <<|java+class:///fitlibrary/SelectFixture|,|java+class:///fitlibrary/DoFixture|>,|java+class:///fitlibrary/DomainFixture|>,
  <<|java+class:///rent/CalculateFairCharge|,|java+class:///fitlibrary/DoFixture|>,|java+class:///fitlibrary/DomainFixture|>,
  <<|java+class:///rent/CalculateRefund|,|java+class:///fitlibrary/DoFixture|>,|java+class:///fitlibrary/DomainFixture|>,
  <<|java+class:///ChatServerActions2|,|java+class:///fit/Fixture|>,|java+class:///fit/ColumnFixture|>,
  <<|java+class:///fitlibrary/specify/select/SelectWithSetUpFailing|,|java+class:///fitlibrary/DoFixture|>,|java+class:///fitlibrary/DomainFixture|>,
  <<|java+class:///TestCreditKorean|,|java+class:///fitlibrary/CalculateFixture|>,|java+class:///fitlibrary/specify/calculate/DoubleUse/LocalCalculateFixture|>,
  <<|java+class:///rent/StartApplication|,|java+class:///fitlibrary/DoFixture|>,|java+class:///fitlibrary/DomainFixture|>,
  <<|java+class:///rent/FairCharge|,|java+class:///fitlibrary/CalculateFixture|>,|java+class:///fitlibrary/specify/calculate/DoubleUse/LocalCalculateFixture|>,
  <<|java+class:///fitbook/ChatServerActions|,|java+class:///fit/Fixture|>,|java+class:///fit/ColumnFixture|>,
  <<|java+class:///fitlibrary/eg/VectorAddition|,|java+class:///fitlibrary/DoFixture|>,|java+class:///fitlibrary/DomainFixture|>,
  <<|java+class:///fitbook/DiscountGroupsSetUp|,|java+class:///fitlibrary/SetUpFixture|>,|java+class:///fitlibrary/specify/References/SetUpTransAction|>,
  <<|java+class:///fitbook/TestCreditJapanese|,|java+class:///fitlibrary/CalculateFixture|>,|java+class:///fitlibrary/specify/calculate/DoubleUse/LocalCalculateFixture|>,
  <<|java+class:///fitlibrary/specify/ReferencesByContent|,|java+class:///fitlibrary/DoFixture|>,|java+class:///fitlibrary/DomainFixture|>,
  <<|java+class:///rent/CalculateCharge|,|java+class:///fitlibrary/DoFixture|>,|java+class:///fitlibrary/DomainFixture|>,
  <<|java+class:///fitbook/BuyActions|,|java+class:///fit/Fixture|>,|java+class:///fit/ColumnFixture|>,
  <<|java+class:///fitbook/StartSokoban|,|java+class:///fitlibrary/DoFixture|>,|java+class:///fitlibrary/DomainFixture|>,
  <<|java+class:///StartListing|,|java+class:///fitlibrary/DoFixture|>,|java+class:///fitlibrary/DomainFixture|>,
  <<|java+class:///fitlibrary/specify/parser/ClassDelegate|,|java+class:///fitlibrary/DoFixture|>,|java+class:///fitlibrary/DomainFixture|>,
  <<|java+class:///CalculateCredit4/Calculate|,|java+class:///fitlibrary/CalculateFixture|>,|java+class:///fitlibrary/specify/calculate/DoubleUse/LocalCalculateFixture|>,
  <<|java+class:///fitlibrary/specify/StartDoSpecification|,|java+class:///fit/Fixture|>,|java+class:///fit/ColumnFixture|>,
  <<|java+class:///fitlibrary/specify/DoFixtureNotSetUpNorTearDown|,|java+class:///fitlibrary/DoFixture|>,|java+class:///fitlibrary/DomainFixture|>,
  <<|java+class:///fitlibrary/eg/ListToSet|,|java+class:///fitlibrary/DoFixture|>,|java+class:///fitlibrary/DomainFixture|>,
  <<|java+class:///fitlibrary/parser/collection/SetParser|,|java+interface:///fitlibrary/parser/Parser|>,|java+class:///fitlibrary/object/DomainObjectParser|>,
  <<|java+class:///fitlibrary/parser/collection/ListParser|,|java+interface:///fitlibrary/parser/Parser|>,|java+class:///fitlibrary/object/DomainObjectParser|>,
  <<|java+class:///fitlibrary/parser/collection/ArrayParser|,|java+interface:///fitlibrary/parser/Parser|>,|java+class:///fitlibrary/object/DomainObjectParser|>,
  <<|java+class:///fitlibrary/parser/ByStringParser|,|java+interface:///fitlibrary/parser/Parser|>,|java+class:///fitlibrary/object/DomainObjectParser|>,
  <<|java+class:///fitlibrary/differences/FitNesseGlobalFile|,|java+interface:///fitlibrary/differences/LocalFile|>,|java+class:///fitlibrary/differences/FitNesseLocalFile|>,
  <<|java+class:///fitlibrary/parser/collection/MapParser|,|java+interface:///fitlibrary/parser/Parser|>,|java+class:///fitlibrary/object/DomainObjectParser|>,
  <<|java+interface:///fitlibrary/parser/HtmlParser|,|java+interface:///fitlibrary/parser/Parser|>,|java+class:///fitlibrary/object/DomainObjectParser|>,
  <<|java+class:///fitlibrary/parser/graphic/DotGraphic|,|java+interface:///fitlibrary/parser/graphic/GraphicInterface|>,|java+class:///fitlibrary/parser/graphic/ImageNameGraphic|>,
  <<|java+class:///fitlibrary/parser/lookup/PropertyEditorBasedParser|,|java+interface:///fitlibrary/parser/Parser|>,|java+class:///fitlibrary/object/DomainObjectParser|>,
  <<|java+class:///fitlibraryGeneric/specify/ConcreteClassOne|,|java+interface:///fitlibraryGeneric/specify/InterfaceType|>,|java+class:///fitlibraryGeneric/specify/ConcreteClassTwo|>,
  <<|java+class:///fitlibrary/parser/EnumParser|,|java+interface:///fitlibrary/parser/Parser|>,|java+class:///fitlibrary/object/DomainObjectParser|>,
  <<|java+class:///fitlibrary/spec/filter/Filter|,|java+interface:///fitlibrary/spec/PipeLine|>,|java+class:///fitlibrary/spec/matcher/StringMatcher|>
]