[
  <<|java+class:///fitlibrary/SubsetFixture|,|java+class:///fitlibrary/CollectionFixture|>,|project://fitlibraryforfitnesse-20110301/fitnesse/lib/src/fitlibrarySrc/fitlibrary/SubsetFixture.java|(563,48,<18,2>,<18,50>)>,
  <<|java+class:///fitlibrary/SubsetFixture|,|java+class:///fitlibrary/CollectionFixture|>,|project://fitlibraryforfitnesse-20110301/fitnesse/lib/src/fitlibrarySrc/fitlibrary/SubsetFixture.java|(473,41,<15,2>,<15,43>)>,
  <<|java+class:///fitlibrary/traverse/function/CombinationTraverse|,|java+class:///fitlibrary/traverse/function/FunctionTraverse|>,|project://fitlibraryforfitnesse-20110301/fitnesse/lib/src/fitlibrarySrc/fitlibrary/traverse/function/CombinationTraverse.java|(976,11,<30,5>,<30,16>)>,
  <<|java+class:///fit/decorator/performance/MaxTime|,|java+class:///fit/decorator/performance/TimeBasedFixtureDecorator|>,|project://fitlibraryforfitnesse-20110301/fitnesse/lib/src/fitlibrarySrc/fit/decorator/performance/MaxTime.java|(330,8,<13,2>,<13,10>)>,
  <<|java+class:///fit/decorator/performance/MaxTime|,|java+class:///fit/decorator/performance/TimeBasedFixtureDecorator|>,|project://fitlibraryforfitnesse-20110301/fitnesse/lib/src/fitlibrarySrc/fit/decorator/performance/MaxTime.java|(377,17,<17,2>,<17,19>)>,
  <<|java+class:///fit/exception/NoSuchFieldFitFailureException|,|java+class:///fit/exception/FitFailureException|>,|project://fitlibraryforfitnesse-20110301/fitnesse/lib/src/fitlibrarySrc/fit/exception/NoSuchFieldFitFailureException.java|(418,45,<10,4>,<10,49>)>,
  <<|java+class:///fitlibraryGeneric/traverse/ReferenceTraverse|,|java+class:///fitlibrary/traverse/Traverse|>,|project://fitlibraryforfitnesse-20110301/fitnesse/lib/src/fitlibrarySrc/fitlibraryGeneric/traverse/ReferenceTraverse.java|(1265,11,<39,2>,<39,13>)>,
  <<|java+class:///rps/exception/MissingException|,|java+class:///rps/exception/RpsException|>,|project://fitlibraryforfitnesse-20110301/fitnesse/lib/src/rentEzSrc/rps/exception/MissingException.java|(350,9,<16,8>,<16,17>)>,
  <<|java+class:///rps/transactionItems/AddIdentifiedHireItemTransactionItem|,|java+class:///rps/transactionItems/TransactionItem|>,|project://fitlibraryforfitnesse-20110301/fitnesse/lib/src/rentEzSrc/rps/transactionItems/AddIdentifiedHireItemTransactionItem.java|(502,19,<16,2>,<16,21>)>,
  <<|java+class:///fit/eg/bowling/fixtures/GameTiming|,|java+class:///fit/ColumnFixture|>,|project://fitlibraryforfitnesse-20110301/fitnesse/lib/src/fitlibrarySrc/fit/eg/bowling/fixtures/GameTiming.java|(395,8,<14,2>,<14,10>)>,
  <<|java+class:///fitlibrary/exception/FitLibraryShowException|,|java+class:///fitlibrary/exception/FitLibraryException|>,|project://fitlibraryforfitnesse-20110301/fitnesse/lib/src/fitlibrarySrc/fitlibrary/exception/FitLibraryShowException.java|(224,14,<8,2>,<8,16>)>,
  <<|java+class:///fit/decorator/exceptions/InvalidInputException|,|java+class:///java/lang/Exception|>,|project://fitlibraryforfitnesse-20110301/fitnesse/lib/src/fitlibrarySrc/fit/decorator/exceptions/InvalidInputException.java|(220,15,<7,4>,<7,19>)>,
  <<|java+class:///fitlibrary/object/DomainObjectSetUpTraverse|,|java+class:///fitlibrary/traverse/Traverse|>,|project://fitlibraryforfitnesse-20110301/fitnesse/lib/src/fitlibrarySrc/fitlibrary/object/DomainObjectSetUpTraverse.java|(1140,19,<31,2>,<31,21>)>,
  <<|java+class:///fitlibrary/object/DomainObjectSetUpTraverse|,|java+class:///fitlibrary/traverse/Traverse|>,|project://fitlibraryforfitnesse-20110301/fitnesse/lib/src/fitlibrarySrc/fitlibrary/object/DomainObjectSetUpTraverse.java|(1046,11,<28,2>,<28,13>)>,
  <<|java+class:///fitlibrary/parser/lookup/ParseDelegation/DelegateObjectParser|,|java+class:///fitlibrary/parser/lookup/ParseDelegation/AbstractDelegateObjectParser|>,|project://fitlibraryforfitnesse-20110301/fitnesse/lib/src/fitlibrarySrc/fitlibrary/parser/lookup/ParseDelegation.java|(5049,21,<129,6>,<129,27>)>,
  <<|java+class:///fitlibrary/parser/table/TableParser|,|java+class:///fitlibrary/parser/HtmlStructureParser|>,|project://fitlibraryforfitnesse-20110301/fitnesse/lib/src/fitlibrarySrc/fitlibrary/parser/table/TableParser.java|(730,13,<21,2>,<21,15>)>,
  <<|java+class:///rps/transactionItems/SalesPaymentTransactionItem|,|java+class:///rps/transactionItems/TransactionItem|>,|project://fitlibraryforfitnesse-20110301/fitnesse/lib/src/rentEzSrc/rps/transactionItems/SalesPaymentTransactionItem.java|(361,19,<12,2>,<12,21>)>,
  <<|java+class:///fit/exception/FixtureException|,|java+class:///fit/exception/FitFailureException|>,|project://fitlibraryforfitnesse-20110301/fitnesse/lib/src/fitlibrarySrc/fit/exception/FixtureException.java|(497,49,<14,4>,<14,53>)>,
  <<|java+class:///fitbook/DiscountGroupOrderedSubsetList|,|java+class:///fitlibrary/SubsetFixture|>,|project://fitlibraryforfitnesse-20110301/fitnesse/lib/src/fitlibrarySrc/fitbook/DiscountGroupOrderedSubsetList.java|(392,46,<13,2>,<13,48>)>,
  <<|java+class:///fitlibrary/exception/parse/BadNumberException|,|java+class:///fitlibrary/exception/parse/ParseException|>,|project://fitlibraryforfitnesse-20110301/fitnesse/lib/src/fitlibrarySrc/fitlibrary/exception/parse/BadNumberException.java|(334,24,<11,2>,<11,26>)>,
  <<|java+class:///fitlibrary/log/DelegatingLogger|,|java+class:///org/apache/log4j/Logger|>,|project://fitlibraryforfitnesse-20110301/fitnesse/lib/src/fitlibrarySrc/fitlibrary/log/DelegatingLogger.java|(412,12,<15,2>,<15,14>)>,
  <<|java+class:///fitlibrary/specify/SetFixtureUnderTest2|,|java+class:///fitlibrary/SetFixture|>,|project://fitlibraryforfitnesse-20110301/fitnesse/lib/src/fitlibrarySrc/fitlibrary/specify/SetFixtureUnderTest2.java|(301,143,<9,2>,<13,17>)>,
  <<|java+class:///rps/paymentMethod/creditCardLib/InvalidCreditCardException|,|java+class:///java/lang/Exception|>,|project://fitlibraryforfitnesse-20110301/fitnesse/lib/src/rentEzSrc/rps/paymentMethod/creditCardLib/InvalidCreditCardException.java|(233,15,<8,2>,<8,17>)>,
  <<|java+class:///fitlibrary/exception/table/RowWrongWidthException|,|java+class:///fitlibrary/exception/FitLibraryException|>,|project://fitlibraryforfitnesse-20110301/fitnesse/lib/src/fitlibrarySrc/fitlibrary/exception/table/RowWrongWidthException.java|(421,48,<13,8>,<13,56>)>,
  <<|java+class:///rps/transactionItems/AddHireItemTypeTransactionItem|,|java+class:///rps/transactionItems/TransactionItem|>,|project://fitlibraryforfitnesse-20110301/fitnesse/lib/src/rentEzSrc/rps/transactionItems/AddHireItemTypeTransactionItem.java|(418,19,<15,2>,<15,21>)>,
  <<|java+class:///fitlibrary/parser/tree/TreeParser|,|java+class:///fitlibrary/parser/HtmlStructureParser|>,|project://fitlibraryforfitnesse-20110301/fitnesse/lib/src/fitlibrarySrc/fitlibrary/parser/tree/TreeParser.java|(667,13,<21,8>,<21,21>)>,
  <<|java+class:///fitlibrary/exception/method/WrongTypeForMethodException|,|java+class:///fitlibrary/exception/FitLibraryException|>,|project://fitlibraryforfitnesse-20110301/fitnesse/lib/src/fitlibrarySrc/fitlibrary/exception/method/WrongTypeForMethodException.java|(493,122,<15,8>,<16,66>)>,
  <<|java+class:///fitlibrary/specify/References/AccountDoFixture|,|java+class:///fitlibrary/DoFixture|>,|project://fitlibraryforfitnesse-20110301/fitnesse/lib/src/fitlibrarySrc/fitlibrary/specify/References.java|(3850,15,<140,3>,<140,18>)>,
  <<|java+class:///fitlibrary/table/TableOnList|,|java+class:///fitlibrary/table/TableElementOnList|>,|project://fitlibraryforfitnesse-20110301/fitnesse/lib/src/fitlibrarySrc/fitlibrary/table/TableOnList.java|(544,15,<17,2>,<17,17>)>,
  <<|java+class:///fitlibrary/exception/NotRejectedException|,|java+class:///fitlibrary/exception/FitLibraryException|>,|project://fitlibraryforfitnesse-20110301/fitnesse/lib/src/fitlibrarySrc/fitlibrary/exception/NotRejectedException.java|(346,26,<11,8>,<11,34>)>,
  <<|java+class:///fitlibrary/specify/SetFixtureUnderTest3|,|java+class:///fitlibrary/SetFixture|>,|project://fitlibraryforfitnesse-20110301/fitnesse/lib/src/fitlibrarySrc/fitlibrary/specify/SetFixtureUnderTest3.java|(368,23,<12,2>,<12,25>)>,
  <<|java+class:///fitlibrary/spec/matcher/FitLabelMatcher|,|java+class:///fitlibrary/spec/matcher/Matcher|>,|project://fitlibraryforfitnesse-20110301/fitnesse/lib/src/fitlibrarySrc/fitlibrary/spec/matcher/FitLabelMatcher.java|(164,51,<7,2>,<7,53>)>,
  <<|java+class:///rps/transactionItems/AccountPaymentTransactionItem|,|java+class:///rps/transactionItems/ClientTransactionItem|>,|project://fitlibraryforfitnesse-20110301/fitnesse/lib/src/rentEzSrc/rps/transactionItems/AccountPaymentTransactionItem.java|(311,19,<11,2>,<11,21>)>,
  <<|java+class:///fitlibrary/parser/lookup/ParseDelegation/AbstractDelegateObjectParser|,|java+class:///fitlibrary/parser/DelegateParser|>,|project://fitlibraryforfitnesse-20110301/fitnesse/lib/src/fitlibrarySrc/fitlibrary/parser/lookup/ParseDelegation.java|(3309,12,<78,3>,<78,15>)>,
  <<|java+class:///fitlibrary/traverse/function/RuleTable/OutputColumnTarget|,|java+class:///fitlibrary/traverse/function/RuleTable/ColumnTarget|>,|project://fitlibraryforfitnesse-20110301/fitnesse/lib/src/fitlibrarySrc/fitlibrary/traverse/function/RuleTable.java|(4645,14,<148,3>,<148,17>)>,
  <<|java+class:///fitlibraryGeneric/list/ListParser2|,|java+class:///fitlibrary/parser/collection/ListParser|>,|project://fitlibraryforfitnesse-20110301/fitnesse/lib/src/fitlibrarySrc/fitlibraryGeneric/list/ListParser2.java|(1174,23,<32,8>,<32,31>)>,
  <<|java+class:///fitlibrary/log/FixturingLogger|,|java+class:///org/apache/log4j/Logger|>,|project://fitlibraryforfitnesse-20110301/fitnesse/lib/src/fitlibrarySrc/fitlibrary/log/FixturingLogger.java|(1068,25,<35,2>,<35,27>)>,
  <<|java+class:///fitlibrary/batch/testRun/RetryAwareFitLibraryTestEngine|,|java+class:///fitlibrary/batch/testRun/FitLibraryTestEngine|>,|project://fitlibraryforfitnesse-20110301/fitnesse/lib/src/fitlibrarySrc/fitlibrary/batch/testRun/RetryAwareFitLibraryTestEngine.java|(402,8,<13,2>,<13,10>)>,
  <<|java+class:///rps/transactionItems/VoucherPaymentTransactionItem|,|java+class:///rps/transactionItems/TransactionItem|>,|project://fitlibraryforfitnesse-20110301/fitnesse/lib/src/rentEzSrc/rps/transactionItems/VoucherPaymentTransactionItem.java|(479,19,<16,8>,<16,27>)>,
  <<|java+class:///rps/transactionItems/CancelBookingTransactionitem|,|java+class:///rps/transactionItems/ClientTransactionItem|>,|project://fitlibraryforfitnesse-20110301/fitnesse/lib/src/rentEzSrc/rps/transactionItems/CancelBookingTransactionitem.java|(623,19,<22,2>,<22,21>)>,
  <<|java+class:///fitlibrary/collection/CollectionSetUpTraverse|,|java+class:///fitlibrary/traverse/workflow/DoTraverse|>,|project://fitlibraryforfitnesse-20110301/fitnesse/lib/src/fitlibrarySrc/fitlibrary/collection/CollectionSetUpTraverse.java|(1616,11,<47,2>,<47,13>)>,
  <<|java+class:///fitlibrary/collection/CollectionSetUpTraverse|,|java+class:///fitlibrary/traverse/workflow/DoTraverse|>,|project://fitlibraryforfitnesse-20110301/fitnesse/lib/src/fitlibrarySrc/fitlibrary/collection/CollectionSetUpTraverse.java|(1488,11,<42,2>,<42,13>)>,
  <<|java+class:///fitlibrary/DomainFixture/DomainTraverse|,|java+class:///fitlibrary/traverse/workflow/DoTraverse|>,|project://fitlibraryforfitnesse-20110301/fitnesse/lib/src/fitlibrarySrc/fitlibrary/DomainFixture.java|(614,11,<22,6>,<22,17>)>,
  <<|java+class:///fitlibrary/specify/PrimitiveArrayFixtureUnderTestEmpty|,|java+class:///fitlibrary/PrimitiveArrayFixture|>,|project://fitlibraryforfitnesse-20110301/fitnesse/lib/src/fitlibrarySrc/fitlibrary/specify/PrimitiveArrayFixtureUnderTestEmpty.java|(367,19,<11,8>,<11,27>)>,
  <<|java+class:///fitlibrary/exception/FitLibraryExceptionWithHelp|,|java+class:///fitlibrary/exception/FitLibraryException|>,|project://fitlibraryforfitnesse-20110301/fitnesse/lib/src/fitlibrarySrc/fitlibrary/exception/FitLibraryExceptionWithHelp.java|(417,15,<12,8>,<12,23>)>,
  <<|java+class:///fitlibrary/table/CellOnList|,|java+class:///fitlibrary/table/TablesOnList|>,|project://fitlibraryforfitnesse-20110301/fitnesse/lib/src/fitlibrarySrc/fitlibrary/table/CellOnList.java|(850,12,<25,8>,<25,20>)>,
  <<|java+class:///fitlibrary/specify/ArrayFixtureUnderTestWithScientificDouble|,|java+class:///fitlibrary/ArrayFixture|>,|project://fitlibraryforfitnesse-20110301/fitnesse/lib/src/fitlibrarySrc/fitlibrary/specify/ArrayFixtureUnderTestWithScientificDouble.java|(399,108,<12,2>,<16,7>)>,
  <<|java+class:///fitlibrary/specify/ArrayFixtureUnderTest|,|java+class:///fitlibrary/ArrayFixture|>,|project://fitlibraryforfitnesse-20110301/fitnesse/lib/src/fitlibrarySrc/fitlibrary/specify/ArrayFixtureUnderTest.java|(305,46,<9,2>,<9,48>)>,
  <<|java+class:///fitlibrary/exception/table/ExtraCellsException|,|java+class:///fitlibrary/exception/FitLibraryExceptionWithHelp|>,|project://fitlibraryforfitnesse-20110301/fitnesse/lib/src/fitlibrarySrc/fitlibrary/exception/table/ExtraCellsException.java|(414,46,<13,8>,<13,54>)>,
  <<|java+class:///fitlibrary/specify/PrimitiveArrayFixtureUnderTest|,|java+class:///fitlibrary/PrimitiveArrayFixture|>,|project://fitlibraryforfitnesse-20110301/fitnesse/lib/src/fitlibrarySrc/fitlibrary/specify/PrimitiveArrayFixtureUnderTest.java|(198,24,<7,2>,<7,26>)>,
  <<|java+class:///fitlibrary/specify/PrimitiveArrayFixtureWithCollection|,|java+class:///fitlibrary/PrimitiveArrayFixture|>,|project://fitlibraryforfitnesse-20110301/fitnesse/lib/src/fitlibrarySrc/fitlibrary/specify/PrimitiveArrayFixtureWithCollection.java|(369,62,<12,8>,<12,70>)>,
  <<|java+class:///fitlibrary/exception/table/NestedTableExpectedException|,|java+class:///fitlibrary/exception/FitLibraryException|>,|project://fitlibraryforfitnesse-20110301/fitnesse/lib/src/fitlibrarySrc/fitlibrary/exception/table/NestedTableExpectedException.java|(420,31,<13,8>,<13,39>)>,
  <<|java+class:///fitlibrary/spec/matcher/Matcher|,|java+class:///fitlibrary/spec/filter/Filter|>,|project://fitlibraryforfitnesse-20110301/fitnesse/lib/src/fitlibrarySrc/fitlibrary/spec/matcher/Matcher.java|(267,23,<10,2>,<10,25>)>,
  <<|java+class:///rps/transactionItems/CreditCardPaymentTransactionItem|,|java+class:///rps/transactionItems/TransactionItem|>,|project://fitlibraryforfitnesse-20110301/fitnesse/lib/src/rentEzSrc/rps/transactionItems/CreditCardPaymentTransactionItem.java|(305,19,<10,8>,<10,27>)>,
  <<|java+class:///fitlibrary/specify/SequenceFixtureFlowUnderTest|,|java+class:///fitlibrary/SequenceFixture|>,|project://fitlibraryforfitnesse-20110301/fitnesse/lib/src/fitlibrarySrc/fitlibrary/specify/SequenceFixtureFlowUnderTest.java|(459,29,<16,2>,<16,31>)>,
  <<|java+class:///fit/decorator/performance/TimeBasedFixtureDecorator|,|java+class:///fit/decorator/FixtureDecorator|>,|project://fitlibraryforfitnesse-20110301/fitnesse/lib/src/fitlibrarySrc/fit/decorator/performance/TimeBasedFixtureDecorator.java|(454,8,<16,2>,<16,10>)>,
  <<|java+class:///fit/decorator/performance/TimeBasedFixtureDecorator|,|java+class:///fit/decorator/FixtureDecorator|>,|project://fitlibraryforfitnesse-20110301/fitnesse/lib/src/fitlibrarySrc/fit/decorator/performance/TimeBasedFixtureDecorator.java|(531,8,<21,2>,<21,10>)>,
  <<|java+class:///fitlibrary/matcher/TableBuilderForTests/RowBuilder|,|java+class:///fitlibrary/matcher/TableElementBuilder|>,|project://fitlibraryforfitnesse-20110301/fitnesse/lib/src/fitlibrarySrc/fitlibrary/matcher/TableBuilderForTests.java|(1574,17,<53,3>,<53,20>)>,
  <<|java+class:///fitlibrary/runner/ExampleOfCustomRunner|,|java+class:///fitlibrary/runner/CustomRunner|>,|project://fitlibraryforfitnesse-20110301/fitnesse/lib/src/fitlibrarySrc/fitlibrary/runner/ExampleOfCustomRunner.java|(508,13,<18,2>,<18,15>)>,
  <<|java+class:///fitlibrary/exception/classes/NoNullaryConstructor|,|java+class:///fitlibrary/exception/FitLibraryException|>,|project://fitlibraryforfitnesse-20110301/fitnesse/lib/src/fitlibrarySrc/fitlibrary/exception/classes/NoNullaryConstructor.java|(775,133,<22,2>,<23,22>)>,
  <<|java+class:///fitlibrary/exception/classes/NoNullaryConstructor|,|java+class:///fitlibrary/exception/FitLibraryException|>,|project://fitlibraryforfitnesse-20110301/fitnesse/lib/src/fitlibrarySrc/fitlibrary/exception/classes/NoNullaryConstructor.java|(580,138,<17,2>,<18,93>)>,
  <<|java+class:///fitlibrary/table/TablesOnList|,|java+class:///fitlibrary/table/TableElementOnList|>,|project://fitlibraryforfitnesse-20110301/fitnesse/lib/src/fitlibrarySrc/fitlibrary/table/TablesOnList.java|(531,11,<22,2>,<22,13>)>,
  <<|java+class:///fitlibrary/table/TablesOnList|,|java+class:///fitlibrary/table/TableElementOnList|>,|project://fitlibraryforfitnesse-20110301/fitnesse/lib/src/fitlibrarySrc/fitlibrary/table/TablesOnList.java|(322,10,<11,5>,<11,15>)>,
  <<|java+class:///rps/transaction/ClientTransaction|,|java+class:///rps/transaction/Transaction|>,|project://fitlibraryforfitnesse-20110301/fitnesse/lib/src/rentEzSrc/rps/transaction/ClientTransaction.java|(1954,35,<49,2>,<49,37>)>,
  <<|java+class:///fitlibrary/selenium/SeleniumStream|,|java+class:///fitlibrary/selenium/HtmlSeleniumStream|>,|project://fitlibraryforfitnesse-20110301/fitnesse/lib/src/fitlibrarySrc/fitlibrary/selenium/SeleniumStream.java|(337,14,<12,2>,<12,16>)>,
  <<|java+class:///fitlibrary/selenium/SeleniumStream|,|java+class:///fitlibrary/selenium/HtmlSeleniumStream|>,|project://fitlibraryforfitnesse-20110301/fitnesse/lib/src/fitlibrarySrc/fitlibrary/selenium/SeleniumStream.java|(420,25,<15,2>,<15,27>)>,
  <<|java+class:///fitlibrary/definedAction/DefinedAction|,|java+class:///fitlibrary/definedAction/DefinedMultiAction|>,|project://fitlibraryforfitnesse-20110301/fitnesse/lib/src/fitlibrarySrc/fitlibrary/definedAction/DefinedAction.java|(415,12,<15,2>,<15,14>)>,
  <<|java+class:///fitlibrary/tableOnParse/TableOnParse|,|java+class:///fitlibrary/tableOnParse/TableElementOnParse|>,|project://fitlibraryforfitnesse-20110301/fitnesse/lib/src/fitlibrarySrc/fitlibrary/tableOnParse/TableOnParse.java|(675,39,<22,8>,<22,47>)>,
  <<|java+class:///fitlibrary/tableOnParse/TableOnParse|,|java+class:///fitlibrary/tableOnParse/TableElementOnParse|>,|project://fitlibraryforfitnesse-20110301/fitnesse/lib/src/fitlibrarySrc/fitlibrary/tableOnParse/TableOnParse.java|(619,13,<19,5>,<19,18>)>,
  <<|java+class:///fitbook/BuyActionSequence|,|java+class:///fitlibrary/SequenceFixture|>,|project://fitlibraryforfitnesse-20110301/fitnesse/lib/src/fitlibrarySrc/fitbook/BuyActionSequence.java|(389,34,<16,2>,<16,36>)>,
  <<|java+class:///fitbook/DiscountGroupSubsetList|,|java+class:///fitlibrary/SubsetFixture|>,|project://fitlibraryforfitnesse-20110301/fitnesse/lib/src/fitlibrarySrc/fitbook/DiscountGroupSubsetList.java|(361,46,<13,2>,<13,48>)>,
  <<|java+class:///BuyActionsDoDirect|,|java+class:///fitlibrary/DoFixture|>,|project://fitlibraryforfitnesse-20110301/fitnesse/lib/src/fitbookSrc/BuyActionsDoDirect.java|(357,34,<14,2>,<14,36>)>,
  <<|java+class:///fitlibrary/exception/classes/ConstructorNotVisible|,|java+class:///fitlibrary/exception/FitLibraryException|>,|project://fitlibraryforfitnesse-20110301/fitnesse/lib/src/fitlibrarySrc/fitlibrary/exception/classes/ConstructorNotVisible.java|(544,142,<15,2>,<16,93>)>,
  <<|java+class:///fitlibrary/traverse/function/FunctionTraverse|,|java+class:///fitlibrary/traverse/Traverse|>,|project://fitlibraryforfitnesse-20110301/fitnesse/lib/src/fitlibrarySrc/fitlibrary/traverse/function/FunctionTraverse.java|(545,11,<19,2>,<19,13>)>,
  <<|java+class:///fitlibrary/exception/method/NoSuchPropertyException|,|java+class:///fitlibrary/exception/FitLibraryException|>,|project://fitlibraryforfitnesse-20110301/fitnesse/lib/src/fitlibrarySrc/fitlibrary/exception/method/NoSuchPropertyException.java|(440,65,<13,2>,<13,67>)>,
  <<|java+class:///fitlibrary/runner/FolderRunnerUI|,|java+class:///javax/swing/JFrame|>,|project://fitlibraryforfitnesse-20110301/fitnesse/lib/src/fitlibrarySrc/fitlibrary/runner/FolderRunnerUI.java|(1063,22,<32,8>,<32,30>)>,
  <<|java+class:///fitlibrary/log/FitLibraryLogger|,|java+class:///org/apache/log4j/Logger|>,|project://fitlibraryforfitnesse-20110301/fitnesse/lib/src/fitlibrarySrc/fitlibrary/log/FitLibraryLogger.java|(1011,26,<34,2>,<34,28>)>,
  <<|java+class:///fit/exception/NoSuchFixtureException|,|java+class:///fit/exception/FixtureException|>,|project://fitlibraryforfitnesse-20110301/fitnesse/lib/src/fitlibrarySrc/fit/exception/NoSuchFixtureException.java|(563,51,<14,4>,<14,55>)>,
  <<|java+class:///fitlibraryGeneric/map/MapParser2|,|java+class:///fitlibrary/parser/collection/MapParser|>,|project://fitlibraryforfitnesse-20110301/fitnesse/lib/src/fitlibrarySrc/fitlibraryGeneric/map/MapParser2.java|(699,77,<21,8>,<21,85>)>,
  <<|java+class:///fitlibrary/traverse/workflow/SequenceTraverse|,|java+class:///fitlibrary/traverse/workflow/DoTraverse|>,|project://fitlibraryforfitnesse-20110301/fitnesse/lib/src/fitlibrarySrc/fitlibrary/traverse/workflow/SequenceTraverse.java|(285,16,<9,2>,<9,18>)>,
  <<|java+class:///fitlibrary/specify/ArrayFixtureUnderTest2|,|java+class:///fitlibrary/ArrayFixture|>,|project://fitlibraryforfitnesse-20110301/fitnesse/lib/src/fitlibrarySrc/fitlibrary/specify/ArrayFixtureUnderTest2.java|(307,143,<9,2>,<13,17>)>,
  <<|java+class:///fitlibrary/object/DomainCheckTraverse|,|java+class:///fitlibrary/traverse/Traverse|>,|project://fitlibraryforfitnesse-20110301/fitnesse/lib/src/fitlibrarySrc/fitlibrary/object/DomainCheckTraverse.java|(974,11,<29,2>,<29,13>)>,
  <<|java+class:///fitlibrary/tableOnParse/TablesOnParse|,|java+class:///fitlibrary/tableOnParse/TableElementOnParse|>,|project://fitlibraryforfitnesse-20110301/fitnesse/lib/src/fitlibrarySrc/fitlibrary/tableOnParse/TablesOnParse.java|(583,12,<20,5>,<20,17>)>,
  <<|java+class:///fitlibrary/tableOnParse/TablesOnParse|,|java+class:///fitlibrary/tableOnParse/TableElementOnParse|>,|project://fitlibraryforfitnesse-20110301/fitnesse/lib/src/fitlibrarySrc/fitlibrary/tableOnParse/TablesOnParse.java|(526,13,<17,5>,<17,18>)>,
  <<|java+class:///rps/person/Client|,|java+class:///rps/person/Person|>,|project://fitlibraryforfitnesse-20110301/fitnesse/lib/src/rentEzSrc/rps/person/Client.java|(792,34,<31,2>,<31,36>)>,
  <<|java+class:///fitlibrary/specify/ArrayFixtureUnderTest3|,|java+class:///fitlibrary/ArrayFixture|>,|project://fitlibraryforfitnesse-20110301/fitnesse/lib/src/fitlibrarySrc/fitlibrary/specify/ArrayFixtureUnderTest3.java|(338,31,<11,2>,<11,33>)>,
  <<|java+class:///fitbook/DiscountGroupArrayList|,|java+class:///fitlibrary/ArrayFixture|>,|project://fitlibraryforfitnesse-20110301/fitnesse/lib/src/fitlibrarySrc/fitbook/DiscountGroupArrayList.java|(358,46,<13,2>,<13,48>)>,
  <<|java+class:///fitlibrary/object/DomainObjectCheckTraverse|,|java+class:///fitlibrary/traverse/Traverse|>,|project://fitlibraryforfitnesse-20110301/fitnesse/lib/src/fitlibrarySrc/fitlibrary/object/DomainObjectCheckTraverse.java|(1007,30,<32,2>,<32,32>)>,
  <<|java+class:///fitlibrary/object/DomainObjectCheckTraverse|,|java+class:///fitlibrary/traverse/Traverse|>,|project://fitlibraryforfitnesse-20110301/fitnesse/lib/src/fitlibrarySrc/fitlibrary/object/DomainObjectCheckTraverse.java|(745,11,<23,2>,<23,13>)>,
  <<|java+class:///fitlibrary/object/DomainObjectCheckTraverse|,|java+class:///fitlibrary/traverse/Traverse|>,|project://fitlibraryforfitnesse-20110301/fitnesse/lib/src/fitlibrarySrc/fitlibrary/object/DomainObjectCheckTraverse.java|(878,19,<28,2>,<28,21>)>,
  <<|java+class:///fitlibrary/SetFixture|,|java+class:///fitlibrary/CollectionFixture|>,|project://fitlibraryforfitnesse-20110301/fitnesse/lib/src/fitlibrarySrc/fitlibrary/SetFixture.java|(302,38,<11,2>,<11,40>)>,
  <<|java+class:///fitlibrary/SetFixture|,|java+class:///fitlibrary/CollectionFixture|>,|project://fitlibraryforfitnesse-20110301/fitnesse/lib/src/fitlibrarySrc/fitlibrary/SetFixture.java|(386,45,<14,2>,<14,47>)>,
  <<|java+class:///fitlibrary/specify/calculate/RuleTableMethodsThrowExceptions|,|java+class:///fitlibrary/traverse/function/RuleTable|>,|project://fitlibraryforfitnesse-20110301/fitnesse/lib/src/fitlibrarySrc/fitlibrary/specify/calculate/RuleTableMethodsThrowExceptions.java|(408,17,<14,2>,<14,19>)>,
  <<|java+class:///DiscountGroupOrderedSubsetList|,|java+class:///fitlibrary/SubsetFixture|>,|project://fitlibraryforfitnesse-20110301/fitnesse/lib/src/fitbookSrc/DiscountGroupOrderedSubsetList.java|(374,46,<12,2>,<12,48>)>,
  <<|java+class:///fit/exception/CouldNotLoadComponentFitFailureException|,|java+class:///fit/exception/FitFailureException|>,|project://fitlibraryforfitnesse-20110301/fitnesse/lib/src/fitlibrarySrc/fit/exception/CouldNotLoadComponentFitFailureException.java|(463,81,<10,4>,<10,85>)>,
  <<|java+class:///fitlibrary/exception/method/BooleanMethodException|,|java+class:///fitlibrary/exception/FitLibraryExceptionWithHelp|>,|project://fitlibraryforfitnesse-20110301/fitnesse/lib/src/fitlibrarySrc/fitlibrary/exception/method/BooleanMethodException.java|(433,78,<13,8>,<13,86>)>,
  <<|java+class:///rps/transactionItems/DeleteFromTemplateTransactionItem|,|java+class:///rps/transactionItems/TransactionItem|>,|project://fitlibraryforfitnesse-20110301/fitnesse/lib/src/rentEzSrc/rps/transactionItems/DeleteFromTemplateTransactionItem.java|(433,19,<14,8>,<14,27>)>,
  <<|java+class:///fitlibrary/collection/map/SubsetMapTraverse|,|java+class:///fitlibrary/collection/map/MapTraverse|>,|project://fitlibraryforfitnesse-20110301/fitnesse/lib/src/fitlibrarySrc/fitlibrary/collection/map/SubsetMapTraverse.java|(402,11,<15,2>,<15,13>)>,
  <<|java+class:///fitlibrary/specify/ArrayFixtureUnderTestWithValueObjects|,|java+class:///fitlibrary/ArrayFixture|>,|project://fitlibraryforfitnesse-20110301/fitnesse/lib/src/fitlibrarySrc/fitlibrary/specify/ArrayFixtureUnderTestWithValueObjects.java|(418,90,<12,2>,<16,7>)>,
  <<|java+class:///fitlibrary/traverse/function/ConstraintTraverse|,|java+class:///fitlibrary/traverse/function/FunctionTraverse|>,|project://fitlibraryforfitnesse-20110301/fitnesse/lib/src/fitlibrarySrc/fitlibrary/traverse/function/ConstraintTraverse.java|(922,11,<27,5>,<27,16>)>,
  <<|java+class:///fitlibrary/traverse/function/ConstraintTraverse|,|java+class:///fitlibrary/traverse/function/FunctionTraverse|>,|project://fitlibraryforfitnesse-20110301/fitnesse/lib/src/fitlibrarySrc/fitlibrary/traverse/function/ConstraintTraverse.java|(1021,11,<31,5>,<31,16>)>,
  <<|java+class:///fitlibrary/matcher/TableBuilderForTests/TablesBuilder|,|java+class:///fitlibrary/matcher/TableElementBuilder|>,|project://fitlibraryforfitnesse-20110301/fitnesse/lib/src/fitlibrarySrc/fitlibrary/matcher/TableBuilderForTests.java|(708,20,<23,3>,<23,23>)>,
  <<|java+class:///fitlibrary/traverse/GridTraverse|,|java+class:///fitlibrary/traverse/Traverse|>,|project://fitlibraryforfitnesse-20110301/fitnesse/lib/src/fitlibrarySrc/fitlibrary/traverse/GridTraverse.java|(531,11,<19,2>,<19,13>)>,
  <<|java+class:///fitlibrary/specify/FailConstraint|,|java+class:///fitlibrary/ConstraintFixture|>,|project://fitlibraryforfitnesse-20110301/fitnesse/lib/src/fitlibrarySrc/fitlibrary/specify/FailConstraint.java|(308,13,<11,2>,<11,15>)>,
  <<|java+class:///fitlibrary/exception/CycleException|,|java+class:///fitlibrary/exception/FitLibraryExceptionWithHelp|>,|project://fitlibraryforfitnesse-20110301/fitnesse/lib/src/fitlibrarySrc/fitlibrary/exception/CycleException.java|(378,127,<11,2>,<12,28>)>,
  <<|java+class:///fitlibrary/tableOnParse/CellOnParse|,|java+class:///fitlibrary/tableOnParse/TablesOnParse|>,|project://fitlibraryforfitnesse-20110301/fitnesse/lib/src/fitlibrarySrc/fitlibrary/tableOnParse/CellOnParse.java|(1040,13,<30,8>,<30,21>)>,
  <<|java+class:///rps/transactionItems/CancelDeliveryTransactionItem|,|java+class:///rps/transactionItems/ClientTransactionItem|>,|project://fitlibraryforfitnesse-20110301/fitnesse/lib/src/rentEzSrc/rps/transactionItems/CancelDeliveryTransactionItem.java|(684,19,<23,2>,<23,21>)>,
  <<|java+class:///rps/transactionItems/AddToTemplateTransactionItem|,|java+class:///rps/transactionItems/TransactionItem|>,|project://fitlibraryforfitnesse-20110301/fitnesse/lib/src/rentEzSrc/rps/transactionItems/AddToTemplateTransactionItem.java|(470,19,<15,8>,<15,27>)>,
  <<|java+class:///fitlibrary/parser/graphic/ObjectDotGraphic|,|java+class:///fitlibrary/parser/graphic/DotGraphic|>,|project://fitlibraryforfitnesse-20110301/fitnesse/lib/src/fitlibrarySrc/fitlibrary/parser/graphic/ObjectDotGraphic.java|(1067,10,<31,8>,<31,18>)>,
  <<|java+class:///fitlibrary/specify/SetFixtureUnderTest|,|java+class:///fitlibrary/SetFixture|>,|project://fitlibraryforfitnesse-20110301/fitnesse/lib/src/fitlibrarySrc/fitlibrary/specify/SetFixtureUnderTest.java|(299,46,<9,2>,<9,48>)>,
  <<|java+class:///fitlibrary/exception/FitLibraryExceptionInHtml|,|java+class:///fitlibrary/exception/FitLibraryException|>,|project://fitlibraryforfitnesse-20110301/fitnesse/lib/src/fitlibrarySrc/fitlibrary/exception/FitLibraryExceptionInHtml.java|(425,9,<15,2>,<15,11>)>,
  <<|java+class:///fitlibrary/exception/FitLibraryExceptionInHtml|,|java+class:///fitlibrary/exception/FitLibraryException|>,|project://fitlibraryforfitnesse-20110301/fitnesse/lib/src/fitlibrarySrc/fitlibrary/exception/FitLibraryExceptionInHtml.java|(358,9,<12,2>,<12,11>)>,
  <<|java+class:///rps/transactionItems/AddDeliveryRateTransactionItem|,|java+class:///rps/transactionItems/TransactionItem|>,|project://fitlibraryforfitnesse-20110301/fitnesse/lib/src/rentEzSrc/rps/transactionItems/AddDeliveryRateTransactionItem.java|(423,19,<15,2>,<15,21>)>,
  <<|java+class:///fit/exception/NoSuchMethodFitFailureException|,|java+class:///fit/exception/FitFailureException|>,|project://fitlibraryforfitnesse-20110301/fitnesse/lib/src/fitlibrarySrc/fit/exception/NoSuchMethodFitFailureException.java|(420,46,<10,4>,<10,50>)>,
  <<|java+class:///rps/transactionItems/BonusPointPaymentTransactionItem|,|java+class:///rps/transactionItems/TransactionItem|>,|project://fitlibraryforfitnesse-20110301/fitnesse/lib/src/rentEzSrc/rps/transactionItems/BonusPointPaymentTransactionItem.java|(407,19,<13,2>,<13,21>)>,
  <<|java+class:///fitlibrary/table/RowOnList|,|java+class:///fitlibrary/table/TableElementOnList|>,|project://fitlibraryforfitnesse-20110301/fitnesse/lib/src/fitlibrarySrc/fitlibrary/table/RowOnList.java|(682,12,<19,8>,<19,20>)>,
  <<|java+class:///fitlibrary/closure/ConstantMethodTarget|,|java+class:///fitlibrary/closure/CalledMethodTarget|>,|project://fitlibraryforfitnesse-20110301/fitnesse/lib/src/fitlibrarySrc/fitlibrary/closure/ConstantMethodTarget.java|(505,17,<16,2>,<16,19>)>,
  <<|java+class:///fit/exception/FitParseException|,|java+class:///java/text/ParseException|>,|project://fitlibraryforfitnesse-20110301/fitnesse/lib/src/fitlibrarySrc/fit/exception/FitParseException.java|(425,22,<12,4>,<12,26>)>,
  <<|java+class:///fitlibrary/exception/parse/CouldNotParseException|,|java+class:///fitlibrary/exception/parse/ParseException|>,|project://fitlibraryforfitnesse-20110301/fitnesse/lib/src/fitlibrarySrc/fitlibrary/exception/parse/CouldNotParseException.java|(478,51,<14,2>,<14,53>)>,
  <<|java+class:///fitlibrary/exception/parse/CouldNotParseException|,|java+class:///fitlibrary/exception/parse/ParseException|>,|project://fitlibraryforfitnesse-20110301/fitnesse/lib/src/fitlibrarySrc/fitlibrary/exception/parse/CouldNotParseException.java|(365,56,<11,2>,<11,58>)>,
  <<|java+class:///fitlibrary/exception/method/MissingMethodException|,|java+class:///fitlibrary/exception/FitLibraryExceptionInHtml|>,|project://fitlibraryforfitnesse-20110301/fitnesse/lib/src/fitlibrarySrc/fitlibrary/exception/method/MissingMethodException.java|(556,110,<18,2>,<18,112>)>,
  <<|java+class:///fitlibrary/specify/ArrayFixtureUnderTestGraphics|,|java+class:///fitlibrary/ArrayFixture|>,|project://fitlibraryforfitnesse-20110301/fitnesse/lib/src/fitlibrarySrc/fitlibrary/specify/ArrayFixtureUnderTestGraphics.java|(364,175,<11,2>,<14,61>)>,
  <<|java+class:///fit/exception/FitMatcherException|,|java+class:///java/lang/Exception|>,|project://fitlibraryforfitnesse-20110301/fitnesse/lib/src/fitlibrarySrc/fit/exception/FitMatcherException.java|(389,15,<10,4>,<10,19>)>,
  <<|java+class:///fit/exception/CouldNotParseFitFailureException|,|java+class:///fit/exception/FitFailureException|>,|project://fitlibraryforfitnesse-20110301/fitnesse/lib/src/fitlibrarySrc/fit/exception/CouldNotParseFitFailureException.java|(435,69,<10,4>,<10,73>)>,
  <<|java+class:///rps/transactionItems/ClientTransactionItem|,|java+class:///rps/transactionItems/TransactionItem|>,|project://fitlibraryforfitnesse-20110301/fitnesse/lib/src/rentEzSrc/rps/transactionItems/ClientTransactionItem.java|(503,19,<19,8>,<19,27>)>,
  <<|java+class:///rps/transactionItems/CashPaymentTransactionItem|,|java+class:///rps/transactionItems/TransactionItem|>,|project://fitlibraryforfitnesse-20110301/fitnesse/lib/src/rentEzSrc/rps/transactionItems/CashPaymentTransactionItem.java|(277,19,<10,2>,<10,21>)>,
  <<|java+class:///fitlibrary/SetUpFixture|,|java+class:///fitlibrary/DoFixture|>,|project://fitlibraryforfitnesse-20110301/fitnesse/lib/src/fitlibrarySrc/fitlibrary/SetUpFixture.java|(398,8,<13,5>,<13,13>)>,
  <<|java+class:///rps/transactionItems/RefundCashTransactionItem|,|java+class:///rps/transactionItems/TransactionItem|>,|project://fitlibraryforfitnesse-20110301/fitnesse/lib/src/rentEzSrc/rps/transactionItems/RefundCashTransactionItem.java|(283,19,<10,2>,<10,21>)>,
  <<|java+class:///fitlibrary/specify/DoFixtureFlowUnderTest|,|java+class:///fitlibrary/DoFixture|>,|project://fitlibraryforfitnesse-20110301/fitnesse/lib/src/fitlibrarySrc/fitlibrary/specify/DoFixtureFlowUnderTest.java|(681,29,<24,2>,<24,31>)>,
  <<|java+class:///fitlibrary/matcher/TableBuilderForTests/CellBuilder|,|java+class:///fitlibrary/matcher/TableElementBuilder|>,|project://fitlibraryforfitnesse-20110301/fitnesse/lib/src/fitlibrarySrc/fitlibrary/matcher/TableBuilderForTests.java|(2133,18,<73,3>,<73,21>)>,
  <<|java+class:///fitlibrary/matcher/TableBuilderForTests/CellBuilder|,|java+class:///fitlibrary/matcher/TableElementBuilder|>,|project://fitlibraryforfitnesse-20110301/fitnesse/lib/src/fitlibrarySrc/fitlibrary/matcher/TableBuilderForTests.java|(2052,18,<70,3>,<70,21>)>,
  <<|java+class:///fitlibrary/traverse/function/RuleTable|,|java+class:///fitlibrary/traverse/Traverse|>,|project://fitlibraryforfitnesse-20110301/fitnesse/lib/src/fitlibrarySrc/fitlibrary/traverse/function/RuleTable.java|(1062,11,<31,2>,<31,13>)>,
  <<|java+class:///fitlibrary/specify/DirectCombination|,|java+class:///fitlibrary/CombinationFixture|>,|project://fitlibraryforfitnesse-20110301/fitnesse/lib/src/fitlibrarySrc/fitlibrary/specify/DirectCombination.java|(316,30,<11,2>,<11,32>)>,
  <<|java+class:///fitlibrary/specify/calculate/RuleTableWithResetAndExecute|,|java+class:///fitlibrary/traverse/function/RuleTable|>,|project://fitlibraryforfitnesse-20110301/fitnesse/lib/src/fitlibrarySrc/fitlibrary/specify/calculate/RuleTableWithResetAndExecute.java|(402,17,<14,2>,<14,19>)>,
  <<|java+class:///fitlibrary/exception/classes/UnknownClassException|,|java+class:///fitlibrary/exception/FitLibraryException|>,|project://fitlibraryforfitnesse-20110301/fitnesse/lib/src/fitlibrarySrc/fitlibrary/exception/classes/UnknownClassException.java|(415,35,<13,2>,<13,37>)>,
  <<|java+class:///fitlibrary/exception/method/VoidMethodException|,|java+class:///fitlibrary/exception/FitLibraryExceptionWithHelp|>,|project://fitlibraryforfitnesse-20110301/fitnesse/lib/src/fitlibrarySrc/fitlibrary/exception/method/VoidMethodException.java|(428,53,<13,8>,<13,61>)>,
  <<|java+class:///rps/exception/RpsException|,|java+class:///java/lang/Exception|>,|project://fitlibraryforfitnesse-20110301/fitnesse/lib/src/rentEzSrc/rps/exception/RpsException.java|(337,9,<15,8>,<15,17>)>,
  <<|java+class:///fitlibrary/exception/classes/NullFromClassFactoryMethod|,|java+class:///fitlibrary/exception/FitLibraryException|>,|project://fitlibraryforfitnesse-20110301/fitnesse/lib/src/fitlibrarySrc/fitlibrary/exception/classes/NullFromClassFactoryMethod.java|(450,56,<15,2>,<15,58>)>,
  <<|java+class:///rps/transactionItems/RemoveForRepairTransactionItem|,|java+class:///rps/transactionItems/TransactionItem|>,|project://fitlibraryforfitnesse-20110301/fitnesse/lib/src/rentEzSrc/rps/transactionItems/RemoveForRepairTransactionItem.java|(329,19,<12,2>,<12,21>)>,
  <<|java+class:///fitlibrary/traverse/function/RuleTable/InputColumnTarget|,|java+class:///fitlibrary/traverse/function/RuleTable/ColumnTarget|>,|project://fitlibraryforfitnesse-20110301/fitnesse/lib/src/fitlibrarySrc/fitlibrary/traverse/function/RuleTable.java|(4306,14,<135,3>,<135,17>)>,
  <<|java+class:///rps/transactionItems/AcceptBookingTransactionItem|,|java+class:///rps/transactionItems/ClientTransactionItem|>,|project://fitlibraryforfitnesse-20110301/fitnesse/lib/src/rentEzSrc/rps/transactionItems/AcceptBookingTransactionItem.java|(616,19,<20,2>,<20,21>)>,
  <<|java+class:///fitlibrary/ImageFixture|,|java+class:///fitlibrary/GridFixture|>,|project://fitlibraryforfitnesse-20110301/fitnesse/lib/src/fitlibrarySrc/fitlibrary/ImageFixture.java|(408,8,<14,2>,<14,10>)>,
  <<|java+class:///fitlibraryGeneric/specify/DomainFixtureUnderTest|,|java+class:///fitlibrary/DomainFixture|>,|project://fitlibraryforfitnesse-20110301/fitnesse/lib/src/fitlibrarySrc/fitlibraryGeneric/specify/DomainFixtureUnderTest.java|(387,26,<12,8>,<12,34>)>,
  <<|java+class:///fit/exception/ClassIsNotFixtureException|,|java+class:///fit/exception/FixtureException|>,|project://fitlibraryforfitnesse-20110301/fitnesse/lib/src/fitlibrarySrc/fit/exception/ClassIsNotFixtureException.java|(570,50,<13,4>,<13,54>)>,
  <<|java+class:///rps/transactionItems/ChangePeriodOfBookingTransactionItem|,|java+class:///rps/transactionItems/ClientTransactionItem|>,|project://fitlibraryforfitnesse-20110301/fitnesse/lib/src/rentEzSrc/rps/transactionItems/ChangePeriodOfBookingTransactionItem.java|(755,19,<24,2>,<24,21>)>,
  <<|java+class:///rps/transactionItems/RefundAccountDollarTransactionItem|,|java+class:///rps/transactionItems/TransactionItem|>,|project://fitlibraryforfitnesse-20110301/fitnesse/lib/src/rentEzSrc/rps/transactionItems/RefundAccountDollarTransactionItem.java|(375,19,<12,2>,<12,21>)>,
  <<|java+class:///rps/transactionItems/BookTransactionItem|,|java+class:///rps/transactionItems/ClientTransactionItem|>,|project://fitlibraryforfitnesse-20110301/fitnesse/lib/src/rentEzSrc/rps/transactionItems/BookTransactionItem.java|(797,19,<26,2>,<26,21>)>,
  <<|java+class:///fitlibrary/exception/table/MissingRowException|,|java+class:///fitlibrary/exception/FitLibraryExceptionWithHelp|>,|project://fitlibraryforfitnesse-20110301/fitnesse/lib/src/fitlibrarySrc/fitlibrary/exception/table/MissingRowException.java|(408,40,<13,2>,<13,42>)>,
  <<|java+class:///fitlibrary/specify/PrimitiveArrayFixtureUnderTestMixed|,|java+class:///fitlibrary/PrimitiveArrayFixture|>,|project://fitlibraryforfitnesse-20110301/fitnesse/lib/src/fitlibrarySrc/fitlibrary/specify/PrimitiveArrayFixtureUnderTestMixed.java|(369,65,<12,8>,<12,73>)>,
  <<|java+class:///fitlibrary/matcher/TableBuilderForTests/TableBuilder|,|java+class:///fitlibrary/matcher/TableElementBuilder|>,|project://fitlibraryforfitnesse-20110301/fitnesse/lib/src/fitlibrarySrc/fitlibrary/matcher/TableBuilderForTests.java|(999,19,<33,3>,<33,22>)>,
  <<|java+class:///fitlibrary/dynamicVariable/GlobalDynamicVariables|,|java+class:///fitlibrary/dynamicVariable/DynamicVariablesMap|>,|project://fitlibraryforfitnesse-20110301/fitnesse/lib/src/fitlibrarySrc/fitlibrary/dynamicVariable/GlobalDynamicVariables.java|(676,24,<23,2>,<23,26>)>,
  <<|java+class:///fitlibrary/specify/calculate/RuleTableExample|,|java+class:///fitlibrary/traverse/function/RuleTable|>,|project://fitlibraryforfitnesse-20110301/fitnesse/lib/src/fitlibrarySrc/fitlibrary/specify/calculate/RuleTableExample.java|(328,17,<13,2>,<13,19>)>,
  <<|java+class:///rps/transactionItems/ReturnItemsTransactionItem|,|java+class:///rps/transactionItems/ClientTransactionItem|>,|project://fitlibraryforfitnesse-20110301/fitnesse/lib/src/rentEzSrc/rps/transactionItems/ReturnItemsTransactionItem.java|(458,19,<15,2>,<15,21>)>,
  <<|java+class:///fitlibrary/runner/CustomRunnerException|,|java+class:///java/lang/RuntimeException|>,|project://fitlibraryforfitnesse-20110301/fitnesse/lib/src/fitlibrarySrc/fitlibrary/runner/CustomRunnerException.java|(353,15,<11,8>,<11,23>)>,
  <<|java+class:///fitlibrary/exception/method/AmbiguousActionException|,|java+class:///fitlibrary/exception/FitLibraryException|>,|project://fitlibraryforfitnesse-20110301/fitnesse/lib/src/fitlibrarySrc/fitlibrary/exception/method/AmbiguousActionException.java|(418,37,<13,2>,<13,39>)>,
  <<|java+class:///fitlibrary/ArrayFixture|,|java+class:///fitlibrary/CollectionFixture|>,|project://fitlibraryforfitnesse-20110301/fitnesse/lib/src/fitlibrarySrc/fitlibrary/ArrayFixture.java|(309,46,<11,2>,<11,48>)>,
  <<|java+class:///fitlibrary/ArrayFixture|,|java+class:///fitlibrary/CollectionFixture|>,|project://fitlibraryforfitnesse-20110301/fitnesse/lib/src/fitlibrarySrc/fitlibrary/ArrayFixture.java|(412,53,<14,5>,<14,58>)>,
  <<|java+class:///rps/transactionItems/ReturnFromRepairTransactionItem|,|java+class:///rps/transactionItems/TransactionItem|>,|project://fitlibraryforfitnesse-20110301/fitnesse/lib/src/rentEzSrc/rps/transactionItems/ReturnFromRepairTransactionItem.java|(331,19,<12,2>,<12,21>)>,
  <<|java+class:///fitlibrary/traverse/workflow/DoTraverse|,|java+class:///fitlibrary/traverse/Traverse|>,|project://fitlibraryforfitnesse-20110301/fitnesse/lib/src/fitlibrarySrc/fitlibrary/traverse/workflow/DoTraverse.java|(3162,11,<74,2>,<74,13>)>,
  <<|java+class:///fitlibrary/traverse/workflow/DoTraverse|,|java+class:///fitlibrary/traverse/Traverse|>,|project://fitlibraryforfitnesse-20110301/fitnesse/lib/src/fitlibrarySrc/fitlibrary/traverse/workflow/DoTraverse.java|(3503,11,<84,2>,<84,13>)>,
  <<|java+class:///fitlibrary/traverse/workflow/DoTraverse|,|java+class:///fitlibrary/traverse/Traverse|>,|project://fitlibraryforfitnesse-20110301/fitnesse/lib/src/fitlibrarySrc/fitlibrary/traverse/workflow/DoTraverse.java|(3325,19,<79,2>,<79,21>)>,
  <<|java+class:///fitlibrary/specify/SequenceFixtureUnderTest|,|java+class:///fitlibrary/SequenceFixture|>,|project://fitlibraryforfitnesse-20110301/fitnesse/lib/src/fitlibrarySrc/fitlibrary/specify/SequenceFixtureUnderTest.java|(478,32,<17,2>,<17,34>)>,
  <<|java+class:///fitlibrary/exception/UnboundTypeException|,|java+class:///fitlibrary/exception/FitLibraryException|>,|project://fitlibraryforfitnesse-20110301/fitnesse/lib/src/fitlibrarySrc/fitlibrary/exception/UnboundTypeException.java|(431,59,<16,2>,<16,61>)>,
  <<|java+class:///fitlibrary/parser/graphic/GraphicParser|,|java+class:///fitlibrary/parser/HtmlStructureParser|>,|project://fitlibraryforfitnesse-20110301/fitnesse/lib/src/fitlibrarySrc/fitlibrary/parser/graphic/GraphicParser.java|(740,13,<23,8>,<23,21>)>,
  <<|java+class:///fitlibrary/collection/list/ListTraverse|,|java+class:///fitlibrary/collection/CollectionTraverse|>,|project://fitlibraryforfitnesse-20110301/fitnesse/lib/src/fitlibrarySrc/fitlibrary/collection/list/ListTraverse.java|(1420,12,<39,2>,<39,14>)>,
  <<|java+class:///fitlibrary/collection/list/ListTraverse|,|java+class:///fitlibrary/collection/CollectionTraverse|>,|project://fitlibraryforfitnesse-20110301/fitnesse/lib/src/fitlibrarySrc/fitlibrary/collection/list/ListTraverse.java|(1296,11,<33,2>,<33,13>)>,
  <<|java+class:///fitlibrary/collection/list/ListTraverse|,|java+class:///fitlibrary/collection/CollectionTraverse|>,|project://fitlibraryforfitnesse-20110301/fitnesse/lib/src/fitlibrarySrc/fitlibrary/collection/list/ListTraverse.java|(1367,19,<36,2>,<36,21>)>,
  <<|java+class:///fitlibrary/parser/lookup/ParseDelegation/DelegateObjectSuperParser|,|java+class:///fitlibrary/parser/lookup/ParseDelegation/AbstractDelegateObjectParser|>,|project://fitlibraryforfitnesse-20110301/fitnesse/lib/src/fitlibrarySrc/fitlibrary/parser/lookup/ParseDelegation.java|(4448,21,<117,6>,<117,27>)>,
  <<|java+class:///fitlibrary/specify/SubsetFixtureUnderTest|,|java+class:///fitlibrary/SubsetFixture|>,|project://fitlibraryforfitnesse-20110301/fitnesse/lib/src/fitlibrarySrc/fitlibrary/specify/SubsetFixtureUnderTest.java|(308,46,<9,2>,<9,48>)>,
  <<|java+class:///fitlibrary/exception/parse/InvalidMapString|,|java+class:///fitlibrary/exception/parse/ParseException|>,|project://fitlibraryforfitnesse-20110301/fitnesse/lib/src/fitlibrarySrc/fitlibrary/exception/parse/InvalidMapString.java|(338,40,<11,2>,<11,42>)>,
  <<|java+class:///fitlibrary/traverse/CompareFilesTraverse/ListTreeError|,|java+class:///fitlibrary/parser/tree/ListTree|>,|project://fitlibraryforfitnesse-20110301/fitnesse/lib/src/fitlibrarySrc/fitlibrary/traverse/CompareFilesTraverse.java|(6393,21,<171,12>,<171,33>)>,
  <<|java+class:///fitlibrary/traverse/CompareFilesTraverse/ListTreeError|,|java+class:///fitlibrary/parser/tree/ListTree|>,|project://fitlibraryforfitnesse-20110301/fitnesse/lib/src/fitlibrarySrc/fitlibrary/traverse/CompareFilesTraverse.java|(6237,21,<167,12>,<167,33>)>,
  <<|java+class:///DiscountGroupArrayList|,|java+class:///fitlibrary/ArrayFixture|>,|project://fitlibraryforfitnesse-20110301/fitnesse/lib/src/fitbookSrc/DiscountGroupArrayList.java|(340,46,<12,2>,<12,48>)>,
  <<|java+class:///fitlibrary/utility/StringTablesPair|,|java+class:///fitlibrary/utility/Pair|>,|project://fitlibraryforfitnesse-20110301/fitnesse/lib/src/fitlibrarySrc/fitlibrary/utility/StringTablesPair.java|(358,31,<13,2>,<13,33>)>,
  <<|java+class:///fitlibrary/utility/StringTablesPair|,|java+class:///fitlibrary/utility/Pair|>,|project://fitlibraryforfitnesse-20110301/fitnesse/lib/src/fitlibrarySrc/fitlibrary/utility/StringTablesPair.java|(450,16,<16,2>,<16,18>)>,
  <<|java+class:///rps/transactionItems/MaintenanceCompleteTransactionItem|,|java+class:///rps/transactionItems/TransactionItem|>,|project://fitlibraryforfitnesse-20110301/fitnesse/lib/src/rentEzSrc/rps/transactionItems/MaintenanceCompleteTransactionItem.java|(420,19,<13,2>,<13,21>)>,
  <<|java+class:///rps/transactionItems/RentalTransactionItem|,|java+class:///rps/transactionItems/ClientTransactionItem|>,|project://fitlibraryforfitnesse-20110301/fitnesse/lib/src/rentEzSrc/rps/transactionItems/RentalTransactionItem.java|(480,19,<16,2>,<16,21>)>,
  <<|java+class:///rps/transaction/AdminTransaction|,|java+class:///rps/transaction/Transaction|>,|project://fitlibraryforfitnesse-20110301/fitnesse/lib/src/rentEzSrc/rps/transaction/AdminTransaction.java|(1162,35,<32,2>,<32,37>)>,
  <<|java+class:///rps/transactionItems/ChangeDeliveryRateTransactionItem|,|java+class:///rps/transactionItems/TransactionItem|>,|project://fitlibraryforfitnesse-20110301/fitnesse/lib/src/rentEzSrc/rps/transactionItems/ChangeDeliveryRateTransactionItem.java|(432,19,<15,2>,<15,21>)>,
  <<|java+class:///fit/exception/FitFailureException|,|java+class:///java/lang/RuntimeException|>,|project://fitlibraryforfitnesse-20110301/fitnesse/lib/src/fitlibrarySrc/fit/exception/FitFailureException.java|(759,9,<21,4>,<21,13>)>,
  <<|java+class:///rps/transactionItems/ChangeDeliveryTransactionItem|,|java+class:///rps/transactionItems/ClientTransactionItem|>,|project://fitlibraryforfitnesse-20110301/fitnesse/lib/src/rentEzSrc/rps/transactionItems/ChangeDeliveryTransactionItem.java|(573,19,<22,2>,<22,21>)>,
  <<|java+class:///fitlibrary/exception/classes/NotSubclassFromClassFactoryMethod|,|java+class:///fitlibrary/exception/FitLibraryException|>,|project://fitlibraryforfitnesse-20110301/fitnesse/lib/src/fitlibrarySrc/fitlibrary/exception/classes/NotSubclassFromClassFactoryMethod.java|(481,91,<15,2>,<15,93>)>,
  <<|java+class:///rps/person/StaffMember|,|java+class:///rps/person/Person|>,|project://fitlibraryforfitnesse-20110301/fitnesse/lib/src/rentEzSrc/rps/person/StaffMember.java|(640,34,<22,2>,<22,36>)>,
  <<|java+class:///rps/person/StaffMember|,|java+class:///rps/person/Person|>,|project://fitlibraryforfitnesse-20110301/fitnesse/lib/src/rentEzSrc/rps/person/StaffMember.java|(886,34,<28,2>,<28,36>)>,
  <<|java+class:///rps/person/StaffMember|,|java+class:///rps/person/Person|>,|project://fitlibraryforfitnesse-20110301/fitnesse/lib/src/rentEzSrc/rps/person/StaffMember.java|(456,34,<17,2>,<17,36>)>,
  <<|java+class:///fitlibrary/definedAction/DefineActionsOnPage|,|java+class:///fitlibrary/definedAction/DefineActionsOnPageSlowly|>,|project://fitlibraryforfitnesse-20110301/fitnesse/lib/src/fitlibrarySrc/fitlibrary/definedAction/DefineActionsOnPage.java|(716,27,<21,2>,<21,29>)>,
  <<|java+class:///fitlibrary/eg/chat/ChatStart|,|java+class:///fitlibrary/DoFixture|>,|project://fitlibraryforfitnesse-20110301/fitnesse/lib/src/fitlibrarySrc/fitlibrary/eg/chat/ChatStart.java|(344,31,<15,2>,<15,33>)>,
  <<|java+class:///fitlibrary/runner/CustomRunner|,|java+class:///fitlibrary/runner/MakeParse|>,|project://fitlibraryforfitnesse-20110301/fitnesse/lib/src/fitlibrarySrc/fitlibrary/runner/CustomRunner.java|(799,20,<26,2>,<26,22>)>,
  <<|java+class:///fitlibrary/specify/SetFixtureUnderTestGraphics|,|java+class:///fitlibrary/SetFixture|>,|project://fitlibraryforfitnesse-20110301/fitnesse/lib/src/fitlibrarySrc/fitlibrary/specify/SetFixtureUnderTestGraphics.java|(315,295,<9,2>,<12,91>)>,
  <<|java+class:///fitlibrary/exception/NoSystemUnderTestException|,|java+class:///fitlibrary/exception/FitLibraryException|>,|project://fitlibraryforfitnesse-20110301/fitnesse/lib/src/fitlibrarySrc/fitlibrary/exception/NoSystemUnderTestException.java|(358,46,<11,8>,<11,54>)>,
  <<|java+class:///fitlibrary/traverse/CompareFilesTraverse|,|java+class:///fitlibrary/traverse/workflow/DoTraverse|>,|project://fitlibraryforfitnesse-20110301/fitnesse/lib/src/fitlibrarySrc/fitlibrary/traverse/CompareFilesTraverse.java|(794,11,<27,5>,<27,16>)>,
  <<|java+class:///fitlibrary/collection/CollectionTraverse|,|java+class:///fitlibrary/traverse/Traverse|>,|project://fitlibraryforfitnesse-20110301/fitnesse/lib/src/fitlibrarySrc/fitlibrary/collection/CollectionTraverse.java|(1467,11,<43,2>,<43,13>)>,
  <<|java+class:///fitlibrary/collection/CollectionTraverse|,|java+class:///fitlibrary/traverse/Traverse|>,|project://fitlibraryforfitnesse-20110301/fitnesse/lib/src/fitlibrarySrc/fitlibrary/collection/CollectionTraverse.java|(1387,11,<40,2>,<40,13>)>,
  <<|java+class:///fitlibrary/differences/FolderRunnerGlobalFile|,|java+class:///fitlibrary/differences/FolderRunnerLocalFile|>,|project://fitlibraryforfitnesse-20110301/fitnesse/lib/src/fitlibrarySrc/fitlibrary/differences/FolderRunnerGlobalFile.java|(398,16,<15,2>,<15,18>)>,
  <<|java+class:///fitlibrary/differences/FolderRunnerGlobalFile|,|java+class:///fitlibrary/differences/FolderRunnerLocalFile|>,|project://fitlibraryforfitnesse-20110301/fitnesse/lib/src/fitlibrarySrc/fitlibrary/differences/FolderRunnerGlobalFile.java|(327,12,<12,2>,<12,14>)>,
  <<|java+class:///fitlibrary/collection/set/SetTraverse|,|java+class:///fitlibrary/collection/CollectionTraverse|>,|project://fitlibraryforfitnesse-20110301/fitnesse/lib/src/fitlibrarySrc/fitlibrary/collection/set/SetTraverse.java|(1203,12,<35,2>,<35,14>)>,
  <<|java+class:///fitlibrary/collection/set/SetTraverse|,|java+class:///fitlibrary/collection/CollectionTraverse|>,|project://fitlibraryforfitnesse-20110301/fitnesse/lib/src/fitlibrarySrc/fitlibrary/collection/set/SetTraverse.java|(1151,19,<32,2>,<32,21>)>,
  <<|java+class:///fitlibrary/collection/set/SetTraverse|,|java+class:///fitlibrary/collection/CollectionTraverse|>,|project://fitlibraryforfitnesse-20110301/fitnesse/lib/src/fitlibrarySrc/fitlibrary/collection/set/SetTraverse.java|(1081,11,<29,2>,<29,13>)>,
  <<|java+class:///rps/exception/DuplicateException|,|java+class:///rps/exception/RpsException|>,|project://fitlibraryforfitnesse-20110301/fitnesse/lib/src/rentEzSrc/rps/exception/DuplicateException.java|(354,9,<16,8>,<16,17>)>,
  <<|java+class:///rps/Rental|,|java+class:///rps/Use|>,|project://fitlibraryforfitnesse-20110301/fitnesse/lib/src/rentEzSrc/rps/Rental.java|(302,40,<12,2>,<12,42>)>,
  <<|java+class:///fitlibrary/exception/table/MissingCellsException|,|java+class:///fitlibrary/exception/FitLibraryExceptionWithHelp|>,|project://fitlibraryforfitnesse-20110301/fitnesse/lib/src/fitlibrarySrc/fitlibrary/exception/table/MissingCellsException.java|(417,62,<13,4>,<13,66>)>,
  <<|java+class:///fit/exception/NoDefaultConstructorFixtureException|,|java+class:///fit/exception/FixtureException|>,|project://fitlibraryforfitnesse-20110301/fitnesse/lib/src/fitlibrarySrc/fit/exception/NoDefaultConstructorFixtureException.java|(434,60,<10,4>,<10,64>)>,
  <<|java+class:///fitlibrary/tableOnParse/RowOnParse|,|java+class:///fitlibrary/tableOnParse/TableElementOnParse|>,|project://fitlibraryforfitnesse-20110301/fitnesse/lib/src/fitlibrarySrc/fitlibrary/tableOnParse/RowOnParse.java|(853,13,<26,8>,<26,21>)>,
  <<|java+class:///fitlibrary/exception/parse/ParseException|,|java+class:///fitlibrary/exception/FitLibraryException|>,|project://fitlibraryforfitnesse-20110301/fitnesse/lib/src/fitlibrarySrc/fitlibrary/exception/parse/ParseException.java|(426,9,<15,2>,<15,11>)>,
  <<|java+class:///BuyActionSequence|,|java+class:///fitlibrary/SequenceFixture|>,|project://fitlibraryforfitnesse-20110301/fitnesse/lib/src/fitbookSrc/BuyActionSequence.java|(361,34,<14,2>,<14,36>)>,
  <<|java+class:///fit/RowFixtureTest|,|java+class:///junit/framework/TestCase|>,|project://fitlibraryforfitnesse-20110301/fitnesse/lib/src/fitlibrarySrc/fit/RowFixtureTest.java|(739,12,<30,2>,<30,14>)>,
  <<|java+class:///fitlibrary/exception/parse/NoValueProvidedException|,|java+class:///fitlibrary/exception/parse/ParseException|>,|project://fitlibraryforfitnesse-20110301/fitnesse/lib/src/fitlibrarySrc/fitlibrary/exception/parse/NoValueProvidedException.java|(346,27,<11,2>,<11,29>)>,
  <<|java+class:///fitlibrary/spec/filter/StackTraceFilter|,|java+class:///fitlibrary/spec/filter/Filter|>,|project://fitlibraryforfitnesse-20110301/fitnesse/lib/src/fitlibrarySrc/fitlibrary/spec/filter/StackTraceFilter.java|(164,40,<7,2>,<7,42>)>,
  <<|java+class:///fitlibrary/spec/matcher/ImageSrcMatcher|,|java+class:///fitlibrary/spec/matcher/Matcher|>,|project://fitlibraryforfitnesse-20110301/fitnesse/lib/src/fitlibrarySrc/fitlibrary/spec/matcher/ImageSrcMatcher.java|(164,31,<7,2>,<7,33>)>,
  <<|java+class:///fitlibrary/parser/FailingDelegateParser|,|java+class:///fitlibrary/parser/DelegateParser|>,|project://fitlibraryforfitnesse-20110301/fitnesse/lib/src/fitlibrarySrc/fitlibrary/parser/FailingDelegateParser.java|(384,12,<12,2>,<12,14>)>,
  <<|java+class:///rps/transactionItems/DeleteDeliveryRateTransactionItem|,|java+class:///rps/transactionItems/TransactionItem|>,|project://fitlibraryforfitnesse-20110301/fitnesse/lib/src/rentEzSrc/rps/transactionItems/DeleteDeliveryRateTransactionItem.java|(344,19,<12,2>,<12,21>)>,
  <<|java+class:///fitlibrary/exception/FitLibraryException|,|java+class:///java/lang/RuntimeException|>,|project://fitlibraryforfitnesse-20110301/fitnesse/lib/src/fitlibrarySrc/fitlibrary/exception/FitLibraryException.java|(402,9,<14,2>,<14,11>)>,
  <<|java+class:///fitlibrary/exception/FitLibraryException|,|java+class:///java/lang/RuntimeException|>,|project://fitlibraryforfitnesse-20110301/fitnesse/lib/src/fitlibrarySrc/fitlibrary/exception/FitLibraryException.java|(341,9,<11,2>,<11,11>)>,
  <<|java+class:///DiscountGroupSubsetList|,|java+class:///fitlibrary/SubsetFixture|>,|project://fitlibraryforfitnesse-20110301/fitnesse/lib/src/fitbookSrc/DiscountGroupSubsetList.java|(343,46,<12,2>,<12,48>)>,
  <<|java+class:///fitlibraryGeneric/set/SetParser2|,|java+class:///fitlibrary/parser/collection/SetParser|>,|project://fitlibraryforfitnesse-20110301/fitnesse/lib/src/fitlibrarySrc/fitlibraryGeneric/set/SetParser2.java|(1009,25,<29,8>,<29,33>)>,
  <<|java+class:///fitbook/BuyActionsDoDirect|,|java+class:///fitlibrary/DoFixture|>,|project://fitlibraryforfitnesse-20110301/fitnesse/lib/src/fitlibrarySrc/fitbook/BuyActionsDoDirect.java|(385,34,<16,2>,<16,36>)>,
  <<|java+class:///fitlibrary/exception/AbandonException|,|java+class:///java/lang/RuntimeException|>,|project://fitlibraryforfitnesse-20110301/fitnesse/lib/src/fitlibrarySrc/fitlibrary/exception/AbandonException.java|(200,17,<7,2>,<7,19>)>,
  <<|java+class:///fitlibrary/exception/method/AmbiguousNameException|,|java+class:///fitlibrary/exception/FitLibraryExceptionWithHelp|>,|project://fitlibraryforfitnesse-20110301/fitnesse/lib/src/fitlibrarySrc/fitlibrary/exception/method/AmbiguousNameException.java|(415,57,<13,2>,<13,59>)>,
  <<|java+class:///fit/decorator/performance/TimeRange|,|java+class:///fit/decorator/performance/TimeBasedFixtureDecorator|>,|project://fitlibraryforfitnesse-20110301/fitnesse/lib/src/fitlibrarySrc/fit/decorator/performance/TimeRange.java|(409,8,<15,2>,<15,10>)>,
  <<|java+class:///fit/decorator/performance/TimeRange|,|java+class:///fit/decorator/performance/TimeBasedFixtureDecorator|>,|project://fitlibraryforfitnesse-20110301/fitnesse/lib/src/fitlibrarySrc/fit/decorator/performance/TimeRange.java|(458,17,<19,2>,<19,19>)>,
  <<|java+class:///fitlibrary/specify/DoFixtureUnderTest|,|java+class:///fitlibrary/DoFixture|>,|project://fitlibraryforfitnesse-20110301/fitnesse/lib/src/fitlibrarySrc/fitlibrary/specify/DoFixtureUnderTest.java|(362,32,<14,2>,<14,34>)>,
  <<|java+class:///fitlibrary/exception/table/SingleNestedTableExpected|,|java+class:///fitlibrary/exception/FitLibraryException|>,|project://fitlibraryforfitnesse-20110301/fitnesse/lib/src/fitlibrarySrc/fitlibrary/exception/table/SingleNestedTableExpected.java|(414,38,<13,8>,<13,46>)>,
  <<|java+class:///fitlibrary/exception/table/MissingTableException|,|java+class:///fitlibrary/exception/FitLibraryException|>,|project://fitlibraryforfitnesse-20110301/fitnesse/lib/src/fitlibrarySrc/fitlibrary/exception/table/MissingTableException.java|(397,23,<13,2>,<13,25>)>,
  <<|java+class:///rps/Booking|,|java+class:///rps/Use|>,|project://fitlibraryforfitnesse-20110301/fitnesse/lib/src/rentEzSrc/rps/Booking.java|(369,40,<17,2>,<17,42>)>
]