[
  <<|java+class:///org/exoplatform/services/portletcontainer/impl/portletAPIImp/PortletRequestImp|,|java+interface:///java/util/Map|>,{
    |java+interface:///javax/portlet/PortletRequest|,
    |java+interface:///org/exoplatform/services/portletcontainer/ExoPortletRequest|,
    |java+class:///javax/servlet/http/HttpServletRequestWrapper|
  },|project://exoportal-v1.0.2/services/jcr/impl/src/java/org/exoplatform/services/jcr/impl/storage/inmemory/RepositoryManagerImpl.java|(6343,53,<181,11>,<181,64>)>,
  <<|java+class:///org/exoplatform/services/portletcontainer/impl/portletAPIImp/PortletRequestImp|,|java+interface:///java/util/Map|>,{
    |java+interface:///javax/portlet/PortletRequest|,
    |java+interface:///org/exoplatform/services/portletcontainer/ExoPortletRequest|,
    |java+class:///javax/servlet/http/HttpServletRequestWrapper|
  },|project://exoportal-v1.0.2/services/jcr/impl/src/java/org/exoplatform/services/jcr/impl/storage/inmemory/RepositoryManagerImpl.java|(6479,49,<185,11>,<185,60>)>,
  <<|java+class:///org/exoplatform/services/portletcontainer/impl/portletAPIImp/PortletRequestImp|,|java+interface:///java/util/Map|>,{
    |java+interface:///javax/portlet/PortletRequest|,
    |java+interface:///org/exoplatform/services/portletcontainer/ExoPortletRequest|,
    |java+class:///javax/servlet/http/HttpServletRequestWrapper|
  },|project://exoportal-v1.0.2/commons/src/java/org/exoplatform/text/template/ReflectionBeanDataHandler.java|(1914,21,<60,20>,<60,41>)>,
  <<|java+class:///org/exoplatform/services/portletcontainer/impl/PortletContainerServiceImpl|,|java+interface:///org/exoplatform/services/portletcontainer/PortletContainerService|>,{|java+interface:///org/picocontainer/Startable|},|project://exoportal-v1.0.2/portlets/core/wsrp/src/java/org/exoplatform/portlets/wsrp/component/UIProducerForm.java|(2935,146,<65,6>,<66,89>)>,
  <<|java+class:///org/exoplatform/services/portal/impl/PortletPreferencesPersisterImpl|,|java+interface:///org/exoplatform/services/portletcontainer/persistence/PortletPreferencesPersister|>,{|java+interface:///java/io/Serializable|},|project://exoportal-v1.0.2/services/portlet-container/impl/src/java/org/exoplatform/services/portletcontainer/impl/portletAPIImp/persistenceImp/DefaultPersistenceManager.java|(2528,101,<57,8>,<57,109>)>,
  <<|java+class:///org/exoplatform/services/portletcontainer/impl/portletAPIImp/PortletPreferencesImp|,|java+interface:///javax/portlet/PortletPreferences|>,{|java+interface:///java/io/Serializable|},|project://exoportal-v1.0.2/services/portlet-container/impl/src/java/org/exoplatform/services/portletcontainer/impl/portletAPIImp/persistenceImp/DefaultPersistenceManager.java|(3342,53,<76,53>,<76,106>)>,
  <<|java+class:///org/exoplatform/faces/core/component/UINode|,|java+interface:///org/exoplatform/faces/core/component/Node|>,{|java+class:///org/exoplatform/faces/core/component/UIExoComponentBase|},|project://exoportal-v1.0.2/jsf-components/src/java/org/exoplatform/faces/core/renderer/html/NodeTreeMenuRenderer.java|(2294,8,<57,19>,<57,27>)>,
  <<|java+class:///org/exoplatform/portal/faces/component/UIPortal|,|java+interface:///org/exoplatform/portal/session/ExoPortal|>,{
    |java+class:///org/exoplatform/portal/faces/component/UIBasicComponent|,
    |java+interface:///org/exoplatform/faces/core/component/InformationProvider|
  },|project://exoportal-v1.0.2/portlets/core/content/src/java/org/exoplatform/portlets/content/display/component/UIContentEditor.java|(3129,57,<75,25>,<75,82>)>,
  <<|java+class:///org/exoplatform/portal/faces/component/UIPortal|,|java+interface:///org/exoplatform/portal/session/ExoPortal|>,{
    |java+class:///org/exoplatform/portal/faces/component/UIBasicComponent|,
    |java+interface:///org/exoplatform/faces/core/component/InformationProvider|
  },|project://exoportal-v1.0.2/portlets/core/content/src/java/org/exoplatform/portlets/content/display/component/UIContentTab.java|(1974,57,<50,23>,<50,80>)>,
  <<|java+class:///org/exoplatform/services/jcr/impl/core/NodeImpl|,|java+interface:///org/exoplatform/services/jcr/core/NodeData|>,{|java+class:///org/exoplatform/services/jcr/impl/core/ItemImpl|},|project://exoportal-v1.0.2/services/jcr/impl/src/java/org/exoplatform/services/jcr/impl/core/NodesModificationManager.java|(6314,25,<148,33>,<148,58>)>,
  <<|java+class:///org/exoplatform/services/indexing/impl/IndexingServiceImpl|,|java+interface:///org/exoplatform/services/indexing/IndexingService|>,{
    |java+interface:///org/exoplatform/services/task/Task|,
    |java+interface:///org/picocontainer/Startable|
  },|project://exoportal-v1.0.2/services/indexing/impl/src/test/org/exoplatform/services/indexing/test/TestIndexingService.java|(1301,78,<32,17>,<32,95>)>,
  <<|java+class:///org/exoplatform/portal/faces/component/UIPortal|,|java+interface:///org/exoplatform/portal/session/ExoPortal|>,{
    |java+class:///org/exoplatform/portal/faces/component/UIBasicComponent|,
    |java+interface:///org/exoplatform/faces/core/component/InformationProvider|
  },|project://exoportal-v1.0.2/portlets/core/navigation/src/java/org/exoplatform/portlets/nav/component/UIMenu.java|(2263,58,<45,23>,<45,81>)>,
  <<|java+class:///org/exoplatform/portal/faces/component/UIPortal|,|java+interface:///org/exoplatform/portal/session/ExoPortal|>,{
    |java+class:///org/exoplatform/portal/faces/component/UIBasicComponent|,
    |java+interface:///org/exoplatform/faces/core/component/InformationProvider|
  },|project://exoportal-v1.0.2/portlets/core/navigation/src/java/org/exoplatform/portlets/nav/component/UIMenu.java|(6423,58,<137,25>,<137,83>)>,
  <<|java+class:///org/exoplatform/portal/faces/component/UIPortal|,|java+interface:///org/exoplatform/portal/session/ExoPortal|>,{
    |java+class:///org/exoplatform/portal/faces/component/UIBasicComponent|,
    |java+interface:///org/exoplatform/faces/core/component/InformationProvider|
  },|project://exoportal-v1.0.2/portlets/core/navigation/src/java/org/exoplatform/portlets/nav/component/UIMenu.java|(6801,58,<145,25>,<145,83>)>,
  <<|java+class:///org/exoplatform/services/organization/hibernate/OrganizationServiceImpl|,|java+interface:///org/exoplatform/services/organization/OrganizationService|>,{|java+interface:///org/picocontainer/Startable|},|project://exoportal-v1.0.2/portlets/core/exomvc/src/java/org/exoplatform/portlets/exomvc/velocity/ListUserPage.java|(1177,84,<28,6>,<28,90>)>,
  <<|java+class:///org/exoplatform/services/portal/impl/PortalMembershipEventListener|,|java+class:///org/exoplatform/services/organization/MembershipEventListener|>,{|java+interface:///org/picocontainer/Startable|},|project://exoportal-v1.0.2/services/organization/impl/src/java/org/exoplatform/services/organization/ldap/MembershipHandler.java|(10578,49,<325,38>,<326,12>)>,
  <<|java+class:///org/exoplatform/services/portal/impl/PortalMembershipEventListener|,|java+class:///org/exoplatform/services/organization/MembershipEventListener|>,{|java+interface:///org/picocontainer/Startable|},|project://exoportal-v1.0.2/services/organization/impl/src/java/org/exoplatform/services/organization/ldap/MembershipHandler.java|(10965,49,<336,38>,<337,12>)>,
  <<|java+class:///org/exoplatform/services/portal/impl/PortalMembershipEventListener|,|java+class:///org/exoplatform/services/organization/MembershipEventListener|>,{|java+interface:///org/picocontainer/Startable|},|project://exoportal-v1.0.2/services/organization/impl/src/java/org/exoplatform/services/organization/ldap/MembershipHandler.java|(11343,49,<347,38>,<348,12>)>,
  <<|java+class:///org/exoplatform/services/portal/impl/PortalMembershipEventListener|,|java+class:///org/exoplatform/services/organization/MembershipEventListener|>,{|java+interface:///org/picocontainer/Startable|},|project://exoportal-v1.0.2/services/organization/impl/src/java/org/exoplatform/services/organization/ldap/MembershipHandler.java|(11728,49,<358,38>,<359,12>)>,
  <<|java+class:///org/exoplatform/services/jcr/impl/core/PropertyImpl|,|java+interface:///javax/jcr/Property|>,{|java+class:///org/exoplatform/services/jcr/impl/core/ItemImpl|},|project://exoportal-v1.0.2/services/jcr/impl/src/java/org/exoplatform/services/jcr/impl/util/EntityCollection.java|(2944,22,<133,11>,<133,33>)>,
  <<|java+class:///org/exoplatform/services/organization/hibernate/OrganizationServiceListenerImpl|,|java+class:///org/exoplatform/services/organization/OrganizationServiceListener|>,{|java+interface:///org/picocontainer/Startable|},|project://exoportal-v1.0.2/services/organization/impl/src/java/org/exoplatform/services/organization/ldap/OrganizationServiceImpl.java|(9010,53,<290,42>,<291,12>)>,
  <<|java+class:///org/exoplatform/services/jcr/impl/core/PropertyImpl|,|java+interface:///javax/jcr/Property|>,{|java+class:///org/exoplatform/services/jcr/impl/core/ItemImpl|},|project://exoportal-v1.0.2/services/jcr/impl/src/java/org/exoplatform/services/jcr/impl/core/NodeImpl.java|(52986,28,<1336,22>,<1336,50>)>,
  <<|java+class:///org/exoplatform/services/communication/sms/model/MessageImpl|,|java+interface:///org/exoplatform/services/communication/sms/model/Message|>,{|java+interface:///java/io/Serializable|},|project://exoportal-v1.0.2/services/communication/impl/src/java/org/exoplatform/services/communication/sms/provider/prodat/ProdatResponseImpl.java|(4865,18,<118,28>,<118,46>)>,
  <<|java+class:///org/exoplatform/services/communication/sms/model/RecipientImpl|,|java+interface:///org/exoplatform/services/communication/sms/model/Recipient|>,{|java+interface:///java/io/Serializable|},|project://exoportal-v1.0.2/services/communication/impl/src/java/org/exoplatform/services/communication/sms/provider/prodat/ProdatResponseImpl.java|(4999,20,<120,34>,<120,54>)>,
  <<|java+class:///org/exoplatform/services/communication/message/impl/MessageImpl|,|java+interface:///org/exoplatform/services/communication/message/Message|>,{|java+class:///org/exoplatform/services/communication/message/impl/MessageHeaderImpl|},|project://exoportal-v1.0.2/services/communication/impl/src/java/org/exoplatform/services/communication/message/impl/MessageServiceImpl.java|(9460,56,<226,9>,<226,65>)>,
  <<|java+class:///org/exoplatform/services/communication/message/impl/BaseMessageProtocolPlugin|,|java+interface:///org/exoplatform/services/communication/message/MessageProtocolPlugin|>,{|java+interface:///org/picocontainer/Startable|},|project://exoportal-v1.0.2/services/communication/impl/src/java/org/exoplatform/services/communication/message/impl/MessageServiceImpl.java|(11490,58,<278,6>,<278,64>)>,
  <<|java+class:///org/exoplatform/services/communication/message/impl/BaseMessageProtocolPlugin|,|java+interface:///org/exoplatform/services/communication/message/MessageProtocolPlugin|>,{|java+interface:///org/picocontainer/Startable|},|project://exoportal-v1.0.2/services/communication/impl/src/java/org/exoplatform/services/communication/message/impl/MessageServiceImpl.java|(12002,58,<291,6>,<291,64>)>,
  <<|java+class:///org/exoplatform/portal/faces/component/UIPortal|,|java+interface:///org/exoplatform/portal/session/ExoPortal|>,{
    |java+class:///org/exoplatform/portal/faces/component/UIBasicComponent|,
    |java+interface:///org/exoplatform/faces/core/component/InformationProvider|
  },|project://exoportal-v1.0.2/portlets/core/navigation/src/java/org/exoplatform/portlets/nav/renderer/html/ExoMenuTreeRenderer.java|(1471,65,<31,23>,<31,88>)>,
  <<|java+class:///org/exoplatform/container/monitor/jvm/v14/JVMRuntimeInfoImpl|,|java+interface:///org/exoplatform/container/monitor/jvm/JVMRuntimeInfo|>,{|java+interface:///org/picocontainer/Startable|},|project://exoportal-v1.0.2/container/src/test/org/exoplatform/container/configuration/test/TestConfigurationService.java|(1705,92,<42,6>,<42,98>)>,
  <<|java+class:///org/exoplatform/services/indexing/BaseIndexerPlugin|,|java+interface:///org/exoplatform/services/indexing/IndexerPlugin|>,{|java+interface:///org/picocontainer/Startable|},|project://exoportal-v1.0.2/jsf-components/src/java/org/exoplatform/faces/search/component/UIAdvancedSearch.java|(2581,24,<59,28>,<59,52>)>,
  <<|java+class:///org/exoplatform/services/wsrp/consumer/impl/ProducerImpl|,|java+interface:///org/exoplatform/services/wsrp/consumer/Producer|>,{|java+interface:///java/io/Serializable|},|project://exoportal-v1.0.2/portlets/core/wsrp/src/java/org/exoplatform/portlets/wsrp/UIProducers.java|(984,19,<33,26>,<33,45>)>,
  <<|java+class:///org/exoplatform/services/wsrp/consumer/impl/ProducerImpl|,|java+interface:///java/io/Serializable|>,{|java+interface:///org/exoplatform/services/wsrp/consumer/Producer|},|project://exoportal-v1.0.2/services/database/impl/src/java/org/exoplatform/services/database/impl/ExoCachePlugin.java|(1117,17,<30,22>,<30,39>)>,
  <<|java+class:///org/exoplatform/services/communication/sms/model/MessagesImpl|,|java+interface:///java/io/Serializable|>,{
    |java+interface:///org/exoplatform/services/communication/sms/model/Messages|,
    |java+class:///java/util/ArrayList|
  },|project://exoportal-v1.0.2/services/database/impl/src/java/org/exoplatform/services/database/impl/ExoCachePlugin.java|(1414,17,<39,15>,<39,32>)>,
  <<|java+class:///org/exoplatform/services/wsrp/consumer/impl/ProducerImpl|,|java+interface:///java/io/Serializable|>,{|java+interface:///org/exoplatform/services/wsrp/consumer/Producer|},|project://exoportal-v1.0.2/services/database/impl/src/java/org/exoplatform/services/database/impl/ExoCachePlugin.java|(1693,17,<48,18>,<48,35>)>,
  <<|java+class:///org/exoplatform/services/organization/hibernate/OrganizationServiceImpl|,|java+interface:///org/exoplatform/services/organization/OrganizationService|>,{|java+interface:///org/picocontainer/Startable|},|project://exoportal-v1.0.2/portal/impl/src/java/org/exoplatform/faces/user/validator/ValidGroupValidator.java|(1524,85,<31,6>,<31,91>)>,
  <<|java+class:///org/exoplatform/services/communication/message/impl/MessageImpl|,|java+interface:///org/exoplatform/services/communication/message/Message|>,{|java+class:///org/exoplatform/services/communication/message/impl/MessageHeaderImpl|},|project://exoportal-v1.0.2/services/communication/impl/src/test/org/exoplatform/services/communication/message/test/TestMessageService.java|(8082,39,<185,47>,<185,86>)>,
  <<|java+class:///org/exoplatform/services/communication/message/impl/MessageImpl|,|java+interface:///org/exoplatform/services/communication/message/Message|>,{|java+class:///org/exoplatform/services/communication/message/impl/MessageHeaderImpl|},|project://exoportal-v1.0.2/services/communication/impl/src/test/org/exoplatform/services/communication/message/test/TestMessageService.java|(8575,39,<194,53>,<194,92>)>,
  <<|java+class:///org/exoplatform/services/communication/message/impl/MessageImpl|,|java+interface:///org/exoplatform/services/communication/message/Message|>,{|java+class:///org/exoplatform/services/communication/message/impl/MessageHeaderImpl|},|project://exoportal-v1.0.2/services/communication/impl/src/test/org/exoplatform/services/communication/message/test/TestMessageService.java|(8896,39,<199,42>,<199,81>)>,
  <<|java+class:///org/exoplatform/services/communication/message/impl/MessageImpl|,|java+interface:///org/exoplatform/services/communication/message/Message|>,{|java+class:///org/exoplatform/services/communication/message/impl/MessageHeaderImpl|},|project://exoportal-v1.0.2/services/communication/impl/src/test/org/exoplatform/services/communication/message/test/TestMessageService.java|(9062,39,<203,27>,<203,66>)>,
  <<|java+class:///org/exoplatform/services/organization/hibernate/OrganizationServiceImpl|,|java+interface:///org/exoplatform/services/organization/OrganizationService|>,{|java+interface:///org/picocontainer/Startable|},|project://exoportal-v1.0.2/portal/impl/src/java/org/exoplatform/faces/user/validator/ValidUserValidator.java|(1526,85,<32,6>,<32,91>)>,
  <<|java+class:///org/exoplatform/services/portletcontainer/impl/portletAPIImp/PortletSessionImp|,|java+interface:///javax/portlet/PortletSession|>,{|java+class:///org/exoplatform/commons/map/AbstractMap|},|project://exoportal-v1.0.2/portlet-framework/jsf/src/java/org/exoplatform/portlet/faces/taglib/ExoViewTag.java|(2772,62,<89,26>,<89,88>)>,
  <<|java+class:///org/exoplatform/services/portletcontainer/impl/portletAPIImp/RenderResponseImp|,|java+interface:///javax/portlet/RenderResponse|>,{|java+class:///org/exoplatform/services/portletcontainer/impl/portletAPIImp/PortletResponseImp|},|project://exoportal-v1.0.2/portlet-framework/jsf/src/java/org/exoplatform/portlet/faces/taglib/ExoViewTag.java|(2872,58,<90,32>,<90,90>)>,
  <<|java+class:///org/exoplatform/services/portletcontainer/impl/portletAPIImp/PortletRequestImp|,|java+interface:///java/util/Map|>,{
    |java+interface:///javax/portlet/PortletRequest|,
    |java+interface:///org/exoplatform/services/portletcontainer/ExoPortletRequest|,
    |java+class:///javax/servlet/http/HttpServletRequestWrapper|
  },|project://exoportal-v1.0.2/portlets/core/user/src/java/org/exoplatform/portlets/user/component/UIUserProfileSummary.java|(1675,46,<36,19>,<36,65>)>,
  <<|java+class:///org/exoplatform/services/indexing/BaseIndexerPlugin|,|java+interface:///org/exoplatform/services/indexing/IndexerPlugin|>,{|java+interface:///org/picocontainer/Startable|},|project://exoportal-v1.0.2/portlets/core/admin/src/java/org/exoplatform/portlets/indexing/component/UIListIndexer.java|(3338,17,<69,53>,<69,70>)>,
  <<|java+class:///org/exoplatform/services/portletcontainer/impl/portletAPIImp/PortletRequestImp|,|java+interface:///java/util/Map|>,{
    |java+interface:///javax/portlet/PortletRequest|,
    |java+interface:///org/exoplatform/services/portletcontainer/ExoPortletRequest|,
    |java+class:///javax/servlet/http/HttpServletRequestWrapper|
  },|project://exoportal-v1.0.2/services/wsrp/impl/src/java/org/exoplatform/services/wsrp/producer/impl/PersistentStateManagerImpl.java|(9035,24,<250,13>,<250,37>)>,
  <<|java+class:///org/exoplatform/services/portal/log/impl/SessionLogDataImpl|,|java+interface:///org/exoplatform/services/portal/log/SessionLogData|>,{|java+class:///org/exoplatform/services/portal/log/impl/SessionLogDataDescriptionImpl|},|project://exoportal-v1.0.2/services/portal/impl/src/java/org/exoplatform/services/portal/log/impl/PortalLogServiceImpl.java|(1787,63,<40,11>,<40,74>)>,
  <<|java+class:///org/exoplatform/portal/faces/component/UIPortal|,|java+class:///org/exoplatform/portal/faces/component/UIBasicComponent|>,{
    |java+interface:///org/exoplatform/portal/session/ExoPortal|,
    |java+interface:///org/exoplatform/faces/core/component/InformationProvider|
  },|project://exoportal-v1.0.2/portal/impl/src/java/org/exoplatform/portal/faces/component/UIContainer.java|(5719,36,<130,30>,<130,66>)>,
  <<|java+class:///org/exoplatform/services/wsrp/consumer/impl/ProducerImpl|,|java+interface:///org/exoplatform/services/wsrp/consumer/Producer|>,{|java+interface:///java/io/Serializable|},|project://exoportal-v1.0.2/services/wsrp/impl/src/java/org/exoplatform/services/wsrp/consumer/impl/ProducerData.java|(1168,35,<39,16>,<39,51>)>,
  <<|java+class:///org/exoplatform/faces/core/component/UIPortlet|,|java+class:///org/exoplatform/faces/core/component/UINode|>,{|java+interface:///org/exoplatform/faces/core/component/InformationProvider|},|project://exoportal-v1.0.2/portlets/core/admin/src/java/org/exoplatform/portlets/console/renderer/html/AdminConsolePortletRenderer.java|(2600,12,<58,24>,<58,36>)>,
  <<|java+class:///org/exoplatform/faces/core/component/UIExoCommand|,|java+interface:///org/exoplatform/faces/core/component/UIExoComponent|>,{|java+class:///javax/faces/component/UICommand|},|project://exoportal-v1.0.2/portlets/core/admin/src/java/org/exoplatform/portlets/console/renderer/html/AdminConsolePortletRenderer.java|(2723,20,<61,37>,<61,57>)>,
  <<|java+class:///org/exoplatform/faces/core/component/UIExoCommand|,|java+interface:///org/exoplatform/faces/core/component/UIExoComponent|>,{|java+class:///javax/faces/component/UICommand|},|project://exoportal-v1.0.2/portlets/core/admin/src/java/org/exoplatform/portlets/console/renderer/html/AdminConsolePortletRenderer.java|(3429,32,<80,37>,<80,69>)>,
  <<|java+class:///org/exoplatform/services/communication/sms/mock/MockSmsService|,|java+interface:///org/exoplatform/services/communication/sms/SmsService|>,{|java+class:///org/exoplatform/services/communication/sms/impl/SmsServiceImpl|},|project://exoportal-v1.0.2/services/communication/impl/src/test/org/exoplatform/services/communication/sms/test/TestSmsServiceCase.java|(1867,69,<45,23>,<45,92>)>,
  <<|java+class:///org/exoplatform/services/communication/sms/model/RecipientImpl|,|java+interface:///org/exoplatform/services/communication/sms/model/Recipient|>,{|java+interface:///java/io/Serializable|},|project://exoportal-v1.0.2/services/communication/impl/src/test/org/exoplatform/services/communication/sms/test/TestSmsServiceCase.java|(4194,37,<105,23>,<105,60>)>,
  <<|java+class:///org/exoplatform/services/communication/sms/model/RecipientImpl|,|java+interface:///org/exoplatform/services/communication/sms/model/Recipient|>,{|java+interface:///java/io/Serializable|},|project://exoportal-v1.0.2/services/communication/impl/src/test/org/exoplatform/services/communication/sms/test/TestSmsServiceCase.java|(4256,37,<106,23>,<106,60>)>,
  <<|java+class:///org/exoplatform/services/communication/sms/model/RecipientImpl|,|java+interface:///org/exoplatform/services/communication/sms/model/Recipient|>,{|java+interface:///java/io/Serializable|},|project://exoportal-v1.0.2/services/communication/impl/src/test/org/exoplatform/services/communication/sms/test/TestSmsServiceCase.java|(4318,37,<107,23>,<107,60>)>,
  <<|java+class:///org/exoplatform/services/communication/sms/model/RecipientImpl|,|java+interface:///org/exoplatform/services/communication/sms/model/Recipient|>,{|java+interface:///java/io/Serializable|},|project://exoportal-v1.0.2/services/communication/impl/src/test/org/exoplatform/services/communication/sms/test/TestSmsServiceCase.java|(5210,37,<129,27>,<129,64>)>,
  <<|java+class:///org/exoplatform/services/communication/sms/model/RecipientImpl|,|java+interface:///org/exoplatform/services/communication/sms/model/Recipient|>,{|java+interface:///java/io/Serializable|},|project://exoportal-v1.0.2/services/communication/impl/src/test/org/exoplatform/services/communication/sms/test/TestSmsServiceCase.java|(5276,37,<130,27>,<130,64>)>,
  <<|java+class:///org/exoplatform/services/communication/sms/model/RecipientImpl|,|java+interface:///org/exoplatform/services/communication/sms/model/Recipient|>,{|java+interface:///java/io/Serializable|},|project://exoportal-v1.0.2/services/communication/impl/src/test/org/exoplatform/services/communication/sms/test/TestSmsServiceCase.java|(5342,37,<131,27>,<131,64>)>,
  <<|java+class:///org/exoplatform/services/communication/sms/model/RecipientImpl|,|java+interface:///org/exoplatform/services/communication/sms/model/Recipient|>,{|java+interface:///java/io/Serializable|},|project://exoportal-v1.0.2/services/communication/impl/src/test/org/exoplatform/services/communication/sms/test/TestSmsServiceCase.java|(6459,37,<160,27>,<160,64>)>,
  <<|java+class:///org/exoplatform/services/communication/sms/model/RecipientImpl|,|java+interface:///org/exoplatform/services/communication/sms/model/Recipient|>,{|java+interface:///java/io/Serializable|},|project://exoportal-v1.0.2/services/communication/impl/src/test/org/exoplatform/services/communication/sms/test/TestSmsServiceCase.java|(6525,37,<161,27>,<161,64>)>,
  <<|java+class:///org/exoplatform/services/communication/sms/model/RecipientImpl|,|java+interface:///org/exoplatform/services/communication/sms/model/Recipient|>,{|java+interface:///java/io/Serializable|},|project://exoportal-v1.0.2/services/communication/impl/src/test/org/exoplatform/services/communication/sms/test/TestSmsServiceCase.java|(6591,37,<162,27>,<162,64>)>,
  <<|java+class:///org/exoplatform/test/mocks/portlet/MockActionResponse|,|java+interface:///javax/portlet/ActionResponse|>,{|java+class:///org/exoplatform/test/mocks/portlet/MockPortletResponse|},|project://exoportal-v1.0.2/portlets/core/user/src/java/org/exoplatform/portlets/user/component/UIGroupCommunityInfo.java|(4578,39,<94,32>,<94,71>)>,
  <<|java+class:///org/exoplatform/services/portletcontainer/impl/portletAPIImp/ActionResponseImp|,|java+interface:///javax/portlet/ActionResponse|>,{|java+class:///org/exoplatform/services/portletcontainer/impl/portletAPIImp/PortletResponseImp|},|project://exoportal-v1.0.2/portlets/core/user/src/java/org/exoplatform/portlets/user/component/UIGroupCommunityInfo.java|(7707,39,<167,32>,<167,71>)>,
  <<|java+class:///org/exoplatform/test/mocks/portlet/MockActionResponse|,|java+interface:///javax/portlet/ActionResponse|>,{|java+class:///org/exoplatform/test/mocks/portlet/MockPortletResponse|},|project://exoportal-v1.0.2/portal/impl/src/java/org/exoplatform/faces/user/component/UILogin.java|(4015,39,<88,30>,<88,69>)>,
  <<|java+class:///org/exoplatform/portlets/content/explorer/component/UIFileUpload|,|java+interface:///org/exoplatform/portlets/content/explorer/component/ExplorerListener|>,{|java+class:///org/exoplatform/faces/core/component/UIFileUpload|},|project://exoportal-v1.0.2/portlets/core/content/src/java/org/exoplatform/portlets/content/explorer/component/UIExplorer.java|(2092,30,<54,34>,<54,64>)>,
  <<|java+class:///org/exoplatform/portlets/content/explorer/component/UIChoiceLabel|,|java+interface:///org/exoplatform/portlets/content/explorer/component/ExplorerListener|>,{|java+class:///org/exoplatform/faces/core/component/UIGrid|},|project://exoportal-v1.0.2/portlets/core/content/src/java/org/exoplatform/portlets/content/explorer/component/UIExplorer.java|(2383,30,<62,34>,<62,64>)>,
  <<|java+class:///org/exoplatform/portlets/content/explorer/component/UIChoiceLabel|,|java+interface:///org/exoplatform/portlets/content/explorer/component/ExplorerListener|>,{|java+class:///org/exoplatform/faces/core/component/UIGrid|},|project://exoportal-v1.0.2/portlets/core/content/src/java/org/exoplatform/portlets/content/explorer/component/UIExplorer.java|(2673,30,<70,34>,<70,64>)>,
  <<|java+class:///org/exoplatform/portlets/content/explorer/component/UIContentEditor|,|java+interface:///org/exoplatform/portlets/content/explorer/component/ExplorerListener|>,{|java+class:///org/exoplatform/faces/core/component/UISimpleForm|},|project://exoportal-v1.0.2/portlets/core/content/src/java/org/exoplatform/portlets/content/explorer/component/UIExplorer.java|(2966,30,<78,34>,<78,64>)>,
  <<|java+class:///org/exoplatform/services/portletcontainer/impl/portletAPIImp/RenderResponseImp|,|java+interface:///javax/portlet/RenderResponse|>,{|java+class:///org/exoplatform/services/portletcontainer/impl/portletAPIImp/PortletResponseImp|},|project://exoportal-v1.0.2/services/portlet-container/impl/src/java/org/exoplatform/services/portletcontainer/impl/portletAPIImp/tags/NamespaceTag.java|(773,63,<25,36>,<25,99>)>,
  <<|java+class:///org/exoplatform/portal/faces/component/UIPortal|,|java+class:///org/exoplatform/portal/faces/component/UIBasicComponent|>,{
    |java+interface:///org/exoplatform/portal/session/ExoPortal|,
    |java+interface:///org/exoplatform/faces/core/component/InformationProvider|
  },|project://exoportal-v1.0.2/portal/impl/src/java/org/exoplatform/portal/faces/listener/container/AddContainerActionListener.java|(1082,36,<20,35>,<20,71>)>,
  <<|java+class:///org/exoplatform/services/organization/ldap/OrganizationServiceImpl|,|java+interface:///org/exoplatform/services/organization/OrganizationService|>,{|java+interface:///org/picocontainer/Startable|},|project://exoportal-v1.0.2/services/organization/impl/src/test/org/exoplatform/services/organization/hibernate/TestHibernateOrganizationService.java|(1420,83,<43,16>,<43,99>)>,
  <<|java+class:///org/exoplatform/faces/core/component/UIExoCommand|,|java+interface:///org/exoplatform/faces/core/component/UIExoComponent|>,{|java+class:///javax/faces/component/UICommand|},|project://exoportal-v1.0.2/portal/impl/src/java/org/exoplatform/portal/faces/component/CssStyleBuilderVisitor.java|(1855,32,<48,31>,<48,63>)>,
  <<|java+class:///org/exoplatform/services/portletcontainer/impl/portletAPIImp/PortletRequestImp|,|java+interface:///java/util/Map|>,{
    |java+interface:///javax/portlet/PortletRequest|,
    |java+interface:///org/exoplatform/services/portletcontainer/ExoPortletRequest|,
    |java+class:///javax/servlet/http/HttpServletRequestWrapper|
  },|project://exoportal-v1.0.2/services/workflow/impl/src/java/org/exoplatform/services/workflow/impl/WorkflowFormsServiceImpl.java|(2012,32,<62,27>,<62,59>)>,
  <<|java+class:///org/exoplatform/services/organization/hibernate/OrganizationServiceImpl|,|java+interface:///org/exoplatform/services/organization/OrganizationService|>,{|java+interface:///org/picocontainer/Startable|},|project://exoportal-v1.0.2/services/wsrp/impl/src/test/org/exoplatform/services/wsrp/test/BaseTest.java|(5341,83,<115,10>,<115,93>)>,
  <<|java+class:///org/exoplatform/services/portletcontainer/impl/PortletContainerServiceImpl|,|java+interface:///org/exoplatform/services/portletcontainer/PortletContainerService|>,{|java+interface:///org/picocontainer/Startable|},|project://exoportal-v1.0.2/services/wsrp/impl/src/test/org/exoplatform/services/wsrp/test/BaseTest.java|(6199,102,<138,25>,<139,67>)>,
  <<|java+class:///org/exoplatform/services/cache/SimpleExoCache|,|java+interface:///org/exoplatform/services/cache/ExoCache|>,{|java+class:///java/util/LinkedHashMap|},|project://exoportal-v1.0.2/services/common/impl/src/java/org/exoplatform/services/cache/impl/SimpleCacheService.java|(1141,32,<32,21>,<32,53>)>,
  <<|java+class:///org/exoplatform/services/workflow/impl/WorkflowServiceContainerImpl|,|java+interface:///org/exoplatform/services/workflow/WorkflowServiceContainer|>,{|java+interface:///org/picocontainer/Startable|},|project://exoportal-v1.0.2/services/workflow/impl/src/test/org/exoplatform/services/workflow/test/BaseTest.java|(1000,124,<37,31>,<38,80>)>,
  <<|java+class:///org/exoplatform/services/portletcontainer/impl/portletAPIImp/RenderResponseImp|,|java+interface:///javax/portlet/RenderResponse|>,{|java+class:///org/exoplatform/services/portletcontainer/impl/portletAPIImp/PortletResponseImp|},|project://exoportal-v1.0.2/portlet-framework/jsf/src/java/org/exoplatform/portlet/faces/context/FacesPortletContextImpl.java|(2219,25,<55,26>,<55,51>)>,
  <<|java+class:///org/exoplatform/services/organization/hibernate/ImportExportPluginImpl|,|java+class:///org/exoplatform/services/backup/ImportExportPlugin|>,{|java+interface:///org/picocontainer/Startable|},|project://exoportal-v1.0.2/services/backup/impl/src/java/org/exoplatform/services/backup/impl/ImportExportServiceImpl.java|(3045,42,<75,11>,<75,53>)>,
  <<|java+class:///org/exoplatform/services/portal/impl/ImportExportPluginImpl|,|java+class:///org/exoplatform/services/backup/ImportExportPlugin|>,{|java+interface:///org/picocontainer/Startable|},|project://exoportal-v1.0.2/services/backup/impl/src/java/org/exoplatform/services/backup/impl/ImportExportServiceImpl.java|(5434,29,<140,36>,<140,65>)>,
  <<|java+class:///org/exoplatform/services/organization/hibernate/ImportExportPluginImpl|,|java+class:///org/exoplatform/services/backup/ImportExportPlugin|>,{|java+interface:///org/picocontainer/Startable|},|project://exoportal-v1.0.2/services/backup/impl/src/java/org/exoplatform/services/backup/impl/ImportExportServiceImpl.java|(7063,29,<185,36>,<185,65>)>,
  <<|java+class:///org/exoplatform/services/communication/forum/hibernate/ImportExportPluginImpl|,|java+class:///org/exoplatform/services/backup/ImportExportPlugin|>,{|java+interface:///org/picocontainer/Startable|},|project://exoportal-v1.0.2/services/backup/impl/src/java/org/exoplatform/services/backup/impl/ImportExportServiceImpl.java|(7909,46,<211,32>,<211,78>)>,
  <<|java+class:///org/exoplatform/services/organization/hibernate/ImportExportPluginImpl|,|java+class:///org/exoplatform/services/backup/ImportExportPlugin|>,{|java+interface:///org/picocontainer/Startable|},|project://exoportal-v1.0.2/services/backup/impl/src/java/org/exoplatform/services/backup/impl/ImportExportServiceImpl.java|(8392,46,<222,32>,<222,78>)>,
  <<|java+class:///org/exoplatform/services/communication/forum/hibernate/ImportExportPluginImpl|,|java+class:///org/exoplatform/services/backup/ImportExportPlugin|>,{|java+interface:///org/picocontainer/Startable|},|project://exoportal-v1.0.2/services/backup/impl/src/java/org/exoplatform/services/backup/impl/ImportExportServiceImpl.java|(9275,46,<247,32>,<247,78>)>,
  <<|java+class:///org/exoplatform/services/portal/impl/ImportExportPluginImpl|,|java+class:///org/exoplatform/services/backup/ImportExportPlugin|>,{|java+interface:///org/picocontainer/Startable|},|project://exoportal-v1.0.2/services/backup/impl/src/java/org/exoplatform/services/backup/impl/ImportExportServiceImpl.java|(9705,46,<256,32>,<256,78>)>,
  <<|java+class:///org/exoplatform/services/organization/hibernate/OrganizationServiceImpl|,|java+interface:///org/exoplatform/services/organization/OrganizationService|>,{|java+interface:///org/picocontainer/Startable|},|project://exoportal-v1.0.2/portlets/core/user/src/java/org/exoplatform/portlets/user/component/UIAccountForm.java|(2855,77,<60,6>,<60,83>)>,
  <<|java+class:///org/exoplatform/services/organization/ldap/OrganizationServiceImpl|,|java+interface:///org/exoplatform/services/organization/OrganizationService|>,{|java+interface:///org/picocontainer/Startable|},|project://exoportal-v1.0.2/portlets/core/user/src/java/org/exoplatform/portlets/user/component/UIAccountForm.java|(4346,77,<93,8>,<93,85>)>,
  <<|java+class:///org/exoplatform/services/organization/ldap/OrganizationServiceImpl|,|java+interface:///org/exoplatform/services/organization/OrganizationService|>,{|java+interface:///org/picocontainer/Startable|},|project://exoportal-v1.0.2/portlets/core/user/src/java/org/exoplatform/portlets/user/component/UIAccountForm.java|(5696,77,<119,8>,<119,85>)>,
  <<|java+class:///org/exoplatform/portal/faces/component/UIPortal|,|java+interface:///org/exoplatform/portal/session/ExoPortal|>,{
    |java+class:///org/exoplatform/portal/faces/component/UIBasicComponent|,
    |java+interface:///org/exoplatform/faces/core/component/InformationProvider|
  },|project://exoportal-v1.0.2/portal/api/src/java/org/exoplatform/portal/session/RequestInfo.java|(4186,60,<106,11>,<106,71>)>,
  <<|java+class:///org/exoplatform/portal/faces/component/UIPortal|,|java+interface:///org/exoplatform/portal/session/ExoPortal|>,{
    |java+class:///org/exoplatform/portal/faces/component/UIBasicComponent|,
    |java+interface:///org/exoplatform/faces/core/component/InformationProvider|
  },|project://exoportal-v1.0.2/portlets/core/admin/src/java/org/exoplatform/portlets/summary/component/UISummaryPortlet.java|(2443,57,<52,23>,<52,80>)>,
  <<|java+class:///org/exoplatform/services/portletcontainer/impl/PortletContainerServiceImpl|,|java+interface:///org/exoplatform/services/portletcontainer/PortletContainerService|>,{|java+interface:///org/picocontainer/Startable|},|project://exoportal-v1.0.2/portal/impl/src/java/org/exoplatform/portal/faces/listener/portlet/PortletActionListener.java|(6711,149,<148,8>,<149,91>)>,
  <<|java+class:///org/exoplatform/services/portletcontainer/impl/portletAPIImp/PortletContextImpl|,|java+interface:///javax/portlet/PortletContext|>,{|java+interface:///org/exoplatform/services/portletcontainer/ExoPortletContext|},|project://exoportal-v1.0.2/portlets/core/navigation/src/java/org/exoplatform/portlets/nav/util/NavUtil.java|(503,84,<21,9>,<21,93>)>,
  <<|java+class:///org/exoplatform/services/portletcontainer/impl/portletAPIImp/PortletRequestImp|,|java+interface:///javax/portlet/PortletRequest|>,{
    |java+interface:///org/exoplatform/services/portletcontainer/ExoPortletRequest|,
    |java+class:///javax/servlet/http/HttpServletRequestWrapper|,
    |java+interface:///java/util/Map|
  },|project://exoportal-v1.0.2/portlets/core/navigation/src/java/org/exoplatform/portlets/nav/util/NavUtil.java|(656,84,<25,9>,<25,93>)>,
  <<|java+class:///org/exoplatform/services/portletcontainer/impl/portletAPIImp/ActionResponseImp|,|java+interface:///javax/portlet/ActionResponse|>,{|java+class:///org/exoplatform/services/portletcontainer/impl/portletAPIImp/PortletResponseImp|},|project://exoportal-v1.0.2/portlets/core/navigation/src/java/org/exoplatform/portlets/nav/util/NavUtil.java|(809,85,<29,9>,<29,94>)>,
  <<|java+class:///org/exoplatform/services/portletcontainer/impl/portletAPIImp/RenderResponseImp|,|java+interface:///javax/portlet/RenderResponse|>,{|java+class:///org/exoplatform/services/portletcontainer/impl/portletAPIImp/PortletResponseImp|},|project://exoportal-v1.0.2/portlets/core/navigation/src/java/org/exoplatform/portlets/nav/util/NavUtil.java|(964,85,<33,9>,<33,94>)>,
  <<|java+class:///org/exoplatform/test/mocks/portlet/MockActionResponse|,|java+interface:///javax/portlet/ActionResponse|>,{|java+class:///org/exoplatform/test/mocks/portlet/MockPortletResponse|},|project://exoportal-v1.0.2/portlets/core/navigation/src/java/org/exoplatform/portlets/nav/component/UIFirstLevelMenu.java|(1589,39,<40,31>,<40,70>)>,
  <<|java+class:///org/exoplatform/services/cache/SimpleExoCache|,|java+interface:///org/exoplatform/services/cache/ExoCache|>,{|java+class:///java/util/LinkedHashMap|},|project://exoportal-v1.0.2/portlets/core/admin/src/java/org/exoplatform/portlets/console/component/UIListCache.java|(3003,12,<63,56>,<63,68>)>,
  <<|java+class:///org/exoplatform/portal/faces/component/UIPortal|,|java+class:///org/exoplatform/portal/faces/component/UIBasicComponent|>,{
    |java+interface:///org/exoplatform/portal/session/ExoPortal|,
    |java+interface:///org/exoplatform/faces/core/component/InformationProvider|
  },|project://exoportal-v1.0.2/portal/impl/src/java/org/exoplatform/portal/faces/renderer/xhtmlmp/page/PageRenderer.java|(1608,34,<37,35>,<37,69>)>,
  <<|java+class:///org/exoplatform/services/portletcontainer/impl/portletAPIImp/PortletRequestImp|,|java+interface:///java/util/Map|>,{
    |java+interface:///javax/portlet/PortletRequest|,
    |java+interface:///org/exoplatform/services/portletcontainer/ExoPortletRequest|,
    |java+class:///javax/servlet/http/HttpServletRequestWrapper|
  },|project://exoportal-v1.0.2/portlets/core/user/src/java/org/exoplatform/portlets/user/component/UIUserProfile.java|(2987,46,<65,22>,<65,68>)>,
  <<|java+class:///org/exoplatform/services/portletcontainer/impl/portletAPIImp/PortletRequestImp|,|java+interface:///java/util/Map|>,{
    |java+interface:///javax/portlet/PortletRequest|,
    |java+interface:///org/exoplatform/services/portletcontainer/ExoPortletRequest|,
    |java+class:///javax/servlet/http/HttpServletRequestWrapper|
  },|project://exoportal-v1.0.2/portlets/core/user/src/java/org/exoplatform/portlets/user/component/UIUserProfile.java|(5956,46,<126,24>,<126,70>)>,
  <<|java+class:///org/exoplatform/services/organization/ldap/OrganizationServiceImpl|,|java+interface:///org/exoplatform/services/organization/OrganizationService|>,{|java+interface:///org/picocontainer/Startable|},|project://exoportal-v1.0.2/portlets/core/user/src/java/org/exoplatform/portlets/user/component/UIUserProfile.java|(6505,76,<139,8>,<139,84>)>,
  <<|java+class:///org/exoplatform/services/portal/impl/PortletPreferencesPersisterImpl|,|java+interface:///org/exoplatform/services/portletcontainer/persistence/PortletPreferencesPersister|>,{|java+interface:///java/io/Serializable|},|project://exoportal-v1.0.2/services/portlet-container/impl/src/test/org/exoplatform/services/portletcontainer/imp/BaseTest.java|(2842,107,<72,17>,<72,124>)>,
  <<|java+class:///org/exoplatform/services/organization/ldap/OrganizationServiceImpl|,|java+interface:///org/exoplatform/services/organization/OrganizationService|>,{|java+interface:///org/picocontainer/Startable|},|project://exoportal-v1.0.2/services/portlet-container/impl/src/test/org/exoplatform/services/portletcontainer/imp/BaseTest.java|(2979,90,<74,8>,<74,98>)>,
  <<|java+class:///org/exoplatform/services/portal/impl/NodeImpl|,|java+class:///org/exoplatform/services/portal/model/PageNode|>,{|java+interface:///org/exoplatform/services/portal/model/Node|},|project://exoportal-v1.0.2/services/portal/impl/src/java/org/exoplatform/services/portal/impl/NodeImpl.java|(2065,22,<72,15>,<72,37>)>,
  <<|java+class:///org/exoplatform/services/portal/impl/NodeImpl|,|java+interface:///org/exoplatform/services/portal/model/Node|>,{|java+class:///org/exoplatform/services/portal/model/PageNode|},|project://exoportal-v1.0.2/services/portal/impl/src/java/org/exoplatform/services/portal/impl/NodeImpl.java|(3939,24,<160,9>,<160,33>)>,
  <<|java+class:///org/exoplatform/services/portal/impl/NodeImpl|,|java+interface:///org/exoplatform/services/portal/model/Node|>,{|java+class:///org/exoplatform/services/portal/model/PageNode|},|project://exoportal-v1.0.2/services/portal/impl/src/java/org/exoplatform/services/portal/impl/NodeImpl.java|(4870,22,<204,16>,<204,38>)>,
  <<|java+class:///org/exoplatform/services/communication/sms/model/MessageImpl|,|java+interface:///org/exoplatform/services/communication/sms/model/Message|>,{|java+interface:///java/io/Serializable|},|project://exoportal-v1.0.2/services/communication/impl/src/java/org/exoplatform/services/communication/sms/provider/prodat/ProdatRequestImpl.java|(2551,18,<76,30>,<76,48>)>,
  <<|java+class:///org/exoplatform/services/communication/sms/model/RecipientImpl|,|java+interface:///org/exoplatform/services/communication/sms/model/Recipient|>,{|java+interface:///java/io/Serializable|},|project://exoportal-v1.0.2/services/communication/impl/src/java/org/exoplatform/services/communication/sms/provider/prodat/ProdatRequestImpl.java|(3032,20,<83,38>,<83,58>)>,
  <<|java+class:///org/exoplatform/portal/faces/component/UIPortal|,|java+interface:///org/exoplatform/portal/session/ExoPortal|>,{
    |java+class:///org/exoplatform/portal/faces/component/UIBasicComponent|,
    |java+interface:///org/exoplatform/faces/core/component/InformationProvider|
  },|project://exoportal-v1.0.2/portlets/core/navigation/src/java/org/exoplatform/portlets/nav/renderer/html/ExoMenuRenderer.java|(1589,65,<33,23>,<33,88>)>,
  <<|java+class:///org/exoplatform/portal/faces/component/UIPortal|,|java+class:///org/exoplatform/portal/faces/component/UIBasicComponent|>,{
    |java+interface:///org/exoplatform/portal/session/ExoPortal|,
    |java+interface:///org/exoplatform/faces/core/component/InformationProvider|
  },|project://exoportal-v1.0.2/portal/impl/src/java/org/exoplatform/portal/faces/listener/share/MoveActionListener.java|(942,36,<21,35>,<21,71>)>,
  <<|java+class:///org/exoplatform/portal/faces/component/UIPortal|,|java+class:///org/exoplatform/portal/faces/component/UIBasicComponent|>,{
    |java+interface:///org/exoplatform/portal/session/ExoPortal|,
    |java+interface:///org/exoplatform/faces/core/component/InformationProvider|
  },|project://exoportal-v1.0.2/portal/impl/src/java/org/exoplatform/portal/faces/listener/share/MoveActionListener.java|(1478,34,<34,30>,<34,64>)>,
  <<|java+class:///org/exoplatform/portal/faces/component/UIPortal|,|java+class:///org/exoplatform/portal/faces/component/UIBasicComponent|>,{
    |java+interface:///org/exoplatform/portal/session/ExoPortal|,
    |java+interface:///org/exoplatform/faces/core/component/InformationProvider|
  },|project://exoportal-v1.0.2/portal/impl/src/java/org/exoplatform/portal/faces/listener/share/MoveActionListener.java|(1995,34,<50,30>,<50,64>)>,
  <<|java+class:///org/exoplatform/portal/faces/component/UIPortal|,|java+class:///org/exoplatform/portal/faces/component/UIBasicComponent|>,{
    |java+interface:///org/exoplatform/portal/session/ExoPortal|,
    |java+interface:///org/exoplatform/faces/core/component/InformationProvider|
  },|project://exoportal-v1.0.2/portal/impl/src/java/org/exoplatform/portal/faces/renderer/html/container/ContainerColumnRenderer.java|(1451,34,<35,33>,<35,67>)>,
  <<|java+class:///org/exoplatform/services/wsrp/consumer/impl/ProducerImpl|,|java+interface:///org/exoplatform/services/wsrp/consumer/Producer|>,{|java+interface:///java/io/Serializable|},|project://exoportal-v1.0.2/portlets/core/wsrp/src/java/org/exoplatform/portlets/wsrp/component/UIProducerMenu.java|(1542,19,<45,26>,<45,45>)>,
  <<|java+class:///org/exoplatform/services/organization/ldap/OrganizationServiceImpl|,|java+interface:///org/exoplatform/services/organization/OrganizationService|>,{|java+interface:///org/picocontainer/Startable|},|project://exoportal-v1.0.2/portlets/core/exomvc/src/java/org/exoplatform/portlets/exomvc/pojo/ListUserPage.java|(1341,84,<31,6>,<31,90>)>,
  <<|java+class:///org/exoplatform/services/portletcontainer/impl/portletAPIImp/PortletPreferencesImp|,|java+interface:///javax/portlet/PortletPreferences|>,{|java+interface:///java/io/Serializable|},|project://exoportal-v1.0.2/services/wsrp/impl/src/test/org/exoplatform/services/wsrp/test/TestPerformBlockingInteraction.java|(7145,22,<157,30>,<157,52>)>,
  <<|java+class:///org/exoplatform/services/portletcontainer/impl/portletAPIImp/PortletPreferencesImp|,|java+interface:///javax/portlet/PortletPreferences|>,{|java+interface:///java/io/Serializable|},|project://exoportal-v1.0.2/services/wsrp/impl/src/test/org/exoplatform/services/wsrp/test/TestPerformBlockingInteraction.java|(8024,22,<174,31>,<174,53>)>,
  <<|java+class:///org/exoplatform/services/portletcontainer/impl/portletAPIImp/PortletRequestImp|,|java+interface:///java/util/Map|>,{
    |java+interface:///javax/portlet/PortletRequest|,
    |java+interface:///org/exoplatform/services/portletcontainer/ExoPortletRequest|,
    |java+class:///javax/servlet/http/HttpServletRequestWrapper|
  },|project://exoportal-v1.0.2/commons/src/java/org/exoplatform/xml/object/XMLMap.java|(1463,24,<46,14>,<46,38>)>,
  <<|java+class:///org/exoplatform/services/communication/message/impl/MessageImpl|,|java+interface:///org/exoplatform/services/communication/message/Message|>,{|java+class:///org/exoplatform/services/communication/message/impl/MessageHeaderImpl|},|project://exoportal-v1.0.2/portlets/core/communications/src/java/org/exoplatform/portlets/communication/message/component/UISummary.java|(2680,43,<62,24>,<62,67>)>,
  <<|java+class:///org/exoplatform/services/portletcontainer/impl/portletAPIImp/PortletRequestImp|,|java+interface:///java/util/Map|>,{
    |java+interface:///javax/portlet/PortletRequest|,
    |java+interface:///org/exoplatform/services/portletcontainer/ExoPortletRequest|,
    |java+class:///javax/servlet/http/HttpServletRequestWrapper|
  },|project://exoportal-v1.0.2/commons/src/java/org/exoplatform/xml/object/XMLObject.java|(5361,29,<159,17>,<159,46>)>,
  <<|java+class:///org/exoplatform/services/organization/hibernate/OrganizationServiceImpl|,|java+interface:///org/exoplatform/services/organization/OrganizationService|>,{|java+interface:///org/picocontainer/Startable|},|project://exoportal-v1.0.2/services/cms/impl/src/test/org/exoplatform/services/cms/impl/TestNewUserListener.java|(1575,99,<39,17>,<40,60>)>,
  <<|java+class:///org/exoplatform/services/portal/impl/PortalMembershipEventListener|,|java+class:///org/exoplatform/services/organization/MembershipEventListener|>,{|java+interface:///org/picocontainer/Startable|},|project://exoportal-v1.0.2/services/organization/impl/src/java/org/exoplatform/services/organization/hibernate/MembershipQueryHandler.java|(6895,43,<183,41>,<183,84>)>,
  <<|java+class:///org/exoplatform/services/portal/impl/PortalMembershipEventListener|,|java+class:///org/exoplatform/services/organization/MembershipEventListener|>,{|java+interface:///org/picocontainer/Startable|},|project://exoportal-v1.0.2/services/organization/impl/src/java/org/exoplatform/services/organization/hibernate/MembershipQueryHandler.java|(7300,43,<192,41>,<192,84>)>,
  <<|java+class:///org/exoplatform/services/portal/impl/PortalMembershipEventListener|,|java+class:///org/exoplatform/services/organization/MembershipEventListener|>,{|java+interface:///org/picocontainer/Startable|},|project://exoportal-v1.0.2/services/organization/impl/src/java/org/exoplatform/services/organization/hibernate/MembershipQueryHandler.java|(7691,43,<201,41>,<201,84>)>,
  <<|java+class:///org/exoplatform/services/portal/impl/PortalMembershipEventListener|,|java+class:///org/exoplatform/services/organization/MembershipEventListener|>,{|java+interface:///org/picocontainer/Startable|},|project://exoportal-v1.0.2/services/organization/impl/src/java/org/exoplatform/services/organization/hibernate/MembershipQueryHandler.java|(8077,43,<210,41>,<210,84>)>,
  <<|java+class:///org/exoplatform/services/portletcontainer/impl/portletAPIImp/PortletRequestImp|,|java+interface:///java/util/Map|>,{
    |java+interface:///javax/portlet/PortletRequest|,
    |java+interface:///org/exoplatform/services/portletcontainer/ExoPortletRequest|,
    |java+class:///javax/servlet/http/HttpServletRequestWrapper|
  },|project://exoportal-v1.0.2/commons/src/java/org/exoplatform/text/template/MapFormater.java|(1047,9,<29,15>,<29,24>)>,
  <<|java+class:///org/exoplatform/faces/core/component/UIExoCommand|,|java+interface:///org/exoplatform/faces/core/component/UIExoComponent|>,{|java+class:///javax/faces/component/UICommand|},|project://exoportal-v1.0.2/jsf-components/src/java/org/exoplatform/faces/UIComponentFactory.java|(3268,46,<84,34>,<84,80>)>,
  <<|java+class:///org/exoplatform/services/portletcontainer/impl/portletAPIImp/PortletRequestImp|,|java+interface:///javax/portlet/PortletRequest|>,{
    |java+interface:///org/exoplatform/services/portletcontainer/ExoPortletRequest|,
    |java+class:///javax/servlet/http/HttpServletRequestWrapper|,
    |java+interface:///java/util/Map|
  },|project://exoportal-v1.0.2/portlets/core/web/src/java/org/exoplatform/portlets/iframe/component/UIIframe.java|(1206,58,<30,29>,<30,87>)>,
  <<|java+class:///org/exoplatform/services/organization/hibernate/OrganizationServiceImpl|,|java+interface:///org/exoplatform/services/organization/OrganizationService|>,{|java+interface:///org/picocontainer/Startable|},|project://exoportal-v1.0.2/services/organization/impl/src/test/org/exoplatform/services/organization/ldap/test/TestLDAPOrganizationService.java|(1337,89,<43,4>,<44,31>)>,
  <<|java+class:///org/exoplatform/test/mocks/portlet/MockRenderResponse|,|java+interface:///javax/portlet/RenderResponse|>,{|java+class:///org/exoplatform/test/mocks/portlet/MockPortletResponse|},|project://exoportal-v1.0.2/services/portlet-container/impl/src/java/org/exoplatform/services/portletcontainer/impl/portletAPIImp/tags/ActionURLTag.java|(682,63,<23,36>,<23,99>)>,
  <<|java+class:///org/exoplatform/services/portletcontainer/impl/portletAPIImp/PortletRequestImp|,|java+interface:///java/util/Map|>,{
    |java+interface:///javax/portlet/PortletRequest|,
    |java+interface:///org/exoplatform/services/portletcontainer/ExoPortletRequest|,
    |java+class:///javax/servlet/http/HttpServletRequestWrapper|
  },|project://exoportal-v1.0.2/services/jcr/impl/src/java/org/exoplatform/services/jcr/impl/storage/inmemory/WorkspaceContainerRegistry.java|(1461,25,<46,15>,<46,40>)>,
  <<|java+class:///org/exoplatform/services/wsrp/consumer/impl/ProducerImpl|,|java+interface:///org/exoplatform/services/wsrp/consumer/Producer|>,{|java+interface:///java/io/Serializable|},|project://exoportal-v1.0.2/services/wsrp/impl/src/java/org/exoplatform/services/wsrp/consumer/impl/ProducerRegistryImpl.java|(2540,28,<82,11>,<82,39>)>,
  <<|java+class:///org/exoplatform/services/wsrp/consumer/impl/ProducerImpl|,|java+interface:///org/exoplatform/services/wsrp/consumer/Producer|>,{|java+interface:///java/io/Serializable|},|project://exoportal-v1.0.2/services/wsrp/impl/src/java/org/exoplatform/services/wsrp/consumer/impl/ProducerRegistryImpl.java|(2842,28,<94,26>,<94,54>)>,
  <<|java+class:///org/exoplatform/portal/faces/component/UIPortal|,|java+class:///org/exoplatform/portal/faces/component/UIBasicComponent|>,{
    |java+interface:///org/exoplatform/portal/session/ExoPortal|,
    |java+interface:///org/exoplatform/faces/core/component/InformationProvider|
  },|project://exoportal-v1.0.2/portal/impl/src/java/org/exoplatform/portal/faces/renderer/html/page/PageColumnRenderer.java|(1720,34,<41,35>,<41,69>)>,
  <<|java+class:///org/exoplatform/services/organization/ldap/OrganizationServiceImpl|,|java+interface:///org/exoplatform/services/organization/OrganizationService|>,{|java+interface:///org/picocontainer/Startable|},|project://exoportal-v1.0.2/services/portal/impl/src/test/org/exoplatform/services/portal/test/TestPortalConfigService.java|(1784,83,<42,20>,<42,103>)>,
  <<|java+class:///org/exoplatform/services/indexing/impl/IndexingServiceImpl|,|java+interface:///org/exoplatform/services/task/Task|>,{
    |java+interface:///org/exoplatform/services/indexing/IndexingService|,
    |java+interface:///org/picocontainer/Startable|
  },|project://exoportal-v1.0.2/services/common/impl/src/java/org/exoplatform/services/task/impl/TaskServiceImpl.java|(2511,15,<82,18>,<82,33>)>,
  <<|java+class:///org/exoplatform/services/portletcontainer/impl/portletAPIImp/ActionResponseImp|,|java+interface:///javax/portlet/ActionResponse|>,{|java+class:///org/exoplatform/services/portletcontainer/impl/portletAPIImp/PortletResponseImp|},|project://exoportal-v1.0.2/portlets/ext/weather/src/java/org/exoplatform/portlets/weather/component/UIWeatherEditPortlet.java|(3732,85,<113,34>,<113,119>)>,
  <<|java+class:///org/exoplatform/services/wsrp/mocks/MockWSRPService|,|java+interface:///org/exoplatform/services/wsrp/wsdl/WSRPService|>,{|java+class:///org/exoplatform/services/wsrp/wsdl/WSRPServiceLocator|},|project://exoportal-v1.0.2/portlets/core/wsrp/src/java/org/exoplatform/portlets/wsrp/InitCookieImpl.java|(935,99,<29,14>,<30,54>)>,
  <<|java+class:///org/exoplatform/portal/faces/component/UIPortal|,|java+interface:///org/exoplatform/portal/session/ExoPortal|>,{
    |java+class:///org/exoplatform/portal/faces/component/UIBasicComponent|,
    |java+interface:///org/exoplatform/faces/core/component/InformationProvider|
  },|project://exoportal-v1.0.2/portlets/core/navigation/src/java/org/exoplatform/portlets/nav/renderer/xhtmlmp/SitemapRenderer.java|(1030,65,<24,23>,<24,88>)>,
  <<|java+class:///org/exoplatform/faces/core/component/UIExoCommand|,|java+interface:///org/exoplatform/faces/core/component/UIExoComponent|>,{|java+class:///javax/faces/component/UICommand|},|project://exoportal-v1.0.2/portal/impl/src/java/org/exoplatform/portal/faces/component/ChangeLocaleVisitor.java|(2576,32,<63,29>,<63,61>)>,
  <<|java+class:///org/exoplatform/faces/core/component/UIExoComponentBase|,|java+interface:///org/exoplatform/faces/core/component/UIExoComponent|>,{|java+class:///javax/faces/component/UIComponentBase|},|project://exoportal-v1.0.2/portal/impl/src/java/org/exoplatform/portal/faces/component/ChangeLocaleVisitor.java|(3062,32,<75,29>,<75,61>)>,
  <<|java+class:///org/exoplatform/faces/core/component/UIExoCommand|,|java+interface:///org/exoplatform/faces/core/component/UIExoComponent|>,{|java+class:///javax/faces/component/UICommand|},|project://exoportal-v1.0.2/portal/impl/src/java/org/exoplatform/portal/faces/component/ChangeLocaleVisitor.java|(3388,32,<85,31>,<85,63>)>,
  <<|java+class:///org/exoplatform/services/organization/hibernate/NewUserEventListener|,|java+class:///org/exoplatform/services/organization/UserEventListener|>,{|java+interface:///org/picocontainer/Startable|},|project://exoportal-v1.0.2/services/organization/impl/src/java/org/exoplatform/services/organization/hibernate/UserQueryHandler.java|(6502,37,<174,35>,<174,72>)>,
  <<|java+class:///org/exoplatform/services/cms/impl/NewUserListener|,|java+class:///org/exoplatform/services/organization/UserEventListener|>,{|java+interface:///org/picocontainer/Startable|},|project://exoportal-v1.0.2/services/organization/impl/src/java/org/exoplatform/services/organization/hibernate/UserQueryHandler.java|(6877,37,<183,35>,<183,72>)>,
  <<|java+class:///org/exoplatform/services/portal/impl/PortalUserEventListenerImpl|,|java+class:///org/exoplatform/services/organization/UserEventListener|>,{|java+interface:///org/picocontainer/Startable|},|project://exoportal-v1.0.2/services/organization/impl/src/java/org/exoplatform/services/organization/hibernate/UserQueryHandler.java|(7238,37,<192,35>,<192,72>)>,
  <<|java+class:///org/exoplatform/services/organization/ldap/NewUserEventListener|,|java+class:///org/exoplatform/services/organization/UserEventListener|>,{|java+interface:///org/picocontainer/Startable|},|project://exoportal-v1.0.2/services/organization/impl/src/java/org/exoplatform/services/organization/hibernate/UserQueryHandler.java|(7594,37,<201,35>,<201,72>)>,
  <<|java+class:///org/exoplatform/services/portal/impl/NodeImpl|,|java+class:///org/exoplatform/services/portal/model/PageNode|>,{|java+interface:///org/exoplatform/services/portal/model/Node|},|project://exoportal-v1.0.2/services/portal/impl/src/java/org/exoplatform/services/portal/impl/converter/NodeConfigConverter.java|(786,17,<22,18>,<22,35>)>,
  <<|java+class:///org/exoplatform/faces/core/component/UIExoCommand|,|java+interface:///org/exoplatform/faces/core/component/UIExoComponent|>,{|java+class:///javax/faces/component/UICommand|},|project://exoportal-v1.0.2/jsf-components/src/java/org/exoplatform/faces/core/renderer/html/SimpleTabRenderer.java|(1768,32,<38,33>,<38,65>)>,
  <<|java+class:///org/exoplatform/faces/core/component/UIExoComponentBase|,|java+interface:///org/exoplatform/faces/core/component/UIExoComponent|>,{|java+class:///javax/faces/component/UIComponentBase|},|project://exoportal-v1.0.2/jsf-components/src/java/org/exoplatform/faces/core/renderer/html/SimpleTabRenderer.java|(2479,32,<59,20>,<59,52>)>,
  <<|java+class:///org/exoplatform/portal/faces/component/UIPortal|,|java+interface:///org/exoplatform/portal/session/ExoPortal|>,{
    |java+class:///org/exoplatform/portal/faces/component/UIBasicComponent|,
    |java+interface:///org/exoplatform/faces/core/component/InformationProvider|
  },|project://exoportal-v1.0.2/portlets/core/navigation/src/java/org/exoplatform/portlets/nav/renderer/html/HorizontalMenuRenderer.java|(1268,57,<30,23>,<30,80>)>,
  <<|java+class:///org/exoplatform/container/monitor/jvm/v15/JVMRuntimeInfoImpl|,|java+interface:///org/exoplatform/container/monitor/jvm/JVMRuntimeInfo|>,{|java+interface:///org/picocontainer/Startable|},|project://exoportal-v1.0.2/container/src/test/org/exoplatform/container/monitor/TestPortalMonitorService.java|(1943,92,<55,6>,<55,98>)>,
  <<|java+class:///org/exoplatform/faces/core/component/UIExoComponentBase|,|java+interface:///org/exoplatform/faces/core/component/UIExoComponent|>,{|java+class:///javax/faces/component/UIComponentBase|},|project://exoportal-v1.0.2/portlets/core/admin/src/java/org/exoplatform/portlets/jmx/renderer/html/JMXPortletRenderer.java|(1841,32,<40,31>,<40,63>)>,
  <<|java+class:///org/exoplatform/services/database/impl/DatabaseServiceImpl|,|java+interface:///org/exoplatform/services/database/DatabaseService|>,{|java+interface:///org/picocontainer/Startable|},|project://exoportal-v1.0.2/services/database/impl/src/test/org/exoplatform/services/database/test/TestDatabaseService.java|(1052,78,<27,13>,<27,91>)>,
  <<|java+class:///org/exoplatform/services/portletcontainer/impl/PortletContainerServiceImpl|,|java+interface:///org/exoplatform/services/portletcontainer/PortletContainerService|>,{|java+interface:///org/picocontainer/Startable|},|project://exoportal-v1.0.2/portal/impl/src/java/org/exoplatform/portal/faces/component/UIPortlet.java|(4732,91,<105,6>,<105,97>)>,
  <<|java+class:///org/exoplatform/services/portletcontainer/impl/PortletContainerServiceImpl|,|java+interface:///org/exoplatform/services/portletcontainer/PortletContainerService|>,{|java+interface:///org/picocontainer/Startable|},|project://exoportal-v1.0.2/portal/impl/src/java/org/exoplatform/portal/faces/component/UIPortlet.java|(6138,91,<134,6>,<134,97>)>,
  <<|java+class:///org/exoplatform/portlets/wsrp/GroupSessionImpl|,|java+interface:///org/exoplatform/services/wsrp/consumer/GroupSessionMgr|>,{|java+class:///org/exoplatform/portlets/wsrp/InitCookieImpl|},|project://exoportal-v1.0.2/portlets/core/wsrp/src/java/org/exoplatform/portlets/wsrp/UserSessionImpl.java|(1031,44,<36,37>,<36,81>)>,
  <<|java+class:///org/exoplatform/services/portletcontainer/impl/portletAPIImp/PortletRequestImp|,|java+interface:///java/util/Map|>,{
    |java+interface:///javax/portlet/PortletRequest|,
    |java+interface:///org/exoplatform/services/portletcontainer/ExoPortletRequest|,
    |java+class:///javax/servlet/http/HttpServletRequestWrapper|
  },|project://exoportal-v1.0.2/commons/src/java/org/exoplatform/xml/object/XMLBaseObject.java|(3184,6,<79,42>,<79,48>)>,
  <<|java+class:///org/exoplatform/services/wsrp/mocks/MockWSRPService|,|java+interface:///org/exoplatform/services/wsrp/wsdl/WSRPService|>,{|java+class:///org/exoplatform/services/wsrp/wsdl/WSRPServiceLocator|},|project://exoportal-v1.0.2/services/wsrp/impl/src/java/org/exoplatform/services/wsrp/consumer/impl/ProducerImpl.java|(2249,98,<60,14>,<61,53>)>,
  <<|java+class:///org/exoplatform/services/cache/impl/SimpleCacheService|,|java+interface:///org/exoplatform/services/cache/CacheService|>,{|java+interface:///org/picocontainer/Startable|},|project://exoportal-v1.0.2/services/database/impl/src/java/org/exoplatform/services/database/impl/ExoCacheProvider.java|(1221,70,<32,8>,<32,78>)>,
  <<|java+class:///org/exoplatform/services/portletcontainer/impl/portletAPIImp/PortletRequestImp|,|java+interface:///javax/portlet/PortletRequest|>,{
    |java+interface:///org/exoplatform/services/portletcontainer/ExoPortletRequest|,
    |java+class:///javax/servlet/http/HttpServletRequestWrapper|,
    |java+interface:///java/util/Map|
  },|project://exoportal-v1.0.2/jsf-components/src/java/org/exoplatform/faces/core/renderer/xhtmlmp/SimpleFormRenderer.java|(1117,57,<27,27>,<27,84>)>,
  <<|java+class:///org/exoplatform/services/portal/impl/NodeImpl|,|java+class:///org/exoplatform/services/portal/model/PageNode|>,{|java+interface:///org/exoplatform/services/portal/model/Node|},|project://exoportal-v1.0.2/services/portal/impl/src/java/org/exoplatform/services/portal/impl/DefaultPortalServiceInterceptor.java|(3453,26,<96,25>,<96,51>)>,
  <<|java+class:///org/exoplatform/services/portal/impl/ImportExportPluginImpl|,|java+class:///org/exoplatform/services/backup/ImportExportPlugin|>,{|java+interface:///org/picocontainer/Startable|},|project://exoportal-v1.0.2/portlets/core/admin/src/java/org/exoplatform/portlets/backup/renderer/html/ExportDataRenderer.java|(2378,29,<48,30>,<48,59>)>,
  <<|java+class:///org/exoplatform/portal/faces/component/UIPortal|,|java+class:///org/exoplatform/portal/faces/component/UIBasicComponent|>,{
    |java+interface:///org/exoplatform/portal/session/ExoPortal|,
    |java+interface:///org/exoplatform/faces/core/component/InformationProvider|
  },|project://exoportal-v1.0.2/portal/impl/src/java/org/exoplatform/portal/faces/renderer/html/page/PageRowRenderer.java|(1690,34,<40,35>,<40,69>)>,
  <<|java+class:///org/exoplatform/portal/faces/component/UIPortal|,|java+interface:///org/exoplatform/portal/session/ExoPortal|>,{
    |java+class:///org/exoplatform/portal/faces/component/UIBasicComponent|,
    |java+interface:///org/exoplatform/faces/core/component/InformationProvider|
  },|project://exoportal-v1.0.2/portlets/core/navigation/src/java/org/exoplatform/portlets/nav/renderer/html/BreadcrumbsRenderer.java|(1203,57,<31,23>,<31,80>)>,
  <<|java+class:///org/exoplatform/services/communication/sms/model/MessageImpl|,|java+interface:///org/exoplatform/services/communication/sms/model/Message|>,{|java+interface:///java/io/Serializable|},|project://exoportal-v1.0.2/services/communication/impl/src/java/org/exoplatform/services/communication/sms/provider/prodat/ProdatMessengerImpl.java|(1413,18,<37,24>,<37,42>)>,
  <<|java+class:///org/exoplatform/services/communication/sms/model/RecipientImpl|,|java+interface:///org/exoplatform/services/communication/sms/model/Recipient|>,{|java+interface:///java/io/Serializable|},|project://exoportal-v1.0.2/services/communication/impl/src/java/org/exoplatform/services/communication/sms/provider/prodat/ProdatMessengerImpl.java|(1551,20,<39,30>,<39,50>)>,
  <<|java+class:///org/exoplatform/portal/faces/component/UIPortal|,|java+class:///org/exoplatform/portal/faces/component/UIBasicComponent|>,{
    |java+interface:///org/exoplatform/portal/session/ExoPortal|,
    |java+interface:///org/exoplatform/faces/core/component/InformationProvider|
  },|project://exoportal-v1.0.2/portal/impl/src/java/org/exoplatform/portal/faces/component/UIBody.java|(2213,20,<59,32>,<59,52>)>,
  <<|java+class:///org/exoplatform/services/portletcontainer/impl/portletAPIImp/PortletRequestImp|,|java+interface:///javax/portlet/PortletRequest|>,{
    |java+interface:///org/exoplatform/services/portletcontainer/ExoPortletRequest|,
    |java+class:///javax/servlet/http/HttpServletRequestWrapper|,
    |java+interface:///java/util/Map|
  },|project://exoportal-v1.0.2/portlets/core/communications/src/java/org/exoplatform/portlets/communication/sms/util/SmsPortletUtil.java|(960,58,<27,33>,<27,91>)>,
  <<|java+class:///org/exoplatform/services/portletcontainer/impl/portletAPIImp/PortletRequestImp|,|java+interface:///javax/portlet/PortletRequest|>,{
    |java+interface:///org/exoplatform/services/portletcontainer/ExoPortletRequest|,
    |java+class:///javax/servlet/http/HttpServletRequestWrapper|,
    |java+interface:///java/util/Map|
  },|project://exoportal-v1.0.2/portlet-framework/jsf/src/java/org/exoplatform/portlet/faces/component/UIPreferencesForm.java|(1405,58,<39,29>,<39,87>)>,
  <<|java+class:///org/exoplatform/services/portletcontainer/impl/portletAPIImp/PortletRequestImp|,|java+interface:///javax/portlet/PortletRequest|>,{
    |java+interface:///org/exoplatform/services/portletcontainer/ExoPortletRequest|,
    |java+class:///javax/servlet/http/HttpServletRequestWrapper|,
    |java+interface:///java/util/Map|
  },|project://exoportal-v1.0.2/portlet-framework/jsf/src/java/org/exoplatform/portlet/faces/component/UIPreferencesForm.java|(2570,63,<67,31>,<67,94>)>,
  <<|java+class:///org/exoplatform/test/mocks/portlet/MockActionResponse|,|java+interface:///javax/portlet/ActionResponse|>,{|java+class:///org/exoplatform/test/mocks/portlet/MockPortletResponse|},|project://exoportal-v1.0.2/portlets/core/admin/src/java/org/exoplatform/portlets/portal/component/UIAvailablePortal.java|(4363,39,<91,32>,<91,71>)>,
  <<|java+class:///org/exoplatform/portal/faces/component/UIPortal|,|java+interface:///org/exoplatform/portal/session/ExoPortal|>,{
    |java+class:///org/exoplatform/portal/faces/component/UIBasicComponent|,
    |java+interface:///org/exoplatform/faces/core/component/InformationProvider|
  },|project://exoportal-v1.0.2/portlets/core/navigation/src/java/org/exoplatform/portlets/nav/component/UINavigation.java|(1912,57,<41,23>,<41,80>)>,
  <<|java+class:///org/exoplatform/portal/faces/component/UIPortal|,|java+interface:///org/exoplatform/portal/session/ExoPortal|>,{
    |java+class:///org/exoplatform/portal/faces/component/UIBasicComponent|,
    |java+interface:///org/exoplatform/faces/core/component/InformationProvider|
  },|project://exoportal-v1.0.2/portlets/core/navigation/src/java/org/exoplatform/portlets/nav/component/UINavigation.java|(2659,57,<59,23>,<59,80>)>,
  <<|java+class:///org/exoplatform/portal/faces/component/UIPortal|,|java+interface:///org/exoplatform/portal/session/ExoPortal|>,{
    |java+class:///org/exoplatform/portal/faces/component/UIBasicComponent|,
    |java+interface:///org/exoplatform/faces/core/component/InformationProvider|
  },|project://exoportal-v1.0.2/portlets/core/navigation/src/java/org/exoplatform/portlets/nav/component/UINavigation.java|(3456,57,<82,25>,<82,82>)>,
  <<|java+class:///org/exoplatform/portal/faces/component/UIPortal|,|java+interface:///org/exoplatform/portal/session/ExoPortal|>,{
    |java+class:///org/exoplatform/portal/faces/component/UIBasicComponent|,
    |java+interface:///org/exoplatform/faces/core/component/InformationProvider|
  },|project://exoportal-v1.0.2/portlets/core/navigation/src/java/org/exoplatform/portlets/nav/component/UINavigation.java|(3888,57,<92,25>,<92,82>)>,
  <<|java+class:///org/exoplatform/portal/faces/component/UIPortal|,|java+class:///org/exoplatform/portal/faces/component/UIBasicComponent|>,{
    |java+interface:///org/exoplatform/portal/session/ExoPortal|,
    |java+interface:///org/exoplatform/faces/core/component/InformationProvider|
  },|project://exoportal-v1.0.2/portal/impl/src/java/org/exoplatform/portal/faces/component/UIBasicComponent.java|(3039,35,<78,33>,<78,68>)>,
  <<|java+class:///org/exoplatform/portal/faces/component/UIPortal|,|java+class:///org/exoplatform/portal/faces/component/UIBasicComponent|>,{
    |java+interface:///org/exoplatform/portal/session/ExoPortal|,
    |java+interface:///org/exoplatform/faces/core/component/InformationProvider|
  },|project://exoportal-v1.0.2/portal/impl/src/java/org/exoplatform/portal/faces/component/UIBasicComponent.java|(3407,34,<88,33>,<88,67>)>,
  <<|java+class:///org/exoplatform/portal/faces/component/UIPortal|,|java+class:///org/exoplatform/portal/faces/component/UIBasicComponent|>,{
    |java+interface:///org/exoplatform/portal/session/ExoPortal|,
    |java+interface:///org/exoplatform/faces/core/component/InformationProvider|
  },|project://exoportal-v1.0.2/portal/impl/src/java/org/exoplatform/portal/faces/component/UIBasicComponent.java|(4212,25,<115,7>,<115,32>)>,
  <<|java+class:///org/exoplatform/faces/core/component/UIExoCommand|,|java+interface:///org/exoplatform/faces/core/component/UIExoComponent|>,{|java+class:///javax/faces/component/UICommand|},|project://exoportal-v1.0.2/portlet-framework/jsf/src/java/org/exoplatform/portlet/faces/component/UIExoViewRoot.java|(1829,18,<51,31>,<51,49>)>,
  <<|java+class:///org/exoplatform/services/organization/ldap/OrganizationServiceListenerImpl|,|java+class:///org/exoplatform/services/organization/OrganizationServiceListener|>,{|java+interface:///org/picocontainer/Startable|},|project://exoportal-v1.0.2/services/organization/impl/src/java/org/exoplatform/services/organization/hibernate/OrganizationServiceImpl.java|(3479,47,<78,43>,<78,90>)>,
  <<|java+class:///org/exoplatform/portal/faces/component/UIPortal|,|java+class:///org/exoplatform/portal/faces/component/UIBasicComponent|>,{
    |java+interface:///org/exoplatform/portal/session/ExoPortal|,
    |java+interface:///org/exoplatform/faces/core/component/InformationProvider|
  },|project://exoportal-v1.0.2/portal/impl/src/java/org/exoplatform/portal/faces/renderer/html/container/ContainerRowRenderer.java|(1426,34,<34,33>,<34,67>)>,
  <<|java+class:///org/exoplatform/services/portletcontainer/impl/portletAPIImp/PortletRequestImp|,|java+interface:///javax/portlet/PortletRequest|>,{
    |java+interface:///org/exoplatform/services/portletcontainer/ExoPortletRequest|,
    |java+class:///javax/servlet/http/HttpServletRequestWrapper|,
    |java+interface:///java/util/Map|
  },|project://exoportal-v1.0.2/portlets/core/content/src/java/org/exoplatform/portlets/content/display/component/UIContentPortlet.java|(1303,38,<29,27>,<29,65>)>,
  <<|java+class:///org/exoplatform/services/portletcontainer/impl/portletAPIImp/PortletRequestImp|,|java+interface:///javax/portlet/PortletRequest|>,{
    |java+interface:///org/exoplatform/services/portletcontainer/ExoPortletRequest|,
    |java+class:///javax/servlet/http/HttpServletRequestWrapper|,
    |java+interface:///java/util/Map|
  },|project://exoportal-v1.0.2/jsf-components/src/java/org/exoplatform/faces/FacesUtil.java|(1005,105,<26,6>,<27,53>)>,
  <<|java+class:///org/exoplatform/services/organization/ldap/OrganizationServiceImpl|,|java+interface:///org/exoplatform/services/organization/OrganizationService|>,{|java+interface:///org/picocontainer/Startable|},|project://exoportal-v1.0.2/portlets/core/exomvc/src/java/org/exoplatform/portlets/exomvc/jsp/ListUserPage.java|(1072,84,<26,6>,<26,90>)>,
  <<|java+class:///org/exoplatform/services/database/impl/InMemoryDatabaseServiceImpl|,|java+interface:///org/exoplatform/services/database/DatabaseService|>,{|java+interface:///org/picocontainer/Startable|},|project://exoportal-v1.0.2/services/workflow/impl/src/java/org/exoplatform/services/workflow/impl/WorkflowConnectionProvider.java|(1469,77,<41,6>,<41,83>)>,
  <<|java+class:///org/exoplatform/services/organization/hibernate/OrganizationServiceImpl|,|java+interface:///org/exoplatform/services/organization/OrganizationService|>,{|java+interface:///org/picocontainer/Startable|},|project://exoportal-v1.0.2/portlets/core/user/src/java/org/exoplatform/portlets/user/component/UIMembershipForm.java|(2804,77,<65,6>,<65,83>)>,
  <<|java+class:///org/exoplatform/services/organization/hibernate/OrganizationServiceImpl|,|java+interface:///org/exoplatform/services/organization/OrganizationService|>,{|java+interface:///org/picocontainer/Startable|},|project://exoportal-v1.0.2/portlets/core/user/src/java/org/exoplatform/portlets/user/component/UIMembershipForm.java|(3717,77,<87,8>,<87,85>)>,
  <<|java+class:///org/exoplatform/portal/faces/component/UIPortal|,|java+class:///org/exoplatform/portal/faces/component/UIBasicComponent|>,{
    |java+interface:///org/exoplatform/portal/session/ExoPortal|,
    |java+interface:///org/exoplatform/faces/core/component/InformationProvider|
  },|project://exoportal-v1.0.2/portal/impl/src/java/org/exoplatform/portal/faces/renderer/xhtmlmp/container/ContainerRenderer.java|(1359,34,<30,33>,<30,67>)>,
  <<|java+class:///org/exoplatform/services/database/impl/InMemoryDatabaseServiceImpl|,|java+interface:///org/exoplatform/services/database/DatabaseService|>,{|java+interface:///org/picocontainer/Startable|},|project://exoportal-v1.0.2/services/database/impl/src/java/org/exoplatform/services/database/impl/ExoConnectionProvider.java|(1368,77,<37,6>,<37,83>)>,
  <<|java+class:///org/exoplatform/test/mocks/portlet/MockActionResponse|,|java+interface:///javax/portlet/ActionResponse|>,{|java+class:///org/exoplatform/test/mocks/portlet/MockPortletResponse|},|project://exoportal-v1.0.2/portal/impl/src/java/org/exoplatform/faces/user/component/UILogout.java|(2802,39,<67,31>,<67,70>)>,
  <<|java+class:///org/exoplatform/portal/faces/component/UIPortal|,|java+class:///org/exoplatform/portal/faces/component/UIBasicComponent|>,{
    |java+interface:///org/exoplatform/portal/session/ExoPortal|,
    |java+interface:///org/exoplatform/faces/core/component/InformationProvider|
  },|project://exoportal-v1.0.2/portal/impl/src/java/org/exoplatform/portal/faces/listener/share/DeleteActionListener.java|(1151,36,<23,35>,<23,71>)>,
  <<|java+class:///org/exoplatform/services/portletcontainer/impl/portletAPIImp/PortletRequestImp|,|java+interface:///javax/portlet/PortletRequest|>,{
    |java+interface:///org/exoplatform/services/portletcontainer/ExoPortletRequest|,
    |java+class:///javax/servlet/http/HttpServletRequestWrapper|,
    |java+interface:///java/util/Map|
  },|project://exoportal-v1.0.2/portlets/ext/weather/src/java/org/exoplatform/portlets/weather/WeatherUtil.java|(2053,38,<69,28>,<69,66>)>,
  <<|java+class:///org/exoplatform/services/portletcontainer/impl/PortletContainerServiceImpl|,|java+interface:///org/exoplatform/services/portletcontainer/PortletContainerService|>,{|java+interface:///org/picocontainer/Startable|},|project://exoportal-v1.0.2/portlets/core/wsrp/src/java/org/exoplatform/portlets/wsrp/WSRPConsumerPortlet.java|(2706,122,<61,36>,<62,65>)>,
  <<|java+class:///org/exoplatform/services/portletcontainer/impl/portletAPIImp/PortletRequestImp|,|java+interface:///java/util/Map|>,{
    |java+interface:///javax/portlet/PortletRequest|,
    |java+interface:///org/exoplatform/services/portletcontainer/ExoPortletRequest|,
    |java+class:///javax/servlet/http/HttpServletRequestWrapper|
  },|project://exoportal-v1.0.2/portlets/core/wsrp/src/java/org/exoplatform/portlets/wsrp/WSRPConsumerPortlet.java|(17488,52,<390,19>,<390,71>)>,
  <<|java+class:///org/exoplatform/portlets/wsrp/UserSessionImpl|,|java+interface:///org/exoplatform/services/wsrp/consumer/UserSessionMgr|>,{|java+class:///org/exoplatform/portlets/wsrp/InitCookieImpl|},|project://exoportal-v1.0.2/portlets/core/wsrp/src/java/org/exoplatform/portlets/wsrp/WSRPConsumerPortlet.java|(23040,121,<512,33>,<513,82>)>,
  <<|java+class:///org/exoplatform/services/organization/ldap/OrganizationServiceImpl|,|java+interface:///org/exoplatform/services/organization/OrganizationService|>,{|java+interface:///org/picocontainer/Startable|},|project://exoportal-v1.0.2/services/backup/impl/src/test/org/exoplatform/services/exporter/test/TestExportService.java|(1475,83,<36,20>,<36,103>)>,
  <<|java+class:///org/exoplatform/container/monitor/jvm/v14/JVMRuntimeInfoImpl|,|java+interface:///org/exoplatform/container/monitor/jvm/JVMRuntimeInfo|>,{|java+interface:///org/picocontainer/Startable|},|project://exoportal-v1.0.2/portlets/core/admin/src/java/org/exoplatform/portlets/console/component/UIAdminConsolePortlet.java|(4053,64,<86,6>,<86,70>)>,
  <<|java+class:///org/exoplatform/services/indexing/BaseIndexerPlugin|,|java+interface:///org/exoplatform/services/indexing/IndexerPlugin|>,{|java+interface:///org/picocontainer/Startable|},|project://exoportal-v1.0.2/services/indexing/impl/src/java/org/exoplatform/services/indexing/impl/IndexingServiceImpl.java|(3355,40,<88,27>,<88,67>)>,
  <<|java+class:///org/exoplatform/services/indexing/BaseIndexerPlugin|,|java+interface:///org/exoplatform/services/indexing/IndexerPlugin|>,{|java+interface:///org/picocontainer/Startable|},|project://exoportal-v1.0.2/services/indexing/impl/src/java/org/exoplatform/services/indexing/impl/IndexingServiceImpl.java|(6809,24,<188,31>,<188,55>)>,
  <<|java+class:///org/exoplatform/portal/faces/component/UIPortal|,|java+class:///org/exoplatform/portal/faces/component/UIBasicComponent|>,{
    |java+interface:///org/exoplatform/portal/session/ExoPortal|,
    |java+interface:///org/exoplatform/faces/core/component/InformationProvider|
  },|project://exoportal-v1.0.2/portal/impl/src/java/org/exoplatform/portal/faces/renderer/html/container/TabRenderer.java|(1913,34,<47,33>,<47,67>)>,
  <<|java+class:///org/exoplatform/portal/faces/component/UIPortal|,|java+class:///org/exoplatform/portal/faces/component/UIBasicComponent|>,{
    |java+interface:///org/exoplatform/portal/session/ExoPortal|,
    |java+interface:///org/exoplatform/faces/core/component/InformationProvider|
  },|project://exoportal-v1.0.2/portal/impl/src/java/org/exoplatform/portal/faces/renderer/html/container/TabRenderer.java|(2911,34,<68,26>,<68,60>)>,
  <<|java+class:///org/exoplatform/faces/core/component/UIExoCommand|,|java+interface:///org/exoplatform/faces/core/component/UIExoComponent|>,{|java+class:///javax/faces/component/UICommand|},|project://exoportal-v1.0.2/jsf-components/src/java/org/exoplatform/faces/core/component/ComponentUtil.java|(1584,32,<41,31>,<41,63>)>,
  <<|java+class:///org/exoplatform/faces/core/component/UIExoCommand|,|java+interface:///org/exoplatform/faces/core/component/UIExoComponent|>,{|java+class:///javax/faces/component/UICommand|},|project://exoportal-v1.0.2/jsf-components/src/java/org/exoplatform/faces/core/component/ComponentUtil.java|(2033,32,<52,31>,<52,63>)>,
  <<|java+class:///org/exoplatform/services/task/impl/TaskServiceImpl|,|java+interface:///org/exoplatform/services/task/TaskService|>,{|java+interface:///org/picocontainer/Startable|},|project://exoportal-v1.0.2/services/common/impl/src/test/org/exoplatform/services/task/test/TestTaskService.java|(906,67,<35,15>,<35,82>)>,
  <<|java+class:///org/exoplatform/services/organization/ldap/OrganizationServiceImpl|,|java+interface:///org/exoplatform/services/organization/OrganizationService|>,{|java+interface:///org/picocontainer/Startable|},|project://exoportal-v1.0.2/portal/impl/src/java/org/exoplatform/portal/PortalSessionInitializer.java|(1231,85,<27,8>,<27,93>)>,
  <<|java+class:///org/exoplatform/services/portletcontainer/impl/portletAPIImp/RenderRequestImp|,|java+class:///org/exoplatform/services/portletcontainer/impl/portletAPIImp/PortletRequestImp|>,{|java+interface:///javax/portlet/RenderRequest|},|project://exoportal-v1.0.2/portlet-framework/jsf/src/java/org/exoplatform/portlet/faces/context/ExternalContextImpl.java|(2715,27,<62,22>,<62,49>)>,
  <<|java+class:///org/exoplatform/services/portletcontainer/impl/portletAPIImp/ActionResponseImp|,|java+class:///org/exoplatform/services/portletcontainer/impl/portletAPIImp/PortletResponseImp|>,{|java+interface:///javax/portlet/ActionResponse|},|project://exoportal-v1.0.2/portlet-framework/jsf/src/java/org/exoplatform/portlet/faces/context/ExternalContextImpl.java|(2767,29,<63,23>,<63,52>)>,
  <<|java+class:///org/exoplatform/services/indexing/BaseIndexerPlugin|,|java+interface:///org/exoplatform/services/indexing/IndexerPlugin|>,{|java+interface:///org/picocontainer/Startable|},|project://exoportal-v1.0.2/portlets/core/content/src/java/org/exoplatform/portlets/content/search/component/UIContentSearcher.java|(1142,24,<26,28>,<26,52>)>,
  <<|java+class:///org/exoplatform/services/organization/ldap/OrganizationServiceImpl|,|java+interface:///org/exoplatform/services/organization/OrganizationService|>,{|java+interface:///org/picocontainer/Startable|},|project://exoportal-v1.0.2/services/security/impl/src/test/org/exoplatform/services/security/test/TestLoginModule.java|(1932,83,<54,8>,<54,91>)>,
  <<|java+class:///org/exoplatform/services/security/impl/UserPrincipalImpl|,|java+interface:///org/exoplatform/services/security/UserPrincipal|>,{|java+class:///org/exoplatform/services/security/impl/BasePrincipal|},|project://exoportal-v1.0.2/services/security/impl/src/test/org/exoplatform/services/security/test/TestLoginModule.java|(2935,44,<74,35>,<74,79>)>,
  <<|java+class:///org/exoplatform/services/communication/message/impl/MessageImpl|,|java+interface:///org/exoplatform/services/communication/message/Message|>,{|java+class:///org/exoplatform/services/communication/message/impl/MessageHeaderImpl|},|project://exoportal-v1.0.2/portlets/core/communications/src/java/org/exoplatform/portlets/communication/message/renderer/html/MessagesRenderer.java|(2433,25,<51,26>,<51,51>)>,
  <<|java+class:///org/exoplatform/test/mocks/portlet/MockRenderRequest|,|java+interface:///javax/portlet/RenderRequest|>,{|java+class:///org/exoplatform/test/mocks/portlet/MockPortletRequest|},|project://exoportal-v1.0.2/services/portlet-container/impl/src/java/org/exoplatform/services/portletcontainer/impl/portletAPIImp/tags/DefineObjectsTag.java|(910,61,<28,34>,<28,95>)>,
  <<|java+class:///org/exoplatform/test/mocks/portlet/MockRenderResponse|,|java+interface:///javax/portlet/RenderResponse|>,{|java+class:///org/exoplatform/test/mocks/portlet/MockPortletResponse|},|project://exoportal-v1.0.2/services/portlet-container/impl/src/java/org/exoplatform/services/portletcontainer/impl/portletAPIImp/tags/DefineObjectsTag.java|(1010,63,<29,36>,<29,99>)>,
  <<|java+class:///org/exoplatform/services/portletcontainer/impl/portletAPIImp/PortletRequestImp|,|java+interface:///javax/portlet/PortletRequest|>,{
    |java+interface:///org/exoplatform/services/portletcontainer/ExoPortletRequest|,
    |java+class:///javax/servlet/http/HttpServletRequestWrapper|,
    |java+interface:///java/util/Map|
  },|project://exoportal-v1.0.2/portlets/ext/weather/src/java/org/exoplatform/portlets/weather/WeatherData.java|(696,84,<28,3>,<28,87>)>,
  <<|java+class:///org/exoplatform/services/portletcontainer/impl/portletAPIImp/ActionRequestImp|,|java+interface:///javax/portlet/ActionRequest|>,{|java+class:///org/exoplatform/services/portletcontainer/impl/portletAPIImp/PortletRequestImp|},|project://exoportal-v1.0.2/portlets/core/communications/src/java/org/exoplatform/portlets/communication/sms/component/UISmsForm.java|(8442,37,<193,31>,<193,68>)>,
  <<|java+class:///org/exoplatform/services/communication/sms/model/RecipientImpl|,|java+interface:///org/exoplatform/services/communication/sms/model/Recipient|>,{|java+interface:///java/io/Serializable|},|project://exoportal-v1.0.2/portlets/core/communications/src/java/org/exoplatform/portlets/communication/sms/component/UISmsForm.java|(9558,38,<218,24>,<218,62>)>,
  <<|java+class:///org/exoplatform/services/portletcontainer/impl/portletAPIImp/PortletRequestImp|,|java+interface:///java/util/Map|>,{
    |java+interface:///javax/portlet/PortletRequest|,
    |java+interface:///org/exoplatform/services/portletcontainer/ExoPortletRequest|,
    |java+class:///javax/servlet/http/HttpServletRequestWrapper|
  },|project://exoportal-v1.0.2/commons/src/java/org/exoplatform/commons/debug/ObjectDebuger.java|(996,6,<25,55>,<25,61>)>,
  <<|java+class:///org/exoplatform/services/portletcontainer/impl/portletAPIImp/PortletRequestImp|,|java+interface:///java/util/Map|>,{
    |java+interface:///javax/portlet/PortletRequest|,
    |java+interface:///org/exoplatform/services/portletcontainer/ExoPortletRequest|,
    |java+class:///javax/servlet/http/HttpServletRequestWrapper|
  },|project://exoportal-v1.0.2/commons/src/java/org/exoplatform/commons/debug/ObjectDebuger.java|(2935,10,<65,38>,<65,48>)>,
  <<|java+class:///org/exoplatform/services/portletcontainer/impl/portletAPIImp/ActionResponseImp|,|java+interface:///javax/portlet/ActionResponse|>,{|java+class:///org/exoplatform/services/portletcontainer/impl/portletAPIImp/PortletResponseImp|},|project://exoportal-v1.0.2/portlets/core/workflow/src/java/org/exoplatform/portlets/workflow/component/UIWorkflowEdit.java|(2762,96,<70,38>,<71,44>)>,
  <<|java+class:///org/exoplatform/test/mocks/portlet/MockActionResponse|,|java+interface:///javax/portlet/ActionResponse|>,{|java+class:///org/exoplatform/test/mocks/portlet/MockPortletResponse|},|project://exoportal-v1.0.2/portlets/core/workflow/src/java/org/exoplatform/portlets/workflow/component/UIWorkflowEdit.java|(3093,96,<78,38>,<79,44>)>,
  <<|java+class:///org/exoplatform/services/portal/impl/NodeImpl|,|java+interface:///org/exoplatform/services/portal/model/Node|>,{|java+class:///org/exoplatform/services/portal/model/PageNode|},|project://exoportal-v1.0.2/portal/impl/src/java/org/exoplatform/portal/faces/listener/portal/NodeActionListener.java|(3301,21,<64,20>,<64,41>)>,
  <<|java+class:///org/exoplatform/services/portal/impl/NodeImpl|,|java+interface:///org/exoplatform/services/portal/model/Node|>,{|java+class:///org/exoplatform/services/portal/model/PageNode|},|project://exoportal-v1.0.2/portal/impl/src/java/org/exoplatform/portal/faces/listener/portal/NodeActionListener.java|(3727,22,<80,19>,<80,41>)>,
  <<|java+class:///org/exoplatform/services/portletcontainer/impl/portletAPIImp/PortletRequestImp|,|java+interface:///javax/portlet/PortletRequest|>,{
    |java+interface:///org/exoplatform/services/portletcontainer/ExoPortletRequest|,
    |java+class:///javax/servlet/http/HttpServletRequestWrapper|,
    |java+interface:///java/util/Map|
  },|project://exoportal-v1.0.2/portlets/core/content/src/java/org/exoplatform/portlets/content/display/component/UIContentConfig.java|(2007,38,<48,27>,<48,65>)>,
  <<|java+class:///org/exoplatform/services/portletcontainer/impl/portletAPIImp/PortletRequestImp|,|java+interface:///javax/portlet/PortletRequest|>,{
    |java+interface:///org/exoplatform/services/portletcontainer/ExoPortletRequest|,
    |java+class:///javax/servlet/http/HttpServletRequestWrapper|,
    |java+interface:///java/util/Map|
  },|project://exoportal-v1.0.2/portlets/core/content/src/java/org/exoplatform/portlets/content/display/component/UIContentConfig.java|(2981,58,<78,27>,<78,85>)>,
  <<|java+class:///org/exoplatform/portal/faces/component/UIPortal|,|java+interface:///org/exoplatform/portal/session/ExoPortal|>,{
    |java+class:///org/exoplatform/portal/faces/component/UIBasicComponent|,
    |java+interface:///org/exoplatform/faces/core/component/InformationProvider|
  },|project://exoportal-v1.0.2/portlets/core/content/src/java/org/exoplatform/portlets/content/display/component/UIContentConfig.java|(3381,57,<89,27>,<89,84>)>,
  <<|java+class:///org/exoplatform/services/portletcontainer/impl/portletAPIImp/PortletRequestImp|,|java+interface:///javax/portlet/PortletRequest|>,{
    |java+interface:///org/exoplatform/services/portletcontainer/ExoPortletRequest|,
    |java+class:///javax/servlet/http/HttpServletRequestWrapper|,
    |java+interface:///java/util/Map|
  },|project://exoportal-v1.0.2/portlets/core/content/src/java/org/exoplatform/portlets/content/display/component/UIContentConfig.java|(4430,84,<120,10>,<120,94>)>,
  <<|java+class:///org/exoplatform/services/communication/sms/model/RecipientImpl|,|java+interface:///org/exoplatform/services/communication/sms/model/Recipient|>,{|java+interface:///java/io/Serializable|},|project://exoportal-v1.0.2/services/communication/impl/src/java/org/exoplatform/services/communication/sms/model/MessageImpl.java|(1851,20,<64,26>,<64,46>)>,
  <<|java+class:///org/exoplatform/services/communication/message/impl/UserEventAccountListener|,|java+class:///org/exoplatform/services/organization/UserEventListener|>,{|java+interface:///org/picocontainer/Startable|},|project://exoportal-v1.0.2/services/organization/impl/src/java/org/exoplatform/services/organization/ldap/UserHandler.java|(18369,37,<497,32>,<497,69>)>,
  <<|java+class:///org/exoplatform/services/portal/impl/PortalUserEventListenerImpl|,|java+class:///org/exoplatform/services/organization/UserEventListener|>,{|java+interface:///org/picocontainer/Startable|},|project://exoportal-v1.0.2/services/organization/impl/src/java/org/exoplatform/services/organization/ldap/UserHandler.java|(18732,37,<507,32>,<507,69>)>,
  <<|java+class:///org/exoplatform/services/cms/impl/NewUserListener|,|java+class:///org/exoplatform/services/organization/UserEventListener|>,{|java+interface:///org/picocontainer/Startable|},|project://exoportal-v1.0.2/services/organization/impl/src/java/org/exoplatform/services/organization/ldap/UserHandler.java|(19082,37,<516,32>,<516,69>)>,
  <<|java+class:///org/exoplatform/services/portal/impl/PortalUserEventListenerImpl|,|java+class:///org/exoplatform/services/organization/UserEventListener|>,{|java+interface:///org/picocontainer/Startable|},|project://exoportal-v1.0.2/services/organization/impl/src/java/org/exoplatform/services/organization/ldap/UserHandler.java|(19443,37,<526,32>,<526,69>)>,
  <<|java+class:///org/exoplatform/portal/faces/component/UIPortal|,|java+class:///org/exoplatform/portal/faces/component/UIBasicComponent|>,{
    |java+interface:///org/exoplatform/portal/session/ExoPortal|,
    |java+interface:///org/exoplatform/faces/core/component/InformationProvider|
  },|project://exoportal-v1.0.2/portal/impl/src/java/org/exoplatform/portal/faces/listener/container/ChangeTabActionListener.java|(1163,33,<27,35>,<27,68>)>,
  <<|java+class:///org/exoplatform/portal/faces/component/UIPortal|,|java+class:///org/exoplatform/portal/faces/component/UIBasicComponent|>,{
    |java+interface:///org/exoplatform/portal/session/ExoPortal|,
    |java+interface:///org/exoplatform/faces/core/component/InformationProvider|
  },|project://exoportal-v1.0.2/portal/impl/src/java/org/exoplatform/portal/faces/listener/share/EditPropertiesActionListener.java|(888,36,<18,35>,<18,71>)>,
  <<|java+class:///org/exoplatform/portal/faces/component/UIPortal|,|java+interface:///org/exoplatform/portal/session/ExoPortal|>,{
    |java+class:///org/exoplatform/portal/faces/component/UIBasicComponent|,
    |java+interface:///org/exoplatform/faces/core/component/InformationProvider|
  },|project://exoportal-v1.0.2/portlets/core/navigation/src/java/org/exoplatform/portlets/nav/renderer/html/FirstLevelMenuRenderer.java|(1311,57,<31,23>,<31,80>)>,
  <<|java+class:///org/exoplatform/services/portletcontainer/impl/portletAPIImp/PortletRequestImp|,|java+interface:///javax/portlet/PortletRequest|>,{
    |java+interface:///org/exoplatform/services/portletcontainer/ExoPortletRequest|,
    |java+class:///javax/servlet/http/HttpServletRequestWrapper|,
    |java+interface:///java/util/Map|
  },|project://exoportal-v1.0.2/portlets/core/web/src/java/org/exoplatform/portlets/rss/component/UIRss.java|(1218,58,<31,29>,<31,87>)>,
  <<|java+class:///org/exoplatform/services/portal/impl/NodeImpl|,|java+interface:///org/exoplatform/services/portal/model/Node|>,{|java+class:///org/exoplatform/services/portal/model/PageNode|},|project://exoportal-v1.0.2/services/portal/impl/src/java/org/exoplatform/services/portal/impl/PortalConfigServiceImpl.java|(7709,38,<196,16>,<196,54>)>,
  <<|java+class:///org/exoplatform/portal/faces/component/UIPortal|,|java+interface:///org/exoplatform/portal/session/ExoPortal|>,{
    |java+class:///org/exoplatform/portal/faces/component/UIBasicComponent|,
    |java+interface:///org/exoplatform/faces/core/component/InformationProvider|
  },|project://exoportal-v1.0.2/portlets/core/navigation/src/java/org/exoplatform/portlets/nav/renderer/html/SitemapRenderer.java|(998,65,<24,23>,<24,88>)>,
  <<|java+class:///org/exoplatform/services/communication/sms/model/MessageImpl|,|java+interface:///org/exoplatform/services/communication/sms/model/Message|>,{|java+interface:///java/io/Serializable|},|project://exoportal-v1.0.2/services/communication/impl/src/java/org/exoplatform/services/communication/sms/model/MessagesImpl.java|(1812,20,<73,15>,<73,35>)>,
  <<|java+class:///org/exoplatform/services/communication/sms/model/MessageImpl|,|java+interface:///org/exoplatform/services/communication/sms/model/Message|>,{|java+interface:///java/io/Serializable|},|project://exoportal-v1.0.2/services/communication/impl/src/java/org/exoplatform/services/communication/sms/model/MessagesImpl.java|(2297,18,<93,24>,<93,42>)>,
  <<|java+class:///org/exoplatform/services/communication/sms/model/RecipientImpl|,|java+interface:///org/exoplatform/services/communication/sms/model/Recipient|>,{|java+interface:///java/io/Serializable|},|project://exoportal-v1.0.2/services/communication/impl/src/java/org/exoplatform/services/communication/sms/model/MessagesImpl.java|(2435,20,<95,30>,<95,50>)>,
  <<|java+class:///org/exoplatform/portal/faces/component/UIPortal|,|java+class:///org/exoplatform/portal/faces/component/UIBasicComponent|>,{
    |java+interface:///org/exoplatform/portal/session/ExoPortal|,
    |java+interface:///org/exoplatform/faces/core/component/InformationProvider|
  },|project://exoportal-v1.0.2/portal/impl/src/java/org/exoplatform/portal/faces/component/UIPage.java|(3536,34,<90,33>,<90,67>)>,
  <<|java+class:///org/exoplatform/portal/faces/component/UIPortal|,|java+class:///org/exoplatform/portal/faces/component/UIBasicComponent|>,{
    |java+interface:///org/exoplatform/portal/session/ExoPortal|,
    |java+interface:///org/exoplatform/faces/core/component/InformationProvider|
  },|project://exoportal-v1.0.2/portal/impl/src/java/org/exoplatform/portal/faces/component/UIPage.java|(3835,36,<99,30>,<99,66>)>,
  <<|java+class:///org/exoplatform/test/mocks/portlet/MockRenderResponse|,|java+interface:///javax/portlet/RenderResponse|>,{|java+class:///org/exoplatform/test/mocks/portlet/MockPortletResponse|},|project://exoportal-v1.0.2/services/portlet-container/impl/src/java/org/exoplatform/services/portletcontainer/impl/portletAPIImp/tags/RenderURLTag.java|(681,63,<22,36>,<22,99>)>,
  <<|java+class:///org/exoplatform/services/portletcontainer/impl/PortletContainerServiceImpl|,|java+interface:///org/exoplatform/services/portletcontainer/PortletContainerService|>,{|java+interface:///org/picocontainer/Startable|},|project://exoportal-v1.0.2/portal/impl/src/java/org/exoplatform/portal/faces/renderer/html/portlet/PortletRenderer.java|(11130,148,<239,8>,<240,91>)>,
  <<|java+class:///org/exoplatform/services/portletcontainer/impl/portletAPIImp/PortletRequestImp|,|java+interface:///javax/portlet/PortletRequest|>,{
    |java+interface:///org/exoplatform/services/portletcontainer/ExoPortletRequest|,
    |java+class:///javax/servlet/http/HttpServletRequestWrapper|,
    |java+interface:///java/util/Map|
  },|project://exoportal-v1.0.2/jsf-components/src/java/org/exoplatform/faces/core/component/UIFileUpload.java|(1704,58,<47,29>,<47,87>)>,
  <<|java+class:///org/exoplatform/portal/faces/component/UIPortal|,|java+interface:///org/exoplatform/portal/session/ExoPortal|>,{
    |java+class:///org/exoplatform/portal/faces/component/UIBasicComponent|,
    |java+interface:///org/exoplatform/faces/core/component/InformationProvider|
  },|project://exoportal-v1.0.2/portal/impl/src/java/org/exoplatform/portal/faces/renderer/html/container/ContainerRenderer.java|(3403,57,<66,23>,<66,80>)>,
  <<|java+class:///org/exoplatform/services/cache/impl/SimpleCacheService|,|java+interface:///org/exoplatform/services/cache/CacheService|>,{|java+interface:///org/picocontainer/Startable|},|project://exoportal-v1.0.2/portlets/core/content/src/java/org/exoplatform/portlets/content/display/component/UIStaticContentTab.java|(1403,63,<36,26>,<36,89>)>,
  <<|java+class:///org/exoplatform/services/portletcontainer/impl/portletAPIImp/PortletRequestImp|,|java+interface:///org/exoplatform/services/portletcontainer/ExoPortletRequest|>,{
    |java+interface:///javax/portlet/PortletRequest|,
    |java+class:///javax/servlet/http/HttpServletRequestWrapper|,
    |java+interface:///java/util/Map|
  },|project://exoportal-v1.0.2/portlets/core/content/src/java/org/exoplatform/portlets/content/display/component/UIStaticContentTab.java|(3231,54,<89,56>,<90,25>)>,
  <<|java+class:///org/exoplatform/services/portletcontainer/impl/portletAPIImp/PortletRequestImp|,|java+interface:///org/exoplatform/services/portletcontainer/ExoPortletRequest|>,{
    |java+interface:///javax/portlet/PortletRequest|,
    |java+class:///javax/servlet/http/HttpServletRequestWrapper|,
    |java+interface:///java/util/Map|
  },|project://exoportal-v1.0.2/portlets/core/content/src/java/org/exoplatform/portlets/content/display/component/UIStaticContentTab.java|(3209,118,<89,34>,<90,67>)>,
  <<|java+class:///org/exoplatform/faces/core/component/UIExoCommand|,|java+interface:///org/exoplatform/faces/core/component/UIExoComponent|>,{|java+class:///javax/faces/component/UICommand|},|project://exoportal-v1.0.2/jsf-components/src/java/org/exoplatform/faces/core/component/ComponentVisitor.java|(729,32,<18,29>,<18,61>)>,
  <<|java+class:///org/exoplatform/portal/faces/component/UIPortal|,|java+class:///org/exoplatform/portal/faces/component/UIBasicComponent|>,{
    |java+interface:///org/exoplatform/portal/session/ExoPortal|,
    |java+interface:///org/exoplatform/faces/core/component/InformationProvider|
  },|project://exoportal-v1.0.2/portal/impl/src/java/org/exoplatform/portal/faces/listener/container/AddPortletActionListener.java|(1144,36,<21,35>,<21,71>)>
]