[
  <<|java+class:///org/javacc/parser/RStringLiteral|,|java+class:///org/javacc/parser/RegularExpression|>,210,|project://javacc-5.0/src/org/javacc/parser/Semanticize.java|(9753,7,<208,21>,<208,28>),|java+field:///org/javacc/parser/RegularExpression/ordinal|>,
  <<|java+class:///org/javacc/parser/RStringLiteral|,|java+class:///org/javacc/parser/RegularExpression|>,210,|project://javacc-5.0/src/org/javacc/parser/Semanticize.java|(9788,7,<209,19>,<209,26>),|java+field:///org/javacc/parser/RegularExpression/ordinal|>,
  <<|java+class:///org/javacc/parser/RStringLiteral|,|java+class:///org/javacc/parser/RegularExpression|>,210,|project://javacc-5.0/src/org/javacc/parser/Semanticize.java|(10177,9,<216,22>,<216,31>),|java+field:///org/javacc/parser/RegularExpression/tpContext|>,
  <<|java+class:///org/javacc/parser/RegularExpression|,|java+class:///org/javacc/parser/Expansion|>,210,|project://javacc-5.0/src/org/javacc/parser/Semanticize.java|(10508,15,<220,37>,<220,52>),|java+method:///org/javacc/parser/Expansion/getLine()|>,
  <<|java+class:///org/javacc/parser/RegularExpression|,|java+class:///org/javacc/parser/Expansion|>,210,|project://javacc-5.0/src/org/javacc/parser/Semanticize.java|(10540,17,<220,69>,<220,86>),|java+method:///org/javacc/parser/Expansion/getColumn()|>,
  <<|java+class:///org/javacc/parser/RStringLiteral|,|java+class:///org/javacc/parser/RegularExpression|>,210,|project://javacc-5.0/src/org/javacc/parser/Semanticize.java|(10844,9,<226,26>,<226,35>),|java+field:///org/javacc/parser/RegularExpression/tpContext|>,
  <<|java+class:///org/javacc/parser/RegularExpression|,|java+class:///org/javacc/parser/Expansion|>,210,|project://javacc-5.0/src/org/javacc/parser/Semanticize.java|(11287,14,<233,34>,<233,48>),|java+method:///org/javacc/parser/Expansion/getLine()|>,
  <<|java+class:///org/javacc/parser/RStringLiteral|,|java+class:///org/javacc/parser/RegularExpression|>,210,|project://javacc-5.0/src/org/javacc/parser/Semanticize.java|(11731,7,<242,21>,<242,28>),|java+field:///org/javacc/parser/RegularExpression/ordinal|>,
  <<|java+class:///org/javacc/parser/RStringLiteral|,|java+class:///org/javacc/parser/RegularExpression|>,210,|project://javacc-5.0/src/org/javacc/parser/Semanticize.java|(11766,7,<243,19>,<243,26>),|java+field:///org/javacc/parser/RegularExpression/ordinal|>,
  <<|java+class:///org/javacc/parser/RStringLiteral|,|java+class:///org/javacc/parser/RegularExpression|>,210,|project://javacc-5.0/src/org/javacc/parser/Semanticize.java|(12207,7,<252,23>,<252,30>),|java+field:///org/javacc/parser/RegularExpression/ordinal|>,
  <<|java+class:///org/javacc/parser/RStringLiteral|,|java+class:///org/javacc/parser/RegularExpression|>,210,|project://javacc-5.0/src/org/javacc/parser/Semanticize.java|(12244,7,<253,21>,<253,28>),|java+field:///org/javacc/parser/RegularExpression/ordinal|>,
  <<|java+class:///org/javacc/parser/RStringLiteral|,|java+class:///org/javacc/parser/RegularExpression|>,210,|project://javacc-5.0/src/org/javacc/parser/Semanticize.java|(13866,7,<277,19>,<277,26>),|java+field:///org/javacc/parser/RegularExpression/ordinal|>,
  <<|java+class:///org/javacc/parser/RJustName|,|java+class:///org/javacc/parser/RegularExpression|>,210,|project://javacc-5.0/src/org/javacc/parser/Semanticize.java|(16674,5,<345,82>,<345,87>),|java+field:///org/javacc/parser/RegularExpression/label|>,
  <<|java+class:///org/javacc/parser/RJustName|,|java+class:///org/javacc/parser/RegularExpression|>,210,|project://javacc-5.0/src/org/javacc/parser/Semanticize.java|(16731,7,<347,17>,<347,24>),|java+field:///org/javacc/parser/RegularExpression/ordinal|>,
  <<|java+class:///org/javacc/parser/RJustName|,|java+class:///org/javacc/parser/RegularExpression|>,210,|project://javacc-5.0/src/org/javacc/parser/Semanticize.java|(16795,5,<348,40>,<348,45>),|java+field:///org/javacc/parser/RegularExpression/label|>,
  <<|java+class:///org/javacc/parser/RJustName|,|java+class:///org/javacc/parser/RegularExpression|>,210,|project://javacc-5.0/src/org/javacc/parser/Semanticize.java|(16900,7,<350,49>,<350,56>),|java+field:///org/javacc/parser/RegularExpression/ordinal|>,
  <<|java+class:///org/javacc/parser/RJustName|,|java+class:///org/javacc/parser/RegularExpression|>,210,|project://javacc-5.0/src/org/javacc/parser/Semanticize.java|(16913,5,<350,62>,<350,67>),|java+field:///org/javacc/parser/RegularExpression/label|>,
  <<|java+class:///org/javacc/parser/RJustName|,|java+class:///org/javacc/parser/RegularExpression|>,210,|project://javacc-5.0/src/org/javacc/parser/Semanticize.java|(16959,7,<352,17>,<352,24>),|java+field:///org/javacc/parser/RegularExpression/ordinal|>,
  <<|java+class:///org/javacc/parser/RJustName|,|java+class:///org/javacc/parser/RegularExpression|>,210,|project://javacc-5.0/src/org/javacc/parser/Semanticize.java|(29220,5,<668,78>,<668,83>),|java+field:///org/javacc/parser/RegularExpression/label|>,
  <<|java+class:///org/javacc/parser/RJustName|,|java+class:///org/javacc/parser/RegularExpression|>,210,|project://javacc-5.0/src/org/javacc/parser/Semanticize.java|(29335,5,<670,79>,<670,84>),|java+field:///org/javacc/parser/RegularExpression/label|>,
  <<|java+class:///org/javacc/parser/RJustName|,|java+class:///org/javacc/parser/RegularExpression|>,210,|project://javacc-5.0/src/org/javacc/parser/Semanticize.java|(29388,9,<671,37>,<671,46>),|java+field:///org/javacc/parser/RegularExpression/tpContext|>,
  <<|java+class:///org/javacc/parser/RJustName|,|java+class:///org/javacc/parser/RegularExpression|>,210,|project://javacc-5.0/src/org/javacc/parser/Semanticize.java|(29495,5,<672,62>,<672,67>),|java+field:///org/javacc/parser/RegularExpression/label|>,
  <<|java+class:///org/javacc/parser/RJustName|,|java+class:///org/javacc/parser/RegularExpression|>,210,|project://javacc-5.0/src/org/javacc/parser/Semanticize.java|(29621,9,<674,37>,<674,46>),|java+field:///org/javacc/parser/RegularExpression/tpContext|>,
  <<|java+class:///org/javacc/parser/RJustName|,|java+class:///org/javacc/parser/RegularExpression|>,210,|project://javacc-5.0/src/org/javacc/parser/Semanticize.java|(29755,5,<675,62>,<675,67>),|java+field:///org/javacc/parser/RegularExpression/label|>,
  <<|java+class:///org/javacc/parser/RJustName|,|java+class:///org/javacc/parser/RegularExpression|>,210,|project://javacc-5.0/src/org/javacc/parser/Semanticize.java|(29893,7,<678,13>,<678,20>),|java+field:///org/javacc/parser/RegularExpression/ordinal|>,
  <<|java+class:///org/javacc/parser/Lookahead|,|java+class:///org/javacc/parser/Expansion|>,210,|project://javacc-5.0/src/org/javacc/parser/Semanticize.java|(30732,12,<709,19>,<709,31>),|java+method:///org/javacc/parser/Expansion/getLine()|>,
  <<|java+class:///org/javacc/parser/Choice|,|java+class:///org/javacc/parser/Expansion|>,210,|project://javacc-5.0/src/org/javacc/parser/Semanticize.java|(30721,24,<709,8>,<709,32>),|java+method:///org/javacc/parser/Expansion/setLine(int)|>,
  <<|java+class:///org/javacc/parser/Lookahead|,|java+class:///org/javacc/parser/Expansion|>,210,|project://javacc-5.0/src/org/javacc/parser/Semanticize.java|(30760,14,<709,47>,<709,61>),|java+method:///org/javacc/parser/Expansion/getColumn()|>,
  <<|java+class:///org/javacc/parser/Choice|,|java+class:///org/javacc/parser/Expansion|>,210,|project://javacc-5.0/src/org/javacc/parser/Semanticize.java|(30747,28,<709,34>,<709,62>),|java+method:///org/javacc/parser/Expansion/setColumn(int)|>,
  <<|java+class:///org/javacc/parser/Choice|,|java+class:///org/javacc/parser/Expansion|>,210,|project://javacc-5.0/src/org/javacc/parser/Semanticize.java|(30788,6,<710,11>,<710,17>),|java+field:///org/javacc/parser/Expansion/parent|>,
  <<|java+class:///org/javacc/parser/Lookahead|,|java+class:///org/javacc/parser/Expansion|>,210,|project://javacc-5.0/src/org/javacc/parser/Semanticize.java|(30863,12,<712,21>,<712,33>),|java+method:///org/javacc/parser/Expansion/getLine()|>,
  <<|java+class:///org/javacc/parser/Sequence|,|java+class:///org/javacc/parser/Expansion|>,210,|project://javacc-5.0/src/org/javacc/parser/Semanticize.java|(30850,26,<712,8>,<712,34>),|java+method:///org/javacc/parser/Expansion/setLine(int)|>,
  <<|java+class:///org/javacc/parser/Lookahead|,|java+class:///org/javacc/parser/Expansion|>,210,|project://javacc-5.0/src/org/javacc/parser/Semanticize.java|(30893,14,<712,51>,<712,65>),|java+method:///org/javacc/parser/Expansion/getColumn()|>,
  <<|java+class:///org/javacc/parser/Sequence|,|java+class:///org/javacc/parser/Expansion|>,210,|project://javacc-5.0/src/org/javacc/parser/Semanticize.java|(30878,30,<712,36>,<712,66>),|java+method:///org/javacc/parser/Expansion/setColumn(int)|>,
  <<|java+class:///org/javacc/parser/Sequence|,|java+class:///org/javacc/parser/Expansion|>,210,|project://javacc-5.0/src/org/javacc/parser/Semanticize.java|(30923,6,<713,13>,<713,19>),|java+field:///org/javacc/parser/Expansion/parent|>,
  <<|java+class:///org/javacc/parser/Lookahead|,|java+class:///org/javacc/parser/Expansion|>,210,|project://javacc-5.0/src/org/javacc/parser/Semanticize.java|(30975,6,<715,11>,<715,17>),|java+field:///org/javacc/parser/Expansion/parent|>,
  <<|java+class:///org/javacc/parser/Lookahead|,|java+class:///org/javacc/parser/Expansion|>,210,|project://javacc-5.0/src/org/javacc/parser/Semanticize.java|(31045,12,<717,20>,<717,32>),|java+method:///org/javacc/parser/Expansion/getLine()|>,
  <<|java+class:///org/javacc/parser/Action|,|java+class:///org/javacc/parser/Expansion|>,210,|project://javacc-5.0/src/org/javacc/parser/Semanticize.java|(31033,25,<717,8>,<717,33>),|java+method:///org/javacc/parser/Expansion/setLine(int)|>,
  <<|java+class:///org/javacc/parser/Lookahead|,|java+class:///org/javacc/parser/Expansion|>,210,|project://javacc-5.0/src/org/javacc/parser/Semanticize.java|(31074,14,<717,49>,<717,63>),|java+method:///org/javacc/parser/Expansion/getColumn()|>,
  <<|java+class:///org/javacc/parser/Action|,|java+class:///org/javacc/parser/Expansion|>,210,|project://javacc-5.0/src/org/javacc/parser/Semanticize.java|(31060,29,<717,35>,<717,64>),|java+method:///org/javacc/parser/Expansion/setColumn(int)|>,
  <<|java+class:///org/javacc/parser/Action|,|java+class:///org/javacc/parser/Expansion|>,210,|project://javacc-5.0/src/org/javacc/parser/Semanticize.java|(31103,6,<718,12>,<718,18>),|java+field:///org/javacc/parser/Expansion/parent|>,
  <<|java+class:///org/javacc/parser/Lookahead|,|java+class:///org/javacc/parser/Expansion|>,210,|project://javacc-5.0/src/org/javacc/parser/Semanticize.java|(31853,12,<733,20>,<733,32>),|java+method:///org/javacc/parser/Expansion/getLine()|>,
  <<|java+class:///org/javacc/parser/Lookahead|,|java+class:///org/javacc/parser/Expansion|>,210,|project://javacc-5.0/src/org/javacc/parser/Semanticize.java|(31841,25,<733,8>,<733,33>),|java+method:///org/javacc/parser/Expansion/setLine(int)|>,
  <<|java+class:///org/javacc/parser/Lookahead|,|java+class:///org/javacc/parser/Expansion|>,210,|project://javacc-5.0/src/org/javacc/parser/Semanticize.java|(31882,14,<733,49>,<733,63>),|java+method:///org/javacc/parser/Expansion/getColumn()|>,
  <<|java+class:///org/javacc/parser/Lookahead|,|java+class:///org/javacc/parser/Expansion|>,210,|project://javacc-5.0/src/org/javacc/parser/Semanticize.java|(31868,29,<733,35>,<733,64>),|java+method:///org/javacc/parser/Expansion/setColumn(int)|>,
  <<|java+class:///org/javacc/parser/Lookahead|,|java+class:///org/javacc/parser/Expansion|>,210,|project://javacc-5.0/src/org/javacc/parser/Semanticize.java|(31911,6,<734,12>,<734,18>),|java+field:///org/javacc/parser/Expansion/parent|>,
  <<|java+class:///org/javacc/jjtree/JJTreeOptions|,|java+class:///org/javacc/parser/Options|>,210,|project://javacc-5.0/src/org/javacc/jjtree/JJTreeOptionsTest.java|(457,34,<20,36>,<20,70>),|java+method:///org/javacc/parser/Options/getOutputDirectory()|>,
  <<|java+class:///org/javacc/jjtree/JJTreeOptions|,|java+class:///org/javacc/parser/Options|>,210,|project://javacc-5.0/src/org/javacc/jjtree/JJTreeOptionsTest.java|(711,34,<25,46>,<25,80>),|java+method:///org/javacc/parser/Options/getOutputDirectory()|>,
  <<|java+class:///org/javacc/jjtree/JJTreeOptions|,|java+class:///org/javacc/parser/Options|>,210,|project://javacc-5.0/src/org/javacc/jjtree/JJTreeOptionsTest.java|(996,34,<30,46>,<30,80>),|java+method:///org/javacc/parser/Options/getOutputDirectory()|>,
  <<|java+class:///org/javacc/jjtree/JJTreeOptions|,|java+class:///org/javacc/parser/Options|>,210,|project://javacc-5.0/src/org/javacc/jjtree/JJTreeOptionsTest.java|(1593,75,<45,6>,<45,81>),|java+method:///org/javacc/parser/Options/setInputFileOption(java.lang.Object,java.lang.Object,java.lang.String,java.lang.Object)|>,
  <<|java+class:///org/javacc/jjtree/JJTreeOptions|,|java+class:///org/javacc/parser/Options|>,210,|project://javacc-5.0/src/org/javacc/jjtree/JJTreeOptionsTest.java|(1761,74,<49,6>,<49,80>),|java+method:///org/javacc/parser/Options/setInputFileOption(java.lang.Object,java.lang.Object,java.lang.String,java.lang.Object)|>,
  <<|java+class:///org/javacc/jjtree/JJTreeOptions|,|java+class:///org/javacc/parser/Options|>,210,|project://javacc-5.0/src/org/javacc/jjtree/JJTreeOptionsTest.java|(1929,80,<53,6>,<53,86>),|java+method:///org/javacc/parser/Options/setInputFileOption(java.lang.Object,java.lang.Object,java.lang.String,java.lang.Object)|>,
  <<|java+class:///org/javacc/jjtree/JJTreeOptions|,|java+class:///org/javacc/parser/Options|>,210,|project://javacc-5.0/src/org/javacc/jjtree/JJTreeOptionsTest.java|(2738,58,<78,6>,<78,64>),|java+method:///org/javacc/parser/Options/setCmdLineOption(java.lang.String)|>,
  <<|java+class:///org/javacc/jjtree/JJTreeOptions|,|java+class:///org/javacc/parser/Options|>,210,|project://javacc-5.0/src/org/javacc/jjtree/JJTreeOptionsTest.java|(2952,58,<85,6>,<85,64>),|java+method:///org/javacc/parser/Options/setCmdLineOption(java.lang.String)|>,
  <<|java+class:///org/javacc/jjtree/JJTreeOptions|,|java+class:///org/javacc/parser/Options|>,210,|project://javacc-5.0/src/org/javacc/jjtree/JJTreeOptionsTest.java|(3018,46,<86,6>,<86,52>),|java+method:///org/javacc/parser/Options/setCmdLineOption(java.lang.String)|>,
  <<|java+class:///org/javacc/jjtree/JJTreeOptions|,|java+class:///org/javacc/parser/Options|>,210,|project://javacc-5.0/src/org/javacc/jjtree/JJTreeOptionsTest.java|(3220,58,<93,6>,<93,64>),|java+method:///org/javacc/parser/Options/setCmdLineOption(java.lang.String)|>,
  <<|java+class:///org/javacc/jjtree/JJTreeOptions|,|java+class:///org/javacc/parser/Options|>,210,|project://javacc-5.0/src/org/javacc/jjtree/JJTreeOptionsTest.java|(3483,58,<102,6>,<102,64>),|java+method:///org/javacc/parser/Options/setCmdLineOption(java.lang.String)|>,
  <<|java+class:///org/javacc/jjtree/JJTreeOptions|,|java+class:///org/javacc/parser/Options|>,210,|project://javacc-5.0/src/org/javacc/jjtree/JJTreeOptionsTest.java|(3697,58,<109,6>,<109,64>),|java+method:///org/javacc/parser/Options/setCmdLineOption(java.lang.String)|>,
  <<|java+class:///org/javacc/jjtree/JJTreeOptions|,|java+class:///org/javacc/parser/Options|>,210,|project://javacc-5.0/src/org/javacc/jjtree/JJTreeOptionsTest.java|(3763,46,<110,6>,<110,52>),|java+method:///org/javacc/parser/Options/setCmdLineOption(java.lang.String)|>,
  <<|java+class:///org/javacc/jjtree/JJTreeOptions|,|java+class:///org/javacc/parser/Options|>,210,|project://javacc-5.0/src/org/javacc/jjtree/JJTreeOptionsTest.java|(3965,58,<117,6>,<117,64>),|java+method:///org/javacc/parser/Options/setCmdLineOption(java.lang.String)|>,
  <<|java+class:///org/javacc/parser/ZeroOrOne|,|java+class:///org/javacc/parser/Expansion|>,210,|project://javacc-5.0/src/org/javacc/parser/ExpansionTest.java|(2087,15,<48,36>,<48,51>),|java+method:///org/javacc/parser/Expansion/getColumn()|>,
  <<|java+class:///org/javacc/parser/ZeroOrOne|,|java+class:///org/javacc/parser/Expansion|>,210,|project://javacc-5.0/src/org/javacc/parser/ExpansionTest.java|(2139,13,<49,34>,<49,47>),|java+method:///org/javacc/parser/Expansion/getLine()|>,
  <<|java+class:///org/javacc/parser/ZeroOrMore|,|java+class:///org/javacc/parser/Expansion|>,210,|project://javacc-5.0/src/org/javacc/parser/ExpansionTest.java|(2366,15,<56,36>,<56,51>),|java+method:///org/javacc/parser/Expansion/getColumn()|>,
  <<|java+class:///org/javacc/parser/ZeroOrMore|,|java+class:///org/javacc/parser/Expansion|>,210,|project://javacc-5.0/src/org/javacc/parser/ExpansionTest.java|(2418,13,<57,34>,<57,47>),|java+method:///org/javacc/parser/Expansion/getLine()|>,
  <<|java+class:///org/javacc/parser/RZeroOrMore|,|java+class:///org/javacc/parser/RegularExpression|>,211,|project://javacc-5.0/src/org/javacc/parser/ExpansionTest.java|(2696,16,<65,36>,<65,52>),|java+method:///org/javacc/parser/Expansion/getColumn()|>,
  <<|java+class:///org/javacc/parser/RegularExpression|,|java+class:///org/javacc/parser/Expansion|>,211,|project://javacc-5.0/src/org/javacc/parser/ExpansionTest.java|(2696,16,<65,36>,<65,52>),|java+method:///org/javacc/parser/Expansion/getColumn()|>,
  <<|java+class:///org/javacc/parser/RZeroOrMore|,|java+class:///org/javacc/parser/RegularExpression|>,211,|project://javacc-5.0/src/org/javacc/parser/ExpansionTest.java|(2749,14,<66,34>,<66,48>),|java+method:///org/javacc/parser/Expansion/getLine()|>,
  <<|java+class:///org/javacc/parser/RegularExpression|,|java+class:///org/javacc/parser/Expansion|>,211,|project://javacc-5.0/src/org/javacc/parser/ExpansionTest.java|(2749,14,<66,34>,<66,48>),|java+method:///org/javacc/parser/Expansion/getLine()|>,
  <<|java+class:///org/javacc/parser/ROneOrMore|,|java+class:///org/javacc/parser/RegularExpression|>,211,|project://javacc-5.0/src/org/javacc/parser/ExpansionTest.java|(2987,16,<73,36>,<73,52>),|java+method:///org/javacc/parser/Expansion/getColumn()|>,
  <<|java+class:///org/javacc/parser/RegularExpression|,|java+class:///org/javacc/parser/Expansion|>,211,|project://javacc-5.0/src/org/javacc/parser/ExpansionTest.java|(2987,16,<73,36>,<73,52>),|java+method:///org/javacc/parser/Expansion/getColumn()|>,
  <<|java+class:///org/javacc/parser/ROneOrMore|,|java+class:///org/javacc/parser/RegularExpression|>,211,|project://javacc-5.0/src/org/javacc/parser/ExpansionTest.java|(3040,14,<74,34>,<74,48>),|java+method:///org/javacc/parser/Expansion/getLine()|>,
  <<|java+class:///org/javacc/parser/RegularExpression|,|java+class:///org/javacc/parser/Expansion|>,211,|project://javacc-5.0/src/org/javacc/parser/ExpansionTest.java|(3040,14,<74,34>,<74,48>),|java+method:///org/javacc/parser/Expansion/getLine()|>,
  <<|java+class:///org/javacc/parser/OneOrMore|,|java+class:///org/javacc/parser/Expansion|>,210,|project://javacc-5.0/src/org/javacc/parser/ExpansionTest.java|(3270,15,<81,36>,<81,51>),|java+method:///org/javacc/parser/Expansion/getColumn()|>,
  <<|java+class:///org/javacc/parser/OneOrMore|,|java+class:///org/javacc/parser/Expansion|>,210,|project://javacc-5.0/src/org/javacc/parser/ExpansionTest.java|(3322,13,<82,34>,<82,47>),|java+method:///org/javacc/parser/Expansion/getLine()|>,
  <<|java+class:///org/javacc/parser/RStringLiteral|,|java+class:///org/javacc/parser/RegularExpression|>,211,|project://javacc-5.0/src/org/javacc/parser/ExpansionTest.java|(3570,13,<90,36>,<90,49>),|java+method:///org/javacc/parser/Expansion/getColumn()|>,
  <<|java+class:///org/javacc/parser/RegularExpression|,|java+class:///org/javacc/parser/Expansion|>,211,|project://javacc-5.0/src/org/javacc/parser/ExpansionTest.java|(3570,13,<90,36>,<90,49>),|java+method:///org/javacc/parser/Expansion/getColumn()|>,
  <<|java+class:///org/javacc/parser/RStringLiteral|,|java+class:///org/javacc/parser/RegularExpression|>,211,|project://javacc-5.0/src/org/javacc/parser/ExpansionTest.java|(3620,11,<91,34>,<91,45>),|java+method:///org/javacc/parser/Expansion/getLine()|>,
  <<|java+class:///org/javacc/parser/RegularExpression|,|java+class:///org/javacc/parser/Expansion|>,211,|project://javacc-5.0/src/org/javacc/parser/ExpansionTest.java|(3620,11,<91,34>,<91,45>),|java+method:///org/javacc/parser/Expansion/getLine()|>,
  <<|java+class:///org/javacc/parser/Choice|,|java+class:///org/javacc/parser/Expansion|>,210,|project://javacc-5.0/src/org/javacc/parser/ExpansionTest.java|(3791,13,<97,36>,<97,49>),|java+method:///org/javacc/parser/Expansion/getColumn()|>,
  <<|java+class:///org/javacc/parser/Choice|,|java+class:///org/javacc/parser/Expansion|>,210,|project://javacc-5.0/src/org/javacc/parser/ExpansionTest.java|(3841,11,<98,34>,<98,45>),|java+method:///org/javacc/parser/Expansion/getLine()|>,
  <<|java+class:///org/javacc/parser/Choice|,|java+class:///org/javacc/parser/Expansion|>,210,|project://javacc-5.0/src/org/javacc/parser/ExpansionTest.java|(3918,13,<100,36>,<100,49>),|java+method:///org/javacc/parser/Expansion/getColumn()|>,
  <<|java+class:///org/javacc/parser/Choice|,|java+class:///org/javacc/parser/Expansion|>,210,|project://javacc-5.0/src/org/javacc/parser/ExpansionTest.java|(3968,11,<101,34>,<101,45>),|java+method:///org/javacc/parser/Expansion/getLine()|>,
  <<|java+class:///org/javacc/parser/RJustName|,|java+class:///org/javacc/parser/RegularExpression|>,211,|project://javacc-5.0/src/org/javacc/parser/ExpansionTest.java|(4165,13,<107,36>,<107,49>),|java+method:///org/javacc/parser/Expansion/getColumn()|>,
  <<|java+class:///org/javacc/parser/RegularExpression|,|java+class:///org/javacc/parser/Expansion|>,211,|project://javacc-5.0/src/org/javacc/parser/ExpansionTest.java|(4165,13,<107,36>,<107,49>),|java+method:///org/javacc/parser/Expansion/getColumn()|>,
  <<|java+class:///org/javacc/parser/RJustName|,|java+class:///org/javacc/parser/RegularExpression|>,211,|project://javacc-5.0/src/org/javacc/parser/ExpansionTest.java|(4215,11,<108,34>,<108,45>),|java+method:///org/javacc/parser/Expansion/getLine()|>,
  <<|java+class:///org/javacc/parser/RegularExpression|,|java+class:///org/javacc/parser/Expansion|>,211,|project://javacc-5.0/src/org/javacc/parser/ExpansionTest.java|(4215,11,<108,34>,<108,45>),|java+method:///org/javacc/parser/Expansion/getLine()|>,
  <<|java+class:///org/javacc/parser/RJustName|,|java+class:///org/javacc/parser/RegularExpression|>,210,|project://javacc-5.0/src/org/javacc/parser/ExpansionTest.java|(4259,5,<109,30>,<109,35>),|java+field:///org/javacc/parser/RegularExpression/label|>,
  <<|java+class:///org/javacc/parser/Sequence|,|java+class:///org/javacc/parser/Expansion|>,210,|project://javacc-5.0/src/org/javacc/parser/ExpansionTest.java|(4436,13,<115,36>,<115,49>),|java+method:///org/javacc/parser/Expansion/getColumn()|>,
  <<|java+class:///org/javacc/parser/Sequence|,|java+class:///org/javacc/parser/Expansion|>,210,|project://javacc-5.0/src/org/javacc/parser/ExpansionTest.java|(4486,11,<116,34>,<116,45>),|java+method:///org/javacc/parser/Expansion/getLine()|>,
  <<|java+class:///org/javacc/jjtree/JJTreeOptions|,|java+class:///org/javacc/parser/Options|>,210,|project://javacc-5.0/src/org/javacc/jjtree/NodeScope.java|(3511,25,<122,15>,<122,40>),|java+method:///org/javacc/parser/Options/getStatic()|>,
  <<|java+class:///org/javacc/jjtree/JJTreeNode|,|java+class:///org/javacc/jjtree/SimpleNode|>,211,|project://javacc-5.0/src/org/javacc/jjtree/NodeScope.java|(8064,34,<258,24>,<258,58>),|java+method:///org/javacc/jjtree/SimpleNode/jjtGetNumChildren()|>,
  <<|java+class:///org/javacc/jjtree/JJTreeNode|,|java+class:///org/javacc/jjtree/SimpleNode|>,211,|project://javacc-5.0/src/org/javacc/jjtree/NodeScope.java|(8140,29,<259,33>,<259,62>),|java+method:///org/javacc/jjtree/SimpleNode/jjtGetChild(int)|>,
  <<|java+class:///org/javacc/parser/RZeroOrMore|,|java+class:///org/javacc/parser/RegularExpression|>,211,|project://javacc-5.0/src/org/javacc/parser/RZeroOrMore.java|(2348,25,<61,8>,<61,33>),|java+method:///org/javacc/parser/Expansion/setLine(int)|>,
  <<|java+class:///org/javacc/parser/RegularExpression|,|java+class:///org/javacc/parser/Expansion|>,211,|project://javacc-5.0/src/org/javacc/parser/RZeroOrMore.java|(2348,25,<61,8>,<61,33>),|java+method:///org/javacc/parser/Expansion/setLine(int)|>,
  <<|java+class:///org/javacc/parser/RZeroOrMore|,|java+class:///org/javacc/parser/RegularExpression|>,211,|project://javacc-5.0/src/org/javacc/parser/RZeroOrMore.java|(2383,29,<62,8>,<62,37>),|java+method:///org/javacc/parser/Expansion/setColumn(int)|>,
  <<|java+class:///org/javacc/parser/RegularExpression|,|java+class:///org/javacc/parser/Expansion|>,211,|project://javacc-5.0/src/org/javacc/parser/RZeroOrMore.java|(2383,29,<62,8>,<62,37>),|java+method:///org/javacc/parser/Expansion/setColumn(int)|>,
  <<|java+class:///org/javacc/jjtree/ASTNodeDescriptorExpression|,|java+class:///org/javacc/jjtree/JJTreeNode|>,210,|project://javacc-5.0/src/org/javacc/jjtree/ASTNodeDescriptor.java|(3453,26,<136,8>,<136,34>),|java+method:///org/javacc/jjtree/JJTreeNode/getFirstToken()|>,
  <<|java+class:///org/javacc/jjtree/ASTNodeDescriptorExpression|,|java+class:///org/javacc/jjtree/JJTreeNode|>,210,|project://javacc-5.0/src/org/javacc/jjtree/ASTNodeDescriptor.java|(3507,25,<137,6>,<137,31>),|java+method:///org/javacc/jjtree/JJTreeNode/getLastToken()|>,
  <<|java+class:///org/javacc/jjtree/ASTNodeDescriptorExpression|,|java+class:///org/javacc/jjtree/JJTreeNode|>,210,|project://javacc-5.0/src/org/javacc/jjtree/ASTNodeDescriptor.java|(3615,26,<142,14>,<142,40>),|java+method:///org/javacc/jjtree/JJTreeNode/getFirstToken()|>,
  <<|java+class:///org/javacc/jjtree/ASTNodeDescriptorExpression|,|java+class:///org/javacc/jjtree/JJTreeNode|>,210,|project://javacc-5.0/src/org/javacc/jjtree/ASTNodeDescriptor.java|(3705,25,<145,16>,<145,41>),|java+method:///org/javacc/jjtree/JJTreeNode/getLastToken()|>,
  <<|java+class:///org/javacc/jjtree/JJTreeOptions|,|java+class:///org/javacc/parser/Options|>,210,|project://javacc-5.0/src/org/javacc/jjtree/JJTreeState.java|(1921,25,<48,8>,<48,33>),|java+method:///org/javacc/parser/Options/getStatic()|>,
  <<|java+class:///org/javacc/jjtree/JJTreeOptions|,|java+class:///org/javacc/parser/Options|>,210,|project://javacc-5.0/src/org/javacc/jjtree/JJTreeState.java|(2787,35,<85,9>,<85,44>),|java+method:///org/javacc/parser/Options/getGenerateGenerics()|>,
  <<|java+class:///org/javacc/jjtree/JJTreeOptions|,|java+class:///org/javacc/parser/Options|>,210,|project://javacc-5.0/src/org/javacc/jjtree/JJTreeState.java|(2961,35,<90,9>,<90,44>),|java+method:///org/javacc/parser/Options/getGenerateGenerics()|>,
  <<|java+class:///org/javacc/jjtree/JJTreeOptions|,|java+class:///org/javacc/parser/Options|>,210,|project://javacc-5.0/src/org/javacc/jjtree/JJTreeState.java|(3426,35,<102,9>,<102,44>),|java+method:///org/javacc/parser/Options/getGenerateGenerics()|>,
  <<|java+class:///org/javacc/jjtree/JJTreeOptions|,|java+class:///org/javacc/parser/Options|>,210,|project://javacc-5.0/src/org/javacc/jjtree/JJTreeState.java|(3614,35,<107,9>,<107,44>),|java+method:///org/javacc/parser/Options/getGenerateGenerics()|>,
  <<|java+class:///org/javacc/jjtree/JJTreeOptions|,|java+class:///org/javacc/parser/Options|>,210,|project://javacc-5.0/src/org/javacc/jjtree/JJTreeState.java|(4878,35,<135,9>,<135,44>),|java+method:///org/javacc/parser/Options/getGenerateGenerics()|>,
  <<|java+class:///org/javacc/jjtree/JJTreeOptions|,|java+class:///org/javacc/parser/Options|>,210,|project://javacc-5.0/src/org/javacc/jjtree/JJTreeState.java|(5530,35,<151,9>,<151,44>),|java+method:///org/javacc/parser/Options/getGenerateGenerics()|>,
  <<|java+class:///org/javacc/jjtree/JJTreeOptions|,|java+class:///org/javacc/parser/Options|>,210,|project://javacc-5.0/src/org/javacc/jjtree/JJTreeState.java|(5762,35,<156,9>,<156,44>),|java+method:///org/javacc/parser/Options/getGenerateGenerics()|>,
  <<|java+class:///org/javacc/jjtree/JJTreeOptions|,|java+class:///org/javacc/parser/Options|>,210,|project://javacc-5.0/src/org/javacc/jjtree/JJTreeState.java|(6127,35,<164,9>,<164,44>),|java+method:///org/javacc/parser/Options/getGenerateGenerics()|>,
  <<|java+class:///org/javacc/jjtree/JJTreeOptions|,|java+class:///org/javacc/parser/Options|>,210,|project://javacc-5.0/src/org/javacc/jjtree/JJTreeState.java|(6809,35,<181,9>,<181,44>),|java+method:///org/javacc/parser/Options/getGenerateGenerics()|>,
  <<|java+class:///org/javacc/jjtree/JJTreeOptions|,|java+class:///org/javacc/parser/Options|>,210,|project://javacc-5.0/src/org/javacc/jjtree/JJTreeState.java|(7138,35,<189,9>,<189,44>),|java+method:///org/javacc/parser/Options/getGenerateGenerics()|>,
  <<|java+class:///org/javacc/jjtree/JJTreeOptions|,|java+class:///org/javacc/parser/Options|>,210,|project://javacc-5.0/src/org/javacc/jjtree/JJTreeState.java|(7818,35,<203,9>,<203,44>),|java+method:///org/javacc/parser/Options/getGenerateGenerics()|>,
  <<|java+class:///org/javacc/jjtree/JJTreeOptions|,|java+class:///org/javacc/parser/Options|>,210,|project://javacc-5.0/src/org/javacc/jjtree/JJTreeState.java|(9019,35,<226,9>,<226,44>),|java+method:///org/javacc/parser/Options/getGenerateGenerics()|>,
  <<|java+class:///org/javacc/jjtree/JJTreeOptions|,|java+class:///org/javacc/parser/Options|>,210,|project://javacc-5.0/src/org/javacc/jjtree/JJTreeState.java|(9608,35,<239,9>,<239,44>),|java+method:///org/javacc/parser/Options/getGenerateGenerics()|>,
  <<|java+class:///org/javacc/jjtree/ASTNodeDescriptor|,|java+class:///org/javacc/jjtree/JJTreeNode|>,210,|project://javacc-5.0/src/org/javacc/jjtree/ASTExpansionNodeScope.java|(2215,45,<50,4>,<50,49>),|java+method:///org/javacc/jjtree/JJTreeNode/print(org.javacc.jjtree.IO)|>,
  <<|java+class:///org/javacc/parser/BNFProduction|,|java+class:///org/javacc/parser/NormalProduction|>,210,|project://javacc-5.0/src/org/javacc/parser/JavaCCParserInternals.java|(3683,17,<99,4>,<99,21>),|java+method:///org/javacc/parser/NormalProduction/setExpansion(org.javacc.parser.Expansion)|>,
  <<|java+class:///org/javacc/parser/TryBlock|,|java+class:///org/javacc/parser/Expansion|>,210,|project://javacc-5.0/src/org/javacc/parser/JavaCCParserInternals.java|(9861,30,<298,4>,<298,34>),|java+method:///org/javacc/parser/Expansion/setLine(int)|>,
  <<|java+class:///org/javacc/parser/TryBlock|,|java+class:///org/javacc/parser/Expansion|>,210,|project://javacc-5.0/src/org/javacc/parser/JavaCCParserInternals.java|(9897,34,<299,4>,<299,38>),|java+method:///org/javacc/parser/Expansion/setColumn(int)|>,
  <<|java+class:///org/javacc/parser/BNFProduction|,|java+class:///org/javacc/parser/NormalProduction|>,210,|project://javacc-5.0/src/org/javacc/parser/ParseEngine.java|(6545,62,<147,20>,<147,82>),|java+method:///org/javacc/parser/NormalProduction/getExpansion()|>,
  <<|java+class:///org/javacc/parser/BNFProduction|,|java+class:///org/javacc/parser/NormalProduction|>,210,|project://javacc-5.0/src/org/javacc/parser/ParseEngine.java|(17822,23,<471,16>,<471,39>),|java+method:///org/javacc/parser/NormalProduction/getReturnTypeTokens()|>,
  <<|java+class:///org/javacc/parser/BNFProduction|,|java+class:///org/javacc/parser/NormalProduction|>,210,|project://javacc-5.0/src/org/javacc/parser/ParseEngine.java|(18082,16,<478,47>,<478,63>),|java+method:///org/javacc/parser/NormalProduction/getAccessMod()|>,
  <<|java+class:///org/javacc/parser/BNFProduction|,|java+class:///org/javacc/parser/NormalProduction|>,210,|project://javacc-5.0/src/org/javacc/parser/ParseEngine.java|(18109,16,<478,74>,<478,90>),|java+method:///org/javacc/parser/NormalProduction/getAccessMod()|>,
  <<|java+class:///org/javacc/parser/BNFProduction|,|java+class:///org/javacc/parser/NormalProduction|>,210,|project://javacc-5.0/src/org/javacc/parser/ParseEngine.java|(18245,23,<481,24>,<481,47>),|java+method:///org/javacc/parser/NormalProduction/getReturnTypeTokens()|>,
  <<|java+class:///org/javacc/parser/BNFProduction|,|java+class:///org/javacc/parser/NormalProduction|>,210,|project://javacc-5.0/src/org/javacc/parser/ParseEngine.java|(18302,23,<482,18>,<482,41>),|java+method:///org/javacc/parser/NormalProduction/getReturnTypeTokens()|>,
  <<|java+class:///org/javacc/parser/BNFProduction|,|java+class:///org/javacc/parser/NormalProduction|>,210,|project://javacc-5.0/src/org/javacc/parser/ParseEngine.java|(18425,10,<486,21>,<486,31>),|java+method:///org/javacc/parser/NormalProduction/getLhs()|>,
  <<|java+class:///org/javacc/parser/BNFProduction|,|java+class:///org/javacc/parser/NormalProduction|>,210,|project://javacc-5.0/src/org/javacc/parser/ParseEngine.java|(18452,26,<487,8>,<487,34>),|java+method:///org/javacc/parser/NormalProduction/getParameterListTokens()|>,
  <<|java+class:///org/javacc/parser/BNFProduction|,|java+class:///org/javacc/parser/NormalProduction|>,210,|project://javacc-5.0/src/org/javacc/parser/ParseEngine.java|(18524,26,<488,30>,<488,56>),|java+method:///org/javacc/parser/NormalProduction/getParameterListTokens()|>,
  <<|java+class:///org/javacc/parser/BNFProduction|,|java+class:///org/javacc/parser/NormalProduction|>,210,|project://javacc-5.0/src/org/javacc/parser/ParseEngine.java|(18596,26,<489,35>,<489,61>),|java+method:///org/javacc/parser/NormalProduction/getParameterListTokens()|>,
  <<|java+class:///org/javacc/parser/BNFProduction|,|java+class:///org/javacc/parser/NormalProduction|>,210,|project://javacc-5.0/src/org/javacc/parser/ParseEngine.java|(18839,17,<496,33>,<496,50>),|java+method:///org/javacc/parser/NormalProduction/getThrowsList()|>,
  <<|java+class:///org/javacc/parser/BNFProduction|,|java+class:///org/javacc/parser/NormalProduction|>,210,|project://javacc-5.0/src/org/javacc/parser/ParseEngine.java|(19252,10,<508,41>,<508,51>),|java+method:///org/javacc/parser/NormalProduction/getLhs()|>,
  <<|java+class:///org/javacc/parser/BNFProduction|,|java+class:///org/javacc/parser/NormalProduction|>,210,|project://javacc-5.0/src/org/javacc/parser/ParseEngine.java|(19681,16,<520,37>,<520,53>),|java+method:///org/javacc/parser/NormalProduction/getExpansion()|>,
  <<|java+class:///org/javacc/parser/BNFProduction|,|java+class:///org/javacc/parser/NormalProduction|>,210,|project://javacc-5.0/src/org/javacc/parser/ParseEngine.java|(20009,10,<528,45>,<528,55>),|java+method:///org/javacc/parser/NormalProduction/getLhs()|>,
  <<|java+class:///org/javacc/parser/JavaCodeProduction|,|java+class:///org/javacc/parser/NormalProduction|>,210,|project://javacc-5.0/src/org/javacc/parser/ParseEngine.java|(42725,24,<1123,20>,<1123,44>),|java+method:///org/javacc/parser/NormalProduction/getReturnTypeTokens()|>,
  <<|java+class:///org/javacc/parser/JavaCodeProduction|,|java+class:///org/javacc/parser/NormalProduction|>,210,|project://javacc-5.0/src/org/javacc/parser/ParseEngine.java|(43047,24,<1129,28>,<1129,52>),|java+method:///org/javacc/parser/NormalProduction/getReturnTypeTokens()|>,
  <<|java+class:///org/javacc/parser/JavaCodeProduction|,|java+class:///org/javacc/parser/NormalProduction|>,210,|project://javacc-5.0/src/org/javacc/parser/ParseEngine.java|(43109,24,<1130,22>,<1130,46>),|java+method:///org/javacc/parser/NormalProduction/getReturnTypeTokens()|>,
  <<|java+class:///org/javacc/parser/JavaCodeProduction|,|java+class:///org/javacc/parser/NormalProduction|>,210,|project://javacc-5.0/src/org/javacc/parser/ParseEngine.java|(43249,11,<1134,25>,<1134,36>),|java+method:///org/javacc/parser/NormalProduction/getLhs()|>,
  <<|java+class:///org/javacc/parser/JavaCodeProduction|,|java+class:///org/javacc/parser/NormalProduction|>,210,|project://javacc-5.0/src/org/javacc/parser/ParseEngine.java|(43281,27,<1135,12>,<1135,39>),|java+method:///org/javacc/parser/NormalProduction/getParameterListTokens()|>,
  <<|java+class:///org/javacc/parser/JavaCodeProduction|,|java+class:///org/javacc/parser/NormalProduction|>,210,|project://javacc-5.0/src/org/javacc/parser/ParseEngine.java|(43358,27,<1136,34>,<1136,61>),|java+method:///org/javacc/parser/NormalProduction/getParameterListTokens()|>,
  <<|java+class:///org/javacc/parser/JavaCodeProduction|,|java+class:///org/javacc/parser/NormalProduction|>,210,|project://javacc-5.0/src/org/javacc/parser/ParseEngine.java|(43435,27,<1137,39>,<1137,66>),|java+method:///org/javacc/parser/NormalProduction/getParameterListTokens()|>,
  <<|java+class:///org/javacc/parser/JavaCodeProduction|,|java+class:///org/javacc/parser/NormalProduction|>,210,|project://javacc-5.0/src/org/javacc/parser/ParseEngine.java|(43707,18,<1144,37>,<1144,55>),|java+method:///org/javacc/parser/NormalProduction/getThrowsList()|>,
  <<|java+class:///org/javacc/parser/JavaCodeProduction|,|java+class:///org/javacc/parser/NormalProduction|>,210,|project://javacc-5.0/src/org/javacc/parser/ParseEngine.java|(44146,11,<1155,45>,<1155,56>),|java+method:///org/javacc/parser/NormalProduction/getLhs()|>,
  <<|java+class:///org/javacc/parser/JavaCodeProduction|,|java+class:///org/javacc/parser/NormalProduction|>,210,|project://javacc-5.0/src/org/javacc/parser/ParseEngine.java|(44552,11,<1165,49>,<1165,60>),|java+method:///org/javacc/parser/NormalProduction/getLhs()|>,
  <<|java+class:///org/javacc/parser/OutputFile/TrapClosePrintWriter|,|java+class:///java/io/PrintWriter|>,211,|project://javacc-5.0/src/org/javacc/parser/OutputFile.java|(8600,123,<255,6>,<257,42>),|java+method:///java/io/PrintWriter/println(java.lang.String)|>,
  <<|java+class:///org/javacc/parser/OutputFile/TrapClosePrintWriter|,|java+class:///java/io/PrintWriter|>,211,|project://javacc-5.0/src/org/javacc/parser/OutputFile.java|(8762,75,<259,8>,<259,83>),|java+method:///java/io/PrintWriter/println(java.lang.String)|>,
  <<|java+class:///org/javacc/parser/OutputFile/TrapClosePrintWriter|,|java+class:///java/io/PrintWriter|>,211,|project://javacc-5.0/src/org/javacc/parser/OutputFile.java|(9164,59,<276,6>,<276,65>),|java+method:///java/io/PrintWriter/println(java.lang.String)|>,
  <<|java+class:///org/javacc/parser/OutputFile/TrapClosePrintWriter|,|java+class:///java/io/PrintWriter|>,211,|project://javacc-5.0/src/org/javacc/parser/OutputFile.java|(9326,10,<283,4>,<283,14>),|java+method:///java/io/PrintWriter/flush()|>,
  <<|java+class:///org/javacc/jjtree/JJTreeOptions|,|java+class:///org/javacc/parser/Options|>,210,|project://javacc-5.0/src/org/javacc/jjtree/JJTree.java|(5127,26,<133,10>,<133,36>),|java+method:///org/javacc/parser/Options/isOption(java.lang.String)|>,
  <<|java+class:///org/javacc/jjtree/JJTreeOptions|,|java+class:///org/javacc/parser/Options|>,210,|project://javacc-5.0/src/org/javacc/jjtree/JJTree.java|(5313,33,<138,13>,<138,46>),|java+method:///org/javacc/parser/Options/isOption(java.lang.String)|>,
  <<|java+class:///org/javacc/jjtree/JJTreeOptions|,|java+class:///org/javacc/parser/Options|>,210,|project://javacc-5.0/src/org/javacc/jjtree/JJTree.java|(5462,41,<142,8>,<142,49>),|java+method:///org/javacc/parser/Options/setCmdLineOption(java.lang.String)|>,
  <<|java+class:///org/javacc/jjtree/JJTreeIOException|,|java+class:///java/io/IOException|>,211,|project://javacc-5.0/src/org/javacc/jjtree/JJTree.java|(5660,16,<150,36>,<150,52>),|java+method:///java/lang/Throwable/getMessage()|>,
  <<|java+class:///org/javacc/jjtree/ASTGrammar|,|java+class:///org/javacc/jjtree/JJTreeNode|>,211,|project://javacc-5.0/src/org/javacc/jjtree/JJTree.java|(6107,14,<164,10>,<164,24>),|java+method:///org/javacc/jjtree/SimpleNode/dump(java.lang.String)|>,
  <<|java+class:///org/javacc/jjtree/JJTreeIOException|,|java+class:///java/io/IOException|>,211,|project://javacc-5.0/src/org/javacc/jjtree/JJTree.java|(6254,16,<169,39>,<169,55>),|java+method:///java/lang/Throwable/getMessage()|>,
  <<|java+class:///org/javacc/parser/RegularExpression|,|java+class:///org/javacc/parser/Expansion|>,211,|project://javacc-5.0/src/org/javacc/jjdoc/BNFGenerator.java|(4763,12,<135,8>,<135,20>),|java+method:///java/lang/Object/getClass()|>,
  <<|java+class:///org/javacc/parser/RegularExpression|,|java+class:///org/javacc/parser/Expansion|>,211,|project://javacc-5.0/src/org/javacc/jjdoc/BNFGenerator.java|(4803,12,<135,48>,<135,60>),|java+method:///java/lang/Object/getClass()|>,
  <<|java+class:///org/javacc/jjtree/JJTreeOptions|,|java+class:///org/javacc/parser/Options|>,210,|project://javacc-5.0/src/org/javacc/jjtree/IO.java|(3979,34,<156,78>,<156,112>),|java+method:///org/javacc/parser/Options/getGrammarEncoding()|>,
  <<|java+class:///org/javacc/jjdoc/JJDocOptions|,|java+class:///org/javacc/parser/Options|>,210,|project://javacc-5.0/src/org/javacc/jjdoc/JJDocMain.java|(4319,42,<118,8>,<118,50>),|java+method:///org/javacc/parser/Options/isOption(java.lang.String)|>,
  <<|java+class:///org/javacc/jjdoc/JJDocOptions|,|java+class:///org/javacc/parser/Options|>,210,|project://javacc-5.0/src/org/javacc/jjdoc/JJDocMain.java|(4542,32,<123,11>,<123,43>),|java+method:///org/javacc/parser/Options/isOption(java.lang.String)|>,
  <<|java+class:///org/javacc/jjdoc/JJDocOptions|,|java+class:///org/javacc/parser/Options|>,210,|project://javacc-5.0/src/org/javacc/jjdoc/JJDocMain.java|(4688,40,<127,6>,<127,46>),|java+method:///org/javacc/parser/Options/setCmdLineOption(java.lang.String)|>,
  <<|java+class:///org/javacc/jjdoc/JJDocOptions|,|java+class:///org/javacc/parser/Options|>,210,|project://javacc-5.0/src/org/javacc/jjdoc/JJDocMain.java|(5627,33,<148,141>,<148,174>),|java+method:///org/javacc/parser/Options/getGrammarEncoding()|>,
  <<|java+class:///org/javacc/parser/MetaParseException|,|java+class:///org/javacc/parser/ParseException|>,211,|project://javacc-5.0/src/org/javacc/jjdoc/JJDocMain.java|(6701,12,<176,12>,<176,24>),|java+method:///java/lang/Throwable/toString()|>,
  <<|java+class:///org/javacc/parser/ROneOrMore|,|java+class:///org/javacc/parser/RegularExpression|>,211,|project://javacc-5.0/src/org/javacc/parser/ROneOrMore.java|(2307,25,<60,8>,<60,33>),|java+method:///org/javacc/parser/Expansion/setLine(int)|>,
  <<|java+class:///org/javacc/parser/RegularExpression|,|java+class:///org/javacc/parser/Expansion|>,211,|project://javacc-5.0/src/org/javacc/parser/ROneOrMore.java|(2307,25,<60,8>,<60,33>),|java+method:///org/javacc/parser/Expansion/setLine(int)|>,
  <<|java+class:///org/javacc/parser/ROneOrMore|,|java+class:///org/javacc/parser/RegularExpression|>,211,|project://javacc-5.0/src/org/javacc/parser/ROneOrMore.java|(2342,29,<61,8>,<61,37>),|java+method:///org/javacc/parser/Expansion/setColumn(int)|>,
  <<|java+class:///org/javacc/parser/RegularExpression|,|java+class:///org/javacc/parser/Expansion|>,211,|project://javacc-5.0/src/org/javacc/parser/ROneOrMore.java|(2342,29,<61,8>,<61,37>),|java+method:///org/javacc/parser/Expansion/setColumn(int)|>,
  <<|java+class:///org/javacc/parser/RStringLiteral|,|java+class:///org/javacc/parser/RegularExpression|>,211,|project://javacc-5.0/src/org/javacc/parser/RStringLiteral.java|(2540,25,<78,4>,<78,29>),|java+method:///org/javacc/parser/Expansion/setLine(int)|>,
  <<|java+class:///org/javacc/parser/RegularExpression|,|java+class:///org/javacc/parser/Expansion|>,211,|project://javacc-5.0/src/org/javacc/parser/RStringLiteral.java|(2540,25,<78,4>,<78,29>),|java+method:///org/javacc/parser/Expansion/setLine(int)|>,
  <<|java+class:///org/javacc/parser/RStringLiteral|,|java+class:///org/javacc/parser/RegularExpression|>,211,|project://javacc-5.0/src/org/javacc/parser/RStringLiteral.java|(2571,29,<79,4>,<79,33>),|java+method:///org/javacc/parser/Expansion/setColumn(int)|>,
  <<|java+class:///org/javacc/parser/RegularExpression|,|java+class:///org/javacc/parser/Expansion|>,211,|project://javacc-5.0/src/org/javacc/parser/RStringLiteral.java|(2571,29,<79,4>,<79,33>),|java+method:///org/javacc/parser/Expansion/setColumn(int)|>,
  <<|java+class:///org/javacc/parser/RegularExpression|,|java+class:///org/javacc/parser/Expansion|>,210,|project://javacc-5.0/src/org/javacc/parser/RStringLiteral.java|(11173,29,<387,12>,<387,41>),|java+method:///org/javacc/parser/Expansion/getLine()|>,
  <<|java+class:///org/javacc/parser/RegularExpression|,|java+class:///org/javacc/parser/Expansion|>,210,|project://javacc-5.0/src/org/javacc/parser/RStringLiteral.java|(11258,31,<392,12>,<392,43>),|java+method:///org/javacc/parser/Expansion/getColumn()|>,
  <<|java+class:///org/javacc/jjtree/ASTBNFAction|,|java+class:///org/javacc/jjtree/JJTreeNode|>,211,|project://javacc-5.0/src/org/javacc/jjtree/ASTBNFAction.java|(1804,19,<39,18>,<39,37>),|java+method:///org/javacc/jjtree/SimpleNode/jjtGetParent()|>,
  <<|java+class:///org/javacc/jjtree/JJTreeNode|,|java+class:///org/javacc/jjtree/SimpleNode|>,211,|project://javacc-5.0/src/org/javacc/jjtree/ASTBNFAction.java|(2789,16,<70,17>,<70,33>),|java+method:///org/javacc/jjtree/SimpleNode/jjtGetParent()|>,
  <<|java+class:///org/javacc/parser/RJustName|,|java+class:///org/javacc/parser/RegularExpression|>,211,|project://javacc-5.0/src/org/javacc/parser/RJustName.java|(2167,29,<52,8>,<52,37>),|java+method:///org/javacc/parser/Expansion/setLine(int)|>,
  <<|java+class:///org/javacc/parser/RegularExpression|,|java+class:///org/javacc/parser/Expansion|>,211,|project://javacc-5.0/src/org/javacc/parser/RJustName.java|(2167,29,<52,8>,<52,37>),|java+method:///org/javacc/parser/Expansion/setLine(int)|>,
  <<|java+class:///org/javacc/parser/RJustName|,|java+class:///org/javacc/parser/RegularExpression|>,211,|project://javacc-5.0/src/org/javacc/parser/RJustName.java|(2206,33,<53,8>,<53,41>),|java+method:///org/javacc/parser/Expansion/setColumn(int)|>,
  <<|java+class:///org/javacc/parser/RegularExpression|,|java+class:///org/javacc/parser/Expansion|>,211,|project://javacc-5.0/src/org/javacc/parser/RJustName.java|(2206,33,<53,8>,<53,41>),|java+method:///org/javacc/parser/Expansion/setColumn(int)|>,
  <<|java+class:///org/javacc/parser/RegularExpression|,|java+class:///org/javacc/parser/Expansion|>,210,|project://javacc-5.0/src/org/javacc/parser/LexGen.java|(20629,30,<610,30>,<610,60>),|java+method:///org/javacc/parser/Expansion/getLine()|>,
  <<|java+class:///org/javacc/parser/RegularExpression|,|java+class:///org/javacc/parser/Expansion|>,210,|project://javacc-5.0/src/org/javacc/parser/LexGen.java|(20686,32,<611,10>,<611,42>),|java+method:///org/javacc/parser/Expansion/getColumn()|>,
  <<|java+class:///org/javacc/parser/RJustName|,|java+class:///org/javacc/parser/RegularExpression|>,210,|project://javacc-5.0/src/org/javacc/jjdoc/JJDoc.java|(12223,5,<355,25>,<355,30>),|java+field:///org/javacc/parser/RegularExpression/label|>,
  <<|java+class:///org/javacc/parser/JavaCCParserInternals|,|java+class:///org/javacc/parser/JavaCCGlobals|>,210,|project://javacc-5.0/src/org/javacc/jjdoc/JJDoc.java|(13095,43,<382,30>,<382,73>),|java+method:///org/javacc/parser/JavaCCGlobals/add_escapes(java.lang.String)|>
]