[
  <<|java+class:///org/javacc/jjtree/ASTLHS|,|java+class:///org/javacc/jjtree/JJTreeNode|>,|project://javacc-5.0/src/org/javacc/jjtree/ASTLHS.java|(1707,10,<33,4>,<33,14>)>,
  <<|java+class:///org/javacc/jjtree/ASTJavacode|,|java+class:///org/javacc/jjtree/ASTProduction|>,|project://javacc-5.0/src/org/javacc/jjtree/ASTJavacode.java|(1720,10,<33,4>,<33,14>)>,
  <<|java+class:///org/javacc/jjtree/ASTJavacodeBody|,|java+class:///org/javacc/jjtree/JJTreeNode|>,|project://javacc-5.0/src/org/javacc/jjtree/ASTJavacodeBody.java|(1725,10,<33,4>,<33,14>)>,
  <<|java+class:///org/javacc/jjtree/ASTNodeDescriptor|,|java+class:///org/javacc/jjtree/JJTreeNode|>,|project://javacc-5.0/src/org/javacc/jjtree/ASTNodeDescriptor.java|(1833,10,<37,4>,<37,14>)>,
  <<|java+class:///org/javacc/jjtree/ASTBNF|,|java+class:///org/javacc/jjtree/ASTProduction|>,|project://javacc-5.0/src/org/javacc/jjtree/ASTBNF.java|(1711,10,<35,4>,<35,14>)>,
  <<|java+class:///org/javacc/jjtree/ASTExpansionNodeScope|,|java+class:///org/javacc/jjtree/JJTreeNode|>,|project://javacc-5.0/src/org/javacc/jjtree/ASTExpansionNodeScope.java|(1737,10,<34,4>,<34,14>)>,
  <<|java+class:///org/javacc/JavaCCTestCase|,|java+class:///junit/framework/TestCase|>,|project://javacc-5.0/src/org/javacc/JavaCCTestCase.java|(401,12,<28,4>,<28,16>)>,
  <<|java+class:///org/javacc/JavaCCTestCase|,|java+class:///junit/framework/TestCase|>,|project://javacc-5.0/src/org/javacc/JavaCCTestCase.java|(301,8,<21,4>,<21,12>)>,
  <<|java+class:///org/javacc/jjtree/Token/GTToken|,|java+class:///org/javacc/jjtree/Token|>,|project://javacc-5.0/src/org/javacc/jjtree/Token.java|(4081,19,<138,6>,<138,25>)>,
  <<|java+class:///org/javacc/parser/Token/GTToken|,|java+class:///org/javacc/parser/Token|>,|project://javacc-5.0/src/org/javacc/parser/Token.java|(4081,19,<138,6>,<138,25>)>,
  <<|java+class:///org/javacc/parser/test/NfaStateTest|,|java+class:///org/javacc/JavaCCTestCase|>,|project://javacc-5.0/src/org/javacc/parser/test/NfaStateTest.java|(677,12,<30,4>,<30,16>)>,
  <<|java+class:///org/javacc/jjtree/ASTOptions|,|java+class:///org/javacc/jjtree/JJTreeNode|>,|project://javacc-5.0/src/org/javacc/jjtree/ASTOptions.java|(1715,10,<33,4>,<33,14>)>,
  <<|java+class:///org/javacc/jjtree/ASTBNFNodeScope|,|java+class:///org/javacc/jjtree/JJTreeNode|>,|project://javacc-5.0/src/org/javacc/jjtree/ASTBNFNodeScope.java|(1725,10,<34,4>,<34,14>)>,
  <<|java+class:///org/javacc/jjtree/ASTProduction|,|java+class:///org/javacc/jjtree/JJTreeNode|>,|project://javacc-5.0/src/org/javacc/jjtree/ASTProduction.java|(1775,10,<37,4>,<37,14>)>,
  <<|java+class:///org/javacc/jjtree/JJTreeNode|,|java+class:///org/javacc/jjtree/SimpleNode|>,|project://javacc-5.0/src/org/javacc/jjtree/JJTreeNode.java|(1748,10,<35,4>,<35,14>)>,
  <<|java+class:///org/javacc/jjdoc/HTMLGenerator|,|java+class:///org/javacc/jjdoc/TextGenerator|>,|project://javacc-5.0/src/org/javacc/jjdoc/HTMLGenerator.java|(2134,8,<48,4>,<48,12>)>,
  <<|java+class:///org/javacc/jjtree/JJTreeOptions|,|java+class:///org/javacc/parser/Options|>,|project://javacc-5.0/src/org/javacc/jjtree/JJTreeOptions.java|(1999,8,<47,8>,<47,16>)>,
  <<|java+class:///org/javacc/jjtree/ASTCompilationUnit|,|java+class:///org/javacc/jjtree/JJTreeNode|>,|project://javacc-5.0/src/org/javacc/jjtree/ASTCompilationUnit.java|(1731,10,<33,4>,<33,14>)>,
  <<|java+class:///org/javacc/jjtree/ASTGrammar|,|java+class:///org/javacc/jjtree/JJTreeNode|>,|project://javacc-5.0/src/org/javacc/jjtree/ASTGrammar.java|(1779,10,<38,4>,<38,14>)>,
  <<|java+class:///org/javacc/jjtree/ASTBNFDeclaration|,|java+class:///org/javacc/jjtree/JJTreeNode|>,|project://javacc-5.0/src/org/javacc/jjtree/ASTBNFDeclaration.java|(1729,10,<33,4>,<33,14>)>,
  <<|java+class:///org/javacc/parser/OutputFile/TrapClosePrintWriter|,|java+class:///java/io/PrintWriter|>,|project://javacc-5.0/src/org/javacc/parser/OutputFile.java|(10246,10,<315,6>,<315,16>)>,
  <<|java+class:///org/javacc/jjtree/ASTBNFAction|,|java+class:///org/javacc/jjtree/JJTreeNode|>,|project://javacc-5.0/src/org/javacc/jjtree/ASTBNFAction.java|(1720,10,<34,4>,<34,14>)>,
  <<|java+class:///org/javacc/jjtree/ASTOptionBinding|,|java+class:///org/javacc/jjtree/JJTreeNode|>,|project://javacc-5.0/src/org/javacc/jjtree/ASTOptionBinding.java|(1727,10,<33,4>,<33,14>)>,
  <<|java+class:///org/javacc/jjtree/JJTreeIOException|,|java+class:///java/io/IOException|>,|project://javacc-5.0/src/org/javacc/jjtree/JJTreeIOException.java|(1820,14,<37,4>,<37,18>)>,
  <<|java+class:///org/javacc/jjtree/ASTNodeDescriptorExpression|,|java+class:///org/javacc/jjtree/JJTreeNode|>,|project://javacc-5.0/src/org/javacc/jjtree/ASTNodeDescriptorExpression.java|(1749,10,<33,4>,<33,14>)>,
  <<|java+class:///org/javacc/jjdoc/test/JJDocMainTest|,|java+class:///org/javacc/JavaCCTestCase|>,|project://javacc-5.0/src/org/javacc/jjdoc/test/JJDocMainTest.java|(1877,12,<46,4>,<46,16>)>,
  <<|java+class:///org/javacc/jjdoc/JJDocOptions|,|java+class:///org/javacc/parser/Options|>,|project://javacc-5.0/src/org/javacc/jjdoc/JJDocOptions.java|(1945,8,<44,8>,<44,16>)>
]