{
  <<|java+class:///org/javacc/parser/OneOrMore|,|java+class:///org/javacc/parser/Expansion|>,<|java+method:///org/javacc/parser/Expansion/toString()|,|project://javacc-5.0/src/org/javacc/parser/Expansion.java|(4179,29,<113,55>,<113,84>)>>,
  <<|java+class:///org/javacc/parser/BNFProduction|,|java+class:///org/javacc/parser/NormalProduction|>,<|java+method:///org/javacc/parser/NormalProduction/dump(int,java.util.Set)|,|project://javacc-5.0/src/org/javacc/parser/NormalProduction.java|(4516,23,<133,6>,<133,29>)>>,
  <<|java+class:///org/javacc/parser/RZeroOrOne|,|java+class:///org/javacc/parser/Expansion|>,<|java+method:///org/javacc/parser/Expansion/toString()|,|project://javacc-5.0/src/org/javacc/parser/Expansion.java|(4179,29,<113,55>,<113,84>)>>,
  <<|java+class:///org/javacc/parser/JavaCodeProduction|,|java+class:///org/javacc/parser/NormalProduction|>,<|java+method:///org/javacc/parser/NormalProduction/dump(int,java.util.Set)|,|project://javacc-5.0/src/org/javacc/parser/NormalProduction.java|(4368,29,<130,48>,<130,77>)>>,
  <<|java+class:///org/javacc/parser/RZeroOrOne|,|java+class:///org/javacc/parser/RegularExpression|>,<|java+method:///org/javacc/parser/RegularExpression/dump(int,java.util.Set)|,|project://javacc-5.0/src/org/javacc/parser/RegularExpression.java|(3605,23,<98,4>,<98,27>)>>,
  <<|java+class:///org/javacc/parser/REndOfFile|,|java+class:///org/javacc/parser/Expansion|>,<|java+method:///org/javacc/parser/Expansion/toString()|,|project://javacc-5.0/src/org/javacc/parser/Expansion.java|(4179,29,<113,55>,<113,84>)>>,
  <<|java+class:///org/javacc/parser/REndOfFile|,|java+class:///org/javacc/parser/RegularExpression|>,<|java+method:///org/javacc/parser/RegularExpression/dump(int,java.util.Set)|,|project://javacc-5.0/src/org/javacc/parser/RegularExpression.java|(3605,23,<98,4>,<98,27>)>>,
  <<|java+class:///org/javacc/parser/JavaCodeProduction|,|java+class:///org/javacc/parser/NormalProduction|>,<|java+method:///org/javacc/parser/NormalProduction/dump(int,java.util.Set)|,|project://javacc-5.0/src/org/javacc/parser/NormalProduction.java|(4474,28,<131,9>,<131,37>)>>,
  <<|java+class:///org/javacc/jjtree/ASTExpansionNodeScope|,|java+class:///org/javacc/jjtree/JJTreeNode|>,<|java+method:///org/javacc/jjtree/JJTreeNode/print(org.javacc.jjtree.Token,org.javacc.jjtree.IO)|,|project://javacc-5.0/src/org/javacc/jjtree/JJTreeNode.java|(4813,37,<157,18>,<157,55>)>>,
  <<|java+class:///org/javacc/parser/RZeroOrMore|,|java+class:///org/javacc/parser/RegularExpression|>,<|java+method:///org/javacc/parser/RegularExpression/dump(int,java.util.Set)|,|project://javacc-5.0/src/org/javacc/parser/RegularExpression.java|(3605,23,<98,4>,<98,27>)>>,
  <<|java+class:///org/javacc/parser/RJustName|,|java+class:///org/javacc/parser/RegularExpression|>,<|java+method:///org/javacc/parser/RegularExpression/dump(int,java.util.Set)|,|project://javacc-5.0/src/org/javacc/parser/RegularExpression.java|(3605,23,<98,4>,<98,27>)>>,
  <<|java+class:///org/javacc/parser/ROneOrMore|,|java+class:///org/javacc/parser/Expansion|>,<|java+method:///org/javacc/parser/Expansion/toString()|,|project://javacc-5.0/src/org/javacc/parser/Expansion.java|(4179,29,<113,55>,<113,84>)>>,
  <<|java+class:///org/javacc/parser/ROneOrMore|,|java+class:///org/javacc/parser/RegularExpression|>,<|java+method:///org/javacc/parser/RegularExpression/dump(int,java.util.Set)|,|project://javacc-5.0/src/org/javacc/parser/RegularExpression.java|(3605,23,<98,4>,<98,27>)>>,
  <<|java+class:///org/javacc/parser/NonTerminal|,|java+class:///org/javacc/parser/Expansion|>,<|java+method:///org/javacc/parser/Expansion/toString()|,|project://javacc-5.0/src/org/javacc/parser/Expansion.java|(4179,29,<113,55>,<113,84>)>>,
  <<|java+class:///org/javacc/parser/RJustName|,|java+class:///org/javacc/parser/Expansion|>,<|java+method:///org/javacc/parser/Expansion/toString()|,|project://javacc-5.0/src/org/javacc/parser/Expansion.java|(4179,29,<113,55>,<113,84>)>>,
  <<|java+class:///org/javacc/jjtree/ASTBNFDeclaration|,|java+class:///org/javacc/jjtree/JJTreeNode|>,<|java+method:///org/javacc/jjtree/JJTreeNode/print(org.javacc.jjtree.Token,org.javacc.jjtree.IO)|,|project://javacc-5.0/src/org/javacc/jjtree/JJTreeNode.java|(4813,37,<157,18>,<157,55>)>>,
  <<|java+class:///org/javacc/jjtree/ASTGrammar|,|java+class:///org/javacc/jjtree/JJTreeNode|>,<|java+method:///org/javacc/jjtree/JJTreeNode/print(org.javacc.jjtree.Token,org.javacc.jjtree.IO)|,|project://javacc-5.0/src/org/javacc/jjtree/JJTreeNode.java|(4813,37,<157,18>,<157,55>)>>,
  <<|java+class:///org/javacc/jjtree/ASTCompilationUnit|,|java+class:///org/javacc/jjtree/JJTreeNode|>,<|java+method:///org/javacc/jjtree/JJTreeNode/print(org.javacc.jjtree.Token,org.javacc.jjtree.IO)|,|project://javacc-5.0/src/org/javacc/jjtree/JJTreeNode.java|(4813,37,<157,18>,<157,55>)>>,
  <<|java+class:///org/javacc/parser/TryBlock|,|java+class:///org/javacc/parser/Expansion|>,<|java+method:///org/javacc/parser/Expansion/toString()|,|project://javacc-5.0/src/org/javacc/parser/Expansion.java|(4179,29,<113,55>,<113,84>)>>,
  <<|java+class:///org/javacc/parser/BNFProduction|,|java+class:///org/javacc/parser/NormalProduction|>,<|java+method:///org/javacc/parser/NormalProduction/dump(int,java.util.Set)|,|project://javacc-5.0/src/org/javacc/parser/NormalProduction.java|(4474,28,<131,9>,<131,37>)>>,
  <<|java+class:///org/javacc/jjtree/ASTBNFAction|,|java+class:///org/javacc/jjtree/JJTreeNode|>,<|java+method:///org/javacc/jjtree/JJTreeNode/print(org.javacc.jjtree.Token,org.javacc.jjtree.IO)|,|project://javacc-5.0/src/org/javacc/jjtree/JJTreeNode.java|(4813,37,<157,18>,<157,55>)>>,
  <<|java+class:///org/javacc/jjtree/ASTOptionBinding|,|java+class:///org/javacc/jjtree/JJTreeNode|>,<|java+method:///org/javacc/jjtree/JJTreeNode/print(org.javacc.jjtree.Token,org.javacc.jjtree.IO)|,|project://javacc-5.0/src/org/javacc/jjtree/JJTreeNode.java|(4813,37,<157,18>,<157,55>)>>,
  <<|java+class:///org/javacc/jjtree/ASTNodeDescriptorExpression|,|java+class:///org/javacc/jjtree/JJTreeNode|>,<|java+method:///org/javacc/jjtree/JJTreeNode/print(org.javacc.jjtree.Token,org.javacc.jjtree.IO)|,|project://javacc-5.0/src/org/javacc/jjtree/JJTreeNode.java|(4813,37,<157,18>,<157,55>)>>,
  <<|java+class:///org/javacc/parser/Lookahead|,|java+class:///org/javacc/parser/Expansion|>,<|java+method:///org/javacc/parser/Expansion/toString()|,|project://javacc-5.0/src/org/javacc/parser/Expansion.java|(4179,29,<113,55>,<113,84>)>>,
  <<|java+class:///org/javacc/jjtree/ASTLHS|,|java+class:///org/javacc/jjtree/JJTreeNode|>,<|java+method:///org/javacc/jjtree/JJTreeNode/print(org.javacc.jjtree.Token,org.javacc.jjtree.IO)|,|project://javacc-5.0/src/org/javacc/jjtree/JJTreeNode.java|(4813,37,<157,18>,<157,55>)>>,
  <<|java+class:///org/javacc/jjtree/ASTJavacode|,|java+class:///org/javacc/jjtree/JJTreeNode|>,<|java+method:///org/javacc/jjtree/JJTreeNode/print(org.javacc.jjtree.Token,org.javacc.jjtree.IO)|,|project://javacc-5.0/src/org/javacc/jjtree/JJTreeNode.java|(4813,37,<157,18>,<157,55>)>>,
  <<|java+class:///org/javacc/jjtree/ASTBNF|,|java+class:///org/javacc/jjtree/JJTreeNode|>,<|java+method:///org/javacc/jjtree/JJTreeNode/print(org.javacc.jjtree.Token,org.javacc.jjtree.IO)|,|project://javacc-5.0/src/org/javacc/jjtree/JJTreeNode.java|(4813,37,<157,18>,<157,55>)>>,
  <<|java+class:///org/javacc/parser/Sequence|,|java+class:///org/javacc/parser/Expansion|>,<|java+method:///org/javacc/parser/Expansion/toString()|,|project://javacc-5.0/src/org/javacc/parser/Expansion.java|(4179,29,<113,55>,<113,84>)>>,
  <<|java+class:///org/javacc/parser/ZeroOrOne|,|java+class:///org/javacc/parser/Expansion|>,<|java+method:///org/javacc/parser/Expansion/toString()|,|project://javacc-5.0/src/org/javacc/parser/Expansion.java|(4179,29,<113,55>,<113,84>)>>,
  <<|java+class:///org/javacc/parser/Choice|,|java+class:///org/javacc/parser/Expansion|>,<|java+method:///org/javacc/parser/Expansion/toString()|,|project://javacc-5.0/src/org/javacc/parser/Expansion.java|(4179,29,<113,55>,<113,84>)>>,
  <<|java+class:///org/javacc/jjtree/ASTNodeDescriptor|,|java+class:///org/javacc/jjtree/JJTreeNode|>,<|java+method:///org/javacc/jjtree/JJTreeNode/print(org.javacc.jjtree.Token,org.javacc.jjtree.IO)|,|project://javacc-5.0/src/org/javacc/jjtree/JJTreeNode.java|(4813,37,<157,18>,<157,55>)>>,
  <<|java+class:///org/javacc/jjtree/ASTJavacodeBody|,|java+class:///org/javacc/jjtree/JJTreeNode|>,<|java+method:///org/javacc/jjtree/JJTreeNode/print(org.javacc.jjtree.Token,org.javacc.jjtree.IO)|,|project://javacc-5.0/src/org/javacc/jjtree/JJTreeNode.java|(4813,37,<157,18>,<157,55>)>>,
  <<|java+class:///org/javacc/parser/ZeroOrMore|,|java+class:///org/javacc/parser/Expansion|>,<|java+method:///org/javacc/parser/Expansion/toString()|,|project://javacc-5.0/src/org/javacc/parser/Expansion.java|(4179,29,<113,55>,<113,84>)>>,
  <<|java+class:///org/javacc/jjtree/ASTOptions|,|java+class:///org/javacc/jjtree/JJTreeNode|>,<|java+method:///org/javacc/jjtree/JJTreeNode/print(org.javacc.jjtree.Token,org.javacc.jjtree.IO)|,|project://javacc-5.0/src/org/javacc/jjtree/JJTreeNode.java|(4813,37,<157,18>,<157,55>)>>,
  <<|java+class:///org/javacc/parser/RCharacterList|,|java+class:///org/javacc/parser/Expansion|>,<|java+method:///org/javacc/parser/Expansion/toString()|,|project://javacc-5.0/src/org/javacc/parser/Expansion.java|(4179,29,<113,55>,<113,84>)>>,
  <<|java+class:///org/javacc/jjtree/ASTBNFNodeScope|,|java+class:///org/javacc/jjtree/JJTreeNode|>,<|java+method:///org/javacc/jjtree/JJTreeNode/print(org.javacc.jjtree.Token,org.javacc.jjtree.IO)|,|project://javacc-5.0/src/org/javacc/jjtree/JJTreeNode.java|(4813,37,<157,18>,<157,55>)>>,
  <<|java+class:///org/javacc/parser/JavaCodeProduction|,|java+class:///org/javacc/parser/NormalProduction|>,<|java+method:///org/javacc/parser/NormalProduction/dump(int,java.util.Set)|,|project://javacc-5.0/src/org/javacc/parser/NormalProduction.java|(4516,23,<133,6>,<133,29>)>>,
  <<|java+class:///org/javacc/parser/Action|,|java+class:///org/javacc/parser/Expansion|>,<|java+method:///org/javacc/parser/Expansion/toString()|,|project://javacc-5.0/src/org/javacc/parser/Expansion.java|(4179,29,<113,55>,<113,84>)>>,
  <<|java+class:///org/javacc/parser/RCharacterList|,|java+class:///org/javacc/parser/RegularExpression|>,<|java+method:///org/javacc/parser/RegularExpression/dump(int,java.util.Set)|,|project://javacc-5.0/src/org/javacc/parser/RegularExpression.java|(3605,23,<98,4>,<98,27>)>>,
  <<|java+class:///org/javacc/parser/RSequence|,|java+class:///org/javacc/parser/Expansion|>,<|java+method:///org/javacc/parser/Expansion/toString()|,|project://javacc-5.0/src/org/javacc/parser/Expansion.java|(4179,29,<113,55>,<113,84>)>>,
  <<|java+class:///org/javacc/parser/RRepetitionRange|,|java+class:///org/javacc/parser/RegularExpression|>,<|java+method:///org/javacc/parser/RegularExpression/dump(int,java.util.Set)|,|project://javacc-5.0/src/org/javacc/parser/RegularExpression.java|(3605,23,<98,4>,<98,27>)>>,
  <<|java+class:///org/javacc/parser/RChoice|,|java+class:///org/javacc/parser/Expansion|>,<|java+method:///org/javacc/parser/Expansion/toString()|,|project://javacc-5.0/src/org/javacc/parser/Expansion.java|(4179,29,<113,55>,<113,84>)>>,
  <<|java+class:///org/javacc/parser/RZeroOrMore|,|java+class:///org/javacc/parser/Expansion|>,<|java+method:///org/javacc/parser/Expansion/toString()|,|project://javacc-5.0/src/org/javacc/parser/Expansion.java|(4179,29,<113,55>,<113,84>)>>,
  <<|java+class:///org/javacc/jjtree/ASTProduction|,|java+class:///org/javacc/jjtree/JJTreeNode|>,<|java+method:///org/javacc/jjtree/JJTreeNode/print(org.javacc.jjtree.Token,org.javacc.jjtree.IO)|,|project://javacc-5.0/src/org/javacc/jjtree/JJTreeNode.java|(4813,37,<157,18>,<157,55>)>>,
  <<|java+class:///org/javacc/parser/RSequence|,|java+class:///org/javacc/parser/RegularExpression|>,<|java+method:///org/javacc/parser/RegularExpression/dump(int,java.util.Set)|,|project://javacc-5.0/src/org/javacc/parser/RegularExpression.java|(3605,23,<98,4>,<98,27>)>>,
  <<|java+class:///org/javacc/parser/RegularExpression|,|java+class:///org/javacc/parser/Expansion|>,<|java+method:///org/javacc/parser/Expansion/toString()|,|project://javacc-5.0/src/org/javacc/parser/Expansion.java|(4179,29,<113,55>,<113,84>)>>,
  <<|java+class:///org/javacc/parser/RChoice|,|java+class:///org/javacc/parser/RegularExpression|>,<|java+method:///org/javacc/parser/RegularExpression/dump(int,java.util.Set)|,|project://javacc-5.0/src/org/javacc/parser/RegularExpression.java|(3605,23,<98,4>,<98,27>)>>,
  <<|java+class:///org/javacc/parser/BNFProduction|,|java+class:///org/javacc/parser/NormalProduction|>,<|java+method:///org/javacc/parser/NormalProduction/dump(int,java.util.Set)|,|project://javacc-5.0/src/org/javacc/parser/NormalProduction.java|(4368,29,<130,48>,<130,77>)>>,
  <<|java+class:///org/javacc/parser/RRepetitionRange|,|java+class:///org/javacc/parser/Expansion|>,<|java+method:///org/javacc/parser/Expansion/toString()|,|project://javacc-5.0/src/org/javacc/parser/Expansion.java|(4179,29,<113,55>,<113,84>)>>
}